/out/sourcedata/freesurfer/sub-v1s12x0050120_ses-1/mri
/opt/freesurfer/bin/talairach_avi
--i orig_nu.mgz --xfm transforms/talairach.auto.xfm
talairach_avi 7.3.2
Linux dna063 5.14.0-427.37.1.el9_4.x86_64 #1 SMP PREEMPT_DYNAMIC Fri Sep 13 12:41:50 EDT 2024 x86_64 x86_64 x86_64 GNU/Linux
Sun Mar  8 12:45:58 CET 2026
mri_convert orig_nu.mgz talsrcimg.img 
reading from orig_nu.mgz...
TR=0.00, TE=0.00, TI=0.00, flip angle=0.00
i_ras = (-1, 0, 0)
j_ras = (0, 0, -1)
k_ras = (0, 1, 0)
writing to talsrcimg.img...
Analyze Output Matrix
-1.00000   0.00000   0.00000   128.53653;
 0.00000   0.00000   1.00000  -113.47215;
 0.00000  -1.00000   0.00000   104.82352;
 0.00000   0.00000   0.00000   1.00000;
--------------------
INFO: set hdr.hist.orient to -1
mpr2mni305 talsrcimg
Sun Mar  8 12:45:58 CET 2026
/opt/freesurfer/bin/mpr2mni305 talsrcimg
mpr2mni305 7.3.2
target=711-2C_as_mni_average_305

---------------------------------------------------------------------
analyzeto4dfp talsrcimg -O0 -y
---------------------------------------------------------------------

freesurfer ifh2hdr.c
Sun Mar  8 12:45:58 2026
Writing: talsrcimg.4dfp.hdr
freesurfer analyzeto4dfp.c
Reading: talsrcimg.hdr
header size 348 bytes
hdr.dime.datatype	offset=70	value=2
hdr.dime.bitpix		offset=72	value=8
hdr.hist.orient		offset=252	value=-1
dimensionality     4
dimensions       256       256       256         1
Reading: talsrcimg.img
Writing: talsrcimg.4dfp.img
Writing: talsrcimg.4dfp.ifh
ifh2hdr talsrcimg -r0to209
ori=2

---------------------------------------------------------------------
gauss_4dfp talsrcimg 1.1
---------------------------------------------------------------------

freesurfer gauss_4dfp.c
Reading: talsrcimg.4dfp.img
Writing: talsrcimg_g11.4dfp.img
image dimensions 256 256 256 padded to 288 288 288
processing volume 1freesurfer ifh2hdr.c
Sun Mar  8 12:46:00 2026
Writing: talsrcimg_g11.4dfp.hdr

Writing: talsrcimg_g11.4dfp.ifh
including: talsrcimg.4dfp.img.rec in talsrcimg_g11.4dfp.img.rec

---------------------------------------------------------------------
imgreg_4dfp /opt/freesurfer/average/711-2C_as_mni_average_305 none talsrcimg_g11 none talsrcimg_to_711-2C_as_mni_average_305_t4 4355
---------------------------------------------------------------------

freesurfer imgreg_4dfp.c
/opt/freesurfer/average/711-2C_as_mni_average_305.4dfp.img
       256       256       256         1
  1.000000  1.000000  1.000000
orientation T byte_order littleendian
Reading image: /opt/freesurfer/average/711-2C_as_mni_average_305.4dfp.img
dimensions:      256       256       256
mmppix:       1.0000   -1.0000   -1.0000
center:     128.0000 -129.0000 -129.0000
talsrcimg_g11.4dfp.img
       256       256       256         1
  1.000000  1.000000  1.000000
orientation T byte_order littleendian
Reading image: talsrcimg_g11.4dfp.img
dimensions:      256       256       256
mmppix:       1.0000   -1.0000   -1.0000
center:     128.0000 -129.0000 -129.0000
t4_read: open error in t4_sub.f l:  41 t4_file(1:l)talsrcimg_to_711-2C_as_mni_average_305_t4 
t4_read: transform initialized to I4
rotation matrix determinant  1.000000
image alignment mode   4355 decimal     1103 hex
   -7.5000  -45.0000  -45.0000 8365.5879   19.8516
    0.0000  -45.0000  -45.0000 8731.9678   19.8392
    7.5000  -45.0000  -45.0000 8307.6338   19.8145
   -7.5000  -37.5000  -45.0000 8947.8340   19.8537
    0.0000  -37.5000  -45.0000 9343.2734   19.8390
    7.5000  -37.5000  -45.0000 8885.5781   19.8208
   -7.5000  -30.0000  -45.0000 9854.6865   19.8556
    0.0000  -30.0000  -45.000010306.3604   19.8385
    7.5000  -30.0000  -45.0000 9781.1699   19.8246
   -7.5000  -22.5000  -45.000010707.9424   19.8464
    0.0000  -22.5000  -45.000011185.7285   19.8294
    7.5000  -22.5000  -45.000010585.9053   19.8153
   -7.5000  -15.0000  -45.000011427.9404   19.8392
    0.0000  -15.0000  -45.000011961.7695   19.8229
    7.5000  -15.0000  -45.000011300.2021   19.8036
   -7.5000   -7.5000  -45.000012099.4854   19.8406
    0.0000   -7.5000  -45.000012662.3711   19.8266
    7.5000   -7.5000  -45.000011955.5908   19.8012
   -7.5000    0.0000  -45.000012680.7305   19.8459
    0.0000    0.0000  -45.000013296.3496   19.8335
    7.5000    0.0000  -45.000012552.9912   19.8089
   -7.5000    7.5000  -45.000012280.3057   19.8537
    0.0000    7.5000  -45.000012858.5166   19.8390
    7.5000    7.5000  -45.000012141.8506   19.8208
   -7.5000   15.0000  -45.000011752.9658   19.8556
    0.0000   15.0000  -45.000012278.0488   19.8385
    7.5000   15.0000  -45.000011592.9326   19.8246
   -7.5000   22.5000  -45.000011207.9365   19.8436
    0.0000   22.5000  -45.000011722.2100   19.8267
    7.5000   22.5000  -45.000011042.5498   19.8126
   -7.5000   30.0000  -45.000010480.2725   19.5748
    0.0000   30.0000  -45.000010971.1230   19.5587
    7.5000   30.0000  -45.000010318.2217   19.5397
   -7.5000   37.5000  -45.0000 9976.0879   19.5762
    0.0000   37.5000  -45.000010456.9346   19.5624
    7.5000   37.5000  -45.0000 9841.7129   19.5373
   -7.5000   45.0000  -45.0000 9109.6426   19.0843
    0.0000   45.0000  -45.0000 9531.1670   19.0724
    7.5000   45.0000  -45.0000 8993.1182   19.0487
   -7.5000  -45.0000  -37.5000 8826.9678   19.8854
    0.0000  -45.0000  -37.5000 9218.9082   19.8754
    7.5000  -45.0000  -37.5000 8767.5742   19.8631
   -7.5000  -37.5000  -37.5000 9427.3750   19.8896
    0.0000  -37.5000  -37.5000 9850.1963   19.8718
    7.5000  -37.5000  -37.5000 9361.5303   19.8641
   -7.5000  -30.0000  -37.500010378.4189   19.8998
    0.0000  -30.0000  -37.500010838.6406   19.8780
    7.5000  -30.0000  -37.500010283.1680   19.8735
   -7.5000  -22.5000  -37.500011245.8096   19.8968
    0.0000  -22.5000  -37.500011748.0205   19.8792
    7.5000  -22.5000  -37.500011139.3330   19.8747
   -7.5000  -15.0000  -37.500012017.3369   19.8879
    0.0000  -15.0000  -37.500012560.8672   19.8767
    7.5000  -15.0000  -37.500011912.0000   19.8682
   -7.5000   -7.5000  -37.500012737.2012   19.8809
    0.0000   -7.5000  -37.500013322.2256   19.8736
    7.5000   -7.5000  -37.500012613.9248   19.8606
   -7.5000    0.0000  -37.500013344.0010   19.8797
    0.0000    0.0000  -37.500013995.2021   19.8697
    7.5000    0.0000  -37.500013210.0625   19.8575
   -7.5000    7.5000  -37.500012909.0596   19.8896
    0.0000    7.5000  -37.500013523.0518   19.8718
    7.5000    7.5000  -37.500012757.3574   19.8641
   -7.5000   15.0000  -37.500012298.1855   19.8998
    0.0000   15.0000  -37.500012873.8672   19.8780
    7.5000   15.0000  -37.500012136.6318   19.8735
   -7.5000   22.5000  -37.500011701.2461   19.8941
    0.0000   22.5000  -37.500012259.5889   19.8765
    7.5000   22.5000  -37.500011529.2510   19.8719
   -7.5000   30.0000  -37.500010942.5117   19.6229
    0.0000   30.0000  -37.500011463.5420   19.6118
    7.5000   30.0000  -37.500010779.6562   19.6034
   -7.5000   37.5000  -37.500010397.4902   19.6160
    0.0000   37.5000  -37.500010911.1719   19.6087
    7.5000   37.5000  -37.500010264.2285   19.5959
   -7.5000   45.0000  -37.5000 9475.8252   19.1167
    0.0000   45.0000  -37.5000 9948.5107   19.1072
    7.5000   45.0000  -37.5000 9361.4551   19.0954
   -7.5000  -45.0000  -30.0000 9449.4453   20.7369
    0.0000  -45.0000  -30.0000 9870.4238   20.7167
    7.5000  -45.0000  -30.0000 9378.8311   20.7039
   -7.5000  -37.5000  -30.000010092.0557   20.7356
    0.0000  -37.5000  -30.000010544.9170   20.7025
    7.5000  -37.5000  -30.000010010.6758   20.6937
   -7.5000  -30.0000  -30.000011073.0488   20.7478
    0.0000  -30.0000  -30.000011577.3672   20.7086
    7.5000  -30.0000  -30.000010984.8525   20.7020
   -7.5000  -22.5000  -30.000011999.0742   20.7537
    0.0000  -22.5000  -30.000012532.5254   20.7211
    7.5000  -22.5000  -30.000011884.4521   20.7133
   -7.5000  -15.0000  -30.000012811.8457   20.7505
    0.0000  -15.0000  -30.000013396.0498   20.7293
    7.5000  -15.0000  -30.000012696.4668   20.7175
   -7.5000   -7.5000  -30.000013587.5264   20.7399
    0.0000   -7.5000  -30.000014213.9043   20.7252
    7.5000   -7.5000  -30.000013448.8203   20.7105
   -7.5000    0.0000  -30.000014240.9512   20.7308
    0.0000    0.0000  -30.000014944.5840   20.7107
    7.5000    0.0000  -30.000014091.6543   20.6980
   -7.5000    7.5000  -30.000013772.0674   20.7356
    0.0000    7.5000  -30.000014451.3555   20.7025
    7.5000    7.5000  -30.000013616.3818   20.6937
   -7.5000   15.0000  -30.000013104.0791   20.7478
    0.0000   15.0000  -30.000013735.3115   20.7086
    7.5000   15.0000  -30.000012954.0732   20.7020
   -7.5000   22.5000  -30.000012412.6787   20.7487
    0.0000   22.5000  -30.000013020.5020   20.7161
    7.5000   22.5000  -30.000012252.6113   20.7083
   -7.5000   30.0000  -30.000011596.8105   20.4760
    0.0000   30.0000  -30.000012188.8838   20.4550
    7.5000   30.0000  -30.000011441.7178   20.4434
   -7.5000   37.5000  -30.000011033.7617   20.4654
    0.0000   37.5000  -30.000011593.5137   20.4510
    7.5000   37.5000  -30.000010900.9824   20.4364
   -7.5000   45.0000  -30.000010028.0303   19.9498
    0.0000   45.0000  -30.000010534.6885   19.9305
    7.5000   45.0000  -30.0000 9913.0508   19.9183
   -7.5000  -45.0000  -22.500010071.9971   21.4655
    0.0000  -45.0000  -22.500010527.4805   21.4297
    7.5000  -45.0000  -22.5000 9980.9082   21.4011
   -7.5000  -37.5000  -22.500010757.6533   21.4552
    0.0000  -37.5000  -22.500011253.0205   21.4080
    7.5000  -37.5000  -22.500010683.6367   21.3850
   -7.5000  -30.0000  -22.500011784.4326   21.4587
    0.0000  -30.0000  -22.500012336.4824   21.4062
    7.5000  -30.0000  -22.500011712.6436   21.3861
   -7.5000  -22.5000  -22.500012731.4248   21.4664
    0.0000  -22.5000  -22.500013317.5225   21.4188
    7.5000  -22.5000  -22.500012644.2119   21.3972
   -7.5000  -15.0000  -22.500013566.1689   21.4719
    0.0000  -15.0000  -22.500014183.1689   21.4337
    7.5000  -15.0000  -22.500013475.2139   21.4068
   -7.5000   -7.5000  -22.500014339.4033   21.4682
    0.0000   -7.5000  -22.500015035.8896   21.4367
    7.5000   -7.5000  -22.500014241.0762   21.4057
   -7.5000    0.0000  -22.500015055.1484   21.4590
    0.0000    0.0000  -22.500015842.7656   21.4235
    7.5000    0.0000  -22.500014938.2861   21.3950
   -7.5000    7.5000  -22.500014620.0723   21.4552
    0.0000    7.5000  -22.500015361.1221   21.4080
    7.5000    7.5000  -22.500014463.3242   21.3850
   -7.5000   15.0000  -22.500013925.8848   21.4587
    0.0000   15.0000  -22.500014630.6104   21.4062
    7.5000   15.0000  -22.500013767.9150   21.3861
   -7.5000   22.5000  -22.500013109.0117   21.4598
    0.0000   22.5000  -22.500013757.9971   21.4122
    7.5000   22.5000  -22.500012954.6924   21.3906
   -7.5000   30.0000  -22.500012226.6260   21.1910
    0.0000   30.0000  -22.500012854.3682   21.1534
    7.5000   30.0000  -22.500012099.3711   21.1268
   -7.5000   37.5000  -22.500011666.2090   21.1874
    0.0000   37.5000  -22.500012266.9443   21.1563
    7.5000   37.5000  -22.500011530.5059   21.1257
   -7.5000   45.0000  -22.500010592.0137   20.6662
    0.0000   45.0000  -22.500011134.1602   20.6319
    7.5000   45.0000  -22.500010468.3457   20.6045
   -7.5000  -45.0000  -15.000010612.2773   21.9685
    0.0000  -45.0000  -15.000011108.6406   21.9263
    7.5000  -45.0000  -15.000010546.8457   21.8821
   -7.5000  -37.5000  -15.000011365.4609   21.9550
    0.0000  -37.5000  -15.000011889.4619   21.9067
    7.5000  -37.5000  -15.000011290.5605   21.8687
   -7.5000  -30.0000  -15.000012480.1445   21.9488
    0.0000  -30.0000  -15.000013053.1670   21.8967
    7.5000  -30.0000  -15.000012409.3535   21.8621
   -7.5000  -22.5000  -15.000013443.4580   21.9497
    0.0000  -22.5000  -15.000014073.6123   21.8988
    7.5000  -22.5000  -15.000013358.1973   21.8634
   -7.5000  -15.0000  -15.000014266.1250   21.9578
    0.0000  -15.0000  -15.000014911.5830   21.9106
    7.5000  -15.0000  -15.000014199.1387   21.8699
   -7.5000   -7.5000  -15.000015047.6758   21.9639
    0.0000   -7.5000  -15.000015752.8467   21.9218
    7.5000   -7.5000  -15.000014963.7158   21.8759
   -7.5000    0.0000  -15.000015849.4258   21.9620
    0.0000    0.0000  -15.000016627.4219   21.9199
    7.5000    0.0000  -15.000015731.9434   21.8758
   -7.5000    7.5000  -15.000015430.2021   21.9550
    0.0000    7.5000  -15.000016187.0312   21.9067
    7.5000    7.5000  -15.000015282.6504   21.8687
   -7.5000   15.0000  -15.000014709.8740   21.9488
    0.0000   15.0000  -15.000015439.5986   21.8967
    7.5000   15.0000  -15.000014579.8037   21.8621
   -7.5000   22.5000  -15.000013821.8535   21.9420
    0.0000   22.5000  -15.000014494.2578   21.8911
    7.5000   22.5000  -15.000013677.5518   21.8556
   -7.5000   30.0000  -15.000012899.5352   21.6736
    0.0000   30.0000  -15.000013559.0742   21.6271
    7.5000   30.0000  -15.000012785.0059   21.5869
   -7.5000   37.5000  -15.000012316.3291   21.6796
    0.0000   37.5000  -15.000012942.6514   21.6381
    7.5000   37.5000  -15.000012202.8516   21.5928
   -7.5000   45.0000  -15.000011196.3369   21.1634
    0.0000   45.0000  -15.000011768.0215   21.1228
    7.5000   45.0000  -15.000011081.6465   21.0803
   -7.5000  -45.0000   -7.500011142.6631   22.1864
    0.0000  -45.0000   -7.500011662.1270   22.1563
    7.5000  -45.0000   -7.500011081.2686   22.1139
   -7.5000  -37.5000   -7.500011954.1338   22.1796
    0.0000  -37.5000   -7.500012492.2842   22.1473
    7.5000  -37.5000   -7.500011874.7617   22.1118
   -7.5000  -30.0000   -7.500013189.9385   22.1736
    0.0000  -30.0000   -7.500013787.2822   22.1383
    7.5000  -30.0000   -7.500013079.5596   22.1066
   -7.5000  -22.5000   -7.500014290.3125   22.1661
    0.0000  -22.5000   -7.500014967.7656   22.1294
    7.5000  -22.5000   -7.500014159.7344   22.0971
   -7.5000  -15.0000   -7.500015147.6270   22.1671
    0.0000  -15.0000   -7.500015832.5322   22.1303
    7.5000  -15.0000   -7.500015065.2070   22.0924
   -7.5000   -7.5000   -7.500015885.9414   22.1750
    0.0000   -7.5000   -7.500016572.6777   22.1417
    7.5000   -7.5000   -7.500015801.7949   22.0978
   -7.5000    0.0000   -7.500016715.5781   22.1799
    0.0000    0.0000   -7.500017476.8164   22.1499
    7.5000    0.0000   -7.500016619.0078   22.1076
   -7.5000    7.5000   -7.500016272.5186   22.1796
    0.0000    7.5000   -7.500017024.4043   22.1473
    7.5000    7.5000   -7.500016172.8643   22.1118
   -7.5000   15.0000   -7.500015561.6426   22.1736
    0.0000   15.0000   -7.500016297.6826   22.1383
    7.5000   15.0000   -7.500015458.6523   22.1066
   -7.5000   22.5000   -7.500014629.9639   22.1559
    0.0000   22.5000   -7.500015334.6377   22.1192
    7.5000   22.5000   -7.500014520.1357   22.0869
   -7.5000   30.0000   -7.500013678.4121   21.8796
    0.0000   30.0000   -7.500014349.8682   21.8433
    7.5000   30.0000   -7.500013547.2021   21.8059
   -7.5000   37.5000   -7.500013092.8281   21.8874
    0.0000   37.5000   -7.500013737.1377   21.8546
    7.5000   37.5000   -7.500012921.3018   21.8112
   -7.5000   45.0000   -7.500011913.5498   21.3774
    0.0000   45.0000   -7.500012500.7637   21.3484
    7.5000   45.0000   -7.500011745.0850   21.3076
   -7.5000  -45.0000    0.000011582.2676   22.2044
    0.0000  -45.0000    0.000012114.3516   22.1906
    7.5000  -45.0000    0.000011506.8369   22.1633
   -7.5000  -37.5000    0.000012420.3936   22.2067
    0.0000  -37.5000    0.000012986.4229   22.1903
    7.5000  -37.5000    0.000012328.6250   22.1702
   -7.5000  -30.0000    0.000013716.0000   22.2088
    0.0000  -30.0000    0.000014372.5840   22.1898
    7.5000  -30.0000    0.000013595.0488   22.1746
   -7.5000  -22.5000    0.000015007.8350   22.1986
    0.0000  -22.5000    0.000015761.6367   22.1797
    7.5000  -22.5000    0.000014827.9268   22.1642
   -7.5000  -15.0000    0.000016053.8691   22.1907
    0.0000  -15.0000    0.000016804.6328   22.1725
    7.5000  -15.0000    0.000015941.1494   22.1511
   -7.5000   -7.5000    0.000016804.3281   22.1923
    0.0000   -7.5000    0.000017400.3828   22.1766
    7.5000   -7.5000    0.000016750.6055   22.1484
   -7.5000    0.0000    0.000017535.4414   22.1981
    0.0000    0.0000    0.000018147.9512   22.1843
    7.5000    0.0000    0.000017548.4414   22.1571
   -7.5000    7.5000    0.000017010.2363   22.2067
    0.0000    7.5000    0.000017683.1953   22.1903
    7.5000    7.5000    0.000017012.9141   22.1702
   -7.5000   15.0000    0.000016312.8574   22.2088
    0.0000   15.0000    0.000017044.6836   22.1898
    7.5000   15.0000    0.000016249.9170   22.1746
   -7.5000   22.5000    0.000015362.2275   22.1884
    0.0000   22.5000    0.000016089.6162   22.1695
    7.5000   22.5000    0.000015221.3174   22.1540
   -7.5000   30.0000    0.000014341.3779   21.9035
    0.0000   30.0000    0.000014983.8389   21.8856
    7.5000   30.0000    0.000014107.5586   21.8645
   -7.5000   37.5000    0.000013703.8311   21.9051
    0.0000   37.5000    0.000014313.6475   21.8896
    7.5000   37.5000    0.000013430.9336   21.8617
   -7.5000   45.0000    0.000012422.2051   21.3965
    0.0000   45.0000    0.000012999.6055   21.3832
    7.5000   45.0000    0.000012163.3730   21.3569
   -7.5000  -45.0000    7.500011111.3262   22.2522
    0.0000  -45.0000    7.500011629.6943   22.2410
    7.5000  -45.0000    7.500011054.0967   22.2272
   -7.5000  -37.5000    7.500011935.6738   22.2569
    0.0000  -37.5000    7.500012433.9951   22.2370
    7.5000  -37.5000    7.500011839.6191   22.2284
   -7.5000  -30.0000    7.500013168.0977   22.2683
    0.0000  -30.0000    7.500013732.8945   22.2439
    7.5000  -30.0000    7.500013050.1348   22.2390
   -7.5000  -22.5000    7.500014413.4688   22.2650
    0.0000  -22.5000    7.500015123.3926   22.2453
    7.5000  -22.5000    7.500014238.9160   22.2402
   -7.5000  -15.0000    7.500015484.3154   22.2550
    0.0000  -15.0000    7.500016195.0371   22.2425
    7.5000  -15.0000    7.500015321.6748   22.2330
   -7.5000   -7.5000    7.500016220.5381   22.2472
    0.0000   -7.5000    7.500016834.4082   22.2390
    7.5000   -7.5000    7.500016110.2627   22.2244
   -7.5000    0.0000    7.500016940.7559   22.2458
    0.0000    0.0000    7.500017589.1719   22.2347
    7.5000    0.0000    7.500016847.2344   22.2210
   -7.5000    7.5000    7.500016425.7891   22.2569
    0.0000    7.5000    7.500017120.2715   22.2370
    7.5000    7.5000    7.500016326.6318   22.2284
   -7.5000   15.0000    7.500015749.4141   22.2683
    0.0000   15.0000    7.500016494.9160   22.2439
    7.5000   15.0000    7.500015605.2383   22.2390
   -7.5000   22.5000    7.500014798.0908   22.2547
    0.0000   22.5000    7.500015505.5547   22.2350
    7.5000   22.5000    7.500014628.3916   22.2300
   -7.5000   30.0000    7.500013762.0479   21.9670
    0.0000   30.0000    7.500014348.4482   21.9546
    7.5000   30.0000    7.500013544.0791   21.9453
   -7.5000   37.5000    7.500013156.4990   21.9593
    0.0000   37.5000    7.500013679.3896   21.9512
    7.5000   37.5000    7.500012905.1396   21.9368
   -7.5000   45.0000    7.500011925.1914   21.4424
    0.0000   45.0000    7.500012406.5811   21.4317
    7.5000   45.0000    7.500011697.7959   21.4185
   -7.5000  -45.0000   15.000010509.6670   22.3348
    0.0000  -45.0000   15.000011004.2539   22.3129
    7.5000  -45.0000   15.000010464.9482   22.2992
   -7.5000  -37.5000   15.000011264.0205   22.3334
    0.0000  -37.5000   15.000011750.2344   22.2973
    7.5000  -37.5000   15.000011185.6211   22.2879
   -7.5000  -30.0000   15.000012455.5615   22.3465
    0.0000  -30.0000   15.000012993.4395   22.3037
    7.5000  -30.0000   15.000012324.8887   22.2967
   -7.5000  -22.5000   15.000013626.3320   22.3528
    0.0000  -22.5000   15.000014278.5801   22.3173
    7.5000  -22.5000   15.000013455.2383   22.3090
   -7.5000  -15.0000   15.000014571.2451   22.3495
    0.0000  -15.0000   15.000015198.5361   22.3264
    7.5000  -15.0000   15.000014429.3350   22.3139
   -7.5000   -7.5000   15.000015286.1719   22.3380
    0.0000   -7.5000   15.000015913.5615   22.3221
    7.5000   -7.5000   15.000015179.7617   22.3064
   -7.5000    0.0000   15.000016071.2646   22.3282
    0.0000    0.0000   15.000016767.9492   22.3064
    7.5000    0.0000   15.000015944.6338   22.2928
   -7.5000    7.5000   15.000015645.6738   22.3334
    0.0000    7.5000   15.000016366.5693   22.2973
    7.5000    7.5000   15.000015506.8779   22.2879
   -7.5000   15.0000   15.000014988.4658   22.3465
    0.0000   15.0000   15.000015701.6562   22.3037
    7.5000   15.0000   15.000014827.3535   22.2967
   -7.5000   22.5000   15.000014063.9561   22.3425
    0.0000   22.5000   15.000014724.1016   22.3070
    7.5000   22.5000   15.000013931.3916   22.2987
   -7.5000   30.0000   15.000013010.5410   22.0603
    0.0000   30.0000   15.000013586.5713   22.0374
    7.5000   30.0000   15.000012877.0264   22.0251
   -7.5000   37.5000   15.000012418.4453   22.0490
    0.0000   37.5000   15.000012919.0596   22.0332
    7.5000   37.5000   15.000012248.5498   22.0177
   -7.5000   45.0000   15.000011238.3574   21.5219
    0.0000   45.0000   15.000011683.3379   21.5009
    7.5000   45.0000   15.000011080.3984   21.4878
   -7.5000  -45.0000   22.5000 9812.9648   22.4579
    0.0000  -45.0000   22.500010262.7061   22.4200
    7.5000  -45.0000   22.5000 9746.1025   22.3903
   -7.5000  -37.5000   22.500010508.3760   22.4471
    0.0000  -37.5000   22.500010942.2725   22.3972
    7.5000  -37.5000   22.500010426.3984   22.3733
   -7.5000  -30.0000   22.500011621.0430   22.4509
    0.0000  -30.0000   22.500012125.2656   22.3952
    7.5000  -30.0000   22.500011497.7705   22.3743
   -7.5000  -22.5000   22.500012686.4590   22.4588
    0.0000  -22.5000   22.500013252.8770   22.4082
    7.5000  -22.5000   22.500012554.5547   22.3859
   -7.5000  -15.0000   22.500013527.5625   22.4645
    0.0000  -15.0000   22.500014056.0791   22.4239
    7.5000  -15.0000   22.500013437.3584   22.3961
   -7.5000   -7.5000   22.500014220.7295   22.4606
    0.0000   -7.5000   22.500014793.8428   22.4272
    7.5000   -7.5000   22.500014146.8789   22.3951
   -7.5000    0.0000   22.500014936.9854   22.4511
    0.0000    0.0000   22.500015565.6543   22.4134
    7.5000    0.0000   22.500014859.3438   22.3839
   -7.5000    7.5000   22.500014545.1504   22.4471
    0.0000    7.5000   22.500015155.8877   22.3972
    7.5000    7.5000   22.500014454.4199   22.3733
   -7.5000   15.0000   22.500013972.6152   22.4509
    0.0000   15.0000   22.500014569.4551   22.3952
    7.5000   15.0000   22.500013854.5850   22.3743
   -7.5000   22.5000   22.500013175.8584   22.4485
    0.0000   22.5000   22.500013727.1270   22.3979
    7.5000   22.5000   22.500013051.2568   22.3756
   -7.5000   30.0000   22.500012189.0352   22.1738
    0.0000   30.0000   22.500012663.9531   22.1337
    7.5000   30.0000   22.500012035.1445   22.1062
   -7.5000   37.5000   22.500011601.6982   22.1699
    0.0000   37.5000   22.500012041.1064   22.1369
    7.5000   37.5000   22.500011437.6836   22.1053
   -7.5000   45.0000   22.500010490.4688   21.6404
    0.0000   45.0000   22.500010901.4756   21.6040
    7.5000   45.0000   22.500010351.3643   21.5755
   -7.5000  -45.0000   30.0000 9080.8301   22.7963
    0.0000  -45.0000   30.0000 9472.9141   22.7512
    7.5000  -45.0000   30.0000 9028.2754   22.7044
   -7.5000  -37.5000   30.0000 9717.3545   22.7818
    0.0000  -37.5000   30.000010126.4600   22.7302
    7.5000  -37.5000   30.0000 9651.4580   22.6896
   -7.5000  -30.0000   30.000010735.4707   22.7757
    0.0000  -30.0000   30.000011231.8223   22.7199
    7.5000  -30.0000   30.000010654.6025   22.6829
   -7.5000  -22.5000   30.000011682.8086   22.7771
    0.0000  -22.5000   30.000012211.2373   22.7227
    7.5000  -22.5000   30.000011597.2334   22.6848
   -7.5000  -15.0000   30.000012455.2324   22.7858
    0.0000  -15.0000   30.000012943.6240   22.7354
    7.5000  -15.0000   30.000012381.7852   22.6922
   -7.5000   -7.5000   30.000013130.1104   22.7919
    0.0000   -7.5000   30.000013662.3291   22.7470
    7.5000   -7.5000   30.000013065.6895   22.6983
   -7.5000    0.0000   30.000013756.1045   22.7893
    0.0000    0.0000   30.000014319.2783   22.7444
    7.5000    0.0000   30.000013674.5938   22.6977
   -7.5000    7.5000   30.000013370.8740   22.7818
    0.0000    7.5000   30.000013889.7324   22.7302
    7.5000    7.5000   30.000013285.6484   22.6896
   -7.5000   15.0000   30.000012866.7803   22.7757
    0.0000   15.0000   30.000013382.0342   22.7199
    7.5000   15.0000   30.000012757.8291   22.6829
   -7.5000   22.5000   30.000012168.8027   22.7666
    0.0000   22.5000   30.000012657.3730   22.7122
    7.5000   22.5000   30.000012049.3828   22.6744
   -7.5000   30.0000   30.000011268.8291   22.4909
    0.0000   30.0000   30.000011695.5254   22.4412
    7.5000   30.0000   30.000011137.1533   22.3985
   -7.5000   37.5000   30.000010703.9492   22.4969
    0.0000   37.5000   30.000011091.7676   22.4526
    7.5000   37.5000   30.000010570.0264   22.4046
   -7.5000   45.0000   30.0000 9704.2471   21.9664
    0.0000   45.0000   30.000010065.3047   21.9231
    7.5000   45.0000   30.0000 9572.3223   21.8780
   -7.5000  -45.0000   37.5000 8695.4189   23.3125
    0.0000  -45.0000   37.5000 9079.2568   23.2803
    7.5000  -45.0000   37.5000 8658.3223   23.2352
   -7.5000  -37.5000   37.5000 9303.3359   23.3052
    0.0000  -37.5000   37.5000 9717.7734   23.2710
    7.5000  -37.5000   37.5000 9249.7441   23.2338
   -7.5000  -30.0000   37.500010266.4502   23.2990
    0.0000  -30.0000   37.500010762.9170   23.2611
    7.5000  -30.0000   37.500010205.4658   23.2280
   -7.5000  -22.5000   37.500011139.5908   23.2910
    0.0000  -22.5000   37.500011669.8145   23.2506
    7.5000  -22.5000   37.500011070.8438   23.2163
   -7.5000  -15.0000   37.500011884.1846   23.2918
    0.0000  -15.0000   37.500012406.3496   23.2508
    7.5000  -15.0000   37.500011814.9297   23.2099
   -7.5000   -7.5000   37.500012558.3438   23.3001
    0.0000   -7.5000   37.500013120.6104   23.2635
    7.5000   -7.5000   37.500012503.0430   23.2161
   -7.5000    0.0000   37.500013145.6875   23.3054
    0.0000    0.0000   37.500013730.3027   23.2733
    7.5000    0.0000   37.500013075.0479   23.2283
   -7.5000    7.5000   37.500012757.8174   23.3052
    0.0000    7.5000   37.500013300.7500   23.2710
    7.5000    7.5000   37.500012692.1611   23.2338
   -7.5000   15.0000   37.500012283.4189   23.2990
    0.0000   15.0000   37.500012800.8037   23.2611
    7.5000   15.0000   37.500012209.7236   23.2280
   -7.5000   22.5000   37.500011631.2305   23.2803
    0.0000   22.5000   37.500012126.7598   23.2399
    7.5000   22.5000   37.500011542.6240   23.2056
   -7.5000   30.0000   37.500010771.0156   22.9903
    0.0000   30.0000   37.500011211.2100   22.9499
    7.5000   30.0000   37.500010680.7686   22.9095
   -7.5000   37.5000   37.500010228.8789   22.9985
    0.0000   37.5000   37.500010617.1377   22.9625
    7.5000   37.5000   37.500010112.5000   22.9156
   -7.5000   45.0000   37.5000 9294.6104   22.4637
    0.0000   45.0000   37.5000 9652.7969   22.4328
    7.5000   45.0000   37.5000 9184.5078   22.3894
   -7.5000  -45.0000   45.0000 7967.1338   23.8742
    0.0000  -45.0000   45.0000 8314.4551   23.8565
    7.5000  -45.0000   45.0000 7923.6265   23.8263
   -7.5000  -37.5000   45.0000 8521.9277   23.8734
    0.0000  -37.5000   45.0000 8929.9893   23.8507
    7.5000  -37.5000   45.0000 8478.3857   23.8275
   -7.5000  -30.0000   45.0000 9400.0508   23.8756
    0.0000  -30.0000   45.0000 9869.3398   23.8498
    7.5000  -30.0000   45.0000 9355.1084   23.8304
   -7.5000  -22.5000   45.000010187.3076   23.8673
    0.0000  -22.5000   45.000010687.5107   23.8436
    7.5000  -22.5000   45.000010150.9688   23.8239
   -7.5000  -15.0000   45.000010886.6650   23.8616
    0.0000  -15.0000   45.000011397.9541   23.8408
    7.5000  -15.0000   45.000010840.6016   23.8156
   -7.5000   -7.5000   45.000011508.7041   23.8633
    0.0000   -7.5000   45.000012048.3008   23.8453
    7.5000   -7.5000   45.000011454.8301   23.8138
   -7.5000    0.0000   45.000012053.0254   23.8668
    0.0000    0.0000   45.000012602.0439   23.8492
    7.5000    0.0000   45.000011972.6934   23.8190
   -7.5000    7.5000   45.000011702.3887   23.8734
    0.0000    7.5000   45.000012226.5293   23.8507
    7.5000    7.5000   45.000011630.0215   23.8275
   -7.5000   15.0000   45.000011259.5713   23.8756
    0.0000   15.0000   45.000011767.1758   23.8498
    7.5000   15.0000   45.000011193.3896   23.8304
   -7.5000   22.5000   45.000010665.8691   23.8562
    0.0000   22.5000   45.000011138.6924   23.8326
    7.5000   22.5000   45.000010588.9102   23.8128
   -7.5000   30.0000   45.0000 9886.7344   23.5507
    0.0000   30.0000   45.000010309.0840   23.5302
    7.5000   30.0000   45.0000 9814.2451   23.5053
   -7.5000   37.5000   45.0000 9372.3682   23.5524
    0.0000   37.5000   45.0000 9761.2539   23.5347
    7.5000   37.5000   45.0000 9291.6211   23.5035
   -7.5000   45.0000   45.0000 8538.7852   23.0152
    0.0000   45.0000   45.0000 8888.2031   22.9983
    7.5000   45.0000   45.0000 8460.2422   22.9692

---------------------------------------------------------------------
imgreg_4dfp /opt/freesurfer/average/711-2C_as_mni_average_305 /opt/freesurfer/average/711-2B_as_mni_average_305_mask talsrcimg_g11 none talsrcimg_to_711-2C_as_mni_average_305_t4 4355
---------------------------------------------------------------------

freesurfer imgreg_4dfp.c
/opt/freesurfer/average/711-2C_as_mni_average_305.4dfp.img
       256       256       256         1
  1.000000  1.000000  1.000000
orientation T byte_order littleendian
Reading image: /opt/freesurfer/average/711-2C_as_mni_average_305.4dfp.img
dimensions:      256       256       256
mmppix:       1.0000   -1.0000   -1.0000
center:     128.0000 -129.0000 -129.0000
/opt/freesurfer/average/711-2B_as_mni_average_305_mask.4dfp.img
       256       256       256         1
  1.000000  1.000000  1.000000
orientation T byte_order littleendian
Reading mask: /opt/freesurfer/average/711-2B_as_mni_average_305_mask.4dfp.img (2306576 pixels)
talsrcimg_g11.4dfp.img
       256       256       256         1
  1.000000  1.000000  1.000000
orientation T byte_order littleendian
Reading image: talsrcimg_g11.4dfp.img
dimensions:      256       256       256
mmppix:       1.0000   -1.0000   -1.0000
center:     128.0000 -129.0000 -129.0000
rotation matrix determinant  1.000000
image alignment mode   4355 decimal     1103 hex
   -7.5000  -45.0000  -45.0000 2183.2698   22.0780
    0.0000  -45.0000  -45.0000 2190.5444   22.2376
    7.5000  -45.0000  -45.0000 2170.3655   22.4287
   -7.5000  -37.5000  -45.0000 2289.4434   20.0599
    0.0000  -37.5000  -45.0000 2297.3250   20.2044
    7.5000  -37.5000  -45.0000 2277.9163   20.3716
   -7.5000  -30.0000  -45.0000 2377.3252   18.6085
    0.0000  -30.0000  -45.0000 2388.5178   18.7344
    7.5000  -30.0000  -45.0000 2363.5818   18.8363
   -7.5000  -22.5000  -45.0000 2435.4390   17.6372
    0.0000  -22.5000  -45.0000 2444.1128   17.7171
    7.5000  -22.5000  -45.0000 2417.7473   17.8256
   -7.5000  -15.0000  -45.0000 2469.0361   17.0619
    0.0000  -15.0000  -45.0000 2478.7041   17.1226
    7.5000  -15.0000  -45.0000 2451.5774   17.2569
   -7.5000   -7.5000  -45.0000 2479.2424   16.8340
    0.0000   -7.5000  -45.0000 2492.8220   16.8750
    7.5000   -7.5000  -45.0000 2457.7571   17.0161
   -7.5000    0.0000  -45.0000 2469.1355   16.8420
    0.0000    0.0000  -45.0000 2478.5498   16.9162
    7.5000    0.0000  -45.0000 2449.9944   17.0524
   -7.5000    7.5000  -45.0000 2440.9431   17.2449
    0.0000    7.5000  -45.0000 2448.4846   17.2828
    7.5000    7.5000  -45.0000 2419.8472   17.4525
   -7.5000   15.0000  -45.0000 2383.2454   17.9531
    0.0000   15.0000  -45.0000 2390.5325   18.0040
    7.5000   15.0000  -45.0000 2364.5469   18.2069
   -7.5000   22.5000  -45.0000 2305.7544   19.0469
    0.0000   22.5000  -45.0000 2313.3333   19.0583
    7.5000   22.5000  -45.0000 2292.7859   19.3025
   -7.5000   30.0000  -45.0000 2211.0461   20.5217
    0.0000   30.0000  -45.0000 2217.2263   20.5393
    7.5000   30.0000  -45.0000 2196.6975   20.8123
   -7.5000   37.5000  -45.0000 2100.5801   22.6120
    0.0000   37.5000  -45.0000 2109.7842   22.5835
    7.5000   37.5000  -45.0000 2085.7568   22.8257
   -7.5000   45.0000  -45.0000 1980.3373   25.4197
    0.0000   45.0000  -45.0000 1988.5088   25.3510
    7.5000   45.0000  -45.0000 1968.2432   25.6235
   -7.5000  -45.0000  -37.5000 2246.3931   20.8736
    0.0000  -45.0000  -37.5000 2254.6431   21.0217
    7.5000  -45.0000  -37.5000 2235.4067   21.2155
   -7.5000  -37.5000  -37.5000 2356.2139   18.9042
    0.0000  -37.5000  -37.5000 2367.9211   19.0159
    7.5000  -37.5000  -37.5000 2343.6826   19.1963
   -7.5000  -30.0000  -37.5000 2452.1741   17.4663
    0.0000  -30.0000  -37.5000 2461.7759   17.5195
    7.5000  -30.0000  -37.5000 2433.9543   17.6933
   -7.5000  -22.5000  -37.5000 2518.7766   16.5336
    0.0000  -22.5000  -37.5000 2523.7629   16.5945
    7.5000  -22.5000  -37.5000 2494.4307   16.7074
   -7.5000  -15.0000  -37.5000 2558.2800   15.9758
    0.0000  -15.0000  -37.5000 2563.1829   16.0305
    7.5000  -15.0000  -37.5000 2538.4036   16.1322
   -7.5000   -7.5000  -37.5000 2578.0835   15.7349
    0.0000   -7.5000  -37.5000 2586.5474   15.7645
    7.5000   -7.5000  -37.5000 2557.3831   15.9064
   -7.5000    0.0000  -37.5000 2567.2820   15.7613
    0.0000    0.0000  -37.5000 2579.5383   15.8110
    7.5000    0.0000  -37.5000 2548.0479   15.9562
   -7.5000    7.5000  -37.5000 2540.1375   16.1496
    0.0000    7.5000  -37.5000 2545.3015   16.1569
    7.5000    7.5000  -37.5000 2515.0874   16.3271
   -7.5000   15.0000  -37.5000 2478.7756   16.8185
    0.0000   15.0000  -37.5000 2484.2056   16.8187
    7.5000   15.0000  -37.5000 2456.0710   17.0184
   -7.5000   22.5000  -37.5000 2394.6069   17.7720
    0.0000   22.5000  -37.5000 2403.7991   17.8002
    7.5000   22.5000  -37.5000 2378.0186   18.0006
   -7.5000   30.0000  -37.5000 2288.7070   19.1401
    0.0000   30.0000  -37.5000 2298.4890   19.1770
    7.5000   30.0000  -37.5000 2276.7373   19.3923
   -7.5000   37.5000  -37.5000 2168.8083   21.0417
    0.0000   37.5000  -37.5000 2179.7798   21.0225
    7.5000   37.5000  -37.5000 2158.0615   21.2549
   -7.5000   45.0000  -37.5000 2047.5757   23.5829
    0.0000   45.0000  -37.5000 2058.2720   23.5954
    7.5000   45.0000  -37.5000 2035.5247   23.8480
   -7.5000  -45.0000  -30.0000 2340.1104   20.4649
    0.0000  -45.0000  -30.0000 2345.3647   20.5811
    7.5000  -45.0000  -30.0000 2323.4983   20.8023
   -7.5000  -37.5000  -30.0000 2457.7100   18.4981
    0.0000  -37.5000  -30.0000 2465.1177   18.5749
    7.5000  -37.5000  -30.0000 2441.1943   18.7646
   -7.5000  -30.0000  -30.0000 2557.4290   17.0086
    0.0000  -30.0000  -30.0000 2566.7551   17.0344
    7.5000  -30.0000  -30.0000 2541.5088   17.2101
   -7.5000  -22.5000  -30.0000 2644.1982   16.0151
    0.0000  -22.5000  -30.0000 2645.0828   16.0309
    7.5000  -22.5000  -30.0000 2616.9915   16.1668
   -7.5000  -15.0000  -30.0000 2690.3000   15.4516
    0.0000  -15.0000  -30.0000 2695.9128   15.4664
    7.5000  -15.0000  -30.0000 2667.2014   15.5807
   -7.5000   -7.5000  -30.0000 2721.0132   15.2226
    0.0000   -7.5000  -30.0000 2726.6968   15.2349
    7.5000   -7.5000  -30.0000 2695.0825   15.3431
   -7.5000    0.0000  -30.0000 2717.5979   15.2691
    0.0000    0.0000  -30.0000 2727.0688   15.2941
    7.5000    0.0000  -30.0000 2692.9800   15.3889
   -7.5000    7.5000  -30.0000 2684.7339   15.6544
    0.0000    7.5000  -30.0000 2692.6523   15.6474
    7.5000    7.5000  -30.0000 2661.5437   15.7701
   -7.5000   15.0000  -30.0000 2620.8528   16.2841
    0.0000   15.0000  -30.0000 2627.5691   16.2594
    7.5000   15.0000  -30.0000 2598.8496   16.4361
   -7.5000   22.5000  -30.0000 2527.9778   17.2208
    0.0000   22.5000  -30.0000 2540.0049   17.2064
    7.5000   22.5000  -30.0000 2513.1841   17.4152
   -7.5000   30.0000  -30.0000 2414.0630   18.5389
    0.0000   30.0000  -30.0000 2429.1108   18.5325
    7.5000   30.0000  -30.0000 2405.3843   18.7549
   -7.5000   37.5000  -30.0000 2284.6143   20.3495
    0.0000   37.5000  -30.0000 2295.7991   20.3247
    7.5000   37.5000  -30.0000 2276.4275   20.5372
   -7.5000   45.0000  -30.0000 2147.9585   22.7752
    0.0000   45.0000  -30.0000 2158.9741   22.7658
    7.5000   45.0000  -30.0000 2140.2375   23.0239
   -7.5000  -45.0000  -22.5000 2399.4355   20.0118
    0.0000  -45.0000  -22.5000 2404.6846   20.0611
    7.5000  -45.0000  -22.5000 2379.2288   20.2896
   -7.5000  -37.5000  -22.5000 2525.4080   18.0127
    0.0000  -37.5000  -22.5000 2531.9355   18.0369
    7.5000  -37.5000  -22.5000 2504.2717   18.2445
   -7.5000  -30.0000  -22.5000 2631.6755   16.4830
    0.0000  -30.0000  -22.5000 2639.7534   16.4848
    7.5000  -30.0000  -22.5000 2612.0754   16.6894
   -7.5000  -22.5000  -22.5000 2730.4287   15.4486
    0.0000  -22.5000  -22.5000 2734.7058   15.4128
    7.5000  -22.5000  -22.5000 2706.2202   15.5889
   -7.5000  -15.0000  -22.5000 2790.3662   14.8394
    0.0000  -15.0000  -22.5000 2794.6392   14.7860
    7.5000  -15.0000  -22.5000 2762.7896   14.9269
   -7.5000   -7.5000  -22.5000 2824.4011   14.5661
    0.0000   -7.5000  -22.5000 2832.6091   14.5501
    7.5000   -7.5000  -22.5000 2799.9512   14.6451
   -7.5000    0.0000  -22.5000 2827.2300   14.6431
    0.0000    0.0000  -22.5000 2840.8516   14.6475
    7.5000    0.0000  -22.5000 2801.3149   14.6990
   -7.5000    7.5000  -22.5000 2799.2742   15.0539
    0.0000    7.5000  -22.5000 2810.3611   15.0335
    7.5000    7.5000  -22.5000 2774.7424   15.1032
   -7.5000   15.0000  -22.5000 2731.2000   15.6681
    0.0000   15.0000  -22.5000 2740.9082   15.6062
    7.5000   15.0000  -22.5000 2709.1917   15.7777
   -7.5000   22.5000  -22.5000 2633.4609   16.5723
    0.0000   22.5000  -22.5000 2643.2356   16.5173
    7.5000   22.5000  -22.5000 2615.8611   16.7228
   -7.5000   30.0000  -22.5000 2510.8210   17.8559
    0.0000   30.0000  -22.5000 2527.2124   17.8022
    7.5000   30.0000  -22.5000 2500.4207   18.0016
   -7.5000   37.5000  -22.5000 2374.9729   19.6185
    0.0000   37.5000  -22.5000 2387.0417   19.5520
    7.5000   37.5000  -22.5000 2367.2556   19.7343
   -7.5000   45.0000  -22.5000 2226.1350   22.0219
    0.0000   45.0000  -22.5000 2234.7046   21.9360
    7.5000   45.0000  -22.5000 2214.7913   22.1436
   -7.5000  -45.0000  -15.0000 2417.5139   19.5416
    0.0000  -45.0000  -15.0000 2426.4512   19.5537
    7.5000  -45.0000  -15.0000 2401.1650   19.7764
   -7.5000  -37.5000  -15.0000 2550.8721   17.5623
    0.0000  -37.5000  -15.0000 2560.5518   17.5489
    7.5000  -37.5000  -15.0000 2533.0142   17.7698
   -7.5000  -30.0000  -15.0000 2667.1133   16.0631
    0.0000  -30.0000  -15.0000 2674.9417   16.0266
    7.5000  -30.0000  -15.0000 2646.6765   16.2262
   -7.5000  -22.5000  -15.0000 2773.8911   14.9656
    0.0000  -22.5000  -15.0000 2780.5386   14.8995
    7.5000  -22.5000  -15.0000 2747.1204   15.0927
   -7.5000  -15.0000  -15.0000 2848.9380   14.2336
    0.0000  -15.0000  -15.0000 2856.2493   14.1334
    7.5000  -15.0000  -15.0000 2819.7405   14.3369
   -7.5000   -7.5000  -15.0000 2892.4636   13.9130
    0.0000   -7.5000  -15.0000 2900.6821   13.8524
    7.5000   -7.5000  -15.0000 2863.0872   13.9965
   -7.5000    0.0000  -15.0000 2899.9705   14.0254
    0.0000    0.0000  -15.0000 2914.1140   13.9571
    7.5000    0.0000  -15.0000 2872.3735   14.0555
   -7.5000    7.5000  -15.0000 2874.5232   14.4517
    0.0000    7.5000  -15.0000 2885.7200   14.3648
    7.5000    7.5000  -15.0000 2849.6418   14.4677
   -7.5000   15.0000  -15.0000 2803.9038   15.0675
    0.0000   15.0000  -15.0000 2811.3811   14.9846
    7.5000   15.0000  -15.0000 2782.3726   15.1369
   -7.5000   22.5000  -15.0000 2704.0442   15.9533
    0.0000   22.5000  -15.0000 2710.9456   15.8745
    7.5000   22.5000  -15.0000 2682.6023   16.0774
   -7.5000   30.0000  -15.0000 2578.5212   17.1844
    0.0000   30.0000  -15.0000 2593.9436   17.0887
    7.5000   30.0000  -15.0000 2562.5745   17.3328
   -7.5000   37.5000  -15.0000 2436.2300   18.9098
    0.0000   37.5000  -15.0000 2445.0720   18.8360
    7.5000   37.5000  -15.0000 2422.7061   19.0873
   -7.5000   45.0000  -15.0000 2279.1528   21.2214
    0.0000   45.0000  -15.0000 2285.1309   21.1770
    7.5000   45.0000  -15.0000 2262.6838   21.3942
   -7.5000  -45.0000   -7.5000 2419.7205   19.2711
    0.0000  -45.0000   -7.5000 2430.4680   19.1936
    7.5000  -45.0000   -7.5000 2405.4248   19.4909
   -7.5000  -37.5000   -7.5000 2553.6562   17.2843
    0.0000  -37.5000   -7.5000 2564.6282   17.2160
    7.5000  -37.5000   -7.5000 2539.8887   17.4692
   -7.5000  -30.0000   -7.5000 2679.8301   15.8066
    0.0000  -30.0000   -7.5000 2686.2495   15.6905
    7.5000  -30.0000   -7.5000 2661.1333   15.9544
   -7.5000  -22.5000   -7.5000 2798.3872   14.6845
    0.0000  -22.5000   -7.5000 2810.1047   14.5858
    7.5000  -22.5000   -7.5000 2774.1755   14.8018
   -7.5000  -15.0000   -7.5000 2890.7842   13.8541
    0.0000  -15.0000   -7.5000 2903.7527   13.7273
    7.5000  -15.0000   -7.5000 2859.7166   14.0092
   -7.5000   -7.5000   -7.5000 2941.0061   13.3933
    0.0000   -7.5000   -7.5000 2948.5000   13.2600
    7.5000   -7.5000   -7.5000 2909.1167   13.5484
   -7.5000    0.0000   -7.5000 2945.5593   13.5014
    0.0000    0.0000   -7.5000 2960.5347   13.3401
    7.5000    0.0000   -7.5000 2922.9343   13.5836
   -7.5000    7.5000   -7.5000 2915.1609   13.9246
    0.0000    7.5000   -7.5000 2930.1572   13.7828
    7.5000    7.5000   -7.5000 2896.0535   14.0194
   -7.5000   15.0000   -7.5000 2846.9968   14.5644
    0.0000   15.0000   -7.5000 2860.4700   14.4220
    7.5000   15.0000   -7.5000 2827.2021   14.6723
   -7.5000   22.5000   -7.5000 2746.6482   15.4587
    0.0000   22.5000   -7.5000 2756.2976   15.3186
    7.5000   22.5000   -7.5000 2727.9854   15.5886
   -7.5000   30.0000   -7.5000 2615.4221   16.6883
    0.0000   30.0000   -7.5000 2629.0605   16.5794
    7.5000   30.0000   -7.5000 2602.6726   16.8658
   -7.5000   37.5000   -7.5000 2470.5293   18.3834
    0.0000   37.5000   -7.5000 2483.8274   18.3175
    7.5000   37.5000   -7.5000 2458.7244   18.5904
   -7.5000   45.0000   -7.5000 2310.2166   20.6342
    0.0000   45.0000   -7.5000 2320.4822   20.6107
    7.5000   45.0000   -7.5000 2298.6436   20.8694
   -7.5000  -45.0000    0.0000 2410.2581   19.3129
    0.0000  -45.0000    0.0000 2418.8042   19.1751
    7.5000  -45.0000    0.0000 2399.2261   19.4742
   -7.5000  -37.5000    0.0000 2547.7805   17.2945
    0.0000  -37.5000    0.0000 2556.6382   17.1509
    7.5000  -37.5000    0.0000 2533.7610   17.4333
   -7.5000  -30.0000    0.0000 2675.7263   15.7654
    0.0000  -30.0000    0.0000 2685.8496   15.5939
    7.5000  -30.0000    0.0000 2658.2949   15.8898
   -7.5000  -22.5000    0.0000 2796.9136   14.6548
    0.0000  -22.5000    0.0000 2808.7939   14.4813
    7.5000  -22.5000    0.0000 2775.6995   14.7547
   -7.5000  -15.0000    0.0000 2899.4331   13.8334
    0.0000  -15.0000    0.0000 2914.2100   13.6562
    7.5000  -15.0000    0.0000 2875.2278   13.9583
   -7.5000   -7.5000    0.0000 2958.8975   13.2658
    0.0000   -7.5000    0.0000 2966.0786   13.0469
    7.5000   -7.5000    0.0000 2932.0422   13.4720
   -7.5000    0.0000    0.0000 2966.6670   13.2216
    0.0000    0.0000    0.0000 2982.7114   13.0001
    7.5000    0.0000    0.0000 2948.0249   13.4095
   -7.5000    7.5000    0.0000 2931.8574   13.5959
    0.0000    7.5000    0.0000 2954.8835   13.3695
    7.5000    7.5000    0.0000 2918.2939   13.7518
   -7.5000   15.0000    0.0000 2859.9473   14.2679
    0.0000   15.0000    0.0000 2880.1226   14.0596
    7.5000   15.0000    0.0000 2847.7029   14.3845
   -7.5000   22.5000    0.0000 2759.9717   15.2300
    0.0000   22.5000    0.0000 2774.1028   15.0991
    7.5000   22.5000    0.0000 2745.2920   15.3395
   -7.5000   30.0000    0.0000 2630.3633   16.4944
    0.0000   30.0000    0.0000 2643.1033   16.4037
    7.5000   30.0000    0.0000 2617.4797   16.6071
   -7.5000   37.5000    0.0000 2486.9836   18.1406
    0.0000   37.5000    0.0000 2501.6125   18.1028
    7.5000   37.5000    0.0000 2475.8711   18.2775
   -7.5000   45.0000    0.0000 2319.3408   20.3434
    0.0000   45.0000    0.0000 2335.0752   20.3455
    7.5000   45.0000    0.0000 2310.5317   20.5295
   -7.5000  -45.0000    7.5000 2389.7627   19.5165
    0.0000  -45.0000    7.5000 2399.5647   19.3096
    7.5000  -45.0000    7.5000 2381.6021   19.6264
   -7.5000  -37.5000    7.5000 2531.1489   17.4945
    0.0000  -37.5000    7.5000 2539.3782   17.2309
    7.5000  -37.5000    7.5000 2517.3542   17.5564
   -7.5000  -30.0000    7.5000 2656.4788   15.9412
    0.0000  -30.0000    7.5000 2664.4233   15.6734
    7.5000  -30.0000    7.5000 2643.2021   15.9995
   -7.5000  -22.5000    7.5000 2777.8728   14.8387
    0.0000  -22.5000    7.5000 2788.5427   14.5779
    7.5000  -22.5000    7.5000 2762.3630   14.9052
   -7.5000  -15.0000    7.5000 2882.1975   14.0351
    0.0000  -15.0000    7.5000 2898.9014   13.8228
    7.5000  -15.0000    7.5000 2861.8015   14.1340
   -7.5000   -7.5000    7.5000 2942.3503   13.4650
    0.0000   -7.5000    7.5000 2959.6367   13.2536
    7.5000   -7.5000    7.5000 2922.7434   13.6227
   -7.5000    0.0000    7.5000 2953.8521   13.3176
    0.0000    0.0000    7.5000 2976.2429   13.1099
    7.5000    0.0000    7.5000 2942.8496   13.4843
   -7.5000    7.5000    7.5000 2925.6379   13.5991
    0.0000    7.5000    7.5000 2947.9719   13.4248
    7.5000    7.5000    7.5000 2915.5337   13.7398
   -7.5000   15.0000    7.5000 2856.1736   14.2514
    0.0000   15.0000    7.5000 2879.6050   14.1047
    7.5000   15.0000    7.5000 2844.6265   14.3481
   -7.5000   22.5000    7.5000 2753.9546   15.2878
    0.0000   22.5000    7.5000 2770.3042   15.1651
    7.5000   22.5000    7.5000 2740.1643   15.3305
   -7.5000   30.0000    7.5000 2623.5703   16.5857
    0.0000   30.0000    7.5000 2636.5566   16.5021
    7.5000   30.0000    7.5000 2613.0291   16.6555
   -7.5000   37.5000    7.5000 2483.4719   18.2392
    0.0000   37.5000    7.5000 2497.5042   18.1697
    7.5000   37.5000    7.5000 2471.5466   18.3124
   -7.5000   45.0000    7.5000 2318.2585   20.3833
    0.0000   45.0000    7.5000 2331.3293   20.3706
    7.5000   45.0000    7.5000 2306.7383   20.5132
   -7.5000  -45.0000   15.0000 2360.2632   19.9464
    0.0000  -45.0000   15.0000 2372.9270   19.6611
    7.5000  -45.0000   15.0000 2352.1697   20.0267
   -7.5000  -37.5000   15.0000 2499.0264   17.8773
    0.0000  -37.5000   15.0000 2505.9338   17.6009
    7.5000  -37.5000   15.0000 2484.2100   17.9287
   -7.5000  -30.0000   15.0000 2627.1616   16.3386
    0.0000  -30.0000   15.0000 2632.6116   16.0571
    7.5000  -30.0000   15.0000 2608.2229   16.3732
   -7.5000  -22.5000   15.0000 2743.6594   15.2600
    0.0000  -22.5000   15.0000 2753.2666   14.9961
    7.5000  -22.5000   15.0000 2726.1279   15.2893
   -7.5000  -15.0000   15.0000 2840.4189   14.4483
    0.0000  -15.0000   15.0000 2860.8853   14.2255
    7.5000  -15.0000   15.0000 2821.5781   14.5304
   -7.5000   -7.5000   15.0000 2902.2693   13.8870
    0.0000   -7.5000   15.0000 2919.4180   13.6434
    7.5000   -7.5000   15.0000 2883.2029   14.0091
   -7.5000    0.0000   15.0000 2924.4597   13.7640
    0.0000    0.0000   15.0000 2942.7461   13.5776
    7.5000    0.0000   15.0000 2911.5730   13.8591
   -7.5000    7.5000   15.0000 2897.3174   14.0291
    0.0000    7.5000   15.0000 2918.5469   13.8946
    7.5000    7.5000   15.0000 2885.1963   14.1027
   -7.5000   15.0000   15.0000 2826.7292   14.6628
    0.0000   15.0000   15.0000 2848.8140   14.5293
    7.5000   15.0000   15.0000 2813.8977   14.7144
   -7.5000   22.5000   15.0000 2720.7886   15.6258
    0.0000   22.5000   15.0000 2741.1411   15.5084
    7.5000   22.5000   15.0000 2713.1794   15.6687
   -7.5000   30.0000   15.0000 2594.2935   16.9370
    0.0000   30.0000   15.0000 2610.0947   16.8370
    7.5000   30.0000   15.0000 2592.1555   16.9951
   -7.5000   37.5000   15.0000 2457.9792   18.5521
    0.0000   37.5000   15.0000 2468.9067   18.5033
    7.5000   37.5000   15.0000 2450.0823   18.6507
   -7.5000   45.0000   15.0000 2292.1575   20.6694
    0.0000   45.0000   15.0000 2306.6970   20.6147
    7.5000   45.0000   15.0000 2285.6558   20.7728
   -7.5000  -45.0000   22.5000 2320.4031   20.6520
    0.0000  -45.0000   22.5000 2334.0752   20.3483
    7.5000  -45.0000   22.5000 2309.9993   20.6790
   -7.5000  -37.5000   22.5000 2455.0710   18.5472
    0.0000  -37.5000   22.5000 2464.7974   18.2554
    7.5000  -37.5000   22.5000 2439.7952   18.6061
   -7.5000  -30.0000   22.5000 2579.3254   17.0238
    0.0000  -30.0000   22.5000 2586.6125   16.7296
    7.5000  -30.0000   22.5000 2559.8203   17.0335
   -7.5000  -22.5000   22.5000 2696.6052   15.8933
    0.0000  -22.5000   22.5000 2703.9294   15.6392
    7.5000  -22.5000   22.5000 2676.4368   15.9204
   -7.5000  -15.0000   22.5000 2789.1726   15.0405
    0.0000  -15.0000   22.5000 2800.9404   14.7919
    7.5000  -15.0000   22.5000 2774.1067   15.1306
   -7.5000   -7.5000   22.5000 2845.8586   14.4801
    0.0000   -7.5000   22.5000 2857.5227   14.2494
    7.5000   -7.5000   22.5000 2833.2854   14.5980
   -7.5000    0.0000   22.5000 2864.6982   14.3777
    0.0000    0.0000   22.5000 2878.5405   14.2224
    7.5000    0.0000   22.5000 2856.4312   14.4797
   -7.5000    7.5000   22.5000 2837.3606   14.6785
    0.0000    7.5000   22.5000 2850.4897   14.5178
    7.5000    7.5000   22.5000 2826.8770   14.7357
   -7.5000   15.0000   22.5000 2770.5537   15.2693
    0.0000   15.0000   22.5000 2790.5769   15.1252
    7.5000   15.0000   22.5000 2761.4121   15.3069
   -7.5000   22.5000   22.5000 2675.4036   16.1901
    0.0000   22.5000   22.5000 2695.6680   16.0590
    7.5000   22.5000   22.5000 2666.5596   16.2261
   -7.5000   30.0000   22.5000 2554.6580   17.4769
    0.0000   30.0000   22.5000 2570.8137   17.3428
    7.5000   30.0000   22.5000 2549.0596   17.5180
   -7.5000   37.5000   22.5000 2416.4189   19.1167
    0.0000   37.5000   22.5000 2430.4482   19.0024
    7.5000   37.5000   22.5000 2414.6023   19.1557
   -7.5000   45.0000   22.5000 2256.0229   21.2473
    0.0000   45.0000   22.5000 2268.9912   21.1399
    7.5000   45.0000   22.5000 2252.0315   21.2814
   -7.5000  -45.0000   30.0000 2265.4502   21.6741
    0.0000  -45.0000   30.0000 2273.5940   21.3801
    7.5000  -45.0000   30.0000 2255.2847   21.6632
   -7.5000  -37.5000   30.0000 2398.4004   19.4968
    0.0000  -37.5000   30.0000 2408.1643   19.2406
    7.5000  -37.5000   30.0000 2386.0015   19.5016
   -7.5000  -30.0000   30.0000 2519.4448   17.8804
    0.0000  -30.0000   30.0000 2529.8616   17.6434
    7.5000  -30.0000   30.0000 2503.7922   17.8840
   -7.5000  -22.5000   30.0000 2632.8223   16.6660
    0.0000  -22.5000   30.0000 2645.9436   16.4652
    7.5000  -22.5000   30.0000 2620.8445   16.7013
   -7.5000  -15.0000   30.0000 2720.4702   15.7711
    0.0000  -15.0000   30.0000 2730.8596   15.5147
    7.5000  -15.0000   30.0000 2709.4458   15.8663
   -7.5000   -7.5000   30.0000 2771.8843   15.2502
    0.0000   -7.5000   30.0000 2781.6079   15.0682
    7.5000   -7.5000   30.0000 2763.2529   15.3414
   -7.5000    0.0000   30.0000 2783.1643   15.1582
    0.0000    0.0000   30.0000 2796.6499   14.9923
    7.5000    0.0000   30.0000 2774.0002   15.2225
   -7.5000    7.5000   30.0000 2754.1804   15.4264
    0.0000    7.5000   30.0000 2765.4431   15.2527
    7.5000    7.5000   30.0000 2748.8154   15.4789
   -7.5000   15.0000   30.0000 2691.8838   15.9850
    0.0000   15.0000   30.0000 2709.2839   15.8438
    7.5000   15.0000   30.0000 2682.9868   16.0242
   -7.5000   22.5000   30.0000 2606.1665   16.8905
    0.0000   22.5000   30.0000 2627.3164   16.7765
    7.5000   22.5000   30.0000 2597.8640   16.9420
   -7.5000   30.0000   30.0000 2496.4265   18.1527
    0.0000   30.0000   30.0000 2511.0513   18.0542
    7.5000   30.0000   30.0000 2485.9622   18.2179
   -7.5000   37.5000   30.0000 2361.2449   19.7796
    0.0000   37.5000   30.0000 2372.0310   19.6809
    7.5000   37.5000   30.0000 2361.4016   19.8719
   -7.5000   45.0000   30.0000 2207.9229   21.9149
    0.0000   45.0000   30.0000 2220.7358   21.8303
    7.5000   45.0000   30.0000 2201.8123   22.0163
   -7.5000  -45.0000   37.5000 2208.0632   22.9883
    0.0000  -45.0000   37.5000 2217.2275   22.7384
    7.5000  -45.0000   37.5000 2201.1929   22.9492
   -7.5000  -37.5000   37.5000 2335.1538   20.6388
    0.0000  -37.5000   37.5000 2348.8135   20.4635
    7.5000  -37.5000   37.5000 2327.1084   20.6520
   -7.5000  -30.0000   37.5000 2453.4924   18.9397
    0.0000  -30.0000   37.5000 2471.2534   18.7642
    7.5000  -30.0000   37.5000 2443.4346   18.9474
   -7.5000  -22.5000   37.5000 2559.7554   17.6669
    0.0000  -22.5000   37.5000 2580.7549   17.4955
    7.5000  -22.5000   37.5000 2550.5403   17.7120
   -7.5000  -15.0000   37.5000 2639.4512   16.7207
    0.0000  -15.0000   37.5000 2657.1133   16.5442
    7.5000  -15.0000   37.5000 2628.5049   16.8235
   -7.5000   -7.5000   37.5000 2687.1875   16.2192
    0.0000   -7.5000   37.5000 2707.3647   16.1024
    7.5000   -7.5000   37.5000 2684.6074   16.3070
   -7.5000    0.0000   37.5000 2694.5144   16.1035
    0.0000    0.0000   37.5000 2715.3232   15.9799
    7.5000    0.0000   37.5000 2693.7952   16.1507
   -7.5000    7.5000   37.5000 2662.5469   16.3121
    0.0000    7.5000   37.5000 2680.4666   16.1847
    7.5000    7.5000   37.5000 2664.5181   16.3656
   -7.5000   15.0000   37.5000 2609.2271   16.8529
    0.0000   15.0000   37.5000 2625.7168   16.7360
    7.5000   15.0000   37.5000 2605.7649   16.9197
   -7.5000   22.5000   37.5000 2529.2654   17.7461
    0.0000   22.5000   37.5000 2551.0149   17.6233
    7.5000   22.5000   37.5000 2523.2507   17.7852
   -7.5000   30.0000   37.5000 2426.1370   18.9644
    0.0000   30.0000   37.5000 2443.6736   18.8964
    7.5000   30.0000   37.5000 2419.8523   19.0366
   -7.5000   37.5000   37.5000 2298.3037   20.6248
    0.0000   37.5000   37.5000 2307.5054   20.5468
    7.5000   37.5000   37.5000 2290.8738   20.7133
   -7.5000   45.0000   37.5000 2153.0022   22.8097
    0.0000   45.0000   37.5000 2162.3521   22.7807
    7.5000   45.0000   37.5000 2147.7625   22.9577
   -7.5000  -45.0000   45.0000 2147.7209   24.5551
    0.0000  -45.0000   45.0000 2161.9827   24.3316
    7.5000  -45.0000   45.0000 2139.0220   24.5089
   -7.5000  -37.5000   45.0000 2272.7107   22.1051
    0.0000  -37.5000   45.0000 2291.8394   21.9382
    7.5000  -37.5000   45.0000 2264.0940   22.0996
   -7.5000  -30.0000   45.0000 2381.6404   20.2837
    0.0000  -30.0000   45.0000 2405.6416   20.1656
    7.5000  -30.0000   45.0000 2374.3887   20.3261
   -7.5000  -22.5000   45.0000 2478.4939   18.9346
    0.0000  -22.5000   45.0000 2501.2417   18.8010
    7.5000  -22.5000   45.0000 2475.8362   19.0121
   -7.5000  -15.0000   45.0000 2551.0254   17.9651
    0.0000  -15.0000   45.0000 2569.3931   17.8708
    7.5000  -15.0000   45.0000 2545.8289   18.0584
   -7.5000   -7.5000   45.0000 2592.4006   17.4438
    0.0000   -7.5000   45.0000 2614.2415   17.3468
    7.5000   -7.5000   45.0000 2592.2312   17.5123
   -7.5000    0.0000   45.0000 2600.3262   17.2789
    0.0000    0.0000   45.0000 2617.3704   17.1945
    7.5000    0.0000   45.0000 2597.4172   17.3276
   -7.5000    7.5000   45.0000 2569.8059   17.4910
    0.0000    7.5000   45.0000 2588.5974   17.4041
    7.5000    7.5000   45.0000 2571.0491   17.5516
   -7.5000   15.0000   45.0000 2514.0591   18.0544
    0.0000   15.0000   45.0000 2534.1006   17.9747
    7.5000   15.0000   45.0000 2511.7656   18.1115
   -7.5000   22.5000   45.0000 2441.2219   18.8892
    0.0000   22.5000   45.0000 2463.3430   18.7944
    7.5000   22.5000   45.0000 2440.1768   18.9352
   -7.5000   30.0000   45.0000 2349.7141   20.1058
    0.0000   30.0000   45.0000 2367.3203   20.0312
    7.5000   30.0000   45.0000 2349.1365   20.1467
   -7.5000   37.5000   45.0000 2223.1116   21.7888
    0.0000   37.5000   45.0000 2237.7717   21.7028
    7.5000   37.5000   45.0000 2220.3013   21.8204
   -7.5000   45.0000   45.0000 2088.8879   24.0363
    0.0000   45.0000   45.0000 2099.4985   24.0033
    7.5000   45.0000   45.0000 2083.6069   24.1058

---------------------------------------------------------------------
imgreg_4dfp /opt/freesurfer/average/711-2C_as_mni_average_305 /opt/freesurfer/average/711-2B_as_mni_average_305_mask talsrcimg_g11 none talsrcimg_to_711-2C_as_mni_average_305_t4 1283
---------------------------------------------------------------------

freesurfer imgreg_4dfp.c
/opt/freesurfer/average/711-2C_as_mni_average_305.4dfp.img
       256       256       256         1
  1.000000  1.000000  1.000000
orientation T byte_order littleendian
Reading image: /opt/freesurfer/average/711-2C_as_mni_average_305.4dfp.img
dimensions:      256       256       256
mmppix:       1.0000   -1.0000   -1.0000
center:     128.0000 -129.0000 -129.0000
/opt/freesurfer/average/711-2B_as_mni_average_305_mask.4dfp.img
       256       256       256         1
  1.000000  1.000000  1.000000
orientation T byte_order littleendian
Reading mask: /opt/freesurfer/average/711-2B_as_mni_average_305_mask.4dfp.img (2306576 pixels)
talsrcimg_g11.4dfp.img
       256       256       256         1
  1.000000  1.000000  1.000000
orientation T byte_order littleendian
Reading image: talsrcimg_g11.4dfp.img
dimensions:      256       256       256
mmppix:       1.0000   -1.0000   -1.0000
center:     128.0000 -129.0000 -129.0000
rotation matrix determinant  1.000000
fimgreg.f
image alignment mode   1283 decimal      503 hex
parameters
    0.0000    0.0000    0.0000    0.0000    0.0000    0.0000
eta,q 0.93596 13.02273
niter,ni,del,rscale     5    3   12.0000    1.2000
parameter  4  1.728456 ->  0.500000 qaram    1.1500
parameter  6 -0.809269 -> -0.500000 qaram    1.1500
parameters
   -0.7061   -1.5546    2.2077   -3.4500    0.6582    3.4500
eta,q 0.94303 12.68798
  0.0683  0.0670  0.0663  0.0571  0.0597  0.0619
  0.0658  0.0637  0.0635  0.0579  0.0590  0.0608
  0.0644  0.0624  0.0621  0.0596  0.0587  0.0597
  0.0632  0.0632  0.0621  0.0616  0.0583  0.0583
  0.0638  0.0657  0.0619  0.0643  0.0581  0.0572
  0.0678  0.0694  0.0617  0.0676  0.0580  0.0570
  0.0722  0.0734  0.0621  0.0702  0.0596  0.0577
niter,ni,del,rscale     6    3   12.0000    1.2000
parameter  4  0.652887 ->  0.500000 qaram    1.3225
parameters
   -1.7420   -2.2864    0.5139   -7.4175    0.9425    1.7144
eta,q 0.94457 12.77757
  0.0600  0.0635  0.0593  0.0563  0.0581  0.0568
  0.0579  0.0583  0.0581  0.0551  0.0563  0.0563
  0.0583  0.0572  0.0573  0.0557  0.0554  0.0557
  0.0570  0.0578  0.0575  0.0573  0.0551  0.0551
  0.0572  0.0600  0.0594  0.0598  0.0546  0.0559
  0.0604  0.0631  0.0603  0.0630  0.0552  0.0585
  0.0638  0.0637  0.0621  0.0666  0.0581  0.0603
niter,ni,del,rscale     6    3   12.0000    1.2000
parameters
   -1.8188    0.0550    0.6028  -10.4746   -1.0801    2.4419
eta,q 0.94750 12.84795
  0.0629  0.0649  0.0591  0.0564  0.0549  0.0566
  0.0569  0.0599  0.0578  0.0553  0.0532  0.0556
  0.0551  0.0569  0.0565  0.0537  0.0530  0.0545
  0.0554  0.0554  0.0548  0.0548  0.0539  0.0530
  0.0554  0.0548  0.0550  0.0574  0.0549  0.0520
  0.0580  0.0553  0.0567  0.0612  0.0562  0.0534
  0.0627  0.0561  0.0600  0.0640  0.0584  0.0565
niter,ni,del,rscale     5    3   12.0000    1.2000
parameters
   -1.1195    2.6347    0.1675  -12.5230   -0.7046    2.7451
eta,q 0.94876 12.84000
  0.0629  0.0606  0.0548  0.0557  0.0557  0.0558
  0.0582  0.0588  0.0531  0.0540  0.0529  0.0543
  0.0542  0.0555  0.0531  0.0516  0.0515  0.0526
  0.0525  0.0522  0.0519  0.0522  0.0513  0.0513
  0.0521  0.0516  0.0513  0.0547  0.0517  0.0513
  0.0538  0.0526  0.0532  0.0584  0.0526  0.0530
  0.0599  0.0539  0.0573  0.0634  0.0544  0.0559
niter,ni,del,rscale     4    3   12.0000    1.2000
parameters
   -1.2778    3.1772   -0.6902  -12.9803   -0.9154    2.7149
eta,q 0.94875 12.83620
  0.0596  0.0579  0.0543  0.0584  0.0545  0.0554
  0.0544  0.0556  0.0518  0.0546  0.0524  0.0538
  0.0522  0.0530  0.0514  0.0523  0.0515  0.0523
  0.0512  0.0513  0.0512  0.0513  0.0512  0.0512
  0.0511  0.0515  0.0519  0.0537  0.0514  0.0515
  0.0546  0.0533  0.0534  0.0560  0.0527  0.0533
  0.0614  0.0567  0.0570  0.0596  0.0552  0.0561
niter,ni,del,rscale     3    3   12.0000    1.2000
parameters
   -1.1928    2.9970   -0.9843  -13.0981   -0.9460    2.8058
eta,q 0.94886 12.84291
  0.0602  0.0569  0.0555  0.0587  0.0549  0.0556
  0.0546  0.0546  0.0521  0.0549  0.0526  0.0540
  0.0521  0.0523  0.0511  0.0526  0.0515  0.0523
  0.0513  0.0512  0.0512  0.0512  0.0512  0.0512
  0.0508  0.0516  0.0518  0.0532  0.0513  0.0515
  0.0537  0.0540  0.0535  0.0556  0.0525  0.0532
  0.0604  0.0587  0.0558  0.0587  0.0552  0.0560
niter,ni,del,rscale     2    3   12.0000    1.2000
parameters
   -1.1761    2.8918   -1.0957  -13.1405   -0.9294    2.8559
eta,q 0.94888 12.84520
  0.0600  0.0568  0.0561  0.0588  0.0550  0.0556
  0.0547  0.0546  0.0524  0.0550  0.0526  0.0540
  0.0521  0.0523  0.0510  0.0526  0.0516  0.0523
  0.0511  0.0511  0.0511  0.0511  0.0511  0.0511
  0.0508  0.0514  0.0518  0.0530  0.0512  0.0515
  0.0540  0.0537  0.0535  0.0556  0.0525  0.0533
  0.0607  0.0584  0.0556  0.0585  0.0552  0.0561
niter,ni,del,rscale     1    3   12.0000    1.2000
parameters
   -1.1656    2.8511   -1.1429  -13.1601   -0.9234    2.8796
eta,q 0.94889 12.84640
  0.0600  0.0568  0.0563  0.0588  0.0550  0.0556
  0.0548  0.0546  0.0525  0.0550  0.0526  0.0540
  0.0521  0.0524  0.0510  0.0527  0.0516  0.0523
  0.0511  0.0511  0.0511  0.0511  0.0511  0.0511
  0.0509  0.0513  0.0518  0.0529  0.0511  0.0515
  0.0541  0.0535  0.0536  0.0555  0.0525  0.0534
  0.0608  0.0582  0.0555  0.0584  0.0552  0.0562
registration optimization eta report
parameter search radius
    6.0000    6.0000    6.0000    7.9350    6.0000    6.9000
100000*second partial in parameter space
       27.       18.       14.       11.       12.       10.
  0.0600  0.0568  0.0563  0.0588  0.0550  0.0556
  0.0548  0.0546  0.0525  0.0550  0.0526  0.0540
  0.0521  0.0524  0.0510  0.0527  0.0516  0.0523
  0.0511  0.0511  0.0511  0.0511  0.0511  0.0511
  0.0509  0.0513  0.0518  0.0529  0.0511  0.0515
  0.0541  0.0535  0.0536  0.0555  0.0525  0.0534
  0.0608  0.0582  0.0555  0.0584  0.0552  0.0562
   -1.1656    2.8511   -1.1429  -13.1601   -0.9234    2.8796
eta,q 0.94889 12.84640

---------------------------------------------------------------------
imgreg_4dfp /opt/freesurfer/average/711-2C_as_mni_average_305 /opt/freesurfer/average/711-2B_as_mni_average_305_mask talsrcimg_g11 none talsrcimg_to_711-2C_as_mni_average_305_t4 3335
---------------------------------------------------------------------

freesurfer imgreg_4dfp.c
/opt/freesurfer/average/711-2C_as_mni_average_305.4dfp.img
       256       256       256         1
  1.000000  1.000000  1.000000
orientation T byte_order littleendian
Reading image: /opt/freesurfer/average/711-2C_as_mni_average_305.4dfp.img
dimensions:      256       256       256
mmppix:       1.0000   -1.0000   -1.0000
center:     128.0000 -129.0000 -129.0000
/opt/freesurfer/average/711-2B_as_mni_average_305_mask.4dfp.img
       256       256       256         1
  1.000000  1.000000  1.000000
orientation T byte_order littleendian
Reading mask: /opt/freesurfer/average/711-2B_as_mni_average_305_mask.4dfp.img (2306576 pixels)
talsrcimg_g11.4dfp.img
       256       256       256         1
  1.000000  1.000000  1.000000
orientation T byte_order littleendian
Reading image: talsrcimg_g11.4dfp.img
dimensions:      256       256       256
mmppix:       1.0000   -1.0000   -1.0000
center:     128.0000 -129.0000 -129.0000
fimgreg.f
image alignment mode   3335 decimal      D07 hex
parameters
   -1.1656    2.8511   -1.1429   -0.1392   -2.7676   -2.6389
   -5.2582    0.4236    5.0230   22.8173   -1.6116  -22.7643
eta,q 0.94910 13.03679
niter,ni,del,rscale     5    3    5.0000    1.2000
parameter  4  5.520423 ->  0.500000 qaram    1.1500
parameter  5  5.209140 ->  0.500000 qaram    1.1500
parameter  6  1.022178 ->  0.500000 qaram    1.1500
parameters
   -1.1961    3.0933   -0.1378   -4.2792   -6.9076   -6.7789
   -3.9247    0.7188    4.5557   20.2598   -1.8805  -22.9484
eta,q 0.96236 12.70640
  0.0521  0.0523  0.0532  0.0429  0.0373  0.0378  0.0405  0.0432  0.0391  0.0385  0.0391  0.0386
  0.0515  0.0517  0.0522  0.0446  0.0402  0.0379  0.0393  0.0409  0.0384  0.0378  0.0383  0.0380
  0.0511  0.0511  0.0514  0.0473  0.0427  0.0388  0.0384  0.0389  0.0380  0.0376  0.0378  0.0377
  0.0509  0.0509  0.0509  0.0507  0.0453  0.0409  0.0380  0.0379  0.0379  0.0379  0.0376  0.0376
  0.0510  0.0510  0.0507  0.0539  0.0482  0.0438  0.0379  0.0385  0.0381  0.0386  0.0379  0.0378
  0.0514  0.0513  0.0507  0.0568  0.0516  0.0471  0.0383  0.0403  0.0386  0.0401  0.0385  0.0381
  0.0522  0.0519  0.0511  0.0598  0.0550  0.0504  0.0392  0.0425  0.0394  0.0422  0.0394  0.0386
niter,ni,del,rscale     7    3    5.0000    1.2000
parameter  4  0.600973 ->  0.500000 qaram    1.3225
parameter  5  8.090818 ->  0.500000 qaram    1.3225
parameters
   -1.2671    2.3665    0.3142   -9.0402  -11.6686   -9.1859
   -2.9907    0.7500    5.4543   20.7717   -1.2227  -23.6367
eta,q 0.96904 12.42136
  0.0406  0.0379  0.0395  0.0369  0.0278  0.0319  0.0332  0.0339  0.0329  0.0337  0.0318  0.0322
  0.0389  0.0377  0.0386  0.0364  0.0302  0.0314  0.0322  0.0322  0.0320  0.0325  0.0314  0.0314
  0.0379  0.0376  0.0379  0.0363  0.0332  0.0311  0.0315  0.0313  0.0314  0.0316  0.0311  0.0310
  0.0376  0.0376  0.0376  0.0375  0.0363  0.0310  0.0311  0.0311  0.0311  0.0310  0.0310  0.0310
  0.0381  0.0379  0.0375  0.0405  0.0392  0.0313  0.0311  0.0313  0.0311  0.0312  0.0310  0.0313
  0.0393  0.0383  0.0378  0.0445  0.0422  0.0333  0.0316  0.0321  0.0315  0.0319  0.0312  0.0319
  0.0409  0.0391  0.0385  0.0482  0.0457  0.0370  0.0324  0.0339  0.0322  0.0332  0.0315  0.0326
niter,ni,del,rscale     7    3    5.0000    1.2000
parameter  5  1.371100 ->  0.500000 qaram    1.5209
parameters
   -1.1155    1.3896   -0.3132  -10.2619  -17.1437   -8.2530
   -3.4520    0.5355    6.0064   21.4397   -1.5340  -26.9954
eta,q 0.97396 12.24813
  0.0334  0.0313  0.0312  0.0332  0.0257  0.0287  0.0283  0.0293  0.0285  0.0294  0.0270  0.0266
  0.0321  0.0307  0.0307  0.0321  0.0263  0.0277  0.0273  0.0277  0.0275  0.0280  0.0267  0.0261
  0.0313  0.0306  0.0305  0.0311  0.0279  0.0271  0.0266  0.0268  0.0268  0.0270  0.0265  0.0261
  0.0310  0.0309  0.0306  0.0305  0.0307  0.0266  0.0265  0.0265  0.0265  0.0265  0.0264  0.0264
  0.0311  0.0316  0.0310  0.0306  0.0345  0.0263  0.0268  0.0268  0.0266  0.0265  0.0265  0.0271
  0.0317  0.0326  0.0316  0.0325  0.0382  0.0264  0.0277  0.0278  0.0271  0.0272  0.0267  0.0279
  0.0329  0.0339  0.0325  0.0365  0.0421  0.0284  0.0288  0.0298  0.0280  0.0286  0.0272  0.0289
niter,ni,del,rscale     7    3    5.0000    1.2000
parameters
   -1.2392    1.3531   -0.6343   -9.8068  -22.3162   -8.0441
   -3.7822    0.3649    6.2673   22.4932   -1.1510  -29.3371
eta,q 0.97555 12.08458
  0.0282  0.0282  0.0270  0.0296  0.0265  0.0270  0.0267  0.0276  0.0266  0.0275  0.0255  0.0251
  0.0269  0.0269  0.0264  0.0281  0.0250  0.0260  0.0255  0.0259  0.0256  0.0261  0.0250  0.0246
  0.0262  0.0262  0.0260  0.0269  0.0247  0.0253  0.0248  0.0250  0.0249  0.0251  0.0247  0.0245
  0.0260  0.0260  0.0260  0.0260  0.0259  0.0247  0.0247  0.0247  0.0247  0.0247  0.0246  0.0246
  0.0264  0.0263  0.0263  0.0256  0.0287  0.0244  0.0250  0.0250  0.0248  0.0247  0.0247  0.0251
  0.0273  0.0271  0.0269  0.0266  0.0329  0.0251  0.0258  0.0261  0.0254  0.0252  0.0249  0.0259
  0.0287  0.0283  0.0277  0.0299  0.0375  0.0275  0.0270  0.0280  0.0263  0.0263  0.0253  0.0268
niter,ni,del,rscale     6    3    5.0000    1.2000
parameters
   -1.2696    1.4173   -0.7629   -9.6141  -23.3321   -7.9662
   -3.7795    0.2367    6.2689   22.9933   -1.1506  -29.9177
eta,q 0.97557 12.06390
  0.0268  0.0268  0.0256  0.0279  0.0287  0.0271  0.0267  0.0276  0.0262  0.0270  0.0253  0.0257
  0.0255  0.0255  0.0249  0.0265  0.0267  0.0260  0.0255  0.0259  0.0253  0.0256  0.0248  0.0249
  0.0247  0.0247  0.0245  0.0254  0.0251  0.0252  0.0247  0.0248  0.0247  0.0248  0.0245  0.0245
  0.0245  0.0245  0.0245  0.0245  0.0244  0.0245  0.0245  0.0245  0.0245  0.0245  0.0244  0.0244
  0.0247  0.0247  0.0247  0.0241  0.0251  0.0242  0.0247  0.0248  0.0247  0.0246  0.0245  0.0247
  0.0256  0.0254  0.0251  0.0253  0.0275  0.0252  0.0255  0.0260  0.0253  0.0252  0.0248  0.0253
  0.0270  0.0265  0.0259  0.0287  0.0315  0.0277  0.0266  0.0279  0.0262  0.0264  0.0253  0.0261
niter,ni,del,rscale     5    3    5.0000    1.2000
parameters
   -1.2799    1.4399   -0.7951   -9.6309  -23.5940   -7.9157
   -3.7560    0.1920    6.2662   23.1346   -1.1836  -30.0976
eta,q 0.97555 12.05685
  0.0269  0.0266  0.0257  0.0278  0.0292  0.0271  0.0267  0.0277  0.0262  0.0268  0.0253  0.0259
  0.0255  0.0254  0.0250  0.0264  0.0272  0.0260  0.0255  0.0259  0.0253  0.0255  0.0248  0.0250
  0.0247  0.0246  0.0245  0.0253  0.0254  0.0252  0.0247  0.0248  0.0247  0.0247  0.0245  0.0246
  0.0244  0.0244  0.0244  0.0244  0.0244  0.0245  0.0245  0.0245  0.0245  0.0245  0.0245  0.0245
  0.0247  0.0247  0.0246  0.0241  0.0248  0.0242  0.0247  0.0248  0.0247  0.0247  0.0245  0.0247
  0.0255  0.0254  0.0250  0.0254  0.0267  0.0253  0.0255  0.0259  0.0253  0.0253  0.0248  0.0252
  0.0269  0.0264  0.0257  0.0289  0.0305  0.0279  0.0266  0.0278  0.0262  0.0266  0.0253  0.0259
niter,ni,del,rscale     4    3    5.0000    1.2000
parameters
   -1.2853    1.4505   -0.7987   -9.6404  -23.6737   -7.9006
   -3.7488    0.1767    6.2558   23.1753   -1.1915  -30.1536
eta,q 0.97554 12.05441
  0.0269  0.0266  0.0258  0.0278  0.0293  0.0271  0.0266  0.0277  0.0262  0.0267  0.0253  0.0259
  0.0255  0.0253  0.0250  0.0264  0.0273  0.0260  0.0255  0.0260  0.0253  0.0254  0.0248  0.0250
  0.0247  0.0246  0.0246  0.0254  0.0255  0.0252  0.0247  0.0248  0.0247  0.0247  0.0245  0.0246
  0.0245  0.0245  0.0244  0.0244  0.0244  0.0245  0.0245  0.0245  0.0245  0.0245  0.0245  0.0245
  0.0247  0.0247  0.0246  0.0241  0.0247  0.0242  0.0247  0.0248  0.0247  0.0247  0.0246  0.0247
  0.0255  0.0254  0.0250  0.0255  0.0266  0.0253  0.0255  0.0259  0.0253  0.0254  0.0248  0.0252
  0.0269  0.0264  0.0257  0.0289  0.0302  0.0279  0.0266  0.0278  0.0262  0.0267  0.0253  0.0259
registration optimization eta report
parameter search radius
    2.4000    2.4000    2.4000    9.5220   10.9503    8.2800
    7.2000    7.2000    7.2000    7.2000    7.2000    7.2000
100000*second partial in parameter space
       42.       36.       23.        4.        4.        5.
        4.        6.        3.        4.        2.        3.
  0.0269  0.0266  0.0258  0.0278  0.0293  0.0271  0.0266  0.0277  0.0262  0.0267  0.0253  0.0259
  0.0255  0.0253  0.0250  0.0264  0.0273  0.0260  0.0255  0.0260  0.0253  0.0254  0.0248  0.0250
  0.0247  0.0246  0.0246  0.0254  0.0255  0.0252  0.0247  0.0248  0.0247  0.0247  0.0245  0.0246
  0.0245  0.0245  0.0244  0.0244  0.0244  0.0245  0.0245  0.0245  0.0245  0.0245  0.0245  0.0245
  0.0247  0.0247  0.0246  0.0241  0.0247  0.0242  0.0247  0.0248  0.0247  0.0247  0.0246  0.0247
  0.0255  0.0254  0.0250  0.0255  0.0266  0.0253  0.0255  0.0259  0.0253  0.0254  0.0248  0.0252
  0.0269  0.0264  0.0257  0.0289  0.0302  0.0279  0.0266  0.0278  0.0262  0.0267  0.0253  0.0259
   -1.2853    1.4505   -0.7987   -9.6404  -23.6737   -7.9006
   -3.7488    0.1767    6.2558   23.1753   -1.1915  -30.1536
eta,q 0.97554 12.05441

---------------------------------------------------------------------
imgreg_4dfp /opt/freesurfer/average/711-2C_as_mni_average_305 /opt/freesurfer/average/711-2B_as_mni_average_305_mask talsrcimg_g11 none talsrcimg_to_711-2C_as_mni_average_305_t4 2311
---------------------------------------------------------------------

freesurfer imgreg_4dfp.c
/opt/freesurfer/average/711-2C_as_mni_average_305.4dfp.img
       256       256       256         1
  1.000000  1.000000  1.000000
orientation T byte_order littleendian
Reading image: /opt/freesurfer/average/711-2C_as_mni_average_305.4dfp.img
dimensions:      256       256       256
mmppix:       1.0000   -1.0000   -1.0000
center:     128.0000 -129.0000 -129.0000
/opt/freesurfer/average/711-2B_as_mni_average_305_mask.4dfp.img
       256       256       256         1
  1.000000  1.000000  1.000000
orientation T byte_order littleendian
Reading mask: /opt/freesurfer/average/711-2B_as_mni_average_305_mask.4dfp.img (2306576 pixels)
talsrcimg_g11.4dfp.img
       256       256       256         1
  1.000000  1.000000  1.000000
orientation T byte_order littleendian
Reading image: talsrcimg_g11.4dfp.img
dimensions:      256       256       256
mmppix:       1.0000   -1.0000   -1.0000
center:     128.0000 -129.0000 -129.0000
fimgreg.f
image alignment mode   2311 decimal      907 hex
parameters
   -1.2853    1.4505   -0.7987   -9.6404  -23.6737   -7.9006
   -3.7488    0.1767    6.2558   23.1753   -1.1915  -30.1536
eta,q 0.97554 12.05441
niter,ni,del,rscale     5    3    5.0000    0.8000
parameter  4 -0.506860 -> -0.500000 qaram    1.1500
parameters
   -1.2854    1.3956   -0.8610   -6.8804  -22.8190   -7.3733
   -3.7591    0.3192    6.0483   23.1693   -1.3117  -29.3182
eta,q 0.97604 12.20503
  0.0255  0.0253  0.0250  0.0259  0.0256  0.0255  0.0251  0.0263  0.0248  0.0251  0.0246  0.0250
  0.0249  0.0248  0.0247  0.0254  0.0249  0.0250  0.0245  0.0252  0.0243  0.0245  0.0243  0.0245
  0.0246  0.0245  0.0245  0.0249  0.0244  0.0244  0.0241  0.0243  0.0240  0.0241  0.0240  0.0241
  0.0245  0.0245  0.0245  0.0245  0.0241  0.0241  0.0240  0.0240  0.0240  0.0240  0.0240  0.0240
  0.0246  0.0246  0.0245  0.0242  0.0241  0.0239  0.0241  0.0242  0.0241  0.0241  0.0241  0.0240
  0.0249  0.0249  0.0247  0.0241  0.0243  0.0243  0.0245  0.0250  0.0244  0.0245  0.0243  0.0241
  0.0255  0.0254  0.0251  0.0245  0.0249  0.0252  0.0251  0.0261  0.0249  0.0251  0.0247  0.0245
niter,ni,del,rscale     5    3    5.0000    0.8000
parameters
   -1.2649    1.3083   -0.6582   -8.0349  -22.5828   -6.7782
   -3.7479    0.3261    6.1189   23.1674   -1.2809  -29.1006
eta,q 0.97611 12.19839
  0.0254  0.0249  0.0249  0.0251  0.0253  0.0254  0.0250  0.0260  0.0248  0.0250  0.0245  0.0247
  0.0246  0.0243  0.0244  0.0245  0.0247  0.0249  0.0244  0.0249  0.0243  0.0244  0.0242  0.0243
  0.0241  0.0240  0.0241  0.0241  0.0242  0.0244  0.0240  0.0241  0.0240  0.0240  0.0240  0.0240
  0.0240  0.0240  0.0239  0.0239  0.0240  0.0240  0.0239  0.0239  0.0239  0.0239  0.0239  0.0239
  0.0241  0.0241  0.0240  0.0243  0.0241  0.0238  0.0240  0.0241  0.0240  0.0240  0.0240  0.0240
  0.0246  0.0245  0.0242  0.0255  0.0244  0.0242  0.0244  0.0249  0.0243  0.0244  0.0242  0.0242
  0.0253  0.0251  0.0245  0.0274  0.0251  0.0251  0.0250  0.0260  0.0248  0.0251  0.0245  0.0246
niter,ni,del,rscale     4    3    5.0000    0.7000
parameters
   -1.2265    1.3411   -0.5521   -8.1178  -22.5678   -6.4836
   -3.7670    0.3373    6.1161   23.2361   -1.3027  -29.0006
eta,q 0.97614 12.20597
  0.0250  0.0247  0.0245  0.0251  0.0248  0.0250  0.0247  0.0255  0.0246  0.0248  0.0243  0.0245
  0.0244  0.0243  0.0242  0.0246  0.0244  0.0246  0.0242  0.0246  0.0242  0.0243  0.0241  0.0241
  0.0240  0.0240  0.0240  0.0242  0.0240  0.0242  0.0239  0.0241  0.0239  0.0240  0.0239  0.0239
  0.0239  0.0239  0.0239  0.0239  0.0239  0.0239  0.0239  0.0239  0.0239  0.0239  0.0239  0.0239
  0.0240  0.0240  0.0239  0.0239  0.0240  0.0238  0.0240  0.0241  0.0239  0.0239  0.0239  0.0239
  0.0243  0.0242  0.0241  0.0244  0.0243  0.0242  0.0242  0.0246  0.0242  0.0242  0.0241  0.0241
  0.0248  0.0246  0.0243  0.0255  0.0249  0.0250  0.0247  0.0255  0.0246  0.0247  0.0244  0.0244
niter,ni,del,rscale     3    3    5.0000    0.6000
parameters
   -1.2164    1.3545   -0.4790   -7.9794  -22.5714   -6.2505
   -3.7711    0.3340    6.1030   23.2726   -1.3195  -28.8951
eta,q 0.97618 12.21708
  0.0246  0.0245  0.0243  0.0249  0.0246  0.0248  0.0244  0.0251  0.0243  0.0245  0.0242  0.0243
  0.0242  0.0241  0.0241  0.0245  0.0242  0.0244  0.0241  0.0244  0.0241  0.0241  0.0240  0.0240
  0.0239  0.0239  0.0239  0.0241  0.0239  0.0241  0.0239  0.0240  0.0239  0.0239  0.0239  0.0239
  0.0239  0.0239  0.0239  0.0239  0.0238  0.0238  0.0238  0.0238  0.0238  0.0238  0.0238  0.0238
  0.0239  0.0239  0.0239  0.0238  0.0239  0.0238  0.0239  0.0240  0.0239  0.0239  0.0239  0.0239
  0.0242  0.0241  0.0240  0.0242  0.0242  0.0241  0.0241  0.0244  0.0241  0.0241  0.0240  0.0240
  0.0246  0.0244  0.0242  0.0249  0.0246  0.0247  0.0244  0.0251  0.0243  0.0245  0.0242  0.0242
niter,ni,del,rscale     2    3    5.0000    0.5000
parameters
   -1.2113    1.3549   -0.4022   -7.8508  -22.5669   -6.0442
   -3.7761    0.3314    6.0768   23.3010   -1.3346  -28.7718
eta,q 0.97621 12.22728
  0.0243  0.0242  0.0242  0.0246  0.0243  0.0245  0.0242  0.0247  0.0242  0.0243  0.0241  0.0241
  0.0241  0.0240  0.0240  0.0242  0.0240  0.0242  0.0240  0.0242  0.0240  0.0240  0.0239  0.0239
  0.0239  0.0239  0.0239  0.0240  0.0239  0.0240  0.0238  0.0239  0.0238  0.0238  0.0238  0.0238
  0.0238  0.0238  0.0238  0.0238  0.0238  0.0238  0.0238  0.0238  0.0238  0.0238  0.0238  0.0238
  0.0239  0.0239  0.0238  0.0238  0.0239  0.0238  0.0238  0.0239  0.0238  0.0238  0.0238  0.0238
  0.0240  0.0240  0.0239  0.0241  0.0240  0.0240  0.0240  0.0242  0.0240  0.0240  0.0239  0.0239
  0.0243  0.0242  0.0241  0.0246  0.0243  0.0244  0.0242  0.0247  0.0242  0.0242  0.0241  0.0241
niter,ni,del,rscale     1    3    5.0000    0.4000
parameters
   -1.2033    1.3658   -0.3265   -7.7406  -22.5686   -5.8531
   -3.7704    0.3357    6.0530   23.3086   -1.3528  -28.6495
eta,q 0.97623 12.23523
  0.0241  0.0241  0.0240  0.0243  0.0241  0.0243  0.0240  0.0244  0.0240  0.0241  0.0240  0.0240
  0.0239  0.0239  0.0239  0.0241  0.0239  0.0241  0.0239  0.0241  0.0239  0.0239  0.0239  0.0239
  0.0238  0.0238  0.0238  0.0239  0.0238  0.0239  0.0238  0.0239  0.0238  0.0238  0.0238  0.0238
  0.0238  0.0238  0.0238  0.0238  0.0238  0.0238  0.0238  0.0238  0.0238  0.0238  0.0238  0.0238
  0.0238  0.0238  0.0238  0.0238  0.0238  0.0238  0.0238  0.0238  0.0238  0.0238  0.0238  0.0238
  0.0239  0.0239  0.0239  0.0240  0.0239  0.0239  0.0239  0.0241  0.0239  0.0239  0.0239  0.0238
  0.0241  0.0240  0.0239  0.0243  0.0241  0.0242  0.0240  0.0244  0.0240  0.0241  0.0240  0.0239
registration optimization eta report
parameter search radius
    0.8000    0.8000    0.8000    2.7600    2.4000    2.4000
    2.4000    2.4000    2.4000    2.4000    2.4000    2.4000
100000*second partial in parameter space
       54.       41.       30.        7.        6.        8.
        5.       11.        4.        5.        3.        3.
  0.0241  0.0241  0.0240  0.0243  0.0241  0.0243  0.0240  0.0244  0.0240  0.0241  0.0240  0.0240
  0.0239  0.0239  0.0239  0.0241  0.0239  0.0241  0.0239  0.0241  0.0239  0.0239  0.0239  0.0239
  0.0238  0.0238  0.0238  0.0239  0.0238  0.0239  0.0238  0.0239  0.0238  0.0238  0.0238  0.0238
  0.0238  0.0238  0.0238  0.0238  0.0238  0.0238  0.0238  0.0238  0.0238  0.0238  0.0238  0.0238
  0.0238  0.0238  0.0238  0.0238  0.0238  0.0238  0.0238  0.0238  0.0238  0.0238  0.0238  0.0238
  0.0239  0.0239  0.0239  0.0240  0.0239  0.0239  0.0239  0.0241  0.0239  0.0239  0.0239  0.0238
  0.0241  0.0240  0.0239  0.0243  0.0241  0.0242  0.0240  0.0244  0.0240  0.0241  0.0240  0.0239
   -1.2033    1.3658   -0.3265   -7.7406  -22.5686   -5.8531
   -3.7704    0.3357    6.0530   23.3086   -1.3528  -28.6495
eta,q 0.97623 12.23523

---------------------------------------------------------------------
imgreg_4dfp /opt/freesurfer/average/711-2C_as_mni_average_305 /opt/freesurfer/average/711-2B_as_mni_average_305_mask talsrcimg_g11 none talsrcimg_to_711-2C_as_mni_average_305_t4 2311
---------------------------------------------------------------------

freesurfer imgreg_4dfp.c
/opt/freesurfer/average/711-2C_as_mni_average_305.4dfp.img
       256       256       256         1
  1.000000  1.000000  1.000000
orientation T byte_order littleendian
Reading image: /opt/freesurfer/average/711-2C_as_mni_average_305.4dfp.img
dimensions:      256       256       256
mmppix:       1.0000   -1.0000   -1.0000
center:     128.0000 -129.0000 -129.0000
/opt/freesurfer/average/711-2B_as_mni_average_305_mask.4dfp.img
       256       256       256         1
  1.000000  1.000000  1.000000
orientation T byte_order littleendian
Reading mask: /opt/freesurfer/average/711-2B_as_mni_average_305_mask.4dfp.img (2306576 pixels)
talsrcimg_g11.4dfp.img
       256       256       256         1
  1.000000  1.000000  1.000000
orientation T byte_order littleendian
Reading image: talsrcimg_g11.4dfp.img
dimensions:      256       256       256
mmppix:       1.0000   -1.0000   -1.0000
center:     128.0000 -129.0000 -129.0000
fimgreg.f
image alignment mode   2311 decimal      907 hex
parameters
   -1.2033    1.3658   -0.3265   -7.7406  -22.5686   -5.8531
   -3.7704    0.3357    6.0530   23.3086   -1.3528  -28.6495
eta,q 0.97623 12.23523
niter,ni,del,rscale     5    3    5.0000    0.8000
parameters
   -1.2145    1.4100   -0.2083   -8.2550  -22.6551   -6.2200
   -3.7386    0.3560    6.1129   23.2868   -1.3889  -28.6811
eta,q 0.97615 12.20859
  0.0251  0.0249  0.0247  0.0249  0.0250  0.0251  0.0249  0.0259  0.0248  0.0250  0.0245  0.0246
  0.0244  0.0243  0.0242  0.0244  0.0244  0.0245  0.0243  0.0248  0.0243  0.0243  0.0241  0.0241
  0.0239  0.0239  0.0239  0.0240  0.0240  0.0241  0.0240  0.0241  0.0240  0.0240  0.0239  0.0239
  0.0238  0.0238  0.0238  0.0238  0.0238  0.0238  0.0239  0.0239  0.0239  0.0239  0.0239  0.0239
  0.0239  0.0239  0.0238  0.0239  0.0239  0.0239  0.0240  0.0241  0.0239  0.0240  0.0239  0.0239
  0.0244  0.0242  0.0241  0.0246  0.0244  0.0246  0.0243  0.0248  0.0242  0.0243  0.0241  0.0242
  0.0252  0.0247  0.0244  0.0259  0.0251  0.0259  0.0249  0.0259  0.0247  0.0250  0.0245  0.0245
niter,ni,del,rscale     4    3    5.0000    0.7000
parameters
   -1.2119    1.4159   -0.3394   -8.0112  -22.5736   -6.2451
   -3.7730    0.3639    6.0955   23.2751   -1.3682  -28.7561
eta,q 0.97618 12.21761
  0.0248  0.0247  0.0243  0.0249  0.0248  0.0249  0.0246  0.0255  0.0245  0.0247  0.0243  0.0244
  0.0243  0.0242  0.0240  0.0245  0.0243  0.0245  0.0242  0.0246  0.0241  0.0242  0.0241  0.0240
  0.0240  0.0239  0.0239  0.0241  0.0240  0.0241  0.0239  0.0240  0.0239  0.0239  0.0239  0.0239
  0.0239  0.0239  0.0239  0.0238  0.0238  0.0238  0.0238  0.0238  0.0238  0.0238  0.0238  0.0238
  0.0240  0.0239  0.0240  0.0238  0.0239  0.0238  0.0239  0.0240  0.0239  0.0239  0.0239  0.0239
  0.0243  0.0242  0.0242  0.0241  0.0242  0.0243  0.0242  0.0246  0.0241  0.0242  0.0240  0.0241
  0.0248  0.0246  0.0245  0.0249  0.0248  0.0252  0.0247  0.0255  0.0245  0.0247  0.0243  0.0244
niter,ni,del,rscale     3    3    5.0000    0.6000
parameters
   -1.2126    1.3868   -0.3673   -7.8670  -22.5607   -6.1505
   -3.7719    0.3532    6.0767   23.2813   -1.3601  -28.7332
eta,q 0.97620 12.22469
  0.0246  0.0244  0.0242  0.0246  0.0245  0.0247  0.0244  0.0251  0.0243  0.0245  0.0242  0.0242
  0.0242  0.0241  0.0240  0.0243  0.0242  0.0243  0.0241  0.0244  0.0240  0.0241  0.0240  0.0240
  0.0239  0.0239  0.0239  0.0240  0.0239  0.0240  0.0239  0.0240  0.0239  0.0239  0.0238  0.0238
  0.0238  0.0238  0.0238  0.0238  0.0238  0.0238  0.0238  0.0238  0.0238  0.0238  0.0238  0.0238
  0.0239  0.0239  0.0239  0.0238  0.0239  0.0238  0.0239  0.0240  0.0239  0.0239  0.0238  0.0238
  0.0242  0.0241  0.0240  0.0241  0.0241  0.0241  0.0241  0.0244  0.0240  0.0241  0.0240  0.0240
  0.0246  0.0244  0.0242  0.0246  0.0245  0.0248  0.0244  0.0251  0.0243  0.0245  0.0242  0.0242
niter,ni,del,rscale     2    3    5.0000    0.5000
parameters
   -1.2074    1.3705   -0.3460   -7.7506  -22.5665   -6.0062
   -3.7716    0.3498    6.0638   23.2896   -1.3632  -28.6858
eta,q 0.97622 12.23139
  0.0243  0.0242  0.0241  0.0244  0.0243  0.0245  0.0242  0.0247  0.0241  0.0243  0.0241  0.0241
  0.0240  0.0240  0.0239  0.0241  0.0240  0.0242  0.0240  0.0242  0.0239  0.0240  0.0239  0.0239
  0.0239  0.0238  0.0238  0.0239  0.0239  0.0239  0.0238  0.0239  0.0238  0.0238  0.0238  0.0238
  0.0238  0.0238  0.0238  0.0238  0.0238  0.0238  0.0238  0.0238  0.0238  0.0238  0.0238  0.0238
  0.0239  0.0239  0.0238  0.0238  0.0238  0.0238  0.0238  0.0239  0.0238  0.0238  0.0238  0.0238
  0.0240  0.0240  0.0239  0.0240  0.0240  0.0240  0.0240  0.0242  0.0239  0.0240  0.0239  0.0239
  0.0243  0.0242  0.0241  0.0244  0.0243  0.0244  0.0242  0.0247  0.0242  0.0242  0.0241  0.0241
niter,ni,del,rscale     1    3    5.0000    0.4000
parameters
   -1.2036    1.3708   -0.2962   -7.6730  -22.5614   -5.8453
   -3.7647    0.3466    6.0523   23.3003   -1.3726  -28.6019
eta,q 0.97623 12.23792
  0.0241  0.0240  0.0240  0.0242  0.0241  0.0243  0.0240  0.0244  0.0240  0.0241  0.0240  0.0240
  0.0239  0.0239  0.0239  0.0240  0.0239  0.0241  0.0239  0.0241  0.0239  0.0239  0.0239  0.0239
  0.0238  0.0238  0.0238  0.0239  0.0238  0.0239  0.0238  0.0238  0.0238  0.0238  0.0238  0.0238
  0.0238  0.0238  0.0238  0.0238  0.0238  0.0238  0.0238  0.0238  0.0238  0.0238  0.0238  0.0238
  0.0238  0.0238  0.0238  0.0238  0.0238  0.0238  0.0238  0.0238  0.0238  0.0238  0.0238  0.0238
  0.0239  0.0239  0.0239  0.0239  0.0239  0.0239  0.0239  0.0241  0.0239  0.0239  0.0239  0.0238
  0.0241  0.0240  0.0239  0.0242  0.0241  0.0242  0.0240  0.0244  0.0240  0.0241  0.0240  0.0239
registration optimization eta report
parameter search radius
    0.8000    0.8000    0.8000    2.4000    2.4000    2.4000
    2.4000    2.4000    2.4000    2.4000    2.4000    2.4000
100000*second partial in parameter space
       54.       42.       31.        7.        6.        8.
        5.       11.        4.        5.        3.        3.
  0.0241  0.0240  0.0240  0.0242  0.0241  0.0243  0.0240  0.0244  0.0240  0.0241  0.0240  0.0240
  0.0239  0.0239  0.0239  0.0240  0.0239  0.0241  0.0239  0.0241  0.0239  0.0239  0.0239  0.0239
  0.0238  0.0238  0.0238  0.0239  0.0238  0.0239  0.0238  0.0238  0.0238  0.0238  0.0238  0.0238
  0.0238  0.0238  0.0238  0.0238  0.0238  0.0238  0.0238  0.0238  0.0238  0.0238  0.0238  0.0238
  0.0238  0.0238  0.0238  0.0238  0.0238  0.0238  0.0238  0.0238  0.0238  0.0238  0.0238  0.0238
  0.0239  0.0239  0.0239  0.0239  0.0239  0.0239  0.0239  0.0241  0.0239  0.0239  0.0239  0.0238
  0.0241  0.0240  0.0239  0.0242  0.0241  0.0242  0.0240  0.0244  0.0240  0.0241  0.0240  0.0239
   -1.2036    1.3708   -0.2962   -7.6730  -22.5614   -5.8453
   -3.7647    0.3466    6.0523   23.3003   -1.3726  -28.6019
eta,q 0.97623 12.23792

---------------------------------------------------------------------
compute_vox2vox talsrcimg talsrcimg_to_711-2C_as_mni_average_305_t4 /opt/freesurfer/average/711-2C_as_mni_average_305
---------------------------------------------------------------------

freesurfer compute_vox2vox.c
Reading: talsrcimg.4dfp.ifh
Reading: talsrcimg_to_711-2C_as_mni_average_305_t4
Reading: /opt/freesurfer/average/711-2C_as_mni_average_305.4dfp.ifh
Writing: talsrcimg_to_711-2C_as_mni_average_305_t4_vox2vox.txt

start time Sun Mar 8 12:45:58 CET 2026
end		time Sun Mar 8 12:47:29 CET 2026

mpr2mni305 success

avi2talxfm orig_nu.mgz /opt/freesurfer/average/mni305.cor.mgz talsrcimg_to_711-2C_as_mni_average_305_t4_vox2vox.txt transforms/talairach.auto.xfm
avi2talxfm done
mv -f /out/sourcedata/freesurfer/sub-v1s12x0050120_ses-1/mri/talsrcimg_to_711-2C_as_mni_average_305_t4_vox2vox.txt /out/sourcedata/freesurfer/sub-v1s12x0050120_ses-1/mri/transforms/talsrcimg_to_711-2C_as_mni_average_305_t4_vox2vox.txt
lta_convert --src orig_nu.mgz --trg /opt/freesurfer/average/mni305.cor.mgz --inxfm transforms/talairach.auto.xfm --outlta transforms/talairach.auto.xfm.lta --subject fsaverage
7.3.2

--src: orig_nu.mgz src image (geometry).
--trg: /opt/freesurfer/average/mni305.cor.mgz trg image (geometry).
--inmni: transforms/talairach.auto.xfm input MNI/XFM transform.
--outlta: transforms/talairach.auto.xfm.lta output LTA.
--s: fsaverage subject name
 LTA read, type : 1
 1.07981  -0.01555   0.04675   3.08757;
-0.00907   0.97327   0.35903  -6.67829;
-0.08167  -0.29163   1.17966   30.91721;
 0.00000   0.00000   0.00000   1.00000;
setting subject to fsaverage
Writing  LTA to file transforms/talairach.auto.xfm.lta...
lta_convert successful.
 
 
Started at Sun Mar 8 12:45:58 CET 2026
Ended   at Sun Mar  8 12:47:29 CET 2026
talairach_avi done
