/out/sourcedata/freesurfer/sub-v1s12x0050112_ses-1/mri
/opt/freesurfer/bin/talairach_avi
--i orig_nu.mgz --xfm transforms/talairach.auto.xfm
talairach_avi 7.3.2
Linux dna081 5.14.0-427.37.1.el9_4.x86_64 #1 SMP PREEMPT_DYNAMIC Fri Sep 13 12:41:50 EDT 2024 x86_64 x86_64 x86_64 GNU/Linux
Sun Mar  8 12:44:54 CET 2026
mri_convert orig_nu.mgz talsrcimg.img 
reading from orig_nu.mgz...
TR=0.00, TE=0.00, TI=0.00, flip angle=0.00
i_ras = (-1, 0, 0)
j_ras = (0, 0, -1)
k_ras = (0, 1, 0)
writing to talsrcimg.img...
Analyze Output Matrix
-1.00000   0.00000   0.00000   130.72639;
 0.00000   0.00000   1.00000  -114.92494;
 0.00000  -1.00000   0.00000   132.40558;
 0.00000   0.00000   0.00000   1.00000;
--------------------
INFO: set hdr.hist.orient to -1
mpr2mni305 talsrcimg
Sun Mar  8 12:44:55 CET 2026
/opt/freesurfer/bin/mpr2mni305 talsrcimg
mpr2mni305 7.3.2
target=711-2C_as_mni_average_305

---------------------------------------------------------------------
analyzeto4dfp talsrcimg -O0 -y
---------------------------------------------------------------------

freesurfer ifh2hdr.c
Sun Mar  8 12:44:55 2026
Writing: talsrcimg.4dfp.hdr
freesurfer analyzeto4dfp.c
Reading: talsrcimg.hdr
header size 348 bytes
hdr.dime.datatype	offset=70	value=2
hdr.dime.bitpix		offset=72	value=8
hdr.hist.orient		offset=252	value=-1
dimensionality     4
dimensions       256       256       256         1
Reading: talsrcimg.img
Writing: talsrcimg.4dfp.img
Writing: talsrcimg.4dfp.ifh
ifh2hdr talsrcimg -r0to222
ori=2

---------------------------------------------------------------------
gauss_4dfp talsrcimg 1.1
---------------------------------------------------------------------

freesurfer gauss_4dfp.c
Reading: talsrcimg.4dfp.img
Writing: talsrcimg_g11.4dfp.img
image dimensions 256 256 256 padded to 288 288 288
processing volume 1freesurfer ifh2hdr.c
Sun Mar  8 12:44:56 2026
Writing: talsrcimg_g11.4dfp.hdr

Writing: talsrcimg_g11.4dfp.ifh
including: talsrcimg.4dfp.img.rec in talsrcimg_g11.4dfp.img.rec

---------------------------------------------------------------------
imgreg_4dfp /opt/freesurfer/average/711-2C_as_mni_average_305 none talsrcimg_g11 none talsrcimg_to_711-2C_as_mni_average_305_t4 4355
---------------------------------------------------------------------

freesurfer imgreg_4dfp.c
/opt/freesurfer/average/711-2C_as_mni_average_305.4dfp.img
       256       256       256         1
  1.000000  1.000000  1.000000
orientation T byte_order littleendian
Reading image: /opt/freesurfer/average/711-2C_as_mni_average_305.4dfp.img
dimensions:      256       256       256
mmppix:       1.0000   -1.0000   -1.0000
center:     128.0000 -129.0000 -129.0000
talsrcimg_g11.4dfp.img
       256       256       256         1
  1.000000  1.000000  1.000000
orientation T byte_order littleendian
Reading image: talsrcimg_g11.4dfp.img
dimensions:      256       256       256
mmppix:       1.0000   -1.0000   -1.0000
center:     128.0000 -129.0000 -129.0000
t4_read: open error in t4_sub.f l:  41 t4_file(1:l)talsrcimg_to_711-2C_as_mni_average_305_t4 
t4_read: transform initialized to I4
rotation matrix determinant  1.000000
image alignment mode   4355 decimal     1103 hex
   -7.5000  -45.0000  -45.0000 9645.6387   17.0853
    0.0000  -45.0000  -45.000010038.1670   17.1091
    7.5000  -45.0000  -45.0000 9534.2598   17.1454
   -7.5000  -37.5000  -45.000010267.7383   17.0900
    0.0000  -37.5000  -45.000010690.0020   17.1067
    7.5000  -37.5000  -45.000010123.9863   17.1398
   -7.5000  -30.0000  -45.000011265.1543   17.0795
    0.0000  -30.0000  -45.000011734.2109   17.0925
    7.5000  -30.0000  -45.000011060.7686   17.1234
   -7.5000  -22.5000  -45.000012133.0820   17.0612
    0.0000  -22.5000  -45.000012650.4893   17.0781
    7.5000  -22.5000  -45.000011911.1631   17.1097
   -7.5000  -15.0000  -45.000012941.2754   17.0534
    0.0000  -15.0000  -45.000013451.6865   17.0779
    7.5000  -15.0000  -45.000012671.0586   17.1125
   -7.5000   -7.5000  -45.000013630.5049   17.0639
    0.0000   -7.5000  -45.000014146.8057   17.0915
    7.5000   -7.5000  -45.000013307.1709   17.1286
   -7.5000    0.0000  -45.000014126.1279   17.0822
    0.0000    0.0000  -45.000014668.4199   17.1060
    7.5000    0.0000  -45.000013762.4688   17.1423
   -7.5000    7.5000  -45.000013554.7734   17.0900
    0.0000    7.5000  -45.000014069.2891   17.1067
    7.5000    7.5000  -45.000013164.3486   17.1398
   -7.5000   15.0000  -45.000012901.7021   17.0795
    0.0000   15.0000  -45.000013370.6387   17.0925
    7.5000   15.0000  -45.000012491.9922   17.1234
   -7.5000   22.5000  -45.000012118.3574   17.0588
    0.0000   22.5000  -45.000012551.9404   17.0757
    7.5000   22.5000  -45.000011722.6230   17.1073
   -7.5000   30.0000  -45.000011115.1719   16.8262
    0.0000   30.0000  -45.000011539.5674   16.8503
    7.5000   30.0000  -45.000010768.1152   16.8844
   -7.5000   37.5000  -45.000010479.0479   16.8366
    0.0000   37.5000  -45.000010888.1260   16.8638
    7.5000   37.5000  -45.000010139.9473   16.9003
   -7.5000   45.0000  -45.0000 9521.5312   16.4371
    0.0000   45.0000  -45.0000 9907.2793   16.4598
    7.5000   45.0000  -45.0000 9208.9912   16.4949
   -7.5000  -45.0000  -37.500010017.7129   17.1673
    0.0000  -45.0000  -37.500010442.4688   17.1850
    7.5000  -45.0000  -37.5000 9907.4971   17.2173
   -7.5000  -37.5000  -37.500010631.3555   17.1721
    0.0000  -37.5000  -37.500011075.2314   17.1808
    7.5000  -37.5000  -37.500010501.6484   17.2070
   -7.5000  -30.0000  -37.500011673.5869   17.1597
    0.0000  -30.0000  -37.500012154.0283   17.1611
    7.5000  -30.0000  -37.500011492.7012   17.1828
   -7.5000  -22.5000  -37.500012604.4248   17.1386
    0.0000  -22.5000  -37.500013135.8301   17.1422
    7.5000  -22.5000  -37.500012379.7861   17.1660
   -7.5000  -15.0000  -37.500013444.6240   17.1291
    0.0000  -15.0000  -37.500013960.9678   17.1419
    7.5000  -15.0000  -37.500013150.5586   17.1716
   -7.5000   -7.5000  -37.500014107.0645   17.1421
    0.0000   -7.5000  -37.500014645.4150   17.1616
    7.5000   -7.5000  -37.500013781.6582   17.1954
   -7.5000    0.0000  -37.500014612.7051   17.1641
    0.0000    0.0000  -37.500015206.1289   17.1818
    7.5000    0.0000  -37.500014254.9648   17.2141
   -7.5000    7.5000  -37.500014001.4170   17.1721
    0.0000    7.5000  -37.500014550.3447   17.1808
    7.5000    7.5000  -37.500013633.7646   17.2070
   -7.5000   15.0000  -37.500013303.7217   17.1597
    0.0000   15.0000  -37.500013817.5752   17.1611
    7.5000   15.0000  -37.500012925.4297   17.1828
   -7.5000   22.5000  -37.500012477.7559   17.1362
    0.0000   22.5000  -37.500012930.3555   17.1399
    7.5000   22.5000  -37.500012095.6904   17.1636
   -7.5000   30.0000  -37.500011467.7559   16.9008
    0.0000   30.0000  -37.500011900.0801   16.9134
    7.5000   30.0000  -37.500011124.0635   16.9427
   -7.5000   37.5000  -37.500010824.4521   16.9137
    0.0000   37.5000  -37.500011256.8232   16.9329
    7.5000   37.5000  -37.500010487.9668   16.9662
   -7.5000   45.0000  -37.5000 9828.1807   16.5159
    0.0000   45.0000  -37.500010216.8008   16.5329
    7.5000   45.0000  -37.5000 9489.1240   16.5641
   -7.5000  -45.0000  -30.000010547.6924   17.9320
    0.0000  -45.0000  -30.000010996.2412   17.9435
    7.5000  -45.0000  -30.000010428.9590   17.9693
   -7.5000  -37.5000  -30.000011156.0625   17.9361
    0.0000  -37.5000  -30.000011640.9131   17.9391
    7.5000  -37.5000  -30.000011029.1963   17.9572
   -7.5000  -30.0000  -30.000012257.1113   17.9177
    0.0000  -30.0000  -30.000012788.5293   17.9117
    7.5000  -30.0000  -30.000012080.9834   17.9240
   -7.5000  -22.5000  -30.000013264.2793   17.8913
    0.0000  -22.5000  -30.000013849.5088   17.8856
    7.5000  -22.5000  -30.000013031.9443   17.9003
   -7.5000  -15.0000  -30.000014125.1426   17.8811
    0.0000  -15.0000  -30.000014695.7871   17.8839
    7.5000  -15.0000  -30.000013833.5039   17.9057
   -7.5000   -7.5000  -30.000014788.9355   17.9002
    0.0000   -7.5000  -30.000015372.0352   17.9111
    7.5000   -7.5000  -30.000014485.9434   17.9381
   -7.5000    0.0000  -30.000015354.9951   17.9287
    0.0000    0.0000  -30.000015967.3359   17.9402
    7.5000    0.0000  -30.000015029.2754   17.9659
   -7.5000    7.5000  -30.000014686.7871   17.9361
    0.0000    7.5000  -30.000015263.2100   17.9391
    7.5000    7.5000  -30.000014350.9492   17.9572
   -7.5000   15.0000  -30.000013888.2500   17.9177
    0.0000   15.0000  -30.000014423.5078   17.9117
    7.5000   15.0000  -30.000013559.2490   17.9240
   -7.5000   22.5000  -30.000013005.2227   17.8870
    0.0000   22.5000  -30.000013493.1807   17.8813
    7.5000   22.5000  -30.000012704.7383   17.8960
   -7.5000   30.0000  -30.000011990.3984   17.6445
    0.0000   30.0000  -30.000012439.4580   17.6472
    7.5000   30.0000  -30.000011679.3379   17.6688
   -7.5000   37.5000  -30.000011402.9844   17.6633
    0.0000   37.5000  -30.000011824.1445   17.6741
    7.5000   37.5000  -30.000011042.3623   17.7007
   -7.5000   45.0000  -30.000010358.3945   17.2648
    0.0000   45.0000  -30.000010742.5791   17.2758
    7.5000   45.0000  -30.0000 9980.5684   17.3008
   -7.5000  -45.0000  -22.500010956.3018   18.5483
    0.0000  -45.0000  -22.500011405.6631   18.5589
    7.5000  -45.0000  -22.500010830.0361   18.5812
   -7.5000  -37.5000  -22.500011614.2891   18.5502
    0.0000  -37.5000  -22.500012069.6875   18.5549
    7.5000  -37.5000  -22.500011468.3701   18.5728
   -7.5000  -30.0000  -22.500012738.7920   18.5273
    0.0000  -30.0000  -22.500013265.2832   18.5255
    7.5000  -30.0000  -22.500012559.7705   18.5392
   -7.5000  -22.5000  -22.500013847.0781   18.4995
    0.0000  -22.5000  -22.500014460.4951   18.4977
    7.5000  -22.5000  -22.500013615.5146   18.5116
   -7.5000  -15.0000  -22.500014774.6895   18.4917
    0.0000  -15.0000  -22.500015394.0029   18.4958
    7.5000  -15.0000  -22.500014449.1738   18.5137
   -7.5000   -7.5000  -22.500015448.3398   18.5144
    0.0000   -7.5000  -22.500016011.3564   18.5243
    7.5000   -7.5000  -22.500015131.6709   18.5463
   -7.5000    0.0000  -22.500016025.0225   18.5450
    0.0000    0.0000  -22.500016557.5410   18.5555
    7.5000    0.0000  -22.500015726.5459   18.5778
   -7.5000    7.5000  -22.500015341.6934   18.5502
    0.0000    7.5000  -22.500015859.3818   18.5549
    7.5000    7.5000  -22.500015059.5244   18.5728
   -7.5000   15.0000  -22.500014497.5869   18.5273
    0.0000   15.0000  -22.500014991.8945   18.5255
    7.5000   15.0000  -22.500014195.2910   18.5392
   -7.5000   22.5000  -22.500013602.8008   18.4938
    0.0000   22.5000  -22.500014094.2119   18.4920
    7.5000   22.5000  -22.500013275.3174   18.5059
   -7.5000   30.0000  -22.500012590.5820   18.2498
    0.0000   30.0000  -22.500013050.0352   18.2539
    7.5000   30.0000  -22.500012232.0771   18.2715
   -7.5000   37.5000  -22.500011983.3477   18.2722
    0.0000   37.5000  -22.500012421.6230   18.2820
    7.5000   37.5000  -22.500011562.4766   18.3037
   -7.5000   45.0000  -22.500010886.0039   17.8722
    0.0000   45.0000  -22.500011267.2100   17.8823
    7.5000   45.0000  -22.500010452.4697   17.9038
   -7.5000  -45.0000  -15.000011254.9873   18.9437
    0.0000  -45.0000  -15.000011686.8193   18.9604
    7.5000  -45.0000  -15.000011117.9385   18.9868
   -7.5000  -37.5000  -15.000011948.0322   18.9442
    0.0000  -37.5000  -15.000012379.5547   18.9569
    7.5000  -37.5000  -15.000011785.5488   18.9828
   -7.5000  -30.0000  -15.000013121.2178   18.9226
    0.0000  -30.0000  -15.000013648.7490   18.9327
    7.5000  -30.0000  -15.000012944.3564   18.9564
   -7.5000  -22.5000  -15.000014382.5625   18.8982
    0.0000  -22.5000  -15.000015053.7734   18.9103
    7.5000  -22.5000  -15.000014110.4961   18.9316
   -7.5000  -15.0000  -15.000015541.8291   18.8933
    0.0000  -15.0000  -15.000016237.0371   18.9097
    7.5000  -15.0000  -15.000015117.5195   18.9313
   -7.5000   -7.5000  -15.000016268.8086   18.9138
    0.0000   -7.5000  -15.000016868.8242   18.9322
    7.5000   -7.5000  -15.000015872.6201   18.9567
   -7.5000    0.0000  -15.000016786.2246   18.9403
    0.0000    0.0000  -15.000017331.4375   18.9570
    7.5000    0.0000  -15.000016496.4023   18.9834
   -7.5000    7.5000  -15.000016052.1035   18.9442
    0.0000    7.5000  -15.000016580.7305   18.9569
    7.5000    7.5000  -15.000015769.4854   18.9828
   -7.5000   15.0000  -15.000015168.3975   18.9226
    0.0000   15.0000  -15.000015691.1494   18.9327
    7.5000   15.0000  -15.000014794.5273   18.9564
   -7.5000   22.5000  -15.000014239.5127   18.8915
    0.0000   22.5000  -15.000014745.1846   18.9036
    7.5000   22.5000  -15.000013783.0312   18.9249
   -7.5000   30.0000  -15.000013183.9082   18.6488
    0.0000   30.0000  -15.000013664.4609   18.6649
    7.5000   30.0000  -15.000012708.6514   18.6863
   -7.5000   37.5000  -15.000012487.2207   18.6690
    0.0000   37.5000  -15.000012952.9668   18.6871
    7.5000   37.5000  -15.000012022.2559   18.7113
   -7.5000   45.0000  -15.000011300.1953   18.2642
    0.0000   45.0000  -15.000011709.4502   18.2802
    7.5000   45.0000  -15.000010841.6221   18.3057
   -7.5000  -45.0000   -7.500011560.3223   19.1021
    0.0000  -45.0000   -7.500011987.3809   19.1271
    7.5000  -45.0000   -7.500011447.5801   19.1629
   -7.5000  -37.5000   -7.500012274.5723   19.1049
    0.0000  -37.5000   -7.500012672.9795   19.1251
    7.5000  -37.5000   -7.500012122.7002   19.1600
   -7.5000  -30.0000   -7.500013475.2373   19.0893
    0.0000  -30.0000   -7.500013939.2266   19.1080
    7.5000  -30.0000   -7.500013298.6729   19.1413
   -7.5000  -22.5000   -7.500014881.3223   19.0684
    0.0000  -22.5000   -7.500015495.2451   19.0911
    7.5000  -22.5000   -7.500014575.2129   19.1229
   -7.5000  -15.0000   -7.500016231.8525   19.0624
    0.0000  -15.0000   -7.500016996.6348   19.0906
    7.5000  -15.0000   -7.500015790.9541   19.1229
   -7.5000   -7.5000   -7.500017055.8340   19.0771
    0.0000   -7.5000   -7.500017799.8750   19.1061
    7.5000   -7.5000   -7.500016698.3926   19.1408
   -7.5000    0.0000   -7.500017526.3945   19.0988
    0.0000    0.0000   -7.500018290.5781   19.1236
    7.5000    0.0000   -7.500017240.0391   19.1594
   -7.5000    7.5000   -7.500016719.5742   19.1049
    0.0000    7.5000   -7.500017438.3711   19.1251
    7.5000    7.5000   -7.500016350.8447   19.1600
   -7.5000   15.0000   -7.500015764.3154   19.0893
    0.0000   15.0000   -7.500016404.8340   19.1080
    7.5000   15.0000   -7.500015274.9648   19.1413
   -7.5000   22.5000   -7.500014713.8779   19.0596
    0.0000   22.5000   -7.500015242.3838   19.0823
    7.5000   22.5000   -7.500014192.8809   19.1140
   -7.5000   30.0000   -7.500013595.0176   18.8152
    0.0000   30.0000   -7.500014070.7148   18.8431
    7.5000   30.0000   -7.500013116.9746   18.8749
   -7.5000   37.5000   -7.500012854.4072   18.8297
    0.0000   37.5000   -7.500013299.8223   18.8583
    7.5000   37.5000   -7.500012413.2285   18.8926
   -7.5000   45.0000   -7.500011615.2070   18.4199
    0.0000   45.0000   -7.500011990.7676   18.4438
    7.5000   45.0000   -7.500011198.2783   18.4784
   -7.5000  -45.0000    0.000011750.1104   19.1189
    0.0000  -45.0000    0.000012183.6162   19.1455
    7.5000  -45.0000    0.000011647.9629   19.1862
   -7.5000  -37.5000    0.000012487.0273   19.1242
    0.0000  -37.5000    0.000012925.8477   19.1428
    7.5000  -37.5000    0.000012339.6094   19.1799
   -7.5000  -30.0000    0.000013717.4551   19.1124
    0.0000  -30.0000    0.000014223.0859   19.1270
    7.5000  -30.0000    0.000013551.9180   19.1615
   -7.5000  -22.5000    0.000015118.5352   19.0919
    0.0000  -22.5000    0.000015783.1162   19.1108
    7.5000  -22.5000    0.000014829.4346   19.1462
   -7.5000  -15.0000    0.000016378.2822   19.0832
    0.0000  -15.0000    0.000017122.4238   19.1106
    7.5000  -15.0000    0.000016011.6318   19.1493
   -7.5000   -7.5000    0.000017178.9863   19.0950
    0.0000   -7.5000    0.000017886.6934   19.1259
    7.5000   -7.5000    0.000016896.3672   19.1673
   -7.5000    0.0000    0.000017790.8984   19.1155
    0.0000    0.0000    0.000018529.6211   19.1420
    7.5000    0.0000    0.000017526.3066   19.1827
   -7.5000    7.5000    0.000017017.4570   19.1242
    0.0000    7.5000    0.000017725.0176   19.1428
    7.5000    7.5000    0.000016685.3770   19.1799
   -7.5000   15.0000    0.000016031.8252   19.1124
    0.0000   15.0000    0.000016669.7188   19.1270
    7.5000   15.0000    0.000015633.2012   19.1615
   -7.5000   22.5000    0.000014881.6270   19.0831
    0.0000   22.5000    0.000015418.6650   19.1020
    7.5000   22.5000    0.000014474.1650   19.1373
   -7.5000   30.0000    0.000013716.3193   18.8363
    0.0000   30.0000    0.000014206.1777   18.8633
    7.5000   30.0000    0.000013329.4229   18.9015
   -7.5000   37.5000    0.000012938.8027   18.8479
    0.0000   37.5000    0.000013419.5068   18.8783
    7.5000   37.5000    0.000012604.0889   18.9193
   -7.5000   45.0000    0.000011682.4277   18.4368
    0.0000   45.0000    0.000012085.3428   18.4624
    7.5000   45.0000    0.000011371.5967   18.5017
   -7.5000  -45.0000    7.500011087.3945   19.2107
    0.0000  -45.0000    7.500011515.9053   19.2305
    7.5000  -45.0000    7.500010963.9355   19.2666
   -7.5000  -37.5000    7.500011776.9092   19.2161
    0.0000  -37.5000    7.500012223.4590   19.2258
    7.5000  -37.5000    7.500011638.1807   19.2551
   -7.5000  -30.0000    7.500012942.5342   19.2021
    0.0000  -30.0000    7.500013479.2480   19.2037
    7.5000  -30.0000    7.500012761.3926   19.2280
   -7.5000  -22.5000    7.500014183.2822   19.1785
    0.0000  -22.5000    7.500014832.1904   19.1826
    7.5000  -22.5000    7.500013899.1943   19.2092
   -7.5000  -15.0000    7.500015186.5088   19.1679
    0.0000  -15.0000    7.500015864.4629   19.1822
    7.5000  -15.0000    7.500014912.0518   19.2154
   -7.5000   -7.5000    7.500015849.8037   19.1825
    0.0000   -7.5000    7.500016506.2324   19.2043
    7.5000   -7.5000    7.500015657.3613   19.2421
   -7.5000    0.0000    7.500016461.3711   19.2071
    0.0000    0.0000    7.500017131.1445   19.2269
    7.5000    0.0000    7.500016259.4297   19.2630
   -7.5000    7.5000    7.500015823.4980   19.2161
    0.0000    7.5000    7.500016442.1191   19.2258
    7.5000    7.5000    7.500015604.8018   19.2551
   -7.5000   15.0000    7.500014948.0137   19.2021
    0.0000   15.0000    7.500015523.5195   19.2037
    7.5000   15.0000    7.500014704.5898   19.2280
   -7.5000   22.5000    7.500013862.5762   19.1697
    0.0000   22.5000    7.500014391.6982   19.1738
    7.5000   22.5000    7.500013608.2744   19.2004
   -7.5000   30.0000    7.500012757.3613   18.9198
    0.0000   30.0000    7.500013242.7637   18.9340
    7.5000   30.0000    7.500012498.0908   18.9668
   -7.5000   37.5000    7.500012056.3857   18.9342
    0.0000   37.5000    7.500012506.0664   18.9558
    7.5000   37.5000    7.500011803.3789   18.9930
   -7.5000   45.0000    7.500010853.2656   18.5253
    0.0000   45.0000    7.500011229.6504   18.5443
    7.5000   45.0000    7.500010635.4512   18.5794
   -7.5000  -45.0000   15.000010329.2559   19.4658
    0.0000  -45.0000   15.000010743.9316   19.4788
    7.5000  -45.0000   15.000010197.6113   19.5069
   -7.5000  -37.5000   15.000010939.8223   19.4704
    0.0000  -37.5000   15.000011389.0488   19.4741
    7.5000  -37.5000   15.000010794.0117   19.4938
   -7.5000  -30.0000   15.000012040.8555   19.4506
    0.0000  -30.0000   15.000012543.6533   19.4442
    7.5000  -30.0000   15.000011832.7539   19.4575
   -7.5000  -22.5000   15.000013106.9717   19.4218
    0.0000  -22.5000   15.000013674.9482   19.4157
    7.5000  -22.5000   15.000012874.2188   19.4316
   -7.5000  -15.0000   15.000013932.4932   19.4105
    0.0000  -15.0000   15.000014500.5889   19.4137
    7.5000  -15.0000   15.000013747.0156   19.4375
   -7.5000   -7.5000   15.000014579.4199   19.4311
    0.0000   -7.5000   15.000015130.6797   19.4434
    7.5000   -7.5000   15.000014417.7725   19.4727
   -7.5000    0.0000   15.000015144.5850   19.4622
    0.0000    0.0000   15.000015714.9111   19.4752
    7.5000    0.0000   15.000014977.4180   19.5032
   -7.5000    7.5000   15.000014560.3213   19.4704
    0.0000    7.5000   15.000015104.2402   19.4741
    7.5000    7.5000   15.000014415.0068   19.4938
   -7.5000   15.0000   15.000013780.6641   19.4506
    0.0000   15.0000   15.000014312.3711   19.4442
    7.5000   15.0000   15.000013626.6406   19.4575
   -7.5000   22.5000   15.000012787.7334   19.4128
    0.0000   22.5000   15.000013281.6953   19.4068
    7.5000   22.5000   15.000012608.6592   19.4226
   -7.5000   30.0000   15.000011761.0264   19.1593
    0.0000   30.0000   15.000012205.7793   19.1625
    7.5000   30.0000   15.000011570.9141   19.1860
   -7.5000   37.5000   15.000011141.3770   19.1796
    0.0000   37.5000   15.000011563.6680   19.1918
    7.5000   37.5000   15.000010940.6592   19.2207
   -7.5000   45.0000   15.000010026.6055   18.7720
    0.0000   45.0000   15.000010381.5215   18.7845
    7.5000   45.0000   15.0000 9842.7939   18.8117
   -7.5000  -45.0000   22.5000 9530.4971   19.9105
    0.0000  -45.0000   22.5000 9905.3223   19.9238
    7.5000  -45.0000   22.5000 9387.9688   19.9479
   -7.5000  -37.5000   22.500010102.8301   19.9114
    0.0000  -37.5000   22.500010485.3320   19.9178
    7.5000  -37.5000   22.5000 9937.0918   19.9380
   -7.5000  -30.0000   22.500011113.1006   19.8867
    0.0000  -30.0000   22.500011539.7158   19.8855
    7.5000  -30.0000   22.500010905.9590   19.9014
   -7.5000  -22.5000   22.500012052.1318   19.8579
    0.0000  -22.5000   22.500012535.7979   19.8567
    7.5000  -22.5000   22.500011845.1582   19.8723
   -7.5000  -15.0000   22.500012798.4238   19.8507
    0.0000  -15.0000   22.500013276.7881   19.8563
    7.5000  -15.0000   22.500012624.1445   19.8755
   -7.5000   -7.5000   22.500013419.9287   19.8749
    0.0000   -7.5000   22.500013903.6299   19.8874
    7.5000   -7.5000   22.500013235.6143   19.9109
   -7.5000    0.0000   22.500013964.6680   19.9068
    0.0000    0.0000   22.500014444.4961   19.9200
    7.5000    0.0000   22.500013772.5859   19.9442
   -7.5000    7.5000   22.500013432.1738   19.9114
    0.0000    7.5000   22.500013911.8525   19.9178
    7.5000    7.5000   22.500013283.0469   19.9380
   -7.5000   15.0000   22.500012708.3535   19.8867
    0.0000   15.0000   22.500013180.8184   19.8855
    7.5000   15.0000   22.500012570.2021   19.9014
   -7.5000   22.5000   22.500011812.1602   19.8488
    0.0000   22.5000   22.500012260.4971   19.8475
    7.5000   22.5000   22.500011661.3525   19.8631
   -7.5000   30.0000   22.500010866.3682   19.5938
    0.0000   30.0000   22.500011277.0312   19.5993
    7.5000   30.0000   22.500010705.9707   19.6183
   -7.5000   37.5000   22.500010294.9238   19.6177
    0.0000   37.5000   22.500010676.8115   19.6300
    7.5000   37.5000   22.500010127.1152   19.6532
   -7.5000   45.0000   22.5000 9299.5381   19.2016
    0.0000   45.0000   22.5000 9617.4629   19.2144
    7.5000   45.0000   22.5000 9111.1768   19.2378
   -7.5000  -45.0000   30.0000 8710.6895   20.5225
    0.0000  -45.0000   30.0000 9036.9932   20.5455
    7.5000  -45.0000   30.0000 8591.8203   20.5765
   -7.5000  -37.5000   30.0000 9262.3213   20.5224
    0.0000  -37.5000   30.0000 9623.9043   20.5408
    7.5000  -37.5000   30.0000 9127.8867   20.5718
   -7.5000  -30.0000   30.000010196.8691   20.4961
    0.0000  -30.0000   30.000010591.9238   20.5108
    7.5000  -30.0000   30.000010010.7627   20.5394
   -7.5000  -22.5000   30.000011025.7754   20.4677
    0.0000  -22.5000   30.000011454.7344   20.4839
    7.5000  -22.5000   30.000010827.5654   20.5093
   -7.5000  -15.0000   30.000011707.6514   20.4627
    0.0000  -15.0000   30.000012138.3184   20.4839
    7.5000  -15.0000   30.000011525.0596   20.5090
   -7.5000   -7.5000   30.000012306.6494   20.4875
    0.0000   -7.5000   30.000012745.3682   20.5116
    7.5000   -7.5000   30.000012101.1143   20.5399
   -7.5000    0.0000   30.000012814.7822   20.5186
    0.0000    0.0000   30.000013255.9893   20.5416
    7.5000    0.0000   30.000012607.1191   20.5726
   -7.5000    7.5000   30.000012362.9795   20.5224
    0.0000    7.5000   30.000012814.1992   20.5408
    7.5000    7.5000   30.000012197.7363   20.5718
   -7.5000   15.0000   30.000011733.6602   20.4961
    0.0000   15.0000   30.000012184.8193   20.5108
    7.5000   15.0000   30.000011588.4355   20.5394
   -7.5000   22.5000   30.000010899.7646   20.4583
    0.0000   22.5000   30.000011340.5674   20.4745
    7.5000   22.5000   30.000010747.5371   20.4999
   -7.5000   30.0000   30.000010007.3125   20.1979
    0.0000   30.0000   30.000010391.2607   20.2188
    7.5000   30.0000   30.0000 9842.8252   20.2436
   -7.5000   37.5000   30.0000 9487.7617   20.2224
    0.0000   37.5000   30.0000 9821.0693   20.2462
    7.5000   37.5000   30.0000 9330.0420   20.2741
   -7.5000   45.0000   30.0000 8585.4932   19.7915
    0.0000   45.0000   30.0000 8868.9658   19.8136
    7.5000   45.0000   30.0000 8420.8965   19.8434
   -7.5000  -45.0000   37.5000 8286.2305   21.3314
    0.0000  -45.0000   37.5000 8619.0195   21.3619
    7.5000  -45.0000   37.5000 8184.2256   21.4023
   -7.5000  -37.5000   37.5000 8834.0459   21.3391
    0.0000  -37.5000   37.5000 9199.5420   21.3622
    7.5000  -37.5000   37.5000 8715.5654   21.4024
   -7.5000  -30.0000   37.5000 9729.5518   21.3230
    0.0000  -30.0000   37.500010122.3750   21.3424
    7.5000  -30.0000   37.5000 9561.4297   21.3810
   -7.5000  -22.5000   37.500010512.1406   21.2960
    0.0000  -22.5000   37.500010920.0273   21.3201
    7.5000  -22.5000   37.500010334.2842   21.3561
   -7.5000  -15.0000   37.500011136.4648   21.2847
    0.0000  -15.0000   37.500011547.3213   21.3170
    7.5000  -15.0000   37.500010973.6445   21.3528
   -7.5000   -7.5000   37.500011710.3730   21.2997
    0.0000   -7.5000   37.500012121.8047   21.3348
    7.5000   -7.5000   37.500011520.5664   21.3732
   -7.5000    0.0000   37.500012227.8984   21.3272
    0.0000    0.0000   37.500012643.1074   21.3577
    7.5000    0.0000   37.500012029.6660   21.3980
   -7.5000    7.5000   37.500011837.4668   21.3391
    0.0000    7.5000   37.500012256.2695   21.3622
    7.5000    7.5000   37.500011666.3936   21.4024
   -7.5000   15.0000   37.500011216.2236   21.3230
    0.0000   15.0000   37.500011642.0850   21.3424
    7.5000   15.0000   37.500011091.2324   21.3810
   -7.5000   22.5000   37.500010431.2725   21.2862
    0.0000   22.5000   37.500010849.5859   21.3103
    7.5000   22.5000   37.500010309.5859   21.3462
   -7.5000   30.0000   37.5000 9566.2578   21.0092
    0.0000   30.0000   37.5000 9943.5527   21.0411
    7.5000   30.0000   37.5000 9428.4902   21.0764
   -7.5000   37.5000   37.5000 9061.5000   21.0241
    0.0000   37.5000   37.5000 9398.4082   21.0587
    7.5000   37.5000   37.5000 8913.6455   21.0966
   -7.5000   45.0000   37.5000 8217.0127   20.5694
    0.0000   45.0000   37.5000 8501.3779   20.5987
    7.5000   45.0000   37.5000 8071.3086   20.6376
   -7.5000  -45.0000   45.0000 7564.5684   22.3031
    0.0000  -45.0000   45.0000 7856.1758   22.3204
    7.5000  -45.0000   45.0000 7464.2373   22.3550
   -7.5000  -37.5000   45.0000 8077.6147   22.3084
    0.0000  -37.5000   45.0000 8403.3594   22.3114
    7.5000  -37.5000   45.0000 7954.4683   22.3400
   -7.5000  -30.0000   45.0000 8900.4697   22.2972
    0.0000  -30.0000   45.0000 9253.2803   22.2912
    7.5000  -30.0000   45.0000 8754.2119   22.3146
   -7.5000  -22.5000   45.0000 9623.2773   22.2778
    0.0000  -22.5000   45.0000 9982.6055   22.2779
    7.5000  -22.5000   45.0000 9477.0000   22.3016
   -7.5000  -15.0000   45.000010197.8818   22.2695
    0.0000  -15.0000   45.000010563.5850   22.2844
    7.5000  -15.0000   45.000010057.9541   22.3136
   -7.5000   -7.5000   45.000010717.3389   22.2789
    0.0000   -7.5000   45.000011082.2461   22.3018
    7.5000   -7.5000   45.000010565.6914   22.3368
   -7.5000    0.0000   45.000011176.8535   22.2984
    0.0000    0.0000   45.000011553.9443   22.3156
    7.5000    0.0000   45.000011008.4629   22.3502
   -7.5000    7.5000   45.000010848.4932   22.3084
    0.0000    7.5000   45.000011216.1670   22.3114
    7.5000    7.5000   45.000010676.5176   22.3400
   -7.5000   15.0000   45.000010306.9990   22.2972
    0.0000   15.0000   45.000010675.1475   22.2912
    7.5000   15.0000   45.000010151.3125   22.3146
   -7.5000   22.5000   45.0000 9590.0400   22.2675
    0.0000   22.5000   45.0000 9939.1797   22.2676
    7.5000   22.5000   45.0000 9462.2031   22.2912
   -7.5000   30.0000   45.0000 8789.1279   21.9794
    0.0000   30.0000   45.0000 9119.4062   21.9941
    7.5000   30.0000   45.0000 8667.6846   22.0229
   -7.5000   37.5000   45.0000 8358.0498   21.9886
    0.0000   37.5000   45.0000 8645.7354   22.0113
    7.5000   37.5000   45.0000 8203.0811   22.0458
   -7.5000   45.0000   45.0000 7591.7959   21.5115
    0.0000   45.0000   45.0000 7842.8130   21.5280
    7.5000   45.0000   45.0000 7438.0723   21.5614

---------------------------------------------------------------------
imgreg_4dfp /opt/freesurfer/average/711-2C_as_mni_average_305 /opt/freesurfer/average/711-2B_as_mni_average_305_mask talsrcimg_g11 none talsrcimg_to_711-2C_as_mni_average_305_t4 4355
---------------------------------------------------------------------

freesurfer imgreg_4dfp.c
/opt/freesurfer/average/711-2C_as_mni_average_305.4dfp.img
       256       256       256         1
  1.000000  1.000000  1.000000
orientation T byte_order littleendian
Reading image: /opt/freesurfer/average/711-2C_as_mni_average_305.4dfp.img
dimensions:      256       256       256
mmppix:       1.0000   -1.0000   -1.0000
center:     128.0000 -129.0000 -129.0000
/opt/freesurfer/average/711-2B_as_mni_average_305_mask.4dfp.img
       256       256       256         1
  1.000000  1.000000  1.000000
orientation T byte_order littleendian
Reading mask: /opt/freesurfer/average/711-2B_as_mni_average_305_mask.4dfp.img (2306576 pixels)
talsrcimg_g11.4dfp.img
       256       256       256         1
  1.000000  1.000000  1.000000
orientation T byte_order littleendian
Reading image: talsrcimg_g11.4dfp.img
dimensions:      256       256       256
mmppix:       1.0000   -1.0000   -1.0000
center:     128.0000 -129.0000 -129.0000
rotation matrix determinant  1.000000
image alignment mode   4355 decimal     1103 hex
   -7.5000  -45.0000  -45.0000 2404.4980   16.4857
    0.0000  -45.0000  -45.0000 2411.9434   16.5203
    7.5000  -45.0000  -45.0000 2390.5994   16.7415
   -7.5000  -37.5000  -45.0000 2499.1362   15.2369
    0.0000  -37.5000  -45.0000 2506.1396   15.2496
    7.5000  -37.5000  -45.0000 2479.6343   15.4577
   -7.5000  -30.0000  -45.0000 2564.3494   14.4070
    0.0000  -30.0000  -45.0000 2571.4055   14.3914
    7.5000  -30.0000  -45.0000 2542.2678   14.5384
   -7.5000  -22.5000  -45.0000 2603.0730   13.8965
    0.0000  -22.5000  -45.0000 2614.1423   13.8656
    7.5000  -22.5000  -45.0000 2585.0593   14.0129
   -7.5000  -15.0000  -45.0000 2626.7432   13.6050
    0.0000  -15.0000  -45.0000 2632.8118   13.5614
    7.5000  -15.0000  -45.0000 2601.6411   13.7344
   -7.5000   -7.5000  -45.0000 2633.6667   13.4526
    0.0000   -7.5000  -45.0000 2639.5188   13.4367
    7.5000   -7.5000  -45.0000 2609.6838   13.6559
   -7.5000    0.0000  -45.0000 2621.8591   13.5660
    0.0000    0.0000  -45.0000 2630.9055   13.5867
    7.5000    0.0000  -45.0000 2602.2405   13.8143
   -7.5000    7.5000  -45.0000 2596.4297   14.0092
    0.0000    7.5000  -45.0000 2603.8384   14.0303
    7.5000    7.5000  -45.0000 2576.6587   14.2336
   -7.5000   15.0000  -45.0000 2540.0242   14.6563
    0.0000   15.0000  -45.0000 2545.7014   14.6939
    7.5000   15.0000  -45.0000 2518.7458   14.9076
   -7.5000   22.5000  -45.0000 2463.8975   15.5522
    0.0000   22.5000  -45.0000 2473.4014   15.5766
    7.5000   22.5000  -45.0000 2447.8672   15.8197
   -7.5000   30.0000  -45.0000 2361.0469   16.7761
    0.0000   30.0000  -45.0000 2370.3267   16.8186
    7.5000   30.0000  -45.0000 2348.5278   17.1245
   -7.5000   37.5000  -45.0000 2244.4253   18.4724
    0.0000   37.5000  -45.0000 2249.3799   18.4910
    7.5000   37.5000  -45.0000 2229.0125   18.8571
   -7.5000   45.0000  -45.0000 2114.5955   20.7726
    0.0000   45.0000  -45.0000 2124.2056   20.8159
    7.5000   45.0000  -45.0000 2098.2769   21.1860
   -7.5000  -45.0000  -37.5000 2451.3635   15.8794
    0.0000  -45.0000  -37.5000 2462.8269   15.8884
    7.5000  -45.0000  -37.5000 2437.9800   16.1290
   -7.5000  -37.5000  -37.5000 2541.9148   14.5843
    0.0000  -37.5000  -37.5000 2551.6826   14.5804
    7.5000  -37.5000  -37.5000 2527.5059   14.8123
   -7.5000  -30.0000  -37.5000 2623.3296   13.6775
    0.0000  -30.0000  -37.5000 2627.4944   13.6371
    7.5000  -30.0000  -37.5000 2603.7551   13.8459
   -7.5000  -22.5000  -37.5000 2670.2480   13.1487
    0.0000  -22.5000  -37.5000 2679.3496   13.0780
    7.5000  -22.5000  -37.5000 2653.6689   13.2524
   -7.5000  -15.0000  -37.5000 2699.5286   12.8449
    0.0000  -15.0000  -37.5000 2704.8152   12.7726
    7.5000  -15.0000  -37.5000 2677.4055   12.9564
   -7.5000   -7.5000  -37.5000 2707.0186   12.7060
    0.0000   -7.5000  -37.5000 2713.9722   12.6608
    7.5000   -7.5000  -37.5000 2683.4255   12.8955
   -7.5000    0.0000  -37.5000 2698.0908   12.8716
    0.0000    0.0000  -37.5000 2709.6409   12.8680
    7.5000    0.0000  -37.5000 2678.8472   13.0692
   -7.5000    7.5000  -37.5000 2673.5959   13.2919
    0.0000    7.5000  -37.5000 2683.9934   13.2754
    7.5000    7.5000  -37.5000 2656.1323   13.4782
   -7.5000   15.0000  -37.5000 2615.2886   13.8851
    0.0000   15.0000  -37.5000 2626.6980   13.8654
    7.5000   15.0000  -37.5000 2602.7004   14.1134
   -7.5000   22.5000  -37.5000 2535.7495   14.7166
    0.0000   22.5000  -37.5000 2542.7048   14.6981
    7.5000   22.5000  -37.5000 2524.2698   14.9990
   -7.5000   30.0000  -37.5000 2426.5110   15.9374
    0.0000   30.0000  -37.5000 2435.7202   15.9160
    7.5000   30.0000  -37.5000 2417.1494   16.2440
   -7.5000   37.5000  -37.5000 2308.9331   17.6027
    0.0000   37.5000  -37.5000 2320.0554   17.5922
    7.5000   37.5000  -37.5000 2295.3303   17.9205
   -7.5000   45.0000  -37.5000 2177.8696   19.7845
    0.0000   45.0000  -37.5000 2184.1990   19.8192
    7.5000   45.0000  -37.5000 2157.1389   20.1456
   -7.5000  -45.0000  -30.0000 2532.7590   15.8952
    0.0000  -45.0000  -30.0000 2543.6128   15.8992
    7.5000  -45.0000  -30.0000 2521.5784   16.1474
   -7.5000  -37.5000  -30.0000 2629.3264   14.5455
    0.0000  -37.5000  -30.0000 2641.9807   14.5173
    7.5000  -37.5000  -30.0000 2615.9958   14.7526
   -7.5000  -30.0000  -30.0000 2718.8284   13.5555
    0.0000  -30.0000  -30.0000 2729.3611   13.4975
    7.5000  -30.0000  -30.0000 2705.9390   13.7355
   -7.5000  -22.5000  -30.0000 2779.1475   12.9267
    0.0000  -22.5000  -30.0000 2793.6919   12.8436
    7.5000  -22.5000  -30.0000 2764.6079   13.0589
   -7.5000  -15.0000  -30.0000 2815.2605   12.5712
    0.0000  -15.0000  -30.0000 2827.1519   12.4700
    7.5000  -15.0000  -30.0000 2796.1892   12.7031
   -7.5000   -7.5000  -30.0000 2829.6248   12.4075
    0.0000   -7.5000  -30.0000 2842.9963   12.3278
    7.5000   -7.5000  -30.0000 2808.9084   12.6077
   -7.5000    0.0000  -30.0000 2826.1521   12.5929
    0.0000    0.0000  -30.0000 2838.8137   12.5512
    7.5000    0.0000  -30.0000 2805.6665   12.8266
   -7.5000    7.5000  -30.0000 2795.4871   13.0578
    0.0000    7.5000  -30.0000 2809.7146   12.9870
    7.5000    7.5000  -30.0000 2779.9771   13.2631
   -7.5000   15.0000  -30.0000 2734.8831   13.6577
    0.0000   15.0000  -30.0000 2743.5596   13.5739
    7.5000   15.0000  -30.0000 2722.0476   13.8976
   -7.5000   22.5000  -30.0000 2648.8533   14.5126
    0.0000   22.5000  -30.0000 2656.5774   14.4433
    7.5000   22.5000  -30.0000 2638.4727   14.7929
   -7.5000   30.0000  -30.0000 2539.7393   15.7402
    0.0000   30.0000  -30.0000 2546.9153   15.6805
    7.5000   30.0000  -30.0000 2522.5278   16.0395
   -7.5000   37.5000  -30.0000 2423.2642   17.4170
    0.0000   37.5000  -30.0000 2430.3538   17.3768
    7.5000   37.5000  -30.0000 2399.8525   17.7477
   -7.5000   45.0000  -30.0000 2274.4553   19.5892
    0.0000   45.0000  -30.0000 2281.5449   19.6075
    7.5000   45.0000  -30.0000 2253.5017   19.9533
   -7.5000  -45.0000  -22.5000 2567.3997   15.8571
    0.0000  -45.0000  -22.5000 2577.9021   15.8095
    7.5000  -45.0000  -22.5000 2555.6802   16.1383
   -7.5000  -37.5000  -22.5000 2673.0557   14.4796
    0.0000  -37.5000  -22.5000 2683.6565   14.3995
    7.5000  -37.5000  -22.5000 2663.7070   14.6974
   -7.5000  -30.0000  -22.5000 2769.9644   13.4426
    0.0000  -30.0000  -22.5000 2779.4792   13.3646
    7.5000  -30.0000  -22.5000 2760.2141   13.6558
   -7.5000  -22.5000  -22.5000 2844.5745   12.7489
    0.0000  -22.5000  -22.5000 2859.0889   12.6555
    7.5000  -22.5000  -22.5000 2834.6392   12.9283
   -7.5000  -15.0000  -22.5000 2889.6138   12.3405
    0.0000  -15.0000  -22.5000 2902.9224   12.2509
    7.5000  -15.0000  -22.5000 2871.8335   12.5445
   -7.5000   -7.5000  -22.5000 2911.9958   12.0914
    0.0000   -7.5000  -22.5000 2917.1929   12.0059
    7.5000   -7.5000  -22.5000 2887.6350   12.3861
   -7.5000    0.0000  -22.5000 2908.2263   12.2780
    0.0000    0.0000  -22.5000 2912.0652   12.1629
    7.5000    0.0000  -22.5000 2884.1072   12.6001
   -7.5000    7.5000  -22.5000 2877.2937   12.7787
    0.0000    7.5000  -22.5000 2880.8425   12.6402
    7.5000    7.5000  -22.5000 2853.5012   13.0458
   -7.5000   15.0000  -22.5000 2818.3857   13.4271
    0.0000   15.0000  -22.5000 2819.7427   13.3215
    7.5000   15.0000  -22.5000 2795.0229   13.7053
   -7.5000   22.5000  -22.5000 2726.5266   14.3057
    0.0000   22.5000  -22.5000 2731.6719   14.2130
    7.5000   22.5000  -22.5000 2710.8174   14.5900
   -7.5000   30.0000  -22.5000 2611.9565   15.5327
    0.0000   30.0000  -22.5000 2617.9719   15.4920
    7.5000   30.0000  -22.5000 2597.0928   15.8236
   -7.5000   37.5000  -22.5000 2488.8760   17.2151
    0.0000   37.5000  -22.5000 2494.8086   17.1915
    7.5000   37.5000  -22.5000 2467.0417   17.5242
   -7.5000   45.0000  -22.5000 2334.8672   19.3371
    0.0000   45.0000  -22.5000 2340.5442   19.3192
    7.5000   45.0000  -22.5000 2315.9429   19.7044
   -7.5000  -45.0000  -15.0000 2562.9504   15.8208
    0.0000  -45.0000  -15.0000 2568.0754   15.7532
    7.5000  -45.0000  -15.0000 2548.8518   16.1284
   -7.5000  -37.5000  -15.0000 2678.6484   14.4273
    0.0000  -37.5000  -15.0000 2686.3298   14.3496
    7.5000  -37.5000  -15.0000 2665.9500   14.7003
   -7.5000  -30.0000  -15.0000 2784.7368   13.3896
    0.0000  -30.0000  -15.0000 2795.4473   13.3109
    7.5000  -30.0000  -15.0000 2771.4292   13.6421
   -7.5000  -22.5000  -15.0000 2874.7273   12.7048
    0.0000  -22.5000  -15.0000 2889.2393   12.6395
    7.5000  -22.5000  -15.0000 2863.7026   12.9299
   -7.5000  -15.0000  -15.0000 2929.5308   12.3432
    0.0000  -15.0000  -15.0000 2943.3843   12.2620
    7.5000  -15.0000  -15.0000 2908.7144   12.5314
   -7.5000   -7.5000  -15.0000 2953.2908   12.0551
    0.0000   -7.5000  -15.0000 2956.2749   11.9633
    7.5000   -7.5000  -15.0000 2922.9983   12.3603
   -7.5000    0.0000  -15.0000 2947.4417   12.1633
    0.0000    0.0000  -15.0000 2944.2815   12.0526
    7.5000    0.0000  -15.0000 2918.6436   12.5200
   -7.5000    7.5000  -15.0000 2914.5828   12.5965
    0.0000    7.5000  -15.0000 2912.9888   12.5015
    7.5000    7.5000  -15.0000 2884.3574   12.9407
   -7.5000   15.0000  -15.0000 2846.4797   13.2724
    0.0000   15.0000  -15.0000 2852.5012   13.2296
    7.5000   15.0000  -15.0000 2818.6111   13.5787
   -7.5000   22.5000  -15.0000 2754.3262   14.2210
    0.0000   22.5000  -15.0000 2763.2219   14.1805
    7.5000   22.5000  -15.0000 2729.5459   14.4612
   -7.5000   30.0000  -15.0000 2639.8308   15.4528
    0.0000   30.0000  -15.0000 2650.7576   15.4467
    7.5000   30.0000  -15.0000 2619.5876   15.6822
   -7.5000   37.5000  -15.0000 2513.6777   17.0850
    0.0000   37.5000  -15.0000 2526.3872   17.1124
    7.5000   37.5000  -15.0000 2491.1428   17.3293
   -7.5000   45.0000  -15.0000 2358.9785   19.2217
    0.0000   45.0000  -15.0000 2369.3887   19.2571
    7.5000   45.0000  -15.0000 2338.2112   19.4866
   -7.5000  -45.0000   -7.5000 2539.9067   15.8954
    0.0000  -45.0000   -7.5000 2547.7849   15.7624
    7.5000  -45.0000   -7.5000 2527.5740   16.2287
   -7.5000  -37.5000   -7.5000 2662.5317   14.4767
    0.0000  -37.5000   -7.5000 2670.2461   14.3233
    7.5000  -37.5000   -7.5000 2649.4021   14.7661
   -7.5000  -30.0000   -7.5000 2771.4656   13.4472
    0.0000  -30.0000   -7.5000 2781.8411   13.3119
    7.5000  -30.0000   -7.5000 2757.5872   13.7267
   -7.5000  -22.5000   -7.5000 2870.8191   12.8198
    0.0000  -22.5000   -7.5000 2881.4626   12.7214
    7.5000  -22.5000   -7.5000 2855.8640   13.0732
   -7.5000  -15.0000   -7.5000 2943.0659   12.5214
    0.0000  -15.0000   -7.5000 2956.6597   12.4495
    7.5000  -15.0000   -7.5000 2918.7595   12.7447
   -7.5000   -7.5000   -7.5000 2973.8474   12.2741
    0.0000   -7.5000   -7.5000 2984.2944   12.2633
    7.5000   -7.5000   -7.5000 2935.5925   12.5908
   -7.5000    0.0000   -7.5000 2956.5627   12.2376
    0.0000    0.0000   -7.5000 2969.8162   12.2257
    7.5000    0.0000   -7.5000 2920.8481   12.6198
   -7.5000    7.5000   -7.5000 2915.1655   12.5671
    0.0000    7.5000   -7.5000 2927.7283   12.5470
    7.5000    7.5000   -7.5000 2879.8904   12.9108
   -7.5000   15.0000   -7.5000 2845.5374   13.2851
    0.0000   15.0000   -7.5000 2858.9761   13.2426
    7.5000   15.0000   -7.5000 2814.2024   13.5199
   -7.5000   22.5000   -7.5000 2750.4485   14.2867
    0.0000   22.5000   -7.5000 2756.8586   14.2293
    7.5000   22.5000   -7.5000 2726.9885   14.4496
   -7.5000   30.0000   -7.5000 2636.6270   15.5367
    0.0000   30.0000   -7.5000 2645.5676   15.4904
    7.5000   30.0000   -7.5000 2615.8027   15.7115
   -7.5000   37.5000   -7.5000 2514.2278   17.1464
    0.0000   37.5000   -7.5000 2522.0493   17.1058
    7.5000   37.5000   -7.5000 2488.8784   17.3596
   -7.5000   45.0000   -7.5000 2357.3279   19.2344
    0.0000   45.0000   -7.5000 2362.8113   19.2275
    7.5000   45.0000   -7.5000 2333.8557   19.4991
   -7.5000  -45.0000    0.0000 2499.0034   16.2718
    0.0000  -45.0000    0.0000 2509.3501   16.0441
    7.5000  -45.0000    0.0000 2490.3911   16.5662
   -7.5000  -37.5000    0.0000 2623.1040   14.8396
    0.0000  -37.5000    0.0000 2634.2891   14.6690
    7.5000  -37.5000    0.0000 2607.2849   15.1141
   -7.5000  -30.0000    0.0000 2738.6504   13.8250
    0.0000  -30.0000    0.0000 2751.4648   13.6956
    7.5000  -30.0000    0.0000 2719.8621   14.1135
   -7.5000  -22.5000    0.0000 2843.4280   13.1830
    0.0000  -22.5000    0.0000 2859.4036   13.1368
    7.5000  -22.5000    0.0000 2815.7773   13.4846
   -7.5000  -15.0000    0.0000 2925.1221   12.8380
    0.0000  -15.0000    0.0000 2944.6526   12.8356
    7.5000  -15.0000    0.0000 2889.0952   13.0925
   -7.5000   -7.5000    0.0000 2955.7441   12.5140
    0.0000   -7.5000    0.0000 2970.9263   12.5218
    7.5000   -7.5000    0.0000 2915.9409   12.8625
   -7.5000    0.0000    0.0000 2946.8296   12.5231
    0.0000    0.0000    0.0000 2958.0449   12.4896
    7.5000    0.0000    0.0000 2909.0139   12.8890
   -7.5000    7.5000    0.0000 2902.7625   12.9133
    0.0000    7.5000    0.0000 2915.1182   12.8893
    7.5000    7.5000    0.0000 2863.5793   13.2099
   -7.5000   15.0000    0.0000 2830.3184   13.6086
    0.0000   15.0000    0.0000 2844.7363   13.5803
    7.5000   15.0000    0.0000 2792.0322   13.8244
   -7.5000   22.5000    0.0000 2727.1321   14.6187
    0.0000   22.5000    0.0000 2733.7737   14.5626
    7.5000   22.5000    0.0000 2700.8477   14.7661
   -7.5000   30.0000    0.0000 2612.1768   15.8444
    0.0000   30.0000    0.0000 2615.2566   15.8146
    7.5000   30.0000    0.0000 2588.7646   15.9906
   -7.5000   37.5000    0.0000 2487.8833   17.3932
    0.0000   37.5000    0.0000 2496.9902   17.3736
    7.5000   37.5000    0.0000 2461.2554   17.5825
   -7.5000   45.0000    0.0000 2333.0500   19.4393
    0.0000   45.0000    0.0000 2340.5842   19.4387
    7.5000   45.0000    0.0000 2313.5247   19.6557
   -7.5000  -45.0000    7.5000 2458.0217   16.9674
    0.0000  -45.0000    7.5000 2469.3647   16.7999
    7.5000  -45.0000    7.5000 2445.1118   17.2959
   -7.5000  -37.5000    7.5000 2582.8108   15.5270
    0.0000  -37.5000    7.5000 2596.7417   15.4381
    7.5000  -37.5000    7.5000 2563.4294   15.8671
   -7.5000  -30.0000    7.5000 2695.8643   14.4785
    0.0000  -30.0000    7.5000 2716.1479   14.4394
    7.5000  -30.0000    7.5000 2669.6182   14.7909
   -7.5000  -22.5000    7.5000 2796.5703   13.7904
    0.0000  -22.5000    7.5000 2815.2432   13.7567
    7.5000  -22.5000    7.5000 2762.9141   14.0502
   -7.5000  -15.0000    7.5000 2875.9014   13.3164
    0.0000  -15.0000    7.5000 2894.4668   13.2989
    7.5000  -15.0000    7.5000 2836.2429   13.5677
   -7.5000   -7.5000    7.5000 2908.1519   12.9372
    0.0000   -7.5000    7.5000 2919.2593   12.9080
    7.5000   -7.5000    7.5000 2868.7600   13.3043
   -7.5000    0.0000    7.5000 2912.4646   12.9515
    0.0000    0.0000    7.5000 2925.5706   12.9059
    7.5000    0.0000    7.5000 2870.9802   13.2913
   -7.5000    7.5000    7.5000 2866.7991   13.4115
    0.0000    7.5000    7.5000 2878.0671   13.3519
    7.5000    7.5000    7.5000 2827.0273   13.6828
   -7.5000   15.0000    7.5000 2793.8667   14.1440
    0.0000   15.0000    7.5000 2806.0669   14.0316
    7.5000   15.0000    7.5000 2756.1182   14.3425
   -7.5000   22.5000    7.5000 2692.3650   15.1456
    0.0000   22.5000    7.5000 2702.4541   15.0757
    7.5000   22.5000    7.5000 2664.8181   15.3478
   -7.5000   30.0000    7.5000 2569.6646   16.4007
    0.0000   30.0000    7.5000 2582.8816   16.3682
    7.5000   30.0000    7.5000 2549.8796   16.6076
   -7.5000   37.5000    7.5000 2446.5161   17.9485
    0.0000   37.5000    7.5000 2455.6450   17.9140
    7.5000   37.5000    7.5000 2421.5554   18.1590
   -7.5000   45.0000    7.5000 2291.7761   19.9986
    0.0000   45.0000    7.5000 2300.0073   19.9716
    7.5000   45.0000    7.5000 2277.8428   20.1836
   -7.5000  -45.0000   15.0000 2411.8037   17.9636
    0.0000  -45.0000   15.0000 2428.8672   17.9233
    7.5000  -45.0000   15.0000 2393.8716   18.3524
   -7.5000  -37.5000   15.0000 2528.6833   16.4543
    0.0000  -37.5000   15.0000 2548.0244   16.4368
    7.5000  -37.5000   15.0000 2506.9561   16.8247
   -7.5000  -30.0000   15.0000 2642.0908   15.3372
    0.0000  -30.0000   15.0000 2657.4084   15.3150
    7.5000  -30.0000   15.0000 2611.0129   15.6398
   -7.5000  -22.5000   15.0000 2736.9429   14.5390
    0.0000  -22.5000   15.0000 2750.3464   14.5209
    7.5000  -22.5000   15.0000 2703.7898   14.8150
   -7.5000  -15.0000   15.0000 2808.0273   13.9641
    0.0000  -15.0000   15.0000 2821.5627   13.9362
    7.5000  -15.0000   15.0000 2770.9343   14.2939
   -7.5000   -7.5000   15.0000 2836.6411   13.6126
    0.0000   -7.5000   15.0000 2843.0293   13.5797
    7.5000   -7.5000   15.0000 2799.6213   13.9695
   -7.5000    0.0000   15.0000 2831.9788   13.6935
    0.0000    0.0000   15.0000 2841.3379   13.6391
    7.5000    0.0000   15.0000 2796.0493   13.9990
   -7.5000    7.5000   15.0000 2790.4341   14.1020
    0.0000    7.5000   15.0000 2804.5752   14.0291
    7.5000    7.5000   15.0000 2761.8528   14.3850
   -7.5000   15.0000   15.0000 2724.2866   14.7803
    0.0000   15.0000   15.0000 2737.8962   14.6968
    7.5000   15.0000   15.0000 2694.0510   15.0403
   -7.5000   22.5000   15.0000 2634.6221   15.7435
    0.0000   22.5000   15.0000 2648.1562   15.6618
    7.5000   22.5000   15.0000 2607.2622   15.9738
   -7.5000   30.0000   15.0000 2519.4700   17.0591
    0.0000   30.0000   15.0000 2530.4561   16.9685
    7.5000   30.0000   15.0000 2499.6201   17.2642
   -7.5000   37.5000   15.0000 2390.3125   18.6931
    0.0000   37.5000   15.0000 2401.6821   18.6484
    7.5000   37.5000   15.0000 2373.9565   18.9227
   -7.5000   45.0000   15.0000 2236.0276   20.7531
    0.0000   45.0000   15.0000 2243.4231   20.7409
    7.5000   45.0000   15.0000 2221.7451   20.9891
   -7.5000  -45.0000   22.5000 2362.7996   19.1469
    0.0000  -45.0000   22.5000 2375.1021   19.1260
    7.5000  -45.0000   22.5000 2342.4980   19.5091
   -7.5000  -37.5000   22.5000 2476.4500   17.5152
    0.0000  -37.5000   22.5000 2488.5996   17.4937
    7.5000  -37.5000   22.5000 2452.2766   17.8733
   -7.5000  -30.0000   22.5000 2583.2148   16.2984
    0.0000  -30.0000   22.5000 2596.6555   16.2697
    7.5000  -30.0000   22.5000 2550.5349   16.6236
   -7.5000  -22.5000   22.5000 2670.6514   15.4357
    0.0000  -22.5000   22.5000 2684.5044   15.4084
    7.5000  -22.5000   22.5000 2637.0330   15.7650
   -7.5000  -15.0000   22.5000 2729.7732   14.7927
    0.0000  -15.0000   22.5000 2740.2981   14.7798
    7.5000  -15.0000   22.5000 2690.4678   15.1667
   -7.5000   -7.5000   22.5000 2753.6643   14.4734
    0.0000   -7.5000   22.5000 2759.9199   14.4379
    7.5000   -7.5000   22.5000 2713.3328   14.7833
   -7.5000    0.0000   22.5000 2743.9202   14.5961
    0.0000    0.0000   22.5000 2749.6211   14.5386
    7.5000    0.0000   22.5000 2706.5010   14.8675
   -7.5000    7.5000   22.5000 2706.0769   14.9708
    0.0000    7.5000   22.5000 2716.5044   14.9265
    7.5000    7.5000   22.5000 2680.7446   15.2579
   -7.5000   15.0000   22.5000 2643.6460   15.6192
    0.0000   15.0000   22.5000 2655.7261   15.5612
    7.5000   15.0000   22.5000 2618.2817   15.9254
   -7.5000   22.5000   22.5000 2566.9021   16.5751
    0.0000   22.5000   22.5000 2575.6331   16.4859
    7.5000   22.5000   22.5000 2534.9248   16.8465
   -7.5000   30.0000   22.5000 2457.5420   17.8435
    0.0000   30.0000   22.5000 2465.4697   17.7726
    7.5000   30.0000   22.5000 2429.9714   18.0945
   -7.5000   37.5000   22.5000 2325.2258   19.5073
    0.0000   37.5000   22.5000 2334.2529   19.4649
    7.5000   37.5000   22.5000 2310.1841   19.7893
   -7.5000   45.0000   22.5000 2180.7170   21.6967
    0.0000   45.0000   22.5000 2182.3333   21.6829
    7.5000   45.0000   22.5000 2163.5183   21.9725
   -7.5000  -45.0000   30.0000 2299.9775   20.4795
    0.0000  -45.0000   30.0000 2309.4097   20.4236
    7.5000  -45.0000   30.0000 2281.3110   20.8229
   -7.5000  -37.5000   30.0000 2413.0674   18.7468
    0.0000  -37.5000   30.0000 2426.7231   18.7223
    7.5000  -37.5000   30.0000 2387.4358   19.1119
   -7.5000  -30.0000   30.0000 2509.8530   17.4479
    0.0000  -30.0000   30.0000 2525.0540   17.4457
    7.5000  -30.0000   30.0000 2478.3430   17.8016
   -7.5000  -22.5000   30.0000 2588.1240   16.5071
    0.0000  -22.5000   30.0000 2602.1511   16.4660
    7.5000  -22.5000   30.0000 2552.0847   16.8548
   -7.5000  -15.0000   30.0000 2635.6675   15.8406
    0.0000  -15.0000   30.0000 2644.9353   15.8166
    7.5000  -15.0000   30.0000 2597.2102   16.1876
   -7.5000   -7.5000   30.0000 2661.6091   15.5147
    0.0000   -7.5000   30.0000 2667.3191   15.4954
    7.5000   -7.5000   30.0000 2621.4326   15.8068
   -7.5000    0.0000   30.0000 2646.8977   15.6160
    0.0000    0.0000   30.0000 2654.4697   15.5756
    7.5000    0.0000   30.0000 2614.1533   15.8725
   -7.5000    7.5000   30.0000 2612.4260   16.0295
    0.0000    7.5000   30.0000 2623.7600   15.9842
    7.5000    7.5000   30.0000 2589.3301   16.2875
   -7.5000   15.0000   30.0000 2558.0439   16.6812
    0.0000   15.0000   30.0000 2572.7629   16.6045
    7.5000   15.0000   30.0000 2538.2336   16.9357
   -7.5000   22.5000   30.0000 2484.9746   17.5678
    0.0000   22.5000   30.0000 2499.6196   17.4633
    7.5000   22.5000   30.0000 2459.4290   17.8452
   -7.5000   30.0000   30.0000 2382.5974   18.8195
    0.0000   30.0000   30.0000 2391.2739   18.7251
    7.5000   30.0000   30.0000 2355.9951   19.0306
   -7.5000   37.5000   30.0000 2251.8406   20.5460
    0.0000   37.5000   30.0000 2255.9404   20.4998
    7.5000   37.5000   30.0000 2238.6453   20.7894
   -7.5000   45.0000   30.0000 2117.8328   22.8035
    0.0000   45.0000   30.0000 2117.2461   22.7822
    7.5000   45.0000   30.0000 2101.7656   23.0542
   -7.5000  -45.0000   37.5000 2230.5056   22.0437
    0.0000  -45.0000   37.5000 2245.6299   22.0004
    7.5000  -45.0000   37.5000 2211.4998   22.3368
   -7.5000  -37.5000   37.5000 2339.1504   20.2190
    0.0000  -37.5000   37.5000 2353.8267   20.1894
    7.5000  -37.5000   37.5000 2315.1482   20.5577
   -7.5000  -30.0000   37.5000 2433.5803   18.8489
    0.0000  -30.0000   37.5000 2447.1042   18.8222
    7.5000  -30.0000   37.5000 2400.8391   19.1865
   -7.5000  -22.5000   37.5000 2503.5808   17.8311
    0.0000  -22.5000   37.5000 2515.4990   17.7838
    7.5000  -22.5000   37.5000 2469.3145   18.1730
   -7.5000  -15.0000   37.5000 2538.1047   17.1086
    0.0000  -15.0000   37.5000 2545.4375   17.0745
    7.5000  -15.0000   37.5000 2506.7881   17.4071
   -7.5000   -7.5000   37.5000 2556.8589   16.7781
    0.0000   -7.5000   37.5000 2561.6619   16.7360
    7.5000   -7.5000   37.5000 2526.7852   17.0510
   -7.5000    0.0000   37.5000 2547.0122   16.8603
    0.0000    0.0000   37.5000 2553.6748   16.7882
    7.5000    0.0000   37.5000 2521.9773   17.0758
   -7.5000    7.5000   37.5000 2519.8547   17.2960
    0.0000    7.5000   37.5000 2526.5273   17.2386
    7.5000    7.5000   37.5000 2496.7615   17.5290
   -7.5000   15.0000   37.5000 2461.8113   17.9550
    0.0000   15.0000   37.5000 2469.8069   17.8730
    7.5000   15.0000   37.5000 2447.2375   18.1820
   -7.5000   22.5000   37.5000 2394.2417   18.7645
    0.0000   22.5000   37.5000 2406.8245   18.6504
    7.5000   22.5000   37.5000 2380.5737   18.9995
   -7.5000   30.0000   37.5000 2298.7002   19.9885
    0.0000   30.0000   37.5000 2310.4436   19.8369
    7.5000   30.0000   37.5000 2283.2332   20.1742
   -7.5000   37.5000   37.5000 2172.6880   21.7856
    0.0000   37.5000   37.5000 2179.5928   21.7022
    7.5000   37.5000   37.5000 2161.6387   22.0069
   -7.5000   45.0000   37.5000 2048.1394   24.1805
    0.0000   45.0000   37.5000 2049.6763   24.1174
    7.5000   45.0000   37.5000 2030.8531   24.4194
   -7.5000  -45.0000   45.0000 2146.2124   24.0046
    0.0000  -45.0000   45.0000 2157.8269   23.9174
    7.5000  -45.0000   45.0000 2128.3542   24.2747
   -7.5000  -37.5000   45.0000 2251.0620   22.0634
    0.0000  -37.5000   45.0000 2266.3176   21.9768
    7.5000  -37.5000   45.0000 2228.3135   22.3251
   -7.5000  -30.0000   45.0000 2340.0720   20.5762
    0.0000  -30.0000   45.0000 2357.9456   20.4968
    7.5000  -30.0000   45.0000 2315.3110   20.8910
   -7.5000  -22.5000   45.0000 2408.2588   19.4565
    0.0000  -22.5000   45.0000 2418.7766   19.3975
    7.5000  -22.5000   45.0000 2380.3616   19.8026
   -7.5000  -15.0000   45.0000 2438.4790   18.6632
    0.0000  -15.0000   45.0000 2444.4797   18.5961
    7.5000  -15.0000   45.0000 2415.2395   18.9575
   -7.5000   -7.5000   45.0000 2445.4539   18.3360
    0.0000   -7.5000   45.0000 2451.1597   18.2398
    7.5000   -7.5000   45.0000 2427.1257   18.5874
   -7.5000    0.0000   45.0000 2434.7617   18.3251
    0.0000    0.0000   45.0000 2441.8154   18.2436
    7.5000    0.0000   45.0000 2419.8379   18.5361
   -7.5000    7.5000   45.0000 2411.3296   18.7970
    0.0000    7.5000   45.0000 2416.8157   18.7195
    7.5000    7.5000   45.0000 2393.0918   19.0246
   -7.5000   15.0000   45.0000 2360.1006   19.4939
    0.0000   15.0000   45.0000 2366.3450   19.3940
    7.5000   15.0000   45.0000 2343.1909   19.7120
   -7.5000   22.5000   45.0000 2292.7700   20.3462
    0.0000   22.5000   45.0000 2299.6228   20.1999
    7.5000   22.5000   45.0000 2282.1033   20.5265
   -7.5000   30.0000   45.0000 2202.3826   21.5242
    0.0000   30.0000   45.0000 2211.6072   21.3508
    7.5000   30.0000   45.0000 2193.8643   21.7394
   -7.5000   37.5000   45.0000 2093.0662   23.3594
    0.0000   37.5000   45.0000 2094.5723   23.2593
    7.5000   37.5000   45.0000 2081.2065   23.6698
   -7.5000   45.0000   45.0000 1972.9894   25.8593
    0.0000   45.0000   45.0000 1974.3359   25.7547
    7.5000   45.0000   45.0000 1958.5842   26.1422

---------------------------------------------------------------------
imgreg_4dfp /opt/freesurfer/average/711-2C_as_mni_average_305 /opt/freesurfer/average/711-2B_as_mni_average_305_mask talsrcimg_g11 none talsrcimg_to_711-2C_as_mni_average_305_t4 1283
---------------------------------------------------------------------

freesurfer imgreg_4dfp.c
/opt/freesurfer/average/711-2C_as_mni_average_305.4dfp.img
       256       256       256         1
  1.000000  1.000000  1.000000
orientation T byte_order littleendian
Reading image: /opt/freesurfer/average/711-2C_as_mni_average_305.4dfp.img
dimensions:      256       256       256
mmppix:       1.0000   -1.0000   -1.0000
center:     128.0000 -129.0000 -129.0000
/opt/freesurfer/average/711-2B_as_mni_average_305_mask.4dfp.img
       256       256       256         1
  1.000000  1.000000  1.000000
orientation T byte_order littleendian
Reading mask: /opt/freesurfer/average/711-2B_as_mni_average_305_mask.4dfp.img (2306576 pixels)
talsrcimg_g11.4dfp.img
       256       256       256         1
  1.000000  1.000000  1.000000
orientation T byte_order littleendian
Reading image: talsrcimg_g11.4dfp.img
dimensions:      256       256       256
mmppix:       1.0000   -1.0000   -1.0000
center:     128.0000 -129.0000 -129.0000
rotation matrix determinant  1.000000
fimgreg.f
image alignment mode   1283 decimal      503 hex
parameters
    0.0000   -7.5000   -7.5000    0.0000    0.0000    0.0000
eta,q 0.93695 12.35848
niter,ni,del,rscale     5    3   12.0000    1.2000
parameter  3 -0.574127 -> -0.500000 qaram    1.1500
parameter  4  1.739336 ->  0.500000 qaram    1.1500
parameter  6 -0.517189 -> -0.500000 qaram    1.1500
parameters
   -1.2942   -6.2145   -4.0500   -3.4500   -0.2949    3.4500
eta,q 0.94371 12.24020
  0.0676  0.0754  0.0720  0.0561  0.0625  0.0646
  0.0660  0.0706  0.0660  0.0571  0.0603  0.0610
  0.0644  0.0662  0.0645  0.0590  0.0584  0.0587
  0.0640  0.0637  0.0634  0.0624  0.0574  0.0574
  0.0651  0.0636  0.0628  0.0661  0.0591  0.0566
  0.0690  0.0662  0.0619  0.0699  0.0614  0.0563
  0.0758  0.0685  0.0620  0.0738  0.0632  0.0571
niter,ni,del,rscale     7    3   12.0000    1.2000
parameter  4  1.003542 ->  0.500000 qaram    1.3225
parameters
   -1.3890   -5.8811   -5.4304   -7.4175   -0.8917    2.5864
eta,q 0.94583 12.25685
  0.0640  0.0674  0.0631  0.0528  0.0587  0.0574
  0.0593  0.0607  0.0611  0.0538  0.0565  0.0549
  0.0566  0.0569  0.0580  0.0554  0.0546  0.0542
  0.0563  0.0563  0.0565  0.0572  0.0543  0.0542
  0.0565  0.0581  0.0597  0.0604  0.0555  0.0548
  0.0592  0.0607  0.0667  0.0651  0.0581  0.0566
  0.0651  0.0638  0.0713  0.0704  0.0607  0.0595
niter,ni,del,rscale     7    3   12.0000    1.2000
parameter  4  0.568775 ->  0.500000 qaram    1.5209
parameters
   -1.2620   -5.0346   -6.5364  -11.9801   -0.7352    2.4419
eta,q 0.94872 12.26947
  0.0634  0.0647  0.0628  0.0541  0.0545  0.0571
  0.0581  0.0580  0.0586  0.0514  0.0519  0.0539
  0.0546  0.0542  0.0551  0.0519  0.0513  0.0517
  0.0542  0.0542  0.0546  0.0543  0.0513  0.0513
  0.0538  0.0553  0.0581  0.0575  0.0515  0.0523
  0.0566  0.0566  0.0639  0.0602  0.0526  0.0544
  0.0634  0.0585  0.0690  0.0645  0.0535  0.0574
niter,ni,del,rscale     7    3   12.0000    1.2000
parameters
   -1.3627   -3.0770   -7.3753  -13.5003    0.0463    2.0303
eta,q 0.95065 12.25758
  0.0601  0.0690  0.0600  0.0579  0.0552  0.0549
  0.0552  0.0617  0.0559  0.0535  0.0526  0.0515
  0.0520  0.0548  0.0525  0.0497  0.0510  0.0493
  0.0513  0.0513  0.0513  0.0512  0.0498  0.0495
  0.0510  0.0513  0.0543  0.0545  0.0496  0.0509
  0.0540  0.0525  0.0593  0.0579  0.0511  0.0529
  0.0624  0.0552  0.0653  0.0629  0.0532  0.0556
niter,ni,del,rscale     6    3   12.0000    1.2000
parameters
   -1.7770   -2.1826   -7.8383  -14.5047    0.6604    1.8766
eta,q 0.95092 12.24464
  0.0588  0.0631  0.0595  0.0590  0.0556  0.0547
  0.0532  0.0567  0.0557  0.0536  0.0533  0.0510
  0.0501  0.0513  0.0526  0.0493  0.0511  0.0489
  0.0493  0.0494  0.0496  0.0500  0.0493  0.0492
  0.0504  0.0504  0.0515  0.0536  0.0496  0.0504
  0.0545  0.0527  0.0570  0.0577  0.0514  0.0520
  0.0628  0.0565  0.0638  0.0618  0.0540  0.0543
niter,ni,del,rscale     5    3   12.0000    1.2000
parameters
   -2.0004   -1.7016   -8.1302  -15.0042    0.8216    1.8013
eta,q 0.95081 12.23637
  0.0597  0.0613  0.0598  0.0601  0.0553  0.0549
  0.0533  0.0548  0.0551  0.0547  0.0530  0.0511
  0.0503  0.0501  0.0522  0.0498  0.0507  0.0489
  0.0491  0.0491  0.0493  0.0495  0.0492  0.0492
  0.0501  0.0502  0.0506  0.0525  0.0502  0.0505
  0.0543  0.0531  0.0559  0.0574  0.0520  0.0521
  0.0619  0.0573  0.0627  0.0611  0.0552  0.0541
niter,ni,del,rscale     4    3   12.0000    1.2000
parameters
   -2.0158   -1.4738   -8.2881  -15.2244    0.8700    1.7774
eta,q 0.95077 12.23125
  0.0604  0.0601  0.0601  0.0609  0.0551  0.0551
  0.0538  0.0536  0.0551  0.0553  0.0529  0.0513
  0.0506  0.0498  0.0520  0.0503  0.0505  0.0490
  0.0492  0.0492  0.0492  0.0493  0.0492  0.0492
  0.0497  0.0504  0.0504  0.0521  0.0503  0.0506
  0.0537  0.0536  0.0554  0.0571  0.0521  0.0522
  0.0610  0.0577  0.0621  0.0607  0.0555  0.0541
niter,ni,del,rscale     3    3   12.0000    1.2000
parameters
   -2.0024   -1.3858   -8.3568  -15.3190    0.8840    1.7769
eta,q 0.95074 12.22910
  0.0604  0.0595  0.0604  0.0612  0.0551  0.0552
  0.0538  0.0531  0.0552  0.0556  0.0529  0.0513
  0.0507  0.0498  0.0520  0.0505  0.0505  0.0491
  0.0492  0.0492  0.0492  0.0493  0.0493  0.0493
  0.0496  0.0505  0.0503  0.0520  0.0503  0.0506
  0.0535  0.0539  0.0551  0.0569  0.0521  0.0522
  0.0608  0.0579  0.0617  0.0606  0.0556  0.0541
niter,ni,del,rscale     2    3   12.0000    1.2000
parameters
   -1.9936   -1.3527   -8.3863  -15.3582    0.8851    1.7791
eta,q 0.95073 12.22845
  0.0603  0.0593  0.0605  0.0613  0.0551  0.0552
  0.0538  0.0530  0.0552  0.0557  0.0529  0.0513
  0.0507  0.0498  0.0520  0.0506  0.0505  0.0491
  0.0493  0.0493  0.0493  0.0493  0.0493  0.0493
  0.0496  0.0506  0.0502  0.0519  0.0503  0.0506
  0.0535  0.0540  0.0550  0.0568  0.0521  0.0522
  0.0608  0.0580  0.0616  0.0605  0.0556  0.0541
registration optimization eta report
parameter search radius
    6.0000    6.0000    6.9000    9.1253    6.0000    6.9000
100000*second partial in parameter space
       32.       26.       24.       13.       16.       11.
  0.0603  0.0593  0.0605  0.0613  0.0551  0.0552
  0.0538  0.0530  0.0552  0.0557  0.0529  0.0513
  0.0507  0.0498  0.0520  0.0506  0.0505  0.0491
  0.0493  0.0493  0.0493  0.0493  0.0493  0.0493
  0.0496  0.0506  0.0502  0.0519  0.0503  0.0506
  0.0535  0.0540  0.0550  0.0568  0.0521  0.0522
  0.0608  0.0580  0.0616  0.0605  0.0556  0.0541
   -1.9936   -1.3527   -8.3863  -15.3582    0.8851    1.7791
eta,q 0.95073 12.22845

---------------------------------------------------------------------
imgreg_4dfp /opt/freesurfer/average/711-2C_as_mni_average_305 /opt/freesurfer/average/711-2B_as_mni_average_305_mask talsrcimg_g11 none talsrcimg_to_711-2C_as_mni_average_305_t4 3335
---------------------------------------------------------------------

freesurfer imgreg_4dfp.c
/opt/freesurfer/average/711-2C_as_mni_average_305.4dfp.img
       256       256       256         1
  1.000000  1.000000  1.000000
orientation T byte_order littleendian
Reading image: /opt/freesurfer/average/711-2C_as_mni_average_305.4dfp.img
dimensions:      256       256       256
mmppix:       1.0000   -1.0000   -1.0000
center:     128.0000 -129.0000 -129.0000
/opt/freesurfer/average/711-2B_as_mni_average_305_mask.4dfp.img
       256       256       256         1
  1.000000  1.000000  1.000000
orientation T byte_order littleendian
Reading mask: /opt/freesurfer/average/711-2B_as_mni_average_305_mask.4dfp.img (2306576 pixels)
talsrcimg_g11.4dfp.img
       256       256       256         1
  1.000000  1.000000  1.000000
orientation T byte_order littleendian
Reading image: talsrcimg_g11.4dfp.img
dimensions:      256       256       256
mmppix:       1.0000   -1.0000   -1.0000
center:     128.0000 -129.0000 -129.0000
fimgreg.f
image alignment mode   3335 decimal      D07 hex
parameters
   -1.9936   -1.3527   -8.3863   -0.0601   -3.6049   -3.5826
   -2.5849   -2.3112    3.1043   26.4262    1.5448  -26.4821
eta,q 0.95196 12.40229
niter,ni,del,rscale     5    3    5.0000    1.2000
parameter  4 10.343464 ->  0.500000 qaram    1.1500
parameter  5 12.886486 ->  0.500000 qaram    1.1500
parameter  6  0.752623 ->  0.500000 qaram    1.1500
parameters
   -1.6632   -1.5235   -9.0924   -4.2001   -7.7449   -7.7226
   -2.7736   -1.0845    3.6006   23.6957   -0.4481  -26.9250
eta,q 0.97075 12.32232
  0.0505  0.0489  0.0486  0.0360  0.0296  0.0310  0.0331  0.0388  0.0323  0.0309  0.0300  0.0306
  0.0494  0.0483  0.0480  0.0391  0.0322  0.0302  0.0314  0.0354  0.0310  0.0298  0.0295  0.0297
  0.0485  0.0480  0.0478  0.0432  0.0359  0.0308  0.0304  0.0323  0.0301  0.0293  0.0293  0.0293
  0.0480  0.0480  0.0480  0.0478  0.0401  0.0331  0.0302  0.0302  0.0298  0.0298  0.0294  0.0293
  0.0480  0.0481  0.0484  0.0526  0.0443  0.0372  0.0306  0.0300  0.0300  0.0315  0.0298  0.0295
  0.0485  0.0485  0.0492  0.0570  0.0481  0.0423  0.0317  0.0317  0.0306  0.0342  0.0306  0.0300
  0.0496  0.0492  0.0504  0.0608  0.0514  0.0466  0.0333  0.0350  0.0317  0.0376  0.0318  0.0310
niter,ni,del,rscale     7    3    5.0000    1.2000
parameter  3  0.831296 ->  0.500000 qaram    1.1500
parameter  4  0.861857 ->  0.500000 qaram    1.3225
parameter  5  0.889599 ->  0.500000 qaram    1.3225
parameters
   -2.3354   -1.8255  -10.4724   -8.9611  -12.5059   -9.0502
   -2.4632   -0.7583    5.1840   24.9466   -1.7772  -29.6108
eta,q 0.97881 12.06763
  0.0310  0.0310  0.0278  0.0241  0.0213  0.0249  0.0252  0.0274  0.0249  0.0260  0.0222  0.0219
  0.0295  0.0296  0.0276  0.0242  0.0212  0.0235  0.0235  0.0244  0.0235  0.0243  0.0217  0.0214
  0.0289  0.0289  0.0280  0.0253  0.0223  0.0225  0.0223  0.0226  0.0225  0.0228  0.0215  0.0212
  0.0293  0.0289  0.0288  0.0277  0.0245  0.0214  0.0219  0.0219  0.0219  0.0217  0.0215  0.0215
  0.0305  0.0294  0.0300  0.0323  0.0280  0.0219  0.0222  0.0222  0.0218  0.0214  0.0217  0.0221
  0.0325  0.0306  0.0314  0.0379  0.0326  0.0249  0.0232  0.0237  0.0222  0.0222  0.0223  0.0230
  0.0351  0.0323  0.0330  0.0432  0.0370  0.0301  0.0247  0.0266  0.0231  0.0242  0.0232  0.0242
niter,ni,del,rscale     7    3    5.0000    1.2000
parameters
   -2.1334   -1.3896  -11.7186  -11.4282  -15.2919   -9.7635
   -2.8044   -0.7402    5.1367   25.7874   -2.0236  -32.6842
eta,q 0.98010 11.85065
  0.0254  0.0251  0.0214  0.0234  0.0226  0.0239  0.0233  0.0250  0.0225  0.0243  0.0211  0.0205
  0.0232  0.0232  0.0206  0.0216  0.0211  0.0223  0.0216  0.0225  0.0213  0.0226  0.0206  0.0200
  0.0218  0.0219  0.0206  0.0205  0.0202  0.0212  0.0206  0.0209  0.0206  0.0213  0.0203  0.0199
  0.0212  0.0212  0.0211  0.0205  0.0204  0.0201  0.0204  0.0204  0.0204  0.0204  0.0202  0.0202
  0.0214  0.0211  0.0220  0.0218  0.0220  0.0203  0.0210  0.0209  0.0207  0.0202  0.0203  0.0209
  0.0224  0.0218  0.0233  0.0256  0.0253  0.0224  0.0221  0.0224  0.0214  0.0211  0.0207  0.0219
  0.0242  0.0230  0.0249  0.0316  0.0304  0.0269  0.0237  0.0250  0.0225  0.0232  0.0212  0.0230
niter,ni,del,rscale     6    3    5.0000    1.2000
parameters
   -2.0429   -1.3715  -11.9080  -11.5045  -16.1503  -10.0473
   -2.7112   -0.7570    5.0429   26.3839   -1.9802  -33.3083
eta,q 0.98007 11.81491
  0.0239  0.0228  0.0219  0.0247  0.0236  0.0241  0.0233  0.0246  0.0221  0.0237  0.0209  0.0214
  0.0218  0.0212  0.0206  0.0224  0.0219  0.0223  0.0215  0.0221  0.0209  0.0220  0.0204  0.0205
  0.0204  0.0202  0.0199  0.0207  0.0205  0.0211  0.0204  0.0206  0.0203  0.0208  0.0201  0.0200
  0.0199  0.0199  0.0199  0.0199  0.0199  0.0199  0.0200  0.0200  0.0200  0.0200  0.0199  0.0199
  0.0202  0.0203  0.0204  0.0201  0.0204  0.0198  0.0205  0.0205  0.0203  0.0199  0.0200  0.0203
  0.0214  0.0212  0.0212  0.0216  0.0223  0.0216  0.0215  0.0221  0.0210  0.0209  0.0203  0.0210
  0.0233  0.0226  0.0223  0.0257  0.0262  0.0260  0.0230  0.0247  0.0221  0.0230  0.0209  0.0219
niter,ni,del,rscale     5    3    5.0000    1.2000
parameters
   -2.0319   -1.3225  -12.0228  -11.3929  -16.2756  -10.1588
   -2.6675   -0.7686    5.0224   26.5210   -1.9643  -33.4818
eta,q 0.98006 11.81585
  0.0236  0.0228  0.0220  0.0248  0.0241  0.0243  0.0231  0.0246  0.0220  0.0233  0.0209  0.0217
  0.0216  0.0212  0.0207  0.0225  0.0223  0.0225  0.0214  0.0220  0.0209  0.0217  0.0204  0.0206
  0.0204  0.0202  0.0200  0.0208  0.0208  0.0212  0.0202  0.0205  0.0202  0.0206  0.0201  0.0201
  0.0199  0.0199  0.0199  0.0199  0.0199  0.0199  0.0200  0.0200  0.0200  0.0200  0.0199  0.0199
  0.0203  0.0203  0.0203  0.0200  0.0202  0.0197  0.0204  0.0204  0.0202  0.0200  0.0200  0.0202
  0.0216  0.0212  0.0211  0.0214  0.0216  0.0215  0.0215  0.0220  0.0209  0.0212  0.0204  0.0208
  0.0236  0.0225  0.0222  0.0254  0.0252  0.0259  0.0229  0.0247  0.0220  0.0234  0.0209  0.0217
niter,ni,del,rscale     4    3    5.0000    1.2000
parameters
   -2.0293   -1.3178  -12.0733  -11.3838  -16.2917  -10.2123
   -2.6536   -0.7692    5.0213   26.5556   -1.9553  -33.5440
eta,q 0.98005 11.81502
  0.0236  0.0227  0.0222  0.0248  0.0242  0.0244  0.0231  0.0246  0.0221  0.0232  0.0209  0.0217
  0.0216  0.0212  0.0208  0.0225  0.0224  0.0225  0.0213  0.0220  0.0209  0.0217  0.0204  0.0206
  0.0204  0.0202  0.0201  0.0208  0.0208  0.0212  0.0202  0.0205  0.0202  0.0206  0.0201  0.0201
  0.0199  0.0199  0.0199  0.0199  0.0199  0.0199  0.0200  0.0200  0.0200  0.0200  0.0200  0.0200
  0.0204  0.0203  0.0203  0.0201  0.0202  0.0197  0.0204  0.0204  0.0202  0.0201  0.0200  0.0202
  0.0216  0.0212  0.0211  0.0215  0.0216  0.0215  0.0215  0.0220  0.0209  0.0213  0.0204  0.0208
  0.0236  0.0226  0.0221  0.0256  0.0250  0.0258  0.0229  0.0247  0.0220  0.0235  0.0210  0.0217
niter,ni,del,rscale     3    3    5.0000    1.2000
parameters
   -2.0262   -1.3187  -12.0925  -11.3824  -16.2980  -10.2365
   -2.6501   -0.7678    5.0181   26.5639   -1.9529  -33.5646
eta,q 0.98004 11.81419
  0.0236  0.0227  0.0222  0.0248  0.0243  0.0244  0.0231  0.0246  0.0221  0.0232  0.0209  0.0218
  0.0217  0.0212  0.0209  0.0225  0.0224  0.0226  0.0213  0.0221  0.0209  0.0216  0.0204  0.0207
  0.0204  0.0202  0.0201  0.0208  0.0209  0.0212  0.0202  0.0205  0.0202  0.0206  0.0201  0.0201
  0.0200  0.0200  0.0200  0.0200  0.0200  0.0200  0.0200  0.0200  0.0200  0.0200  0.0200  0.0200
  0.0204  0.0203  0.0203  0.0201  0.0202  0.0197  0.0204  0.0204  0.0202  0.0201  0.0201  0.0202
  0.0216  0.0213  0.0211  0.0216  0.0216  0.0215  0.0215  0.0220  0.0209  0.0213  0.0204  0.0208
  0.0236  0.0226  0.0221  0.0257  0.0250  0.0258  0.0229  0.0247  0.0220  0.0235  0.0210  0.0217
registration optimization eta report
parameter search radius
    2.4000    2.4000    2.7600    9.5220    9.5220    8.2800
    7.2000    7.2000    7.2000    7.2000    7.2000    7.2000
100000*second partial in parameter space
       63.       47.       29.        6.        5.        8.
        6.        9.        4.        7.        2.        3.
  0.0236  0.0227  0.0222  0.0248  0.0243  0.0244  0.0231  0.0246  0.0221  0.0232  0.0209  0.0218
  0.0217  0.0212  0.0209  0.0225  0.0224  0.0226  0.0213  0.0221  0.0209  0.0216  0.0204  0.0207
  0.0204  0.0202  0.0201  0.0208  0.0209  0.0212  0.0202  0.0205  0.0202  0.0206  0.0201  0.0201
  0.0200  0.0200  0.0200  0.0200  0.0200  0.0200  0.0200  0.0200  0.0200  0.0200  0.0200  0.0200
  0.0204  0.0203  0.0203  0.0201  0.0202  0.0197  0.0204  0.0204  0.0202  0.0201  0.0201  0.0202
  0.0216  0.0213  0.0211  0.0216  0.0216  0.0215  0.0215  0.0220  0.0209  0.0213  0.0204  0.0208
  0.0236  0.0226  0.0221  0.0257  0.0250  0.0258  0.0229  0.0247  0.0220  0.0235  0.0210  0.0217
   -2.0262   -1.3187  -12.0925  -11.3824  -16.2980  -10.2365
   -2.6501   -0.7678    5.0181   26.5639   -1.9529  -33.5646
eta,q 0.98004 11.81419

---------------------------------------------------------------------
imgreg_4dfp /opt/freesurfer/average/711-2C_as_mni_average_305 /opt/freesurfer/average/711-2B_as_mni_average_305_mask talsrcimg_g11 none talsrcimg_to_711-2C_as_mni_average_305_t4 2311
---------------------------------------------------------------------

freesurfer imgreg_4dfp.c
/opt/freesurfer/average/711-2C_as_mni_average_305.4dfp.img
       256       256       256         1
  1.000000  1.000000  1.000000
orientation T byte_order littleendian
Reading image: /opt/freesurfer/average/711-2C_as_mni_average_305.4dfp.img
dimensions:      256       256       256
mmppix:       1.0000   -1.0000   -1.0000
center:     128.0000 -129.0000 -129.0000
/opt/freesurfer/average/711-2B_as_mni_average_305_mask.4dfp.img
       256       256       256         1
  1.000000  1.000000  1.000000
orientation T byte_order littleendian
Reading mask: /opt/freesurfer/average/711-2B_as_mni_average_305_mask.4dfp.img (2306576 pixels)
talsrcimg_g11.4dfp.img
       256       256       256         1
  1.000000  1.000000  1.000000
orientation T byte_order littleendian
Reading image: talsrcimg_g11.4dfp.img
dimensions:      256       256       256
mmppix:       1.0000   -1.0000   -1.0000
center:     128.0000 -129.0000 -129.0000
fimgreg.f
image alignment mode   2311 decimal      907 hex
parameters
   -2.0262   -1.3187  -12.0925  -11.3824  -16.2980  -10.2365
   -2.6501   -0.7678    5.0181   26.5639   -1.9529  -33.5646
eta,q 0.98004 11.81419
niter,ni,del,rscale     5    3    5.0000    0.8000
parameters
   -2.0254   -1.3621  -12.2431  -10.2843  -15.4283   -9.1737
   -2.7690   -0.8588    4.8957   26.7085   -2.2937  -33.1732
eta,q 0.98051 11.95235
  0.0217  0.0212  0.0206  0.0216  0.0215  0.0222  0.0209  0.0220  0.0205  0.0216  0.0200  0.0206
  0.0207  0.0205  0.0202  0.0209  0.0208  0.0214  0.0201  0.0206  0.0200  0.0207  0.0197  0.0200
  0.0202  0.0201  0.0200  0.0203  0.0202  0.0206  0.0196  0.0198  0.0196  0.0199  0.0195  0.0196
  0.0200  0.0200  0.0200  0.0199  0.0199  0.0198  0.0195  0.0195  0.0195  0.0195  0.0195  0.0195
  0.0202  0.0201  0.0201  0.0199  0.0199  0.0195  0.0197  0.0198  0.0197  0.0196  0.0196  0.0195
  0.0207  0.0206  0.0204  0.0201  0.0202  0.0200  0.0203  0.0207  0.0200  0.0203  0.0198  0.0198
  0.0217  0.0213  0.0208  0.0206  0.0207  0.0211  0.0210  0.0222  0.0206  0.0216  0.0202  0.0202
niter,ni,del,rscale     4    3    5.0000    0.7000
parameters
   -2.0292   -1.3234  -11.9192  -10.5103  -15.4924   -8.6640
   -2.8284   -0.8707    4.8726   26.7339   -2.2150  -32.9618
eta,q 0.98066 11.95648
  0.0208  0.0206  0.0207  0.0204  0.0205  0.0214  0.0205  0.0214  0.0202  0.0210  0.0198  0.0201
  0.0201  0.0200  0.0201  0.0198  0.0199  0.0208  0.0198  0.0203  0.0197  0.0202  0.0196  0.0197
  0.0196  0.0196  0.0197  0.0195  0.0196  0.0201  0.0195  0.0196  0.0194  0.0196  0.0194  0.0194
  0.0195  0.0195  0.0195  0.0194  0.0194  0.0194  0.0194  0.0194  0.0194  0.0194  0.0194  0.0194
  0.0196  0.0196  0.0195  0.0196  0.0196  0.0194  0.0195  0.0196  0.0195  0.0195  0.0194  0.0194
  0.0201  0.0199  0.0196  0.0200  0.0200  0.0199  0.0199  0.0203  0.0197  0.0201  0.0195  0.0196
  0.0209  0.0205  0.0199  0.0206  0.0205  0.0210  0.0205  0.0214  0.0202  0.0211  0.0198  0.0200
niter,ni,del,rscale     3    3    5.0000    0.6000
parameters
   -2.0456   -1.2830  -11.6761  -10.5364  -15.5465   -8.2225
   -2.8537   -0.9376    4.8454   26.7467   -2.1746  -32.7966
eta,q 0.98072 11.96764
  0.0203  0.0202  0.0202  0.0201  0.0201  0.0210  0.0202  0.0208  0.0199  0.0206  0.0196  0.0199
  0.0198  0.0197  0.0198  0.0197  0.0197  0.0204  0.0197  0.0199  0.0196  0.0199  0.0194  0.0195
  0.0195  0.0194  0.0195  0.0194  0.0194  0.0198  0.0194  0.0194  0.0193  0.0195  0.0193  0.0193
  0.0193  0.0193  0.0193  0.0193  0.0193  0.0193  0.0193  0.0193  0.0193  0.0193  0.0193  0.0193
  0.0195  0.0194  0.0193  0.0194  0.0194  0.0194  0.0194  0.0195  0.0194  0.0194  0.0193  0.0193
  0.0198  0.0197  0.0195  0.0197  0.0197  0.0197  0.0197  0.0200  0.0196  0.0199  0.0194  0.0195
  0.0204  0.0201  0.0197  0.0201  0.0202  0.0205  0.0202  0.0209  0.0199  0.0206  0.0196  0.0198
niter,ni,del,rscale     2    3    5.0000    0.5000
parameters
   -2.0619   -1.2464  -11.4681  -10.5913  -15.6076   -7.8566
   -2.8806   -0.9908    4.8130   26.7667   -2.1443  -32.6443
eta,q 0.98075 11.97459
  0.0200  0.0199  0.0199  0.0198  0.0198  0.0206  0.0199  0.0203  0.0197  0.0202  0.0195  0.0196
  0.0196  0.0196  0.0196  0.0195  0.0195  0.0201  0.0195  0.0197  0.0194  0.0197  0.0194  0.0194
  0.0194  0.0194  0.0194  0.0193  0.0193  0.0195  0.0193  0.0194  0.0193  0.0194  0.0193  0.0193
  0.0193  0.0193  0.0193  0.0193  0.0193  0.0193  0.0193  0.0192  0.0192  0.0193  0.0192  0.0193
  0.0194  0.0193  0.0193  0.0193  0.0193  0.0193  0.0193  0.0194  0.0193  0.0193  0.0193  0.0193
  0.0196  0.0195  0.0193  0.0195  0.0195  0.0196  0.0195  0.0198  0.0195  0.0196  0.0194  0.0194
  0.0200  0.0198  0.0195  0.0198  0.0199  0.0201  0.0199  0.0204  0.0197  0.0202  0.0195  0.0196
niter,ni,del,rscale     1    3    5.0000    0.4000
parameters
   -2.0753   -1.2198  -11.2949  -10.6484  -15.6413   -7.6154
   -2.9069   -1.0346    4.7947   26.7999   -2.0890  -32.4894
eta,q 0.98077 11.97872
  0.0197  0.0196  0.0196  0.0196  0.0196  0.0202  0.0196  0.0199  0.0195  0.0198  0.0194  0.0195
  0.0195  0.0194  0.0194  0.0194  0.0194  0.0197  0.0194  0.0195  0.0194  0.0195  0.0193  0.0194
  0.0193  0.0193  0.0193  0.0193  0.0193  0.0194  0.0193  0.0193  0.0193  0.0193  0.0193  0.0193
  0.0192  0.0193  0.0192  0.0192  0.0192  0.0192  0.0192  0.0192  0.0192  0.0192  0.0192  0.0192
  0.0193  0.0193  0.0192  0.0193  0.0193  0.0193  0.0193  0.0193  0.0193  0.0193  0.0192  0.0192
  0.0195  0.0194  0.0193  0.0194  0.0194  0.0195  0.0194  0.0196  0.0194  0.0195  0.0193  0.0193
  0.0197  0.0196  0.0194  0.0196  0.0196  0.0198  0.0196  0.0200  0.0195  0.0198  0.0194  0.0194
registration optimization eta report
parameter search radius
    0.8000    0.8000    0.8000    2.4000    2.4000    2.4000
    2.4000    2.4000    2.4000    2.4000    2.4000    2.4000
100000*second partial in parameter space
       74.       58.       41.        6.        7.       13.
        7.       13.        5.       10.        3.        4.
  0.0197  0.0196  0.0196  0.0196  0.0196  0.0202  0.0196  0.0199  0.0195  0.0198  0.0194  0.0195
  0.0195  0.0194  0.0194  0.0194  0.0194  0.0197  0.0194  0.0195  0.0194  0.0195  0.0193  0.0194
  0.0193  0.0193  0.0193  0.0193  0.0193  0.0194  0.0193  0.0193  0.0193  0.0193  0.0193  0.0193
  0.0192  0.0193  0.0192  0.0192  0.0192  0.0192  0.0192  0.0192  0.0192  0.0192  0.0192  0.0192
  0.0193  0.0193  0.0192  0.0193  0.0193  0.0193  0.0193  0.0193  0.0193  0.0193  0.0192  0.0192
  0.0195  0.0194  0.0193  0.0194  0.0194  0.0195  0.0194  0.0196  0.0194  0.0195  0.0193  0.0193
  0.0197  0.0196  0.0194  0.0196  0.0196  0.0198  0.0196  0.0200  0.0195  0.0198  0.0194  0.0194
   -2.0753   -1.2198  -11.2949  -10.6484  -15.6413   -7.6154
   -2.9069   -1.0346    4.7947   26.7999   -2.0890  -32.4894
eta,q 0.98077 11.97872

---------------------------------------------------------------------
imgreg_4dfp /opt/freesurfer/average/711-2C_as_mni_average_305 /opt/freesurfer/average/711-2B_as_mni_average_305_mask talsrcimg_g11 none talsrcimg_to_711-2C_as_mni_average_305_t4 2311
---------------------------------------------------------------------

freesurfer imgreg_4dfp.c
/opt/freesurfer/average/711-2C_as_mni_average_305.4dfp.img
       256       256       256         1
  1.000000  1.000000  1.000000
orientation T byte_order littleendian
Reading image: /opt/freesurfer/average/711-2C_as_mni_average_305.4dfp.img
dimensions:      256       256       256
mmppix:       1.0000   -1.0000   -1.0000
center:     128.0000 -129.0000 -129.0000
/opt/freesurfer/average/711-2B_as_mni_average_305_mask.4dfp.img
       256       256       256         1
  1.000000  1.000000  1.000000
orientation T byte_order littleendian
Reading mask: /opt/freesurfer/average/711-2B_as_mni_average_305_mask.4dfp.img (2306576 pixels)
talsrcimg_g11.4dfp.img
       256       256       256         1
  1.000000  1.000000  1.000000
orientation T byte_order littleendian
Reading image: talsrcimg_g11.4dfp.img
dimensions:      256       256       256
mmppix:       1.0000   -1.0000   -1.0000
center:     128.0000 -129.0000 -129.0000
fimgreg.f
image alignment mode   2311 decimal      907 hex
parameters
   -2.0753   -1.2198  -11.2949  -10.6484  -15.6413   -7.6154
   -2.9069   -1.0346    4.7947   26.7999   -2.0890  -32.4894
eta,q 0.98077 11.97871
niter,ni,del,rscale     5    3    5.0000    0.8000
parameters
   -2.0878   -1.1697  -11.1934  -10.7939  -15.7503   -7.9874
   -2.7776   -0.9636    4.8146   26.7286   -2.1327  -32.4479
eta,q 0.98075 11.95412
  0.0211  0.0208  0.0203  0.0206  0.0206  0.0213  0.0209  0.0220  0.0203  0.0213  0.0198  0.0202
  0.0201  0.0199  0.0198  0.0199  0.0199  0.0205  0.0200  0.0205  0.0197  0.0203  0.0195  0.0197
  0.0194  0.0194  0.0194  0.0194  0.0194  0.0197  0.0194  0.0196  0.0194  0.0196  0.0193  0.0194
  0.0192  0.0192  0.0192  0.0192  0.0192  0.0192  0.0192  0.0192  0.0192  0.0192  0.0192  0.0192
  0.0195  0.0194  0.0193  0.0194  0.0194  0.0195  0.0194  0.0195  0.0194  0.0195  0.0193  0.0193
  0.0201  0.0198  0.0196  0.0199  0.0199  0.0205  0.0199  0.0204  0.0197  0.0203  0.0195  0.0197
  0.0211  0.0206  0.0201  0.0208  0.0208  0.0228  0.0207  0.0218  0.0203  0.0215  0.0199  0.0202
niter,ni,del,rscale     4    3    5.0000    0.7000
parameters
   -2.0904   -1.2083  -11.3313  -10.6153  -15.6464   -7.9679
   -2.8104   -0.9627    4.8087   26.6980   -2.1191  -32.5128
eta,q 0.98077 11.96656
  0.0206  0.0203  0.0199  0.0204  0.0204  0.0211  0.0204  0.0214  0.0201  0.0209  0.0197  0.0199
  0.0199  0.0197  0.0195  0.0198  0.0198  0.0204  0.0197  0.0202  0.0196  0.0201  0.0195  0.0195
  0.0194  0.0193  0.0193  0.0194  0.0194  0.0197  0.0193  0.0195  0.0193  0.0195  0.0193  0.0193
  0.0192  0.0192  0.0192  0.0192  0.0192  0.0192  0.0192  0.0192  0.0192  0.0192  0.0192  0.0192
  0.0194  0.0194  0.0194  0.0193  0.0193  0.0194  0.0194  0.0195  0.0193  0.0194  0.0193  0.0193
  0.0199  0.0198  0.0197  0.0196  0.0197  0.0200  0.0198  0.0202  0.0196  0.0200  0.0194  0.0196
  0.0207  0.0204  0.0202  0.0202  0.0203  0.0215  0.0204  0.0213  0.0201  0.0210  0.0197  0.0200
niter,ni,del,rscale     3    3    5.0000    0.6000
parameters
   -2.0854   -1.2173  -11.3367  -10.6143  -15.6336   -7.7972
   -2.8458   -0.9926    4.8018   26.7167   -2.1239  -32.5206
eta,q 0.98077 11.97288
  0.0203  0.0200  0.0198  0.0200  0.0201  0.0208  0.0201  0.0208  0.0199  0.0205  0.0196  0.0198
  0.0197  0.0196  0.0195  0.0196  0.0196  0.0202  0.0196  0.0199  0.0195  0.0199  0.0194  0.0195
  0.0194  0.0193  0.0193  0.0193  0.0193  0.0196  0.0193  0.0194  0.0193  0.0194  0.0193  0.0193
  0.0192  0.0192  0.0192  0.0192  0.0192  0.0192  0.0192  0.0192  0.0192  0.0192  0.0192  0.0192
  0.0194  0.0193  0.0193  0.0193  0.0193  0.0194  0.0194  0.0194  0.0193  0.0194  0.0193  0.0193
  0.0197  0.0196  0.0195  0.0196  0.0196  0.0198  0.0197  0.0200  0.0195  0.0198  0.0194  0.0195
  0.0203  0.0201  0.0198  0.0200  0.0201  0.0207  0.0201  0.0208  0.0199  0.0205  0.0196  0.0198
niter,ni,del,rscale     2    3    5.0000    0.5000
parameters
   -2.0857   -1.2074  -11.2619  -10.6540  -15.6491   -7.5939
   -2.8776   -1.0295    4.7933   26.7515   -2.1258  -32.4591
eta,q 0.98077 11.97766
  0.0200  0.0198  0.0197  0.0198  0.0198  0.0205  0.0199  0.0203  0.0197  0.0201  0.0195  0.0196
  0.0196  0.0195  0.0195  0.0195  0.0195  0.0199  0.0195  0.0197  0.0194  0.0197  0.0194  0.0194
  0.0193  0.0193  0.0193  0.0193  0.0193  0.0194  0.0193  0.0193  0.0193  0.0194  0.0193  0.0193
  0.0192  0.0192  0.0192  0.0192  0.0192  0.0192  0.0192  0.0192  0.0192  0.0192  0.0192  0.0192
  0.0193  0.0193  0.0193  0.0193  0.0193  0.0194  0.0193  0.0194  0.0193  0.0193  0.0193  0.0193
  0.0196  0.0195  0.0194  0.0195  0.0195  0.0197  0.0195  0.0198  0.0194  0.0196  0.0193  0.0194
  0.0200  0.0198  0.0196  0.0198  0.0198  0.0202  0.0199  0.0204  0.0197  0.0201  0.0195  0.0196
niter,ni,del,rscale     1    3    5.0000    0.4000
parameters
   -2.0897   -1.1954  -11.1658  -10.6877  -15.6667   -7.4494
   -2.9077   -1.0495    4.7828   26.7798   -2.1058  -32.3835
eta,q 0.98077 11.98060
  0.0197  0.0196  0.0195  0.0196  0.0196  0.0201  0.0196  0.0200  0.0195  0.0198  0.0194  0.0195
  0.0194  0.0194  0.0194  0.0194  0.0194  0.0197  0.0194  0.0196  0.0194  0.0195  0.0193  0.0193
  0.0193  0.0193  0.0193  0.0193  0.0193  0.0193  0.0193  0.0193  0.0193  0.0193  0.0193  0.0193
  0.0192  0.0192  0.0192  0.0192  0.0192  0.0192  0.0192  0.0192  0.0192  0.0192  0.0192  0.0192
  0.0193  0.0193  0.0192  0.0193  0.0193  0.0193  0.0193  0.0193  0.0193  0.0193  0.0192  0.0192
  0.0195  0.0194  0.0193  0.0194  0.0194  0.0195  0.0194  0.0196  0.0194  0.0195  0.0193  0.0193
  0.0197  0.0196  0.0194  0.0196  0.0196  0.0199  0.0196  0.0200  0.0195  0.0198  0.0194  0.0195
registration optimization eta report
parameter search radius
    0.8000    0.8000    0.8000    2.4000    2.4000    2.4000
    2.4000    2.4000    2.4000    2.4000    2.4000    2.4000
100000*second partial in parameter space
       75.       58.       40.        6.        7.       13.
        7.       13.        5.       10.        3.        4.
  0.0197  0.0196  0.0195  0.0196  0.0196  0.0201  0.0196  0.0200  0.0195  0.0198  0.0194  0.0195
  0.0194  0.0194  0.0194  0.0194  0.0194  0.0197  0.0194  0.0196  0.0194  0.0195  0.0193  0.0193
  0.0193  0.0193  0.0193  0.0193  0.0193  0.0193  0.0193  0.0193  0.0193  0.0193  0.0193  0.0193
  0.0192  0.0192  0.0192  0.0192  0.0192  0.0192  0.0192  0.0192  0.0192  0.0192  0.0192  0.0192
  0.0193  0.0193  0.0192  0.0193  0.0193  0.0193  0.0193  0.0193  0.0193  0.0193  0.0192  0.0192
  0.0195  0.0194  0.0193  0.0194  0.0194  0.0195  0.0194  0.0196  0.0194  0.0195  0.0193  0.0193
  0.0197  0.0196  0.0194  0.0196  0.0196  0.0199  0.0196  0.0200  0.0195  0.0198  0.0194  0.0195
   -2.0897   -1.1954  -11.1658  -10.6877  -15.6667   -7.4494
   -2.9077   -1.0495    4.7828   26.7798   -2.1058  -32.3835
eta,q 0.98077 11.98060

---------------------------------------------------------------------
compute_vox2vox talsrcimg talsrcimg_to_711-2C_as_mni_average_305_t4 /opt/freesurfer/average/711-2C_as_mni_average_305
---------------------------------------------------------------------

freesurfer compute_vox2vox.c
Reading: talsrcimg.4dfp.ifh
Reading: talsrcimg_to_711-2C_as_mni_average_305_t4
Reading: /opt/freesurfer/average/711-2C_as_mni_average_305.4dfp.ifh
Writing: talsrcimg_to_711-2C_as_mni_average_305_t4_vox2vox.txt

start time Sun Mar 8 12:44:55 CET 2026
end		time Sun Mar 8 12:45:09 CET 2026

mpr2mni305 success

avi2talxfm orig_nu.mgz /opt/freesurfer/average/mni305.cor.mgz talsrcimg_to_711-2C_as_mni_average_305_t4_vox2vox.txt transforms/talairach.auto.xfm
avi2talxfm done
mv -f /out/sourcedata/freesurfer/sub-v1s12x0050112_ses-1/mri/talsrcimg_to_711-2C_as_mni_average_305_t4_vox2vox.txt /out/sourcedata/freesurfer/sub-v1s12x0050112_ses-1/mri/transforms/talsrcimg_to_711-2C_as_mni_average_305_t4_vox2vox.txt
lta_convert --src orig_nu.mgz --trg /opt/freesurfer/average/mni305.cor.mgz --inxfm transforms/talairach.auto.xfm --outlta transforms/talairach.auto.xfm.lta --subject fsaverage
7.3.2

--src: orig_nu.mgz src image (geometry).
--trg: /opt/freesurfer/average/mni305.cor.mgz trg image (geometry).
--inmni: transforms/talairach.auto.xfm input MNI/XFM transform.
--outlta: transforms/talairach.auto.xfm.lta output LTA.
--s: fsaverage subject name
 LTA read, type : 1
 1.11761   0.00137   0.03906   0.31702;
 0.00293   0.97245   0.37351  -3.68109;
-0.06431  -0.30887   1.06495  -1.78743;
 0.00000   0.00000   0.00000   1.00000;
setting subject to fsaverage
Writing  LTA to file transforms/talairach.auto.xfm.lta...
lta_convert successful.
 
 
Started at Sun Mar 8 12:44:54 CET 2026
Ended   at Sun Mar  8 12:45:09 CET 2026
talairach_avi done
