/out/sourcedata/freesurfer/sub-v1s12x0050128_ses-1/mri
/opt/freesurfer/bin/talairach_avi
--i orig_nu.mgz --xfm transforms/talairach.auto.xfm
talairach_avi 7.3.2
Linux dna009 5.14.0-427.37.1.el9_4.x86_64 #1 SMP PREEMPT_DYNAMIC Fri Sep 13 12:41:50 EDT 2024 x86_64 x86_64 x86_64 GNU/Linux
Sun Mar  8 12:45:48 CET 2026
mri_convert orig_nu.mgz talsrcimg.img 
reading from orig_nu.mgz...
TR=0.00, TE=0.00, TI=0.00, flip angle=0.00
i_ras = (-1, 0, 0)
j_ras = (0, 0, -1)
k_ras = (0, 1, 0)
writing to talsrcimg.img...
Analyze Output Matrix
-1.00000   0.00000   0.00000   123.43590;
 0.00000   0.00000   1.00000  -128.00000;
 0.00000  -1.00000   0.00000   151.34171;
 0.00000   0.00000   0.00000   1.00000;
--------------------
INFO: set hdr.hist.orient to -1
mpr2mni305 talsrcimg
Sun Mar  8 12:45:48 CET 2026
/opt/freesurfer/bin/mpr2mni305 talsrcimg
mpr2mni305 7.3.2
target=711-2C_as_mni_average_305

---------------------------------------------------------------------
analyzeto4dfp talsrcimg -O0 -y
---------------------------------------------------------------------

freesurfer ifh2hdr.c
Sun Mar  8 12:45:49 2026
Writing: talsrcimg.4dfp.hdr
freesurfer analyzeto4dfp.c
Reading: talsrcimg.hdr
header size 348 bytes
hdr.dime.datatype	offset=70	value=2
hdr.dime.bitpix		offset=72	value=8
hdr.hist.orient		offset=252	value=-1
dimensionality     4
dimensions       256       256       256         1
Reading: talsrcimg.img
Writing: talsrcimg.4dfp.img
Writing: talsrcimg.4dfp.ifh
ifh2hdr talsrcimg -r0to223
ori=2

---------------------------------------------------------------------
gauss_4dfp talsrcimg 1.1
---------------------------------------------------------------------

freesurfer gauss_4dfp.c
Reading: talsrcimg.4dfp.img
Writing: talsrcimg_g11.4dfp.img
image dimensions 256 256 256 padded to 288 288 288
processing volume 1freesurfer ifh2hdr.c
Sun Mar  8 12:45:50 2026
Writing: talsrcimg_g11.4dfp.hdr

Writing: talsrcimg_g11.4dfp.ifh
including: talsrcimg.4dfp.img.rec in talsrcimg_g11.4dfp.img.rec

---------------------------------------------------------------------
imgreg_4dfp /opt/freesurfer/average/711-2C_as_mni_average_305 none talsrcimg_g11 none talsrcimg_to_711-2C_as_mni_average_305_t4 4355
---------------------------------------------------------------------

freesurfer imgreg_4dfp.c
/opt/freesurfer/average/711-2C_as_mni_average_305.4dfp.img
       256       256       256         1
  1.000000  1.000000  1.000000
orientation T byte_order littleendian
Reading image: /opt/freesurfer/average/711-2C_as_mni_average_305.4dfp.img
dimensions:      256       256       256
mmppix:       1.0000   -1.0000   -1.0000
center:     128.0000 -129.0000 -129.0000
talsrcimg_g11.4dfp.img
       256       256       256         1
  1.000000  1.000000  1.000000
orientation T byte_order littleendian
Reading image: talsrcimg_g11.4dfp.img
dimensions:      256       256       256
mmppix:       1.0000   -1.0000   -1.0000
center:     128.0000 -129.0000 -129.0000
t4_read: open error in t4_sub.f l:  41 t4_file(1:l)talsrcimg_to_711-2C_as_mni_average_305_t4 
t4_read: transform initialized to I4
rotation matrix determinant  1.000000
image alignment mode   4355 decimal     1103 hex
   -7.5000  -45.0000  -45.0000 8350.3145   18.1690
    0.0000  -45.0000  -45.0000 8690.1221   18.1699
    7.5000  -45.0000  -45.0000 8264.7227   18.1592
   -7.5000  -37.5000  -45.0000 8922.6602   18.1498
    0.0000  -37.5000  -45.0000 9287.1055   18.1443
    7.5000  -37.5000  -45.0000 8815.0820   18.1291
   -7.5000  -30.0000  -45.0000 9756.0078   18.1428
    0.0000  -30.0000  -45.000010147.9424   18.1346
    7.5000  -30.0000  -45.0000 9638.6660   18.1115
   -7.5000  -22.5000  -45.000010514.0527   18.1429
    0.0000  -22.5000  -45.000010930.2031   18.1405
    7.5000  -22.5000  -45.000010378.0557   18.1140
   -7.5000  -15.0000  -45.000011210.6875   18.1498
    0.0000  -15.0000  -45.000011687.5674   18.1544
    7.5000  -15.0000  -45.000011071.5137   18.1315
   -7.5000   -7.5000  -45.000011866.4863   18.1560
    0.0000   -7.5000  -45.000012374.8359   18.1610
    7.5000   -7.5000  -45.000011688.9170   18.1462
   -7.5000    0.0000  -45.000012385.3350   18.1560
    0.0000    0.0000  -45.000012900.1357   18.1568
    7.5000    0.0000  -45.000012209.5195   18.1462
   -7.5000    7.5000  -45.000011906.6006   18.1498
    0.0000    7.5000  -45.000012342.6904   18.1443
    7.5000    7.5000  -45.000011709.1309   18.1291
   -7.5000   15.0000  -45.000011466.0713   18.1428
    0.0000   15.0000  -45.000011871.1484   18.1346
    7.5000   15.0000  -45.000011222.3154   18.1115
   -7.5000   22.5000  -45.000010733.2852   18.1404
    0.0000   22.5000  -45.000011120.8691   18.1380
    7.5000   22.5000  -45.000010491.4873   18.1115
   -7.5000   30.0000  -45.0000 9800.0068   17.9080
    0.0000   30.0000  -45.000010138.5967   17.9124
    7.5000   30.0000  -45.0000 9559.6064   17.8899
   -7.5000   37.5000  -45.0000 9224.3535   17.9141
    0.0000   37.5000  -45.0000 9521.3105   17.9190
    7.5000   37.5000  -45.0000 8992.3447   17.9044
   -7.5000   45.0000  -45.0000 8350.8848   17.4592
    0.0000   45.0000  -45.0000 8623.3838   17.4600
    7.5000   45.0000  -45.0000 8135.8604   17.4498
   -7.5000  -45.0000  -37.5000 8868.2295   18.1430
    0.0000  -45.0000  -37.5000 9222.6289   18.1325
    7.5000  -45.0000  -37.5000 8758.2129   18.1258
   -7.5000  -37.5000  -37.5000 9439.8838   18.1194
    0.0000  -37.5000  -37.5000 9837.3105   18.1002
    7.5000  -37.5000  -37.5000 9334.1182   18.0915
   -7.5000  -30.0000  -37.500010326.4756   18.1053
    0.0000  -30.0000  -37.500010762.6973   18.0787
    7.5000  -30.0000  -37.500010203.8311   18.0642
   -7.5000  -22.5000  -37.500011109.1729   18.1021
    0.0000  -22.5000  -37.500011609.7422   18.0789
    7.5000  -22.5000  -37.500010983.3867   18.0601
   -7.5000  -15.0000  -37.500011868.7393   18.1127
    0.0000  -15.0000  -37.500012413.9121   18.0980
    7.5000  -15.0000  -37.500011711.3213   18.0800
   -7.5000   -7.5000  -37.500012557.4932   18.1264
    0.0000   -7.5000  -37.500013122.5459   18.1171
    7.5000   -7.5000  -37.500012358.5264   18.1053
   -7.5000    0.0000  -37.500013116.3320   18.1300
    0.0000    0.0000  -37.500013663.1934   18.1195
    7.5000    0.0000  -37.500012898.6855   18.1128
   -7.5000    7.5000  -37.500012568.5605   18.1194
    0.0000    7.5000  -37.500013053.2920   18.1002
    7.5000    7.5000  -37.500012344.4111   18.0915
   -7.5000   15.0000  -37.500012072.3369   18.1053
    0.0000   15.0000  -37.500012518.2637   18.0787
    7.5000   15.0000  -37.500011800.3662   18.0642
   -7.5000   22.5000  -37.500011319.4121   18.0997
    0.0000   22.5000  -37.500011754.3770   18.0764
    7.5000   22.5000  -37.500011048.3477   18.0576
   -7.5000   30.0000  -37.500010293.2471   17.8713
    0.0000   30.0000  -37.500010697.3037   17.8568
    7.5000   30.0000  -37.500010049.6826   17.8391
   -7.5000   37.5000  -37.5000 9660.8301   17.8848
    0.0000   37.5000  -37.5000 9997.5586   17.8757
    7.5000   37.5000  -37.5000 9419.8125   17.8641
   -7.5000   45.0000  -37.5000 8722.2607   17.4342
    0.0000   45.0000  -37.5000 9023.3301   17.4241
    7.5000   45.0000  -37.5000 8515.0996   17.4176
   -7.5000  -45.0000  -30.0000 9552.7979   18.9215
    0.0000  -45.0000  -30.0000 9976.1631   18.8983
    7.5000  -45.0000  -30.0000 9443.1221   18.8807
   -7.5000  -37.5000  -30.000010136.9502   18.8979
    0.0000  -37.5000  -30.000010598.8750   18.8668
    7.5000  -37.5000  -30.000010023.7402   18.8506
   -7.5000  -30.0000  -30.000011090.8066   18.8897
    0.0000  -30.0000  -30.000011599.8467   18.8495
    7.5000  -30.0000  -30.000010960.2461   18.8294
   -7.5000  -22.5000  -30.000011935.9199   18.8918
    0.0000  -22.5000  -30.000012498.8652   18.8520
    7.5000  -22.5000  -30.000011801.0420   18.8260
   -7.5000  -15.0000  -30.000012740.2910   18.9020
    0.0000  -15.0000  -30.000013341.1582   18.8693
    7.5000  -15.0000  -30.000012593.9951   18.8405
   -7.5000   -7.5000  -30.000013480.9648   18.9099
    0.0000   -7.5000  -30.000014091.8711   18.8848
    7.5000   -7.5000  -30.000013271.9062   18.8607
   -7.5000    0.0000  -30.000014061.6348   18.9080
    0.0000    0.0000  -30.000014692.9521   18.8849
    7.5000    0.0000  -30.000013833.8584   18.8673
   -7.5000    7.5000  -30.000013462.0732   18.8979
    0.0000    7.5000  -30.000014041.1494   18.8668
    7.5000    7.5000  -30.000013223.2422   18.8506
   -7.5000   15.0000  -30.000012848.5391   18.8897
    0.0000   15.0000  -30.000013368.9287   18.8495
    7.5000   15.0000  -30.000012550.2588   18.8294
   -7.5000   22.5000  -30.000012070.6289   18.8873
    0.0000   22.5000  -30.000012564.3584   18.8475
    7.5000   22.5000  -30.000011767.7148   18.8215
   -7.5000   30.0000  -30.000010999.7578   18.6519
    0.0000   30.0000  -30.000011453.2529   18.6196
    7.5000   30.0000  -30.000010741.8535   18.5912
   -7.5000   37.5000  -30.000010305.6055   18.6597
    0.0000   37.5000  -30.000010697.6680   18.6349
    7.5000   37.5000  -30.000010035.1162   18.6111
   -7.5000   45.0000  -30.0000 9263.7842   18.1957
    0.0000   45.0000  -30.0000 9603.3418   18.1734
    7.5000   45.0000  -30.0000 9051.2070   18.1565
   -7.5000  -45.0000  -22.500010217.8828   19.5602
    0.0000  -45.0000  -22.500010703.5762   19.5351
    7.5000  -45.0000  -22.500010144.5020   19.5029
   -7.5000  -37.5000  -22.500010830.2227   19.5427
    0.0000  -37.5000  -22.500011353.1787   19.5140
    7.5000  -37.5000  -22.500010742.8359   19.4846
   -7.5000  -30.0000  -22.500011847.0859   19.5532
    0.0000  -30.0000  -22.500012410.2949   19.5194
    7.5000  -30.0000  -22.500011743.9092   19.4868
   -7.5000  -22.5000  -22.500012761.0645   19.5676
    0.0000  -22.5000  -22.500013360.4941   19.5338
    7.5000  -22.5000  -22.500012647.2666   19.4942
   -7.5000  -15.0000  -22.500013609.8271   19.5726
    0.0000  -15.0000  -22.500014245.3896   19.5420
    7.5000  -15.0000  -22.500013447.9961   19.4979
   -7.5000   -7.5000  -22.500014361.9277   19.5616
    0.0000   -7.5000  -22.500015052.4834   19.5348
    7.5000   -7.5000  -22.500014167.7070   19.4951
   -7.5000    0.0000  -22.500014961.6025   19.5463
    0.0000    0.0000  -22.500015706.6768   19.5213
    7.5000    0.0000  -22.500014768.5068   19.4892
   -7.5000    7.5000  -22.500014341.0244   19.5427
    0.0000    7.5000  -22.500015045.9297   19.5140
    7.5000    7.5000  -22.500014115.0342   19.4846
   -7.5000   15.0000  -22.500013605.0195   19.5532
    0.0000   15.0000  -22.500014234.6504   19.5194
    7.5000   15.0000  -22.500013327.3066   19.4868
   -7.5000   22.5000  -22.500012790.6035   19.5615
    0.0000   22.5000  -22.500013378.0801   19.5278
    7.5000   22.5000  -22.500012508.2383   19.4882
   -7.5000   30.0000  -22.500011668.1045   19.3166
    0.0000   30.0000  -22.500012190.0176   19.2863
    7.5000   30.0000  -22.500011418.6914   19.2429
   -7.5000   37.5000  -22.500010919.3438   19.3058
    0.0000   37.5000  -22.500011373.8652   19.2793
    7.5000   37.5000  -22.500010666.6006   19.2401
   -7.5000   45.0000  -22.5000 9833.5361   18.8241
    0.0000   45.0000  -22.500010220.9189   18.8000
    7.5000   45.0000  -22.5000 9617.2773   18.7691
   -7.5000  -45.0000  -15.000010857.7158   20.0014
    0.0000  -45.0000  -15.000011366.1113   19.9873
    7.5000  -45.0000  -15.000010781.8477   19.9479
   -7.5000  -37.5000  -15.000011497.3682   19.9893
    0.0000  -37.5000  -15.000012048.7373   19.9744
    7.5000  -37.5000  -15.000011416.5586   19.9359
   -7.5000  -30.0000  -15.000012560.0928   20.0112
    0.0000  -30.0000  -15.000013141.9688   19.9965
    7.5000  -30.0000  -15.000012477.3535   19.9530
   -7.5000  -22.5000  -15.000013546.3467   20.0322
    0.0000  -22.5000  -15.000014170.8564   20.0201
    7.5000  -22.5000  -15.000013434.9180   19.9692
   -7.5000  -15.0000  -15.000014449.2920   20.0331
    0.0000  -15.0000  -15.000015096.0195   20.0218
    7.5000  -15.0000  -15.000014246.5801   19.9687
   -7.5000   -7.5000  -15.000015188.9766   20.0101
    0.0000   -7.5000  -15.000015924.0127   19.9971
    7.5000   -7.5000  -15.000015027.8271   19.9504
   -7.5000    0.0000  -15.000015860.1221   19.9874
    0.0000    0.0000  -15.000016678.9160   19.9732
    7.5000    0.0000  -15.000015694.8301   19.9340
   -7.5000    7.5000  -15.000015219.9492   19.9893
    0.0000    7.5000  -15.000016018.7471   19.9744
    7.5000    7.5000  -15.000015016.3184   19.9359
   -7.5000   15.0000  -15.000014350.9053   20.0112
    0.0000   15.0000  -15.000015079.4414   19.9965
    7.5000   15.0000  -15.000014105.7832   19.9530
   -7.5000   22.5000  -15.000013472.6797   20.0251
    0.0000   22.5000  -15.000014130.7070   20.0130
    7.5000   22.5000  -15.000013220.2305   19.9622
   -7.5000   30.0000  -15.000012295.6650   19.7738
    0.0000   30.0000  -15.000012888.1660   19.7627
    7.5000   30.0000  -15.000012104.2734   19.7103
   -7.5000   37.5000  -15.000011516.8057   19.7511
    0.0000   37.5000  -15.000012056.8398   19.7383
    7.5000   37.5000  -15.000011289.2197   19.6922
   -7.5000   45.0000  -15.000010403.7471   19.2605
    0.0000   45.0000  -15.000010860.2754   19.2469
    7.5000   45.0000  -15.000010176.1133   19.2091
   -7.5000  -45.0000   -7.500011477.2061   20.2211
    0.0000  -45.0000   -7.500012002.5176   20.2203
    7.5000  -45.0000   -7.500011410.6377   20.1908
   -7.5000  -37.5000   -7.500012156.3594   20.2065
    0.0000  -37.5000   -7.500012708.3174   20.2030
    7.5000  -37.5000   -7.500012076.1729   20.1702
   -7.5000  -30.0000   -7.500013264.6133   20.2180
    0.0000  -30.0000   -7.500013833.3984   20.2154
    7.5000  -30.0000   -7.500013181.2051   20.1745
   -7.5000  -22.5000   -7.500014343.5234   20.2310
    0.0000  -22.5000   -7.500014956.1953   20.2341
    7.5000  -22.5000   -7.500014221.9590   20.1881
   -7.5000  -15.0000   -7.500015343.3418   20.2335
    0.0000  -15.0000   -7.500015979.2988   20.2401
    7.5000  -15.0000   -7.500015113.4170   20.1963
   -7.5000   -7.5000   -7.500016070.9219   20.2208
    0.0000   -7.5000   -7.500016826.1367   20.2243
    7.5000   -7.5000   -7.500015922.1562   20.1893
   -7.5000    0.0000   -7.500016759.8105   20.2068
    0.0000    0.0000   -7.500017618.8418   20.2060
    7.5000    0.0000   -7.500016702.9102   20.1767
   -7.5000    7.5000   -7.500016049.1533   20.2065
    0.0000    7.5000   -7.500016925.9414   20.2030
    7.5000    7.5000   -7.500016014.9492   20.1702
   -7.5000   15.0000   -7.500015084.1631   20.2180
    0.0000   15.0000   -7.500015901.7480   20.2154
    7.5000   15.0000   -7.500014990.1201   20.1745
   -7.5000   22.5000   -7.500014154.3506   20.2216
    0.0000   22.5000   -7.500014908.7695   20.2248
    7.5000   22.5000   -7.500014001.6201   20.1787
   -7.5000   30.0000   -7.500012950.7148   19.9711
    0.0000   30.0000   -7.500013629.6885   19.9777
    7.5000   30.0000   -7.500012801.7227   19.9344
   -7.5000   37.5000   -7.500012170.1211   19.9586
    0.0000   37.5000   -7.500012776.6445   19.9620
    7.5000   37.5000   -7.500011982.2090   19.9275
   -7.5000   45.0000   -7.500010994.2051   19.4756
    0.0000   45.0000   -7.500011534.5488   19.4748
    7.5000   45.0000   -7.500010802.2324   19.4465
   -7.5000  -45.0000    0.000012052.0098   20.2737
    0.0000  -45.0000    0.000012553.8965   20.2743
    7.5000  -45.0000    0.000011974.2744   20.2627
   -7.5000  -37.5000    0.000012724.4863   20.2523
    0.0000  -37.5000    0.000013250.1221   20.2457
    7.5000  -37.5000    0.000012651.8076   20.2292
   -7.5000  -30.0000    0.000013854.8564   20.2453
    0.0000  -30.0000    0.000014412.1758   20.2360
    7.5000  -30.0000    0.000013798.7090   20.2107
   -7.5000  -22.5000    0.000015048.2500   20.2463
    0.0000  -22.5000    0.000015637.2549   20.2436
    7.5000  -22.5000    0.000014904.5879   20.2146
   -7.5000  -15.0000    0.000016183.3574   20.2542
    0.0000  -15.0000    0.000016849.0762   20.2592
    7.5000  -15.0000    0.000015898.9893   20.2342
   -7.5000   -7.5000    0.000016983.8477   20.2603
    0.0000   -7.5000    0.000017780.1250   20.2655
    7.5000   -7.5000    0.000016809.2773   20.2495
   -7.5000    0.0000    0.000017622.6660   20.2593
    0.0000    0.0000    0.000018510.2324   20.2598
    7.5000    0.0000    0.000017672.0566   20.2483
   -7.5000    7.5000    0.000016830.8125   20.2523
    0.0000    7.5000    0.000017708.9531   20.2457
    7.5000    7.5000    0.000016936.3281   20.2292
   -7.5000   15.0000    0.000015763.0684   20.2453
    0.0000   15.0000    0.000016644.9414   20.2360
    7.5000   15.0000    0.000015833.6143   20.2107
   -7.5000   22.5000    0.000014821.0264   20.2370
    0.0000   22.5000    0.000015626.4062   20.2343
    7.5000   22.5000    0.000014765.1328   20.2052
   -7.5000   30.0000    0.000013590.7988   19.9921
    0.0000   30.0000    0.000014289.8311   19.9970
    7.5000   30.0000    0.000013455.4258   19.9723
   -7.5000   37.5000    0.000012825.6260   19.9981
    0.0000   37.5000    0.000013449.5332   20.0033
    7.5000   37.5000    0.000012618.8906   19.9874
   -7.5000   45.0000    0.000011577.3711   19.5276
    0.0000   45.0000    0.000012113.0820   19.5281
    7.5000   45.0000    0.000011352.2275   19.5170
   -7.5000  -45.0000    7.500011700.5156   20.3013
    0.0000  -45.0000    7.500012141.9170   20.2895
    7.5000  -45.0000    7.500011587.7314   20.2820
   -7.5000  -37.5000    7.500012360.6768   20.2748
    0.0000  -37.5000    7.500012809.6807   20.2533
    7.5000  -37.5000    7.500012252.0127   20.2436
   -7.5000  -30.0000    7.500013443.7559   20.2591
    0.0000  -30.0000    7.500013906.6123   20.2294
    7.5000  -30.0000    7.500013364.8320   20.2131
   -7.5000  -22.5000    7.500014586.0420   20.2557
    0.0000  -22.5000    7.500015126.7061   20.2297
    7.5000  -22.5000    7.500014442.4404   20.2086
   -7.5000  -15.0000    7.500015776.5938   20.2676
    0.0000  -15.0000    7.500016371.2031   20.2511
    7.5000  -15.0000    7.500015464.8799   20.2310
   -7.5000   -7.5000    7.500016640.9160   20.2828
    0.0000   -7.5000    7.500017296.2988   20.2724
    7.5000   -7.5000    7.500016475.4668   20.2593
   -7.5000    0.0000    7.500017262.4531   20.2867
    0.0000    0.0000    7.500017971.5332   20.2749
    7.5000    0.0000    7.500017357.2207   20.2674
   -7.5000    7.5000    7.500016510.2109   20.2748
    0.0000    7.5000    7.500017226.4844   20.2533
    7.5000    7.5000    7.500016625.9121   20.2436
   -7.5000   15.0000    7.500015448.6523   20.2591
    0.0000   15.0000    7.500016195.7256   20.2294
    7.5000   15.0000    7.500015477.4482   20.2131
   -7.5000   22.5000    7.500014446.4482   20.2464
    0.0000   22.5000    7.500015097.0059   20.2204
    7.5000   22.5000    7.500014298.0811   20.1993
   -7.5000   30.0000    7.500013226.2012   20.0053
    0.0000   30.0000    7.500013776.2939   19.9890
    7.5000   30.0000    7.500012985.8213   19.9692
   -7.5000   37.5000    7.500012416.7666   20.0203
    0.0000   37.5000    7.500012894.5000   20.0100
    7.5000   37.5000    7.500012123.6299   19.9971
   -7.5000   45.0000    7.500011197.9785   19.5541
    0.0000   45.0000    7.500011645.8672   19.5427
    7.5000   45.0000    7.500010946.1279   19.5355
   -7.5000  -45.0000   15.000011180.1172   20.3264
    0.0000  -45.0000   15.000011622.8799   20.3014
    7.5000  -45.0000   15.000011084.4648   20.2824
   -7.5000  -37.5000   15.000011807.5596   20.3010
    0.0000  -37.5000   15.000012237.1680   20.2675
    7.5000  -37.5000   15.000011688.1416   20.2501
   -7.5000  -30.0000   15.000012831.2656   20.2922
    0.0000  -30.0000   15.000013238.2891   20.2489
    7.5000  -30.0000   15.000012713.3965   20.2273
   -7.5000  -22.5000   15.000013953.3359   20.2945
    0.0000  -22.5000   15.000014391.8457   20.2516
    7.5000  -22.5000   15.000013768.4941   20.2237
   -7.5000  -15.0000   15.000015073.7197   20.3054
    0.0000  -15.0000   15.000015487.8096   20.2701
    7.5000  -15.0000   15.000014756.6758   20.2392
   -7.5000   -7.5000   15.000015987.9121   20.3139
    0.0000   -7.5000   15.000016437.1133   20.2868
    7.5000   -7.5000   15.000015706.4453   20.2609
   -7.5000    0.0000   15.000016785.6289   20.3119
    0.0000    0.0000   15.000017304.2500   20.2869
    7.5000    0.0000   15.000016558.4375   20.2680
   -7.5000    7.5000   15.000016096.1045   20.3010
    0.0000    7.5000   15.000016685.8262   20.2675
    7.5000    7.5000   15.000015875.4941   20.2501
   -7.5000   15.0000   15.000014999.6865   20.2922
    0.0000   15.0000   15.000015611.8701   20.2489
    7.5000   15.0000   15.000014779.0078   20.2273
   -7.5000   22.5000   15.000013831.2979   20.2851
    0.0000   22.5000   15.000014365.0596   20.2423
    7.5000   22.5000   15.000013576.8877   20.2144
   -7.5000   30.0000   15.000012628.1650   20.0426
    0.0000   30.0000   15.000013087.6318   20.0078
    7.5000   30.0000   15.000012341.8936   19.9772
   -7.5000   37.5000   15.000011809.4990   20.0510
    0.0000   37.5000   15.000012226.0977   20.0242
    7.5000   37.5000   15.000011532.7393   19.9987
   -7.5000   45.0000   15.000010671.3584   19.5783
    0.0000   45.0000   15.000011059.7295   19.5543
    7.5000   45.0000   15.000010430.4111   19.5360
   -7.5000  -45.0000   22.500010537.8701   20.3512
    0.0000  -45.0000   22.500010947.1855   20.3251
    7.5000  -45.0000   22.500010458.8389   20.2916
   -7.5000  -37.5000   22.500011134.7646   20.3332
    0.0000  -37.5000   22.500011509.1426   20.3031
    7.5000  -37.5000   22.500011016.2500   20.2726
   -7.5000  -30.0000   22.500012178.9434   20.3439
    0.0000  -30.0000   22.500012553.3896   20.3086
    7.5000  -30.0000   22.500012046.2695   20.2748
   -7.5000  -22.5000   22.500013291.3848   20.3587
    0.0000  -22.5000   22.500013733.6699   20.3235
    7.5000  -22.5000   22.500013086.4043   20.2823
   -7.5000  -15.0000   22.500014258.5127   20.3639
    0.0000  -15.0000   22.500014686.6973   20.3318
    7.5000  -15.0000   22.500013981.9971   20.2861
   -7.5000   -7.5000   22.500015040.2676   20.3526
    0.0000   -7.5000   22.500015530.0371   20.3245
    7.5000   -7.5000   22.500014778.2852   20.2832
   -7.5000    0.0000   22.500015792.7217   20.3368
    0.0000    0.0000   22.500016351.0127   20.3106
    7.5000    0.0000   22.500015538.2080   20.2773
   -7.5000    7.5000   22.500015141.9297   20.3332
    0.0000    7.5000   22.500015723.3398   20.3031
    7.5000    7.5000   22.500014915.5596   20.2726
   -7.5000   15.0000   22.500014137.3301   20.3439
    0.0000   15.0000   22.500014667.2266   20.3086
    7.5000   15.0000   22.500013928.4707   20.2748
   -7.5000   22.5000   22.500012996.2129   20.3493
    0.0000   22.5000   22.500013460.8604   20.3141
    7.5000   22.5000   22.500012763.9980   20.2730
   -7.5000   30.0000   22.500011899.5801   20.1003
    0.0000   30.0000   22.500012311.6025   20.0687
    7.5000   30.0000   22.500011646.3975   20.0235
   -7.5000   37.5000   22.500011136.9551   20.0892
    0.0000   37.5000   22.500011509.4590   20.0614
    7.5000   37.5000   22.500010880.3350   20.0207
   -7.5000   45.0000   22.500010018.1689   19.6024
    0.0000   45.0000   22.500010359.4414   19.5772
    7.5000   45.0000   22.5000 9808.0557   19.5450
   -7.5000  -45.0000   30.0000 9821.7617   20.3856
    0.0000  -45.0000   30.000010239.7705   20.3708
    7.5000  -45.0000   30.0000 9737.6055   20.3305
   -7.5000  -37.5000   30.000010389.7461   20.3732
    0.0000  -37.5000   30.000010831.9297   20.3577
    7.5000  -37.5000   30.000010289.1006   20.3182
   -7.5000  -30.0000   30.000011411.9141   20.3955
    0.0000  -30.0000   30.000011913.6182   20.3803
    7.5000  -30.0000   30.000011282.7734   20.3356
   -7.5000  -22.5000   30.000012388.7178   20.4168
    0.0000  -22.5000   30.000012934.8965   20.4042
    7.5000  -22.5000   30.000012196.6758   20.3521
   -7.5000  -15.0000   30.000013145.4492   20.4175
    0.0000  -15.0000   30.000013633.9609   20.4057
    7.5000  -15.0000   30.000012924.3760   20.3514
   -7.5000   -7.5000   30.000013813.8809   20.3941
    0.0000   -7.5000   30.000014313.0361   20.3805
    7.5000   -7.5000   30.000013596.2490   20.3328
   -7.5000    0.0000   30.000014517.0605   20.3711
    0.0000    0.0000   30.000015033.2402   20.3564
    7.5000    0.0000   30.000014286.3682   20.3162
   -7.5000    7.5000   30.000013945.2393   20.3732
    0.0000    7.5000   30.000014443.6240   20.3577
    7.5000    7.5000   30.000013754.5791   20.3182
   -7.5000   15.0000   30.000013058.7695   20.3955
    0.0000   15.0000   30.000013523.0625   20.3803
    7.5000   15.0000   30.000012888.6465   20.3356
   -7.5000   22.5000   30.000012009.7129   20.4074
    0.0000   22.5000   30.000012428.9219   20.3948
    7.5000   22.5000   30.000011818.4951   20.3428
   -7.5000   30.0000   30.000010997.0859   20.1533
    0.0000   30.0000   30.000011401.1758   20.1416
    7.5000   30.0000   30.000010793.5479   20.0881
   -7.5000   37.5000   30.000010308.4062   20.1302
    0.0000   37.5000   30.000010678.7910   20.1168
    7.5000   37.5000   30.000010099.0098   20.0697
   -7.5000   45.0000   30.0000 9276.0312   19.6355
    0.0000   45.0000   30.0000 9601.8398   19.6213
    7.5000   45.0000   30.0000 9111.1631   19.5825
   -7.5000  -45.0000   37.5000 9478.6338   20.6959
    0.0000  -45.0000   37.5000 9949.0830   20.6947
    7.5000  -45.0000   37.5000 9424.2725   20.6635
   -7.5000  -37.5000   37.500010027.2910   20.6806
    0.0000  -37.5000   37.500010536.2002   20.6766
    7.5000  -37.5000   37.5000 9950.1289   20.6418
   -7.5000  -30.0000   37.500010988.5283   20.6921
    0.0000  -30.0000   37.500011547.5410   20.6891
    7.5000  -30.0000   37.500010875.5527   20.6459
   -7.5000  -22.5000   37.500011873.0859   20.7050
    0.0000  -22.5000   37.500012432.3242   20.7082
    7.5000  -22.5000   37.500011705.8896   20.6597
   -7.5000  -15.0000   37.500012564.4941   20.7077
    0.0000  -15.0000   37.500013063.8945   20.7143
    7.5000  -15.0000   37.500012382.6953   20.6684
   -7.5000   -7.5000   37.500013192.7051   20.6950
    0.0000   -7.5000   37.500013696.6738   20.6983
    7.5000   -7.5000   37.500013014.7979   20.6615
   -7.5000    0.0000   37.500013862.3525   20.6810
    0.0000    0.0000   37.500014352.4902   20.6798
    7.5000    0.0000   37.500013639.2793   20.6486
   -7.5000    7.5000   37.500013363.4014   20.6806
    0.0000    7.5000   37.500013819.4053   20.6766
    7.5000    7.5000   37.500013174.9023   20.6418
   -7.5000   15.0000   37.500012537.2900   20.6921
    0.0000   15.0000   37.500012998.5020   20.6891
    7.5000   15.0000   37.500012388.0186   20.6459
   -7.5000   22.5000   37.500011549.6572   20.6955
    0.0000   22.5000   37.500011979.7920   20.6987
    7.5000   22.5000   37.500011385.8760   20.6502
   -7.5000   30.0000   37.500010569.9463   20.4397
    0.0000   30.0000   37.500010965.3281   20.4462
    7.5000   30.0000   37.500010400.4932   20.4009
   -7.5000   37.5000   37.5000 9906.1348   20.4272
    0.0000   37.5000   37.500010280.0879   20.4304
    7.5000   37.5000   37.5000 9737.9961   20.3941
   -7.5000   45.0000   37.5000 8905.6006   19.9341
    0.0000   45.0000   37.5000 9247.8447   19.9330
    7.5000   45.0000   37.5000 8756.1016   19.9030
   -7.5000  -45.0000   45.0000 8647.7695   21.0034
    0.0000  -45.0000   45.0000 9072.3760   21.0022
    7.5000  -45.0000   45.0000 8608.7188   20.9855
   -7.5000  -37.5000   45.0000 9149.9287   20.9796
    0.0000  -37.5000   45.0000 9612.3174   20.9708
    7.5000  -37.5000   45.0000 9106.1523   20.9492
   -7.5000  -30.0000   45.000010034.2285   20.9726
    0.0000  -30.0000   45.000010517.9863   20.9611
    7.5000  -30.0000   45.0000 9938.5254   20.9307
   -7.5000  -22.5000   45.000010824.3945   20.9750
    0.0000  -22.5000   45.000011301.0312   20.9711
    7.5000  -22.5000   45.000010680.2959   20.9364
   -7.5000  -15.0000   45.000011443.5684   20.9844
    0.0000  -15.0000   45.000011909.3047   20.9887
    7.5000  -15.0000   45.000011293.4746   20.9579
   -7.5000   -7.5000   45.000012040.1797   20.9902
    0.0000   -7.5000   45.000012510.8652   20.9945
    7.5000   -7.5000   45.000011881.4775   20.9729
   -7.5000    0.0000   45.000012615.5059   20.9877
    0.0000    0.0000   45.000013092.5820   20.9865
    7.5000    0.0000   45.000012424.4678   20.9699
   -7.5000    7.5000   45.000012189.8086   20.9796
    0.0000    7.5000   45.000012635.5215   20.9708
    7.5000    7.5000   45.000012032.5693   20.9492
   -7.5000   15.0000   45.000011470.1504   20.9726
    0.0000   15.0000   45.000011907.6953   20.9611
    7.5000   15.0000   45.000011341.1006   20.9307
   -7.5000   22.5000   45.000010589.3477   20.9653
    0.0000   22.5000   45.000010997.0508   20.9613
    7.5000   22.5000   45.000010451.9775   20.9267
   -7.5000   30.0000   45.0000 9685.4365   20.7110
    0.0000   30.0000   45.000010059.3789   20.7152
    7.5000   30.0000   45.0000 9537.5654   20.6848
   -7.5000   37.5000   45.0000 9073.5381   20.7168
    0.0000   37.5000   45.0000 9419.9258   20.7210
    7.5000   37.5000   45.0000 8940.0635   20.6996
   -7.5000   45.0000   45.0000 8169.1069   20.2389
    0.0000   45.0000   45.0000 8475.1826   20.2378
    7.5000   45.0000   45.0000 8048.9717   20.2218

---------------------------------------------------------------------
imgreg_4dfp /opt/freesurfer/average/711-2C_as_mni_average_305 /opt/freesurfer/average/711-2B_as_mni_average_305_mask talsrcimg_g11 none talsrcimg_to_711-2C_as_mni_average_305_t4 4355
---------------------------------------------------------------------

freesurfer imgreg_4dfp.c
/opt/freesurfer/average/711-2C_as_mni_average_305.4dfp.img
       256       256       256         1
  1.000000  1.000000  1.000000
orientation T byte_order littleendian
Reading image: /opt/freesurfer/average/711-2C_as_mni_average_305.4dfp.img
dimensions:      256       256       256
mmppix:       1.0000   -1.0000   -1.0000
center:     128.0000 -129.0000 -129.0000
/opt/freesurfer/average/711-2B_as_mni_average_305_mask.4dfp.img
       256       256       256         1
  1.000000  1.000000  1.000000
orientation T byte_order littleendian
Reading mask: /opt/freesurfer/average/711-2B_as_mni_average_305_mask.4dfp.img (2306576 pixels)
talsrcimg_g11.4dfp.img
       256       256       256         1
  1.000000  1.000000  1.000000
orientation T byte_order littleendian
Reading image: talsrcimg_g11.4dfp.img
dimensions:      256       256       256
mmppix:       1.0000   -1.0000   -1.0000
center:     128.0000 -129.0000 -129.0000
rotation matrix determinant  1.000000
image alignment mode   4355 decimal     1103 hex
   -7.5000  -45.0000  -45.0000 2161.5405   20.0597
    0.0000  -45.0000  -45.0000 2166.7002   20.1621
    7.5000  -45.0000  -45.0000 2147.1611   20.4511
   -7.5000  -37.5000  -45.0000 2259.5967   18.7009
    0.0000  -37.5000  -45.0000 2262.1873   18.8344
    7.5000  -37.5000  -45.0000 2241.7900   19.0745
   -7.5000  -30.0000  -45.0000 2317.9763   17.7846
    0.0000  -30.0000  -45.0000 2317.7715   17.8988
    7.5000  -30.0000  -45.0000 2298.8420   18.0855
   -7.5000  -22.5000  -45.0000 2349.8904   17.2869
    0.0000  -22.5000  -45.0000 2347.2278   17.3634
    7.5000  -22.5000  -45.0000 2328.0806   17.5743
   -7.5000  -15.0000  -45.0000 2366.9121   17.0710
    0.0000  -15.0000  -45.0000 2368.4607   17.0999
    7.5000  -15.0000  -45.0000 2342.4734   17.3821
   -7.5000   -7.5000  -45.0000 2368.1265   17.1703
    0.0000   -7.5000  -45.0000 2369.3713   17.2008
    7.5000   -7.5000  -45.0000 2339.8770   17.4980
   -7.5000    0.0000  -45.0000 2362.7373   17.3993
    0.0000    0.0000  -45.0000 2362.1123   17.4589
    7.5000    0.0000  -45.0000 2334.1008   17.7809
   -7.5000    7.5000  -45.0000 2339.6230   17.9562
    0.0000    7.5000  -45.0000 2338.6440   17.9931
    7.5000    7.5000  -45.0000 2311.2285   18.3441
   -7.5000   15.0000  -45.0000 2305.6992   18.7870
    0.0000   15.0000  -45.0000 2304.8245   18.7847
    7.5000   15.0000  -45.0000 2270.8049   19.2059
   -7.5000   22.5000  -45.0000 2254.1785   19.9492
    0.0000   22.5000  -45.0000 2252.3369   19.9663
    7.5000   22.5000  -45.0000 2216.8049   20.4025
   -7.5000   30.0000  -45.0000 2177.7754   21.5479
    0.0000   30.0000  -45.0000 2176.2522   21.5693
    7.5000   30.0000  -45.0000 2142.9612   22.1334
   -7.5000   37.5000  -45.0000 2082.4331   23.7931
    0.0000   37.5000  -45.0000 2077.6499   23.8115
    7.5000   37.5000  -45.0000 2045.7577   24.3696
   -7.5000   45.0000  -45.0000 1971.2157   26.7786
    0.0000   45.0000  -45.0000 1970.2400   26.7783
    7.5000   45.0000  -45.0000 1934.3120   27.3682
   -7.5000  -45.0000  -37.5000 2251.3472   18.7932
    0.0000  -45.0000  -37.5000 2253.0098   18.8702
    7.5000  -45.0000  -37.5000 2234.3171   19.0988
   -7.5000  -37.5000  -37.5000 2350.6875   17.4357
    0.0000  -37.5000  -37.5000 2350.4380   17.5217
    7.5000  -37.5000  -37.5000 2332.3821   17.7231
   -7.5000  -30.0000  -37.5000 2413.3564   16.4787
    0.0000  -30.0000  -37.5000 2413.6887   16.5823
    7.5000  -30.0000  -37.5000 2391.6426   16.7422
   -7.5000  -22.5000  -37.5000 2448.6311   15.9754
    0.0000  -22.5000  -37.5000 2452.4360   16.0587
    7.5000  -22.5000  -37.5000 2420.9995   16.2221
   -7.5000  -15.0000  -37.5000 2467.8457   15.7622
    0.0000  -15.0000  -37.5000 2470.7561   15.8386
    7.5000  -15.0000  -37.5000 2434.8953   16.0498
   -7.5000   -7.5000  -37.5000 2467.9346   15.8541
    0.0000   -7.5000  -37.5000 2469.7141   15.8942
    7.5000   -7.5000  -37.5000 2436.0640   16.1281
   -7.5000    0.0000  -37.5000 2466.8198   16.0739
    0.0000    0.0000  -37.5000 2461.9304   16.0976
    7.5000    0.0000  -37.5000 2429.9363   16.3746
   -7.5000    7.5000  -37.5000 2449.0330   16.5809
    0.0000    7.5000  -37.5000 2445.2754   16.5774
    7.5000    7.5000  -37.5000 2412.4958   16.9158
   -7.5000   15.0000  -37.5000 2414.9895   17.3521
    0.0000   15.0000  -37.5000 2410.5510   17.3239
    7.5000   15.0000  -37.5000 2376.3213   17.7397
   -7.5000   22.5000  -37.5000 2355.7563   18.4689
    0.0000   22.5000  -37.5000 2348.8599   18.4212
    7.5000   22.5000  -37.5000 2313.1836   18.8469
   -7.5000   30.0000  -37.5000 2270.4653   20.0080
    0.0000   30.0000  -37.5000 2268.0652   19.9794
    7.5000   30.0000  -37.5000 2233.5315   20.4416
   -7.5000   37.5000  -37.5000 2167.4473   22.0655
    0.0000   37.5000  -37.5000 2163.9365   22.0875
    7.5000   37.5000  -37.5000 2134.1223   22.5430
   -7.5000   45.0000  -37.5000 2046.2190   24.7934
    0.0000   45.0000  -37.5000 2043.8864   24.7408
    7.5000   45.0000  -37.5000 2013.9994   25.2516
   -7.5000  -45.0000  -30.0000 2373.4851   18.2294
    0.0000  -45.0000  -30.0000 2378.1614   18.3353
    7.5000  -45.0000  -30.0000 2352.9028   18.5115
   -7.5000  -37.5000  -30.0000 2472.0613   16.8320
    0.0000  -37.5000  -30.0000 2478.7676   16.9088
    7.5000  -37.5000  -30.0000 2449.7783   17.0903
   -7.5000  -30.0000  -30.0000 2543.3726   15.8685
    0.0000  -30.0000  -30.0000 2550.6423   15.9262
    7.5000  -30.0000  -30.0000 2514.4248   16.0892
   -7.5000  -22.5000  -30.0000 2588.8425   15.3041
    0.0000  -22.5000  -30.0000 2593.2090   15.3480
    7.5000  -22.5000  -30.0000 2552.7588   15.5177
   -7.5000  -15.0000  -30.0000 2614.7981   15.0809
    0.0000  -15.0000  -30.0000 2617.2036   15.1203
    7.5000  -15.0000  -30.0000 2582.1697   15.2643
   -7.5000   -7.5000  -30.0000 2624.2166   15.1805
    0.0000   -7.5000  -30.0000 2622.6226   15.2101
    7.5000   -7.5000  -30.0000 2592.3760   15.3836
   -7.5000    0.0000  -30.0000 2620.3777   15.4030
    0.0000    0.0000  -30.0000 2617.6431   15.4278
    7.5000    0.0000  -30.0000 2580.8811   15.6610
   -7.5000    7.5000  -30.0000 2599.1213   15.9090
    0.0000    7.5000  -30.0000 2595.0210   15.8967
    7.5000    7.5000  -30.0000 2559.4893   16.1786
   -7.5000   15.0000  -30.0000 2561.8894   16.6786
    0.0000   15.0000  -30.0000 2557.7542   16.6446
    7.5000   15.0000  -30.0000 2516.7112   16.9562
   -7.5000   22.5000  -30.0000 2492.2876   17.7621
    0.0000   22.5000  -30.0000 2490.8577   17.7391
    7.5000   22.5000  -30.0000 2450.3699   18.0637
   -7.5000   30.0000  -30.0000 2397.1680   19.1931
    0.0000   30.0000  -30.0000 2398.5872   19.1750
    7.5000   30.0000  -30.0000 2360.5388   19.5503
   -7.5000   37.5000  -30.0000 2287.2676   21.1720
    0.0000   37.5000  -30.0000 2287.3120   21.1315
    7.5000   37.5000  -30.0000 2250.2380   21.5471
   -7.5000   45.0000  -30.0000 2153.1023   23.7414
    0.0000   45.0000  -30.0000 2154.0974   23.7183
    7.5000   45.0000  -30.0000 2124.3323   24.1830
   -7.5000  -45.0000  -22.5000 2456.7510   17.4718
    0.0000  -45.0000  -22.5000 2464.8960   17.5746
    7.5000  -45.0000  -22.5000 2434.4766   17.8022
   -7.5000  -37.5000  -22.5000 2559.4573   16.0948
    0.0000  -37.5000  -22.5000 2569.1731   16.1537
    7.5000  -37.5000  -22.5000 2534.5864   16.3525
   -7.5000  -30.0000  -22.5000 2641.9946   15.1300
    0.0000  -30.0000  -22.5000 2648.0586   15.1703
    7.5000  -30.0000  -22.5000 2612.1003   15.3744
   -7.5000  -22.5000  -22.5000 2698.0374   14.5706
    0.0000  -22.5000  -22.5000 2699.5737   14.5934
    7.5000  -22.5000  -22.5000 2663.6858   14.7616
   -7.5000  -15.0000  -22.5000 2732.0613   14.2920
    0.0000  -15.0000  -22.5000 2734.9717   14.3179
    7.5000  -15.0000  -22.5000 2696.0410   14.4739
   -7.5000   -7.5000  -22.5000 2747.2742   14.3319
    0.0000   -7.5000  -22.5000 2748.6089   14.3585
    7.5000   -7.5000  -22.5000 2706.1741   14.4979
   -7.5000    0.0000  -22.5000 2739.9871   14.5881
    0.0000    0.0000  -22.5000 2741.2246   14.6370
    7.5000    0.0000  -22.5000 2701.5891   14.8113
   -7.5000    7.5000  -22.5000 2726.0796   15.1288
    0.0000    7.5000  -22.5000 2722.8447   15.1575
    7.5000    7.5000  -22.5000 2682.1448   15.3454
   -7.5000   15.0000  -22.5000 2679.1753   15.8840
    0.0000   15.0000  -22.5000 2676.9138   15.9137
    7.5000   15.0000  -22.5000 2634.5952   16.1378
   -7.5000   22.5000  -22.5000 2602.1975   16.9515
    0.0000   22.5000  -22.5000 2602.8018   16.9460
    7.5000   22.5000  -22.5000 2564.0725   17.2392
   -7.5000   30.0000  -22.5000 2498.0173   18.3286
    0.0000   30.0000  -22.5000 2496.8699   18.3281
    7.5000   30.0000  -22.5000 2463.2280   18.6479
   -7.5000   37.5000  -22.5000 2380.6926   20.1808
    0.0000   37.5000  -22.5000 2380.0708   20.1222
    7.5000   37.5000  -22.5000 2345.4683   20.5280
   -7.5000   45.0000  -22.5000 2241.1440   22.6174
    0.0000   45.0000  -22.5000 2239.1025   22.5548
    7.5000   45.0000  -22.5000 2213.1980   23.0174
   -7.5000  -45.0000  -15.0000 2504.7639   16.7646
    0.0000  -45.0000  -15.0000 2511.0554   16.8488
    7.5000  -45.0000  -15.0000 2479.7058   17.0870
   -7.5000  -37.5000  -15.0000 2612.8433   15.4090
    0.0000  -37.5000  -15.0000 2621.3635   15.4744
    7.5000  -37.5000  -15.0000 2588.7214   15.6938
   -7.5000  -30.0000  -15.0000 2707.0251   14.4686
    0.0000  -30.0000  -15.0000 2710.5234   14.5063
    7.5000  -30.0000  -15.0000 2677.1750   14.7309
   -7.5000  -22.5000  -15.0000 2772.1663   13.8570
    0.0000  -22.5000  -15.0000 2772.3506   13.8806
    7.5000  -22.5000  -15.0000 2738.9929   14.0945
   -7.5000  -15.0000  -15.0000 2812.7671   13.5725
    0.0000  -15.0000  -15.0000 2816.3933   13.5834
    7.5000  -15.0000  -15.0000 2773.7771   13.7835
   -7.5000   -7.5000  -15.0000 2833.2566   13.4801
    0.0000   -7.5000  -15.0000 2836.1980   13.5487
    7.5000   -7.5000  -15.0000 2789.0247   13.7308
   -7.5000    0.0000  -15.0000 2832.6240   13.7554
    0.0000    0.0000  -15.0000 2837.4209   13.8438
    7.5000    0.0000  -15.0000 2790.7380   14.0092
   -7.5000    7.5000  -15.0000 2814.7454   14.3415
    0.0000    7.5000  -15.0000 2820.1445   14.4316
    7.5000    7.5000  -15.0000 2773.2407   14.5907
   -7.5000   15.0000  -15.0000 2764.1133   15.1304
    0.0000   15.0000  -15.0000 2763.9021   15.1816
    7.5000   15.0000  -15.0000 2724.4868   15.3973
   -7.5000   22.5000  -15.0000 2683.4524   16.1238
    0.0000   22.5000  -15.0000 2681.7974   16.1656
    7.5000   22.5000  -15.0000 2645.5154   16.4509
   -7.5000   30.0000  -15.0000 2571.2310   17.4949
    0.0000   30.0000  -15.0000 2571.8130   17.5198
    7.5000   30.0000  -15.0000 2536.4690   17.8184
   -7.5000   37.5000  -15.0000 2449.0593   19.3121
    0.0000   37.5000  -15.0000 2449.3098   19.3146
    7.5000   37.5000  -15.0000 2408.9436   19.6589
   -7.5000   45.0000  -15.0000 2302.6670   21.6670
    0.0000   45.0000  -15.0000 2300.4719   21.6474
    7.5000   45.0000  -15.0000 2267.8994   22.0396
   -7.5000  -45.0000   -7.5000 2522.9724   16.2336
    0.0000  -45.0000   -7.5000 2528.7239   16.2714
    7.5000  -45.0000   -7.5000 2501.3120   16.5787
   -7.5000  -37.5000   -7.5000 2640.2544   14.9056
    0.0000  -37.5000   -7.5000 2646.3684   14.9226
    7.5000  -37.5000   -7.5000 2616.2998   15.2008
   -7.5000  -30.0000   -7.5000 2743.4487   13.9318
    0.0000  -30.0000   -7.5000 2742.7471   13.9361
    7.5000  -30.0000   -7.5000 2713.1914   14.2127
   -7.5000  -22.5000   -7.5000 2819.9873   13.2815
    0.0000  -22.5000   -7.5000 2824.5632   13.2790
    7.5000  -22.5000   -7.5000 2790.9004   13.5566
   -7.5000  -15.0000   -7.5000 2876.2222   12.9575
    0.0000  -15.0000   -7.5000 2883.1204   12.9625
    7.5000  -15.0000   -7.5000 2836.9604   13.2136
   -7.5000   -7.5000   -7.5000 2903.0093   12.8061
    0.0000   -7.5000   -7.5000 2910.5625   12.8687
    7.5000   -7.5000   -7.5000 2856.9734   13.1482
   -7.5000    0.0000   -7.5000 2903.0654   13.0507
    0.0000    0.0000   -7.5000 2913.3682   13.1454
    7.5000    0.0000   -7.5000 2863.9673   13.4137
   -7.5000    7.5000   -7.5000 2882.0823   13.6557
    0.0000    7.5000   -7.5000 2889.1511   13.7287
    7.5000    7.5000   -7.5000 2846.9658   13.9880
   -7.5000   15.0000   -7.5000 2824.0664   14.4360
    0.0000   15.0000   -7.5000 2826.7495   14.5159
    7.5000   15.0000   -7.5000 2787.9058   14.7883
   -7.5000   22.5000   -7.5000 2734.7385   15.4318
    0.0000   22.5000   -7.5000 2738.5151   15.5105
    7.5000   22.5000   -7.5000 2698.4390   15.8196
   -7.5000   30.0000   -7.5000 2618.8147   16.7947
    0.0000   30.0000   -7.5000 2622.2737   16.8467
    7.5000   30.0000   -7.5000 2582.1497   17.1937
   -7.5000   37.5000   -7.5000 2490.8745   18.5809
    0.0000   37.5000   -7.5000 2492.7727   18.6385
    7.5000   37.5000   -7.5000 2450.7339   19.0195
   -7.5000   45.0000   -7.5000 2338.6135   20.8358
    0.0000   45.0000   -7.5000 2343.2007   20.8947
    7.5000   45.0000   -7.5000 2306.2424   21.3272
   -7.5000  -45.0000    0.0000 2525.0000   16.0609
    0.0000  -45.0000    0.0000 2529.4722   15.9572
    7.5000  -45.0000    0.0000 2509.7622   16.3782
   -7.5000  -37.5000    0.0000 2643.9888   14.6785
    0.0000  -37.5000    0.0000 2650.3772   14.5891
    7.5000  -37.5000    0.0000 2627.5776   14.9684
   -7.5000  -30.0000    0.0000 2753.0002   13.6367
    0.0000  -30.0000    0.0000 2759.0747   13.5832
    7.5000  -30.0000    0.0000 2733.6274   13.9070
   -7.5000  -22.5000    0.0000 2845.6072   12.9571
    0.0000  -22.5000    0.0000 2857.0076   12.9053
    7.5000  -22.5000    0.0000 2822.8787   13.2142
   -7.5000  -15.0000    0.0000 2913.3579   12.6279
    0.0000  -15.0000    0.0000 2930.2686   12.5704
    7.5000  -15.0000    0.0000 2882.4368   12.8496
   -7.5000   -7.5000    0.0000 2954.9138   12.4452
    0.0000   -7.5000    0.0000 2968.6553   12.4586
    7.5000   -7.5000    0.0000 2910.0850   12.7786
   -7.5000    0.0000    0.0000 2951.0972   12.6559
    0.0000    0.0000    0.0000 2965.4641   12.7151
    7.5000    0.0000    0.0000 2912.4695   13.1149
   -7.5000    7.5000    0.0000 2917.1382   13.2349
    0.0000    7.5000    0.0000 2935.2063   13.2835
    7.5000    7.5000    0.0000 2885.9265   13.6779
   -7.5000   15.0000    0.0000 2852.0427   14.0247
    0.0000   15.0000    0.0000 2870.9602   14.0764
    7.5000   15.0000    0.0000 2823.1321   14.4606
   -7.5000   22.5000    0.0000 2765.7937   15.0146
    0.0000   22.5000    0.0000 2777.4080   15.0692
    7.5000   22.5000    0.0000 2733.0693   15.4458
   -7.5000   30.0000    0.0000 2640.8464   16.3711
    0.0000   30.0000    0.0000 2647.3533   16.4546
    7.5000   30.0000    0.0000 2611.7429   16.8314
   -7.5000   37.5000    0.0000 2513.2061   18.1439
    0.0000   37.5000    0.0000 2514.7837   18.2493
    7.5000   37.5000    0.0000 2479.0549   18.6498
   -7.5000   45.0000    0.0000 2358.2622   20.3976
    0.0000   45.0000    0.0000 2359.4258   20.4739
    7.5000   45.0000    0.0000 2329.5767   20.9307
   -7.5000  -45.0000    7.5000 2515.4053   16.0958
    0.0000  -45.0000    7.5000 2520.7893   15.8435
    7.5000  -45.0000    7.5000 2506.5361   16.2959
   -7.5000  -37.5000    7.5000 2639.0820   14.6781
    0.0000  -37.5000    7.5000 2647.8098   14.4572
    7.5000  -37.5000    7.5000 2627.8984   14.8791
   -7.5000  -30.0000    7.5000 2751.6970   13.5909
    0.0000  -30.0000    7.5000 2761.8674   13.3973
    7.5000  -30.0000    7.5000 2735.8643   13.8110
   -7.5000  -22.5000    7.5000 2846.3621   12.8692
    0.0000  -22.5000    7.5000 2862.9910   12.6942
    7.5000  -22.5000    7.5000 2830.6311   13.1105
   -7.5000  -15.0000    7.5000 2921.9607   12.5458
    0.0000  -15.0000    7.5000 2938.4553   12.3616
    7.5000  -15.0000    7.5000 2901.5137   12.7341
   -7.5000   -7.5000    7.5000 2971.6919   12.3981
    0.0000   -7.5000    7.5000 2992.0933   12.2762
    7.5000   -7.5000    7.5000 2946.3328   12.6655
   -7.5000    0.0000    7.5000 2975.8315   12.6299
    0.0000    0.0000    7.5000 2994.7832   12.5575
    7.5000    0.0000    7.5000 2950.9702   13.0343
   -7.5000    7.5000    7.5000 2938.3767   13.1371
    0.0000    7.5000    7.5000 2961.3269   13.0786
    7.5000    7.5000    7.5000 2910.4043   13.5752
   -7.5000   15.0000    7.5000 2864.8064   13.9127
    0.0000   15.0000    7.5000 2887.0022   13.8742
    7.5000   15.0000    7.5000 2836.1675   14.2799
   -7.5000   22.5000    7.5000 2772.2305   14.9216
    0.0000   22.5000    7.5000 2779.8647   14.9046
    7.5000   22.5000    7.5000 2742.2725   15.2494
   -7.5000   30.0000    7.5000 2649.2336   16.2854
    0.0000   30.0000    7.5000 2651.7546   16.2757
    7.5000   30.0000    7.5000 2621.2190   16.6428
   -7.5000   37.5000    7.5000 2517.1196   18.0701
    0.0000   37.5000    7.5000 2519.2336   18.0764
    7.5000   37.5000    7.5000 2486.5210   18.4626
   -7.5000   45.0000    7.5000 2359.8276   20.3079
    0.0000   45.0000    7.5000 2362.5122   20.3166
    7.5000   45.0000    7.5000 2333.0413   20.7435
   -7.5000  -45.0000   15.0000 2491.4006   16.2566
    0.0000  -45.0000   15.0000 2504.0276   15.9557
    7.5000  -45.0000   15.0000 2488.0503   16.3911
   -7.5000  -37.5000   15.0000 2615.2808   14.8240
    0.0000  -37.5000   15.0000 2626.1660   14.5368
    7.5000  -37.5000   15.0000 2607.1929   14.9671
   -7.5000  -30.0000   15.0000 2722.8118   13.7457
    0.0000  -30.0000   15.0000 2735.4705   13.4687
    7.5000  -30.0000   15.0000 2711.4485   13.8880
   -7.5000  -22.5000   15.0000 2816.1812   13.0478
    0.0000  -22.5000   15.0000 2828.2603   12.7714
    7.5000  -22.5000   15.0000 2808.4614   13.2282
   -7.5000  -15.0000   15.0000 2902.6631   12.7575
    0.0000  -15.0000   15.0000 2909.3606   12.4956
    7.5000  -15.0000   15.0000 2887.4102   12.9067
   -7.5000   -7.5000   15.0000 2962.9714   12.5939
    0.0000   -7.5000   15.0000 2980.3455   12.3995
    7.5000   -7.5000   15.0000 2948.3887   12.7928
   -7.5000    0.0000   15.0000 2966.2083   12.8523
    0.0000    0.0000   15.0000 2982.1877   12.6595
    7.5000    0.0000   15.0000 2949.0442   13.0858
   -7.5000    7.5000   15.0000 2924.0806   13.3122
    0.0000    7.5000   15.0000 2945.5693   13.2089
    7.5000    7.5000   15.0000 2901.2734   13.5763
   -7.5000   15.0000   15.0000 2849.0542   14.0595
    0.0000   15.0000   15.0000 2866.9026   14.0225
    7.5000   15.0000   15.0000 2820.9895   14.3198
   -7.5000   22.5000   15.0000 2745.6511   15.1157
    0.0000   22.5000   15.0000 2754.4832   15.0811
    7.5000   22.5000   15.0000 2718.5320   15.3566
   -7.5000   30.0000   15.0000 2629.1978   16.4519
    0.0000   30.0000   15.0000 2631.7419   16.4389
    7.5000   30.0000   15.0000 2601.3767   16.7183
   -7.5000   37.5000   15.0000 2501.0339   18.1691
    0.0000   37.5000   15.0000 2502.8821   18.2249
    7.5000   37.5000   15.0000 2469.0647   18.5181
   -7.5000   45.0000   15.0000 2342.7910   20.3607
    0.0000   45.0000   15.0000 2343.7996   20.4073
    7.5000   45.0000   15.0000 2318.8071   20.7524
   -7.5000  -45.0000   22.5000 2455.5383   16.6758
    0.0000  -45.0000   22.5000 2474.3206   16.3137
    7.5000  -45.0000   22.5000 2460.5879   16.7467
   -7.5000  -37.5000   22.5000 2576.1990   15.2770
    0.0000  -37.5000   22.5000 2584.5703   14.9391
    7.5000  -37.5000   22.5000 2570.8970   15.3680
   -7.5000  -30.0000   22.5000 2685.9197   14.2524
    0.0000  -30.0000   22.5000 2689.8779   13.9627
    7.5000  -30.0000   22.5000 2676.1458   14.3824
   -7.5000  -22.5000   22.5000 2785.0613   13.6144
    0.0000  -22.5000   22.5000 2795.4534   13.3866
    7.5000  -22.5000   22.5000 2776.3472   13.7888
   -7.5000  -15.0000   22.5000 2867.2314   13.2359
    0.0000  -15.0000   22.5000 2881.6587   13.0346
    7.5000  -15.0000   22.5000 2849.4651   13.3530
   -7.5000   -7.5000   22.5000 2925.1125   12.9666
    0.0000   -7.5000   22.5000 2941.9692   12.8146
    7.5000   -7.5000   22.5000 2903.5303   13.1739
   -7.5000    0.0000   22.5000 2921.4070   13.2317
    0.0000    0.0000   22.5000 2936.7178   13.1192
    7.5000    0.0000   22.5000 2899.7546   13.4094
   -7.5000    7.5000   22.5000 2878.6499   13.7022
    0.0000    7.5000   22.5000 2900.8328   13.6257
    7.5000    7.5000   22.5000 2858.5520   13.9092
   -7.5000   15.0000   22.5000 2806.1812   14.4618
    0.0000   15.0000   22.5000 2825.9189   14.3930
    7.5000   15.0000   22.5000 2784.7454   14.6447
   -7.5000   22.5000   22.5000 2706.3833   15.5324
    0.0000   22.5000   22.5000 2715.7993   15.4876
    7.5000   22.5000   22.5000 2681.0024   15.7093
   -7.5000   30.0000   22.5000 2594.2227   16.8681
    0.0000   30.0000   22.5000 2597.3384   16.8449
    7.5000   30.0000   22.5000 2562.8726   17.0932
   -7.5000   37.5000   22.5000 2465.0107   18.5800
    0.0000   37.5000   22.5000 2468.8235   18.5971
    7.5000   37.5000   22.5000 2432.9243   18.8848
   -7.5000   45.0000   22.5000 2305.7908   20.7139
    0.0000   45.0000   22.5000 2310.1274   20.7270
    7.5000   45.0000   22.5000 2285.5786   21.0880
   -7.5000  -45.0000   30.0000 2412.4548   17.4377
    0.0000  -45.0000   30.0000 2434.2888   17.1766
    7.5000  -45.0000   30.0000 2421.2012   17.5140
   -7.5000  -37.5000   30.0000 2526.9429   16.0583
    0.0000  -37.5000   30.0000 2545.4116   15.8516
    7.5000  -37.5000   30.0000 2527.6843   16.1637
   -7.5000  -30.0000   30.0000 2640.2815   15.0501
    0.0000  -30.0000   30.0000 2658.5833   14.8838
    7.5000  -30.0000   30.0000 2634.1628   15.1789
   -7.5000  -22.5000   30.0000 2734.5193   14.3374
    0.0000  -22.5000   30.0000 2753.0310   14.2011
    7.5000  -22.5000   30.0000 2725.8137   14.4624
   -7.5000  -15.0000   30.0000 2802.9490   13.8160
    0.0000  -15.0000   30.0000 2819.7976   13.6420
    7.5000  -15.0000   30.0000 2788.4744   13.9593
   -7.5000   -7.5000   30.0000 2847.1470   13.5476
    0.0000   -7.5000   30.0000 2857.9868   13.4228
    7.5000   -7.5000   30.0000 2825.2515   13.7620
   -7.5000    0.0000   30.0000 2849.4395   13.7847
    0.0000    0.0000   30.0000 2859.3457   13.6688
    7.5000    0.0000   30.0000 2828.0010   13.9417
   -7.5000    7.5000   30.0000 2807.7070   14.3045
    0.0000    7.5000   30.0000 2825.1357   14.1795
    7.5000    7.5000   30.0000 2791.1274   14.4856
   -7.5000   15.0000   30.0000 2743.5918   15.0828
    0.0000   15.0000   30.0000 2759.3577   14.9889
    7.5000   15.0000   30.0000 2721.7104   15.2679
   -7.5000   22.5000   30.0000 2649.1719   16.0907
    0.0000   22.5000   30.0000 2662.4399   16.0419
    7.5000   22.5000   30.0000 2625.9473   16.3142
   -7.5000   30.0000   30.0000 2540.8477   17.4337
    0.0000   30.0000   30.0000 2550.5659   17.3764
    7.5000   30.0000   30.0000 2516.2380   17.6535
   -7.5000   37.5000   30.0000 2411.7366   19.1524
    0.0000   37.5000   30.0000 2420.8616   19.0953
    7.5000   37.5000   30.0000 2389.8953   19.3866
   -7.5000   45.0000   30.0000 2256.2866   21.2918
    0.0000   45.0000   30.0000 2259.8142   21.2520
    7.5000   45.0000   30.0000 2239.9983   21.5572
   -7.5000  -45.0000   37.5000 2356.1831   18.5169
    0.0000  -45.0000   37.5000 2389.7812   18.3961
    7.5000  -45.0000   37.5000 2373.0806   18.6696
   -7.5000  -37.5000   37.5000 2468.9219   17.0530
    0.0000  -37.5000   37.5000 2502.8984   16.9391
    7.5000  -37.5000   37.5000 2479.9512   17.1780
   -7.5000  -30.0000   37.5000 2579.2808   15.9507
    0.0000  -30.0000   37.5000 2609.6472   15.8585
    7.5000  -30.0000   37.5000 2581.2329   16.0839
   -7.5000  -22.5000   37.5000 2669.8577   15.1596
    0.0000  -22.5000   37.5000 2691.9951   15.0463
    7.5000  -22.5000   37.5000 2664.5984   15.2766
   -7.5000  -15.0000   37.5000 2726.8042   14.5814
    0.0000  -15.0000   37.5000 2746.4392   14.4068
    7.5000  -15.0000   37.5000 2716.5400   14.7565
   -7.5000   -7.5000   37.5000 2755.8967   14.3189
    0.0000   -7.5000   37.5000 2772.3516   14.2316
    7.5000   -7.5000   37.5000 2744.6938   14.5385
   -7.5000    0.0000   37.5000 2754.0825   14.5057
    0.0000    0.0000   37.5000 2768.2563   14.3939
    7.5000    0.0000   37.5000 2737.9854   14.6597
   -7.5000    7.5000   37.5000 2719.9204   15.0363
    0.0000    7.5000   37.5000 2732.1782   14.9322
    7.5000    7.5000   37.5000 2704.8596   15.2002
   -7.5000   15.0000   37.5000 2659.6140   15.8269
    0.0000   15.0000   37.5000 2674.0176   15.7039
    7.5000   15.0000   37.5000 2643.1191   15.9994
   -7.5000   22.5000   37.5000 2576.0935   16.8162
    0.0000   22.5000   37.5000 2591.5913   16.7698
    7.5000   22.5000   37.5000 2554.4856   17.0735
   -7.5000   30.0000   37.5000 2477.9319   18.1350
    0.0000   30.0000   37.5000 2484.3684   18.1151
    7.5000   30.0000   37.5000 2452.9978   18.4331
   -7.5000   37.5000   37.5000 2350.7444   19.8385
    0.0000   37.5000   37.5000 2359.7808   19.8219
    7.5000   37.5000   37.5000 2328.6345   20.1499
   -7.5000   45.0000   37.5000 2199.3479   22.0461
    0.0000   45.0000   37.5000 2209.7527   22.0421
    7.5000   45.0000   37.5000 2180.3259   22.3813
   -7.5000  -45.0000   45.0000 2291.4304   19.7617
    0.0000  -45.0000   45.0000 2327.0042   19.7083
    7.5000  -45.0000   45.0000 2317.7837   19.9176
   -7.5000  -37.5000   45.0000 2398.8328   18.1915
    0.0000  -37.5000   45.0000 2440.1394   18.1351
    7.5000  -37.5000   45.0000 2423.3672   18.3551
   -7.5000  -30.0000   45.0000 2503.8979   17.0229
    0.0000  -30.0000   45.0000 2535.7991   16.9542
    7.5000  -30.0000   45.0000 2514.4734   17.1660
   -7.5000  -22.5000   45.0000 2584.7656   16.1676
    0.0000  -22.5000   45.0000 2611.2646   16.0440
    7.5000  -22.5000   45.0000 2587.3647   16.2941
   -7.5000  -15.0000   45.0000 2636.0312   15.5350
    0.0000  -15.0000   45.0000 2656.7864   15.4231
    7.5000  -15.0000   45.0000 2629.2075   15.7408
   -7.5000   -7.5000   45.0000 2659.9883   15.3022
    0.0000   -7.5000   45.0000 2677.7981   15.2527
    7.5000   -7.5000   45.0000 2652.9961   15.5126
   -7.5000    0.0000   45.0000 2651.4473   15.4302
    0.0000    0.0000   45.0000 2669.6516   15.3577
    7.5000    0.0000   45.0000 2643.5952   15.5902
   -7.5000    7.5000   45.0000 2622.0940   15.9997
    0.0000    7.5000   45.0000 2634.1748   15.9127
    7.5000    7.5000   45.0000 2612.6611   16.1430
   -7.5000   15.0000   45.0000 2566.0183   16.7446
    0.0000   15.0000   45.0000 2582.4766   16.6538
    7.5000   15.0000   45.0000 2554.7178   16.8959
   -7.5000   22.5000   45.0000 2492.1323   17.6783
    0.0000   22.5000   45.0000 2511.2373   17.6209
    7.5000   22.5000   45.0000 2479.4429   17.9230
   -7.5000   30.0000   45.0000 2396.2981   19.0435
    0.0000   30.0000   45.0000 2406.8174   19.0049
    7.5000   30.0000   45.0000 2379.9875   19.3263
   -7.5000   37.5000   45.0000 2271.8103   20.7692
    0.0000   37.5000   45.0000 2279.7969   20.7621
    7.5000   37.5000   45.0000 2257.5742   21.1109
   -7.5000   45.0000   45.0000 2132.6155   23.0767
    0.0000   45.0000   45.0000 2141.4783   23.0474
    7.5000   45.0000   45.0000 2118.0518   23.3560

---------------------------------------------------------------------
imgreg_4dfp /opt/freesurfer/average/711-2C_as_mni_average_305 /opt/freesurfer/average/711-2B_as_mni_average_305_mask talsrcimg_g11 none talsrcimg_to_711-2C_as_mni_average_305_t4 1283
---------------------------------------------------------------------

freesurfer imgreg_4dfp.c
/opt/freesurfer/average/711-2C_as_mni_average_305.4dfp.img
       256       256       256         1
  1.000000  1.000000  1.000000
orientation T byte_order littleendian
Reading image: /opt/freesurfer/average/711-2C_as_mni_average_305.4dfp.img
dimensions:      256       256       256
mmppix:       1.0000   -1.0000   -1.0000
center:     128.0000 -129.0000 -129.0000
/opt/freesurfer/average/711-2B_as_mni_average_305_mask.4dfp.img
       256       256       256         1
  1.000000  1.000000  1.000000
orientation T byte_order littleendian
Reading mask: /opt/freesurfer/average/711-2B_as_mni_average_305_mask.4dfp.img (2306576 pixels)
talsrcimg_g11.4dfp.img
       256       256       256         1
  1.000000  1.000000  1.000000
orientation T byte_order littleendian
Reading image: talsrcimg_g11.4dfp.img
dimensions:      256       256       256
mmppix:       1.0000   -1.0000   -1.0000
center:     128.0000 -129.0000 -129.0000
rotation matrix determinant  1.000000
fimgreg.f
image alignment mode   1283 decimal      503 hex
parameters
    0.0000    0.0000    7.5000    0.0000    0.0000    0.0000
eta,q 0.93879 12.55191
niter,ni,del,rscale     5    3   12.0000    1.2000
parameter  2  0.830506 ->  0.500000 qaram    1.1500
parameter  4  1.004970 ->  0.500000 qaram    1.1500
parameters
   -1.6896   -3.4500    9.7177   -3.4500   -1.9683    0.6758
eta,q 0.94353 12.17460
  0.0653  0.0590  0.0663  0.0570  0.0569  0.0609
  0.0644  0.0592  0.0632  0.0562  0.0569  0.0592
  0.0624  0.0600  0.0609  0.0568  0.0566  0.0577
  0.0620  0.0616  0.0591  0.0583  0.0562  0.0566
  0.0653  0.0650  0.0582  0.0601  0.0567  0.0567
  0.0685  0.0694  0.0583  0.0619  0.0589  0.0580
  0.0732  0.0735  0.0605  0.0630  0.0615  0.0596
niter,ni,del,rscale     6    3   12.0000    1.2000
parameter  4  1.840686 ->  0.500000 qaram    1.3225
parameters
   -2.5010   -2.3729    8.7920   -7.4175   -2.1498    0.7502
eta,q 0.94406 12.15493
  0.0617  0.0659  0.0573  0.0545  0.0587  0.0595
  0.0569  0.0607  0.0577  0.0558  0.0566  0.0580
  0.0559  0.0578  0.0576  0.0561  0.0556  0.0565
  0.0565  0.0562  0.0564  0.0568  0.0560  0.0559
  0.0576  0.0572  0.0559  0.0589  0.0565  0.0566
  0.0606  0.0591  0.0573  0.0604  0.0573  0.0579
  0.0645  0.0606  0.0605  0.0618  0.0585  0.0593
niter,ni,del,rscale     6    3   12.0000    1.2000
parameter  4  0.943526 ->  0.500000 qaram    1.5209
parameters
   -1.4711    0.3472    8.0592  -11.9801   -2.6336    2.2074
eta,q 0.94964 12.22346
  0.0649  0.0678  0.0571  0.0521  0.0554  0.0586
  0.0602  0.0622  0.0550  0.0499  0.0524  0.0554
  0.0578  0.0581  0.0543  0.0518  0.0501  0.0519
  0.0559  0.0551  0.0541  0.0540  0.0502  0.0500
  0.0546  0.0541  0.0547  0.0573  0.0516  0.0506
  0.0561  0.0545  0.0561  0.0609  0.0537  0.0514
  0.0609  0.0568  0.0594  0.0630  0.0570  0.0533
niter,ni,del,rscale     6    3   12.0000    1.2000
parameters
   -1.1588    1.2934    7.9336  -11.6753   -2.4076    2.2008
eta,q 0.94868 12.24224
  0.0623  0.0688  0.0568  0.0622  0.0565  0.0559
  0.0563  0.0613  0.0536  0.0569  0.0542  0.0527
  0.0518  0.0515  0.0525  0.0512  0.0520  0.0510
  0.0504  0.0503  0.0511  0.0512  0.0513  0.0513
  0.0509  0.0525  0.0518  0.0528  0.0516  0.0518
  0.0548  0.0559  0.0535  0.0555  0.0530  0.0528
  0.0601  0.0601  0.0579  0.0605  0.0562  0.0557
niter,ni,del,rscale     5    3   12.0000    1.2000
parameters
   -1.1525    1.4576    8.0854  -11.5310   -2.3643    2.1770
eta,q 0.94852 12.24491
  0.0613  0.0660  0.0575  0.0621  0.0562  0.0558
  0.0553  0.0559  0.0540  0.0564  0.0540  0.0528
  0.0521  0.0503  0.0531  0.0512  0.0521  0.0512
  0.0513  0.0513  0.0515  0.0514  0.0515  0.0515
  0.0521  0.0537  0.0519  0.0529  0.0519  0.0518
  0.0562  0.0577  0.0533  0.0559  0.0533  0.0529
  0.0606  0.0617  0.0575  0.0608  0.0565  0.0557
niter,ni,del,rscale     4    3   12.0000    1.2000
parameters
   -1.1490    1.4761    8.0923  -11.4967   -2.3659    2.1713
eta,q 0.94849 12.24585
  0.0613  0.0652  0.0572  0.0619  0.0561  0.0558
  0.0552  0.0551  0.0539  0.0561  0.0540  0.0529
  0.0522  0.0504  0.0530  0.0511  0.0520  0.0513
  0.0515  0.0515  0.0515  0.0515  0.0515  0.0515
  0.0522  0.0538  0.0520  0.0530  0.0519  0.0519
  0.0563  0.0579  0.0535  0.0561  0.0534  0.0529
  0.0606  0.0620  0.0578  0.0610  0.0566  0.0556
registration optimization eta report
parameter search radius
    6.0000    6.9000    6.0000    9.1253    6.0000    6.0000
100000*second partial in parameter space
       27.       27.       16.       12.       14.       13.
  0.0613  0.0652  0.0572  0.0619  0.0561  0.0558
  0.0552  0.0551  0.0539  0.0561  0.0540  0.0529
  0.0522  0.0504  0.0530  0.0511  0.0520  0.0513
  0.0515  0.0515  0.0515  0.0515  0.0515  0.0515
  0.0522  0.0538  0.0520  0.0530  0.0519  0.0519
  0.0563  0.0579  0.0535  0.0561  0.0534  0.0529
  0.0606  0.0620  0.0578  0.0610  0.0566  0.0556
   -1.1490    1.4761    8.0923  -11.4967   -2.3659    2.1713
eta,q 0.94849 12.24585

---------------------------------------------------------------------
imgreg_4dfp /opt/freesurfer/average/711-2C_as_mni_average_305 /opt/freesurfer/average/711-2B_as_mni_average_305_mask talsrcimg_g11 none talsrcimg_to_711-2C_as_mni_average_305_t4 3335
---------------------------------------------------------------------

freesurfer imgreg_4dfp.c
/opt/freesurfer/average/711-2C_as_mni_average_305.4dfp.img
       256       256       256         1
  1.000000  1.000000  1.000000
orientation T byte_order littleendian
Reading image: /opt/freesurfer/average/711-2C_as_mni_average_305.4dfp.img
dimensions:      256       256       256
mmppix:       1.0000   -1.0000   -1.0000
center:     128.0000 -129.0000 -129.0000
/opt/freesurfer/average/711-2B_as_mni_average_305_mask.4dfp.img
       256       256       256         1
  1.000000  1.000000  1.000000
orientation T byte_order littleendian
Reading mask: /opt/freesurfer/average/711-2B_as_mni_average_305_mask.4dfp.img (2306576 pixels)
talsrcimg_g11.4dfp.img
       256       256       256         1
  1.000000  1.000000  1.000000
orientation T byte_order littleendian
Reading image: talsrcimg_g11.4dfp.img
dimensions:      256       256       256
mmppix:       1.0000   -1.0000   -1.0000
center:     128.0000 -129.0000 -129.0000
fimgreg.f
image alignment mode   3335 decimal      D07 hex
parameters
   -1.1490    1.4761    8.0923   -0.1570   -2.1079   -2.0899
   -4.5349    3.2872    3.7855   20.0702   -4.1280  -19.9142
eta,q 0.95089 12.34951
niter,ni,del,rscale     5    3    5.0000    1.2000
parameter  4 47.808788 ->  0.500000 qaram    1.1500
parameter  5 10.091156 ->  0.500000 qaram    1.1500
parameter  6  1.930800 ->  0.500000 qaram    1.1500
parameter 10  0.873948 ->  0.500000 qaram    1.1500
parameters
   -0.3203    1.7368    8.0424   -4.2970   -6.2479   -6.2299
   -5.6322    4.3850    1.7635   15.9302   -2.7695  -22.1901
eta,q 0.97423 12.33492
  0.0515  0.0508  0.0501  0.0370  0.0322  0.0285  0.0318  0.0366  0.0303  0.0263  0.0294  0.0268
  0.0505  0.0499  0.0495  0.0403  0.0349  0.0292  0.0305  0.0340  0.0294  0.0260  0.0279  0.0260
  0.0497  0.0493  0.0491  0.0443  0.0379  0.0318  0.0298  0.0316  0.0291  0.0269  0.0268  0.0258
  0.0491  0.0488  0.0488  0.0488  0.0414  0.0357  0.0297  0.0297  0.0293  0.0291  0.0261  0.0260
  0.0488  0.0489  0.0489  0.0533  0.0453  0.0399  0.0304  0.0294  0.0300  0.0323  0.0260  0.0267
  0.0490  0.0493  0.0495  0.0571  0.0485  0.0438  0.0317  0.0311  0.0311  0.0362  0.0266  0.0280
  0.0497  0.0502  0.0504  0.0608  0.0517  0.0481  0.0336  0.0340  0.0326  0.0403  0.0277  0.0296
niter,ni,del,rscale     7    3    5.0000    1.2000
parameter  4  0.947548 ->  0.500000 qaram    1.3225
parameter  5  0.969346 ->  0.500000 qaram    1.3225
parameters
   -0.8225    0.8798    7.3529   -9.0580  -11.0089   -8.5020
   -4.8368    5.1272    2.6689   15.4904   -3.1450  -22.0310
eta,q 0.98218 12.02024
  0.0286  0.0263  0.0263  0.0205  0.0175  0.0198  0.0218  0.0237  0.0209  0.0221  0.0188  0.0198
  0.0265  0.0254  0.0253  0.0207  0.0172  0.0188  0.0199  0.0207  0.0194  0.0199  0.0183  0.0188
  0.0255  0.0251  0.0249  0.0219  0.0184  0.0182  0.0186  0.0188  0.0184  0.0184  0.0179  0.0181
  0.0258  0.0255  0.0251  0.0248  0.0209  0.0174  0.0180  0.0180  0.0178  0.0178  0.0178  0.0178
  0.0271  0.0265  0.0260  0.0300  0.0242  0.0185  0.0181  0.0179  0.0179  0.0182  0.0180  0.0180
  0.0293  0.0280  0.0275  0.0361  0.0282  0.0227  0.0190  0.0191  0.0185  0.0203  0.0184  0.0187
  0.0321  0.0301  0.0293  0.0413  0.0321  0.0279  0.0204  0.0219  0.0197  0.0236  0.0191  0.0197
niter,ni,del,rscale     7    3    5.0000    1.2000
parameter  3  0.534389 ->  0.500000 qaram    1.1500
parameters
   -0.7405    0.1309    5.9729  -12.0632  -12.5637   -9.9991
   -5.1357    5.3112    2.6700   15.5574   -3.2996  -23.2538
eta,q 0.98304 11.71970
  0.0217  0.0191  0.0174  0.0190  0.0210  0.0193  0.0199  0.0212  0.0193  0.0215  0.0180  0.0183
  0.0196  0.0179  0.0169  0.0175  0.0188  0.0180  0.0183  0.0191  0.0181  0.0193  0.0175  0.0175
  0.0183  0.0175  0.0170  0.0167  0.0171  0.0173  0.0173  0.0177  0.0173  0.0178  0.0171  0.0170
  0.0178  0.0178  0.0175  0.0169  0.0167  0.0167  0.0170  0.0170  0.0170  0.0170  0.0170  0.0170
  0.0181  0.0189  0.0183  0.0184  0.0182  0.0170  0.0175  0.0173  0.0173  0.0172  0.0171  0.0175
  0.0193  0.0207  0.0194  0.0226  0.0213  0.0196  0.0187  0.0186  0.0181  0.0188  0.0175  0.0184
  0.0212  0.0230  0.0208  0.0287  0.0254  0.0239  0.0203  0.0211  0.0194  0.0217  0.0182  0.0195
niter,ni,del,rscale     7    3    5.0000    1.2000
parameters
   -0.7656    0.0271    6.0980  -12.4486  -12.7418   -9.7695
   -5.1333    5.3192    2.6976   15.7123   -3.1665  -23.2229
eta,q 0.98307 11.69905
  0.0204  0.0197  0.0193  0.0208  0.0223  0.0203  0.0201  0.0209  0.0193  0.0214  0.0180  0.0189
  0.0185  0.0181  0.0180  0.0190  0.0200  0.0187  0.0184  0.0189  0.0181  0.0192  0.0175  0.0179
  0.0173  0.0172  0.0172  0.0176  0.0181  0.0176  0.0173  0.0175  0.0173  0.0177  0.0171  0.0172
  0.0170  0.0170  0.0169  0.0169  0.0170  0.0170  0.0170  0.0170  0.0170  0.0170  0.0169  0.0169
  0.0174  0.0174  0.0171  0.0172  0.0174  0.0165  0.0174  0.0172  0.0172  0.0171  0.0170  0.0172
  0.0186  0.0185  0.0178  0.0186  0.0198  0.0175  0.0184  0.0186  0.0180  0.0186  0.0174  0.0178
  0.0205  0.0202  0.0189  0.0224  0.0234  0.0208  0.0201  0.0212  0.0193  0.0215  0.0180  0.0189
niter,ni,del,rscale     6    3    5.0000    1.2000
parameters
   -0.7632    0.0181    6.1379  -12.4092  -12.7973   -9.7651
   -5.1272    5.3096    2.6926   15.7054   -3.1377  -23.1771
eta,q 0.98306 11.69828
  0.0205  0.0199  0.0192  0.0211  0.0224  0.0202  0.0201  0.0209  0.0192  0.0213  0.0180  0.0189
  0.0186  0.0183  0.0179  0.0192  0.0201  0.0186  0.0184  0.0189  0.0180  0.0191  0.0175  0.0179
  0.0174  0.0173  0.0172  0.0178  0.0181  0.0175  0.0173  0.0175  0.0173  0.0176  0.0171  0.0172
  0.0169  0.0169  0.0169  0.0169  0.0169  0.0169  0.0169  0.0169  0.0169  0.0169  0.0169  0.0169
  0.0173  0.0173  0.0172  0.0171  0.0173  0.0165  0.0173  0.0172  0.0172  0.0172  0.0171  0.0172
  0.0186  0.0183  0.0179  0.0183  0.0196  0.0176  0.0184  0.0186  0.0180  0.0188  0.0174  0.0178
  0.0204  0.0199  0.0190  0.0218  0.0232  0.0212  0.0200  0.0212  0.0193  0.0217  0.0180  0.0189
niter,ni,del,rscale     5    3    5.0000    1.2000
parameters
   -0.7620    0.0159    6.1473  -12.4056  -12.7997   -9.7641
   -5.1228    5.3118    2.6913   15.6971   -3.1339  -23.1569
eta,q 0.98306 11.69805
  0.0205  0.0199  0.0192  0.0211  0.0224  0.0202  0.0201  0.0209  0.0192  0.0213  0.0180  0.0189
  0.0186  0.0183  0.0179  0.0192  0.0201  0.0186  0.0184  0.0189  0.0180  0.0191  0.0175  0.0179
  0.0174  0.0173  0.0171  0.0178  0.0181  0.0176  0.0173  0.0175  0.0173  0.0176  0.0171  0.0172
  0.0169  0.0169  0.0169  0.0169  0.0169  0.0169  0.0169  0.0169  0.0169  0.0169  0.0169  0.0169
  0.0173  0.0173  0.0172  0.0171  0.0173  0.0165  0.0173  0.0172  0.0172  0.0172  0.0171  0.0172
  0.0186  0.0183  0.0179  0.0183  0.0195  0.0176  0.0184  0.0186  0.0180  0.0188  0.0174  0.0178
  0.0205  0.0199  0.0191  0.0218  0.0231  0.0212  0.0200  0.0212  0.0193  0.0217  0.0180  0.0189
registration optimization eta report
parameter search radius
    2.4000    2.4000    2.7600    9.5220    9.5220    8.2800
    7.2000    7.2000    7.2000    8.2800    7.2000    7.2000
100000*second partial in parameter space
       61.       51.       29.        5.        6.        6.
        6.        8.        4.        7.        2.        4.
  0.0205  0.0199  0.0192  0.0211  0.0224  0.0202  0.0201  0.0209  0.0192  0.0213  0.0180  0.0189
  0.0186  0.0183  0.0179  0.0192  0.0201  0.0186  0.0184  0.0189  0.0180  0.0191  0.0175  0.0179
  0.0174  0.0173  0.0171  0.0178  0.0181  0.0176  0.0173  0.0175  0.0173  0.0176  0.0171  0.0172
  0.0169  0.0169  0.0169  0.0169  0.0169  0.0169  0.0169  0.0169  0.0169  0.0169  0.0169  0.0169
  0.0173  0.0173  0.0172  0.0171  0.0173  0.0165  0.0173  0.0172  0.0172  0.0172  0.0171  0.0172
  0.0186  0.0183  0.0179  0.0183  0.0195  0.0176  0.0184  0.0186  0.0180  0.0188  0.0174  0.0178
  0.0205  0.0199  0.0191  0.0218  0.0231  0.0212  0.0200  0.0212  0.0193  0.0217  0.0180  0.0189
   -0.7620    0.0159    6.1473  -12.4056  -12.7997   -9.7641
   -5.1228    5.3118    2.6913   15.6971   -3.1339  -23.1569
eta,q 0.98306 11.69805

---------------------------------------------------------------------
imgreg_4dfp /opt/freesurfer/average/711-2C_as_mni_average_305 /opt/freesurfer/average/711-2B_as_mni_average_305_mask talsrcimg_g11 none talsrcimg_to_711-2C_as_mni_average_305_t4 2311
---------------------------------------------------------------------

freesurfer imgreg_4dfp.c
/opt/freesurfer/average/711-2C_as_mni_average_305.4dfp.img
       256       256       256         1
  1.000000  1.000000  1.000000
orientation T byte_order littleendian
Reading image: /opt/freesurfer/average/711-2C_as_mni_average_305.4dfp.img
dimensions:      256       256       256
mmppix:       1.0000   -1.0000   -1.0000
center:     128.0000 -129.0000 -129.0000
/opt/freesurfer/average/711-2B_as_mni_average_305_mask.4dfp.img
       256       256       256         1
  1.000000  1.000000  1.000000
orientation T byte_order littleendian
Reading mask: /opt/freesurfer/average/711-2B_as_mni_average_305_mask.4dfp.img (2306576 pixels)
talsrcimg_g11.4dfp.img
       256       256       256         1
  1.000000  1.000000  1.000000
orientation T byte_order littleendian
Reading image: talsrcimg_g11.4dfp.img
dimensions:      256       256       256
mmppix:       1.0000   -1.0000   -1.0000
center:     128.0000 -129.0000 -129.0000
fimgreg.f
image alignment mode   2311 decimal      907 hex
parameters
   -0.7620    0.0159    6.1473  -12.4056  -12.7997   -9.7641
   -5.1228    5.3118    2.6913   15.6971   -3.1339  -23.1569
eta,q 0.98306 11.69804
niter,ni,del,rscale     5    3    5.0000    0.8000
parameters
   -0.7586    0.0047    6.1062  -11.3714  -12.1274   -8.1097
   -5.1759    5.2307    2.7707   15.9161   -3.6624  -23.3696
eta,q 0.98366 11.86597
  0.0186  0.0183  0.0176  0.0184  0.0190  0.0182  0.0179  0.0185  0.0176  0.0186  0.0168  0.0172
  0.0177  0.0175  0.0172  0.0178  0.0181  0.0176  0.0170  0.0174  0.0169  0.0176  0.0165  0.0167
  0.0171  0.0171  0.0170  0.0172  0.0173  0.0172  0.0165  0.0166  0.0165  0.0168  0.0164  0.0164
  0.0169  0.0169  0.0169  0.0169  0.0169  0.0168  0.0164  0.0164  0.0164  0.0164  0.0163  0.0163
  0.0171  0.0171  0.0170  0.0169  0.0168  0.0164  0.0166  0.0166  0.0165  0.0164  0.0164  0.0165
  0.0177  0.0176  0.0173  0.0171  0.0173  0.0164  0.0171  0.0174  0.0169  0.0171  0.0167  0.0168
  0.0186  0.0183  0.0177  0.0176  0.0182  0.0172  0.0179  0.0188  0.0175  0.0184  0.0171  0.0174
niter,ni,del,rscale     4    3    5.0000    0.7000
parameters
   -0.7150    0.0413    6.1213  -11.1620  -12.2970   -8.2555
   -5.1448    5.3258    2.8260   16.1366   -3.6219  -23.4120
eta,q 0.98366 11.86741
  0.0177  0.0176  0.0171  0.0174  0.0177  0.0174  0.0176  0.0181  0.0173  0.0181  0.0168  0.0171
  0.0170  0.0169  0.0167  0.0168  0.0170  0.0171  0.0169  0.0172  0.0168  0.0173  0.0166  0.0167
  0.0165  0.0165  0.0164  0.0165  0.0165  0.0167  0.0165  0.0166  0.0165  0.0167  0.0164  0.0164
  0.0163  0.0163  0.0163  0.0163  0.0163  0.0163  0.0164  0.0164  0.0164  0.0164  0.0163  0.0163
  0.0165  0.0165  0.0164  0.0164  0.0165  0.0163  0.0165  0.0165  0.0164  0.0164  0.0164  0.0164
  0.0169  0.0168  0.0167  0.0167  0.0171  0.0169  0.0169  0.0170  0.0167  0.0169  0.0165  0.0167
  0.0176  0.0175  0.0171  0.0172  0.0181  0.0180  0.0175  0.0180  0.0173  0.0179  0.0168  0.0171
niter,ni,del,rscale     3    3    5.0000    0.6000
parameters
   -0.7036    0.0551    6.0884  -11.1309  -12.2669   -8.0910
   -5.1949    5.2937    2.8257   16.1796   -3.6963  -23.5490
eta,q 0.98369 11.87959
  0.0173  0.0172  0.0169  0.0170  0.0175  0.0173  0.0172  0.0176  0.0170  0.0176  0.0166  0.0168
  0.0168  0.0167  0.0166  0.0167  0.0169  0.0170  0.0167  0.0169  0.0166  0.0170  0.0165  0.0165
  0.0165  0.0164  0.0164  0.0164  0.0165  0.0167  0.0164  0.0165  0.0164  0.0165  0.0164  0.0164
  0.0163  0.0163  0.0163  0.0163  0.0163  0.0163  0.0163  0.0163  0.0163  0.0163  0.0163  0.0163
  0.0165  0.0164  0.0164  0.0164  0.0164  0.0163  0.0164  0.0164  0.0164  0.0164  0.0163  0.0164
  0.0168  0.0167  0.0166  0.0166  0.0168  0.0167  0.0167  0.0169  0.0166  0.0168  0.0165  0.0166
  0.0173  0.0172  0.0169  0.0170  0.0175  0.0174  0.0172  0.0177  0.0170  0.0176  0.0167  0.0169
niter,ni,del,rscale     2    3    5.0000    0.5000
parameters
   -0.6962    0.0702    6.0900  -11.0672  -12.2438   -7.8297
   -5.1977    5.2657    2.8460   16.1912   -3.8056  -23.6833
eta,q 0.98373 11.89702
  0.0170  0.0169  0.0167  0.0168  0.0171  0.0171  0.0169  0.0172  0.0168  0.0172  0.0165  0.0166
  0.0166  0.0166  0.0165  0.0165  0.0167  0.0169  0.0165  0.0167  0.0165  0.0167  0.0164  0.0164
  0.0164  0.0164  0.0163  0.0164  0.0164  0.0166  0.0163  0.0164  0.0163  0.0164  0.0163  0.0163
  0.0163  0.0163  0.0163  0.0163  0.0163  0.0163  0.0163  0.0163  0.0163  0.0163  0.0163  0.0163
  0.0164  0.0164  0.0164  0.0164  0.0164  0.0163  0.0163  0.0164  0.0163  0.0163  0.0163  0.0163
  0.0166  0.0166  0.0165  0.0165  0.0166  0.0165  0.0166  0.0167  0.0165  0.0167  0.0164  0.0165
  0.0170  0.0169  0.0167  0.0168  0.0171  0.0171  0.0169  0.0172  0.0167  0.0172  0.0165  0.0167
niter,ni,del,rscale     1    3    5.0000    0.4000
parameters
   -0.6867    0.0915    6.1255  -11.0070  -12.2395   -7.5793
   -5.1909    5.2549    2.8656   16.2012   -3.8764  -23.7796
eta,q 0.98375 11.91269
  0.0167  0.0167  0.0166  0.0166  0.0168  0.0169  0.0167  0.0169  0.0166  0.0169  0.0164  0.0165
  0.0165  0.0165  0.0164  0.0164  0.0165  0.0167  0.0164  0.0165  0.0164  0.0166  0.0163  0.0163
  0.0163  0.0163  0.0163  0.0163  0.0163  0.0164  0.0163  0.0163  0.0163  0.0163  0.0163  0.0163
  0.0163  0.0163  0.0163  0.0163  0.0163  0.0163  0.0163  0.0162  0.0162  0.0162  0.0162  0.0162
  0.0163  0.0163  0.0163  0.0163  0.0163  0.0163  0.0163  0.0163  0.0163  0.0163  0.0163  0.0163
  0.0165  0.0164  0.0164  0.0164  0.0165  0.0164  0.0164  0.0165  0.0164  0.0165  0.0163  0.0164
  0.0167  0.0166  0.0165  0.0166  0.0168  0.0168  0.0166  0.0169  0.0166  0.0169  0.0164  0.0165
registration optimization eta report
parameter search radius
    0.8000    0.8000    0.8000    2.4000    2.4000    2.4000
    2.4000    2.4000    2.4000    2.4000    2.4000    2.4000
100000*second partial in parameter space
       69.       62.       41.        6.        9.       10.
        7.       11.        5.       11.        3.        4.
  0.0167  0.0167  0.0166  0.0166  0.0168  0.0169  0.0167  0.0169  0.0166  0.0169  0.0164  0.0165
  0.0165  0.0165  0.0164  0.0164  0.0165  0.0167  0.0164  0.0165  0.0164  0.0166  0.0163  0.0163
  0.0163  0.0163  0.0163  0.0163  0.0163  0.0164  0.0163  0.0163  0.0163  0.0163  0.0163  0.0163
  0.0163  0.0163  0.0163  0.0163  0.0163  0.0163  0.0163  0.0162  0.0162  0.0162  0.0162  0.0162
  0.0163  0.0163  0.0163  0.0163  0.0163  0.0163  0.0163  0.0163  0.0163  0.0163  0.0163  0.0163
  0.0165  0.0164  0.0164  0.0164  0.0165  0.0164  0.0164  0.0165  0.0164  0.0165  0.0163  0.0164
  0.0167  0.0166  0.0165  0.0166  0.0168  0.0168  0.0166  0.0169  0.0166  0.0169  0.0164  0.0165
   -0.6867    0.0915    6.1255  -11.0070  -12.2395   -7.5793
   -5.1909    5.2549    2.8656   16.2012   -3.8764  -23.7796
eta,q 0.98375 11.91269

---------------------------------------------------------------------
imgreg_4dfp /opt/freesurfer/average/711-2C_as_mni_average_305 /opt/freesurfer/average/711-2B_as_mni_average_305_mask talsrcimg_g11 none talsrcimg_to_711-2C_as_mni_average_305_t4 2311
---------------------------------------------------------------------

freesurfer imgreg_4dfp.c
/opt/freesurfer/average/711-2C_as_mni_average_305.4dfp.img
       256       256       256         1
  1.000000  1.000000  1.000000
orientation T byte_order littleendian
Reading image: /opt/freesurfer/average/711-2C_as_mni_average_305.4dfp.img
dimensions:      256       256       256
mmppix:       1.0000   -1.0000   -1.0000
center:     128.0000 -129.0000 -129.0000
/opt/freesurfer/average/711-2B_as_mni_average_305_mask.4dfp.img
       256       256       256         1
  1.000000  1.000000  1.000000
orientation T byte_order littleendian
Reading mask: /opt/freesurfer/average/711-2B_as_mni_average_305_mask.4dfp.img (2306576 pixels)
talsrcimg_g11.4dfp.img
       256       256       256         1
  1.000000  1.000000  1.000000
orientation T byte_order littleendian
Reading image: talsrcimg_g11.4dfp.img
dimensions:      256       256       256
mmppix:       1.0000   -1.0000   -1.0000
center:     128.0000 -129.0000 -129.0000
fimgreg.f
image alignment mode   2311 decimal      907 hex
parameters
   -0.6867    0.0915    6.1255  -11.0070  -12.2395   -7.5793
   -5.1909    5.2549    2.8656   16.2012   -3.8764  -23.7796
eta,q 0.98375 11.91269
niter,ni,del,rscale     5    3    5.0000    0.8000
parameters
   -0.6747    0.1267    6.2080  -11.2480  -12.5126   -8.2650
   -5.1256    5.3487    2.8240   16.2422   -3.5460  -23.3748
eta,q 0.98364 11.85786
  0.0180  0.0179  0.0174  0.0174  0.0180  0.0175  0.0179  0.0186  0.0175  0.0183  0.0170  0.0175
  0.0171  0.0170  0.0168  0.0168  0.0171  0.0171  0.0171  0.0174  0.0169  0.0174  0.0167  0.0169
  0.0165  0.0164  0.0164  0.0164  0.0165  0.0167  0.0166  0.0167  0.0165  0.0168  0.0165  0.0165
  0.0163  0.0163  0.0162  0.0162  0.0163  0.0163  0.0164  0.0164  0.0164  0.0164  0.0164  0.0164
  0.0164  0.0164  0.0163  0.0164  0.0165  0.0165  0.0166  0.0165  0.0165  0.0165  0.0164  0.0164
  0.0170  0.0169  0.0167  0.0168  0.0173  0.0174  0.0171  0.0172  0.0169  0.0172  0.0166  0.0167
  0.0180  0.0177  0.0172  0.0178  0.0185  0.0192  0.0178  0.0185  0.0176  0.0185  0.0169  0.0172
niter,ni,del,rscale     4    3    5.0000    0.7000
parameters
   -0.7031    0.0522    6.1240  -11.1896  -12.3699   -8.3303
   -5.1826    5.3047    2.7888   16.1928   -3.5757  -23.4034
eta,q 0.98364 11.86051
  0.0176  0.0174  0.0170  0.0173  0.0179  0.0175  0.0175  0.0180  0.0172  0.0179  0.0168  0.0171
  0.0169  0.0168  0.0166  0.0168  0.0172  0.0171  0.0169  0.0171  0.0168  0.0172  0.0166  0.0167
  0.0165  0.0164  0.0164  0.0165  0.0166  0.0168  0.0165  0.0166  0.0165  0.0166  0.0164  0.0164
  0.0164  0.0164  0.0164  0.0164  0.0164  0.0163  0.0164  0.0164  0.0164  0.0164  0.0164  0.0164
  0.0165  0.0165  0.0165  0.0164  0.0164  0.0163  0.0165  0.0165  0.0165  0.0165  0.0164  0.0164
  0.0170  0.0170  0.0168  0.0167  0.0169  0.0168  0.0169  0.0171  0.0168  0.0171  0.0166  0.0167
  0.0177  0.0176  0.0172  0.0173  0.0178  0.0180  0.0176  0.0182  0.0173  0.0181  0.0168  0.0171
niter,ni,del,rscale     3    3    5.0000    0.6000
parameters
   -0.7096    0.0507    6.0752  -11.1316  -12.2667   -8.1219
   -5.2057    5.2909    2.8104   16.1800   -3.6900  -23.5450
eta,q 0.98369 11.87795
  0.0173  0.0172  0.0169  0.0171  0.0175  0.0174  0.0172  0.0176  0.0170  0.0176  0.0166  0.0168
  0.0168  0.0167  0.0166  0.0167  0.0170  0.0170  0.0167  0.0169  0.0166  0.0170  0.0165  0.0165
  0.0165  0.0165  0.0164  0.0165  0.0166  0.0167  0.0164  0.0165  0.0164  0.0165  0.0164  0.0164
  0.0164  0.0164  0.0164  0.0164  0.0164  0.0164  0.0163  0.0163  0.0163  0.0163  0.0163  0.0163
  0.0165  0.0165  0.0165  0.0164  0.0164  0.0163  0.0164  0.0164  0.0164  0.0164  0.0164  0.0164
  0.0168  0.0168  0.0167  0.0166  0.0168  0.0166  0.0167  0.0169  0.0166  0.0169  0.0165  0.0166
  0.0173  0.0172  0.0170  0.0170  0.0175  0.0174  0.0172  0.0177  0.0170  0.0177  0.0167  0.0169
niter,ni,del,rscale     2    3    5.0000    0.5000
parameters
   -0.6973    0.0664    6.0796  -11.0677  -12.2333   -7.8528
   -5.1968    5.2666    2.8431   16.1913   -3.8084  -23.6997
eta,q 0.98372 11.89642
  0.0170  0.0169  0.0167  0.0168  0.0171  0.0171  0.0169  0.0172  0.0168  0.0172  0.0165  0.0166
  0.0166  0.0166  0.0165  0.0165  0.0167  0.0169  0.0166  0.0167  0.0165  0.0167  0.0164  0.0164
  0.0164  0.0164  0.0164  0.0164  0.0164  0.0166  0.0163  0.0164  0.0163  0.0164  0.0163  0.0163
  0.0163  0.0163  0.0163  0.0163  0.0163  0.0163  0.0163  0.0163  0.0163  0.0163  0.0163  0.0163
  0.0164  0.0164  0.0164  0.0164  0.0164  0.0163  0.0163  0.0164  0.0163  0.0163  0.0163  0.0163
  0.0166  0.0166  0.0165  0.0165  0.0166  0.0165  0.0166  0.0167  0.0165  0.0167  0.0164  0.0165
  0.0170  0.0169  0.0167  0.0168  0.0171  0.0171  0.0169  0.0172  0.0167  0.0173  0.0165  0.0167
niter,ni,del,rscale     1    3    5.0000    0.4000
parameters
   -0.6864    0.0904    6.1164  -11.0040  -12.2342   -7.5835
   -5.1886    5.2532    2.8801   16.2022   -3.8872  -23.7975
eta,q 0.98375 11.91300
  0.0167  0.0167  0.0166  0.0166  0.0168  0.0169  0.0167  0.0169  0.0166  0.0169  0.0164  0.0165
  0.0165  0.0165  0.0164  0.0164  0.0165  0.0167  0.0164  0.0165  0.0164  0.0166  0.0163  0.0163
  0.0163  0.0163  0.0163  0.0163  0.0163  0.0165  0.0163  0.0163  0.0163  0.0163  0.0163  0.0163
  0.0163  0.0163  0.0163  0.0163  0.0163  0.0163  0.0162  0.0162  0.0162  0.0162  0.0163  0.0162
  0.0163  0.0163  0.0163  0.0163  0.0163  0.0163  0.0163  0.0163  0.0163  0.0163  0.0163  0.0163
  0.0165  0.0164  0.0164  0.0164  0.0165  0.0164  0.0164  0.0165  0.0164  0.0165  0.0163  0.0164
  0.0167  0.0167  0.0165  0.0166  0.0168  0.0168  0.0166  0.0169  0.0165  0.0169  0.0164  0.0165
registration optimization eta report
parameter search radius
    0.8000    0.8000    0.8000    2.4000    2.4000    2.4000
    2.4000    2.4000    2.4000    2.4000    2.4000    2.4000
100000*second partial in parameter space
       68.       62.       41.        5.        9.       10.
        7.       11.        5.       11.        3.        4.
  0.0167  0.0167  0.0166  0.0166  0.0168  0.0169  0.0167  0.0169  0.0166  0.0169  0.0164  0.0165
  0.0165  0.0165  0.0164  0.0164  0.0165  0.0167  0.0164  0.0165  0.0164  0.0166  0.0163  0.0163
  0.0163  0.0163  0.0163  0.0163  0.0163  0.0165  0.0163  0.0163  0.0163  0.0163  0.0163  0.0163
  0.0163  0.0163  0.0163  0.0163  0.0163  0.0163  0.0162  0.0162  0.0162  0.0162  0.0163  0.0162
  0.0163  0.0163  0.0163  0.0163  0.0163  0.0163  0.0163  0.0163  0.0163  0.0163  0.0163  0.0163
  0.0165  0.0164  0.0164  0.0164  0.0165  0.0164  0.0164  0.0165  0.0164  0.0165  0.0163  0.0164
  0.0167  0.0167  0.0165  0.0166  0.0168  0.0168  0.0166  0.0169  0.0165  0.0169  0.0164  0.0165
   -0.6864    0.0904    6.1164  -11.0040  -12.2342   -7.5835
   -5.1886    5.2532    2.8801   16.2022   -3.8872  -23.7975
eta,q 0.98375 11.91300

---------------------------------------------------------------------
compute_vox2vox talsrcimg talsrcimg_to_711-2C_as_mni_average_305_t4 /opt/freesurfer/average/711-2C_as_mni_average_305
---------------------------------------------------------------------

freesurfer compute_vox2vox.c
Reading: talsrcimg.4dfp.ifh
Reading: talsrcimg_to_711-2C_as_mni_average_305_t4
Reading: /opt/freesurfer/average/711-2C_as_mni_average_305.4dfp.ifh
Writing: talsrcimg_to_711-2C_as_mni_average_305_t4_vox2vox.txt

start time Sun Mar 8 12:45:48 CET 2026
end		time Sun Mar 8 12:47:14 CET 2026

mpr2mni305 success

avi2talxfm orig_nu.mgz /opt/freesurfer/average/mni305.cor.mgz talsrcimg_to_711-2C_as_mni_average_305_t4_vox2vox.txt transforms/talairach.auto.xfm
avi2talxfm done
mv -f /out/sourcedata/freesurfer/sub-v1s12x0050128_ses-1/mri/talsrcimg_to_711-2C_as_mni_average_305_t4_vox2vox.txt /out/sourcedata/freesurfer/sub-v1s12x0050128_ses-1/mri/transforms/talsrcimg_to_711-2C_as_mni_average_305_t4_vox2vox.txt
lta_convert --src orig_nu.mgz --trg /opt/freesurfer/average/mni305.cor.mgz --inxfm transforms/talairach.auto.xfm --outlta transforms/talairach.auto.xfm.lta --subject fsaverage
7.3.2

--src: orig_nu.mgz src image (geometry).
--trg: /opt/freesurfer/average/mni305.cor.mgz trg image (geometry).
--inmni: transforms/talairach.auto.xfm input MNI/XFM transform.
--outlta: transforms/talairach.auto.xfm.lta output LTA.
--s: fsaverage subject name
 LTA read, type : 1
 1.11900  -0.07179   0.04669   6.38611;
 0.03590   1.03065   0.28158  -13.39588;
-0.04335  -0.18791   1.08588  -23.48029;
 0.00000   0.00000   0.00000   1.00000;
setting subject to fsaverage
Writing  LTA to file transforms/talairach.auto.xfm.lta...
lta_convert successful.
 
 
Started at Sun Mar 8 12:45:48 CET 2026
Ended   at Sun Mar  8 12:47:14 CET 2026
talairach_avi done
