status file for recon-all
Sun Mar  8 15:04:30 CET 2026
#@# Tessellate rh Sun Mar  8 15:04:30 CET 2026
#@# Smooth1 rh Sun Mar  8 15:04:35 CET 2026
#@# Inflation1 rh Sun Mar  8 15:04:38 CET 2026
#@# QSphere rh Sun Mar  8 15:04:55 CET 2026
#@# Fix Topology rh Sun Mar  8 15:06:20 CET 2026
#@# Smooth2 rh Sun Mar  8 15:13:18 CET 2026
#@# Inflation2 rh Sun Mar  8 15:13:21 CET 2026
#@# Curv .H and .K rh Sun Mar  8 15:13:39 CET 2026
#@# Sphere rh Sun Mar  8 15:14:36 CET 2026
#@# Surf Reg rh Sun Mar  8 15:18:52 CET 2026
#@# Jacobian white rh Sun Mar  8 15:24:07 CET 2026
#@# AvgCurv rh Sun Mar  8 15:24:08 CET 2026
#@# Cortical Parc rh Sun Mar  8 15:24:09 CET 2026
#@# white curv rh Sun Mar  8 15:32:30 CET 2026
#@# white area rh Sun Mar  8 15:32:32 CET 2026
#@# pial curv rh Sun Mar  8 15:32:33 CET 2026
#@# pial area rh Sun Mar  8 15:32:35 CET 2026
#@# thickness rh Sun Mar  8 15:32:36 CET 2026
#@# area and vertex vol rh Sun Mar  8 15:33:12 CET 2026
#@# Curvature Stats rh Sun Mar  8 15:33:15 CET 2026
#@# Cortical Parc 2 rh Sun Mar  8 15:33:18 CET 2026
#@# Cortical Parc 3 rh Sun Mar  8 15:33:34 CET 2026
#@# WM/GM Contrast rh Sun Mar  8 15:33:47 CET 2026
recon-all -s sub-v1s12x0050132_ses-1 finished without error at Sun Mar  8 15:33:50 CET 2026



#New# invocation of recon-all 



status file for recon-all
Sun Mar  8 15:46:49 CET 2026
#@# white curv rh Sun Mar  8 15:46:49 CET 2026
#@# white area rh Sun Mar  8 15:46:49 CET 2026
#@# pial curv rh Sun Mar  8 15:46:49 CET 2026
#@# pial area rh Sun Mar  8 15:46:49 CET 2026
#@# thickness rh Sun Mar  8 15:46:49 CET 2026
#@# area and vertex vol rh Sun Mar  8 15:46:49 CET 2026
#@# Parcellation Stats rh Sun Mar  8 15:46:49 CET 2026
#@# Parcellation Stats 2 rh Sun Mar  8 15:47:13 CET 2026
#@# Parcellation Stats 3 rh Sun Mar  8 15:47:26 CET 2026
#@# BA_exvivo Labels rh Sun Mar  8 15:47:38 CET 2026
recon-all -s sub-v1s12x0050132_ses-1 finished without error at Sun Mar  8 15:50:52 CET 2026
