status file for recon-all
Sun Mar  8 12:42:47 CET 2026
#@# MotionCor Sun Mar  8 12:42:49 CET 2026
#@# Talairach Sun Mar  8 12:42:56 CET 2026
#@# Talairach Failure Detection Sun Mar  8 12:47:19 CET 2026
#@# Nu Intensity Correction Sun Mar  8 12:47:19 CET 2026
#@# Intensity Normalization Sun Mar  8 12:50:36 CET 2026
recon-all -s sub-v1s12x0050132_ses-1 finished without error at Sun Mar  8 12:52:09 CET 2026



#New# invocation of recon-all 



status file for recon-all
Sun Mar  8 12:59:09 CET 2026
#@# EM Registration Sun Mar  8 12:59:09 CET 2026
recon-all -s sub-v1s12x0050132_ses-1 finished without error at Sun Mar  8 13:01:07 CET 2026



#New# invocation of recon-all 



status file for recon-all
Sun Mar  8 13:01:11 CET 2026
#@# CA Normalize Sun Mar  8 13:01:11 CET 2026
#@# CA Reg Sun Mar  8 13:02:31 CET 2026
#@# SubCort Seg Sun Mar  8 13:54:58 CET 2026
#@# CC Seg Sun Mar  8 14:26:07 CET 2026
#@# Merge ASeg Sun Mar  8 14:26:51 CET 2026
#@# Intensity Normalization2 Sun Mar  8 14:26:51 CET 2026
#@# Mask BFS Sun Mar  8 14:29:03 CET 2026
#@# WM Segmentation Sun Mar  8 14:29:04 CET 2026
#@# Fill Sun Mar  8 14:31:15 CET 2026
recon-all -s sub-v1s12x0050132_ses-1 finished without error at Sun Mar  8 14:32:20 CET 2026



#New# invocation of recon-all 



status file for recon-all
Sun Mar  8 15:33:54 CET 2026
#@# white curv lh Sun Mar  8 15:33:54 CET 2026
#@# white area lh Sun Mar  8 15:33:54 CET 2026
#@# pial curv lh Sun Mar  8 15:33:55 CET 2026
#@# pial area lh Sun Mar  8 15:33:55 CET 2026
#@# thickness lh Sun Mar  8 15:33:55 CET 2026
#@# area and vertex vol lh Sun Mar  8 15:33:55 CET 2026
#@# white curv rh Sun Mar  8 15:33:55 CET 2026
#@# white area rh Sun Mar  8 15:33:55 CET 2026
#@# pial curv rh Sun Mar  8 15:33:55 CET 2026
#@# pial area rh Sun Mar  8 15:33:55 CET 2026
#@# thickness rh Sun Mar  8 15:33:55 CET 2026
#@# area and vertex vol rh Sun Mar  8 15:33:55 CET 2026
#@# Cortical ribbon mask Sun Mar  8 15:33:55 CET 2026
recon-all -s sub-v1s12x0050132_ses-1 finished without error at Sun Mar  8 15:42:37 CET 2026



#New# invocation of recon-all 



status file for recon-all
Sun Mar  8 15:50:58 CET 2026
#@# white curv lh Sun Mar  8 15:50:58 CET 2026
#@# white area lh Sun Mar  8 15:50:58 CET 2026
#@# pial curv lh Sun Mar  8 15:50:58 CET 2026
#@# pial area lh Sun Mar  8 15:50:58 CET 2026
#@# thickness lh Sun Mar  8 15:50:58 CET 2026
#@# area and vertex vol lh Sun Mar  8 15:50:58 CET 2026
#@# white curv rh Sun Mar  8 15:50:58 CET 2026
#@# white area rh Sun Mar  8 15:50:58 CET 2026
#@# pial curv rh Sun Mar  8 15:50:58 CET 2026
#@# pial area rh Sun Mar  8 15:50:58 CET 2026
#@# thickness rh Sun Mar  8 15:50:58 CET 2026
#@# area and vertex vol rh Sun Mar  8 15:50:58 CET 2026
#@# Curvature Stats lh Sun Mar  8 15:50:58 CET 2026
#@# Curvature Stats rh Sun Mar  8 15:51:02 CET 2026
#@# Relabel Hypointensities Sun Mar  8 15:51:05 CET 2026
#@# APas-to-ASeg Sun Mar  8 15:51:23 CET 2026
#@# AParc-to-ASeg aparc Sun Mar  8 15:51:33 CET 2026
#@# AParc-to-ASeg aparc.a2009s Sun Mar  8 15:52:16 CET 2026
#@# AParc-to-ASeg aparc.DKTatlas Sun Mar  8 15:53:05 CET 2026
#@# WMParc Sun Mar  8 15:53:52 CET 2026
#@# ASeg Stats Sun Mar  8 15:58:32 CET 2026
recon-all -s sub-v1s12x0050132_ses-1 finished without error at Sun Mar  8 15:59:17 CET 2026
