status file for recon-all
Sun Mar  8 14:08:18 CET 2026
#@# Tessellate lh Sun Mar  8 14:08:19 CET 2026
#@# Smooth1 lh Sun Mar  8 14:08:21 CET 2026
#@# Inflation1 lh Sun Mar  8 14:08:24 CET 2026
#@# QSphere lh Sun Mar  8 14:08:39 CET 2026
#@# Fix Topology lh Sun Mar  8 14:09:49 CET 2026
#@# Smooth2 lh Sun Mar  8 14:16:00 CET 2026
#@# Inflation2 lh Sun Mar  8 14:16:03 CET 2026
#@# Curv .H and .K lh Sun Mar  8 14:16:18 CET 2026
#@# Sphere lh Sun Mar  8 14:17:02 CET 2026
#@# Surf Reg lh Sun Mar  8 14:23:22 CET 2026
#@# Jacobian white lh Sun Mar  8 14:30:13 CET 2026
#@# AvgCurv lh Sun Mar  8 14:30:14 CET 2026
#@# Cortical Parc lh Sun Mar  8 14:30:14 CET 2026
#@# white curv lh Sun Mar  8 14:36:53 CET 2026
#@# white area lh Sun Mar  8 14:36:54 CET 2026
#@# pial curv lh Sun Mar  8 14:36:55 CET 2026
#@# pial area lh Sun Mar  8 14:36:57 CET 2026
#@# thickness lh Sun Mar  8 14:36:57 CET 2026
#@# area and vertex vol lh Sun Mar  8 14:37:20 CET 2026
#@# Curvature Stats lh Sun Mar  8 14:37:21 CET 2026
#@# Cortical Parc 2 lh Sun Mar  8 14:37:24 CET 2026
#@# Cortical Parc 3 lh Sun Mar  8 14:37:35 CET 2026
#@# WM/GM Contrast lh Sun Mar  8 14:37:44 CET 2026
recon-all -s sub-v1s12x0050107_ses-1 finished without error at Sun Mar  8 14:37:47 CET 2026



#New# invocation of recon-all 



status file for recon-all
Sun Mar  8 15:13:03 CET 2026
#@# white curv lh Sun Mar  8 15:13:03 CET 2026
#@# white area lh Sun Mar  8 15:13:03 CET 2026
#@# pial curv lh Sun Mar  8 15:13:03 CET 2026
#@# pial area lh Sun Mar  8 15:13:03 CET 2026
#@# thickness lh Sun Mar  8 15:13:03 CET 2026
#@# area and vertex vol lh Sun Mar  8 15:13:03 CET 2026
#@# Parcellation Stats lh Sun Mar  8 15:13:03 CET 2026
#@# Parcellation Stats 2 lh Sun Mar  8 15:13:22 CET 2026
#@# Parcellation Stats 3 lh Sun Mar  8 15:13:32 CET 2026
#@# BA_exvivo Labels lh Sun Mar  8 15:13:42 CET 2026
recon-all -s sub-v1s12x0050107_ses-1 finished without error at Sun Mar  8 15:16:00 CET 2026
