/out/sourcedata/freesurfer/sub-v1s12x0050124_ses-1/mri
/opt/freesurfer/bin/talairach_avi
--i orig_nu.mgz --xfm transforms/talairach.auto.xfm
talairach_avi 7.3.2
Linux dna006 5.14.0-427.37.1.el9_4.x86_64 #1 SMP PREEMPT_DYNAMIC Fri Sep 13 12:41:50 EDT 2024 x86_64 x86_64 x86_64 GNU/Linux
Sun Mar  8 12:46:05 CET 2026
mri_convert orig_nu.mgz talsrcimg.img 
reading from orig_nu.mgz...
TR=0.00, TE=0.00, TI=0.00, flip angle=0.00
i_ras = (-1, 0, 0)
j_ras = (0, 0, -1)
k_ras = (0, 1, 0)
writing to talsrcimg.img...
Analyze Output Matrix
-1.00000   0.00000   0.00000   119.78720;
 0.00000   0.00000   1.00000  -134.53752;
 0.00000  -1.00000   0.00000   121.58829;
 0.00000   0.00000   0.00000   1.00000;
--------------------
INFO: set hdr.hist.orient to -1
mpr2mni305 talsrcimg
Sun Mar  8 12:46:06 CET 2026
/opt/freesurfer/bin/mpr2mni305 talsrcimg
mpr2mni305 7.3.2
target=711-2C_as_mni_average_305

---------------------------------------------------------------------
analyzeto4dfp talsrcimg -O0 -y
---------------------------------------------------------------------

freesurfer ifh2hdr.c
Sun Mar  8 12:46:06 2026
Writing: talsrcimg.4dfp.hdr
freesurfer analyzeto4dfp.c
Reading: talsrcimg.hdr
header size 348 bytes
hdr.dime.datatype	offset=70	value=2
hdr.dime.bitpix		offset=72	value=8
hdr.hist.orient		offset=252	value=-1
dimensionality     4
dimensions       256       256       256         1
Reading: talsrcimg.img
Writing: talsrcimg.4dfp.img
Writing: talsrcimg.4dfp.ifh
ifh2hdr talsrcimg -r0to216
ori=2

---------------------------------------------------------------------
gauss_4dfp talsrcimg 1.1
---------------------------------------------------------------------

freesurfer gauss_4dfp.c
Reading: talsrcimg.4dfp.img
Writing: talsrcimg_g11.4dfp.img
image dimensions 256 256 256 padded to 288 288 288
processing volume 1freesurfer ifh2hdr.c
Sun Mar  8 12:46:08 2026
Writing: talsrcimg_g11.4dfp.hdr

Writing: talsrcimg_g11.4dfp.ifh
including: talsrcimg.4dfp.img.rec in talsrcimg_g11.4dfp.img.rec

---------------------------------------------------------------------
imgreg_4dfp /opt/freesurfer/average/711-2C_as_mni_average_305 none talsrcimg_g11 none talsrcimg_to_711-2C_as_mni_average_305_t4 4355
---------------------------------------------------------------------

freesurfer imgreg_4dfp.c
/opt/freesurfer/average/711-2C_as_mni_average_305.4dfp.img
       256       256       256         1
  1.000000  1.000000  1.000000
orientation T byte_order littleendian
Reading image: /opt/freesurfer/average/711-2C_as_mni_average_305.4dfp.img
dimensions:      256       256       256
mmppix:       1.0000   -1.0000   -1.0000
center:     128.0000 -129.0000 -129.0000
talsrcimg_g11.4dfp.img
       256       256       256         1
  1.000000  1.000000  1.000000
orientation T byte_order littleendian
Reading image: talsrcimg_g11.4dfp.img
dimensions:      256       256       256
mmppix:       1.0000   -1.0000   -1.0000
center:     128.0000 -129.0000 -129.0000
t4_read: open error in t4_sub.f l:  41 t4_file(1:l)talsrcimg_to_711-2C_as_mni_average_305_t4 
t4_read: transform initialized to I4
rotation matrix determinant  1.000000
image alignment mode   4355 decimal     1103 hex
   -7.5000  -45.0000  -45.0000 8538.4863   18.9609
    0.0000  -45.0000  -45.0000 8859.6963   18.9547
    7.5000  -45.0000  -45.0000 8400.2891   18.9507
   -7.5000  -37.5000  -45.0000 8972.6191   18.9573
    0.0000  -37.5000  -45.0000 9274.1709   18.9494
    7.5000  -37.5000  -45.0000 8807.6211   18.9519
   -7.5000  -30.0000  -45.0000 9674.7344   18.9768
    0.0000  -30.0000  -45.0000 9994.3906   18.9657
    7.5000  -30.0000  -45.0000 9496.8379   18.9711
   -7.5000  -22.5000  -45.000010329.5332   18.9890
    0.0000  -22.5000  -45.000010666.2568   18.9755
    7.5000  -22.5000  -45.000010143.3203   18.9758
   -7.5000  -15.0000  -45.000010920.4639   18.9824
    0.0000  -15.0000  -45.000011260.1152   18.9697
    7.5000  -15.0000  -45.000010704.9541   18.9636
   -7.5000   -7.5000  -45.000011457.7861   18.9647
    0.0000   -7.5000  -45.000011748.4365   18.9562
    7.5000   -7.5000  -45.000011163.7959   18.9485
   -7.5000    0.0000  -45.000011888.4492   18.9521
    0.0000    0.0000  -45.000012155.3984   18.9457
    7.5000    0.0000  -45.000011541.0469   18.9415
   -7.5000    7.5000  -45.000011377.5703   18.9573
    0.0000    7.5000  -45.000011648.0176   18.9494
    7.5000    7.5000  -45.000011053.9209   18.9519
   -7.5000   15.0000  -45.000010696.0020   18.9768
    0.0000   15.0000  -45.000010962.5029   18.9657
    7.5000   15.0000  -45.000010438.7568   18.9711
   -7.5000   22.5000  -45.0000 9881.5938   18.9864
    0.0000   22.5000  -45.000010166.0430   18.9729
    7.5000   22.5000  -45.0000 9674.1406   18.9732
   -7.5000   30.0000  -45.0000 9017.3672   18.7294
    0.0000   30.0000  -45.0000 9242.9756   18.7169
    7.5000   30.0000  -45.0000 8806.8105   18.7109
   -7.5000   37.5000  -45.0000 8463.9541   18.7124
    0.0000   37.5000  -45.0000 8669.1484   18.7040
    7.5000   37.5000  -45.0000 8226.1914   18.6964
   -7.5000   45.0000  -45.0000 7618.7095   18.3087
    0.0000   45.0000  -45.0000 7786.8623   18.3025
    7.5000   45.0000  -45.0000 7374.1045   18.2991
   -7.5000  -45.0000  -37.5000 9107.0586   18.8806
    0.0000  -45.0000  -37.5000 9444.6699   18.8745
    7.5000  -45.0000  -37.5000 8931.2090   18.8671
   -7.5000  -37.5000  -37.5000 9552.3838   18.8759
    0.0000  -37.5000  -37.5000 9886.0938   18.8697
    7.5000  -37.5000  -37.5000 9344.5098   18.8703
   -7.5000  -30.0000  -37.500010292.4854   18.8953
    0.0000  -30.0000  -37.500010650.7637   18.8868
    7.5000  -30.0000  -37.500010088.8213   18.8919
   -7.5000  -22.5000  -37.500010975.6865   18.9112
    0.0000  -22.5000  -37.500011361.5225   18.8990
    7.5000  -22.5000  -37.500010751.2734   18.8985
   -7.5000  -15.0000  -37.500011590.6279   18.9081
    0.0000  -15.0000  -37.500011987.8613   18.8951
    7.5000  -15.0000  -37.500011346.4453   18.8867
   -7.5000   -7.5000  -37.500012135.5791   18.8882
    0.0000   -7.5000  -37.500012509.7363   18.8789
    7.5000   -7.5000  -37.500011852.0098   18.8678
   -7.5000    0.0000  -37.500012565.3389   18.8720
    0.0000    0.0000  -37.500012905.7256   18.8656
    7.5000    0.0000  -37.500012211.0039   18.8580
   -7.5000    7.5000  -37.500012025.8770   18.8759
    0.0000    7.5000  -37.500012321.8857   18.8697
    7.5000    7.5000  -37.500011649.5186   18.8703
   -7.5000   15.0000  -37.500011294.9033   18.8953
    0.0000   15.0000  -37.500011578.7051   18.8868
    7.5000   15.0000  -37.500010986.7412   18.8919
   -7.5000   22.5000  -37.500010433.3906   18.9086
    0.0000   22.5000  -37.500010709.5498   18.8964
    7.5000   22.5000  -37.500010192.5977   18.8959
   -7.5000   30.0000  -37.5000 9493.9883   18.6562
    0.0000   30.0000  -37.5000 9748.6660   18.6433
    7.5000   30.0000  -37.5000 9290.3242   18.6350
   -7.5000   37.5000  -37.5000 8886.4961   18.6369
    0.0000   37.5000  -37.5000 9107.6416   18.6277
    7.5000   37.5000  -37.5000 8665.1494   18.6168
   -7.5000   45.0000  -37.5000 7975.4507   18.2301
    0.0000   45.0000  -37.5000 8158.3447   18.2236
    7.5000   45.0000  -37.5000 7761.3472   18.2167
   -7.5000  -45.0000  -30.0000 9833.9199   19.6696
    0.0000  -45.0000  -30.000010164.5078   19.6702
    7.5000  -45.0000  -30.0000 9620.0254   19.6559
   -7.5000  -37.5000  -30.000010287.6191   19.6666
    0.0000  -37.5000  -30.000010656.0732   19.6693
    7.5000  -37.5000  -30.000010083.3213   19.6634
   -7.5000  -30.0000  -30.000011102.6133   19.6926
    0.0000  -30.0000  -30.000011498.5156   19.6959
    7.5000  -30.0000  -30.000010872.4072   19.6956
   -7.5000  -22.5000  -30.000011853.5752   19.7144
    0.0000  -22.5000  -30.000012279.4902   19.7147
    7.5000  -22.5000  -30.000011567.4414   19.7092
   -7.5000  -15.0000  -30.000012539.8135   19.7119
    0.0000  -15.0000  -30.000012982.6172   19.7095
    7.5000  -15.0000  -30.000012229.2930   19.6953
   -7.5000   -7.5000  -30.000013086.9346   19.6841
    0.0000   -7.5000  -30.000013510.0381   19.6825
    7.5000   -7.5000  -30.000012742.1963   19.6647
   -7.5000    0.0000  -30.000013494.9580   19.6607
    0.0000    0.0000  -30.000013889.8711   19.6610
    7.5000    0.0000  -30.000013103.2168   19.6465
   -7.5000    7.5000  -30.000012857.7227   19.6666
    0.0000    7.5000  -30.000013214.4717   19.6693
    7.5000    7.5000  -30.000012474.0342   19.6634
   -7.5000   15.0000  -30.000012077.8057   19.6926
    0.0000   15.0000  -30.000012407.6621   19.6959
    7.5000   15.0000  -30.000011747.1133   19.6956
   -7.5000   22.5000  -30.000011173.6533   19.7097
    0.0000   22.5000  -30.000011463.5801   19.7099
    7.5000   22.5000  -30.000010878.1299   19.7045
   -7.5000   30.0000  -30.000010144.3408   19.4511
    0.0000   30.0000  -30.000010420.0059   19.4488
    7.5000   30.0000  -30.0000 9918.0391   19.4347
   -7.5000   37.5000  -30.0000 9495.2656   19.4241
    0.0000   37.5000  -30.0000 9735.4980   19.4225
    7.5000   37.5000  -30.0000 9264.8125   19.4050
   -7.5000   45.0000  -30.0000 8500.5850   19.0053
    0.0000   45.0000  -30.0000 8692.5967   19.0049
    7.5000   45.0000  -30.0000 8285.8564   18.9913
   -7.5000  -45.0000  -22.500010557.8281   20.3625
    0.0000  -45.0000  -22.500010947.2959   20.3711
    7.5000  -45.0000  -22.500010346.4971   20.3556
   -7.5000  -37.5000  -22.500011065.7559   20.3642
    0.0000  -37.5000  -22.500011492.0332   20.3753
    7.5000  -37.5000  -22.500010848.0488   20.3673
   -7.5000  -30.0000  -22.500011935.0332   20.3953
    0.0000  -30.0000  -22.500012385.1592   20.4091
    7.5000  -30.0000  -22.500011681.1797   20.4061
   -7.5000  -22.5000  -22.500012731.8848   20.4153
    0.0000  -22.5000  -22.500013219.3711   20.4279
    7.5000  -22.5000  -22.500012419.7939   20.4211
   -7.5000  -15.0000  -22.500013480.4365   20.4073
    0.0000  -15.0000  -22.500013989.3867   20.4170
    7.5000  -15.0000  -22.500013125.8467   20.4023
   -7.5000   -7.5000  -22.500014041.7148   20.3765
    0.0000   -7.5000  -22.500014547.8154   20.3845
    7.5000   -7.5000  -22.500013666.9883   20.3660
   -7.5000    0.0000  -22.500014457.7100   20.3534
    0.0000    0.0000  -22.500014941.1592   20.3616
    7.5000    0.0000  -22.500014031.8760   20.3459
   -7.5000    7.5000  -22.500013753.0088   20.3642
    0.0000    7.5000  -22.500014186.2393   20.3753
    7.5000    7.5000  -22.500013343.9639   20.3673
   -7.5000   15.0000  -22.500012888.7275   20.3953
    0.0000   15.0000  -22.500013284.1768   20.4091
    7.5000   15.0000  -22.500012535.1709   20.4061
   -7.5000   22.5000  -22.500011933.1475   20.4090
    0.0000   22.5000  -22.500012273.0059   20.4216
    7.5000   22.5000  -22.500011606.3691   20.4148
   -7.5000   30.0000  -22.500010844.3359   20.1403
    0.0000   30.0000  -22.500011130.0781   20.1500
    7.5000   30.0000  -22.500010558.2344   20.1355
   -7.5000   37.5000  -22.500010118.7715   20.1104
    0.0000   37.5000  -22.500010379.0596   20.1183
    7.5000   37.5000  -22.5000 9846.6670   20.1000
   -7.5000   45.0000  -22.5000 9040.7305   19.6901
    0.0000   45.0000  -22.5000 9259.6826   19.6974
    7.5000   45.0000  -22.5000 8826.2070   19.6828
   -7.5000  -45.0000  -15.000011274.4834   20.8642
    0.0000  -45.0000  -15.000011750.4795   20.8734
    7.5000  -45.0000  -15.000011100.8408   20.8602
   -7.5000  -37.5000  -15.000011814.2725   20.8681
    0.0000  -37.5000  -15.000012318.7695   20.8781
    7.5000  -37.5000  -15.000011614.9941   20.8708
   -7.5000  -30.0000  -15.000012719.8994   20.8984
    0.0000  -30.0000  -15.000013235.1396   20.9108
    7.5000  -30.0000  -15.000012446.9111   20.9074
   -7.5000  -22.5000  -15.000013546.9463   20.9120
    0.0000  -22.5000  -15.000014102.1377   20.9249
    7.5000  -22.5000  -15.000013217.9297   20.9190
   -7.5000  -15.0000  -15.000014331.8398   20.8988
    0.0000  -15.0000  -15.000014927.8818   20.9104
    7.5000  -15.0000  -15.000013963.3047   20.8983
   -7.5000   -7.5000  -15.000014954.3467   20.8719
    0.0000   -7.5000  -15.000015565.4375   20.8818
    7.5000   -7.5000  -15.000014548.7607   20.8663
   -7.5000    0.0000  -15.000015407.4668   20.8548
    0.0000    0.0000  -15.000015981.8701   20.8637
    7.5000    0.0000  -15.000014939.6553   20.8503
   -7.5000    7.5000  -15.000014639.4131   20.8681
    0.0000    7.5000  -15.000015193.4521   20.8781
    7.5000    7.5000  -15.000014211.5469   20.8708
   -7.5000   15.0000  -15.000013698.3115   20.8984
    0.0000   15.0000  -15.000014186.9014   20.9108
    7.5000   15.0000  -15.000013335.2227   20.9074
   -7.5000   22.5000  -15.000012702.3271   20.9046
    0.0000   22.5000  -15.000013111.5977   20.9175
    7.5000   22.5000  -15.000012346.9346   20.9116
   -7.5000   30.0000  -15.000011550.5889   20.6283
    0.0000   30.0000  -15.000011901.3604   20.6398
    7.5000   30.0000  -15.000011218.1680   20.6278
   -7.5000   37.5000  -15.000010751.6484   20.6022
    0.0000   37.5000  -15.000011080.3271   20.6120
    7.5000   37.5000  -15.000010435.2754   20.5967
   -7.5000   45.0000  -15.0000 9596.0498   20.1884
    0.0000   45.0000  -15.0000 9867.8428   20.1966
    7.5000   45.0000  -15.0000 9344.7568   20.1846
   -7.5000  -45.0000   -7.500012011.2373   21.1081
    0.0000  -45.0000   -7.500012544.4932   21.1087
    7.5000  -45.0000   -7.500011857.8564   21.0996
   -7.5000  -37.5000   -7.500012597.8398   21.1075
    0.0000  -37.5000   -7.500013165.3643   21.1066
    7.5000  -37.5000   -7.500012404.6074   21.1029
   -7.5000  -30.0000   -7.500013533.7324   21.1321
    0.0000  -30.0000   -7.500014133.8037   21.1303
    7.5000  -30.0000   -7.500013257.4111   21.1292
   -7.5000  -22.5000   -7.500014340.5986   21.1437
    0.0000  -22.5000   -7.500014988.6777   21.1416
    7.5000  -22.5000   -7.500014057.4268   21.1367
   -7.5000  -15.0000   -7.500015145.0635   21.1328
    0.0000  -15.0000   -7.500015857.6064   21.1313
    7.5000  -15.0000   -7.500014843.4229   21.1210
   -7.5000   -7.5000   -7.500015832.5068   21.1121
    0.0000   -7.5000   -7.500016586.3438   21.1123
    7.5000   -7.5000   -7.500015516.5869   21.0999
   -7.5000    0.0000   -7.500016327.3711   21.0984
    0.0000    0.0000   -7.500017052.8926   21.0988
    7.5000    0.0000   -7.500015920.3428   21.0894
   -7.5000    7.5000   -7.500015500.9629   21.1075
    0.0000    7.5000   -7.500016183.3369   21.1066
    7.5000    7.5000   -7.500015110.8340   21.1029
   -7.5000   15.0000   -7.500014540.0615   21.1321
    0.0000   15.0000   -7.500015136.0674   21.1303
    7.5000   15.0000   -7.500014158.4463   21.1292
   -7.5000   22.5000   -7.500013505.1699   21.1340
    0.0000   22.5000   -7.500013988.5752   21.1318
    7.5000   22.5000   -7.500013106.4756   21.1269
   -7.5000   30.0000   -7.500012302.2148   20.8588
    0.0000   30.0000   -7.500012709.9365   20.8573
    7.5000   30.0000   -7.500011934.5879   20.8471
   -7.5000   37.5000   -7.500011461.1416   20.8388
    0.0000   37.5000   -7.500011837.3984   20.8390
    7.5000   37.5000   -7.500011112.9277   20.8268
   -7.5000   45.0000   -7.500010216.4893   20.4286
    0.0000   45.0000   -7.500010527.9365   20.4289
    7.5000   45.0000   -7.5000 9927.9834   20.4207
   -7.5000  -45.0000    0.000012663.8086   21.1354
    0.0000  -45.0000    0.000013145.8848   21.1284
    7.5000  -45.0000    0.000012466.5215   21.1237
   -7.5000  -37.5000    0.000013355.9199   21.1308
    0.0000  -37.5000    0.000013902.5439   21.1215
    7.5000  -37.5000    0.000013089.0479   21.1238
   -7.5000  -30.0000    0.000014359.3301   21.1514
    0.0000  -30.0000    0.000014982.9570   21.1383
    7.5000  -30.0000    0.000014025.3242   21.1434
   -7.5000  -22.5000    0.000015141.2295   21.1648
    0.0000  -22.5000    0.000015837.0449   21.1487
    7.5000  -22.5000    0.000014850.9941   21.1479
   -7.5000  -15.0000    0.000015946.3467   21.1581
    0.0000  -15.0000    0.000016736.1406   21.1430
    7.5000  -15.0000    0.000015706.5176   21.1354
   -7.5000   -7.5000    0.000016678.3730   21.1394
    0.0000   -7.5000    0.000017535.0020   21.1294
    7.5000   -7.5000    0.000016448.2383   21.1205
   -7.5000    0.0000    0.000017173.7695   21.1257
    0.0000    0.0000    0.000018038.0469   21.1183
    7.5000    0.0000    0.000016912.3867   21.1135
   -7.5000    7.5000    0.000016311.2793   21.1307
    0.0000    7.5000    0.000017086.4824   21.1215
    7.5000    7.5000    0.000015999.5049   21.1238
   -7.5000   15.0000    0.000015335.6670   21.1514
    0.0000   15.0000    0.000016035.2734   21.1383
    7.5000   15.0000    0.000014982.2480   21.1434
   -7.5000   22.5000    0.000014243.3926   21.1550
    0.0000   22.5000    0.000014843.7617   21.1389
    7.5000   22.5000    0.000013865.9912   21.1382
   -7.5000   30.0000    0.000013031.3086   20.8843
    0.0000   30.0000    0.000013505.0850   20.8694
    7.5000   30.0000    0.000012642.5312   20.8619
   -7.5000   37.5000    0.000012143.5703   20.8663
    0.0000   37.5000    0.000012565.5430   20.8565
    7.5000   37.5000    0.000011771.5020   20.8476
   -7.5000   45.0000    0.000010820.8545   20.4562
    0.0000   45.0000    0.000011134.4961   20.4490
    7.5000   45.0000    0.000010450.2568   20.4451
   -7.5000  -45.0000    7.500012282.6621   21.1194
    0.0000  -45.0000    7.500012672.8994   21.1127
    7.5000  -45.0000    7.500012054.0879   21.1045
   -7.5000  -37.5000    7.500013043.1963   21.1143
    0.0000  -37.5000    7.500013500.1172   21.1073
    7.5000  -37.5000    7.500012708.8467   21.1080
   -7.5000  -30.0000    7.500014217.5508   21.1366
    0.0000  -30.0000    7.500014780.3643   21.1270
    7.5000  -30.0000    7.500013759.1914   21.1325
   -7.5000  -22.5000    7.500015035.1562   21.1548
    0.0000  -22.5000    7.500015727.5361   21.1411
    7.5000  -22.5000    7.500014706.0791   21.1403
   -7.5000  -15.0000    7.500015670.8760   21.1512
    0.0000  -15.0000    7.500016393.6016   21.1367
    7.5000  -15.0000    7.500015509.6172   21.1273
   -7.5000   -7.5000    7.500016198.7930   21.1283
    0.0000   -7.5000    7.500017002.6953   21.1180
    7.5000   -7.5000    7.500016161.1807   21.1058
   -7.5000    0.0000    7.500016683.9062   21.1097
    0.0000    0.0000    7.500017491.3438   21.1027
    7.5000    0.0000    7.500016556.5723   21.0944
   -7.5000    7.5000    7.500015894.2422   21.1143
    0.0000    7.5000    7.500016603.2344   21.1073
    7.5000    7.5000    7.500015626.0117   21.1080
   -7.5000   15.0000    7.500015035.5947   21.1366
    0.0000   15.0000    7.500015644.1777   21.1270
    7.5000   15.0000    7.500014632.1016   21.1325
   -7.5000   22.5000    7.500013993.1992   21.1450
    0.0000   22.5000    7.500014507.0391   21.1313
    7.5000   22.5000    7.500013550.6338   21.1306
   -7.5000   30.0000    7.500012801.7314   20.8775
    0.0000   30.0000    7.500013256.0791   20.8632
    7.5000   30.0000    7.500012342.4512   20.8539
   -7.5000   37.5000    7.500011897.6709   20.8553
    0.0000   37.5000    7.500012280.9658   20.8452
    7.5000   37.5000    7.500011486.3789   20.8331
   -7.5000   45.0000    7.500010577.9785   20.4397
    0.0000   45.0000    7.500010861.4443   20.4325
    7.5000   45.0000    7.500010183.5566   20.4250
   -7.5000  -45.0000   15.000011767.0781   21.1285
    0.0000  -45.0000   15.000012109.4336   21.1292
    7.5000  -45.0000   15.000011590.0625   21.1137
   -7.5000  -37.5000   15.000012518.9600   21.1253
    0.0000  -37.5000   15.000012889.4824   21.1282
    7.5000  -37.5000   15.000012201.4053   21.1219
   -7.5000  -30.0000   15.000013857.1729   21.1533
    0.0000  -30.0000   15.000014344.0674   21.1569
    7.5000  -30.0000   15.000013298.9229   21.1565
   -7.5000  -22.5000   15.000014807.3184   21.1767
    0.0000  -22.5000   15.000015423.7051   21.1771
    7.5000  -22.5000   15.000014344.7549   21.1711
   -7.5000  -15.0000   15.000015293.3623   21.1741
    0.0000  -15.0000   15.000015933.2266   21.1715
    7.5000  -15.0000   15.000015093.9385   21.1562
   -7.5000   -7.5000   15.000015739.8037   21.1442
    0.0000   -7.5000   15.000016402.6309   21.1424
    7.5000   -7.5000   15.000015581.5283   21.1233
   -7.5000    0.0000   15.000016206.2910   21.1190
    0.0000    0.0000   15.000016847.7773   21.1193
    7.5000    0.0000   15.000015920.4443   21.1037
   -7.5000    7.5000   15.000015417.0371   21.1253
    0.0000    7.5000   15.000015971.5664   21.1282
    7.5000    7.5000   15.000015027.8613   21.1218
   -7.5000   15.0000   15.000014522.0527   21.1533
    0.0000   15.0000   15.000015003.8291   21.1569
    7.5000   15.0000   15.000014044.9727   21.1565
   -7.5000   22.5000   15.000013484.5000   21.1670
    0.0000   22.5000   15.000013891.5938   21.1673
    7.5000   22.5000   15.000013013.2900   21.1614
   -7.5000   30.0000   15.000012302.1826   20.9000
    0.0000   30.0000   15.000012668.2119   20.8975
    7.5000   30.0000   15.000011840.3623   20.8824
   -7.5000   37.5000   15.000011397.6846   20.8710
    0.0000   37.5000   15.000011719.9941   20.8693
    7.5000   37.5000   15.000011012.6279   20.8504
   -7.5000   45.0000   15.000010087.7559   20.4481
    0.0000   45.0000   15.000010340.1592   20.4476
    7.5000   45.0000   15.0000 9738.9668   20.4329
   -7.5000  -45.0000   22.500011215.0527   21.1793
    0.0000  -45.0000   22.500011576.8604   21.1884
    7.5000  -45.0000   22.500010975.4209   21.1725
   -7.5000  -37.5000   22.500011888.8828   21.1812
    0.0000  -37.5000   22.500012248.6074   21.1930
    7.5000  -37.5000   22.500011541.6611   21.1848
   -7.5000  -30.0000   22.500013084.2314   21.2137
    0.0000  -30.0000   22.500013502.9668   21.2283
    7.5000  -30.0000   22.500012527.2314   21.2252
   -7.5000  -22.5000   22.500013960.0029   21.2346
    0.0000  -22.5000   22.500014461.7725   21.2478
    7.5000  -22.5000   22.500013485.2158   21.2408
   -7.5000  -15.0000   22.500014527.5615   21.2261
    0.0000  -15.0000   22.500015081.5596   21.2364
    7.5000  -15.0000   22.500014251.3174   21.2211
   -7.5000   -7.5000   22.500015062.8613   21.1939
    0.0000   -7.5000   22.500015649.3408   21.2023
    7.5000   -7.5000   22.500014808.4082   21.1832
   -7.5000    0.0000   22.500015497.6416   21.1698
    0.0000    0.0000   22.500016094.5898   21.1786
    7.5000    0.0000   22.500015193.5889   21.1624
   -7.5000    7.5000   22.500014674.9121   21.1812
    0.0000    7.5000   22.500015207.8232   21.1929
    7.5000    7.5000   22.500014360.9609   21.1848
   -7.5000   15.0000   22.500013726.8232   21.2137
    0.0000   15.0000   22.500014193.8262   21.2283
    7.5000   15.0000   22.500013361.0303   21.2252
   -7.5000   22.5000   22.500012714.7344   21.2248
    0.0000   22.5000   22.500013102.9580   21.2380
    7.5000   22.5000   22.500012329.3184   21.2310
   -7.5000   30.0000   22.500011571.3027   20.9514
    0.0000   30.0000   22.500011906.3672   20.9615
    7.5000   30.0000   22.500011202.7188   20.9464
   -7.5000   37.5000   22.500010748.4600   20.9201
    0.0000   37.5000   22.500011040.7832   20.9284
    7.5000   37.5000   22.500010438.7451   20.9095
   -7.5000   45.0000   22.5000 9510.6055   20.4979
    0.0000   45.0000   22.5000 9760.1016   20.5056
    7.5000   45.0000   22.5000 9260.2148   20.4907
   -7.5000  -45.0000   30.000010499.1689   21.2384
    0.0000  -45.0000   30.000010836.2461   21.2478
    7.5000  -45.0000   30.000010261.8672   21.2344
   -7.5000  -37.5000   30.000011058.5576   21.2426
    0.0000  -37.5000   30.000011426.3789   21.2528
    7.5000  -37.5000   30.000010779.8730   21.2453
   -7.5000  -30.0000   30.000012042.8057   21.2735
    0.0000  -30.0000   30.000012470.4404   21.2860
    7.5000  -30.0000   30.000011711.5098   21.2826
   -7.5000  -22.5000   30.000012741.3682   21.2871
    0.0000  -22.5000   30.000013212.9219   21.3002
    7.5000  -22.5000   30.000012548.2002   21.2941
   -7.5000  -15.0000   30.000013324.4990   21.2734
    0.0000  -15.0000   30.000013811.8594   21.2852
    7.5000  -15.0000   30.000013201.2773   21.2728
   -7.5000   -7.5000   30.000013949.7197   21.2460
    0.0000   -7.5000   30.000014488.1289   21.2561
    7.5000   -7.5000   30.000013771.2490   21.2403
   -7.5000    0.0000   30.000014436.0957   21.2288
    0.0000    0.0000   30.000015009.7715   21.2379
    7.5000    0.0000   30.000014217.9277   21.2243
   -7.5000    7.5000   30.000013709.2158   21.2426
    0.0000    7.5000   30.000014225.6807   21.2528
    7.5000    7.5000   30.000013481.3154   21.2453
   -7.5000   15.0000   30.000012812.8154   21.2735
    0.0000   15.0000   30.000013274.3652   21.2860
    7.5000   15.0000   30.000012524.6904   21.2826
   -7.5000   22.5000   30.000011835.9346   21.2773
    0.0000   22.5000   30.000012220.1787   21.2904
    7.5000   22.5000   30.000011495.4590   21.2843
   -7.5000   30.0000   30.000010745.7051   20.9981
    0.0000   30.0000   30.000011081.3506   21.0097
    7.5000   30.0000   30.000010445.7236   20.9975
   -7.5000   37.5000   30.0000 9975.3701   20.9715
    0.0000   37.5000   30.000010276.3936   20.9815
    7.5000   37.5000   30.0000 9748.8643   20.9659
   -7.5000   45.0000   30.0000 8824.3018   20.5563
    0.0000   45.0000   30.0000 9069.1445   20.5647
    7.5000   45.0000   30.0000 8620.3408   20.5524
   -7.5000  -45.0000   37.500010052.5508   21.3925
    0.0000  -45.0000   37.500010375.5166   21.3934
    7.5000  -45.0000   37.5000 9868.8809   21.3845
   -7.5000  -37.5000   37.500010587.6250   21.3918
    0.0000  -37.5000   37.500010938.5420   21.3910
    7.5000  -37.5000   37.500010368.5000   21.3878
   -7.5000  -30.0000   37.500011493.4365   21.4166
    0.0000  -30.0000   37.500011892.8418   21.4150
    7.5000  -30.0000   37.500011263.0869   21.4144
   -7.5000  -22.5000   37.500012136.9160   21.4284
    0.0000  -22.5000   37.500012568.2617   21.4263
    7.5000  -22.5000   37.500012029.6064   21.4218
   -7.5000  -15.0000   37.500012743.2432   21.4173
    0.0000  -15.0000   37.500013197.6152   21.4159
    7.5000  -15.0000   37.500012660.2773   21.4056
   -7.5000   -7.5000   37.500013367.2959   21.3963
    0.0000   -7.5000   37.500013823.3057   21.3967
    7.5000   -7.5000   37.500013204.1748   21.3845
   -7.5000    0.0000   37.500013817.8486   21.3826
    0.0000    0.0000   37.500014309.3486   21.3831
    7.5000    0.0000   37.500013609.3750   21.3741
   -7.5000    7.5000   37.500013127.4688   21.3918
    0.0000    7.5000   37.500013588.0049   21.3910
    7.5000    7.5000   37.500012928.3135   21.3878
   -7.5000   15.0000   37.500012299.6621   21.4166
    0.0000   15.0000   37.500012710.8428   21.4150
    7.5000   15.0000   37.500012061.0811   21.4144
   -7.5000   22.5000   37.500011360.5752   21.4185
    0.0000   22.5000   37.500011726.5830   21.4164
    7.5000   22.5000   37.500011096.2236   21.4119
   -7.5000   30.0000   37.500010285.9756   21.1401
    0.0000   30.0000   37.500010623.6270   21.1387
    7.5000   30.0000   37.500010077.1758   21.1286
   -7.5000   37.5000   37.5000 9539.6533   21.1199
    0.0000   37.5000   37.5000 9853.2910   21.1203
    7.5000   37.5000   37.5000 9388.4697   21.1083
   -7.5000   45.0000   37.5000 8462.4834   20.7065
    0.0000   45.0000   37.5000 8709.9277   20.7069
    7.5000   45.0000   37.5000 8290.7363   20.6991
   -7.5000  -45.0000   45.0000 9251.2236   21.7097
    0.0000  -45.0000   45.0000 9564.8174   21.7034
    7.5000  -45.0000   45.0000 9081.2197   21.6996
   -7.5000  -37.5000   45.0000 9773.3467   21.7055
    0.0000  -37.5000   45.000010106.2109   21.6964
    7.5000  -37.5000   45.0000 9566.2559   21.6997
   -7.5000  -30.0000   45.000010588.1992   21.7273
    0.0000  -30.0000   45.000010936.7266   21.7140
    7.5000  -30.0000   45.000010371.1748   21.7198
   -7.5000  -22.5000   45.000011188.2002   21.7406
    0.0000  -22.5000   45.000011566.1670   21.7245
    7.5000  -22.5000   45.000011056.4697   21.7241
   -7.5000  -15.0000   45.000011758.0312   21.7325
    0.0000  -15.0000   45.000012156.2969   21.7180
    7.5000  -15.0000   45.000011625.4805   21.7107
   -7.5000   -7.5000   45.000012304.5879   21.7129
    0.0000   -7.5000   45.000012710.7549   21.7039
    7.5000   -7.5000   45.000012123.2539   21.6955
   -7.5000    0.0000   45.000012711.7891   21.6993
    0.0000    0.0000   45.000013122.5771   21.6927
    7.5000    0.0000   45.000012514.8271   21.6888
   -7.5000    7.5000   45.000012086.8027   21.7055
    0.0000    7.5000   45.000012485.9551   21.6964
    7.5000    7.5000   45.000011891.7061   21.6997
   -7.5000   15.0000   45.000011326.8838   21.7273
    0.0000   15.0000   45.000011700.9629   21.7140
    7.5000   15.0000   45.000011109.5918   21.7198
   -7.5000   22.5000   45.000010459.8584   21.7305
    0.0000   22.5000   45.000010811.8760   21.7144
    7.5000   22.5000   45.000010240.7441   21.7141
   -7.5000   30.0000   45.0000 9474.7451   21.4494
    0.0000   30.0000   45.0000 9782.5752   21.4351
    7.5000   30.0000   45.0000 9275.1533   21.4279
   -7.5000   37.5000   45.0000 8810.3701   21.4306
    0.0000   37.5000   45.0000 9079.0605   21.4216
    7.5000   37.5000   45.0000 8652.1211   21.4134
   -7.5000   45.0000   45.0000 7817.2925   21.0245
    0.0000   45.0000   45.0000 8060.6479   21.0180
    7.5000   45.0000   45.0000 7660.1318   21.0150

---------------------------------------------------------------------
imgreg_4dfp /opt/freesurfer/average/711-2C_as_mni_average_305 /opt/freesurfer/average/711-2B_as_mni_average_305_mask talsrcimg_g11 none talsrcimg_to_711-2C_as_mni_average_305_t4 4355
---------------------------------------------------------------------

freesurfer imgreg_4dfp.c
/opt/freesurfer/average/711-2C_as_mni_average_305.4dfp.img
       256       256       256         1
  1.000000  1.000000  1.000000
orientation T byte_order littleendian
Reading image: /opt/freesurfer/average/711-2C_as_mni_average_305.4dfp.img
dimensions:      256       256       256
mmppix:       1.0000   -1.0000   -1.0000
center:     128.0000 -129.0000 -129.0000
/opt/freesurfer/average/711-2B_as_mni_average_305_mask.4dfp.img
       256       256       256         1
  1.000000  1.000000  1.000000
orientation T byte_order littleendian
Reading mask: /opt/freesurfer/average/711-2B_as_mni_average_305_mask.4dfp.img (2306576 pixels)
talsrcimg_g11.4dfp.img
       256       256       256         1
  1.000000  1.000000  1.000000
orientation T byte_order littleendian
Reading image: talsrcimg_g11.4dfp.img
dimensions:      256       256       256
mmppix:       1.0000   -1.0000   -1.0000
center:     128.0000 -129.0000 -129.0000
rotation matrix determinant  1.000000
image alignment mode   4355 decimal     1103 hex
   -7.5000  -45.0000  -45.0000 2229.6506   20.1344
    0.0000  -45.0000  -45.0000 2229.5010   20.3163
    7.5000  -45.0000  -45.0000 2207.7996   20.7242
   -7.5000  -37.5000  -45.0000 2280.6321   19.1330
    0.0000  -37.5000  -45.0000 2277.7449   19.2210
    7.5000  -37.5000  -45.0000 2255.8862   19.5976
   -7.5000  -30.0000  -45.0000 2310.5244   18.4986
    0.0000  -30.0000  -45.0000 2303.7800   18.5574
    7.5000  -30.0000  -45.0000 2282.1438   18.9587
   -7.5000  -22.5000  -45.0000 2326.7488   18.2816
    0.0000  -22.5000  -45.0000 2318.5962   18.3131
    7.5000  -22.5000  -45.0000 2294.9683   18.7276
   -7.5000  -15.0000  -45.0000 2321.6787   18.2666
    0.0000  -15.0000  -45.0000 2315.8931   18.3212
    7.5000  -15.0000  -45.0000 2288.9944   18.7598
   -7.5000   -7.5000  -45.0000 2308.0100   18.6016
    0.0000   -7.5000  -45.0000 2298.9409   18.6286
    7.5000   -7.5000  -45.0000 2265.2383   19.0929
   -7.5000    0.0000  -45.0000 2264.8628   19.2554
    0.0000    0.0000  -45.0000 2256.7217   19.2946
    7.5000    0.0000  -45.0000 2220.9973   19.7897
   -7.5000    7.5000  -45.0000 2201.7661   20.2403
    0.0000    7.5000  -45.0000 2194.0488   20.3284
    7.5000    7.5000  -45.0000 2162.9092   20.8426
   -7.5000   15.0000  -45.0000 2123.4861   21.6786
    0.0000   15.0000  -45.0000 2116.2402   21.7607
    7.5000   15.0000  -45.0000 2088.0232   22.3603
   -7.5000   22.5000  -45.0000 2023.9310   23.6758
    0.0000   22.5000  -45.0000 2022.3694   23.7940
    7.5000   22.5000  -45.0000 1997.7853   24.4565
   -7.5000   30.0000  -45.0000 1916.4532   26.3596
    0.0000   30.0000  -45.0000 1908.5386   26.4775
    7.5000   30.0000  -45.0000 1891.2010   27.1762
   -7.5000   37.5000  -45.0000 1799.2441   29.8655
    0.0000   37.5000  -45.0000 1793.6119   29.9087
    7.5000   37.5000  -45.0000 1775.5698   30.7001
   -7.5000   45.0000  -45.0000 1676.8899   34.4370
    0.0000   45.0000  -45.0000 1673.0342   34.6697
    7.5000   45.0000  -45.0000 1653.1707   35.6257
   -7.5000  -45.0000  -37.5000 2328.8506   18.6940
    0.0000  -45.0000  -37.5000 2323.9404   18.9000
    7.5000  -45.0000  -37.5000 2294.1023   19.2621
   -7.5000  -37.5000  -37.5000 2381.7178   17.7348
    0.0000  -37.5000  -37.5000 2377.8523   17.8319
    7.5000  -37.5000  -37.5000 2343.3696   18.1800
   -7.5000  -30.0000  -37.5000 2414.2561   17.1364
    0.0000  -30.0000  -37.5000 2408.5100   17.2055
    7.5000  -30.0000  -37.5000 2375.7517   17.5161
   -7.5000  -22.5000  -37.5000 2434.8865   16.8422
    0.0000  -22.5000  -37.5000 2426.8618   16.8752
    7.5000  -22.5000  -37.5000 2395.7949   17.2330
   -7.5000  -15.0000  -37.5000 2433.9346   16.8449
    0.0000  -15.0000  -37.5000 2425.0217   16.8904
    7.5000  -15.0000  -37.5000 2388.4460   17.2331
   -7.5000   -7.5000  -37.5000 2414.1711   17.1192
    0.0000   -7.5000  -37.5000 2400.6406   17.1642
    7.5000   -7.5000  -37.5000 2369.8677   17.5515
   -7.5000    0.0000  -37.5000 2366.3735   17.7146
    0.0000    0.0000  -37.5000 2353.6956   17.7488
    7.5000    0.0000  -37.5000 2324.1709   18.1862
   -7.5000    7.5000  -37.5000 2302.0566   18.6140
    0.0000    7.5000  -37.5000 2295.5571   18.6687
    7.5000    7.5000  -37.5000 2264.9119   19.1257
   -7.5000   15.0000  -37.5000 2222.0872   19.9433
    0.0000   15.0000  -37.5000 2210.2749   19.9667
    7.5000   15.0000  -37.5000 2179.6118   20.4981
   -7.5000   22.5000  -37.5000 2124.7739   21.7406
    0.0000   22.5000  -37.5000 2110.4927   21.8039
    7.5000   22.5000  -37.5000 2083.3870   22.3398
   -7.5000   30.0000  -37.5000 2007.0931   24.1549
    0.0000   30.0000  -37.5000 1996.0637   24.1816
    7.5000   30.0000  -37.5000 1973.5930   24.7506
   -7.5000   37.5000  -37.5000 1884.3489   27.2290
    0.0000   37.5000  -37.5000 1877.8159   27.2614
    7.5000   37.5000  -37.5000 1857.7383   27.9070
   -7.5000   45.0000  -37.5000 1751.1046   31.3346
    0.0000   45.0000  -37.5000 1745.9556   31.4862
    7.5000   45.0000  -37.5000 1733.8746   32.3823
   -7.5000  -45.0000  -30.0000 2454.7952   18.1029
    0.0000  -45.0000  -30.0000 2446.0046   18.2882
    7.5000  -45.0000  -30.0000 2411.8284   18.6096
   -7.5000  -37.5000  -30.0000 2516.8538   17.0854
    0.0000  -37.5000  -30.0000 2510.5530   17.1848
    7.5000  -37.5000  -30.0000 2476.8694   17.4816
   -7.5000  -30.0000  -30.0000 2554.5737   16.4861
    0.0000  -30.0000  -30.0000 2547.0525   16.5720
    7.5000  -30.0000  -30.0000 2515.5410   16.8318
   -7.5000  -22.5000  -30.0000 2581.9524   16.1467
    0.0000  -22.5000  -30.0000 2574.4321   16.2498
    7.5000  -22.5000  -30.0000 2534.3992   16.4931
   -7.5000  -15.0000  -30.0000 2588.0159   16.1696
    0.0000  -15.0000  -30.0000 2574.0562   16.2506
    7.5000  -15.0000  -30.0000 2534.2205   16.5462
   -7.5000   -7.5000  -30.0000 2563.4534   16.4096
    0.0000   -7.5000  -30.0000 2549.2817   16.5032
    7.5000   -7.5000  -30.0000 2512.7776   16.8198
   -7.5000    0.0000  -30.0000 2514.5159   16.9370
    0.0000    0.0000  -30.0000 2502.1357   17.0446
    7.5000    0.0000  -30.0000 2467.9609   17.4011
   -7.5000    7.5000  -30.0000 2445.4666   17.7499
    0.0000    7.5000  -30.0000 2436.1594   17.8624
    7.5000    7.5000  -30.0000 2399.1575   18.2433
   -7.5000   15.0000  -30.0000 2357.6565   18.9947
    0.0000   15.0000  -30.0000 2347.8989   19.0574
    7.5000   15.0000  -30.0000 2309.9619   19.4789
   -7.5000   22.5000  -30.0000 2254.4509   20.6865
    0.0000   22.5000  -30.0000 2240.8220   20.7532
    7.5000   22.5000  -30.0000 2204.4583   21.1879
   -7.5000   30.0000  -30.0000 2127.8042   22.9700
    0.0000   30.0000  -30.0000 2116.9709   22.9481
    7.5000   30.0000  -30.0000 2085.3684   23.4116
   -7.5000   37.5000  -30.0000 2005.9592   25.8516
    0.0000   37.5000  -30.0000 1997.2369   25.9242
    7.5000   37.5000  -30.0000 1965.5850   26.4042
   -7.5000   45.0000  -30.0000 1853.4304   29.6926
    0.0000   45.0000  -30.0000 1851.2847   29.9036
    7.5000   45.0000  -30.0000 1834.8979   30.6552
   -7.5000  -45.0000  -22.5000 2554.0908   17.4133
    0.0000  -45.0000  -22.5000 2548.8892   17.5796
    7.5000  -45.0000  -22.5000 2509.3555   17.9047
   -7.5000  -37.5000  -22.5000 2631.6289   16.3317
    0.0000  -37.5000  -22.5000 2624.0012   16.4914
    7.5000  -37.5000  -22.5000 2582.2886   16.7551
   -7.5000  -30.0000  -22.5000 2674.0781   15.7531
    0.0000  -30.0000  -22.5000 2664.7815   15.8584
    7.5000  -30.0000  -22.5000 2630.6418   16.0366
   -7.5000  -22.5000  -22.5000 2702.2310   15.3950
    0.0000  -22.5000  -22.5000 2690.6565   15.5212
    7.5000  -22.5000  -22.5000 2650.2537   15.6926
   -7.5000  -15.0000  -22.5000 2711.1550   15.3979
    0.0000  -15.0000  -22.5000 2695.1917   15.5105
    7.5000  -15.0000  -22.5000 2651.2659   15.6984
   -7.5000   -7.5000  -22.5000 2687.3970   15.6183
    0.0000   -7.5000  -22.5000 2674.0654   15.7487
    7.5000   -7.5000  -22.5000 2632.9841   15.9681
   -7.5000    0.0000  -22.5000 2640.0957   16.1205
    0.0000    0.0000  -22.5000 2628.0989   16.2257
    7.5000    0.0000  -22.5000 2588.7249   16.5075
   -7.5000    7.5000  -22.5000 2565.4734   16.8615
    0.0000    7.5000  -22.5000 2556.5042   16.9937
    7.5000    7.5000  -22.5000 2517.1074   17.3280
   -7.5000   15.0000  -22.5000 2472.3601   18.0082
    0.0000   15.0000  -22.5000 2463.2310   18.0934
    7.5000   15.0000  -22.5000 2427.3826   18.5079
   -7.5000   22.5000  -22.5000 2366.8613   19.5990
    0.0000   22.5000  -22.5000 2356.5569   19.6446
    7.5000   22.5000  -22.5000 2318.3940   20.1060
   -7.5000   30.0000  -22.5000 2231.7676   21.6980
    0.0000   30.0000  -22.5000 2219.9202   21.6806
    7.5000   30.0000  -22.5000 2189.5095   22.2000
   -7.5000   37.5000  -22.5000 2100.7407   24.4532
    0.0000   37.5000  -22.5000 2088.8938   24.4890
    7.5000   37.5000  -22.5000 2062.1812   25.0654
   -7.5000   45.0000  -22.5000 1945.8336   28.1272
    0.0000   45.0000  -22.5000 1937.1039   28.2253
    7.5000   45.0000  -22.5000 1923.4010   28.9251
   -7.5000  -45.0000  -15.0000 2611.4553   16.6858
    0.0000  -45.0000  -15.0000 2611.3096   16.9188
    7.5000  -45.0000  -15.0000 2568.3823   17.2326
   -7.5000  -37.5000  -15.0000 2695.1882   15.6213
    0.0000  -37.5000  -15.0000 2691.5613   15.8054
    7.5000  -37.5000  -15.0000 2647.6201   16.0316
   -7.5000  -30.0000  -15.0000 2752.5610   14.9437
    0.0000  -30.0000  -15.0000 2744.1277   15.0377
    7.5000  -30.0000  -15.0000 2705.7834   15.1946
   -7.5000  -22.5000  -15.0000 2784.3213   14.5512
    0.0000  -22.5000  -15.0000 2774.2590   14.6602
    7.5000  -22.5000  -15.0000 2731.7913   14.7957
   -7.5000  -15.0000  -15.0000 2793.7393   14.5523
    0.0000  -15.0000  -15.0000 2781.6375   14.6444
    7.5000  -15.0000  -15.0000 2738.0901   14.8031
   -7.5000   -7.5000  -15.0000 2776.6602   14.7944
    0.0000   -7.5000  -15.0000 2765.2107   14.9192
    7.5000   -7.5000  -15.0000 2723.7493   15.0938
   -7.5000    0.0000  -15.0000 2734.2043   15.2864
    0.0000    0.0000  -15.0000 2720.4553   15.3927
    7.5000    0.0000  -15.0000 2678.6277   15.6360
   -7.5000    7.5000  -15.0000 2658.7666   16.0423
    0.0000    7.5000  -15.0000 2652.6797   16.1264
    7.5000    7.5000  -15.0000 2610.3936   16.4403
   -7.5000   15.0000  -15.0000 2557.4133   17.0822
    0.0000   15.0000  -15.0000 2554.1738   17.1629
    7.5000   15.0000  -15.0000 2513.8628   17.5651
   -7.5000   22.5000  -15.0000 2448.3875   18.5583
    0.0000   22.5000  -15.0000 2444.2507   18.6123
    7.5000   22.5000  -15.0000 2406.7085   19.0589
   -7.5000   30.0000  -15.0000 2308.0815   20.5312
    0.0000   30.0000  -15.0000 2301.4519   20.5915
    7.5000   30.0000  -15.0000 2268.0635   21.0570
   -7.5000   37.5000  -15.0000 2164.7917   23.1682
    0.0000   37.5000  -15.0000 2156.6238   23.2333
    7.5000   37.5000  -15.0000 2124.5085   23.7723
   -7.5000   45.0000  -15.0000 2004.4811   26.6082
    0.0000   45.0000  -15.0000 1996.6747   26.6795
    7.5000   45.0000  -15.0000 1975.2771   27.3512
   -7.5000  -45.0000   -7.5000 2648.5466   16.0586
    0.0000  -45.0000   -7.5000 2646.5781   16.2676
    7.5000  -45.0000   -7.5000 2604.5322   16.6037
   -7.5000  -37.5000   -7.5000 2737.5715   14.9675
    0.0000  -37.5000   -7.5000 2734.7024   15.1317
    7.5000  -37.5000   -7.5000 2686.3064   15.4055
   -7.5000  -30.0000   -7.5000 2809.1023   14.2018
    0.0000  -30.0000   -7.5000 2803.1987   14.3194
    7.5000  -30.0000   -7.5000 2752.8696   14.5304
   -7.5000  -22.5000   -7.5000 2849.1172   13.7203
    0.0000  -22.5000   -7.5000 2841.8333   13.8409
    7.5000  -22.5000   -7.5000 2793.8647   14.0586
   -7.5000  -15.0000   -7.5000 2861.1182   13.7032
    0.0000  -15.0000   -7.5000 2853.5698   13.8225
    7.5000  -15.0000   -7.5000 2808.7019   14.0226
   -7.5000   -7.5000   -7.5000 2842.3728   13.9845
    0.0000   -7.5000   -7.5000 2839.6602   14.0842
    7.5000   -7.5000   -7.5000 2797.2710   14.2862
   -7.5000    0.0000   -7.5000 2800.0813   14.4912
    0.0000    0.0000   -7.5000 2792.2683   14.5920
    7.5000    0.0000   -7.5000 2747.3999   14.8325
   -7.5000    7.5000   -7.5000 2727.4341   15.2073
    0.0000    7.5000   -7.5000 2726.1855   15.3110
    7.5000    7.5000   -7.5000 2676.2183   15.6280
   -7.5000   15.0000   -7.5000 2626.5618   16.2437
    0.0000   15.0000   -7.5000 2625.8396   16.3326
    7.5000   15.0000   -7.5000 2578.9026   16.7177
   -7.5000   22.5000   -7.5000 2514.4661   17.6538
    0.0000   22.5000   -7.5000 2511.3560   17.7211
    7.5000   22.5000   -7.5000 2469.7522   18.1707
   -7.5000   30.0000   -7.5000 2369.2505   19.5489
    0.0000   30.0000   -7.5000 2363.6941   19.6270
    7.5000   30.0000   -7.5000 2325.8911   20.0910
   -7.5000   37.5000   -7.5000 2213.4294   22.0331
    0.0000   37.5000   -7.5000 2210.4504   22.1109
    7.5000   37.5000   -7.5000 2174.0798   22.6485
   -7.5000   45.0000   -7.5000 2040.7977   25.2434
    0.0000   45.0000   -7.5000 2037.4642   25.3620
    7.5000   45.0000   -7.5000 2014.7488   25.9884
   -7.5000  -45.0000    0.0000 2664.7690   15.6877
    0.0000  -45.0000    0.0000 2650.1865   15.7860
    7.5000  -45.0000    0.0000 2615.0906   16.2075
   -7.5000  -37.5000    0.0000 2766.3823   14.6111
    0.0000  -37.5000    0.0000 2751.6311   14.7096
    7.5000  -37.5000    0.0000 2709.9036   15.0388
   -7.5000  -30.0000    0.0000 2843.3792   13.7979
    0.0000  -30.0000    0.0000 2835.3513   13.9077
    7.5000  -30.0000    0.0000 2783.7007   14.1778
   -7.5000  -22.5000    0.0000 2886.4937   13.2112
    0.0000  -22.5000    0.0000 2877.9404   13.3134
    7.5000  -22.5000    0.0000 2833.2527   13.6379
   -7.5000  -15.0000    0.0000 2904.6389   13.0748
    0.0000  -15.0000    0.0000 2892.8047   13.1937
    7.5000  -15.0000    0.0000 2853.2734   13.5355
   -7.5000   -7.5000    0.0000 2889.1819   13.3464
    0.0000   -7.5000    0.0000 2885.4702   13.4378
    7.5000   -7.5000    0.0000 2844.9121   13.7399
   -7.5000    0.0000    0.0000 2845.9978   13.8462
    0.0000    0.0000    0.0000 2843.6494   13.9596
    7.5000    0.0000    0.0000 2799.7590   14.2660
   -7.5000    7.5000    0.0000 2772.4487   14.5343
    0.0000    7.5000    0.0000 2773.3572   14.6952
    7.5000    7.5000    0.0000 2727.3455   15.0552
   -7.5000   15.0000    0.0000 2669.9888   15.6043
    0.0000   15.0000    0.0000 2670.6077   15.7042
    7.5000   15.0000    0.0000 2626.8367   16.1440
   -7.5000   22.5000    0.0000 2553.1616   17.0640
    0.0000   22.5000    0.0000 2549.4224   17.1313
    7.5000   22.5000    0.0000 2512.3560   17.5895
   -7.5000   30.0000    0.0000 2412.7717   18.9366
    0.0000   30.0000    0.0000 2402.9756   19.0055
    7.5000   30.0000    0.0000 2367.1536   19.4921
   -7.5000   37.5000    0.0000 2249.3408   21.3273
    0.0000   37.5000    0.0000 2246.5952   21.3660
    7.5000   37.5000    0.0000 2213.4861   21.9478
   -7.5000   45.0000    0.0000 2066.8416   24.3934
    0.0000   45.0000    0.0000 2062.6353   24.5074
    7.5000   45.0000    0.0000 2040.1896   25.1091
   -7.5000  -45.0000    7.5000 2669.4485   15.5584
    0.0000  -45.0000    7.5000 2645.7322   15.5580
    7.5000  -45.0000    7.5000 2610.9795   16.0133
   -7.5000  -37.5000    7.5000 2779.6077   14.5029
    0.0000  -37.5000    7.5000 2757.9978   14.4935
    7.5000  -37.5000    7.5000 2721.2200   14.8720
   -7.5000  -30.0000    7.5000 2864.4851   13.7545
    0.0000  -30.0000    7.5000 2849.9656   13.7849
    7.5000  -30.0000    7.5000 2805.5339   14.0975
   -7.5000  -22.5000    7.5000 2911.3474   13.1442
    0.0000  -22.5000    7.5000 2906.6409   13.2275
    7.5000  -22.5000    7.5000 2863.9216   13.5692
   -7.5000  -15.0000    7.5000 2930.4248   12.8527
    0.0000  -15.0000    7.5000 2914.5220   12.9599
    7.5000  -15.0000    7.5000 2872.7888   13.4008
   -7.5000   -7.5000    7.5000 2915.5938   12.9568
    0.0000   -7.5000    7.5000 2909.7942   13.0392
    7.5000   -7.5000    7.5000 2867.0171   13.4666
   -7.5000    0.0000    7.5000 2866.0100   13.4141
    0.0000    0.0000    7.5000 2869.9565   13.5104
    7.5000    0.0000    7.5000 2827.0608   13.9122
   -7.5000    7.5000    7.5000 2794.1211   14.2103
    0.0000    7.5000    7.5000 2795.6711   14.3007
    7.5000    7.5000    7.5000 2752.7310   14.6848
   -7.5000   15.0000    7.5000 2694.2017   15.3588
    0.0000   15.0000    7.5000 2693.2156   15.4078
    7.5000   15.0000    7.5000 2650.0085   15.7719
   -7.5000   22.5000    7.5000 2579.6160   16.8905
    0.0000   22.5000    7.5000 2571.8635   16.8696
    7.5000   22.5000    7.5000 2536.6672   17.2356
   -7.5000   30.0000    7.5000 2436.6069   18.7726
    0.0000   30.0000    7.5000 2430.5420   18.7101
    7.5000   30.0000    7.5000 2392.1968   19.1074
   -7.5000   37.5000    7.5000 2272.9087   21.1213
    0.0000   37.5000    7.5000 2266.3579   21.0646
    7.5000   37.5000    7.5000 2236.7522   21.5497
   -7.5000   45.0000    7.5000 2087.7688   24.0770
    0.0000   45.0000    7.5000 2081.2551   24.0673
    7.5000   45.0000    7.5000 2058.1675   24.6476
   -7.5000  -45.0000   15.0000 2650.9050   15.6596
    0.0000  -45.0000   15.0000 2630.8860   15.5912
    7.5000  -45.0000   15.0000 2599.1082   16.0548
   -7.5000  -37.5000   15.0000 2766.4595   14.6060
    0.0000  -37.5000   15.0000 2745.3872   14.5371
    7.5000  -37.5000   15.0000 2715.6426   14.9644
   -7.5000  -30.0000   15.0000 2854.4900   13.9621
    0.0000  -30.0000   15.0000 2840.6367   13.9244
    7.5000  -30.0000   15.0000 2806.3193   14.2561
   -7.5000  -22.5000   15.0000 2919.4211   13.4550
    0.0000  -22.5000   15.0000 2915.3406   13.5322
    7.5000  -22.5000   15.0000 2870.0627   13.7453
   -7.5000  -15.0000   15.0000 2934.3152   13.0152
    0.0000  -15.0000   15.0000 2925.2695   13.1201
    7.5000  -15.0000   15.0000 2887.1113   13.4896
   -7.5000   -7.5000   15.0000 2911.6982   12.9177
    0.0000   -7.5000   15.0000 2905.7197   12.9712
    7.5000   -7.5000   15.0000 2869.2571   13.4487
   -7.5000    0.0000   15.0000 2872.9661   13.3654
    0.0000    0.0000   15.0000 2866.0107   13.3889
    7.5000    0.0000   15.0000 2827.2048   13.7787
   -7.5000    7.5000   15.0000 2799.3171   14.2091
    0.0000    7.5000   15.0000 2795.7444   14.2221
    7.5000    7.5000   15.0000 2754.3000   14.5475
   -7.5000   15.0000   15.0000 2697.5405   15.3607
    0.0000   15.0000   15.0000 2697.7339   15.3889
    7.5000   15.0000   15.0000 2650.3096   15.6643
   -7.5000   22.5000   15.0000 2574.1680   16.9112
    0.0000   22.5000   15.0000 2574.2583   16.8856
    7.5000   22.5000   15.0000 2533.5352   17.1701
   -7.5000   30.0000   15.0000 2437.4653   18.7702
    0.0000   30.0000   15.0000 2433.4810   18.7265
    7.5000   30.0000   15.0000 2390.3765   19.0305
   -7.5000   37.5000   15.0000 2274.4995   21.0532
    0.0000   37.5000   15.0000 2269.9846   21.0503
    7.5000   37.5000   15.0000 2237.6252   21.4031
   -7.5000   45.0000   15.0000 2088.3264   23.9657
    0.0000   45.0000   15.0000 2084.6414   24.0028
    7.5000   45.0000   15.0000 2060.9373   24.4099
   -7.5000  -45.0000   22.5000 2612.6431   16.0498
    0.0000  -45.0000   22.5000 2596.6614   15.9888
    7.5000  -45.0000   22.5000 2564.5139   16.4148
   -7.5000  -37.5000   22.5000 2732.2988   14.9527
    0.0000  -37.5000   22.5000 2716.0444   14.9153
    7.5000  -37.5000   22.5000 2682.6846   15.2861
   -7.5000  -30.0000   22.5000 2826.9697   14.2622
    0.0000  -30.0000   22.5000 2817.1167   14.2496
    7.5000  -30.0000   22.5000 2775.1699   14.5484
   -7.5000  -22.5000   22.5000 2896.8496   13.7616
    0.0000  -22.5000   22.5000 2887.3142   13.8228
    7.5000  -22.5000   22.5000 2843.1523   14.0513
   -7.5000  -15.0000   22.5000 2912.2805   13.3383
    0.0000  -15.0000   22.5000 2904.2937   13.4177
    7.5000  -15.0000   22.5000 2867.5562   13.7852
   -7.5000   -7.5000   22.5000 2897.5388   13.3349
    0.0000   -7.5000   22.5000 2894.6196   13.3889
    7.5000   -7.5000   22.5000 2851.6099   13.7831
   -7.5000    0.0000   22.5000 2856.7830   13.7263
    0.0000    0.0000   22.5000 2856.0159   13.7606
    7.5000    0.0000   22.5000 2809.8503   14.0562
   -7.5000    7.5000   22.5000 2780.2114   14.4910
    0.0000    7.5000   22.5000 2775.0896   14.4903
    7.5000    7.5000   22.5000 2735.5222   14.7727
   -7.5000   15.0000   22.5000 2671.3154   15.5980
    0.0000   15.0000   22.5000 2671.9043   15.5878
    7.5000   15.0000   22.5000 2629.9324   15.8945
   -7.5000   22.5000   22.5000 2554.2034   17.0604
    0.0000   22.5000   22.5000 2554.4614   17.0327
    7.5000   22.5000   22.5000 2514.9912   17.3539
   -7.5000   30.0000   22.5000 2414.2734   18.9162
    0.0000   30.0000   22.5000 2412.0408   18.8714
    7.5000   30.0000   22.5000 2375.1802   19.2189
   -7.5000   37.5000   22.5000 2255.2112   21.2195
    0.0000   37.5000   22.5000 2252.5962   21.1845
    7.5000   37.5000   22.5000 2225.6370   21.5304
   -7.5000   45.0000   22.5000 2078.1089   24.1605
    0.0000   45.0000   22.5000 2071.7490   24.1441
    7.5000   45.0000   22.5000 2053.7283   24.5489
   -7.5000  -45.0000   30.0000 2560.2041   16.6630
    0.0000  -45.0000   30.0000 2546.8735   16.5751
    7.5000  -45.0000   30.0000 2515.7346   17.0058
   -7.5000  -37.5000   30.0000 2673.2661   15.4731
    0.0000  -37.5000   30.0000 2664.7751   15.4268
    7.5000  -37.5000   30.0000 2632.6350   15.8217
   -7.5000  -30.0000   30.0000 2762.9548   14.7181
    0.0000  -30.0000   30.0000 2760.3259   14.6919
    7.5000  -30.0000   30.0000 2725.2354   15.0290
   -7.5000  -22.5000   30.0000 2832.3445   14.1180
    0.0000  -22.5000   30.0000 2826.1565   14.1656
    7.5000  -22.5000   30.0000 2791.0645   14.5289
   -7.5000  -15.0000   30.0000 2853.8923   13.7008
    0.0000  -15.0000   30.0000 2844.4348   13.7465
    7.5000  -15.0000   30.0000 2816.8584   14.1951
   -7.5000   -7.5000   30.0000 2852.1941   13.8356
    0.0000   -7.5000   30.0000 2849.0942   13.8593
    7.5000   -7.5000   30.0000 2808.5869   14.2041
   -7.5000    0.0000   30.0000 2810.0544   14.2770
    0.0000    0.0000   30.0000 2810.0845   14.2936
    7.5000    0.0000   30.0000 2767.6709   14.5840
   -7.5000    7.5000   30.0000 2733.9099   15.0532
    0.0000    7.5000   30.0000 2732.3884   15.0611
    7.5000    7.5000   30.0000 2695.2146   15.3456
   -7.5000   15.0000   30.0000 2628.7056   16.1194
    0.0000   15.0000   30.0000 2630.6755   16.1001
    7.5000   15.0000   30.0000 2587.7954   16.3999
   -7.5000   22.5000   30.0000 2510.9680   17.5222
    0.0000   22.5000   30.0000 2511.6304   17.4964
    7.5000   22.5000   30.0000 2467.7742   17.7974
   -7.5000   30.0000   30.0000 2370.7454   19.3242
    0.0000   30.0000   30.0000 2374.7224   19.3122
    7.5000   30.0000   30.0000 2340.4436   19.6224
   -7.5000   37.5000   30.0000 2213.8311   21.5901
    0.0000   37.5000   30.0000 2211.4478   21.5504
    7.5000   37.5000   30.0000 2196.5122   21.9188
   -7.5000   45.0000   30.0000 2047.1127   24.5497
    0.0000   45.0000   30.0000 2046.4747   24.4890
    7.5000   45.0000   30.0000 2026.0493   24.8996
   -7.5000  -45.0000   37.5000 2499.8838   17.4496
    0.0000  -45.0000   37.5000 2493.5452   17.3676
    7.5000  -45.0000   37.5000 2460.4172   17.8348
   -7.5000  -37.5000   37.5000 2606.6558   16.2035
    0.0000  -37.5000   37.5000 2599.9561   16.1568
    7.5000  -37.5000   37.5000 2565.3010   16.5820
   -7.5000  -30.0000   37.5000 2694.6509   15.3542
    0.0000  -30.0000   37.5000 2692.1838   15.3453
    7.5000  -30.0000   37.5000 2655.1382   15.7669
   -7.5000  -22.5000   37.5000 2755.3872   14.6837
    0.0000  -22.5000   37.5000 2750.1858   14.7222
    7.5000  -22.5000   37.5000 2716.8716   15.1852
   -7.5000  -15.0000   37.5000 2778.7939   14.3830
    0.0000  -15.0000   37.5000 2771.1025   14.3966
    7.5000  -15.0000   37.5000 2744.2090   14.8276
   -7.5000   -7.5000   37.5000 2777.5027   14.5651
    0.0000   -7.5000   37.5000 2768.5779   14.5459
    7.5000   -7.5000   37.5000 2732.8413   14.9032
   -7.5000    0.0000   37.5000 2729.0591   14.9836
    0.0000    0.0000   37.5000 2726.3015   14.9860
    7.5000    0.0000   37.5000 2690.3325   15.3133
   -7.5000    7.5000   37.5000 2661.9009   15.7061
    0.0000    7.5000   37.5000 2661.6216   15.6882
    7.5000    7.5000   37.5000 2631.1936   16.0171
   -7.5000   15.0000   37.5000 2568.5295   16.7986
    0.0000   15.0000   37.5000 2570.0510   16.7529
    7.5000   15.0000   37.5000 2535.1360   17.0861
   -7.5000   22.5000   37.5000 2457.9810   18.2237
    0.0000   22.5000   37.5000 2462.2329   18.1625
    7.5000   22.5000   37.5000 2422.6448   18.5013
   -7.5000   30.0000   37.5000 2320.7344   19.9970
    0.0000   30.0000   37.5000 2322.2100   19.9755
    7.5000   30.0000   37.5000 2295.1858   20.3266
   -7.5000   37.5000   37.5000 2165.7886   22.2231
    0.0000   37.5000   37.5000 2165.1082   22.2522
    7.5000   37.5000   37.5000 2150.3848   22.6442
   -7.5000   45.0000   37.5000 2010.7922   25.1248
    0.0000   45.0000   37.5000 2009.0236   25.1089
    7.5000   45.0000   37.5000 1988.2032   25.6371
   -7.5000  -45.0000   45.0000 2433.6897   18.4678
    0.0000  -45.0000   45.0000 2436.1494   18.3748
    7.5000  -45.0000   45.0000 2396.9895   18.8757
   -7.5000  -37.5000   45.0000 2537.9631   17.1483
    0.0000  -37.5000   45.0000 2539.5508   17.1021
    7.5000  -37.5000   45.0000 2497.6331   17.5971
   -7.5000  -30.0000   45.0000 2618.8103   16.2326
    0.0000  -30.0000   45.0000 2621.2300   16.2148
    7.5000  -30.0000   45.0000 2578.9531   16.6961
   -7.5000  -22.5000   45.0000 2667.9517   15.5302
    0.0000  -22.5000   45.0000 2669.8193   15.5573
    7.5000  -22.5000   45.0000 2634.0312   16.0268
   -7.5000  -15.0000   45.0000 2689.1311   15.2809
    0.0000  -15.0000   45.0000 2689.3325   15.2798
    7.5000  -15.0000   45.0000 2654.7698   15.6719
   -7.5000   -7.5000   45.0000 2683.0706   15.4366
    0.0000   -7.5000   45.0000 2679.4849   15.3988
    7.5000   -7.5000   45.0000 2641.2058   15.7476
   -7.5000    0.0000   45.0000 2638.7505   15.8532
    0.0000    0.0000   45.0000 2636.3601   15.8477
    7.5000    0.0000   45.0000 2604.6938   16.1991
   -7.5000    7.5000   45.0000 2576.8550   16.5648
    0.0000    7.5000   45.0000 2576.2256   16.5270
    7.5000    7.5000   45.0000 2547.3496   16.8894
   -7.5000   15.0000   45.0000 2494.1685   17.6436
    0.0000   15.0000   45.0000 2498.2522   17.5594
    7.5000   15.0000   45.0000 2463.9617   17.9569
   -7.5000   22.5000   45.0000 2394.9553   19.0896
    0.0000   22.5000   45.0000 2399.5657   19.0067
    7.5000   22.5000   45.0000 2360.2742   19.3948
   -7.5000   30.0000   45.0000 2261.8091   20.9212
    0.0000   30.0000   45.0000 2260.1331   20.8518
    7.5000   30.0000   45.0000 2230.7278   21.2405
   -7.5000   37.5000   45.0000 2113.6406   23.2107
    0.0000   37.5000   45.0000 2108.2881   23.2255
    7.5000   37.5000   45.0000 2096.6609   23.6105
   -7.5000   45.0000   45.0000 1969.0261   26.1946
    0.0000   45.0000   45.0000 1962.4470   26.2127
    7.5000   45.0000   45.0000 1950.2302   26.6768

---------------------------------------------------------------------
imgreg_4dfp /opt/freesurfer/average/711-2C_as_mni_average_305 /opt/freesurfer/average/711-2B_as_mni_average_305_mask talsrcimg_g11 none talsrcimg_to_711-2C_as_mni_average_305_t4 1283
---------------------------------------------------------------------

freesurfer imgreg_4dfp.c
/opt/freesurfer/average/711-2C_as_mni_average_305.4dfp.img
       256       256       256         1
  1.000000  1.000000  1.000000
orientation T byte_order littleendian
Reading image: /opt/freesurfer/average/711-2C_as_mni_average_305.4dfp.img
dimensions:      256       256       256
mmppix:       1.0000   -1.0000   -1.0000
center:     128.0000 -129.0000 -129.0000
/opt/freesurfer/average/711-2B_as_mni_average_305_mask.4dfp.img
       256       256       256         1
  1.000000  1.000000  1.000000
orientation T byte_order littleendian
Reading mask: /opt/freesurfer/average/711-2B_as_mni_average_305_mask.4dfp.img (2306576 pixels)
talsrcimg_g11.4dfp.img
       256       256       256         1
  1.000000  1.000000  1.000000
orientation T byte_order littleendian
Reading image: talsrcimg_g11.4dfp.img
dimensions:      256       256       256
mmppix:       1.0000   -1.0000   -1.0000
center:     128.0000 -129.0000 -129.0000
rotation matrix determinant  1.000000
fimgreg.f
image alignment mode   1283 decimal      503 hex
parameters
   -7.5000  -15.0000   15.0000    0.0000    0.0000    0.0000
eta,q 0.92107 13.03642
niter,ni,del,rscale     5    3   12.0000    1.2000
parameter  2 -2.086249 ->  0.500000 qaram    1.1500
parameter  4  1.584692 ->  0.500000 qaram    1.1500
parameter  6 -1.427782 -> -0.500000 qaram    1.1500
parameters
   -4.5895  -18.4500   16.4166   -3.4500   -0.6581    3.4500
eta,q 0.92676 13.20560
  0.0914  0.0810  0.0876  0.0745  0.0784  0.0856
  0.0882  0.0801  0.0861  0.0757  0.0774  0.0822
  0.0861  0.0815  0.0827  0.0771  0.0767  0.0791
  0.0842  0.0841  0.0800  0.0783  0.0760  0.0763
  0.0839  0.0865  0.0784  0.0804  0.0767  0.0742
  0.0846  0.0863  0.0801  0.0832  0.0781  0.0730
  0.0843  0.0856  0.0842  0.0861  0.0799  0.0720
niter,ni,del,rscale     7    3   12.0000    1.2000
parameter  4  1.797041 ->  0.500000 qaram    1.3225
parameter  6 -1.641908 -> -0.500000 qaram    1.3225
parameters
   -3.4768  -15.0589   16.2669   -7.4175   -1.5550    7.4175
eta,q 0.93997 13.00818
  0.0861  0.0900  0.0805  0.0653  0.0697  0.0790
  0.0809  0.0818  0.0776  0.0656  0.0678  0.0749
  0.0759  0.0770  0.0737  0.0678  0.0662  0.0702
  0.0732  0.0732  0.0711  0.0712  0.0661  0.0659
  0.0739  0.0713  0.0724  0.0758  0.0675  0.0620
  0.0762  0.0715  0.0768  0.0800  0.0695  0.0595
  0.0794  0.0732  0.0831  0.0829  0.0728  0.0591
niter,ni,del,rscale     7    3   12.0000    1.2000
parameters
   -3.3292  -14.5726   15.3316  -10.8508   -2.4893    8.7639
eta,q 0.94181 13.00611
  0.0718  0.0783  0.0691  0.0623  0.0632  0.0706
  0.0657  0.0694  0.0638  0.0601  0.0598  0.0654
  0.0621  0.0625  0.0604  0.0588  0.0587  0.0615
  0.0600  0.0600  0.0602  0.0597  0.0590  0.0587
  0.0614  0.0627  0.0645  0.0653  0.0607  0.0583
  0.0649  0.0681  0.0694  0.0715  0.0627  0.0607
  0.0709  0.0726  0.0749  0.0767  0.0657  0.0652
niter,ni,del,rscale     6    3   12.0000    1.2000
parameters
   -3.0544  -14.2990   13.9432  -12.4631   -2.7813    8.9884
eta,q 0.94312 12.97067
  0.0710  0.0756  0.0644  0.0616  0.0633  0.0658
  0.0644  0.0660  0.0592  0.0596  0.0595  0.0615
  0.0601  0.0593  0.0563  0.0579  0.0573  0.0584
  0.0582  0.0581  0.0583  0.0564  0.0570  0.0569
  0.0590  0.0605  0.0625  0.0586  0.0579  0.0580
  0.0620  0.0658  0.0663  0.0635  0.0606  0.0609
  0.0695  0.0715  0.0712  0.0699  0.0645  0.0649
niter,ni,del,rscale     5    3   12.0000    1.2000
parameters
   -2.8579  -14.2988   13.2212  -13.0864   -2.9554    9.2518
eta,q 0.94319 12.95675
  0.0705  0.0725  0.0653  0.0626  0.0634  0.0650
  0.0637  0.0639  0.0605  0.0598  0.0597  0.0612
  0.0588  0.0580  0.0570  0.0585  0.0573  0.0582
  0.0569  0.0568  0.0568  0.0564  0.0568  0.0568
  0.0575  0.0591  0.0603  0.0571  0.0577  0.0578
  0.0617  0.0648  0.0645  0.0607  0.0604  0.0604
  0.0695  0.0716  0.0689  0.0663  0.0641  0.0641
niter,ni,del,rscale     4    3   12.0000    1.2000
parameters
   -2.7082  -14.3118   12.8065  -13.3299   -3.0407    9.4422
eta,q 0.94312 12.94778
  0.0706  0.0721  0.0658  0.0630  0.0634  0.0647
  0.0637  0.0636  0.0612  0.0599  0.0600  0.0610
  0.0585  0.0577  0.0577  0.0585  0.0575  0.0581
  0.0568  0.0568  0.0568  0.0567  0.0569  0.0569
  0.0573  0.0590  0.0593  0.0567  0.0576  0.0579
  0.0622  0.0644  0.0635  0.0600  0.0602  0.0604
  0.0699  0.0713  0.0679  0.0649  0.0638  0.0641
niter,ni,del,rscale     3    3   12.0000    1.2000
parameters
   -2.6210  -14.3372   12.5932  -13.4280   -3.0790    9.5668
eta,q 0.94307 12.94420
  0.0707  0.0720  0.0660  0.0632  0.0635  0.0646
  0.0636  0.0635  0.0618  0.0600  0.0601  0.0609
  0.0584  0.0577  0.0582  0.0585  0.0576  0.0580
  0.0569  0.0569  0.0568  0.0569  0.0569  0.0569
  0.0574  0.0592  0.0588  0.0567  0.0576  0.0580
  0.0626  0.0644  0.0629  0.0599  0.0600  0.0604
  0.0704  0.0712  0.0672  0.0644  0.0638  0.0642
niter,ni,del,rscale     2    3   12.0000    1.2000
parameters
   -2.5705  -14.3488   12.4862  -13.4632   -3.0985    9.6410
eta,q 0.94304 12.94274
  0.0707  0.0722  0.0662  0.0633  0.0635  0.0645
  0.0635  0.0635  0.0622  0.0600  0.0602  0.0609
  0.0584  0.0578  0.0585  0.0585  0.0576  0.0580
  0.0569  0.0569  0.0569  0.0569  0.0570  0.0570
  0.0575  0.0594  0.0586  0.0568  0.0576  0.0580
  0.0629  0.0645  0.0626  0.0598  0.0600  0.0605
  0.0707  0.0711  0.0669  0.0643  0.0638  0.0643
niter,ni,del,rscale     1    3   12.0000    1.2000
parameters
   -2.5454  -14.3572   12.4388  -13.4667   -3.1105    9.6742
eta,q 0.94304 12.94205
  0.0707  0.0722  0.0662  0.0634  0.0635  0.0644
  0.0635  0.0635  0.0624  0.0600  0.0602  0.0608
  0.0583  0.0578  0.0586  0.0585  0.0576  0.0579
  0.0570  0.0570  0.0569  0.0570  0.0570  0.0570
  0.0576  0.0594  0.0584  0.0568  0.0576  0.0580
  0.0631  0.0645  0.0624  0.0597  0.0599  0.0605
  0.0709  0.0711  0.0667  0.0642  0.0637  0.0644
registration optimization eta report
parameter search radius
    6.0000    6.9000    6.0000    7.9350    6.0000    7.9350
100000*second partial in parameter space
       39.       31.       26.       11.       19.       12.
  0.0707  0.0722  0.0662  0.0634  0.0635  0.0644
  0.0635  0.0635  0.0624  0.0600  0.0602  0.0608
  0.0583  0.0578  0.0586  0.0585  0.0576  0.0579
  0.0570  0.0570  0.0569  0.0570  0.0570  0.0570
  0.0576  0.0594  0.0584  0.0568  0.0576  0.0580
  0.0631  0.0645  0.0624  0.0597  0.0599  0.0605
  0.0709  0.0711  0.0667  0.0642  0.0637  0.0644
   -2.5454  -14.3572   12.4388  -13.4667   -3.1105    9.6742
eta,q 0.94304 12.94205

---------------------------------------------------------------------
imgreg_4dfp /opt/freesurfer/average/711-2C_as_mni_average_305 /opt/freesurfer/average/711-2B_as_mni_average_305_mask talsrcimg_g11 none talsrcimg_to_711-2C_as_mni_average_305_t4 3335
---------------------------------------------------------------------

freesurfer imgreg_4dfp.c
/opt/freesurfer/average/711-2C_as_mni_average_305.4dfp.img
       256       256       256         1
  1.000000  1.000000  1.000000
orientation T byte_order littleendian
Reading image: /opt/freesurfer/average/711-2C_as_mni_average_305.4dfp.img
dimensions:      256       256       256
mmppix:       1.0000   -1.0000   -1.0000
center:     128.0000 -129.0000 -129.0000
/opt/freesurfer/average/711-2B_as_mni_average_305_mask.4dfp.img
       256       256       256         1
  1.000000  1.000000  1.000000
orientation T byte_order littleendian
Reading mask: /opt/freesurfer/average/711-2B_as_mni_average_305_mask.4dfp.img (2306576 pixels)
talsrcimg_g11.4dfp.img
       256       256       256         1
  1.000000  1.000000  1.000000
orientation T byte_order littleendian
Reading image: talsrcimg_g11.4dfp.img
dimensions:      256       256       256
mmppix:       1.0000   -1.0000   -1.0000
center:     128.0000 -129.0000 -129.0000
fimgreg.f
image alignment mode   3335 decimal      D07 hex
parameters
   -2.5454  -14.3572   12.4388   -1.5673   -4.3448   -2.8927
  -17.5882    1.2885   16.7798   23.8436   -5.4261  -23.2537
eta,q 0.94126 13.18817
niter,ni,del,rscale     5    3    5.0000    1.2000
parameter  3 -0.536704 -> -0.500000 qaram    1.1500
parameter  4 11.354388 ->  0.500000 qaram    1.1500
parameter  5  2.038426 ->  0.500000 qaram    1.1500
parameter  6  0.730494 ->  0.500000 qaram    1.1500
parameter 10  0.704105 ->  0.500000 qaram    1.1500
parameters
   -2.5913  -14.2179   13.8188   -5.7073   -8.4848   -7.0327
  -14.1521    1.9840   14.0061   19.7036   -4.8145  -21.6548
eta,q 0.96028 12.99192
  0.0602  0.0610  0.0618  0.0468  0.0415  0.0416  0.0479  0.0461  0.0415  0.0398  0.0410  0.0421
  0.0594  0.0598  0.0605  0.0493  0.0432  0.0417  0.0453  0.0436  0.0410  0.0397  0.0403  0.0407
  0.0589  0.0590  0.0595  0.0531  0.0461  0.0421  0.0431  0.0419  0.0408  0.0400  0.0399  0.0400
  0.0587  0.0587  0.0587  0.0582  0.0502  0.0439  0.0417  0.0411  0.0411  0.0408  0.0397  0.0397
  0.0589  0.0589  0.0583  0.0634  0.0553  0.0473  0.0411  0.0414  0.0418  0.0421  0.0398  0.0398
  0.0594  0.0596  0.0582  0.0674  0.0604  0.0519  0.0413  0.0425  0.0429  0.0439  0.0401  0.0400
  0.0604  0.0605  0.0587  0.0707  0.0651  0.0569  0.0419  0.0445  0.0443  0.0463  0.0407  0.0404
niter,ni,del,rscale     7    3    5.0000    1.2000
parameter  2 -0.780196 -> -0.500000 qaram    1.1500
parameter  3  0.696550 ->  0.500000 qaram    1.3225
parameter  4  0.734071 ->  0.500000 qaram    1.3225
parameter  5  0.892305 ->  0.500000 qaram    1.3225
parameter  6  0.515727 ->  0.500000 qaram    1.3225
parameter 12  0.838291 ->  0.500000 qaram    1.1500
parameters
   -3.0905  -12.8379   12.2318  -10.4683  -13.2458  -11.7937
  -13.8573    0.8996   15.6798   21.5497   -4.9327  -25.7948
eta,q 0.96913 12.43668
  0.0416  0.0446  0.0378  0.0349  0.0319  0.0319  0.0342  0.0337  0.0333  0.0349  0.0322  0.0309
  0.0402  0.0425  0.0375  0.0350  0.0323  0.0318  0.0328  0.0326  0.0326  0.0334  0.0319  0.0308
  0.0396  0.0408  0.0377  0.0357  0.0331  0.0321  0.0321  0.0319  0.0321  0.0323  0.0316  0.0310
  0.0397  0.0396  0.0384  0.0375  0.0351  0.0324  0.0318  0.0318  0.0318  0.0317  0.0316  0.0316
  0.0406  0.0387  0.0394  0.0411  0.0386  0.0336  0.0321  0.0326  0.0317  0.0316  0.0317  0.0323
  0.0420  0.0383  0.0407  0.0466  0.0430  0.0366  0.0327  0.0337  0.0319  0.0320  0.0319  0.0332
  0.0440  0.0385  0.0423  0.0521  0.0473  0.0408  0.0337  0.0349  0.0324  0.0330  0.0322  0.0343
niter,ni,del,rscale     7    3    5.0000    1.2000
parameter  2 -0.989275 -> -0.500000 qaram    1.3225
parameter 10 -0.854454 -> -0.500000 qaram    1.3225
parameter 12  0.647461 ->  0.500000 qaram    1.3225
parameters
   -3.5151  -11.2509   11.3527  -13.9389  -17.9981  -14.4738
  -14.3411   -0.3555   15.6539   26.3107   -5.2500  -30.5558
eta,q 0.97482 12.05014
  0.0325  0.0370  0.0299  0.0297  0.0285  0.0287  0.0295  0.0292  0.0285  0.0326  0.0265  0.0256
  0.0315  0.0346  0.0293  0.0289  0.0278  0.0278  0.0283  0.0281  0.0279  0.0306  0.0261  0.0252
  0.0309  0.0325  0.0289  0.0286  0.0278  0.0274  0.0275  0.0274  0.0274  0.0288  0.0259  0.0253
  0.0309  0.0308  0.0290  0.0289  0.0287  0.0277  0.0274  0.0274  0.0273  0.0273  0.0259  0.0259
  0.0315  0.0296  0.0296  0.0301  0.0308  0.0284  0.0279  0.0281  0.0275  0.0263  0.0260  0.0268
  0.0327  0.0289  0.0307  0.0326  0.0348  0.0295  0.0288  0.0294  0.0279  0.0258  0.0263  0.0279
  0.0345  0.0288  0.0322  0.0376  0.0395  0.0327  0.0300  0.0311  0.0285  0.0260  0.0266  0.0291
niter,ni,del,rscale     7    3    5.0000    1.2000
parameter  2 -0.671367 -> -0.500000 qaram    1.5209
parameter 10 -0.511313 -> -0.500000 qaram    1.5209
parameter 12  0.581713 ->  0.500000 qaram    1.5209
parameters
   -3.8454   -9.4259   10.1138  -15.4408  -20.8339  -15.2079
  -14.3073   -1.1075   15.1413   31.7859   -5.0144  -36.0310
eta,q 0.97892 12.04367
  0.0273  0.0328  0.0242  0.0251  0.0249  0.0260  0.0256  0.0257  0.0244  0.0302  0.0225  0.0216
  0.0260  0.0296  0.0235  0.0240  0.0237  0.0243  0.0242  0.0241  0.0236  0.0274  0.0221  0.0211
  0.0253  0.0270  0.0233  0.0234  0.0231  0.0233  0.0234  0.0232  0.0231  0.0249  0.0218  0.0212
  0.0252  0.0251  0.0237  0.0233  0.0233  0.0231  0.0231  0.0231  0.0230  0.0230  0.0218  0.0218
  0.0258  0.0240  0.0246  0.0237  0.0244  0.0237  0.0234  0.0237  0.0233  0.0219  0.0219  0.0229
  0.0270  0.0237  0.0261  0.0249  0.0270  0.0246  0.0243  0.0251  0.0239  0.0219  0.0220  0.0243
  0.0289  0.0241  0.0279  0.0272  0.0315  0.0274  0.0255  0.0270  0.0248  0.0232  0.0223  0.0259
niter,ni,del,rscale     7    3    5.0000    1.2000
parameters
   -3.9880   -8.8351    9.3298  -15.2084  -22.8774  -14.5291
  -14.0970   -1.4094   15.3979   32.1285   -4.0586  -36.2605
eta,q 0.97937 11.99948
  0.0240  0.0287  0.0223  0.0237  0.0233  0.0254  0.0236  0.0242  0.0227  0.0276  0.0216  0.0244
  0.0223  0.0248  0.0213  0.0222  0.0217  0.0232  0.0221  0.0223  0.0217  0.0244  0.0211  0.0216
  0.0213  0.0223  0.0209  0.0213  0.0209  0.0215  0.0211  0.0211  0.0210  0.0219  0.0208  0.0207
  0.0211  0.0211  0.0210  0.0208  0.0208  0.0207  0.0207  0.0207  0.0207  0.0207  0.0207  0.0206
  0.0216  0.0212  0.0217  0.0210  0.0217  0.0208  0.0210  0.0213  0.0209  0.0211  0.0207  0.0213
  0.0228  0.0225  0.0229  0.0218  0.0239  0.0215  0.0219  0.0228  0.0215  0.0234  0.0209  0.0225
  0.0247  0.0249  0.0247  0.0236  0.0284  0.0248  0.0232  0.0248  0.0225  0.0273  0.0212  0.0241
niter,ni,del,rscale     6    3    5.0000    1.2000
parameters
   -4.0219   -8.9268    9.4352  -15.0870  -23.1479  -14.2814
  -14.0981   -1.4688   15.4339   32.2129   -3.8892  -36.2887
eta,q 0.97940 12.00335
  0.0238  0.0259  0.0231  0.0234  0.0244  0.0251  0.0234  0.0244  0.0226  0.0274  0.0214  0.0246
  0.0221  0.0228  0.0218  0.0220  0.0225  0.0228  0.0219  0.0224  0.0215  0.0242  0.0210  0.0217
  0.0210  0.0211  0.0210  0.0210  0.0212  0.0213  0.0209  0.0211  0.0208  0.0218  0.0207  0.0207
  0.0206  0.0206  0.0206  0.0206  0.0206  0.0206  0.0206  0.0206  0.0206  0.0206  0.0206  0.0206
  0.0210  0.0215  0.0208  0.0208  0.0210  0.0207  0.0210  0.0211  0.0209  0.0211  0.0207  0.0212
  0.0222  0.0234  0.0215  0.0217  0.0223  0.0217  0.0219  0.0225  0.0215  0.0236  0.0209  0.0224
  0.0240  0.0262  0.0229  0.0235  0.0254  0.0253  0.0233  0.0245  0.0225  0.0276  0.0213  0.0240
niter,ni,del,rscale     5    3    5.0000    1.2000
parameters
   -4.0278   -8.9056    9.4927  -15.0796  -23.1913  -14.2070
  -14.0983   -1.4843   15.4319   32.2566   -3.8578  -36.2835
eta,q 0.97941 12.00618
  0.0238  0.0262  0.0230  0.0234  0.0246  0.0249  0.0233  0.0244  0.0226  0.0273  0.0214  0.0246
  0.0221  0.0230  0.0218  0.0220  0.0226  0.0227  0.0219  0.0224  0.0215  0.0242  0.0210  0.0217
  0.0210  0.0212  0.0210  0.0210  0.0212  0.0212  0.0209  0.0211  0.0208  0.0217  0.0207  0.0207
  0.0206  0.0206  0.0206  0.0206  0.0206  0.0206  0.0206  0.0206  0.0206  0.0206  0.0206  0.0206
  0.0210  0.0213  0.0208  0.0208  0.0209  0.0206  0.0210  0.0211  0.0208  0.0211  0.0207  0.0212
  0.0221  0.0232  0.0216  0.0217  0.0221  0.0218  0.0219  0.0225  0.0215  0.0237  0.0210  0.0224
  0.0239  0.0259  0.0229  0.0236  0.0251  0.0255  0.0233  0.0244  0.0225  0.0277  0.0213  0.0240
niter,ni,del,rscale     4    3    5.0000    1.2000
parameters
   -4.0290   -8.8910    9.5132  -15.0724  -23.2070  -14.1762
  -14.0932   -1.4853   15.4259   32.2756   -3.8482  -36.2772
eta,q 0.97941 12.00776
  0.0238  0.0262  0.0229  0.0234  0.0246  0.0249  0.0233  0.0244  0.0226  0.0273  0.0214  0.0246
  0.0221  0.0230  0.0217  0.0220  0.0226  0.0227  0.0219  0.0224  0.0215  0.0241  0.0210  0.0217
  0.0210  0.0211  0.0209  0.0210  0.0212  0.0212  0.0209  0.0211  0.0208  0.0217  0.0207  0.0207
  0.0206  0.0206  0.0206  0.0206  0.0206  0.0206  0.0206  0.0206  0.0206  0.0206  0.0206  0.0206
  0.0210  0.0213  0.0208  0.0208  0.0209  0.0206  0.0210  0.0211  0.0208  0.0212  0.0207  0.0212
  0.0221  0.0232  0.0216  0.0217  0.0221  0.0218  0.0219  0.0225  0.0215  0.0237  0.0210  0.0224
  0.0239  0.0259  0.0230  0.0236  0.0251  0.0256  0.0233  0.0244  0.0226  0.0277  0.0214  0.0240
registration optimization eta report
parameter search radius
    2.4000    3.6501    3.1740    9.5220    9.5220    9.5220
    7.2000    7.2000    7.2000   10.9503    7.2000   10.9503
100000*second partial in parameter space
       56.       41.       23.        3.        5.        5.
        5.        7.        4.        6.        1.        3.
  0.0238  0.0262  0.0229  0.0234  0.0246  0.0249  0.0233  0.0244  0.0226  0.0273  0.0214  0.0246
  0.0221  0.0230  0.0217  0.0220  0.0226  0.0227  0.0219  0.0224  0.0215  0.0241  0.0210  0.0217
  0.0210  0.0211  0.0209  0.0210  0.0212  0.0212  0.0209  0.0211  0.0208  0.0217  0.0207  0.0207
  0.0206  0.0206  0.0206  0.0206  0.0206  0.0206  0.0206  0.0206  0.0206  0.0206  0.0206  0.0206
  0.0210  0.0213  0.0208  0.0208  0.0209  0.0206  0.0210  0.0211  0.0208  0.0212  0.0207  0.0212
  0.0221  0.0232  0.0216  0.0217  0.0221  0.0218  0.0219  0.0225  0.0215  0.0237  0.0210  0.0224
  0.0239  0.0259  0.0230  0.0236  0.0251  0.0256  0.0233  0.0244  0.0226  0.0277  0.0214  0.0240
   -4.0290   -8.8910    9.5132  -15.0724  -23.2070  -14.1762
  -14.0932   -1.4853   15.4259   32.2756   -3.8482  -36.2772
eta,q 0.97941 12.00776

---------------------------------------------------------------------
imgreg_4dfp /opt/freesurfer/average/711-2C_as_mni_average_305 /opt/freesurfer/average/711-2B_as_mni_average_305_mask talsrcimg_g11 none talsrcimg_to_711-2C_as_mni_average_305_t4 2311
---------------------------------------------------------------------

freesurfer imgreg_4dfp.c
/opt/freesurfer/average/711-2C_as_mni_average_305.4dfp.img
       256       256       256         1
  1.000000  1.000000  1.000000
orientation T byte_order littleendian
Reading image: /opt/freesurfer/average/711-2C_as_mni_average_305.4dfp.img
dimensions:      256       256       256
mmppix:       1.0000   -1.0000   -1.0000
center:     128.0000 -129.0000 -129.0000
/opt/freesurfer/average/711-2B_as_mni_average_305_mask.4dfp.img
       256       256       256         1
  1.000000  1.000000  1.000000
orientation T byte_order littleendian
Reading mask: /opt/freesurfer/average/711-2B_as_mni_average_305_mask.4dfp.img (2306576 pixels)
talsrcimg_g11.4dfp.img
       256       256       256         1
  1.000000  1.000000  1.000000
orientation T byte_order littleendian
Reading image: talsrcimg_g11.4dfp.img
dimensions:      256       256       256
mmppix:       1.0000   -1.0000   -1.0000
center:     128.0000 -129.0000 -129.0000
fimgreg.f
image alignment mode   2311 decimal      907 hex
parameters
   -4.0290   -8.8910    9.5132  -15.0724  -23.2070  -14.1762
  -14.0932   -1.4853   15.4259   32.2756   -3.8482  -36.2772
eta,q 0.97941 12.00776
niter,ni,del,rscale     5    3    5.0000    0.8000
parameters
   -4.0185   -8.9782    9.5951  -14.5632  -22.6230  -12.8716
  -14.1676   -1.4848   15.5085   33.0739   -3.6891  -37.4986
eta,q 0.97958 12.18785
  0.0221  0.0216  0.0213  0.0214  0.0219  0.0219  0.0218  0.0224  0.0215  0.0224  0.0209  0.0208
  0.0213  0.0210  0.0209  0.0210  0.0212  0.0212  0.0211  0.0214  0.0210  0.0215  0.0207  0.0205
  0.0208  0.0207  0.0207  0.0207  0.0208  0.0207  0.0207  0.0207  0.0206  0.0209  0.0205  0.0204
  0.0206  0.0206  0.0206  0.0206  0.0206  0.0205  0.0205  0.0205  0.0205  0.0205  0.0205  0.0205
  0.0207  0.0208  0.0206  0.0206  0.0206  0.0205  0.0207  0.0207  0.0206  0.0205  0.0205  0.0206
  0.0212  0.0212  0.0208  0.0208  0.0209  0.0206  0.0212  0.0214  0.0209  0.0208  0.0206  0.0210
  0.0221  0.0218  0.0211  0.0212  0.0214  0.0209  0.0219  0.0224  0.0214  0.0215  0.0208  0.0214
niter,ni,del,rscale     4    3    5.0000    0.7000
parameters
   -4.0407   -8.8472    9.6373  -14.3835  -23.0239  -12.8361
  -14.1442   -1.5522   15.5164   33.3842   -3.7246  -37.6814
eta,q 0.97961 12.19286
  0.0216  0.0215  0.0209  0.0211  0.0211  0.0210  0.0215  0.0218  0.0211  0.0217  0.0207  0.0209
  0.0209  0.0209  0.0206  0.0207  0.0207  0.0206  0.0209  0.0210  0.0207  0.0211  0.0205  0.0205
  0.0206  0.0206  0.0205  0.0205  0.0205  0.0205  0.0205  0.0206  0.0205  0.0206  0.0204  0.0204
  0.0204  0.0204  0.0204  0.0204  0.0204  0.0204  0.0204  0.0204  0.0204  0.0204  0.0204  0.0204
  0.0206  0.0205  0.0205  0.0204  0.0206  0.0204  0.0205  0.0206  0.0205  0.0204  0.0204  0.0205
  0.0210  0.0207  0.0206  0.0206  0.0209  0.0205  0.0209  0.0211  0.0207  0.0208  0.0205  0.0206
  0.0217  0.0211  0.0209  0.0210  0.0214  0.0211  0.0214  0.0219  0.0211  0.0214  0.0207  0.0209
niter,ni,del,rscale     3    3    5.0000    0.6000
parameters
   -4.0478   -8.8108    9.6445  -14.2991  -23.1011  -12.5255
  -14.1524   -1.5776   15.5338   33.5545   -3.6839  -37.7848
eta,q 0.97964 12.21728
  0.0213  0.0211  0.0207  0.0208  0.0210  0.0208  0.0211  0.0215  0.0209  0.0213  0.0206  0.0207
  0.0208  0.0207  0.0205  0.0206  0.0206  0.0206  0.0207  0.0209  0.0206  0.0208  0.0205  0.0205
  0.0205  0.0205  0.0204  0.0204  0.0204  0.0205  0.0204  0.0205  0.0204  0.0205  0.0204  0.0204
  0.0204  0.0204  0.0204  0.0204  0.0204  0.0204  0.0204  0.0204  0.0204  0.0204  0.0204  0.0204
  0.0205  0.0204  0.0204  0.0204  0.0205  0.0204  0.0205  0.0205  0.0204  0.0204  0.0204  0.0204
  0.0208  0.0207  0.0205  0.0206  0.0207  0.0204  0.0207  0.0209  0.0206  0.0207  0.0205  0.0205
  0.0213  0.0210  0.0207  0.0208  0.0210  0.0208  0.0211  0.0215  0.0209  0.0212  0.0206  0.0207
niter,ni,del,rscale     2    3    5.0000    0.5000
parameters
   -4.0482   -8.7857    9.6753  -14.2345  -23.1710  -12.2698
  -14.1584   -1.6039   15.5374   33.6961   -3.7182  -37.8645
eta,q 0.97965 12.23607
  0.0210  0.0208  0.0206  0.0207  0.0208  0.0206  0.0209  0.0211  0.0207  0.0210  0.0205  0.0206
  0.0206  0.0206  0.0205  0.0205  0.0205  0.0205  0.0206  0.0207  0.0205  0.0207  0.0204  0.0204
  0.0204  0.0204  0.0204  0.0204  0.0204  0.0204  0.0204  0.0204  0.0204  0.0204  0.0204  0.0204
  0.0204  0.0204  0.0204  0.0204  0.0204  0.0204  0.0203  0.0203  0.0203  0.0203  0.0203  0.0203
  0.0204  0.0204  0.0204  0.0204  0.0204  0.0203  0.0204  0.0204  0.0204  0.0204  0.0204  0.0204
  0.0206  0.0206  0.0205  0.0205  0.0206  0.0204  0.0206  0.0207  0.0205  0.0206  0.0204  0.0205
  0.0210  0.0208  0.0206  0.0207  0.0208  0.0206  0.0209  0.0212  0.0207  0.0209  0.0205  0.0206
niter,ni,del,rscale     1    3    5.0000    0.4000
parameters
   -4.0472   -8.7627    9.6936  -14.2024  -23.2154  -11.9825
  -14.1620   -1.6298   15.5482   33.8122   -3.6937  -37.9536
eta,q 0.97967 12.25437
  0.0207  0.0207  0.0205  0.0206  0.0206  0.0205  0.0207  0.0208  0.0206  0.0208  0.0204  0.0205
  0.0205  0.0205  0.0204  0.0204  0.0205  0.0205  0.0205  0.0206  0.0204  0.0205  0.0204  0.0204
  0.0204  0.0204  0.0204  0.0204  0.0204  0.0204  0.0204  0.0204  0.0204  0.0204  0.0203  0.0203
  0.0203  0.0203  0.0203  0.0203  0.0203  0.0203  0.0203  0.0203  0.0203  0.0203  0.0203  0.0203
  0.0204  0.0204  0.0204  0.0204  0.0204  0.0203  0.0204  0.0204  0.0204  0.0204  0.0203  0.0204
  0.0205  0.0205  0.0204  0.0204  0.0205  0.0204  0.0205  0.0206  0.0204  0.0205  0.0204  0.0204
  0.0208  0.0206  0.0205  0.0205  0.0206  0.0205  0.0207  0.0209  0.0206  0.0207  0.0204  0.0205
registration optimization eta report
parameter search radius
    0.8000    0.8000    0.8000    2.4000    2.4000    2.4000
    2.4000    2.4000    2.4000    2.4000    2.4000    2.4000
100000*second partial in parameter space
       63.       46.       25.        4.        5.        3.
        6.        9.        4.        7.        2.        3.
  0.0207  0.0207  0.0205  0.0206  0.0206  0.0205  0.0207  0.0208  0.0206  0.0208  0.0204  0.0205
  0.0205  0.0205  0.0204  0.0204  0.0205  0.0205  0.0205  0.0206  0.0204  0.0205  0.0204  0.0204
  0.0204  0.0204  0.0204  0.0204  0.0204  0.0204  0.0204  0.0204  0.0204  0.0204  0.0203  0.0203
  0.0203  0.0203  0.0203  0.0203  0.0203  0.0203  0.0203  0.0203  0.0203  0.0203  0.0203  0.0203
  0.0204  0.0204  0.0204  0.0204  0.0204  0.0203  0.0204  0.0204  0.0204  0.0204  0.0203  0.0204
  0.0205  0.0205  0.0204  0.0204  0.0205  0.0204  0.0205  0.0206  0.0204  0.0205  0.0204  0.0204
  0.0208  0.0206  0.0205  0.0205  0.0206  0.0205  0.0207  0.0209  0.0206  0.0207  0.0204  0.0205
   -4.0472   -8.7627    9.6936  -14.2024  -23.2154  -11.9825
  -14.1620   -1.6298   15.5482   33.8122   -3.6937  -37.9536
eta,q 0.97967 12.25437

---------------------------------------------------------------------
imgreg_4dfp /opt/freesurfer/average/711-2C_as_mni_average_305 /opt/freesurfer/average/711-2B_as_mni_average_305_mask talsrcimg_g11 none talsrcimg_to_711-2C_as_mni_average_305_t4 2311
---------------------------------------------------------------------

freesurfer imgreg_4dfp.c
/opt/freesurfer/average/711-2C_as_mni_average_305.4dfp.img
       256       256       256         1
  1.000000  1.000000  1.000000
orientation T byte_order littleendian
Reading image: /opt/freesurfer/average/711-2C_as_mni_average_305.4dfp.img
dimensions:      256       256       256
mmppix:       1.0000   -1.0000   -1.0000
center:     128.0000 -129.0000 -129.0000
/opt/freesurfer/average/711-2B_as_mni_average_305_mask.4dfp.img
       256       256       256         1
  1.000000  1.000000  1.000000
orientation T byte_order littleendian
Reading mask: /opt/freesurfer/average/711-2B_as_mni_average_305_mask.4dfp.img (2306576 pixels)
talsrcimg_g11.4dfp.img
       256       256       256         1
  1.000000  1.000000  1.000000
orientation T byte_order littleendian
Reading image: talsrcimg_g11.4dfp.img
dimensions:      256       256       256
mmppix:       1.0000   -1.0000   -1.0000
center:     128.0000 -129.0000 -129.0000
fimgreg.f
image alignment mode   2311 decimal      907 hex
parameters
   -4.0472   -8.7627    9.6936  -14.2024  -23.2154  -11.9825
  -14.1620   -1.6298   15.5482   33.8122   -3.6937  -37.9536
eta,q 0.97967 12.25437
niter,ni,del,rscale     5    3    5.0000    0.8000
parameters
   -4.0551   -8.7377    9.7234  -14.2752  -23.3338  -12.7734
  -14.1084   -1.5807   15.5303   33.5448   -3.6960  -37.6489
eta,q 0.97962 12.18983
  0.0219  0.0216  0.0210  0.0211  0.0214  0.0210  0.0218  0.0223  0.0213  0.0217  0.0208  0.0212
  0.0210  0.0209  0.0206  0.0207  0.0208  0.0206  0.0210  0.0213  0.0208  0.0210  0.0206  0.0207
  0.0205  0.0205  0.0204  0.0204  0.0205  0.0204  0.0205  0.0206  0.0205  0.0205  0.0204  0.0204
  0.0203  0.0203  0.0203  0.0203  0.0203  0.0203  0.0204  0.0204  0.0204  0.0204  0.0204  0.0204
  0.0205  0.0205  0.0204  0.0204  0.0205  0.0204  0.0205  0.0206  0.0205  0.0206  0.0204  0.0204
  0.0211  0.0208  0.0206  0.0207  0.0209  0.0209  0.0210  0.0213  0.0208  0.0212  0.0206  0.0206
  0.0219  0.0215  0.0210  0.0212  0.0215  0.0222  0.0217  0.0223  0.0214  0.0222  0.0208  0.0210
niter,ni,del,rscale     4    3    5.0000    0.7000
parameters
   -4.0534   -8.7774    9.6744  -14.2886  -23.1407  -12.6301
  -14.1335   -1.5723   15.5243   33.5186   -3.6934  -37.7028
eta,q 0.97963 12.20774
  0.0216  0.0212  0.0208  0.0210  0.0213  0.0210  0.0214  0.0219  0.0211  0.0215  0.0207  0.0209
  0.0209  0.0207  0.0206  0.0207  0.0208  0.0207  0.0208  0.0211  0.0207  0.0209  0.0205  0.0205
  0.0205  0.0205  0.0204  0.0205  0.0205  0.0205  0.0205  0.0205  0.0205  0.0205  0.0204  0.0204
  0.0204  0.0204  0.0204  0.0204  0.0204  0.0204  0.0204  0.0204  0.0204  0.0204  0.0204  0.0204
  0.0205  0.0205  0.0204  0.0204  0.0205  0.0203  0.0205  0.0205  0.0205  0.0205  0.0204  0.0204
  0.0209  0.0208  0.0206  0.0206  0.0207  0.0205  0.0209  0.0211  0.0207  0.0209  0.0205  0.0206
  0.0216  0.0213  0.0209  0.0210  0.0211  0.0211  0.0214  0.0218  0.0211  0.0216  0.0207  0.0209
niter,ni,del,rscale     3    3    5.0000    0.6000
parameters
   -4.0506   -8.7854    9.6759  -14.2491  -23.1468  -12.4768
  -14.1532   -1.5842   15.5401   33.5975   -3.6929  -37.7686
eta,q 0.97965 12.22142
  0.0213  0.0210  0.0207  0.0208  0.0210  0.0208  0.0211  0.0215  0.0209  0.0213  0.0206  0.0207
  0.0208  0.0207  0.0205  0.0206  0.0207  0.0206  0.0207  0.0209  0.0206  0.0208  0.0205  0.0205
  0.0205  0.0204  0.0204  0.0204  0.0204  0.0204  0.0204  0.0205  0.0204  0.0205  0.0204  0.0204
  0.0204  0.0204  0.0204  0.0204  0.0204  0.0204  0.0204  0.0204  0.0204  0.0204  0.0204  0.0204
  0.0205  0.0204  0.0204  0.0204  0.0204  0.0203  0.0205  0.0205  0.0204  0.0204  0.0204  0.0204
  0.0208  0.0207  0.0205  0.0206  0.0206  0.0204  0.0207  0.0209  0.0206  0.0207  0.0205  0.0205
  0.0213  0.0210  0.0207  0.0208  0.0210  0.0208  0.0211  0.0215  0.0209  0.0212  0.0206  0.0207
niter,ni,del,rscale     2    3    5.0000    0.5000
parameters
   -4.0484   -8.7763    9.6823  -14.2263  -23.1688  -12.2362
  -14.1609   -1.6011   15.5401   33.7094   -3.7133  -37.8373
eta,q 0.97966 12.23850
  0.0210  0.0208  0.0206  0.0207  0.0208  0.0206  0.0209  0.0211  0.0207  0.0210  0.0205  0.0206
  0.0206  0.0206  0.0205  0.0205  0.0206  0.0205  0.0206  0.0207  0.0205  0.0207  0.0204  0.0204
  0.0204  0.0204  0.0204  0.0204  0.0204  0.0204  0.0204  0.0204  0.0204  0.0204  0.0204  0.0204
  0.0204  0.0204  0.0204  0.0204  0.0204  0.0204  0.0203  0.0203  0.0203  0.0203  0.0203  0.0203
  0.0204  0.0204  0.0204  0.0204  0.0204  0.0203  0.0204  0.0204  0.0204  0.0204  0.0204  0.0204
  0.0206  0.0206  0.0205  0.0205  0.0206  0.0204  0.0206  0.0207  0.0205  0.0206  0.0204  0.0205
  0.0210  0.0208  0.0206  0.0207  0.0208  0.0206  0.0209  0.0211  0.0207  0.0209  0.0205  0.0206
niter,ni,del,rscale     1    3    5.0000    0.4000
parameters
   -4.0477   -8.7603    9.7060  -14.1914  -23.2163  -11.9660
  -14.1632   -1.6278   15.5531   33.8227   -3.6758  -37.9373
eta,q 0.97967 12.25583
  0.0207  0.0207  0.0205  0.0206  0.0206  0.0205  0.0207  0.0208  0.0206  0.0208  0.0204  0.0205
  0.0205  0.0205  0.0204  0.0204  0.0205  0.0205  0.0205  0.0206  0.0205  0.0205  0.0204  0.0204
  0.0204  0.0204  0.0204  0.0204  0.0204  0.0204  0.0204  0.0204  0.0204  0.0204  0.0203  0.0203
  0.0203  0.0203  0.0203  0.0203  0.0203  0.0203  0.0203  0.0203  0.0203  0.0203  0.0203  0.0203
  0.0204  0.0204  0.0204  0.0204  0.0204  0.0203  0.0204  0.0204  0.0204  0.0204  0.0203  0.0203
  0.0205  0.0205  0.0204  0.0204  0.0205  0.0204  0.0205  0.0206  0.0204  0.0205  0.0204  0.0204
  0.0208  0.0206  0.0205  0.0205  0.0206  0.0205  0.0207  0.0209  0.0206  0.0207  0.0204  0.0205
registration optimization eta report
parameter search radius
    0.8000    0.8000    0.8000    2.4000    2.4000    2.4000
    2.4000    2.4000    2.4000    2.4000    2.4000    2.4000
100000*second partial in parameter space
       63.       47.       25.        4.        5.        3.
        6.        9.        4.        7.        2.        3.
  0.0207  0.0207  0.0205  0.0206  0.0206  0.0205  0.0207  0.0208  0.0206  0.0208  0.0204  0.0205
  0.0205  0.0205  0.0204  0.0204  0.0205  0.0205  0.0205  0.0206  0.0205  0.0205  0.0204  0.0204
  0.0204  0.0204  0.0204  0.0204  0.0204  0.0204  0.0204  0.0204  0.0204  0.0204  0.0203  0.0203
  0.0203  0.0203  0.0203  0.0203  0.0203  0.0203  0.0203  0.0203  0.0203  0.0203  0.0203  0.0203
  0.0204  0.0204  0.0204  0.0204  0.0204  0.0203  0.0204  0.0204  0.0204  0.0204  0.0203  0.0203
  0.0205  0.0205  0.0204  0.0204  0.0205  0.0204  0.0205  0.0206  0.0204  0.0205  0.0204  0.0204
  0.0208  0.0206  0.0205  0.0205  0.0206  0.0205  0.0207  0.0209  0.0206  0.0207  0.0204  0.0205
   -4.0477   -8.7603    9.7060  -14.1914  -23.2163  -11.9660
  -14.1632   -1.6278   15.5531   33.8227   -3.6758  -37.9373
eta,q 0.97967 12.25583

---------------------------------------------------------------------
compute_vox2vox talsrcimg talsrcimg_to_711-2C_as_mni_average_305_t4 /opt/freesurfer/average/711-2C_as_mni_average_305
---------------------------------------------------------------------

freesurfer compute_vox2vox.c
Reading: talsrcimg.4dfp.ifh
Reading: talsrcimg_to_711-2C_as_mni_average_305_t4
Reading: /opt/freesurfer/average/711-2C_as_mni_average_305.4dfp.ifh
Writing: talsrcimg_to_711-2C_as_mni_average_305_t4_vox2vox.txt

start time Sun Mar 8 12:46:06 CET 2026
end		time Sun Mar 8 12:47:37 CET 2026

mpr2mni305 success

avi2talxfm orig_nu.mgz /opt/freesurfer/average/mni305.cor.mgz talsrcimg_to_711-2C_as_mni_average_305_t4_vox2vox.txt transforms/talairach.auto.xfm
avi2talxfm done
mv -f /out/sourcedata/freesurfer/sub-v1s12x0050124_ses-1/mri/talsrcimg_to_711-2C_as_mni_average_305_t4_vox2vox.txt /out/sourcedata/freesurfer/sub-v1s12x0050124_ses-1/mri/transforms/talsrcimg_to_711-2C_as_mni_average_305_t4_vox2vox.txt
lta_convert --src orig_nu.mgz --trg /opt/freesurfer/average/mni305.cor.mgz --inxfm transforms/talairach.auto.xfm --outlta transforms/talairach.auto.xfm.lta --subject fsaverage
7.3.2

--src: orig_nu.mgz src image (geometry).
--trg: /opt/freesurfer/average/mni305.cor.mgz trg image (geometry).
--inmni: transforms/talairach.auto.xfm input MNI/XFM transform.
--outlta: transforms/talairach.auto.xfm.lta output LTA.
--s: fsaverage subject name
 LTA read, type : 1
 1.12993  -0.04974   0.18385   18.11421;
-0.04324   0.95660   0.46466   2.91006;
-0.20983  -0.41130   1.06044   15.67023;
 0.00000   0.00000   0.00000   1.00000;
setting subject to fsaverage
Writing  LTA to file transforms/talairach.auto.xfm.lta...
lta_convert successful.
 
 
Started at Sun Mar 8 12:46:05 CET 2026
Ended   at Sun Mar  8 12:47:38 CET 2026
talairach_avi done
