status file for recon-all
Sun Mar  8 14:09:22 CET 2026
#@# Tessellate rh Sun Mar  8 14:09:22 CET 2026
#@# Smooth1 rh Sun Mar  8 14:09:24 CET 2026
#@# Inflation1 rh Sun Mar  8 14:09:26 CET 2026
#@# QSphere rh Sun Mar  8 14:09:34 CET 2026
#@# Fix Topology rh Sun Mar  8 14:10:14 CET 2026
#@# Smooth2 rh Sun Mar  8 14:14:26 CET 2026
#@# Inflation2 rh Sun Mar  8 14:14:28 CET 2026
#@# Curv .H and .K rh Sun Mar  8 14:14:36 CET 2026
#@# Sphere rh Sun Mar  8 14:15:13 CET 2026
#@# Surf Reg rh Sun Mar  8 14:17:25 CET 2026
#@# Jacobian white rh Sun Mar  8 14:20:04 CET 2026
#@# AvgCurv rh Sun Mar  8 14:20:05 CET 2026
#@# Cortical Parc rh Sun Mar  8 14:20:05 CET 2026
#@# white curv rh Sun Mar  8 14:24:52 CET 2026
#@# white area rh Sun Mar  8 14:24:53 CET 2026
#@# pial curv rh Sun Mar  8 14:24:53 CET 2026
#@# pial area rh Sun Mar  8 14:24:55 CET 2026
#@# thickness rh Sun Mar  8 14:24:55 CET 2026
#@# area and vertex vol rh Sun Mar  8 14:25:14 CET 2026
#@# Curvature Stats rh Sun Mar  8 14:25:15 CET 2026
#@# Cortical Parc 2 rh Sun Mar  8 14:25:16 CET 2026
#@# Cortical Parc 3 rh Sun Mar  8 14:25:26 CET 2026
#@# WM/GM Contrast rh Sun Mar  8 14:25:33 CET 2026
recon-all -s sub-v1s12x0050109_ses-1 finished without error at Sun Mar  8 14:25:35 CET 2026



#New# invocation of recon-all 



status file for recon-all
Sun Mar  8 14:30:09 CET 2026
#@# white curv rh Sun Mar  8 14:30:09 CET 2026
#@# white area rh Sun Mar  8 14:30:09 CET 2026
#@# pial curv rh Sun Mar  8 14:30:09 CET 2026
#@# pial area rh Sun Mar  8 14:30:09 CET 2026
#@# thickness rh Sun Mar  8 14:30:09 CET 2026
#@# area and vertex vol rh Sun Mar  8 14:30:10 CET 2026
#@# Parcellation Stats rh Sun Mar  8 14:30:10 CET 2026
#@# Parcellation Stats 2 rh Sun Mar  8 14:30:24 CET 2026
#@# Parcellation Stats 3 rh Sun Mar  8 14:30:32 CET 2026
#@# BA_exvivo Labels rh Sun Mar  8 14:30:39 CET 2026
recon-all -s sub-v1s12x0050109_ses-1 finished without error at Sun Mar  8 14:32:26 CET 2026
