status file for recon-all
Sun Mar  8 14:05:47 CET 2026
#@# Tessellate rh Sun Mar  8 14:05:47 CET 2026
#@# Smooth1 rh Sun Mar  8 14:05:50 CET 2026
#@# Inflation1 rh Sun Mar  8 14:05:51 CET 2026
#@# QSphere rh Sun Mar  8 14:05:59 CET 2026
#@# Fix Topology rh Sun Mar  8 14:06:40 CET 2026
#@# Smooth2 rh Sun Mar  8 14:10:35 CET 2026
#@# Inflation2 rh Sun Mar  8 14:10:37 CET 2026
#@# Curv .H and .K rh Sun Mar  8 14:10:44 CET 2026
#@# Sphere rh Sun Mar  8 14:11:20 CET 2026
#@# Surf Reg rh Sun Mar  8 14:12:40 CET 2026
#@# Jacobian white rh Sun Mar  8 14:14:51 CET 2026
#@# AvgCurv rh Sun Mar  8 14:14:52 CET 2026
#@# Cortical Parc rh Sun Mar  8 14:14:52 CET 2026
#@# white curv rh Sun Mar  8 14:19:18 CET 2026
#@# white area rh Sun Mar  8 14:19:19 CET 2026
#@# pial curv rh Sun Mar  8 14:19:19 CET 2026
#@# pial area rh Sun Mar  8 14:19:21 CET 2026
#@# thickness rh Sun Mar  8 14:19:21 CET 2026
#@# area and vertex vol rh Sun Mar  8 14:19:39 CET 2026
#@# Curvature Stats rh Sun Mar  8 14:19:40 CET 2026
#@# Cortical Parc 2 rh Sun Mar  8 14:19:41 CET 2026
#@# Cortical Parc 3 rh Sun Mar  8 14:19:50 CET 2026
#@# WM/GM Contrast rh Sun Mar  8 14:19:57 CET 2026
recon-all -s sub-v1s12x0050105_ses-1 finished without error at Sun Mar  8 14:19:59 CET 2026



#New# invocation of recon-all 



status file for recon-all
Sun Mar  8 14:25:19 CET 2026
#@# white curv rh Sun Mar  8 14:25:19 CET 2026
#@# white area rh Sun Mar  8 14:25:19 CET 2026
#@# pial curv rh Sun Mar  8 14:25:19 CET 2026
#@# pial area rh Sun Mar  8 14:25:19 CET 2026
#@# thickness rh Sun Mar  8 14:25:19 CET 2026
#@# area and vertex vol rh Sun Mar  8 14:25:19 CET 2026
#@# Parcellation Stats rh Sun Mar  8 14:25:19 CET 2026
#@# Parcellation Stats 2 rh Sun Mar  8 14:25:32 CET 2026
#@# Parcellation Stats 3 rh Sun Mar  8 14:25:38 CET 2026
#@# BA_exvivo Labels rh Sun Mar  8 14:25:45 CET 2026
recon-all -s sub-v1s12x0050105_ses-1 finished without error at Sun Mar  8 14:27:27 CET 2026
