status file for recon-all
Sun Mar  8 13:52:15 CET 2026
#@# Tessellate lh Sun Mar  8 13:52:15 CET 2026
#@# Smooth1 lh Sun Mar  8 13:52:17 CET 2026
#@# Inflation1 lh Sun Mar  8 13:52:19 CET 2026
#@# QSphere lh Sun Mar  8 13:52:26 CET 2026
#@# Fix Topology lh Sun Mar  8 13:53:02 CET 2026
#@# Smooth2 lh Sun Mar  8 13:56:50 CET 2026
#@# Inflation2 lh Sun Mar  8 13:56:51 CET 2026
#@# Curv .H and .K lh Sun Mar  8 13:56:59 CET 2026
#@# Sphere lh Sun Mar  8 13:57:34 CET 2026
#@# Surf Reg lh Sun Mar  8 13:58:23 CET 2026
#@# Jacobian white lh Sun Mar  8 14:00:25 CET 2026
#@# AvgCurv lh Sun Mar  8 14:00:25 CET 2026
#@# Cortical Parc lh Sun Mar  8 14:00:26 CET 2026
#@# white curv lh Sun Mar  8 14:05:03 CET 2026
#@# white area lh Sun Mar  8 14:05:04 CET 2026
#@# pial curv lh Sun Mar  8 14:05:05 CET 2026
#@# pial area lh Sun Mar  8 14:05:06 CET 2026
#@# thickness lh Sun Mar  8 14:05:06 CET 2026
#@# area and vertex vol lh Sun Mar  8 14:05:24 CET 2026
#@# Curvature Stats lh Sun Mar  8 14:05:26 CET 2026
#@# Cortical Parc 2 lh Sun Mar  8 14:05:27 CET 2026
#@# Cortical Parc 3 lh Sun Mar  8 14:05:37 CET 2026
#@# WM/GM Contrast lh Sun Mar  8 14:05:44 CET 2026
recon-all -s sub-v1s12x0050105_ses-1 finished without error at Sun Mar  8 14:05:46 CET 2026



#New# invocation of recon-all 



status file for recon-all
Sun Mar  8 14:23:05 CET 2026
#@# white curv lh Sun Mar  8 14:23:05 CET 2026
#@# white area lh Sun Mar  8 14:23:05 CET 2026
#@# pial curv lh Sun Mar  8 14:23:05 CET 2026
#@# pial area lh Sun Mar  8 14:23:05 CET 2026
#@# thickness lh Sun Mar  8 14:23:05 CET 2026
#@# area and vertex vol lh Sun Mar  8 14:23:05 CET 2026
#@# Parcellation Stats lh Sun Mar  8 14:23:05 CET 2026
#@# Parcellation Stats 2 lh Sun Mar  8 14:23:19 CET 2026
#@# Parcellation Stats 3 lh Sun Mar  8 14:23:26 CET 2026
#@# BA_exvivo Labels lh Sun Mar  8 14:23:33 CET 2026
recon-all -s sub-v1s12x0050105_ses-1 finished without error at Sun Mar  8 14:25:14 CET 2026
