status file for recon-all
Sun Mar  8 14:22:12 CET 2026
#@# Tessellate lh Sun Mar  8 14:22:12 CET 2026
#@# Smooth1 lh Sun Mar  8 14:22:15 CET 2026
#@# Inflation1 lh Sun Mar  8 14:22:18 CET 2026
#@# QSphere lh Sun Mar  8 14:22:31 CET 2026
#@# Fix Topology lh Sun Mar  8 14:23:46 CET 2026
#@# Smooth2 lh Sun Mar  8 14:30:13 CET 2026
#@# Inflation2 lh Sun Mar  8 14:30:16 CET 2026
#@# Curv .H and .K lh Sun Mar  8 14:30:30 CET 2026
#@# Sphere lh Sun Mar  8 14:31:13 CET 2026
#@# Surf Reg lh Sun Mar  8 14:34:14 CET 2026
#@# Jacobian white lh Sun Mar  8 14:37:48 CET 2026
#@# AvgCurv lh Sun Mar  8 14:37:48 CET 2026
#@# Cortical Parc lh Sun Mar  8 14:37:49 CET 2026
#@# white curv lh Sun Mar  8 14:43:23 CET 2026
#@# white area lh Sun Mar  8 14:43:24 CET 2026
#@# pial curv lh Sun Mar  8 14:43:25 CET 2026
#@# pial area lh Sun Mar  8 14:43:27 CET 2026
#@# thickness lh Sun Mar  8 14:43:27 CET 2026
#@# area and vertex vol lh Sun Mar  8 14:43:54 CET 2026
#@# Curvature Stats lh Sun Mar  8 14:43:55 CET 2026
#@# Cortical Parc 2 lh Sun Mar  8 14:43:57 CET 2026
#@# Cortical Parc 3 lh Sun Mar  8 14:44:10 CET 2026
#@# WM/GM Contrast lh Sun Mar  8 14:44:20 CET 2026
recon-all -s sub-v1s12x0050119_ses-1 finished without error at Sun Mar  8 14:44:22 CET 2026



#New# invocation of recon-all 



status file for recon-all
Sun Mar  8 15:09:52 CET 2026
#@# white curv lh Sun Mar  8 15:09:52 CET 2026
#@# white area lh Sun Mar  8 15:09:52 CET 2026
#@# pial curv lh Sun Mar  8 15:09:52 CET 2026
#@# pial area lh Sun Mar  8 15:09:52 CET 2026
#@# thickness lh Sun Mar  8 15:09:52 CET 2026
#@# area and vertex vol lh Sun Mar  8 15:09:52 CET 2026
#@# Parcellation Stats lh Sun Mar  8 15:09:52 CET 2026
#@# Parcellation Stats 2 lh Sun Mar  8 15:10:09 CET 2026
#@# Parcellation Stats 3 lh Sun Mar  8 15:10:17 CET 2026
#@# BA_exvivo Labels lh Sun Mar  8 15:10:25 CET 2026
recon-all -s sub-v1s12x0050119_ses-1 finished without error at Sun Mar  8 15:12:57 CET 2026
