status file for recon-all
Sun Mar  8 14:44:24 CET 2026
#@# Tessellate rh Sun Mar  8 14:44:24 CET 2026
#@# Smooth1 rh Sun Mar  8 14:44:28 CET 2026
#@# Inflation1 rh Sun Mar  8 14:44:30 CET 2026
#@# QSphere rh Sun Mar  8 14:44:42 CET 2026
#@# Fix Topology rh Sun Mar  8 14:45:45 CET 2026
#@# Smooth2 rh Sun Mar  8 14:51:30 CET 2026
#@# Inflation2 rh Sun Mar  8 14:51:33 CET 2026
#@# Curv .H and .K rh Sun Mar  8 14:51:46 CET 2026
#@# Sphere rh Sun Mar  8 14:52:30 CET 2026
#@# Surf Reg rh Sun Mar  8 14:55:35 CET 2026
#@# Jacobian white rh Sun Mar  8 14:59:24 CET 2026
#@# AvgCurv rh Sun Mar  8 14:59:25 CET 2026
#@# Cortical Parc rh Sun Mar  8 14:59:26 CET 2026
#@# white curv rh Sun Mar  8 15:05:08 CET 2026
#@# white area rh Sun Mar  8 15:05:10 CET 2026
#@# pial curv rh Sun Mar  8 15:05:10 CET 2026
#@# pial area rh Sun Mar  8 15:05:12 CET 2026
#@# thickness rh Sun Mar  8 15:05:13 CET 2026
#@# area and vertex vol rh Sun Mar  8 15:05:42 CET 2026
#@# Curvature Stats rh Sun Mar  8 15:05:43 CET 2026
#@# Cortical Parc 2 rh Sun Mar  8 15:05:46 CET 2026
#@# Cortical Parc 3 rh Sun Mar  8 15:05:58 CET 2026
#@# WM/GM Contrast rh Sun Mar  8 15:06:08 CET 2026
recon-all -s sub-v1s12x0050119_ses-1 finished without error at Sun Mar  8 15:06:11 CET 2026



#New# invocation of recon-all 



status file for recon-all
Sun Mar  8 15:12:58 CET 2026
#@# white curv rh Sun Mar  8 15:12:58 CET 2026
#@# white area rh Sun Mar  8 15:12:58 CET 2026
#@# pial curv rh Sun Mar  8 15:12:58 CET 2026
#@# pial area rh Sun Mar  8 15:12:58 CET 2026
#@# thickness rh Sun Mar  8 15:12:58 CET 2026
#@# area and vertex vol rh Sun Mar  8 15:12:58 CET 2026
#@# Parcellation Stats rh Sun Mar  8 15:12:58 CET 2026
#@# Parcellation Stats 2 rh Sun Mar  8 15:13:15 CET 2026
#@# Parcellation Stats 3 rh Sun Mar  8 15:13:24 CET 2026
#@# BA_exvivo Labels rh Sun Mar  8 15:13:33 CET 2026
recon-all -s sub-v1s12x0050119_ses-1 finished without error at Sun Mar  8 15:16:10 CET 2026
