/out/sourcedata/freesurfer/sub-v1s12x0050118_ses-1/mri
/opt/freesurfer/bin/talairach_avi
--i orig_nu.mgz --xfm transforms/talairach.auto.xfm
talairach_avi 7.3.2
Linux dna061 5.14.0-427.37.1.el9_4.x86_64 #1 SMP PREEMPT_DYNAMIC Fri Sep 13 12:41:50 EDT 2024 x86_64 x86_64 x86_64 GNU/Linux
Sun Mar  8 12:45:52 CET 2026
mri_convert orig_nu.mgz talsrcimg.img 
reading from orig_nu.mgz...
TR=0.00, TE=0.00, TI=0.00, flip angle=0.00
i_ras = (-1, 0, 0)
j_ras = (0, 0, -1)
k_ras = (0, 1, 0)
writing to talsrcimg.img...
Analyze Output Matrix
-1.00000   0.00000   0.00000   130.72198;
 0.00000   0.00000   1.00000  -119.28329;
 0.00000  -1.00000   0.00000   107.71693;
 0.00000   0.00000   0.00000   1.00000;
--------------------
INFO: set hdr.hist.orient to -1
mpr2mni305 talsrcimg
Sun Mar  8 12:45:53 CET 2026
/opt/freesurfer/bin/mpr2mni305 talsrcimg
mpr2mni305 7.3.2
target=711-2C_as_mni_average_305

---------------------------------------------------------------------
analyzeto4dfp talsrcimg -O0 -y
---------------------------------------------------------------------

freesurfer ifh2hdr.c
Sun Mar  8 12:45:53 2026
Writing: talsrcimg.4dfp.hdr
freesurfer analyzeto4dfp.c
Reading: talsrcimg.hdr
header size 348 bytes
hdr.dime.datatype	offset=70	value=2
hdr.dime.bitpix		offset=72	value=8
hdr.hist.orient		offset=252	value=-1
dimensionality     4
dimensions       256       256       256         1
Reading: talsrcimg.img
Writing: talsrcimg.4dfp.img
Writing: talsrcimg.4dfp.ifh
ifh2hdr talsrcimg -r0to226
ori=2

---------------------------------------------------------------------
gauss_4dfp talsrcimg 1.1
---------------------------------------------------------------------

freesurfer gauss_4dfp.c
Reading: talsrcimg.4dfp.img
Writing: talsrcimg_g11.4dfp.img
image dimensions 256 256 256 padded to 288 288 288
processing volume 1freesurfer ifh2hdr.c
Sun Mar  8 12:45:55 2026
Writing: talsrcimg_g11.4dfp.hdr

Writing: talsrcimg_g11.4dfp.ifh
including: talsrcimg.4dfp.img.rec in talsrcimg_g11.4dfp.img.rec

---------------------------------------------------------------------
imgreg_4dfp /opt/freesurfer/average/711-2C_as_mni_average_305 none talsrcimg_g11 none talsrcimg_to_711-2C_as_mni_average_305_t4 4355
---------------------------------------------------------------------

freesurfer imgreg_4dfp.c
/opt/freesurfer/average/711-2C_as_mni_average_305.4dfp.img
       256       256       256         1
  1.000000  1.000000  1.000000
orientation T byte_order littleendian
Reading image: /opt/freesurfer/average/711-2C_as_mni_average_305.4dfp.img
dimensions:      256       256       256
mmppix:       1.0000   -1.0000   -1.0000
center:     128.0000 -129.0000 -129.0000
talsrcimg_g11.4dfp.img
       256       256       256         1
  1.000000  1.000000  1.000000
orientation T byte_order littleendian
Reading image: talsrcimg_g11.4dfp.img
dimensions:      256       256       256
mmppix:       1.0000   -1.0000   -1.0000
center:     128.0000 -129.0000 -129.0000
t4_read: open error in t4_sub.f l:  41 t4_file(1:l)talsrcimg_to_711-2C_as_mni_average_305_t4 
t4_read: transform initialized to I4
rotation matrix determinant  1.000000
image alignment mode   4355 decimal     1103 hex
   -7.5000  -45.0000  -45.0000 8144.6436   16.9237
    0.0000  -45.0000  -45.0000 8552.2314   16.9246
    7.5000  -45.0000  -45.0000 8167.7612   16.9085
   -7.5000  -37.5000  -45.0000 8671.5898   16.9414
    0.0000  -37.5000  -45.0000 9119.3506   16.9357
    7.5000  -37.5000  -45.0000 8679.7295   16.9170
   -7.5000  -30.0000  -45.0000 9504.3506   16.9429
    0.0000  -30.0000  -45.000010002.4219   16.9345
    7.5000  -30.0000  -45.0000 9523.0469   16.9172
   -7.5000  -22.5000  -45.000010305.8887   16.9150
    0.0000  -22.5000  -45.000010849.6963   16.9111
    7.5000  -22.5000  -45.000010329.8047   16.8984
   -7.5000  -15.0000  -45.000011053.9150   16.8891
    0.0000  -15.0000  -45.000011632.4258   16.8922
    7.5000  -15.0000  -45.000011084.2998   16.8819
   -7.5000   -7.5000  -45.000011676.6709   16.8932
    0.0000   -7.5000  -45.000012307.8799   16.8984
    7.5000   -7.5000  -45.000011725.9795   16.8862
   -7.5000    0.0000  -45.000012210.9385   16.9176
    0.0000    0.0000  -45.000012878.5879   16.9185
    7.5000    0.0000  -45.000012255.3594   16.9025
   -7.5000    7.5000  -45.000011833.9072   16.9414
    0.0000    7.5000  -45.000012473.2236   16.9357
    7.5000    7.5000  -45.000011864.1553   16.9170
   -7.5000   15.0000  -45.000011357.1953   16.9429
    0.0000   15.0000  -45.000011988.8311   16.9345
    7.5000   15.0000  -45.000011403.4873   16.9172
   -7.5000   22.5000  -45.000010794.4248   16.9127
    0.0000   22.5000  -45.000011387.4141   16.9088
    7.5000   22.5000  -45.000010835.2803   16.8961
   -7.5000   30.0000  -45.000010089.9238   16.6640
    0.0000   30.0000  -45.000010640.4502   16.6671
    7.5000   30.0000  -45.000010135.1055   16.6569
   -7.5000   37.5000  -45.0000 9664.8359   16.6681
    0.0000   37.5000  -45.000010187.8984   16.6732
    7.5000   37.5000  -45.0000 9696.4580   16.6612
   -7.5000   45.0000  -45.0000 8858.3252   16.2826
    0.0000   45.0000  -45.0000 9350.5205   16.2834
    7.5000   45.0000  -45.0000 8878.1924   16.2678
   -7.5000  -45.0000  -37.5000 8587.2236   16.9125
    0.0000  -45.0000  -37.5000 9008.2148   16.9056
    7.5000  -45.0000  -37.5000 8610.7178   16.8911
   -7.5000  -37.5000  -37.5000 9147.4375   16.9288
    0.0000  -37.5000  -37.5000 9602.0703   16.9153
    7.5000  -37.5000  -37.5000 9166.7559   16.8984
   -7.5000  -30.0000  -37.500010037.4023   16.9377
    0.0000  -30.0000  -37.500010542.2441   16.9195
    7.5000  -30.0000  -37.500010070.2334   16.9027
   -7.5000  -22.5000  -37.500010906.8252   16.9195
    0.0000  -22.5000  -37.500011434.4541   16.9045
    7.5000  -22.5000  -37.500010916.7441   16.8908
   -7.5000  -15.0000  -37.500011701.7334   16.8956
    0.0000  -15.0000  -37.500012282.3457   16.8882
    7.5000  -15.0000  -37.500011707.7070   16.8767
   -7.5000   -7.5000  -37.500012335.5996   16.8914
    0.0000   -7.5000  -37.500012988.5723   16.8874
    7.5000   -7.5000  -37.500012374.0723   16.8753
   -7.5000    0.0000  -37.500012911.3496   16.9064
    0.0000    0.0000  -37.500013589.1719   16.8995
    7.5000    0.0000  -37.500012937.8477   16.8850
   -7.5000    7.5000  -37.500012460.2646   16.9288
    0.0000    7.5000  -37.500013122.1035   16.9153
    7.5000    7.5000  -37.500012479.0830   16.8984
   -7.5000   15.0000  -37.500011936.5586   16.9377
    0.0000   15.0000  -37.500012566.4736   16.9195
    7.5000   15.0000  -37.500011965.8809   16.9027
   -7.5000   22.5000  -37.500011339.8066   16.9172
    0.0000   22.5000  -37.500011911.9570   16.9021
    7.5000   22.5000  -37.500011364.1025   16.8885
   -7.5000   30.0000  -37.500010611.6162   16.6705
    0.0000   30.0000  -37.500011163.6113   16.6631
    7.5000   30.0000  -37.500010650.4902   16.6518
   -7.5000   37.5000  -37.500010151.1875   16.6663
    0.0000   37.5000  -37.500010687.0605   16.6624
    7.5000   37.5000  -37.500010184.9316   16.6504
   -7.5000   45.0000  -37.5000 9284.0625   16.2721
    0.0000   45.0000  -37.5000 9777.6748   16.2654
    7.5000   45.0000  -37.5000 9292.4922   16.2512
   -7.5000  -45.0000  -30.0000 9175.2881   17.6367
    0.0000  -45.0000  -30.0000 9623.0547   17.6231
    7.5000  -45.0000  -30.0000 9227.1602   17.6029
   -7.5000  -37.5000  -30.0000 9781.9053   17.6472
    0.0000  -37.5000  -30.000010255.6152   17.6268
    7.5000  -37.5000  -30.0000 9845.9248   17.6036
   -7.5000  -30.0000  -30.000010761.5898   17.6566
    0.0000  -30.0000  -30.000011293.6689   17.6306
    7.5000  -30.0000  -30.000010829.5811   17.6049
   -7.5000  -22.5000  -30.000011707.9658   17.6453
    0.0000  -22.5000  -30.000012272.4316   17.6223
    7.5000  -22.5000  -30.000011753.1738   17.5973
   -7.5000  -15.0000  -30.000012562.0283   17.6279
    0.0000  -15.0000  -30.000013162.6123   17.6134
    7.5000  -15.0000  -30.000012597.9932   17.5912
   -7.5000   -7.5000  -30.000013257.2861   17.6223
    0.0000   -7.5000  -30.000013903.3721   17.6117
    7.5000   -7.5000  -30.000013295.8320   17.5917
   -7.5000    0.0000  -30.000013865.3086   17.6303
    0.0000    0.0000  -30.000014547.5859   17.6167
    7.5000    0.0000  -30.000013893.6592   17.5965
   -7.5000    7.5000  -30.000013387.8682   17.6472
    0.0000    7.5000  -30.000014037.6572   17.6268
    7.5000    7.5000  -30.000013395.6152   17.6036
   -7.5000   15.0000  -30.000012788.0479   17.6566
    0.0000   15.0000  -30.000013410.4961   17.6306
    7.5000   15.0000  -30.000012812.4590   17.6049
   -7.5000   22.5000  -30.000012140.4951   17.6410
    0.0000   22.5000  -30.000012735.2432   17.6181
    7.5000   22.5000  -30.000012175.8457   17.5931
   -7.5000   30.0000  -30.000011367.9404   17.3947
    0.0000   30.0000  -30.000011942.1006   17.3804
    7.5000   30.0000  -30.000011423.6123   17.3584
   -7.5000   37.5000  -30.000010857.4570   17.3892
    0.0000   37.5000  -30.000011409.3975   17.3786
    7.5000   37.5000  -30.000010901.8350   17.3589
   -7.5000   45.0000  -30.0000 9902.2285   16.9811
    0.0000   45.0000  -30.000010409.6094   16.9680
    7.5000   45.0000  -30.0000 9915.5605   16.9484
   -7.5000  -45.0000  -22.5000 9749.0117   18.2492
    0.0000  -45.0000  -22.500010240.1455   18.2314
    7.5000  -45.0000  -22.5000 9832.2041   18.2013
   -7.5000  -37.5000  -22.500010420.2100   18.2580
    0.0000  -37.5000  -22.500010941.9668   18.2342
    7.5000  -37.5000  -22.500010502.9971   18.2004
   -7.5000  -30.0000  -22.500011520.1934   18.2603
    0.0000  -30.0000  -22.500012103.2422   18.2334
    7.5000  -30.0000  -22.500011596.8516   18.1952
   -7.5000  -22.5000  -22.500012543.1689   18.2431
    0.0000  -22.5000  -22.500013167.6494   18.2203
    7.5000  -22.5000  -22.500012594.3887   18.1814
   -7.5000  -15.0000  -22.500013418.3584   18.2277
    0.0000  -15.0000  -22.500014045.9004   18.2125
    7.5000  -15.0000  -22.500013453.1582   18.1765
   -7.5000   -7.5000  -22.500014196.3926   18.2294
    0.0000   -7.5000  -22.500014852.3154   18.2162
    7.5000   -7.5000  -22.500014209.9707   18.1847
   -7.5000    0.0000  -22.500014841.0186   18.2425
    0.0000    0.0000  -22.500015533.8496   18.2247
    7.5000    0.0000  -22.500014838.3018   18.1947
   -7.5000    7.5000  -22.500014344.8770   18.2580
    0.0000    7.5000  -22.500014993.8242   18.2342
    7.5000    7.5000  -22.500014333.6963   18.2004
   -7.5000   15.0000  -22.500013691.2598   18.2603
    0.0000   15.0000  -22.500014323.9756   18.2334
    7.5000   15.0000  -22.500013684.0498   18.1952
   -7.5000   22.5000  -22.500013004.5479   18.2375
    0.0000   22.5000  -22.500013615.1924   18.2147
    7.5000   22.5000  -22.500013005.3936   18.1758
   -7.5000   30.0000  -22.500012166.6006   17.9893
    0.0000   30.0000  -22.500012763.5215   17.9743
    7.5000   30.0000  -22.500012213.2666   17.9388
   -7.5000   37.5000  -22.500011618.7949   17.9910
    0.0000   37.5000  -22.500012188.7920   17.9779
    7.5000   37.5000  -22.500011658.9863   17.9468
   -7.5000   45.0000  -22.500010556.9326   17.5836
    0.0000   45.0000  -22.500011091.1064   17.5664
    7.5000   45.0000  -22.500010583.3242   17.5372
   -7.5000  -45.0000  -15.000010337.5059   18.6622
    0.0000  -45.0000  -15.000010825.4785   18.6466
    7.5000  -45.0000  -15.000010392.6875   18.6111
   -7.5000  -37.5000  -15.000011085.2051   18.6741
    0.0000  -37.5000  -15.000011623.2402   18.6532
    7.5000  -37.5000  -15.000011137.7979   18.6137
   -7.5000  -30.0000  -15.000012267.1670   18.6700
    0.0000  -30.0000  -15.000012899.4834   18.6483
    7.5000  -30.0000  -15.000012332.4014   18.6048
   -7.5000  -22.5000  -15.000013423.8350   18.6418
    0.0000  -22.5000  -15.000014123.7188   18.6252
    7.5000  -22.5000  -15.000013483.1836   18.5817
   -7.5000  -15.0000  -15.000014367.9014   18.6225
    0.0000  -15.0000  -15.000015021.4316   18.6123
    7.5000  -15.0000  -15.000014378.7900   18.5720
   -7.5000   -7.5000  -15.000015195.2939   18.6319
    0.0000   -7.5000  -15.000015809.3145   18.6220
    7.5000   -7.5000  -15.000015109.6182   18.5859
   -7.5000    0.0000  -15.000015853.5869   18.6554
    0.0000    0.0000  -15.000016513.3867   18.6398
    7.5000    0.0000  -15.000015759.7314   18.6044
   -7.5000    7.5000  -15.000015342.0146   18.6741
    0.0000    7.5000  -15.000015988.3779   18.6532
    7.5000    7.5000  -15.000015244.7998   18.6137
   -7.5000   15.0000  -15.000014668.3125   18.6700
    0.0000   15.0000  -15.000015299.8105   18.6483
    7.5000   15.0000  -15.000014578.5195   18.6048
   -7.5000   22.5000  -15.000013916.0098   18.6352
    0.0000   22.5000  -15.000014530.1025   18.6186
    7.5000   22.5000  -15.000013834.6172   18.5751
   -7.5000   30.0000  -15.000013030.0615   18.3814
    0.0000   30.0000  -15.000013649.5088   18.3714
    7.5000   30.0000  -15.000012992.0430   18.3317
   -7.5000   37.5000  -15.000012472.4609   18.3907
    0.0000   37.5000  -15.000013093.0869   18.3810
    7.5000   37.5000  -15.000012434.3037   18.3453
   -7.5000   45.0000  -15.000011316.5664   17.9922
    0.0000   45.0000  -15.000011905.2881   17.9770
    7.5000   45.0000  -15.000011297.4717   17.9427
   -7.5000  -45.0000   -7.500010919.1875   18.8388
    0.0000  -45.0000   -7.500011438.7646   18.8326
    7.5000  -45.0000   -7.500010963.1826   18.8043
   -7.5000  -37.5000   -7.500011703.6738   18.8568
    0.0000  -37.5000   -7.500012276.5898   18.8444
    7.5000  -37.5000   -7.500011746.5518   18.8121
   -7.5000  -30.0000   -7.500012938.9717   18.8532
    0.0000  -30.0000   -7.500013642.5342   18.8397
    7.5000  -30.0000   -7.500013011.4307   18.8061
   -7.5000  -22.5000   -7.500014254.1279   18.8187
    0.0000  -22.5000   -7.500015091.0918   18.8105
    7.5000  -22.5000   -7.500014364.6787   18.7799
   -7.5000  -15.0000   -7.500015407.9326   18.7922
    0.0000  -15.0000   -7.500016185.8643   18.7908
    7.5000  -15.0000   -7.500015441.9258   18.7633
   -7.5000   -7.5000   -7.500016310.6914   18.8020
    0.0000   -7.5000   -7.500016981.0371   18.8015
    7.5000   -7.5000   -7.500016190.6562   18.7751
   -7.5000    0.0000   -7.500016988.5039   18.8320
    0.0000    0.0000   -7.500017685.4980   18.8259
    7.5000    0.0000   -7.500016820.8379   18.7976
   -7.5000    7.5000   -7.500016453.3867   18.8568
    0.0000    7.5000   -7.500017182.0469   18.8444
    7.5000    7.5000   -7.500016289.7754   18.8121
   -7.5000   15.0000   -7.500015768.6348   18.8532
    0.0000   15.0000   -7.500016518.3613   18.8397
    7.5000   15.0000   -7.500015606.7334   18.8061
   -7.5000   22.5000   -7.500014876.7207   18.8100
    0.0000   22.5000   -7.500015623.6143   18.8019
    7.5000   22.5000   -7.500014742.1221   18.7712
   -7.5000   30.0000   -7.500013911.5908   18.5485
    0.0000   30.0000   -7.500014645.7852   18.5471
    7.5000   30.0000   -7.500013836.7988   18.5200
   -7.5000   37.5000   -7.500013349.2871   18.5582
    0.0000   37.5000   -7.500014076.0488   18.5577
    7.5000   37.5000   -7.500013292.4004   18.5317
   -7.5000   45.0000   -7.500012168.2568   18.1660
    0.0000   45.0000   -7.500012857.1826   18.1600
    7.5000   45.0000   -7.500012132.9570   18.1325
   -7.5000  -45.0000    0.000011394.1416   18.8543
    0.0000  -45.0000    0.000011955.8105   18.8536
    7.5000  -45.0000    0.000011431.1182   18.8355
   -7.5000  -37.5000    0.000012234.4883   18.8761
    0.0000  -37.5000    0.000012798.7207   18.8682
    7.5000  -37.5000    0.000012261.3867   18.8469
   -7.5000  -30.0000    0.000013512.2607   18.8798
    0.0000  -30.0000    0.000014213.4854   18.8683
    7.5000  -30.0000    0.000013596.9355   18.8479
   -7.5000  -22.5000    0.000014847.0303   18.8487
    0.0000  -22.5000    0.000015820.1709   18.8415
    7.5000  -22.5000    0.000015035.3379   18.8257
   -7.5000  -15.0000    0.000016188.6533   18.8179
    0.0000  -15.0000    0.000017372.2715   18.8184
    7.5000  -15.0000    0.000016412.7852   18.8053
   -7.5000   -7.5000    0.000017345.4258   18.8205
    0.0000   -7.5000    0.000018510.7070   18.8239
    7.5000   -7.5000    0.000017396.6543   18.8095
   -7.5000    0.0000    0.000018105.6406   18.8476
    0.0000    0.0000    0.000019238.7734   18.8469
    7.5000    0.0000    0.000017990.2812   18.8289
   -7.5000    7.5000    0.000017465.6836   18.8761
    0.0000    7.5000    0.000018528.9160   18.8682
    7.5000    7.5000    0.000017303.1191   18.8469
   -7.5000   15.0000    0.000016690.3594   18.8798
    0.0000   15.0000    0.000017662.4004   18.8683
    7.5000   15.0000    0.000016519.3672   18.8479
   -7.5000   22.5000    0.000015710.3389   18.8400
    0.0000   22.5000    0.000016598.3867   18.8328
    7.5000   22.5000    0.000015580.5703   18.8171
   -7.5000   30.0000    0.000014651.1455   18.5744
    0.0000   30.0000    0.000015504.6904   18.5749
    7.5000   30.0000    0.000014568.9727   18.5620
   -7.5000   37.5000    0.000014064.7607   18.5770
    0.0000   37.5000    0.000014893.8584   18.5803
    7.5000   37.5000    0.000013991.6143   18.5661
   -7.5000   45.0000    0.000012872.0557   18.1828
    0.0000   45.0000    0.000013623.3301   18.1820
    7.5000   45.0000    0.000012809.0039   18.1644
   -7.5000  -45.0000    7.500010912.6777   18.9062
    0.0000  -45.0000    7.500011523.4033   18.8995
    7.5000  -45.0000    7.500010976.9990   18.8836
   -7.5000  -37.5000    7.500011712.1445   18.9250
    0.0000  -37.5000    7.500012412.2109   18.9107
    7.5000  -37.5000    7.500011776.9326   18.8920
   -7.5000  -30.0000    7.500012977.9414   18.9359
    0.0000  -30.0000    7.500013787.4443   18.9159
    7.5000  -30.0000    7.500013023.0146   18.8970
   -7.5000  -22.5000    7.500014256.2451   18.9162
    0.0000  -22.5000    7.500015309.8193   18.8993
    7.5000  -22.5000    7.500014365.0332   18.8838
   -7.5000  -15.0000    7.500015591.9268   18.8893
    0.0000  -15.0000    7.500016942.4492   18.8810
    7.5000  -15.0000    7.500015747.1709   18.8679
   -7.5000   -7.5000    7.500016790.4883   18.8835
    0.0000   -7.5000    7.500018248.7441   18.8795
    7.5000   -7.5000    7.500016857.1113   18.8661
   -7.5000    0.0000    7.500017585.0000   18.8994
    0.0000    0.0000    7.500018938.5176   18.8927
    7.5000    0.0000    7.500017512.0957   18.8768
   -7.5000    7.5000    7.500016884.0977   18.9250
    0.0000    7.5000    7.500018015.2441   18.9107
    7.5000    7.5000    7.500016800.9688   18.8920
   -7.5000   15.0000    7.500016074.0146   18.9359
    0.0000   15.0000    7.500017060.4570   18.9159
    7.5000   15.0000    7.500015979.2422   18.8970
   -7.5000   22.5000    7.500015179.0137   18.9075
    0.0000   22.5000    7.500016063.6963   18.8906
    7.5000   22.5000    7.500015068.7080   18.8751
   -7.5000   30.0000    7.500014181.6064   18.6448
    0.0000   30.0000    7.500015043.9414   18.6366
    7.5000   30.0000    7.500014094.9102   18.6238
   -7.5000   37.5000    7.500013692.6465   18.6391
    0.0000   37.5000    7.500014491.6807   18.6352
    7.5000   37.5000    7.500013588.5811   18.6219
   -7.5000   45.0000    7.500012550.7871   18.2331
    0.0000   45.0000    7.500013275.9502   18.2266
    7.5000   45.0000    7.500012461.3623   18.2110
   -7.5000  -45.0000   15.000010399.7861   18.9818
    0.0000  -45.0000   15.000010969.1709   18.9667
    7.5000  -45.0000   15.000010427.4121   18.9450
   -7.5000  -37.5000   15.000011172.1230   18.9930
    0.0000  -37.5000   15.000011791.4990   18.9705
    7.5000  -37.5000   15.000011206.9453   18.9457
   -7.5000  -30.0000   15.000012378.2988   19.0029
    0.0000  -30.0000   15.000013085.8945   18.9744
    7.5000  -30.0000   15.000012371.7109   18.9468
   -7.5000  -22.5000   15.000013588.8789   18.9906
    0.0000  -22.5000   15.000014494.2705   18.9654
    7.5000  -22.5000   15.000013610.8652   18.9385
   -7.5000  -15.0000   15.000014835.9619   18.9721
    0.0000  -15.0000   15.000016011.9883   18.9560
    7.5000  -15.0000   15.000014888.3896   18.9321
   -7.5000   -7.5000   15.000015975.6660   18.9663
    0.0000   -7.5000   15.000017136.2578   18.9543
    7.5000   -7.5000   15.000015927.5166   18.9329
   -7.5000    0.0000   15.000016619.3652   18.9749
    0.0000    0.0000   15.000017580.7129   18.9598
    7.5000    0.0000   15.000016485.0605   18.9382
   -7.5000    7.5000   15.000015982.7412   18.9930
    0.0000    7.5000   15.000016868.6621   18.9705
    7.5000    7.5000   15.000015890.9131   18.9457
   -7.5000   15.0000   15.000015300.8311   19.0029
    0.0000   15.0000   15.000016160.8711   18.9744
    7.5000   15.0000   15.000015196.7998   18.9468
   -7.5000   22.5000   15.000014469.1416   18.9819
    0.0000   22.5000   15.000015301.1680   18.9567
    7.5000   22.5000   15.000014369.6055   18.9298
   -7.5000   30.0000   15.000013533.5361   18.7265
    0.0000   30.0000   15.000014339.9922   18.7106
    7.5000   30.0000   15.000013432.2529   18.6871
   -7.5000   37.5000   15.000013058.4424   18.7208
    0.0000   37.5000   15.000013825.6152   18.7090
    7.5000   37.5000   15.000012925.1436   18.6879
   -7.5000   45.0000   15.000011938.0713   18.3059
    0.0000   45.0000   15.000012642.0498   18.2912
    7.5000   45.0000   15.000011804.7861   18.2702
   -7.5000  -45.0000   22.5000 9812.1553   19.1248
    0.0000  -45.0000   22.500010334.8604   19.1050
    7.5000  -45.0000   22.5000 9792.8711   19.0733
   -7.5000  -37.5000   22.500010545.0674   19.1334
    0.0000  -37.5000   22.500011108.8877   19.1073
    7.5000  -37.5000   22.500010515.3398   19.0720
   -7.5000  -30.0000   22.500011683.0762   19.1357
    0.0000  -30.0000   22.500012335.6895   19.1061
    7.5000  -30.0000   22.500011629.1621   19.0662
   -7.5000  -22.5000   22.500012814.0781   19.1179
    0.0000  -22.5000   22.500013622.6377   19.0925
    7.5000  -22.5000   22.500012757.1465   19.0515
   -7.5000  -15.0000   22.500013920.9033   19.1022
    0.0000  -15.0000   22.500014914.8516   19.0848
    7.5000  -15.0000   22.500013934.4199   19.0466
   -7.5000   -7.5000   22.500014903.9189   19.1043
    0.0000   -7.5000   22.500015827.1729   19.0890
    7.5000   -7.5000   22.500014899.6582   19.0556
   -7.5000    0.0000   22.500015497.8135   19.1177
    0.0000    0.0000   22.500016247.8838   19.0979
    7.5000    0.0000   22.500015387.4912   19.0663
   -7.5000    7.5000   22.500015009.5674   19.1334
    0.0000    7.5000   22.500015739.0957   19.1073
    7.5000    7.5000   22.500014881.0127   19.0720
   -7.5000   15.0000   22.500014470.6904   19.1357
    0.0000   15.0000   22.500015204.5996   19.1061
    7.5000   15.0000   22.500014312.0371   19.0662
   -7.5000   22.5000   22.500013670.0732   19.1091
    0.0000   22.5000   22.500014391.9746   19.0837
    7.5000   22.5000   22.500013512.2461   19.0427
   -7.5000   30.0000   22.500012780.6738   18.8550
    0.0000   30.0000   22.500013462.6436   18.8378
    7.5000   30.0000   22.500012634.2627   18.8001
   -7.5000   37.5000   22.500012294.1553   18.8570
    0.0000   37.5000   22.500012971.0977   18.8420
    7.5000   37.5000   22.500012141.7646   18.8090
   -7.5000   45.0000   22.500011212.2109   18.4434
    0.0000   45.0000   22.500011813.9453   18.4242
    7.5000   45.0000   22.500011097.5029   18.3935
   -7.5000  -45.0000   30.0000 9224.2793   19.4658
    0.0000  -45.0000   30.0000 9694.8867   19.4456
    7.5000  -45.0000   30.0000 9165.7363   19.4061
   -7.5000  -37.5000   30.0000 9914.0508   19.4767
    0.0000  -37.5000   30.000010405.4736   19.4507
    7.5000  -37.5000   30.0000 9850.6738   19.4076
   -7.5000  -30.0000   30.000010982.2070   19.4711
    0.0000  -30.0000   30.000011537.7256   19.4441
    7.5000  -30.0000   30.000010897.9795   19.3970
   -7.5000  -22.5000   30.000012007.3057   19.4417
    0.0000  -22.5000   30.000012659.5986   19.4201
    7.5000  -22.5000   30.000011936.7979   19.3726
   -7.5000  -15.0000   30.000012976.9570   19.4227
    0.0000  -15.0000   30.000013783.0498   19.4081
    7.5000  -15.0000   30.000013004.1387   19.3634
   -7.5000   -7.5000   30.000013853.0469   19.4338
    0.0000   -7.5000   30.000014584.1035   19.4197
    7.5000   -7.5000   30.000013863.7715   19.3792
   -7.5000    0.0000   30.000014405.0449   19.4585
    0.0000    0.0000   30.000015052.5635   19.4383
    7.5000    0.0000   30.000014328.5908   19.3989
   -7.5000    7.5000   30.000014008.3242   19.4767
    0.0000    7.5000   30.000014688.5303   19.4507
    7.5000    7.5000   30.000013890.9336   19.4076
   -7.5000   15.0000   30.000013533.5742   19.4711
    0.0000   15.0000   30.000014226.9355   19.4441
    7.5000   15.0000   30.000013373.5557   19.3970
   -7.5000   22.5000   30.000012800.3125   19.4328
    0.0000   22.5000   30.000013439.7041   19.4112
    7.5000   22.5000   30.000012628.8818   19.3637
   -7.5000   30.0000   30.000011943.2979   19.1713
    0.0000   30.0000   30.000012546.8369   19.1569
    7.5000   30.0000   30.000011793.9355   19.1128
   -7.5000   37.5000   30.000011472.4502   19.1823
    0.0000   37.5000   30.000012036.3691   19.1684
    7.5000   37.5000   30.000011319.0361   19.1284
   -7.5000   45.0000   30.000010453.9658   18.7721
    0.0000   45.0000   30.000010962.1113   18.7525
    7.5000   45.0000   30.000010322.6006   18.7143
   -7.5000  -45.0000   37.5000 8953.3594   19.9194
    0.0000  -45.0000   37.5000 9397.4932   19.9046
    7.5000  -45.0000   37.5000 8916.0576   19.8690
   -7.5000  -37.5000   37.5000 9616.3623   19.9366
    0.0000  -37.5000   37.500010059.7607   19.9145
    7.5000  -37.5000   37.5000 9559.7119   19.8752
   -7.5000  -30.0000   37.500010620.0205   19.9306
    0.0000  -30.0000   37.500011111.1309   19.9067
    7.5000  -30.0000   37.500010543.5078   19.8661
   -7.5000  -22.5000   37.500011599.9863   19.8932
    0.0000  -22.5000   37.500012149.8096   19.8752
    7.5000  -22.5000   37.500011555.2393   19.8371
   -7.5000  -15.0000   37.500012496.8164   19.8665
    0.0000  -15.0000   37.500013155.5127   19.8566
    7.5000  -15.0000   37.500012549.1758   19.8210
   -7.5000   -7.5000   37.500013317.3770   19.8791
    0.0000   -7.5000   37.500013905.6367   19.8705
    7.5000   -7.5000   37.500013312.9238   19.8364
   -7.5000    0.0000   37.500013881.0039   19.9118
    0.0000    0.0000   37.500014459.4844   19.8970
    7.5000    0.0000   37.500013815.3359   19.8615
   -7.5000    7.5000   37.500013513.3242   19.9366
    0.0000    7.5000   37.500014134.4502   19.9145
    7.5000    7.5000   37.500013412.0781   19.8752
   -7.5000   15.0000   37.500013023.9326   19.9306
    0.0000   15.0000   37.500013644.3643   19.9067
    7.5000   15.0000   37.500012904.4736   19.8661
   -7.5000   22.5000   37.500012370.1797   19.8840
    0.0000   22.5000   37.500012948.4961   19.8661
    7.5000   22.5000   37.500012216.9492   19.8279
   -7.5000   30.0000   37.500011536.3975   19.6094
    0.0000   30.0000   37.500012074.7891   19.5996
    7.5000   30.0000   37.500011389.7051   19.5645
   -7.5000   37.5000   37.500011055.1934   19.6218
    0.0000   37.5000   37.500011589.3467   19.6134
    7.5000   37.5000   37.500010929.9258   19.5796
   -7.5000   45.0000   37.500010059.2158   19.2100
    0.0000   45.0000   37.500010552.9531   19.1956
    7.5000   45.0000   37.5000 9952.1650   19.1611
   -7.5000  -45.0000   45.0000 8280.8467   20.4115
    0.0000  -45.0000   45.0000 8679.2080   20.4004
    7.5000  -45.0000   45.0000 8270.4473   20.3681
   -7.5000  -37.5000   45.0000 8886.3779   20.4331
    0.0000  -37.5000   45.0000 9277.3994   20.4143
    7.5000  -37.5000   45.0000 8857.5195   20.3797
   -7.5000  -30.0000   45.0000 9810.4863   20.4331
    0.0000  -30.0000   45.000010208.1387   20.4096
    7.5000  -30.0000   45.0000 9776.2422   20.3766
   -7.5000  -22.5000   45.000010696.9844   20.3964
    0.0000  -22.5000   45.000011161.2773   20.3767
    7.5000  -22.5000   45.000010690.8057   20.3482
   -7.5000  -15.0000   45.000011525.6826   20.3640
    0.0000  -15.0000   45.000012073.4043   20.3529
    7.5000  -15.0000   45.000011564.5996   20.3258
   -7.5000   -7.5000   45.000012241.2246   20.3712
    0.0000   -7.5000   45.000012761.1299   20.3639
    7.5000   -7.5000   45.000012238.0078   20.3349
   -7.5000    0.0000   45.000012777.3066   20.4035
    0.0000    0.0000   45.000013330.4336   20.3925
    7.5000    0.0000   45.000012735.2422   20.3603
   -7.5000    7.5000   45.000012451.4404   20.4331
    0.0000    7.5000   45.000013011.7246   20.4143
    7.5000    7.5000   45.000012379.8965   20.3797
   -7.5000   15.0000   45.000011975.9453   20.4331
    0.0000   15.0000   45.000012519.1445   20.4096
    7.5000   15.0000   45.000011894.6553   20.3766
   -7.5000   22.5000   45.000011384.3867   20.3869
    0.0000   22.5000   45.000011911.6416   20.3673
    7.5000   22.5000   45.000011291.7910   20.3387
   -7.5000   30.0000   45.000010627.2051   20.0987
    0.0000   30.0000   45.000011128.1006   20.0877
    7.5000   30.0000   45.000010533.3135   20.0610
   -7.5000   37.5000   45.000010186.8633   20.1058
    0.0000   37.5000   45.000010675.4609   20.0986
    7.5000   37.5000   45.000010086.7275   20.0700
   -7.5000   45.0000   45.0000 9241.4121   19.6943
    0.0000   45.0000   45.0000 9688.1670   19.6835
    7.5000   45.0000   45.0000 9147.6182   19.6522

---------------------------------------------------------------------
imgreg_4dfp /opt/freesurfer/average/711-2C_as_mni_average_305 /opt/freesurfer/average/711-2B_as_mni_average_305_mask talsrcimg_g11 none talsrcimg_to_711-2C_as_mni_average_305_t4 4355
---------------------------------------------------------------------

freesurfer imgreg_4dfp.c
/opt/freesurfer/average/711-2C_as_mni_average_305.4dfp.img
       256       256       256         1
  1.000000  1.000000  1.000000
orientation T byte_order littleendian
Reading image: /opt/freesurfer/average/711-2C_as_mni_average_305.4dfp.img
dimensions:      256       256       256
mmppix:       1.0000   -1.0000   -1.0000
center:     128.0000 -129.0000 -129.0000
/opt/freesurfer/average/711-2B_as_mni_average_305_mask.4dfp.img
       256       256       256         1
  1.000000  1.000000  1.000000
orientation T byte_order littleendian
Reading mask: /opt/freesurfer/average/711-2B_as_mni_average_305_mask.4dfp.img (2306576 pixels)
talsrcimg_g11.4dfp.img
       256       256       256         1
  1.000000  1.000000  1.000000
orientation T byte_order littleendian
Reading image: talsrcimg_g11.4dfp.img
dimensions:      256       256       256
mmppix:       1.0000   -1.0000   -1.0000
center:     128.0000 -129.0000 -129.0000
rotation matrix determinant  1.000000
image alignment mode   4355 decimal     1103 hex
   -7.5000  -45.0000  -45.0000 2287.8752   20.9274
    0.0000  -45.0000  -45.0000 2298.8010   20.8218
    7.5000  -45.0000  -45.0000 2290.7104   20.8057
   -7.5000  -37.5000  -45.0000 2366.5273   19.2441
    0.0000  -37.5000  -45.0000 2384.5684   19.1126
    7.5000  -37.5000  -45.0000 2367.7371   19.1063
   -7.5000  -30.0000  -45.0000 2419.2324   18.1220
    0.0000  -30.0000  -45.0000 2440.1943   17.9464
    7.5000  -30.0000  -45.0000 2422.6240   17.9893
   -7.5000  -22.5000  -45.0000 2450.8127   17.3508
    0.0000  -22.5000  -45.0000 2478.9194   17.1784
    7.5000  -22.5000  -45.0000 2460.8574   17.2335
   -7.5000  -15.0000  -45.0000 2481.4431   16.8478
    0.0000  -15.0000  -45.0000 2504.4868   16.6940
    7.5000  -15.0000  -45.0000 2490.3000   16.7360
   -7.5000   -7.5000  -45.0000 2488.9106   16.7159
    0.0000   -7.5000  -45.0000 2519.8826   16.5409
    7.5000   -7.5000  -45.0000 2506.1414   16.5505
   -7.5000    0.0000  -45.0000 2475.0620   16.9130
    0.0000    0.0000  -45.0000 2507.0120   16.7223
    7.5000    0.0000  -45.0000 2499.8525   16.7210
   -7.5000    7.5000  -45.0000 2444.7161   17.3357
    0.0000    7.5000  -45.0000 2479.4136   17.1326
    7.5000    7.5000  -45.0000 2467.6904   17.1319
   -7.5000   15.0000  -45.0000 2386.6113   17.9912
    0.0000   15.0000  -45.0000 2420.6592   17.8148
    7.5000   15.0000  -45.0000 2411.0747   17.8010
   -7.5000   22.5000  -45.0000 2319.5942   19.0137
    0.0000   22.5000  -45.0000 2347.0637   18.8183
    7.5000   22.5000  -45.0000 2334.8835   18.8202
   -7.5000   30.0000  -45.0000 2230.8271   20.4457
    0.0000   30.0000  -45.0000 2254.4497   20.2036
    7.5000   30.0000  -45.0000 2246.7822   20.1769
   -7.5000   37.5000  -45.0000 2132.4944   22.2417
    0.0000   37.5000  -45.0000 2155.2190   21.9571
    7.5000   37.5000  -45.0000 2152.3630   21.9726
   -7.5000   45.0000  -45.0000 2019.8672   24.6036
    0.0000   45.0000  -45.0000 2044.3036   24.3224
    7.5000   45.0000  -45.0000 2035.7612   24.3592
   -7.5000  -45.0000  -37.5000 2353.2297   19.8720
    0.0000  -45.0000  -37.5000 2367.7190   19.7522
    7.5000  -45.0000  -37.5000 2359.8269   19.7150
   -7.5000  -37.5000  -37.5000 2445.0051   18.2780
    0.0000  -37.5000  -37.5000 2463.2532   18.1236
    7.5000  -37.5000  -37.5000 2448.0864   18.0951
   -7.5000  -30.0000  -37.5000 2501.8943   17.1335
    0.0000  -30.0000  -37.5000 2522.4041   16.9317
    7.5000  -30.0000  -37.5000 2511.1978   16.9610
   -7.5000  -22.5000  -37.5000 2544.8440   16.3241
    0.0000  -22.5000  -37.5000 2570.6194   16.1194
    7.5000  -22.5000  -37.5000 2558.2729   16.1747
   -7.5000  -15.0000  -37.5000 2575.8640   15.8054
    0.0000  -15.0000  -37.5000 2601.7175   15.6355
    7.5000  -15.0000  -37.5000 2584.5024   15.6736
   -7.5000   -7.5000  -37.5000 2586.0107   15.6025
    0.0000   -7.5000  -37.5000 2615.6416   15.4217
    7.5000   -7.5000  -37.5000 2601.6282   15.4726
   -7.5000    0.0000  -37.5000 2572.6848   15.7441
    0.0000    0.0000  -37.5000 2606.3572   15.5692
    7.5000    0.0000  -37.5000 2594.8840   15.5805
   -7.5000    7.5000  -37.5000 2537.5784   16.0847
    0.0000    7.5000  -37.5000 2569.1570   15.9026
    7.5000    7.5000  -37.5000 2560.7539   15.9219
   -7.5000   15.0000  -37.5000 2480.8135   16.7067
    0.0000   15.0000  -37.5000 2513.8081   16.5214
    7.5000   15.0000  -37.5000 2506.1748   16.5183
   -7.5000   22.5000  -37.5000 2413.8579   17.6127
    0.0000   22.5000  -37.5000 2439.6626   17.4159
    7.5000   22.5000  -37.5000 2431.9346   17.4195
   -7.5000   30.0000  -37.5000 2322.4270   18.8909
    0.0000   30.0000  -37.5000 2350.1272   18.6996
    7.5000   30.0000  -37.5000 2343.6448   18.6715
   -7.5000   37.5000  -37.5000 2218.2275   20.5671
    0.0000   37.5000  -37.5000 2242.7852   20.3449
    7.5000   37.5000  -37.5000 2235.8052   20.3566
   -7.5000   45.0000  -37.5000 2098.3384   22.7245
    0.0000   45.0000  -37.5000 2120.9387   22.4926
    7.5000   45.0000  -37.5000 2111.5916   22.5072
   -7.5000  -45.0000  -30.0000 2457.3181   19.6902
    0.0000  -45.0000  -30.0000 2475.4980   19.4981
    7.5000  -45.0000  -30.0000 2468.2053   19.4840
   -7.5000  -37.5000  -30.0000 2550.0098   18.0307
    0.0000  -37.5000  -30.0000 2571.7148   17.8165
    7.5000  -37.5000  -30.0000 2562.8679   17.7946
   -7.5000  -30.0000  -30.0000 2621.2002   16.7962
    0.0000  -30.0000  -30.0000 2644.3088   16.5682
    7.5000  -30.0000  -30.0000 2640.6824   16.5669
   -7.5000  -22.5000  -30.0000 2676.5242   15.9161
    0.0000  -22.5000  -30.0000 2697.9841   15.6966
    7.5000  -22.5000  -30.0000 2695.4766   15.7072
   -7.5000  -15.0000  -30.0000 2707.6887   15.3494
    0.0000  -15.0000  -30.0000 2735.9109   15.1541
    7.5000  -15.0000  -30.0000 2728.7720   15.2026
   -7.5000   -7.5000  -30.0000 2717.5361   15.1175
    0.0000   -7.5000  -30.0000 2745.0566   14.9003
    7.5000   -7.5000  -30.0000 2741.0310   14.9563
   -7.5000    0.0000  -30.0000 2710.5085   15.2376
    0.0000    0.0000  -30.0000 2744.5845   15.0094
    7.5000    0.0000  -30.0000 2738.2229   15.0442
   -7.5000    7.5000  -30.0000 2680.7856   15.5099
    0.0000    7.5000  -30.0000 2709.0544   15.3008
    7.5000    7.5000  -30.0000 2703.6404   15.3358
   -7.5000   15.0000  -30.0000 2625.4507   16.0910
    0.0000   15.0000  -30.0000 2653.6819   15.8811
    7.5000   15.0000  -30.0000 2651.1272   15.8736
   -7.5000   22.5000  -30.0000 2549.9614   16.9520
    0.0000   22.5000  -30.0000 2578.2646   16.7413
    7.5000   22.5000  -30.0000 2575.0291   16.7368
   -7.5000   30.0000  -30.0000 2456.0203   18.1523
    0.0000   30.0000  -30.0000 2488.9336   17.9533
    7.5000   30.0000  -30.0000 2485.2979   17.9208
   -7.5000   37.5000  -30.0000 2345.1685   19.7584
    0.0000   37.5000  -30.0000 2371.3821   19.5154
    7.5000   37.5000  -30.0000 2366.4077   19.5259
   -7.5000   45.0000  -30.0000 2216.1802   21.8395
    0.0000   45.0000  -30.0000 2237.7783   21.5989
    7.5000   45.0000  -30.0000 2228.7368   21.6060
   -7.5000  -45.0000  -22.5000 2524.2153   19.3917
    0.0000  -45.0000  -22.5000 2544.5647   19.1302
    7.5000  -45.0000  -22.5000 2534.4502   19.1670
   -7.5000  -37.5000  -22.5000 2621.8188   17.6617
    0.0000  -37.5000  -22.5000 2645.8733   17.4027
    7.5000  -37.5000  -22.5000 2637.0569   17.4156
   -7.5000  -30.0000  -22.5000 2711.8054   16.3340
    0.0000  -30.0000  -22.5000 2733.1294   16.0888
    7.5000  -30.0000  -22.5000 2730.3220   16.0870
   -7.5000  -22.5000  -22.5000 2767.8662   15.4035
    0.0000  -22.5000  -22.5000 2793.8376   15.1759
    7.5000  -22.5000  -22.5000 2789.0024   15.1477
   -7.5000  -15.0000  -22.5000 2803.4631   14.7886
    0.0000  -15.0000  -22.5000 2832.0891   14.5103
    7.5000  -15.0000  -22.5000 2828.1360   14.5436
   -7.5000   -7.5000  -22.5000 2818.6499   14.5098
    0.0000   -7.5000  -22.5000 2842.6746   14.2388
    7.5000   -7.5000  -22.5000 2841.1555   14.2732
   -7.5000    0.0000  -22.5000 2815.0847   14.5807
    0.0000    0.0000  -22.5000 2842.9219   14.2993
    7.5000    0.0000  -22.5000 2843.2964   14.3311
   -7.5000    7.5000  -22.5000 2784.8777   14.8506
    0.0000    7.5000  -22.5000 2811.9229   14.5909
    7.5000    7.5000  -22.5000 2810.4207   14.6309
   -7.5000   15.0000  -22.5000 2731.7583   15.4400
    0.0000   15.0000  -22.5000 2761.2600   15.1889
    7.5000   15.0000  -22.5000 2754.3071   15.1725
   -7.5000   22.5000  -22.5000 2657.9868   16.2572
    0.0000   22.5000  -22.5000 2687.4202   16.0009
    7.5000   22.5000  -22.5000 2681.8188   16.0067
   -7.5000   30.0000  -22.5000 2557.6426   17.3629
    0.0000   30.0000  -22.5000 2590.0322   17.1041
    7.5000   30.0000  -22.5000 2589.5503   17.1231
   -7.5000   37.5000  -22.5000 2439.8345   18.8967
    0.0000   37.5000  -22.5000 2469.0442   18.6108
    7.5000   37.5000  -22.5000 2466.9341   18.6486
   -7.5000   45.0000  -22.5000 2304.5583   20.9071
    0.0000   45.0000  -22.5000 2328.8167   20.5987
    7.5000   45.0000  -22.5000 2321.3970   20.6307
   -7.5000  -45.0000  -15.0000 2554.5078   19.1301
    0.0000  -45.0000  -15.0000 2574.0051   18.7757
    7.5000  -45.0000  -15.0000 2558.3801   18.8347
   -7.5000  -37.5000  -15.0000 2657.3640   17.3367
    0.0000  -37.5000  -15.0000 2678.4680   17.0211
    7.5000  -37.5000  -15.0000 2664.1609   17.0652
   -7.5000  -30.0000  -15.0000 2751.6633   15.9397
    0.0000  -30.0000  -15.0000 2771.9275   15.6678
    7.5000  -30.0000  -15.0000 2760.9895   15.6434
   -7.5000  -22.5000  -15.0000 2823.9060   14.9421
    0.0000  -22.5000  -15.0000 2848.0049   14.6725
    7.5000  -22.5000  -15.0000 2842.3718   14.6443
   -7.5000  -15.0000  -15.0000 2860.6018   14.2725
    0.0000  -15.0000  -15.0000 2886.8110   13.9228
    7.5000  -15.0000  -15.0000 2883.7402   13.9762
   -7.5000   -7.5000  -15.0000 2880.8567   13.9234
    0.0000   -7.5000  -15.0000 2901.6028   13.5356
    7.5000   -7.5000  -15.0000 2893.7817   13.6334
   -7.5000    0.0000  -15.0000 2874.5249   13.9449
    0.0000    0.0000  -15.0000 2897.7051   13.6037
    7.5000    0.0000  -15.0000 2896.9482   13.6565
   -7.5000    7.5000  -15.0000 2846.9902   14.2316
    0.0000    7.5000  -15.0000 2872.4998   13.9108
    7.5000    7.5000  -15.0000 2871.2888   13.9806
   -7.5000   15.0000  -15.0000 2794.5642   14.8292
    0.0000   15.0000  -15.0000 2823.6440   14.5064
    7.5000   15.0000  -15.0000 2813.5649   14.5442
   -7.5000   22.5000  -15.0000 2728.3577   15.6174
    0.0000   22.5000  -15.0000 2752.8604   15.2906
    7.5000   22.5000  -15.0000 2740.9241   15.3317
   -7.5000   30.0000  -15.0000 2629.1094   16.7127
    0.0000   30.0000  -15.0000 2655.7825   16.3886
    7.5000   30.0000  -15.0000 2648.8850   16.4413
   -7.5000   37.5000  -15.0000 2510.4590   18.1715
    0.0000   37.5000  -15.0000 2538.7520   17.8526
    7.5000   37.5000  -15.0000 2529.2119   17.9032
   -7.5000   45.0000  -15.0000 2371.5762   20.0946
    0.0000   45.0000  -15.0000 2400.9207   19.7727
    7.5000   45.0000  -15.0000 2383.5725   19.8135
   -7.5000  -45.0000   -7.5000 2553.2710   18.8874
    0.0000  -45.0000   -7.5000 2574.6636   18.5631
    7.5000  -45.0000   -7.5000 2566.9893   18.6238
   -7.5000  -37.5000   -7.5000 2659.2505   17.0610
    0.0000  -37.5000   -7.5000 2680.6792   16.7647
    7.5000  -37.5000   -7.5000 2673.5535   16.7693
   -7.5000  -30.0000   -7.5000 2751.8440   15.6066
    0.0000  -30.0000   -7.5000 2777.3113   15.3568
    7.5000  -30.0000   -7.5000 2769.4377   15.3232
   -7.5000  -22.5000   -7.5000 2839.6633   14.5255
    0.0000  -22.5000   -7.5000 2869.1558   14.3475
    7.5000  -22.5000   -7.5000 2858.1633   14.2788
   -7.5000  -15.0000   -7.5000 2886.5859   13.9165
    0.0000  -15.0000   -7.5000 2918.9827   13.6546
    7.5000  -15.0000   -7.5000 2908.9797   13.6655
   -7.5000   -7.5000   -7.5000 2910.4175   13.5117
    0.0000   -7.5000   -7.5000 2931.9053   13.1364
    7.5000   -7.5000   -7.5000 2922.8237   13.2503
   -7.5000    0.0000   -7.5000 2903.4612   13.4312
    0.0000    0.0000   -7.5000 2927.6182   13.0861
    7.5000    0.0000   -7.5000 2918.9763   13.1760
   -7.5000    7.5000   -7.5000 2880.6748   13.7149
    0.0000    7.5000   -7.5000 2904.2915   13.4108
    7.5000    7.5000   -7.5000 2899.5166   13.4625
   -7.5000   15.0000   -7.5000 2835.6934   14.2780
    0.0000   15.0000   -7.5000 2865.7009   13.9978
    7.5000   15.0000   -7.5000 2851.7554   14.0270
   -7.5000   22.5000   -7.5000 2770.6885   15.0569
    0.0000   22.5000   -7.5000 2799.7668   14.8079
    7.5000   22.5000   -7.5000 2783.8687   14.8140
   -7.5000   30.0000   -7.5000 2672.8594   16.1412
    0.0000   30.0000   -7.5000 2704.1172   15.9333
    7.5000   30.0000   -7.5000 2691.4978   15.9513
   -7.5000   37.5000   -7.5000 2562.8137   17.6238
    0.0000   37.5000   -7.5000 2590.7429   17.3848
    7.5000   37.5000   -7.5000 2580.2915   17.4184
   -7.5000   45.0000   -7.5000 2425.4768   19.5400
    0.0000   45.0000   -7.5000 2451.4534   19.3105
    7.5000   45.0000   -7.5000 2434.4656   19.3107
   -7.5000  -45.0000    0.0000 2535.0667   18.8935
    0.0000  -45.0000    0.0000 2551.0710   18.6215
    7.5000  -45.0000    0.0000 2544.6340   18.6135
   -7.5000  -37.5000    0.0000 2640.5366   17.0003
    0.0000  -37.5000    0.0000 2658.4321   16.7343
    7.5000  -37.5000    0.0000 2654.2671   16.7224
   -7.5000  -30.0000    0.0000 2735.2737   15.5259
    0.0000  -30.0000    0.0000 2756.0315   15.2834
    7.5000  -30.0000    0.0000 2755.2053   15.2806
   -7.5000  -22.5000    0.0000 2822.2585   14.4011
    0.0000  -22.5000    0.0000 2848.8293   14.2850
    7.5000  -22.5000    0.0000 2848.3733   14.2580
   -7.5000  -15.0000    0.0000 2885.0222   13.7566
    0.0000  -15.0000    0.0000 2925.2222   13.7338
    7.5000  -15.0000    0.0000 2910.6702   13.6466
   -7.5000   -7.5000    0.0000 2925.9792   13.3838
    0.0000   -7.5000    0.0000 2970.4922   13.2680
    7.5000   -7.5000    0.0000 2945.4058   13.2255
   -7.5000    0.0000    0.0000 2924.4951   13.1978
    0.0000    0.0000    0.0000 2958.3975   13.0028
    7.5000    0.0000    0.0000 2935.5833   13.0026
   -7.5000    7.5000    0.0000 2904.8301   13.4094
    0.0000    7.5000    0.0000 2934.6953   13.1985
    7.5000    7.5000    0.0000 2917.7871   13.2002
   -7.5000   15.0000    0.0000 2864.7974   13.9102
    0.0000   15.0000    0.0000 2891.3728   13.7243
    7.5000   15.0000    0.0000 2874.5959   13.7177
   -7.5000   22.5000    0.0000 2797.3701   14.6862
    0.0000   22.5000    0.0000 2822.4446   14.4894
    7.5000   22.5000    0.0000 2807.6648   14.5118
   -7.5000   30.0000    0.0000 2698.8201   15.8023
    0.0000   30.0000    0.0000 2729.1924   15.5940
    7.5000   30.0000    0.0000 2713.6116   15.6622
   -7.5000   37.5000    0.0000 2586.1985   17.3067
    0.0000   37.5000    0.0000 2614.9688   17.1263
    7.5000   37.5000    0.0000 2600.8477   17.1690
   -7.5000   45.0000    0.0000 2452.0845   19.1909
    0.0000   45.0000    0.0000 2479.8862   19.0630
    7.5000   45.0000    0.0000 2464.7217   19.0676
   -7.5000  -45.0000    7.5000 2498.5847   19.0153
    0.0000  -45.0000    7.5000 2516.0327   18.8790
    7.5000  -45.0000    7.5000 2505.3899   18.8553
   -7.5000  -37.5000    7.5000 2603.6545   17.1068
    0.0000  -37.5000    7.5000 2628.9707   17.0132
    7.5000  -37.5000    7.5000 2615.8071   16.9453
   -7.5000  -30.0000    7.5000 2706.4480   15.6701
    0.0000  -30.0000    7.5000 2735.8423   15.5852
    7.5000  -30.0000    7.5000 2719.6772   15.4999
   -7.5000  -22.5000    7.5000 2799.8589   14.5408
    0.0000  -22.5000    7.5000 2831.3887   14.5462
    7.5000  -22.5000    7.5000 2813.9260   14.4352
   -7.5000  -15.0000    7.5000 2879.5862   13.8268
    0.0000  -15.0000    7.5000 2925.4998   13.9243
    7.5000  -15.0000    7.5000 2896.2883   13.7691
   -7.5000   -7.5000    7.5000 2931.7979   13.4250
    0.0000   -7.5000    7.5000 2992.0056   13.4813
    7.5000   -7.5000    7.5000 2949.4412   13.3630
   -7.5000    0.0000    7.5000 2944.5862   13.2028
    0.0000    0.0000    7.5000 2995.0486   13.1247
    7.5000    0.0000    7.5000 2954.9468   13.1099
   -7.5000    7.5000    7.5000 2917.5520   13.3214
    0.0000    7.5000    7.5000 2951.4387   13.2169
    7.5000    7.5000    7.5000 2928.9666   13.2153
   -7.5000   15.0000    7.5000 2872.9319   13.7288
    0.0000   15.0000    7.5000 2894.7029   13.5596
    7.5000   15.0000    7.5000 2878.0354   13.6321
   -7.5000   22.5000    7.5000 2804.8708   14.5059
    0.0000   22.5000    7.5000 2822.9910   14.2914
    7.5000   22.5000    7.5000 2809.6182   14.4113
   -7.5000   30.0000    7.5000 2706.5808   15.6565
    0.0000   30.0000    7.5000 2733.9143   15.4584
    7.5000   30.0000    7.5000 2714.0327   15.5174
   -7.5000   37.5000    7.5000 2597.4333   17.2291
    0.0000   37.5000    7.5000 2618.8108   16.9948
    7.5000   37.5000    7.5000 2604.2078   17.0373
   -7.5000   45.0000    7.5000 2462.9255   19.1109
    0.0000   45.0000    7.5000 2482.1292   18.9347
    7.5000   45.0000    7.5000 2470.8481   18.9342
   -7.5000  -45.0000   15.0000 2453.4927   19.3847
    0.0000  -45.0000   15.0000 2470.8918   19.2435
    7.5000  -45.0000   15.0000 2457.9805   19.2350
   -7.5000  -37.5000   15.0000 2562.0503   17.4604
    0.0000  -37.5000   15.0000 2585.5427   17.3372
    7.5000  -37.5000   15.0000 2578.7131   17.3087
   -7.5000  -30.0000   15.0000 2670.4475   15.9518
    0.0000  -30.0000   15.0000 2697.3547   15.8278
    7.5000  -30.0000   15.0000 2686.3770   15.8049
   -7.5000  -22.5000   15.0000 2770.3005   14.7776
    0.0000  -22.5000   15.0000 2805.9148   14.7331
    7.5000  -22.5000   15.0000 2788.4890   14.6899
   -7.5000  -15.0000   15.0000 2856.5330   14.0011
    0.0000  -15.0000   15.0000 2904.4961   14.0220
    7.5000  -15.0000   15.0000 2875.4749   13.9343
   -7.5000   -7.5000   15.0000 2917.4036   13.5843
    0.0000   -7.5000   15.0000 2977.5215   13.5450
    7.5000   -7.5000   15.0000 2933.5898   13.5088
   -7.5000    0.0000   15.0000 2934.0347   13.2740
    0.0000    0.0000   15.0000 2983.3562   13.0941
    7.5000    0.0000   15.0000 2944.2554   13.1661
   -7.5000    7.5000   15.0000 2917.3540   13.3488
    0.0000    7.5000   15.0000 2948.1448   13.1412
    7.5000    7.5000   15.0000 2925.2629   13.2591
   -7.5000   15.0000   15.0000 2876.9553   13.8523
    0.0000   15.0000   15.0000 2899.1008   13.6332
    7.5000   15.0000   15.0000 2883.9988   13.7745
   -7.5000   22.5000   15.0000 2806.1135   14.6478
    0.0000   22.5000   15.0000 2825.2776   14.4804
    7.5000   22.5000   15.0000 2813.4727   14.5799
   -7.5000   30.0000   15.0000 2703.7322   15.7747
    0.0000   30.0000   15.0000 2725.6997   15.5929
    7.5000   30.0000   15.0000 2710.5249   15.6837
   -7.5000   37.5000   15.0000 2585.8325   17.3205
    0.0000   37.5000   15.0000 2606.5330   17.1273
    7.5000   37.5000   15.0000 2592.7344   17.1854
   -7.5000   45.0000   15.0000 2447.8701   19.2591
    0.0000   45.0000   15.0000 2468.0312   19.0825
    7.5000   45.0000   15.0000 2450.3884   19.0702
   -7.5000  -45.0000   22.5000 2404.1028   19.9022
    0.0000  -45.0000   22.5000 2424.9771   19.7677
    7.5000  -45.0000   22.5000 2411.3198   19.7945
   -7.5000  -37.5000   22.5000 2517.1699   17.8872
    0.0000  -37.5000   22.5000 2535.4878   17.7246
    7.5000  -37.5000   22.5000 2530.1438   17.7848
   -7.5000  -30.0000   22.5000 2632.1194   16.3118
    0.0000  -30.0000   22.5000 2653.5530   16.2061
    7.5000  -30.0000   22.5000 2646.7944   16.2491
   -7.5000  -22.5000   22.5000 2737.8325   15.1268
    0.0000  -22.5000   22.5000 2765.8535   15.0451
    7.5000  -22.5000   22.5000 2753.4260   15.0744
   -7.5000  -15.0000   22.5000 2828.5830   14.3174
    0.0000  -15.0000   22.5000 2864.5828   14.2502
    7.5000  -15.0000   22.5000 2841.2729   14.2777
   -7.5000   -7.5000   22.5000 2889.9939   13.8283
    0.0000   -7.5000   22.5000 2940.7556   13.7312
    7.5000   -7.5000   22.5000 2906.8862   13.8086
   -7.5000    0.0000   22.5000 2908.3562   13.4807
    0.0000    0.0000   22.5000 2948.6467   13.1909
    7.5000    0.0000   22.5000 2914.6418   13.4195
   -7.5000    7.5000   22.5000 2904.7175   13.5901
    0.0000    7.5000   22.5000 2933.0481   13.3121
    7.5000    7.5000   22.5000 2909.5759   13.5026
   -7.5000   15.0000   22.5000 2873.5454   14.1480
    0.0000   15.0000   22.5000 2897.9822   13.9843
    7.5000   15.0000   22.5000 2873.8320   14.0541
   -7.5000   22.5000   22.5000 2797.8091   14.9940
    0.0000   22.5000   22.5000 2818.9885   14.8358
    7.5000   22.5000   22.5000 2799.8623   14.8980
   -7.5000   30.0000   22.5000 2687.3523   16.1404
    0.0000   30.0000   22.5000 2707.8215   15.9643
    7.5000   30.0000   22.5000 2693.0103   16.0156
   -7.5000   37.5000   22.5000 2568.3218   17.6296
    0.0000   37.5000   22.5000 2592.9272   17.4434
    7.5000   37.5000   22.5000 2575.7559   17.5069
   -7.5000   45.0000   22.5000 2426.2654   19.5705
    0.0000   45.0000   22.5000 2443.5610   19.4274
    7.5000   45.0000   22.5000 2433.6274   19.4305
   -7.5000  -45.0000   30.0000 2355.2771   20.6314
    0.0000  -45.0000   30.0000 2369.7456   20.4486
    7.5000  -45.0000   30.0000 2360.4465   20.5822
   -7.5000  -37.5000   30.0000 2472.8972   18.4866
    0.0000  -37.5000   30.0000 2486.4514   18.2710
    7.5000  -37.5000   30.0000 2478.4885   18.4423
   -7.5000  -30.0000   30.0000 2591.4324   16.8524
    0.0000  -30.0000   30.0000 2605.5889   16.6677
    7.5000  -30.0000   30.0000 2597.5918   16.8410
   -7.5000  -22.5000   30.0000 2692.0386   15.6276
    0.0000  -22.5000   30.0000 2710.5857   15.4725
    7.5000  -22.5000   30.0000 2699.1875   15.6390
   -7.5000  -15.0000   30.0000 2779.1047   14.7718
    0.0000  -15.0000   30.0000 2807.9495   14.6401
    7.5000  -15.0000   30.0000 2789.2522   14.7758
   -7.5000   -7.5000   30.0000 2838.8506   14.2319
    0.0000   -7.5000   30.0000 2878.0659   14.0690
    7.5000   -7.5000   30.0000 2854.5190   14.2645
   -7.5000    0.0000   30.0000 2855.4382   13.9113
    0.0000    0.0000   30.0000 2886.0344   13.5848
    7.5000    0.0000   30.0000 2866.6245   13.8938
   -7.5000    7.5000   30.0000 2859.0498   14.0214
    0.0000    7.5000   30.0000 2889.3362   13.7965
    7.5000    7.5000   30.0000 2865.0347   13.9489
   -7.5000   15.0000   30.0000 2832.9724   14.6043
    0.0000   15.0000   30.0000 2863.3689   14.4346
    7.5000   15.0000   30.0000 2834.8923   14.5020
   -7.5000   22.5000   30.0000 2755.6946   15.4431
    0.0000   22.5000   30.0000 2781.1484   15.2940
    7.5000   22.5000   30.0000 2760.8455   15.3454
   -7.5000   30.0000   30.0000 2641.8701   16.5695
    0.0000   30.0000   30.0000 2666.9915   16.4504
    7.5000   30.0000   30.0000 2654.0667   16.4941
   -7.5000   37.5000   30.0000 2527.5291   18.0457
    0.0000   37.5000   30.0000 2548.3015   17.8871
    7.5000   37.5000   30.0000 2535.5911   17.9702
   -7.5000   45.0000   30.0000 2393.8928   20.0153
    0.0000   45.0000   30.0000 2413.0176   19.8850
    7.5000   45.0000   30.0000 2400.6692   19.9289
   -7.5000  -45.0000   37.5000 2306.3740   21.5163
    0.0000  -45.0000   37.5000 2318.3589   21.2663
    7.5000  -45.0000   37.5000 2311.0503   21.5764
   -7.5000  -37.5000   37.5000 2423.6294   19.2989
    0.0000  -37.5000   37.5000 2431.6553   18.9695
    7.5000  -37.5000   37.5000 2427.1719   19.3158
   -7.5000  -30.0000   37.5000 2532.8640   17.5950
    0.0000  -30.0000   37.5000 2543.5444   17.3213
    7.5000  -30.0000   37.5000 2535.7466   17.6167
   -7.5000  -22.5000   37.5000 2632.0889   16.2982
    0.0000  -22.5000   37.5000 2644.4922   16.0740
    7.5000  -22.5000   37.5000 2634.0066   16.3425
   -7.5000  -15.0000   37.5000 2712.8235   15.4001
    0.0000  -15.0000   37.5000 2729.8843   15.1907
    7.5000  -15.0000   37.5000 2725.1245   15.4488
   -7.5000   -7.5000   37.5000 2776.8413   14.8253
    0.0000   -7.5000   37.5000 2796.2458   14.5771
    7.5000   -7.5000   37.5000 2787.1445   14.8772
   -7.5000    0.0000   37.5000 2794.8237   14.5353
    0.0000    0.0000   37.5000 2808.8989   14.2557
    7.5000    0.0000   37.5000 2802.9182   14.5278
   -7.5000    7.5000   37.5000 2794.7205   14.6940
    0.0000    7.5000   37.5000 2816.7197   14.4638
    7.5000    7.5000   37.5000 2802.8882   14.6129
   -7.5000   15.0000   37.5000 2765.2673   15.2347
    0.0000   15.0000   37.5000 2786.0378   15.0346
    7.5000   15.0000   37.5000 2772.6921   15.1395
   -7.5000   22.5000   37.5000 2700.0356   16.0609
    0.0000   22.5000   37.5000 2721.0942   15.8775
    7.5000   22.5000   37.5000 2704.8818   15.9598
   -7.5000   30.0000   37.5000 2592.9126   17.1760
    0.0000   30.0000   37.5000 2612.6826   17.0313
    7.5000   30.0000   37.5000 2601.3501   17.1093
   -7.5000   37.5000   37.5000 2474.8567   18.7153
    0.0000   37.5000   37.5000 2501.5347   18.5566
    7.5000   37.5000   37.5000 2483.6516   18.6397
   -7.5000   45.0000   37.5000 2341.9475   20.6805
    0.0000   45.0000   37.5000 2366.0991   20.5259
    7.5000   45.0000   37.5000 2348.8472   20.6361
   -7.5000  -45.0000   45.0000 2244.7478   22.5765
    0.0000  -45.0000   45.0000 2253.8516   22.2608
    7.5000  -45.0000   45.0000 2252.5193   22.7587
   -7.5000  -37.5000   45.0000 2361.2751   20.3126
    0.0000  -37.5000   45.0000 2366.7139   19.9522
    7.5000  -37.5000   45.0000 2364.3516   20.4279
   -7.5000  -30.0000   45.0000 2468.7109   18.5292
    0.0000  -30.0000   45.0000 2473.6743   18.1992
    7.5000  -30.0000   45.0000 2468.6377   18.6138
   -7.5000  -22.5000   45.0000 2562.2256   17.1455
    0.0000  -22.5000   45.0000 2568.7095   16.8339
    7.5000  -22.5000   45.0000 2564.5017   17.2509
   -7.5000  -15.0000   45.0000 2637.2231   16.2171
    0.0000  -15.0000   45.0000 2650.0620   15.9411
    7.5000  -15.0000   45.0000 2644.5947   16.2850
   -7.5000   -7.5000   45.0000 2696.1497   15.5876
    0.0000   -7.5000   45.0000 2709.4856   15.3560
    7.5000   -7.5000   45.0000 2703.8525   15.6756
   -7.5000    0.0000   45.0000 2714.4690   15.3313
    0.0000    0.0000   45.0000 2725.4802   15.0973
    7.5000    0.0000   45.0000 2719.9053   15.3541
   -7.5000    7.5000   45.0000 2710.8350   15.5505
    0.0000    7.5000   45.0000 2726.9885   15.3140
    7.5000    7.5000   45.0000 2716.4932   15.4833
   -7.5000   15.0000   45.0000 2674.4255   16.0422
    0.0000   15.0000   45.0000 2689.0840   15.8446
    7.5000   15.0000   45.0000 2680.2891   15.9537
   -7.5000   22.5000   45.0000 2626.6567   16.8661
    0.0000   22.5000   45.0000 2643.6885   16.6682
    7.5000   22.5000   45.0000 2630.1292   16.7467
   -7.5000   30.0000   45.0000 2531.8066   17.9423
    0.0000   30.0000   45.0000 2556.1633   17.7733
    7.5000   30.0000   45.0000 2540.8928   17.8733
   -7.5000   37.5000   45.0000 2419.6155   19.4932
    0.0000   37.5000   45.0000 2449.1782   19.3371
    7.5000   37.5000   45.0000 2426.0146   19.4460
   -7.5000   45.0000   45.0000 2282.0034   21.4744
    0.0000   45.0000   45.0000 2311.9736   21.3463
    7.5000   45.0000   45.0000 2286.2703   21.4502

---------------------------------------------------------------------
imgreg_4dfp /opt/freesurfer/average/711-2C_as_mni_average_305 /opt/freesurfer/average/711-2B_as_mni_average_305_mask talsrcimg_g11 none talsrcimg_to_711-2C_as_mni_average_305_t4 1283
---------------------------------------------------------------------

freesurfer imgreg_4dfp.c
/opt/freesurfer/average/711-2C_as_mni_average_305.4dfp.img
       256       256       256         1
  1.000000  1.000000  1.000000
orientation T byte_order littleendian
Reading image: /opt/freesurfer/average/711-2C_as_mni_average_305.4dfp.img
dimensions:      256       256       256
mmppix:       1.0000   -1.0000   -1.0000
center:     128.0000 -129.0000 -129.0000
/opt/freesurfer/average/711-2B_as_mni_average_305_mask.4dfp.img
       256       256       256         1
  1.000000  1.000000  1.000000
orientation T byte_order littleendian
Reading mask: /opt/freesurfer/average/711-2B_as_mni_average_305_mask.4dfp.img (2306576 pixels)
talsrcimg_g11.4dfp.img
       256       256       256         1
  1.000000  1.000000  1.000000
orientation T byte_order littleendian
Reading image: talsrcimg_g11.4dfp.img
dimensions:      256       256       256
mmppix:       1.0000   -1.0000   -1.0000
center:     128.0000 -129.0000 -129.0000
rotation matrix determinant  1.000000
fimgreg.f
image alignment mode   1283 decimal      503 hex
parameters
    0.0000    0.0000    7.5000    0.0000    0.0000    0.0000
eta,q 0.93871 13.16492
niter,ni,del,rscale     5    3   12.0000    1.2000
parameter  2  0.927870 ->  0.500000 qaram    1.1500
parameter  4  1.177515 ->  0.500000 qaram    1.1500
parameter  6 -0.798456 -> -0.500000 qaram    1.1500
parameters
    1.5019   -3.4500    9.7255   -3.4500    0.8068    3.4500
eta,q 0.94113 13.20151
  0.0783  0.0639  0.0656  0.0596  0.0641  0.0648
  0.0739  0.0624  0.0637  0.0605  0.0612  0.0633
  0.0683  0.0637  0.0628  0.0610  0.0602  0.0623
  0.0662  0.0661  0.0622  0.0618  0.0607  0.0609
  0.0667  0.0686  0.0618  0.0644  0.0607  0.0594
  0.0677  0.0721  0.0615  0.0674  0.0608  0.0589
  0.0705  0.0744  0.0627  0.0689  0.0620  0.0601
niter,ni,del,rscale     7    3   12.0000    1.2000
parameter  4  1.668363 ->  0.500000 qaram    1.3225
parameters
    1.3938   -1.8761   10.3430   -7.4175    0.6571    1.7200
eta,q 0.94439 13.20529
  0.0701  0.0699  0.0642  0.0541  0.0612  0.0579
  0.0653  0.0650  0.0627  0.0552  0.0585  0.0565
  0.0609  0.0608  0.0610  0.0579  0.0569  0.0557
  0.0589  0.0589  0.0592  0.0589  0.0558  0.0559
  0.0607  0.0596  0.0590  0.0594  0.0557  0.0573
  0.0651  0.0605  0.0606  0.0624  0.0586  0.0590
  0.0716  0.0630  0.0634  0.0666  0.0625  0.0614
niter,ni,del,rscale     7    3   12.0000    1.2000
parameter  4  5.812081 ->  0.500000 qaram    1.5209
parameters
    0.9979   -0.5548   10.2875  -11.9801    0.2069    0.8517
eta,q 0.94861 13.18700
  0.0661  0.0649  0.0580  0.0490  0.0555  0.0551
  0.0601  0.0605  0.0568  0.0509  0.0522  0.0528
  0.0558  0.0585  0.0558  0.0528  0.0512  0.0516
  0.0556  0.0554  0.0547  0.0547  0.0515  0.0514
  0.0580  0.0551  0.0551  0.0581  0.0522  0.0520
  0.0622  0.0571  0.0564  0.0605  0.0538  0.0542
  0.0687  0.0602  0.0587  0.0625  0.0563  0.0581
niter,ni,del,rscale     7    3   12.0000    1.2000
parameters
    1.0288   -0.2182    9.6714  -16.3656    0.3409    0.2397
eta,q 0.95204 13.23297
  0.0629  0.0633  0.0532  0.0521  0.0564  0.0530
  0.0592  0.0555  0.0509  0.0480  0.0529  0.0496
  0.0543  0.0518  0.0512  0.0488  0.0496  0.0482
  0.0514  0.0514  0.0515  0.0515  0.0480  0.0480
  0.0521  0.0528  0.0516  0.0536  0.0488  0.0484
  0.0561  0.0557  0.0525  0.0575  0.0521  0.0510
  0.0653  0.0597  0.0533  0.0612  0.0561  0.0556
niter,ni,del,rscale     6    3   12.0000    1.2000
parameters
    1.1070    0.1953    7.6318  -17.6699    0.6169    1.0301
eta,q 0.95257 13.29714
  0.0624  0.0626  0.0495  0.0537  0.0557  0.0530
  0.0575  0.0547  0.0492  0.0500  0.0525  0.0502
  0.0513  0.0496  0.0487  0.0470  0.0493  0.0487
  0.0480  0.0479  0.0481  0.0487  0.0478  0.0477
  0.0493  0.0507  0.0496  0.0503  0.0481  0.0472
  0.0545  0.0543  0.0522  0.0525  0.0511  0.0481
  0.0638  0.0581  0.0543  0.0574  0.0549  0.0515
niter,ni,del,rscale     5    3   12.0000    1.2000
parameters
    1.1508    0.4438    5.9713  -20.9908    0.2203    0.1818
eta,q 0.95489 13.54083
  0.0636  0.0591  0.0485  0.0490  0.0506  0.0492
  0.0577  0.0527  0.0475  0.0474  0.0472  0.0463
  0.0506  0.0486  0.0471  0.0451  0.0454  0.0452
  0.0474  0.0474  0.0475  0.0472  0.0452  0.0452
  0.0487  0.0493  0.0478  0.0505  0.0458  0.0459
  0.0551  0.0524  0.0496  0.0518  0.0484  0.0480
  0.0652  0.0568  0.0523  0.0552  0.0522  0.0522
niter,ni,del,rscale     4    3   12.0000    1.2000
parameter  4  0.508859 ->  0.500000 qaram    1.7490
parameters
    1.2880    1.8693    4.8370  -26.2378    1.1987   -0.0733
eta,q 0.95764 13.69875
  0.0620  0.0611  0.0489  0.0443  0.0541  0.0481
  0.0556  0.0554  0.0452  0.0435  0.0487  0.0450
  0.0477  0.0498  0.0435  0.0418  0.0451  0.0433
  0.0451  0.0451  0.0447  0.0438  0.0428  0.0423
  0.0465  0.0455  0.0470  0.0476  0.0425  0.0430
  0.0518  0.0490  0.0490  0.0509  0.0451  0.0452
  0.0625  0.0527  0.0517  0.0543  0.0487  0.0496
niter,ni,del,rscale     4    3   12.0000    1.2000
parameters
    0.7605    3.9598    3.4333  -26.4101    1.5426   -0.2772
eta,q 0.96035 13.58876
  0.0600  0.0617  0.0458  0.0533  0.0507  0.0461
  0.0508  0.0556  0.0420  0.0449  0.0450  0.0422
  0.0436  0.0492  0.0401  0.0411  0.0408  0.0402
  0.0424  0.0420  0.0395  0.0396  0.0396  0.0396
  0.0473  0.0396  0.0431  0.0433  0.0406  0.0405
  0.0560  0.0431  0.0492  0.0483  0.0437  0.0429
  0.0665  0.0491  0.0555  0.0515  0.0481  0.0468
niter,ni,del,rscale     3    3   12.0000    1.2000
parameters
    0.5442    3.8108    3.3374  -26.4707    1.7347   -0.4393
eta,q 0.96041 13.61242
  0.0576  0.0551  0.0501  0.0534  0.0501  0.0461
  0.0491  0.0483  0.0441  0.0448  0.0444  0.0420
  0.0418  0.0415  0.0411  0.0409  0.0405  0.0400
  0.0396  0.0396  0.0395  0.0396  0.0396  0.0396
  0.0427  0.0433  0.0400  0.0430  0.0407  0.0404
  0.0507  0.0491  0.0448  0.0480  0.0439  0.0427
  0.0605  0.0561  0.0511  0.0510  0.0484  0.0465
niter,ni,del,rscale     2    3   12.0000    1.2000
parameters
    0.4852    3.7983    3.3407  -26.5254    1.8177   -0.4893
eta,q 0.96044 13.61691
  0.0586  0.0557  0.0506  0.0535  0.0497  0.0463
  0.0498  0.0488  0.0443  0.0447  0.0440  0.0421
  0.0421  0.0419  0.0412  0.0409  0.0403  0.0400
  0.0396  0.0396  0.0396  0.0396  0.0396  0.0396
  0.0422  0.0431  0.0399  0.0430  0.0409  0.0404
  0.0499  0.0487  0.0445  0.0480  0.0440  0.0425
  0.0597  0.0555  0.0509  0.0510  0.0487  0.0462
niter,ni,del,rscale     1    3   12.0000    1.2000
parameters
    0.4586    3.8200    3.3521  -26.5609    1.8540   -0.5086
eta,q 0.96044 13.61672
  0.0589  0.0558  0.0507  0.0537  0.0496  0.0463
  0.0499  0.0489  0.0444  0.0447  0.0439  0.0421
  0.0422  0.0419  0.0412  0.0409  0.0403  0.0400
  0.0396  0.0396  0.0396  0.0396  0.0396  0.0396
  0.0421  0.0430  0.0400  0.0430  0.0410  0.0403
  0.0498  0.0486  0.0445  0.0481  0.0441  0.0425
  0.0595  0.0554  0.0509  0.0511  0.0488  0.0461
registration optimization eta report
parameter search radius
    6.0000    6.9000    6.0000   10.4940    6.0000    6.9000
100000*second partial in parameter space
       54.       32.       32.       11.       27.       14.
  0.0589  0.0558  0.0507  0.0537  0.0496  0.0463
  0.0499  0.0489  0.0444  0.0447  0.0439  0.0421
  0.0422  0.0419  0.0412  0.0409  0.0403  0.0400
  0.0396  0.0396  0.0396  0.0396  0.0396  0.0396
  0.0421  0.0430  0.0400  0.0430  0.0410  0.0403
  0.0498  0.0486  0.0445  0.0481  0.0441  0.0425
  0.0595  0.0554  0.0509  0.0511  0.0488  0.0461
    0.4586    3.8200    3.3521  -26.5609    1.8540   -0.5086
eta,q 0.96044 13.61672

---------------------------------------------------------------------
imgreg_4dfp /opt/freesurfer/average/711-2C_as_mni_average_305 /opt/freesurfer/average/711-2B_as_mni_average_305_mask talsrcimg_g11 none talsrcimg_to_711-2C_as_mni_average_305_t4 3335
---------------------------------------------------------------------

freesurfer imgreg_4dfp.c
/opt/freesurfer/average/711-2C_as_mni_average_305.4dfp.img
       256       256       256         1
  1.000000  1.000000  1.000000
orientation T byte_order littleendian
Reading image: /opt/freesurfer/average/711-2C_as_mni_average_305.4dfp.img
dimensions:      256       256       256
mmppix:       1.0000   -1.0000   -1.0000
center:     128.0000 -129.0000 -129.0000
/opt/freesurfer/average/711-2B_as_mni_average_305_mask.4dfp.img
       256       256       256         1
  1.000000  1.000000  1.000000
orientation T byte_order littleendian
Reading mask: /opt/freesurfer/average/711-2B_as_mni_average_305_mask.4dfp.img (2306576 pixels)
talsrcimg_g11.4dfp.img
       256       256       256         1
  1.000000  1.000000  1.000000
orientation T byte_order littleendian
Reading image: talsrcimg_g11.4dfp.img
dimensions:      256       256       256
mmppix:       1.0000   -1.0000   -1.0000
center:     128.0000 -129.0000 -129.0000
fimgreg.f
image alignment mode   3335 decimal      D07 hex
parameters
    0.4586    3.8200    3.3521   -0.0563  -10.5704  -10.6008
    2.2407   -2.4968   -0.8873   44.7387    3.2353  -44.6914
eta,q 0.95982 13.76950
niter,ni,del,rscale     5    3    5.0000    1.2000
parameter  4  1.226060 ->  0.500000 qaram    1.1500
parameter  5  1.252116 ->  0.500000 qaram    1.1500
parameters
    0.1258    3.6039    3.3360   -4.1963  -14.7104  -10.8955
    3.6496   -2.2792   -0.0808   43.2681    1.6293  -46.0626
eta,q 0.96830 13.58751
  0.0426  0.0418  0.0415  0.0354  0.0312  0.0339  0.0369  0.0368  0.0344  0.0329  0.0324  0.0328
  0.0409  0.0408  0.0407  0.0357  0.0317  0.0328  0.0348  0.0344  0.0331  0.0323  0.0320  0.0321
  0.0401  0.0402  0.0402  0.0373  0.0332  0.0322  0.0330  0.0325  0.0322  0.0319  0.0318  0.0317
  0.0402  0.0401  0.0401  0.0401  0.0360  0.0320  0.0320  0.0318  0.0318  0.0318  0.0318  0.0318
  0.0409  0.0404  0.0402  0.0436  0.0399  0.0322  0.0319  0.0323  0.0319  0.0321  0.0321  0.0322
  0.0422  0.0413  0.0408  0.0476  0.0442  0.0329  0.0327  0.0339  0.0325  0.0332  0.0326  0.0330
  0.0442  0.0426  0.0416  0.0515  0.0481  0.0343  0.0343  0.0364  0.0334  0.0350  0.0334  0.0340
niter,ni,del,rscale     6    3    5.0000    1.2000
parameter  2 -0.556496 -> -0.500000 qaram    1.1500
parameter  5  0.556853 ->  0.500000 qaram    1.3225
parameter 12  0.701432 ->  0.500000 qaram    1.1500
parameters
    0.0772    4.9839    3.6016   -7.6139  -19.4714  -10.1949
    3.0941   -2.2733    0.1705   43.5589    1.9059  -50.2026
eta,q 0.97131 13.30296
  0.0357  0.0362  0.0329  0.0320  0.0301  0.0318  0.0316  0.0333  0.0305  0.0315  0.0301  0.0289
  0.0335  0.0343  0.0319  0.0311  0.0294  0.0307  0.0302  0.0313  0.0298  0.0304  0.0297  0.0287
  0.0321  0.0328  0.0312  0.0305  0.0294  0.0298  0.0295  0.0299  0.0294  0.0297  0.0294  0.0288
  0.0317  0.0317  0.0310  0.0310  0.0306  0.0294  0.0293  0.0293  0.0293  0.0293  0.0293  0.0293
  0.0323  0.0311  0.0310  0.0333  0.0334  0.0294  0.0298  0.0297  0.0294  0.0295  0.0293  0.0301
  0.0337  0.0310  0.0314  0.0369  0.0375  0.0300  0.0309  0.0312  0.0297  0.0301  0.0296  0.0312
  0.0360  0.0315  0.0322  0.0411  0.0422  0.0311  0.0324  0.0334  0.0303  0.0313  0.0300  0.0324
niter,ni,del,rscale     7    3    5.0000    1.2000
parameters
    0.1767    6.2936    3.4751   -8.2655  -21.9891  -10.2560
    3.1416   -2.2700    0.0642   44.2492    1.6381  -51.7548
eta,q 0.97195 13.19337
  0.0323  0.0335  0.0294  0.0312  0.0312  0.0308  0.0311  0.0323  0.0292  0.0310  0.0289  0.0298
  0.0304  0.0315  0.0286  0.0298  0.0295  0.0295  0.0295  0.0302  0.0287  0.0297  0.0285  0.0283
  0.0291  0.0298  0.0282  0.0288  0.0284  0.0286  0.0286  0.0288  0.0284  0.0287  0.0283  0.0280
  0.0287  0.0287  0.0281  0.0280  0.0282  0.0283  0.0283  0.0283  0.0283  0.0283  0.0282  0.0282
  0.0290  0.0281  0.0283  0.0281  0.0298  0.0284  0.0286  0.0287  0.0283  0.0283  0.0283  0.0288
  0.0300  0.0282  0.0288  0.0300  0.0339  0.0291  0.0295  0.0302  0.0287  0.0290  0.0286  0.0299
  0.0317  0.0289  0.0298  0.0335  0.0391  0.0313  0.0310  0.0324  0.0293  0.0302  0.0290  0.0312
niter,ni,del,rscale     6    3    5.0000    1.2000
parameters
    0.2005    6.4034    3.1915   -7.7037  -23.0772  -10.4728
    3.1755   -2.2082   -0.1475   44.6437    1.4523  -52.5078
eta,q 0.97209 13.19415
  0.0312  0.0306  0.0292  0.0316  0.0322  0.0307  0.0309  0.0323  0.0289  0.0307  0.0287  0.0303
  0.0295  0.0293  0.0284  0.0301  0.0302  0.0294  0.0293  0.0300  0.0284  0.0293  0.0283  0.0284
  0.0284  0.0284  0.0281  0.0290  0.0286  0.0284  0.0283  0.0286  0.0281  0.0284  0.0281  0.0278
  0.0280  0.0280  0.0280  0.0280  0.0278  0.0280  0.0280  0.0280  0.0280  0.0280  0.0280  0.0280
  0.0284  0.0282  0.0283  0.0275  0.0283  0.0281  0.0283  0.0285  0.0281  0.0282  0.0281  0.0286
  0.0294  0.0289  0.0290  0.0286  0.0312  0.0291  0.0293  0.0299  0.0285  0.0289  0.0283  0.0295
  0.0310  0.0303  0.0299  0.0316  0.0361  0.0317  0.0308  0.0322  0.0291  0.0302  0.0288  0.0308
niter,ni,del,rscale     5    3    5.0000    1.2000
parameters
    0.1965    6.3355    3.0439   -7.4857  -23.4429  -10.6333
    3.2697   -2.1514   -0.3589   44.8322    1.3245  -52.8524
eta,q 0.97212 13.19842
  0.0310  0.0301  0.0293  0.0314  0.0327  0.0309  0.0309  0.0323  0.0289  0.0305  0.0287  0.0307
  0.0293  0.0289  0.0285  0.0300  0.0306  0.0294  0.0292  0.0300  0.0283  0.0291  0.0283  0.0286
  0.0282  0.0282  0.0280  0.0289  0.0288  0.0284  0.0283  0.0285  0.0280  0.0283  0.0280  0.0278
  0.0279  0.0279  0.0279  0.0279  0.0278  0.0279  0.0279  0.0279  0.0279  0.0279  0.0279  0.0279
  0.0283  0.0282  0.0282  0.0275  0.0279  0.0280  0.0282  0.0284  0.0280  0.0282  0.0280  0.0285
  0.0293  0.0290  0.0288  0.0289  0.0302  0.0291  0.0292  0.0298  0.0284  0.0290  0.0283  0.0294
  0.0310  0.0304  0.0296  0.0320  0.0347  0.0317  0.0307  0.0322  0.0290  0.0302  0.0288  0.0306
niter,ni,del,rscale     4    3    5.0000    1.2000
parameters
    0.1980    6.2924    2.9692   -7.4054  -23.5732  -10.7311
    3.3519   -2.1106   -0.5098   44.9090    1.2414  -53.0157
eta,q 0.97212 13.20055
  0.0311  0.0301  0.0294  0.0314  0.0329  0.0309  0.0308  0.0323  0.0289  0.0304  0.0287  0.0309
  0.0293  0.0289  0.0285  0.0299  0.0307  0.0295  0.0292  0.0299  0.0283  0.0290  0.0282  0.0287
  0.0282  0.0281  0.0280  0.0288  0.0289  0.0284  0.0282  0.0284  0.0280  0.0282  0.0280  0.0278
  0.0279  0.0279  0.0279  0.0279  0.0279  0.0279  0.0279  0.0279  0.0279  0.0279  0.0279  0.0279
  0.0283  0.0281  0.0281  0.0276  0.0278  0.0279  0.0282  0.0284  0.0280  0.0282  0.0280  0.0284
  0.0293  0.0289  0.0287  0.0290  0.0299  0.0290  0.0292  0.0298  0.0283  0.0290  0.0282  0.0294
  0.0310  0.0303  0.0295  0.0322  0.0343  0.0317  0.0307  0.0322  0.0290  0.0303  0.0287  0.0306
niter,ni,del,rscale     3    3    5.0000    1.2000
parameters
    0.1990    6.2687    2.9326   -7.3774  -23.6213  -10.7818
    3.4037   -2.0874   -0.6033   44.9443    1.2008  -53.0909
eta,q 0.97213 13.20160
  0.0311  0.0301  0.0294  0.0314  0.0329  0.0310  0.0308  0.0323  0.0289  0.0304  0.0287  0.0310
  0.0293  0.0289  0.0285  0.0299  0.0308  0.0295  0.0292  0.0299  0.0283  0.0290  0.0282  0.0287
  0.0282  0.0281  0.0280  0.0288  0.0290  0.0284  0.0282  0.0284  0.0280  0.0282  0.0280  0.0278
  0.0279  0.0279  0.0279  0.0279  0.0279  0.0279  0.0279  0.0279  0.0279  0.0279  0.0279  0.0279
  0.0283  0.0281  0.0281  0.0276  0.0278  0.0279  0.0282  0.0284  0.0280  0.0282  0.0280  0.0284
  0.0293  0.0289  0.0286  0.0291  0.0298  0.0290  0.0292  0.0299  0.0283  0.0290  0.0282  0.0293
  0.0310  0.0303  0.0295  0.0323  0.0341  0.0316  0.0307  0.0323  0.0289  0.0303  0.0287  0.0305
niter,ni,del,rscale     2    3    5.0000    1.2000
parameters
    0.2004    6.2557    2.9127   -7.3631  -23.6437  -10.8116
    3.4362   -2.0737   -0.6451   44.9594    1.1836  -53.1259
eta,q 0.97212 13.20201
  0.0311  0.0302  0.0295  0.0314  0.0329  0.0310  0.0308  0.0323  0.0289  0.0304  0.0287  0.0310
  0.0293  0.0289  0.0286  0.0299  0.0308  0.0295  0.0292  0.0299  0.0283  0.0290  0.0282  0.0287
  0.0282  0.0281  0.0280  0.0288  0.0290  0.0284  0.0282  0.0284  0.0280  0.0282  0.0280  0.0278
  0.0279  0.0279  0.0279  0.0279  0.0279  0.0279  0.0279  0.0279  0.0279  0.0279  0.0279  0.0279
  0.0283  0.0281  0.0281  0.0276  0.0278  0.0279  0.0282  0.0284  0.0280  0.0282  0.0279  0.0284
  0.0293  0.0289  0.0286  0.0291  0.0297  0.0290  0.0292  0.0299  0.0283  0.0290  0.0282  0.0293
  0.0310  0.0302  0.0295  0.0323  0.0341  0.0316  0.0307  0.0323  0.0289  0.0303  0.0287  0.0305
registration optimization eta report
parameter search radius
    2.4000    2.7600    2.4000    8.2800    9.5220    7.2000
    7.2000    7.2000    7.2000    7.2000    7.2000    8.2800
100000*second partial in parameter space
       55.       31.       28.        6.        6.        7.
        6.        8.        2.        5.        2.        4.
  0.0311  0.0302  0.0295  0.0314  0.0329  0.0310  0.0308  0.0323  0.0289  0.0304  0.0287  0.0310
  0.0293  0.0289  0.0286  0.0299  0.0308  0.0295  0.0292  0.0299  0.0283  0.0290  0.0282  0.0287
  0.0282  0.0281  0.0280  0.0288  0.0290  0.0284  0.0282  0.0284  0.0280  0.0282  0.0280  0.0278
  0.0279  0.0279  0.0279  0.0279  0.0279  0.0279  0.0279  0.0279  0.0279  0.0279  0.0279  0.0279
  0.0283  0.0281  0.0281  0.0276  0.0278  0.0279  0.0282  0.0284  0.0280  0.0282  0.0279  0.0284
  0.0293  0.0289  0.0286  0.0291  0.0297  0.0290  0.0292  0.0299  0.0283  0.0290  0.0282  0.0293
  0.0310  0.0302  0.0295  0.0323  0.0341  0.0316  0.0307  0.0323  0.0289  0.0303  0.0287  0.0305
    0.2004    6.2557    2.9127   -7.3631  -23.6437  -10.8116
    3.4362   -2.0737   -0.6451   44.9594    1.1836  -53.1259
eta,q 0.97212 13.20201

---------------------------------------------------------------------
imgreg_4dfp /opt/freesurfer/average/711-2C_as_mni_average_305 /opt/freesurfer/average/711-2B_as_mni_average_305_mask talsrcimg_g11 none talsrcimg_to_711-2C_as_mni_average_305_t4 2311
---------------------------------------------------------------------

freesurfer imgreg_4dfp.c
/opt/freesurfer/average/711-2C_as_mni_average_305.4dfp.img
       256       256       256         1
  1.000000  1.000000  1.000000
orientation T byte_order littleendian
Reading image: /opt/freesurfer/average/711-2C_as_mni_average_305.4dfp.img
dimensions:      256       256       256
mmppix:       1.0000   -1.0000   -1.0000
center:     128.0000 -129.0000 -129.0000
/opt/freesurfer/average/711-2B_as_mni_average_305_mask.4dfp.img
       256       256       256         1
  1.000000  1.000000  1.000000
orientation T byte_order littleendian
Reading mask: /opt/freesurfer/average/711-2B_as_mni_average_305_mask.4dfp.img (2306576 pixels)
talsrcimg_g11.4dfp.img
       256       256       256         1
  1.000000  1.000000  1.000000
orientation T byte_order littleendian
Reading image: talsrcimg_g11.4dfp.img
dimensions:      256       256       256
mmppix:       1.0000   -1.0000   -1.0000
center:     128.0000 -129.0000 -129.0000
fimgreg.f
image alignment mode   2311 decimal      907 hex
parameters
    0.2004    6.2557    2.9127   -7.3631  -23.6437  -10.8116
    3.4362   -2.0737   -0.6451   44.9594    1.1836  -53.1259
eta,q 0.97212 13.20201
niter,ni,del,rscale     5    3    5.0000    0.8000
parameters
    0.1834    6.2838    2.8882   -5.9116  -22.6859  -10.5684
    3.3313   -1.9807   -0.8360   45.1546    0.9473  -53.1996
eta,q 0.97261 13.31944
  0.0293  0.0287  0.0286  0.0296  0.0294  0.0290  0.0290  0.0299  0.0280  0.0287  0.0278  0.0285
  0.0285  0.0282  0.0282  0.0290  0.0286  0.0282  0.0281  0.0285  0.0276  0.0280  0.0276  0.0277
  0.0280  0.0280  0.0279  0.0284  0.0280  0.0277  0.0276  0.0277  0.0275  0.0276  0.0274  0.0274
  0.0279  0.0279  0.0279  0.0279  0.0276  0.0274  0.0274  0.0274  0.0274  0.0274  0.0274  0.0274
  0.0281  0.0279  0.0280  0.0275  0.0274  0.0274  0.0276  0.0277  0.0275  0.0275  0.0275  0.0276
  0.0285  0.0282  0.0282  0.0277  0.0276  0.0278  0.0282  0.0284  0.0277  0.0279  0.0276  0.0280
  0.0293  0.0286  0.0286  0.0285  0.0285  0.0289  0.0292  0.0297  0.0281  0.0285  0.0279  0.0284
niter,ni,del,rscale     4    3    5.0000    0.7000
parameters
    0.1675    6.1881    2.8471   -6.1648  -22.6111  -10.4265
    3.3800   -1.9644   -0.9504   45.1972    0.9632  -53.3671
eta,q 0.97261 13.32338
  0.0287  0.0280  0.0280  0.0287  0.0286  0.0286  0.0287  0.0292  0.0278  0.0283  0.0278  0.0282
  0.0280  0.0276  0.0276  0.0281  0.0281  0.0280  0.0280  0.0282  0.0276  0.0278  0.0276  0.0276
  0.0275  0.0275  0.0274  0.0277  0.0276  0.0276  0.0276  0.0276  0.0274  0.0275  0.0274  0.0274
  0.0274  0.0274  0.0274  0.0274  0.0274  0.0274  0.0274  0.0274  0.0274  0.0274  0.0274  0.0274
  0.0276  0.0275  0.0275  0.0275  0.0274  0.0274  0.0275  0.0276  0.0275  0.0275  0.0274  0.0276
  0.0280  0.0277  0.0277  0.0281  0.0278  0.0277  0.0280  0.0282  0.0276  0.0278  0.0275  0.0279
  0.0288  0.0282  0.0280  0.0293  0.0287  0.0286  0.0287  0.0292  0.0279  0.0283  0.0278  0.0282
niter,ni,del,rscale     3    3    5.0000    0.6000
parameters
    0.1669    6.1932    2.8514   -6.0442  -22.6095  -10.3663
    3.4211   -1.9704   -1.0202   45.2692    0.9766  -53.4823
eta,q 0.97263 13.33332
  0.0284  0.0279  0.0279  0.0285  0.0283  0.0282  0.0284  0.0287  0.0277  0.0281  0.0276  0.0280
  0.0278  0.0276  0.0276  0.0281  0.0278  0.0278  0.0278  0.0280  0.0275  0.0277  0.0275  0.0276
  0.0275  0.0275  0.0274  0.0277  0.0275  0.0275  0.0275  0.0275  0.0274  0.0275  0.0274  0.0274
  0.0274  0.0274  0.0274  0.0274  0.0274  0.0274  0.0274  0.0274  0.0274  0.0274  0.0274  0.0274
  0.0275  0.0274  0.0274  0.0274  0.0274  0.0274  0.0275  0.0275  0.0274  0.0274  0.0274  0.0275
  0.0278  0.0276  0.0276  0.0278  0.0277  0.0277  0.0278  0.0280  0.0275  0.0277  0.0275  0.0277
  0.0284  0.0279  0.0278  0.0286  0.0284  0.0283  0.0283  0.0287  0.0277  0.0280  0.0276  0.0280
niter,ni,del,rscale     2    3    5.0000    0.5000
parameters
    0.1628    6.1904    2.8426   -5.9045  -22.5919  -10.2896
    3.4426   -1.9878   -1.0597   45.3372    0.9792  -53.5625
eta,q 0.97265 13.34457
  0.0281  0.0277  0.0277  0.0282  0.0280  0.0280  0.0281  0.0283  0.0276  0.0278  0.0275  0.0278
  0.0277  0.0275  0.0275  0.0279  0.0277  0.0277  0.0277  0.0278  0.0274  0.0276  0.0274  0.0275
  0.0274  0.0274  0.0274  0.0276  0.0275  0.0275  0.0274  0.0274  0.0274  0.0274  0.0274  0.0274
  0.0274  0.0274  0.0274  0.0274  0.0274  0.0274  0.0274  0.0274  0.0273  0.0274  0.0274  0.0274
  0.0275  0.0274  0.0274  0.0274  0.0274  0.0274  0.0274  0.0275  0.0274  0.0274  0.0274  0.0274
  0.0277  0.0275  0.0275  0.0276  0.0276  0.0276  0.0277  0.0278  0.0275  0.0275  0.0274  0.0276
  0.0281  0.0277  0.0277  0.0282  0.0280  0.0280  0.0281  0.0283  0.0276  0.0278  0.0275  0.0278
niter,ni,del,rscale     1    3    5.0000    0.4000
parameters
    0.1636    6.1829    2.8443   -5.7805  -22.5494  -10.2215
    3.4474   -2.0130   -1.1038   45.4010    0.9621  -53.6206
eta,q 0.97267 13.35526
  0.0278  0.0276  0.0276  0.0279  0.0277  0.0277  0.0278  0.0280  0.0275  0.0277  0.0275  0.0276
  0.0276  0.0274  0.0274  0.0277  0.0276  0.0275  0.0275  0.0276  0.0274  0.0275  0.0274  0.0274
  0.0274  0.0274  0.0274  0.0275  0.0274  0.0274  0.0274  0.0274  0.0273  0.0274  0.0274  0.0273
  0.0273  0.0273  0.0273  0.0273  0.0273  0.0273  0.0273  0.0273  0.0273  0.0273  0.0273  0.0273
  0.0274  0.0274  0.0274  0.0274  0.0274  0.0274  0.0274  0.0274  0.0273  0.0274  0.0273  0.0274
  0.0276  0.0274  0.0274  0.0275  0.0275  0.0275  0.0275  0.0276  0.0274  0.0275  0.0274  0.0275
  0.0278  0.0276  0.0276  0.0279  0.0278  0.0277  0.0278  0.0280  0.0275  0.0276  0.0275  0.0276
registration optimization eta report
parameter search radius
    0.8000    0.8000    0.8000    2.4000    2.4000    2.4000
    2.4000    2.4000    2.4000    2.4000    2.4000    2.4000
100000*second partial in parameter space
       74.       35.       33.       10.        7.        7.
        8.       11.        3.        5.        2.        5.
  0.0278  0.0276  0.0276  0.0279  0.0277  0.0277  0.0278  0.0280  0.0275  0.0277  0.0275  0.0276
  0.0276  0.0274  0.0274  0.0277  0.0276  0.0275  0.0275  0.0276  0.0274  0.0275  0.0274  0.0274
  0.0274  0.0274  0.0274  0.0275  0.0274  0.0274  0.0274  0.0274  0.0273  0.0274  0.0274  0.0273
  0.0273  0.0273  0.0273  0.0273  0.0273  0.0273  0.0273  0.0273  0.0273  0.0273  0.0273  0.0273
  0.0274  0.0274  0.0274  0.0274  0.0274  0.0274  0.0274  0.0274  0.0273  0.0274  0.0273  0.0274
  0.0276  0.0274  0.0274  0.0275  0.0275  0.0275  0.0275  0.0276  0.0274  0.0275  0.0274  0.0275
  0.0278  0.0276  0.0276  0.0279  0.0278  0.0277  0.0278  0.0280  0.0275  0.0276  0.0275  0.0276
    0.1636    6.1829    2.8443   -5.7805  -22.5494  -10.2215
    3.4474   -2.0130   -1.1038   45.4010    0.9621  -53.6206
eta,q 0.97267 13.35526

---------------------------------------------------------------------
imgreg_4dfp /opt/freesurfer/average/711-2C_as_mni_average_305 /opt/freesurfer/average/711-2B_as_mni_average_305_mask talsrcimg_g11 none talsrcimg_to_711-2C_as_mni_average_305_t4 2311
---------------------------------------------------------------------

freesurfer imgreg_4dfp.c
/opt/freesurfer/average/711-2C_as_mni_average_305.4dfp.img
       256       256       256         1
  1.000000  1.000000  1.000000
orientation T byte_order littleendian
Reading image: /opt/freesurfer/average/711-2C_as_mni_average_305.4dfp.img
dimensions:      256       256       256
mmppix:       1.0000   -1.0000   -1.0000
center:     128.0000 -129.0000 -129.0000
/opt/freesurfer/average/711-2B_as_mni_average_305_mask.4dfp.img
       256       256       256         1
  1.000000  1.000000  1.000000
orientation T byte_order littleendian
Reading mask: /opt/freesurfer/average/711-2B_as_mni_average_305_mask.4dfp.img (2306576 pixels)
talsrcimg_g11.4dfp.img
       256       256       256         1
  1.000000  1.000000  1.000000
orientation T byte_order littleendian
Reading image: talsrcimg_g11.4dfp.img
dimensions:      256       256       256
mmppix:       1.0000   -1.0000   -1.0000
center:     128.0000 -129.0000 -129.0000
fimgreg.f
image alignment mode   2311 decimal      907 hex
parameters
    0.1636    6.1829    2.8443   -5.7805  -22.5494  -10.2215
    3.4474   -2.0130   -1.1038   45.4010    0.9621  -53.6206
eta,q 0.97267 13.35527
niter,ni,del,rscale     5    3    5.0000    0.8000
parameters
    0.1699    6.1203    2.8760   -6.3777  -22.8778  -10.5722
    3.4885   -1.9430   -1.0338   45.2371    1.0179  -53.5027
eta,q 0.97254 13.30390
  0.0292  0.0282  0.0283  0.0288  0.0288  0.0288  0.0291  0.0298  0.0280  0.0285  0.0279  0.0287
  0.0282  0.0277  0.0277  0.0282  0.0281  0.0281  0.0282  0.0285  0.0277  0.0279  0.0277  0.0278
  0.0275  0.0274  0.0274  0.0276  0.0276  0.0276  0.0276  0.0277  0.0275  0.0276  0.0275  0.0275
  0.0273  0.0273  0.0273  0.0273  0.0274  0.0274  0.0275  0.0275  0.0275  0.0275  0.0275  0.0274
  0.0275  0.0274  0.0274  0.0276  0.0275  0.0275  0.0276  0.0277  0.0275  0.0276  0.0275  0.0276
  0.0282  0.0278  0.0277  0.0286  0.0282  0.0282  0.0282  0.0284  0.0277  0.0280  0.0276  0.0280
  0.0292  0.0283  0.0282  0.0302  0.0295  0.0296  0.0290  0.0297  0.0280  0.0287  0.0279  0.0284
niter,ni,del,rscale     4    3    5.0000    0.7000
parameters
    0.1691    6.2235    2.8338   -6.1672  -22.7476  -10.5055
    3.4793   -1.9483   -1.0293   45.2356    1.0099  -53.4876
eta,q 0.97260 13.31818
  0.0288  0.0282  0.0280  0.0288  0.0286  0.0286  0.0287  0.0292  0.0278  0.0283  0.0278  0.0283
  0.0280  0.0278  0.0277  0.0283  0.0281  0.0280  0.0280  0.0282  0.0276  0.0278  0.0276  0.0277
  0.0276  0.0276  0.0275  0.0278  0.0277  0.0276  0.0275  0.0276  0.0274  0.0275  0.0274  0.0274
  0.0275  0.0275  0.0274  0.0274  0.0274  0.0274  0.0274  0.0274  0.0274  0.0274  0.0274  0.0274
  0.0276  0.0275  0.0275  0.0274  0.0274  0.0274  0.0276  0.0276  0.0274  0.0275  0.0274  0.0276
  0.0280  0.0277  0.0278  0.0278  0.0278  0.0278  0.0280  0.0282  0.0276  0.0278  0.0275  0.0278
  0.0287  0.0280  0.0281  0.0289  0.0287  0.0287  0.0287  0.0292  0.0278  0.0283  0.0278  0.0282
niter,ni,del,rscale     3    3    5.0000    0.6000
parameters
    0.1643    6.1956    2.8292   -6.0182  -22.6510  -10.4160
    3.4610   -1.9663   -1.0407   45.2877    0.9844  -53.5319
eta,q 0.97263 13.33288
  0.0284  0.0279  0.0279  0.0285  0.0283  0.0283  0.0284  0.0287  0.0277  0.0281  0.0276  0.0280
  0.0278  0.0276  0.0276  0.0281  0.0279  0.0278  0.0278  0.0279  0.0275  0.0277  0.0275  0.0276
  0.0275  0.0275  0.0274  0.0277  0.0276  0.0275  0.0275  0.0275  0.0274  0.0275  0.0274  0.0274
  0.0274  0.0274  0.0274  0.0274  0.0274  0.0274  0.0274  0.0274  0.0274  0.0274  0.0274  0.0274
  0.0275  0.0274  0.0275  0.0274  0.0274  0.0274  0.0275  0.0275  0.0274  0.0274  0.0274  0.0275
  0.0279  0.0276  0.0276  0.0277  0.0277  0.0276  0.0278  0.0280  0.0275  0.0277  0.0275  0.0277
  0.0284  0.0279  0.0279  0.0285  0.0283  0.0283  0.0284  0.0287  0.0277  0.0280  0.0277  0.0280
niter,ni,del,rscale     2    3    5.0000    0.5000
parameters
    0.1639    6.1851    2.8340   -5.8938  -22.5951  -10.3132
    3.4562   -1.9835   -1.0768   45.3488    0.9769  -53.5787
eta,q 0.97265 13.34509
  0.0281  0.0277  0.0277  0.0282  0.0280  0.0280  0.0281  0.0283  0.0276  0.0278  0.0275  0.0278
  0.0277  0.0275  0.0275  0.0279  0.0277  0.0277  0.0277  0.0278  0.0274  0.0276  0.0274  0.0275
  0.0274  0.0274  0.0274  0.0276  0.0275  0.0275  0.0274  0.0274  0.0274  0.0274  0.0274  0.0274
  0.0274  0.0274  0.0274  0.0274  0.0274  0.0274  0.0273  0.0273  0.0273  0.0273  0.0273  0.0273
  0.0274  0.0274  0.0274  0.0274  0.0274  0.0274  0.0274  0.0275  0.0274  0.0274  0.0274  0.0274
  0.0277  0.0275  0.0275  0.0276  0.0276  0.0275  0.0277  0.0278  0.0275  0.0275  0.0274  0.0276
  0.0281  0.0277  0.0277  0.0282  0.0280  0.0280  0.0281  0.0283  0.0276  0.0278  0.0276  0.0278
niter,ni,del,rscale     1    3    5.0000    0.4000
parameters
    0.1622    6.1808    2.8418   -5.7773  -22.5436  -10.2288
    3.4561   -2.0111   -1.0955   45.4116    0.9808  -53.6219
eta,q 0.97266 13.35614
  0.0278  0.0276  0.0276  0.0279  0.0278  0.0277  0.0278  0.0280  0.0275  0.0276  0.0275  0.0276
  0.0276  0.0274  0.0274  0.0277  0.0276  0.0276  0.0275  0.0276  0.0274  0.0275  0.0274  0.0274
  0.0274  0.0274  0.0274  0.0275  0.0274  0.0274  0.0274  0.0274  0.0273  0.0274  0.0274  0.0273
  0.0273  0.0273  0.0273  0.0273  0.0273  0.0273  0.0273  0.0273  0.0273  0.0273  0.0273  0.0273
  0.0274  0.0274  0.0274  0.0274  0.0274  0.0274  0.0274  0.0274  0.0273  0.0274  0.0273  0.0274
  0.0276  0.0274  0.0274  0.0275  0.0275  0.0275  0.0276  0.0276  0.0274  0.0275  0.0274  0.0275
  0.0278  0.0276  0.0276  0.0279  0.0278  0.0277  0.0278  0.0280  0.0275  0.0276  0.0275  0.0276
registration optimization eta report
parameter search radius
    0.8000    0.8000    0.8000    2.4000    2.4000    2.4000
    2.4000    2.4000    2.4000    2.4000    2.4000    2.4000
100000*second partial in parameter space
       73.       35.       34.       10.        7.        7.
        8.       11.        3.        5.        2.        5.
  0.0278  0.0276  0.0276  0.0279  0.0278  0.0277  0.0278  0.0280  0.0275  0.0276  0.0275  0.0276
  0.0276  0.0274  0.0274  0.0277  0.0276  0.0276  0.0275  0.0276  0.0274  0.0275  0.0274  0.0274
  0.0274  0.0274  0.0274  0.0275  0.0274  0.0274  0.0274  0.0274  0.0273  0.0274  0.0274  0.0273
  0.0273  0.0273  0.0273  0.0273  0.0273  0.0273  0.0273  0.0273  0.0273  0.0273  0.0273  0.0273
  0.0274  0.0274  0.0274  0.0274  0.0274  0.0274  0.0274  0.0274  0.0273  0.0274  0.0273  0.0274
  0.0276  0.0274  0.0274  0.0275  0.0275  0.0275  0.0276  0.0276  0.0274  0.0275  0.0274  0.0275
  0.0278  0.0276  0.0276  0.0279  0.0278  0.0277  0.0278  0.0280  0.0275  0.0276  0.0275  0.0276
    0.1622    6.1808    2.8418   -5.7773  -22.5436  -10.2288
    3.4561   -2.0111   -1.0955   45.4116    0.9808  -53.6219
eta,q 0.97266 13.35614

---------------------------------------------------------------------
compute_vox2vox talsrcimg talsrcimg_to_711-2C_as_mni_average_305_t4 /opt/freesurfer/average/711-2C_as_mni_average_305
---------------------------------------------------------------------

freesurfer compute_vox2vox.c
Reading: talsrcimg.4dfp.ifh
Reading: talsrcimg_to_711-2C_as_mni_average_305_t4
Reading: /opt/freesurfer/average/711-2C_as_mni_average_305.4dfp.ifh
Writing: talsrcimg_to_711-2C_as_mni_average_305_t4_vox2vox.txt

start time Sun Mar 8 12:45:53 CET 2026
end		time Sun Mar 8 12:47:18 CET 2026

mpr2mni305 success

avi2talxfm orig_nu.mgz /opt/freesurfer/average/mni305.cor.mgz talsrcimg_to_711-2C_as_mni_average_305_t4_vox2vox.txt transforms/talairach.auto.xfm
avi2talxfm done
mv -f /out/sourcedata/freesurfer/sub-v1s12x0050118_ses-1/mri/talsrcimg_to_711-2C_as_mni_average_305_t4_vox2vox.txt /out/sourcedata/freesurfer/sub-v1s12x0050118_ses-1/mri/transforms/talsrcimg_to_711-2C_as_mni_average_305_t4_vox2vox.txt
lta_convert --src orig_nu.mgz --trg /opt/freesurfer/average/mni305.cor.mgz --inxfm transforms/talairach.auto.xfm --outlta transforms/talairach.auto.xfm.lta --subject fsaverage
7.3.2

--src: orig_nu.mgz src image (geometry).
--trg: /opt/freesurfer/average/mni305.cor.mgz trg image (geometry).
--inmni: transforms/talairach.auto.xfm input MNI/XFM transform.
--outlta: transforms/talairach.auto.xfm.lta output LTA.
--s: fsaverage subject name
 LTA read, type : 1
 1.06068   0.03533  -0.02287  -2.75230;
-0.00195   0.82496   0.57119  -1.90533;
 0.01614  -0.48316   0.95584   19.98965;
 0.00000   0.00000   0.00000   1.00000;
setting subject to fsaverage
Writing  LTA to file transforms/talairach.auto.xfm.lta...
lta_convert successful.
 
 
Started at Sun Mar 8 12:45:52 CET 2026
Ended   at Sun Mar  8 12:47:18 CET 2026
talairach_avi done
