/out/sourcedata/freesurfer/sub-v1s12x0050115_ses-1/mri
/opt/freesurfer/bin/talairach_avi
--i orig_nu.mgz --xfm transforms/talairach.auto.xfm
talairach_avi 7.3.2
Linux dna058 5.14.0-427.37.1.el9_4.x86_64 #1 SMP PREEMPT_DYNAMIC Fri Sep 13 12:41:50 EDT 2024 x86_64 x86_64 x86_64 GNU/Linux
Sun Mar  8 12:45:42 CET 2026
mri_convert orig_nu.mgz talsrcimg.img 
reading from orig_nu.mgz...
TR=0.00, TE=0.00, TI=0.00, flip angle=0.00
i_ras = (-1, 0, 0)
j_ras = (0, 0, -1)
k_ras = (0, 1, 0)
writing to talsrcimg.img...
Analyze Output Matrix
-1.00000   0.00000   0.00000   119.81523;
 0.00000   0.00000   1.00000  -125.09444;
 0.00000  -1.00000   0.00000   137.51976;
 0.00000   0.00000   0.00000   1.00000;
--------------------
INFO: set hdr.hist.orient to -1
mpr2mni305 talsrcimg
Sun Mar  8 12:45:42 CET 2026
/opt/freesurfer/bin/mpr2mni305 talsrcimg
mpr2mni305 7.3.2
target=711-2C_as_mni_average_305

---------------------------------------------------------------------
analyzeto4dfp talsrcimg -O0 -y
---------------------------------------------------------------------

freesurfer ifh2hdr.c
Sun Mar  8 12:45:43 2026
Writing: talsrcimg.4dfp.hdr
freesurfer analyzeto4dfp.c
Reading: talsrcimg.hdr
header size 348 bytes
hdr.dime.datatype	offset=70	value=2
hdr.dime.bitpix		offset=72	value=8
hdr.hist.orient		offset=252	value=-1
dimensionality     4
dimensions       256       256       256         1
Reading: talsrcimg.img
Writing: talsrcimg.4dfp.img
Writing: talsrcimg.4dfp.ifh
ifh2hdr talsrcimg -r0to214
ori=2

---------------------------------------------------------------------
gauss_4dfp talsrcimg 1.1
---------------------------------------------------------------------

freesurfer gauss_4dfp.c
Reading: talsrcimg.4dfp.img
Writing: talsrcimg_g11.4dfp.img
image dimensions 256 256 256 padded to 288 288 288
processing volume 1freesurfer ifh2hdr.c
Sun Mar  8 12:45:44 2026
Writing: talsrcimg_g11.4dfp.hdr

Writing: talsrcimg_g11.4dfp.ifh
including: talsrcimg.4dfp.img.rec in talsrcimg_g11.4dfp.img.rec

---------------------------------------------------------------------
imgreg_4dfp /opt/freesurfer/average/711-2C_as_mni_average_305 none talsrcimg_g11 none talsrcimg_to_711-2C_as_mni_average_305_t4 4355
---------------------------------------------------------------------

freesurfer imgreg_4dfp.c
/opt/freesurfer/average/711-2C_as_mni_average_305.4dfp.img
       256       256       256         1
  1.000000  1.000000  1.000000
orientation T byte_order littleendian
Reading image: /opt/freesurfer/average/711-2C_as_mni_average_305.4dfp.img
dimensions:      256       256       256
mmppix:       1.0000   -1.0000   -1.0000
center:     128.0000 -129.0000 -129.0000
talsrcimg_g11.4dfp.img
       256       256       256         1
  1.000000  1.000000  1.000000
orientation T byte_order littleendian
Reading image: talsrcimg_g11.4dfp.img
dimensions:      256       256       256
mmppix:       1.0000   -1.0000   -1.0000
center:     128.0000 -129.0000 -129.0000
t4_read: open error in t4_sub.f l:  41 t4_file(1:l)talsrcimg_to_711-2C_as_mni_average_305_t4 
t4_read: transform initialized to I4
rotation matrix determinant  1.000000
image alignment mode   4355 decimal     1103 hex
   -7.5000  -45.0000  -45.0000 8847.2188   19.0746
    0.0000  -45.0000  -45.0000 9253.0059   19.0074
    7.5000  -45.0000  -45.0000 8844.8262   18.9760
   -7.5000  -37.5000  -45.0000 9384.7656   19.0744
    0.0000  -37.5000  -45.0000 9830.3730   19.0006
    7.5000  -37.5000  -45.0000 9390.3105   18.9635
   -7.5000  -30.0000  -45.000010237.4648   19.0655
    0.0000  -30.0000  -45.000010759.9219   18.9892
    7.5000  -30.0000  -45.000010268.1924   18.9508
   -7.5000  -22.5000  -45.000011015.2822   19.0499
    0.0000  -22.5000  -45.000011616.3271   18.9770
    7.5000  -22.5000  -45.000011056.1836   18.9432
   -7.5000  -15.0000  -45.000011759.7432   19.0429
    0.0000  -15.0000  -45.000012382.3770   18.9772
    7.5000  -15.0000  -45.000011764.6318   18.9498
   -7.5000   -7.5000  -45.000012373.4492   19.0526
    0.0000   -7.5000  -45.000013058.5645   18.9899
    7.5000   -7.5000  -45.000012374.9277   18.9637
   -7.5000    0.0000  -45.000012834.4883   19.0684
    0.0000    0.0000  -45.000013550.9355   19.0012
    7.5000    0.0000  -45.000012837.3008   18.9699
   -7.5000    7.5000  -45.000012326.5293   19.0744
    0.0000    7.5000  -45.000012987.1895   19.0006
    7.5000    7.5000  -45.000012251.9385   18.9635
   -7.5000   15.0000  -45.000011778.2842   19.0655
    0.0000   15.0000  -45.000012381.0918   18.9892
    7.5000   15.0000  -45.000011671.0127   18.9508
   -7.5000   22.5000  -45.000011081.4219   19.0473
    0.0000   22.5000  -45.000011646.9561   18.9744
    7.5000   22.5000  -45.000010963.4473   18.9406
   -7.5000   30.0000  -45.000010171.2627   18.7891
    0.0000   30.0000  -45.000010674.0840   18.7243
    7.5000   30.0000  -45.000010066.7822   18.6973
   -7.5000   37.5000  -45.0000 9565.7178   18.7987
    0.0000   37.5000  -45.0000 9999.8408   18.7369
    7.5000   37.5000  -45.0000 9441.7324   18.7110
   -7.5000   45.0000  -45.0000 8659.4170   18.3413
    0.0000   45.0000  -45.0000 9035.4463   18.2767
    7.5000   45.0000  -45.0000 8514.1396   18.2464
   -7.5000  -45.0000  -37.5000 9337.1826   19.0662
    0.0000  -45.0000  -37.5000 9744.5762   19.0057
    7.5000  -45.0000  -37.5000 9302.7549   18.9776
   -7.5000  -37.5000  -37.5000 9871.8457   19.0616
    0.0000  -37.5000  -37.500010363.2168   18.9966
    7.5000  -37.5000  -37.5000 9860.1572   18.9659
   -7.5000  -30.0000  -37.500010775.6943   19.0496
    0.0000  -30.0000  -37.500011323.6182   18.9858
    7.5000  -30.0000  -37.500010780.4727   18.9566
   -7.5000  -22.5000  -37.500011618.6816   19.0366
    0.0000  -22.5000  -37.500012211.9941   18.9783
    7.5000  -22.5000  -37.500011624.3486   18.9527
   -7.5000  -15.0000  -37.500012398.1182   19.0336
    0.0000  -15.0000  -37.500013065.5645   18.9809
    7.5000  -15.0000  -37.500012384.3682   18.9587
   -7.5000   -7.5000  -37.500013016.1865   19.0453
    0.0000   -7.5000  -37.500013766.1904   18.9916
    7.5000   -7.5000  -37.500013029.5293   18.9684
   -7.5000    0.0000  -37.500013511.8672   19.0601
    0.0000    0.0000  -37.500014303.9854   18.9997
    7.5000    0.0000  -37.500013516.4463   18.9715
   -7.5000    7.5000  -37.500012919.7949   19.0616
    0.0000    7.5000  -37.500013663.9395   18.9966
    7.5000    7.5000  -37.500012850.5488   18.9659
   -7.5000   15.0000  -37.500012280.8242   19.0496
    0.0000   15.0000  -37.500012985.1465   18.9858
    7.5000   15.0000  -37.500012211.7002   18.9566
   -7.5000   22.5000  -37.500011557.2871   19.0340
    0.0000   22.5000  -37.500012195.0352   18.9757
    7.5000   22.5000  -37.500011463.9912   18.9501
   -7.5000   30.0000  -37.500010621.3623   18.7800
    0.0000   30.0000  -37.500011197.0752   18.7280
    7.5000   30.0000  -37.500010521.1631   18.7061
   -7.5000   37.5000  -37.5000 9959.1709   18.7915
    0.0000   37.5000  -37.500010490.8965   18.7385
    7.5000   37.5000  -37.5000 9863.1445   18.7156
   -7.5000   45.0000  -37.5000 9013.8535   18.3333
    0.0000   45.0000  -37.5000 9465.8398   18.2751
    7.5000   45.0000  -37.5000 8883.3154   18.2480
   -7.5000  -45.0000  -30.0000 9937.7734   19.8645
    0.0000  -45.0000  -30.000010407.4092   19.8093
    7.5000  -45.0000  -30.0000 9927.6553   19.7794
   -7.5000  -37.5000  -30.000010502.0342   19.8499
    0.0000  -37.5000  -30.000011017.9248   19.7936
    7.5000  -37.5000  -30.000010509.3086   19.7652
   -7.5000  -30.0000  -30.000011455.3271   19.8325
    0.0000  -30.0000  -30.000012026.3672   19.7783
    7.5000  -30.0000  -30.000011466.9170   19.7546
   -7.5000  -22.5000  -30.000012355.4814   19.8248
    0.0000  -22.5000  -30.000012987.3281   19.7732
    7.5000  -22.5000  -30.000012354.8096   19.7516
   -7.5000  -15.0000  -30.000013163.2305   19.8305
    0.0000  -15.0000  -30.000013878.2910   19.7804
    7.5000  -15.0000  -30.000013136.9209   19.7584
   -7.5000   -7.5000  -30.000013819.5498   19.8464
    0.0000   -7.5000  -30.000014609.9619   19.7951
    7.5000   -7.5000  -30.000013826.1729   19.7694
   -7.5000    0.0000  -30.000014364.5332   19.8582
    0.0000    0.0000  -30.000015202.3779   19.8030
    7.5000    0.0000  -30.000014349.7510   19.7731
   -7.5000    7.5000  -30.000013696.9170   19.8499
    0.0000    7.5000  -30.000014540.3223   19.7936
    7.5000    7.5000  -30.000013684.1641   19.7652
   -7.5000   15.0000  -30.000012978.2295   19.8325
    0.0000   15.0000  -30.000013750.3740   19.7783
    7.5000   15.0000  -30.000012961.7832   19.7546
   -7.5000   22.5000  -30.000012209.3809   19.8201
    0.0000   22.5000  -30.000012920.4951   19.7684
    7.5000   22.5000  -30.000012157.4551   19.7469
   -7.5000   30.0000  -30.000011234.9629   19.5681
    0.0000   30.0000  -30.000011894.7979   19.5186
    7.5000   30.0000  -30.000011166.7178   19.4970
   -7.5000   37.5000  -30.000010571.8135   19.5838
    0.0000   37.5000  -30.000011156.0088   19.5331
    7.5000   37.5000  -30.000010452.8496   19.5078
   -7.5000   45.0000  -30.0000 9533.8271   19.1150
    0.0000   45.0000  -30.000010048.5078   19.0619
    7.5000   45.0000  -30.0000 9401.2588   19.0330
   -7.5000  -45.0000  -22.500010501.6553   20.5517
    0.0000  -45.0000  -22.500011027.9209   20.4953
    7.5000  -45.0000  -22.500010530.6777   20.4607
   -7.5000  -37.5000  -22.500011075.0322   20.5305
    0.0000  -37.5000  -22.500011632.5059   20.4738
    7.5000  -37.5000  -22.500011119.1895   20.4413
   -7.5000  -30.0000  -22.500012077.8398   20.5103
    0.0000  -30.0000  -22.500012681.2754   20.4525
    7.5000  -30.0000  -22.500012134.5029   20.4251
   -7.5000  -22.5000  -22.500013035.1016   20.5064
    0.0000  -22.5000  -22.500013708.7109   20.4461
    7.5000  -22.5000  -22.500013089.5381   20.4206
   -7.5000  -15.0000  -22.500013833.8320   20.5179
    0.0000  -15.0000  -22.500014599.8594   20.4571
    7.5000  -15.0000  -22.500013860.1836   20.4307
   -7.5000   -7.5000  -22.500014543.1895   20.5366
    0.0000   -7.5000  -22.500015373.7578   20.4785
    7.5000   -7.5000  -22.500014609.2646   20.4480
   -7.5000    0.0000  -22.500015113.8408   20.5451
    0.0000    0.0000  -22.500016018.7783   20.4888
    7.5000    0.0000  -22.500015211.6943   20.4541
   -7.5000    7.5000  -22.500014426.9805   20.5305
    0.0000    7.5000  -22.500015329.8037   20.4738
    7.5000    7.5000  -22.500014549.8477   20.4413
   -7.5000   15.0000  -22.500013630.0156   20.5103
    0.0000   15.0000  -22.500014448.9609   20.4525
    7.5000   15.0000  -22.500013696.7070   20.4251
   -7.5000   22.5000  -22.500012811.3818   20.5001
    0.0000   22.5000  -22.500013547.6670   20.4398
    7.5000   22.5000  -22.500012831.6719   20.4143
   -7.5000   30.0000  -22.500011818.2324   20.2495
    0.0000   30.0000  -22.500012478.7656   20.1895
    7.5000   30.0000  -22.500011788.1172   20.1634
   -7.5000   37.5000  -22.500011147.8887   20.2679
    0.0000   37.5000  -22.500011770.1729   20.2107
    7.5000   37.5000  -22.500011061.4189   20.1805
   -7.5000   45.0000  -22.500010046.9268   19.7911
    0.0000   45.0000  -22.500010602.9414   19.7370
    7.5000   45.0000  -22.5000 9942.0498   19.7035
   -7.5000  -45.0000  -15.000011020.6016   21.0525
    0.0000  -45.0000  -15.000011563.3506   20.9886
    7.5000  -45.0000  -15.000011034.0957   20.9487
   -7.5000  -37.5000  -15.000011613.3496   21.0320
    0.0000  -37.5000  -15.000012173.4277   20.9663
    7.5000  -37.5000  -15.000011644.6875   20.9262
   -7.5000  -30.0000  -15.000012662.6084   21.0135
    0.0000  -30.0000  -15.000013256.3262   20.9424
    7.5000  -30.0000  -15.000012694.9434   20.9059
   -7.5000  -22.5000  -15.000013681.4346   21.0093
    0.0000  -22.5000  -15.000014375.4307   20.9327
    7.5000  -22.5000  -15.000013717.9805   20.8990
   -7.5000  -15.0000  -15.000014532.5498   21.0202
    0.0000  -15.0000  -15.000015298.8281   20.9439
    7.5000  -15.0000  -15.000014546.8164   20.9116
   -7.5000   -7.5000  -15.000015224.7188   21.0381
    0.0000   -7.5000  -15.000016038.7119   20.9692
    7.5000   -7.5000  -15.000015325.0244   20.9340
   -7.5000    0.0000  -15.000015798.9180   21.0457
    0.0000    0.0000  -15.000016659.6270   20.9818
    7.5000    0.0000  -15.000015962.3467   20.9419
   -7.5000    7.5000  -15.000015122.3975   21.0320
    0.0000    7.5000  -15.000015957.3672   20.9663
    7.5000    7.5000  -15.000015281.5293   20.9262
   -7.5000   15.0000  -15.000014236.9219   21.0135
    0.0000   15.0000  -15.000015029.1582   20.9424
    7.5000   15.0000  -15.000014371.6924   20.9059
   -7.5000   22.5000  -15.000013366.1201   21.0019
    0.0000   22.5000  -15.000014112.7227   20.9253
    7.5000   22.5000  -15.000013463.7529   20.8916
   -7.5000   30.0000  -15.000012351.4307   20.7481
    0.0000   30.0000  -15.000013060.1328   20.6729
    7.5000   30.0000  -15.000012413.2168   20.6409
   -7.5000   37.5000  -15.000011699.9727   20.7658
    0.0000   37.5000  -15.000012345.6455   20.6979
    7.5000   37.5000  -15.000011646.9668   20.6631
   -7.5000   45.0000  -15.000010558.4961   20.2856
    0.0000   45.0000  -15.000011127.1104   20.2242
    7.5000   45.0000  -15.000010481.5762   20.1856
   -7.5000  -45.0000   -7.500011521.2705   21.3060
    0.0000  -45.0000   -7.500012063.9893   21.2329
    7.5000  -45.0000   -7.500011532.1074   21.1928
   -7.5000  -37.5000   -7.500012156.1084   21.2966
    0.0000  -37.5000   -7.500012698.1699   21.2185
    7.5000  -37.5000   -7.500012157.1699   21.1741
   -7.5000  -30.0000   -7.500013267.7676   21.2834
    0.0000  -30.0000   -7.500013825.9639   21.1992
    7.5000  -30.0000   -7.500013262.0605   21.1550
   -7.5000  -22.5000   -7.500014403.6982   21.2722
    0.0000  -22.5000   -7.500015088.0869   21.1855
    7.5000  -22.5000   -7.500014375.6729   21.1455
   -7.5000  -15.0000   -7.500015384.1514   21.2727
    0.0000  -15.0000   -7.500016145.8496   21.1903
    7.5000  -15.0000   -7.500015363.9482   21.1556
   -7.5000   -7.5000   -7.500016120.4727   21.2864
    0.0000   -7.5000   -7.500016814.3770   21.2117
    7.5000   -7.5000   -7.500016187.2559   21.1768
   -7.5000    0.0000   -7.500016639.0566   21.2990
    0.0000    0.0000   -7.500017316.3477   21.2260
    7.5000    0.0000   -7.500016814.3945   21.1859
   -7.5000    7.5000   -7.500015886.0225   21.2966
    0.0000    7.5000   -7.500016559.7109   21.2185
    7.5000    7.5000   -7.500016120.5645   21.1741
   -7.5000   15.0000   -7.500014933.1299   21.2834
    0.0000   15.0000   -7.500015648.2979   21.1992
    7.5000   15.0000   -7.500015122.2100   21.1550
   -7.5000   22.5000   -7.500014049.4570   21.2624
    0.0000   22.5000   -7.500014740.5869   21.1757
    7.5000   22.5000   -7.500014119.2744   21.1357
   -7.5000   30.0000   -7.500013023.1348   20.9969
    0.0000   30.0000   -7.500013678.5234   20.9155
    7.5000   30.0000   -7.500013029.6787   20.8812
   -7.5000   37.5000   -7.500012290.7666   21.0103
    0.0000   37.5000   -7.500012917.2637   20.9366
    7.5000   37.5000   -7.500012217.4033   20.9021
   -7.5000   45.0000   -7.500011061.2422   20.5336
    0.0000   45.0000   -7.500011620.0215   20.4633
    7.5000   45.0000   -7.500010958.3076   20.4245
   -7.5000  -45.0000    0.000011941.4512   21.3450
    0.0000  -45.0000    0.000012501.8545   21.2697
    7.5000  -45.0000    0.000011929.1963   21.2346
   -7.5000  -37.5000    0.000012605.3232   21.3447
    0.0000  -37.5000    0.000013151.7969   21.2621
    7.5000  -37.5000    0.000012563.4980   21.2206
   -7.5000  -30.0000    0.000013758.7002   21.3348
    0.0000  -30.0000    0.000014328.2256   21.2493
    7.5000  -30.0000    0.000013693.2969   21.2064
   -7.5000  -22.5000    0.000015041.7422   21.3173
    0.0000  -22.5000    0.000015742.6289   21.2358
    7.5000  -22.5000    0.000014935.2197   21.1979
   -7.5000  -15.0000    0.000016126.1416   21.3095
    0.0000  -15.0000    0.000016867.3320   21.2359
    7.5000  -15.0000    0.000016087.6025   21.2053
   -7.5000   -7.5000    0.000016917.2578   21.3203
    0.0000   -7.5000    0.000017467.3418   21.2502
    7.5000   -7.5000    0.000016965.1816   21.2209
   -7.5000    0.0000    0.000017457.5586   21.3381
    0.0000    0.0000    0.000017971.0488   21.2629
    7.5000    0.0000    0.000017615.7480   21.2277
   -7.5000    7.5000    0.000016654.7812   21.3447
    0.0000    7.5000    0.000017250.5820   21.2621
    7.5000    7.5000    0.000016838.7891   21.2206
   -7.5000   15.0000    0.000015669.8066   21.3348
    0.0000   15.0000    0.000016393.1094   21.2493
    7.5000   15.0000    0.000015796.3623   21.2064
   -7.5000   22.5000    0.000014654.9668   21.3075
    0.0000   22.5000    0.000015356.4971   21.2260
    7.5000   22.5000    0.000014657.5420   21.1882
   -7.5000   30.0000    0.000013535.9229   21.0337
    0.0000   30.0000    0.000014179.3447   20.9611
    7.5000   30.0000    0.000013470.7559   20.9308
   -7.5000   37.5000    0.000012728.4756   21.0444
    0.0000   37.5000    0.000013319.0498   20.9752
    7.5000   37.5000    0.000012626.7246   20.9462
   -7.5000   45.0000    0.000011407.0225   20.5727
    0.0000   45.0000    0.000011948.3389   20.5003
    7.5000   45.0000    0.000011285.2939   20.4663
   -7.5000  -45.0000    7.500011432.5322   21.3356
    0.0000  -45.0000    7.500011940.4639   21.2679
    7.5000  -45.0000    7.500011391.0879   21.2365
   -7.5000  -37.5000    7.500012079.4717   21.3304
    0.0000  -37.5000    7.500012549.8281   21.2577
    7.5000  -37.5000    7.500011992.6748   21.2234
   -7.5000  -30.0000    7.500013192.8252   21.3170
    0.0000  -30.0000    7.500013694.3691   21.2457
    7.5000  -30.0000    7.500013090.3477   21.2129
   -7.5000  -22.5000    7.500014443.7812   21.3025
    0.0000  -22.5000    7.500015074.2334   21.2372
    7.5000  -22.5000    7.500014284.3877   21.2086
   -7.5000  -15.0000    7.500015471.5400   21.2991
    0.0000  -15.0000    7.500016144.8076   21.2402
    7.5000  -15.0000    7.500015422.1484   21.2153
   -7.5000   -7.5000    7.500016236.9131   21.3122
    0.0000   -7.5000    7.500016943.1777   21.2521
    7.5000   -7.5000    7.500016268.2969   21.2261
   -7.5000    0.0000    7.500016858.6504   21.3288
    0.0000    0.0000    7.500017660.5605   21.2612
    7.5000    0.0000    7.500016911.6211   21.2297
   -7.5000    7.5000    7.500016101.2803   21.3304
    0.0000    7.5000    7.500016914.2715   21.2577
    7.5000    7.5000    7.500016167.1582   21.2234
   -7.5000   15.0000    7.500015100.8359   21.3170
    0.0000   15.0000    7.500015928.8096   21.2457
    7.5000   15.0000    7.500015146.8848   21.2129
   -7.5000   22.5000    7.500014015.5146   21.2927
    0.0000   22.5000    7.500014711.8330   21.2274
    7.5000   22.5000    7.500013987.7520   21.1988
   -7.5000   30.0000    7.500012912.9766   21.0235
    0.0000   30.0000    7.500013485.6582   20.9653
    7.5000   30.0000    7.500012836.7197   20.9408
   -7.5000   37.5000    7.500012116.9258   21.0364
    0.0000   37.5000    7.500012616.8682   20.9770
    7.5000   37.5000    7.500011999.9043   20.9514
   -7.5000   45.0000    7.500010896.5840   20.5637
    0.0000   45.0000    7.500011335.8340   20.4985
    7.5000   45.0000    7.500010775.3535   20.4681
   -7.5000  -45.0000   15.000010784.8076   21.3655
    0.0000  -45.0000   15.000011293.6094   21.3059
    7.5000  -45.0000   15.000010755.0078   21.2738
   -7.5000  -37.5000   15.000011425.8350   21.3497
    0.0000  -37.5000   15.000011917.9844   21.2889
    7.5000  -37.5000   15.000011364.7500   21.2584
   -7.5000  -30.0000   15.000012532.4844   21.3308
    0.0000  -30.0000   15.000013109.5254   21.2724
    7.5000  -30.0000   15.000012463.2031   21.2469
   -7.5000  -22.5000   15.000013640.8086   21.3225
    0.0000  -22.5000   15.000014319.7129   21.2667
    7.5000  -22.5000   15.000013541.9219   21.2435
   -7.5000  -15.0000   15.000014506.9316   21.3287
    0.0000  -15.0000   15.000015198.3604   21.2745
    7.5000  -15.0000   15.000014474.2646   21.2510
   -7.5000   -7.5000   15.000015243.6855   21.3460
    0.0000   -7.5000   15.000015978.4238   21.2905
    7.5000   -7.5000   15.000015220.7949   21.2629
   -7.5000    0.0000   15.000015927.2314   21.3587
    0.0000    0.0000   15.000016731.2617   21.2992
    7.5000    0.0000   15.000015923.8184   21.2670
   -7.5000    7.5000   15.000015276.1875   21.3497
    0.0000    7.5000   15.000016012.6826   21.2889
    7.5000    7.5000   15.000015265.0488   21.2584
   -7.5000   15.0000   15.000014351.4160   21.3308
    0.0000   15.0000   15.000015030.0264   21.2724
    7.5000   15.0000   15.000014338.3750   21.2469
   -7.5000   22.5000   15.000013261.1807   21.3127
    0.0000   22.5000   15.000013857.0850   21.2569
    7.5000   22.5000   15.000013195.3242   21.2337
   -7.5000   30.0000   15.000012171.5371   21.0526
    0.0000   30.0000   15.000012696.2959   20.9992
    7.5000   30.0000   15.000012069.1113   20.9759
   -7.5000   37.5000   15.000011417.1543   21.0698
    0.0000   37.5000   15.000011875.8721   21.0150
    7.5000   37.5000   15.000011288.1367   20.9877
   -7.5000   45.0000   15.000010265.2061   20.5927
    0.0000   45.0000   15.000010656.2422   20.5353
    7.5000   45.0000   15.000010131.2920   20.5042
   -7.5000  -45.0000   22.500010092.0615   21.4297
    0.0000  -45.0000   22.500010578.7939   21.3706
    7.5000  -45.0000   22.500010087.7803   21.3342
   -7.5000  -37.5000   22.500010700.5898   21.4071
    0.0000  -37.5000   22.500011221.4629   21.3478
    7.5000  -37.5000   22.500010668.6201   21.3136
   -7.5000  -30.0000   22.500011688.8164   21.3856
    0.0000  -30.0000   22.500012358.4580   21.3250
    7.5000  -30.0000   22.500011687.4062   21.2962
   -7.5000  -22.5000   22.500012644.5684   21.3816
    0.0000  -22.5000   22.500013355.2832   21.3183
    7.5000  -22.5000   22.500012605.9131   21.2914
   -7.5000  -15.0000   22.500013375.4326   21.3940
    0.0000  -15.0000   22.500014049.6436   21.3302
    7.5000  -15.0000   22.500013339.2051   21.3023
   -7.5000   -7.5000   22.500014017.4590   21.4139
    0.0000   -7.5000   22.500014700.6182   21.3530
    7.5000   -7.5000   22.500013990.0781   21.3208
   -7.5000    0.0000   22.500014665.9775   21.4228
    0.0000    0.0000   22.500015349.6484   21.3638
    7.5000    0.0000   22.500014602.6387   21.3273
   -7.5000    7.5000   22.500014088.1211   21.4071
    0.0000    7.5000   22.500014727.7354   21.3478
    7.5000    7.5000   22.500014033.3398   21.3136
   -7.5000   15.0000   22.500013311.6836   21.3856
    0.0000   15.0000   22.500013916.9570   21.3250
    7.5000   15.0000   22.500013248.0166   21.2962
   -7.5000   22.5000   22.500012330.7734   21.3717
    0.0000   22.5000   22.500012868.0264   21.3085
    7.5000   22.5000   22.500012250.6621   21.2816
   -7.5000   30.0000   22.500011285.3066   21.1171
    0.0000   30.0000   22.500011746.0654   21.0541
    7.5000   30.0000   22.500011206.9639   21.0266
   -7.5000   37.5000   22.500010608.8623   21.1367
    0.0000   37.5000   22.500011009.2246   21.0767
    7.5000   37.5000   22.500010513.1475   21.0449
   -7.5000   45.0000   22.5000 9527.7754   20.6546
    0.0000   45.0000   22.5000 9863.2266   20.5977
    7.5000   45.0000   22.5000 9421.6104   20.5625
   -7.5000  -45.0000   30.0000 9299.5264   21.7357
    0.0000  -45.0000   30.0000 9756.1152   21.6683
    7.5000  -45.0000   30.0000 9319.8037   21.6258
   -7.5000  -37.5000   30.0000 9834.2891   21.7129
    0.0000  -37.5000   30.000010340.3750   21.6435
    7.5000  -37.5000   30.0000 9849.4434   21.6014
   -7.5000  -30.0000   30.000010739.6982   21.6914
    0.0000  -30.0000   30.000011344.3291   21.6167
    7.5000  -30.0000   30.000010757.3271   21.5788
   -7.5000  -22.5000   30.000011591.9688   21.6862
    0.0000  -22.5000   30.000012206.7891   21.6062
    7.5000  -22.5000   30.000011580.2031   21.5714
   -7.5000  -15.0000   30.000012252.7676   21.6985
    0.0000  -15.0000   30.000012835.4297   21.6191
    7.5000  -15.0000   30.000012244.9775   21.5853
   -7.5000   -7.5000   30.000012841.3301   21.7193
    0.0000   -7.5000   30.000013444.9209   21.6473
    7.5000   -7.5000   30.000012823.5088   21.6100
   -7.5000    0.0000   30.000013410.2822   21.7285
    0.0000    0.0000   30.000013991.5762   21.6612
    7.5000    0.0000   30.000013322.9639   21.6187
   -7.5000    7.5000   30.000012893.8613   21.7129
    0.0000    7.5000   30.000013436.8418   21.6435
    7.5000    7.5000   30.000012810.2197   21.6014
   -7.5000   15.0000   30.000012211.9863   21.6914
    0.0000   15.0000   30.000012718.3584   21.6167
    7.5000   15.0000   30.000012138.9082   21.5788
   -7.5000   22.5000   30.000011349.9521   21.6762
    0.0000   22.5000   30.000011824.7979   21.5962
    7.5000   22.5000   30.000011274.5371   21.5614
   -7.5000   30.0000   30.000010388.1406   21.4177
    0.0000   30.0000   30.000010798.6211   21.3393
    7.5000   30.0000   30.000010304.6523   21.3060
   -7.5000   37.5000   30.0000 9774.1816   21.4382
    0.0000   37.5000   30.000010139.2314   21.3671
    7.5000   37.5000   30.0000 9695.9121   21.3303
   -7.5000   45.0000   30.0000 8785.8965   20.9494
    0.0000   45.0000   30.0000 9097.8477   20.8846
    7.5000   45.0000   30.0000 8687.5137   20.8436
   -7.5000  -45.0000   37.5000 8860.4541   22.2636
    0.0000  -45.0000   37.5000 9247.8818   22.1844
    7.5000  -45.0000   37.5000 8877.8701   22.1410
   -7.5000  -37.5000   37.5000 9361.6582   22.2518
    0.0000  -37.5000   37.5000 9828.3252   22.1685
    7.5000  -37.5000   37.5000 9403.6211   22.1206
   -7.5000  -30.0000   37.500010233.8350   22.2362
    0.0000  -30.0000   37.500010777.0811   22.1471
    7.5000  -30.0000   37.500010264.6504   22.0992
   -7.5000  -22.5000   37.500011024.5732   22.2243
    0.0000  -22.5000   37.500011608.3936   22.1320
    7.5000  -22.5000   37.500011041.6465   22.0884
   -7.5000  -15.0000   37.500011672.0635   22.2262
    0.0000  -15.0000   37.500012247.3203   22.1375
    7.5000  -15.0000   37.500011675.7031   22.0993
   -7.5000   -7.5000   37.500012264.5820   22.2423
    0.0000   -7.5000   37.500012859.6250   22.1611
    7.5000   -7.5000   37.500012242.6240   22.1229
   -7.5000    0.0000   37.500012801.4775   22.2560
    0.0000    0.0000   37.500013359.9092   22.1770
    7.5000    0.0000   37.500012696.5625   22.1335
   -7.5000    7.5000   37.500012305.5898   22.2518
    0.0000    7.5000   37.500012809.5566   22.1685
    7.5000    7.5000   37.500012218.0986   22.1206
   -7.5000   15.0000   37.500011647.9502   22.2362
    0.0000   15.0000   37.500012125.8564   22.1471
    7.5000   15.0000   37.500011590.4072   22.0992
   -7.5000   22.5000   37.500010849.3164   22.2141
    0.0000   22.5000   37.500011291.8994   22.1218
    7.5000   22.5000   37.500010785.0029   22.0782
   -7.5000   30.0000   37.5000 9929.5908   21.9385
    0.0000   30.0000   37.500010296.6357   21.8510
    7.5000   30.0000   37.5000 9843.2012   21.8133
   -7.5000   37.5000   37.5000 9345.1455   21.9544
    0.0000   37.5000   37.5000 9676.1650   21.8743
    7.5000   37.5000   37.5000 9249.5586   21.8366
   -7.5000   45.0000   37.5000 8414.5430   21.4581
    0.0000   45.0000   37.5000 8700.3574   21.3819
    7.5000   45.0000   37.5000 8302.0059   21.3399
   -7.5000  -45.0000   45.0000 8094.5327   22.8675
    0.0000  -45.0000   45.0000 8433.5234   22.7835
    7.5000  -45.0000   45.0000 8112.5400   22.7464
   -7.5000  -37.5000   45.0000 8566.3281   22.8664
    0.0000  -37.5000   45.0000 8983.4873   22.7755
    7.5000  -37.5000   45.0000 8612.9717   22.7314
   -7.5000  -30.0000   45.0000 9361.4756   22.8535
    0.0000  -30.0000   45.0000 9834.8525   22.7598
    7.5000  -30.0000   45.0000 9399.8438   22.7141
   -7.5000  -22.5000   45.000010082.6299   22.8323
    0.0000  -22.5000   45.000010603.1445   22.7422
    7.5000  -22.5000   45.000010099.4326   22.7018
   -7.5000  -15.0000   45.000010671.2451   22.8237
    0.0000  -15.0000   45.000011198.6299   22.7415
    7.5000  -15.0000   45.000010683.2051   22.7089
   -7.5000   -7.5000   45.000011219.2744   22.8379
    0.0000   -7.5000   45.000011738.6621   22.7591
    7.5000   -7.5000   45.000011181.8428   22.7282
   -7.5000    0.0000   45.000011708.7490   22.8595
    0.0000    0.0000   45.000012224.3662   22.7756
    7.5000    0.0000   45.000011620.6836   22.7385
   -7.5000    7.5000   45.000011290.1465   22.8664
    0.0000    7.5000   45.000011768.7432   22.7755
    7.5000    7.5000   45.000011196.8115   22.7314
   -7.5000   15.0000   45.000010694.3906   22.8535
    0.0000   15.0000   45.000011112.8281   22.7598
    7.5000   15.0000   45.000010624.7363   22.7141
   -7.5000   22.5000   45.0000 9962.1270   22.8217
    0.0000   22.5000   45.000010351.3564   22.7317
    7.5000   22.5000   45.0000 9891.1572   22.6912
   -7.5000   30.0000   45.0000 9076.4033   22.5263
    0.0000   30.0000   45.0000 9434.9014   22.4452
    7.5000   30.0000   45.0000 9035.6406   22.4130
   -7.5000   37.5000   45.0000 8541.1084   22.5404
    0.0000   37.5000   45.0000 8853.2930   22.4626
    7.5000   37.5000   45.0000 8486.9238   22.4321
   -7.5000   45.0000   45.0000 7729.7466   22.0489
    0.0000   45.0000   45.0000 7990.9863   21.9680
    7.5000   45.0000   45.0000 7650.1475   21.9321

---------------------------------------------------------------------
imgreg_4dfp /opt/freesurfer/average/711-2C_as_mni_average_305 /opt/freesurfer/average/711-2B_as_mni_average_305_mask talsrcimg_g11 none talsrcimg_to_711-2C_as_mni_average_305_t4 4355
---------------------------------------------------------------------

freesurfer imgreg_4dfp.c
/opt/freesurfer/average/711-2C_as_mni_average_305.4dfp.img
       256       256       256         1
  1.000000  1.000000  1.000000
orientation T byte_order littleendian
Reading image: /opt/freesurfer/average/711-2C_as_mni_average_305.4dfp.img
dimensions:      256       256       256
mmppix:       1.0000   -1.0000   -1.0000
center:     128.0000 -129.0000 -129.0000
/opt/freesurfer/average/711-2B_as_mni_average_305_mask.4dfp.img
       256       256       256         1
  1.000000  1.000000  1.000000
orientation T byte_order littleendian
Reading mask: /opt/freesurfer/average/711-2B_as_mni_average_305_mask.4dfp.img (2306576 pixels)
talsrcimg_g11.4dfp.img
       256       256       256         1
  1.000000  1.000000  1.000000
orientation T byte_order littleendian
Reading image: talsrcimg_g11.4dfp.img
dimensions:      256       256       256
mmppix:       1.0000   -1.0000   -1.0000
center:     128.0000 -129.0000 -129.0000
rotation matrix determinant  1.000000
image alignment mode   4355 decimal     1103 hex
   -7.5000  -45.0000  -45.0000 2253.3765   19.2179
    0.0000  -45.0000  -45.0000 2264.8560   19.2726
    7.5000  -45.0000  -45.0000 2243.8054   19.4576
   -7.5000  -37.5000  -45.0000 2342.4380   17.8052
    0.0000  -37.5000  -45.0000 2350.5854   17.8761
    7.5000  -37.5000  -45.0000 2332.0334   18.0251
   -7.5000  -30.0000  -45.0000 2401.3386   16.8921
    0.0000  -30.0000  -45.0000 2412.5823   16.9735
    7.5000  -30.0000  -45.0000 2393.6279   17.0761
   -7.5000  -22.5000  -45.0000 2441.4802   16.4403
    0.0000  -22.5000  -45.0000 2455.2456   16.5072
    7.5000  -22.5000  -45.0000 2429.3425   16.5560
   -7.5000  -15.0000  -45.0000 2463.3098   16.2416
    0.0000  -15.0000  -45.0000 2472.5544   16.2947
    7.5000  -15.0000  -45.0000 2445.9602   16.3743
   -7.5000   -7.5000  -45.0000 2471.6960   16.2301
    0.0000   -7.5000  -45.0000 2477.5530   16.2884
    7.5000   -7.5000  -45.0000 2448.4231   16.3654
   -7.5000    0.0000  -45.0000 2461.1548   16.4981
    0.0000    0.0000  -45.0000 2466.0896   16.5348
    7.5000    0.0000  -45.0000 2434.9351   16.6610
   -7.5000    7.5000  -45.0000 2433.2605   17.1069
    0.0000    7.5000  -45.0000 2441.0337   17.1220
    7.5000    7.5000  -45.0000 2407.4790   17.2805
   -7.5000   15.0000  -45.0000 2384.0417   17.9968
    0.0000   15.0000  -45.0000 2389.2053   17.9918
    7.5000   15.0000  -45.0000 2358.1299   18.1853
   -7.5000   22.5000  -45.0000 2313.0862   19.1815
    0.0000   22.5000  -45.0000 2319.8125   19.1894
    7.5000   22.5000  -45.0000 2290.6670   19.3922
   -7.5000   30.0000  -45.0000 2221.4712   20.7658
    0.0000   30.0000  -45.0000 2224.9158   20.8130
    7.5000   30.0000  -45.0000 2201.2419   21.0443
   -7.5000   37.5000  -45.0000 2118.8750   23.0185
    0.0000   37.5000  -45.0000 2118.4038   22.9937
    7.5000   37.5000  -45.0000 2092.8960   23.2426
   -7.5000   45.0000  -45.0000 1998.5688   26.0179
    0.0000   45.0000  -45.0000 2000.2130   25.9563
    7.5000   45.0000  -45.0000 1967.4094   26.2016
   -7.5000  -45.0000  -37.5000 2322.6199   18.1116
    0.0000  -45.0000  -37.5000 2333.1526   18.1798
    7.5000  -45.0000  -37.5000 2311.9187   18.3175
   -7.5000  -37.5000  -37.5000 2414.3423   16.7093
    0.0000  -37.5000  -37.5000 2432.5388   16.7898
    7.5000  -37.5000  -37.5000 2403.2771   16.9025
   -7.5000  -30.0000  -37.5000 2483.6367   15.7891
    0.0000  -30.0000  -37.5000 2500.0220   15.8561
    7.5000  -30.0000  -37.5000 2473.6584   15.9476
   -7.5000  -22.5000  -37.5000 2530.4355   15.3035
    0.0000  -22.5000  -37.5000 2539.7139   15.3919
    7.5000  -22.5000  -37.5000 2515.8672   15.4358
   -7.5000  -15.0000  -37.5000 2563.5117   15.1228
    0.0000  -15.0000  -37.5000 2573.0601   15.2207
    7.5000  -15.0000  -37.5000 2538.0217   15.2683
   -7.5000   -7.5000  -37.5000 2568.9775   15.1188
    0.0000   -7.5000  -37.5000 2576.6162   15.2164
    7.5000   -7.5000  -37.5000 2543.0591   15.2722
   -7.5000    0.0000  -37.5000 2560.1082   15.4004
    0.0000    0.0000  -37.5000 2568.8464   15.4615
    7.5000    0.0000  -37.5000 2528.2417   15.5629
   -7.5000    7.5000  -37.5000 2531.4739   15.9583
    0.0000    7.5000  -37.5000 2539.6958   15.9963
    7.5000    7.5000  -37.5000 2501.7319   16.1158
   -7.5000   15.0000  -37.5000 2482.1528   16.7654
    0.0000   15.0000  -37.5000 2489.4492   16.8005
    7.5000   15.0000  -37.5000 2453.2732   16.9376
   -7.5000   22.5000  -37.5000 2405.5281   17.8178
    0.0000   22.5000  -37.5000 2411.9985   17.8691
    7.5000   22.5000  -37.5000 2379.9285   18.0576
   -7.5000   30.0000  -37.5000 2306.5037   19.3227
    0.0000   30.0000  -37.5000 2312.9863   19.3585
    7.5000   30.0000  -37.5000 2285.2620   19.5624
   -7.5000   37.5000  -37.5000 2195.4905   21.3814
    0.0000   37.5000  -37.5000 2202.3159   21.3770
    7.5000   37.5000  -37.5000 2173.2612   21.6586
   -7.5000   45.0000  -37.5000 2069.6504   24.0193
    0.0000   45.0000  -37.5000 2073.3420   24.0747
    7.5000   45.0000  -37.5000 2046.1213   24.3748
   -7.5000  -45.0000  -30.0000 2423.7368   17.7416
    0.0000  -45.0000  -30.0000 2439.9705   17.7757
    7.5000  -45.0000  -30.0000 2416.5793   17.9710
   -7.5000  -37.5000  -30.0000 2522.5496   16.3294
    0.0000  -37.5000  -30.0000 2538.2014   16.3645
    7.5000  -37.5000  -30.0000 2514.1084   16.5248
   -7.5000  -30.0000  -30.0000 2602.9463   15.3207
    0.0000  -30.0000  -30.0000 2616.0117   15.3474
    7.5000  -30.0000  -30.0000 2589.0813   15.4672
   -7.5000  -22.5000  -30.0000 2657.0835   14.7740
    0.0000  -22.5000  -30.0000 2667.0686   14.7932
    7.5000  -22.5000  -30.0000 2640.4348   14.8642
   -7.5000  -15.0000  -30.0000 2696.1868   14.5632
    0.0000  -15.0000  -30.0000 2707.1104   14.6055
    7.5000  -15.0000  -30.0000 2665.9722   14.6408
   -7.5000   -7.5000  -30.0000 2704.4165   14.5639
    0.0000   -7.5000  -30.0000 2717.6560   14.6309
    7.5000   -7.5000  -30.0000 2677.5063   14.7022
   -7.5000    0.0000  -30.0000 2701.0288   14.8837
    0.0000    0.0000  -30.0000 2714.0049   14.9460
    7.5000    0.0000  -30.0000 2671.5581   15.0367
   -7.5000    7.5000  -30.0000 2672.9448   15.4490
    0.0000    7.5000  -30.0000 2689.4661   15.4846
    7.5000    7.5000  -30.0000 2646.8152   15.5845
   -7.5000   15.0000  -30.0000 2619.4036   16.1704
    0.0000   15.0000  -30.0000 2629.0032   16.2260
    7.5000   15.0000  -30.0000 2591.5793   16.3438
   -7.5000   22.5000  -30.0000 2535.2351   17.2101
    0.0000   22.5000  -30.0000 2549.0356   17.2306
    7.5000   22.5000  -30.0000 2513.7676   17.4304
   -7.5000   30.0000  -30.0000 2432.6223   18.6824
    0.0000   30.0000  -30.0000 2444.7358   18.6895
    7.5000   30.0000  -30.0000 2414.9419   18.9212
   -7.5000   37.5000  -30.0000 2313.0562   20.6636
    0.0000   37.5000  -30.0000 2319.0967   20.6542
    7.5000   37.5000  -30.0000 2294.0403   20.9247
   -7.5000   45.0000  -30.0000 2172.5771   23.2246
    0.0000   45.0000  -30.0000 2179.9802   23.2741
    7.5000   45.0000  -30.0000 2156.2944   23.5853
   -7.5000  -45.0000  -22.5000 2488.2341   17.3014
    0.0000  -45.0000  -22.5000 2508.1838   17.2872
    7.5000  -45.0000  -22.5000 2488.2200   17.4758
   -7.5000  -37.5000  -22.5000 2595.7534   15.8791
    0.0000  -37.5000  -22.5000 2613.9277   15.8504
    7.5000  -37.5000  -22.5000 2588.6614   16.0115
   -7.5000  -30.0000  -22.5000 2688.2195   14.8489
    0.0000  -30.0000  -22.5000 2699.3108   14.7883
    7.5000  -30.0000  -22.5000 2674.2673   14.9576
   -7.5000  -22.5000  -22.5000 2749.8376   14.2181
    0.0000  -22.5000  -22.5000 2763.9297   14.1386
    7.5000  -22.5000  -22.5000 2742.2466   14.2775
   -7.5000  -15.0000  -22.5000 2788.7075   13.9168
    0.0000  -15.0000  -22.5000 2806.8914   13.8903
    7.5000  -15.0000  -22.5000 2768.6323   13.9917
   -7.5000   -7.5000  -22.5000 2809.4297   13.8902
    0.0000   -7.5000  -22.5000 2829.4199   13.9069
    7.5000   -7.5000  -22.5000 2788.6277   14.0273
   -7.5000    0.0000  -22.5000 2803.3867   14.2501
    0.0000    0.0000  -22.5000 2828.0767   14.2875
    7.5000    0.0000  -22.5000 2788.3203   14.3906
   -7.5000    7.5000  -22.5000 2776.3379   14.8202
    0.0000    7.5000  -22.5000 2802.0776   14.8431
    7.5000    7.5000  -22.5000 2763.1555   14.9385
   -7.5000   15.0000  -22.5000 2720.0256   15.5416
    0.0000   15.0000  -22.5000 2736.9792   15.5228
    7.5000   15.0000  -22.5000 2703.6453   15.6931
   -7.5000   22.5000  -22.5000 2637.2563   16.5485
    0.0000   22.5000  -22.5000 2650.0127   16.5135
    7.5000   22.5000  -22.5000 2618.8701   16.7306
   -7.5000   30.0000  -22.5000 2526.4902   17.9795
    0.0000   30.0000  -22.5000 2538.5349   17.9393
    7.5000   30.0000  -22.5000 2509.3484   18.1779
   -7.5000   37.5000  -22.5000 2402.0146   19.9468
    0.0000   37.5000  -22.5000 2407.8931   19.9026
    7.5000   37.5000  -22.5000 2379.7888   20.1488
   -7.5000   45.0000  -22.5000 2245.3357   22.4499
    0.0000   45.0000  -22.5000 2254.6597   22.4214
    7.5000   45.0000  -22.5000 2231.0078   22.6938
   -7.5000  -45.0000  -15.0000 2512.3738   16.9857
    0.0000  -45.0000  -15.0000 2528.8550   16.8520
    7.5000  -45.0000  -15.0000 2508.3794   16.9987
   -7.5000  -37.5000  -15.0000 2626.0261   15.5382
    0.0000  -37.5000  -15.0000 2640.8572   15.4193
    7.5000  -37.5000  -15.0000 2617.0071   15.5803
   -7.5000  -30.0000  -15.0000 2726.6233   14.4873
    0.0000  -30.0000  -15.0000 2736.1831   14.3409
    7.5000  -30.0000  -15.0000 2709.9304   14.5286
   -7.5000  -22.5000  -15.0000 2805.1511   13.8049
    0.0000  -22.5000  -15.0000 2817.8428   13.6589
    7.5000  -22.5000  -15.0000 2795.7930   13.8149
   -7.5000  -15.0000  -15.0000 2854.0305   13.4265
    0.0000  -15.0000  -15.0000 2869.9336   13.2996
    7.5000  -15.0000  -15.0000 2835.1929   13.4644
   -7.5000   -7.5000  -15.0000 2878.9160   13.3403
    0.0000   -7.5000  -15.0000 2899.8384   13.2390
    7.5000   -7.5000  -15.0000 2858.2893   13.4682
   -7.5000    0.0000  -15.0000 2873.1421   13.6660
    0.0000    0.0000  -15.0000 2894.6770   13.5833
    7.5000    0.0000  -15.0000 2857.4099   13.7763
   -7.5000    7.5000  -15.0000 2841.4314   14.2381
    0.0000    7.5000  -15.0000 2861.1199   14.1458
    7.5000    7.5000  -15.0000 2828.9587   14.3599
   -7.5000   15.0000  -15.0000 2777.2305   14.9860
    0.0000   15.0000  -15.0000 2796.7251   14.8932
    7.5000   15.0000  -15.0000 2769.0437   15.1519
   -7.5000   22.5000  -15.0000 2695.2393   15.9865
    0.0000   22.5000  -15.0000 2707.1086   15.8733
    7.5000   22.5000  -15.0000 2681.9084   16.1497
   -7.5000   30.0000  -15.0000 2580.0144   17.4192
    0.0000   30.0000  -15.0000 2592.8245   17.3023
    7.5000   30.0000  -15.0000 2565.0215   17.6022
   -7.5000   37.5000  -15.0000 2450.9089   19.3262
    0.0000   37.5000  -15.0000 2460.9097   19.2347
    7.5000   37.5000  -15.0000 2426.5396   19.5370
   -7.5000   45.0000  -15.0000 2294.9529   21.7738
    0.0000   45.0000  -15.0000 2300.9075   21.7155
    7.5000   45.0000  -15.0000 2273.0081   22.0118
   -7.5000  -45.0000   -7.5000 2510.8376   16.7790
    0.0000  -45.0000   -7.5000 2528.7273   16.5245
    7.5000  -45.0000   -7.5000 2508.9277   16.7093
   -7.5000  -37.5000   -7.5000 2630.1873   15.3625
    0.0000  -37.5000   -7.5000 2642.7397   15.1110
    7.5000  -37.5000   -7.5000 2621.2800   15.2995
   -7.5000  -30.0000   -7.5000 2741.5369   14.2954
    0.0000  -30.0000   -7.5000 2747.1814   14.0413
    7.5000  -30.0000   -7.5000 2723.6052   14.2513
   -7.5000  -22.5000   -7.5000 2832.5305   13.5867
    0.0000  -22.5000   -7.5000 2844.9170   13.3493
    7.5000  -22.5000   -7.5000 2819.6274   13.5556
   -7.5000  -15.0000   -7.5000 2894.2102   13.1943
    0.0000  -15.0000   -7.5000 2909.5881   12.9614
    7.5000  -15.0000   -7.5000 2883.0618   13.1781
   -7.5000   -7.5000   -7.5000 2926.0891   13.0537
    0.0000   -7.5000   -7.5000 2940.5496   12.8042
    7.5000   -7.5000   -7.5000 2903.1846   13.1282
   -7.5000    0.0000   -7.5000 2914.7234   13.2925
    0.0000    0.0000   -7.5000 2928.9038   13.0015
    7.5000    0.0000   -7.5000 2896.9534   13.4010
   -7.5000    7.5000   -7.5000 2879.1655   13.8587
    0.0000    7.5000   -7.5000 2891.4292   13.5869
    7.5000    7.5000   -7.5000 2868.6812   13.9839
   -7.5000   15.0000   -7.5000 2813.2463   14.6646
    0.0000   15.0000   -7.5000 2830.3579   14.4111
    7.5000   15.0000   -7.5000 2807.7002   14.7919
   -7.5000   22.5000   -7.5000 2726.8369   15.7024
    0.0000   22.5000   -7.5000 2735.5117   15.4837
    7.5000   22.5000   -7.5000 2714.1389   15.8113
   -7.5000   30.0000   -7.5000 2610.0168   17.0972
    0.0000   30.0000   -7.5000 2617.8801   16.9073
    7.5000   30.0000   -7.5000 2595.9150   17.2101
   -7.5000   37.5000   -7.5000 2478.7456   18.9480
    0.0000   37.5000   -7.5000 2482.6709   18.7819
    7.5000   37.5000   -7.5000 2456.7390   19.0898
   -7.5000   45.0000   -7.5000 2318.7151   21.3374
    0.0000   45.0000   -7.5000 2324.7258   21.2203
    7.5000   45.0000   -7.5000 2300.4915   21.5455
   -7.5000  -45.0000    0.0000 2498.0405   16.8174
    0.0000  -45.0000    0.0000 2514.4595   16.4972
    7.5000  -45.0000    0.0000 2497.4314   16.6696
   -7.5000  -37.5000    0.0000 2619.7009   15.3705
    0.0000  -37.5000    0.0000 2635.7190   15.0588
    7.5000  -37.5000    0.0000 2612.3608   15.2150
   -7.5000  -30.0000    0.0000 2731.7922   14.2858
    0.0000  -30.0000    0.0000 2736.8699   13.9628
    7.5000  -30.0000    0.0000 2713.4019   14.1679
   -7.5000  -22.5000    0.0000 2832.8105   13.6077
    0.0000  -22.5000    0.0000 2839.7244   13.2859
    7.5000  -22.5000    0.0000 2816.5029   13.4881
   -7.5000  -15.0000    0.0000 2900.7046   13.2028
    0.0000  -15.0000    0.0000 2914.0923   12.9041
    7.5000  -15.0000    0.0000 2897.4517   13.1367
   -7.5000   -7.5000    0.0000 2936.6711   13.0241
    0.0000   -7.5000    0.0000 2945.1470   12.6993
    7.5000   -7.5000    0.0000 2922.4180   13.0883
   -7.5000    0.0000    0.0000 2924.4282   13.1992
    0.0000    0.0000    0.0000 2934.2769   12.8271
    7.5000    0.0000    0.0000 2916.3542   13.2907
   -7.5000    7.5000    0.0000 2888.3911   13.7061
    0.0000    7.5000    0.0000 2903.7729   13.3756
    7.5000    7.5000    0.0000 2882.8884   13.8092
   -7.5000   15.0000    0.0000 2818.6121   14.5295
    0.0000   15.0000    0.0000 2844.7808   14.2753
    7.5000   15.0000    0.0000 2813.7959   14.6181
   -7.5000   22.5000    0.0000 2725.1816   15.6367
    0.0000   22.5000    0.0000 2739.2324   15.4732
    7.5000   22.5000    0.0000 2716.0017   15.7038
   -7.5000   30.0000    0.0000 2609.1929   17.0240
    0.0000   30.0000    0.0000 2619.5015   16.9091
    7.5000   30.0000    0.0000 2594.4180   17.1189
   -7.5000   37.5000    0.0000 2474.2905   18.8207
    0.0000   37.5000    0.0000 2485.0168   18.7424
    7.5000   37.5000    0.0000 2456.2693   18.9389
   -7.5000   45.0000    0.0000 2311.0935   21.1129
    0.0000   45.0000    0.0000 2321.5100   21.0897
    7.5000   45.0000    0.0000 2299.6846   21.3116
   -7.5000  -45.0000    7.5000 2467.8071   17.0216
    0.0000  -45.0000    7.5000 2489.2463   16.6523
    7.5000  -45.0000    7.5000 2472.2334   16.7869
   -7.5000  -37.5000    7.5000 2592.8450   15.5931
    0.0000  -37.5000    7.5000 2605.5493   15.1825
    7.5000  -37.5000    7.5000 2587.4468   15.3653
   -7.5000  -30.0000    7.5000 2697.8887   14.5194
    0.0000  -30.0000    7.5000 2705.7104   14.1349
    7.5000  -30.0000    7.5000 2690.1018   14.3341
   -7.5000  -22.5000    7.5000 2798.9900   13.8407
    0.0000  -22.5000    7.5000 2808.3000   13.4866
    7.5000  -22.5000    7.5000 2788.6064   13.7011
   -7.5000  -15.0000    7.5000 2876.5835   13.4069
    0.0000  -15.0000    7.5000 2895.4141   13.1491
    7.5000  -15.0000    7.5000 2874.6733   13.3935
   -7.5000   -7.5000    7.5000 2915.4768   13.1797
    0.0000   -7.5000    7.5000 2936.5134   12.9315
    7.5000   -7.5000    7.5000 2908.2510   13.2785
   -7.5000    0.0000    7.5000 2911.2007   13.3313
    0.0000    0.0000    7.5000 2937.7954   13.0797
    7.5000    0.0000    7.5000 2907.6226   13.3933
   -7.5000    7.5000    7.5000 2869.9109   13.8118
    0.0000    7.5000    7.5000 2898.0642   13.6154
    7.5000    7.5000    7.5000 2872.9670   13.8639
   -7.5000   15.0000    7.5000 2797.0706   14.5862
    0.0000   15.0000    7.5000 2828.4756   14.4426
    7.5000   15.0000    7.5000 2800.1528   14.6745
   -7.5000   22.5000    7.5000 2700.9155   15.7178
    0.0000   22.5000    7.5000 2719.4929   15.5941
    7.5000   22.5000    7.5000 2698.0847   15.7870
   -7.5000   30.0000    7.5000 2589.9536   17.1101
    0.0000   30.0000    7.5000 2599.4634   17.0114
    7.5000   30.0000    7.5000 2576.8972   17.2268
   -7.5000   37.5000    7.5000 2454.2922   18.9270
    0.0000   37.5000    7.5000 2468.7722   18.8503
    7.5000   37.5000    7.5000 2440.3264   19.0545
   -7.5000   45.0000    7.5000 2295.3230   21.2077
    0.0000   45.0000    7.5000 2304.8279   21.1911
    7.5000   45.0000    7.5000 2283.4626   21.4153
   -7.5000  -45.0000   15.0000 2425.7327   17.6006
    0.0000  -45.0000   15.0000 2444.1416   17.1920
    7.5000  -45.0000   15.0000 2432.0378   17.2618
   -7.5000  -37.5000   15.0000 2549.9448   16.1441
    0.0000  -37.5000   15.0000 2559.0496   15.7695
    7.5000  -37.5000   15.0000 2547.5308   15.8936
   -7.5000  -30.0000   15.0000 2654.0452   15.1017
    0.0000  -30.0000   15.0000 2669.2087   14.7706
    7.5000  -30.0000   15.0000 2650.7168   14.9214
   -7.5000  -22.5000   15.0000 2745.2871   14.3497
    0.0000  -22.5000   15.0000 2770.7249   14.0959
    7.5000  -22.5000   15.0000 2742.9209   14.2514
   -7.5000  -15.0000   15.0000 2820.9009   13.8537
    0.0000  -15.0000   15.0000 2845.4348   13.6114
    7.5000  -15.0000   15.0000 2816.3433   13.8281
   -7.5000   -7.5000   15.0000 2866.5852   13.5832
    0.0000   -7.5000   15.0000 2888.6526   13.3418
    7.5000   -7.5000   15.0000 2859.6458   13.6202
   -7.5000    0.0000   15.0000 2872.6174   13.8015
    0.0000    0.0000   15.0000 2896.8708   13.5942
    7.5000    0.0000   15.0000 2873.0156   13.7843
   -7.5000    7.5000   15.0000 2831.4131   14.2823
    0.0000    7.5000   15.0000 2852.9045   14.0814
    7.5000    7.5000   15.0000 2832.4697   14.2819
   -7.5000   15.0000   15.0000 2756.8933   15.0471
    0.0000   15.0000   15.0000 2779.2998   14.8519
    7.5000   15.0000   15.0000 2755.8718   15.0596
   -7.5000   22.5000   15.0000 2656.0598   16.1363
    0.0000   22.5000   15.0000 2678.5005   15.9908
    7.5000   22.5000   15.0000 2652.2170   16.1693
   -7.5000   30.0000   15.0000 2544.5508   17.5342
    0.0000   30.0000   15.0000 2559.0376   17.4439
    7.5000   30.0000   15.0000 2533.8347   17.6266
   -7.5000   37.5000   15.0000 2413.9932   19.3403
    0.0000   37.5000   15.0000 2424.4009   19.2896
    7.5000   37.5000   15.0000 2398.7642   19.4788
   -7.5000   45.0000   15.0000 2254.8555   21.6028
    0.0000   45.0000   15.0000 2264.7178   21.5832
    7.5000   45.0000   15.0000 2248.0496   21.7600
   -7.5000  -45.0000   22.5000 2379.3557   18.5410
    0.0000  -45.0000   22.5000 2396.5371   18.2171
    7.5000  -45.0000   22.5000 2389.0737   18.2052
   -7.5000  -37.5000   22.5000 2495.9543   17.0440
    0.0000  -37.5000   22.5000 2511.7974   16.7895
    7.5000  -37.5000   22.5000 2495.6011   16.8405
   -7.5000  -30.0000   22.5000 2593.5242   15.9125
    0.0000  -30.0000   22.5000 2621.2590   15.6987
    7.5000  -30.0000   22.5000 2597.0190   15.7580
   -7.5000  -22.5000   22.5000 2686.5061   15.0868
    0.0000  -22.5000   22.5000 2721.1685   14.8503
    7.5000  -22.5000   22.5000 2687.5991   14.9695
   -7.5000  -15.0000   22.5000 2758.5972   14.5207
    0.0000  -15.0000   22.5000 2783.6497   14.2558
    7.5000  -15.0000   22.5000 2748.3196   14.4475
   -7.5000   -7.5000   22.5000 2794.3499   14.2289
    0.0000   -7.5000   22.5000 2810.9656   14.0171
    7.5000   -7.5000   22.5000 2784.5312   14.1973
   -7.5000    0.0000   22.5000 2797.3794   14.4941
    0.0000    0.0000   22.5000 2813.3906   14.2776
    7.5000    0.0000   22.5000 2783.6973   14.3901
   -7.5000    7.5000   22.5000 2757.1719   14.9665
    0.0000    7.5000   22.5000 2774.1018   14.7486
    7.5000    7.5000   22.5000 2753.5486   14.9141
   -7.5000   15.0000   22.5000 2691.3108   15.7367
    0.0000   15.0000   22.5000 2712.8464   15.5301
    7.5000   15.0000   22.5000 2687.0591   15.7050
   -7.5000   22.5000   22.5000 2596.5208   16.7963
    0.0000   22.5000   22.5000 2622.5789   16.6072
    7.5000   22.5000   22.5000 2594.2083   16.7743
   -7.5000   30.0000   22.5000 2483.2722   18.1948
    0.0000   30.0000   22.5000 2503.7429   18.0327
    7.5000   30.0000   22.5000 2479.9446   18.2015
   -7.5000   37.5000   22.5000 2354.2065   19.9915
    0.0000   37.5000   22.5000 2367.6707   19.8795
    7.5000   37.5000   22.5000 2347.3604   20.0814
   -7.5000   45.0000   22.5000 2197.7837   22.2618
    0.0000   45.0000   22.5000 2206.8738   22.1957
    7.5000   45.0000   22.5000 2193.8188   22.3806
   -7.5000  -45.0000   30.0000 2313.6785   19.7487
    0.0000  -45.0000   30.0000 2336.3438   19.4695
    7.5000  -45.0000   30.0000 2328.6179   19.4609
   -7.5000  -37.5000   30.0000 2423.3953   18.1471
    0.0000  -37.5000   30.0000 2454.4478   17.9062
    7.5000  -37.5000   30.0000 2439.3882   17.9124
   -7.5000  -30.0000   30.0000 2520.9241   16.8882
    0.0000  -30.0000   30.0000 2563.1375   16.6437
    7.5000  -30.0000   30.0000 2538.0840   16.7110
   -7.5000  -22.5000   30.0000 2613.8892   15.9980
    0.0000  -22.5000   30.0000 2654.2129   15.7528
    7.5000  -22.5000   30.0000 2622.5232   15.8652
   -7.5000  -15.0000   30.0000 2673.1609   15.3181
    0.0000  -15.0000   30.0000 2708.0527   15.0680
    7.5000  -15.0000   30.0000 2675.0154   15.2685
   -7.5000   -7.5000   30.0000 2703.2625   15.0528
    0.0000   -7.5000   30.0000 2729.9983   14.8684
    7.5000   -7.5000   30.0000 2702.1736   14.9908
   -7.5000    0.0000   30.0000 2699.1716   15.2928
    0.0000    0.0000   30.0000 2715.7844   15.0684
    7.5000    0.0000   30.0000 2686.0098   15.1533
   -7.5000    7.5000   30.0000 2658.6206   15.7943
    0.0000    7.5000   30.0000 2672.4626   15.5737
    7.5000    7.5000   30.0000 2652.5430   15.6869
   -7.5000   15.0000   30.0000 2601.4851   16.5693
    0.0000   15.0000   30.0000 2618.8801   16.3668
    7.5000   15.0000   30.0000 2596.1626   16.4966
   -7.5000   22.5000   30.0000 2518.3535   17.6500
    0.0000   22.5000   30.0000 2544.6028   17.4500
    7.5000   22.5000   30.0000 2515.4233   17.5835
   -7.5000   30.0000   30.0000 2413.3601   19.0393
    0.0000   30.0000   30.0000 2431.6558   18.8562
    7.5000   30.0000   30.0000 2407.9761   19.0248
   -7.5000   37.5000   30.0000 2285.1643   20.8516
    0.0000   37.5000   30.0000 2295.4290   20.7126
    7.5000   37.5000   30.0000 2278.9807   20.8969
   -7.5000   45.0000   30.0000 2141.5662   23.1503
    0.0000   45.0000   30.0000 2148.5327   23.0966
    7.5000   45.0000   30.0000 2131.3494   23.2943
   -7.5000  -45.0000   37.5000 2244.8752   21.1197
    0.0000  -45.0000   37.5000 2271.7507   20.7896
    7.5000  -45.0000   37.5000 2267.5281   20.8373
   -7.5000  -37.5000   37.5000 2349.6047   19.3652
    0.0000  -37.5000   37.5000 2389.7988   19.1015
    7.5000  -37.5000   37.5000 2377.9187   19.1556
   -7.5000  -30.0000   37.5000 2444.0867   18.0379
    0.0000  -30.0000   37.5000 2489.3857   17.8056
    7.5000  -30.0000   37.5000 2469.0129   17.8809
   -7.5000  -22.5000   37.5000 2528.9609   17.0399
    0.0000  -22.5000   37.5000 2572.2285   16.8127
    7.5000  -22.5000   37.5000 2546.3115   16.9166
   -7.5000  -15.0000   37.5000 2581.2913   16.3194
    0.0000  -15.0000   37.5000 2617.8118   16.1429
    7.5000  -15.0000   37.5000 2589.0146   16.2795
   -7.5000   -7.5000   37.5000 2606.2161   16.0427
    0.0000   -7.5000   37.5000 2639.7344   15.8899
    7.5000   -7.5000   37.5000 2613.8982   16.0078
   -7.5000    0.0000   37.5000 2599.8938   16.2361
    0.0000    0.0000   37.5000 2619.3364   16.0452
    7.5000    0.0000   37.5000 2593.5381   16.1362
   -7.5000    7.5000   37.5000 2561.7981   16.7933
    0.0000    7.5000   37.5000 2574.9050   16.5739
    7.5000    7.5000   37.5000 2558.0525   16.6926
   -7.5000   15.0000   37.5000 2505.1882   17.5742
    0.0000   15.0000   37.5000 2522.8655   17.3434
    7.5000   15.0000   37.5000 2506.8145   17.4432
   -7.5000   22.5000   37.5000 2434.5159   18.5838
    0.0000   22.5000   37.5000 2460.3262   18.4077
    7.5000   22.5000   37.5000 2435.0369   18.5121
   -7.5000   30.0000   37.5000 2336.4368   19.9759
    0.0000   30.0000   37.5000 2353.7893   19.8392
    7.5000   30.0000   37.5000 2329.9727   19.9956
   -7.5000   37.5000   37.5000 2212.2515   21.8758
    0.0000   37.5000   37.5000 2221.6299   21.7687
    7.5000   37.5000   37.5000 2201.7266   21.9291
   -7.5000   45.0000   37.5000 2081.3213   24.3036
    0.0000   45.0000   37.5000 2083.9590   24.2192
    7.5000   45.0000   37.5000 2065.6631   24.4286
   -7.5000  -45.0000   45.0000 2177.7317   22.6561
    0.0000  -45.0000   45.0000 2204.9519   22.3069
    7.5000  -45.0000   45.0000 2201.7073   22.4081
   -7.5000  -37.5000   45.0000 2277.0188   20.8064
    0.0000  -37.5000   45.0000 2317.2930   20.5304
    7.5000  -37.5000   45.0000 2306.5017   20.6590
   -7.5000  -30.0000   45.0000 2364.8831   19.3679
    0.0000  -30.0000   45.0000 2408.2485   19.1814
    7.5000  -30.0000   45.0000 2389.4897   19.3105
   -7.5000  -22.5000   45.0000 2441.3381   18.3162
    0.0000  -22.5000   45.0000 2478.8755   18.1455
    7.5000  -22.5000   45.0000 2455.5898   18.2800
   -7.5000  -15.0000   45.0000 2482.1562   17.5683
    0.0000  -15.0000   45.0000 2513.6082   17.4619
    7.5000  -15.0000   45.0000 2492.3835   17.5697
   -7.5000   -7.5000   45.0000 2501.4197   17.2876
    0.0000   -7.5000   45.0000 2528.8560   17.1459
    7.5000   -7.5000   45.0000 2505.6472   17.2775
   -7.5000    0.0000   45.0000 2495.0513   17.3870
    0.0000    0.0000   45.0000 2515.8713   17.2435
    7.5000    0.0000   45.0000 2495.5029   17.3444
   -7.5000    7.5000   45.0000 2464.5405   17.9970
    0.0000    7.5000   45.0000 2479.8750   17.7877
    7.5000    7.5000   45.0000 2457.8975   17.9074
   -7.5000   15.0000   45.0000 2409.7327   18.8079
    0.0000   15.0000   45.0000 2420.5708   18.5597
    7.5000   15.0000   45.0000 2407.4041   18.6868
   -7.5000   22.5000   45.0000 2347.5083   19.7645
    0.0000   22.5000   45.0000 2368.4509   19.5390
    7.5000   22.5000   45.0000 2348.9409   19.6437
   -7.5000   30.0000   45.0000 2249.5173   21.1594
    0.0000   30.0000   45.0000 2271.5645   20.9800
    7.5000   30.0000   45.0000 2254.0042   21.1077
   -7.5000   37.5000   45.0000 2133.6772   23.1470
    0.0000   37.5000   45.0000 2143.2842   22.9959
    7.5000   37.5000   45.0000 2131.0400   23.1825
   -7.5000   45.0000   45.0000 2014.6387   25.7903
    0.0000   45.0000   45.0000 2018.8538   25.5825
    7.5000   45.0000   45.0000 2000.9500   25.8777

---------------------------------------------------------------------
imgreg_4dfp /opt/freesurfer/average/711-2C_as_mni_average_305 /opt/freesurfer/average/711-2B_as_mni_average_305_mask talsrcimg_g11 none talsrcimg_to_711-2C_as_mni_average_305_t4 1283
---------------------------------------------------------------------

freesurfer imgreg_4dfp.c
/opt/freesurfer/average/711-2C_as_mni_average_305.4dfp.img
       256       256       256         1
  1.000000  1.000000  1.000000
orientation T byte_order littleendian
Reading image: /opt/freesurfer/average/711-2C_as_mni_average_305.4dfp.img
dimensions:      256       256       256
mmppix:       1.0000   -1.0000   -1.0000
center:     128.0000 -129.0000 -129.0000
/opt/freesurfer/average/711-2B_as_mni_average_305_mask.4dfp.img
       256       256       256         1
  1.000000  1.000000  1.000000
orientation T byte_order littleendian
Reading mask: /opt/freesurfer/average/711-2B_as_mni_average_305_mask.4dfp.img (2306576 pixels)
talsrcimg_g11.4dfp.img
       256       256       256         1
  1.000000  1.000000  1.000000
orientation T byte_order littleendian
Reading image: talsrcimg_g11.4dfp.img
dimensions:      256       256       256
mmppix:       1.0000   -1.0000   -1.0000
center:     128.0000 -129.0000 -129.0000
rotation matrix determinant  1.000000
fimgreg.f
image alignment mode   1283 decimal      503 hex
parameters
    0.0000   -7.5000    0.0000    0.0000    0.0000    0.0000
eta,q 0.92495 12.73246
niter,ni,del,rscale     5    3   12.0000    1.2000
parameter  3 -2.584345 -> -0.500000 qaram    1.1500
parameter  4  1.135543 ->  0.500000 qaram    1.1500
parameter  5  0.536149 ->  0.500000 qaram    1.1500
parameters
   -2.0774   -6.8605    3.4500   -3.4500   -3.4500    1.9576
eta,q 0.93112 12.71358
  0.0779  0.0836  0.0760  0.0702  0.0723  0.0747
  0.0752  0.0793  0.0759  0.0717  0.0698  0.0722
  0.0755  0.0767  0.0762  0.0725  0.0703  0.0706
  0.0755  0.0754  0.0752  0.0728  0.0719  0.0697
  0.0774  0.0754  0.0738  0.0744  0.0729  0.0689
  0.0819  0.0784  0.0732  0.0767  0.0729  0.0690
  0.0837  0.0803  0.0746  0.0798  0.0733  0.0708
niter,ni,del,rscale     7    3   12.0000    1.2000
parameter  4  0.737573 ->  0.500000 qaram    1.3225
parameter  5 -1.005480 -> -0.500000 qaram    1.3225
parameters
   -0.0463   -4.5778    1.0856   -7.4175    0.5175    3.8817
eta,q 0.93726 12.54704
  0.0834  0.0839  0.0718  0.0655  0.0705  0.0717
  0.0783  0.0770  0.0697  0.0656  0.0690  0.0677
  0.0732  0.0721  0.0676  0.0658  0.0674  0.0643
  0.0689  0.0693  0.0691  0.0676  0.0656  0.0628
  0.0693  0.0691  0.0728  0.0705  0.0641  0.0627
  0.0717  0.0695  0.0758  0.0745  0.0627  0.0633
  0.0722  0.0711  0.0803  0.0788  0.0643  0.0646
niter,ni,del,rscale     7    3   12.0000    1.2000
parameters
   -0.4224   -3.4092    0.3461  -11.3592    0.0403    3.9678
eta,q 0.93749 12.53957
  0.0707  0.0732  0.0680  0.0639  0.0674  0.0675
  0.0658  0.0671  0.0653  0.0626  0.0657  0.0642
  0.0634  0.0634  0.0648  0.0621  0.0639  0.0625
  0.0627  0.0628  0.0630  0.0636  0.0623  0.0625
  0.0643  0.0633  0.0644  0.0665  0.0635  0.0633
  0.0684  0.0643  0.0677  0.0695  0.0659  0.0645
  0.0720  0.0664  0.0702  0.0741  0.0694  0.0666
niter,ni,del,rscale     6    3   12.0000    1.2000
parameter  4  0.595793 ->  0.500000 qaram    1.5209
parameters
   -0.3112   -0.5478   -0.2996  -15.9219   -1.6533    4.3429
eta,q 0.94250 12.68868
  0.0714  0.0725  0.0667  0.0620  0.0619  0.0648
  0.0667  0.0670  0.0645  0.0575  0.0584  0.0614
  0.0637  0.0640  0.0637  0.0590  0.0577  0.0584
  0.0625  0.0625  0.0617  0.0620  0.0572  0.0574
  0.0635  0.0618  0.0621  0.0642  0.0592  0.0581
  0.0669  0.0616  0.0655  0.0665  0.0633  0.0601
  0.0703  0.0622  0.0704  0.0687  0.0679  0.0632
niter,ni,del,rscale     6    3   12.0000    1.2000
parameters
    0.0898    0.5506   -1.4128  -15.2356   -2.2810    4.4696
eta,q 0.94129 12.62800
  0.0680  0.0726  0.0642  0.0716  0.0637  0.0634
  0.0623  0.0675  0.0597  0.0663  0.0597  0.0606
  0.0585  0.0608  0.0579  0.0589  0.0588  0.0591
  0.0575  0.0577  0.0583  0.0581  0.0588  0.0587
  0.0591  0.0593  0.0593  0.0611  0.0590  0.0589
  0.0613  0.0620  0.0637  0.0641  0.0617  0.0603
  0.0648  0.0650  0.0707  0.0673  0.0654  0.0631
niter,ni,del,rscale     5    3   12.0000    1.2000
parameters
    0.4908    0.4385   -1.6731  -15.1099   -2.4207    4.5046
eta,q 0.94129 12.63257
  0.0660  0.0685  0.0658  0.0709  0.0650  0.0634
  0.0619  0.0625  0.0614  0.0643  0.0606  0.0607
  0.0596  0.0582  0.0584  0.0576  0.0586  0.0592
  0.0587  0.0588  0.0587  0.0586  0.0587  0.0587
  0.0597  0.0613  0.0593  0.0618  0.0592  0.0589
  0.0613  0.0639  0.0615  0.0652  0.0612  0.0605
  0.0638  0.0676  0.0674  0.0679  0.0650  0.0635
niter,ni,del,rscale     4    3   12.0000    1.2000
parameters
    0.4471    0.3062   -1.7658  -15.1424   -2.4378    4.4812
eta,q 0.94148 12.63666
  0.0649  0.0683  0.0661  0.0705  0.0652  0.0633
  0.0615  0.0625  0.0618  0.0637  0.0607  0.0605
  0.0595  0.0582  0.0584  0.0572  0.0585  0.0590
  0.0587  0.0587  0.0586  0.0586  0.0585  0.0585
  0.0601  0.0612  0.0593  0.0619  0.0590  0.0587
  0.0619  0.0639  0.0612  0.0654  0.0610  0.0605
  0.0647  0.0676  0.0669  0.0681  0.0649  0.0635
niter,ni,del,rscale     3    3   12.0000    1.2000
parameters
    0.4255    0.2616   -1.7955  -15.1799   -2.4388    4.4699
eta,q 0.94159 12.63892
  0.0651  0.0685  0.0661  0.0705  0.0652  0.0633
  0.0616  0.0628  0.0620  0.0638  0.0607  0.0604
  0.0595  0.0582  0.0584  0.0572  0.0584  0.0589
  0.0585  0.0585  0.0585  0.0585  0.0584  0.0584
  0.0600  0.0611  0.0593  0.0619  0.0589  0.0586
  0.0620  0.0637  0.0610  0.0654  0.0610  0.0604
  0.0648  0.0673  0.0667  0.0681  0.0649  0.0635
registration optimization eta report
parameter search radius
    6.0000    6.0000    6.9000    9.1253    7.9350    6.0000
100000*second partial in parameter space
       17.       26.       17.       13.       11.       14.
  0.0651  0.0685  0.0661  0.0705  0.0652  0.0633
  0.0616  0.0628  0.0620  0.0638  0.0607  0.0604
  0.0595  0.0582  0.0584  0.0572  0.0584  0.0589
  0.0585  0.0585  0.0585  0.0585  0.0584  0.0584
  0.0600  0.0611  0.0593  0.0619  0.0589  0.0586
  0.0620  0.0637  0.0610  0.0654  0.0610  0.0604
  0.0648  0.0673  0.0667  0.0681  0.0649  0.0635
    0.4255    0.2616   -1.7955  -15.1799   -2.4388    4.4699
eta,q 0.94159 12.63892

---------------------------------------------------------------------
imgreg_4dfp /opt/freesurfer/average/711-2C_as_mni_average_305 /opt/freesurfer/average/711-2B_as_mni_average_305_mask talsrcimg_g11 none talsrcimg_to_711-2C_as_mni_average_305_t4 3335
---------------------------------------------------------------------

freesurfer imgreg_4dfp.c
/opt/freesurfer/average/711-2C_as_mni_average_305.4dfp.img
       256       256       256         1
  1.000000  1.000000  1.000000
orientation T byte_order littleendian
Reading image: /opt/freesurfer/average/711-2C_as_mni_average_305.4dfp.img
dimensions:      256       256       256
mmppix:       1.0000   -1.0000   -1.0000
center:     128.0000 -129.0000 -129.0000
/opt/freesurfer/average/711-2B_as_mni_average_305_mask.4dfp.img
       256       256       256         1
  1.000000  1.000000  1.000000
orientation T byte_order littleendian
Reading mask: /opt/freesurfer/average/711-2B_as_mni_average_305_mask.4dfp.img (2306576 pixels)
talsrcimg_g11.4dfp.img
       256       256       256         1
  1.000000  1.000000  1.000000
orientation T byte_order littleendian
Reading image: talsrcimg_g11.4dfp.img
dimensions:      256       256       256
mmppix:       1.0000   -1.0000   -1.0000
center:     128.0000 -129.0000 -129.0000
fimgreg.f
image alignment mode   3335 decimal      D07 hex
parameters
    0.4255    0.2616   -1.7955   -0.3945   -3.8695   -3.5766
   -8.6325    2.0536    7.7865   26.4254   -4.2553  -26.1613
eta,q 0.94283 12.70809
niter,ni,del,rscale     5    3    5.0000    1.2000
parameter  4 -5.195643 ->  0.500000 qaram    1.1500
parameter  5-15.572693 ->  0.500000 qaram    1.1500
parameter  6  4.502247 ->  0.500000 qaram    1.1500
parameter  9  0.520825 ->  0.500000 qaram    1.1500
parameter 10  1.064491 ->  0.500000 qaram    1.1500
parameters
    0.3208    0.1855   -1.8571   -4.5345   -8.0095   -7.7166
   -8.5794    1.9508    3.6465   22.2854   -2.6518  -28.5432
eta,q 0.96505 12.62558
  0.0584  0.0579  0.0580  0.0465  0.0412  0.0361  0.0413  0.0432  0.0388  0.0353  0.0381  0.0357
  0.0578  0.0574  0.0574  0.0501  0.0443  0.0380  0.0400  0.0409  0.0385  0.0351  0.0368  0.0352
  0.0574  0.0572  0.0572  0.0538  0.0478  0.0413  0.0392  0.0394  0.0386  0.0362  0.0358  0.0350
  0.0572  0.0572  0.0572  0.0572  0.0511  0.0453  0.0389  0.0389  0.0389  0.0385  0.0352  0.0351
  0.0573  0.0573  0.0573  0.0603  0.0538  0.0487  0.0391  0.0395  0.0394  0.0416  0.0352  0.0357
  0.0578  0.0575  0.0575  0.0632  0.0567  0.0524  0.0399  0.0411  0.0402  0.0449  0.0356  0.0368
  0.0588  0.0579  0.0580  0.0660  0.0600  0.0563  0.0413  0.0434  0.0414  0.0482  0.0364  0.0383
niter,ni,del,rscale     7    3    5.0000    1.2000
parameter  4  1.642474 ->  0.500000 qaram    1.3225
parameter  5  1.693650 ->  0.500000 qaram    1.3225
parameters
    0.3017   -0.3295   -1.8929   -9.2955  -12.7705  -11.7741
   -8.7637    2.3888    6.4964   21.7111   -2.0339  -27.5994
eta,q 0.97620 12.31389
  0.0384  0.0364  0.0372  0.0277  0.0228  0.0242  0.0274  0.0295  0.0289  0.0273  0.0253  0.0259
  0.0366  0.0353  0.0360  0.0286  0.0238  0.0242  0.0257  0.0269  0.0269  0.0253  0.0246  0.0248
  0.0354  0.0349  0.0352  0.0309  0.0260  0.0243  0.0246  0.0251  0.0253  0.0241  0.0241  0.0241
  0.0350  0.0350  0.0348  0.0348  0.0291  0.0243  0.0243  0.0243  0.0242  0.0238  0.0238  0.0238
  0.0353  0.0356  0.0351  0.0397  0.0329  0.0263  0.0247  0.0244  0.0238  0.0242  0.0239  0.0239
  0.0366  0.0368  0.0360  0.0446  0.0369  0.0306  0.0259  0.0259  0.0242  0.0258  0.0243  0.0243
  0.0386  0.0385  0.0374  0.0489  0.0409  0.0354  0.0277  0.0286  0.0252  0.0288  0.0249  0.0250
niter,ni,del,rscale     7    3    5.0000    1.2000
parameters
    0.0796   -0.7442   -2.5841  -13.7240  -17.2367  -13.3931
   -8.9979    2.5998    6.8536   21.3899   -2.7720  -30.2718
eta,q 0.97906 11.88873
  0.0273  0.0257  0.0243  0.0241  0.0229  0.0228  0.0241  0.0256  0.0245  0.0246  0.0220  0.0216
  0.0251  0.0244  0.0238  0.0229  0.0218  0.0215  0.0226  0.0234  0.0228  0.0226  0.0215  0.0211
  0.0240  0.0237  0.0235  0.0225  0.0215  0.0212  0.0216  0.0219  0.0217  0.0215  0.0212  0.0209
  0.0238  0.0237  0.0236  0.0235  0.0225  0.0215  0.0212  0.0212  0.0212  0.0212  0.0212  0.0212
  0.0246  0.0244  0.0241  0.0264  0.0249  0.0216  0.0217  0.0215  0.0215  0.0219  0.0214  0.0218
  0.0263  0.0258  0.0250  0.0309  0.0287  0.0228  0.0228  0.0229  0.0224  0.0232  0.0218  0.0226
  0.0287  0.0278  0.0262  0.0359  0.0331  0.0253  0.0245  0.0253  0.0240  0.0250  0.0223  0.0236
niter,ni,del,rscale     6    3    5.0000    1.2000
parameters
    0.1378   -0.4943   -2.1405  -14.4719  -18.0249  -12.5010
   -9.0091    2.6397    6.7842   21.8129   -2.9056  -30.0776
eta,q 0.97888 11.86940
  0.0250  0.0247  0.0233  0.0247  0.0251  0.0245  0.0242  0.0254  0.0241  0.0252  0.0222  0.0229
  0.0229  0.0228  0.0222  0.0229  0.0231  0.0224  0.0226  0.0232  0.0225  0.0230  0.0216  0.0219
  0.0215  0.0215  0.0214  0.0215  0.0217  0.0212  0.0215  0.0217  0.0214  0.0216  0.0212  0.0213
  0.0209  0.0209  0.0209  0.0208  0.0209  0.0210  0.0211  0.0211  0.0211  0.0211  0.0211  0.0211
  0.0213  0.0211  0.0209  0.0213  0.0215  0.0215  0.0215  0.0216  0.0215  0.0216  0.0213  0.0213
  0.0226  0.0219  0.0213  0.0233  0.0237  0.0217  0.0226  0.0230  0.0225  0.0228  0.0217  0.0219
  0.0247  0.0234  0.0221  0.0270  0.0275  0.0230  0.0242  0.0254  0.0242  0.0242  0.0223  0.0226
niter,ni,del,rscale     5    3    5.0000    1.2000
parameters
    0.1467   -0.4653   -1.9984  -14.4286  -18.1308  -12.3888
   -9.0079    2.6462    6.8123   21.8150   -2.8828  -29.9530
eta,q 0.97887 11.87294
  0.0249  0.0242  0.0229  0.0255  0.0257  0.0238  0.0242  0.0253  0.0242  0.0248  0.0223  0.0229
  0.0229  0.0225  0.0221  0.0235  0.0236  0.0220  0.0226  0.0232  0.0225  0.0227  0.0216  0.0219
  0.0216  0.0214  0.0214  0.0220  0.0220  0.0211  0.0215  0.0217  0.0215  0.0215  0.0213  0.0213
  0.0211  0.0211  0.0211  0.0211  0.0211  0.0211  0.0211  0.0211  0.0211  0.0211  0.0211  0.0211
  0.0215  0.0215  0.0212  0.0213  0.0213  0.0214  0.0215  0.0216  0.0215  0.0217  0.0213  0.0213
  0.0228  0.0225  0.0217  0.0228  0.0232  0.0220  0.0226  0.0230  0.0225  0.0230  0.0217  0.0219
  0.0249  0.0239  0.0226  0.0261  0.0266  0.0235  0.0242  0.0254  0.0241  0.0245  0.0222  0.0227
niter,ni,del,rscale     4    3    5.0000    1.2000
parameters
    0.1493   -0.4617   -1.9793  -14.4180  -18.1286  -12.3942
   -9.0098    2.6521    6.8087   21.7996   -2.8842  -29.9256
eta,q 0.97887 11.87314
  0.0249  0.0241  0.0228  0.0255  0.0258  0.0238  0.0242  0.0253  0.0241  0.0248  0.0223  0.0228
  0.0229  0.0224  0.0220  0.0235  0.0237  0.0219  0.0226  0.0232  0.0225  0.0227  0.0216  0.0218
  0.0216  0.0214  0.0214  0.0221  0.0221  0.0211  0.0215  0.0217  0.0215  0.0215  0.0213  0.0213
  0.0211  0.0211  0.0211  0.0211  0.0211  0.0211  0.0211  0.0211  0.0211  0.0211  0.0211  0.0211
  0.0215  0.0215  0.0213  0.0213  0.0213  0.0214  0.0215  0.0216  0.0215  0.0218  0.0213  0.0213
  0.0229  0.0225  0.0218  0.0229  0.0231  0.0220  0.0226  0.0230  0.0225  0.0230  0.0217  0.0219
  0.0250  0.0240  0.0228  0.0262  0.0264  0.0236  0.0242  0.0254  0.0241  0.0245  0.0222  0.0227
registration optimization eta report
parameter search radius
    2.4000    2.4000    2.4000    9.5220    9.5220    8.2800
    7.2000    7.2000    8.2800    8.2800    7.2000    7.2000
100000*second partial in parameter space
       66.       51.       29.        5.        5.        4.
        6.        8.        4.        5.        2.        3.
  0.0249  0.0241  0.0228  0.0255  0.0258  0.0238  0.0242  0.0253  0.0241  0.0248  0.0223  0.0228
  0.0229  0.0224  0.0220  0.0235  0.0237  0.0219  0.0226  0.0232  0.0225  0.0227  0.0216  0.0218
  0.0216  0.0214  0.0214  0.0221  0.0221  0.0211  0.0215  0.0217  0.0215  0.0215  0.0213  0.0213
  0.0211  0.0211  0.0211  0.0211  0.0211  0.0211  0.0211  0.0211  0.0211  0.0211  0.0211  0.0211
  0.0215  0.0215  0.0213  0.0213  0.0213  0.0214  0.0215  0.0216  0.0215  0.0218  0.0213  0.0213
  0.0229  0.0225  0.0218  0.0229  0.0231  0.0220  0.0226  0.0230  0.0225  0.0230  0.0217  0.0219
  0.0250  0.0240  0.0228  0.0262  0.0264  0.0236  0.0242  0.0254  0.0241  0.0245  0.0222  0.0227
    0.1493   -0.4617   -1.9793  -14.4180  -18.1286  -12.3942
   -9.0098    2.6521    6.8087   21.7996   -2.8842  -29.9256
eta,q 0.97887 11.87314

---------------------------------------------------------------------
imgreg_4dfp /opt/freesurfer/average/711-2C_as_mni_average_305 /opt/freesurfer/average/711-2B_as_mni_average_305_mask talsrcimg_g11 none talsrcimg_to_711-2C_as_mni_average_305_t4 2311
---------------------------------------------------------------------

freesurfer imgreg_4dfp.c
/opt/freesurfer/average/711-2C_as_mni_average_305.4dfp.img
       256       256       256         1
  1.000000  1.000000  1.000000
orientation T byte_order littleendian
Reading image: /opt/freesurfer/average/711-2C_as_mni_average_305.4dfp.img
dimensions:      256       256       256
mmppix:       1.0000   -1.0000   -1.0000
center:     128.0000 -129.0000 -129.0000
/opt/freesurfer/average/711-2B_as_mni_average_305_mask.4dfp.img
       256       256       256         1
  1.000000  1.000000  1.000000
orientation T byte_order littleendian
Reading mask: /opt/freesurfer/average/711-2B_as_mni_average_305_mask.4dfp.img (2306576 pixels)
talsrcimg_g11.4dfp.img
       256       256       256         1
  1.000000  1.000000  1.000000
orientation T byte_order littleendian
Reading image: talsrcimg_g11.4dfp.img
dimensions:      256       256       256
mmppix:       1.0000   -1.0000   -1.0000
center:     128.0000 -129.0000 -129.0000
fimgreg.f
image alignment mode   2311 decimal      907 hex
parameters
    0.1493   -0.4617   -1.9793  -14.4180  -18.1286  -12.3942
   -9.0098    2.6521    6.8087   21.7996   -2.8842  -29.9256
eta,q 0.97887 11.87314
niter,ni,del,rscale     5    3    5.0000    0.8000
parameters
    0.1728   -0.4962   -1.9110  -13.4629  -17.3401  -13.0158
   -8.9851    2.7117    6.7351   21.2788   -3.0319  -29.6759
eta,q 0.97914 11.91830
  0.0229  0.0224  0.0220  0.0228  0.0228  0.0214  0.0225  0.0229  0.0219  0.0221  0.0214  0.0217
  0.0220  0.0217  0.0215  0.0221  0.0220  0.0210  0.0216  0.0218  0.0213  0.0214  0.0211  0.0213
  0.0214  0.0212  0.0213  0.0215  0.0214  0.0209  0.0211  0.0211  0.0210  0.0210  0.0209  0.0210
  0.0211  0.0211  0.0211  0.0211  0.0210  0.0209  0.0209  0.0209  0.0209  0.0209  0.0209  0.0209
  0.0213  0.0213  0.0212  0.0210  0.0209  0.0212  0.0211  0.0211  0.0210  0.0212  0.0209  0.0209
  0.0219  0.0218  0.0214  0.0213  0.0213  0.0213  0.0216  0.0217  0.0214  0.0218  0.0211  0.0212
  0.0229  0.0225  0.0219  0.0219  0.0220  0.0215  0.0224  0.0228  0.0220  0.0227  0.0214  0.0216
niter,ni,del,rscale     4    3    5.0000    0.7000
parameters
    0.1955   -0.5030   -2.0070  -13.5140  -17.1786  -13.5527
   -9.0068    2.6535    6.6553   21.1316   -3.3839  -29.7181
eta,q 0.97919 11.90019
  0.0223  0.0219  0.0214  0.0219  0.0220  0.0213  0.0220  0.0223  0.0216  0.0219  0.0212  0.0214
  0.0215  0.0213  0.0211  0.0214  0.0215  0.0210  0.0214  0.0214  0.0212  0.0213  0.0210  0.0211
  0.0210  0.0210  0.0209  0.0210  0.0211  0.0208  0.0210  0.0210  0.0209  0.0209  0.0208  0.0209
  0.0209  0.0209  0.0209  0.0209  0.0209  0.0208  0.0208  0.0208  0.0208  0.0208  0.0208  0.0208
  0.0210  0.0210  0.0210  0.0210  0.0209  0.0211  0.0210  0.0210  0.0209  0.0210  0.0209  0.0209
  0.0215  0.0214  0.0212  0.0213  0.0213  0.0213  0.0214  0.0215  0.0212  0.0214  0.0211  0.0211
  0.0222  0.0219  0.0216  0.0220  0.0220  0.0214  0.0221  0.0223  0.0217  0.0221  0.0213  0.0214
niter,ni,del,rscale     3    3    5.0000    0.6000
parameters
    0.2205   -0.5075   -2.0749  -13.5485  -17.0367  -14.0234
   -9.0331    2.5754    6.6394   21.0842   -3.6722  -29.7254
eta,q 0.97922 11.88842
  0.0219  0.0216  0.0212  0.0216  0.0217  0.0212  0.0217  0.0219  0.0214  0.0217  0.0210  0.0212
  0.0213  0.0212  0.0210  0.0212  0.0213  0.0209  0.0212  0.0213  0.0211  0.0212  0.0209  0.0210
  0.0209  0.0209  0.0208  0.0209  0.0210  0.0208  0.0209  0.0209  0.0208  0.0209  0.0208  0.0208
  0.0208  0.0208  0.0208  0.0208  0.0208  0.0208  0.0208  0.0208  0.0208  0.0208  0.0208  0.0208
  0.0209  0.0209  0.0209  0.0209  0.0208  0.0210  0.0209  0.0210  0.0209  0.0209  0.0208  0.0208
  0.0212  0.0212  0.0211  0.0212  0.0211  0.0212  0.0212  0.0214  0.0211  0.0212  0.0210  0.0210
  0.0218  0.0216  0.0213  0.0216  0.0216  0.0214  0.0217  0.0220  0.0214  0.0217  0.0211  0.0212
niter,ni,del,rscale     2    3    5.0000    0.5000
parameters
    0.2386   -0.5066   -2.1325  -13.5720  -16.9117  -14.3128
   -9.0619    2.5127    6.6500   21.0681   -3.8062  -29.7628
eta,q 0.97923 11.88339
  0.0215  0.0213  0.0211  0.0213  0.0214  0.0212  0.0214  0.0216  0.0212  0.0214  0.0210  0.0211
  0.0211  0.0210  0.0209  0.0211  0.0211  0.0209  0.0211  0.0211  0.0210  0.0211  0.0209  0.0209
  0.0209  0.0208  0.0208  0.0209  0.0209  0.0208  0.0209  0.0208  0.0208  0.0209  0.0208  0.0208
  0.0208  0.0208  0.0208  0.0208  0.0208  0.0208  0.0208  0.0208  0.0208  0.0208  0.0208  0.0208
  0.0209  0.0208  0.0208  0.0209  0.0208  0.0209  0.0209  0.0209  0.0208  0.0208  0.0208  0.0208
  0.0211  0.0210  0.0210  0.0211  0.0210  0.0211  0.0211  0.0212  0.0210  0.0211  0.0209  0.0209
  0.0215  0.0213  0.0211  0.0214  0.0214  0.0213  0.0215  0.0216  0.0212  0.0214  0.0210  0.0211
niter,ni,del,rscale     1    3    5.0000    0.4000
parameters
    0.2416   -0.5090   -2.1741  -13.5759  -16.8196  -14.4447
   -9.0682    2.4758    6.6564   21.0861   -3.8415  -29.7971
eta,q 0.97923 11.88305
  0.0213  0.0211  0.0210  0.0212  0.0212  0.0210  0.0212  0.0213  0.0211  0.0212  0.0209  0.0210
  0.0210  0.0209  0.0208  0.0209  0.0210  0.0209  0.0210  0.0210  0.0209  0.0210  0.0208  0.0209
  0.0208  0.0208  0.0208  0.0208  0.0208  0.0208  0.0208  0.0208  0.0208  0.0208  0.0208  0.0208
  0.0208  0.0208  0.0208  0.0208  0.0208  0.0208  0.0208  0.0208  0.0208  0.0208  0.0208  0.0208
  0.0208  0.0208  0.0208  0.0208  0.0208  0.0208  0.0208  0.0208  0.0208  0.0208  0.0208  0.0208
  0.0210  0.0209  0.0209  0.0209  0.0209  0.0209  0.0210  0.0210  0.0209  0.0209  0.0208  0.0209
  0.0212  0.0211  0.0210  0.0212  0.0212  0.0211  0.0212  0.0213  0.0211  0.0212  0.0209  0.0210
registration optimization eta report
parameter search radius
    0.8000    0.8000    0.8000    2.4000    2.4000    2.4000
    2.4000    2.4000    2.4000    2.4000    2.4000    2.4000
100000*second partial in parameter space
       74.       56.       32.        7.        7.        5.
        8.        9.        5.        7.        2.        3.
  0.0213  0.0211  0.0210  0.0212  0.0212  0.0210  0.0212  0.0213  0.0211  0.0212  0.0209  0.0210
  0.0210  0.0209  0.0208  0.0209  0.0210  0.0209  0.0210  0.0210  0.0209  0.0210  0.0208  0.0209
  0.0208  0.0208  0.0208  0.0208  0.0208  0.0208  0.0208  0.0208  0.0208  0.0208  0.0208  0.0208
  0.0208  0.0208  0.0208  0.0208  0.0208  0.0208  0.0208  0.0208  0.0208  0.0208  0.0208  0.0208
  0.0208  0.0208  0.0208  0.0208  0.0208  0.0208  0.0208  0.0208  0.0208  0.0208  0.0208  0.0208
  0.0210  0.0209  0.0209  0.0209  0.0209  0.0209  0.0210  0.0210  0.0209  0.0209  0.0208  0.0209
  0.0212  0.0211  0.0210  0.0212  0.0212  0.0211  0.0212  0.0213  0.0211  0.0212  0.0209  0.0210
    0.2416   -0.5090   -2.1741  -13.5759  -16.8196  -14.4447
   -9.0682    2.4758    6.6564   21.0861   -3.8415  -29.7971
eta,q 0.97923 11.88305

---------------------------------------------------------------------
imgreg_4dfp /opt/freesurfer/average/711-2C_as_mni_average_305 /opt/freesurfer/average/711-2B_as_mni_average_305_mask talsrcimg_g11 none talsrcimg_to_711-2C_as_mni_average_305_t4 2311
---------------------------------------------------------------------

freesurfer imgreg_4dfp.c
/opt/freesurfer/average/711-2C_as_mni_average_305.4dfp.img
       256       256       256         1
  1.000000  1.000000  1.000000
orientation T byte_order littleendian
Reading image: /opt/freesurfer/average/711-2C_as_mni_average_305.4dfp.img
dimensions:      256       256       256
mmppix:       1.0000   -1.0000   -1.0000
center:     128.0000 -129.0000 -129.0000
/opt/freesurfer/average/711-2B_as_mni_average_305_mask.4dfp.img
       256       256       256         1
  1.000000  1.000000  1.000000
orientation T byte_order littleendian
Reading mask: /opt/freesurfer/average/711-2B_as_mni_average_305_mask.4dfp.img (2306576 pixels)
talsrcimg_g11.4dfp.img
       256       256       256         1
  1.000000  1.000000  1.000000
orientation T byte_order littleendian
Reading image: talsrcimg_g11.4dfp.img
dimensions:      256       256       256
mmppix:       1.0000   -1.0000   -1.0000
center:     128.0000 -129.0000 -129.0000
fimgreg.f
image alignment mode   2311 decimal      907 hex
parameters
    0.2416   -0.5090   -2.1741  -13.5759  -16.8196  -14.4447
   -9.0682    2.4758    6.6564   21.0861   -3.8415  -29.7971
eta,q 0.97923 11.88305
niter,ni,del,rscale     5    3    5.0000    0.8000
parameters
    0.2264   -0.4864   -2.1916  -13.7625  -17.1199  -13.7933
   -9.0856    2.6452    6.6998   21.0896   -3.6321  -29.8516
eta,q 0.97920 11.88048
  0.0226  0.0222  0.0216  0.0220  0.0220  0.0223  0.0224  0.0229  0.0219  0.0223  0.0214  0.0216
  0.0216  0.0214  0.0211  0.0214  0.0214  0.0214  0.0215  0.0218  0.0213  0.0215  0.0211  0.0211
  0.0210  0.0209  0.0209  0.0209  0.0210  0.0209  0.0210  0.0211  0.0209  0.0210  0.0209  0.0209
  0.0208  0.0208  0.0208  0.0208  0.0208  0.0208  0.0208  0.0208  0.0208  0.0208  0.0208  0.0208
  0.0210  0.0209  0.0209  0.0209  0.0209  0.0209  0.0210  0.0210  0.0209  0.0210  0.0208  0.0209
  0.0216  0.0214  0.0211  0.0215  0.0215  0.0213  0.0215  0.0216  0.0213  0.0215  0.0210  0.0212
  0.0227  0.0221  0.0216  0.0223  0.0226  0.0215  0.0224  0.0226  0.0219  0.0224  0.0213  0.0216
niter,ni,del,rscale     4    3    5.0000    0.7000
parameters
    0.2245   -0.5062   -2.1051  -13.6491  -17.1098  -13.8018
   -9.0512    2.6251    6.6688   21.0847   -3.6060  -29.7789
eta,q 0.97920 11.88665
  0.0222  0.0219  0.0215  0.0219  0.0219  0.0216  0.0220  0.0223  0.0216  0.0220  0.0212  0.0214
  0.0214  0.0213  0.0211  0.0214  0.0214  0.0211  0.0214  0.0215  0.0212  0.0214  0.0210  0.0211
  0.0210  0.0209  0.0209  0.0210  0.0210  0.0208  0.0210  0.0209  0.0209  0.0210  0.0208  0.0209
  0.0208  0.0208  0.0208  0.0208  0.0208  0.0208  0.0208  0.0208  0.0208  0.0208  0.0208  0.0208
  0.0210  0.0209  0.0208  0.0209  0.0209  0.0210  0.0209  0.0210  0.0209  0.0209  0.0208  0.0209
  0.0214  0.0213  0.0210  0.0212  0.0213  0.0213  0.0214  0.0215  0.0212  0.0213  0.0210  0.0211
  0.0222  0.0219  0.0214  0.0218  0.0220  0.0214  0.0220  0.0223  0.0217  0.0220  0.0212  0.0214
niter,ni,del,rscale     3    3    5.0000    0.6000
parameters
    0.2291   -0.5079   -2.1033  -13.5902  -17.0184  -14.0884
   -9.0535    2.5640    6.6443   21.0676   -3.7178  -29.7402
eta,q 0.97922 11.88463
  0.0218  0.0216  0.0213  0.0216  0.0217  0.0213  0.0217  0.0219  0.0214  0.0217  0.0211  0.0212
  0.0213  0.0211  0.0210  0.0212  0.0212  0.0210  0.0212  0.0213  0.0211  0.0212  0.0209  0.0210
  0.0209  0.0209  0.0208  0.0209  0.0209  0.0208  0.0209  0.0209  0.0208  0.0209  0.0208  0.0208
  0.0208  0.0208  0.0208  0.0208  0.0208  0.0208  0.0208  0.0208  0.0208  0.0208  0.0208  0.0208
  0.0209  0.0209  0.0208  0.0209  0.0208  0.0209  0.0209  0.0210  0.0208  0.0209  0.0208  0.0208
  0.0213  0.0212  0.0210  0.0211  0.0211  0.0212  0.0212  0.0213  0.0211  0.0212  0.0209  0.0210
  0.0218  0.0216  0.0213  0.0216  0.0216  0.0214  0.0217  0.0219  0.0214  0.0217  0.0211  0.0212
niter,ni,del,rscale     2    3    5.0000    0.5000
parameters
    0.2391   -0.5078   -2.1393  -13.5811  -16.9042  -14.3225
   -9.0649    2.5118    6.6460   21.0633   -3.8102  -29.7578
eta,q 0.97922 11.88270
  0.0215  0.0213  0.0211  0.0214  0.0214  0.0212  0.0214  0.0216  0.0212  0.0214  0.0210  0.0211
  0.0211  0.0210  0.0209  0.0211  0.0211  0.0209  0.0211  0.0211  0.0210  0.0211  0.0209  0.0209
  0.0209  0.0208  0.0208  0.0209  0.0209  0.0208  0.0209  0.0208  0.0208  0.0209  0.0208  0.0208
  0.0208  0.0208  0.0208  0.0208  0.0208  0.0208  0.0208  0.0208  0.0208  0.0208  0.0208  0.0208
  0.0209  0.0208  0.0208  0.0208  0.0208  0.0209  0.0209  0.0209  0.0208  0.0208  0.0208  0.0208
  0.0211  0.0210  0.0209  0.0210  0.0210  0.0210  0.0211  0.0212  0.0210  0.0211  0.0209  0.0209
  0.0215  0.0213  0.0211  0.0214  0.0214  0.0213  0.0214  0.0216  0.0212  0.0214  0.0210  0.0211
niter,ni,del,rscale     1    3    5.0000    0.4000
parameters
    0.2439   -0.5089   -2.1672  -13.5811  -16.8161  -14.4479
   -9.0713    2.4762    6.6603   21.0836   -3.8479  -29.7888
eta,q 0.97923 11.88296
  0.0213  0.0211  0.0210  0.0212  0.0212  0.0210  0.0212  0.0213  0.0211  0.0212  0.0209  0.0210
  0.0210  0.0209  0.0209  0.0210  0.0210  0.0209  0.0210  0.0210  0.0209  0.0210  0.0208  0.0209
  0.0208  0.0208  0.0208  0.0208  0.0208  0.0208  0.0208  0.0208  0.0208  0.0208  0.0208  0.0208
  0.0208  0.0208  0.0208  0.0208  0.0208  0.0208  0.0208  0.0208  0.0208  0.0208  0.0208  0.0208
  0.0208  0.0208  0.0208  0.0208  0.0208  0.0208  0.0208  0.0208  0.0208  0.0208  0.0208  0.0208
  0.0210  0.0209  0.0209  0.0209  0.0209  0.0209  0.0210  0.0210  0.0209  0.0209  0.0208  0.0209
  0.0212  0.0211  0.0210  0.0212  0.0212  0.0211  0.0212  0.0213  0.0210  0.0212  0.0209  0.0210
registration optimization eta report
parameter search radius
    0.8000    0.8000    0.8000    2.4000    2.4000    2.4000
    2.4000    2.4000    2.4000    2.4000    2.4000    2.4000
100000*second partial in parameter space
       73.       56.       32.        7.        7.        5.
        8.        9.        5.        7.        2.        3.
  0.0213  0.0211  0.0210  0.0212  0.0212  0.0210  0.0212  0.0213  0.0211  0.0212  0.0209  0.0210
  0.0210  0.0209  0.0209  0.0210  0.0210  0.0209  0.0210  0.0210  0.0209  0.0210  0.0208  0.0209
  0.0208  0.0208  0.0208  0.0208  0.0208  0.0208  0.0208  0.0208  0.0208  0.0208  0.0208  0.0208
  0.0208  0.0208  0.0208  0.0208  0.0208  0.0208  0.0208  0.0208  0.0208  0.0208  0.0208  0.0208
  0.0208  0.0208  0.0208  0.0208  0.0208  0.0208  0.0208  0.0208  0.0208  0.0208  0.0208  0.0208
  0.0210  0.0209  0.0209  0.0209  0.0209  0.0209  0.0210  0.0210  0.0209  0.0209  0.0208  0.0209
  0.0212  0.0211  0.0210  0.0212  0.0212  0.0211  0.0212  0.0213  0.0210  0.0212  0.0209  0.0210
    0.2439   -0.5089   -2.1672  -13.5811  -16.8161  -14.4479
   -9.0713    2.4762    6.6603   21.0836   -3.8479  -29.7888
eta,q 0.97923 11.88296

---------------------------------------------------------------------
compute_vox2vox talsrcimg talsrcimg_to_711-2C_as_mni_average_305_t4 /opt/freesurfer/average/711-2C_as_mni_average_305
---------------------------------------------------------------------

freesurfer compute_vox2vox.c
Reading: talsrcimg.4dfp.ifh
Reading: talsrcimg_to_711-2C_as_mni_average_305_t4
Reading: /opt/freesurfer/average/711-2C_as_mni_average_305.4dfp.ifh
Writing: talsrcimg_to_711-2C_as_mni_average_305_t4_vox2vox.txt

start time Sun Mar 8 12:45:42 CET 2026
end		time Sun Mar 8 12:47:08 CET 2026

mpr2mni305 success

avi2talxfm orig_nu.mgz /opt/freesurfer/average/mni305.cor.mgz talsrcimg_to_711-2C_as_mni_average_305_t4_vox2vox.txt transforms/talairach.auto.xfm
avi2talxfm done
mv -f /out/sourcedata/freesurfer/sub-v1s12x0050115_ses-1/mri/talsrcimg_to_711-2C_as_mni_average_305_t4_vox2vox.txt /out/sourcedata/freesurfer/sub-v1s12x0050115_ses-1/mri/transforms/talsrcimg_to_711-2C_as_mni_average_305_t4_vox2vox.txt
lta_convert --src orig_nu.mgz --trg /opt/freesurfer/average/mni305.cor.mgz --inxfm transforms/talairach.auto.xfm --outlta transforms/talairach.auto.xfm.lta --subject fsaverage
7.3.2

--src: orig_nu.mgz src image (geometry).
--trg: /opt/freesurfer/average/mni305.cor.mgz trg image (geometry).
--inmni: transforms/talairach.auto.xfm input MNI/XFM transform.
--outlta: transforms/talairach.auto.xfm.lta output LTA.
--s: fsaverage subject name
 LTA read, type : 1
 1.14652  -0.05881   0.10397   9.46138;
 0.01801   1.07316   0.38627  -4.72563;
-0.09636  -0.26729   1.09593  -9.44354;
 0.00000   0.00000   0.00000   1.00000;
setting subject to fsaverage
Writing  LTA to file transforms/talairach.auto.xfm.lta...
lta_convert successful.
 
 
Started at Sun Mar 8 12:45:42 CET 2026
Ended   at Sun Mar  8 12:47:08 CET 2026
talairach_avi done
