status file for recon-all
Sun Mar  8 14:19:46 CET 2026
#@# Tessellate lh Sun Mar  8 14:19:46 CET 2026
#@# Smooth1 lh Sun Mar  8 14:19:49 CET 2026
#@# Inflation1 lh Sun Mar  8 14:19:52 CET 2026
#@# QSphere lh Sun Mar  8 14:20:04 CET 2026
#@# Fix Topology lh Sun Mar  8 14:21:16 CET 2026
#@# Smooth2 lh Sun Mar  8 14:26:14 CET 2026
#@# Inflation2 lh Sun Mar  8 14:26:17 CET 2026
#@# Curv .H and .K lh Sun Mar  8 14:26:31 CET 2026
#@# Sphere lh Sun Mar  8 14:27:17 CET 2026
#@# Surf Reg lh Sun Mar  8 14:29:27 CET 2026
#@# Jacobian white lh Sun Mar  8 14:33:09 CET 2026
#@# AvgCurv lh Sun Mar  8 14:33:10 CET 2026
#@# Cortical Parc lh Sun Mar  8 14:33:10 CET 2026
#@# white curv lh Sun Mar  8 14:39:20 CET 2026
#@# white area lh Sun Mar  8 14:39:21 CET 2026
#@# pial curv lh Sun Mar  8 14:39:22 CET 2026
#@# pial area lh Sun Mar  8 14:39:24 CET 2026
#@# thickness lh Sun Mar  8 14:39:24 CET 2026
#@# area and vertex vol lh Sun Mar  8 14:39:54 CET 2026
#@# Curvature Stats lh Sun Mar  8 14:39:55 CET 2026
#@# Cortical Parc 2 lh Sun Mar  8 14:39:58 CET 2026
#@# Cortical Parc 3 lh Sun Mar  8 14:40:11 CET 2026
#@# WM/GM Contrast lh Sun Mar  8 14:40:21 CET 2026
recon-all -s sub-v1s12x0050130_ses-1 finished without error at Sun Mar  8 14:40:23 CET 2026



#New# invocation of recon-all 



status file for recon-all
Sun Mar  8 15:07:22 CET 2026
#@# white curv lh Sun Mar  8 15:07:22 CET 2026
#@# white area lh Sun Mar  8 15:07:22 CET 2026
#@# pial curv lh Sun Mar  8 15:07:22 CET 2026
#@# pial area lh Sun Mar  8 15:07:22 CET 2026
#@# thickness lh Sun Mar  8 15:07:22 CET 2026
#@# area and vertex vol lh Sun Mar  8 15:07:22 CET 2026
#@# Parcellation Stats lh Sun Mar  8 15:07:22 CET 2026
#@# Parcellation Stats 2 lh Sun Mar  8 15:07:40 CET 2026
#@# Parcellation Stats 3 lh Sun Mar  8 15:07:49 CET 2026
#@# BA_exvivo Labels lh Sun Mar  8 15:07:58 CET 2026
recon-all -s sub-v1s12x0050130_ses-1 finished without error at Sun Mar  8 15:10:29 CET 2026
