status file for recon-all
Sun Mar  8 14:22:24 CET 2026
#@# Tessellate lh Sun Mar  8 14:22:25 CET 2026
#@# Smooth1 lh Sun Mar  8 14:22:28 CET 2026
#@# Inflation1 lh Sun Mar  8 14:22:31 CET 2026
#@# QSphere lh Sun Mar  8 14:22:43 CET 2026
#@# Fix Topology lh Sun Mar  8 14:23:44 CET 2026
#@# Smooth2 lh Sun Mar  8 14:31:00 CET 2026
#@# Inflation2 lh Sun Mar  8 14:31:02 CET 2026
#@# Curv .H and .K lh Sun Mar  8 14:31:16 CET 2026
#@# Sphere lh Sun Mar  8 14:31:57 CET 2026
#@# Surf Reg lh Sun Mar  8 14:35:26 CET 2026
#@# Jacobian white lh Sun Mar  8 14:39:19 CET 2026
#@# AvgCurv lh Sun Mar  8 14:39:20 CET 2026
#@# Cortical Parc lh Sun Mar  8 14:39:21 CET 2026
#@# white curv lh Sun Mar  8 14:45:31 CET 2026
#@# white area lh Sun Mar  8 14:45:32 CET 2026
#@# pial curv lh Sun Mar  8 14:45:33 CET 2026
#@# pial area lh Sun Mar  8 14:45:35 CET 2026
#@# thickness lh Sun Mar  8 14:45:36 CET 2026
#@# area and vertex vol lh Sun Mar  8 14:46:01 CET 2026
#@# Curvature Stats lh Sun Mar  8 14:46:03 CET 2026
#@# Cortical Parc 2 lh Sun Mar  8 14:46:05 CET 2026
#@# Cortical Parc 3 lh Sun Mar  8 14:46:17 CET 2026
#@# WM/GM Contrast lh Sun Mar  8 14:46:27 CET 2026
recon-all -s sub-v1s12x0050122_ses-1 finished without error at Sun Mar  8 14:46:30 CET 2026



#New# invocation of recon-all 



status file for recon-all
Sun Mar  8 15:12:26 CET 2026
#@# white curv lh Sun Mar  8 15:12:27 CET 2026
#@# white area lh Sun Mar  8 15:12:27 CET 2026
#@# pial curv lh Sun Mar  8 15:12:27 CET 2026
#@# pial area lh Sun Mar  8 15:12:27 CET 2026
#@# thickness lh Sun Mar  8 15:12:27 CET 2026
#@# area and vertex vol lh Sun Mar  8 15:12:27 CET 2026
#@# Parcellation Stats lh Sun Mar  8 15:12:27 CET 2026
#@# Parcellation Stats 2 lh Sun Mar  8 15:12:42 CET 2026
#@# Parcellation Stats 3 lh Sun Mar  8 15:12:50 CET 2026
#@# BA_exvivo Labels lh Sun Mar  8 15:12:57 CET 2026
recon-all -s sub-v1s12x0050122_ses-1 finished without error at Sun Mar  8 15:15:18 CET 2026
