status file for recon-all
Sun Mar  8 14:46:33 CET 2026
#@# Tessellate rh Sun Mar  8 14:46:33 CET 2026
#@# Smooth1 rh Sun Mar  8 14:46:36 CET 2026
#@# Inflation1 rh Sun Mar  8 14:46:38 CET 2026
#@# QSphere rh Sun Mar  8 14:46:50 CET 2026
#@# Fix Topology rh Sun Mar  8 14:47:49 CET 2026
#@# Smooth2 rh Sun Mar  8 14:54:39 CET 2026
#@# Inflation2 rh Sun Mar  8 14:54:42 CET 2026
#@# Curv .H and .K rh Sun Mar  8 14:54:54 CET 2026
#@# Sphere rh Sun Mar  8 14:55:34 CET 2026
#@# Surf Reg rh Sun Mar  8 14:59:03 CET 2026
#@# Jacobian white rh Sun Mar  8 15:02:22 CET 2026
#@# AvgCurv rh Sun Mar  8 15:02:23 CET 2026
#@# Cortical Parc rh Sun Mar  8 15:02:24 CET 2026
#@# white curv rh Sun Mar  8 15:07:49 CET 2026
#@# white area rh Sun Mar  8 15:07:51 CET 2026
#@# pial curv rh Sun Mar  8 15:07:52 CET 2026
#@# pial area rh Sun Mar  8 15:07:53 CET 2026
#@# thickness rh Sun Mar  8 15:07:54 CET 2026
#@# area and vertex vol rh Sun Mar  8 15:08:19 CET 2026
#@# Curvature Stats rh Sun Mar  8 15:08:20 CET 2026
#@# Cortical Parc 2 rh Sun Mar  8 15:08:22 CET 2026
#@# Cortical Parc 3 rh Sun Mar  8 15:08:34 CET 2026
#@# WM/GM Contrast rh Sun Mar  8 15:08:43 CET 2026
recon-all -s sub-v1s12x0050122_ses-1 finished without error at Sun Mar  8 15:08:45 CET 2026



#New# invocation of recon-all 



status file for recon-all
Sun Mar  8 15:15:22 CET 2026
#@# white curv rh Sun Mar  8 15:15:22 CET 2026
#@# white area rh Sun Mar  8 15:15:22 CET 2026
#@# pial curv rh Sun Mar  8 15:15:22 CET 2026
#@# pial area rh Sun Mar  8 15:15:22 CET 2026
#@# thickness rh Sun Mar  8 15:15:22 CET 2026
#@# area and vertex vol rh Sun Mar  8 15:15:22 CET 2026
#@# Parcellation Stats rh Sun Mar  8 15:15:22 CET 2026
#@# Parcellation Stats 2 rh Sun Mar  8 15:15:37 CET 2026
#@# Parcellation Stats 3 rh Sun Mar  8 15:15:44 CET 2026
#@# BA_exvivo Labels rh Sun Mar  8 15:15:51 CET 2026
recon-all -s sub-v1s12x0050122_ses-1 finished without error at Sun Mar  8 15:18:10 CET 2026
