status file for recon-all
Sun Mar  8 14:39:35 CET 2026
#@# Tessellate rh Sun Mar  8 14:39:35 CET 2026
#@# Smooth1 rh Sun Mar  8 14:39:39 CET 2026
#@# Inflation1 rh Sun Mar  8 14:39:41 CET 2026
#@# QSphere rh Sun Mar  8 14:39:52 CET 2026
#@# Fix Topology rh Sun Mar  8 14:40:53 CET 2026
#@# Smooth2 rh Sun Mar  8 14:45:51 CET 2026
#@# Inflation2 rh Sun Mar  8 14:45:54 CET 2026
#@# Curv .H and .K rh Sun Mar  8 14:46:05 CET 2026
#@# Sphere rh Sun Mar  8 14:46:50 CET 2026
#@# Surf Reg rh Sun Mar  8 14:48:56 CET 2026
#@# Jacobian white rh Sun Mar  8 14:52:09 CET 2026
#@# AvgCurv rh Sun Mar  8 14:52:09 CET 2026
#@# Cortical Parc rh Sun Mar  8 14:52:10 CET 2026
#@# white curv rh Sun Mar  8 14:57:32 CET 2026
#@# white area rh Sun Mar  8 14:57:33 CET 2026
#@# pial curv rh Sun Mar  8 14:57:34 CET 2026
#@# pial area rh Sun Mar  8 14:57:36 CET 2026
#@# thickness rh Sun Mar  8 14:57:36 CET 2026
#@# area and vertex vol rh Sun Mar  8 14:58:04 CET 2026
#@# Curvature Stats rh Sun Mar  8 14:58:06 CET 2026
#@# Cortical Parc 2 rh Sun Mar  8 14:58:08 CET 2026
#@# Cortical Parc 3 rh Sun Mar  8 14:58:20 CET 2026
#@# WM/GM Contrast rh Sun Mar  8 14:58:29 CET 2026
recon-all -s sub-v1s12x0050114_ses-1 finished without error at Sun Mar  8 14:58:32 CET 2026



#New# invocation of recon-all 



status file for recon-all
Sun Mar  8 15:05:45 CET 2026
#@# white curv rh Sun Mar  8 15:05:45 CET 2026
#@# white area rh Sun Mar  8 15:05:45 CET 2026
#@# pial curv rh Sun Mar  8 15:05:45 CET 2026
#@# pial area rh Sun Mar  8 15:05:45 CET 2026
#@# thickness rh Sun Mar  8 15:05:45 CET 2026
#@# area and vertex vol rh Sun Mar  8 15:05:45 CET 2026
#@# Parcellation Stats rh Sun Mar  8 15:05:45 CET 2026
#@# Parcellation Stats 2 rh Sun Mar  8 15:06:02 CET 2026
#@# Parcellation Stats 3 rh Sun Mar  8 15:06:10 CET 2026
#@# BA_exvivo Labels rh Sun Mar  8 15:06:18 CET 2026
recon-all -s sub-v1s12x0050114_ses-1 finished without error at Sun Mar  8 15:08:36 CET 2026
