status file for recon-all
Sun Mar  8 12:42:40 CET 2026
#@# MotionCor Sun Mar  8 12:42:42 CET 2026
#@# Talairach Sun Mar  8 12:42:48 CET 2026
#@# Talairach Failure Detection Sun Mar  8 12:47:17 CET 2026
#@# Nu Intensity Correction Sun Mar  8 12:47:17 CET 2026
#@# Intensity Normalization Sun Mar  8 12:50:33 CET 2026
recon-all -s sub-v1s12x0050114_ses-1 finished without error at Sun Mar  8 12:52:07 CET 2026



#New# invocation of recon-all 



status file for recon-all
Sun Mar  8 12:58:05 CET 2026
#@# EM Registration Sun Mar  8 12:58:05 CET 2026
recon-all -s sub-v1s12x0050114_ses-1 finished without error at Sun Mar  8 12:59:47 CET 2026



#New# invocation of recon-all 



status file for recon-all
Sun Mar  8 12:59:50 CET 2026
#@# CA Normalize Sun Mar  8 12:59:50 CET 2026
#@# CA Reg Sun Mar  8 13:01:13 CET 2026
#@# SubCort Seg Sun Mar  8 13:44:36 CET 2026
#@# CC Seg Sun Mar  8 14:13:36 CET 2026
#@# Merge ASeg Sun Mar  8 14:14:15 CET 2026
#@# Intensity Normalization2 Sun Mar  8 14:14:15 CET 2026
#@# Mask BFS Sun Mar  8 14:16:26 CET 2026
#@# WM Segmentation Sun Mar  8 14:16:26 CET 2026
#@# Fill Sun Mar  8 14:18:33 CET 2026
recon-all -s sub-v1s12x0050114_ses-1 finished without error at Sun Mar  8 14:19:37 CET 2026



#New# invocation of recon-all 



status file for recon-all
Sun Mar  8 14:58:35 CET 2026
#@# white curv lh Sun Mar  8 14:58:35 CET 2026
#@# white area lh Sun Mar  8 14:58:35 CET 2026
#@# pial curv lh Sun Mar  8 14:58:35 CET 2026
#@# pial area lh Sun Mar  8 14:58:35 CET 2026
#@# thickness lh Sun Mar  8 14:58:35 CET 2026
#@# area and vertex vol lh Sun Mar  8 14:58:35 CET 2026
#@# white curv rh Sun Mar  8 14:58:35 CET 2026
#@# white area rh Sun Mar  8 14:58:35 CET 2026
#@# pial curv rh Sun Mar  8 14:58:35 CET 2026
#@# pial area rh Sun Mar  8 14:58:35 CET 2026
#@# thickness rh Sun Mar  8 14:58:35 CET 2026
#@# area and vertex vol rh Sun Mar  8 14:58:35 CET 2026
#@# Cortical ribbon mask Sun Mar  8 14:58:35 CET 2026
recon-all -s sub-v1s12x0050114_ses-1 finished without error at Sun Mar  8 15:02:46 CET 2026



#New# invocation of recon-all 



status file for recon-all
Sun Mar  8 15:08:43 CET 2026
#@# white curv lh Sun Mar  8 15:08:43 CET 2026
#@# white area lh Sun Mar  8 15:08:43 CET 2026
#@# pial curv lh Sun Mar  8 15:08:43 CET 2026
#@# pial area lh Sun Mar  8 15:08:43 CET 2026
#@# thickness lh Sun Mar  8 15:08:43 CET 2026
#@# area and vertex vol lh Sun Mar  8 15:08:43 CET 2026
#@# white curv rh Sun Mar  8 15:08:43 CET 2026
#@# white area rh Sun Mar  8 15:08:43 CET 2026
#@# pial curv rh Sun Mar  8 15:08:43 CET 2026
#@# pial area rh Sun Mar  8 15:08:43 CET 2026
#@# thickness rh Sun Mar  8 15:08:43 CET 2026
#@# area and vertex vol rh Sun Mar  8 15:08:43 CET 2026
#@# Curvature Stats lh Sun Mar  8 15:08:43 CET 2026
#@# Curvature Stats rh Sun Mar  8 15:08:45 CET 2026
#@# Relabel Hypointensities Sun Mar  8 15:08:47 CET 2026
#@# APas-to-ASeg Sun Mar  8 15:09:02 CET 2026
#@# AParc-to-ASeg aparc Sun Mar  8 15:09:09 CET 2026
#@# AParc-to-ASeg aparc.a2009s Sun Mar  8 15:09:35 CET 2026
#@# AParc-to-ASeg aparc.DKTatlas Sun Mar  8 15:10:02 CET 2026
#@# WMParc Sun Mar  8 15:10:29 CET 2026
#@# ASeg Stats Sun Mar  8 15:14:23 CET 2026
recon-all -s sub-v1s12x0050114_ses-1 finished without error at Sun Mar  8 15:14:56 CET 2026
