status file for recon-all
Thu Mar 12 12:52:03 CET 2026
#@# Tessellate lh Thu Mar 12 12:52:03 CET 2026
#@# Smooth1 lh Thu Mar 12 12:52:07 CET 2026
#@# Inflation1 lh Thu Mar 12 12:52:10 CET 2026
#@# QSphere lh Thu Mar 12 12:52:23 CET 2026
#@# Fix Topology lh Thu Mar 12 12:53:39 CET 2026
#@# Smooth2 lh Thu Mar 12 13:01:48 CET 2026
#@# Inflation2 lh Thu Mar 12 13:01:52 CET 2026
#@# Curv .H and .K lh Thu Mar 12 13:02:08 CET 2026
#@# Sphere lh Thu Mar 12 13:02:52 CET 2026
#@# Surf Reg lh Thu Mar 12 13:07:07 CET 2026
#@# Jacobian white lh Thu Mar 12 13:11:31 CET 2026
#@# AvgCurv lh Thu Mar 12 13:11:32 CET 2026
#@# Cortical Parc lh Thu Mar 12 13:11:33 CET 2026
#@# white curv lh Thu Mar 12 13:17:41 CET 2026
#@# white area lh Thu Mar 12 13:17:43 CET 2026
#@# pial curv lh Thu Mar 12 13:17:44 CET 2026
#@# pial area lh Thu Mar 12 13:17:46 CET 2026
#@# thickness lh Thu Mar 12 13:17:46 CET 2026
#@# area and vertex vol lh Thu Mar 12 13:18:17 CET 2026
#@# Curvature Stats lh Thu Mar 12 13:18:19 CET 2026
#@# Cortical Parc 2 lh Thu Mar 12 13:18:21 CET 2026
#@# Cortical Parc 3 lh Thu Mar 12 13:18:34 CET 2026
#@# WM/GM Contrast lh Thu Mar 12 13:18:45 CET 2026
recon-all -s sub-v1s12x0050106_ses-1 finished without error at Thu Mar 12 13:18:49 CET 2026



#New# invocation of recon-all 



status file for recon-all
Thu Mar 12 13:52:13 CET 2026
#@# white curv lh Thu Mar 12 13:52:13 CET 2026
#@# white area lh Thu Mar 12 13:52:13 CET 2026
#@# pial curv lh Thu Mar 12 13:52:14 CET 2026
#@# pial area lh Thu Mar 12 13:52:14 CET 2026
#@# thickness lh Thu Mar 12 13:52:14 CET 2026
#@# area and vertex vol lh Thu Mar 12 13:52:14 CET 2026
#@# Parcellation Stats lh Thu Mar 12 13:52:14 CET 2026
#@# Parcellation Stats 2 lh Thu Mar 12 13:52:32 CET 2026
#@# Parcellation Stats 3 lh Thu Mar 12 13:52:42 CET 2026
#@# BA_exvivo Labels lh Thu Mar 12 13:52:51 CET 2026
recon-all -s sub-v1s12x0050106_ses-1 finished without error at Thu Mar 12 13:55:41 CET 2026
