/out/sourcedata/freesurfer/sub-v1s12x0050116_ses-1/mri
/opt/freesurfer/bin/talairach_avi
--i orig_nu.mgz --xfm transforms/talairach.auto.xfm
talairach_avi 7.3.2
Linux dna059 5.14.0-427.37.1.el9_4.x86_64 #1 SMP PREEMPT_DYNAMIC Fri Sep 13 12:41:50 EDT 2024 x86_64 x86_64 x86_64 GNU/Linux
Sun Mar  8 12:45:57 CET 2026
mri_convert orig_nu.mgz talsrcimg.img 
reading from orig_nu.mgz...
TR=0.00, TE=0.00, TI=0.00, flip angle=0.00
i_ras = (-1, 0, 0)
j_ras = (0, 0, -1)
k_ras = (0, 1, 0)
writing to talsrcimg.img...
Analyze Output Matrix
-1.00000   0.00000   0.00000   128.54193;
 0.00000   0.00000   1.00000  -124.36805;
 0.00000  -1.00000   0.00000   133.14240;
 0.00000   0.00000   0.00000   1.00000;
--------------------
INFO: set hdr.hist.orient to -1
mpr2mni305 talsrcimg
Sun Mar  8 12:45:57 CET 2026
/opt/freesurfer/bin/mpr2mni305 talsrcimg
mpr2mni305 7.3.2
target=711-2C_as_mni_average_305

---------------------------------------------------------------------
analyzeto4dfp talsrcimg -O0 -y
---------------------------------------------------------------------

freesurfer ifh2hdr.c
Sun Mar  8 12:45:58 2026
Writing: talsrcimg.4dfp.hdr
freesurfer analyzeto4dfp.c
Reading: talsrcimg.hdr
header size 348 bytes
hdr.dime.datatype	offset=70	value=2
hdr.dime.bitpix		offset=72	value=8
hdr.hist.orient		offset=252	value=-1
dimensionality     4
dimensions       256       256       256         1
Reading: talsrcimg.img
Writing: talsrcimg.4dfp.img
Writing: talsrcimg.4dfp.ifh
ifh2hdr talsrcimg -r0to218
ori=2

---------------------------------------------------------------------
gauss_4dfp talsrcimg 1.1
---------------------------------------------------------------------

freesurfer gauss_4dfp.c
Reading: talsrcimg.4dfp.img
Writing: talsrcimg_g11.4dfp.img
image dimensions 256 256 256 padded to 288 288 288
processing volume 1freesurfer ifh2hdr.c
Sun Mar  8 12:45:59 2026
Writing: talsrcimg_g11.4dfp.hdr

Writing: talsrcimg_g11.4dfp.ifh
including: talsrcimg.4dfp.img.rec in talsrcimg_g11.4dfp.img.rec

---------------------------------------------------------------------
imgreg_4dfp /opt/freesurfer/average/711-2C_as_mni_average_305 none talsrcimg_g11 none talsrcimg_to_711-2C_as_mni_average_305_t4 4355
---------------------------------------------------------------------

freesurfer imgreg_4dfp.c
/opt/freesurfer/average/711-2C_as_mni_average_305.4dfp.img
       256       256       256         1
  1.000000  1.000000  1.000000
orientation T byte_order littleendian
Reading image: /opt/freesurfer/average/711-2C_as_mni_average_305.4dfp.img
dimensions:      256       256       256
mmppix:       1.0000   -1.0000   -1.0000
center:     128.0000 -129.0000 -129.0000
talsrcimg_g11.4dfp.img
       256       256       256         1
  1.000000  1.000000  1.000000
orientation T byte_order littleendian
Reading image: talsrcimg_g11.4dfp.img
dimensions:      256       256       256
mmppix:       1.0000   -1.0000   -1.0000
center:     128.0000 -129.0000 -129.0000
t4_read: open error in t4_sub.f l:  41 t4_file(1:l)talsrcimg_to_711-2C_as_mni_average_305_t4 
t4_read: transform initialized to I4
rotation matrix determinant  1.000000
image alignment mode   4355 decimal     1103 hex
   -7.5000  -45.0000  -45.0000 8304.1631   16.8261
    0.0000  -45.0000  -45.0000 8688.3936   16.8352
    7.5000  -45.0000  -45.0000 8277.4902   16.8202
   -7.5000  -37.5000  -45.0000 8876.0586   16.8331
    0.0000  -37.5000  -45.0000 9262.0391   16.8405
    7.5000  -37.5000  -45.0000 8823.9473   16.8178
   -7.5000  -30.0000  -45.0000 9685.7217   16.8337
    0.0000  -30.0000  -45.000010111.6924   16.8434
    7.5000  -30.0000  -45.0000 9649.4033   16.8192
   -7.5000  -22.5000  -45.000010422.7861   16.8258
    0.0000  -22.5000  -45.000010905.0859   16.8409
    7.5000  -22.5000  -45.000010410.9111   16.8231
   -7.5000  -15.0000  -45.000011063.2529   16.8162
    0.0000  -15.0000  -45.000011593.5371   16.8340
    7.5000  -15.0000  -45.000011051.6045   16.8242
   -7.5000   -7.5000  -45.000011677.5312   16.8140
    0.0000   -7.5000  -45.000012254.9287   16.8281
    7.5000   -7.5000  -45.000011686.0986   16.8197
   -7.5000    0.0000  -45.000012200.5342   16.8231
    0.0000    0.0000  -45.000012789.6895   16.8321
    7.5000    0.0000  -45.000012204.9619   16.8171
   -7.5000    7.5000  -45.000011811.0449   16.8331
    0.0000    7.5000  -45.000012341.5811   16.8405
    7.5000    7.5000  -45.000011774.7207   16.8178
   -7.5000   15.0000  -45.000011346.7783   16.8337
    0.0000   15.0000  -45.000011846.9551   16.8434
    7.5000   15.0000  -45.000011276.2607   16.8192
   -7.5000   22.5000  -45.000010664.3584   16.8235
    0.0000   22.5000  -45.000011150.1641   16.8386
    7.5000   22.5000  -45.000010612.2031   16.8208
   -7.5000   30.0000  -45.0000 9813.7295   16.5921
    0.0000   30.0000  -45.000010249.4805   16.6097
    7.5000   30.0000  -45.0000 9746.8438   16.6000
   -7.5000   37.5000  -45.0000 9300.1895   16.5900
    0.0000   37.5000  -45.0000 9722.0996   16.6039
    7.5000   37.5000  -45.0000 9216.3467   16.5955
   -7.5000   45.0000  -45.0000 8451.7354   16.1776
    0.0000   45.0000  -45.0000 8847.2305   16.1863
    7.5000   45.0000  -45.0000 8368.7451   16.1719
   -7.5000  -45.0000  -37.5000 8848.1064   16.7419
    0.0000  -45.0000  -37.5000 9236.4521   16.7484
    7.5000  -45.0000  -37.5000 8813.7812   16.7215
   -7.5000  -37.5000  -37.5000 9432.3721   16.7469
    0.0000  -37.5000  -37.5000 9833.9492   16.7509
    7.5000  -37.5000  -37.5000 9402.7979   16.7209
   -7.5000  -30.0000  -37.500010305.3242   16.7499
    0.0000  -30.0000  -37.500010758.7188   16.7553
    7.5000  -30.0000  -37.500010278.4941   16.7273
   -7.5000  -22.5000  -37.500011079.4648   16.7473
    0.0000  -22.5000  -37.500011582.2617   16.7578
    7.5000  -22.5000  -37.500011066.2998   16.7349
   -7.5000  -15.0000  -37.500011763.1582   16.7402
    0.0000  -15.0000  -37.500012297.9844   16.7541
    7.5000  -15.0000  -37.500011763.4307   16.7349
   -7.5000   -7.5000  -37.500012402.3184   16.7349
    0.0000   -7.5000  -37.500012972.8613   16.7460
    7.5000   -7.5000  -37.500012401.4639   16.7249
   -7.5000    0.0000  -37.500012927.1787   16.7389
    0.0000    0.0000  -37.500013512.3398   16.7454
    7.5000    0.0000  -37.500012915.8643   16.7184
   -7.5000    7.5000  -37.500012454.0322   16.7469
    0.0000    7.5000  -37.500013003.4375   16.7509
    7.5000    7.5000  -37.500012422.1055   16.7209
   -7.5000   15.0000  -37.500011964.0498   16.7499
    0.0000   15.0000  -37.500012517.2695   16.7553
    7.5000   15.0000  -37.500011908.9990   16.7273
   -7.5000   22.5000  -37.500011260.9971   16.7450
    0.0000   22.5000  -37.500011763.3955   16.7555
    7.5000   22.5000  -37.500011198.8672   16.7326
   -7.5000   30.0000  -37.500010326.3389   16.5171
    0.0000   30.0000  -37.500010774.6475   16.5308
    7.5000   30.0000  -37.500010263.1592   16.5119
   -7.5000   37.5000  -37.5000 9754.9678   16.5119
    0.0000   37.5000  -37.500010193.8428   16.5229
    7.5000   37.5000  -37.5000 9698.4971   16.5020
   -7.5000   45.0000  -37.5000 8862.7412   16.0967
    0.0000   45.0000  -37.5000 9259.0381   16.1029
    7.5000   45.0000  -37.5000 8786.9023   16.0770
   -7.5000  -45.0000  -30.0000 9562.0889   17.4264
    0.0000  -45.0000  -30.0000 9955.7949   17.4344
    7.5000  -45.0000  -30.0000 9510.0830   17.4096
   -7.5000  -37.5000  -30.000010173.1133   17.4308
    0.0000  -37.5000  -30.000010605.0361   17.4372
    7.5000  -37.5000  -30.000010134.9883   17.4107
   -7.5000  -30.0000  -30.000011124.3311   17.4421
    0.0000  -30.0000  -30.000011602.6064   17.4471
    7.5000  -30.0000  -30.000011069.7822   17.4218
   -7.5000  -22.5000  -30.000011964.7490   17.4492
    0.0000  -22.5000  -30.000012490.9531   17.4557
    7.5000  -22.5000  -30.000011922.3633   17.4328
   -7.5000  -15.0000  -30.000012710.2363   17.4440
    0.0000  -15.0000  -30.000013265.5039   17.4524
    7.5000  -15.0000  -30.000012672.6426   17.4315
   -7.5000   -7.5000  -30.000013379.3525   17.4293
    0.0000   -7.5000  -30.000013962.0684   17.4379
    7.5000   -7.5000  -30.000013354.5752   17.4161
   -7.5000    0.0000  -30.000013913.4443   17.4233
    0.0000    0.0000  -30.000014504.2256   17.4312
    7.5000    0.0000  -30.000013901.6836   17.4064
   -7.5000    7.5000  -30.000013362.4600   17.4308
    0.0000    7.5000  -30.000013918.7695   17.4372
    7.5000    7.5000  -30.000013320.5215   17.4107
   -7.5000   15.0000  -30.000012806.3818   17.4421
    0.0000   15.0000  -30.000013346.2793   17.4471
    7.5000   15.0000  -30.000012727.8594   17.4218
   -7.5000   22.5000  -30.000012061.6260   17.4450
    0.0000   22.5000  -30.000012555.1553   17.4515
    7.5000   22.5000  -30.000011994.1367   17.4286
   -7.5000   30.0000  -30.000011060.3311   17.2132
    0.0000   30.0000  -30.000011489.1074   17.2215
    7.5000   30.0000  -30.000010992.5068   17.2009
   -7.5000   37.5000  -30.000010403.8457   17.1986
    0.0000   37.5000  -30.000010842.6660   17.2071
    7.5000   37.5000  -30.000010358.6699   17.1857
   -7.5000   45.0000  -30.0000 9423.9492   16.7671
    0.0000   45.0000  -30.0000 9828.6514   16.7748
    7.5000   45.0000  -30.0000 9368.4199   16.7509
   -7.5000  -45.0000  -22.500010258.6641   18.0302
    0.0000  -45.0000  -22.500010684.5244   18.0427
    7.5000  -45.0000  -22.500010205.5664   18.0335
   -7.5000  -37.5000  -22.500010901.8066   18.0355
    0.0000  -37.5000  -22.500011341.8760   18.0488
    7.5000  -37.5000  -22.500010844.4121   18.0339
   -7.5000  -30.0000  -22.500011945.8027   18.0499
    0.0000  -30.0000  -22.500012426.4424   18.0606
    7.5000  -30.0000  -22.500011856.2637   18.0420
   -7.5000  -22.5000  -22.500012853.2715   18.0593
    0.0000  -22.5000  -22.500013383.9854   18.0672
    7.5000  -22.5000  -22.500012759.4277   18.0507
   -7.5000  -15.0000  -22.500013653.5986   18.0537
    0.0000  -15.0000  -22.500014227.6475   18.0607
    7.5000  -15.0000  -22.500013570.0439   18.0498
   -7.5000   -7.5000  -22.500014339.2275   18.0356
    0.0000   -7.5000  -22.500014961.0459   18.0445
    7.5000   -7.5000  -22.500014286.4883   18.0374
   -7.5000    0.0000  -22.500014901.1328   18.0270
    0.0000    0.0000  -22.500015537.4014   18.0394
    7.5000    0.0000  -22.500014872.7334   18.0302
   -7.5000    7.5000  -22.500014272.8848   18.0355
    0.0000    7.5000  -22.500014892.0117   18.0488
    7.5000    7.5000  -22.500014250.2764   18.0339
   -7.5000   15.0000  -22.500013636.3037   18.0499
    0.0000   15.0000  -22.500014212.9531   18.0606
    7.5000   15.0000  -22.500013590.1123   18.0420
   -7.5000   22.5000  -22.500012855.9961   18.0537
    0.0000   22.5000  -22.500013349.4219   18.0616
    7.5000   22.5000  -22.500012790.4912   18.0451
   -7.5000   30.0000  -22.500011772.1650   17.8175
    0.0000   30.0000  -22.500012213.1260   17.8244
    7.5000   30.0000  -22.500011731.8867   17.8137
   -7.5000   37.5000  -22.500011075.1846   17.7997
    0.0000   37.5000  -22.500011493.1289   17.8085
    7.5000   37.5000  -22.500011052.7520   17.8014
   -7.5000   45.0000  -22.5000 9996.9482   17.3611
    0.0000   45.0000  -22.500010413.3691   17.3731
    7.5000   45.0000  -22.5000 9975.7617   17.3642
   -7.5000  -45.0000  -15.000010957.8203   18.4778
    0.0000  -45.0000  -15.000011415.5742   18.4939
    7.5000  -45.0000  -15.000010922.9482   18.4976
   -7.5000  -37.5000  -15.000011618.4697   18.4834
    0.0000  -37.5000  -15.000012095.3193   18.5019
    7.5000  -37.5000  -15.000011587.9346   18.4943
   -7.5000  -30.0000  -15.000012722.9756   18.4937
    0.0000  -30.0000  -15.000013256.5283   18.5107
    7.5000  -30.0000  -15.000012668.3066   18.4956
   -7.5000  -22.5000  -15.000013699.1338   18.4981
    0.0000  -22.5000  -15.000014296.0488   18.5120
    7.5000  -22.5000  -15.000013626.7969   18.5008
   -7.5000  -15.0000  -15.000014535.6494   18.4915
    0.0000  -15.0000  -15.000015189.7900   18.5034
    7.5000  -15.0000  -15.000014447.0732   18.5031
   -7.5000   -7.5000  -15.000015235.5049   18.4782
    0.0000   -7.5000  -15.000015941.8369   18.4910
    7.5000   -7.5000  -15.000015207.1113   18.4978
   -7.5000    0.0000  -15.000015869.7607   18.4744
    0.0000    0.0000  -15.000016611.3945   18.4906
    7.5000    0.0000  -15.000015878.5127   18.4942
   -7.5000    7.5000  -15.000015185.4189   18.4834
    0.0000    7.5000  -15.000015910.9834   18.5019
    7.5000    7.5000  -15.000015207.1494   18.4943
   -7.5000   15.0000  -15.000014443.4121   18.4937
    0.0000   15.0000  -15.000015088.6709   18.5107
    7.5000   15.0000  -15.000014454.2246   18.4956
   -7.5000   22.5000  -15.000013601.9551   18.4915
    0.0000   22.5000  -15.000014108.8896   18.5054
    7.5000   22.5000  -15.000013583.3154   18.4943
   -7.5000   30.0000  -15.000012484.5195   18.2522
    0.0000   30.0000  -15.000012943.0186   18.2640
    7.5000   30.0000  -15.000012477.3828   18.2636
   -7.5000   37.5000  -15.000011760.8135   18.2391
    0.0000   37.5000  -15.000012202.0996   18.2517
    7.5000   37.5000  -15.000011771.4756   18.2584
   -7.5000   45.0000  -15.000010625.3848   17.8028
    0.0000   45.0000  -15.000011060.6260   17.8183
    7.5000   45.0000  -15.000010641.7266   17.8219
   -7.5000  -45.0000   -7.500011654.0488   18.7026
    0.0000  -45.0000   -7.500012134.2568   18.7183
    7.5000  -45.0000   -7.500011616.9727   18.7188
   -7.5000  -37.5000   -7.500012331.7686   18.7084
    0.0000  -37.5000   -7.500012877.6992   18.7248
    7.5000  -37.5000   -7.500012318.0195   18.7131
   -7.5000  -30.0000   -7.500013459.5605   18.7118
    0.0000  -30.0000   -7.500014061.8477   18.7292
    7.5000  -30.0000   -7.500013452.0322   18.7110
   -7.5000  -22.5000   -7.500014536.4688   18.7082
    0.0000  -22.5000   -7.500015226.7812   18.7269
    7.5000  -22.5000   -7.500014510.1553   18.7149
   -7.5000  -15.0000   -7.500015428.1328   18.7001
    0.0000  -15.0000   -7.500016216.1064   18.7191
    7.5000  -15.0000   -7.500015426.0742   18.7192
   -7.5000   -7.5000   -7.500016168.4795   18.6945
    0.0000   -7.5000   -7.500017005.5352   18.7115
    7.5000   -7.5000   -7.500016207.8936   18.7177
   -7.5000    0.0000   -7.500016870.4355   18.6992
    0.0000    0.0000   -7.500017725.5820   18.7149
    7.5000    0.0000   -7.500016934.0898   18.7154
   -7.5000    7.5000   -7.500016120.7158   18.7084
    0.0000    7.5000   -7.500016931.5020   18.7248
    7.5000    7.5000   -7.500016223.5557   18.7131
   -7.5000   15.0000   -7.500015277.0977   18.7118
    0.0000   15.0000   -7.500016007.2646   18.7292
    7.5000   15.0000   -7.500015378.6484   18.7110
   -7.5000   22.5000   -7.500014381.0283   18.6995
    0.0000   22.5000   -7.500014995.4404   18.7183
    7.5000   22.5000   -7.500014438.6055   18.7063
   -7.5000   30.0000   -7.500013257.7217   18.4576
    0.0000   30.0000   -7.500013796.9883   18.4764
    7.5000   30.0000   -7.500013307.7109   18.4764
   -7.5000   37.5000   -7.500012518.0801   18.4521
    0.0000   37.5000   -7.500013051.7109   18.4688
    7.5000   37.5000   -7.500012581.7188   18.4749
   -7.5000   45.0000   -7.500011323.1455   18.0228
    0.0000   45.0000   -7.500011842.9336   18.0379
    7.5000   45.0000   -7.500011367.3887   18.0384
   -7.5000  -45.0000    0.000012236.8184   18.7402
    0.0000  -45.0000    0.000012771.0693   18.7513
    7.5000  -45.0000    0.000012211.7822   18.7351
   -7.5000  -37.5000    0.000012956.9463   18.7468
    0.0000  -37.5000    0.000013531.3926   18.7561
    7.5000  -37.5000    0.000012919.1123   18.7315
   -7.5000  -30.0000    0.000014119.5498   18.7462
    0.0000  -30.0000    0.000014804.0635   18.7582
    7.5000  -30.0000    0.000014131.7783   18.7321
   -7.5000  -22.5000    0.000015316.6904   18.7373
    0.0000  -22.5000    0.000016146.8486   18.7553
    7.5000  -22.5000    0.000015362.6396   18.7363
   -7.5000  -15.0000    0.000016352.3848   18.7277
    0.0000  -15.0000    0.000017381.4473   18.7486
    7.5000  -15.0000    0.000016445.2969   18.7384
   -7.5000   -7.5000    0.000017122.6836   18.7266
    0.0000   -7.5000    0.000018175.8672   18.7432
    7.5000   -7.5000    0.000017281.5742   18.7345
   -7.5000    0.0000    0.000017776.5020   18.7368
    0.0000    0.0000    0.000018796.0918   18.7479
    7.5000    0.0000    0.000017991.8906   18.7317
   -7.5000    7.5000    0.000017013.9824   18.7468
    0.0000    7.5000    0.000017977.6074   18.7561
    7.5000    7.5000    0.000017221.7129   18.7315
   -7.5000   15.0000    0.000016115.3232   18.7462
    0.0000   15.0000    0.000016995.7578   18.7582
    7.5000   15.0000    0.000016272.1133   18.7321
   -7.5000   22.5000    0.000015200.1943   18.7287
    0.0000   22.5000    0.000015965.5596   18.7466
    7.5000   22.5000    0.000015244.9189   18.7277
   -7.5000   30.0000    0.000014030.9590   18.4854
    0.0000   30.0000    0.000014691.5449   18.5060
    7.5000   30.0000    0.000014043.8389   18.4959
   -7.5000   37.5000    0.000013274.0254   18.4843
    0.0000   37.5000    0.000013914.9609   18.5007
    7.5000   37.5000    0.000013294.1240   18.4920
   -7.5000   45.0000    0.000011992.0254   18.0604
    0.0000   45.0000    0.000012566.4141   18.0710
    7.5000   45.0000    0.000011998.8145   18.0554
   -7.5000  -45.0000    7.500011864.0684   18.7276
    0.0000  -45.0000    7.500012433.1982   18.7350
    7.5000  -45.0000    7.500011884.9678   18.7049
   -7.5000  -37.5000    7.500012508.6504   18.7333
    0.0000  -37.5000    7.500013126.9141   18.7379
    7.5000  -37.5000    7.500012542.0986   18.7044
   -7.5000  -30.0000    7.500013618.6123   18.7369
    0.0000  -30.0000    7.500014345.2168   18.7431
    7.5000  -30.0000    7.500013706.1680   18.7118
   -7.5000  -22.5000    7.500014895.9951   18.7341
    0.0000  -22.5000    7.500015889.5605   18.7459
    7.5000  -22.5000    7.500014976.3145   18.7203
   -7.5000  -15.0000    7.500016019.2002   18.7260
    0.0000  -15.0000    7.500017330.9590   18.7416
    7.5000  -15.0000    7.500016126.6328   18.7201
   -7.5000   -7.5000    7.500016858.0234   18.7198
    0.0000   -7.5000    7.500018117.0312   18.7324
    7.5000   -7.5000    7.500017024.9121   18.7087
   -7.5000    0.0000    7.500017503.6465   18.7242
    0.0000    0.0000    7.500018618.5371   18.7316
    7.5000    0.0000    7.500017667.0117   18.7015
   -7.5000    7.5000    7.500016755.9023   18.7333
    0.0000    7.5000    7.500017793.4961   18.7379
    7.5000    7.5000    7.500016903.4434   18.7044
   -7.5000   15.0000    7.500015809.2168   18.7369
    0.0000   15.0000    7.500016776.6582   18.7431
    7.5000   15.0000    7.500015926.5186   18.7118
   -7.5000   22.5000    7.500014838.8086   18.7254
    0.0000   22.5000    7.500015672.8154   18.7373
    7.5000   22.5000    7.500014854.6592   18.7117
   -7.5000   30.0000    7.500013653.4189   18.4836
    0.0000   30.0000    7.500014357.6309   18.4990
    7.5000   30.0000    7.500013611.1133   18.4779
   -7.5000   37.5000    7.500012900.6201   18.4775
    0.0000   37.5000    7.500013592.3311   18.4900
    7.5000   37.5000    7.500012875.6064   18.4666
   -7.5000   45.0000    7.500011644.0283   18.0482
    0.0000   45.0000    7.500012227.9111   18.0554
    7.5000   45.0000    7.500011632.3799   18.0263
   -7.5000  -45.0000   15.000011363.7021   18.7284
    0.0000  -45.0000   15.000011892.7285   18.7370
    7.5000  -45.0000   15.000011411.2393   18.7108
   -7.5000  -37.5000   15.000011982.2559   18.7332
    0.0000  -37.5000   15.000012548.8213   18.7402
    7.5000  -37.5000   15.000012055.5957   18.7121
   -7.5000  -30.0000   15.000013062.4229   18.7454
    0.0000  -30.0000   15.000013707.3076   18.7509
    7.5000  -30.0000   15.000013160.0205   18.7241
   -7.5000  -22.5000   15.000014257.2939   18.7528
    0.0000  -22.5000   15.000015175.1650   18.7599
    7.5000  -22.5000   15.000014355.6104   18.7357
   -7.5000  -15.0000   15.000015321.0264   18.7470
    0.0000  -15.0000   15.000016482.9648   18.7562
    7.5000  -15.0000   15.000015394.0010   18.7342
   -7.5000   -7.5000   15.000016196.0068   18.7312
    0.0000   -7.5000   15.000017330.5371   18.7406
    7.5000   -7.5000   15.000016224.8779   18.7176
   -7.5000    0.0000   15.000016912.5176   18.7250
    0.0000    0.0000   15.000018071.7695   18.7336
    7.5000    0.0000   15.000016922.7422   18.7074
   -7.5000    7.5000   15.000016198.5039   18.7332
    0.0000    7.5000   15.000017351.2578   18.7402
    7.5000    7.5000   15.000016259.7920   18.7121
   -7.5000   15.0000   15.000015226.1318   18.7454
    0.0000   15.0000   15.000016280.2129   18.7509
    7.5000   15.0000   15.000015284.1953   18.7241
   -7.5000   22.5000   15.000014173.1045   18.7442
    0.0000   22.5000   15.000015043.7822   18.7513
    7.5000   22.5000   15.000014170.9678   18.7271
   -7.5000   30.0000   15.000013015.7324   18.5044
    0.0000   30.0000   15.000013735.1992   18.5135
    7.5000   30.0000   15.000013007.7891   18.4917
   -7.5000   37.5000   15.000012286.4775   18.4888
    0.0000   37.5000   15.000012963.8652   18.4981
    7.5000   37.5000   15.000012267.8682   18.4754
   -7.5000   45.0000   15.000011102.5361   18.0490
    0.0000   45.0000   15.000011679.0176   18.0573
    7.5000   45.0000   15.000011104.7402   18.0320
   -7.5000  -45.0000   22.500010758.9199   18.7701
    0.0000  -45.0000   22.500011228.6797   18.7833
    7.5000  -45.0000   22.500010822.5078   18.7745
   -7.5000  -37.5000   22.500011377.8496   18.7760
    0.0000  -37.5000   22.500011850.3066   18.7901
    7.5000  -37.5000   22.500011439.2910   18.7753
   -7.5000  -30.0000   22.500012424.5811   18.7909
    0.0000  -30.0000   22.500012961.5254   18.8022
    7.5000  -30.0000   22.500012479.6387   18.7837
   -7.5000  -22.5000   22.500013524.5752   18.8002
    0.0000  -22.5000   22.500014258.9062   18.8086
    7.5000  -22.5000   22.500013589.8906   18.7922
   -7.5000  -15.0000   22.500014489.3848   18.7938
    0.0000  -15.0000   22.500015313.4990   18.8013
    7.5000  -15.0000   22.500014482.5889   18.7907
   -7.5000   -7.5000   22.500015334.1318   18.7751
    0.0000   -7.5000   22.500016168.0146   18.7846
    7.5000   -7.5000   22.500015272.3838   18.7780
   -7.5000    0.0000   22.500016071.2148   18.7667
    0.0000    0.0000   22.500017000.1719   18.7798
    7.5000    0.0000   22.500016023.8408   18.7711
   -7.5000    7.5000   22.500015371.2012   18.7760
    0.0000    7.5000   22.500016361.0508   18.7901
    7.5000    7.5000   22.500015427.1602   18.7753
   -7.5000   15.0000   22.500014457.4551   18.7909
    0.0000   15.0000   22.500015367.0293   18.8022
    7.5000   15.0000   22.500014534.8242   18.7837
   -7.5000   22.5000   22.500013401.8340   18.7915
    0.0000   22.5000   22.500014177.8535   18.7999
    7.5000   22.5000   22.500013422.0732   18.7835
   -7.5000   30.0000   22.500012303.1055   18.5506
    0.0000   30.0000   22.500012971.3965   18.5579
    7.5000   30.0000   22.500012317.3994   18.5475
   -7.5000   37.5000   22.500011586.5410   18.5322
    0.0000   37.5000   22.500012210.5898   18.5415
    7.5000   37.5000   22.500011574.9648   18.5349
   -7.5000   45.0000   22.500010445.2188   18.0892
    0.0000   45.0000   22.500010986.0391   18.1019
    7.5000   45.0000   22.500010445.5635   18.0934
   -7.5000  -45.0000   30.000010065.3740   18.8892
    0.0000  -45.0000   30.000010491.6582   18.9060
    7.5000  -45.0000   30.000010112.8096   18.9110
   -7.5000  -37.5000   30.000010653.3701   18.8948
    0.0000  -37.5000   30.000011082.5713   18.9139
    7.5000  -37.5000   30.000010685.3701   18.9073
   -7.5000  -30.0000   30.000011643.3301   18.9045
    0.0000  -30.0000   30.000012141.5234   18.9221
    7.5000  -30.0000   30.000011696.7568   18.9078
   -7.5000  -22.5000   30.000012622.9189   18.9083
    0.0000  -22.5000   30.000013227.6055   18.9228
    7.5000  -22.5000   30.000012668.1484   18.9124
   -7.5000  -15.0000   30.000013455.6895   18.9017
    0.0000  -15.0000   30.000014078.7285   18.9141
    7.5000  -15.0000   30.000013441.3945   18.9148
   -7.5000   -7.5000   30.000014185.1475   18.8889
    0.0000   -7.5000   30.000014837.1387   18.9022
    7.5000   -7.5000   30.000014163.7129   18.9104
   -7.5000    0.0000   30.000014873.1504   18.8858
    0.0000    0.0000   30.000015605.2480   18.9025
    7.5000    0.0000   30.000014864.6426   18.9075
   -7.5000    7.5000   30.000014261.1240   18.8948
    0.0000    7.5000   30.000015014.9941   18.9139
    7.5000    7.5000   30.000014303.2061   18.9073
   -7.5000   15.0000   30.000013482.0498   18.9045
    0.0000   15.0000   30.000014191.4170   18.9221
    7.5000   15.0000   30.000013537.1826   18.9078
   -7.5000   22.5000   30.000012505.7920   18.8996
    0.0000   22.5000   30.000013157.4541   18.9140
    7.5000   22.5000   30.000012532.6182   18.9037
   -7.5000   30.0000   30.000011478.6719   18.6571
    0.0000   30.0000   30.000012059.6113   18.6693
    7.5000   30.0000   30.000011477.3799   18.6700
   -7.5000   37.5000   30.000010778.0654   18.6445
    0.0000   37.5000   30.000011343.6406   18.6576
    7.5000   37.5000   30.000010783.1084   18.6657
   -7.5000   45.0000   30.0000 9679.6777   18.2040
    0.0000   45.0000   30.000010159.5605   18.2201
    7.5000   45.0000   30.0000 9694.8398   18.2249
   -7.5000  -45.0000   37.5000 9740.7520   19.1541
    0.0000  -45.0000   37.500010157.4014   19.1714
    7.5000  -45.0000   37.5000 9769.4834   19.1735
   -7.5000  -37.5000   37.500010286.7236   19.1602
    0.0000  -37.5000   37.500010727.5850   19.1781
    7.5000  -37.5000   37.500010321.3545   19.1674
   -7.5000  -30.0000   37.500011228.2168   19.1632
    0.0000  -30.0000   37.500011711.9043   19.1820
    7.5000  -30.0000   37.500011281.0820   19.1647
   -7.5000  -22.5000   37.500012135.7441   19.1591
    0.0000  -22.5000   37.500012674.0244   19.1793
    7.5000  -22.5000   37.500012170.1523   19.1683
   -7.5000  -15.0000   37.500012901.0908   19.1507
    0.0000  -15.0000   37.500013444.2041   19.1713
    7.5000  -15.0000   37.500012899.1689   19.1729
   -7.5000   -7.5000   37.500013557.7773   19.1452
    0.0000   -7.5000   37.500014129.7324   19.1638
    7.5000   -7.5000   37.500013553.6514   19.1718
   -7.5000    0.0000   37.500014238.4297   19.1506
    0.0000    0.0000   37.500014831.2744   19.1678
    7.5000    0.0000   37.500014211.0898   19.1699
   -7.5000    7.5000   37.500013703.4678   19.1602
    0.0000    7.5000   37.500014320.7764   19.1781
    7.5000    7.5000   37.500013690.9609   19.1674
   -7.5000   15.0000   37.500012961.4229   19.1632
    0.0000   15.0000   37.500013581.7490   19.1820
    7.5000   15.0000   37.500012974.3330   19.1647
   -7.5000   22.5000   37.500012044.0137   19.1503
    0.0000   22.5000   37.500012611.8682   19.1705
    7.5000   22.5000   37.500012048.9219   19.1595
   -7.5000   30.0000   37.500011017.2256   18.9029
    0.0000   30.0000   37.500011560.2090   18.9232
    7.5000   30.0000   37.500011023.9307   18.9248
   -7.5000   37.5000   37.500010333.0586   18.8975
    0.0000   37.5000   37.500010866.0186   18.9158
    7.5000   37.5000   37.500010367.7979   18.9237
   -7.5000   45.0000   37.5000 9275.7275   18.4591
    0.0000   45.0000   37.5000 9735.4980   18.4758
    7.5000   45.0000   37.5000 9302.8545   18.4778
   -7.5000  -45.0000   45.0000 8952.1748   19.4453
    0.0000  -45.0000   45.0000 9362.5059   19.4567
    7.5000  -45.0000   45.0000 8991.2305   19.4409
   -7.5000  -37.5000   45.0000 9479.7627   19.4536
    0.0000  -37.5000   45.0000 9883.4404   19.4632
    7.5000  -37.5000   45.0000 9514.7100   19.4380
   -7.5000  -30.0000   45.000010346.2969   19.4535
    0.0000  -30.0000   45.000010780.8037   19.4663
    7.5000  -30.0000   45.000010376.9287   19.4397
   -7.5000  -22.5000   45.000011162.5225   19.4432
    0.0000  -22.5000   45.000011623.9814   19.4629
    7.5000  -22.5000   45.000011175.1904   19.4446
   -7.5000  -15.0000   45.000011845.3057   19.4316
    0.0000  -15.0000   45.000012313.9980   19.4545
    7.5000  -15.0000   45.000011846.7783   19.4459
   -7.5000   -7.5000   45.000012429.5215   19.4298
    0.0000   -7.5000   45.000012923.2051   19.4477
    7.5000   -7.5000   45.000012424.4980   19.4404
   -7.5000    0.0000   45.000013039.2285   19.4416
    0.0000    0.0000   45.000013549.4951   19.4530
    7.5000    0.0000   45.000013008.1104   19.4372
   -7.5000    7.5000   45.000012585.5781   19.4536
    0.0000    7.5000   45.000013098.4062   19.4632
    7.5000    7.5000   45.000012548.4580   19.4380
   -7.5000   15.0000   45.000011912.0771   19.4535
    0.0000   15.0000   45.000012437.7305   19.4663
    7.5000   15.0000   45.000011913.6826   19.4397
   -7.5000   22.5000   45.000011047.1279   19.4342
    0.0000   22.5000   45.000011551.9229   19.4539
    7.5000   22.5000   45.000011055.3623   19.4355
   -7.5000   30.0000   45.000010104.3994   19.1785
    0.0000   30.0000   45.000010585.2695   19.2010
    7.5000   30.0000   45.000010104.1445   19.1926
   -7.5000   37.5000   45.0000 9489.6475   19.1767
    0.0000   37.5000   45.0000 9960.6875   19.1943
    7.5000   37.5000   45.0000 9496.8525   19.1871
   -7.5000   45.0000   45.0000 8512.7783   18.7480
    0.0000   45.0000   45.0000 8932.7188   18.7590
    7.5000   45.0000   45.0000 8515.0908   18.7438

---------------------------------------------------------------------
imgreg_4dfp /opt/freesurfer/average/711-2C_as_mni_average_305 /opt/freesurfer/average/711-2B_as_mni_average_305_mask talsrcimg_g11 none talsrcimg_to_711-2C_as_mni_average_305_t4 4355
---------------------------------------------------------------------

freesurfer imgreg_4dfp.c
/opt/freesurfer/average/711-2C_as_mni_average_305.4dfp.img
       256       256       256         1
  1.000000  1.000000  1.000000
orientation T byte_order littleendian
Reading image: /opt/freesurfer/average/711-2C_as_mni_average_305.4dfp.img
dimensions:      256       256       256
mmppix:       1.0000   -1.0000   -1.0000
center:     128.0000 -129.0000 -129.0000
/opt/freesurfer/average/711-2B_as_mni_average_305_mask.4dfp.img
       256       256       256         1
  1.000000  1.000000  1.000000
orientation T byte_order littleendian
Reading mask: /opt/freesurfer/average/711-2B_as_mni_average_305_mask.4dfp.img (2306576 pixels)
talsrcimg_g11.4dfp.img
       256       256       256         1
  1.000000  1.000000  1.000000
orientation T byte_order littleendian
Reading image: talsrcimg_g11.4dfp.img
dimensions:      256       256       256
mmppix:       1.0000   -1.0000   -1.0000
center:     128.0000 -129.0000 -129.0000
rotation matrix determinant  1.000000
image alignment mode   4355 decimal     1103 hex
   -7.5000  -45.0000  -45.0000 2207.2229   19.5637
    0.0000  -45.0000  -45.0000 2212.6890   19.6132
    7.5000  -45.0000  -45.0000 2200.4167   19.7278
   -7.5000  -37.5000  -45.0000 2299.8567   18.1791
    0.0000  -37.5000  -45.0000 2303.9458   18.1853
    7.5000  -37.5000  -45.0000 2290.3694   18.2990
   -7.5000  -30.0000  -45.0000 2348.9131   17.2610
    0.0000  -30.0000  -45.0000 2354.6741   17.2148
    7.5000  -30.0000  -45.0000 2339.4460   17.3740
   -7.5000  -22.5000  -45.0000 2379.4658   16.6584
    0.0000  -22.5000  -45.0000 2390.2319   16.6317
    7.5000  -22.5000  -45.0000 2373.4504   16.8056
   -7.5000  -15.0000  -45.0000 2390.0676   16.3844
    0.0000  -15.0000  -45.0000 2404.2515   16.3550
    7.5000  -15.0000  -45.0000 2383.5801   16.5290
   -7.5000   -7.5000  -45.0000 2390.0496   16.3612
    0.0000   -7.5000  -45.0000 2403.6555   16.3199
    7.5000   -7.5000  -45.0000 2388.1619   16.4778
   -7.5000    0.0000  -45.0000 2379.9680   16.6322
    0.0000    0.0000  -45.0000 2396.8501   16.5662
    7.5000    0.0000  -45.0000 2378.7000   16.7234
   -7.5000    7.5000  -45.0000 2349.7627   17.2211
    0.0000    7.5000  -45.0000 2364.1292   17.1438
    7.5000    7.5000  -45.0000 2349.7461   17.2763
   -7.5000   15.0000  -45.0000 2302.4268   18.0845
    0.0000   15.0000  -45.0000 2318.1082   18.0101
    7.5000   15.0000  -45.0000 2298.7952   18.1134
   -7.5000   22.5000  -45.0000 2236.8899   19.2480
    0.0000   22.5000  -45.0000 2251.4055   19.2050
    7.5000   22.5000  -45.0000 2232.7097   19.3171
   -7.5000   30.0000  -45.0000 2151.5959   20.9076
    0.0000   30.0000  -45.0000 2162.5171   20.8171
    7.5000   30.0000  -45.0000 2146.9602   20.9732
   -7.5000   37.5000  -45.0000 2050.2473   23.2055
    0.0000   37.5000  -45.0000 2060.7227   23.1091
    7.5000   37.5000  -45.0000 2045.0209   23.3436
   -7.5000   45.0000  -45.0000 1931.8115   26.3781
    0.0000   45.0000  -45.0000 1940.5822   26.2092
    7.5000   45.0000  -45.0000 1929.3942   26.4759
   -7.5000  -45.0000  -37.5000 2293.6248   18.2462
    0.0000  -45.0000  -37.5000 2298.4634   18.2619
    7.5000  -45.0000  -37.5000 2287.4507   18.3676
   -7.5000  -37.5000  -37.5000 2390.3567   16.8721
    0.0000  -37.5000  -37.5000 2391.2356   16.8762
    7.5000  -37.5000  -37.5000 2381.8904   16.9702
   -7.5000  -30.0000  -37.5000 2445.1074   15.9757
    0.0000  -30.0000  -37.5000 2453.5833   15.9375
    7.5000  -30.0000  -37.5000 2436.2319   16.0586
   -7.5000  -22.5000  -37.5000 2479.5872   15.4531
    0.0000  -22.5000  -37.5000 2490.3665   15.3971
    7.5000  -22.5000  -37.5000 2471.8184   15.5591
   -7.5000  -15.0000  -37.5000 2492.2812   15.1586
    0.0000  -15.0000  -37.5000 2505.3669   15.1142
    7.5000  -15.0000  -37.5000 2486.1257   15.2961
   -7.5000   -7.5000  -37.5000 2492.8091   15.0724
    0.0000   -7.5000  -37.5000 2507.6719   15.0240
    7.5000   -7.5000  -37.5000 2490.5994   15.2070
   -7.5000    0.0000  -37.5000 2483.3064   15.3062
    0.0000    0.0000  -37.5000 2497.9316   15.2166
    7.5000    0.0000  -37.5000 2478.2495   15.3918
   -7.5000    7.5000  -37.5000 2454.9160   15.8586
    0.0000    7.5000  -37.5000 2471.2126   15.7556
    7.5000    7.5000  -37.5000 2450.5459   15.9244
   -7.5000   15.0000  -37.5000 2406.7876   16.6780
    0.0000   15.0000  -37.5000 2423.9421   16.5926
    7.5000   15.0000  -37.5000 2397.5999   16.7331
   -7.5000   22.5000  -37.5000 2333.7910   17.7871
    0.0000   22.5000  -37.5000 2346.9275   17.7162
    7.5000   22.5000  -37.5000 2325.2107   17.8120
   -7.5000   30.0000  -37.5000 2243.9202   19.2666
    0.0000   30.0000  -37.5000 2253.5891   19.2284
    7.5000   30.0000  -37.5000 2235.0203   19.3437
   -7.5000   37.5000  -37.5000 2140.6194   21.3503
    0.0000   37.5000  -37.5000 2150.2825   21.2892
    7.5000   37.5000  -37.5000 2129.7695   21.4130
   -7.5000   45.0000  -37.5000 2009.8608   24.1918
    0.0000   45.0000  -37.5000 2021.3218   24.0815
    7.5000   45.0000  -37.5000 2004.2687   24.2260
   -7.5000  -45.0000  -30.0000 2416.1667   17.6806
    0.0000  -45.0000  -30.0000 2421.0374   17.6742
    7.5000  -45.0000  -30.0000 2405.5835   17.7901
   -7.5000  -37.5000  -30.0000 2517.2388   16.3091
    0.0000  -37.5000  -30.0000 2520.9390   16.2698
    7.5000  -37.5000  -30.0000 2500.3411   16.3922
   -7.5000  -30.0000  -30.0000 2584.1833   15.3890
    0.0000  -30.0000  -30.0000 2590.8904   15.3158
    7.5000  -30.0000  -30.0000 2566.8267   15.4513
   -7.5000  -22.5000  -30.0000 2624.2322   14.8674
    0.0000  -22.5000  -30.0000 2636.2307   14.7695
    7.5000  -22.5000  -30.0000 2613.8098   14.9408
   -7.5000  -15.0000  -30.0000 2648.8501   14.5391
    0.0000  -15.0000  -30.0000 2659.8208   14.4490
    7.5000  -15.0000  -30.0000 2637.2471   14.6491
   -7.5000   -7.5000  -30.0000 2652.2595   14.4721
    0.0000   -7.5000  -30.0000 2663.8735   14.3736
    7.5000   -7.5000  -30.0000 2643.1555   14.5980
   -7.5000    0.0000  -30.0000 2637.7747   14.6833
    0.0000    0.0000  -30.0000 2646.7769   14.5569
    7.5000    0.0000  -30.0000 2627.9248   14.8122
   -7.5000    7.5000  -30.0000 2607.9963   15.1955
    0.0000    7.5000  -30.0000 2617.5149   15.0504
    7.5000    7.5000  -30.0000 2597.7981   15.2664
   -7.5000   15.0000  -30.0000 2551.2451   15.9814
    0.0000   15.0000  -30.0000 2564.9473   15.8723
    7.5000   15.0000  -30.0000 2540.4004   16.0343
   -7.5000   22.5000  -30.0000 2475.9026   17.0338
    0.0000   22.5000  -30.0000 2488.0867   16.9444
    7.5000   22.5000  -30.0000 2461.7971   17.0850
   -7.5000   30.0000  -30.0000 2375.0220   18.4157
    0.0000   30.0000  -30.0000 2386.3381   18.3400
    7.5000   30.0000  -30.0000 2364.8533   18.5101
   -7.5000   37.5000  -30.0000 2258.7139   20.3849
    0.0000   37.5000  -30.0000 2276.1965   20.3051
    7.5000   37.5000  -30.0000 2253.5232   20.4843
   -7.5000   45.0000  -30.0000 2122.2751   23.0419
    0.0000   45.0000  -30.0000 2138.6340   22.9611
    7.5000   45.0000  -30.0000 2115.1018   23.1111
   -7.5000  -45.0000  -22.5000 2502.3489   17.0565
    0.0000  -45.0000  -22.5000 2505.9146   17.0171
    7.5000  -45.0000  -22.5000 2483.0178   17.2006
   -7.5000  -37.5000  -22.5000 2602.8560   15.6622
    0.0000  -37.5000  -22.5000 2610.3062   15.6007
    7.5000  -37.5000  -22.5000 2584.8186   15.7623
   -7.5000  -30.0000  -22.5000 2687.3225   14.7412
    0.0000  -30.0000  -22.5000 2693.4248   14.6383
    7.5000  -30.0000  -22.5000 2666.6704   14.7823
   -7.5000  -22.5000  -22.5000 2735.8945   14.2004
    0.0000  -22.5000  -22.5000 2744.8562   14.0622
    7.5000  -22.5000  -22.5000 2720.0144   14.2259
   -7.5000  -15.0000  -22.5000 2772.4351   13.8364
    0.0000  -15.0000  -22.5000 2780.4321   13.7227
    7.5000  -15.0000  -22.5000 2755.7712   13.9160
   -7.5000   -7.5000  -22.5000 2776.8074   13.7586
    0.0000   -7.5000  -22.5000 2789.5352   13.6533
    7.5000   -7.5000  -22.5000 2766.2087   13.8755
   -7.5000    0.0000  -22.5000 2761.5857   13.9860
    0.0000    0.0000  -22.5000 2771.9297   13.8719
    7.5000    0.0000  -22.5000 2751.4229   14.1088
   -7.5000    7.5000  -22.5000 2730.4016   14.4739
    0.0000    7.5000  -22.5000 2744.2712   14.3494
    7.5000    7.5000  -22.5000 2718.3682   14.5731
   -7.5000   15.0000  -22.5000 2669.2478   15.2128
    0.0000   15.0000  -22.5000 2685.3250   15.0769
    7.5000   15.0000  -22.5000 2661.5833   15.2756
   -7.5000   22.5000  -22.5000 2586.4604   16.1920
    0.0000   22.5000  -22.5000 2600.3123   16.0531
    7.5000   22.5000  -22.5000 2577.3945   16.2577
   -7.5000   30.0000  -22.5000 2473.1196   17.5077
    0.0000   30.0000  -22.5000 2490.1692   17.3954
    7.5000   30.0000  -22.5000 2468.9734   17.6358
   -7.5000   37.5000  -22.5000 2350.8616   19.4099
    0.0000   37.5000  -22.5000 2369.3669   19.2721
    7.5000   37.5000  -22.5000 2348.3145   19.5216
   -7.5000   45.0000  -22.5000 2202.8965   21.9236
    0.0000   45.0000  -22.5000 2225.8838   21.8517
    7.5000   45.0000  -22.5000 2202.3506   22.0501
   -7.5000  -45.0000  -15.0000 2541.1423   16.4472
    0.0000  -45.0000  -15.0000 2549.8682   16.4086
    7.5000  -45.0000  -15.0000 2528.5010   16.5956
   -7.5000  -37.5000  -15.0000 2650.2974   15.0660
    0.0000  -37.5000  -15.0000 2658.7747   14.9970
    7.5000  -37.5000  -15.0000 2641.3909   15.1722
   -7.5000  -30.0000  -15.0000 2744.0159   14.1148
    0.0000  -30.0000  -15.0000 2754.5374   14.0305
    7.5000  -30.0000  -15.0000 2734.6248   14.2042
   -7.5000  -22.5000  -15.0000 2806.9067   13.5108
    0.0000  -22.5000  -15.0000 2820.3083   13.4039
    7.5000  -22.5000  -15.0000 2797.0811   13.5805
   -7.5000  -15.0000  -15.0000 2851.4580   13.1556
    0.0000  -15.0000  -15.0000 2864.7544   13.0364
    7.5000  -15.0000  -15.0000 2837.9983   13.2196
   -7.5000   -7.5000  -15.0000 2864.8708   13.0427
    0.0000   -7.5000  -15.0000 2879.2000   12.9287
    7.5000   -7.5000  -15.0000 2851.8054   13.1431
   -7.5000    0.0000  -15.0000 2853.4160   13.2895
    0.0000    0.0000  -15.0000 2872.6160   13.1822
    7.5000    0.0000  -15.0000 2847.0012   13.4153
   -7.5000    7.5000  -15.0000 2815.5381   13.7846
    0.0000    7.5000  -15.0000 2838.2654   13.6444
    7.5000    7.5000  -15.0000 2814.3840   13.8770
   -7.5000   15.0000  -15.0000 2753.3467   14.4915
    0.0000   15.0000  -15.0000 2771.6729   14.3109
    7.5000   15.0000  -15.0000 2751.2053   14.5344
   -7.5000   22.5000  -15.0000 2664.4509   15.4186
    0.0000   22.5000  -15.0000 2676.2512   15.2390
    7.5000   22.5000  -15.0000 2662.0181   15.4941
   -7.5000   30.0000  -15.0000 2543.7039   16.7388
    0.0000   30.0000  -15.0000 2561.9338   16.5740
    7.5000   30.0000  -15.0000 2546.0015   16.8469
   -7.5000   37.5000  -15.0000 2414.6638   18.5882
    0.0000   37.5000  -15.0000 2433.1003   18.4027
    7.5000   37.5000  -15.0000 2418.2173   18.6970
   -7.5000   45.0000  -15.0000 2258.5410   21.0086
    0.0000   45.0000  -15.0000 2279.7712   20.8432
    7.5000   45.0000  -15.0000 2261.9490   21.1450
   -7.5000  -45.0000   -7.5000 2556.8296   15.8925
    0.0000  -45.0000   -7.5000 2563.6404   15.8349
    7.5000  -45.0000   -7.5000 2546.1882   16.0015
   -7.5000  -37.5000   -7.5000 2677.0610   14.5295
    0.0000  -37.5000   -7.5000 2687.3203   14.4618
    7.5000  -37.5000   -7.5000 2667.0894   14.6081
   -7.5000  -30.0000   -7.5000 2775.3223   13.5489
    0.0000  -30.0000   -7.5000 2789.6572   13.4883
    7.5000  -30.0000   -7.5000 2770.3137   13.6343
   -7.5000  -22.5000   -7.5000 2852.4814   12.9080
    0.0000  -22.5000   -7.5000 2870.8423   12.8302
    7.5000  -22.5000   -7.5000 2845.8772   13.0032
   -7.5000  -15.0000   -7.5000 2904.2520   12.5439
    0.0000  -15.0000   -7.5000 2928.0308   12.4621
    7.5000  -15.0000   -7.5000 2897.9487   12.6459
   -7.5000   -7.5000   -7.5000 2924.4883   12.3937
    0.0000   -7.5000   -7.5000 2951.6829   12.2938
    7.5000   -7.5000   -7.5000 2919.4324   12.5311
   -7.5000    0.0000   -7.5000 2916.5137   12.6378
    0.0000    0.0000   -7.5000 2942.4631   12.5078
    7.5000    0.0000   -7.5000 2918.2625   12.7575
   -7.5000    7.5000   -7.5000 2877.0188   13.1536
    0.0000    7.5000   -7.5000 2899.5669   13.0021
    7.5000    7.5000   -7.5000 2883.0378   13.2339
   -7.5000   15.0000   -7.5000 2807.6992   13.8528
    0.0000   15.0000   -7.5000 2828.9553   13.6554
    7.5000   15.0000   -7.5000 2813.3362   13.9001
   -7.5000   22.5000   -7.5000 2711.3423   14.8006
    0.0000   22.5000   -7.5000 2728.6309   14.6033
    7.5000   22.5000   -7.5000 2714.6731   14.8786
   -7.5000   30.0000   -7.5000 2592.2505   16.1173
    0.0000   30.0000   -7.5000 2610.5447   15.9222
    7.5000   30.0000   -7.5000 2593.8831   16.2416
   -7.5000   37.5000   -7.5000 2456.0308   17.9040
    0.0000   37.5000   -7.5000 2477.5642   17.7201
    7.5000   37.5000   -7.5000 2458.2185   18.0427
   -7.5000   45.0000   -7.5000 2298.1089   20.2586
    0.0000   45.0000   -7.5000 2321.9077   20.0739
    7.5000   45.0000   -7.5000 2299.7700   20.3726
   -7.5000  -45.0000    0.0000 2552.6621   15.5487
    0.0000  -45.0000    0.0000 2566.5439   15.4620
    7.5000  -45.0000    0.0000 2549.6064   15.6606
   -7.5000  -37.5000    0.0000 2681.1838   14.1947
    0.0000  -37.5000    0.0000 2690.4255   14.1122
    7.5000  -37.5000    0.0000 2675.5903   14.2575
   -7.5000  -30.0000    0.0000 2790.0042   13.2159
    0.0000  -30.0000    0.0000 2806.3286   13.1494
    7.5000  -30.0000    0.0000 2790.4021   13.2696
   -7.5000  -22.5000    0.0000 2881.9248   12.5697
    0.0000  -22.5000    0.0000 2907.9653   12.5340
    7.5000  -22.5000    0.0000 2886.9375   12.6251
   -7.5000  -15.0000    0.0000 2946.2068   12.1927
    0.0000  -15.0000    0.0000 2979.5940   12.1632
    7.5000  -15.0000    0.0000 2948.4253   12.2939
   -7.5000   -7.5000    0.0000 2970.4717   12.0032
    0.0000   -7.5000    0.0000 3004.7744   11.9180
    7.5000   -7.5000    0.0000 2975.8250   12.1591
   -7.5000    0.0000    0.0000 2956.3105   12.2025
    0.0000    0.0000    0.0000 2984.9082   12.0508
    7.5000    0.0000    0.0000 2964.6829   12.3397
   -7.5000    7.5000    0.0000 2911.2114   12.7241
    0.0000    7.5000    0.0000 2936.4668   12.5460
    7.5000    7.5000    0.0000 2919.8369   12.7991
   -7.5000   15.0000    0.0000 2837.9673   13.4619
    0.0000   15.0000    0.0000 2860.8850   13.2619
    7.5000   15.0000    0.0000 2844.4211   13.5066
   -7.5000   22.5000    0.0000 2736.6309   14.4418
    0.0000   22.5000    0.0000 2755.0208   14.2352
    7.5000   22.5000    0.0000 2738.9919   14.4678
   -7.5000   30.0000    0.0000 2616.5850   15.7716
    0.0000   30.0000    0.0000 2633.2075   15.5469
    7.5000   30.0000    0.0000 2617.7349   15.8405
   -7.5000   37.5000    0.0000 2482.5669   17.5253
    0.0000   37.5000    0.0000 2499.9180   17.2958
    7.5000   37.5000    0.0000 2484.0571   17.5981
   -7.5000   45.0000    0.0000 2324.1826   19.8250
    0.0000   45.0000    0.0000 2342.9690   19.5688
    7.5000   45.0000    0.0000 2324.3560   19.8716
   -7.5000  -45.0000    7.5000 2545.3755   15.4393
    0.0000  -45.0000    7.5000 2558.3977   15.3611
    7.5000  -45.0000    7.5000 2544.8823   15.5276
   -7.5000  -37.5000    7.5000 2671.9802   14.0402
    0.0000  -37.5000    7.5000 2687.8169   13.9810
    7.5000  -37.5000    7.5000 2673.6951   14.1090
   -7.5000  -30.0000    7.5000 2784.1411   13.0279
    0.0000  -30.0000    7.5000 2805.8088   12.9804
    7.5000  -30.0000    7.5000 2792.6035   13.1075
   -7.5000  -22.5000    7.5000 2888.3450   12.4189
    0.0000  -22.5000    7.5000 2923.4326   12.3972
    7.5000  -22.5000    7.5000 2899.2830   12.4714
   -7.5000  -15.0000    7.5000 2962.5769   12.0797
    0.0000  -15.0000    7.5000 3007.0354   12.1006
    7.5000  -15.0000    7.5000 2973.1016   12.1240
   -7.5000   -7.5000    7.5000 2992.6484   11.8654
    0.0000   -7.5000    7.5000 3037.3621   11.9082
    7.5000   -7.5000    7.5000 3004.4856   11.9651
   -7.5000    0.0000    7.5000 2973.0073   12.0501
    0.0000    0.0000    7.5000 3005.8149   11.9762
    7.5000    0.0000    7.5000 2981.4541   12.1671
   -7.5000    7.5000    7.5000 2921.4094   12.5155
    0.0000    7.5000    7.5000 2957.4902   12.3623
    7.5000    7.5000    7.5000 2932.4045   12.5915
   -7.5000   15.0000    7.5000 2843.6450   13.2482
    0.0000   15.0000    7.5000 2870.1204   13.0829
    7.5000   15.0000    7.5000 2850.5029   13.2996
   -7.5000   22.5000    7.5000 2742.9631   14.2592
    0.0000   22.5000    7.5000 2763.6333   14.0709
    7.5000   22.5000    7.5000 2746.9172   14.3032
   -7.5000   30.0000    7.5000 2622.6860   15.5878
    0.0000   30.0000    7.5000 2639.2654   15.4035
    7.5000   30.0000    7.5000 2624.3994   15.6407
   -7.5000   37.5000    7.5000 2485.2881   17.3428
    0.0000   37.5000    7.5000 2505.6406   17.1564
    7.5000   37.5000    7.5000 2488.5781   17.3900
   -7.5000   45.0000    7.5000 2327.5645   19.5964
    0.0000   45.0000    7.5000 2345.4744   19.4111
    7.5000   45.0000    7.5000 2329.1633   19.6100
   -7.5000  -45.0000   15.0000 2523.3516   15.5616
    0.0000  -45.0000   15.0000 2539.0020   15.3770
    7.5000  -45.0000   15.0000 2530.2834   15.5939
   -7.5000  -37.5000   15.0000 2649.8662   14.1552
    0.0000  -37.5000   15.0000 2666.2170   14.0029
    7.5000  -37.5000   15.0000 2660.3860   14.2003
   -7.5000  -30.0000   15.0000 2762.8325   13.1374
    0.0000  -30.0000   15.0000 2781.1438   13.0321
    7.5000  -30.0000   15.0000 2775.1494   13.1969
   -7.5000  -22.5000   15.0000 2868.2637   12.5463
    0.0000  -22.5000   15.0000 2896.3635   12.4811
    7.5000  -22.5000   15.0000 2882.3225   12.5842
   -7.5000  -15.0000   15.0000 2943.2009   12.1811
    0.0000  -15.0000   15.0000 2988.8586   12.2185
    7.5000  -15.0000   15.0000 2957.9021   12.2043
   -7.5000   -7.5000   15.0000 2980.3015   11.9613
    0.0000   -7.5000   15.0000 3035.6160   11.9783
    7.5000   -7.5000   15.0000 2990.5938   12.0106
   -7.5000    0.0000   15.0000 2957.1157   12.1522
    0.0000    0.0000   15.0000 3005.3667   12.0705
    7.5000    0.0000   15.0000 2966.6948   12.1778
   -7.5000    7.5000   15.0000 2904.4451   12.5957
    0.0000    7.5000   15.0000 2947.6262   12.5236
    7.5000    7.5000   15.0000 2923.3018   12.6367
   -7.5000   15.0000   15.0000 2822.3669   13.3160
    0.0000   15.0000   15.0000 2851.4197   13.2526
    7.5000   15.0000   15.0000 2834.4399   13.3913
   -7.5000   22.5000   15.0000 2725.2847   14.3302
    0.0000   22.5000   15.0000 2739.8281   14.2025
    7.5000   22.5000   15.0000 2727.2046   14.3849
   -7.5000   30.0000   15.0000 2604.4131   15.6418
    0.0000   30.0000   15.0000 2617.4382   15.4810
    7.5000   30.0000   15.0000 2609.0940   15.7195
   -7.5000   37.5000   15.0000 2467.5234   17.3776
    0.0000   37.5000   15.0000 2492.9207   17.1793
    7.5000   37.5000   15.0000 2477.7983   17.4434
   -7.5000   45.0000   15.0000 2310.3711   19.6181
    0.0000   45.0000   15.0000 2329.9902   19.4056
    7.5000   45.0000   15.0000 2319.0920   19.6645
   -7.5000  -45.0000   22.5000 2497.7209   15.9636
    0.0000  -45.0000   22.5000 2506.8684   15.6374
    7.5000  -45.0000   22.5000 2506.7590   15.9347
   -7.5000  -37.5000   22.5000 2621.3540   14.5559
    0.0000  -37.5000   22.5000 2629.7373   14.2984
    7.5000  -37.5000   22.5000 2633.0537   14.5272
   -7.5000  -30.0000   22.5000 2729.3262   13.5875
    0.0000  -30.0000   22.5000 2740.2185   13.3677
    7.5000  -30.0000   22.5000 2740.0718   13.5522
   -7.5000  -22.5000   22.5000 2831.0693   12.9619
    0.0000  -22.5000   22.5000 2849.0684   12.8341
    7.5000  -22.5000   22.5000 2842.7842   12.9412
   -7.5000  -15.0000   22.5000 2902.1978   12.5194
    0.0000  -15.0000   22.5000 2933.9653   12.4877
    7.5000  -15.0000   22.5000 2910.7744   12.5235
   -7.5000   -7.5000   22.5000 2950.4673   12.2764
    0.0000   -7.5000   22.5000 2990.0400   12.1816
    7.5000   -7.5000   22.5000 2955.0061   12.2628
   -7.5000    0.0000   22.5000 2933.0239   12.4849
    0.0000    0.0000   22.5000 2973.0525   12.3646
    7.5000    0.0000   22.5000 2942.1848   12.4709
   -7.5000    7.5000   22.5000 2874.9326   12.9403
    0.0000    7.5000   22.5000 2915.0098   12.8480
    7.5000    7.5000   22.5000 2895.9314   12.9572
   -7.5000   15.0000   22.5000 2786.7178   13.7039
    0.0000   15.0000   22.5000 2817.6477   13.5723
    7.5000   15.0000   22.5000 2805.7075   13.7322
   -7.5000   22.5000   22.5000 2687.2117   14.7137
    0.0000   22.5000   22.5000 2700.9121   14.5831
    7.5000   22.5000   22.5000 2692.8711   14.7652
   -7.5000   30.0000   22.5000 2570.3579   15.9919
    0.0000   30.0000   22.5000 2582.3757   15.8555
    7.5000   30.0000   22.5000 2575.2747   16.0679
   -7.5000   37.5000   22.5000 2435.9980   17.6504
    0.0000   37.5000   22.5000 2457.4475   17.5010
    7.5000   37.5000   22.5000 2445.4739   17.7495
   -7.5000   45.0000   22.5000 2277.7368   19.8311
    0.0000   45.0000   22.5000 2292.1216   19.6697
    7.5000   45.0000   22.5000 2286.1377   19.9162
   -7.5000  -45.0000   30.0000 2460.1763   16.5847
    0.0000  -45.0000   30.0000 2465.9604   16.2296
    7.5000  -45.0000   30.0000 2465.8884   16.5282
   -7.5000  -37.5000   30.0000 2576.9062   15.2083
    0.0000  -37.5000   30.0000 2583.6973   14.9105
    7.5000  -37.5000   30.0000 2582.7061   15.1536
   -7.5000  -30.0000   30.0000 2682.9988   14.2354
    0.0000  -30.0000   30.0000 2691.2480   13.9823
    7.5000  -30.0000   30.0000 2693.6509   14.1601
   -7.5000  -22.5000   30.0000 2778.4275   13.5316
    0.0000  -22.5000   30.0000 2791.3169   13.3499
    7.5000  -22.5000   30.0000 2787.3110   13.4880
   -7.5000  -15.0000   30.0000 2842.5771   13.0342
    0.0000  -15.0000   30.0000 2868.0747   12.8822
    7.5000  -15.0000   30.0000 2850.6602   12.9812
   -7.5000   -7.5000   30.0000 2884.3086   12.7799
    0.0000   -7.5000   30.0000 2915.2661   12.6142
    7.5000   -7.5000   30.0000 2887.8921   12.7651
   -7.5000    0.0000   30.0000 2868.3279   12.9831
    0.0000    0.0000   30.0000 2900.0054   12.8669
    7.5000    0.0000   30.0000 2874.3274   12.9655
   -7.5000    7.5000   30.0000 2812.2026   13.4521
    0.0000    7.5000   30.0000 2848.0925   13.3459
    7.5000    7.5000   30.0000 2829.0696   13.4545
   -7.5000   15.0000   30.0000 2734.8252   14.2279
    0.0000   15.0000   30.0000 2762.8845   14.0613
    7.5000   15.0000   30.0000 2751.4666   14.2230
   -7.5000   22.5000   30.0000 2636.6711   15.2602
    0.0000   22.5000   30.0000 2654.3665   15.0967
    7.5000   22.5000   30.0000 2643.7156   15.2816
   -7.5000   30.0000   30.0000 2519.8818   16.5740
    0.0000   30.0000   30.0000 2536.2041   16.4239
    7.5000   30.0000   30.0000 2524.4370   16.6026
   -7.5000   37.5000   30.0000 2387.9299   18.2488
    0.0000   37.5000   30.0000 2407.0630   18.0680
    7.5000   37.5000   30.0000 2396.2988   18.2977
   -7.5000   45.0000   30.0000 2229.8015   20.3629
    0.0000   45.0000   30.0000 2240.6382   20.1908
    7.5000   45.0000   30.0000 2235.7004   20.4393
   -7.5000  -45.0000   37.5000 2409.2942   17.4214
    0.0000  -45.0000   37.5000 2415.5461   17.0728
    7.5000  -45.0000   37.5000 2416.1870   17.3336
   -7.5000  -37.5000   37.5000 2522.4204   15.9875
    0.0000  -37.5000   37.5000 2533.7227   15.6470
    7.5000  -37.5000   37.5000 2532.4050   15.8949
   -7.5000  -30.0000   37.5000 2631.7122   14.9369
    0.0000  -30.0000   37.5000 2637.9531   14.6281
    7.5000  -30.0000   37.5000 2643.0247   14.8585
   -7.5000  -22.5000   37.5000 2717.4939   14.2023
    0.0000  -22.5000   37.5000 2729.1555   13.9218
    7.5000  -22.5000   37.5000 2730.5110   14.1243
   -7.5000  -15.0000   37.5000 2770.2434   13.6963
    0.0000  -15.0000   37.5000 2793.9800   13.4399
    7.5000  -15.0000   37.5000 2783.1604   13.6277
   -7.5000   -7.5000   37.5000 2798.2964   13.4318
    0.0000   -7.5000   37.5000 2821.1045   13.2396
    7.5000   -7.5000   37.5000 2805.2351   13.4273
   -7.5000    0.0000   37.5000 2788.2400   13.6184
    0.0000    0.0000   37.5000 2809.2278   13.4496
    7.5000    0.0000   37.5000 2792.1777   13.5803
   -7.5000    7.5000   37.5000 2734.7808   14.1003
    0.0000    7.5000   37.5000 2759.6538   13.9706
    7.5000    7.5000   37.5000 2744.3611   14.0796
   -7.5000   15.0000   37.5000 2659.5798   14.8827
    0.0000   15.0000   37.5000 2687.0962   14.7128
    7.5000   15.0000   37.5000 2673.5527   14.8537
   -7.5000   22.5000   37.5000 2570.2874   15.9410
    0.0000   22.5000   37.5000 2592.6650   15.7372
    7.5000   22.5000   37.5000 2580.8611   15.9226
   -7.5000   30.0000   37.5000 2460.4146   17.2757
    0.0000   30.0000   37.5000 2480.0725   17.0847
    7.5000   30.0000   37.5000 2469.9985   17.2831
   -7.5000   37.5000   37.5000 2323.7410   18.9685
    0.0000   37.5000   37.5000 2341.5542   18.7651
    7.5000   37.5000   37.5000 2337.9119   19.0053
   -7.5000   45.0000   37.5000 2170.4561   21.1781
    0.0000   45.0000   37.5000 2183.3660   20.9819
    7.5000   45.0000   37.5000 2180.2610   21.2229
   -7.5000  -45.0000   45.0000 2347.2869   18.3698
    0.0000  -45.0000   45.0000 2360.0796   17.9808
    7.5000  -45.0000   45.0000 2358.6277   18.2867
   -7.5000  -37.5000   45.0000 2464.7654   16.8910
    0.0000  -37.5000   45.0000 2474.8762   16.5215
    7.5000  -37.5000   45.0000 2476.7605   16.7887
   -7.5000  -30.0000   45.0000 2565.5164   15.8345
    0.0000  -30.0000   45.0000 2573.4771   15.4530
    7.5000  -30.0000   45.0000 2576.7058   15.7043
   -7.5000  -22.5000   45.0000 2643.8069   15.0656
    0.0000  -22.5000   45.0000 2659.9329   14.6921
    7.5000  -22.5000   45.0000 2654.9370   14.9401
   -7.5000  -15.0000   45.0000 2689.5999   14.5510
    0.0000  -15.0000   45.0000 2712.2415   14.2250
    7.5000  -15.0000   45.0000 2703.0989   14.4686
   -7.5000   -7.5000   45.0000 2704.5120   14.2851
    0.0000   -7.5000   45.0000 2724.5276   14.0564
    7.5000   -7.5000   45.0000 2713.6123   14.2472
   -7.5000    0.0000   45.0000 2691.1548   14.4092
    0.0000    0.0000   45.0000 2710.7400   14.2183
    7.5000    0.0000   45.0000 2699.6763   14.3764
   -7.5000    7.5000   45.0000 2645.0676   14.9090
    0.0000    7.5000   45.0000 2666.8564   14.7205
    7.5000    7.5000   45.0000 2657.8174   14.8781
   -7.5000   15.0000   45.0000 2575.9153   15.6985
    0.0000   15.0000   45.0000 2601.4580   15.4529
    7.5000   15.0000   45.0000 2592.6069   15.6180
   -7.5000   22.5000   45.0000 2493.5264   16.7085
    0.0000   22.5000   45.0000 2513.6589   16.5330
    7.5000   22.5000   45.0000 2503.4062   16.6927
   -7.5000   30.0000   45.0000 2388.3020   18.0668
    0.0000   30.0000   45.0000 2406.6785   17.8858
    7.5000   30.0000   45.0000 2394.4551   18.0679
   -7.5000   37.5000   45.0000 2254.1204   19.8723
    0.0000   37.5000   45.0000 2272.9668   19.6667
    7.5000   37.5000   45.0000 2265.9998   19.8883
   -7.5000   45.0000   45.0000 2109.0247   22.2208
    0.0000   45.0000   45.0000 2122.8582   22.0293
    7.5000   45.0000   45.0000 2117.1733   22.1834

---------------------------------------------------------------------
imgreg_4dfp /opt/freesurfer/average/711-2C_as_mni_average_305 /opt/freesurfer/average/711-2B_as_mni_average_305_mask talsrcimg_g11 none talsrcimg_to_711-2C_as_mni_average_305_t4 1283
---------------------------------------------------------------------

freesurfer imgreg_4dfp.c
/opt/freesurfer/average/711-2C_as_mni_average_305.4dfp.img
       256       256       256         1
  1.000000  1.000000  1.000000
orientation T byte_order littleendian
Reading image: /opt/freesurfer/average/711-2C_as_mni_average_305.4dfp.img
dimensions:      256       256       256
mmppix:       1.0000   -1.0000   -1.0000
center:     128.0000 -129.0000 -129.0000
/opt/freesurfer/average/711-2B_as_mni_average_305_mask.4dfp.img
       256       256       256         1
  1.000000  1.000000  1.000000
orientation T byte_order littleendian
Reading mask: /opt/freesurfer/average/711-2B_as_mni_average_305_mask.4dfp.img (2306576 pixels)
talsrcimg_g11.4dfp.img
       256       256       256         1
  1.000000  1.000000  1.000000
orientation T byte_order littleendian
Reading image: talsrcimg_g11.4dfp.img
dimensions:      256       256       256
mmppix:       1.0000   -1.0000   -1.0000
center:     128.0000 -129.0000 -129.0000
rotation matrix determinant  1.000000
fimgreg.f
image alignment mode   1283 decimal      503 hex
parameters
    0.0000   -7.5000    7.5000    0.0000    0.0000    0.0000
eta,q 0.95216 11.94916
niter,ni,del,rscale     5    3   12.0000    1.2000
parameter  3 -1.447488 -> -0.500000 qaram    1.1500
parameter  4  0.850401 ->  0.500000 qaram    1.1500
parameter  6  0.533995 ->  0.500000 qaram    1.1500
parameters
    0.9598   -8.8996   10.9500   -3.4500   -2.7855   -3.4500
eta,q 0.96032 11.90432
  0.0613  0.0513  0.0551  0.0424  0.0429  0.0412
  0.0550  0.0485  0.0527  0.0426  0.0413  0.0398
  0.0508  0.0486  0.0508  0.0435  0.0415  0.0401
  0.0493  0.0490  0.0489  0.0450  0.0428  0.0413
  0.0493  0.0498  0.0462  0.0459  0.0446  0.0423
  0.0513  0.0518  0.0446  0.0479  0.0477  0.0432
  0.0552  0.0548  0.0456  0.0522  0.0527  0.0450
niter,ni,del,rscale     7    3   12.0000    1.2000
parameters
    0.5434   -7.0567   10.3181   -6.0814   -2.6226   -2.9352
eta,q 0.96149 11.90032
  0.0521  0.0552  0.0462  0.0408  0.0438  0.0433
  0.0457  0.0475  0.0439  0.0387  0.0416  0.0406
  0.0407  0.0423  0.0408  0.0385  0.0394  0.0388
  0.0397  0.0394  0.0391  0.0394  0.0384  0.0384
  0.0434  0.0391  0.0404  0.0413  0.0384  0.0393
  0.0485  0.0406  0.0451  0.0442  0.0402  0.0403
  0.0551  0.0428  0.0507  0.0476  0.0441  0.0415
niter,ni,del,rscale     6    3   12.0000    1.2000
parameters
    0.4767   -5.3020    9.4111   -9.4172   -3.1197   -2.4074
eta,q 0.96389 11.88679
  0.0518  0.0507  0.0444  0.0392  0.0425  0.0430
  0.0442  0.0441  0.0420  0.0363  0.0385  0.0397
  0.0388  0.0402  0.0393  0.0368  0.0362  0.0370
  0.0385  0.0384  0.0387  0.0386  0.0363  0.0361
  0.0416  0.0388  0.0406  0.0410  0.0380  0.0367
  0.0455  0.0396  0.0444  0.0435  0.0406  0.0385
  0.0509  0.0409  0.0486  0.0470  0.0441  0.0411
niter,ni,del,rscale     5    3   12.0000    1.2000
parameters
    0.9415   -2.9427    8.8247  -11.1476   -3.4799   -1.9037
eta,q 0.96590 11.88521
  0.0520  0.0516  0.0431  0.0402  0.0414  0.0408
  0.0446  0.0458  0.0398  0.0355  0.0374  0.0376
  0.0389  0.0394  0.0369  0.0339  0.0347  0.0352
  0.0361  0.0361  0.0361  0.0360  0.0342  0.0341
  0.0372  0.0360  0.0377  0.0386  0.0362  0.0347
  0.0413  0.0364  0.0414  0.0419  0.0392  0.0363
  0.0482  0.0383  0.0462  0.0460  0.0425  0.0392
niter,ni,del,rscale     4    3   12.0000    1.2000
parameters
    1.0989   -2.3729    8.8346  -11.4144   -3.5866   -1.8372
eta,q 0.96580 11.88788
  0.0502  0.0473  0.0432  0.0430  0.0416  0.0400
  0.0424  0.0405  0.0394  0.0379  0.0379  0.0370
  0.0361  0.0349  0.0365  0.0342  0.0351  0.0349
  0.0341  0.0342  0.0344  0.0344  0.0342  0.0342
  0.0362  0.0356  0.0349  0.0367  0.0356  0.0349
  0.0409  0.0382  0.0382  0.0393  0.0385  0.0366
  0.0487  0.0423  0.0444  0.0433  0.0418  0.0399
niter,ni,del,rscale     3    3   12.0000    1.2000
parameters
    1.1170   -2.1999    8.8834  -11.4934   -3.6150   -1.8388
eta,q 0.96575 11.88928
  0.0499  0.0461  0.0432  0.0435  0.0417  0.0399
  0.0418  0.0390  0.0394  0.0382  0.0380  0.0369
  0.0357  0.0343  0.0365  0.0343  0.0353  0.0349
  0.0342  0.0342  0.0343  0.0343  0.0343  0.0343
  0.0365  0.0361  0.0346  0.0364  0.0355  0.0350
  0.0415  0.0389  0.0380  0.0390  0.0383  0.0367
  0.0495  0.0436  0.0443  0.0429  0.0417  0.0401
niter,ni,del,rscale     2    3   12.0000    1.2000
parameters
    1.1211   -2.1355    8.9065  -11.5222   -3.6251   -1.8405
eta,q 0.96572 11.88979
  0.0500  0.0457  0.0432  0.0436  0.0418  0.0400
  0.0418  0.0386  0.0393  0.0383  0.0381  0.0369
  0.0357  0.0341  0.0365  0.0344  0.0353  0.0349
  0.0343  0.0343  0.0343  0.0343  0.0343  0.0343
  0.0366  0.0362  0.0346  0.0364  0.0355  0.0350
  0.0417  0.0391  0.0381  0.0389  0.0383  0.0367
  0.0497  0.0439  0.0445  0.0428  0.0417  0.0401
niter,ni,del,rscale     1    3   12.0000    1.2000
parameters
    1.1226   -2.1103    8.9162  -11.5340   -3.6288   -1.8416
eta,q 0.96572 11.89005
  0.0500  0.0456  0.0432  0.0436  0.0418  0.0400
  0.0418  0.0384  0.0393  0.0383  0.0381  0.0370
  0.0358  0.0341  0.0365  0.0344  0.0353  0.0349
  0.0343  0.0343  0.0343  0.0343  0.0343  0.0343
  0.0367  0.0362  0.0346  0.0363  0.0355  0.0350
  0.0417  0.0392  0.0381  0.0388  0.0383  0.0367
  0.0497  0.0441  0.0445  0.0427  0.0417  0.0401
registration optimization eta report
parameter search radius
    6.0000    6.0000    6.9000    6.9000    6.0000    6.9000
100000*second partial in parameter space
       43.       30.       20.       19.       20.       12.
  0.0500  0.0456  0.0432  0.0436  0.0418  0.0400
  0.0418  0.0384  0.0393  0.0383  0.0381  0.0370
  0.0358  0.0341  0.0365  0.0344  0.0353  0.0349
  0.0343  0.0343  0.0343  0.0343  0.0343  0.0343
  0.0367  0.0362  0.0346  0.0363  0.0355  0.0350
  0.0417  0.0392  0.0381  0.0388  0.0383  0.0367
  0.0497  0.0441  0.0445  0.0427  0.0417  0.0401
    1.1226   -2.1103    8.9162  -11.5340   -3.6288   -1.8416
eta,q 0.96572 11.89005

---------------------------------------------------------------------
imgreg_4dfp /opt/freesurfer/average/711-2C_as_mni_average_305 /opt/freesurfer/average/711-2B_as_mni_average_305_mask talsrcimg_g11 none talsrcimg_to_711-2C_as_mni_average_305_t4 3335
---------------------------------------------------------------------

freesurfer imgreg_4dfp.c
/opt/freesurfer/average/711-2C_as_mni_average_305.4dfp.img
       256       256       256         1
  1.000000  1.000000  1.000000
orientation T byte_order littleendian
Reading image: /opt/freesurfer/average/711-2C_as_mni_average_305.4dfp.img
dimensions:      256       256       256
mmppix:       1.0000   -1.0000   -1.0000
center:     128.0000 -129.0000 -129.0000
/opt/freesurfer/average/711-2B_as_mni_average_305_mask.4dfp.img
       256       256       256         1
  1.000000  1.000000  1.000000
orientation T byte_order littleendian
Reading mask: /opt/freesurfer/average/711-2B_as_mni_average_305_mask.4dfp.img (2306576 pixels)
talsrcimg_g11.4dfp.img
       256       256       256         1
  1.000000  1.000000  1.000000
orientation T byte_order littleendian
Reading image: talsrcimg_g11.4dfp.img
dimensions:      256       256       256
mmppix:       1.0000   -1.0000   -1.0000
center:     128.0000 -129.0000 -129.0000
fimgreg.f
image alignment mode   3335 decimal      D07 hex
parameters
    1.1226   -2.1103    8.9162   -0.2520   -2.0293   -2.2158
    1.8838    6.8408   -3.2071   19.7854   -6.3293  -19.9549
eta,q 0.96487 12.02364
niter,ni,del,rscale     5    3    5.0000    1.2000
parameter  4  0.632856 ->  0.500000 qaram    1.1500
parameter  5 14.843667 ->  0.500000 qaram    1.1500
parameter  6  0.783096 ->  0.500000 qaram    1.1500
parameter 12  0.576793 ->  0.500000 qaram    1.1500
parameters
    1.6101   -2.3571    9.0717   -4.3920   -6.1693   -6.3558
    0.2428    7.5847   -2.2409   16.8982   -6.1084  -24.0949
eta,q 0.97559 11.80147
  0.0389  0.0358  0.0365  0.0341  0.0246  0.0260  0.0270  0.0311  0.0282  0.0265  0.0261  0.0246
  0.0371  0.0353  0.0358  0.0339  0.0271  0.0257  0.0261  0.0287  0.0269  0.0253  0.0254  0.0244
  0.0359  0.0351  0.0353  0.0341  0.0303  0.0263  0.0257  0.0267  0.0260  0.0248  0.0250  0.0245
  0.0351  0.0350  0.0350  0.0350  0.0339  0.0279  0.0257  0.0256  0.0255  0.0255  0.0248  0.0248
  0.0351  0.0351  0.0351  0.0367  0.0372  0.0304  0.0264  0.0257  0.0255  0.0274  0.0250  0.0256
  0.0356  0.0356  0.0355  0.0391  0.0404  0.0336  0.0275  0.0271  0.0261  0.0301  0.0253  0.0267
  0.0368  0.0364  0.0363  0.0422  0.0437  0.0370  0.0290  0.0295  0.0271  0.0331  0.0259  0.0281
niter,ni,del,rscale     7    3    5.0000    1.2000
parameter  5  1.457435 ->  0.500000 qaram    1.3225
parameters
    1.5635   -2.8635    7.8992   -3.9423  -10.9303   -8.4231
   -0.1173    7.6819   -2.4845   17.4004   -6.2982  -26.6266
eta,q 0.98020 11.56447
  0.0271  0.0259  0.0243  0.0272  0.0185  0.0215  0.0224  0.0243  0.0221  0.0238  0.0208  0.0206
  0.0256  0.0248  0.0240  0.0260  0.0195  0.0206  0.0210  0.0221  0.0209  0.0220  0.0203  0.0200
  0.0247  0.0243  0.0239  0.0248  0.0213  0.0201  0.0202  0.0207  0.0202  0.0206  0.0200  0.0198
  0.0244  0.0244  0.0243  0.0239  0.0238  0.0199  0.0200  0.0200  0.0200  0.0200  0.0199  0.0199
  0.0248  0.0251  0.0249  0.0237  0.0273  0.0204  0.0204  0.0203  0.0203  0.0201  0.0201  0.0205
  0.0258  0.0262  0.0259  0.0249  0.0314  0.0227  0.0214  0.0218  0.0211  0.0209  0.0204  0.0215
  0.0273  0.0277  0.0273  0.0272  0.0352  0.0264  0.0228  0.0243  0.0223  0.0231  0.0209  0.0227
niter,ni,del,rscale     7    3    5.0000    1.2000
parameter  5  0.552869 ->  0.500000 qaram    1.5209
parameters
    1.5009   -3.2030    7.4822   -3.1119  -16.4054   -8.1266
   -0.0342    7.6018   -2.4360   17.7973   -6.2770  -28.7025
eta,q 0.98236 11.36618
  0.0226  0.0217  0.0207  0.0229  0.0190  0.0209  0.0205  0.0222  0.0203  0.0217  0.0190  0.0188
  0.0210  0.0204  0.0200  0.0217  0.0179  0.0195  0.0190  0.0199  0.0189  0.0197  0.0183  0.0180
  0.0201  0.0198  0.0197  0.0206  0.0180  0.0184  0.0181  0.0184  0.0181  0.0183  0.0179  0.0177
  0.0198  0.0198  0.0197  0.0196  0.0194  0.0178  0.0178  0.0178  0.0178  0.0178  0.0178  0.0178
  0.0202  0.0204  0.0201  0.0193  0.0218  0.0177  0.0181  0.0183  0.0181  0.0179  0.0179  0.0184
  0.0212  0.0214  0.0207  0.0202  0.0256  0.0185  0.0190  0.0200  0.0189  0.0190  0.0183  0.0194
  0.0229  0.0230  0.0216  0.0224  0.0298  0.0211  0.0204  0.0226  0.0202  0.0210  0.0189  0.0206
niter,ni,del,rscale     7    3    5.0000    1.2000
parameters
    1.5080   -3.2544    7.6093   -2.5289  -17.1662   -7.7625
   -0.1348    7.5877   -2.3993   18.1094   -6.3621  -28.8499
eta,q 0.98253 11.37411
  0.0208  0.0205  0.0194  0.0210  0.0225  0.0208  0.0201  0.0222  0.0200  0.0213  0.0188  0.0195
  0.0191  0.0189  0.0184  0.0197  0.0201  0.0193  0.0187  0.0199  0.0186  0.0193  0.0181  0.0183
  0.0180  0.0179  0.0179  0.0186  0.0183  0.0182  0.0178  0.0182  0.0178  0.0180  0.0176  0.0177
  0.0176  0.0176  0.0176  0.0176  0.0175  0.0175  0.0175  0.0175  0.0175  0.0175  0.0175  0.0175
  0.0180  0.0181  0.0178  0.0174  0.0184  0.0174  0.0179  0.0180  0.0178  0.0177  0.0177  0.0177
  0.0190  0.0191  0.0183  0.0185  0.0207  0.0183  0.0188  0.0198  0.0186  0.0188  0.0181  0.0185
  0.0208  0.0207  0.0190  0.0208  0.0246  0.0209  0.0202  0.0224  0.0199  0.0208  0.0188  0.0196
niter,ni,del,rscale     6    3    5.0000    1.2000
parameters
    1.5209   -3.2480    7.7332   -2.4816  -17.3012   -7.6156
   -0.1396    7.6037   -2.3674   18.1571   -6.3928  -28.7865
eta,q 0.98255 11.37746
  0.0208  0.0205  0.0193  0.0207  0.0229  0.0207  0.0202  0.0223  0.0200  0.0210  0.0188  0.0196
  0.0190  0.0188  0.0183  0.0195  0.0204  0.0192  0.0187  0.0199  0.0186  0.0191  0.0181  0.0184
  0.0179  0.0178  0.0177  0.0184  0.0185  0.0182  0.0177  0.0182  0.0177  0.0179  0.0176  0.0177
  0.0175  0.0175  0.0175  0.0175  0.0175  0.0175  0.0175  0.0175  0.0175  0.0175  0.0174  0.0175
  0.0178  0.0178  0.0176  0.0174  0.0180  0.0173  0.0178  0.0180  0.0177  0.0177  0.0176  0.0177
  0.0189  0.0188  0.0181  0.0188  0.0201  0.0184  0.0187  0.0198  0.0186  0.0189  0.0181  0.0184
  0.0207  0.0204  0.0189  0.0214  0.0238  0.0212  0.0201  0.0223  0.0199  0.0211  0.0188  0.0195
niter,ni,del,rscale     5    3    5.0000    1.2000
parameters
    1.5275   -3.2451    7.7765   -2.4737  -17.3226   -7.5780
   -0.1377    7.6130   -2.3599   18.1578   -6.3984  -28.7454
eta,q 0.98255 11.37861
  0.0208  0.0205  0.0191  0.0207  0.0230  0.0206  0.0202  0.0222  0.0200  0.0210  0.0188  0.0196
  0.0190  0.0188  0.0182  0.0195  0.0205  0.0192  0.0187  0.0199  0.0186  0.0191  0.0181  0.0184
  0.0178  0.0178  0.0176  0.0184  0.0186  0.0181  0.0177  0.0182  0.0177  0.0179  0.0176  0.0177
  0.0174  0.0174  0.0174  0.0175  0.0174  0.0174  0.0174  0.0174  0.0174  0.0174  0.0174  0.0174
  0.0178  0.0178  0.0176  0.0175  0.0179  0.0173  0.0178  0.0180  0.0177  0.0177  0.0176  0.0177
  0.0189  0.0188  0.0182  0.0189  0.0200  0.0185  0.0187  0.0198  0.0186  0.0190  0.0181  0.0184
  0.0208  0.0204  0.0190  0.0214  0.0236  0.0213  0.0201  0.0224  0.0199  0.0211  0.0188  0.0195
niter,ni,del,rscale     4    3    5.0000    1.2000
parameters
    1.5298   -3.2436    7.7915   -2.4724  -17.3260   -7.5676
   -0.1353    7.6144   -2.3561   18.1541   -6.4169  -28.7268
eta,q 0.98256 11.37896
  0.0208  0.0205  0.0191  0.0207  0.0230  0.0206  0.0202  0.0222  0.0199  0.0210  0.0188  0.0196
  0.0190  0.0188  0.0182  0.0195  0.0205  0.0192  0.0187  0.0199  0.0186  0.0191  0.0181  0.0184
  0.0178  0.0178  0.0176  0.0184  0.0186  0.0181  0.0177  0.0182  0.0177  0.0179  0.0176  0.0177
  0.0174  0.0174  0.0174  0.0174  0.0174  0.0174  0.0174  0.0174  0.0174  0.0174  0.0174  0.0174
  0.0178  0.0178  0.0176  0.0175  0.0179  0.0173  0.0178  0.0180  0.0177  0.0177  0.0176  0.0177
  0.0189  0.0188  0.0182  0.0189  0.0200  0.0185  0.0187  0.0198  0.0186  0.0190  0.0181  0.0184
  0.0208  0.0204  0.0190  0.0215  0.0236  0.0213  0.0201  0.0224  0.0199  0.0211  0.0188  0.0195
registration optimization eta report
parameter search radius
    2.4000    2.4000    2.4000    8.2800   10.9503    8.2800
    7.2000    7.2000    7.2000    7.2000    7.2000    8.2800
100000*second partial in parameter space
       58.       51.       28.        5.        5.        5.
        5.        9.        5.        7.        3.        3.
  0.0208  0.0205  0.0191  0.0207  0.0230  0.0206  0.0202  0.0222  0.0199  0.0210  0.0188  0.0196
  0.0190  0.0188  0.0182  0.0195  0.0205  0.0192  0.0187  0.0199  0.0186  0.0191  0.0181  0.0184
  0.0178  0.0178  0.0176  0.0184  0.0186  0.0181  0.0177  0.0182  0.0177  0.0179  0.0176  0.0177
  0.0174  0.0174  0.0174  0.0174  0.0174  0.0174  0.0174  0.0174  0.0174  0.0174  0.0174  0.0174
  0.0178  0.0178  0.0176  0.0175  0.0179  0.0173  0.0178  0.0180  0.0177  0.0177  0.0176  0.0177
  0.0189  0.0188  0.0182  0.0189  0.0200  0.0185  0.0187  0.0198  0.0186  0.0190  0.0181  0.0184
  0.0208  0.0204  0.0190  0.0215  0.0236  0.0213  0.0201  0.0224  0.0199  0.0211  0.0188  0.0195
    1.5298   -3.2436    7.7915   -2.4724  -17.3260   -7.5676
   -0.1353    7.6144   -2.3561   18.1541   -6.4169  -28.7268
eta,q 0.98256 11.37896

---------------------------------------------------------------------
imgreg_4dfp /opt/freesurfer/average/711-2C_as_mni_average_305 /opt/freesurfer/average/711-2B_as_mni_average_305_mask talsrcimg_g11 none talsrcimg_to_711-2C_as_mni_average_305_t4 2311
---------------------------------------------------------------------

freesurfer imgreg_4dfp.c
/opt/freesurfer/average/711-2C_as_mni_average_305.4dfp.img
       256       256       256         1
  1.000000  1.000000  1.000000
orientation T byte_order littleendian
Reading image: /opt/freesurfer/average/711-2C_as_mni_average_305.4dfp.img
dimensions:      256       256       256
mmppix:       1.0000   -1.0000   -1.0000
center:     128.0000 -129.0000 -129.0000
/opt/freesurfer/average/711-2B_as_mni_average_305_mask.4dfp.img
       256       256       256         1
  1.000000  1.000000  1.000000
orientation T byte_order littleendian
Reading mask: /opt/freesurfer/average/711-2B_as_mni_average_305_mask.4dfp.img (2306576 pixels)
talsrcimg_g11.4dfp.img
       256       256       256         1
  1.000000  1.000000  1.000000
orientation T byte_order littleendian
Reading image: talsrcimg_g11.4dfp.img
dimensions:      256       256       256
mmppix:       1.0000   -1.0000   -1.0000
center:     128.0000 -129.0000 -129.0000
fimgreg.f
image alignment mode   2311 decimal      907 hex
parameters
    1.5298   -3.2436    7.7915   -2.4724  -17.3260   -7.5676
   -0.1353    7.6144   -2.3561   18.1541   -6.4169  -28.7268
eta,q 0.98256 11.37896
niter,ni,del,rscale     5    3    5.0000    0.8000
parameters
    1.5383   -3.2682    7.7673   -1.5462  -16.7299   -6.9642
   -0.2838    7.6637   -2.4213   18.2552   -6.4897  -28.6739
eta,q 0.98281 11.45699
  0.0190  0.0188  0.0182  0.0192  0.0189  0.0186  0.0184  0.0199  0.0184  0.0190  0.0179  0.0180
  0.0181  0.0180  0.0177  0.0185  0.0182  0.0180  0.0177  0.0185  0.0177  0.0180  0.0175  0.0175
  0.0176  0.0176  0.0175  0.0179  0.0176  0.0175  0.0173  0.0176  0.0173  0.0174  0.0173  0.0173
  0.0174  0.0174  0.0174  0.0174  0.0173  0.0172  0.0172  0.0172  0.0172  0.0172  0.0172  0.0172
  0.0176  0.0176  0.0175  0.0173  0.0173  0.0172  0.0174  0.0175  0.0173  0.0173  0.0173  0.0173
  0.0181  0.0181  0.0178  0.0176  0.0176  0.0174  0.0179  0.0184  0.0178  0.0178  0.0176  0.0175
  0.0189  0.0188  0.0182  0.0184  0.0184  0.0182  0.0186  0.0198  0.0184  0.0189  0.0180  0.0179
niter,ni,del,rscale     4    3    5.0000    0.7000
parameters
    1.5574   -3.2182    7.9586   -1.6188  -16.7347   -6.5770
   -0.2630    7.7139   -2.3962   18.3911   -6.5199  -28.5421
eta,q 0.98285 11.47403
  0.0185  0.0184  0.0180  0.0184  0.0183  0.0182  0.0182  0.0193  0.0181  0.0185  0.0177  0.0178
  0.0178  0.0177  0.0176  0.0179  0.0177  0.0177  0.0176  0.0182  0.0176  0.0178  0.0174  0.0174
  0.0174  0.0173  0.0173  0.0174  0.0174  0.0174  0.0173  0.0175  0.0173  0.0174  0.0172  0.0172
  0.0172  0.0172  0.0172  0.0172  0.0172  0.0172  0.0172  0.0172  0.0171  0.0172  0.0171  0.0171
  0.0173  0.0173  0.0172  0.0173  0.0173  0.0171  0.0173  0.0174  0.0173  0.0172  0.0172  0.0172
  0.0177  0.0176  0.0173  0.0178  0.0177  0.0173  0.0176  0.0181  0.0176  0.0176  0.0174  0.0174
  0.0184  0.0182  0.0176  0.0187  0.0183  0.0180  0.0182  0.0193  0.0181  0.0184  0.0178  0.0177
niter,ni,del,rscale     3    3    5.0000    0.6000
parameters
    1.5694   -3.2022    8.0492   -1.6158  -16.7184   -6.3548
   -0.2601    7.7465   -2.3946   18.4595   -6.5455  -28.4794
eta,q 0.98288 11.48482
  0.0181  0.0180  0.0177  0.0181  0.0180  0.0179  0.0179  0.0188  0.0178  0.0181  0.0176  0.0176
  0.0176  0.0175  0.0174  0.0177  0.0176  0.0175  0.0175  0.0179  0.0174  0.0176  0.0173  0.0173
  0.0173  0.0172  0.0172  0.0173  0.0173  0.0173  0.0172  0.0174  0.0172  0.0173  0.0172  0.0172
  0.0171  0.0172  0.0171  0.0171  0.0171  0.0171  0.0171  0.0171  0.0171  0.0171  0.0171  0.0171
  0.0172  0.0172  0.0172  0.0172  0.0172  0.0171  0.0172  0.0173  0.0172  0.0172  0.0172  0.0172
  0.0176  0.0175  0.0173  0.0176  0.0175  0.0173  0.0175  0.0179  0.0174  0.0175  0.0173  0.0173
  0.0181  0.0179  0.0175  0.0182  0.0180  0.0178  0.0179  0.0188  0.0178  0.0181  0.0176  0.0176
niter,ni,del,rscale     2    3    5.0000    0.5000
parameters
    1.5789   -3.1893    8.1053   -1.5914  -16.6935   -6.1661
   -0.2682    7.7753   -2.3978   18.5261   -6.5534  -28.4416
eta,q 0.98289 11.49460
  0.0178  0.0177  0.0175  0.0179  0.0177  0.0176  0.0177  0.0183  0.0176  0.0178  0.0174  0.0174
  0.0174  0.0174  0.0173  0.0175  0.0174  0.0174  0.0174  0.0177  0.0173  0.0175  0.0173  0.0173
  0.0172  0.0172  0.0172  0.0172  0.0172  0.0172  0.0172  0.0173  0.0172  0.0172  0.0171  0.0172
  0.0171  0.0171  0.0171  0.0171  0.0171  0.0171  0.0171  0.0171  0.0171  0.0171  0.0171  0.0171
  0.0172  0.0172  0.0172  0.0172  0.0172  0.0171  0.0172  0.0172  0.0172  0.0172  0.0172  0.0171
  0.0174  0.0174  0.0172  0.0174  0.0174  0.0172  0.0174  0.0176  0.0173  0.0174  0.0173  0.0172
  0.0178  0.0177  0.0174  0.0179  0.0177  0.0176  0.0177  0.0183  0.0176  0.0178  0.0174  0.0174
niter,ni,del,rscale     1    3    5.0000    0.4000
parameters
    1.5877   -3.1831    8.1527   -1.5740  -16.6811   -5.9997
   -0.2676    7.7913   -2.3911   18.6019   -6.5648  -28.4079
eta,q 0.98290 11.50290
  0.0176  0.0175  0.0173  0.0176  0.0175  0.0175  0.0175  0.0179  0.0174  0.0176  0.0173  0.0173
  0.0173  0.0173  0.0172  0.0174  0.0173  0.0173  0.0173  0.0175  0.0172  0.0173  0.0172  0.0172
  0.0172  0.0172  0.0171  0.0172  0.0172  0.0172  0.0171  0.0172  0.0171  0.0172  0.0171  0.0171
  0.0171  0.0171  0.0171  0.0171  0.0171  0.0171  0.0171  0.0171  0.0171  0.0171  0.0171  0.0171
  0.0172  0.0171  0.0171  0.0172  0.0171  0.0171  0.0171  0.0172  0.0171  0.0171  0.0171  0.0171
  0.0173  0.0173  0.0172  0.0173  0.0173  0.0172  0.0173  0.0175  0.0172  0.0173  0.0172  0.0172
  0.0175  0.0175  0.0173  0.0176  0.0175  0.0174  0.0175  0.0179  0.0174  0.0175  0.0173  0.0173
registration optimization eta report
parameter search radius
    0.8000    0.8000    0.8000    2.4000    2.4000    2.4000
    2.4000    2.4000    2.4000    2.4000    2.4000    2.4000
100000*second partial in parameter space
       67.       56.       33.        9.        7.        6.
        6.       14.        5.        8.        4.        3.
  0.0176  0.0175  0.0173  0.0176  0.0175  0.0175  0.0175  0.0179  0.0174  0.0176  0.0173  0.0173
  0.0173  0.0173  0.0172  0.0174  0.0173  0.0173  0.0173  0.0175  0.0172  0.0173  0.0172  0.0172
  0.0172  0.0172  0.0171  0.0172  0.0172  0.0172  0.0171  0.0172  0.0171  0.0172  0.0171  0.0171
  0.0171  0.0171  0.0171  0.0171  0.0171  0.0171  0.0171  0.0171  0.0171  0.0171  0.0171  0.0171
  0.0172  0.0171  0.0171  0.0172  0.0171  0.0171  0.0171  0.0172  0.0171  0.0171  0.0171  0.0171
  0.0173  0.0173  0.0172  0.0173  0.0173  0.0172  0.0173  0.0175  0.0172  0.0173  0.0172  0.0172
  0.0175  0.0175  0.0173  0.0176  0.0175  0.0174  0.0175  0.0179  0.0174  0.0175  0.0173  0.0173
    1.5877   -3.1831    8.1527   -1.5740  -16.6811   -5.9997
   -0.2676    7.7913   -2.3911   18.6019   -6.5648  -28.4079
eta,q 0.98290 11.50290

---------------------------------------------------------------------
imgreg_4dfp /opt/freesurfer/average/711-2C_as_mni_average_305 /opt/freesurfer/average/711-2B_as_mni_average_305_mask talsrcimg_g11 none talsrcimg_to_711-2C_as_mni_average_305_t4 2311
---------------------------------------------------------------------

freesurfer imgreg_4dfp.c
/opt/freesurfer/average/711-2C_as_mni_average_305.4dfp.img
       256       256       256         1
  1.000000  1.000000  1.000000
orientation T byte_order littleendian
Reading image: /opt/freesurfer/average/711-2C_as_mni_average_305.4dfp.img
dimensions:      256       256       256
mmppix:       1.0000   -1.0000   -1.0000
center:     128.0000 -129.0000 -129.0000
/opt/freesurfer/average/711-2B_as_mni_average_305_mask.4dfp.img
       256       256       256         1
  1.000000  1.000000  1.000000
orientation T byte_order littleendian
Reading mask: /opt/freesurfer/average/711-2B_as_mni_average_305_mask.4dfp.img (2306576 pixels)
talsrcimg_g11.4dfp.img
       256       256       256         1
  1.000000  1.000000  1.000000
orientation T byte_order littleendian
Reading image: talsrcimg_g11.4dfp.img
dimensions:      256       256       256
mmppix:       1.0000   -1.0000   -1.0000
center:     128.0000 -129.0000 -129.0000
fimgreg.f
image alignment mode   2311 decimal      907 hex
parameters
    1.5877   -3.1831    8.1527   -1.5740  -16.6811   -5.9997
   -0.2676    7.7913   -2.3911   18.6019   -6.5648  -28.4079
eta,q 0.98290 11.50290
niter,ni,del,rscale     5    3    5.0000    0.8000
parameters
    1.5758   -3.1502    8.2144   -1.9072  -16.8399   -6.3829
   -0.1903    7.7381   -2.3531   18.4242   -6.5335  -28.3073
eta,q 0.98284 11.47257
  0.0188  0.0186  0.0180  0.0186  0.0184  0.0182  0.0185  0.0198  0.0184  0.0188  0.0179  0.0180
  0.0179  0.0178  0.0175  0.0179  0.0178  0.0177  0.0178  0.0185  0.0177  0.0179  0.0175  0.0175
  0.0173  0.0173  0.0172  0.0173  0.0173  0.0173  0.0173  0.0175  0.0173  0.0174  0.0173  0.0173
  0.0171  0.0171  0.0171  0.0171  0.0171  0.0171  0.0172  0.0172  0.0172  0.0172  0.0172  0.0172
  0.0173  0.0173  0.0172  0.0173  0.0173  0.0172  0.0173  0.0175  0.0173  0.0173  0.0173  0.0172
  0.0179  0.0177  0.0174  0.0181  0.0178  0.0178  0.0177  0.0185  0.0177  0.0180  0.0175  0.0175
  0.0188  0.0185  0.0179  0.0192  0.0187  0.0190  0.0184  0.0200  0.0183  0.0191  0.0179  0.0179
niter,ni,del,rscale     4    3    5.0000    0.7000
parameters
    1.5729   -3.1956    8.1061   -1.7446  -16.7529   -6.4364
   -0.2318    7.7386   -2.3748   18.3931   -6.5255  -28.3846
eta,q 0.98286 11.47647
  0.0184  0.0182  0.0177  0.0185  0.0183  0.0181  0.0182  0.0193  0.0181  0.0184  0.0178  0.0177
  0.0177  0.0176  0.0174  0.0179  0.0177  0.0176  0.0176  0.0182  0.0175  0.0177  0.0174  0.0174
  0.0173  0.0173  0.0172  0.0174  0.0173  0.0173  0.0172  0.0174  0.0172  0.0173  0.0172  0.0172
  0.0172  0.0172  0.0172  0.0172  0.0171  0.0171  0.0171  0.0171  0.0171  0.0171  0.0171  0.0171
  0.0173  0.0173  0.0173  0.0172  0.0172  0.0171  0.0173  0.0174  0.0173  0.0172  0.0172  0.0172
  0.0177  0.0177  0.0175  0.0176  0.0176  0.0175  0.0176  0.0182  0.0176  0.0177  0.0174  0.0174
  0.0184  0.0183  0.0179  0.0185  0.0182  0.0183  0.0182  0.0193  0.0181  0.0186  0.0177  0.0178
niter,ni,del,rscale     3    3    5.0000    0.6000
parameters
    1.5755   -3.1985    8.0950   -1.6475  -16.7143   -6.3222
   -0.2541    7.7543   -2.3886   18.4503   -6.5444  -28.4112
eta,q 0.98287 11.48550
  0.0181  0.0179  0.0176  0.0182  0.0180  0.0178  0.0179  0.0188  0.0178  0.0181  0.0176  0.0176
  0.0176  0.0175  0.0173  0.0177  0.0176  0.0175  0.0175  0.0179  0.0174  0.0176  0.0173  0.0173
  0.0173  0.0172  0.0172  0.0173  0.0173  0.0173  0.0172  0.0174  0.0172  0.0173  0.0172  0.0172
  0.0171  0.0171  0.0171  0.0171  0.0171  0.0171  0.0171  0.0171  0.0171  0.0171  0.0171  0.0171
  0.0172  0.0172  0.0172  0.0172  0.0172  0.0171  0.0172  0.0173  0.0172  0.0172  0.0172  0.0172
  0.0176  0.0175  0.0174  0.0175  0.0175  0.0173  0.0175  0.0179  0.0174  0.0175  0.0173  0.0173
  0.0181  0.0179  0.0176  0.0182  0.0180  0.0179  0.0179  0.0188  0.0178  0.0181  0.0176  0.0176
niter,ni,del,rscale     2    3    5.0000    0.5000
parameters
    1.5815   -3.1924    8.1199   -1.5982  -16.6892   -6.1520
   -0.2603    7.7781   -2.3930   18.5163   -6.5699  -28.4229
eta,q 0.98289 11.49504
  0.0178  0.0177  0.0175  0.0179  0.0177  0.0176  0.0177  0.0183  0.0176  0.0178  0.0174  0.0174
  0.0174  0.0174  0.0173  0.0175  0.0174  0.0174  0.0174  0.0177  0.0173  0.0175  0.0173  0.0172
  0.0172  0.0172  0.0172  0.0172  0.0172  0.0172  0.0172  0.0173  0.0172  0.0172  0.0171  0.0171
  0.0171  0.0171  0.0171  0.0171  0.0171  0.0171  0.0171  0.0171  0.0171  0.0171  0.0171  0.0171
  0.0172  0.0172  0.0172  0.0172  0.0172  0.0171  0.0172  0.0172  0.0172  0.0172  0.0172  0.0171
  0.0174  0.0174  0.0173  0.0174  0.0174  0.0172  0.0174  0.0176  0.0173  0.0174  0.0173  0.0172
  0.0178  0.0177  0.0174  0.0179  0.0177  0.0176  0.0177  0.0183  0.0176  0.0178  0.0174  0.0174
niter,ni,del,rscale     1    3    5.0000    0.4000
parameters
    1.5881   -3.1798    8.1553   -1.5737  -16.6748   -5.9895
   -0.2600    7.7948   -2.3880   18.5983   -6.5545  -28.4070
eta,q 0.98290 11.50343
  0.0175  0.0175  0.0173  0.0176  0.0175  0.0175  0.0175  0.0179  0.0174  0.0176  0.0173  0.0173
  0.0173  0.0173  0.0172  0.0174  0.0173  0.0173  0.0173  0.0175  0.0172  0.0173  0.0172  0.0172
  0.0172  0.0172  0.0171  0.0172  0.0172  0.0172  0.0171  0.0172  0.0171  0.0172  0.0171  0.0171
  0.0171  0.0171  0.0171  0.0171  0.0171  0.0171  0.0171  0.0171  0.0171  0.0171  0.0171  0.0171
  0.0172  0.0171  0.0171  0.0171  0.0171  0.0171  0.0171  0.0172  0.0171  0.0171  0.0171  0.0171
  0.0173  0.0173  0.0172  0.0173  0.0173  0.0172  0.0173  0.0175  0.0172  0.0173  0.0172  0.0172
  0.0175  0.0175  0.0173  0.0176  0.0175  0.0174  0.0175  0.0179  0.0174  0.0175  0.0173  0.0173
registration optimization eta report
parameter search radius
    0.8000    0.8000    0.8000    2.4000    2.4000    2.4000
    2.4000    2.4000    2.4000    2.4000    2.4000    2.4000
100000*second partial in parameter space
       67.       56.       33.        9.        7.        6.
        6.       14.        5.        8.        4.        3.
  0.0175  0.0175  0.0173  0.0176  0.0175  0.0175  0.0175  0.0179  0.0174  0.0176  0.0173  0.0173
  0.0173  0.0173  0.0172  0.0174  0.0173  0.0173  0.0173  0.0175  0.0172  0.0173  0.0172  0.0172
  0.0172  0.0172  0.0171  0.0172  0.0172  0.0172  0.0171  0.0172  0.0171  0.0172  0.0171  0.0171
  0.0171  0.0171  0.0171  0.0171  0.0171  0.0171  0.0171  0.0171  0.0171  0.0171  0.0171  0.0171
  0.0172  0.0171  0.0171  0.0171  0.0171  0.0171  0.0171  0.0172  0.0171  0.0171  0.0171  0.0171
  0.0173  0.0173  0.0172  0.0173  0.0173  0.0172  0.0173  0.0175  0.0172  0.0173  0.0172  0.0172
  0.0175  0.0175  0.0173  0.0176  0.0175  0.0174  0.0175  0.0179  0.0174  0.0175  0.0173  0.0173
    1.5881   -3.1798    8.1553   -1.5737  -16.6748   -5.9895
   -0.2600    7.7948   -2.3880   18.5983   -6.5545  -28.4070
eta,q 0.98290 11.50343

---------------------------------------------------------------------
compute_vox2vox talsrcimg talsrcimg_to_711-2C_as_mni_average_305_t4 /opt/freesurfer/average/711-2C_as_mni_average_305
---------------------------------------------------------------------

freesurfer compute_vox2vox.c
Reading: talsrcimg.4dfp.ifh
Reading: talsrcimg_to_711-2C_as_mni_average_305_t4
Reading: /opt/freesurfer/average/711-2C_as_mni_average_305.4dfp.ifh
Writing: talsrcimg_to_711-2C_as_mni_average_305_t4_vox2vox.txt

start time Sun Mar 8 12:45:57 CET 2026
end		time Sun Mar 8 12:47:23 CET 2026

mpr2mni305 success

avi2talxfm orig_nu.mgz /opt/freesurfer/average/mni305.cor.mgz talsrcimg_to_711-2C_as_mni_average_305_t4_vox2vox.txt transforms/talairach.auto.xfm
avi2talxfm done
mv -f /out/sourcedata/freesurfer/sub-v1s12x0050116_ses-1/mri/talsrcimg_to_711-2C_as_mni_average_305_t4_vox2vox.txt /out/sourcedata/freesurfer/sub-v1s12x0050116_ses-1/mri/transforms/talsrcimg_to_711-2C_as_mni_average_305_t4_vox2vox.txt
lta_convert --src orig_nu.mgz --trg /opt/freesurfer/average/mni305.cor.mgz --inxfm transforms/talairach.auto.xfm --outlta transforms/talairach.auto.xfm.lta --subject fsaverage
7.3.2

--src: orig_nu.mgz src image (geometry).
--trg: /opt/freesurfer/average/mni305.cor.mgz trg image (geometry).
--inmni: transforms/talairach.auto.xfm input MNI/XFM transform.
--outlta: transforms/talairach.auto.xfm.lta output LTA.
--s: fsaverage subject name
 LTA read, type : 1
 1.01015  -0.07905  -0.02380  -0.18687;
 0.07417   0.99070   0.33798  -13.08672;
 0.01239  -0.22339   1.12400   1.53717;
 0.00000   0.00000   0.00000   1.00000;
setting subject to fsaverage
Writing  LTA to file transforms/talairach.auto.xfm.lta...
lta_convert successful.
 
 
Started at Sun Mar 8 12:45:57 CET 2026
Ended   at Sun Mar  8 12:47:23 CET 2026
talairach_avi done
