/out/sourcedata/freesurfer/sub-v1s12x0050114_ses-1/mri
/opt/freesurfer/bin/talairach_avi
--i orig_nu.mgz --xfm transforms/talairach.auto.xfm
talairach_avi 7.3.2
Linux dna058 5.14.0-427.37.1.el9_4.x86_64 #1 SMP PREEMPT_DYNAMIC Fri Sep 13 12:41:50 EDT 2024 x86_64 x86_64 x86_64 GNU/Linux
Sun Mar  8 12:45:43 CET 2026
mri_convert orig_nu.mgz talsrcimg.img 
reading from orig_nu.mgz...
TR=0.00, TE=0.00, TI=0.00, flip angle=0.00
i_ras = (-1, 0, 0)
j_ras = (0, 0, -1)
k_ras = (0, 1, 0)
writing to talsrcimg.img...
Analyze Output Matrix
-1.00000   0.00000   0.00000   125.63725;
 0.00000   0.00000   1.00000  -114.92495;
 0.00000  -1.00000   0.00000   126.60313;
 0.00000   0.00000   0.00000   1.00000;
--------------------
INFO: set hdr.hist.orient to -1
mpr2mni305 talsrcimg
Sun Mar  8 12:45:43 CET 2026
/opt/freesurfer/bin/mpr2mni305 talsrcimg
mpr2mni305 7.3.2
target=711-2C_as_mni_average_305

---------------------------------------------------------------------
analyzeto4dfp talsrcimg -O0 -y
---------------------------------------------------------------------

freesurfer ifh2hdr.c
Sun Mar  8 12:45:43 2026
Writing: talsrcimg.4dfp.hdr
freesurfer analyzeto4dfp.c
Reading: talsrcimg.hdr
header size 348 bytes
hdr.dime.datatype	offset=70	value=2
hdr.dime.bitpix		offset=72	value=8
hdr.hist.orient		offset=252	value=-1
dimensionality     4
dimensions       256       256       256         1
Reading: talsrcimg.img
Writing: talsrcimg.4dfp.img
Writing: talsrcimg.4dfp.ifh
ifh2hdr talsrcimg -r0to220
ori=2

---------------------------------------------------------------------
gauss_4dfp talsrcimg 1.1
---------------------------------------------------------------------

freesurfer gauss_4dfp.c
Reading: talsrcimg.4dfp.img
Writing: talsrcimg_g11.4dfp.img
image dimensions 256 256 256 padded to 288 288 288
processing volume 1freesurfer ifh2hdr.c
Sun Mar  8 12:45:45 2026
Writing: talsrcimg_g11.4dfp.hdr

Writing: talsrcimg_g11.4dfp.ifh
including: talsrcimg.4dfp.img.rec in talsrcimg_g11.4dfp.img.rec

---------------------------------------------------------------------
imgreg_4dfp /opt/freesurfer/average/711-2C_as_mni_average_305 none talsrcimg_g11 none talsrcimg_to_711-2C_as_mni_average_305_t4 4355
---------------------------------------------------------------------

freesurfer imgreg_4dfp.c
/opt/freesurfer/average/711-2C_as_mni_average_305.4dfp.img
       256       256       256         1
  1.000000  1.000000  1.000000
orientation T byte_order littleendian
Reading image: /opt/freesurfer/average/711-2C_as_mni_average_305.4dfp.img
dimensions:      256       256       256
mmppix:       1.0000   -1.0000   -1.0000
center:     128.0000 -129.0000 -129.0000
talsrcimg_g11.4dfp.img
       256       256       256         1
  1.000000  1.000000  1.000000
orientation T byte_order littleendian
Reading image: talsrcimg_g11.4dfp.img
dimensions:      256       256       256
mmppix:       1.0000   -1.0000   -1.0000
center:     128.0000 -129.0000 -129.0000
t4_read: open error in t4_sub.f l:  41 t4_file(1:l)talsrcimg_to_711-2C_as_mni_average_305_t4 
t4_read: transform initialized to I4
rotation matrix determinant  1.000000
image alignment mode   4355 decimal     1103 hex
   -7.5000  -45.0000  -45.0000 9329.2646   17.5191
    0.0000  -45.0000  -45.0000 9728.1406   17.4945
    7.5000  -45.0000  -45.0000 9213.3975   17.4763
   -7.5000  -37.5000  -45.0000 9827.6172   17.4915
    0.0000  -37.5000  -45.000010252.6650   17.4719
    7.5000  -37.5000  -45.0000 9699.0225   17.4529
   -7.5000  -30.0000  -45.000010689.8027   17.4595
    0.0000  -30.0000  -45.000011157.3975   17.4445
    7.5000  -30.0000  -45.000010538.5381   17.4263
   -7.5000  -22.5000  -45.000011530.8662   17.4509
    0.0000  -22.5000  -45.000011996.1758   17.4354
    7.5000  -22.5000  -45.000011330.7188   17.4192
   -7.5000  -15.0000  -45.000012244.4443   17.4639
    0.0000  -15.0000  -45.000012722.9170   17.4441
    7.5000  -15.0000  -45.000011988.8184   17.4280
   -7.5000   -7.5000  -45.000012845.1357   17.4905
    0.0000   -7.5000  -45.000013353.9971   17.4662
    7.5000   -7.5000  -45.000012530.6035   17.4492
   -7.5000    0.0000  -45.000013207.6406   17.5094
    0.0000    0.0000  -45.000013730.5361   17.4849
    7.5000    0.0000  -45.000012876.7256   17.4667
   -7.5000    7.5000  -45.000012568.2188   17.4915
    0.0000    7.5000  -45.000013099.6826   17.4719
    7.5000    7.5000  -45.000012263.1309   17.4529
   -7.5000   15.0000  -45.000011865.2598   17.4595
    0.0000   15.0000  -45.000012398.6074   17.4445
    7.5000   15.0000  -45.000011603.6289   17.4263
   -7.5000   22.5000  -45.000011058.8867   17.4485
    0.0000   22.5000  -45.000011576.8418   17.4330
    7.5000   22.5000  -45.000010808.1016   17.4168
   -7.5000   30.0000  -45.000010120.3018   17.2312
    0.0000   30.0000  -45.000010609.7510   17.2116
    7.5000   30.0000  -45.0000 9895.2832   17.1957
   -7.5000   37.5000  -45.0000 9514.1787   17.2574
    0.0000   37.5000  -45.0000 9982.9844   17.2334
    7.5000   37.5000  -45.0000 9329.4326   17.2166
   -7.5000   45.0000  -45.0000 8588.8633   16.8823
    0.0000   45.0000  -45.0000 9020.9834   16.8587
    7.5000   45.0000  -45.0000 8430.5576   16.8413
   -7.5000  -45.0000  -37.5000 9732.8877   17.5192
    0.0000  -45.0000  -37.500010159.0352   17.4996
    7.5000  -45.0000  -37.5000 9619.8447   17.4860
   -7.5000  -37.5000  -37.500010258.5469   17.4950
    0.0000  -37.5000  -37.500010696.8213   17.4794
    7.5000  -37.5000  -37.500010114.8184   17.4642
   -7.5000  -30.0000  -37.500011165.6230   17.4643
    0.0000  -30.0000  -37.500011650.2666   17.4530
    7.5000  -30.0000  -37.500010995.1943   17.4373
   -7.5000  -22.5000  -37.500012019.1885   17.4527
    0.0000  -22.5000  -37.500012524.7305   17.4416
    7.5000  -22.5000  -37.500011802.4541   17.4269
   -7.5000  -15.0000  -37.500012746.2051   17.4646
    0.0000  -15.0000  -37.500013309.2480   17.4500
    7.5000  -15.0000  -37.500012524.8389   17.4363
   -7.5000   -7.5000  -37.500013358.5820   17.4909
    0.0000   -7.5000  -37.500013958.8008   17.4723
    7.5000   -7.5000  -37.500013101.8838   17.4590
   -7.5000    0.0000  -37.500013765.0312   17.5097
    0.0000    0.0000  -37.500014381.7861   17.4902
    7.5000    0.0000  -37.500013479.4248   17.4766
   -7.5000    7.5000  -37.500013088.8281   17.4950
    0.0000    7.5000  -37.500013688.7441   17.4794
    7.5000    7.5000  -37.500012801.2275   17.4642
   -7.5000   15.0000  -37.500012334.0322   17.4643
    0.0000   15.0000  -37.500012927.7588   17.4530
    7.5000   15.0000  -37.500012083.3330   17.4373
   -7.5000   22.5000  -37.500011483.0459   17.4503
    0.0000   22.5000  -37.500012046.3184   17.4392
    7.5000   22.5000  -37.500011261.6250   17.4245
   -7.5000   30.0000  -37.500010551.3213   17.2319
    0.0000   30.0000  -37.500011065.8955   17.2175
    7.5000   30.0000  -37.500010330.6221   17.2039
   -7.5000   37.5000  -37.5000 9888.8535   17.2579
    0.0000   37.5000  -37.500010391.8330   17.2394
    7.5000   37.5000  -37.5000 9723.8164   17.2263
   -7.5000   45.0000  -37.5000 8907.0977   16.8827
    0.0000   45.0000  -37.5000 9373.6895   16.8638
    7.5000   45.0000  -37.5000 8733.4424   16.8508
   -7.5000  -45.0000  -30.000010283.1084   18.2291
    0.0000  -45.0000  -30.000010735.7373   18.2157
    7.5000  -45.0000  -30.000010178.0645   18.2075
   -7.5000  -37.5000  -30.000010862.5254   18.1978
    0.0000  -37.5000  -30.000011341.6729   18.1907
    7.5000  -37.5000  -30.000010729.5176   18.1840
   -7.5000  -30.0000  -30.000011831.9844   18.1580
    0.0000  -30.0000  -30.000012364.1260   18.1586
    7.5000  -30.0000  -30.000011663.3340   18.1528
   -7.5000  -22.5000  -30.000012713.6475   18.1415
    0.0000  -22.5000  -30.000013263.2080   18.1431
    7.5000  -22.5000  -30.000012505.6562   18.1368
   -7.5000  -15.0000  -30.000013453.1201   18.1583
    0.0000  -15.0000  -30.000014055.4951   18.1546
    7.5000  -15.0000  -30.000013268.9688   18.1465
   -7.5000   -7.5000  -30.000014073.8242   18.1962
    0.0000   -7.5000  -30.000014732.7246   18.1852
    7.5000   -7.5000  -30.000013884.7246   18.1762
   -7.5000    0.0000  -30.000014490.1709   18.2192
    0.0000    0.0000  -30.000015197.1963   18.2059
    7.5000    0.0000  -30.000014291.7266   18.1978
   -7.5000    7.5000  -30.000013781.1377   18.1978
    0.0000    7.5000  -30.000014479.6396   18.1907
    7.5000    7.5000  -30.000013588.5645   18.1840
   -7.5000   15.0000  -30.000012971.7334   18.1580
    0.0000   15.0000  -30.000013653.3662   18.1586
    7.5000   15.0000  -30.000012819.7695   18.1528
   -7.5000   22.5000  -30.000012116.9600   18.1371
    0.0000   22.5000  -30.000012737.3750   18.1387
    7.5000   22.5000  -30.000011949.5547   18.1325
   -7.5000   30.0000  -30.000011173.6201   17.9180
    0.0000   30.0000  -30.000011752.6230   17.9144
    7.5000   30.0000  -30.000010979.2910   17.9064
   -7.5000   37.5000  -30.000010498.1426   17.9555
    0.0000   37.5000  -30.000011062.9512   17.9446
    7.5000   37.5000  -30.000010326.5801   17.9357
   -7.5000   45.0000  -30.0000 9433.3301   17.5789
    0.0000   45.0000  -30.0000 9949.5566   17.5661
    7.5000   45.0000  -30.0000 9253.7461   17.5584
   -7.5000  -45.0000  -22.500010782.5908   18.8625
    0.0000  -45.0000  -22.500011283.7686   18.8511
    7.5000  -45.0000  -22.500010707.1787   18.8422
   -7.5000  -37.5000  -22.500011386.1650   18.8210
    0.0000  -37.5000  -22.500011928.2031   18.8190
    7.5000  -37.5000  -22.500011290.3545   18.8158
   -7.5000  -30.0000  -22.500012470.6299   18.7684
    0.0000  -30.0000  -22.500013057.0342   18.7776
    7.5000  -30.0000  -22.500012271.8662   18.7795
   -7.5000  -22.5000  -22.500013370.5234   18.7474
    0.0000  -22.5000  -22.500013981.2432   18.7579
    7.5000  -22.5000  -22.500013193.6797   18.7590
   -7.5000  -15.0000  -22.500014079.6621   18.7695
    0.0000  -15.0000  -22.500014734.9648   18.7719
    7.5000  -15.0000  -22.500013980.0840   18.7674
   -7.5000   -7.5000  -22.500014737.3896   18.8218
    0.0000   -7.5000  -22.500015422.0391   18.8134
    7.5000   -7.5000  -22.500014652.7021   18.8042
   -7.5000    0.0000  -22.500015167.0039   18.8522
    0.0000    0.0000  -22.500015913.9980   18.8409
    7.5000    0.0000  -22.500015085.9961   18.8321
   -7.5000    7.5000  -22.500014456.0889   18.8210
    0.0000    7.5000  -22.500015237.1797   18.8190
    7.5000    7.5000  -22.500014411.4443   18.8158
   -7.5000   15.0000  -22.500013603.8496   18.7684
    0.0000   15.0000  -22.500014371.1748   18.7776
    7.5000   15.0000  -22.500013548.9766   18.7795
   -7.5000   22.5000  -22.500012732.0576   18.7416
    0.0000   22.5000  -22.500013431.2363   18.7521
    7.5000   22.5000  -22.500012617.8701   18.7532
   -7.5000   30.0000  -22.500011803.0732   18.5240
    0.0000   30.0000  -22.500012428.0391   18.5264
    7.5000   30.0000  -22.500011621.3496   18.5219
   -7.5000   37.5000  -22.500011160.7100   18.5756
    0.0000   37.5000  -22.500011744.4180   18.5673
    7.5000   37.5000  -22.500010968.6621   18.5582
   -7.5000   45.0000  -22.500010009.5410   18.2026
    0.0000   45.0000  -22.500010562.1807   18.1917
    7.5000   45.0000  -22.5000 9802.9023   18.1834
   -7.5000  -45.0000  -15.000011194.7188   19.3419
    0.0000  -45.0000  -15.000011668.4316   19.3265
    7.5000  -45.0000  -15.000011098.1572   19.3118
   -7.5000  -37.5000  -15.000011823.6709   19.2959
    0.0000  -37.5000  -15.000012369.3730   19.2911
    7.5000  -37.5000  -15.000011695.2900   19.2835
   -7.5000  -30.0000  -15.000013016.4648   19.2378
    0.0000  -30.0000  -15.000013633.8896   19.2449
    7.5000  -30.0000  -15.000012737.9092   19.2453
   -7.5000  -22.5000  -15.000014056.0889   19.2163
    0.0000  -22.5000  -15.000014717.2627   19.2244
    7.5000  -22.5000  -15.000013813.7129   19.2251
   -7.5000  -15.0000  -15.000014805.0527   19.2396
    0.0000  -15.0000  -15.000015490.1758   19.2384
    7.5000  -15.0000  -15.000014716.0439   19.2320
   -7.5000   -7.5000  -15.000015500.7637   19.2965
    0.0000   -7.5000  -15.000016207.0449   19.2837
    7.5000   -7.5000  -15.000015474.2041   19.2698
   -7.5000    0.0000  -15.000015965.7188   19.3312
    0.0000    0.0000  -15.000016757.8008   19.3159
    7.5000    0.0000  -15.000015935.9004   19.3011
   -7.5000    7.5000  -15.000015246.1543   19.2959
    0.0000    7.5000  -15.000016067.5264   19.2911
    7.5000    7.5000  -15.000015216.7549   19.2835
   -7.5000   15.0000  -15.000014406.6885   19.2378
    0.0000   15.0000  -15.000015190.4248   19.2449
    7.5000   15.0000  -15.000014300.0908   19.2453
   -7.5000   22.5000  -15.000013493.1270   19.2095
    0.0000   22.5000  -15.000014244.8018   19.2176
    7.5000   22.5000  -15.000013315.9150   19.2183
   -7.5000   30.0000  -15.000012524.7139   18.9906
    0.0000   30.0000  -15.000013239.5127   18.9894
    7.5000   30.0000  -15.000012299.3076   18.9831
   -7.5000   37.5000  -15.000011875.7354   19.0467
    0.0000   37.5000  -15.000012513.3477   19.0342
    7.5000   37.5000  -15.000011617.8125   19.0204
   -7.5000   45.0000  -15.000010621.1084   18.6761
    0.0000   45.0000  -15.000011182.9590   18.6613
    7.5000   45.0000  -15.000010390.3984   18.6474
   -7.5000  -45.0000   -7.500011519.1807   19.5813
    0.0000  -45.0000   -7.500012025.9375   19.5577
    7.5000  -45.0000   -7.500011473.5273   19.5377
   -7.5000  -37.5000   -7.500012155.4199   19.5407
    0.0000  -37.5000   -7.500012706.1328   19.5258
    7.5000  -37.5000   -7.500012118.2217   19.5096
   -7.5000  -30.0000   -7.500013442.5645   19.4924
    0.0000  -30.0000   -7.500014121.2031   19.4866
    7.5000  -30.0000   -7.500013268.6436   19.4759
   -7.5000  -22.5000   -7.500014825.8369   19.4778
    0.0000  -22.5000   -7.500015626.0439   19.4722
    7.5000  -22.5000   -7.500014539.3506   19.4629
   -7.5000  -15.0000   -7.500015833.4590   19.4977
    0.0000  -15.0000   -7.500016708.1250   19.4842
    7.5000  -15.0000   -7.500015675.6533   19.4708
   -7.5000   -7.5000   -7.500016514.5957   19.5419
    0.0000   -7.5000   -7.500017334.4453   19.5197
    7.5000   -7.5000   -7.500016389.3242   19.5009
   -7.5000    0.0000   -7.500016943.0840   19.5704
    0.0000    0.0000   -7.500017737.9883   19.5468
    7.5000    0.0000   -7.500016750.7734   19.5269
   -7.5000    7.5000   -7.500016163.0244   19.5407
    0.0000    7.5000   -7.500016931.0938   19.5258
    7.5000    7.5000   -7.500015923.0791   19.5096
   -7.5000   15.0000   -7.500015265.6865   19.4924
    0.0000   15.0000   -7.500015998.1836   19.4866
    7.5000   15.0000   -7.500014990.8652   19.4759
   -7.5000   22.5000   -7.500014266.6455   19.4688
    0.0000   22.5000   -7.500014977.0166   19.4632
    7.5000   22.5000   -7.500013983.3398   19.4539
   -7.5000   30.0000   -7.500013220.9424   19.2448
    0.0000   30.0000   -7.500013896.6895   19.2315
    7.5000   30.0000   -7.500012965.3711   19.2183
   -7.5000   37.5000   -7.500012489.5537   19.2884
    0.0000   37.5000   -7.500013119.9590   19.2665
    7.5000   37.5000   -7.500012249.6523   19.2480
   -7.5000   45.0000   -7.500011100.3359   18.9114
    0.0000   45.0000   -7.500011672.1699   18.8887
    7.5000   45.0000   -7.500010881.7520   18.8697
   -7.5000  -45.0000    0.000011797.7051   19.6043
    0.0000  -45.0000    0.000012309.8018   19.5768
    7.5000  -45.0000    0.000011789.0830   19.5564
   -7.5000  -37.5000    0.000012453.9062   19.5735
    0.0000  -37.5000    0.000013007.7080   19.5515
    7.5000  -37.5000    0.000012445.7627   19.5302
   -7.5000  -30.0000    0.000013788.3652   19.5377
    0.0000  -30.0000    0.000014489.9033   19.5209
    7.5000  -30.0000    0.000013660.4619   19.5005
   -7.5000  -22.5000    0.000015291.3545   19.5280
    0.0000  -22.5000    0.000016189.2646   19.5107
    7.5000  -22.5000    0.000014995.5898   19.4925
   -7.5000  -15.0000    0.000016489.8320   19.5426
    0.0000  -15.0000    0.000017448.2637   19.5204
    7.5000  -15.0000    0.000016175.8984   19.5024
   -7.5000   -7.5000    0.000017184.7695   19.5724
    0.0000   -7.5000    0.000018042.9355   19.5451
    7.5000   -7.5000    0.000016880.5566   19.5261
   -7.5000    0.0000    0.000017568.4043   19.5935
    0.0000    0.0000    0.000018383.4238   19.5661
    7.5000    0.0000    0.000017202.8848   19.5457
   -7.5000    7.5000    0.000016692.9746   19.5735
    0.0000    7.5000    0.000017457.2559   19.5515
    7.5000    7.5000    0.000016350.2461   19.5302
   -7.5000   15.0000    0.000015668.9072   19.5377
    0.0000   15.0000    0.000016405.1035   19.5209
    7.5000   15.0000    0.000015400.6699   19.5005
   -7.5000   22.5000    0.000014640.6445   19.5190
    0.0000   22.5000    0.000015335.4980   19.5017
    7.5000   22.5000    0.000014413.3418   19.4835
   -7.5000   30.0000    0.000013560.5186   19.2896
    0.0000   30.0000    0.000014234.5215   19.2677
    7.5000   30.0000    0.000013350.6611   19.2500
   -7.5000   37.5000    0.000012847.9678   19.3191
    0.0000   37.5000    0.000013472.9951   19.2922
    7.5000   37.5000    0.000012638.9854   19.2734
   -7.5000   45.0000    0.000011419.0684   18.9362
    0.0000   45.0000    0.000011954.5547   18.9097
    7.5000   45.0000    0.000011214.5146   18.8902
   -7.5000  -45.0000    7.500011223.2803   19.6045
    0.0000  -45.0000    7.500011726.5098   19.5826
    7.5000  -45.0000    7.500011165.7383   19.5673
   -7.5000  -37.5000    7.500011861.3623   19.5773
    0.0000  -37.5000    7.500012420.6797   19.5599
    7.5000  -37.5000    7.500011799.0850   19.5429
   -7.5000  -30.0000    7.500013131.7588   19.5430
    0.0000  -30.0000    7.500013766.3291   19.5304
    7.5000  -30.0000    7.500012941.4424   19.5128
   -7.5000  -22.5000    7.500014470.1162   19.5300
    0.0000  -22.5000    7.500015169.6533   19.5176
    7.5000  -22.5000    7.500014161.3281   19.5012
   -7.5000  -15.0000    7.500015405.8535   19.5434
    0.0000  -15.0000    7.500016047.1934   19.5271
    7.5000  -15.0000    7.500015163.4609   19.5117
   -7.5000   -7.5000    7.500015989.8027   19.5728
    0.0000   -7.5000    7.500016593.4785   19.5519
    7.5000   -7.5000    7.500015804.8770   19.5371
   -7.5000    0.0000    7.500016469.8164   19.5939
    0.0000    0.0000    7.500017178.7637   19.5720
    7.5000    0.0000    7.500016270.5781   19.5567
   -7.5000    7.5000    7.500015770.2197   19.5773
    0.0000    7.5000    7.500016512.3145   19.5599
    7.5000    7.5000    7.500015583.1592   19.5429
   -7.5000   15.0000    7.500014829.0078   19.5430
    0.0000   15.0000    7.500015522.9727   19.5304
    7.5000   15.0000    7.500014655.2500   19.5128
   -7.5000   22.5000    7.500013869.1660   19.5210
    0.0000   22.5000    7.500014508.8955   19.5086
    7.5000   22.5000    7.500013689.2607   19.4922
   -7.5000   30.0000    7.500012812.5996   19.2905
    0.0000   30.0000    7.500013431.0430   19.2744
    7.5000   30.0000    7.500012636.4453   19.2591
   -7.5000   37.5000    7.500012077.7832   19.3195
    0.0000   37.5000    7.500012666.4102   19.2989
    7.5000   37.5000    7.500011910.7979   19.2842
   -7.5000   45.0000    7.500010689.0986   18.9367
    0.0000   45.0000    7.500011194.7334   18.9155
    7.5000   45.0000    7.500010521.2168   18.9009
   -7.5000  -45.0000   15.000010500.5713   19.6506
    0.0000  -45.0000   15.000010993.0752   19.6361
    7.5000  -45.0000   15.000010431.6094   19.6265
   -7.5000  -37.5000   15.000011063.6299   19.6166
    0.0000  -37.5000   15.000011557.0078   19.6089
    7.5000  -37.5000   15.000010986.5176   19.6009
   -7.5000  -30.0000   15.000012177.1709   19.5732
    0.0000  -30.0000   15.000012740.5518   19.5738
    7.5000  -30.0000   15.000012039.5830   19.5668
   -7.5000  -22.5000   15.000013333.3789   19.5552
    0.0000  -22.5000   15.000013954.9307   19.5569
    7.5000  -22.5000   15.000013128.3555   19.5494
   -7.5000  -15.0000   15.000014109.9541   19.5735
    0.0000  -15.0000   15.000014661.6797   19.5695
    7.5000  -15.0000   15.000013955.8525   19.5600
   -7.5000   -7.5000   15.000014639.9834   19.6149
    0.0000   -7.5000   15.000015204.5342   19.6029
    7.5000   -7.5000   15.000014542.1934   19.5925
   -7.5000    0.0000   15.000015148.9404   19.6400
    0.0000    0.0000   15.000015822.8613   19.6255
    7.5000    0.0000   15.000015052.4922   19.6160
   -7.5000    7.5000   15.000014592.3750   19.6166
    0.0000    7.5000   15.000015273.7354   19.6089
    7.5000    7.5000   15.000014491.4883   19.6009
   -7.5000   15.0000   15.000013764.2646   19.5732
    0.0000   15.0000   15.000014405.7207   19.5738
    7.5000   15.0000   15.000013643.3506   19.5668
   -7.5000   22.5000   15.000012844.2354   19.5462
    0.0000   22.5000   15.000013470.9912   19.5479
    7.5000   22.5000   15.000012735.2451   19.5404
   -7.5000   30.0000   15.000011868.0967   19.3202
    0.0000   30.0000   15.000012455.9209   19.3162
    7.5000   30.0000   15.000011746.3555   19.3069
   -7.5000   37.5000   15.000011164.1562   19.3610
    0.0000   37.5000   15.000011681.1152   19.3492
    7.5000   37.5000   15.000011018.1084   19.3389
   -7.5000   45.0000   15.0000 9887.4746   18.9807
    0.0000   45.0000   15.000010323.0576   18.9667
    7.5000   45.0000   15.0000 9757.3164   18.9577
   -7.5000  -45.0000   22.5000 9776.6123   20.0207
    0.0000  -45.0000   22.500010214.8760   20.0081
    7.5000  -45.0000   22.5000 9707.0127   19.9971
   -7.5000  -37.5000   22.500010273.6367   19.9754
    0.0000  -37.5000   22.500010723.7236   19.9728
    7.5000  -37.5000   22.500010209.0527   19.9680
   -7.5000  -30.0000   22.500011287.1318   19.9184
    0.0000  -30.0000   22.500011812.6240   19.9278
    7.5000  -30.0000   22.500011196.5088   19.9284
   -7.5000  -22.5000   22.500012283.4277   19.8959
    0.0000  -22.5000   22.500012849.0508   19.9068
    7.5000  -22.5000   22.500012177.5420   19.9065
   -7.5000  -15.0000   22.500012968.3867   19.9201
    0.0000  -15.0000   22.500013509.6240   19.9223
    7.5000  -15.0000   22.500012875.0908   19.9158
   -7.5000   -7.5000   22.500013526.0977   19.9767
    0.0000   -7.5000   22.500014108.2041   19.9673
    7.5000   -7.5000   22.500013469.9238   19.9558
   -7.5000    0.0000   22.500014025.4355   20.0095
    0.0000    0.0000   22.500014670.6611   19.9970
    7.5000    0.0000   22.500013976.3760   19.9860
   -7.5000    7.5000   22.500013479.8213   19.9754
    0.0000    7.5000   22.500014091.5303   19.9728
    7.5000    7.5000   22.500013421.6748   19.9680
   -7.5000   15.0000   22.500012742.0430   19.9184
    0.0000   15.0000   22.500013330.6777   19.9278
    7.5000   15.0000   22.500012674.5107   19.9284
   -7.5000   22.5000   22.500011881.4736   19.8868
    0.0000   22.5000   22.500012456.8477   19.8976
    7.5000   22.5000   22.500011803.8838   19.8973
   -7.5000   30.0000   22.500010957.8887   19.6623
    0.0000   30.0000   22.500011498.6182   19.6645
    7.5000   30.0000   22.500010880.7432   19.6581
   -7.5000   37.5000   22.500010312.0361   19.7182
    0.0000   37.5000   22.500010782.4473   19.7089
    7.5000   37.5000   22.500010219.2373   19.6976
   -7.5000   45.0000   22.5000 9151.3613   19.3379
    0.0000   45.0000   22.5000 9549.8389   19.3258
    7.5000   45.0000   22.5000 9079.7959   19.3155
   -7.5000  -45.0000   30.0000 8993.2275   20.5485
    0.0000  -45.0000   30.0000 9402.2588   20.5312
    7.5000  -45.0000   30.0000 8934.0352   20.5131
   -7.5000  -37.5000   30.0000 9461.4395   20.4975
    0.0000  -37.5000   30.0000 9893.8281   20.4915
    7.5000  -37.5000   30.0000 9410.2471   20.4814
   -7.5000  -30.0000   30.000010377.7285   20.4341
    0.0000  -30.0000   30.000010902.2471   20.4411
    7.5000  -30.0000   30.000010338.9043   20.4398
   -7.5000  -22.5000   30.000011250.5254   20.4114
    0.0000  -22.5000   30.000011788.2119   20.4197
    7.5000  -22.5000   30.000011192.9043   20.4186
   -7.5000  -15.0000   30.000011871.9160   20.4372
    0.0000  -15.0000   30.000012380.2646   20.4356
    7.5000  -15.0000   30.000011796.4199   20.4266
   -7.5000   -7.5000   30.000012412.5000   20.4990
    0.0000   -7.5000   30.000012978.1689   20.4848
    7.5000   -7.5000   30.000012362.4014   20.4675
   -7.5000    0.0000   30.000012874.1855   20.5366
    0.0000    0.0000   30.000013494.5303   20.5193
    7.5000    0.0000   30.000012842.1572   20.5013
   -7.5000    7.5000   30.000012354.9053   20.4975
    0.0000    7.5000   30.000012937.9014   20.4915
    7.5000    7.5000   30.000012314.4346   20.4814
   -7.5000   15.0000   30.000011691.4971   20.4341
    0.0000   15.0000   30.000012245.5049   20.4411
    7.5000   15.0000   30.000011634.4795   20.4398
   -7.5000   22.5000   30.000010897.4639   20.4020
    0.0000   22.5000   30.000011423.0078   20.4103
    7.5000   22.5000   30.000010825.5518   20.4092
   -7.5000   30.0000   30.000010045.0762   20.1727
    0.0000   30.0000   30.000010540.8467   20.1711
    7.5000   30.0000   30.0000 9980.1152   20.1622
   -7.5000   37.5000   30.0000 9454.6826   20.2337
    0.0000   37.5000   30.0000 9891.3311   20.2197
    7.5000   37.5000   30.0000 9385.4980   20.2026
   -7.5000   45.0000   30.0000 8413.5762   19.8483
    0.0000   45.0000   30.0000 8782.4727   19.8316
    7.5000   45.0000   30.0000 8358.7607   19.8145
   -7.5000  -45.0000   37.5000 8612.1836   21.2873
    0.0000  -45.0000   37.5000 8956.4746   21.2592
    7.5000  -45.0000   37.5000 8526.2090   21.2275
   -7.5000  -37.5000   37.5000 9083.1836   21.2343
    0.0000  -37.5000   37.5000 9486.2520   21.2162
    7.5000  -37.5000   37.5000 9019.8418   21.1903
   -7.5000  -30.0000   37.5000 9953.9160   21.1746
    0.0000  -30.0000   37.500010446.1611   21.1665
    7.5000  -30.0000   37.5000 9910.9619   21.1485
   -7.5000  -22.5000   37.500010751.2393   21.1606
    0.0000  -22.5000   37.500011229.9414   21.1524
    7.5000  -22.5000   37.500010669.7676   21.1361
   -7.5000  -15.0000   37.500011344.7754   21.1896
    0.0000  -15.0000   37.500011827.0039   21.1725
    7.5000  -15.0000   37.500011248.4580   21.1499
   -7.5000   -7.5000   37.500011876.5518   21.2436
    0.0000   -7.5000   37.500012408.9170   21.2169
    7.5000   -7.5000   37.500011790.1318   21.1868
   -7.5000    0.0000   37.500012309.9023   21.2744
    0.0000    0.0000   37.500012901.2168   21.2464
    7.5000    0.0000   37.500012233.8584   21.2147
   -7.5000    7.5000   37.500011825.6445   21.2343
    0.0000    7.5000   37.500012394.5693   21.2162
    7.5000    7.5000   37.500011757.5938   21.1903
   -7.5000   15.0000   37.500011194.7617   21.1746
    0.0000   15.0000   37.500011742.9785   21.1665
    7.5000   15.0000   37.500011124.2520   21.1485
   -7.5000   22.5000   37.500010423.8955   21.1509
    0.0000   22.5000   37.500010945.5547   21.1426
    7.5000   22.5000   37.500010356.8027   21.1263
   -7.5000   30.0000   37.5000 9568.7822   20.9154
    0.0000   30.0000   37.500010023.5801   20.8985
    7.5000   30.0000   37.5000 9503.9111   20.8762
   -7.5000   37.5000   37.5000 9007.0791   20.9687
    0.0000   37.5000   37.5000 9408.6738   20.9423
    7.5000   37.5000   37.5000 8961.7988   20.9126
   -7.5000   45.0000   37.5000 8055.4922   20.5632
    0.0000   45.0000   37.5000 8386.7822   20.5362
    7.5000   45.0000   37.5000 8013.5024   20.5058
   -7.5000  -45.0000   45.0000 7889.7095   22.0555
    0.0000  -45.0000   45.0000 8157.8022   22.0293
    7.5000  -45.0000   45.0000 7806.3628   22.0038
   -7.5000  -37.5000   45.0000 8341.2119   22.0138
    0.0000  -37.5000   45.0000 8676.4922   21.9946
    7.5000  -37.5000   45.0000 8278.9316   21.9685
   -7.5000  -30.0000   45.0000 9147.5029   21.9682
    0.0000  -30.0000   45.0000 9565.5508   21.9535
    7.5000  -30.0000   45.0000 9099.0977   21.9305
   -7.5000  -22.5000   45.0000 9855.0605   21.9596
    0.0000  -22.5000   45.000010271.6914   21.9422
    7.5000  -22.5000   45.0000 9777.5117   21.9226
   -7.5000  -15.0000   45.000010399.5605   21.9823
    0.0000  -15.0000   45.000010845.7861   21.9583
    7.5000  -15.0000   45.000010324.8682   21.9381
   -7.5000   -7.5000   45.000010888.3467   22.0190
    0.0000   -7.5000   45.000011379.8477   21.9907
    7.5000   -7.5000   45.000010820.5000   21.9678
   -7.5000    0.0000   45.000011298.0771   22.0418
    0.0000    0.0000   45.000011819.9336   22.0156
    7.5000    0.0000   45.000011214.3398   21.9901
   -7.5000    7.5000   45.000010860.1025   22.0138
    0.0000    7.5000   45.000011356.5049   21.9946
    7.5000    7.5000   45.000010774.7461   21.9685
   -7.5000   15.0000   45.000010283.4209   21.9682
    0.0000   15.0000   45.000010750.5264   21.9535
    7.5000   15.0000   45.000010187.8652   21.9305
   -7.5000   22.5000   45.0000 9585.7021   21.9494
    0.0000   22.5000   45.000010019.4580   21.9321
    7.5000   22.5000   45.0000 9509.5176   21.9124
   -7.5000   30.0000   45.0000 8774.2852   21.6959
    0.0000   30.0000   45.0000 9148.4922   21.6722
    7.5000   30.0000   45.0000 8700.9307   21.6523
   -7.5000   37.5000   45.0000 8257.1455   21.7322
    0.0000   37.5000   45.0000 8586.7012   21.7042
    7.5000   37.5000   45.0000 8202.6191   21.6816
   -7.5000   45.0000   45.0000 7418.3105   21.3151
    0.0000   45.0000   45.0000 7692.0352   21.2898
    7.5000   45.0000   45.0000 7353.3442   21.2653

---------------------------------------------------------------------
imgreg_4dfp /opt/freesurfer/average/711-2C_as_mni_average_305 /opt/freesurfer/average/711-2B_as_mni_average_305_mask talsrcimg_g11 none talsrcimg_to_711-2C_as_mni_average_305_t4 4355
---------------------------------------------------------------------

freesurfer imgreg_4dfp.c
/opt/freesurfer/average/711-2C_as_mni_average_305.4dfp.img
       256       256       256         1
  1.000000  1.000000  1.000000
orientation T byte_order littleendian
Reading image: /opt/freesurfer/average/711-2C_as_mni_average_305.4dfp.img
dimensions:      256       256       256
mmppix:       1.0000   -1.0000   -1.0000
center:     128.0000 -129.0000 -129.0000
/opt/freesurfer/average/711-2B_as_mni_average_305_mask.4dfp.img
       256       256       256         1
  1.000000  1.000000  1.000000
orientation T byte_order littleendian
Reading mask: /opt/freesurfer/average/711-2B_as_mni_average_305_mask.4dfp.img (2306576 pixels)
talsrcimg_g11.4dfp.img
       256       256       256         1
  1.000000  1.000000  1.000000
orientation T byte_order littleendian
Reading image: talsrcimg_g11.4dfp.img
dimensions:      256       256       256
mmppix:       1.0000   -1.0000   -1.0000
center:     128.0000 -129.0000 -129.0000
rotation matrix determinant  1.000000
image alignment mode   4355 decimal     1103 hex
   -7.5000  -45.0000  -45.0000 2417.6133   17.2119
    0.0000  -45.0000  -45.0000 2429.8115   17.2650
    7.5000  -45.0000  -45.0000 2402.4407   17.4032
   -7.5000  -37.5000  -45.0000 2491.2878   16.0795
    0.0000  -37.5000  -45.0000 2503.5698   16.0917
    7.5000  -37.5000  -45.0000 2470.5955   16.2421
   -7.5000  -30.0000  -45.0000 2542.2024   15.4272
    0.0000  -30.0000  -45.0000 2548.5388   15.4457
    7.5000  -30.0000  -45.0000 2516.2764   15.5999
   -7.5000  -22.5000  -45.0000 2568.1931   15.0910
    0.0000  -22.5000  -45.0000 2570.8501   15.0874
    7.5000  -22.5000  -45.0000 2538.4329   15.2570
   -7.5000  -15.0000  -45.0000 2573.1638   14.9438
    0.0000  -15.0000  -45.0000 2573.9407   14.9112
    7.5000  -15.0000  -45.0000 2547.8796   15.1159
   -7.5000   -7.5000  -45.0000 2568.4011   15.0984
    0.0000   -7.5000  -45.0000 2573.8613   15.0734
    7.5000   -7.5000  -45.0000 2542.1621   15.2878
   -7.5000    0.0000  -45.0000 2537.6677   15.5160
    0.0000    0.0000  -45.0000 2535.0632   15.4822
    7.5000    0.0000  -45.0000 2510.3420   15.6669
   -7.5000    7.5000  -45.0000 2479.9963   16.0952
    0.0000    7.5000  -45.0000 2481.8560   16.0977
    7.5000    7.5000  -45.0000 2450.6494   16.2693
   -7.5000   15.0000  -45.0000 2396.9624   16.9675
    0.0000   15.0000  -45.0000 2406.9731   17.0015
    7.5000   15.0000  -45.0000 2376.4714   17.1440
   -7.5000   22.5000  -45.0000 2305.0095   18.2622
    0.0000   22.5000  -45.0000 2316.4453   18.2719
    7.5000   22.5000  -45.0000 2288.0618   18.4688
   -7.5000   30.0000  -45.0000 2194.9075   19.9520
    0.0000   30.0000  -45.0000 2205.8726   19.9818
    7.5000   30.0000  -45.0000 2178.2319   20.2209
   -7.5000   37.5000  -45.0000 2076.9116   22.1300
    0.0000   37.5000  -45.0000 2086.8770   22.1344
    7.5000   37.5000  -45.0000 2062.4385   22.4097
   -7.5000   45.0000  -45.0000 1958.1725   24.9185
    0.0000   45.0000  -45.0000 1964.7798   24.9196
    7.5000   45.0000  -45.0000 1935.2598   25.2154
   -7.5000  -45.0000  -37.5000 2472.1555   16.3926
    0.0000  -45.0000  -37.5000 2485.6938   16.4256
    7.5000  -45.0000  -37.5000 2453.1599   16.6226
   -7.5000  -37.5000  -37.5000 2555.1147   15.2820
    0.0000  -37.5000  -37.5000 2565.0068   15.2850
    7.5000  -37.5000  -37.5000 2531.7202   15.4288
   -7.5000  -30.0000  -37.5000 2612.7156   14.5891
    0.0000  -30.0000  -37.5000 2619.0750   14.5788
    7.5000  -30.0000  -37.5000 2587.8452   14.7118
   -7.5000  -22.5000  -37.5000 2642.9026   14.1671
    0.0000  -22.5000  -37.5000 2647.7551   14.1635
    7.5000  -22.5000  -37.5000 2617.6824   14.2930
   -7.5000  -15.0000  -37.5000 2644.5718   13.9906
    0.0000  -15.0000  -37.5000 2646.9199   14.0094
    7.5000  -15.0000  -37.5000 2626.1643   14.1580
   -7.5000   -7.5000  -37.5000 2642.8174   14.1896
    0.0000   -7.5000  -37.5000 2648.2610   14.1909
    7.5000   -7.5000  -37.5000 2620.1670   14.3450
   -7.5000    0.0000  -37.5000 2613.4573   14.5432
    0.0000    0.0000  -37.5000 2616.8669   14.5345
    7.5000    0.0000  -37.5000 2590.8108   14.6673
   -7.5000    7.5000  -37.5000 2558.5867   15.0992
    0.0000    7.5000  -37.5000 2564.4036   15.1131
    7.5000    7.5000  -37.5000 2532.1108   15.2831
   -7.5000   15.0000  -37.5000 2480.7854   15.9081
    0.0000   15.0000  -37.5000 2486.3118   15.9187
    7.5000   15.0000  -37.5000 2458.1743   16.1027
   -7.5000   22.5000  -37.5000 2389.2883   17.0740
    0.0000   22.5000  -37.5000 2394.7957   17.0302
    7.5000   22.5000  -37.5000 2368.8926   17.2658
   -7.5000   30.0000  -37.5000 2279.9163   18.6470
    0.0000   30.0000  -37.5000 2286.6501   18.6012
    7.5000   30.0000  -37.5000 2257.8433   18.8293
   -7.5000   37.5000  -37.5000 2150.2256   20.6464
    0.0000   37.5000  -37.5000 2157.0249   20.6010
    7.5000   37.5000  -37.5000 2133.1172   20.8398
   -7.5000   45.0000  -37.5000 2027.3806   23.2275
    0.0000   45.0000  -37.5000 2032.1531   23.1803
    7.5000   45.0000  -37.5000 1994.7751   23.4665
   -7.5000  -45.0000  -30.0000 2560.0679   16.2703
    0.0000  -45.0000  -30.0000 2571.6941   16.3170
    7.5000  -45.0000  -30.0000 2547.0713   16.5406
   -7.5000  -37.5000  -30.0000 2652.5120   15.0978
    0.0000  -37.5000  -30.0000 2660.2170   15.1147
    7.5000  -37.5000  -30.0000 2632.7097   15.2902
   -7.5000  -30.0000  -30.0000 2718.7266   14.2880
    0.0000  -30.0000  -30.0000 2726.7356   14.2954
    7.5000  -30.0000  -30.0000 2700.3528   14.4471
   -7.5000  -22.5000  -30.0000 2762.8340   13.7727
    0.0000  -22.5000  -30.0000 2770.2090   13.7512
    7.5000  -22.5000  -30.0000 2735.3826   13.9329
   -7.5000  -15.0000  -30.0000 2767.2109   13.5188
    0.0000  -15.0000  -30.0000 2776.6592   13.5260
    7.5000  -15.0000  -30.0000 2746.1804   13.7327
   -7.5000   -7.5000  -30.0000 2759.0017   13.7383
    0.0000   -7.5000  -30.0000 2771.4731   13.7178
    7.5000   -7.5000  -30.0000 2741.9929   13.9225
   -7.5000    0.0000  -30.0000 2728.5022   14.0933
    0.0000    0.0000  -30.0000 2739.5901   14.0802
    7.5000    0.0000  -30.0000 2713.8257   14.2886
   -7.5000    7.5000  -30.0000 2676.1987   14.6506
    0.0000    7.5000  -30.0000 2685.4939   14.6187
    7.5000    7.5000  -30.0000 2662.4316   14.8683
   -7.5000   15.0000  -30.0000 2598.5820   15.4716
    0.0000   15.0000  -30.0000 2606.8865   15.4587
    7.5000   15.0000  -30.0000 2586.4763   15.6751
   -7.5000   22.5000  -30.0000 2508.8145   16.5912
    0.0000   22.5000  -30.0000 2512.2510   16.5616
    7.5000   22.5000  -30.0000 2489.3718   16.8222
   -7.5000   30.0000  -30.0000 2399.7966   18.0952
    0.0000   30.0000  -30.0000 2407.6775   18.0525
    7.5000   30.0000  -30.0000 2375.8530   18.3197
   -7.5000   37.5000  -30.0000 2260.8015   20.0785
    0.0000   37.5000  -30.0000 2272.6252   20.0453
    7.5000   37.5000  -30.0000 2247.5242   20.3204
   -7.5000   45.0000  -30.0000 2121.6721   22.5427
    0.0000   45.0000  -30.0000 2131.2017   22.5752
    7.5000   45.0000  -30.0000 2100.6902   22.9504
   -7.5000  -45.0000  -22.5000 2600.4624   16.1395
    0.0000  -45.0000  -22.5000 2619.5879   16.1605
    7.5000  -45.0000  -22.5000 2597.6228   16.4078
   -7.5000  -37.5000  -22.5000 2692.7090   14.9346
    0.0000  -37.5000  -22.5000 2711.6980   14.9493
    7.5000  -37.5000  -22.5000 2690.2227   15.1478
   -7.5000  -30.0000  -22.5000 2776.5764   14.0204
    0.0000  -30.0000  -22.5000 2793.5410   14.0328
    7.5000  -30.0000  -22.5000 2765.0103   14.2119
   -7.5000  -22.5000  -22.5000 2833.8105   13.3953
    0.0000  -22.5000  -22.5000 2848.6318   13.3540
    7.5000  -22.5000  -22.5000 2816.6819   13.6188
   -7.5000  -15.0000  -22.5000 2845.9805   13.0216
    0.0000  -15.0000  -22.5000 2859.7761   13.0112
    7.5000  -15.0000  -22.5000 2830.9314   13.3515
   -7.5000   -7.5000  -22.5000 2839.6528   13.2209
    0.0000   -7.5000  -22.5000 2850.5730   13.1776
    7.5000   -7.5000  -22.5000 2829.8359   13.5032
   -7.5000    0.0000  -22.5000 2804.6106   13.6145
    0.0000    0.0000  -22.5000 2817.2478   13.5799
    7.5000    0.0000  -22.5000 2796.9436   13.8653
   -7.5000    7.5000  -22.5000 2747.6362   14.1638
    0.0000    7.5000  -22.5000 2764.3218   14.1463
    7.5000    7.5000  -22.5000 2749.7788   14.4366
   -7.5000   15.0000  -22.5000 2672.9180   14.9787
    0.0000   15.0000  -22.5000 2689.2810   14.9649
    7.5000   15.0000  -22.5000 2675.5984   15.2549
   -7.5000   22.5000  -22.5000 2587.1765   16.0984
    0.0000   22.5000  -22.5000 2597.4297   16.1035
    7.5000   22.5000  -22.5000 2580.2358   16.4188
   -7.5000   30.0000  -22.5000 2479.8735   17.6006
    0.0000   30.0000  -22.5000 2492.1731   17.6025
    7.5000   30.0000  -22.5000 2467.1008   17.9276
   -7.5000   37.5000  -22.5000 2341.6323   19.5827
    0.0000   37.5000  -22.5000 2356.8101   19.6000
    7.5000   37.5000  -22.5000 2331.1431   19.9142
   -7.5000   45.0000  -22.5000 2188.2429   22.0128
    0.0000   45.0000  -22.5000 2204.9009   22.0936
    7.5000   45.0000  -22.5000 2169.5918   22.4367
   -7.5000  -45.0000  -15.0000 2607.7295   16.1213
    0.0000  -45.0000  -15.0000 2621.4353   16.0118
    7.5000  -45.0000  -15.0000 2600.2976   16.3186
   -7.5000  -37.5000  -15.0000 2703.7593   14.8868
    0.0000  -37.5000  -15.0000 2718.1697   14.7806
    7.5000  -37.5000  -15.0000 2696.4585   15.0111
   -7.5000  -30.0000  -15.0000 2790.9106   13.9570
    0.0000  -30.0000  -15.0000 2804.6040   13.8699
    7.5000  -30.0000  -15.0000 2777.4180   14.0333
   -7.5000  -22.5000  -15.0000 2857.7324   13.2953
    0.0000  -22.5000  -15.0000 2872.9602   13.2138
    7.5000  -22.5000  -15.0000 2841.8491   13.4372
   -7.5000  -15.0000  -15.0000 2875.1301   12.8058
    0.0000  -15.0000  -15.0000 2888.7961   12.7362
    7.5000  -15.0000  -15.0000 2861.2444   13.1430
   -7.5000   -7.5000  -15.0000 2872.0085   12.8955
    0.0000   -7.5000  -15.0000 2879.6804   12.7899
    7.5000   -7.5000  -15.0000 2864.9336   13.2377
   -7.5000    0.0000  -15.0000 2837.9006   13.2938
    0.0000    0.0000  -15.0000 2850.4614   13.2118
    7.5000    0.0000  -15.0000 2836.1558   13.5545
   -7.5000    7.5000  -15.0000 2785.3921   13.8259
    0.0000    7.5000  -15.0000 2807.3989   13.8081
    7.5000    7.5000  -15.0000 2792.9358   14.0794
   -7.5000   15.0000  -15.0000 2718.3647   14.6530
    0.0000   15.0000  -15.0000 2737.9944   14.6422
    7.5000   15.0000  -15.0000 2719.3618   14.9000
   -7.5000   22.5000  -15.0000 2631.4412   15.8309
    0.0000   22.5000  -15.0000 2646.7581   15.8227
    7.5000   22.5000  -15.0000 2622.8506   16.0667
   -7.5000   30.0000  -15.0000 2528.0894   17.4056
    0.0000   30.0000  -15.0000 2542.9546   17.3812
    7.5000   30.0000  -15.0000 2515.6033   17.6060
   -7.5000   37.5000  -15.0000 2396.3066   19.3722
    0.0000   37.5000  -15.0000 2408.6816   19.3602
    7.5000   37.5000  -15.0000 2384.9102   19.6022
   -7.5000   45.0000  -15.0000 2233.2690   21.7928
    0.0000   45.0000  -15.0000 2241.8608   21.8317
    7.5000   45.0000  -15.0000 2216.6956   22.0804
   -7.5000  -45.0000   -7.5000 2585.4370   16.0692
    0.0000  -45.0000   -7.5000 2599.5479   15.9313
    7.5000  -45.0000   -7.5000 2573.6646   16.2269
   -7.5000  -37.5000   -7.5000 2689.1367   14.8058
    0.0000  -37.5000   -7.5000 2701.1497   14.6721
    7.5000  -37.5000   -7.5000 2682.8271   14.9578
   -7.5000  -30.0000   -7.5000 2777.9597   13.9344
    0.0000  -30.0000   -7.5000 2790.4749   13.8156
    7.5000  -30.0000   -7.5000 2776.3772   14.0408
   -7.5000  -22.5000   -7.5000 2860.1196   13.4469
    0.0000  -22.5000   -7.5000 2872.3064   13.3099
    7.5000  -22.5000   -7.5000 2856.4478   13.4823
   -7.5000  -15.0000   -7.5000 2892.5349   13.0756
    0.0000  -15.0000   -7.5000 2910.5417   12.9638
    7.5000  -15.0000   -7.5000 2887.1138   13.2372
   -7.5000   -7.5000   -7.5000 2889.6514   12.9129
    0.0000   -7.5000   -7.5000 2906.0244   12.7955
    7.5000   -7.5000   -7.5000 2891.0840   13.1797
   -7.5000    0.0000   -7.5000 2857.9492   13.1392
    0.0000    0.0000   -7.5000 2874.7205   13.0431
    7.5000    0.0000   -7.5000 2852.8760   13.3179
   -7.5000    7.5000   -7.5000 2808.5994   13.6501
    0.0000    7.5000   -7.5000 2828.7273   13.5522
    7.5000    7.5000   -7.5000 2805.7192   13.7977
   -7.5000   15.0000   -7.5000 2741.9211   14.5138
    0.0000   15.0000   -7.5000 2756.0466   14.3914
    7.5000   15.0000   -7.5000 2738.6829   14.6339
   -7.5000   22.5000   -7.5000 2653.6555   15.7162
    0.0000   22.5000   -7.5000 2666.5835   15.6415
    7.5000   22.5000   -7.5000 2644.2354   15.8281
   -7.5000   30.0000   -7.5000 2547.6516   17.2949
    0.0000   30.0000   -7.5000 2559.2773   17.2521
    7.5000   30.0000   -7.5000 2529.6467   17.3984
   -7.5000   37.5000   -7.5000 2415.3074   19.2896
    0.0000   37.5000   -7.5000 2426.0491   19.2737
    7.5000   37.5000   -7.5000 2396.4607   19.4014
   -7.5000   45.0000   -7.5000 2247.3459   21.7141
    0.0000   45.0000   -7.5000 2259.7036   21.7337
    7.5000   45.0000   -7.5000 2227.0513   21.8851
   -7.5000  -45.0000    0.0000 2548.5852   16.2387
    0.0000  -45.0000    0.0000 2551.2795   16.0026
    7.5000  -45.0000    0.0000 2545.2925   16.3857
   -7.5000  -37.5000    0.0000 2657.2229   14.9948
    0.0000  -37.5000    0.0000 2661.1426   14.7978
    7.5000  -37.5000    0.0000 2655.6062   15.1178
   -7.5000  -30.0000    0.0000 2754.0500   14.1640
    0.0000  -30.0000    0.0000 2765.4939   13.9948
    7.5000  -30.0000    0.0000 2753.8735   14.2375
   -7.5000  -22.5000    0.0000 2840.2927   13.7544
    0.0000  -22.5000    0.0000 2857.3953   13.6311
    7.5000  -22.5000    0.0000 2836.5483   13.7411
   -7.5000  -15.0000    0.0000 2883.3494   13.4315
    0.0000  -15.0000    0.0000 2912.5930   13.3346
    7.5000  -15.0000    0.0000 2872.4414   13.4501
   -7.5000   -7.5000    0.0000 2894.7659   13.2094
    0.0000   -7.5000    0.0000 2909.3472   13.0484
    7.5000   -7.5000    0.0000 2880.5269   13.2912
   -7.5000    0.0000    0.0000 2859.1531   13.2803
    0.0000    0.0000    0.0000 2868.3818   13.0928
    7.5000    0.0000    0.0000 2839.6169   13.3671
   -7.5000    7.5000    0.0000 2811.5032   13.7199
    0.0000    7.5000    0.0000 2821.2012   13.5247
    7.5000    7.5000    0.0000 2796.6909   13.7963
   -7.5000   15.0000    0.0000 2737.1738   14.5310
    0.0000   15.0000    0.0000 2749.3218   14.4010
    7.5000   15.0000    0.0000 2729.0469   14.5951
   -7.5000   22.5000    0.0000 2651.8145   15.7382
    0.0000   22.5000    0.0000 2662.4397   15.6417
    7.5000   22.5000    0.0000 2642.1221   15.8144
   -7.5000   30.0000    0.0000 2541.0369   17.3623
    0.0000   30.0000    0.0000 2549.2581   17.2960
    7.5000   30.0000    0.0000 2523.9827   17.4662
   -7.5000   37.5000    0.0000 2408.0188   19.3771
    0.0000   37.5000    0.0000 2418.5801   19.3451
    7.5000   37.5000    0.0000 2388.7844   19.5242
   -7.5000   45.0000    0.0000 2245.7766   21.8140
    0.0000   45.0000    0.0000 2257.9424   21.8297
    7.5000   45.0000    0.0000 2230.8591   22.0077
   -7.5000  -45.0000    7.5000 2501.1511   16.7778
    0.0000  -45.0000    7.5000 2499.2415   16.5318
    7.5000  -45.0000    7.5000 2496.6360   16.8959
   -7.5000  -37.5000    7.5000 2614.0706   15.5269
    0.0000  -37.5000    7.5000 2617.2192   15.3327
    7.5000  -37.5000    7.5000 2611.1235   15.6195
   -7.5000  -30.0000    7.5000 2718.2202   14.6874
    0.0000  -30.0000    7.5000 2727.5193   14.4854
    7.5000  -30.0000    7.5000 2713.2073   14.7224
   -7.5000  -22.5000    7.5000 2803.5334   14.1565
    0.0000  -22.5000    7.5000 2819.8682   13.9814
    7.5000  -22.5000    7.5000 2795.9390   14.1405
   -7.5000  -15.0000    7.5000 2849.2920   13.7349
    0.0000  -15.0000    7.5000 2869.1167   13.5530
    7.5000  -15.0000    7.5000 2838.5195   13.8029
   -7.5000   -7.5000    7.5000 2861.7898   13.4395
    0.0000   -7.5000    7.5000 2864.7759   13.1494
    7.5000   -7.5000    7.5000 2851.0483   13.5415
   -7.5000    0.0000    7.5000 2838.6702   13.5686
    0.0000    0.0000    7.5000 2844.4021   13.3094
    7.5000    0.0000    7.5000 2828.0896   13.6250
   -7.5000    7.5000    7.5000 2794.6399   14.0977
    0.0000    7.5000    7.5000 2811.8923   13.9168
    7.5000    7.5000    7.5000 2783.7341   14.1565
   -7.5000   15.0000    7.5000 2716.5830   14.9522
    0.0000   15.0000    7.5000 2736.1440   14.8030
    7.5000   15.0000    7.5000 2709.9631   14.9903
   -7.5000   22.5000    7.5000 2632.0852   16.1001
    0.0000   22.5000    7.5000 2645.0435   15.9668
    7.5000   22.5000    7.5000 2620.4541   16.1496
   -7.5000   30.0000    7.5000 2520.0940   17.6616
    0.0000   30.0000    7.5000 2536.2910   17.6111
    7.5000   30.0000    7.5000 2506.2002   17.7551
   -7.5000   37.5000    7.5000 2382.2307   19.6441
    0.0000   37.5000    7.5000 2397.7166   19.6583
    7.5000   37.5000    7.5000 2371.4651   19.7587
   -7.5000   45.0000    7.5000 2222.3643   22.0521
    0.0000   45.0000    7.5000 2240.2939   22.0622
    7.5000   45.0000    7.5000 2210.7002   22.2154
   -7.5000  -45.0000   15.0000 2443.0789   17.5460
    0.0000  -45.0000   15.0000 2452.2512   17.3163
    7.5000  -45.0000   15.0000 2446.6265   17.5819
   -7.5000  -37.5000   15.0000 2559.6370   16.2216
    0.0000  -37.5000   15.0000 2572.6497   15.9631
    7.5000  -37.5000   15.0000 2563.3066   16.2579
   -7.5000  -30.0000   15.0000 2657.4509   15.2668
    0.0000  -30.0000   15.0000 2674.3918   15.0408
    7.5000  -30.0000   15.0000 2655.9102   15.3159
   -7.5000  -22.5000   15.0000 2743.8625   14.6691
    0.0000  -22.5000   15.0000 2758.6843   14.4703
    7.5000  -22.5000   15.0000 2737.7869   14.6950
   -7.5000  -15.0000   15.0000 2788.8203   14.1681
    0.0000  -15.0000   15.0000 2801.7332   13.9472
    7.5000  -15.0000   15.0000 2775.3286   14.2436
   -7.5000   -7.5000   15.0000 2798.3655   13.8647
    0.0000   -7.5000   15.0000 2796.3323   13.6048
    7.5000   -7.5000   15.0000 2786.3672   13.9631
   -7.5000    0.0000   15.0000 2783.8652   14.0090
    0.0000    0.0000   15.0000 2797.9575   13.8228
    7.5000    0.0000   15.0000 2778.7168   14.0469
   -7.5000    7.5000   15.0000 2748.4514   14.5691
    0.0000    7.5000   15.0000 2768.5835   14.3880
    7.5000    7.5000   15.0000 2747.4226   14.5993
   -7.5000   15.0000   15.0000 2673.8782   15.4324
    0.0000   15.0000   15.0000 2691.5535   15.2781
    7.5000   15.0000   15.0000 2667.9480   15.4817
   -7.5000   22.5000   15.0000 2588.5708   16.6415
    0.0000   22.5000   15.0000 2607.6492   16.5109
    7.5000   22.5000   15.0000 2583.6533   16.6806
   -7.5000   30.0000   15.0000 2486.1006   18.1750
    0.0000   30.0000   15.0000 2511.8340   18.1073
    7.5000   30.0000   15.0000 2477.5896   18.2746
   -7.5000   37.5000   15.0000 2345.8921   20.1214
    0.0000   37.5000   15.0000 2364.9131   20.1017
    7.5000   37.5000   15.0000 2337.0837   20.2426
   -7.5000   45.0000   15.0000 2184.2058   22.6046
    0.0000   45.0000   15.0000 2200.1816   22.5765
    7.5000   45.0000   15.0000 2179.3608   22.7175
   -7.5000  -45.0000   22.5000 2387.2141   18.4903
    0.0000  -45.0000   22.5000 2402.6016   18.2060
    7.5000  -45.0000   22.5000 2393.3052   18.4589
   -7.5000  -37.5000   22.5000 2498.6453   17.0625
    0.0000  -37.5000   22.5000 2516.3833   16.7877
    7.5000  -37.5000   22.5000 2504.4158   17.0320
   -7.5000  -30.0000   22.5000 2588.8347   16.0524
    0.0000  -30.0000   22.5000 2604.7534   15.7910
    7.5000  -30.0000   22.5000 2588.6038   16.0165
   -7.5000  -22.5000   22.5000 2665.3801   15.3937
    0.0000  -22.5000   22.5000 2682.9966   15.1689
    7.5000  -22.5000   22.5000 2662.5837   15.3758
   -7.5000  -15.0000   22.5000 2707.3572   14.7743
    0.0000  -15.0000   22.5000 2723.1233   14.5450
    7.5000  -15.0000   22.5000 2697.1331   14.8418
   -7.5000   -7.5000   22.5000 2722.3538   14.5388
    0.0000   -7.5000   22.5000 2731.0396   14.3523
    7.5000   -7.5000   22.5000 2711.2949   14.6123
   -7.5000    0.0000   22.5000 2707.8706   14.7413
    0.0000    0.0000   22.5000 2723.6365   14.5963
    7.5000    0.0000   22.5000 2700.0088   14.7640
   -7.5000    7.5000   22.5000 2671.7395   15.2737
    0.0000    7.5000   22.5000 2684.8179   15.1244
    7.5000    7.5000   22.5000 2666.7234   15.2952
   -7.5000   15.0000   22.5000 2611.2185   16.0632
    0.0000   15.0000   22.5000 2625.4670   15.9005
    7.5000   15.0000   22.5000 2606.7505   16.0878
   -7.5000   22.5000   22.5000 2534.3655   17.2568
    0.0000   22.5000   22.5000 2555.2183   17.0908
    7.5000   22.5000   22.5000 2530.3262   17.2855
   -7.5000   30.0000   22.5000 2433.2705   18.8134
    0.0000   30.0000   22.5000 2454.9377   18.6710
    7.5000   30.0000   22.5000 2426.5305   18.8765
   -7.5000   37.5000   22.5000 2295.4739   20.7981
    0.0000   37.5000   22.5000 2315.3269   20.7107
    7.5000   37.5000   22.5000 2289.1072   20.9123
   -7.5000   45.0000   22.5000 2142.8970   23.2162
    0.0000   45.0000   22.5000 2157.6907   23.1939
    7.5000   45.0000   22.5000 2134.9292   23.4514
   -7.5000  -45.0000   30.0000 2321.4802   19.6204
    0.0000  -45.0000   30.0000 2344.0996   19.3460
    7.5000  -45.0000   30.0000 2330.5889   19.5158
   -7.5000  -37.5000   30.0000 2425.3271   18.0924
    0.0000  -37.5000   30.0000 2453.0254   17.8190
    7.5000  -37.5000   30.0000 2438.3862   17.9833
   -7.5000  -30.0000   30.0000 2510.1958   17.0515
    0.0000  -30.0000   30.0000 2537.0239   16.7792
    7.5000  -30.0000   30.0000 2519.6694   16.9855
   -7.5000  -22.5000   30.0000 2578.1851   16.2773
    0.0000  -22.5000   30.0000 2606.3423   16.0635
    7.5000  -22.5000   30.0000 2583.9968   16.2702
   -7.5000  -15.0000   30.0000 2619.0129   15.5951
    0.0000  -15.0000   30.0000 2636.5291   15.4099
    7.5000  -15.0000   30.0000 2608.3110   15.6699
   -7.5000   -7.5000   30.0000 2631.9456   15.4426
    0.0000   -7.5000   30.0000 2650.2864   15.2967
    7.5000   -7.5000   30.0000 2621.9956   15.4875
   -7.5000    0.0000   30.0000 2616.4558   15.6455
    0.0000    0.0000   30.0000 2640.8035   15.5397
    7.5000    0.0000   30.0000 2612.0554   15.6739
   -7.5000    7.5000   30.0000 2580.0298   16.1490
    0.0000    7.5000   30.0000 2601.1365   16.0391
    7.5000    7.5000   30.0000 2575.8032   16.1925
   -7.5000   15.0000   30.0000 2524.6150   16.9433
    0.0000   15.0000   30.0000 2543.5918   16.7820
    7.5000   15.0000   30.0000 2520.4331   16.9705
   -7.5000   22.5000   30.0000 2457.3342   18.0948
    0.0000   22.5000   30.0000 2480.3662   17.9437
    7.5000   22.5000   30.0000 2453.4417   18.1103
   -7.5000   30.0000   30.0000 2361.5452   19.6488
    0.0000   30.0000   30.0000 2388.5955   19.4957
    7.5000   30.0000   30.0000 2356.3892   19.6617
   -7.5000   37.5000   30.0000 2234.6106   21.6334
    0.0000   37.5000   30.0000 2249.6746   21.5567
    7.5000   37.5000   30.0000 2224.6318   21.7103
   -7.5000   45.0000   30.0000 2091.5142   24.1101
    0.0000   45.0000   30.0000 2102.3967   24.0914
    7.5000   45.0000   30.0000 2079.3928   24.3096
   -7.5000  -45.0000   37.5000 2248.2380   21.0146
    0.0000  -45.0000   37.5000 2271.2961   20.6281
    7.5000  -45.0000   37.5000 2257.9646   20.8226
   -7.5000  -37.5000   37.5000 2351.6580   19.3892
    0.0000  -37.5000   37.5000 2382.6440   19.0513
    7.5000  -37.5000   37.5000 2366.5420   19.2582
   -7.5000  -30.0000   37.5000 2427.6042   18.2834
    0.0000  -30.0000   37.5000 2464.3242   18.0180
    7.5000  -30.0000   37.5000 2444.8550   18.2142
   -7.5000  -22.5000   37.5000 2496.3149   17.4315
    0.0000  -22.5000   37.5000 2522.3530   17.1795
    7.5000  -22.5000   37.5000 2497.8860   17.4144
   -7.5000  -15.0000   37.5000 2530.0071   16.7301
    0.0000  -15.0000   37.5000 2544.8186   16.5613
    7.5000  -15.0000   37.5000 2520.5933   16.7847
   -7.5000   -7.5000   37.5000 2540.1362   16.5492
    0.0000   -7.5000   37.5000 2561.0630   16.4042
    7.5000   -7.5000   37.5000 2535.8774   16.5595
   -7.5000    0.0000   37.5000 2521.1729   16.7310
    0.0000    0.0000   37.5000 2547.5654   16.6482
    7.5000    0.0000   37.5000 2520.2686   16.7591
   -7.5000    7.5000   37.5000 2487.3794   17.1849
    0.0000    7.5000   37.5000 2511.0559   17.1366
    7.5000    7.5000   37.5000 2487.9702   17.2536
   -7.5000   15.0000   37.5000 2432.5232   17.9989
    0.0000   15.0000   37.5000 2459.3364   17.9337
    7.5000   15.0000   37.5000 2435.2847   18.0567
   -7.5000   22.5000   37.5000 2370.5913   19.1524
    0.0000   22.5000   37.5000 2401.7351   19.0619
    7.5000   22.5000   37.5000 2371.6145   19.1884
   -7.5000   30.0000   37.5000 2278.9653   20.7156
    0.0000   30.0000   37.5000 2302.6187   20.5779
    7.5000   30.0000   37.5000 2276.4248   20.7144
   -7.5000   37.5000   37.5000 2163.6152   22.6703
    0.0000   37.5000   37.5000 2176.8354   22.5829
    7.5000   37.5000   37.5000 2158.2051   22.7114
   -7.5000   45.0000   37.5000 2030.9764   25.2940
    0.0000   45.0000   37.5000 2041.2749   25.2164
    7.5000   45.0000   37.5000 2023.8751   25.4319
   -7.5000  -45.0000   45.0000 2165.8245   22.6404
    0.0000  -45.0000   45.0000 2185.6257   22.1316
    7.5000  -45.0000   45.0000 2174.8699   22.3930
   -7.5000  -37.5000   45.0000 2263.5459   20.9413
    0.0000  -37.5000   45.0000 2294.2974   20.5648
    7.5000  -37.5000   45.0000 2282.4893   20.7727
   -7.5000  -30.0000   45.0000 2343.7163   19.7885
    0.0000  -30.0000   45.0000 2375.7185   19.5112
    7.5000  -30.0000   45.0000 2361.6343   19.6884
   -7.5000  -22.5000   45.0000 2405.1887   18.8593
    0.0000  -22.5000   45.0000 2432.6895   18.6025
    7.5000  -22.5000   45.0000 2414.2893   18.8218
   -7.5000  -15.0000   45.0000 2432.8062   18.1133
    0.0000  -15.0000   45.0000 2452.6873   17.9593
    7.5000  -15.0000   45.0000 2436.4910   18.1496
   -7.5000   -7.5000   45.0000 2436.7402   17.8889
    0.0000   -7.5000   45.0000 2463.8750   17.7354
    7.5000   -7.5000   45.0000 2445.6416   17.9080
   -7.5000    0.0000   45.0000 2419.0144   18.0409
    0.0000    0.0000   45.0000 2446.7383   17.9310
    7.5000    0.0000   45.0000 2427.1863   18.0534
   -7.5000    7.5000   45.0000 2388.4202   18.5522
    0.0000    7.5000   45.0000 2411.8049   18.4710
    7.5000    7.5000   45.0000 2394.6350   18.6238
   -7.5000   15.0000   45.0000 2338.0254   19.3370
    0.0000   15.0000   45.0000 2361.7642   19.2860
    7.5000   15.0000   45.0000 2340.6172   19.4290
   -7.5000   22.5000   45.0000 2281.2996   20.5437
    0.0000   22.5000   45.0000 2304.8801   20.4512
    7.5000   22.5000   45.0000 2283.8230   20.5993
   -7.5000   30.0000   45.0000 2194.3840   22.0846
    0.0000   30.0000   45.0000 2210.1985   21.9720
    7.5000   30.0000   45.0000 2197.4556   22.1073
   -7.5000   37.5000   45.0000 2083.4753   24.1126
    0.0000   37.5000   45.0000 2091.9497   23.9331
    7.5000   37.5000   45.0000 2087.7139   24.0915
   -7.5000   45.0000   45.0000 1970.7815   26.8398
    0.0000   45.0000   45.0000 1974.3258   26.6238
    7.5000   45.0000   45.0000 1965.2012   26.8840

---------------------------------------------------------------------
imgreg_4dfp /opt/freesurfer/average/711-2C_as_mni_average_305 /opt/freesurfer/average/711-2B_as_mni_average_305_mask talsrcimg_g11 none talsrcimg_to_711-2C_as_mni_average_305_t4 1283
---------------------------------------------------------------------

freesurfer imgreg_4dfp.c
/opt/freesurfer/average/711-2C_as_mni_average_305.4dfp.img
       256       256       256         1
  1.000000  1.000000  1.000000
orientation T byte_order littleendian
Reading image: /opt/freesurfer/average/711-2C_as_mni_average_305.4dfp.img
dimensions:      256       256       256
mmppix:       1.0000   -1.0000   -1.0000
center:     128.0000 -129.0000 -129.0000
/opt/freesurfer/average/711-2B_as_mni_average_305_mask.4dfp.img
       256       256       256         1
  1.000000  1.000000  1.000000
orientation T byte_order littleendian
Reading mask: /opt/freesurfer/average/711-2B_as_mni_average_305_mask.4dfp.img (2306576 pixels)
talsrcimg_g11.4dfp.img
       256       256       256         1
  1.000000  1.000000  1.000000
orientation T byte_order littleendian
Reading image: talsrcimg_g11.4dfp.img
dimensions:      256       256       256
mmppix:       1.0000   -1.0000   -1.0000
center:     128.0000 -129.0000 -129.0000
rotation matrix determinant  1.000000
fimgreg.f
image alignment mode   1283 decimal      503 hex
parameters
    0.0000  -15.0000    0.0000    0.0000    0.0000    0.0000
eta,q 0.91221 13.40192
niter,ni,del,rscale     5    3   12.0000    1.2000
parameter  4  1.529122 ->  0.500000 qaram    1.1500
parameters
   -0.9266  -13.0823   -1.5872   -3.4500   -0.9931   -1.3021
eta,q 0.91647 13.06491
  0.0940  0.1016  0.0886  0.0824  0.0836  0.0847
  0.0898  0.0950  0.0879  0.0832  0.0836  0.0836
  0.0880  0.0902  0.0867  0.0842  0.0842  0.0833
  0.0882  0.0876  0.0865  0.0862  0.0833  0.0838
  0.0907  0.0866  0.0879  0.0878  0.0824  0.0842
  0.0938  0.0882  0.0904  0.0899  0.0835  0.0847
  0.0976  0.0904  0.0944  0.0930  0.0856  0.0857
niter,ni,del,rscale     5    3   12.0000    1.2000
parameter  4  5.152480 ->  0.500000 qaram    1.3225
parameter  5 -0.567031 -> -0.500000 qaram    1.1500
parameters
   -1.1605  -11.2294   -2.6485   -7.4175    2.4569   -0.9511
eta,q 0.91843 12.98244
  0.0909  0.0937  0.0877  0.0763  0.0844  0.0831
  0.0849  0.0889  0.0835  0.0813  0.0824  0.0821
  0.0830  0.0857  0.0824  0.0826  0.0819  0.0819
  0.0835  0.0835  0.0821  0.0820  0.0821  0.0817
  0.0841  0.0821  0.0850  0.0833  0.0823  0.0813
  0.0869  0.0824  0.0889  0.0862  0.0814  0.0817
  0.0911  0.0864  0.0901  0.0898  0.0816  0.0830
niter,ni,del,rscale     6    3   12.0000    1.2000
parameter  4 -2.995312 ->  0.500000 qaram    1.5209
parameter  5  0.808621 ->  0.500000 qaram    1.3225
parameters
   -2.0731   -8.7439   -3.2355  -11.9801   -1.5106    0.8685
eta,q 0.93010 13.06135
  0.0869  0.0889  0.0837  0.0694  0.0706  0.0771
  0.0841  0.0842  0.0806  0.0723  0.0701  0.0740
  0.0829  0.0830  0.0802  0.0755  0.0717  0.0717
  0.0816  0.0822  0.0794  0.0796  0.0731  0.0704
  0.0824  0.0800  0.0805  0.0834  0.0751  0.0699
  0.0874  0.0791  0.0828  0.0858  0.0796  0.0702
  0.0925  0.0825  0.0851  0.0868  0.0834  0.0722
niter,ni,del,rscale     7    3   12.0000    1.2000
parameter  4  1.168202 ->  0.500000 qaram    1.7490
parameters
   -0.5524   -7.6870   -3.1836  -17.2272   -2.8241   -0.1943
eta,q 0.93780 13.03674
  0.0881  0.0852  0.0783  0.0644  0.0707  0.0663
  0.0800  0.0766  0.0734  0.0627  0.0644  0.0637
  0.0719  0.0715  0.0715  0.0656  0.0617  0.0624
  0.0699  0.0701  0.0697  0.0697  0.0633  0.0623
  0.0701  0.0697  0.0709  0.0748  0.0661  0.0637
  0.0710  0.0722  0.0735  0.0811  0.0709  0.0667
  0.0756  0.0765  0.0781  0.0848  0.0751  0.0706
niter,ni,del,rscale     7    3   12.0000    1.2000
parameters
   -0.2500   -7.1905   -4.3683  -20.2689   -2.7317   -0.1222
eta,q 0.93902 13.11987
  0.0800  0.0782  0.0701  0.0676  0.0706  0.0673
  0.0703  0.0688  0.0653  0.0649  0.0652  0.0643
  0.0627  0.0628  0.0634  0.0612  0.0615  0.0621
  0.0622  0.0624  0.0631  0.0630  0.0610  0.0610
  0.0643  0.0659  0.0657  0.0671  0.0611  0.0618
  0.0687  0.0688  0.0717  0.0728  0.0649  0.0641
  0.0756  0.0711  0.0788  0.0781  0.0702  0.0671
niter,ni,del,rscale     6    3   12.0000    1.2000
parameters
   -0.4307   -5.9060   -5.4369  -23.2788   -2.5427    0.5168
eta,q 0.93890 13.20136
  0.0754  0.0769  0.0705  0.0664  0.0721  0.0685
  0.0663  0.0712  0.0651  0.0636  0.0662  0.0651
  0.0604  0.0646  0.0624  0.0614  0.0610  0.0625
  0.0610  0.0608  0.0617  0.0618  0.0611  0.0612
  0.0632  0.0627  0.0647  0.0659  0.0624  0.0614
  0.0684  0.0655  0.0717  0.0709  0.0651  0.0631
  0.0759  0.0675  0.0800  0.0749  0.0707  0.0662
niter,ni,del,rscale     5    3   12.0000    1.2000
parameters
   -0.5229   -4.4339   -6.5299  -25.0834   -2.6895    0.0182
eta,q 0.94029 13.18312
  0.0757  0.0757  0.0697  0.0685  0.0719  0.0651
  0.0677  0.0694  0.0649  0.0635  0.0641  0.0619
  0.0620  0.0641  0.0613  0.0607  0.0589  0.0600
  0.0611  0.0611  0.0601  0.0602  0.0598  0.0597
  0.0629  0.0601  0.0638  0.0642  0.0622  0.0608
  0.0687  0.0621  0.0716  0.0691  0.0660  0.0633
  0.0763  0.0665  0.0812  0.0758  0.0709  0.0672
niter,ni,del,rscale     4    3   12.0000    1.2000
parameters
   -0.2175   -3.9110   -7.3207  -25.8934   -2.7442   -0.4045
eta,q 0.94090 13.16016
  0.0774  0.0726  0.0698  0.0710  0.0707  0.0653
  0.0691  0.0665  0.0650  0.0652  0.0634  0.0618
  0.0621  0.0624  0.0608  0.0610  0.0592  0.0596
  0.0597  0.0596  0.0590  0.0592  0.0592  0.0592
  0.0608  0.0591  0.0621  0.0628  0.0610  0.0603
  0.0663  0.0634  0.0690  0.0681  0.0645  0.0632
  0.0746  0.0695  0.0791  0.0746  0.0698  0.0673
niter,ni,del,rscale     3    3   12.0000    1.2000
parameters
   -0.1206   -3.7197   -7.6382  -26.2487   -2.7307   -0.5091
eta,q 0.94096 13.15198
  0.0760  0.0712  0.0716  0.0724  0.0702  0.0661
  0.0673  0.0657  0.0663  0.0663  0.0633  0.0624
  0.0611  0.0622  0.0616  0.0616  0.0595  0.0598
  0.0591  0.0591  0.0588  0.0590  0.0591  0.0591
  0.0605  0.0593  0.0610  0.0622  0.0604  0.0600
  0.0664  0.0648  0.0669  0.0673  0.0638  0.0626
  0.0751  0.0705  0.0761  0.0744  0.0694  0.0668
niter,ni,del,rscale     2    3   12.0000    1.2000
parameters
   -0.1385   -3.6559   -7.7673  -26.3892   -2.7301   -0.4970
eta,q 0.94089 13.15079
  0.0752  0.0707  0.0722  0.0732  0.0699  0.0664
  0.0664  0.0655  0.0670  0.0669  0.0632  0.0627
  0.0607  0.0622  0.0621  0.0620  0.0597  0.0600
  0.0590  0.0590  0.0590  0.0590  0.0591  0.0591
  0.0606  0.0597  0.0607  0.0620  0.0603  0.0600
  0.0665  0.0654  0.0664  0.0670  0.0637  0.0624
  0.0755  0.0709  0.0750  0.0743  0.0694  0.0666
niter,ni,del,rscale     1    3   12.0000    1.2000
parameters
   -0.1586   -3.6367   -7.8133  -26.4418   -2.7353   -0.4749
eta,q 0.94084 13.15110
  0.0751  0.0705  0.0726  0.0736  0.0698  0.0665
  0.0662  0.0655  0.0673  0.0671  0.0632  0.0628
  0.0607  0.0622  0.0623  0.0622  0.0597  0.0600
  0.0591  0.0591  0.0591  0.0591  0.0592  0.0592
  0.0606  0.0599  0.0606  0.0619  0.0603  0.0600
  0.0664  0.0655  0.0662  0.0668  0.0636  0.0624
  0.0754  0.0710  0.0746  0.0743  0.0693  0.0666
registration optimization eta report
parameter search radius
    6.0000    6.0000    6.0000   10.4940    7.9350    6.0000
100000*second partial in parameter space
       45.       31.       39.       13.       17.       20.
  0.0751  0.0705  0.0726  0.0736  0.0698  0.0665
  0.0662  0.0655  0.0673  0.0671  0.0632  0.0628
  0.0607  0.0622  0.0623  0.0622  0.0597  0.0600
  0.0591  0.0591  0.0591  0.0591  0.0592  0.0592
  0.0606  0.0599  0.0606  0.0619  0.0603  0.0600
  0.0664  0.0655  0.0662  0.0668  0.0636  0.0624
  0.0754  0.0710  0.0746  0.0743  0.0693  0.0666
   -0.1586   -3.6367   -7.8133  -26.4418   -2.7353   -0.4749
eta,q 0.94084 13.15110

---------------------------------------------------------------------
imgreg_4dfp /opt/freesurfer/average/711-2C_as_mni_average_305 /opt/freesurfer/average/711-2B_as_mni_average_305_mask talsrcimg_g11 none talsrcimg_to_711-2C_as_mni_average_305_t4 3335
---------------------------------------------------------------------

freesurfer imgreg_4dfp.c
/opt/freesurfer/average/711-2C_as_mni_average_305.4dfp.img
       256       256       256         1
  1.000000  1.000000  1.000000
orientation T byte_order littleendian
Reading image: /opt/freesurfer/average/711-2C_as_mni_average_305.4dfp.img
dimensions:      256       256       256
mmppix:       1.0000   -1.0000   -1.0000
center:     128.0000 -129.0000 -129.0000
/opt/freesurfer/average/711-2B_as_mni_average_305_mask.4dfp.img
       256       256       256         1
  1.000000  1.000000  1.000000
orientation T byte_order littleendian
Reading mask: /opt/freesurfer/average/711-2B_as_mni_average_305_mask.4dfp.img (2306576 pixels)
talsrcimg_g11.4dfp.img
       256       256       256         1
  1.000000  1.000000  1.000000
orientation T byte_order littleendian
Reading image: talsrcimg_g11.4dfp.img
dimensions:      256       256       256
mmppix:       1.0000   -1.0000   -1.0000
center:     128.0000 -129.0000 -129.0000
fimgreg.f
image alignment mode   3335 decimal      D07 hex
parameters
   -0.1586   -3.6367   -7.8133   -0.1174  -10.4467  -10.5633
   -1.3828    4.6419   -0.8279   44.4919   -4.7722  -44.4781
eta,q 0.94270 13.31601
niter,ni,del,rscale     5    3    5.0000    1.2000
parameter  2  0.501754 ->  0.500000 qaram    1.1500
parameter  4 12.255669 ->  0.500000 qaram    1.1500
parameter  5  2.533558 ->  0.500000 qaram    1.1500
parameter  6  0.575826 ->  0.500000 qaram    1.1500
parameter 10  1.011073 ->  0.500000 qaram    1.1500
parameters
   -0.5189   -5.0167   -8.3908   -4.2574  -14.5867  -14.7033
   -3.2459    4.4584   -1.8585   40.3519   -4.0248  -42.4008
eta,q 0.96908 13.39743
  0.0597  0.0572  0.0581  0.0397  0.0335  0.0361  0.0366  0.0420  0.0363  0.0301  0.0331  0.0347
  0.0582  0.0567  0.0569  0.0436  0.0358  0.0348  0.0351  0.0380  0.0351  0.0307  0.0319  0.0326
  0.0573  0.0567  0.0565  0.0493  0.0395  0.0348  0.0344  0.0351  0.0344  0.0321  0.0313  0.0315
  0.0573  0.0572  0.0567  0.0565  0.0450  0.0367  0.0346  0.0344  0.0343  0.0343  0.0310  0.0310
  0.0581  0.0580  0.0575  0.0644  0.0512  0.0403  0.0358  0.0358  0.0349  0.0375  0.0311  0.0309
  0.0596  0.0591  0.0587  0.0707  0.0571  0.0447  0.0379  0.0387  0.0362  0.0417  0.0315  0.0312
  0.0616  0.0605  0.0602  0.0751  0.0626  0.0500  0.0407  0.0425  0.0379  0.0467  0.0323  0.0318
niter,ni,del,rscale     7    3    5.0000    1.2000
parameter  3  1.123633 ->  0.500000 qaram    1.1500
parameter  4  0.708683 ->  0.500000 qaram    1.3225
parameter  5  0.807315 ->  0.500000 qaram    1.3225
parameter 12  0.579558 ->  0.500000 qaram    1.1500
parameters
   -0.3202   -3.7511   -9.7708   -9.0184  -19.3477  -14.9959
   -2.6257    5.1056   -1.5216   38.1366   -4.5306  -46.5408
eta,q 0.97999 13.04314
  0.0366  0.0385  0.0279  0.0245  0.0208  0.0256  0.0248  0.0276  0.0236  0.0231  0.0218  0.0207
  0.0335  0.0352  0.0281  0.0243  0.0208  0.0236  0.0230  0.0242  0.0222  0.0217  0.0213  0.0200
  0.0316  0.0327  0.0288  0.0254  0.0218  0.0221  0.0217  0.0221  0.0213  0.0209  0.0209  0.0202
  0.0309  0.0309  0.0299  0.0282  0.0245  0.0210  0.0211  0.0210  0.0210  0.0210  0.0208  0.0208
  0.0313  0.0300  0.0314  0.0336  0.0295  0.0210  0.0212  0.0211  0.0212  0.0221  0.0210  0.0219
  0.0326  0.0301  0.0331  0.0421  0.0357  0.0231  0.0222  0.0226  0.0219  0.0249  0.0215  0.0232
  0.0349  0.0313  0.0351  0.0507  0.0421  0.0276  0.0238  0.0257  0.0232  0.0289  0.0222  0.0246
niter,ni,del,rscale     7    3    5.0000    1.2000
parameters
   -0.4507   -3.4608  -10.5982  -11.7425  -22.9284  -16.0119
   -2.8708    5.1501   -1.7737   38.5435   -5.7162  -48.0171
eta,q 0.98110 12.73292
  0.0238  0.0251  0.0213  0.0223  0.0210  0.0236  0.0222  0.0241  0.0213  0.0240  0.0200  0.0216
  0.0216  0.0225  0.0199  0.0206  0.0196  0.0214  0.0206  0.0215  0.0201  0.0216  0.0195  0.0195
  0.0203  0.0208  0.0195  0.0196  0.0190  0.0199  0.0196  0.0199  0.0194  0.0200  0.0193  0.0188
  0.0200  0.0200  0.0200  0.0195  0.0195  0.0190  0.0193  0.0193  0.0193  0.0193  0.0192  0.0192
  0.0207  0.0202  0.0210  0.0212  0.0217  0.0195  0.0197  0.0197  0.0196  0.0195  0.0195  0.0202
  0.0223  0.0213  0.0226  0.0255  0.0272  0.0230  0.0209  0.0214  0.0204  0.0208  0.0200  0.0217
  0.0248  0.0233  0.0246  0.0338  0.0348  0.0277  0.0226  0.0240  0.0216  0.0233  0.0207  0.0234
niter,ni,del,rscale     6    3    5.0000    1.2000
parameters
   -0.4956   -3.3550  -10.8595  -11.8113  -24.0063  -16.4514
   -3.0045    5.1422   -1.9024   38.8377   -5.9305  -48.6825
eta,q 0.98105 12.68029
  0.0227  0.0231  0.0212  0.0237  0.0231  0.0243  0.0221  0.0238  0.0212  0.0239  0.0201  0.0224
  0.0206  0.0208  0.0196  0.0215  0.0210  0.0219  0.0205  0.0212  0.0200  0.0214  0.0195  0.0199
  0.0193  0.0194  0.0189  0.0199  0.0195  0.0200  0.0194  0.0197  0.0193  0.0197  0.0192  0.0189
  0.0189  0.0189  0.0189  0.0188  0.0188  0.0190  0.0191  0.0191  0.0191  0.0191  0.0191  0.0191
  0.0194  0.0193  0.0195  0.0188  0.0193  0.0190  0.0195  0.0196  0.0194  0.0195  0.0192  0.0199
  0.0208  0.0205  0.0205  0.0205  0.0216  0.0222  0.0206  0.0212  0.0201  0.0209  0.0196  0.0213
  0.0230  0.0224  0.0221  0.0249  0.0273  0.0266  0.0223  0.0239  0.0213  0.0233  0.0202  0.0229
niter,ni,del,rscale     5    3    5.0000    1.2000
parameters
   -0.5122   -3.3410  -11.0131  -11.7033  -24.2167  -16.7254
   -3.0485    5.1259   -1.9504   38.9734   -5.9592  -48.9199
eta,q 0.98102 12.67537
  0.0228  0.0228  0.0214  0.0238  0.0239  0.0246  0.0221  0.0238  0.0212  0.0238  0.0201  0.0228
  0.0207  0.0206  0.0198  0.0216  0.0216  0.0221  0.0205  0.0212  0.0200  0.0212  0.0195  0.0203
  0.0194  0.0193  0.0190  0.0200  0.0198  0.0201  0.0194  0.0196  0.0193  0.0196  0.0192  0.0190
  0.0190  0.0190  0.0190  0.0189  0.0189  0.0189  0.0190  0.0190  0.0190  0.0190  0.0190  0.0190
  0.0194  0.0194  0.0194  0.0189  0.0190  0.0189  0.0194  0.0195  0.0193  0.0195  0.0192  0.0198
  0.0208  0.0206  0.0204  0.0204  0.0207  0.0220  0.0205  0.0212  0.0201  0.0210  0.0195  0.0211
  0.0229  0.0226  0.0219  0.0246  0.0255  0.0264  0.0222  0.0239  0.0212  0.0235  0.0201  0.0227
niter,ni,del,rscale     4    3    5.0000    1.2000
parameters
   -0.5190   -3.3510  -11.0969  -11.6836  -24.2429  -16.8640
   -3.0580    5.1159   -1.9695   39.0195   -5.9650  -49.0190
eta,q 0.98100 12.67377
  0.0229  0.0227  0.0216  0.0238  0.0240  0.0248  0.0222  0.0238  0.0212  0.0237  0.0201  0.0230
  0.0207  0.0206  0.0199  0.0216  0.0217  0.0222  0.0205  0.0212  0.0200  0.0212  0.0195  0.0204
  0.0194  0.0194  0.0191  0.0200  0.0200  0.0202  0.0194  0.0196  0.0193  0.0196  0.0191  0.0190
  0.0190  0.0190  0.0190  0.0190  0.0190  0.0190  0.0190  0.0190  0.0190  0.0190  0.0190  0.0190
  0.0195  0.0195  0.0194  0.0190  0.0190  0.0189  0.0194  0.0195  0.0193  0.0196  0.0191  0.0198
  0.0208  0.0207  0.0203  0.0205  0.0206  0.0219  0.0205  0.0212  0.0200  0.0211  0.0195  0.0210
  0.0229  0.0227  0.0217  0.0248  0.0252  0.0262  0.0222  0.0239  0.0212  0.0236  0.0201  0.0226
niter,ni,del,rscale     3    3    5.0000    1.2000
parameters
   -0.5236   -3.3603  -11.1320  -11.6801  -24.2466  -16.9273
   -3.0653    5.1095   -1.9701   39.0350   -5.9634  -49.0588
eta,q 0.98099 12.67276
  0.0229  0.0227  0.0217  0.0238  0.0241  0.0250  0.0222  0.0238  0.0212  0.0237  0.0202  0.0231
  0.0207  0.0206  0.0200  0.0216  0.0218  0.0223  0.0205  0.0212  0.0200  0.0211  0.0195  0.0205
  0.0194  0.0194  0.0192  0.0200  0.0200  0.0203  0.0194  0.0196  0.0193  0.0195  0.0191  0.0190
  0.0190  0.0190  0.0190  0.0190  0.0190  0.0190  0.0190  0.0190  0.0190  0.0190  0.0190  0.0190
  0.0195  0.0195  0.0194  0.0190  0.0190  0.0189  0.0194  0.0195  0.0193  0.0196  0.0191  0.0198
  0.0208  0.0207  0.0203  0.0206  0.0206  0.0218  0.0205  0.0212  0.0200  0.0211  0.0195  0.0210
  0.0229  0.0227  0.0217  0.0249  0.0252  0.0261  0.0222  0.0239  0.0212  0.0236  0.0202  0.0226
niter,ni,del,rscale     2    3    5.0000    1.2000
parameters
   -0.5261   -3.3618  -11.1461  -11.6778  -24.2489  -16.9542
   -3.0685    5.1084   -1.9728   39.0427   -5.9623  -49.0758
eta,q 0.98099 12.67244
  0.0229  0.0228  0.0218  0.0238  0.0241  0.0250  0.0222  0.0238  0.0212  0.0237  0.0202  0.0231
  0.0208  0.0206  0.0201  0.0217  0.0218  0.0224  0.0205  0.0212  0.0200  0.0211  0.0195  0.0205
  0.0194  0.0194  0.0192  0.0200  0.0200  0.0203  0.0194  0.0196  0.0193  0.0195  0.0191  0.0190
  0.0190  0.0190  0.0190  0.0190  0.0190  0.0190  0.0190  0.0190  0.0190  0.0190  0.0190  0.0190
  0.0195  0.0195  0.0194  0.0190  0.0190  0.0188  0.0194  0.0195  0.0193  0.0196  0.0191  0.0198
  0.0208  0.0207  0.0203  0.0206  0.0206  0.0217  0.0205  0.0212  0.0200  0.0212  0.0195  0.0210
  0.0229  0.0227  0.0216  0.0249  0.0252  0.0261  0.0222  0.0239  0.0212  0.0237  0.0202  0.0226
registration optimization eta report
parameter search radius
    2.4000    2.7600    2.7600    9.5220    9.5220    8.2800
    7.2000    7.2000    7.2000    8.2800    7.2000    8.2800
100000*second partial in parameter space
       67.       49.       35.        6.        6.       10.
        6.        9.        4.        7.        2.        6.
  0.0229  0.0228  0.0218  0.0238  0.0241  0.0250  0.0222  0.0238  0.0212  0.0237  0.0202  0.0231
  0.0208  0.0206  0.0201  0.0217  0.0218  0.0224  0.0205  0.0212  0.0200  0.0211  0.0195  0.0205
  0.0194  0.0194  0.0192  0.0200  0.0200  0.0203  0.0194  0.0196  0.0193  0.0195  0.0191  0.0190
  0.0190  0.0190  0.0190  0.0190  0.0190  0.0190  0.0190  0.0190  0.0190  0.0190  0.0190  0.0190
  0.0195  0.0195  0.0194  0.0190  0.0190  0.0188  0.0194  0.0195  0.0193  0.0196  0.0191  0.0198
  0.0208  0.0207  0.0203  0.0206  0.0206  0.0217  0.0205  0.0212  0.0200  0.0212  0.0195  0.0210
  0.0229  0.0227  0.0216  0.0249  0.0252  0.0261  0.0222  0.0239  0.0212  0.0237  0.0202  0.0226
   -0.5261   -3.3618  -11.1461  -11.6778  -24.2489  -16.9542
   -3.0685    5.1084   -1.9728   39.0427   -5.9623  -49.0758
eta,q 0.98099 12.67244

---------------------------------------------------------------------
imgreg_4dfp /opt/freesurfer/average/711-2C_as_mni_average_305 /opt/freesurfer/average/711-2B_as_mni_average_305_mask talsrcimg_g11 none talsrcimg_to_711-2C_as_mni_average_305_t4 2311
---------------------------------------------------------------------

freesurfer imgreg_4dfp.c
/opt/freesurfer/average/711-2C_as_mni_average_305.4dfp.img
       256       256       256         1
  1.000000  1.000000  1.000000
orientation T byte_order littleendian
Reading image: /opt/freesurfer/average/711-2C_as_mni_average_305.4dfp.img
dimensions:      256       256       256
mmppix:       1.0000   -1.0000   -1.0000
center:     128.0000 -129.0000 -129.0000
/opt/freesurfer/average/711-2B_as_mni_average_305_mask.4dfp.img
       256       256       256         1
  1.000000  1.000000  1.000000
orientation T byte_order littleendian
Reading mask: /opt/freesurfer/average/711-2B_as_mni_average_305_mask.4dfp.img (2306576 pixels)
talsrcimg_g11.4dfp.img
       256       256       256         1
  1.000000  1.000000  1.000000
orientation T byte_order littleendian
Reading image: talsrcimg_g11.4dfp.img
dimensions:      256       256       256
mmppix:       1.0000   -1.0000   -1.0000
center:     128.0000 -129.0000 -129.0000
fimgreg.f
image alignment mode   2311 decimal      907 hex
parameters
   -0.5261   -3.3618  -11.1461  -11.6778  -24.2489  -16.9542
   -3.0685    5.1084   -1.9728   39.0427   -5.9623  -49.0758
eta,q 0.98099 12.67244
niter,ni,del,rscale     5    3    5.0000    0.8000
parameters
   -0.5342   -3.3984  -11.2717  -10.2309  -23.0911  -16.5892
   -3.1844    5.1151   -2.0819   39.3434   -5.5526  -48.9863
eta,q 0.98139 12.83765
  0.0208  0.0202  0.0198  0.0208  0.0206  0.0214  0.0202  0.0209  0.0197  0.0206  0.0194  0.0204
  0.0198  0.0195  0.0193  0.0200  0.0198  0.0203  0.0193  0.0196  0.0191  0.0195  0.0190  0.0193
  0.0192  0.0191  0.0190  0.0194  0.0192  0.0194  0.0188  0.0189  0.0187  0.0189  0.0187  0.0187
  0.0190  0.0190  0.0190  0.0190  0.0188  0.0187  0.0186  0.0186  0.0186  0.0186  0.0186  0.0186
  0.0192  0.0192  0.0192  0.0188  0.0187  0.0185  0.0188  0.0188  0.0188  0.0187  0.0186  0.0189
  0.0198  0.0196  0.0195  0.0190  0.0189  0.0192  0.0194  0.0196  0.0192  0.0192  0.0188  0.0194
  0.0208  0.0203  0.0200  0.0195  0.0195  0.0212  0.0203  0.0209  0.0198  0.0202  0.0191  0.0201
niter,ni,del,rscale     4    3    5.0000    0.7000
parameters
   -0.5260   -3.4976  -11.2803  -10.3599  -23.0602  -16.3379
   -3.0716    5.0990   -2.0501   39.3652   -5.4963  -49.0043
eta,q 0.98146 12.84067
  0.0201  0.0195  0.0194  0.0196  0.0197  0.0208  0.0199  0.0203  0.0194  0.0199  0.0191  0.0199
  0.0193  0.0190  0.0189  0.0191  0.0191  0.0199  0.0191  0.0193  0.0189  0.0192  0.0188  0.0190
  0.0188  0.0187  0.0187  0.0188  0.0188  0.0191  0.0187  0.0188  0.0186  0.0187  0.0186  0.0186
  0.0186  0.0186  0.0186  0.0186  0.0186  0.0186  0.0185  0.0185  0.0185  0.0185  0.0185  0.0185
  0.0188  0.0188  0.0187  0.0187  0.0187  0.0185  0.0187  0.0187  0.0186  0.0187  0.0186  0.0188
  0.0192  0.0192  0.0190  0.0191  0.0190  0.0191  0.0191  0.0193  0.0189  0.0191  0.0188  0.0192
  0.0200  0.0198  0.0194  0.0199  0.0197  0.0207  0.0197  0.0204  0.0194  0.0199  0.0190  0.0198
niter,ni,del,rscale     3    3    5.0000    0.6000
parameters
   -0.5241   -3.5159  -11.2334  -10.3023  -23.0499  -16.1215
   -3.0721    5.1110   -2.0644   39.4244   -5.5056  -49.0133
eta,q 0.98151 12.85356
  0.0196  0.0193  0.0192  0.0194  0.0193  0.0202  0.0194  0.0198  0.0191  0.0195  0.0189  0.0195
  0.0190  0.0189  0.0188  0.0190  0.0189  0.0195  0.0189  0.0191  0.0188  0.0190  0.0187  0.0189
  0.0187  0.0186  0.0186  0.0187  0.0187  0.0189  0.0186  0.0187  0.0186  0.0186  0.0185  0.0185
  0.0185  0.0185  0.0185  0.0185  0.0185  0.0185  0.0185  0.0185  0.0185  0.0185  0.0185  0.0185
  0.0187  0.0186  0.0186  0.0186  0.0186  0.0184  0.0186  0.0186  0.0186  0.0186  0.0185  0.0187
  0.0190  0.0189  0.0188  0.0189  0.0188  0.0189  0.0189  0.0191  0.0188  0.0189  0.0187  0.0190
  0.0196  0.0193  0.0191  0.0194  0.0193  0.0201  0.0194  0.0199  0.0191  0.0195  0.0189  0.0194
niter,ni,del,rscale     2    3    5.0000    0.5000
parameters
   -0.5161   -3.5173  -11.1952  -10.2456  -23.0546  -15.9101
   -3.0718    5.1337   -2.0989   39.4754   -5.5122  -49.0068
eta,q 0.98155 12.86473
  0.0192  0.0190  0.0190  0.0191  0.0190  0.0197  0.0191  0.0194  0.0189  0.0192  0.0187  0.0192
  0.0188  0.0187  0.0187  0.0188  0.0187  0.0192  0.0187  0.0189  0.0186  0.0188  0.0186  0.0187
  0.0186  0.0185  0.0185  0.0186  0.0186  0.0188  0.0185  0.0186  0.0185  0.0185  0.0185  0.0185
  0.0185  0.0185  0.0185  0.0185  0.0185  0.0185  0.0185  0.0185  0.0184  0.0184  0.0184  0.0184
  0.0186  0.0186  0.0185  0.0185  0.0185  0.0184  0.0185  0.0185  0.0185  0.0185  0.0185  0.0186
  0.0188  0.0187  0.0187  0.0187  0.0187  0.0188  0.0187  0.0189  0.0187  0.0187  0.0186  0.0188
  0.0192  0.0190  0.0189  0.0191  0.0190  0.0196  0.0191  0.0194  0.0189  0.0191  0.0187  0.0191
niter,ni,del,rscale     1    3    5.0000    0.4000
parameters
   -0.5098   -3.5200  -11.1516  -10.2081  -23.0596  -15.6983
   -3.0688    5.1378   -2.1023   39.5267   -5.4707  -48.9939
eta,q 0.98158 12.87449
  0.0189  0.0188  0.0188  0.0188  0.0188  0.0193  0.0188  0.0190  0.0187  0.0189  0.0186  0.0189
  0.0187  0.0186  0.0186  0.0186  0.0186  0.0190  0.0186  0.0187  0.0185  0.0186  0.0185  0.0186
  0.0185  0.0185  0.0185  0.0185  0.0185  0.0187  0.0185  0.0185  0.0185  0.0185  0.0184  0.0185
  0.0184  0.0185  0.0185  0.0184  0.0185  0.0184  0.0184  0.0184  0.0184  0.0184  0.0184  0.0184
  0.0185  0.0185  0.0185  0.0185  0.0185  0.0184  0.0185  0.0185  0.0185  0.0185  0.0184  0.0185
  0.0187  0.0186  0.0186  0.0186  0.0186  0.0186  0.0186  0.0187  0.0186  0.0186  0.0185  0.0186
  0.0189  0.0188  0.0187  0.0188  0.0188  0.0192  0.0188  0.0191  0.0187  0.0189  0.0186  0.0189
registration optimization eta report
parameter search radius
    0.8000    0.8000    0.8000    2.4000    2.4000    2.4000
    2.4000    2.4000    2.4000    2.4000    2.4000    2.4000
100000*second partial in parameter space
       75.       55.       48.        7.        6.       14.
        7.       11.        5.        8.        3.        8.
  0.0189  0.0188  0.0188  0.0188  0.0188  0.0193  0.0188  0.0190  0.0187  0.0189  0.0186  0.0189
  0.0187  0.0186  0.0186  0.0186  0.0186  0.0190  0.0186  0.0187  0.0185  0.0186  0.0185  0.0186
  0.0185  0.0185  0.0185  0.0185  0.0185  0.0187  0.0185  0.0185  0.0185  0.0185  0.0184  0.0185
  0.0184  0.0185  0.0185  0.0184  0.0185  0.0184  0.0184  0.0184  0.0184  0.0184  0.0184  0.0184
  0.0185  0.0185  0.0185  0.0185  0.0185  0.0184  0.0185  0.0185  0.0185  0.0185  0.0184  0.0185
  0.0187  0.0186  0.0186  0.0186  0.0186  0.0186  0.0186  0.0187  0.0186  0.0186  0.0185  0.0186
  0.0189  0.0188  0.0187  0.0188  0.0188  0.0192  0.0188  0.0191  0.0187  0.0189  0.0186  0.0189
   -0.5098   -3.5200  -11.1516  -10.2081  -23.0596  -15.6983
   -3.0688    5.1378   -2.1023   39.5267   -5.4707  -48.9939
eta,q 0.98158 12.87449

---------------------------------------------------------------------
imgreg_4dfp /opt/freesurfer/average/711-2C_as_mni_average_305 /opt/freesurfer/average/711-2B_as_mni_average_305_mask talsrcimg_g11 none talsrcimg_to_711-2C_as_mni_average_305_t4 2311
---------------------------------------------------------------------

freesurfer imgreg_4dfp.c
/opt/freesurfer/average/711-2C_as_mni_average_305.4dfp.img
       256       256       256         1
  1.000000  1.000000  1.000000
orientation T byte_order littleendian
Reading image: /opt/freesurfer/average/711-2C_as_mni_average_305.4dfp.img
dimensions:      256       256       256
mmppix:       1.0000   -1.0000   -1.0000
center:     128.0000 -129.0000 -129.0000
/opt/freesurfer/average/711-2B_as_mni_average_305_mask.4dfp.img
       256       256       256         1
  1.000000  1.000000  1.000000
orientation T byte_order littleendian
Reading mask: /opt/freesurfer/average/711-2B_as_mni_average_305_mask.4dfp.img (2306576 pixels)
talsrcimg_g11.4dfp.img
       256       256       256         1
  1.000000  1.000000  1.000000
orientation T byte_order littleendian
Reading image: talsrcimg_g11.4dfp.img
dimensions:      256       256       256
mmppix:       1.0000   -1.0000   -1.0000
center:     128.0000 -129.0000 -129.0000
fimgreg.f
image alignment mode   2311 decimal      907 hex
parameters
   -0.5098   -3.5200  -11.1516  -10.2081  -23.0596  -15.6983
   -3.0688    5.1378   -2.1023   39.5267   -5.4707  -48.9939
eta,q 0.98158 12.87449
niter,ni,del,rscale     5    3    5.0000    0.8000
parameters
   -0.5001   -3.4940  -11.0176  -10.6021  -23.3354  -16.1365
   -3.0202    5.1061   -2.0152   39.3060   -5.5290  -48.9510
eta,q 0.98145 12.81646
  0.0204  0.0199  0.0199  0.0197  0.0197  0.0207  0.0202  0.0209  0.0197  0.0201  0.0192  0.0203
  0.0193  0.0191  0.0191  0.0190  0.0190  0.0197  0.0193  0.0196  0.0191  0.0192  0.0188  0.0192
  0.0186  0.0186  0.0186  0.0186  0.0186  0.0190  0.0187  0.0188  0.0187  0.0187  0.0186  0.0186
  0.0184  0.0184  0.0184  0.0184  0.0184  0.0184  0.0185  0.0185  0.0185  0.0185  0.0185  0.0185
  0.0186  0.0186  0.0185  0.0186  0.0186  0.0186  0.0187  0.0188  0.0187  0.0188  0.0186  0.0188
  0.0193  0.0190  0.0189  0.0192  0.0191  0.0200  0.0192  0.0196  0.0190  0.0194  0.0188  0.0193
  0.0203  0.0198  0.0194  0.0204  0.0202  0.0224  0.0201  0.0210  0.0196  0.0205  0.0192  0.0200
niter,ni,del,rscale     4    3    5.0000    0.7000
parameters
   -0.5124   -3.4468  -11.1511  -10.3867  -23.1885  -16.1920
   -3.0683    5.1113   -2.0486   39.3543   -5.5174  -48.9819
eta,q 0.98148 12.83680
  0.0200  0.0197  0.0192  0.0197  0.0196  0.0205  0.0197  0.0203  0.0194  0.0199  0.0190  0.0199
  0.0192  0.0191  0.0188  0.0191  0.0191  0.0197  0.0191  0.0193  0.0189  0.0191  0.0188  0.0190
  0.0187  0.0187  0.0186  0.0187  0.0187  0.0190  0.0187  0.0188  0.0186  0.0187  0.0186  0.0186
  0.0185  0.0185  0.0185  0.0185  0.0185  0.0185  0.0185  0.0185  0.0185  0.0185  0.0185  0.0185
  0.0187  0.0186  0.0187  0.0186  0.0186  0.0185  0.0187  0.0187  0.0186  0.0187  0.0186  0.0188
  0.0192  0.0190  0.0190  0.0189  0.0189  0.0193  0.0191  0.0193  0.0189  0.0191  0.0187  0.0192
  0.0200  0.0195  0.0195  0.0196  0.0195  0.0211  0.0198  0.0204  0.0194  0.0198  0.0190  0.0197
niter,ni,del,rscale     3    3    5.0000    0.6000
parameters
   -0.5175   -3.4857  -11.1952  -10.3022  -23.0938  -16.0790
   -3.0700    5.1182   -2.0664   39.4208   -5.4946  -49.0042
eta,q 0.98152 12.85260
  0.0196  0.0193  0.0191  0.0194  0.0193  0.0201  0.0194  0.0198  0.0191  0.0195  0.0189  0.0195
  0.0190  0.0188  0.0187  0.0190  0.0189  0.0195  0.0189  0.0191  0.0188  0.0190  0.0187  0.0189
  0.0186  0.0186  0.0186  0.0187  0.0186  0.0189  0.0186  0.0187  0.0185  0.0186  0.0185  0.0185
  0.0185  0.0185  0.0185  0.0185  0.0185  0.0185  0.0185  0.0185  0.0185  0.0185  0.0185  0.0185
  0.0186  0.0186  0.0186  0.0186  0.0186  0.0185  0.0186  0.0186  0.0186  0.0186  0.0185  0.0187
  0.0190  0.0189  0.0188  0.0188  0.0188  0.0190  0.0189  0.0191  0.0188  0.0189  0.0187  0.0190
  0.0196  0.0193  0.0192  0.0193  0.0193  0.0202  0.0194  0.0199  0.0191  0.0195  0.0189  0.0194
niter,ni,del,rscale     2    3    5.0000    0.5000
parameters
   -0.5146   -3.5068  -11.1817  -10.2465  -23.0691  -15.8934
   -3.0630    5.1288   -2.0903   39.4806   -5.4927  -49.0024
eta,q 0.98156 12.86470
  0.0192  0.0190  0.0190  0.0191  0.0190  0.0197  0.0191  0.0194  0.0189  0.0192  0.0187  0.0192
  0.0188  0.0187  0.0187  0.0188  0.0187  0.0192  0.0187  0.0189  0.0186  0.0188  0.0186  0.0187
  0.0186  0.0185  0.0185  0.0186  0.0186  0.0188  0.0185  0.0186  0.0185  0.0185  0.0185  0.0185
  0.0185  0.0185  0.0185  0.0185  0.0185  0.0185  0.0184  0.0184  0.0184  0.0184  0.0184  0.0184
  0.0186  0.0186  0.0185  0.0185  0.0185  0.0184  0.0185  0.0185  0.0185  0.0185  0.0185  0.0186
  0.0188  0.0188  0.0187  0.0187  0.0187  0.0188  0.0187  0.0189  0.0187  0.0187  0.0186  0.0188
  0.0192  0.0190  0.0189  0.0191  0.0190  0.0196  0.0191  0.0194  0.0189  0.0191  0.0187  0.0191
niter,ni,del,rscale     1    3    5.0000    0.4000
parameters
   -0.5099   -3.5145  -11.1465  -10.2092  -23.0590  -15.6887
   -3.0648    5.1370   -2.1128   39.5276   -5.4713  -48.9879
eta,q 0.98158 12.87480
  0.0189  0.0188  0.0188  0.0188  0.0188  0.0193  0.0188  0.0191  0.0187  0.0189  0.0186  0.0189
  0.0187  0.0186  0.0186  0.0186  0.0186  0.0190  0.0186  0.0187  0.0185  0.0186  0.0185  0.0186
  0.0185  0.0185  0.0185  0.0185  0.0185  0.0187  0.0185  0.0185  0.0184  0.0185  0.0184  0.0185
  0.0184  0.0184  0.0184  0.0184  0.0184  0.0184  0.0184  0.0184  0.0184  0.0184  0.0184  0.0184
  0.0185  0.0185  0.0185  0.0185  0.0185  0.0184  0.0185  0.0185  0.0185  0.0185  0.0184  0.0185
  0.0187  0.0186  0.0186  0.0186  0.0186  0.0186  0.0186  0.0187  0.0186  0.0186  0.0185  0.0186
  0.0189  0.0188  0.0187  0.0188  0.0188  0.0192  0.0188  0.0191  0.0187  0.0189  0.0186  0.0189
registration optimization eta report
parameter search radius
    0.8000    0.8000    0.8000    2.4000    2.4000    2.4000
    2.4000    2.4000    2.4000    2.4000    2.4000    2.4000
100000*second partial in parameter space
       76.       55.       48.        7.        6.       14.
        7.       11.        5.        8.        3.        8.
  0.0189  0.0188  0.0188  0.0188  0.0188  0.0193  0.0188  0.0191  0.0187  0.0189  0.0186  0.0189
  0.0187  0.0186  0.0186  0.0186  0.0186  0.0190  0.0186  0.0187  0.0185  0.0186  0.0185  0.0186
  0.0185  0.0185  0.0185  0.0185  0.0185  0.0187  0.0185  0.0185  0.0184  0.0185  0.0184  0.0185
  0.0184  0.0184  0.0184  0.0184  0.0184  0.0184  0.0184  0.0184  0.0184  0.0184  0.0184  0.0184
  0.0185  0.0185  0.0185  0.0185  0.0185  0.0184  0.0185  0.0185  0.0185  0.0185  0.0184  0.0185
  0.0187  0.0186  0.0186  0.0186  0.0186  0.0186  0.0186  0.0187  0.0186  0.0186  0.0185  0.0186
  0.0189  0.0188  0.0187  0.0188  0.0188  0.0192  0.0188  0.0191  0.0187  0.0189  0.0186  0.0189
   -0.5099   -3.5145  -11.1465  -10.2092  -23.0590  -15.6887
   -3.0648    5.1370   -2.1128   39.5276   -5.4713  -48.9879
eta,q 0.98158 12.87480

---------------------------------------------------------------------
compute_vox2vox talsrcimg talsrcimg_to_711-2C_as_mni_average_305_t4 /opt/freesurfer/average/711-2C_as_mni_average_305
---------------------------------------------------------------------

freesurfer compute_vox2vox.c
Reading: talsrcimg.4dfp.ifh
Reading: talsrcimg_to_711-2C_as_mni_average_305_t4
Reading: /opt/freesurfer/average/711-2C_as_mni_average_305.4dfp.ifh
Writing: talsrcimg_to_711-2C_as_mni_average_305_t4_vox2vox.txt

start time Sun Mar 8 12:45:43 CET 2026
end		time Sun Mar 8 12:47:15 CET 2026

mpr2mni305 success

avi2talxfm orig_nu.mgz /opt/freesurfer/average/mni305.cor.mgz talsrcimg_to_711-2C_as_mni_average_305_t4_vox2vox.txt transforms/talairach.auto.xfm
avi2talxfm done
mv -f /out/sourcedata/freesurfer/sub-v1s12x0050114_ses-1/mri/talsrcimg_to_711-2C_as_mni_average_305_t4_vox2vox.txt /out/sourcedata/freesurfer/sub-v1s12x0050114_ses-1/mri/transforms/talsrcimg_to_711-2C_as_mni_average_305_t4_vox2vox.txt
lta_convert --src orig_nu.mgz --trg /opt/freesurfer/average/mni305.cor.mgz --inxfm transforms/talairach.auto.xfm --outlta transforms/talairach.auto.xfm.lta --subject fsaverage
7.3.2

--src: orig_nu.mgz src image (geometry).
--trg: /opt/freesurfer/average/mni305.cor.mgz trg image (geometry).
--inmni: transforms/talairach.auto.xfm input MNI/XFM transform.
--outlta: transforms/talairach.auto.xfm.lta output LTA.
--s: fsaverage subject name
 LTA read, type : 1
 1.10958  -0.06802   0.00089   4.43341;
 0.06909   0.90919   0.58163   0.95235;
-0.00502  -0.46895   1.00092   6.80182;
 0.00000   0.00000   0.00000   1.00000;
setting subject to fsaverage
Writing  LTA to file transforms/talairach.auto.xfm.lta...
lta_convert successful.
 
 
Started at Sun Mar 8 12:45:43 CET 2026
Ended   at Sun Mar  8 12:47:15 CET 2026
talairach_avi done
