status file for recon-all
Sun Mar  8 12:42:43 CET 2026
#@# MotionCor Sun Mar  8 12:42:44 CET 2026
#@# Talairach Sun Mar  8 12:42:50 CET 2026
#@# Talairach Failure Detection Sun Mar  8 12:45:40 CET 2026
#@# Nu Intensity Correction Sun Mar  8 12:45:41 CET 2026
#@# Intensity Normalization Sun Mar  8 12:48:26 CET 2026
recon-all -s sub-v1s12x0050104_ses-1 finished without error at Sun Mar  8 12:49:28 CET 2026



#New# invocation of recon-all 



status file for recon-all
Sun Mar  8 12:54:46 CET 2026
#@# EM Registration Sun Mar  8 12:54:46 CET 2026
recon-all -s sub-v1s12x0050104_ses-1 finished without error at Sun Mar  8 12:55:52 CET 2026



#New# invocation of recon-all 



status file for recon-all
Sun Mar  8 12:55:55 CET 2026
#@# CA Normalize Sun Mar  8 12:55:55 CET 2026
#@# CA Reg Sun Mar  8 12:56:47 CET 2026
#@# SubCort Seg Sun Mar  8 13:29:17 CET 2026
#@# CC Seg Sun Mar  8 13:50:27 CET 2026
#@# Merge ASeg Sun Mar  8 13:50:46 CET 2026
#@# Intensity Normalization2 Sun Mar  8 13:50:46 CET 2026
#@# Mask BFS Sun Mar  8 13:52:15 CET 2026
#@# WM Segmentation Sun Mar  8 13:52:15 CET 2026
#@# Fill Sun Mar  8 13:53:54 CET 2026
recon-all -s sub-v1s12x0050104_ses-1 finished without error at Sun Mar  8 13:54:31 CET 2026



#New# invocation of recon-all 



status file for recon-all
Sun Mar  8 14:33:32 CET 2026
#@# white curv lh Sun Mar  8 14:33:32 CET 2026
#@# white area lh Sun Mar  8 14:33:32 CET 2026
#@# pial curv lh Sun Mar  8 14:33:32 CET 2026
#@# pial area lh Sun Mar  8 14:33:32 CET 2026
#@# thickness lh Sun Mar  8 14:33:32 CET 2026
#@# area and vertex vol lh Sun Mar  8 14:33:32 CET 2026
#@# white curv rh Sun Mar  8 14:33:32 CET 2026
#@# white area rh Sun Mar  8 14:33:32 CET 2026
#@# pial curv rh Sun Mar  8 14:33:32 CET 2026
#@# pial area rh Sun Mar  8 14:33:32 CET 2026
#@# thickness rh Sun Mar  8 14:33:32 CET 2026
#@# area and vertex vol rh Sun Mar  8 14:33:32 CET 2026
#@# Cortical ribbon mask Sun Mar  8 14:33:32 CET 2026
recon-all -s sub-v1s12x0050104_ses-1 finished without error at Sun Mar  8 14:38:00 CET 2026



#New# invocation of recon-all 



status file for recon-all
Sun Mar  8 14:43:16 CET 2026
#@# white curv lh Sun Mar  8 14:43:16 CET 2026
#@# white area lh Sun Mar  8 14:43:16 CET 2026
#@# pial curv lh Sun Mar  8 14:43:16 CET 2026
#@# pial area lh Sun Mar  8 14:43:16 CET 2026
#@# thickness lh Sun Mar  8 14:43:16 CET 2026
#@# area and vertex vol lh Sun Mar  8 14:43:16 CET 2026
#@# white curv rh Sun Mar  8 14:43:16 CET 2026
#@# white area rh Sun Mar  8 14:43:16 CET 2026
#@# pial curv rh Sun Mar  8 14:43:16 CET 2026
#@# pial area rh Sun Mar  8 14:43:16 CET 2026
#@# thickness rh Sun Mar  8 14:43:16 CET 2026
#@# area and vertex vol rh Sun Mar  8 14:43:16 CET 2026
#@# Curvature Stats lh Sun Mar  8 14:43:16 CET 2026
#@# Curvature Stats rh Sun Mar  8 14:43:18 CET 2026
#@# Relabel Hypointensities Sun Mar  8 14:43:19 CET 2026
#@# APas-to-ASeg Sun Mar  8 14:43:30 CET 2026
#@# AParc-to-ASeg aparc Sun Mar  8 14:43:36 CET 2026
#@# AParc-to-ASeg aparc.a2009s Sun Mar  8 14:44:00 CET 2026
#@# AParc-to-ASeg aparc.DKTatlas Sun Mar  8 14:44:25 CET 2026
#@# WMParc Sun Mar  8 14:44:50 CET 2026
#@# ASeg Stats Sun Mar  8 14:46:33 CET 2026
recon-all -s sub-v1s12x0050104_ses-1 finished without error at Sun Mar  8 14:46:49 CET 2026
