/out/sourcedata/freesurfer/sub-v1s12x0050109_ses-1/mri
/opt/freesurfer/bin/talairach_avi
--i orig_nu.mgz --xfm transforms/talairach.auto.xfm
talairach_avi 7.3.2
Linux dna079 5.14.0-427.37.1.el9_4.x86_64 #1 SMP PREEMPT_DYNAMIC Fri Sep 13 12:41:50 EDT 2024 x86_64 x86_64 x86_64 GNU/Linux
Sun Mar  8 12:45:08 CET 2026
mri_convert orig_nu.mgz talsrcimg.img 
reading from orig_nu.mgz...
TR=0.00, TE=0.00, TI=0.00, flip angle=0.00
i_ras = (-1, 0, 0)
j_ras = (0, 0, -1)
k_ras = (0, 1, 0)
writing to talsrcimg.img...
Analyze Output Matrix
-1.00000   0.00000   0.00000   130.72462;
 0.00000   0.00000   1.00000  -133.81114;
 0.00000  -1.00000   0.00000   110.61730;
 0.00000   0.00000   0.00000   1.00000;
--------------------
INFO: set hdr.hist.orient to -1
mpr2mni305 talsrcimg
Sun Mar  8 12:45:08 CET 2026
/opt/freesurfer/bin/mpr2mni305 talsrcimg
mpr2mni305 7.3.2
target=711-2C_as_mni_average_305

---------------------------------------------------------------------
analyzeto4dfp talsrcimg -O0 -y
---------------------------------------------------------------------

freesurfer ifh2hdr.c
Sun Mar  8 12:45:09 2026
Writing: talsrcimg.4dfp.hdr
freesurfer analyzeto4dfp.c
Reading: talsrcimg.hdr
header size 348 bytes
hdr.dime.datatype	offset=70	value=2
hdr.dime.bitpix		offset=72	value=8
hdr.hist.orient		offset=252	value=-1
dimensionality     4
dimensions       256       256       256         1
Reading: talsrcimg.img
Writing: talsrcimg.4dfp.img
Writing: talsrcimg.4dfp.ifh
ifh2hdr talsrcimg -r0to220
ori=2

---------------------------------------------------------------------
gauss_4dfp talsrcimg 1.1
---------------------------------------------------------------------

freesurfer gauss_4dfp.c
Reading: talsrcimg.4dfp.img
Writing: talsrcimg_g11.4dfp.img
image dimensions 256 256 256 padded to 288 288 288
processing volume 1freesurfer ifh2hdr.c
Sun Mar  8 12:45:10 2026
Writing: talsrcimg_g11.4dfp.hdr

Writing: talsrcimg_g11.4dfp.ifh
including: talsrcimg.4dfp.img.rec in talsrcimg_g11.4dfp.img.rec

---------------------------------------------------------------------
imgreg_4dfp /opt/freesurfer/average/711-2C_as_mni_average_305 none talsrcimg_g11 none talsrcimg_to_711-2C_as_mni_average_305_t4 4355
---------------------------------------------------------------------

freesurfer imgreg_4dfp.c
/opt/freesurfer/average/711-2C_as_mni_average_305.4dfp.img
       256       256       256         1
  1.000000  1.000000  1.000000
orientation T byte_order littleendian
Reading image: /opt/freesurfer/average/711-2C_as_mni_average_305.4dfp.img
dimensions:      256       256       256
mmppix:       1.0000   -1.0000   -1.0000
center:     128.0000 -129.0000 -129.0000
talsrcimg_g11.4dfp.img
       256       256       256         1
  1.000000  1.000000  1.000000
orientation T byte_order littleendian
Reading image: talsrcimg_g11.4dfp.img
dimensions:      256       256       256
mmppix:       1.0000   -1.0000   -1.0000
center:     128.0000 -129.0000 -129.0000
t4_read: open error in t4_sub.f l:  41 t4_file(1:l)talsrcimg_to_711-2C_as_mni_average_305_t4 
t4_read: transform initialized to I4
rotation matrix determinant  1.000000
image alignment mode   4355 decimal     1103 hex
   -7.5000  -45.0000  -45.0000 7671.1094   16.8227
    0.0000  -45.0000  -45.0000 7928.5630   16.8127
    7.5000  -45.0000  -45.0000 7478.1816   16.7864
   -7.5000  -37.5000  -45.0000 8211.4883   16.8318
    0.0000  -37.5000  -45.0000 8476.7168   16.8212
    7.5000  -37.5000  -45.0000 7994.5400   16.7953
   -7.5000  -30.0000  -45.0000 9007.6289   16.8484
    0.0000  -30.0000  -45.0000 9292.7178   16.8446
    7.5000  -30.0000  -45.0000 8778.8018   16.8252
   -7.5000  -22.5000  -45.0000 9762.6367   16.8482
    0.0000  -22.5000  -45.000010075.9277   16.8528
    7.5000  -22.5000  -45.0000 9534.9473   16.8399
   -7.5000  -15.0000  -45.000010439.5273   16.8361
    0.0000  -15.0000  -45.000010788.3691   16.8425
    7.5000  -15.0000  -45.000010190.5625   16.8295
   -7.5000   -7.5000  -45.000011050.5000   16.8234
    0.0000   -7.5000  -45.000011427.0840   16.8221
    7.5000   -7.5000  -45.000010788.4902   16.8021
   -7.5000    0.0000  -45.000011570.1494   16.8190
    0.0000    0.0000  -45.000011943.8486   16.8090
    7.5000    0.0000  -45.000011270.2539   16.7827
   -7.5000    7.5000  -45.000011166.2373   16.8318
    0.0000    7.5000  -45.000011524.5752   16.8212
    7.5000    7.5000  -45.000010889.5498   16.7953
   -7.5000   15.0000  -45.000010679.0771   16.8484
    0.0000   15.0000  -45.000011042.2500   16.8446
    7.5000   15.0000  -45.000010452.4951   16.8252
   -7.5000   22.5000  -45.000010102.4111   16.8459
    0.0000   22.5000  -45.000010460.5771   16.8505
    7.5000   22.5000  -45.0000 9902.6416   16.8376
   -7.5000   30.0000  -45.0000 9394.5342   16.6117
    0.0000   30.0000  -45.0000 9732.0322   16.6181
    7.5000   30.0000  -45.0000 9193.3389   16.6052
   -7.5000   37.5000  -45.0000 8947.4297   16.5992
    0.0000   37.5000  -45.0000 9274.5879   16.5979
    7.5000   37.5000  -45.0000 8737.7930   16.5782
   -7.5000   45.0000  -45.0000 8211.2266   16.1819
    0.0000   45.0000  -45.0000 8500.1543   16.1724
    7.5000   45.0000  -45.0000 8015.9888   16.1471
   -7.5000  -45.0000  -37.5000 8158.7979   16.7487
    0.0000  -45.0000  -37.5000 8432.7441   16.7385
    7.5000  -45.0000  -37.5000 7967.8550   16.7182
   -7.5000  -37.5000  -37.5000 8714.0000   16.7520
    0.0000  -37.5000  -37.5000 8980.5381   16.7441
    7.5000  -37.5000  -37.5000 8482.8379   16.7237
   -7.5000  -30.0000  -37.5000 9563.1084   16.7629
    0.0000  -30.0000  -37.5000 9859.7559   16.7630
    7.5000  -30.0000  -37.5000 9305.2266   16.7464
   -7.5000  -22.5000  -37.500010379.3066   16.7634
    0.0000  -22.5000  -37.500010697.6250   16.7697
    7.5000  -22.5000  -37.500010111.0176   16.7572
   -7.5000  -15.0000  -37.500011108.7402   16.7567
    0.0000  -15.0000  -37.500011462.7695   16.7612
    7.5000  -15.0000  -37.500010831.8633   16.7489
   -7.5000   -7.5000  -37.500011738.5361   16.7492
    0.0000   -7.5000  -37.500012109.2344   16.7452
    7.5000   -7.5000  -37.500011441.5332   16.7289
   -7.5000    0.0000  -37.500012263.7383   16.7450
    0.0000    0.0000  -37.500012649.3887   16.7348
    7.5000    0.0000  -37.500011955.0850   16.7145
   -7.5000    7.5000  -37.500011826.7363   16.7520
    0.0000    7.5000  -37.500012194.3105   16.7441
    7.5000    7.5000  -37.500011520.9277   16.7237
   -7.5000   15.0000  -37.500011307.8281   16.7629
    0.0000   15.0000  -37.500011682.6895   16.7630
    7.5000   15.0000  -37.500011047.3193   16.7464
   -7.5000   22.5000  -37.500010670.6211   16.7611
    0.0000   22.5000  -37.500011055.4844   16.7674
    7.5000   22.5000  -37.500010449.7119   16.7549
   -7.5000   30.0000  -37.5000 9903.4883   16.5334
    0.0000   30.0000  -37.500010270.4951   16.5379
    7.5000   30.0000  -37.5000 9711.5254   16.5257
   -7.5000   37.5000  -37.5000 9419.8701   16.5260
    0.0000   37.5000  -37.5000 9769.2666   16.5221
    7.5000   37.5000  -37.5000 9243.3350   16.5060
   -7.5000   45.0000  -37.5000 8649.4248   16.1114
    0.0000   45.0000  -37.5000 8960.4316   16.1017
    7.5000   45.0000  -37.5000 8468.5918   16.0821
   -7.5000  -45.0000  -30.0000 8774.1514   17.4643
    0.0000  -45.0000  -30.0000 9028.3584   17.4620
    7.5000  -45.0000  -30.0000 8560.9961   17.4539
   -7.5000  -37.5000  -30.0000 9330.0195   17.4673
    0.0000  -37.5000  -30.0000 9596.8877   17.4684
    7.5000  -37.5000  -30.0000 9098.3604   17.4597
   -7.5000  -30.0000  -30.000010267.2695   17.4752
    0.0000  -30.0000  -30.000010558.2510   17.4834
    7.5000  -30.0000  -30.0000 9984.4766   17.4767
   -7.5000  -22.5000  -30.000011170.7705   17.4728
    0.0000  -22.5000  -30.000011498.4229   17.4846
    7.5000  -22.5000  -30.000010883.5420   17.4806
   -7.5000  -15.0000  -30.000011969.2383   17.4653
    0.0000  -15.0000  -30.000012319.7422   17.4736
    7.5000  -15.0000  -30.000011661.2578   17.4697
   -7.5000   -7.5000  -30.000012670.3916   17.4608
    0.0000   -7.5000  -30.000013040.3076   17.4620
    7.5000   -7.5000  -30.000012322.6143   17.4560
   -7.5000    0.0000  -30.000013244.7646   17.4604
    0.0000    0.0000  -30.000013625.0195   17.4581
    7.5000    0.0000  -30.000012876.6162   17.4500
   -7.5000    7.5000  -30.000012717.9688   17.4673
    0.0000    7.5000  -30.000013106.9775   17.4684
    7.5000    7.5000  -30.000012397.8594   17.4597
   -7.5000   15.0000  -30.000012113.3516   17.4752
    0.0000   15.0000  -30.000012519.0879   17.4834
    7.5000   15.0000  -30.000011847.6660   17.4767
   -7.5000   22.5000  -30.000011442.5078   17.4686
    0.0000   22.5000  -30.000011843.9971   17.4804
    7.5000   22.5000  -30.000011241.5166   17.4764
   -7.5000   30.0000  -30.000010623.3398   17.2342
    0.0000   30.0000  -30.000011009.1592   17.2424
    7.5000   30.0000  -30.000010445.1758   17.2385
   -7.5000   37.5000  -30.000010091.2598   17.2297
    0.0000   37.5000  -30.000010465.9512   17.2309
    7.5000   37.5000  -30.0000 9937.2285   17.2250
   -7.5000   45.0000  -30.0000 9249.5195   16.8126
    0.0000   45.0000  -30.0000 9597.5078   16.8105
    7.5000   45.0000  -30.0000 9098.8809   16.8026
   -7.5000  -45.0000  -22.5000 9408.5264   18.1027
    0.0000  -45.0000  -22.5000 9699.4785   18.1085
    7.5000  -45.0000  -22.5000 9186.0742   18.1059
   -7.5000  -37.5000  -22.5000 9997.0215   18.1130
    0.0000  -37.5000  -22.500010307.4385   18.1199
    7.5000  -37.5000  -22.5000 9757.4619   18.1170
   -7.5000  -30.0000  -22.500011026.3271   18.1250
    0.0000  -30.0000  -22.500011359.7100   18.1363
    7.5000  -30.0000  -22.500010733.1533   18.1363
   -7.5000  -22.5000  -22.500011991.3682   18.1182
    0.0000  -22.5000  -22.500012367.4971   18.1327
    7.5000  -22.5000  -22.500011687.3984   18.1364
   -7.5000  -15.0000  -22.500012835.4033   18.1024
    0.0000  -15.0000  -22.500013214.3262   18.1154
    7.5000  -15.0000  -22.500012519.1943   18.1191
   -7.5000   -7.5000  -22.500013612.2461   18.0949
    0.0000   -7.5000  -22.500013995.2812   18.1035
    7.5000   -7.5000  -22.500013254.2139   18.1039
   -7.5000    0.0000  -22.500014215.2119   18.0987
    0.0000    0.0000  -22.500014626.8945   18.1045
    7.5000    0.0000  -22.500013849.8340   18.1019
   -7.5000    7.5000  -22.500013638.4951   18.1130
    0.0000    7.5000  -22.500014072.5850   18.1199
    7.5000    7.5000  -22.500013341.0938   18.1170
   -7.5000   15.0000  -22.500012980.8955   18.1250
    0.0000   15.0000  -22.500013444.3848   18.1363
    7.5000   15.0000  -22.500012749.8193   18.1363
   -7.5000   22.5000  -22.500012275.2480   18.1127
    0.0000   22.5000  -22.500012729.1094   18.1271
    7.5000   22.5000  -22.500012105.7266   18.1308
   -7.5000   30.0000  -22.500011366.0723   17.8656
    0.0000   30.0000  -22.500011786.8867   17.8784
    7.5000   30.0000  -22.500011240.3916   17.8821
   -7.5000   37.5000  -22.500010800.2500   17.8582
    0.0000   37.5000  -22.500011193.0752   17.8667
    7.5000   37.5000  -22.500010692.2812   17.8671
   -7.5000   45.0000  -22.5000 9884.6064   17.4401
    0.0000   45.0000  -22.500010259.5771   17.4457
    7.5000   45.0000  -22.5000 9779.3389   17.4432
   -7.5000  -45.0000  -15.000010074.1357   18.5636
    0.0000  -45.0000  -15.000010407.3076   18.5704
    7.5000  -45.0000  -15.0000 9838.9424   18.5608
   -7.5000  -37.5000  -15.000010717.1719   18.5806
    0.0000  -37.5000  -15.000011070.2383   18.5857
    7.5000  -37.5000  -15.000010464.8037   18.5771
   -7.5000  -30.0000  -15.000011781.5957   18.5970
    0.0000  -30.0000  -15.000012176.9355   18.6048
    7.5000  -30.0000  -15.000011512.7051   18.6023
   -7.5000  -22.5000  -15.000012799.9863   18.5869
    0.0000  -22.5000  -15.000013222.5059   18.5994
    7.5000  -22.5000  -15.000012506.4697   18.6030
   -7.5000  -15.0000  -15.000013655.7832   18.5636
    0.0000  -15.0000  -15.000014089.3447   18.5782
    7.5000  -15.0000  -15.000013360.0459   18.5812
   -7.5000   -7.5000  -15.000014512.3604   18.5526
    0.0000   -7.5000  -15.000014942.9590   18.5642
    7.5000   -7.5000  -15.000014186.3252   18.5602
   -7.5000    0.0000  -15.000015189.2344   18.5595
    0.0000    0.0000  -15.000015665.2188   18.5662
    7.5000    0.0000  -15.000014869.2461   18.5567
   -7.5000    7.5000  -15.000014629.5342   18.5806
    0.0000    7.5000  -15.000015144.6104   18.5857
    7.5000    7.5000  -15.000014356.9990   18.5771
   -7.5000   15.0000  -15.000013925.1611   18.5970
    0.0000   15.0000  -15.000014436.5684   18.6048
    7.5000   15.0000  -15.000013710.5156   18.6023
   -7.5000   22.5000  -15.000013116.2461   18.5803
    0.0000   22.5000  -15.000013611.3008   18.5928
    7.5000   22.5000  -15.000012971.7217   18.5964
   -7.5000   30.0000  -15.000012158.3555   18.3234
    0.0000   30.0000  -15.000012607.8320   18.3378
    7.5000   30.0000  -15.000012043.9893   18.3407
   -7.5000   37.5000  -15.000011544.3027   18.3125
    0.0000   37.5000  -15.000011972.3262   18.3240
    7.5000   37.5000  -15.000011460.3477   18.3200
   -7.5000   45.0000  -15.000010533.4141   17.8942
    0.0000   45.0000  -15.000010938.2168   17.9008
    7.5000   45.0000  -15.000010450.7324   17.8916
   -7.5000  -45.0000   -7.500010749.7559   18.7633
    0.0000  -45.0000   -7.500011121.8340   18.7623
    7.5000  -45.0000   -7.500010508.6924   18.7397
   -7.5000  -37.5000   -7.500011463.8301   18.7792
    0.0000  -37.5000   -7.500011871.9141   18.7755
    7.5000  -37.5000   -7.500011212.7617   18.7544
   -7.5000  -30.0000   -7.500012576.5059   18.7970
    0.0000  -30.0000   -7.500013011.3662   18.7976
    7.5000  -30.0000   -7.500012293.9473   18.7847
   -7.5000  -22.5000   -7.500013664.8242   18.7897
    0.0000  -22.5000   -7.500014116.9561   18.7982
    7.5000  -22.5000   -7.500013352.2520   18.7929
   -7.5000  -15.0000   -7.500014579.3887   18.7689
    0.0000  -15.0000   -7.500015042.7598   18.7812
    7.5000  -15.0000   -7.500014266.2812   18.7750
   -7.5000   -7.5000   -7.500015515.8525   18.7562
    0.0000   -7.5000   -7.500015991.6045   18.7631
    7.5000   -7.5000   -7.500015172.8340   18.7481
   -7.5000    0.0000   -7.500016305.3779   18.7592
    0.0000    0.0000   -7.500016869.1582   18.7581
    7.5000    0.0000   -7.500015931.6484   18.7356
   -7.5000    7.5000   -7.500015755.5732   18.7792
    0.0000    7.5000   -7.500016308.6533   18.7755
    7.5000    7.5000   -7.500015399.2949   18.7544
   -7.5000   15.0000   -7.500014947.9814   18.7970
    0.0000   15.0000   -7.500015537.0000   18.7976
    7.5000   15.0000   -7.500014697.6562   18.7847
   -7.5000   22.5000   -7.500014027.5381   18.7810
    0.0000   22.5000   -7.500014586.8662   18.7895
    7.5000   22.5000   -7.500013862.2100   18.7842
   -7.5000   30.0000   -7.500013021.2891   18.5255
    0.0000   30.0000   -7.500013526.3223   18.5376
    7.5000   30.0000   -7.500012896.3643   18.5316
   -7.5000   37.5000   -7.500012405.9033   18.5130
    0.0000   37.5000   -7.500012872.6016   18.5198
    7.5000   37.5000   -7.500012280.8418   18.5049
   -7.5000   45.0000   -7.500011308.9893   18.0897
    0.0000   45.0000   -7.500011738.8184   18.0887
    7.5000   45.0000   -7.500011186.6406   18.0670
   -7.5000  -45.0000    0.000011286.9805   18.7612
    0.0000  -45.0000    0.000011682.1572   18.7503
    7.5000  -45.0000    0.000011046.2285   18.7207
   -7.5000  -37.5000    0.000012064.5811   18.7711
    0.0000  -37.5000    0.000012478.8525   18.7595
    7.5000  -37.5000    0.000011799.1738   18.7304
   -7.5000  -30.0000    0.000013311.7139   18.7886
    0.0000  -30.0000    0.000013762.3975   18.7845
    7.5000  -30.0000    0.000013005.0703   18.7627
   -7.5000  -22.5000    0.000014516.4092   18.7877
    0.0000  -22.5000    0.000015006.6094   18.7929
    7.5000  -22.5000    0.000014182.8555   18.7782
   -7.5000  -15.0000    0.000015588.7529   18.7744
    0.0000  -15.0000    0.000016120.6260   18.7815
    7.5000  -15.0000    0.000015230.4678   18.7667
   -7.5000   -7.5000    0.000016624.5098   18.7612
    0.0000   -7.5000    0.000017221.0469   18.7599
    7.5000   -7.5000    0.000016168.7080   18.7374
   -7.5000    0.0000    0.000017461.8965   18.7571
    0.0000    0.0000    0.000018100.1055   18.7462
    7.5000    0.0000    0.000016943.9785   18.7166
   -7.5000    7.5000    0.000016819.6699   18.7711
    0.0000    7.5000    0.000017444.3770   18.7595
    7.5000    7.5000    0.000016337.8896   18.7304
   -7.5000   15.0000    0.000015944.2207   18.7886
    0.0000   15.0000    0.000016537.7930   18.7845
    7.5000   15.0000    0.000015584.2334   18.7627
   -7.5000   22.5000    0.000014939.7910   18.7790
    0.0000   22.5000    0.000015552.5469   18.7842
    7.5000   22.5000    0.000014700.4160   18.7695
   -7.5000   30.0000    0.000013920.5840   18.5314
    0.0000   30.0000    0.000014508.4121   18.5384
    7.5000   30.0000    0.000013731.6074   18.5238
   -7.5000   37.5000    0.000013314.1416   18.5184
    0.0000   37.5000    0.000013847.7373   18.5171
    7.5000   37.5000    0.000013103.9551   18.4949
   -7.5000   45.0000    0.000012156.8262   18.0891
    0.0000   45.0000    0.000012611.6924   18.0786
    7.5000   45.0000    0.000011927.7930   18.0502
   -7.5000  -45.0000    7.500010938.4775   18.7400
    0.0000  -45.0000    7.500011305.4697   18.7286
    7.5000  -45.0000    7.500010681.7891   18.7059
   -7.5000  -37.5000    7.500011719.6025   18.7438
    0.0000  -37.5000    7.500012109.5693   18.7351
    7.5000  -37.5000    7.500011424.6689   18.7122
   -7.5000  -30.0000    7.500013020.2549   18.7561
    0.0000  -30.0000    7.500013470.4873   18.7563
    7.5000  -30.0000    7.500012671.9131   18.7377
   -7.5000  -22.5000    7.500014413.9648   18.7567
    0.0000  -22.5000    7.500014926.7441   18.7637
    7.5000  -22.5000    7.500013903.8525   18.7498
   -7.5000  -15.0000    7.500015719.8574   18.7490
    0.0000  -15.0000    7.500016325.0947   18.7542
    7.5000  -15.0000    7.500014998.2051   18.7403
   -7.5000   -7.5000    7.500016706.2695   18.7405
    0.0000   -7.5000    7.500017401.8262   18.7361
    7.5000   -7.5000    7.500015929.9219   18.7178
   -7.5000    0.0000    7.500017214.6934   18.7359
    0.0000    0.0000    7.500017860.1582   18.7245
    7.5000    0.0000    7.500016558.3457   18.7018
   -7.5000    7.5000    7.500016459.5020   18.7438
    0.0000    7.5000    7.500017036.5000   18.7351
    7.5000    7.5000    7.500015890.5889   18.7122
   -7.5000   15.0000    7.500015664.3779   18.7561
    0.0000   15.0000    7.500016252.6611   18.7563
    7.5000   15.0000    7.500015164.0391   18.7377
   -7.5000   22.5000    7.500014777.2246   18.7480
    0.0000   22.5000    7.500015387.4375   18.7551
    7.5000   22.5000    7.500014338.3613   18.7411
   -7.5000   30.0000    7.500013781.1328   18.5064
    0.0000   30.0000    7.500014340.2539   18.5114
    7.5000   30.0000    7.500013396.4629   18.4978
   -7.5000   37.5000    7.500013194.7637   18.4980
    0.0000   37.5000    7.500013695.6816   18.4936
    7.5000   37.5000    7.500012816.6318   18.4756
   -7.5000   45.0000    7.500012023.2646   18.0693
    0.0000   45.0000    7.500012453.5625   18.0585
    7.5000   45.0000    7.500011663.8184   18.0365
   -7.5000  -45.0000   15.000010514.7461   18.7538
    0.0000  -45.0000   15.000010878.4395   18.7514
    7.5000  -45.0000   15.000010237.8301   18.7427
   -7.5000  -37.5000   15.000011265.9629   18.7571
    0.0000  -37.5000   15.000011657.9600   18.7583
    7.5000  -37.5000   15.000010945.1221   18.7489
   -7.5000  -30.0000   15.000012518.8555   18.7656
    0.0000  -30.0000   15.000012980.8770   18.7744
    7.5000  -30.0000   15.000012090.9014   18.7672
   -7.5000  -22.5000   15.000014059.4834   18.7631
    0.0000  -22.5000   15.000014613.4238   18.7757
    7.5000  -22.5000   15.000013271.6758   18.7714
   -7.5000  -15.0000   15.000015665.2471   18.7549
    0.0000  -15.0000   15.000016308.8057   18.7639
    7.5000  -15.0000   15.000014423.2129   18.7597
   -7.5000   -7.5000   15.000016617.7891   18.7501
    0.0000   -7.5000   15.000017267.0430   18.7514
    7.5000   -7.5000   15.000015397.6426   18.7450
   -7.5000    0.0000   15.000016882.6230   18.7497
    0.0000    0.0000   15.000017475.4551   18.7473
    7.5000    0.0000   15.000015939.1182   18.7386
   -7.5000    7.5000   15.000016033.8037   18.7571
    0.0000    7.5000   15.000016623.0547   18.7583
    7.5000    7.5000   15.000015263.4668   18.7489
   -7.5000   15.0000   15.000015220.4180   18.7656
    0.0000   15.0000   15.000015834.3232   18.7744
    7.5000   15.0000   15.000014547.6787   18.7672
   -7.5000   22.5000   15.000014335.9990   18.7544
    0.0000   22.5000   15.000014945.1729   18.7670
    7.5000   22.5000   15.000013772.3018   18.7627
   -7.5000   30.0000   15.000013332.8818   18.5122
    0.0000   30.0000   15.000013878.2090   18.5210
    7.5000   30.0000   15.000012853.4805   18.5169
   -7.5000   37.5000   15.000012740.5820   18.5074
    0.0000   37.5000   15.000013225.0674   18.5087
    7.5000   37.5000   15.000012291.3193   18.5024
   -7.5000   45.0000   15.000011607.5654   18.0833
    0.0000   45.0000   15.000012038.5869   18.0810
    7.5000   45.0000   15.000011182.6553   18.0726
   -7.5000  -45.0000   22.500010028.5713   18.8018
    0.0000  -45.0000   22.500010387.4883   18.8081
    7.5000  -45.0000   22.5000 9704.4473   18.8056
   -7.5000  -37.5000   22.500010766.3633   18.8127
    0.0000  -37.5000   22.500011146.7080   18.8202
    7.5000  -37.5000   22.500010348.6924   18.8174
   -7.5000  -30.0000   22.500011983.9668   18.8253
    0.0000  -30.0000   22.500012409.3086   18.8372
    7.5000  -30.0000   22.500011416.7363   18.8375
   -7.5000  -22.5000   22.500013402.6396   18.8181
    0.0000  -22.5000   22.500013888.4844   18.8333
    7.5000  -22.5000   22.500012538.5986   18.8374
   -7.5000  -15.0000   22.500014837.4521   18.8014
    0.0000  -15.0000   22.500015384.4414   18.8151
    7.5000  -15.0000   22.500013622.3076   18.8193
   -7.5000   -7.5000   22.500015806.5596   18.7935
    0.0000   -7.5000   22.500016316.2979   18.8028
    7.5000   -7.5000   22.500014573.2852   18.8035
   -7.5000    0.0000   22.500016146.9199   18.7976
    0.0000    0.0000   22.500016701.2441   18.8039
    7.5000    0.0000   22.500015166.7773   18.8015
   -7.5000    7.5000   22.500015378.5293   18.8127
    0.0000    7.5000   22.500015999.8623   18.8202
    7.5000    7.5000   22.500014617.5039   18.8174
   -7.5000   15.0000   22.500014547.5068   18.8253
    0.0000   15.0000   22.500015171.5459   18.8372
    7.5000   15.0000   22.500013918.9346   18.8375
   -7.5000   22.5000   22.500013624.3301   18.8094
    0.0000   22.5000   22.500014217.3350   18.8247
    7.5000   22.5000   22.500013104.5771   18.8288
   -7.5000   30.0000   22.500012666.3789   18.5581
    0.0000   30.0000   22.500013199.3301   18.5716
    7.5000   30.0000   22.500012192.9971   18.5757
   -7.5000   37.5000   22.500012097.5869   18.5503
    0.0000   37.5000   22.500012572.3564   18.5594
    7.5000   37.5000   22.500011653.8457   18.5601
   -7.5000   45.0000   22.500011023.9590   18.1293
    0.0000   45.0000   22.500011461.0693   18.1354
    7.5000   45.0000   22.500010610.4736   18.1330
   -7.5000  -45.0000   30.0000 9461.5059   18.8544
    0.0000  -45.0000   30.0000 9779.6934   18.8619
    7.5000  -45.0000   30.0000 9127.4111   18.8526
   -7.5000  -37.5000   30.000010136.6025   18.8716
    0.0000  -37.5000   30.000010494.1543   18.8773
    7.5000  -37.5000   30.0000 9757.4863   18.8691
   -7.5000  -30.0000   30.000011204.2002   18.8878
    0.0000  -30.0000   30.000011603.8115   18.8964
    7.5000  -30.0000   30.000010782.9424   18.8944
   -7.5000  -22.5000   30.000012347.2598   18.8773
    0.0000  -22.5000   30.000012839.1904   18.8906
    7.5000  -22.5000   30.000011810.8633   18.8948
   -7.5000  -15.0000   30.000013427.3018   18.8537
    0.0000  -15.0000   30.000014000.0693   18.8692
    7.5000  -15.0000   30.000012761.4629   18.8727
   -7.5000   -7.5000   30.000014192.4180   18.8430
    0.0000   -7.5000   30.000014772.4336   18.8554
    7.5000   -7.5000   30.000013548.8643   18.8518
   -7.5000    0.0000   30.000014687.1904   18.8502
    0.0000    0.0000   30.000015324.6846   18.8577
    7.5000    0.0000   30.000014134.9277   18.8484
   -7.5000    7.5000   30.000014172.2568   18.8716
    0.0000    7.5000   30.000014855.5439   18.8773
    7.5000    7.5000   30.000013671.7842   18.8691
   -7.5000   15.0000   30.000013542.9512   18.8878
    0.0000   15.0000   30.000014184.4746   18.8964
    7.5000   15.0000   30.000013061.3350   18.8944
   -7.5000   22.5000   30.000012706.2783   18.8686
    0.0000   22.5000   30.000013295.9316   18.8819
    7.5000   22.5000   30.000012271.4258   18.8861
   -7.5000   30.0000   30.000011809.6689   18.6097
    0.0000   30.0000   30.000012336.7686   18.6250
    7.5000   30.0000   30.000011406.9980   18.6284
   -7.5000   37.5000   30.000011271.7021   18.5991
    0.0000   37.5000   30.000011743.2227   18.6114
    7.5000   37.5000   30.000010900.2861   18.6078
   -7.5000   45.0000   30.000010250.7412   18.1794
    0.0000   45.0000   30.000010682.4346   18.1866
    7.5000   45.0000   30.0000 9946.5859   18.1777
   -7.5000  -45.0000   37.5000 9093.4189   18.9832
    0.0000  -45.0000   37.5000 9419.2656   18.9835
    7.5000  -45.0000   37.5000 8820.8096   18.9616
   -7.5000  -37.5000   37.5000 9710.0059   18.9991
    0.0000  -37.5000   37.500010060.0566   18.9968
    7.5000  -37.5000   37.5000 9442.1836   18.9765
   -7.5000  -30.0000   37.500010686.0791   19.0173
    0.0000  -30.0000   37.500011070.3721   19.0194
    7.5000  -30.0000   37.500010421.7422   19.0074
   -7.5000  -22.5000   37.500011713.1924   19.0101
    0.0000  -22.5000   37.500012145.1582   19.0202
    7.5000  -22.5000   37.500011405.5420   19.0160
   -7.5000  -15.0000   37.500012660.2500   18.9892
    0.0000  -15.0000   37.500013125.2549   19.0030
    7.5000  -15.0000   37.500012284.9766   18.9978
   -7.5000   -7.5000   37.500013370.7930   18.9762
    0.0000   -7.5000   37.500013891.7441   18.9845
    7.5000   -7.5000   37.500013031.2529   18.9702
   -7.5000    0.0000   37.500013908.2578   18.9790
    0.0000    0.0000   37.500014491.5361   18.9792
    7.5000    0.0000   37.500013594.9541   18.9574
   -7.5000    7.5000   37.500013455.9736   18.9991
    0.0000    7.5000   37.500014052.5352   18.9968
    7.5000    7.5000   37.500013141.7520   18.9765
   -7.5000   15.0000   37.500012932.3066   19.0173
    0.0000   15.0000   37.500013488.7676   19.0194
    7.5000   15.0000   37.500012587.9688   19.0074
   -7.5000   22.5000   37.500012175.6035   19.0014
    0.0000   22.5000   37.500012680.3721   19.0114
    7.5000   22.5000   37.500011840.8018   19.0072
   -7.5000   30.0000   37.500011309.7432   18.7435
    0.0000   30.0000   37.500011791.8389   18.7570
    7.5000   30.0000   37.500010998.0586   18.7519
   -7.5000   37.5000   37.500010801.0850   18.7306
    0.0000   37.5000   37.500011263.5898   18.7388
    7.5000   37.5000   37.500010515.4111   18.7247
   -7.5000   45.0000   37.5000 9810.1582   18.3031
    0.0000   45.0000   37.500010235.0537   18.3034
    7.5000   45.0000   37.5000 9577.4336   18.2824
   -7.5000  -45.0000   45.0000 8347.6553   19.2695
    0.0000  -45.0000   45.0000 8652.8242   19.2597
    7.5000  -45.0000   45.0000 8151.3999   19.2286
   -7.5000  -37.5000   45.0000 8918.8516   19.2798
    0.0000  -37.5000   45.0000 9216.5947   19.2692
    7.5000  -37.5000   45.0000 8721.0322   19.2388
   -7.5000  -30.0000   45.0000 9822.7480   19.2986
    0.0000  -30.0000   45.000010160.2607   19.2959
    7.5000  -30.0000   45.0000 9633.2705   19.2731
   -7.5000  -22.5000   45.000010747.5771   19.2981
    0.0000  -22.5000   45.000011132.3486   19.3052
    7.5000  -22.5000   45.000010537.4707   19.2899
   -7.5000  -15.0000   45.000011596.8203   19.2844
    0.0000  -15.0000   45.000012004.2930   19.2935
    7.5000  -15.0000   45.000011331.3232   19.2780
   -7.5000   -7.5000   45.000012278.1084   19.2701
    0.0000   -7.5000   45.000012724.8564   19.2703
    7.5000   -7.5000   45.000012012.0371   19.2467
   -7.5000    0.0000   45.000012769.6982   19.2652
    0.0000    0.0000   45.000013272.5898   19.2553
    7.5000    0.0000   45.000012515.1113   19.2243
   -7.5000    7.5000   45.000012325.5361   19.2798
    0.0000    7.5000   45.000012841.2549   19.2692
    7.5000    7.5000   45.000012092.6934   19.2388
   -7.5000   15.0000   45.000011834.7227   19.2986
    0.0000   15.0000   45.000012329.6299   19.2959
    7.5000   15.0000   45.000011603.5332   19.2731
   -7.5000   22.5000   45.000011181.5557   19.2891
    0.0000   22.5000   45.000011647.9551   19.2963
    7.5000   22.5000   45.000010931.9131   19.2810
   -7.5000   30.0000   45.000010397.6240   19.0331
    0.0000   30.0000   45.000010843.0869   19.0422
    7.5000   30.0000   45.000010152.2188   19.0268
   -7.5000   37.5000   45.0000 9926.2422   19.0191
    0.0000   37.5000   45.000010330.5479   19.0193
    7.5000   37.5000   45.0000 9701.7979   18.9959
   -7.5000   45.0000   45.0000 9015.8945   18.5878
    0.0000   45.0000   45.0000 9390.0049   18.5784
    7.5000   45.0000   45.0000 8825.7490   18.5485

---------------------------------------------------------------------
imgreg_4dfp /opt/freesurfer/average/711-2C_as_mni_average_305 /opt/freesurfer/average/711-2B_as_mni_average_305_mask talsrcimg_g11 none talsrcimg_to_711-2C_as_mni_average_305_t4 4355
---------------------------------------------------------------------

freesurfer imgreg_4dfp.c
/opt/freesurfer/average/711-2C_as_mni_average_305.4dfp.img
       256       256       256         1
  1.000000  1.000000  1.000000
orientation T byte_order littleendian
Reading image: /opt/freesurfer/average/711-2C_as_mni_average_305.4dfp.img
dimensions:      256       256       256
mmppix:       1.0000   -1.0000   -1.0000
center:     128.0000 -129.0000 -129.0000
/opt/freesurfer/average/711-2B_as_mni_average_305_mask.4dfp.img
       256       256       256         1
  1.000000  1.000000  1.000000
orientation T byte_order littleendian
Reading mask: /opt/freesurfer/average/711-2B_as_mni_average_305_mask.4dfp.img (2306576 pixels)
talsrcimg_g11.4dfp.img
       256       256       256         1
  1.000000  1.000000  1.000000
orientation T byte_order littleendian
Reading image: talsrcimg_g11.4dfp.img
dimensions:      256       256       256
mmppix:       1.0000   -1.0000   -1.0000
center:     128.0000 -129.0000 -129.0000
rotation matrix determinant  1.000000
image alignment mode   4355 decimal     1103 hex
   -7.5000  -45.0000  -45.0000 2155.7832   21.5067
    0.0000  -45.0000  -45.0000 2148.2922   21.5940
    7.5000  -45.0000  -45.0000 2119.1978   21.8957
   -7.5000  -37.5000  -45.0000 2235.2417   19.9173
    0.0000  -37.5000  -45.0000 2228.0200   19.9821
    7.5000  -37.5000  -45.0000 2197.2949   20.2958
   -7.5000  -30.0000  -45.0000 2274.6292   18.8453
    0.0000  -30.0000  -45.0000 2266.3845   18.9392
    7.5000  -30.0000  -45.0000 2241.2727   19.2280
   -7.5000  -22.5000  -45.0000 2300.3293   18.1991
    0.0000  -22.5000  -45.0000 2293.5073   18.2891
    7.5000  -22.5000  -45.0000 2269.8369   18.5893
   -7.5000  -15.0000  -45.0000 2310.5239   17.8425
    0.0000  -15.0000  -45.0000 2304.4790   17.9195
    7.5000  -15.0000  -45.0000 2280.3120   18.2298
   -7.5000   -7.5000  -45.0000 2314.2466   17.7742
    0.0000   -7.5000  -45.0000 2311.9248   17.8434
    7.5000   -7.5000  -45.0000 2281.2478   18.1215
   -7.5000    0.0000  -45.0000 2305.8135   17.9582
    0.0000    0.0000  -45.0000 2302.1960   17.9931
    7.5000    0.0000  -45.0000 2267.7178   18.2538
   -7.5000    7.5000  -45.0000 2276.3806   18.3523
    0.0000    7.5000  -45.0000 2272.0696   18.3996
    7.5000    7.5000  -45.0000 2239.8381   18.6760
   -7.5000   15.0000  -45.0000 2231.9978   19.0888
    0.0000   15.0000  -45.0000 2229.1528   19.1100
    7.5000   15.0000  -45.0000 2198.3704   19.4154
   -7.5000   22.5000  -45.0000 2174.7063   20.1694
    0.0000   22.5000  -45.0000 2169.8389   20.2235
    7.5000   22.5000  -45.0000 2141.3408   20.5716
   -7.5000   30.0000  -45.0000 2093.5959   21.5928
    0.0000   30.0000  -45.0000 2091.7087   21.6541
    7.5000   30.0000  -45.0000 2062.5598   22.0844
   -7.5000   37.5000  -45.0000 1995.0327   23.4905
    0.0000   37.5000  -45.0000 1996.3552   23.5644
    7.5000   37.5000  -45.0000 1970.1182   24.1118
   -7.5000   45.0000  -45.0000 1886.1174   26.1208
    0.0000   45.0000  -45.0000 1885.7229   26.1871
    7.5000   45.0000  -45.0000 1861.9498   26.7607
   -7.5000  -45.0000  -37.5000 2230.9031   20.0726
    0.0000  -45.0000  -37.5000 2227.4861   20.1870
    7.5000  -45.0000  -37.5000 2201.3086   20.4253
   -7.5000  -37.5000  -37.5000 2316.6863   18.5018
    0.0000  -37.5000  -37.5000 2308.0386   18.5644
    7.5000  -37.5000  -37.5000 2281.7354   18.8962
   -7.5000  -30.0000  -37.5000 2367.1230   17.4964
    0.0000  -30.0000  -37.5000 2358.1001   17.5936
    7.5000  -30.0000  -37.5000 2328.3931   17.8667
   -7.5000  -22.5000  -37.5000 2399.6296   16.8353
    0.0000  -22.5000  -37.5000 2389.4634   16.9468
    7.5000  -22.5000  -37.5000 2359.5439   17.2090
   -7.5000  -15.0000  -37.5000 2416.7783   16.4870
    0.0000  -15.0000  -37.5000 2409.1501   16.5685
    7.5000  -15.0000  -37.5000 2375.7451   16.8380
   -7.5000   -7.5000  -37.5000 2419.8064   16.3412
    0.0000   -7.5000  -37.5000 2415.0376   16.3847
    7.5000   -7.5000  -37.5000 2385.5801   16.6690
   -7.5000    0.0000  -37.5000 2414.0615   16.4536
    0.0000    0.0000  -37.5000 2411.3022   16.4827
    7.5000    0.0000  -37.5000 2379.1396   16.7578
   -7.5000    7.5000  -37.5000 2384.8843   16.8090
    0.0000    7.5000  -37.5000 2384.3813   16.8433
    7.5000    7.5000  -37.5000 2352.7908   17.1214
   -7.5000   15.0000  -37.5000 2343.4834   17.5145
    0.0000   15.0000  -37.5000 2339.0693   17.5442
    7.5000   15.0000  -37.5000 2306.1638   17.8057
   -7.5000   22.5000  -37.5000 2278.3320   18.5091
    0.0000   22.5000  -37.5000 2274.0840   18.5552
    7.5000   22.5000  -37.5000 2242.6643   18.8287
   -7.5000   30.0000  -37.5000 2195.1711   19.8292
    0.0000   30.0000  -37.5000 2189.9426   19.8736
    7.5000   30.0000  -37.5000 2158.6799   20.1976
   -7.5000   37.5000  -37.5000 2090.2412   21.5275
    0.0000   37.5000  -37.5000 2089.2126   21.5900
    7.5000   37.5000  -37.5000 2065.0579   22.0035
   -7.5000   45.0000  -37.5000 1975.9978   23.8625
    0.0000   45.0000  -37.5000 1972.5439   23.9112
    7.5000   45.0000  -37.5000 1951.4950   24.3838
   -7.5000  -45.0000  -30.0000 2348.4636   19.6111
    0.0000  -45.0000  -30.0000 2339.7957   19.6638
    7.5000  -45.0000  -30.0000 2313.3740   19.8870
   -7.5000  -37.5000  -30.0000 2430.7148   17.9834
    0.0000  -37.5000  -30.0000 2421.9553   18.0313
    7.5000  -37.5000  -30.0000 2396.7793   18.2923
   -7.5000  -30.0000  -30.0000 2494.6235   16.8760
    0.0000  -30.0000  -30.0000 2484.3225   16.9605
    7.5000  -30.0000  -30.0000 2455.7463   17.2012
   -7.5000  -22.5000  -30.0000 2537.6553   16.1996
    0.0000  -22.5000  -30.0000 2528.3184   16.2897
    7.5000  -22.5000  -30.0000 2499.2219   16.5415
   -7.5000  -15.0000  -30.0000 2562.3782   15.7918
    0.0000  -15.0000  -30.0000 2551.9910   15.8917
    7.5000  -15.0000  -30.0000 2522.0713   16.1698
   -7.5000   -7.5000  -30.0000 2570.9229   15.6706
    0.0000   -7.5000  -30.0000 2566.4177   15.7294
    7.5000   -7.5000  -30.0000 2532.7400   16.0104
   -7.5000    0.0000  -30.0000 2567.1931   15.7948
    0.0000    0.0000  -30.0000 2563.1226   15.8453
    7.5000    0.0000  -30.0000 2524.6562   16.1106
   -7.5000    7.5000  -30.0000 2537.6133   16.1049
    0.0000    7.5000  -30.0000 2534.7568   16.1665
    7.5000    7.5000  -30.0000 2493.6497   16.4092
   -7.5000   15.0000  -30.0000 2492.7998   16.7321
    0.0000   15.0000  -30.0000 2488.7351   16.7929
    7.5000   15.0000  -30.0000 2445.8518   17.0442
   -7.5000   22.5000  -30.0000 2420.2751   17.6164
    0.0000   22.5000  -30.0000 2419.9724   17.7320
    7.5000   22.5000  -30.0000 2385.9124   17.9434
   -7.5000   30.0000  -30.0000 2330.9016   18.8496
    0.0000   30.0000  -30.0000 2327.4490   18.9422
    7.5000   30.0000  -30.0000 2293.2905   19.1932
   -7.5000   37.5000  -30.0000 2219.0156   20.4765
    0.0000   37.5000  -30.0000 2218.8071   20.5899
    7.5000   37.5000  -30.0000 2187.4490   20.8670
   -7.5000   45.0000  -30.0000 2096.9766   22.6613
    0.0000   45.0000  -30.0000 2100.5190   22.7548
    7.5000   45.0000  -30.0000 2070.6992   23.0967
   -7.5000  -45.0000  -22.5000 2447.4905   19.0802
    0.0000  -45.0000  -22.5000 2437.1619   19.1320
    7.5000  -45.0000  -22.5000 2399.8076   19.4036
   -7.5000  -37.5000  -22.5000 2528.5933   17.4379
    0.0000  -37.5000  -22.5000 2519.8113   17.4729
    7.5000  -37.5000  -22.5000 2487.5942   17.7234
   -7.5000  -30.0000  -22.5000 2607.4155   16.2280
    0.0000  -30.0000  -22.5000 2599.9836   16.2595
    7.5000  -30.0000  -22.5000 2565.5886   16.4967
   -7.5000  -22.5000  -22.5000 2652.6831   15.4919
    0.0000  -22.5000  -22.5000 2647.8108   15.5313
    7.5000  -22.5000  -22.5000 2616.6738   15.7727
   -7.5000  -15.0000  -22.5000 2684.9045   15.0491
    0.0000  -15.0000  -22.5000 2677.3159   15.1038
    7.5000  -15.0000  -22.5000 2650.4219   15.3286
   -7.5000   -7.5000  -22.5000 2697.0645   14.9272
    0.0000   -7.5000  -22.5000 2690.7576   14.9610
    7.5000   -7.5000  -22.5000 2656.3362   15.2261
   -7.5000    0.0000  -22.5000 2694.0498   15.0273
    0.0000    0.0000  -22.5000 2689.1387   15.0671
    7.5000    0.0000  -22.5000 2649.1797   15.3342
   -7.5000    7.5000  -22.5000 2663.6235   15.3366
    0.0000    7.5000  -22.5000 2665.6670   15.4102
    7.5000    7.5000  -22.5000 2624.3108   15.6519
   -7.5000   15.0000  -22.5000 2618.9883   15.9242
    0.0000   15.0000  -22.5000 2619.5146   15.9819
    7.5000   15.0000  -22.5000 2578.5532   16.2636
   -7.5000   22.5000  -22.5000 2548.7942   16.7473
    0.0000   22.5000  -22.5000 2552.0034   16.8339
    7.5000   22.5000  -22.5000 2515.5669   17.0729
   -7.5000   30.0000  -22.5000 2450.7114   17.8671
    0.0000   30.0000  -22.5000 2453.8269   17.9478
    7.5000   30.0000  -22.5000 2416.0156   18.2296
   -7.5000   37.5000  -22.5000 2332.6562   19.4124
    0.0000   37.5000  -22.5000 2331.1733   19.5002
    7.5000   37.5000  -22.5000 2303.2917   19.7998
   -7.5000   45.0000  -22.5000 2202.7131   21.5008
    0.0000   45.0000  -22.5000 2207.5054   21.5511
    7.5000   45.0000  -22.5000 2178.5652   21.8795
   -7.5000  -45.0000  -15.0000 2499.7959   18.5135
    0.0000  -45.0000  -15.0000 2491.2737   18.5806
    7.5000  -45.0000  -15.0000 2456.1589   18.8948
   -7.5000  -37.5000  -15.0000 2587.4341   16.8769
    0.0000  -37.5000  -15.0000 2580.7410   16.8977
    7.5000  -37.5000  -15.0000 2548.6213   17.1501
   -7.5000  -30.0000  -15.0000 2673.4033   15.6211
    0.0000  -30.0000  -15.0000 2669.4397   15.6453
    7.5000  -30.0000  -15.0000 2639.2363   15.8690
   -7.5000  -22.5000  -15.0000 2727.7275   14.7775
    0.0000  -22.5000  -15.0000 2725.2327   14.7836
    7.5000  -22.5000  -15.0000 2698.2053   15.0193
   -7.5000  -15.0000  -15.0000 2764.0662   14.2508
    0.0000  -15.0000  -15.0000 2759.1995   14.2737
    7.5000  -15.0000  -15.0000 2730.3423   14.5059
   -7.5000   -7.5000  -15.0000 2784.2024   14.0866
    0.0000   -7.5000  -15.0000 2775.7991   14.1176
    7.5000   -7.5000  -15.0000 2746.1047   14.3617
   -7.5000    0.0000  -15.0000 2782.1111   14.1975
    0.0000    0.0000  -15.0000 2777.4717   14.2208
    7.5000    0.0000  -15.0000 2745.4753   14.4792
   -7.5000    7.5000  -15.0000 2760.3657   14.5369
    0.0000    7.5000  -15.0000 2764.6345   14.5778
    7.5000    7.5000  -15.0000 2724.3669   14.8220
   -7.5000   15.0000  -15.0000 2715.8831   15.1508
    0.0000   15.0000  -15.0000 2719.0557   15.1718
    7.5000   15.0000  -15.0000 2682.0984   15.4294
   -7.5000   22.5000  -15.0000 2641.5115   15.8862
    0.0000   22.5000  -15.0000 2645.8589   15.9274
    7.5000   22.5000  -15.0000 2614.7783   16.1943
   -7.5000   30.0000  -15.0000 2541.5615   16.9346
    0.0000   30.0000  -15.0000 2542.1379   17.0049
    7.5000   30.0000  -15.0000 2509.8975   17.2873
   -7.5000   37.5000  -15.0000 2419.9380   18.4179
    0.0000   37.5000  -15.0000 2421.6750   18.4360
    7.5000   37.5000  -15.0000 2390.7158   18.7513
   -7.5000   45.0000  -15.0000 2276.2319   20.4245
    0.0000   45.0000  -15.0000 2277.9775   20.4230
    7.5000   45.0000  -15.0000 2256.1140   20.7767
   -7.5000  -45.0000   -7.5000 2525.5999   17.9638
    0.0000  -45.0000   -7.5000 2522.3479   18.0055
    7.5000  -45.0000   -7.5000 2489.6514   18.2953
   -7.5000  -37.5000   -7.5000 2620.1030   16.3344
    0.0000  -37.5000   -7.5000 2618.1201   16.3565
    7.5000  -37.5000   -7.5000 2590.3689   16.6208
   -7.5000  -30.0000   -7.5000 2702.4116   15.0322
    0.0000  -30.0000   -7.5000 2703.4795   15.0671
    7.5000  -30.0000   -7.5000 2674.1060   15.3109
   -7.5000  -22.5000   -7.5000 2777.3665   14.1166
    0.0000  -22.5000   -7.5000 2774.3110   14.1132
    7.5000  -22.5000   -7.5000 2747.3945   14.3655
   -7.5000  -15.0000   -7.5000 2819.8413   13.4878
    0.0000  -15.0000   -7.5000 2814.5623   13.5234
    7.5000  -15.0000   -7.5000 2784.5815   13.8178
   -7.5000   -7.5000   -7.5000 2851.2627   13.2712
    0.0000   -7.5000   -7.5000 2844.3230   13.2931
    7.5000   -7.5000   -7.5000 2810.3284   13.5960
   -7.5000    0.0000   -7.5000 2850.2083   13.3970
    0.0000    0.0000   -7.5000 2852.2927   13.3964
    7.5000    0.0000   -7.5000 2819.3113   13.6708
   -7.5000    7.5000   -7.5000 2832.3792   13.7423
    0.0000    7.5000   -7.5000 2839.3005   13.7613
    7.5000    7.5000   -7.5000 2798.5562   14.0021
   -7.5000   15.0000   -7.5000 2784.3367   14.3338
    0.0000   15.0000   -7.5000 2790.9917   14.3516
    7.5000   15.0000   -7.5000 2756.4656   14.6023
   -7.5000   22.5000   -7.5000 2712.3188   15.0540
    0.0000   22.5000   -7.5000 2716.2825   15.0700
    7.5000   22.5000   -7.5000 2686.7151   15.3811
   -7.5000   30.0000   -7.5000 2610.0061   16.0586
    0.0000   30.0000   -7.5000 2606.4885   16.0802
    7.5000   30.0000   -7.5000 2577.7463   16.4316
   -7.5000   37.5000   -7.5000 2483.0344   17.5199
    0.0000   37.5000   -7.5000 2485.0488   17.5395
    7.5000   37.5000   -7.5000 2456.0242   17.9130
   -7.5000   45.0000   -7.5000 2338.0850   19.4429
    0.0000   45.0000   -7.5000 2339.3323   19.5088
    7.5000   45.0000   -7.5000 2309.7686   19.8851
   -7.5000  -45.0000    0.0000 2523.4387   17.5776
    0.0000  -45.0000    0.0000 2520.4407   17.6379
    7.5000  -45.0000    0.0000 2497.3628   17.9494
   -7.5000  -37.5000    0.0000 2621.3179   16.0012
    0.0000  -37.5000    0.0000 2623.0886   16.0229
    7.5000  -37.5000    0.0000 2600.7659   16.2868
   -7.5000  -30.0000    0.0000 2710.9377   14.7594
    0.0000  -30.0000    0.0000 2714.5271   14.7703
    7.5000  -30.0000    0.0000 2692.5894   15.0228
   -7.5000  -22.5000    0.0000 2792.1924   13.7437
    0.0000  -22.5000    0.0000 2799.6943   13.7658
    7.5000  -22.5000    0.0000 2777.1091   14.0144
   -7.5000  -15.0000    0.0000 2847.3013   13.0931
    0.0000  -15.0000    0.0000 2851.0979   13.1072
    7.5000  -15.0000    0.0000 2829.4690   13.4056
   -7.5000   -7.5000    0.0000 2883.5413   12.7522
    0.0000   -7.5000    0.0000 2884.4282   12.7889
    7.5000   -7.5000    0.0000 2859.2019   13.1235
   -7.5000    0.0000    0.0000 2886.6853   12.7833
    0.0000    0.0000    0.0000 2890.0073   12.8145
    7.5000    0.0000    0.0000 2861.3113   13.1249
   -7.5000    7.5000    0.0000 2871.5266   13.1186
    0.0000    7.5000    0.0000 2878.1135   13.1460
    7.5000    7.5000    0.0000 2841.5522   13.4087
   -7.5000   15.0000    0.0000 2824.8293   13.6238
    0.0000   15.0000    0.0000 2829.9827   13.6614
    7.5000   15.0000    0.0000 2802.7292   13.9898
   -7.5000   22.5000    0.0000 2753.4402   14.3611
    0.0000   22.5000    0.0000 2759.7927   14.3917
    7.5000   22.5000    0.0000 2736.3406   14.7968
   -7.5000   30.0000    0.0000 2649.3069   15.4296
    0.0000   30.0000    0.0000 2651.4534   15.4890
    7.5000   30.0000    0.0000 2631.1980   15.9379
   -7.5000   37.5000    0.0000 2525.6243   16.9151
    0.0000   37.5000    0.0000 2528.5945   16.9845
    7.5000   37.5000    0.0000 2505.6682   17.4131
   -7.5000   45.0000    0.0000 2380.2144   18.8139
    0.0000   45.0000    0.0000 2382.9397   18.8877
    7.5000   45.0000    0.0000 2359.7456   19.3047
   -7.5000  -45.0000    7.5000 2510.7837   17.5773
    0.0000  -45.0000    7.5000 2508.8599   17.5933
    7.5000  -45.0000    7.5000 2483.1165   17.8382
   -7.5000  -37.5000    7.5000 2617.6863   15.9874
    0.0000  -37.5000    7.5000 2616.1580   15.9943
    7.5000  -37.5000    7.5000 2595.4333   16.2041
   -7.5000  -30.0000    7.5000 2713.5244   14.7398
    0.0000  -30.0000    7.5000 2717.6082   14.7594
    7.5000  -30.0000    7.5000 2700.8123   14.9095
   -7.5000  -22.5000    7.5000 2808.4475   13.7948
    0.0000  -22.5000    7.5000 2817.0857   13.8216
    7.5000  -22.5000    7.5000 2790.2393   13.9116
   -7.5000  -15.0000    7.5000 2869.1694   13.1197
    0.0000  -15.0000    7.5000 2880.7480   13.1686
    7.5000  -15.0000    7.5000 2847.9072   13.2539
   -7.5000   -7.5000    7.5000 2902.7302   12.6854
    0.0000   -7.5000    7.5000 2915.2161   12.7462
    7.5000   -7.5000    7.5000 2878.4990   12.9166
   -7.5000    0.0000    7.5000 2899.3652   12.4940
    0.0000    0.0000    7.5000 2909.7561   12.5573
    7.5000    0.0000    7.5000 2877.9438   12.8239
   -7.5000    7.5000    7.5000 2881.7048   12.6678
    0.0000    7.5000    7.5000 2888.6409   12.6891
    7.5000    7.5000    7.5000 2858.0264   13.0040
   -7.5000   15.0000    7.5000 2847.0864   13.1710
    0.0000   15.0000    7.5000 2850.9771   13.1581
    7.5000   15.0000    7.5000 2825.2126   13.5432
   -7.5000   22.5000    7.5000 2777.5208   14.0060
    0.0000   22.5000    7.5000 2790.4609   14.0467
    7.5000   22.5000    7.5000 2761.6130   14.4037
   -7.5000   30.0000    7.5000 2677.5693   15.1638
    0.0000   30.0000    7.5000 2682.9622   15.2145
    7.5000   30.0000    7.5000 2662.7368   15.5920
   -7.5000   37.5000    7.5000 2559.1101   16.6921
    0.0000   37.5000    7.5000 2563.3911   16.7133
    7.5000   37.5000    7.5000 2539.9634   17.0838
   -7.5000   45.0000    7.5000 2418.2600   18.6200
    0.0000   45.0000    7.5000 2419.5469   18.6366
    7.5000   45.0000    7.5000 2392.6169   19.0299
   -7.5000  -45.0000   15.0000 2482.4851   17.8172
    0.0000  -45.0000   15.0000 2478.5793   17.8914
    7.5000  -45.0000   15.0000 2461.8005   18.0306
   -7.5000  -37.5000   15.0000 2598.9824   16.1742
    0.0000  -37.5000   15.0000 2596.6445   16.2325
    7.5000  -37.5000   15.0000 2578.5825   16.3264
   -7.5000  -30.0000   15.0000 2701.6018   14.9249
    0.0000  -30.0000   15.0000 2708.2695   14.9771
    7.5000  -30.0000   15.0000 2687.8721   15.0229
   -7.5000  -22.5000   15.0000 2795.4329   14.0922
    0.0000  -22.5000   15.0000 2808.1814   14.1495
    7.5000  -22.5000   15.0000 2777.4497   14.0825
   -7.5000  -15.0000   15.0000 2884.7842   13.6135
    0.0000  -15.0000   15.0000 2901.1731   13.6716
    7.5000  -15.0000   15.0000 2852.2673   13.4138
   -7.5000   -7.5000   15.0000 2932.5200   13.1695
    0.0000   -7.5000   15.0000 2944.0303   13.1956
    7.5000   -7.5000   15.0000 2879.2437   13.0012
   -7.5000    0.0000   15.0000 2912.3149   12.5243
    0.0000    0.0000   15.0000 2919.4087   12.5912
    7.5000    0.0000   15.0000 2876.1731   12.7615
   -7.5000    7.5000   15.0000 2885.1504   12.5376
    0.0000    7.5000   15.0000 2890.8621   12.5301
    7.5000    7.5000   15.0000 2861.5864   12.8871
   -7.5000   15.0000   15.0000 2851.1580   13.0579
    0.0000   15.0000   15.0000 2868.6870   13.0955
    7.5000   15.0000   15.0000 2834.3303   13.3982
   -7.5000   22.5000   15.0000 2788.2668   13.9768
    0.0000   22.5000   15.0000 2806.4976   14.0205
    7.5000   22.5000   15.0000 2778.0996   14.3081
   -7.5000   30.0000   15.0000 2686.2473   15.1902
    0.0000   30.0000   15.0000 2694.2979   15.2313
    7.5000   30.0000   15.0000 2672.7446   15.5155
   -7.5000   37.5000   15.0000 2568.9490   16.7018
    0.0000   37.5000   15.0000 2568.3711   16.7167
    7.5000   37.5000   15.0000 2546.1125   17.0318
   -7.5000   45.0000   15.0000 2431.6338   18.6169
    0.0000   45.0000   15.0000 2434.8496   18.6147
    7.5000   45.0000   15.0000 2399.3413   18.9355
   -7.5000  -45.0000   22.5000 2439.9170   18.2797
    0.0000  -45.0000   22.5000 2437.9355   18.3972
    7.5000  -45.0000   22.5000 2428.2954   18.4353
   -7.5000  -37.5000   22.5000 2562.1721   16.6672
    0.0000  -37.5000   22.5000 2561.4595   16.7747
    7.5000  -37.5000   22.5000 2540.6895   16.7190
   -7.5000  -30.0000   22.5000 2674.7798   15.4894
    0.0000  -30.0000   22.5000 2678.0508   15.5719
    7.5000  -30.0000   22.5000 2645.9844   15.4548
   -7.5000  -22.5000   22.5000 2781.3259   14.6681
    0.0000  -22.5000   22.5000 2788.4106   14.7456
    7.5000  -22.5000   22.5000 2746.5552   14.4931
   -7.5000  -15.0000   22.5000 2877.3743   14.0696
    0.0000  -15.0000   22.5000 2886.9402   14.1554
    7.5000  -15.0000   22.5000 2829.2913   13.7943
   -7.5000   -7.5000   22.5000 2931.0061   13.5695
    0.0000   -7.5000   22.5000 2936.5308   13.6280
    7.5000   -7.5000   22.5000 2864.5432   13.3955
   -7.5000    0.0000   22.5000 2927.6973   12.9765
    0.0000    0.0000   22.5000 2923.3633   12.9531
    7.5000    0.0000   22.5000 2878.9019   13.1232
   -7.5000    7.5000   22.5000 2901.4438   12.9492
    0.0000    7.5000   22.5000 2909.1038   12.9843
    7.5000    7.5000   22.5000 2866.6509   13.1954
   -7.5000   15.0000   22.5000 2850.6553   13.4204
    0.0000   15.0000   22.5000 2861.8579   13.4494
    7.5000   15.0000   22.5000 2827.3186   13.6757
   -7.5000   22.5000   22.5000 2777.4963   14.2077
    0.0000   22.5000   22.5000 2789.0647   14.2333
    7.5000   22.5000   22.5000 2761.5403   14.5002
   -7.5000   30.0000   22.5000 2676.3396   15.3438
    0.0000   30.0000   22.5000 2681.8901   15.3715
    7.5000   30.0000   22.5000 2659.1470   15.6370
   -7.5000   37.5000   22.5000 2553.5593   16.8355
    0.0000   37.5000   22.5000 2554.4202   16.8762
    7.5000   37.5000   22.5000 2533.7637   17.1067
   -7.5000   45.0000   22.5000 2416.9895   18.7789
    0.0000   45.0000   22.5000 2420.7173   18.8104
    7.5000   45.0000   22.5000 2390.0720   19.0520
   -7.5000  -45.0000   30.0000 2395.4150   19.0872
    0.0000  -45.0000   30.0000 2389.1184   19.2171
    7.5000  -45.0000   30.0000 2372.7122   19.2444
   -7.5000  -37.5000   30.0000 2513.2788   17.4335
    0.0000  -37.5000   30.0000 2513.9453   17.5354
    7.5000  -37.5000   30.0000 2489.4314   17.4861
   -7.5000  -30.0000   30.0000 2623.6594   16.1131
    0.0000  -30.0000   30.0000 2624.1250   16.2167
    7.5000  -30.0000   30.0000 2597.9243   16.1428
   -7.5000  -22.5000   30.0000 2728.7598   15.0805
    0.0000  -22.5000   30.0000 2727.2158   15.2003
    7.5000  -22.5000   30.0000 2701.5750   15.0838
   -7.5000  -15.0000   30.0000 2818.8040   14.3300
    0.0000  -15.0000   30.0000 2824.5977   14.4471
    7.5000  -15.0000   30.0000 2786.3145   14.3131
   -7.5000   -7.5000   30.0000 2873.7339   13.7834
    0.0000   -7.5000   30.0000 2868.7742   13.8010
    7.5000   -7.5000   30.0000 2824.2620   13.8672
   -7.5000    0.0000   30.0000 2883.8635   13.3644
    0.0000    0.0000   30.0000 2880.7930   13.4120
    7.5000    0.0000   30.0000 2835.5359   13.5826
   -7.5000    7.5000   30.0000 2875.0439   13.4987
    0.0000    7.5000   30.0000 2880.9648   13.5461
    7.5000    7.5000   30.0000 2833.1465   13.6981
   -7.5000   15.0000   30.0000 2821.2124   14.0225
    0.0000   15.0000   30.0000 2830.8269   14.0673
    7.5000   15.0000   30.0000 2786.0620   14.2084
   -7.5000   22.5000   30.0000 2742.3970   14.7757
    0.0000   22.5000   30.0000 2753.2500   14.7956
    7.5000   22.5000   30.0000 2715.3152   14.9853
   -7.5000   30.0000   30.0000 2643.7979   15.8217
    0.0000   30.0000   30.0000 2650.1211   15.8342
    7.5000   30.0000   30.0000 2615.9846   16.0834
   -7.5000   37.5000   30.0000 2517.3455   17.2699
    0.0000   37.5000   30.0000 2522.2888   17.2871
    7.5000   37.5000   30.0000 2497.4409   17.5635
   -7.5000   45.0000   30.0000 2374.8345   19.1607
    0.0000   45.0000   30.0000 2380.8423   19.1588
    7.5000   45.0000   30.0000 2363.3562   19.4143
   -7.5000  -45.0000   37.5000 2335.7271   20.0287
    0.0000  -45.0000   37.5000 2328.7283   20.1103
    7.5000  -45.0000   37.5000 2316.0723   20.2253
   -7.5000  -37.5000   37.5000 2457.0554   18.1993
    0.0000  -37.5000   37.5000 2455.9160   18.2851
    7.5000  -37.5000   37.5000 2443.9407   18.3658
   -7.5000  -30.0000   37.5000 2560.9800   16.7581
    0.0000  -30.0000   37.5000 2561.0947   16.8494
    7.5000  -30.0000   37.5000 2549.4597   16.9289
   -7.5000  -22.5000   37.5000 2660.8169   15.6394
    0.0000  -22.5000   37.5000 2654.0796   15.7029
    7.5000  -22.5000   37.5000 2644.8547   15.7847
   -7.5000  -15.0000   37.5000 2749.1326   14.8109
    0.0000  -15.0000   37.5000 2739.6035   14.8382
    7.5000  -15.0000   37.5000 2725.6138   14.9775
   -7.5000   -7.5000   37.5000 2798.3713   14.2187
    0.0000   -7.5000   37.5000 2796.7900   14.2437
    7.5000   -7.5000   37.5000 2768.3506   14.4673
   -7.5000    0.0000   37.5000 2810.3359   13.9692
    0.0000    0.0000   37.5000 2810.0012   14.0328
    7.5000    0.0000   37.5000 2778.2583   14.2523
   -7.5000    7.5000   37.5000 2798.9653   14.1444
    0.0000    7.5000   37.5000 2804.5540   14.2100
    7.5000    7.5000   37.5000 2765.3152   14.3812
   -7.5000   15.0000   37.5000 2761.1521   14.6899
    0.0000   15.0000   37.5000 2764.2107   14.7309
    7.5000   15.0000   37.5000 2724.0156   14.8868
   -7.5000   22.5000   37.5000 2687.1843   15.4735
    0.0000   22.5000   37.5000 2693.6089   15.4843
    7.5000   22.5000   37.5000 2659.6245   15.6911
   -7.5000   30.0000   37.5000 2590.4883   16.5361
    0.0000   30.0000   37.5000 2600.6494   16.5213
    7.5000   30.0000   37.5000 2564.1157   16.7606
   -7.5000   37.5000   37.5000 2469.9504   17.8914
    0.0000   37.5000   37.5000 2477.3005   17.8923
    7.5000   37.5000   37.5000 2449.7463   18.1659
   -7.5000   45.0000   37.5000 2328.2576   19.7178
    0.0000   45.0000   37.5000 2329.4795   19.7429
    7.5000   45.0000   37.5000 2314.7432   19.9988
   -7.5000  -45.0000   45.0000 2267.0703   21.0672
    0.0000  -45.0000   45.0000 2260.6587   21.0720
    7.5000  -45.0000   45.0000 2257.1919   21.3078
   -7.5000  -37.5000   45.0000 2390.9551   19.0839
    0.0000  -37.5000   45.0000 2385.7444   19.0739
    7.5000  -37.5000   45.0000 2382.6545   19.3053
   -7.5000  -30.0000   45.0000 2495.2815   17.5549
    0.0000  -30.0000   45.0000 2488.9417   17.5613
    7.5000  -30.0000   45.0000 2485.8958   17.8186
   -7.5000  -22.5000   45.0000 2588.4897   16.3954
    0.0000  -22.5000   45.0000 2579.9861   16.3831
    7.5000  -22.5000   45.0000 2579.0491   16.6536
   -7.5000  -15.0000   45.0000 2663.2954   15.5005
    0.0000  -15.0000   45.0000 2658.5276   15.5161
    7.5000  -15.0000   45.0000 2645.1116   15.7761
   -7.5000   -7.5000   45.0000 2717.3896   14.9226
    0.0000   -7.5000   45.0000 2712.2656   14.9638
    7.5000   -7.5000   45.0000 2690.9211   15.1937
   -7.5000    0.0000   45.0000 2722.0811   14.7367
    0.0000    0.0000   45.0000 2720.7087   14.7615
    7.5000    0.0000   45.0000 2694.4883   14.9915
   -7.5000    7.5000   45.0000 2704.8767   14.9514
    0.0000    7.5000   45.0000 2709.5906   14.9813
    7.5000    7.5000   45.0000 2678.4099   15.1965
   -7.5000   15.0000   45.0000 2666.6577   15.4632
    0.0000   15.0000   45.0000 2671.8352   15.5203
    7.5000   15.0000   45.0000 2640.8491   15.7385
   -7.5000   22.5000   45.0000 2609.6211   16.2342
    0.0000   22.5000   45.0000 2615.9775   16.2405
    7.5000   22.5000   45.0000 2581.7830   16.4930
   -7.5000   30.0000   45.0000 2522.1394   17.3098
    0.0000   30.0000   45.0000 2537.4500   17.3387
    7.5000   30.0000   45.0000 2500.5967   17.5712
   -7.5000   37.5000   45.0000 2405.3303   18.6938
    0.0000   37.5000   45.0000 2412.3096   18.7419
    7.5000   37.5000   45.0000 2387.0276   19.0077
   -7.5000   45.0000   45.0000 2266.4421   20.5042
    0.0000   45.0000   45.0000 2272.5757   20.5443
    7.5000   45.0000   45.0000 2247.6550   20.8483

---------------------------------------------------------------------
imgreg_4dfp /opt/freesurfer/average/711-2C_as_mni_average_305 /opt/freesurfer/average/711-2B_as_mni_average_305_mask talsrcimg_g11 none talsrcimg_to_711-2C_as_mni_average_305_t4 1283
---------------------------------------------------------------------

freesurfer imgreg_4dfp.c
/opt/freesurfer/average/711-2C_as_mni_average_305.4dfp.img
       256       256       256         1
  1.000000  1.000000  1.000000
orientation T byte_order littleendian
Reading image: /opt/freesurfer/average/711-2C_as_mni_average_305.4dfp.img
dimensions:      256       256       256
mmppix:       1.0000   -1.0000   -1.0000
center:     128.0000 -129.0000 -129.0000
/opt/freesurfer/average/711-2B_as_mni_average_305_mask.4dfp.img
       256       256       256         1
  1.000000  1.000000  1.000000
orientation T byte_order littleendian
Reading mask: /opt/freesurfer/average/711-2B_as_mni_average_305_mask.4dfp.img (2306576 pixels)
talsrcimg_g11.4dfp.img
       256       256       256         1
  1.000000  1.000000  1.000000
orientation T byte_order littleendian
Reading image: talsrcimg_g11.4dfp.img
dimensions:      256       256       256
mmppix:       1.0000   -1.0000   -1.0000
center:     128.0000 -129.0000 -129.0000
rotation matrix determinant  1.000000
fimgreg.f
image alignment mode   1283 decimal      503 hex
parameters
    0.0000   -7.5000   15.0000    0.0000    0.0000    0.0000
eta,q 0.92483 13.29744
niter,ni,del,rscale     5    3   12.0000    1.2000
parameter  1  1.204488 ->  0.500000 qaram    1.1500
parameter  3 -0.507759 -> -0.500000 qaram    1.1500
parameter  4 -3.576984 ->  0.500000 qaram    1.1500
parameter  6  0.647609 ->  0.500000 qaram    1.1500
parameters
   -3.4500   -6.3729   18.4500   -3.4500   -2.2403   -3.4500
eta,q 0.93799 13.47235
  0.0741  0.0779  0.0904  0.0601  0.0656  0.0625
  0.0717  0.0753  0.0853  0.0630  0.0633  0.0620
  0.0750  0.0736  0.0768  0.0657  0.0629  0.0623
  0.0803  0.0718  0.0709  0.0674  0.0637  0.0629
  0.0847  0.0705  0.0674  0.0699  0.0664  0.0635
  0.0899  0.0714  0.0684  0.0716  0.0702  0.0643
  0.0950  0.0756  0.0722  0.0734  0.0752  0.0656
niter,ni,del,rscale     7    3   12.0000    1.2000
parameters
   -2.9047   -3.8274   17.8324   -6.2343   -2.5582   -1.0189
eta,q 0.94254 13.26375
  0.0838  0.0744  0.0778  0.0595  0.0642  0.0662
  0.0742  0.0699  0.0648  0.0592  0.0598  0.0627
  0.0664  0.0658  0.0574  0.0582  0.0587  0.0601
  0.0620  0.0617  0.0593  0.0578  0.0584  0.0585
  0.0634  0.0594  0.0667  0.0611  0.0588  0.0575
  0.0697  0.0599  0.0743  0.0674  0.0614  0.0578
  0.0786  0.0638  0.0786  0.0736  0.0653  0.0599
niter,ni,del,rscale     6    3   12.0000    1.2000
parameters
   -2.5941   -4.1893   17.5436   -6.6636   -2.7530   -0.9933
eta,q 0.94342 13.29075
  0.0785  0.0676  0.0748  0.0615  0.0637  0.0618
  0.0690  0.0612  0.0627  0.0596  0.0591  0.0592
  0.0618  0.0573  0.0555  0.0578  0.0569  0.0577
  0.0575  0.0572  0.0570  0.0564  0.0566  0.0566
  0.0581  0.0595  0.0616  0.0561  0.0572  0.0569
  0.0655  0.0635  0.0672  0.0589  0.0599  0.0590
  0.0765  0.0696  0.0744  0.0653  0.0646  0.0621
niter,ni,del,rscale     5    3   12.0000    1.2000
parameters
   -2.5439   -4.2638   17.4196   -6.6293   -2.8350   -1.0302
eta,q 0.94378 13.29127
  0.0768  0.0686  0.0750  0.0621  0.0638  0.0614
  0.0671  0.0617  0.0632  0.0598  0.0592  0.0588
  0.0605  0.0571  0.0558  0.0579  0.0565  0.0573
  0.0566  0.0565  0.0565  0.0562  0.0562  0.0562
  0.0577  0.0588  0.0610  0.0557  0.0569  0.0566
  0.0660  0.0626  0.0659  0.0578  0.0595  0.0587
  0.0776  0.0684  0.0735  0.0639  0.0642  0.0618
niter,ni,del,rscale     4    3   12.0000    1.2000
parameters
   -2.5279   -4.2990   17.3997   -6.6154   -2.8656   -1.0348
eta,q 0.94386 13.29323
  0.0765  0.0687  0.0756  0.0621  0.0640  0.0614
  0.0667  0.0618  0.0637  0.0598  0.0592  0.0587
  0.0602  0.0569  0.0559  0.0579  0.0565  0.0572
  0.0562  0.0562  0.0562  0.0561  0.0561  0.0561
  0.0575  0.0585  0.0608  0.0557  0.0568  0.0565
  0.0659  0.0624  0.0656  0.0579  0.0594  0.0586
  0.0777  0.0683  0.0731  0.0640  0.0640  0.0617
registration optimization eta report
parameter search radius
    6.9000    6.0000    6.9000    6.9000    6.0000    6.9000
100000*second partial in parameter space
       43.       34.       38.       15.       22.       11.
  0.0765  0.0687  0.0756  0.0621  0.0640  0.0614
  0.0667  0.0618  0.0637  0.0598  0.0592  0.0587
  0.0602  0.0569  0.0559  0.0579  0.0565  0.0572
  0.0562  0.0562  0.0562  0.0561  0.0561  0.0561
  0.0575  0.0585  0.0608  0.0557  0.0568  0.0565
  0.0659  0.0624  0.0656  0.0579  0.0594  0.0586
  0.0777  0.0683  0.0731  0.0640  0.0640  0.0617
   -2.5279   -4.2990   17.3997   -6.6154   -2.8656   -1.0348
eta,q 0.94386 13.29323

---------------------------------------------------------------------
imgreg_4dfp /opt/freesurfer/average/711-2C_as_mni_average_305 /opt/freesurfer/average/711-2B_as_mni_average_305_mask talsrcimg_g11 none talsrcimg_to_711-2C_as_mni_average_305_t4 3335
---------------------------------------------------------------------

freesurfer imgreg_4dfp.c
/opt/freesurfer/average/711-2C_as_mni_average_305.4dfp.img
       256       256       256         1
  1.000000  1.000000  1.000000
orientation T byte_order littleendian
Reading image: /opt/freesurfer/average/711-2C_as_mni_average_305.4dfp.img
dimensions:      256       256       256
mmppix:       1.0000   -1.0000   -1.0000
center:     128.0000 -129.0000 -129.0000
/opt/freesurfer/average/711-2B_as_mni_average_305_mask.4dfp.img
       256       256       256         1
  1.000000  1.000000  1.000000
orientation T byte_order littleendian
Reading mask: /opt/freesurfer/average/711-2B_as_mni_average_305_mask.4dfp.img (2306576 pixels)
talsrcimg_g11.4dfp.img
       256       256       256         1
  1.000000  1.000000  1.000000
orientation T byte_order littleendian
Reading image: talsrcimg_g11.4dfp.img
dimensions:      256       256       256
mmppix:       1.0000   -1.0000   -1.0000
center:     128.0000 -129.0000 -129.0000
fimgreg.f
image alignment mode   3335 decimal      D07 hex
parameters
   -2.5279   -4.2990   17.3997   -0.1413   -0.6716   -0.7900
    1.2182    5.1734   -1.8038   11.4289   -4.9994  -11.5061
eta,q 0.94334 13.44252
niter,ni,del,rscale     5    3    5.0000    1.2000
parameter  4  1.189461 ->  0.500000 qaram    1.1500
parameter  5  1.157866 ->  0.500000 qaram    1.1500
parameter  6  0.820596 ->  0.500000 qaram    1.1500
parameters
   -2.6116   -3.9540   17.1858   -4.2813   -4.8116   -4.9300
    1.6828    5.5164   -1.6988   11.2553   -5.8010  -12.9092
eta,q 0.95761 13.22866
  0.0605  0.0598  0.0592  0.0496  0.0439  0.0411  0.0448  0.0470  0.0440  0.0448  0.0437  0.0435
  0.0584  0.0583  0.0577  0.0503  0.0457  0.0422  0.0436  0.0447  0.0432  0.0436  0.0429  0.0428
  0.0570  0.0572  0.0568  0.0525  0.0478  0.0436  0.0429  0.0432  0.0427  0.0427  0.0425  0.0424
  0.0567  0.0567  0.0566  0.0566  0.0507  0.0462  0.0425  0.0425  0.0425  0.0425  0.0425  0.0425
  0.0573  0.0567  0.0572  0.0623  0.0548  0.0509  0.0426  0.0428  0.0426  0.0428  0.0428  0.0429
  0.0588  0.0573  0.0585  0.0687  0.0607  0.0594  0.0432  0.0440  0.0431  0.0437  0.0434  0.0436
  0.0610  0.0584  0.0603  0.0748  0.0676  0.0672  0.0443  0.0463  0.0440  0.0451  0.0443  0.0446
niter,ni,del,rscale     7    3    5.0000    1.2000
parameter  2 -1.016584 -> -0.500000 qaram    1.1500
parameter  3  0.859886 ->  0.500000 qaram    1.1500
parameter  5  0.790771 ->  0.500000 qaram    1.3225
parameter  6  0.561147 ->  0.500000 qaram    1.3225
parameter 12  0.836947 ->  0.500000 qaram    1.1500
parameters
   -2.5990   -2.5740   15.8058   -7.7798   -9.5726   -9.6910
    1.3685    6.0509   -1.8989   13.2040   -6.4270  -17.0492
eta,q 0.96539 12.68114
  0.0452  0.0473  0.0398  0.0405  0.0366  0.0351  0.0372  0.0381  0.0368  0.0380  0.0359  0.0347
  0.0437  0.0454  0.0399  0.0400  0.0370  0.0353  0.0363  0.0368  0.0360  0.0368  0.0356  0.0346
  0.0427  0.0438  0.0402  0.0395  0.0381  0.0361  0.0356  0.0358  0.0356  0.0359  0.0354  0.0348
  0.0424  0.0424  0.0409  0.0399  0.0396  0.0373  0.0354  0.0354  0.0354  0.0354  0.0354  0.0354
  0.0427  0.0414  0.0421  0.0420  0.0421  0.0388  0.0357  0.0357  0.0356  0.0354  0.0355  0.0362
  0.0437  0.0408  0.0436  0.0464  0.0459  0.0433  0.0365  0.0363  0.0362  0.0356  0.0358  0.0372
  0.0451  0.0408  0.0453  0.0525  0.0516  0.0520  0.0376  0.0374  0.0369  0.0362  0.0362  0.0384
niter,ni,del,rscale     7    3    5.0000    1.2000
parameter  2 -0.877599 -> -0.500000 qaram    1.3225
parameter 10 -1.083201 -> -0.500000 qaram    1.1500
parameters
   -2.4227   -0.9870   15.0187   -8.9365  -13.1826  -13.7532
    1.1219    6.2955   -2.0961   17.3440   -5.8842  -20.7534
eta,q 0.96924 12.39180
  0.0370  0.0402  0.0340  0.0347  0.0341  0.0328  0.0341  0.0344  0.0334  0.0356  0.0317  0.0314
  0.0358  0.0379  0.0334  0.0340  0.0330  0.0322  0.0331  0.0332  0.0327  0.0343  0.0314  0.0309
  0.0349  0.0360  0.0331  0.0336  0.0327  0.0322  0.0324  0.0323  0.0323  0.0331  0.0313  0.0308
  0.0346  0.0346  0.0332  0.0331  0.0333  0.0327  0.0321  0.0321  0.0321  0.0321  0.0312  0.0311
  0.0348  0.0336  0.0338  0.0331  0.0346  0.0341  0.0324  0.0324  0.0323  0.0315  0.0312  0.0319
  0.0354  0.0331  0.0347  0.0342  0.0371  0.0356  0.0332  0.0330  0.0328  0.0311  0.0313  0.0330
  0.0364  0.0331  0.0359  0.0372  0.0415  0.0408  0.0345  0.0341  0.0335  0.0309  0.0316  0.0342
niter,ni,del,rscale     7    3    5.0000    1.2000
parameter  2 -0.785874 -> -0.500000 qaram    1.5209
parameter  3  0.810508 ->  0.500000 qaram    1.3225
parameter 10 -1.601331 -> -0.500000 qaram    1.3225
parameters
   -2.3858    0.8381   13.4317   -9.3228  -15.2615  -17.3949
    0.8257    6.3857   -2.7785   22.1050   -5.5855  -23.0764
eta,q 0.97460 12.28436
  0.0329  0.0372  0.0284  0.0299  0.0303  0.0290  0.0300  0.0306  0.0291  0.0342  0.0262  0.0264
  0.0316  0.0346  0.0284  0.0291  0.0291  0.0283  0.0289  0.0292  0.0284  0.0319  0.0259  0.0257
  0.0309  0.0324  0.0287  0.0287  0.0284  0.0280  0.0282  0.0282  0.0281  0.0298  0.0257  0.0254
  0.0308  0.0308  0.0293  0.0284  0.0285  0.0283  0.0280  0.0280  0.0280  0.0280  0.0256  0.0256
  0.0310  0.0297  0.0303  0.0282  0.0293  0.0295  0.0283  0.0282  0.0282  0.0264  0.0256  0.0262
  0.0316  0.0292  0.0315  0.0288  0.0309  0.0313  0.0291  0.0290  0.0288  0.0253  0.0258  0.0271
  0.0327  0.0293  0.0331  0.0308  0.0338  0.0337  0.0304  0.0304  0.0296  0.0247  0.0261  0.0282
niter,ni,del,rscale     7    3    5.0000    1.2000
parameter  3  0.535996 ->  0.500000 qaram    1.5209
parameter 10 -0.772476 -> -0.500000 qaram    1.5209
parameter 12  0.667733 ->  0.500000 qaram    1.3225
parameters
   -2.3601    2.6512   11.6067   -9.1656  -17.0562  -18.9527
    0.5838    6.4887   -2.7188   27.5802   -4.4850  -27.8374
eta,q 0.97909 12.32964
  0.0278  0.0336  0.0243  0.0256  0.0259  0.0258  0.0261  0.0271  0.0253  0.0316  0.0224  0.0213
  0.0264  0.0301  0.0239  0.0246  0.0245  0.0246  0.0248  0.0254  0.0245  0.0286  0.0221  0.0209
  0.0256  0.0273  0.0239  0.0241  0.0238  0.0239  0.0240  0.0242  0.0239  0.0259  0.0218  0.0211
  0.0254  0.0254  0.0245  0.0238  0.0238  0.0237  0.0238  0.0238  0.0238  0.0238  0.0217  0.0217
  0.0257  0.0245  0.0255  0.0237  0.0245  0.0242  0.0241  0.0241  0.0239  0.0222  0.0217  0.0227
  0.0264  0.0246  0.0271  0.0241  0.0260  0.0259  0.0250  0.0252  0.0244  0.0216  0.0218  0.0240
  0.0277  0.0255  0.0291  0.0259  0.0287  0.0279  0.0264  0.0270  0.0253  0.0222  0.0221  0.0254
niter,ni,del,rscale     7    3    5.0000    1.2000
parameters
   -2.4670    2.9072   10.5032   -8.6744  -17.8452  -18.0752
    0.1878    6.4476   -2.8289   29.1123   -4.9034  -30.6022
eta,q 0.98017 12.41663
  0.0236  0.0271  0.0222  0.0230  0.0239  0.0249  0.0230  0.0245  0.0225  0.0281  0.0207  0.0214
  0.0221  0.0238  0.0211  0.0217  0.0221  0.0228  0.0216  0.0223  0.0214  0.0248  0.0204  0.0203
  0.0211  0.0217  0.0206  0.0210  0.0209  0.0214  0.0207  0.0209  0.0206  0.0221  0.0202  0.0198
  0.0209  0.0209  0.0209  0.0206  0.0205  0.0205  0.0204  0.0204  0.0204  0.0204  0.0201  0.0201
  0.0213  0.0214  0.0220  0.0204  0.0212  0.0206  0.0209  0.0209  0.0207  0.0203  0.0202  0.0211
  0.0224  0.0230  0.0237  0.0209  0.0228  0.0219  0.0220  0.0223  0.0214  0.0220  0.0205  0.0226
  0.0241  0.0255  0.0261  0.0228  0.0254  0.0236  0.0236  0.0247  0.0226  0.0252  0.0209  0.0242
niter,ni,del,rscale     6    3    5.0000    1.2000
parameters
   -2.5084    2.8635   10.2119   -8.8338  -18.6752  -17.7633
    0.1105    6.5034   -2.9868   29.7631   -5.5006  -31.4150
eta,q 0.98033 12.41335
  0.0229  0.0254  0.0229  0.0222  0.0234  0.0244  0.0226  0.0241  0.0219  0.0271  0.0204  0.0224
  0.0212  0.0222  0.0211  0.0210  0.0216  0.0222  0.0211  0.0219  0.0208  0.0237  0.0200  0.0207
  0.0201  0.0204  0.0201  0.0203  0.0202  0.0206  0.0201  0.0203  0.0200  0.0212  0.0198  0.0198
  0.0198  0.0198  0.0198  0.0198  0.0198  0.0198  0.0198  0.0198  0.0198  0.0198  0.0197  0.0197
  0.0202  0.0206  0.0205  0.0196  0.0206  0.0202  0.0202  0.0202  0.0201  0.0202  0.0198  0.0204
  0.0213  0.0227  0.0219  0.0205  0.0222  0.0216  0.0212  0.0216  0.0209  0.0223  0.0202  0.0216
  0.0231  0.0254  0.0241  0.0231  0.0252  0.0241  0.0228  0.0241  0.0221  0.0259  0.0206  0.0232
niter,ni,del,rscale     5    3    5.0000    1.2000
parameters
   -2.5158    2.8753   10.1539   -8.7178  -18.9880  -17.6723
    0.1346    6.5644   -3.0638   29.9851   -5.6724  -31.6877
eta,q 0.98037 12.42032
  0.0228  0.0254  0.0234  0.0222  0.0236  0.0243  0.0226  0.0241  0.0219  0.0266  0.0204  0.0227
  0.0211  0.0222  0.0213  0.0210  0.0217  0.0221  0.0211  0.0218  0.0207  0.0232  0.0200  0.0208
  0.0200  0.0203  0.0201  0.0202  0.0203  0.0205  0.0200  0.0202  0.0199  0.0208  0.0197  0.0199
  0.0197  0.0197  0.0197  0.0197  0.0197  0.0197  0.0197  0.0197  0.0197  0.0197  0.0196  0.0196
  0.0200  0.0205  0.0202  0.0194  0.0202  0.0201  0.0200  0.0201  0.0200  0.0203  0.0197  0.0202
  0.0211  0.0224  0.0215  0.0202  0.0218  0.0215  0.0210  0.0215  0.0207  0.0226  0.0200  0.0213
  0.0229  0.0252  0.0236  0.0228  0.0245  0.0245  0.0226  0.0240  0.0220  0.0263  0.0205  0.0229
niter,ni,del,rscale     4    3    5.0000    1.2000
parameters
   -2.5171    2.8878   10.1429   -8.7113  -19.0864  -17.6368
    0.1537    6.5953   -3.0960   30.0610   -5.7156  -31.7717
eta,q 0.98037 12.42132
  0.0228  0.0254  0.0234  0.0222  0.0238  0.0243  0.0226  0.0241  0.0219  0.0264  0.0205  0.0229
  0.0211  0.0222  0.0214  0.0210  0.0218  0.0221  0.0210  0.0217  0.0207  0.0231  0.0200  0.0209
  0.0200  0.0202  0.0201  0.0202  0.0203  0.0205  0.0200  0.0202  0.0199  0.0207  0.0197  0.0199
  0.0196  0.0196  0.0196  0.0196  0.0196  0.0196  0.0196  0.0196  0.0196  0.0196  0.0196  0.0196
  0.0200  0.0204  0.0201  0.0194  0.0201  0.0201  0.0200  0.0201  0.0199  0.0204  0.0197  0.0201
  0.0211  0.0224  0.0214  0.0202  0.0216  0.0215  0.0210  0.0216  0.0207  0.0227  0.0200  0.0212
  0.0228  0.0251  0.0235  0.0229  0.0243  0.0246  0.0226  0.0241  0.0219  0.0265  0.0205  0.0228
niter,ni,del,rscale     3    3    5.0000    1.2000
parameters
   -2.5161    2.8923   10.1403   -8.7064  -19.1173  -17.6264
    0.1612    6.6028   -3.1013   30.0835   -5.7316  -31.7941
eta,q 0.98038 12.42172
  0.0228  0.0254  0.0235  0.0222  0.0238  0.0243  0.0226  0.0240  0.0219  0.0264  0.0205  0.0229
  0.0211  0.0222  0.0214  0.0210  0.0219  0.0221  0.0210  0.0217  0.0207  0.0231  0.0200  0.0210
  0.0200  0.0202  0.0201  0.0202  0.0203  0.0204  0.0200  0.0201  0.0199  0.0207  0.0197  0.0199
  0.0196  0.0196  0.0196  0.0196  0.0196  0.0196  0.0196  0.0196  0.0196  0.0196  0.0196  0.0196
  0.0200  0.0204  0.0201  0.0194  0.0201  0.0201  0.0200  0.0201  0.0199  0.0204  0.0197  0.0201
  0.0211  0.0224  0.0214  0.0202  0.0216  0.0215  0.0210  0.0216  0.0207  0.0228  0.0200  0.0212
  0.0228  0.0251  0.0235  0.0230  0.0242  0.0247  0.0226  0.0241  0.0219  0.0265  0.0205  0.0227
registration optimization eta report
parameter search radius
    2.4000    3.6501    3.6501    8.2800    9.5220    9.5220
    7.2000    7.2000    7.2000   10.9503    7.2000    9.5220
100000*second partial in parameter space
       55.       42.       29.        4.        5.        5.
        6.        9.        4.        6.        2.        4.
  0.0228  0.0254  0.0235  0.0222  0.0238  0.0243  0.0226  0.0240  0.0219  0.0264  0.0205  0.0229
  0.0211  0.0222  0.0214  0.0210  0.0219  0.0221  0.0210  0.0217  0.0207  0.0231  0.0200  0.0210
  0.0200  0.0202  0.0201  0.0202  0.0203  0.0204  0.0200  0.0201  0.0199  0.0207  0.0197  0.0199
  0.0196  0.0196  0.0196  0.0196  0.0196  0.0196  0.0196  0.0196  0.0196  0.0196  0.0196  0.0196
  0.0200  0.0204  0.0201  0.0194  0.0201  0.0201  0.0200  0.0201  0.0199  0.0204  0.0197  0.0201
  0.0211  0.0224  0.0214  0.0202  0.0216  0.0215  0.0210  0.0216  0.0207  0.0228  0.0200  0.0212
  0.0228  0.0251  0.0235  0.0230  0.0242  0.0247  0.0226  0.0241  0.0219  0.0265  0.0205  0.0227
   -2.5161    2.8923   10.1403   -8.7064  -19.1173  -17.6264
    0.1612    6.6028   -3.1013   30.0835   -5.7316  -31.7941
eta,q 0.98038 12.42172

---------------------------------------------------------------------
imgreg_4dfp /opt/freesurfer/average/711-2C_as_mni_average_305 /opt/freesurfer/average/711-2B_as_mni_average_305_mask talsrcimg_g11 none talsrcimg_to_711-2C_as_mni_average_305_t4 2311
---------------------------------------------------------------------

freesurfer imgreg_4dfp.c
/opt/freesurfer/average/711-2C_as_mni_average_305.4dfp.img
       256       256       256         1
  1.000000  1.000000  1.000000
orientation T byte_order littleendian
Reading image: /opt/freesurfer/average/711-2C_as_mni_average_305.4dfp.img
dimensions:      256       256       256
mmppix:       1.0000   -1.0000   -1.0000
center:     128.0000 -129.0000 -129.0000
/opt/freesurfer/average/711-2B_as_mni_average_305_mask.4dfp.img
       256       256       256         1
  1.000000  1.000000  1.000000
orientation T byte_order littleendian
Reading mask: /opt/freesurfer/average/711-2B_as_mni_average_305_mask.4dfp.img (2306576 pixels)
talsrcimg_g11.4dfp.img
       256       256       256         1
  1.000000  1.000000  1.000000
orientation T byte_order littleendian
Reading image: talsrcimg_g11.4dfp.img
dimensions:      256       256       256
mmppix:       1.0000   -1.0000   -1.0000
center:     128.0000 -129.0000 -129.0000
fimgreg.f
image alignment mode   2311 decimal      907 hex
parameters
   -2.5161    2.8923   10.1403   -8.7063  -19.1173  -17.6264
    0.1612    6.6028   -3.1013   30.0835   -5.7316  -31.7941
eta,q 0.98038 12.42172
niter,ni,del,rscale     5    3    5.0000    0.8000
parameters
   -2.5178    2.8067   10.1431   -6.8662  -18.9915  -17.3700
    0.2390    6.5495   -3.1083   30.3880   -5.9174  -32.0923
eta,q 0.98066 12.54980
  0.0211  0.0207  0.0204  0.0207  0.0207  0.0210  0.0209  0.0216  0.0204  0.0211  0.0198  0.0201
  0.0203  0.0201  0.0200  0.0203  0.0200  0.0202  0.0200  0.0204  0.0198  0.0202  0.0195  0.0196
  0.0198  0.0197  0.0197  0.0199  0.0196  0.0197  0.0195  0.0196  0.0195  0.0196  0.0194  0.0194
  0.0196  0.0196  0.0196  0.0196  0.0194  0.0194  0.0194  0.0194  0.0194  0.0194  0.0193  0.0193
  0.0198  0.0198  0.0197  0.0194  0.0195  0.0195  0.0195  0.0196  0.0195  0.0195  0.0194  0.0195
  0.0203  0.0203  0.0200  0.0194  0.0199  0.0200  0.0200  0.0204  0.0198  0.0199  0.0196  0.0198
  0.0211  0.0209  0.0204  0.0199  0.0206  0.0207  0.0208  0.0217  0.0204  0.0208  0.0199  0.0203
niter,ni,del,rscale     4    3    5.0000    0.7000
parameters
   -2.5326    2.8093   10.2275   -7.1798  -19.0595  -17.1886
    0.2064    6.6155   -3.1069   30.4687   -6.0631  -32.0997
eta,q 0.98065 12.54230
  0.0206  0.0203  0.0201  0.0201  0.0203  0.0206  0.0205  0.0212  0.0202  0.0206  0.0197  0.0200
  0.0199  0.0198  0.0197  0.0198  0.0198  0.0200  0.0198  0.0202  0.0197  0.0200  0.0195  0.0196
  0.0195  0.0195  0.0194  0.0195  0.0195  0.0196  0.0195  0.0196  0.0195  0.0195  0.0194  0.0194
  0.0193  0.0193  0.0193  0.0193  0.0194  0.0194  0.0193  0.0194  0.0194  0.0194  0.0194  0.0194
  0.0195  0.0195  0.0194  0.0194  0.0195  0.0194  0.0195  0.0195  0.0194  0.0195  0.0194  0.0194
  0.0199  0.0198  0.0196  0.0198  0.0199  0.0198  0.0199  0.0201  0.0197  0.0199  0.0195  0.0196
  0.0206  0.0203  0.0199  0.0206  0.0204  0.0205  0.0205  0.0211  0.0202  0.0206  0.0197  0.0200
niter,ni,del,rscale     3    3    5.0000    0.6000
parameters
   -2.5335    2.8233   10.2539   -6.9963  -19.1112  -17.1533
    0.2175    6.6205   -3.1264   30.5057   -6.0915  -32.0896
eta,q 0.98067 12.55180
  0.0203  0.0201  0.0198  0.0200  0.0201  0.0203  0.0202  0.0206  0.0200  0.0203  0.0196  0.0198
  0.0197  0.0197  0.0196  0.0198  0.0197  0.0198  0.0197  0.0199  0.0196  0.0198  0.0194  0.0196
  0.0194  0.0194  0.0194  0.0195  0.0194  0.0195  0.0194  0.0195  0.0194  0.0195  0.0194  0.0194
  0.0193  0.0194  0.0194  0.0193  0.0193  0.0193  0.0193  0.0193  0.0193  0.0193  0.0193  0.0193
  0.0194  0.0194  0.0194  0.0193  0.0194  0.0194  0.0194  0.0195  0.0194  0.0194  0.0194  0.0194
  0.0198  0.0197  0.0195  0.0195  0.0197  0.0197  0.0197  0.0199  0.0196  0.0197  0.0195  0.0195
  0.0203  0.0200  0.0198  0.0200  0.0201  0.0203  0.0202  0.0206  0.0200  0.0203  0.0196  0.0198
niter,ni,del,rscale     2    3    5.0000    0.5000
parameters
   -2.5357    2.8235   10.2729   -6.8107  -19.1401  -17.1334
    0.2174    6.6150   -3.1322   30.5352   -6.1025  -32.0660
eta,q 0.98068 12.56119
  0.0200  0.0198  0.0197  0.0199  0.0199  0.0200  0.0199  0.0202  0.0198  0.0200  0.0195  0.0197
  0.0196  0.0196  0.0195  0.0196  0.0196  0.0196  0.0196  0.0197  0.0195  0.0196  0.0194  0.0195
  0.0194  0.0194  0.0194  0.0195  0.0194  0.0194  0.0194  0.0194  0.0194  0.0194  0.0193  0.0194
  0.0193  0.0193  0.0193  0.0193  0.0193  0.0193  0.0193  0.0193  0.0193  0.0193  0.0193  0.0193
  0.0194  0.0194  0.0194  0.0193  0.0194  0.0194  0.0194  0.0194  0.0194  0.0194  0.0193  0.0194
  0.0196  0.0196  0.0195  0.0195  0.0196  0.0196  0.0196  0.0197  0.0195  0.0196  0.0194  0.0195
  0.0200  0.0198  0.0197  0.0198  0.0199  0.0200  0.0199  0.0202  0.0198  0.0200  0.0195  0.0197
niter,ni,del,rscale     1    3    5.0000    0.4000
parameters
   -2.5348    2.8217   10.2889   -6.6608  -19.1511  -17.1091
    0.2179    6.6047   -3.1157   30.5461   -6.0865  -32.0306
eta,q 0.98069 12.56870
  0.0197  0.0196  0.0195  0.0197  0.0197  0.0198  0.0197  0.0199  0.0196  0.0198  0.0194  0.0195
  0.0195  0.0195  0.0194  0.0195  0.0195  0.0195  0.0195  0.0196  0.0194  0.0195  0.0194  0.0194
  0.0194  0.0194  0.0194  0.0194  0.0194  0.0194  0.0194  0.0194  0.0193  0.0194  0.0193  0.0193
  0.0193  0.0193  0.0193  0.0193  0.0193  0.0193  0.0193  0.0193  0.0193  0.0193  0.0193  0.0193
  0.0194  0.0194  0.0193  0.0193  0.0194  0.0194  0.0194  0.0194  0.0193  0.0194  0.0193  0.0193
  0.0195  0.0195  0.0194  0.0194  0.0195  0.0195  0.0195  0.0196  0.0194  0.0195  0.0194  0.0194
  0.0197  0.0196  0.0195  0.0196  0.0197  0.0198  0.0197  0.0199  0.0196  0.0197  0.0194  0.0195
registration optimization eta report
parameter search radius
    0.8000    0.8000    0.8000    2.4000    2.4000    2.4000
    2.4000    2.4000    2.4000    2.4000    2.4000    2.4000
100000*second partial in parameter space
       64.       50.       34.        6.        6.        8.
        6.       10.        5.        8.        2.        4.
  0.0197  0.0196  0.0195  0.0197  0.0197  0.0198  0.0197  0.0199  0.0196  0.0198  0.0194  0.0195
  0.0195  0.0195  0.0194  0.0195  0.0195  0.0195  0.0195  0.0196  0.0194  0.0195  0.0194  0.0194
  0.0194  0.0194  0.0194  0.0194  0.0194  0.0194  0.0194  0.0194  0.0193  0.0194  0.0193  0.0193
  0.0193  0.0193  0.0193  0.0193  0.0193  0.0193  0.0193  0.0193  0.0193  0.0193  0.0193  0.0193
  0.0194  0.0194  0.0193  0.0193  0.0194  0.0194  0.0194  0.0194  0.0193  0.0194  0.0193  0.0193
  0.0195  0.0195  0.0194  0.0194  0.0195  0.0195  0.0195  0.0196  0.0194  0.0195  0.0194  0.0194
  0.0197  0.0196  0.0195  0.0196  0.0197  0.0198  0.0197  0.0199  0.0196  0.0197  0.0194  0.0195
   -2.5348    2.8217   10.2889   -6.6608  -19.1511  -17.1091
    0.2179    6.6047   -3.1157   30.5461   -6.0865  -32.0306
eta,q 0.98069 12.56870

---------------------------------------------------------------------
imgreg_4dfp /opt/freesurfer/average/711-2C_as_mni_average_305 /opt/freesurfer/average/711-2B_as_mni_average_305_mask talsrcimg_g11 none talsrcimg_to_711-2C_as_mni_average_305_t4 2311
---------------------------------------------------------------------

freesurfer imgreg_4dfp.c
/opt/freesurfer/average/711-2C_as_mni_average_305.4dfp.img
       256       256       256         1
  1.000000  1.000000  1.000000
orientation T byte_order littleendian
Reading image: /opt/freesurfer/average/711-2C_as_mni_average_305.4dfp.img
dimensions:      256       256       256
mmppix:       1.0000   -1.0000   -1.0000
center:     128.0000 -129.0000 -129.0000
/opt/freesurfer/average/711-2B_as_mni_average_305_mask.4dfp.img
       256       256       256         1
  1.000000  1.000000  1.000000
orientation T byte_order littleendian
Reading mask: /opt/freesurfer/average/711-2B_as_mni_average_305_mask.4dfp.img (2306576 pixels)
talsrcimg_g11.4dfp.img
       256       256       256         1
  1.000000  1.000000  1.000000
orientation T byte_order littleendian
Reading image: talsrcimg_g11.4dfp.img
dimensions:      256       256       256
mmppix:       1.0000   -1.0000   -1.0000
center:     128.0000 -129.0000 -129.0000
fimgreg.f
image alignment mode   2311 decimal      907 hex
parameters
   -2.5348    2.8217   10.2889   -6.6608  -19.1511  -17.1091
    0.2179    6.6047   -3.1157   30.5461   -6.0865  -32.0306
eta,q 0.98069 12.56870
niter,ni,del,rscale     5    3    5.0000    0.8000
parameters
   -2.5267    2.8270   10.3017   -7.3523  -19.0944  -17.0626
    0.2113    6.6592   -3.1147   30.4549   -6.0409  -32.0500
eta,q 0.98064 12.53585
  0.0210  0.0206  0.0202  0.0202  0.0207  0.0209  0.0208  0.0217  0.0205  0.0209  0.0199  0.0202
  0.0201  0.0199  0.0197  0.0198  0.0200  0.0201  0.0200  0.0204  0.0199  0.0201  0.0196  0.0197
  0.0195  0.0195  0.0194  0.0195  0.0195  0.0196  0.0195  0.0196  0.0195  0.0196  0.0194  0.0195
  0.0193  0.0193  0.0193  0.0193  0.0194  0.0194  0.0194  0.0194  0.0194  0.0194  0.0194  0.0194
  0.0195  0.0195  0.0194  0.0195  0.0195  0.0195  0.0195  0.0196  0.0195  0.0196  0.0194  0.0195
  0.0200  0.0199  0.0197  0.0201  0.0200  0.0201  0.0200  0.0203  0.0199  0.0201  0.0196  0.0198
  0.0209  0.0205  0.0202  0.0213  0.0206  0.0208  0.0208  0.0216  0.0205  0.0210  0.0198  0.0202
niter,ni,del,rscale     4    3    5.0000    0.7000
parameters
   -2.5245    2.8323   10.2749   -7.2183  -19.0952  -17.1139
    0.2275    6.6444   -3.1313   30.4768   -6.0688  -32.0844
eta,q 0.98065 12.54185
  0.0206  0.0203  0.0200  0.0202  0.0204  0.0205  0.0205  0.0211  0.0202  0.0206  0.0197  0.0200
  0.0199  0.0198  0.0196  0.0199  0.0198  0.0199  0.0199  0.0201  0.0197  0.0200  0.0195  0.0196
  0.0195  0.0195  0.0194  0.0196  0.0195  0.0195  0.0195  0.0195  0.0194  0.0195  0.0194  0.0194
  0.0194  0.0194  0.0194  0.0194  0.0194  0.0194  0.0194  0.0194  0.0194  0.0194  0.0194  0.0194
  0.0195  0.0195  0.0194  0.0193  0.0195  0.0195  0.0195  0.0196  0.0195  0.0195  0.0194  0.0194
  0.0199  0.0198  0.0197  0.0196  0.0198  0.0200  0.0198  0.0201  0.0197  0.0199  0.0195  0.0196
  0.0206  0.0203  0.0200  0.0203  0.0204  0.0206  0.0205  0.0211  0.0202  0.0206  0.0197  0.0200
niter,ni,del,rscale     3    3    5.0000    0.6000
parameters
   -2.5310    2.8278   10.2700   -6.9984  -19.1135  -17.1254
    0.2279    6.6248   -3.1332   30.5095   -6.0953  -32.0842
eta,q 0.98066 12.55277
  0.0202  0.0200  0.0198  0.0200  0.0201  0.0202  0.0202  0.0206  0.0200  0.0203  0.0196  0.0198
  0.0197  0.0197  0.0196  0.0198  0.0197  0.0198  0.0197  0.0199  0.0196  0.0198  0.0195  0.0195
  0.0195  0.0194  0.0194  0.0195  0.0194  0.0195  0.0194  0.0195  0.0194  0.0195  0.0194  0.0194
  0.0194  0.0194  0.0193  0.0194  0.0193  0.0193  0.0193  0.0193  0.0193  0.0193  0.0193  0.0193
  0.0195  0.0194  0.0194  0.0193  0.0194  0.0194  0.0194  0.0195  0.0194  0.0194  0.0194  0.0194
  0.0198  0.0197  0.0196  0.0195  0.0197  0.0198  0.0197  0.0199  0.0196  0.0197  0.0195  0.0195
  0.0203  0.0201  0.0198  0.0200  0.0201  0.0203  0.0202  0.0207  0.0200  0.0203  0.0196  0.0198
niter,ni,del,rscale     2    3    5.0000    0.5000
parameters
   -2.5331    2.8281   10.2802   -6.8155  -19.1353  -17.1179
    0.2263    6.6201   -3.1293   30.5329   -6.0886  -32.0661
eta,q 0.98067 12.56162
  0.0200  0.0198  0.0197  0.0199  0.0199  0.0200  0.0199  0.0202  0.0198  0.0200  0.0195  0.0197
  0.0196  0.0196  0.0195  0.0196  0.0196  0.0196  0.0196  0.0197  0.0195  0.0196  0.0194  0.0195
  0.0194  0.0194  0.0194  0.0194  0.0194  0.0194  0.0194  0.0194  0.0194  0.0194  0.0193  0.0194
  0.0193  0.0193  0.0193  0.0193  0.0193  0.0193  0.0193  0.0193  0.0193  0.0193  0.0193  0.0193
  0.0194  0.0194  0.0194  0.0193  0.0194  0.0194  0.0194  0.0194  0.0194  0.0194  0.0193  0.0194
  0.0196  0.0196  0.0195  0.0195  0.0196  0.0196  0.0196  0.0197  0.0195  0.0196  0.0194  0.0195
  0.0200  0.0198  0.0197  0.0198  0.0199  0.0200  0.0199  0.0202  0.0198  0.0200  0.0195  0.0197
niter,ni,del,rscale     1    3    5.0000    0.4000
parameters
   -2.5354    2.8253   10.2954   -6.6673  -19.1452  -17.1036
    0.2130    6.6016   -3.1195   30.5464   -6.0942  -32.0108
eta,q 0.98069 12.56873
  0.0197  0.0196  0.0195  0.0197  0.0197  0.0198  0.0197  0.0199  0.0196  0.0198  0.0194  0.0195
  0.0195  0.0195  0.0194  0.0195  0.0195  0.0195  0.0195  0.0196  0.0194  0.0195  0.0194  0.0194
  0.0194  0.0194  0.0194  0.0194  0.0194  0.0194  0.0194  0.0194  0.0193  0.0194  0.0193  0.0193
  0.0193  0.0193  0.0193  0.0193  0.0193  0.0193  0.0193  0.0193  0.0193  0.0193  0.0193  0.0193
  0.0194  0.0194  0.0193  0.0193  0.0194  0.0194  0.0194  0.0194  0.0193  0.0194  0.0193  0.0193
  0.0195  0.0195  0.0194  0.0194  0.0195  0.0195  0.0195  0.0196  0.0194  0.0195  0.0194  0.0194
  0.0197  0.0196  0.0195  0.0196  0.0197  0.0198  0.0197  0.0199  0.0196  0.0198  0.0194  0.0195
registration optimization eta report
parameter search radius
    0.8000    0.8000    0.8000    2.4000    2.4000    2.4000
    2.4000    2.4000    2.4000    2.4000    2.4000    2.4000
100000*second partial in parameter space
       64.       50.       33.        6.        6.        8.
        6.       10.        5.        8.        2.        4.
  0.0197  0.0196  0.0195  0.0197  0.0197  0.0198  0.0197  0.0199  0.0196  0.0198  0.0194  0.0195
  0.0195  0.0195  0.0194  0.0195  0.0195  0.0195  0.0195  0.0196  0.0194  0.0195  0.0194  0.0194
  0.0194  0.0194  0.0194  0.0194  0.0194  0.0194  0.0194  0.0194  0.0193  0.0194  0.0193  0.0193
  0.0193  0.0193  0.0193  0.0193  0.0193  0.0193  0.0193  0.0193  0.0193  0.0193  0.0193  0.0193
  0.0194  0.0194  0.0193  0.0193  0.0194  0.0194  0.0194  0.0194  0.0193  0.0194  0.0193  0.0193
  0.0195  0.0195  0.0194  0.0194  0.0195  0.0195  0.0195  0.0196  0.0194  0.0195  0.0194  0.0194
  0.0197  0.0196  0.0195  0.0196  0.0197  0.0198  0.0197  0.0199  0.0196  0.0198  0.0194  0.0195
   -2.5354    2.8253   10.2954   -6.6673  -19.1452  -17.1036
    0.2130    6.6016   -3.1195   30.5464   -6.0942  -32.0108
eta,q 0.98069 12.56873

---------------------------------------------------------------------
compute_vox2vox talsrcimg talsrcimg_to_711-2C_as_mni_average_305_t4 /opt/freesurfer/average/711-2C_as_mni_average_305
---------------------------------------------------------------------

freesurfer compute_vox2vox.c
Reading: talsrcimg.4dfp.ifh
Reading: talsrcimg_to_711-2C_as_mni_average_305_t4
Reading: /opt/freesurfer/average/711-2C_as_mni_average_305.4dfp.ifh
Writing: talsrcimg_to_711-2C_as_mni_average_305_t4_vox2vox.txt

start time Sun Mar 8 12:45:08 CET 2026
end		time Sun Mar 8 12:45:23 CET 2026

mpr2mni305 success

avi2talxfm orig_nu.mgz /opt/freesurfer/average/mni305.cor.mgz talsrcimg_to_711-2C_as_mni_average_305_t4_vox2vox.txt transforms/talairach.auto.xfm
avi2talxfm done
mv -f /out/sourcedata/freesurfer/sub-v1s12x0050109_ses-1/mri/talsrcimg_to_711-2C_as_mni_average_305_t4_vox2vox.txt /out/sourcedata/freesurfer/sub-v1s12x0050109_ses-1/mri/transforms/talsrcimg_to_711-2C_as_mni_average_305_t4_vox2vox.txt
lta_convert --src orig_nu.mgz --trg /opt/freesurfer/average/mni305.cor.mgz --inxfm transforms/talairach.auto.xfm --outlta transforms/talairach.auto.xfm.lta --subject fsaverage
7.3.2

--src: orig_nu.mgz src image (geometry).
--trg: /opt/freesurfer/average/mni305.cor.mgz trg image (geometry).
--inmni: transforms/talairach.auto.xfm input MNI/XFM transform.
--outlta: transforms/talairach.auto.xfm.lta output LTA.
--s: fsaverage subject name
 LTA read, type : 1
 1.06560  -0.07315  -0.03177   0.69772;
 0.08222   1.04710   0.41434   0.81712;
 0.01005  -0.39841   1.07903   18.58151;
 0.00000   0.00000   0.00000   1.00000;
setting subject to fsaverage
Writing  LTA to file transforms/talairach.auto.xfm.lta...
lta_convert successful.
 
 
Started at Sun Mar 8 12:45:08 CET 2026
Ended   at Sun Mar  8 12:45:23 CET 2026
talairach_avi done
