/out/sourcedata/freesurfer/sub-v1s12x0050133_ses-1/mri
/opt/freesurfer/bin/talairach_avi
--i orig_nu.mgz --xfm transforms/talairach.auto.xfm
talairach_avi 7.3.2
Linux dna013 5.14.0-427.37.1.el9_4.x86_64 #1 SMP PREEMPT_DYNAMIC Fri Sep 13 12:41:50 EDT 2024 x86_64 x86_64 x86_64 GNU/Linux
Sun Mar  8 12:45:54 CET 2026
mri_convert orig_nu.mgz talsrcimg.img 
reading from orig_nu.mgz...
TR=0.00, TE=0.00, TI=0.00, flip angle=0.00
i_ras = (-1, 0, 0)
j_ras = (0, 0, -1)
k_ras = (0, 1, 0)
writing to talsrcimg.img...
Analyze Output Matrix
-1.00000   0.00000   0.00000   124.17358;
 0.00000   0.00000   1.00000  -133.08475;
 0.00000  -1.00000   0.00000   152.77400;
 0.00000   0.00000   0.00000   1.00000;
--------------------
INFO: set hdr.hist.orient to -1
mpr2mni305 talsrcimg
Sun Mar  8 12:45:55 CET 2026
/opt/freesurfer/bin/mpr2mni305 talsrcimg
mpr2mni305 7.3.2
target=711-2C_as_mni_average_305

---------------------------------------------------------------------
analyzeto4dfp talsrcimg -O0 -y
---------------------------------------------------------------------

freesurfer ifh2hdr.c
Sun Mar  8 12:45:55 2026
Writing: talsrcimg.4dfp.hdr
freesurfer analyzeto4dfp.c
Reading: talsrcimg.hdr
header size 348 bytes
hdr.dime.datatype	offset=70	value=2
hdr.dime.bitpix		offset=72	value=8
hdr.hist.orient		offset=252	value=-1
dimensionality     4
dimensions       256       256       256         1
Reading: talsrcimg.img
Writing: talsrcimg.4dfp.img
Writing: talsrcimg.4dfp.ifh
ifh2hdr talsrcimg -r0to210
ori=2

---------------------------------------------------------------------
gauss_4dfp talsrcimg 1.1
---------------------------------------------------------------------

freesurfer gauss_4dfp.c
Reading: talsrcimg.4dfp.img
Writing: talsrcimg_g11.4dfp.img
image dimensions 256 256 256 padded to 288 288 288
processing volume 1freesurfer ifh2hdr.c
Sun Mar  8 12:45:57 2026
Writing: talsrcimg_g11.4dfp.hdr

Writing: talsrcimg_g11.4dfp.ifh
including: talsrcimg.4dfp.img.rec in talsrcimg_g11.4dfp.img.rec

---------------------------------------------------------------------
imgreg_4dfp /opt/freesurfer/average/711-2C_as_mni_average_305 none talsrcimg_g11 none talsrcimg_to_711-2C_as_mni_average_305_t4 4355
---------------------------------------------------------------------

freesurfer imgreg_4dfp.c
/opt/freesurfer/average/711-2C_as_mni_average_305.4dfp.img
       256       256       256         1
  1.000000  1.000000  1.000000
orientation T byte_order littleendian
Reading image: /opt/freesurfer/average/711-2C_as_mni_average_305.4dfp.img
dimensions:      256       256       256
mmppix:       1.0000   -1.0000   -1.0000
center:     128.0000 -129.0000 -129.0000
talsrcimg_g11.4dfp.img
       256       256       256         1
  1.000000  1.000000  1.000000
orientation T byte_order littleendian
Reading image: talsrcimg_g11.4dfp.img
dimensions:      256       256       256
mmppix:       1.0000   -1.0000   -1.0000
center:     128.0000 -129.0000 -129.0000
t4_read: open error in t4_sub.f l:  41 t4_file(1:l)talsrcimg_to_711-2C_as_mni_average_305_t4 
t4_read: transform initialized to I4
rotation matrix determinant  1.000000
image alignment mode   4355 decimal     1103 hex
   -7.5000  -45.0000  -45.0000 7785.1147   17.9307
    0.0000  -45.0000  -45.0000 8081.1660   17.9350
    7.5000  -45.0000  -45.0000 7733.4702   17.8858
   -7.5000  -37.5000  -45.0000 8369.4307   17.9313
    0.0000  -37.5000  -45.0000 8673.9541   17.9337
    7.5000  -37.5000  -45.0000 8301.4707   17.8871
   -7.5000  -30.0000  -45.0000 9224.8164   17.9339
    0.0000  -30.0000  -45.0000 9575.7139   17.9392
    7.5000  -30.0000  -45.0000 9154.0889   17.8972
   -7.5000  -22.5000  -45.0000 9988.5703   17.9153
    0.0000  -22.5000  -45.000010367.7129   17.9265
    7.5000  -22.5000  -45.0000 9898.2422   17.8867
   -7.5000  -15.0000  -45.000010675.5361   17.8941
    0.0000  -15.0000  -45.000011086.5820   17.9085
    7.5000  -15.0000  -45.000010581.7715   17.8674
   -7.5000   -7.5000  -45.000011349.1436   17.8949
    0.0000   -7.5000  -45.000011798.0020   17.9051
    7.5000   -7.5000  -45.000011240.6641   17.8592
   -7.5000    0.0000  -45.000011935.4707   17.9134
    0.0000    0.0000  -45.000012433.8896   17.9176
    7.5000    0.0000  -45.000011805.3145   17.8684
   -7.5000    7.5000  -45.000011627.3652   17.9313
    0.0000    7.5000  -45.000012089.2646   17.9337
    7.5000    7.5000  -45.000011475.1504   17.8871
   -7.5000   15.0000  -45.000011288.0361   17.9339
    0.0000   15.0000  -45.000011699.7861   17.9392
    7.5000   15.0000  -45.000011112.3379   17.8972
   -7.5000   22.5000  -45.000010694.4531   17.9129
    0.0000   22.5000  -45.000011049.4404   17.9240
    7.5000   22.5000  -45.000010485.3994   17.8842
   -7.5000   30.0000  -45.0000 9823.3320   17.6557
    0.0000   30.0000  -45.000010129.1924   17.6698
    7.5000   30.0000  -45.0000 9585.0840   17.6293
   -7.5000   37.5000  -45.0000 9311.4717   17.6565
    0.0000   37.5000  -45.0000 9608.1562   17.6665
    7.5000   37.5000  -45.0000 9079.1953   17.6212
   -7.5000   45.0000  -45.0000 8493.9775   17.2259
    0.0000   45.0000  -45.0000 8750.0029   17.2300
    7.5000   45.0000  -45.0000 8262.7861   17.1826
   -7.5000  -45.0000  -37.5000 8283.7930   17.6993
    0.0000  -45.0000  -37.5000 8587.5186   17.7224
    7.5000  -45.0000  -37.5000 8226.6191   17.6978
   -7.5000  -37.5000  -37.5000 8892.0420   17.7045
    0.0000  -37.5000  -37.5000 9235.1465   17.7274
    7.5000  -37.5000  -37.5000 8824.7773   17.7041
   -7.5000  -30.0000  -37.5000 9817.2451   17.7147
    0.0000  -30.0000  -37.500010194.6885   17.7424
    7.5000  -30.0000  -37.5000 9727.5791   17.7215
   -7.5000  -22.5000  -37.500010630.5176   17.6984
    0.0000  -22.5000  -37.500011048.2275   17.7324
    7.5000  -22.5000  -37.500010528.0771   17.7132
   -7.5000  -15.0000  -37.500011366.7500   17.6731
    0.0000  -15.0000  -37.500011812.5098   17.7086
    7.5000  -15.0000  -37.500011228.9189   17.6895
   -7.5000   -7.5000  -37.500012088.4014   17.6668
    0.0000   -7.5000  -37.500012571.5518   17.6965
    7.5000   -7.5000  -37.500011921.0303   17.6743
   -7.5000    0.0000  -37.500012673.2744   17.6821
    0.0000    0.0000  -37.500013198.2773   17.7052
    7.5000    0.0000  -37.500012508.9033   17.6805
   -7.5000    7.5000  -37.500012315.3730   17.7045
    0.0000    7.5000  -37.500012808.6631   17.7274
    7.5000    7.5000  -37.500012163.5977   17.7041
   -7.5000   15.0000  -37.500011941.4580   17.7147
    0.0000   15.0000  -37.500012380.0801   17.7424
    7.5000   15.0000  -37.500011737.1982   17.7215
   -7.5000   22.5000  -37.500011352.4463   17.6960
    0.0000   22.5000  -37.500011739.0039   17.7300
    7.5000   22.5000  -37.500011108.7803   17.7107
   -7.5000   30.0000  -37.500010387.9697   17.4376
    0.0000   30.0000  -37.500010743.8516   17.4726
    7.5000   30.0000  -37.500010127.9902   17.4537
   -7.5000   37.5000  -37.5000 9803.6572   17.4314
    0.0000   37.5000  -37.500010137.9922   17.4606
    7.5000   37.5000  -37.5000 9554.6289   17.4387
   -7.5000   45.0000  -37.5000 8917.3281   17.0034
    0.0000   45.0000  -37.5000 9219.6709   17.0257
    7.5000   45.0000  -37.5000 8692.2373   17.0020
   -7.5000  -45.0000  -30.0000 8990.0244   18.4203
    0.0000  -45.0000  -30.0000 9302.7275   18.4476
    7.5000  -45.0000  -30.0000 8897.2646   18.4357
   -7.5000  -37.5000  -30.0000 9650.9824   18.4295
    0.0000  -37.5000  -30.0000 9994.4805   18.4556
    7.5000  -37.5000  -30.0000 9548.5605   18.4453
   -7.5000  -30.0000  -30.000010648.9824   18.4483
    0.0000  -30.0000  -30.000011048.3652   18.4810
    7.5000  -30.0000  -30.000010536.8027   18.4729
   -7.5000  -22.5000  -30.000011518.7139   18.4351
    0.0000  -22.5000  -30.000011977.7891   18.4764
    7.5000  -22.5000  -30.000011400.8447   18.4702
   -7.5000  -15.0000  -30.000012324.2715   18.4054
    0.0000  -15.0000  -30.000012821.5801   18.4489
    7.5000  -15.0000  -30.000012147.8203   18.4430
   -7.5000   -7.5000  -30.000013093.9541   18.3912
    0.0000   -7.5000  -30.000013627.1416   18.4271
    7.5000   -7.5000  -30.000012889.9736   18.4180
   -7.5000    0.0000  -30.000013722.1104   18.4021
    0.0000    0.0000  -30.000014272.9854   18.4294
    7.5000    0.0000  -30.000013528.4609   18.4175
   -7.5000    7.5000  -30.000013354.7646   18.4295
    0.0000    7.5000  -30.000013861.9082   18.4556
    7.5000    7.5000  -30.000013143.9805   18.4453
   -7.5000   15.0000  -30.000012860.2451   18.4483
    0.0000   15.0000  -30.000013336.3223   18.4810
    7.5000   15.0000  -30.000012597.6807   18.4729
   -7.5000   22.5000  -30.000012257.2334   18.4307
    0.0000   22.5000  -30.000012684.0879   18.4720
    7.5000   22.5000  -30.000011944.5215   18.4658
   -7.5000   30.0000  -30.000011194.0791   18.1619
    0.0000   30.0000  -30.000011594.1875   18.2048
    7.5000   30.0000  -30.000010884.0098   18.1989
   -7.5000   37.5000  -30.000010547.7900   18.1478
    0.0000   37.5000  -30.000010920.3467   18.1833
    7.5000   37.5000  -30.000010239.7285   18.1743
   -7.5000   45.0000  -30.0000 9561.3955   17.7088
    0.0000   45.0000  -30.0000 9903.8467   17.7351
    7.5000   45.0000  -30.0000 9305.4287   17.7236
   -7.5000  -45.0000  -22.5000 9717.8711   19.0586
    0.0000  -45.0000  -22.500010061.9932   19.0693
    7.5000  -45.0000  -22.5000 9602.5273   19.0438
   -7.5000  -37.5000  -22.500010390.4043   19.0651
    0.0000  -37.5000  -22.500010771.3193   19.0722
    7.5000  -37.5000  -22.500010267.4414   19.0503
   -7.5000  -30.0000  -22.500011447.5293   19.0837
    0.0000  -30.0000  -22.500011894.7949   19.0962
    7.5000  -30.0000  -22.500011326.9043   19.0794
   -7.5000  -22.5000  -22.500012397.4912   19.0724
    0.0000  -22.5000  -22.500012913.8008   19.0948
    7.5000  -22.5000  -22.500012264.7910   19.0801
   -7.5000  -15.0000  -22.500013300.9707   19.0448
    0.0000  -15.0000  -22.500013850.1562   19.0715
    7.5000  -15.0000  -22.500013102.9893   19.0552
   -7.5000   -7.5000  -22.500014147.8379   19.0308
    0.0000   -7.5000  -22.500014739.7002   19.0512
    7.5000   -7.5000  -22.500013920.4092   19.0293
   -7.5000    0.0000  -22.500014826.1211   19.0397
    0.0000    0.0000  -22.500015429.0566   19.0505
    7.5000    0.0000  -22.500014577.9434   19.0250
   -7.5000    7.5000  -22.500014407.4668   19.0651
    0.0000    7.5000  -22.500014978.4209   19.0722
    7.5000    7.5000  -22.500014146.0811   19.0503
   -7.5000   15.0000  -22.500013769.8076   19.0837
    0.0000   15.0000  -22.500014278.8848   19.0962
    7.5000   15.0000  -22.500013456.6074   19.0794
   -7.5000   22.5000  -22.500013113.1572   19.0665
    0.0000   22.5000  -22.500013583.0371   19.0889
    7.5000   22.5000  -22.500012744.2432   19.0742
   -7.5000   30.0000  -22.500012009.0928   18.7956
    0.0000   30.0000  -22.500012432.9844   18.8220
    7.5000   30.0000  -22.500011627.8965   18.8060
   -7.5000   37.5000  -22.500011294.7832   18.7819
    0.0000   37.5000  -22.500011691.9053   18.8020
    7.5000   37.5000  -22.500010913.1855   18.7803
   -7.5000   45.0000  -22.500010232.3164   18.3362
    0.0000   45.0000  -22.500010595.0938   18.3465
    7.5000   45.0000  -22.5000 9915.9033   18.3220
   -7.5000  -45.0000  -15.000010444.1016   19.5245
    0.0000  -45.0000  -15.000010806.2588   19.5130
    7.5000  -45.0000  -15.000010287.7451   19.4610
   -7.5000  -37.5000  -15.000011114.5166   19.5257
    0.0000  -37.5000  -15.000011530.6680   19.5082
    7.5000  -37.5000  -15.000010968.7324   19.4613
   -7.5000  -30.0000  -15.000012218.0107   19.5374
    0.0000  -30.0000  -15.000012705.2910   19.5224
    7.5000  -30.0000  -15.000012075.2881   19.4826
   -7.5000  -22.5000  -15.000013303.2949   19.5250
    0.0000  -22.5000  -15.000013816.6309   19.5196
    7.5000  -22.5000  -15.000013125.3350   19.4818
   -7.5000  -15.0000  -15.000014309.1055   19.5024
    0.0000  -15.0000  -15.000014854.9902   19.5035
    7.5000  -15.0000  -15.000014071.0732   19.4623
   -7.5000   -7.5000  -15.000015182.0566   19.4947
    0.0000   -7.5000  -15.000015799.3965   19.4923
    7.5000   -7.5000  -15.000014906.1367   19.4439
   -7.5000    0.0000  -15.000015894.3662   19.5055
    0.0000    0.0000  -15.000016524.4824   19.4940
    7.5000    0.0000  -15.000015595.1309   19.4421
   -7.5000    7.5000  -15.000015446.1758   19.5257
    0.0000    7.5000  -15.000016050.8506   19.5082
    7.5000    7.5000  -15.000015124.6523   19.4613
   -7.5000   15.0000  -15.000014714.1055   19.5374
    0.0000   15.0000  -15.000015239.4590   19.5224
    7.5000   15.0000  -15.000014327.2197   19.4826
   -7.5000   22.5000  -15.000013989.7764   19.5180
    0.0000   22.5000  -15.000014475.0518   19.5127
    7.5000   22.5000  -15.000013541.6416   19.4749
   -7.5000   30.0000  -15.000012803.7744   19.2500
    0.0000   30.0000  -15.000013264.6660   19.2511
    7.5000   30.0000  -15.000012392.0303   19.2105
   -7.5000   37.5000  -15.000012061.5088   19.2424
    0.0000   37.5000  -15.000012484.8008   19.2400
    7.5000   37.5000  -15.000011637.6416   19.1922
   -7.5000   45.0000  -15.000010913.5693   18.7961
    0.0000   45.0000  -15.000011306.5527   18.7851
    7.5000   45.0000  -15.000010541.8018   18.7350
   -7.5000  -45.0000   -7.500011090.5156   19.7516
    0.0000  -45.0000   -7.500011513.5947   19.7358
    7.5000  -45.0000   -7.500010969.7080   19.6703
   -7.5000  -37.5000   -7.500011796.4678   19.7505
    0.0000  -37.5000   -7.500012264.1504   19.7294
    7.5000  -37.5000   -7.500011681.1729   19.6686
   -7.5000  -30.0000   -7.500012970.5371   19.7554
    0.0000  -30.0000   -7.500013500.0996   19.7361
    7.5000  -30.0000   -7.500012838.4395   19.6818
   -7.5000  -22.5000   -7.500014129.0674   19.7389
    0.0000  -22.5000   -7.500014699.4229   19.7279
    7.5000  -22.5000   -7.500013978.3096   19.6756
   -7.5000  -15.0000   -7.500015276.6406   19.7181
    0.0000  -15.0000   -7.500015881.1992   19.7130
    7.5000  -15.0000   -7.500015027.5732   19.6577
   -7.5000   -7.5000   -7.500016227.2559   19.7168
    0.0000   -7.5000   -7.500016893.5059   19.7087
    7.5000   -7.5000   -7.500015897.4336   19.6469
   -7.5000    0.0000   -7.500016971.6738   19.7327
    0.0000    0.0000   -7.500017638.5293   19.7169
    7.5000    0.0000   -7.500016657.7441   19.6514
   -7.5000    7.5000   -7.500016490.2441   19.7505
    0.0000    7.5000   -7.500017114.4902   19.7294
    7.5000    7.5000   -7.500016178.8604   19.6686
   -7.5000   15.0000   -7.500015652.3076   19.7554
    0.0000   15.0000   -7.500016199.9805   19.7361
    7.5000   15.0000   -7.500015268.1104   19.6818
   -7.5000   22.5000   -7.500014847.2520   19.7298
    0.0000   22.5000   -7.500015346.3535   19.7187
    7.5000   22.5000   -7.500014432.0674   19.6665
   -7.5000   30.0000   -7.500013615.7529   19.4624
    0.0000   30.0000   -7.500014099.7393   19.4574
    7.5000   30.0000   -7.500013250.9492   19.4028
   -7.5000   37.5000   -7.500012822.6006   19.4611
    0.0000   37.5000   -7.500013270.2803   19.4532
    7.5000   37.5000   -7.500012433.4844   19.3921
   -7.5000   45.0000   -7.500011642.4072   19.0186
    0.0000   45.0000   -7.500012049.2510   19.0034
    7.5000   45.0000   -7.500011263.1719   18.9403
   -7.5000  -45.0000    0.000011697.6523   19.7887
    0.0000  -45.0000    0.000012157.2432   19.7921
    7.5000  -45.0000    0.000011572.2930   19.7381
   -7.5000  -37.5000    0.000012449.2451   19.7893
    0.0000  -37.5000    0.000012960.1426   19.7908
    7.5000  -37.5000    0.000012333.0117   19.7398
   -7.5000  -30.0000    0.000013658.5254   19.7927
    0.0000  -30.0000    0.000014219.9170   19.7974
    7.5000  -30.0000    0.000013545.2432   19.7512
   -7.5000  -22.5000    0.000014870.5254   19.7727
    0.0000  -22.5000    0.000015482.3623   19.7838
    7.5000  -22.5000    0.000014765.1455   19.7397
   -7.5000  -15.0000    0.000016128.1572   19.7495
    0.0000  -15.0000    0.000016814.8770   19.7639
    7.5000  -15.0000    0.000015911.1543   19.7184
   -7.5000   -7.5000    0.000017219.1055   19.7500
    0.0000   -7.5000    0.000017933.6348   19.7599
    7.5000   -7.5000    0.000016893.1074   19.7091
   -7.5000    0.0000    0.000018023.1602   19.7698
    0.0000    0.0000    0.000018731.9414   19.7732
    7.5000    0.0000    0.000017733.8086   19.7191
   -7.5000    7.5000    0.000017426.5605   19.7893
    0.0000    7.5000    0.000018062.7090   19.7908
    7.5000    7.5000    0.000017192.5293   19.7398
   -7.5000   15.0000    0.000016444.3008   19.7927
    0.0000   15.0000    0.000017019.9453   19.7974
    7.5000   15.0000    0.000016226.8760   19.7512
   -7.5000   22.5000    0.000015585.1777   19.7635
    0.0000   22.5000    0.000016121.6406   19.7747
    7.5000   22.5000    0.000015325.7695   19.7307
   -7.5000   30.0000    0.000014352.5957   19.4939
    0.0000   30.0000    0.000014844.8701   19.5082
    7.5000   30.0000    0.000014088.9385   19.4632
   -7.5000   37.5000    0.000013597.0889   19.4944
    0.0000   37.5000    0.000014048.0244   19.5042
    7.5000   37.5000    0.000013244.4609   19.4541
   -7.5000   45.0000    0.000012353.0293   19.0558
    0.0000   45.0000    0.000012758.5479   19.0591
    7.5000   45.0000    0.000011981.2832   19.0069
   -7.5000  -45.0000    7.500011412.0068   19.7824
    0.0000  -45.0000    7.500011873.6934   19.8080
    7.5000  -45.0000    7.500011294.7617   19.7804
   -7.5000  -37.5000    7.500012144.1201   19.7883
    0.0000  -37.5000    7.500012652.3242   19.8135
    7.5000  -37.5000    7.500012021.9785   19.7876
   -7.5000  -30.0000    7.500013317.2100   19.7993
    0.0000  -30.0000    7.500013872.5430   19.8301
    7.5000  -30.0000    7.500013206.1611   19.8068
   -7.5000  -22.5000    7.500014501.0430   19.7809
    0.0000  -22.5000    7.500015096.9980   19.8187
    7.5000  -22.5000    7.500014420.3926   19.7971
   -7.5000  -15.0000    7.500015782.2715   19.7526
    0.0000  -15.0000    7.500016425.1348   19.7920
    7.5000  -15.0000    7.500015595.5557   19.7706
   -7.5000   -7.5000    7.500016987.3652   19.7459
    0.0000   -7.5000    7.500017636.5859   19.7787
    7.5000   -7.5000    7.500016660.6484   19.7538
   -7.5000    0.0000    7.500017906.3672   19.7632
    0.0000    0.0000    7.500018526.6543   19.7887
    7.5000    0.0000    7.500017594.5215   19.7612
   -7.5000    7.5000    7.500017329.3105   19.7883
    0.0000    7.5000    7.500017864.8984   19.8135
    7.5000    7.5000    7.500017130.2598   19.7876
   -7.5000   15.0000    7.500016267.2002   19.7993
    0.0000   15.0000    7.500016800.1719   19.8301
    7.5000   15.0000    7.500016133.8965   19.8068
   -7.5000   22.5000    7.500015317.6855   19.7718
    0.0000   22.5000    7.500015801.6211   19.8095
    7.5000   22.5000    7.500015121.9629   19.7880
   -7.5000   30.0000    7.500014095.2539   19.4970
    0.0000   30.0000    7.500014577.6348   19.5359
    7.5000   30.0000    7.500013865.4072   19.5147
   -7.5000   37.5000    7.500013336.4609   19.4903
    0.0000   37.5000    7.500013815.4258   19.5227
    7.5000   37.5000    7.500012997.8359   19.4982
   -7.5000   45.0000    7.500012124.5332   19.0494
    0.0000   45.0000    7.500012549.4951   19.0741
    7.5000   45.0000    7.500011738.7139   19.0475
   -7.5000  -45.0000   15.000010971.0850   19.7893
    0.0000  -45.0000   15.000011437.4346   19.8184
    7.5000  -45.0000   15.000010870.5303   19.8056
   -7.5000  -37.5000   15.000011662.9980   19.7991
    0.0000  -37.5000   15.000012143.5918   19.8268
    7.5000  -37.5000   15.000011562.4072   19.8158
   -7.5000  -30.0000   15.000012771.4609   19.8192
    0.0000  -30.0000   15.000013263.5645   19.8540
    7.5000  -30.0000   15.000012681.4502   19.8454
   -7.5000  -22.5000   15.000013929.2197   19.8051
    0.0000  -22.5000   15.000014446.5205   19.8492
    7.5000  -22.5000   15.000013867.6279   19.8426
   -7.5000  -15.0000   15.000015143.8096   19.7734
    0.0000  -15.0000   15.000015703.8281   19.8197
    7.5000  -15.0000   15.000014974.1729   19.8135
   -7.5000   -7.5000   15.000016247.7236   19.7581
    0.0000   -7.5000   15.000016816.2949   19.7964
    7.5000   -7.5000   15.000016046.2910   19.7867
   -7.5000    0.0000   15.000017194.1172   19.7698
    0.0000    0.0000   15.000017818.4531   19.7988
    7.5000    0.0000   15.000017034.0391   19.7861
   -7.5000    7.5000   15.000016832.5273   19.7991
    0.0000    7.5000   15.000017397.0410   19.8268
    7.5000    7.5000   15.000016613.1719   19.8158
   -7.5000   15.0000   15.000015852.6094   19.8192
    0.0000   15.0000   15.000016392.7910   19.8540
    7.5000   15.0000   15.000015593.4678   19.8454
   -7.5000   22.5000   15.000014817.8428   19.7960
    0.0000   22.5000   15.000015290.8359   19.8400
    7.5000   22.5000   15.000014471.3418   19.8335
   -7.5000   30.0000   15.000013567.1387   19.5175
    0.0000   30.0000   15.000014028.9971   19.5632
    7.5000   30.0000   15.000013232.0205   19.5571
   -7.5000   37.5000   15.000012807.2197   19.5024
    0.0000   37.5000   15.000013226.5029   19.5402
    7.5000   37.5000   15.000012405.7979   19.5307
   -7.5000   45.0000   15.000011632.7402   19.0558
    0.0000   45.0000   15.000011997.9883   19.0838
    7.5000   45.0000   15.000011223.7480   19.0715
   -7.5000  -45.0000   22.500010429.2031   19.8346
    0.0000  -45.0000   22.500010850.0918   19.8455
    7.5000  -45.0000   22.500010330.4189   19.8190
   -7.5000  -37.5000   22.500011067.1592   19.8416
    0.0000  -37.5000   22.500011495.2959   19.8487
    7.5000  -37.5000   22.500010954.8223   19.8259
   -7.5000  -30.0000   22.500012138.8779   19.8611
    0.0000  -30.0000   22.500012594.6807   19.8739
    7.5000  -30.0000   22.500012028.3223   19.8566
   -7.5000  -22.5000   22.500013259.7295   19.8493
    0.0000  -22.5000   22.500013750.1895   19.8725
    7.5000  -22.5000   22.500013161.1895   19.8574
   -7.5000  -15.0000   22.500014353.2812   19.8204
    0.0000  -15.0000   22.500014861.9834   19.8480
    7.5000  -15.0000   22.500014213.5498   19.8313
   -7.5000   -7.5000   22.500015296.7930   19.8057
    0.0000   -7.5000   22.500015839.8184   19.8267
    7.5000   -7.5000   22.500015212.7158   19.8040
   -7.5000    0.0000   22.500016196.2910   19.8150
    0.0000    0.0000   22.500016794.1914   19.8259
    7.5000    0.0000   22.500016149.6709   19.7994
   -7.5000    7.5000   22.500015915.1396   19.8416
    0.0000    7.5000   22.500016475.1934   19.8487
    7.5000    7.5000   22.500015736.4463   19.8259
   -7.5000   15.0000   22.500015044.0576   19.8611
    0.0000   15.0000   22.500015573.0654   19.8739
    7.5000   15.0000   22.500014774.2891   19.8566
   -7.5000   22.5000   22.500014004.4355   19.8401
    0.0000   22.5000   22.500014453.5518   19.8633
    7.5000   22.5000   22.500013646.6436   19.8483
   -7.5000   30.0000   22.500012845.3994   19.5638
    0.0000   30.0000   22.500013256.7979   19.5912
    7.5000   30.0000   22.500012481.2119   19.5746
   -7.5000   37.5000   22.500012094.9160   19.5494
    0.0000   37.5000   22.500012500.2959   19.5701
    7.5000   37.5000   22.500011710.6182   19.5477
   -7.5000   45.0000   22.500010959.7441   19.0993
    0.0000   45.0000   22.500011321.5195   19.1098
    7.5000   45.0000   22.500010599.3076   19.0844
   -7.5000  -45.0000   30.0000 9793.4541   19.9113
    0.0000  -45.0000   30.000010167.1348   19.8991
    7.5000  -45.0000   30.0000 9675.1338   19.8455
   -7.5000  -37.5000   30.000010385.8350   19.9124
    0.0000  -37.5000   30.000010763.5645   19.8941
    7.5000  -37.5000   30.000010256.5420   19.8458
   -7.5000  -30.0000   30.000011449.7842   19.9245
    0.0000  -30.0000   30.000011851.4023   19.9087
    7.5000  -30.0000   30.000011306.4492   19.8677
   -7.5000  -22.5000   30.000012568.0508   19.9118
    0.0000  -22.5000   30.000012994.9121   19.9059
    7.5000  -22.5000   30.000012380.9141   19.8670
   -7.5000  -15.0000   30.000013464.2812   19.8887
    0.0000  -15.0000   30.000013924.9902   19.8894
    7.5000  -15.0000   30.000013305.5107   19.8470
   -7.5000   -7.5000   30.000014255.4746   19.8807
    0.0000   -7.5000   30.000014706.2246   19.8778
    7.5000   -7.5000   30.000014136.3076   19.8279
   -7.5000    0.0000   30.000015064.7393   19.8918
    0.0000    0.0000   30.000015574.9482   19.8796
    7.5000    0.0000   30.000014941.4385   19.8260
   -7.5000    7.5000   30.000014755.5596   19.9124
    0.0000    7.5000   30.000015264.5928   19.8941
    7.5000    7.5000   30.000014570.1533   19.8458
   -7.5000   15.0000   30.000013965.8223   19.9245
    0.0000   15.0000   30.000014412.9941   19.9087
    7.5000   15.0000   30.000013724.9951   19.8677
   -7.5000   22.5000   30.000012949.2773   19.9027
    0.0000   22.5000   30.000013356.0342   19.8967
    7.5000   22.5000   30.000012690.0518   19.8578
   -7.5000   30.0000   30.000011911.4941   19.6313
    0.0000   30.0000   30.000012269.0654   19.6320
    7.5000   30.0000   30.000011622.9893   19.5901
   -7.5000   37.5000   30.000011214.7656   19.6234
    0.0000   37.5000   30.000011547.7900   19.6206
    7.5000   37.5000   30.000010908.3906   19.5713
   -7.5000   45.0000   30.000010147.2910   19.1734
    0.0000   45.0000   30.000010441.7500   19.1616
    7.5000   45.0000   30.0000 9864.5664   19.1100
   -7.5000  -45.0000   37.5000 9566.8184   20.2011
    0.0000  -45.0000   37.5000 9902.5410   20.1839
    7.5000  -45.0000   37.5000 9434.3770   20.1151
   -7.5000  -37.5000   37.500010178.9336   20.2003
    0.0000  -37.5000   37.500010552.8838   20.1776
    7.5000  -37.5000   37.500010039.4141   20.1137
   -7.5000  -30.0000   37.500011253.7861   20.2061
    0.0000  -30.0000   37.500011672.1143   20.1852
    7.5000  -30.0000   37.500011053.8057   20.1280
   -7.5000  -22.5000   37.500012253.3154   20.1892
    0.0000  -22.5000   37.500012723.7266   20.1767
    7.5000  -22.5000   37.500012014.1260   20.1215
   -7.5000  -15.0000   37.500013013.7324   20.1671
    0.0000  -15.0000   37.500013506.6367   20.1608
    7.5000  -15.0000   37.500012830.6416   20.1026
   -7.5000   -7.5000   37.500013729.9131   20.1651
    0.0000   -7.5000   37.500014213.3965   20.1557
    7.5000   -7.5000   37.500013571.2676   20.0907
   -7.5000    0.0000   37.500014487.7676   20.1813
    0.0000    0.0000   37.500014998.5244   20.1642
    7.5000    0.0000   37.500014322.6631   20.0954
   -7.5000    7.5000   37.500014181.7393   20.2003
    0.0000    7.5000   37.500014690.9668   20.1776
    7.5000    7.5000   37.500014000.2246   20.1137
   -7.5000   15.0000   37.500013461.4307   20.2061
    0.0000   15.0000   37.500013910.5752   20.1852
    7.5000   15.0000   37.500013234.9688   20.1280
   -7.5000   22.5000   37.500012477.5000   20.1799
    0.0000   22.5000   37.500012904.0332   20.1674
    7.5000   22.5000   37.500012245.2285   20.1123
   -7.5000   30.0000   37.500011512.1484   19.9061
    0.0000   30.0000   37.500011876.7803   19.8998
    7.5000   30.0000   37.500011247.6729   19.8424
   -7.5000   37.5000   37.500010838.2480   19.9041
    0.0000   37.5000   37.500011170.3115   19.8949
    7.5000   37.5000   37.500010549.1465   19.8307
   -7.5000   45.0000   37.5000 9780.6494   19.4525
    0.0000   45.0000   37.500010065.3418   19.4359
    7.5000   45.0000   37.5000 9508.8594   19.3697
   -7.5000  -45.0000   45.0000 8915.3965   20.4715
    0.0000  -45.0000   45.0000 9241.8545   20.4711
    7.5000  -45.0000   45.0000 8772.1533   20.4110
   -7.5000  -37.5000   45.0000 9478.8877   20.4709
    0.0000  -37.5000   45.0000 9831.6279   20.4687
    7.5000  -37.5000   45.0000 9314.7793   20.4119
   -7.5000  -30.0000   45.000010431.8330   20.4755
    0.0000  -30.0000   45.000010827.1787   20.4768
    7.5000  -30.0000   45.000010217.6924   20.4251
   -7.5000  -22.5000   45.000011291.9863   20.4565
    0.0000  -22.5000   45.000011739.9609   20.4646
    7.5000  -22.5000   45.000011057.5420   20.4150
   -7.5000  -15.0000   45.000011971.4355   20.4331
    0.0000  -15.0000   45.000012449.5908   20.4443
    7.5000  -15.0000   45.000011798.3242   20.3931
   -7.5000   -7.5000   45.000012626.1025   20.4324
    0.0000   -7.5000   45.000013096.5527   20.4388
    7.5000   -7.5000   45.000012456.8760   20.3820
   -7.5000    0.0000   45.000013294.6602   20.4513
    0.0000    0.0000   45.000013792.4385   20.4508
    7.5000    0.0000   45.000013128.4990   20.3907
   -7.5000    7.5000   45.000013031.7217   20.4709
    0.0000    7.5000   45.000013534.4746   20.4687
    7.5000    7.5000   45.000012868.5791   20.4119
   -7.5000   15.0000   45.000012396.6543   20.4755
    0.0000   15.0000   45.000012847.8555   20.4768
    7.5000   15.0000   45.000012208.1064   20.4251
   -7.5000   22.5000   45.000011483.3955   20.4470
    0.0000   22.5000   45.000011902.9434   20.4551
    7.5000   22.5000   45.000011277.8076   20.4055
   -7.5000   30.0000   45.000010588.9902   20.1669
    0.0000   30.0000   45.000010956.2930   20.1780
    7.5000   30.0000   45.000010345.1611   20.1274
   -7.5000   37.5000   45.0000 9964.6494   20.1662
    0.0000   37.5000   45.000010311.1494   20.1725
    7.5000   37.5000   45.0000 9723.7432   20.1164
   -7.5000   45.0000   45.0000 8994.2012   19.7216
    0.0000   45.0000   45.0000 9288.9834   19.7212
    7.5000   45.0000   45.0000 8752.3887   19.6632

---------------------------------------------------------------------
imgreg_4dfp /opt/freesurfer/average/711-2C_as_mni_average_305 /opt/freesurfer/average/711-2B_as_mni_average_305_mask talsrcimg_g11 none talsrcimg_to_711-2C_as_mni_average_305_t4 4355
---------------------------------------------------------------------

freesurfer imgreg_4dfp.c
/opt/freesurfer/average/711-2C_as_mni_average_305.4dfp.img
       256       256       256         1
  1.000000  1.000000  1.000000
orientation T byte_order littleendian
Reading image: /opt/freesurfer/average/711-2C_as_mni_average_305.4dfp.img
dimensions:      256       256       256
mmppix:       1.0000   -1.0000   -1.0000
center:     128.0000 -129.0000 -129.0000
/opt/freesurfer/average/711-2B_as_mni_average_305_mask.4dfp.img
       256       256       256         1
  1.000000  1.000000  1.000000
orientation T byte_order littleendian
Reading mask: /opt/freesurfer/average/711-2B_as_mni_average_305_mask.4dfp.img (2306576 pixels)
talsrcimg_g11.4dfp.img
       256       256       256         1
  1.000000  1.000000  1.000000
orientation T byte_order littleendian
Reading image: talsrcimg_g11.4dfp.img
dimensions:      256       256       256
mmppix:       1.0000   -1.0000   -1.0000
center:     128.0000 -129.0000 -129.0000
rotation matrix determinant  1.000000
image alignment mode   4355 decimal     1103 hex
   -7.5000  -45.0000  -45.0000 2112.9348   22.9524
    0.0000  -45.0000  -45.0000 2124.5757   22.8365
    7.5000  -45.0000  -45.0000 2113.3584   23.1586
   -7.5000  -37.5000  -45.0000 2216.7842   21.3629
    0.0000  -37.5000  -45.0000 2228.0498   21.2362
    7.5000  -37.5000  -45.0000 2214.8364   21.5805
   -7.5000  -30.0000  -45.0000 2285.6616   20.3043
    0.0000  -30.0000  -45.0000 2300.4653   20.2444
    7.5000  -30.0000  -45.0000 2283.5483   20.5405
   -7.5000  -22.5000  -45.0000 2326.8484   19.5322
    0.0000  -22.5000  -45.0000 2340.1758   19.4973
    7.5000  -22.5000  -45.0000 2319.2966   19.7466
   -7.5000  -15.0000  -45.0000 2352.7310   19.0796
    0.0000  -15.0000  -45.0000 2363.1108   19.0481
    7.5000  -15.0000  -45.0000 2344.3489   19.2760
   -7.5000   -7.5000  -45.0000 2364.1562   18.9502
    0.0000   -7.5000  -45.0000 2371.8582   18.9420
    7.5000   -7.5000  -45.0000 2356.8538   19.1774
   -7.5000    0.0000  -45.0000 2373.4028   19.1955
    0.0000    0.0000  -45.0000 2382.6248   19.1675
    7.5000    0.0000  -45.0000 2361.3594   19.3824
   -7.5000    7.5000  -45.0000 2369.8718   19.5480
    0.0000    7.5000  -45.0000 2376.2383   19.4984
    7.5000    7.5000  -45.0000 2348.8625   19.7526
   -7.5000   15.0000  -45.0000 2347.8821   20.1229
    0.0000   15.0000  -45.0000 2358.6956   20.1096
    7.5000   15.0000  -45.0000 2332.9045   20.3908
   -7.5000   22.5000  -45.0000 2311.4453   21.0489
    0.0000   22.5000  -45.0000 2319.8086   21.0184
    7.5000   22.5000  -45.0000 2295.5681   21.3063
   -7.5000   30.0000  -45.0000 2255.1287   22.4092
    0.0000   30.0000  -45.0000 2262.0725   22.3476
    7.5000   30.0000  -45.0000 2236.0566   22.6618
   -7.5000   37.5000  -45.0000 2177.5461   24.2894
    0.0000   37.5000  -45.0000 2180.5718   24.2288
    7.5000   37.5000  -45.0000 2156.6885   24.5692
   -7.5000   45.0000  -45.0000 2076.3999   26.8276
    0.0000   45.0000  -45.0000 2070.8787   26.7387
    7.5000   45.0000  -45.0000 2047.1526   27.0679
   -7.5000  -45.0000  -37.5000 2200.0159   21.3330
    0.0000  -45.0000  -37.5000 2212.1025   21.2605
    7.5000  -45.0000  -37.5000 2198.6655   21.6187
   -7.5000  -37.5000  -37.5000 2303.3181   19.8047
    0.0000  -37.5000  -37.5000 2322.7153   19.7838
    7.5000  -37.5000  -37.5000 2304.0688   20.1199
   -7.5000  -30.0000  -37.5000 2376.4734   18.7513
    0.0000  -30.0000  -37.5000 2395.5730   18.7596
    7.5000  -30.0000  -37.5000 2378.4192   19.0556
   -7.5000  -22.5000  -37.5000 2425.1392   18.0326
    0.0000  -22.5000  -37.5000 2433.6282   18.0882
    7.5000  -22.5000  -37.5000 2419.5891   18.3003
   -7.5000  -15.0000  -37.5000 2455.4478   17.6061
    0.0000  -15.0000  -37.5000 2462.3682   17.6590
    7.5000  -15.0000  -37.5000 2441.1104   17.8414
   -7.5000   -7.5000  -37.5000 2468.7214   17.4719
    0.0000   -7.5000  -37.5000 2474.9009   17.5425
    7.5000   -7.5000  -37.5000 2454.2993   17.7435
   -7.5000    0.0000  -37.5000 2473.2849   17.5731
    0.0000    0.0000  -37.5000 2477.4226   17.6154
    7.5000    0.0000  -37.5000 2453.5237   17.8219
   -7.5000    7.5000  -37.5000 2467.6821   17.8488
    0.0000    7.5000  -37.5000 2473.8167   17.8759
    7.5000    7.5000  -37.5000 2445.1270   18.1074
   -7.5000   15.0000  -37.5000 2452.2319   18.4506
    0.0000   15.0000  -37.5000 2461.3936   18.4720
    7.5000   15.0000  -37.5000 2433.3738   18.7259
   -7.5000   22.5000  -37.5000 2416.2507   19.3666
    0.0000   22.5000  -37.5000 2424.8401   19.4036
    7.5000   22.5000  -37.5000 2396.2090   19.6542
   -7.5000   30.0000  -37.5000 2355.5032   20.6137
    0.0000   30.0000  -37.5000 2361.8608   20.6450
    7.5000   30.0000  -37.5000 2333.7910   20.9708
   -7.5000   37.5000  -37.5000 2270.8972   22.3219
    0.0000   37.5000  -37.5000 2275.7795   22.3716
    7.5000   37.5000  -37.5000 2249.7966   22.6594
   -7.5000   45.0000  -37.5000 2161.2830   24.6294
    0.0000   45.0000  -37.5000 2162.8660   24.6352
    7.5000   45.0000  -37.5000 2139.5010   24.9463
   -7.5000  -45.0000  -30.0000 2316.6677   20.5840
    0.0000  -45.0000  -30.0000 2327.8826   20.5367
    7.5000  -45.0000  -30.0000 2308.6343   20.9039
   -7.5000  -37.5000  -30.0000 2425.6641   19.0219
    0.0000  -37.5000  -30.0000 2439.5740   19.0349
    7.5000  -37.5000  -30.0000 2423.3472   19.3323
   -7.5000  -30.0000  -30.0000 2506.1533   17.9411
    0.0000  -30.0000  -30.0000 2521.1060   17.9868
    7.5000  -30.0000  -30.0000 2503.5200   18.2268
   -7.5000  -22.5000  -30.0000 2554.8638   17.2198
    0.0000  -22.5000  -30.0000 2566.6157   17.3076
    7.5000  -22.5000  -30.0000 2547.7212   17.5034
   -7.5000  -15.0000  -30.0000 2595.0398   16.7871
    0.0000  -15.0000  -30.0000 2602.9521   16.8760
    7.5000  -15.0000  -30.0000 2573.2520   17.0725
   -7.5000   -7.5000  -30.0000 2612.2896   16.5828
    0.0000   -7.5000  -30.0000 2620.3484   16.6818
    7.5000   -7.5000  -30.0000 2588.0728   16.8598
   -7.5000    0.0000  -30.0000 2622.4895   16.6261
    0.0000    0.0000  -30.0000 2623.5891   16.7210
    7.5000    0.0000  -30.0000 2595.0007   16.9021
   -7.5000    7.5000  -30.0000 2620.0525   16.9636
    0.0000    7.5000  -30.0000 2620.8977   17.0182
    7.5000    7.5000  -30.0000 2592.4277   17.2196
   -7.5000   15.0000  -30.0000 2602.7097   17.5851
    0.0000   15.0000  -30.0000 2609.6235   17.6302
    7.5000   15.0000  -30.0000 2580.2200   17.8555
   -7.5000   22.5000  -30.0000 2561.6709   18.4744
    0.0000   22.5000  -30.0000 2564.4238   18.5217
    7.5000   22.5000  -30.0000 2535.1902   18.7964
   -7.5000   30.0000  -30.0000 2494.4375   19.6960
    0.0000   30.0000  -30.0000 2499.0811   19.7761
    7.5000   30.0000  -30.0000 2469.3286   20.0584
   -7.5000   37.5000  -30.0000 2403.9109   21.2953
    0.0000   37.5000  -30.0000 2405.2961   21.3684
    7.5000   37.5000  -30.0000 2377.1343   21.6730
   -7.5000   45.0000  -30.0000 2287.8269   23.5095
    0.0000   45.0000  -30.0000 2288.5444   23.5590
    7.5000   45.0000  -30.0000 2260.7764   23.8587
   -7.5000  -45.0000  -22.5000 2404.9353   19.7235
    0.0000  -45.0000  -22.5000 2413.8003   19.6904
    7.5000  -45.0000  -22.5000 2394.6116   20.0178
   -7.5000  -37.5000  -22.5000 2513.7393   18.1409
    0.0000  -37.5000  -22.5000 2523.8672   18.1650
    7.5000  -37.5000  -22.5000 2503.3201   18.4150
   -7.5000  -30.0000  -22.5000 2597.2012   17.0039
    0.0000  -30.0000  -22.5000 2608.5686   17.0744
    7.5000  -30.0000  -22.5000 2585.6902   17.2728
   -7.5000  -22.5000  -22.5000 2651.7341   16.2956
    0.0000  -22.5000  -22.5000 2664.9150   16.3603
    7.5000  -22.5000  -22.5000 2638.3049   16.5181
   -7.5000  -15.0000  -22.5000 2701.5681   15.8870
    0.0000  -15.0000  -22.5000 2708.7566   15.9351
    7.5000  -15.0000  -22.5000 2675.3560   16.0793
   -7.5000   -7.5000  -22.5000 2736.0901   15.6731
    0.0000   -7.5000  -22.5000 2745.5076   15.7186
    7.5000   -7.5000  -22.5000 2707.0593   15.8709
   -7.5000    0.0000  -22.5000 2744.9595   15.6448
    0.0000    0.0000  -22.5000 2751.7449   15.7498
    7.5000    0.0000  -22.5000 2714.8850   15.9271
   -7.5000    7.5000  -22.5000 2741.9814   16.0320
    0.0000    7.5000  -22.5000 2748.0911   16.0890
    7.5000    7.5000  -22.5000 2713.6516   16.2621
   -7.5000   15.0000  -22.5000 2724.0232   16.6530
    0.0000   15.0000  -22.5000 2727.8850   16.6895
    7.5000   15.0000  -22.5000 2694.7373   16.8873
   -7.5000   22.5000  -22.5000 2680.7502   17.4998
    0.0000   22.5000  -22.5000 2683.6221   17.5530
    7.5000   22.5000  -22.5000 2653.1218   17.8041
   -7.5000   30.0000  -22.5000 2601.3545   18.6544
    0.0000   30.0000  -22.5000 2602.6074   18.7179
    7.5000   30.0000  -22.5000 2575.5374   18.9993
   -7.5000   37.5000  -22.5000 2502.3220   20.2385
    0.0000   37.5000  -22.5000 2503.4387   20.2937
    7.5000   37.5000  -22.5000 2476.5693   20.5923
   -7.5000   45.0000  -22.5000 2383.7344   22.3361
    0.0000   45.0000  -22.5000 2385.2021   22.3735
    7.5000   45.0000  -22.5000 2359.6304   22.7101
   -7.5000  -45.0000  -15.0000 2461.0464   18.9351
    0.0000  -45.0000  -15.0000 2465.3337   18.8150
    7.5000  -45.0000  -15.0000 2445.4832   19.0988
   -7.5000  -37.5000  -15.0000 2568.2126   17.3291
    0.0000  -37.5000  -15.0000 2576.4221   17.2803
    7.5000  -37.5000  -15.0000 2553.9321   17.5311
   -7.5000  -30.0000  -15.0000 2656.7976   16.1649
    0.0000  -30.0000  -15.0000 2667.5808   16.1866
    7.5000  -30.0000  -15.0000 2639.8936   16.3785
   -7.5000  -22.5000  -15.0000 2725.4858   15.4409
    0.0000  -22.5000  -15.0000 2733.4573   15.4760
    7.5000  -22.5000  -15.0000 2704.4680   15.6185
   -7.5000  -15.0000  -15.0000 2781.4524   15.0169
    0.0000  -15.0000  -15.0000 2784.3533   15.0229
    7.5000  -15.0000  -15.0000 2749.4780   15.1666
   -7.5000   -7.5000  -15.0000 2822.5630   14.7858
    0.0000   -7.5000  -15.0000 2832.5945   14.7768
    7.5000   -7.5000  -15.0000 2787.7515   14.9287
   -7.5000    0.0000  -15.0000 2836.2224   14.7778
    0.0000    0.0000  -15.0000 2841.1936   14.8108
    7.5000    0.0000  -15.0000 2795.5330   14.9934
   -7.5000    7.5000  -15.0000 2835.3328   15.1653
    0.0000    7.5000  -15.0000 2845.0105   15.2067
    7.5000    7.5000  -15.0000 2799.1338   15.3494
   -7.5000   15.0000  -15.0000 2813.9951   15.7447
    0.0000   15.0000  -15.0000 2819.7542   15.7817
    7.5000   15.0000  -15.0000 2779.6316   15.9576
   -7.5000   22.5000  -15.0000 2764.7183   16.5801
    0.0000   22.5000  -15.0000 2769.4783   16.6261
    7.5000   22.5000  -15.0000 2732.7087   16.8434
   -7.5000   30.0000  -15.0000 2678.0342   17.7192
    0.0000   30.0000  -15.0000 2681.3743   17.7634
    7.5000   30.0000  -15.0000 2652.9385   18.0370
   -7.5000   37.5000  -15.0000 2573.7361   19.3054
    0.0000   37.5000  -15.0000 2576.0808   19.3057
    7.5000   37.5000  -15.0000 2548.8867   19.6092
   -7.5000   45.0000  -15.0000 2449.5425   21.3787
    0.0000   45.0000  -15.0000 2449.9089   21.3796
    7.5000   45.0000  -15.0000 2419.5535   21.6866
   -7.5000  -45.0000   -7.5000 2484.8772   18.1847
    0.0000  -45.0000   -7.5000 2486.3040   18.0933
    7.5000  -45.0000   -7.5000 2475.9568   18.3931
   -7.5000  -37.5000   -7.5000 2598.4871   16.5911
    0.0000  -37.5000   -7.5000 2603.2795   16.5595
    7.5000  -37.5000   -7.5000 2592.1426   16.8277
   -7.5000  -30.0000   -7.5000 2700.4302   15.4242
    0.0000  -30.0000   -7.5000 2709.9001   15.4370
    7.5000  -30.0000   -7.5000 2686.4641   15.6541
   -7.5000  -22.5000   -7.5000 2779.5083   14.6666
    0.0000  -22.5000   -7.5000 2790.1008   14.6811
    7.5000  -22.5000   -7.5000 2755.2373   14.8713
   -7.5000  -15.0000   -7.5000 2838.6411   14.2369
    0.0000  -15.0000   -7.5000 2845.9995   14.2375
    7.5000  -15.0000   -7.5000 2809.5466   14.4020
   -7.5000   -7.5000   -7.5000 2887.8186   13.9852
    0.0000   -7.5000   -7.5000 2896.4824   13.9692
    7.5000   -7.5000   -7.5000 2846.7380   14.0955
   -7.5000    0.0000   -7.5000 2904.4783   13.9609
    0.0000    0.0000   -7.5000 2910.9402   14.0057
    7.5000    0.0000   -7.5000 2855.7576   14.1730
   -7.5000    7.5000   -7.5000 2905.4829   14.3587
    0.0000    7.5000   -7.5000 2912.8054   14.3762
    7.5000    7.5000   -7.5000 2862.9614   14.5539
   -7.5000   15.0000   -7.5000 2881.9497   14.9376
    0.0000   15.0000   -7.5000 2883.9446   14.9491
    7.5000   15.0000   -7.5000 2843.5017   15.2034
   -7.5000   22.5000   -7.5000 2822.8423   15.7508
    0.0000   22.5000   -7.5000 2822.8018   15.7596
    7.5000   22.5000   -7.5000 2790.4116   16.0703
   -7.5000   30.0000   -7.5000 2730.2659   16.9287
    0.0000   30.0000   -7.5000 2734.6658   16.9472
    7.5000   30.0000   -7.5000 2706.9749   17.2762
   -7.5000   37.5000   -7.5000 2620.3713   18.5228
    0.0000   37.5000   -7.5000 2622.3730   18.5120
    7.5000   37.5000   -7.5000 2595.4199   18.8605
   -7.5000   45.0000   -7.5000 2493.1902   20.5700
    0.0000   45.0000   -7.5000 2492.9062   20.5330
    7.5000   45.0000   -7.5000 2460.7043   20.9107
   -7.5000  -45.0000    0.0000 2498.6052   17.6954
    0.0000  -45.0000    0.0000 2499.3479   17.6826
    7.5000  -45.0000    0.0000 2488.8340   18.0062
   -7.5000  -37.5000    0.0000 2621.3987   16.1409
    0.0000  -37.5000    0.0000 2622.8867   16.1267
    7.5000  -37.5000    0.0000 2610.7581   16.4317
   -7.5000  -30.0000    0.0000 2730.4800   14.9671
    0.0000  -30.0000    0.0000 2732.0396   14.9618
    7.5000  -30.0000    0.0000 2713.2188   15.2385
   -7.5000  -22.5000    0.0000 2817.5703   14.1607
    0.0000  -22.5000    0.0000 2826.6362   14.1339
    7.5000  -22.5000    0.0000 2795.6177   14.4005
   -7.5000  -15.0000    0.0000 2883.6885   13.6908
    0.0000  -15.0000    0.0000 2897.9175   13.6641
    7.5000  -15.0000    0.0000 2858.3379   13.8854
   -7.5000   -7.5000    0.0000 2937.7505   13.4354
    0.0000   -7.5000    0.0000 2953.6770   13.4018
    7.5000   -7.5000    0.0000 2901.3928   13.5759
   -7.5000    0.0000    0.0000 2960.2283   13.4578
    0.0000    0.0000    0.0000 2970.1833   13.4333
    7.5000    0.0000    0.0000 2912.3569   13.6814
   -7.5000    7.5000    0.0000 2955.6655   13.7979
    0.0000    7.5000    0.0000 2956.3103   13.7560
    7.5000    7.5000    0.0000 2913.3613   14.0855
   -7.5000   15.0000    0.0000 2918.8611   14.3729
    0.0000   15.0000    0.0000 2914.4812   14.3279
    7.5000   15.0000    0.0000 2885.6301   14.7613
   -7.5000   22.5000    0.0000 2855.0623   15.2148
    0.0000   22.5000    0.0000 2859.4451   15.1859
    7.5000   22.5000    0.0000 2830.3782   15.6821
   -7.5000   30.0000    0.0000 2761.9949   16.4229
    0.0000   30.0000    0.0000 2764.6750   16.3844
    7.5000   30.0000    0.0000 2739.6187   16.8906
   -7.5000   37.5000    0.0000 2653.4260   18.0363
    0.0000   37.5000    0.0000 2652.2429   18.0076
    7.5000   37.5000    0.0000 2627.6667   18.4996
   -7.5000   45.0000    0.0000 2517.7195   20.0542
    0.0000   45.0000    0.0000 2518.3855   20.0255
    7.5000   45.0000    0.0000 2489.1038   20.5493
   -7.5000  -45.0000    7.5000 2502.7207   17.4356
    0.0000  -45.0000    7.5000 2508.6062   17.4326
    7.5000  -45.0000    7.5000 2495.9880   17.7729
   -7.5000  -37.5000    7.5000 2625.4482   15.9097
    0.0000  -37.5000    7.5000 2628.9819   15.8826
    7.5000  -37.5000    7.5000 2614.2915   16.2242
   -7.5000  -30.0000    7.5000 2739.8611   14.7167
    0.0000  -30.0000    7.5000 2742.2295   14.6877
    7.5000  -30.0000    7.5000 2721.3574   15.0115
   -7.5000  -22.5000    7.5000 2834.7393   13.8717
    0.0000  -22.5000    7.5000 2842.7073   13.8026
    7.5000  -22.5000    7.5000 2812.6350   14.1528
   -7.5000  -15.0000    7.5000 2912.5303   13.3490
    0.0000  -15.0000    7.5000 2926.6558   13.2714
    7.5000  -15.0000    7.5000 2887.1858   13.5797
   -7.5000   -7.5000    7.5000 2977.3420   13.0896
    0.0000   -7.5000    7.5000 2994.2847   12.9977
    7.5000   -7.5000    7.5000 2943.3213   13.2913
   -7.5000    0.0000    7.5000 2997.0356   13.2438
    0.0000    0.0000    7.5000 3003.3098   13.1108
    7.5000    0.0000    7.5000 2955.3450   13.4620
   -7.5000    7.5000    7.5000 2992.4744   13.6687
    0.0000    7.5000    7.5000 2981.1096   13.5124
    7.5000    7.5000    7.5000 2948.9832   13.9400
   -7.5000   15.0000    7.5000 2941.2063   14.2050
    0.0000   15.0000    7.5000 2935.1477   14.1047
    7.5000   15.0000    7.5000 2909.2981   14.6002
   -7.5000   22.5000    7.5000 2873.5740   15.0195
    0.0000   22.5000    7.5000 2872.4180   14.9549
    7.5000   22.5000    7.5000 2847.9636   15.4818
   -7.5000   30.0000    7.5000 2777.5815   16.2108
    0.0000   30.0000    7.5000 2781.2490   16.1928
    7.5000   30.0000    7.5000 2753.2607   16.6864
   -7.5000   37.5000    7.5000 2664.1829   17.7900
    0.0000   37.5000    7.5000 2667.6956   17.8131
    7.5000   37.5000    7.5000 2639.5549   18.2734
   -7.5000   45.0000    7.5000 2524.6636   19.8043
    0.0000   45.0000    7.5000 2527.8491   19.8545
    7.5000   45.0000    7.5000 2496.9463   20.3024
   -7.5000  -45.0000   15.0000 2495.3345   17.4008
    0.0000  -45.0000   15.0000 2501.9741   17.3752
    7.5000  -45.0000   15.0000 2484.9893   17.7516
   -7.5000  -37.5000   15.0000 2614.4297   15.8496
    0.0000  -37.5000   15.0000 2623.7527   15.8081
    7.5000  -37.5000   15.0000 2605.1062   16.1840
   -7.5000  -30.0000   15.0000 2728.2759   14.6335
    0.0000  -30.0000   15.0000 2733.7375   14.5571
    7.5000  -30.0000   15.0000 2713.4780   14.9557
   -7.5000  -22.5000   15.0000 2826.4714   13.7403
    0.0000  -22.5000   15.0000 2833.9045   13.6415
    7.5000  -22.5000   15.0000 2810.3694   14.0801
   -7.5000  -15.0000   15.0000 2904.3562   13.1953
    0.0000  -15.0000   15.0000 2914.4319   13.0817
    7.5000  -15.0000   15.0000 2884.5110   13.5044
   -7.5000   -7.5000   15.0000 2977.4895   12.9716
    0.0000   -7.5000   15.0000 2989.0618   12.8499
    7.5000   -7.5000   15.0000 2953.0137   13.2847
   -7.5000    0.0000   15.0000 3006.4785   13.1618
    0.0000    0.0000   15.0000 3012.5381   13.0617
    7.5000    0.0000   15.0000 2972.4009   13.4749
   -7.5000    7.5000   15.0000 2995.0796   13.6522
    0.0000    7.5000   15.0000 2992.7944   13.5595
    7.5000    7.5000   15.0000 2950.3616   13.9739
   -7.5000   15.0000   15.0000 2933.8760   14.2805
    0.0000   15.0000   15.0000 2937.6443   14.2172
    7.5000   15.0000   15.0000 2902.3210   14.6088
   -7.5000   22.5000   15.0000 2865.9363   15.0996
    0.0000   22.5000   15.0000 2867.3472   15.0806
    7.5000   22.5000   15.0000 2836.6987   15.4886
   -7.5000   30.0000   15.0000 2767.3008   16.2727
    0.0000   30.0000   15.0000 2773.2197   16.2860
    7.5000   30.0000   15.0000 2744.7546   16.6893
   -7.5000   37.5000   15.0000 2657.9324   17.7843
    0.0000   37.5000   15.0000 2659.9062   17.8325
    7.5000   37.5000   15.0000 2630.6367   18.2107
   -7.5000   45.0000   15.0000 2512.4644   19.7461
    0.0000   45.0000   15.0000 2515.0078   19.8109
    7.5000   45.0000   15.0000 2486.1045   20.2053
   -7.5000  -45.0000   22.5000 2479.3589   17.5576
    0.0000  -45.0000   22.5000 2489.6306   17.4977
    7.5000  -45.0000   22.5000 2470.9448   17.9022
   -7.5000  -37.5000   22.5000 2595.2561   16.0316
    0.0000  -37.5000   22.5000 2602.8164   15.9494
    7.5000  -37.5000   22.5000 2584.8833   16.3586
   -7.5000  -30.0000   22.5000 2706.1865   14.8335
    0.0000  -30.0000   22.5000 2710.6504   14.7322
    7.5000  -30.0000   22.5000 2689.2244   15.1562
   -7.5000  -22.5000   22.5000 2800.0715   13.9441
    0.0000  -22.5000   22.5000 2800.2148   13.8442
    7.5000  -22.5000   22.5000 2782.6812   14.2957
   -7.5000  -15.0000   22.5000 2886.3079   13.4554
    0.0000  -15.0000   22.5000 2880.5291   13.3384
    7.5000  -15.0000   22.5000 2865.6975   13.7835
   -7.5000   -7.5000   22.5000 2957.0398   13.1893
    0.0000   -7.5000   22.5000 2954.9438   13.0827
    7.5000   -7.5000   22.5000 2931.2000   13.5684
   -7.5000    0.0000   22.5000 2973.1729   13.2993
    0.0000    0.0000   22.5000 2977.2317   13.2464
    7.5000    0.0000   22.5000 2946.9529   13.7208
   -7.5000    7.5000   22.5000 2967.8242   13.8228
    0.0000    7.5000   22.5000 2972.5515   13.7713
    7.5000    7.5000   22.5000 2926.2239   14.2091
   -7.5000   15.0000   22.5000 2914.3892   14.5740
    0.0000   15.0000   22.5000 2917.0325   14.5280
    7.5000   15.0000   22.5000 2876.7522   14.8638
   -7.5000   22.5000   22.5000 2843.2913   15.4965
    0.0000   22.5000   22.5000 2844.1055   15.4650
    7.5000   22.5000   22.5000 2809.3091   15.7823
   -7.5000   30.0000   22.5000 2742.5559   16.7029
    0.0000   30.0000   22.5000 2746.2146   16.7163
    7.5000   30.0000   22.5000 2713.9368   17.0045
   -7.5000   37.5000   22.5000 2631.1311   18.2270
    0.0000   37.5000   22.5000 2634.0007   18.2516
    7.5000   37.5000   22.5000 2597.2668   18.5332
   -7.5000   45.0000   22.5000 2484.8765   20.1181
    0.0000   45.0000   22.5000 2488.2766   20.1599
    7.5000   45.0000   22.5000 2456.0510   20.4627
   -7.5000  -45.0000   30.0000 2450.4399   17.9661
    0.0000  -45.0000   30.0000 2461.0515   17.8682
    7.5000  -45.0000   30.0000 2442.6887   18.3225
   -7.5000  -37.5000   30.0000 2562.6560   16.4894
    0.0000  -37.5000   30.0000 2565.8396   16.3510
    7.5000  -37.5000   30.0000 2548.1982   16.8314
   -7.5000  -30.0000   30.0000 2677.5330   15.3615
    0.0000  -30.0000   30.0000 2677.0566   15.2319
    7.5000  -30.0000   30.0000 2653.8059   15.6959
   -7.5000  -22.5000   30.0000 2775.0325   14.5166
    0.0000  -22.5000   30.0000 2771.7361   14.4126
    7.5000  -22.5000   30.0000 2751.2839   14.8575
   -7.5000  -15.0000   30.0000 2847.9141   13.9407
    0.0000  -15.0000   30.0000 2843.9885   13.8222
    7.5000  -15.0000   30.0000 2829.1877   14.2792
   -7.5000   -7.5000   30.0000 2902.3506   13.5492
    0.0000   -7.5000   30.0000 2897.1218   13.4641
    7.5000   -7.5000   30.0000 2877.8193   13.9554
   -7.5000    0.0000   30.0000 2923.6267   13.6733
    0.0000    0.0000   30.0000 2921.9612   13.5992
    7.5000    0.0000   30.0000 2895.6748   14.0512
   -7.5000    7.5000   30.0000 2914.8518   14.1896
    0.0000    7.5000   30.0000 2921.4819   14.1499
    7.5000    7.5000   30.0000 2879.9382   14.5520
   -7.5000   15.0000   30.0000 2869.9094   14.9867
    0.0000   15.0000   30.0000 2867.8320   14.9419
    7.5000   15.0000   30.0000 2831.3359   15.2839
   -7.5000   22.5000   30.0000 2795.6206   15.9754
    0.0000   22.5000   30.0000 2800.5977   15.9473
    7.5000   22.5000   30.0000 2766.6396   16.2376
   -7.5000   30.0000   30.0000 2697.3958   17.1909
    0.0000   30.0000   30.0000 2704.1443   17.1931
    7.5000   30.0000   30.0000 2670.3464   17.4982
   -7.5000   37.5000   30.0000 2585.2957   18.7666
    0.0000   37.5000   30.0000 2588.9014   18.7890
    7.5000   37.5000   30.0000 2552.4067   19.0612
   -7.5000   45.0000   30.0000 2435.4097   20.6983
    0.0000   45.0000   30.0000 2438.7939   20.7252
    7.5000   45.0000   30.0000 2410.7786   21.0200
   -7.5000  -45.0000   37.5000 2418.5681   18.7499
    0.0000  -45.0000   37.5000 2421.0061   18.6153
    7.5000  -45.0000   37.5000 2404.2751   19.0703
   -7.5000  -37.5000   37.5000 2532.9456   17.3010
    0.0000  -37.5000   37.5000 2537.9744   17.2033
    7.5000  -37.5000   37.5000 2512.7903   17.6069
   -7.5000  -30.0000   37.5000 2645.6702   16.1606
    0.0000  -30.0000   37.5000 2648.6384   16.0723
    7.5000  -30.0000   37.5000 2617.3076   16.4355
   -7.5000  -22.5000   37.5000 2731.5662   15.2408
    0.0000  -22.5000   37.5000 2739.8945   15.1752
    7.5000  -22.5000   37.5000 2706.6899   15.5101
   -7.5000  -15.0000   37.5000 2797.6294   14.5449
    0.0000  -15.0000   37.5000 2800.2925   14.4599
    7.5000  -15.0000   37.5000 2769.9580   14.8565
   -7.5000   -7.5000   37.5000 2840.8879   14.1192
    0.0000   -7.5000   37.5000 2839.5833   14.0502
    7.5000   -7.5000   37.5000 2812.0842   14.5090
   -7.5000    0.0000   37.5000 2860.7981   14.2303
    0.0000    0.0000   37.5000 2858.9629   14.1431
    7.5000    0.0000   37.5000 2837.6199   14.5424
   -7.5000    7.5000   37.5000 2845.9739   14.7382
    0.0000    7.5000   37.5000 2848.9563   14.6776
    7.5000    7.5000   37.5000 2818.2878   15.0633
   -7.5000   15.0000   37.5000 2803.2893   15.5523
    0.0000   15.0000   37.5000 2800.0273   15.5052
    7.5000   15.0000   37.5000 2768.2432   15.8521
   -7.5000   22.5000   37.5000 2732.1113   16.5806
    0.0000   22.5000   37.5000 2740.0293   16.5486
    7.5000   22.5000   37.5000 2706.4121   16.8424
   -7.5000   30.0000   37.5000 2641.9658   17.8384
    0.0000   30.0000   37.5000 2651.1055   17.8411
    7.5000   30.0000   37.5000 2617.7295   18.1596
   -7.5000   37.5000   37.5000 2527.8345   19.4509
    0.0000   37.5000   37.5000 2536.5093   19.4737
    7.5000   37.5000   37.5000 2500.6204   19.7469
   -7.5000   45.0000   37.5000 2375.8022   21.4458
    0.0000   45.0000   37.5000 2382.6775   21.4707
    7.5000   45.0000   37.5000 2359.0374   21.7315
   -7.5000  -45.0000   45.0000 2382.8411   19.8137
    0.0000  -45.0000   45.0000 2385.8350   19.7631
    7.5000  -45.0000   45.0000 2357.8862   20.0801
   -7.5000  -37.5000   45.0000 2493.3298   18.2820
    0.0000  -37.5000   45.0000 2498.1157   18.2576
    7.5000  -37.5000   45.0000 2467.0176   18.5370
   -7.5000  -30.0000   45.0000 2593.3948   17.0470
    0.0000  -30.0000   45.0000 2601.9731   17.0557
    7.5000  -30.0000   45.0000 2564.3066   17.3059
   -7.5000  -22.5000   45.0000 2673.9202   16.0422
    0.0000  -22.5000   45.0000 2687.9080   16.0380
    7.5000  -22.5000   45.0000 2648.1804   16.3050
   -7.5000  -15.0000   45.0000 2728.6033   15.2902
    0.0000  -15.0000   45.0000 2736.8589   15.2787
    7.5000  -15.0000   45.0000 2702.7148   15.6694
   -7.5000   -7.5000   45.0000 2766.7207   14.9238
    0.0000   -7.5000   45.0000 2767.8206   14.9136
    7.5000   -7.5000   45.0000 2739.6875   15.2952
   -7.5000    0.0000   45.0000 2777.0898   15.0067
    0.0000    0.0000   45.0000 2781.5564   14.9384
    7.5000    0.0000   45.0000 2758.3892   15.2948
   -7.5000    7.5000   45.0000 2763.9788   15.5199
    0.0000    7.5000   45.0000 2767.2483   15.4828
    7.5000    7.5000   45.0000 2740.1326   15.8508
   -7.5000   15.0000   45.0000 2722.8679   16.2933
    0.0000   15.0000   45.0000 2723.0474   16.2712
    7.5000   15.0000   45.0000 2693.9089   16.6200
   -7.5000   22.5000   45.0000 2657.1570   17.3036
    0.0000   22.5000   45.0000 2664.8672   17.2927
    7.5000   22.5000   45.0000 2629.1274   17.6300
   -7.5000   30.0000   45.0000 2572.8936   18.5886
    0.0000   30.0000   45.0000 2582.1179   18.6157
    7.5000   30.0000   45.0000 2542.4883   18.9552
   -7.5000   37.5000   45.0000 2457.7805   20.2500
    0.0000   37.5000   45.0000 2467.8564   20.3147
    7.5000   37.5000   45.0000 2430.8264   20.6204
   -7.5000   45.0000   45.0000 2313.6504   22.3907
    0.0000   45.0000   45.0000 2319.1746   22.4524
    7.5000   45.0000   45.0000 2288.8933   22.6978

---------------------------------------------------------------------
imgreg_4dfp /opt/freesurfer/average/711-2C_as_mni_average_305 /opt/freesurfer/average/711-2B_as_mni_average_305_mask talsrcimg_g11 none talsrcimg_to_711-2C_as_mni_average_305_t4 1283
---------------------------------------------------------------------

freesurfer imgreg_4dfp.c
/opt/freesurfer/average/711-2C_as_mni_average_305.4dfp.img
       256       256       256         1
  1.000000  1.000000  1.000000
orientation T byte_order littleendian
Reading image: /opt/freesurfer/average/711-2C_as_mni_average_305.4dfp.img
dimensions:      256       256       256
mmppix:       1.0000   -1.0000   -1.0000
center:     128.0000 -129.0000 -129.0000
/opt/freesurfer/average/711-2B_as_mni_average_305_mask.4dfp.img
       256       256       256         1
  1.000000  1.000000  1.000000
orientation T byte_order littleendian
Reading mask: /opt/freesurfer/average/711-2B_as_mni_average_305_mask.4dfp.img (2306576 pixels)
talsrcimg_g11.4dfp.img
       256       256       256         1
  1.000000  1.000000  1.000000
orientation T byte_order littleendian
Reading image: talsrcimg_g11.4dfp.img
dimensions:      256       256       256
mmppix:       1.0000   -1.0000   -1.0000
center:     128.0000 -129.0000 -129.0000
rotation matrix determinant  1.000000
fimgreg.f
image alignment mode   1283 decimal      503 hex
parameters
    0.0000    0.0000   15.0000    0.0000    0.0000    0.0000
eta,q 0.94518 13.07489
niter,ni,del,rscale     5    3   12.0000    1.2000
parameter  1  2.316764 ->  0.500000 qaram    1.1500
parameter  4  0.647299 ->  0.500000 qaram    1.1500
parameter  5 -0.885878 -> -0.500000 qaram    1.1500
parameters
   -3.4500    0.8198   12.8998   -3.4500    3.4500    1.4878
eta,q 0.95106 12.99316
  0.0539  0.0619  0.0554  0.0524  0.0613  0.0533
  0.0548  0.0587  0.0542  0.0517  0.0581  0.0514
  0.0574  0.0562  0.0533  0.0518  0.0551  0.0497
  0.0585  0.0548  0.0543  0.0532  0.0516  0.0491
  0.0592  0.0545  0.0555  0.0550  0.0495  0.0490
  0.0606  0.0566  0.0586  0.0570  0.0489  0.0496
  0.0649  0.0591  0.0623  0.0597  0.0495  0.0504
niter,ni,del,rscale     7    3   12.0000    1.2000
parameters
   -2.8760    0.8173   11.4799   -5.3889    4.7803    2.4444
eta,q 0.95132 12.96310
  0.0592  0.0556  0.0534  0.0496  0.0593  0.0531
  0.0542  0.0526  0.0504  0.0487  0.0553  0.0514
  0.0505  0.0505  0.0487  0.0484  0.0501  0.0501
  0.0489  0.0490  0.0490  0.0486  0.0484  0.0490
  0.0494  0.0496  0.0514  0.0492  0.0495  0.0488
  0.0514  0.0526  0.0557  0.0506  0.0505  0.0500
  0.0568  0.0559  0.0601  0.0532  0.0535  0.0513
niter,ni,del,rscale     6    3   12.0000    1.2000
parameters
   -2.5613    0.7069   11.2875   -5.2614    4.9046    2.6217
eta,q 0.95113 12.97494
  0.0605  0.0538  0.0550  0.0533  0.0575  0.0524
  0.0545  0.0506  0.0515  0.0492  0.0524  0.0511
  0.0490  0.0490  0.0484  0.0487  0.0489  0.0497
  0.0487  0.0489  0.0489  0.0488  0.0488  0.0489
  0.0491  0.0493  0.0498  0.0493  0.0496  0.0493
  0.0518  0.0512  0.0517  0.0501  0.0518  0.0507
  0.0590  0.0539  0.0558  0.0520  0.0567  0.0522
niter,ni,del,rscale     5    3   12.0000    1.2000
parameters
   -2.4966    0.6060   11.3211   -5.3500    4.9262    2.6690
eta,q 0.95116 12.97459
  0.0603  0.0538  0.0554  0.0530  0.0572  0.0523
  0.0540  0.0507  0.0521  0.0491  0.0523  0.0511
  0.0490  0.0491  0.0486  0.0487  0.0488  0.0497
  0.0489  0.0489  0.0489  0.0489  0.0488  0.0489
  0.0490  0.0493  0.0499  0.0495  0.0496  0.0494
  0.0525  0.0512  0.0514  0.0504  0.0520  0.0508
  0.0605  0.0539  0.0551  0.0522  0.0570  0.0524
niter,ni,del,rscale     4    3   12.0000    1.2000
parameters
   -2.4986    0.6367   11.3288   -5.3273    4.9397    2.6699
eta,q 0.95114 12.97551
  0.0602  0.0541  0.0554  0.0533  0.0572  0.0523
  0.0538  0.0507  0.0520  0.0492  0.0523  0.0510
  0.0489  0.0490  0.0485  0.0487  0.0488  0.0496
  0.0488  0.0488  0.0489  0.0489  0.0489  0.0489
  0.0490  0.0493  0.0499  0.0494  0.0496  0.0494
  0.0527  0.0511  0.0515  0.0503  0.0520  0.0509
  0.0609  0.0536  0.0552  0.0522  0.0570  0.0525
registration optimization eta report
parameter search radius
    6.9000    6.0000    6.0000    6.9000    6.9000    6.0000
100000*second partial in parameter space
       26.       14.       18.        8.       18.        9.
  0.0602  0.0541  0.0554  0.0533  0.0572  0.0523
  0.0538  0.0507  0.0520  0.0492  0.0523  0.0510
  0.0489  0.0490  0.0485  0.0487  0.0488  0.0496
  0.0488  0.0488  0.0489  0.0489  0.0489  0.0489
  0.0490  0.0493  0.0499  0.0494  0.0496  0.0494
  0.0527  0.0511  0.0515  0.0503  0.0520  0.0509
  0.0609  0.0536  0.0552  0.0522  0.0570  0.0525
   -2.4986    0.6367   11.3288   -5.3273    4.9397    2.6699
eta,q 0.95114 12.97551

---------------------------------------------------------------------
imgreg_4dfp /opt/freesurfer/average/711-2C_as_mni_average_305 /opt/freesurfer/average/711-2B_as_mni_average_305_mask talsrcimg_g11 none talsrcimg_to_711-2C_as_mni_average_305_t4 3335
---------------------------------------------------------------------

freesurfer imgreg_4dfp.c
/opt/freesurfer/average/711-2C_as_mni_average_305.4dfp.img
       256       256       256         1
  1.000000  1.000000  1.000000
orientation T byte_order littleendian
Reading image: /opt/freesurfer/average/711-2C_as_mni_average_305.4dfp.img
dimensions:      256       256       256
mmppix:       1.0000   -1.0000   -1.0000
center:     128.0000 -129.0000 -129.0000
/opt/freesurfer/average/711-2B_as_mni_average_305_mask.4dfp.img
       256       256       256         1
  1.000000  1.000000  1.000000
orientation T byte_order littleendian
Reading mask: /opt/freesurfer/average/711-2B_as_mni_average_305_mask.4dfp.img (2306576 pixels)
talsrcimg_g11.4dfp.img
       256       256       256         1
  1.000000  1.000000  1.000000
orientation T byte_order littleendian
Reading image: talsrcimg_g11.4dfp.img
dimensions:      256       256       256
mmppix:       1.0000   -1.0000   -1.0000
center:     128.0000 -129.0000 -129.0000
fimgreg.f
image alignment mode   3335 decimal      D07 hex
parameters
   -2.4986    0.6367   11.3288   -0.4795   -0.5028   -0.8018
   -3.8394   -8.9967    4.6408    8.8751    8.6107   -9.2501
eta,q 0.95440 13.06740
niter,ni,del,rscale     5    3    5.0000    1.2000
parameter  2 -0.522483 -> -0.500000 qaram    1.1500
parameter  4 18.265507 ->  0.500000 qaram    1.1500
parameter  5  4.073996 ->  0.500000 qaram    1.1500
parameter  6  1.541990 ->  0.500000 qaram    1.1500
parameter 10  0.578082 ->  0.500000 qaram    1.1500
parameter 12  0.786244 ->  0.500000 qaram    1.1500
parameters
   -2.6155    2.0167   12.0527   -4.6195   -4.6428   -4.9418
   -5.9652   -8.7781    2.4430    4.7351    6.2936  -13.3901
eta,q 0.97086 13.02730
  0.0472  0.0486  0.0474  0.0357  0.0328  0.0306  0.0323  0.0350  0.0321  0.0308  0.0307  0.0292
  0.0464  0.0473  0.0465  0.0383  0.0347  0.0313  0.0316  0.0331  0.0315  0.0302  0.0302  0.0291
  0.0459  0.0462  0.0457  0.0416  0.0368  0.0327  0.0314  0.0320  0.0312  0.0303  0.0300  0.0294
  0.0456  0.0456  0.0453  0.0452  0.0392  0.0352  0.0316  0.0314  0.0314  0.0312  0.0301  0.0300
  0.0458  0.0453  0.0452  0.0485  0.0414  0.0383  0.0322  0.0318  0.0320  0.0331  0.0306  0.0309
  0.0465  0.0453  0.0453  0.0516  0.0439  0.0419  0.0331  0.0330  0.0330  0.0358  0.0314  0.0322
  0.0478  0.0455  0.0459  0.0550  0.0471  0.0447  0.0343  0.0345  0.0342  0.0389  0.0325  0.0336
niter,ni,del,rscale     7    3    5.0000    1.2000
parameter  4  1.398016 ->  0.500000 qaram    1.3225
parameter  5  0.747724 ->  0.500000 qaram    1.3225
parameter  7 -0.595601 -> -0.500000 qaram    1.1500
parameters
   -3.2941    1.0243   11.0523   -9.3805   -9.4038   -7.1045
   -1.8252   -6.5654    3.2606    6.0097    8.2221  -16.6703
eta,q 0.98016 12.79539
  0.0308  0.0297  0.0289  0.0227  0.0229  0.0237  0.0273  0.0285  0.0233  0.0253  0.0227  0.0208
  0.0295  0.0288  0.0284  0.0236  0.0223  0.0228  0.0254  0.0257  0.0220  0.0232  0.0217  0.0200
  0.0289  0.0286  0.0283  0.0253  0.0227  0.0224  0.0237  0.0232  0.0210  0.0215  0.0209  0.0198
  0.0291  0.0289  0.0286  0.0283  0.0240  0.0223  0.0223  0.0214  0.0206  0.0206  0.0204  0.0202
  0.0303  0.0298  0.0292  0.0326  0.0260  0.0228  0.0215  0.0206  0.0207  0.0204  0.0203  0.0212
  0.0323  0.0314  0.0301  0.0378  0.0284  0.0249  0.0214  0.0213  0.0212  0.0212  0.0205  0.0227
  0.0347  0.0334  0.0314  0.0413  0.0306  0.0290  0.0220  0.0235  0.0223  0.0233  0.0211  0.0245
niter,ni,del,rscale     7    3    5.0000    1.2000
parameters
   -3.3275    0.8455   10.6458  -12.8493   -8.3963   -5.9949
   -3.0584   -7.0065    4.0490    7.2277    8.7174  -17.2483
eta,q 0.98150 12.77668
  0.0238  0.0226  0.0209  0.0220  0.0254  0.0233  0.0221  0.0238  0.0215  0.0239  0.0202  0.0208
  0.0217  0.0209  0.0202  0.0203  0.0228  0.0215  0.0201  0.0210  0.0202  0.0217  0.0193  0.0195
  0.0203  0.0200  0.0198  0.0192  0.0206  0.0201  0.0190  0.0192  0.0193  0.0199  0.0188  0.0187
  0.0198  0.0198  0.0198  0.0198  0.0193  0.0192  0.0189  0.0188  0.0188  0.0188  0.0185  0.0185
  0.0204  0.0204  0.0202  0.0228  0.0195  0.0187  0.0200  0.0197  0.0189  0.0185  0.0186  0.0189
  0.0218  0.0216  0.0209  0.0272  0.0210  0.0191  0.0219  0.0219  0.0195  0.0194  0.0190  0.0199
  0.0240  0.0233  0.0219  0.0327  0.0236  0.0223  0.0246  0.0251  0.0206  0.0220  0.0198  0.0215
niter,ni,del,rscale     6    3    5.0000    1.2000
parameters
   -3.3509    0.6201   10.2695  -14.0233   -8.3451   -6.5518
   -3.2494   -7.2679    4.3041    7.4387    8.9020  -17.2321
eta,q 0.98130 12.71485
  0.0222  0.0214  0.0196  0.0233  0.0243  0.0225  0.0228  0.0238  0.0210  0.0232  0.0201  0.0212
  0.0202  0.0196  0.0188  0.0212  0.0218  0.0207  0.0206  0.0209  0.0199  0.0212  0.0194  0.0199
  0.0189  0.0186  0.0184  0.0194  0.0196  0.0194  0.0192  0.0192  0.0191  0.0196  0.0189  0.0190
  0.0185  0.0185  0.0184  0.0184  0.0186  0.0186  0.0188  0.0188  0.0187  0.0187  0.0187  0.0187
  0.0189  0.0192  0.0188  0.0194  0.0194  0.0184  0.0193  0.0196  0.0189  0.0188  0.0188  0.0190
  0.0203  0.0205  0.0195  0.0229  0.0214  0.0202  0.0209  0.0215  0.0196  0.0202  0.0192  0.0198
  0.0224  0.0224  0.0205  0.0274  0.0245  0.0255  0.0233  0.0245  0.0208  0.0233  0.0200  0.0212
niter,ni,del,rscale     5    3    5.0000    1.2000
parameters
   -3.3604    0.5621   10.0743  -14.2080   -8.2347   -6.8298
   -3.2724   -7.3535    4.3352    7.4199    8.9349  -17.3114
eta,q 0.98120 12.70024
  0.0221  0.0219  0.0200  0.0242  0.0245  0.0228  0.0230  0.0241  0.0210  0.0231  0.0201  0.0212
  0.0203  0.0201  0.0192  0.0219  0.0219  0.0210  0.0208  0.0212  0.0198  0.0211  0.0194  0.0199
  0.0191  0.0190  0.0188  0.0200  0.0198  0.0196  0.0193  0.0193  0.0191  0.0196  0.0190  0.0191
  0.0187  0.0187  0.0187  0.0187  0.0187  0.0187  0.0188  0.0188  0.0188  0.0188  0.0188  0.0188
  0.0191  0.0192  0.0190  0.0188  0.0195  0.0184  0.0193  0.0195  0.0190  0.0190  0.0189  0.0191
  0.0203  0.0204  0.0196  0.0215  0.0214  0.0200  0.0208  0.0214  0.0198  0.0205  0.0194  0.0199
  0.0222  0.0221  0.0204  0.0257  0.0246  0.0250  0.0231  0.0243  0.0210  0.0237  0.0201  0.0214
niter,ni,del,rscale     4    3    5.0000    1.2000
parameters
   -3.3641    0.5551   10.0029  -14.2167   -8.1584   -6.8970
   -3.2623   -7.3686    4.3344    7.4252    8.9211  -17.3802
eta,q 0.98118 12.69952
  0.0222  0.0221  0.0202  0.0244  0.0245  0.0230  0.0231  0.0243  0.0210  0.0231  0.0201  0.0212
  0.0204  0.0203  0.0194  0.0221  0.0220  0.0212  0.0208  0.0213  0.0198  0.0211  0.0194  0.0199
  0.0192  0.0191  0.0189  0.0202  0.0198  0.0197  0.0194  0.0194  0.0191  0.0196  0.0190  0.0191
  0.0188  0.0188  0.0188  0.0188  0.0188  0.0188  0.0188  0.0188  0.0188  0.0188  0.0188  0.0188
  0.0192  0.0193  0.0190  0.0188  0.0196  0.0184  0.0193  0.0195  0.0191  0.0190  0.0189  0.0191
  0.0203  0.0204  0.0195  0.0214  0.0215  0.0198  0.0208  0.0213  0.0198  0.0205  0.0194  0.0199
  0.0223  0.0221  0.0204  0.0254  0.0246  0.0246  0.0231  0.0243  0.0210  0.0237  0.0202  0.0214
niter,ni,del,rscale     3    3    5.0000    1.2000
parameters
   -3.3628    0.5610    9.9759  -14.2212   -8.1357   -6.9088
   -3.2525   -7.3690    4.3391    7.4422    8.9109  -17.4229
eta,q 0.98118 12.69993
  0.0222  0.0222  0.0203  0.0244  0.0245  0.0230  0.0231  0.0243  0.0210  0.0231  0.0201  0.0213
  0.0204  0.0203  0.0195  0.0221  0.0219  0.0212  0.0208  0.0213  0.0198  0.0212  0.0194  0.0200
  0.0192  0.0192  0.0190  0.0202  0.0198  0.0198  0.0194  0.0194  0.0191  0.0196  0.0190  0.0191
  0.0188  0.0188  0.0188  0.0188  0.0188  0.0188  0.0188  0.0188  0.0188  0.0188  0.0188  0.0188
  0.0192  0.0193  0.0190  0.0188  0.0196  0.0184  0.0193  0.0195  0.0191  0.0190  0.0189  0.0191
  0.0203  0.0204  0.0195  0.0214  0.0216  0.0197  0.0208  0.0213  0.0198  0.0205  0.0194  0.0199
  0.0223  0.0221  0.0204  0.0254  0.0247  0.0245  0.0231  0.0242  0.0210  0.0237  0.0202  0.0214
niter,ni,del,rscale     2    3    5.0000    1.2000
parameters
   -3.3611    0.5649    9.9632  -14.2263   -8.1281   -6.9133
   -3.2481   -7.3685    4.3397    7.4550    8.9087  -17.4458
eta,q 0.98118 12.70005
  0.0222  0.0222  0.0203  0.0244  0.0245  0.0230  0.0231  0.0243  0.0210  0.0231  0.0201  0.0213
  0.0204  0.0203  0.0195  0.0221  0.0219  0.0212  0.0208  0.0213  0.0198  0.0212  0.0194  0.0200
  0.0192  0.0192  0.0190  0.0202  0.0198  0.0198  0.0194  0.0194  0.0191  0.0196  0.0190  0.0191
  0.0188  0.0188  0.0188  0.0188  0.0188  0.0188  0.0188  0.0188  0.0188  0.0188  0.0188  0.0188
  0.0192  0.0193  0.0190  0.0188  0.0196  0.0184  0.0193  0.0195  0.0191  0.0190  0.0189  0.0191
  0.0203  0.0204  0.0195  0.0214  0.0216  0.0197  0.0208  0.0213  0.0198  0.0205  0.0194  0.0199
  0.0223  0.0221  0.0203  0.0254  0.0247  0.0245  0.0231  0.0242  0.0210  0.0237  0.0201  0.0214
registration optimization eta report
parameter search radius
    2.4000    2.7600    2.4000    9.5220    9.5220    8.2800
    8.2800    7.2000    7.2000    8.2800    7.2000    8.2800
100000*second partial in parameter space
       60.       43.       26.        7.        6.        8.
        6.       10.        4.        7.        3.        4.
  0.0222  0.0222  0.0203  0.0244  0.0245  0.0230  0.0231  0.0243  0.0210  0.0231  0.0201  0.0213
  0.0204  0.0203  0.0195  0.0221  0.0219  0.0212  0.0208  0.0213  0.0198  0.0212  0.0194  0.0200
  0.0192  0.0192  0.0190  0.0202  0.0198  0.0198  0.0194  0.0194  0.0191  0.0196  0.0190  0.0191
  0.0188  0.0188  0.0188  0.0188  0.0188  0.0188  0.0188  0.0188  0.0188  0.0188  0.0188  0.0188
  0.0192  0.0193  0.0190  0.0188  0.0196  0.0184  0.0193  0.0195  0.0191  0.0190  0.0189  0.0191
  0.0203  0.0204  0.0195  0.0214  0.0216  0.0197  0.0208  0.0213  0.0198  0.0205  0.0194  0.0199
  0.0223  0.0221  0.0203  0.0254  0.0247  0.0245  0.0231  0.0242  0.0210  0.0237  0.0201  0.0214
   -3.3611    0.5649    9.9632  -14.2263   -8.1281   -6.9133
   -3.2481   -7.3685    4.3397    7.4550    8.9087  -17.4458
eta,q 0.98118 12.70005

---------------------------------------------------------------------
imgreg_4dfp /opt/freesurfer/average/711-2C_as_mni_average_305 /opt/freesurfer/average/711-2B_as_mni_average_305_mask talsrcimg_g11 none talsrcimg_to_711-2C_as_mni_average_305_t4 2311
---------------------------------------------------------------------

freesurfer imgreg_4dfp.c
/opt/freesurfer/average/711-2C_as_mni_average_305.4dfp.img
       256       256       256         1
  1.000000  1.000000  1.000000
orientation T byte_order littleendian
Reading image: /opt/freesurfer/average/711-2C_as_mni_average_305.4dfp.img
dimensions:      256       256       256
mmppix:       1.0000   -1.0000   -1.0000
center:     128.0000 -129.0000 -129.0000
/opt/freesurfer/average/711-2B_as_mni_average_305_mask.4dfp.img
       256       256       256         1
  1.000000  1.000000  1.000000
orientation T byte_order littleendian
Reading mask: /opt/freesurfer/average/711-2B_as_mni_average_305_mask.4dfp.img (2306576 pixels)
talsrcimg_g11.4dfp.img
       256       256       256         1
  1.000000  1.000000  1.000000
orientation T byte_order littleendian
Reading image: talsrcimg_g11.4dfp.img
dimensions:      256       256       256
mmppix:       1.0000   -1.0000   -1.0000
center:     128.0000 -129.0000 -129.0000
fimgreg.f
image alignment mode   2311 decimal      907 hex
parameters
   -3.3611    0.5649    9.9632  -14.2263   -8.1281   -6.9133
   -3.2481   -7.3685    4.3397    7.4550    8.9087  -17.4458
eta,q 0.98118 12.70005
niter,ni,del,rscale     5    3    5.0000    0.8000
parameters
   -3.3452    0.5208    9.9509  -13.0459   -8.2647   -5.5465
   -3.1939   -7.4065    4.2346    7.4414    8.9214  -18.3436
eta,q 0.98173 12.78580
  0.0204  0.0199  0.0195  0.0211  0.0204  0.0205  0.0201  0.0215  0.0194  0.0202  0.0191  0.0189
  0.0195  0.0193  0.0191  0.0202  0.0194  0.0197  0.0191  0.0197  0.0188  0.0193  0.0186  0.0185
  0.0190  0.0189  0.0189  0.0194  0.0188  0.0190  0.0185  0.0186  0.0184  0.0186  0.0184  0.0183
  0.0188  0.0188  0.0188  0.0188  0.0186  0.0186  0.0183  0.0183  0.0183  0.0183  0.0183  0.0183
  0.0190  0.0190  0.0189  0.0186  0.0189  0.0183  0.0185  0.0187  0.0185  0.0184  0.0184  0.0185
  0.0195  0.0194  0.0191  0.0188  0.0196  0.0184  0.0191  0.0198  0.0189  0.0191  0.0186  0.0190
  0.0203  0.0201  0.0195  0.0198  0.0206  0.0192  0.0200  0.0215  0.0195  0.0204  0.0191  0.0196
niter,ni,del,rscale     4    3    5.0000    0.7000
parameters
   -3.3519    0.6236   10.0374  -13.1290   -8.4641   -5.1383
   -3.0870   -7.4300    4.2221    7.8908    8.8944  -18.6350
eta,q 0.98186 12.79684
  0.0196  0.0194  0.0190  0.0198  0.0197  0.0196  0.0196  0.0206  0.0190  0.0199  0.0187  0.0188
  0.0189  0.0188  0.0186  0.0191  0.0189  0.0191  0.0189  0.0193  0.0186  0.0191  0.0184  0.0184
  0.0184  0.0184  0.0183  0.0186  0.0184  0.0186  0.0184  0.0184  0.0183  0.0185  0.0182  0.0182
  0.0183  0.0183  0.0183  0.0183  0.0183  0.0183  0.0182  0.0182  0.0182  0.0182  0.0181  0.0181
  0.0184  0.0183  0.0183  0.0184  0.0185  0.0181  0.0183  0.0185  0.0183  0.0182  0.0182  0.0183
  0.0189  0.0186  0.0185  0.0190  0.0191  0.0184  0.0187  0.0193  0.0186  0.0185  0.0184  0.0185
  0.0197  0.0191  0.0188  0.0202  0.0199  0.0194  0.0195  0.0207  0.0191  0.0194  0.0187  0.0190
niter,ni,del,rscale     3    3    5.0000    0.6000
parameters
   -3.3576    0.6907   10.0623  -13.0980   -8.6684   -4.9417
   -3.0229   -7.4657    4.2250    8.1188    8.8940  -18.8164
eta,q 0.98192 12.80231
  0.0192  0.0189  0.0186  0.0194  0.0192  0.0192  0.0191  0.0200  0.0187  0.0193  0.0185  0.0186
  0.0186  0.0185  0.0183  0.0188  0.0186  0.0188  0.0186  0.0189  0.0184  0.0187  0.0183  0.0183
  0.0183  0.0182  0.0182  0.0184  0.0182  0.0184  0.0182  0.0183  0.0182  0.0183  0.0181  0.0181
  0.0181  0.0181  0.0181  0.0181  0.0181  0.0181  0.0181  0.0181  0.0181  0.0181  0.0181  0.0181
  0.0183  0.0182  0.0182  0.0182  0.0183  0.0181  0.0182  0.0183  0.0182  0.0181  0.0181  0.0182
  0.0186  0.0184  0.0183  0.0186  0.0188  0.0184  0.0185  0.0190  0.0184  0.0184  0.0183  0.0184
  0.0192  0.0188  0.0186  0.0195  0.0195  0.0192  0.0191  0.0200  0.0187  0.0191  0.0185  0.0187
niter,ni,del,rscale     2    3    5.0000    0.5000
parameters
   -3.3681    0.7342   10.0805  -12.9956   -8.7980   -4.7471
   -2.9850   -7.4878    4.2100    8.2384    8.8947  -18.9897
eta,q 0.98197 12.81030
  0.0188  0.0186  0.0184  0.0190  0.0189  0.0189  0.0188  0.0194  0.0185  0.0189  0.0184  0.0184
  0.0184  0.0183  0.0182  0.0186  0.0184  0.0186  0.0184  0.0186  0.0182  0.0185  0.0182  0.0182
  0.0182  0.0181  0.0181  0.0183  0.0181  0.0183  0.0181  0.0182  0.0181  0.0182  0.0181  0.0181
  0.0181  0.0181  0.0181  0.0181  0.0181  0.0181  0.0180  0.0180  0.0180  0.0180  0.0180  0.0180
  0.0182  0.0181  0.0181  0.0181  0.0182  0.0180  0.0181  0.0182  0.0181  0.0181  0.0181  0.0181
  0.0184  0.0183  0.0182  0.0184  0.0185  0.0183  0.0183  0.0187  0.0182  0.0183  0.0182  0.0182
  0.0188  0.0185  0.0184  0.0190  0.0190  0.0188  0.0187  0.0194  0.0185  0.0188  0.0184  0.0185
niter,ni,del,rscale     1    3    5.0000    0.4000
parameters
   -3.3765    0.7721   10.1133  -12.8925   -8.8931   -4.5348
   -2.9543   -7.4948    4.1759    8.3186    8.8889  -19.1406
eta,q 0.98200 12.81907
  0.0185  0.0184  0.0183  0.0187  0.0186  0.0186  0.0185  0.0189  0.0183  0.0185  0.0182  0.0182
  0.0182  0.0182  0.0181  0.0184  0.0183  0.0184  0.0182  0.0184  0.0181  0.0183  0.0181  0.0181
  0.0181  0.0181  0.0181  0.0181  0.0181  0.0182  0.0181  0.0181  0.0180  0.0181  0.0180  0.0180
  0.0180  0.0180  0.0180  0.0180  0.0180  0.0180  0.0180  0.0180  0.0180  0.0180  0.0180  0.0180
  0.0181  0.0181  0.0181  0.0181  0.0181  0.0180  0.0181  0.0181  0.0180  0.0180  0.0180  0.0180
  0.0183  0.0182  0.0181  0.0182  0.0183  0.0182  0.0182  0.0184  0.0181  0.0182  0.0181  0.0181
  0.0185  0.0183  0.0182  0.0186  0.0186  0.0185  0.0184  0.0189  0.0183  0.0185  0.0182  0.0183
registration optimization eta report
parameter search radius
    0.8000    0.8000    0.8000    2.4000    2.4000    2.4000
    2.4000    2.4000    2.4000    2.4000    2.4000    2.4000
100000*second partial in parameter space
       74.       51.       37.       10.       10.       10.
        8.       16.        5.        9.        4.        4.
  0.0185  0.0184  0.0183  0.0187  0.0186  0.0186  0.0185  0.0189  0.0183  0.0185  0.0182  0.0182
  0.0182  0.0182  0.0181  0.0184  0.0183  0.0184  0.0182  0.0184  0.0181  0.0183  0.0181  0.0181
  0.0181  0.0181  0.0181  0.0181  0.0181  0.0182  0.0181  0.0181  0.0180  0.0181  0.0180  0.0180
  0.0180  0.0180  0.0180  0.0180  0.0180  0.0180  0.0180  0.0180  0.0180  0.0180  0.0180  0.0180
  0.0181  0.0181  0.0181  0.0181  0.0181  0.0180  0.0181  0.0181  0.0180  0.0180  0.0180  0.0180
  0.0183  0.0182  0.0181  0.0182  0.0183  0.0182  0.0182  0.0184  0.0181  0.0182  0.0181  0.0181
  0.0185  0.0183  0.0182  0.0186  0.0186  0.0185  0.0184  0.0189  0.0183  0.0185  0.0182  0.0183
   -3.3765    0.7721   10.1133  -12.8925   -8.8931   -4.5348
   -2.9543   -7.4948    4.1759    8.3186    8.8889  -19.1406
eta,q 0.98200 12.81907

---------------------------------------------------------------------
imgreg_4dfp /opt/freesurfer/average/711-2C_as_mni_average_305 /opt/freesurfer/average/711-2B_as_mni_average_305_mask talsrcimg_g11 none talsrcimg_to_711-2C_as_mni_average_305_t4 2311
---------------------------------------------------------------------

freesurfer imgreg_4dfp.c
/opt/freesurfer/average/711-2C_as_mni_average_305.4dfp.img
       256       256       256         1
  1.000000  1.000000  1.000000
orientation T byte_order littleendian
Reading image: /opt/freesurfer/average/711-2C_as_mni_average_305.4dfp.img
dimensions:      256       256       256
mmppix:       1.0000   -1.0000   -1.0000
center:     128.0000 -129.0000 -129.0000
/opt/freesurfer/average/711-2B_as_mni_average_305_mask.4dfp.img
       256       256       256         1
  1.000000  1.000000  1.000000
orientation T byte_order littleendian
Reading mask: /opt/freesurfer/average/711-2B_as_mni_average_305_mask.4dfp.img (2306576 pixels)
talsrcimg_g11.4dfp.img
       256       256       256         1
  1.000000  1.000000  1.000000
orientation T byte_order littleendian
Reading image: talsrcimg_g11.4dfp.img
dimensions:      256       256       256
mmppix:       1.0000   -1.0000   -1.0000
center:     128.0000 -129.0000 -129.0000
fimgreg.f
image alignment mode   2311 decimal      907 hex
parameters
   -3.3765    0.7721   10.1133  -12.8925   -8.8930   -4.5348
   -2.9543   -7.4948    4.1759    8.3186    8.8889  -19.1406
eta,q 0.98200 12.81906
niter,ni,del,rscale     5    3    5.0000    0.8000
parameters
   -3.3855    0.8319   10.2159  -13.3085   -8.8768   -5.0877
   -2.9488   -7.5193    4.2719    8.4493    8.8768  -18.5895
eta,q 0.98188 12.79166
  0.0199  0.0194  0.0191  0.0198  0.0200  0.0196  0.0198  0.0212  0.0193  0.0200  0.0189  0.0193
  0.0188  0.0186  0.0185  0.0190  0.0190  0.0189  0.0189  0.0195  0.0187  0.0191  0.0185  0.0187
  0.0182  0.0182  0.0181  0.0183  0.0183  0.0184  0.0184  0.0185  0.0183  0.0185  0.0182  0.0183
  0.0180  0.0180  0.0180  0.0180  0.0180  0.0180  0.0181  0.0181  0.0182  0.0181  0.0181  0.0181
  0.0182  0.0181  0.0181  0.0182  0.0183  0.0182  0.0183  0.0185  0.0183  0.0182  0.0182  0.0182
  0.0189  0.0185  0.0184  0.0192  0.0190  0.0191  0.0189  0.0196  0.0186  0.0188  0.0184  0.0184
  0.0199  0.0192  0.0188  0.0209  0.0200  0.0213  0.0198  0.0212  0.0192  0.0200  0.0189  0.0189
niter,ni,del,rscale     4    3    5.0000    0.7000
parameters
   -3.3852    0.7640   10.1132  -13.2403   -8.8357   -5.2296
   -2.9808   -7.5357    4.2840    8.3203    8.8870  -18.6054
eta,q 0.98186 12.78777
  0.0195  0.0190  0.0187  0.0197  0.0197  0.0194  0.0194  0.0206  0.0190  0.0195  0.0187  0.0189
  0.0187  0.0185  0.0183  0.0190  0.0189  0.0189  0.0187  0.0192  0.0185  0.0188  0.0184  0.0185
  0.0183  0.0182  0.0181  0.0184  0.0183  0.0184  0.0183  0.0184  0.0182  0.0183  0.0182  0.0182
  0.0181  0.0181  0.0181  0.0181  0.0181  0.0181  0.0181  0.0181  0.0181  0.0181  0.0181  0.0181
  0.0183  0.0183  0.0182  0.0182  0.0183  0.0181  0.0183  0.0184  0.0182  0.0182  0.0182  0.0182
  0.0187  0.0186  0.0185  0.0187  0.0188  0.0187  0.0187  0.0193  0.0185  0.0188  0.0184  0.0185
  0.0195  0.0192  0.0188  0.0199  0.0196  0.0200  0.0195  0.0206  0.0190  0.0198  0.0187  0.0189
niter,ni,del,rscale     3    3    5.0000    0.6000
parameters
   -3.3817    0.7425   10.0554  -13.0821   -8.8026   -5.0768
   -2.9779   -7.5295    4.2505    8.2603    8.8983  -18.8033
eta,q 0.98191 12.79774
  0.0191  0.0188  0.0186  0.0194  0.0193  0.0192  0.0191  0.0200  0.0187  0.0191  0.0185  0.0186
  0.0186  0.0184  0.0183  0.0188  0.0187  0.0188  0.0185  0.0189  0.0184  0.0186  0.0183  0.0183
  0.0183  0.0182  0.0182  0.0184  0.0183  0.0184  0.0182  0.0183  0.0182  0.0183  0.0181  0.0181
  0.0181  0.0181  0.0181  0.0181  0.0181  0.0181  0.0181  0.0181  0.0181  0.0181  0.0181  0.0181
  0.0182  0.0182  0.0182  0.0182  0.0183  0.0181  0.0182  0.0183  0.0182  0.0182  0.0181  0.0182
  0.0186  0.0185  0.0184  0.0185  0.0187  0.0184  0.0185  0.0189  0.0184  0.0186  0.0183  0.0184
  0.0191  0.0189  0.0186  0.0194  0.0193  0.0192  0.0191  0.0200  0.0187  0.0193  0.0185  0.0187
niter,ni,del,rscale     2    3    5.0000    0.5000
parameters
   -3.3808    0.7554   10.0571  -12.9749   -8.8271   -4.8211
   -2.9627   -7.5198    4.2142    8.2770    8.8887  -18.9988
eta,q 0.98196 12.80895
  0.0188  0.0186  0.0184  0.0190  0.0189  0.0189  0.0188  0.0194  0.0185  0.0188  0.0184  0.0184
  0.0184  0.0183  0.0182  0.0186  0.0185  0.0186  0.0184  0.0187  0.0182  0.0184  0.0182  0.0182
  0.0182  0.0181  0.0181  0.0183  0.0182  0.0183  0.0181  0.0182  0.0181  0.0182  0.0181  0.0181
  0.0181  0.0181  0.0181  0.0181  0.0181  0.0181  0.0180  0.0180  0.0180  0.0180  0.0180  0.0180
  0.0182  0.0181  0.0181  0.0181  0.0182  0.0180  0.0181  0.0182  0.0181  0.0181  0.0181  0.0181
  0.0184  0.0183  0.0182  0.0184  0.0185  0.0183  0.0184  0.0187  0.0183  0.0184  0.0182  0.0182
  0.0188  0.0186  0.0184  0.0190  0.0190  0.0188  0.0187  0.0194  0.0185  0.0189  0.0184  0.0185
niter,ni,del,rscale     1    3    5.0000    0.4000
parameters
   -3.3829    0.7806   10.0887  -12.8931   -8.8880   -4.5706
   -2.9377   -7.5064    4.1809    8.3325    8.8755  -19.1734
eta,q 0.98200 12.81850
  0.0185  0.0184  0.0183  0.0187  0.0186  0.0187  0.0185  0.0189  0.0183  0.0185  0.0182  0.0182
  0.0183  0.0182  0.0182  0.0184  0.0183  0.0184  0.0182  0.0184  0.0181  0.0183  0.0181  0.0181
  0.0181  0.0181  0.0181  0.0181  0.0181  0.0182  0.0181  0.0181  0.0180  0.0181  0.0180  0.0180
  0.0180  0.0180  0.0180  0.0180  0.0180  0.0180  0.0180  0.0180  0.0180  0.0180  0.0180  0.0180
  0.0181  0.0181  0.0181  0.0181  0.0181  0.0180  0.0181  0.0181  0.0180  0.0180  0.0180  0.0180
  0.0183  0.0182  0.0181  0.0182  0.0183  0.0182  0.0182  0.0184  0.0181  0.0182  0.0181  0.0181
  0.0185  0.0183  0.0182  0.0186  0.0186  0.0185  0.0185  0.0189  0.0183  0.0185  0.0182  0.0183
registration optimization eta report
parameter search radius
    0.8000    0.8000    0.8000    2.4000    2.4000    2.4000
    2.4000    2.4000    2.4000    2.4000    2.4000    2.4000
100000*second partial in parameter space
       74.       51.       36.       11.       10.       10.
        8.       16.        5.        9.        4.        4.
  0.0185  0.0184  0.0183  0.0187  0.0186  0.0187  0.0185  0.0189  0.0183  0.0185  0.0182  0.0182
  0.0183  0.0182  0.0182  0.0184  0.0183  0.0184  0.0182  0.0184  0.0181  0.0183  0.0181  0.0181
  0.0181  0.0181  0.0181  0.0181  0.0181  0.0182  0.0181  0.0181  0.0180  0.0181  0.0180  0.0180
  0.0180  0.0180  0.0180  0.0180  0.0180  0.0180  0.0180  0.0180  0.0180  0.0180  0.0180  0.0180
  0.0181  0.0181  0.0181  0.0181  0.0181  0.0180  0.0181  0.0181  0.0180  0.0180  0.0180  0.0180
  0.0183  0.0182  0.0181  0.0182  0.0183  0.0182  0.0182  0.0184  0.0181  0.0182  0.0181  0.0181
  0.0185  0.0183  0.0182  0.0186  0.0186  0.0185  0.0185  0.0189  0.0183  0.0185  0.0182  0.0183
   -3.3829    0.7806   10.0887  -12.8931   -8.8880   -4.5706
   -2.9377   -7.5064    4.1809    8.3325    8.8755  -19.1734
eta,q 0.98200 12.81850

---------------------------------------------------------------------
compute_vox2vox talsrcimg talsrcimg_to_711-2C_as_mni_average_305_t4 /opt/freesurfer/average/711-2C_as_mni_average_305
---------------------------------------------------------------------

freesurfer compute_vox2vox.c
Reading: talsrcimg.4dfp.ifh
Reading: talsrcimg_to_711-2C_as_mni_average_305_t4
Reading: /opt/freesurfer/average/711-2C_as_mni_average_305.4dfp.ifh
Writing: talsrcimg_to_711-2C_as_mni_average_305_t4_vox2vox.txt

start time Sun Mar 8 12:45:55 CET 2026
end		time Sun Mar 8 12:47:22 CET 2026

mpr2mni305 success

avi2talxfm orig_nu.mgz /opt/freesurfer/average/mni305.cor.mgz talsrcimg_to_711-2C_as_mni_average_305_t4_vox2vox.txt transforms/talairach.auto.xfm
avi2talxfm done
mv -f /out/sourcedata/freesurfer/sub-v1s12x0050133_ses-1/mri/talsrcimg_to_711-2C_as_mni_average_305_t4_vox2vox.txt /out/sourcedata/freesurfer/sub-v1s12x0050133_ses-1/mri/transforms/talsrcimg_to_711-2C_as_mni_average_305_t4_vox2vox.txt
lta_convert --src orig_nu.mgz --trg /opt/freesurfer/average/mni305.cor.mgz --inxfm transforms/talairach.auto.xfm --outlta transforms/talairach.auto.xfm.lta --subject fsaverage
7.3.2

--src: orig_nu.mgz src image (geometry).
--trg: /opt/freesurfer/average/mni305.cor.mgz trg image (geometry).
--inmni: transforms/talairach.auto.xfm input MNI/XFM transform.
--outlta: transforms/talairach.auto.xfm.lta output LTA.
--s: fsaverage subject name
 LTA read, type : 1
 1.13677   0.08466   0.05447   7.57104;
-0.11411   1.02049   0.21107  -12.22592;
-0.04173  -0.09721   1.07575  -26.27065;
 0.00000   0.00000   0.00000   1.00000;
setting subject to fsaverage
Writing  LTA to file transforms/talairach.auto.xfm.lta...
lta_convert successful.
 
 
Started at Sun Mar 8 12:45:54 CET 2026
Ended   at Sun Mar  8 12:47:22 CET 2026
talairach_avi done
