/out/sourcedata/freesurfer/sub-v1s12x0050106_ses-1/mri
/opt/freesurfer/bin/talairach_avi
--i orig_nu.mgz --xfm transforms/talairach.auto.xfm
talairach_avi 7.3.2
Linux dna017 5.14.0-427.37.1.el9_4.x86_64 #1 SMP PREEMPT_DYNAMIC Fri Sep 13 12:41:50 EDT 2024 x86_64 x86_64 x86_64 GNU/Linux
Thu Mar 12 11:10:09 CET 2026
mri_convert orig_nu.mgz talsrcimg.img 
reading from orig_nu.mgz...
TR=0.00, TE=0.00, TI=0.00, flip angle=0.00
i_ras = (-1, 0, 0)
j_ras = (0, 0, -1)
k_ras = (0, 1, 0)
writing to talsrcimg.img...
Analyze Output Matrix
-1.00000   0.00000   0.00000   116.87859;
 0.00000   0.00000   1.00000  -112.74576;
 0.00000  -1.00000   0.00000   96.89596;
 0.00000   0.00000   0.00000   1.00000;
--------------------
INFO: set hdr.hist.orient to -1
mpr2mni305 talsrcimg
Thu Mar 12 11:10:09 CET 2026
/opt/freesurfer/bin/mpr2mni305 talsrcimg
mpr2mni305 7.3.2
target=711-2C_as_mni_average_305

---------------------------------------------------------------------
analyzeto4dfp talsrcimg -O0 -y
---------------------------------------------------------------------

freesurfer ifh2hdr.c
Thu Mar 12 11:10:10 2026
Writing: talsrcimg.4dfp.hdr
freesurfer analyzeto4dfp.c
Reading: talsrcimg.hdr
header size 348 bytes
hdr.dime.datatype	offset=70	value=2
hdr.dime.bitpix		offset=72	value=8
hdr.hist.orient		offset=252	value=-1
dimensionality     4
dimensions       256       256       256         1
Reading: talsrcimg.img
Writing: talsrcimg.4dfp.img
Writing: talsrcimg.4dfp.ifh
ifh2hdr talsrcimg -r0to214
ori=2

---------------------------------------------------------------------
gauss_4dfp talsrcimg 1.1
---------------------------------------------------------------------

freesurfer gauss_4dfp.c
Reading: talsrcimg.4dfp.img
Writing: talsrcimg_g11.4dfp.img
image dimensions 256 256 256 padded to 288 288 288
processing volume 1freesurfer ifh2hdr.c
Thu Mar 12 11:10:11 2026
Writing: talsrcimg_g11.4dfp.hdr

Writing: talsrcimg_g11.4dfp.ifh
including: talsrcimg.4dfp.img.rec in talsrcimg_g11.4dfp.img.rec

---------------------------------------------------------------------
imgreg_4dfp /opt/freesurfer/average/711-2C_as_mni_average_305 none talsrcimg_g11 none talsrcimg_to_711-2C_as_mni_average_305_t4 4355
---------------------------------------------------------------------

freesurfer imgreg_4dfp.c
/opt/freesurfer/average/711-2C_as_mni_average_305.4dfp.img
       256       256       256         1
  1.000000  1.000000  1.000000
orientation T byte_order littleendian
Reading image: /opt/freesurfer/average/711-2C_as_mni_average_305.4dfp.img
dimensions:      256       256       256
mmppix:       1.0000   -1.0000   -1.0000
center:     128.0000 -129.0000 -129.0000
talsrcimg_g11.4dfp.img
       256       256       256         1
  1.000000  1.000000  1.000000
orientation T byte_order littleendian
Reading image: talsrcimg_g11.4dfp.img
dimensions:      256       256       256
mmppix:       1.0000   -1.0000   -1.0000
center:     128.0000 -129.0000 -129.0000
t4_read: open error in t4_sub.f l:  41 t4_file(1:l)talsrcimg_to_711-2C_as_mni_average_305_t4 
t4_read: transform initialized to I4
rotation matrix determinant  1.000000
image alignment mode   4355 decimal     1103 hex
   -7.5000  -45.0000  -45.0000 7973.5913   23.4527
    0.0000  -45.0000  -45.0000 8214.4307   23.4316
    7.5000  -45.0000  -45.0000 7786.2905   23.5068
   -7.5000  -37.5000  -45.0000 8589.6152   23.3945
    0.0000  -37.5000  -45.0000 8874.1553   23.3802
    7.5000  -37.5000  -45.0000 8393.4756   23.4580
   -7.5000  -30.0000  -45.0000 9496.5732   23.3760
    0.0000  -30.0000  -45.0000 9808.6787   23.3666
    7.5000  -30.0000  -45.0000 9274.6338   23.4429
   -7.5000  -22.5000  -45.000010341.8311   23.3920
    0.0000  -22.5000  -45.000010686.1377   23.3810
    7.5000  -22.5000  -45.000010071.8643   23.4546
   -7.5000  -15.0000  -45.000011107.0322   23.4250
    0.0000  -15.0000  -45.000011450.6885   23.4076
    7.5000  -15.0000  -45.000010787.3389   23.4793
   -7.5000   -7.5000  -45.000011807.7568   23.4433
    0.0000   -7.5000  -45.000012153.1465   23.4201
    7.5000   -7.5000  -45.000011422.2871   23.4919
   -7.5000    0.0000  -45.000012409.8135   23.4289
    0.0000    0.0000  -45.000012760.7178   23.4071
    7.5000    0.0000  -45.000012042.0527   23.4823
   -7.5000    7.5000  -45.000012043.8096   23.3945
    0.0000    7.5000  -45.000012370.3965   23.3802
    7.5000    7.5000  -45.000011694.2822   23.4580
   -7.5000   15.0000  -45.000011613.9072   23.3760
    0.0000   15.0000  -45.000011884.4375   23.3666
    7.5000   15.0000  -45.000011206.4277   23.4429
   -7.5000   22.5000  -45.000011118.0840   23.3888
    0.0000   22.5000  -45.000011370.2812   23.3778
    7.5000   22.5000  -45.000010695.5059   23.4514
   -7.5000   30.0000  -45.000010422.8477   23.1128
    0.0000   30.0000  -45.000010675.0762   23.0956
    7.5000   30.0000  -45.000010007.6865   23.1664
   -7.5000   37.5000  -45.0000 9970.3730   23.1309
    0.0000   37.5000  -45.000010250.9668   23.1080
    7.5000   37.5000  -45.0000 9631.4170   23.1789
   -7.5000   45.0000  -45.0000 9137.6719   22.5316
    0.0000   45.0000  -45.0000 9418.3203   22.5106
    7.5000   45.0000  -45.0000 8817.2910   22.5829
   -7.5000  -45.0000  -37.5000 8485.9941   23.5035
    0.0000  -45.0000  -37.5000 8752.5400   23.4972
    7.5000  -45.0000  -37.5000 8273.3750   23.5781
   -7.5000  -37.5000  -37.5000 9127.1484   23.4325
    0.0000  -37.5000  -37.5000 9433.0186   23.4310
    7.5000  -37.5000  -37.5000 8905.9385   23.5143
   -7.5000  -30.0000  -37.500010072.9600   23.3903
    0.0000  -30.0000  -37.500010403.1094   23.3891
    7.5000  -30.0000  -37.5000 9800.9834   23.4710
   -7.5000  -22.5000  -37.500010955.7314   23.3958
    0.0000  -22.5000  -37.500011305.4248   23.3898
    7.5000  -22.5000  -37.500010638.1543   23.4695
   -7.5000  -15.0000  -37.500011750.9521   23.4382
    0.0000  -15.0000  -37.500012108.7773   23.4276
    7.5000  -15.0000  -37.500011381.1289   23.5065
   -7.5000   -7.5000  -37.500012472.0098   23.4801
    0.0000   -7.5000  -37.500012846.4023   23.4686
    7.5000   -7.5000  -37.500012065.2715   23.5473
   -7.5000    0.0000  -37.500013120.2246   23.4797
    0.0000    0.0000  -37.500013501.0850   23.4727
    7.5000    0.0000  -37.500012716.1924   23.5535
   -7.5000    7.5000  -37.500012730.0049   23.4325
    0.0000    7.5000  -37.500013075.8730   23.4310
    7.5000    7.5000  -37.500012319.5615   23.5143
   -7.5000   15.0000  -37.500012218.9814   23.3903
    0.0000   15.0000  -37.500012499.8955   23.3891
    7.5000   15.0000  -37.500011764.3906   23.4710
   -7.5000   22.5000  -37.500011665.7607   23.3926
    0.0000   22.5000  -37.500011914.8311   23.3865
    7.5000   22.5000  -37.500011204.9746   23.4663
   -7.5000   30.0000  -37.500010932.4805   23.1258
    0.0000   30.0000  -37.500011195.8496   23.1154
    7.5000   30.0000  -37.500010505.0781   23.1932
   -7.5000   37.5000  -37.500010464.9863   23.1672
    0.0000   37.5000  -37.500010757.0264   23.1559
    7.5000   37.5000  -37.500010085.1201   23.2335
   -7.5000   45.0000  -37.5000 9537.5869   22.5802
    0.0000   45.0000  -37.5000 9815.6543   22.5735
    7.5000   45.0000  -37.5000 9207.1328   22.6512
   -7.5000  -45.0000  -30.0000 9111.1094   24.4795
    0.0000  -45.0000  -30.0000 9434.6953   24.4823
    7.5000  -45.0000  -30.0000 8889.6318   24.5611
   -7.5000  -37.5000  -30.0000 9788.2529   24.4004
    0.0000  -37.5000  -30.000010132.3994   24.4127
    7.5000  -37.5000  -30.0000 9531.9668   24.4931
   -7.5000  -30.0000  -30.000010773.5967   24.3448
    0.0000  -30.0000  -30.000011153.0762   24.3559
    7.5000  -30.0000  -30.000010478.1328   24.4367
   -7.5000  -22.5000  -30.000011733.0537   24.3451
    0.0000  -22.5000  -30.000012127.7900   24.3454
    7.5000  -22.5000  -30.000011381.1113   24.4265
   -7.5000  -15.0000  -30.000012588.3037   24.3936
    0.0000  -15.0000  -30.000012966.3623   24.3852
    7.5000  -15.0000  -30.000012163.8750   24.4668
   -7.5000   -7.5000  -30.000013331.4277   24.4478
    0.0000   -7.5000  -30.000013751.6055   24.4400
    7.5000   -7.5000  -30.000012901.3154   24.5196
   -7.5000    0.0000  -30.000014046.4229   24.4550
    0.0000    0.0000  -30.000014455.4785   24.4570
    7.5000    0.0000  -30.000013580.9316   24.5357
   -7.5000    7.5000  -30.000013595.8203   24.4004
    0.0000    7.5000  -30.000013989.0654   24.4127
    7.5000    7.5000  -30.000013127.0430   24.4931
   -7.5000   15.0000  -30.000013013.8408   24.3448
    0.0000   15.0000  -30.000013342.8711   24.3559
    7.5000   15.0000  -30.000012524.0361   24.4367
   -7.5000   22.5000  -30.000012392.0215   24.3393
    0.0000   22.5000  -30.000012697.6572   24.3396
    7.5000   22.5000  -30.000011908.4141   24.4206
   -7.5000   30.0000  -30.000011625.1211   24.0708
    0.0000   30.0000  -30.000011914.9189   24.0625
    7.5000   30.0000  -30.000011178.6934   24.1431
   -7.5000   37.5000  -30.000011172.5186   24.1243
    0.0000   37.5000  -30.000011458.7686   24.1166
    7.5000   37.5000  -30.000010731.8027   24.1951
   -7.5000   45.0000  -30.000010133.4131   23.5352
    0.0000   45.0000  -30.000010400.0322   23.5372
    7.5000   45.0000  -30.0000 9753.1230   23.6129
   -7.5000  -45.0000  -22.5000 9723.7285   25.2813
    0.0000  -45.0000  -22.500010065.6904   25.2754
    7.5000  -45.0000  -22.5000 9454.5986   25.3457
   -7.5000  -37.5000  -22.500010463.0469   25.2068
    0.0000  -37.5000  -22.500010826.5752   25.2183
    7.5000  -37.5000  -22.500010144.5654   25.2907
   -7.5000  -30.0000  -22.500011509.4561   25.1644
    0.0000  -30.0000  -22.500011923.6758   25.1791
    7.5000  -30.0000  -22.500011149.3770   25.2540
   -7.5000  -22.5000  -22.500012503.5664   25.1741
    0.0000  -22.5000  -22.500012939.5615   25.1747
    7.5000  -22.5000  -22.500012108.6016   25.2515
   -7.5000  -15.0000  -22.500013349.9893   25.2199
    0.0000  -15.0000  -22.500013775.3408   25.2047
    7.5000  -15.0000  -22.500012924.5186   25.2817
   -7.5000   -7.5000  -22.500014126.3164   25.2597
    0.0000   -7.5000  -22.500014575.5547   25.2405
    7.5000   -7.5000  -22.500013668.9268   25.3133
   -7.5000    0.0000  -22.500014872.9424   25.2561
    0.0000    0.0000  -22.500015335.0723   25.2494
    7.5000    0.0000  -22.500014394.9883   25.3197
   -7.5000    7.5000  -22.500014440.8799   25.2067
    0.0000    7.5000  -22.500014868.3545   25.2182
    7.5000    7.5000  -22.500013914.3340   25.2906
   -7.5000   15.0000  -22.500013809.4395   25.1644
    0.0000   15.0000  -22.500014198.4443   25.1791
    7.5000   15.0000  -22.500013288.4375   25.2540
   -7.5000   22.5000  -22.500013099.7373   25.1663
    0.0000   22.5000  -22.500013456.8037   25.1670
    7.5000   22.5000  -22.500012613.5938   25.2437
   -7.5000   30.0000  -22.500012290.0645   24.8900
    0.0000   30.0000  -22.500012596.1279   24.8751
    7.5000   30.0000  -22.500011820.2920   24.9510
   -7.5000   37.5000  -22.500011817.9658   24.9293
    0.0000   37.5000  -22.500012114.0957   24.9104
    7.5000   37.5000  -22.500011344.4424   24.9822
   -7.5000   45.0000  -22.500010714.5732   24.3246
    0.0000   45.0000  -22.500011002.5830   24.3182
    7.5000   45.0000  -22.500010319.1572   24.3858
   -7.5000  -45.0000  -15.000010254.9873   25.8575
    0.0000  -45.0000  -15.000010606.4863   25.8354
    7.5000  -45.0000  -15.0000 9973.3096   25.8999
   -7.5000  -37.5000  -15.000011045.8008   25.7917
    0.0000  -37.5000  -15.000011432.5859   25.7909
    7.5000  -37.5000  -15.000010709.8604   25.8593
   -7.5000  -30.0000  -15.000012158.6953   25.7722
    0.0000  -30.0000  -15.000012611.4238   25.7803
    7.5000  -30.0000  -15.000011809.3945   25.8523
   -7.5000  -22.5000  -15.000013230.8145   25.7959
    0.0000  -22.5000  -15.000013698.7656   25.7917
    7.5000  -22.5000  -15.000012840.2080   25.8651
   -7.5000  -15.0000  -15.000014070.2764   25.8360
    0.0000  -15.0000  -15.000014536.0898   25.8122
    7.5000  -15.0000  -15.000013653.8721   25.8833
   -7.5000   -7.5000  -15.000014824.3604   25.8523
    0.0000   -7.5000  -15.000015288.8682   25.8187
    7.5000   -7.5000  -15.000014411.5215   25.8847
   -7.5000    0.0000  -15.000015591.9004   25.8317
    0.0000    0.0000  -15.000016115.7969   25.8088
    7.5000    0.0000  -15.000015179.0381   25.8734
   -7.5000    7.5000  -15.000015191.2285   25.7917
    0.0000    7.5000  -15.000015665.7295   25.7909
    7.5000    7.5000  -15.000014745.6973   25.8593
   -7.5000   15.0000  -15.000014519.8516   25.7722
    0.0000   15.0000  -15.000014969.1426   25.7803
    7.5000   15.0000  -15.000014087.6455   25.8523
   -7.5000   22.5000  -15.000013769.4824   25.7867
    0.0000   22.5000  -15.000014175.5850   25.7826
    7.5000   22.5000  -15.000013307.7246   25.8559
   -7.5000   30.0000  -15.000012930.6855   25.5016
    0.0000   30.0000  -15.000013290.1895   25.4782
    7.5000   30.0000  -15.000012482.6543   25.5483
   -7.5000   37.5000  -15.000012419.6260   25.5178
    0.0000   37.5000  -15.000012773.8906   25.4846
    7.5000   37.5000  -15.000011984.1035   25.5498
   -7.5000   45.0000  -15.000011274.3418   24.8942
    0.0000   45.0000  -15.000011605.2119   24.8722
    7.5000   45.0000  -15.000010896.0469   24.9344
   -7.5000  -45.0000   -7.500010763.9775   26.1599
    0.0000  -45.0000   -7.500011142.3223   26.1304
    7.5000  -45.0000   -7.500010489.6250   26.2009
   -7.5000  -37.5000   -7.500011573.8867   26.1000
    0.0000  -37.5000   -7.500011985.8740   26.0863
    7.5000  -37.5000   -7.500011277.9346   26.1606
   -7.5000  -30.0000   -7.500012788.2432   26.0907
    0.0000  -30.0000   -7.500013238.4570   26.0866
    7.5000  -30.0000   -7.500012430.5283   26.1625
   -7.5000  -22.5000   -7.500013981.3896   26.1171
    0.0000  -22.5000   -7.500014446.0166   26.1071
    7.5000  -22.5000   -7.500013569.6289   26.1820
   -7.5000  -15.0000   -7.500014889.5498   26.1516
    0.0000  -15.0000   -7.500015379.9404   26.1268
    7.5000  -15.0000   -7.500014497.4707   26.1988
   -7.5000   -7.5000   -7.500015604.1758   26.1588
    0.0000   -7.5000   -7.500016115.9268   26.1234
    7.5000   -7.5000   -7.500015297.8701   26.1926
   -7.5000    0.0000   -7.500016349.0850   26.1335
    0.0000    0.0000   -7.500016911.6562   26.1033
    7.5000    0.0000   -7.500016107.8252   26.1738
   -7.5000    7.5000   -7.500015903.6709   26.0999
    0.0000    7.5000   -7.500016450.2344   26.0863
    7.5000    7.5000   -7.500015620.6865   26.1606
   -7.5000   15.0000   -7.500015266.8438   26.0907
    0.0000   15.0000   -7.500015763.2266   26.0866
    7.5000   15.0000   -7.500014959.9717   26.1625
   -7.5000   22.5000   -7.500014483.7539   26.1050
    0.0000   22.5000   -7.500014911.4668   26.0950
    7.5000   22.5000   -7.500014101.7500   26.1699
   -7.5000   30.0000   -7.500013609.5020   25.8125
    0.0000   30.0000   -7.500013986.7285   25.7880
    7.5000   30.0000   -7.500013198.8770   25.8590
   -7.5000   37.5000   -7.500013070.5059   25.8196
    0.0000   37.5000   -7.500013440.0801   25.7847
    7.5000   37.5000   -7.500012672.8184   25.8529
   -7.5000   45.0000   -7.500011873.9082   25.1899
    0.0000   45.0000   -7.500012214.7441   25.1608
    7.5000   45.0000   -7.500011531.0049   25.2288
   -7.5000  -45.0000    0.000011185.4785   26.2354
    0.0000  -45.0000    0.000011531.0889   26.2118
    7.5000  -45.0000    0.000010896.0566   26.2960
   -7.5000  -37.5000    0.000012015.6768   26.1702
    0.0000  -37.5000    0.000012382.2305   26.1543
    7.5000  -37.5000    0.000011717.7578   26.2413
   -7.5000  -30.0000    0.000013285.1572   26.1493
    0.0000  -30.0000    0.000013664.8213   26.1390
    7.5000  -30.0000    0.000012931.0059   26.2244
   -7.5000  -22.5000    0.000014641.0898   26.1674
    0.0000  -22.5000    0.000015010.8359   26.1551
    7.5000  -22.5000    0.000014190.2451   26.2375
   -7.5000  -15.0000    0.000015748.5107   26.2043
    0.0000  -15.0000    0.000016273.3809   26.1849
    7.5000  -15.0000    0.000015332.2646   26.2652
   -7.5000   -7.5000    0.000016329.3604   26.2250
    0.0000   -7.5000    0.000016997.7676   26.1990
    7.5000   -7.5000    0.000016334.4473   26.2794
   -7.5000    0.0000    0.000016875.7168   26.2088
    0.0000    0.0000    0.000017590.3008   26.1844
    7.5000    0.0000    0.000017076.4043   26.2685
   -7.5000    7.5000    0.000016396.7500   26.1701
    0.0000    7.5000    0.000017064.0117   26.1542
    7.5000    7.5000    0.000016441.6191   26.2413
   -7.5000   15.0000    0.000015829.5010   26.1493
    0.0000   15.0000    0.000016391.0645   26.1390
    7.5000   15.0000    0.000015673.0391   26.2244
   -7.5000   22.5000    0.000015024.1074   26.1553
    0.0000   22.5000    0.000015495.5869   26.1431
    7.5000   22.5000    0.000014721.4580   26.2255
   -7.5000   30.0000    0.000014123.0088   25.8652
    0.0000   30.0000    0.000014488.9111   25.8461
    7.5000   30.0000    0.000013728.4629   25.9253
   -7.5000   37.5000    0.000013538.8535   25.8856
    0.0000   37.5000    0.000013908.5371   25.8599
    7.5000   37.5000    0.000013138.8311   25.9393
   -7.5000   45.0000    0.000012322.7510   25.2644
    0.0000   45.0000    0.000012633.5625   25.2409
    7.5000   45.0000    0.000011961.8379   25.3220
   -7.5000  -45.0000    7.500010763.8311   26.3010
    0.0000  -45.0000    7.500011090.8555   26.2940
    7.5000  -45.0000    7.500010483.2500   26.3845
   -7.5000  -37.5000    7.500011573.7480   26.2216
    0.0000  -37.5000    7.500011907.0156   26.2200
    7.5000  -37.5000    7.500011255.8408   26.3132
   -7.5000  -30.0000    7.500012739.3262   26.1744
    0.0000  -30.0000    7.500013098.3564   26.1730
    7.5000  -30.0000    7.500012435.2480   26.2646
   -7.5000  -22.5000    7.500014004.1016   26.1805
    0.0000  -22.5000    7.500014361.6934   26.1738
    7.5000  -22.5000    7.500013613.3887   26.2630
   -7.5000  -15.0000    7.500015135.6709   26.2279
    0.0000  -15.0000    7.500015661.9229   26.2161
    7.5000  -15.0000    7.500014746.7412   26.3044
   -7.5000   -7.5000    7.500015807.8760   26.2749
    0.0000   -7.5000    7.500016478.5762   26.2620
    7.5000   -7.5000    7.500015789.0605   26.3501
   -7.5000    0.0000    7.500016438.2461   26.2744
    0.0000    0.0000    7.500017094.1348   26.2665
    7.5000    0.0000    7.500016449.5352   26.3570
   -7.5000    7.5000    7.500015939.2383   26.2216
    0.0000    7.5000    7.500016504.1191   26.2199
    7.5000    7.5000    7.500015757.4629   26.3131
   -7.5000   15.0000    7.500015304.8916   26.1744
    0.0000   15.0000    7.500015821.5078   26.1730
    7.5000   15.0000    7.500015005.4814   26.2646
   -7.5000   22.5000    7.500014447.6631   26.1684
    0.0000   22.5000    7.500014875.3809   26.1617
    7.5000   22.5000    7.500014092.2207   26.2509
   -7.5000   30.0000    7.500013504.1885   25.8885
    0.0000   30.0000    7.500013867.4502   25.8769
    7.5000   30.0000    7.500013128.6377   25.9640
   -7.5000   37.5000    7.500012987.2227   25.9348
    0.0000   37.5000    7.500013327.3545   25.9221
    7.5000   37.5000    7.500012614.1123   26.0091
   -7.5000   45.0000    7.500011843.4551   25.3273
    0.0000   45.0000    7.500012130.3320   25.3198
    7.5000   45.0000    7.500011526.8945   25.4070
   -7.5000  -45.0000   15.000010187.2109   26.3559
    0.0000  -45.0000   15.000010503.6172   26.3592
    7.5000  -45.0000   15.0000 9907.9932   26.4445
   -7.5000  -37.5000   15.000010949.7373   26.2706
    0.0000  -37.5000   15.000011269.0732   26.2842
    7.5000  -37.5000   15.000010645.3584   26.3713
   -7.5000  -30.0000   15.000012061.6904   26.2106
    0.0000  -30.0000   15.000012388.3037   26.2229
    7.5000  -30.0000   15.000011737.5146   26.3102
   -7.5000  -22.5000   15.000013228.2617   26.2109
    0.0000  -22.5000   15.000013552.6484   26.2114
    7.5000  -22.5000   15.000012852.1025   26.2990
   -7.5000  -15.0000   15.000014225.4297   26.2630
    0.0000  -15.0000   15.000014655.1240   26.2542
    7.5000  -15.0000   15.000013888.6641   26.3424
   -7.5000   -7.5000   15.000015004.3799   26.3216
    0.0000   -7.5000   15.000015490.2471   26.3134
    7.5000   -7.5000   15.000014813.9297   26.3994
   -7.5000    0.0000   15.000015841.0879   26.3294
    0.0000    0.0000   15.000016279.3779   26.3319
    7.5000    0.0000   15.000015496.5938   26.4170
   -7.5000    7.5000   15.000015402.3574   26.2706
    0.0000    7.5000   15.000015862.1133   26.2842
    7.5000    7.5000   15.000014962.1514   26.3712
   -7.5000   15.0000   15.000014703.8066   26.2106
    0.0000   15.0000   15.000015151.2197   26.2229
    7.5000   15.0000   15.000014295.2070   26.3102
   -7.5000   22.5000   15.000013813.4932   26.1988
    0.0000   22.5000   15.000014190.4551   26.1993
    7.5000   22.5000   15.000013420.4395   26.2869
   -7.5000   30.0000   15.000012818.2246   25.9231
    0.0000   30.0000   15.000013129.9365   25.9144
    7.5000   30.0000   15.000012451.5996   26.0015
   -7.5000   37.5000   15.000012315.8086   25.9809
    0.0000   37.5000   15.000012606.9297   25.9729
    7.5000   37.5000   15.000011941.0342   26.0577
   -7.5000   45.0000   15.000011182.8379   25.3802
    0.0000   45.0000   15.000011487.5615   25.3827
    7.5000   45.0000   15.000010929.4912   25.4647
   -7.5000  -45.0000   22.5000 9518.5977   26.4004
    0.0000  -45.0000   22.5000 9820.5195   26.3945
    7.5000  -45.0000   22.5000 9238.6445   26.4685
   -7.5000  -37.5000   22.500010235.4824   26.3223
    0.0000  -37.5000   22.500010547.6699   26.3347
    7.5000  -37.5000   22.5000 9918.2646   26.4109
   -7.5000  -30.0000   22.500011308.1387   26.2778
    0.0000  -30.0000   22.500011628.9824   26.2935
    7.5000  -30.0000   22.500010939.9053   26.3723
   -7.5000  -22.5000   22.500012360.6182   26.2877
    0.0000  -22.5000   22.500012684.9189   26.2886
    7.5000  -22.5000   22.500011975.4033   26.3692
   -7.5000  -15.0000   22.500013217.8789   26.3356
    0.0000  -15.0000   22.500013635.4463   26.3199
    7.5000  -15.0000   22.500012910.6055   26.4007
   -7.5000   -7.5000   22.500013965.6260   26.3775
    0.0000   -7.5000   22.500014414.9414   26.3576
    7.5000   -7.5000   22.500013694.4990   26.4341
   -7.5000    0.0000   22.500014722.0283   26.3739
    0.0000    0.0000   22.500015162.2627   26.3672
    7.5000    0.0000   22.500014330.2812   26.4411
   -7.5000    7.5000   22.500014331.1475   26.3223
    0.0000    7.5000   22.500014773.1787   26.3347
    7.5000    7.5000   22.500013894.5605   26.4109
   -7.5000   15.0000   22.500013750.8701   26.2778
    0.0000   15.0000   22.500014184.6240   26.2935
    7.5000   15.0000   22.500013347.7539   26.3723
   -7.5000   22.5000   22.500012975.3018   26.2756
    0.0000   22.5000   22.500013359.8369   26.2764
    7.5000   22.5000   22.500012595.5801   26.3570
   -7.5000   30.0000   22.500012044.0918   25.9948
    0.0000   30.0000   22.500012375.8379   25.9792
    7.5000   30.0000   22.500011694.9600   26.0590
   -7.5000   37.5000   22.500011542.5176   26.0361
    0.0000   37.5000   22.500011856.5254   26.0165
    7.5000   37.5000   22.500011184.8662   26.0920
   -7.5000   45.0000   22.500010479.6172   25.4233
    0.0000   45.0000   22.500010785.8262   25.4168
    7.5000   45.0000   22.500010214.5410   25.4881
   -7.5000  -45.0000   30.0000 8790.7041   26.6528
    0.0000  -45.0000   30.0000 9067.2891   26.6300
    7.5000  -45.0000   30.0000 8527.7266   26.6969
   -7.5000  -37.5000   30.0000 9462.0869   26.5839
    0.0000  -37.5000   30.0000 9760.1699   26.5835
    7.5000  -37.5000   30.0000 9181.8486   26.6545
   -7.5000  -30.0000   30.000010425.4180   26.5636
    0.0000  -30.0000   30.000010753.1953   26.5724
    7.5000  -30.0000   30.000010107.2695   26.6474
   -7.5000  -22.5000   30.000011378.7842   26.5882
    0.0000  -22.5000   30.000011723.0342   26.5844
    7.5000  -22.5000   30.000011037.7256   26.6606
   -7.5000  -15.0000   30.000012157.0381   26.6301
    0.0000  -15.0000   30.000012550.1807   26.6058
    7.5000  -15.0000   30.000011871.1494   26.6794
   -7.5000   -7.5000   30.000012834.8945   26.6473
    0.0000   -7.5000   30.000013262.2246   26.6125
    7.5000   -7.5000   30.000012548.7637   26.6809
   -7.5000    0.0000   30.000013508.6494   26.6257
    0.0000    0.0000   30.000013913.0713   26.6021
    7.5000    0.0000   30.000013147.9307   26.6691
   -7.5000    7.5000   30.000013144.1055   26.5838
    0.0000    7.5000   30.000013548.4443   26.5834
    7.5000    7.5000   30.000012782.2910   26.6545
   -7.5000   15.0000   30.000012656.7783   26.5636
    0.0000   15.0000   30.000013029.4258   26.5724
    7.5000   15.0000   30.000012321.4336   26.6474
   -7.5000   22.5000   30.000011989.0420   26.5760
    0.0000   22.5000   30.000012331.1416   26.5722
    7.5000   22.5000   30.000011655.9902   26.6483
   -7.5000   30.0000   30.000011139.4658   26.2855
    0.0000   30.0000   30.000011454.2354   26.2615
    7.5000   30.0000   30.000010825.5010   26.3342
   -7.5000   37.5000   30.000010657.6797   26.3024
    0.0000   37.5000   30.000010962.3340   26.2681
    7.5000   37.5000   30.000010354.7412   26.3356
   -7.5000   45.0000   30.0000 9697.5117   25.6661
    0.0000   45.0000   30.0000 9955.7598   25.6435
    7.5000   45.0000   30.0000 9420.5732   25.7080
   -7.5000  -45.0000   37.5000 8394.0898   27.2301
    0.0000  -45.0000   37.5000 8675.1387   27.2008
    7.5000  -45.0000   37.5000 8160.5088   27.2728
   -7.5000  -37.5000   37.5000 9020.0498   27.1635
    0.0000  -37.5000   37.5000 9325.1855   27.1510
    7.5000  -37.5000   37.5000 8770.8906   27.2270
   -7.5000  -30.0000   37.5000 9937.6572   27.1521
    0.0000  -30.0000   37.500010277.3975   27.1498
    7.5000  -30.0000   37.5000 9649.6152   27.2278
   -7.5000  -22.5000   37.500010845.5381   27.1810
    0.0000  -22.5000   37.500011185.2783   27.1727
    7.5000  -22.5000   37.500010535.1016   27.2499
   -7.5000  -15.0000   37.500011585.1846   27.2199
    0.0000  -15.0000   37.500011969.5391   27.1960
    7.5000  -15.0000   37.500011320.2549   27.2701
   -7.5000   -7.5000   37.500012245.5059   27.2291
    0.0000   -7.5000   37.500012650.8164   27.1938
    7.5000   -7.5000   37.500011965.4355   27.2645
   -7.5000    0.0000   37.500012891.8867   27.2016
    0.0000    0.0000   37.500013269.0166   27.1715
    7.5000    0.0000   37.500012550.5068   27.2435
   -7.5000    7.5000   37.500012548.7100   27.1635
    0.0000    7.5000   37.500012926.4268   27.1509
    7.5000    7.5000   37.500012220.7656   27.2270
   -7.5000   15.0000   37.500012091.7822   27.1521
    0.0000   15.0000   37.500012464.7676   27.1498
    7.5000   15.0000   37.500011790.8174   27.2278
   -7.5000   22.5000   37.500011471.1748   27.1685
    0.0000   22.5000   37.500011819.2666   27.1602
    7.5000   22.5000   37.500011172.1416   27.2374
   -7.5000   30.0000   37.500010662.2832   26.8677
    0.0000   30.0000   37.500010978.5537   26.8440
    7.5000   30.0000   37.500010398.0352   26.9172
   -7.5000   37.5000   37.500010181.3389   26.8767
    0.0000   37.5000   37.500010476.4492   26.8418
    7.5000   37.5000   37.5000 9916.7676   26.9117
   -7.5000   45.0000   37.5000 9261.1836   26.2202
    0.0000   45.0000   37.5000 9541.5615   26.1912
    7.5000   45.0000   37.5000 9020.8438   26.2606
   -7.5000  -45.0000   45.0000 7690.3560   27.9307
    0.0000  -45.0000   45.0000 7944.3354   27.9070
    7.5000  -45.0000   45.0000 7448.3784   27.9947
   -7.5000  -37.5000   45.0000 8257.4199   27.8493
    0.0000  -37.5000   45.0000 8536.4102   27.8351
    7.5000  -37.5000   45.0000 7995.1382   27.9274
   -7.5000  -30.0000   45.0000 9110.1016   27.8226
    0.0000  -30.0000   45.0000 9398.9980   27.8159
    7.5000  -30.0000   45.0000 8836.2715   27.9071
   -7.5000  -22.5000   45.0000 9949.2783   27.8481
    0.0000  -22.5000   45.000010241.7090   27.8393
    7.5000  -22.5000   45.0000 9635.1318   27.9263
   -7.5000  -15.0000   45.000010658.3379   27.8974
    0.0000  -15.0000   45.000010970.5537   27.8799
    7.5000  -15.0000   45.000010369.2705   27.9630
   -7.5000   -7.5000   45.000011249.7559   27.9233
    0.0000   -7.5000   45.000011607.8379   27.8973
    7.5000   -7.5000   45.000010954.6123   27.9800
   -7.5000    0.0000   45.000011806.2031   27.9005
    0.0000    0.0000   45.000012144.4570   27.8760
    7.5000    0.0000   45.000011497.3447   27.9636
   -7.5000    7.5000   45.000011490.1465   27.8492
    0.0000    7.5000   45.000011814.5986   27.8351
    7.5000    7.5000   45.000011195.7998   27.9274
   -7.5000   15.0000   45.000011084.5146   27.8226
    0.0000   15.0000   45.000011406.1543   27.8159
    7.5000   15.0000   45.000010821.1016   27.9071
   -7.5000   22.5000   45.000010526.5479   27.8351
    0.0000   22.5000   45.000010833.9561   27.8264
    7.5000   22.5000   45.000010261.9531   27.9133
   -7.5000   30.0000   45.0000 9806.0996   27.5340
    0.0000   30.0000   45.000010108.8330   27.5167
    7.5000   30.0000   45.0000 9556.2344   27.5987
   -7.5000   37.5000   45.0000 9334.1934   27.5595
    0.0000   37.5000   45.0000 9614.5781   27.5339
    7.5000   37.5000   45.0000 9093.7119   27.6155
   -7.5000   45.0000   45.0000 8523.4316   26.9054
    0.0000   45.0000   45.0000 8752.1484   26.8818
    7.5000   45.0000   45.0000 8285.3193   26.9663

---------------------------------------------------------------------
imgreg_4dfp /opt/freesurfer/average/711-2C_as_mni_average_305 /opt/freesurfer/average/711-2B_as_mni_average_305_mask talsrcimg_g11 none talsrcimg_to_711-2C_as_mni_average_305_t4 4355
---------------------------------------------------------------------

freesurfer imgreg_4dfp.c
/opt/freesurfer/average/711-2C_as_mni_average_305.4dfp.img
       256       256       256         1
  1.000000  1.000000  1.000000
orientation T byte_order littleendian
Reading image: /opt/freesurfer/average/711-2C_as_mni_average_305.4dfp.img
dimensions:      256       256       256
mmppix:       1.0000   -1.0000   -1.0000
center:     128.0000 -129.0000 -129.0000
/opt/freesurfer/average/711-2B_as_mni_average_305_mask.4dfp.img
       256       256       256         1
  1.000000  1.000000  1.000000
orientation T byte_order littleendian
Reading mask: /opt/freesurfer/average/711-2B_as_mni_average_305_mask.4dfp.img (2306576 pixels)
talsrcimg_g11.4dfp.img
       256       256       256         1
  1.000000  1.000000  1.000000
orientation T byte_order littleendian
Reading image: talsrcimg_g11.4dfp.img
dimensions:      256       256       256
mmppix:       1.0000   -1.0000   -1.0000
center:     128.0000 -129.0000 -129.0000
rotation matrix determinant  1.000000
image alignment mode   4355 decimal     1103 hex
   -7.5000  -45.0000  -45.0000 2114.0310   26.9014
    0.0000  -45.0000  -45.0000 2105.6602   27.0980
    7.5000  -45.0000  -45.0000 2077.1990   27.8269
   -7.5000  -37.5000  -45.0000 2220.2307   24.3200
    0.0000  -37.5000  -45.0000 2215.8826   24.5641
    7.5000  -37.5000  -45.0000 2187.3474   25.1321
   -7.5000  -30.0000  -45.0000 2307.5164   22.4004
    0.0000  -30.0000  -45.0000 2297.5464   22.5916
    7.5000  -30.0000  -45.0000 2271.9185   23.1236
   -7.5000  -22.5000  -45.0000 2365.1194   21.1359
    0.0000  -22.5000  -45.0000 2358.7556   21.3053
    7.5000  -22.5000  -45.0000 2324.1992   21.7989
   -7.5000  -15.0000  -45.0000 2399.0115   20.3055
    0.0000  -15.0000  -45.0000 2387.8562   20.4342
    7.5000  -15.0000  -45.0000 2352.7605   20.9461
   -7.5000   -7.5000  -45.0000 2422.9097   19.7775
    0.0000   -7.5000  -45.0000 2413.1172   19.8762
    7.5000   -7.5000  -45.0000 2370.5024   20.4179
   -7.5000    0.0000  -45.0000 2430.4688   19.6342
    0.0000    0.0000  -45.0000 2414.2090   19.7212
    7.5000    0.0000  -45.0000 2379.0566   20.2873
   -7.5000    7.5000  -45.0000 2416.6355   19.8479
    0.0000    7.5000  -45.0000 2396.0190   19.9613
    7.5000    7.5000  -45.0000 2364.8975   20.6110
   -7.5000   15.0000  -45.0000 2373.8237   20.4545
    0.0000   15.0000  -45.0000 2356.0630   20.6407
    7.5000   15.0000  -45.0000 2316.9841   21.2804
   -7.5000   22.5000  -45.0000 2309.0269   21.4846
    0.0000   22.5000  -45.0000 2292.4490   21.6950
    7.5000   22.5000  -45.0000 2254.3801   22.4181
   -7.5000   30.0000  -45.0000 2220.4094   23.0634
    0.0000   30.0000  -45.0000 2201.8574   23.3224
    7.5000   30.0000  -45.0000 2162.2476   24.0757
   -7.5000   37.5000  -45.0000 2119.6824   25.2716
    0.0000   37.5000  -45.0000 2096.8181   25.5047
    7.5000   37.5000  -45.0000 2058.4631   26.2664
   -7.5000   45.0000  -45.0000 2004.6232   28.1290
    0.0000   45.0000  -45.0000 1981.8822   28.3422
    7.5000   45.0000  -45.0000 1943.8915   29.1835
   -7.5000  -45.0000  -37.5000 2193.4373   25.3767
    0.0000  -45.0000  -37.5000 2187.8108   25.5994
    7.5000  -45.0000  -37.5000 2156.5112   26.2434
   -7.5000  -37.5000  -37.5000 2302.2305   22.8329
    0.0000  -37.5000  -37.5000 2296.3755   23.0600
    7.5000  -37.5000  -37.5000 2264.4473   23.5883
   -7.5000  -30.0000  -37.5000 2389.5908   20.8768
    0.0000  -30.0000  -37.5000 2381.3723   21.0787
    7.5000  -30.0000  -37.5000 2348.2102   21.5964
   -7.5000  -22.5000  -37.5000 2453.6045   19.6465
    0.0000  -22.5000  -37.5000 2442.4202   19.7819
    7.5000  -22.5000  -37.5000 2402.1091   20.2543
   -7.5000  -15.0000  -37.5000 2490.0862   18.9039
    0.0000  -15.0000  -37.5000 2475.7188   19.0044
    7.5000  -15.0000  -37.5000 2439.9810   19.4532
   -7.5000   -7.5000  -37.5000 2518.9700   18.4349
    0.0000   -7.5000  -37.5000 2507.4255   18.5505
    7.5000   -7.5000  -37.5000 2460.8894   19.0485
   -7.5000    0.0000  -37.5000 2528.9197   18.3546
    0.0000    0.0000  -37.5000 2509.6362   18.4511
    7.5000    0.0000  -37.5000 2472.1050   19.0253
   -7.5000    7.5000  -37.5000 2512.7629   18.5661
    0.0000    7.5000  -37.5000 2491.8159   18.6672
    7.5000    7.5000  -37.5000 2453.1594   19.2805
   -7.5000   15.0000  -37.5000 2469.5781   19.1084
    0.0000   15.0000  -37.5000 2446.5242   19.2194
    7.5000   15.0000  -37.5000 2404.2605   19.8707
   -7.5000   22.5000  -37.5000 2403.6755   20.0488
    0.0000   22.5000  -37.5000 2380.9011   20.2108
    7.5000   22.5000  -37.5000 2335.6145   20.8932
   -7.5000   30.0000  -37.5000 2313.2405   21.4896
    0.0000   30.0000  -37.5000 2288.3105   21.6835
    7.5000   30.0000  -37.5000 2240.7722   22.4165
   -7.5000   37.5000  -37.5000 2198.7551   23.4619
    0.0000   37.5000  -37.5000 2177.5073   23.6922
    7.5000   37.5000  -37.5000 2129.5554   24.3933
   -7.5000   45.0000  -37.5000 2067.4067   26.0945
    0.0000   45.0000  -37.5000 2052.5491   26.3516
    7.5000   45.0000  -37.5000 2008.6709   27.1121
   -7.5000  -45.0000  -30.0000 2289.9241   24.6557
    0.0000  -45.0000  -30.0000 2288.7297   25.0267
    7.5000  -45.0000  -30.0000 2256.4333   25.6049
   -7.5000  -37.5000  -30.0000 2407.4399   22.1608
    0.0000  -37.5000  -30.0000 2403.6565   22.4382
    7.5000  -37.5000  -30.0000 2368.5127   22.9778
   -7.5000  -30.0000  -30.0000 2502.1357   20.2613
    0.0000  -30.0000  -30.0000 2493.7844   20.4523
    7.5000  -30.0000  -30.0000 2452.5466   20.9324
   -7.5000  -22.5000  -30.0000 2580.5500   18.9092
    0.0000  -22.5000  -30.0000 2569.9836   19.0363
    7.5000  -22.5000  -30.0000 2523.1682   19.5498
   -7.5000  -15.0000  -30.0000 2636.9243   18.1477
    0.0000  -15.0000  -30.0000 2616.1335   18.2724
    7.5000  -15.0000  -30.0000 2570.5801   18.6878
   -7.5000   -7.5000  -30.0000 2665.5149   17.7306
    0.0000   -7.5000  -30.0000 2649.4075   17.8594
    7.5000   -7.5000  -30.0000 2602.4050   18.3370
   -7.5000    0.0000  -30.0000 2679.7534   17.7239
    0.0000    0.0000  -30.0000 2658.0452   17.8155
    7.5000    0.0000  -30.0000 2612.7495   18.3616
   -7.5000    7.5000  -30.0000 2659.5425   17.9522
    0.0000    7.5000  -30.0000 2638.3794   18.0804
    7.5000    7.5000  -30.0000 2590.1626   18.6725
   -7.5000   15.0000  -30.0000 2615.2878   18.4789
    0.0000   15.0000  -30.0000 2587.4968   18.6036
    7.5000   15.0000  -30.0000 2538.2378   19.2311
   -7.5000   22.5000  -30.0000 2543.6814   19.3801
    0.0000   22.5000  -30.0000 2518.9202   19.5404
    7.5000   22.5000  -30.0000 2468.1824   20.2158
   -7.5000   30.0000  -30.0000 2445.9775   20.7708
    0.0000   30.0000  -30.0000 2421.3123   20.9545
    7.5000   30.0000  -30.0000 2369.7800   21.6251
   -7.5000   37.5000  -30.0000 2329.0403   22.6915
    0.0000   37.5000  -30.0000 2306.3652   22.8235
    7.5000   37.5000  -30.0000 2254.4624   23.5464
   -7.5000   45.0000  -30.0000 2178.1069   25.1712
    0.0000   45.0000  -30.0000 2160.7041   25.4234
    7.5000   45.0000  -30.0000 2119.7820   26.1366
   -7.5000  -45.0000  -22.5000 2359.4109   23.9078
    0.0000  -45.0000  -22.5000 2354.2124   24.2467
    7.5000  -45.0000  -22.5000 2316.9580   24.8066
   -7.5000  -37.5000  -22.5000 2485.7527   21.4266
    0.0000  -37.5000  -22.5000 2478.6292   21.6778
    7.5000  -37.5000  -22.5000 2431.0696   22.2034
   -7.5000  -30.0000  -22.5000 2590.9246   19.5408
    0.0000  -30.0000  -22.5000 2581.0237   19.7145
    7.5000  -30.0000  -22.5000 2528.6680   20.2074
   -7.5000  -22.5000  -22.5000 2680.1599   18.2094
    0.0000  -22.5000  -22.5000 2669.5344   18.2977
    7.5000  -22.5000  -22.5000 2613.4434   18.7921
   -7.5000  -15.0000  -22.5000 2743.5591   17.3617
    0.0000  -15.0000  -22.5000 2720.3281   17.4348
    7.5000  -15.0000  -22.5000 2672.3037   17.8878
   -7.5000   -7.5000  -22.5000 2780.8054   16.8867
    0.0000   -7.5000  -22.5000 2758.7395   17.0052
    7.5000   -7.5000  -22.5000 2706.7808   17.4702
   -7.5000    0.0000  -22.5000 2793.3108   16.9143
    0.0000    0.0000  -22.5000 2774.0403   17.0149
    7.5000    0.0000  -22.5000 2718.2527   17.5091
   -7.5000    7.5000  -22.5000 2779.0583   17.1902
    0.0000    7.5000  -22.5000 2755.1785   17.3200
    7.5000    7.5000  -22.5000 2697.5239   17.8707
   -7.5000   15.0000  -22.5000 2731.6284   17.7285
    0.0000   15.0000  -22.5000 2702.1531   17.8638
    7.5000   15.0000  -22.5000 2645.8604   18.4795
   -7.5000   22.5000  -22.5000 2652.7361   18.5989
    0.0000   22.5000  -22.5000 2628.9761   18.7394
    7.5000   22.5000  -22.5000 2574.2505   19.4332
   -7.5000   30.0000  -22.5000 2546.5310   19.9362
    0.0000   30.0000  -22.5000 2517.8711   20.0512
    7.5000   30.0000  -22.5000 2468.9290   20.7515
   -7.5000   37.5000  -22.5000 2423.9561   21.8015
    0.0000   37.5000  -22.5000 2399.3545   21.8997
    7.5000   37.5000  -22.5000 2343.4741   22.6164
   -7.5000   45.0000  -22.5000 2267.3030   24.2927
    0.0000   45.0000  -22.5000 2246.3335   24.3978
    7.5000   45.0000  -22.5000 2199.5708   25.1269
   -7.5000  -45.0000  -15.0000 2385.1028   23.2068
    0.0000  -45.0000  -15.0000 2378.7717   23.4708
    7.5000  -45.0000  -15.0000 2338.6790   24.1144
   -7.5000  -37.5000  -15.0000 2520.1018   20.7696
    0.0000  -37.5000  -15.0000 2508.0200   20.9786
    7.5000  -37.5000  -15.0000 2461.4109   21.5602
   -7.5000  -30.0000  -15.0000 2634.9883   18.9154
    0.0000  -30.0000  -15.0000 2621.5310   19.0726
    7.5000  -30.0000  -15.0000 2573.6907   19.6329
   -7.5000  -22.5000  -15.0000 2736.0420   17.5790
    0.0000  -22.5000  -15.0000 2723.5361   17.6926
    7.5000  -22.5000  -15.0000 2671.0322   18.2416
   -7.5000  -15.0000  -15.0000 2814.0032   16.6509
    0.0000  -15.0000  -15.0000 2793.1340   16.7525
    7.5000  -15.0000  -15.0000 2736.1421   17.3144
   -7.5000   -7.5000  -15.0000 2855.2610   16.1020
    0.0000   -7.5000  -15.0000 2828.9211   16.1823
    7.5000   -7.5000  -15.0000 2773.8940   16.7912
   -7.5000    0.0000  -15.0000 2873.3857   16.1266
    0.0000    0.0000  -15.0000 2848.4482   16.1859
    7.5000    0.0000  -15.0000 2791.3748   16.7794
   -7.5000    7.5000  -15.0000 2860.0291   16.4509
    0.0000    7.5000  -15.0000 2831.7290   16.5400
    7.5000    7.5000  -15.0000 2774.8591   17.1112
   -7.5000   15.0000  -15.0000 2808.7234   17.0255
    0.0000   15.0000  -15.0000 2776.3870   17.1562
    7.5000   15.0000  -15.0000 2719.6023   17.7677
   -7.5000   22.5000  -15.0000 2722.2468   17.9016
    0.0000   22.5000  -15.0000 2698.6648   18.0436
    7.5000   22.5000  -15.0000 2641.8499   18.7089
   -7.5000   30.0000  -15.0000 2613.7551   19.2180
    0.0000   30.0000  -15.0000 2589.0972   19.2975
    7.5000   30.0000  -15.0000 2531.5396   20.0456
   -7.5000   37.5000  -15.0000 2481.2576   21.0662
    0.0000   37.5000  -15.0000 2456.8572   21.1297
    7.5000   37.5000  -15.0000 2399.4839   21.8502
   -7.5000   45.0000  -15.0000 2323.2620   23.4593
    0.0000   45.0000  -15.0000 2300.2485   23.5254
    7.5000   45.0000  -15.0000 2249.9958   24.2926
   -7.5000  -45.0000   -7.5000 2389.4761   22.7124
    0.0000  -45.0000   -7.5000 2381.2749   22.9192
    7.5000  -45.0000   -7.5000 2344.5305   23.7606
   -7.5000  -37.5000   -7.5000 2525.2898   20.2920
    0.0000  -37.5000   -7.5000 2513.7639   20.4614
    7.5000  -37.5000   -7.5000 2474.2832   21.2083
   -7.5000  -30.0000   -7.5000 2653.1814   18.4722
    0.0000  -30.0000   -7.5000 2636.3748   18.5929
    7.5000  -30.0000   -7.5000 2592.6943   19.3169
   -7.5000  -22.5000   -7.5000 2775.1892   17.1321
    0.0000  -22.5000   -7.5000 2754.7422   17.2350
    7.5000  -22.5000   -7.5000 2703.4971   17.9429
   -7.5000  -15.0000   -7.5000 2866.0381   16.1580
    0.0000  -15.0000   -7.5000 2843.4680   16.2659
    7.5000  -15.0000   -7.5000 2775.9163   16.9570
   -7.5000   -7.5000   -7.5000 2914.5266   15.4581
    0.0000   -7.5000   -7.5000 2884.4231   15.6002
    7.5000   -7.5000   -7.5000 2822.8008   16.3597
   -7.5000    0.0000   -7.5000 2924.9546   15.4412
    0.0000    0.0000   -7.5000 2902.8838   15.5206
    7.5000    0.0000   -7.5000 2840.0276   16.2713
   -7.5000    7.5000   -7.5000 2909.6013   15.8160
    0.0000    7.5000   -7.5000 2885.7769   15.8686
    7.5000    7.5000   -7.5000 2819.8586   16.5961
   -7.5000   15.0000   -7.5000 2854.9893   16.4032
    0.0000   15.0000   -7.5000 2827.4102   16.5296
    7.5000   15.0000   -7.5000 2765.4563   17.1907
   -7.5000   22.5000   -7.5000 2764.4683   17.3178
    0.0000   22.5000   -7.5000 2739.9849   17.4103
    7.5000   22.5000   -7.5000 2682.2393   18.1246
   -7.5000   30.0000   -7.5000 2646.5466   18.6277
    0.0000   30.0000   -7.5000 2622.1011   18.7214
    7.5000   30.0000   -7.5000 2564.4146   19.4390
   -7.5000   37.5000   -7.5000 2512.0032   20.4134
    0.0000   37.5000   -7.5000 2493.1118   20.5104
    7.5000   37.5000   -7.5000 2434.2048   21.2525
   -7.5000   45.0000   -7.5000 2353.5210   22.6933
    0.0000   45.0000   -7.5000 2330.1099   22.8328
    7.5000   45.0000   -7.5000 2281.9844   23.5863
   -7.5000  -45.0000    0.0000 2376.7639   22.7126
    0.0000  -45.0000    0.0000 2366.8547   22.7842
    7.5000  -45.0000    0.0000 2334.3945   23.7328
   -7.5000  -37.5000    0.0000 2516.0752   20.2070
    0.0000  -37.5000    0.0000 2504.7966   20.2694
    7.5000  -37.5000    0.0000 2465.0737   21.1984
   -7.5000  -30.0000    0.0000 2651.2158   18.3611
    0.0000  -30.0000    0.0000 2634.8467   18.4015
    7.5000  -30.0000    0.0000 2587.3281   19.3157
   -7.5000  -22.5000    0.0000 2776.6465   16.9740
    0.0000  -22.5000    0.0000 2755.2932   17.0191
    7.5000  -22.5000    0.0000 2702.2007   17.9172
   -7.5000  -15.0000    0.0000 2875.5671   16.0167
    0.0000  -15.0000    0.0000 2858.4268   16.0965
    7.5000  -15.0000    0.0000 2791.8945   16.9042
   -7.5000   -7.5000    0.0000 2935.8237   15.2425
    0.0000   -7.5000    0.0000 2917.8179   15.4423
    7.5000   -7.5000    0.0000 2847.5588   16.2716
   -7.5000    0.0000    0.0000 2944.5547   15.0187
    0.0000    0.0000    0.0000 2927.3511   15.1460
    7.5000    0.0000    0.0000 2858.3411   16.0944
   -7.5000    7.5000    0.0000 2920.6140   15.2819
    0.0000    7.5000    0.0000 2907.3027   15.4342
    7.5000    7.5000    0.0000 2832.7356   16.2769
   -7.5000   15.0000    0.0000 2865.3938   15.9889
    0.0000   15.0000    0.0000 2842.8652   16.0815
    7.5000   15.0000    0.0000 2780.1487   16.8067
   -7.5000   22.5000    0.0000 2772.4336   16.9934
    0.0000   22.5000    0.0000 2755.0164   17.0875
    7.5000   22.5000    0.0000 2696.5557   17.7278
   -7.5000   30.0000    0.0000 2655.6162   18.3189
    0.0000   30.0000    0.0000 2630.7168   18.4111
    7.5000   30.0000    0.0000 2578.0999   19.0558
   -7.5000   37.5000    0.0000 2519.0474   20.0806
    0.0000   37.5000    0.0000 2499.7969   20.1580
    7.5000   37.5000    0.0000 2444.8867   20.8331
   -7.5000   45.0000    0.0000 2360.6484   22.3707
    0.0000   45.0000    0.0000 2337.6870   22.4439
    7.5000   45.0000    0.0000 2295.4197   23.1103
   -7.5000  -45.0000    7.5000 2355.2502   22.9992
    0.0000  -45.0000    7.5000 2350.2134   23.0014
    7.5000  -45.0000    7.5000 2313.0681   24.0570
   -7.5000  -37.5000    7.5000 2498.8308   20.4240
    0.0000  -37.5000    7.5000 2488.3833   20.4264
    7.5000  -37.5000    7.5000 2445.6140   21.4286
   -7.5000  -30.0000    7.5000 2628.3433   18.4962
    0.0000  -30.0000    7.5000 2619.6638   18.4997
    7.5000  -30.0000    7.5000 2571.8545   19.4842
   -7.5000  -22.5000    7.5000 2753.5151   17.0724
    0.0000  -22.5000    7.5000 2737.9741   17.0964
    7.5000  -22.5000    7.5000 2683.5867   18.0407
   -7.5000  -15.0000    7.5000 2851.5476   16.1505
    0.0000  -15.0000    7.5000 2842.2715   16.1918
    7.5000  -15.0000    7.5000 2780.0210   17.0393
   -7.5000   -7.5000    7.5000 2918.2273   15.5042
    0.0000   -7.5000    7.5000 2907.6702   15.6084
    7.5000   -7.5000    7.5000 2845.8970   16.4076
   -7.5000    0.0000    7.5000 2934.5427   15.1264
    0.0000    0.0000    7.5000 2927.4539   15.2394
    7.5000    0.0000    7.5000 2863.3647   16.1535
   -7.5000    7.5000    7.5000 2914.7046   15.3134
    0.0000    7.5000    7.5000 2902.4885   15.3533
    7.5000    7.5000    7.5000 2838.6880   16.1336
   -7.5000   15.0000    7.5000 2857.9512   15.9097
    0.0000   15.0000    7.5000 2846.8704   15.9663
    7.5000   15.0000    7.5000 2778.7073   16.6017
   -7.5000   22.5000    7.5000 2765.4395   16.9167
    0.0000   22.5000    7.5000 2751.8149   17.0120
    7.5000   22.5000    7.5000 2691.9224   17.5772
   -7.5000   30.0000    7.5000 2643.8577   18.3130
    0.0000   30.0000    7.5000 2629.2078   18.4106
    7.5000   30.0000    7.5000 2576.1296   18.9812
   -7.5000   37.5000    7.5000 2511.2131   20.1259
    0.0000   37.5000    7.5000 2498.9956   20.2287
    7.5000   37.5000    7.5000 2447.7507   20.8229
   -7.5000   45.0000    7.5000 2355.6877   22.4242
    0.0000   45.0000    7.5000 2335.5264   22.4984
    7.5000   45.0000    7.5000 2299.9204   23.1502
   -7.5000  -45.0000   15.0000 2324.4834   23.4964
    0.0000  -45.0000   15.0000 2323.6931   23.4512
    7.5000  -45.0000   15.0000 2282.9519   24.6060
   -7.5000  -37.5000   15.0000 2464.0840   20.8893
    0.0000  -37.5000   15.0000 2459.8706   20.9026
    7.5000  -37.5000   15.0000 2415.1250   21.9570
   -7.5000  -30.0000   15.0000 2592.5483   18.9669
    0.0000  -30.0000   15.0000 2579.8684   18.9614
    7.5000  -30.0000   15.0000 2533.7234   19.9370
   -7.5000  -22.5000   15.0000 2707.3528   17.5818
    0.0000  -22.5000   15.0000 2694.5845   17.5835
    7.5000  -22.5000   15.0000 2643.5830   18.4859
   -7.5000  -15.0000   15.0000 2805.8882   16.6574
    0.0000  -15.0000   15.0000 2793.2690   16.6735
    7.5000  -15.0000   15.0000 2738.5830   17.5195
   -7.5000   -7.5000   15.0000 2874.5088   15.9432
    0.0000   -7.5000   15.0000 2866.3728   16.0811
    7.5000   -7.5000   15.0000 2808.0662   16.8542
   -7.5000    0.0000   15.0000 2908.7009   15.7563
    0.0000    0.0000   15.0000 2892.0435   15.7550
    7.5000    0.0000   15.0000 2835.2644   16.5347
   -7.5000    7.5000   15.0000 2895.8496   15.9448
    0.0000    7.5000   15.0000 2883.6851   15.9614
    7.5000    7.5000   15.0000 2809.5718   16.5171
   -7.5000   15.0000   15.0000 2831.2307   16.4513
    0.0000   15.0000   15.0000 2819.9055   16.4721
    7.5000   15.0000   15.0000 2751.0825   17.0083
   -7.5000   22.5000   15.0000 2737.2476   17.3131
    0.0000   22.5000   15.0000 2722.0034   17.3377
    7.5000   22.5000   15.0000 2661.6494   17.9130
   -7.5000   30.0000   15.0000 2614.5957   18.6254
    0.0000   30.0000   15.0000 2597.7556   18.6312
    7.5000   30.0000   15.0000 2549.2952   19.2497
   -7.5000   37.5000   15.0000 2485.8274   20.3778
    0.0000   37.5000   15.0000 2468.2603   20.4193
    7.5000   37.5000   15.0000 2425.9714   21.0121
   -7.5000   45.0000   15.0000 2324.8447   22.6272
    0.0000   45.0000   15.0000 2311.1921   22.6966
    7.5000   45.0000   15.0000 2284.6401   23.3306
   -7.5000  -45.0000   22.5000 2286.8972   24.3064
    0.0000  -45.0000   22.5000 2287.6694   24.3620
    7.5000  -45.0000   22.5000 2244.8896   25.4045
   -7.5000  -37.5000   22.5000 2422.7019   21.7249
    0.0000  -37.5000   22.5000 2416.3867   21.7764
    7.5000  -37.5000   22.5000 2369.0510   22.7021
   -7.5000  -30.0000   22.5000 2545.5356   19.7699
    0.0000  -30.0000   22.5000 2532.2087   19.8014
    7.5000  -30.0000   22.5000 2483.6670   20.6842
   -7.5000  -22.5000   22.5000 2659.6819   18.3530
    0.0000  -22.5000   22.5000 2643.3755   18.3849
    7.5000  -22.5000   22.5000 2593.0769   19.2450
   -7.5000  -15.0000   22.5000 2754.1260   17.3096
    0.0000  -15.0000   22.5000 2740.9839   17.4086
    7.5000  -15.0000   22.5000 2685.1104   18.1867
   -7.5000   -7.5000   22.5000 2822.2864   16.6229
    0.0000   -7.5000   22.5000 2809.8621   16.7145
    7.5000   -7.5000   22.5000 2753.4399   17.4998
   -7.5000    0.0000   22.5000 2855.0054   16.4691
    0.0000    0.0000   22.5000 2837.9072   16.5061
    7.5000    0.0000   22.5000 2779.1724   17.0977
   -7.5000    7.5000   22.5000 2841.9294   16.6428
    0.0000    7.5000   22.5000 2827.2026   16.6721
    7.5000    7.5000   22.5000 2760.8401   17.1856
   -7.5000   15.0000   22.5000 2779.4023   17.1794
    0.0000   15.0000   22.5000 2768.0754   17.1641
    7.5000   15.0000   22.5000 2705.2920   17.6823
   -7.5000   22.5000   22.5000 2691.1943   18.0478
    0.0000   22.5000   22.5000 2677.8684   18.0636
    7.5000   22.5000   22.5000 2619.9846   18.5917
   -7.5000   30.0000   22.5000 2573.6182   19.3208
    0.0000   30.0000   22.5000 2557.7019   19.3265
    7.5000   30.0000   22.5000 2513.9570   19.8866
   -7.5000   37.5000   22.5000 2444.2458   20.9989
    0.0000   37.5000   22.5000 2428.0349   21.0065
    7.5000   37.5000   22.5000 2389.9570   21.6153
   -7.5000   45.0000   22.5000 2284.7366   23.1989
    0.0000   45.0000   22.5000 2275.8560   23.1912
    7.5000   45.0000   22.5000 2249.1875   23.8680
   -7.5000  -45.0000   30.0000 2236.9651   25.4801
    0.0000  -45.0000   30.0000 2235.0886   25.6228
    7.5000  -45.0000   30.0000 2195.9790   26.6154
   -7.5000  -37.5000   30.0000 2370.9507   22.8408
    0.0000  -37.5000   30.0000 2364.6375   22.9438
    7.5000  -37.5000   30.0000 2318.0422   23.8674
   -7.5000  -30.0000   30.0000 2492.2024   20.8012
    0.0000  -30.0000   30.0000 2479.5166   20.8859
    7.5000  -30.0000   30.0000 2425.9551   21.7964
   -7.5000  -22.5000   30.0000 2601.3521   19.2670
    0.0000  -22.5000   30.0000 2591.8921   19.3729
    7.5000  -22.5000   30.0000 2528.1663   20.1675
   -7.5000  -15.0000   30.0000 2690.3533   18.2114
    0.0000  -15.0000   30.0000 2675.6858   18.2967
    7.5000  -15.0000   30.0000 2621.6323   19.1173
   -7.5000   -7.5000   30.0000 2747.4473   17.5524
    0.0000   -7.5000   30.0000 2736.3945   17.6326
    7.5000   -7.5000   30.0000 2675.3540   18.2942
   -7.5000    0.0000   30.0000 2770.7207   17.3529
    0.0000    0.0000   30.0000 2756.1938   17.3926
    7.5000    0.0000   30.0000 2696.9775   17.9504
   -7.5000    7.5000   30.0000 2752.3367   17.5086
    0.0000    7.5000   30.0000 2741.3130   17.5541
    7.5000    7.5000   30.0000 2681.7444   18.0423
   -7.5000   15.0000   30.0000 2696.8154   18.0336
    0.0000   15.0000   30.0000 2686.0154   18.0439
    7.5000   15.0000   30.0000 2635.8557   18.5354
   -7.5000   22.5000   30.0000 2620.4744   18.9148
    0.0000   22.5000   30.0000 2606.0649   18.9052
    7.5000   22.5000   30.0000 2557.9785   19.4785
   -7.5000   30.0000   30.0000 2512.2681   20.1827
    0.0000   30.0000   30.0000 2494.8030   20.2277
    7.5000   30.0000   30.0000 2450.8508   20.7757
   -7.5000   37.5000   30.0000 2383.1292   21.8850
    0.0000   37.5000   30.0000 2371.6646   21.9350
    7.5000   37.5000   30.0000 2338.9297   22.5081
   -7.5000   45.0000   30.0000 2232.0159   24.0111
    0.0000   45.0000   30.0000 2217.1370   24.1171
    7.5000   45.0000   30.0000 2194.6443   24.8315
   -7.5000  -45.0000   37.5000 2177.3923   27.0003
    0.0000  -45.0000   37.5000 2179.4260   27.1401
    7.5000  -45.0000   37.5000 2140.9629   28.1135
   -7.5000  -37.5000   37.5000 2309.2869   24.1603
    0.0000  -37.5000   37.5000 2309.4790   24.3250
    7.5000  -37.5000   37.5000 2260.8845   25.2446
   -7.5000  -30.0000   37.5000 2427.6047   22.0226
    0.0000  -30.0000   37.5000 2423.2424   22.1925
    7.5000  -30.0000   37.5000 2364.1606   23.0426
   -7.5000  -22.5000   37.5000 2531.9333   20.4762
    0.0000  -22.5000   37.5000 2520.4011   20.6039
    7.5000  -22.5000   37.5000 2466.0471   21.3969
   -7.5000  -15.0000   37.5000 2606.3259   19.3605
    0.0000  -15.0000   37.5000 2597.8718   19.4629
    7.5000  -15.0000   37.5000 2549.3994   20.2446
   -7.5000   -7.5000   37.5000 2656.4080   18.6635
    0.0000   -7.5000   37.5000 2648.5806   18.7674
    7.5000   -7.5000   37.5000 2597.5237   19.3639
   -7.5000    0.0000   37.5000 2677.8706   18.4493
    0.0000    0.0000   37.5000 2664.9167   18.5033
    7.5000    0.0000   37.5000 2615.8784   19.0423
   -7.5000    7.5000   37.5000 2653.6313   18.6078
    0.0000    7.5000   37.5000 2643.0745   18.6535
    7.5000    7.5000   37.5000 2597.2349   19.1268
   -7.5000   15.0000   37.5000 2601.0361   19.1314
    0.0000   15.0000   37.5000 2592.6650   19.1424
    7.5000   15.0000   37.5000 2553.1611   19.6329
   -7.5000   22.5000   37.5000 2532.7505   19.9650
    0.0000   22.5000   37.5000 2522.2422   19.9847
    7.5000   22.5000   37.5000 2482.9756   20.4966
   -7.5000   30.0000   37.5000 2433.1360   21.1856
    0.0000   30.0000   37.5000 2419.4355   21.2217
    7.5000   30.0000   37.5000 2385.2554   21.8003
   -7.5000   37.5000   37.5000 2310.9990   22.9371
    0.0000   37.5000   37.5000 2299.0540   22.9914
    7.5000   37.5000   37.5000 2270.3220   23.5230
   -7.5000   45.0000   37.5000 2162.0718   25.1861
    0.0000   45.0000   37.5000 2157.6294   25.2780
    7.5000   45.0000   37.5000 2133.0535   25.9414
   -7.5000  -45.0000   45.0000 2116.3101   28.5741
    0.0000  -45.0000   45.0000 2121.6497   28.8783
    7.5000  -45.0000   45.0000 2080.5605   29.7623
   -7.5000  -37.5000   45.0000 2246.5359   25.7232
    0.0000  -37.5000   45.0000 2249.4297   25.9930
    7.5000  -37.5000   45.0000 2195.9951   26.8185
   -7.5000  -30.0000   45.0000 2361.0544   23.5610
    0.0000  -30.0000   45.0000 2354.1279   23.7726
    7.5000  -30.0000   45.0000 2301.8931   24.5676
   -7.5000  -22.5000   45.0000 2458.4834   21.9655
    0.0000  -22.5000   45.0000 2448.2212   22.0851
    7.5000  -22.5000   45.0000 2396.0212   22.8825
   -7.5000  -15.0000   45.0000 2525.2402   20.8424
    0.0000  -15.0000   45.0000 2515.4348   20.9375
    7.5000  -15.0000   45.0000 2469.1897   21.6256
   -7.5000   -7.5000   45.0000 2561.5459   20.0553
    0.0000   -7.5000   45.0000 2554.4128   20.1918
    7.5000   -7.5000   45.0000 2508.6375   20.7905
   -7.5000    0.0000   45.0000 2573.5620   19.8113
    0.0000    0.0000   45.0000 2564.8433   19.9079
    7.5000    0.0000   45.0000 2524.9629   20.4641
   -7.5000    7.5000   45.0000 2550.7314   19.9574
    0.0000    7.5000   45.0000 2540.1270   20.0337
    7.5000    7.5000   45.0000 2505.7122   20.5161
   -7.5000   15.0000   45.0000 2502.1667   20.4934
    0.0000   15.0000   45.0000 2490.9314   20.5487
    7.5000   15.0000   45.0000 2463.8845   21.0165
   -7.5000   22.5000   45.0000 2436.9036   21.3110
    0.0000   22.5000   45.0000 2426.3545   21.3856
    7.5000   22.5000   45.0000 2400.3904   21.8653
   -7.5000   30.0000   45.0000 2345.5625   22.5000
    0.0000   30.0000   45.0000 2335.8936   22.5522
    7.5000   30.0000   45.0000 2305.6348   23.1015
   -7.5000   37.5000   45.0000 2223.3425   24.2463
    0.0000   37.5000   45.0000 2218.2063   24.2691
    7.5000   37.5000   45.0000 2190.5276   24.8585
   -7.5000   45.0000   45.0000 2096.7271   26.5485
    0.0000   45.0000   45.0000 2085.1704   26.5984
    7.5000   45.0000   45.0000 2062.9297   27.3169

---------------------------------------------------------------------
imgreg_4dfp /opt/freesurfer/average/711-2C_as_mni_average_305 /opt/freesurfer/average/711-2B_as_mni_average_305_mask talsrcimg_g11 none talsrcimg_to_711-2C_as_mni_average_305_t4 1283
---------------------------------------------------------------------

freesurfer imgreg_4dfp.c
/opt/freesurfer/average/711-2C_as_mni_average_305.4dfp.img
       256       256       256         1
  1.000000  1.000000  1.000000
orientation T byte_order littleendian
Reading image: /opt/freesurfer/average/711-2C_as_mni_average_305.4dfp.img
dimensions:      256       256       256
mmppix:       1.0000   -1.0000   -1.0000
center:     128.0000 -129.0000 -129.0000
/opt/freesurfer/average/711-2B_as_mni_average_305_mask.4dfp.img
       256       256       256         1
  1.000000  1.000000  1.000000
orientation T byte_order littleendian
Reading mask: /opt/freesurfer/average/711-2B_as_mni_average_305_mask.4dfp.img (2306576 pixels)
talsrcimg_g11.4dfp.img
       256       256       256         1
  1.000000  1.000000  1.000000
orientation T byte_order littleendian
Reading image: talsrcimg_g11.4dfp.img
dimensions:      256       256       256
mmppix:       1.0000   -1.0000   -1.0000
center:     128.0000 -129.0000 -129.0000
rotation matrix determinant  1.000000
fimgreg.f
image alignment mode   1283 decimal      503 hex
parameters
   -7.5000    0.0000    0.0000    0.0000    0.0000    0.0000
eta,q 0.92576 14.96994
niter,ni,del,rscale     5    3   12.0000    1.2000
parameter  4  1.220734 ->  0.500000 qaram    1.1500
parameter  6 -0.792019 -> -0.500000 qaram    1.1500
parameters
   -9.8148   -0.1612    0.4071   -3.4500    1.7792    3.4500
eta,q 0.92820 15.05691
  0.0789  0.0804  0.0830  0.0730  0.0779  0.0791
  0.0760  0.0785  0.0811  0.0738  0.0753  0.0777
  0.0773  0.0774  0.0798  0.0750  0.0746  0.0753
  0.0777  0.0774  0.0771  0.0761  0.0741  0.0734
  0.0785  0.0784  0.0759  0.0781  0.0733  0.0722
  0.0814  0.0785  0.0799  0.0809  0.0732  0.0718
  0.0829  0.0806  0.0827  0.0838  0.0749  0.0725
niter,ni,del,rscale     6    3   12.0000    1.2000
parameter  4  1.341645 ->  0.500000 qaram    1.3225
parameter  5  2.350048 -> -0.500000 qaram    1.1500
parameters
   -8.1938   -2.1619    1.0009   -7.4175    5.2292    6.6101
eta,q 0.93526 15.03774
  0.0860  0.0746  0.0760  0.0699  0.0720  0.0753
  0.0779  0.0730  0.0739  0.0706  0.0707  0.0722
  0.0721  0.0726  0.0739  0.0714  0.0708  0.0695
  0.0718  0.0729  0.0726  0.0725  0.0708  0.0664
  0.0729  0.0748  0.0732  0.0744  0.0683  0.0647
  0.0717  0.0764  0.0746  0.0766  0.0660  0.0656
  0.0750  0.0777  0.0744  0.0787  0.0670  0.0674
niter,ni,del,rscale     7    3   12.0000    1.2000
parameters
   -6.6875   -1.3856    1.3633   -9.4644    4.7061    7.0623
eta,q 0.93671 15.02653
  0.0790  0.0768  0.0734  0.0689  0.0695  0.0696
  0.0731  0.0696  0.0721  0.0659  0.0664  0.0663
  0.0681  0.0649  0.0684  0.0631  0.0640  0.0640
  0.0647  0.0643  0.0648  0.0645  0.0631  0.0632
  0.0646  0.0659  0.0658  0.0684  0.0636  0.0642
  0.0667  0.0679  0.0695  0.0716  0.0674  0.0661
  0.0699  0.0702  0.0732  0.0740  0.0728  0.0675
niter,ni,del,rscale     6    3   12.0000    1.2000
parameters
   -6.5086   -0.5663    0.9317  -10.7992    4.3432    7.4924
eta,q 0.93642 15.02351
  0.0736  0.0750  0.0714  0.0686  0.0698  0.0689
  0.0680  0.0682  0.0702  0.0678  0.0665  0.0662
  0.0646  0.0640  0.0666  0.0645  0.0643  0.0646
  0.0633  0.0633  0.0637  0.0640  0.0635  0.0635
  0.0651  0.0644  0.0659  0.0665  0.0640  0.0645
  0.0681  0.0663  0.0706  0.0702  0.0669  0.0663
  0.0717  0.0688  0.0752  0.0725  0.0721  0.0673
niter,ni,del,rscale     5    3   12.0000    1.2000
parameters
   -6.5499    0.2988    0.3171  -12.4325    3.7844    7.6730
eta,q 0.93576 15.03990
  0.0723  0.0731  0.0702  0.0679  0.0693  0.0685
  0.0675  0.0677  0.0694  0.0677  0.0661  0.0664
  0.0647  0.0646  0.0665  0.0655  0.0645  0.0651
  0.0636  0.0636  0.0637  0.0642  0.0643  0.0642
  0.0654  0.0642  0.0659  0.0667  0.0652  0.0652
  0.0680  0.0658  0.0704  0.0701  0.0671  0.0666
  0.0720  0.0682  0.0746  0.0726  0.0716  0.0678
niter,ni,del,rscale     4    3   12.0000    1.2000
parameters
   -6.4853    1.4108   -0.5360  -13.9838    3.0737    7.1240
eta,q 0.93547 15.02462
  0.0716  0.0718  0.0688  0.0687  0.0694  0.0684
  0.0678  0.0680  0.0674  0.0676  0.0661  0.0663
  0.0656  0.0657  0.0656  0.0660  0.0645  0.0651
  0.0642  0.0643  0.0638  0.0643  0.0648  0.0645
  0.0657  0.0638  0.0655  0.0671  0.0662  0.0657
  0.0674  0.0650  0.0695  0.0706  0.0681  0.0676
  0.0714  0.0679  0.0732  0.0730  0.0711  0.0692
niter,ni,del,rscale     3    3   12.0000    1.2000
parameters
   -6.0943    1.9326   -1.0842  -14.4663    2.7092    6.7543
eta,q 0.93566 15.02581
  0.0704  0.0695  0.0686  0.0710  0.0698  0.0693
  0.0676  0.0668  0.0665  0.0680  0.0665  0.0666
  0.0665  0.0657  0.0649  0.0665  0.0646  0.0649
  0.0645  0.0644  0.0641  0.0642  0.0645  0.0644
  0.0651  0.0637  0.0650  0.0658  0.0657  0.0657
  0.0663  0.0658  0.0675  0.0698  0.0677  0.0680
  0.0697  0.0683  0.0711  0.0727  0.0705  0.0698
niter,ni,del,rscale     2    3   12.0000    1.2000
parameters
   -6.0500    2.1389   -1.0581  -14.4931    2.6812    6.7831
eta,q 0.93577 15.01875
  0.0691  0.0687  0.0695  0.0718  0.0702  0.0700
  0.0674  0.0666  0.0667  0.0686  0.0667  0.0670
  0.0665  0.0655  0.0651  0.0667  0.0647  0.0651
  0.0643  0.0643  0.0642  0.0642  0.0642  0.0642
  0.0651  0.0641  0.0648  0.0650  0.0653  0.0652
  0.0665  0.0663  0.0666  0.0689  0.0672  0.0675
  0.0699  0.0684  0.0695  0.0723  0.0698  0.0696
niter,ni,del,rscale     1    3   12.0000    1.2000
parameters
   -6.0357    2.1481   -1.0546  -14.5012    2.6837    6.7824
eta,q 0.93576 15.01888
  0.0689  0.0684  0.0694  0.0719  0.0703  0.0700
  0.0672  0.0664  0.0667  0.0686  0.0668  0.0670
  0.0662  0.0654  0.0651  0.0667  0.0647  0.0651
  0.0642  0.0642  0.0642  0.0642  0.0642  0.0642
  0.0651  0.0642  0.0648  0.0649  0.0653  0.0652
  0.0664  0.0666  0.0666  0.0689  0.0672  0.0676
  0.0698  0.0686  0.0695  0.0723  0.0698  0.0696
registration optimization eta report
parameter search radius
    6.0000    6.0000    6.0000    7.9350    6.9000    6.9000
100000*second partial in parameter space
       13.       12.       14.       12.       12.       11.
  0.0689  0.0684  0.0694  0.0719  0.0703  0.0700
  0.0672  0.0664  0.0667  0.0686  0.0668  0.0670
  0.0662  0.0654  0.0651  0.0667  0.0647  0.0651
  0.0642  0.0642  0.0642  0.0642  0.0642  0.0642
  0.0651  0.0642  0.0648  0.0649  0.0653  0.0652
  0.0664  0.0666  0.0666  0.0689  0.0672  0.0676
  0.0698  0.0686  0.0695  0.0723  0.0698  0.0696
   -6.0357    2.1481   -1.0546  -14.5012    2.6837    6.7824
eta,q 0.93576 15.01888

---------------------------------------------------------------------
imgreg_4dfp /opt/freesurfer/average/711-2C_as_mni_average_305 /opt/freesurfer/average/711-2B_as_mni_average_305_mask talsrcimg_g11 none talsrcimg_to_711-2C_as_mni_average_305_t4 3335
---------------------------------------------------------------------

freesurfer imgreg_4dfp.c
/opt/freesurfer/average/711-2C_as_mni_average_305.4dfp.img
       256       256       256         1
  1.000000  1.000000  1.000000
orientation T byte_order littleendian
Reading image: /opt/freesurfer/average/711-2C_as_mni_average_305.4dfp.img
dimensions:      256       256       256
mmppix:       1.0000   -1.0000   -1.0000
center:     128.0000 -129.0000 -129.0000
/opt/freesurfer/average/711-2B_as_mni_average_305_mask.4dfp.img
       256       256       256         1
  1.000000  1.000000  1.000000
orientation T byte_order littleendian
Reading mask: /opt/freesurfer/average/711-2B_as_mni_average_305_mask.4dfp.img (2306576 pixels)
talsrcimg_g11.4dfp.img
       256       256       256         1
  1.000000  1.000000  1.000000
orientation T byte_order littleendian
Reading image: talsrcimg_g11.4dfp.img
dimensions:      256       256       256
mmppix:       1.0000   -1.0000   -1.0000
center:     128.0000 -129.0000 -129.0000
fimgreg.f
image alignment mode   3335 decimal      D07 hex
parameters
   -6.0357    2.1481   -1.0546   -0.8087   -3.7248   -3.2919
  -10.2695   -7.4585   11.7970   24.3294    4.6822  -25.0125
eta,q 0.93834 14.93673
niter,ni,del,rscale     5    3    5.0000    1.2000
parameter  4 -7.843010 ->  0.500000 qaram    1.1500
parameter  5 -9.746213 ->  0.500000 qaram    1.1500
parameter  6  1.409083 ->  0.500000 qaram    1.1500
parameter 12 -0.514653 -> -0.500000 qaram    1.1500
parameters
   -5.4834    1.9029   -0.7772   -4.9487   -7.8648   -7.4319
   -9.7053   -4.0123   10.6916   22.4228    2.4620  -20.8725
eta,q 0.96204 14.66669
  0.0629  0.0623  0.0630  0.0490  0.0414  0.0391  0.0435  0.0485  0.0404  0.0408  0.0393  0.0419
  0.0623  0.0618  0.0623  0.0531  0.0451  0.0397  0.0419  0.0453  0.0393  0.0396  0.0387  0.0409
  0.0619  0.0616  0.0618  0.0578  0.0496  0.0422  0.0407  0.0424  0.0388  0.0388  0.0385  0.0397
  0.0617  0.0616  0.0615  0.0615  0.0544  0.0463  0.0401  0.0401  0.0388  0.0387  0.0387  0.0385
  0.0615  0.0617  0.0616  0.0649  0.0587  0.0508  0.0402  0.0389  0.0393  0.0399  0.0392  0.0379
  0.0617  0.0621  0.0619  0.0689  0.0623  0.0558  0.0411  0.0391  0.0403  0.0425  0.0401  0.0381
  0.0621  0.0626  0.0624  0.0725  0.0659  0.0614  0.0427  0.0406  0.0418  0.0462  0.0412  0.0387
niter,ni,del,rscale     7    3    5.0000    1.2000
parameter  4  1.489715 ->  0.500000 qaram    1.3225
parameter  5  0.769467 ->  0.500000 qaram    1.3225
parameter 10  0.647297 ->  0.500000 qaram    1.1500
parameter 12  0.739373 ->  0.500000 qaram    1.3225
parameters
   -5.6452    2.1153    0.1716   -9.7097  -12.6258   -9.3619
  -10.8292   -3.3563   11.4401   18.2828    2.6348  -25.6335
eta,q 0.97331 14.28049
  0.0408  0.0416  0.0425  0.0305  0.0288  0.0313  0.0316  0.0353  0.0316  0.0282  0.0290  0.0274
  0.0393  0.0397  0.0405  0.0308  0.0286  0.0304  0.0300  0.0322  0.0304  0.0280  0.0285  0.0267
  0.0383  0.0385  0.0390  0.0334  0.0291  0.0296  0.0292  0.0300  0.0295  0.0283  0.0281  0.0270
  0.0380  0.0380  0.0380  0.0375  0.0313  0.0286  0.0293  0.0291  0.0291  0.0291  0.0280  0.0280
  0.0385  0.0381  0.0375  0.0427  0.0351  0.0293  0.0301  0.0294  0.0292  0.0304  0.0280  0.0292
  0.0398  0.0390  0.0378  0.0473  0.0400  0.0331  0.0315  0.0309  0.0297  0.0323  0.0283  0.0305
  0.0418  0.0405  0.0385  0.0524  0.0446  0.0388  0.0332  0.0334  0.0308  0.0351  0.0290  0.0319
niter,ni,del,rscale     7    3    5.0000    1.2000
parameter  2 -0.514959 -> -0.500000 qaram    1.1500
parameters
   -5.4115    3.4953    1.2162  -14.1550  -16.1220  -10.0893
  -11.7119   -3.2276   11.5981   18.5205    2.7433  -27.0808
eta,q 0.97550 13.90082
  0.0320  0.0327  0.0297  0.0263  0.0266  0.0275  0.0268  0.0285  0.0261  0.0286  0.0254  0.0270
  0.0294  0.0302  0.0280  0.0253  0.0254  0.0262  0.0255  0.0265  0.0253  0.0264  0.0250  0.0252
  0.0276  0.0281  0.0267  0.0246  0.0246  0.0253  0.0248  0.0252  0.0249  0.0251  0.0248  0.0245
  0.0267  0.0266  0.0258  0.0254  0.0248  0.0246  0.0248  0.0247  0.0247  0.0247  0.0247  0.0247
  0.0269  0.0259  0.0255  0.0291  0.0272  0.0246  0.0253  0.0251  0.0248  0.0251  0.0248  0.0256
  0.0282  0.0259  0.0255  0.0345  0.0315  0.0263  0.0264  0.0262  0.0252  0.0262  0.0250  0.0268
  0.0303  0.0266  0.0261  0.0397  0.0363  0.0300  0.0279  0.0283  0.0260  0.0281  0.0254  0.0282
niter,ni,del,rscale     7    3    5.0000    1.2000
parameters
   -5.5055    4.4759    1.2284  -14.9523  -17.2334  -10.3723
  -11.5727   -3.3917   11.6193   19.2253    2.2128  -27.9225
eta,q 0.97558 13.80426
  0.0274  0.0295  0.0257  0.0276  0.0281  0.0277  0.0273  0.0279  0.0256  0.0288  0.0250  0.0271
  0.0257  0.0272  0.0248  0.0260  0.0264  0.0263  0.0257  0.0261  0.0250  0.0264  0.0247  0.0253
  0.0247  0.0255  0.0243  0.0249  0.0251  0.0252  0.0248  0.0249  0.0246  0.0250  0.0246  0.0244
  0.0245  0.0245  0.0241  0.0241  0.0243  0.0245  0.0245  0.0245  0.0245  0.0245  0.0245  0.0245
  0.0249  0.0241  0.0242  0.0238  0.0248  0.0243  0.0248  0.0249  0.0246  0.0248  0.0246  0.0253
  0.0260  0.0243  0.0248  0.0261  0.0275  0.0259  0.0256  0.0261  0.0250  0.0258  0.0248  0.0264
  0.0278  0.0254  0.0256  0.0306  0.0315  0.0291  0.0270  0.0283  0.0256  0.0274  0.0252  0.0276
niter,ni,del,rscale     6    3    5.0000    1.2000
parameters
   -5.5500    4.6087    1.0229  -14.6970  -17.5099  -10.2896
  -11.4770   -3.5000   11.8046   19.7171    1.8035  -28.4985
eta,q 0.97567 13.82503
  0.0272  0.0274  0.0256  0.0281  0.0286  0.0279  0.0271  0.0279  0.0255  0.0285  0.0249  0.0272
  0.0256  0.0258  0.0249  0.0265  0.0269  0.0264  0.0255  0.0259  0.0249  0.0261  0.0246  0.0254
  0.0247  0.0248  0.0245  0.0253  0.0254  0.0252  0.0247  0.0248  0.0245  0.0248  0.0244  0.0244
  0.0244  0.0244  0.0244  0.0244  0.0243  0.0244  0.0244  0.0244  0.0244  0.0244  0.0244  0.0244
  0.0248  0.0246  0.0247  0.0238  0.0243  0.0242  0.0247  0.0248  0.0245  0.0247  0.0244  0.0251
  0.0258  0.0254  0.0252  0.0251  0.0264  0.0256  0.0255  0.0260  0.0248  0.0258  0.0247  0.0262
  0.0274  0.0268  0.0260  0.0288  0.0302  0.0285  0.0269  0.0282  0.0254  0.0275  0.0251  0.0275
niter,ni,del,rscale     5    3    5.0000    1.2000
parameters
   -5.5462    4.6126    0.9053  -14.6007  -17.6572  -10.2086
  -11.4591   -3.5456   11.9239   20.0202    1.5643  -28.8434
eta,q 0.97572 13.83796
  0.0272  0.0270  0.0256  0.0280  0.0287  0.0279  0.0269  0.0279  0.0254  0.0283  0.0249  0.0273
  0.0256  0.0255  0.0248  0.0264  0.0269  0.0264  0.0254  0.0259  0.0248  0.0260  0.0245  0.0256
  0.0246  0.0246  0.0244  0.0252  0.0254  0.0252  0.0246  0.0247  0.0245  0.0247  0.0244  0.0244
  0.0243  0.0243  0.0243  0.0243  0.0243  0.0243  0.0243  0.0243  0.0243  0.0243  0.0243  0.0243
  0.0247  0.0246  0.0246  0.0237  0.0242  0.0241  0.0246  0.0247  0.0244  0.0247  0.0244  0.0250
  0.0256  0.0255  0.0251  0.0252  0.0262  0.0255  0.0255  0.0259  0.0247  0.0259  0.0246  0.0261
  0.0272  0.0269  0.0259  0.0291  0.0300  0.0285  0.0269  0.0281  0.0254  0.0276  0.0250  0.0274
niter,ni,del,rscale     4    3    5.0000    1.2000
parameters
   -5.5424    4.6132    0.8414  -14.5584  -17.7602  -10.1762
  -11.4589   -3.5656   11.9965   20.1922    1.4286  -29.0554
eta,q 0.97573 13.84325
  0.0272  0.0270  0.0257  0.0280  0.0287  0.0279  0.0269  0.0279  0.0254  0.0282  0.0249  0.0274
  0.0256  0.0255  0.0249  0.0264  0.0269  0.0263  0.0254  0.0259  0.0248  0.0259  0.0245  0.0257
  0.0246  0.0245  0.0244  0.0252  0.0254  0.0252  0.0246  0.0247  0.0244  0.0246  0.0243  0.0244
  0.0243  0.0243  0.0243  0.0243  0.0243  0.0243  0.0243  0.0243  0.0243  0.0243  0.0243  0.0243
  0.0246  0.0246  0.0245  0.0237  0.0242  0.0241  0.0246  0.0247  0.0244  0.0248  0.0243  0.0250
  0.0256  0.0255  0.0250  0.0253  0.0262  0.0256  0.0255  0.0259  0.0247  0.0259  0.0245  0.0261
  0.0272  0.0269  0.0258  0.0291  0.0299  0.0286  0.0268  0.0280  0.0254  0.0276  0.0249  0.0274
niter,ni,del,rscale     3    3    5.0000    1.2000
parameters
   -5.5404    4.6180    0.8045  -14.5319  -17.8257  -10.1654
  -11.4573   -3.5764   12.0266   20.2998    1.3587  -29.1951
eta,q 0.97574 13.84563
  0.0272  0.0269  0.0257  0.0280  0.0287  0.0279  0.0269  0.0280  0.0254  0.0281  0.0249  0.0275
  0.0256  0.0254  0.0249  0.0264  0.0269  0.0263  0.0254  0.0259  0.0248  0.0258  0.0245  0.0257
  0.0246  0.0245  0.0244  0.0252  0.0254  0.0252  0.0245  0.0247  0.0244  0.0246  0.0243  0.0244
  0.0243  0.0243  0.0243  0.0243  0.0243  0.0243  0.0243  0.0243  0.0243  0.0243  0.0243  0.0243
  0.0246  0.0246  0.0245  0.0237  0.0242  0.0241  0.0246  0.0247  0.0243  0.0248  0.0243  0.0250
  0.0256  0.0255  0.0250  0.0253  0.0261  0.0256  0.0254  0.0258  0.0247  0.0259  0.0245  0.0261
  0.0272  0.0269  0.0258  0.0292  0.0299  0.0287  0.0268  0.0280  0.0254  0.0277  0.0249  0.0273
niter,ni,del,rscale     2    3    5.0000    1.2000
parameters
   -5.5409    4.6193    0.7813  -14.5201  -17.8662  -10.1589
  -11.4507   -3.5838   12.0611   20.3666    1.2934  -29.2791
eta,q 0.97574 13.84708
  0.0272  0.0269  0.0257  0.0280  0.0287  0.0279  0.0269  0.0280  0.0254  0.0281  0.0249  0.0275
  0.0256  0.0254  0.0249  0.0264  0.0269  0.0263  0.0254  0.0259  0.0247  0.0258  0.0245  0.0258
  0.0246  0.0245  0.0244  0.0252  0.0254  0.0251  0.0245  0.0247  0.0244  0.0245  0.0243  0.0244
  0.0243  0.0243  0.0243  0.0243  0.0243  0.0243  0.0243  0.0243  0.0243  0.0243  0.0243  0.0243
  0.0246  0.0246  0.0245  0.0237  0.0241  0.0241  0.0246  0.0247  0.0243  0.0248  0.0243  0.0250
  0.0256  0.0255  0.0250  0.0253  0.0261  0.0256  0.0254  0.0258  0.0247  0.0260  0.0245  0.0260
  0.0272  0.0269  0.0257  0.0292  0.0299  0.0287  0.0268  0.0280  0.0254  0.0277  0.0249  0.0273
registration optimization eta report
parameter search radius
    2.4000    2.7600    2.4000    9.5220    9.5220    8.2800
    7.2000    7.2000    7.2000    8.2800    7.2000    9.5220
100000*second partial in parameter space
       51.       35.       26.        5.        6.        6.
        5.        7.        2.        5.        1.        3.
  0.0272  0.0269  0.0257  0.0280  0.0287  0.0279  0.0269  0.0280  0.0254  0.0281  0.0249  0.0275
  0.0256  0.0254  0.0249  0.0264  0.0269  0.0263  0.0254  0.0259  0.0247  0.0258  0.0245  0.0258
  0.0246  0.0245  0.0244  0.0252  0.0254  0.0251  0.0245  0.0247  0.0244  0.0245  0.0243  0.0244
  0.0243  0.0243  0.0243  0.0243  0.0243  0.0243  0.0243  0.0243  0.0243  0.0243  0.0243  0.0243
  0.0246  0.0246  0.0245  0.0237  0.0241  0.0241  0.0246  0.0247  0.0243  0.0248  0.0243  0.0250
  0.0256  0.0255  0.0250  0.0253  0.0261  0.0256  0.0254  0.0258  0.0247  0.0260  0.0245  0.0260
  0.0272  0.0269  0.0257  0.0292  0.0299  0.0287  0.0268  0.0280  0.0254  0.0277  0.0249  0.0273
   -5.5409    4.6193    0.7813  -14.5201  -17.8662  -10.1589
  -11.4507   -3.5838   12.0611   20.3666    1.2934  -29.2791
eta,q 0.97574 13.84708

---------------------------------------------------------------------
imgreg_4dfp /opt/freesurfer/average/711-2C_as_mni_average_305 /opt/freesurfer/average/711-2B_as_mni_average_305_mask talsrcimg_g11 none talsrcimg_to_711-2C_as_mni_average_305_t4 2311
---------------------------------------------------------------------

freesurfer imgreg_4dfp.c
/opt/freesurfer/average/711-2C_as_mni_average_305.4dfp.img
       256       256       256         1
  1.000000  1.000000  1.000000
orientation T byte_order littleendian
Reading image: /opt/freesurfer/average/711-2C_as_mni_average_305.4dfp.img
dimensions:      256       256       256
mmppix:       1.0000   -1.0000   -1.0000
center:     128.0000 -129.0000 -129.0000
/opt/freesurfer/average/711-2B_as_mni_average_305_mask.4dfp.img
       256       256       256         1
  1.000000  1.000000  1.000000
orientation T byte_order littleendian
Reading mask: /opt/freesurfer/average/711-2B_as_mni_average_305_mask.4dfp.img (2306576 pixels)
talsrcimg_g11.4dfp.img
       256       256       256         1
  1.000000  1.000000  1.000000
orientation T byte_order littleendian
Reading image: talsrcimg_g11.4dfp.img
dimensions:      256       256       256
mmppix:       1.0000   -1.0000   -1.0000
center:     128.0000 -129.0000 -129.0000
fimgreg.f
image alignment mode   2311 decimal      907 hex
parameters
   -5.5409    4.6193    0.7813  -14.5201  -17.8662  -10.1589
  -11.4507   -3.5838   12.0611   20.3666    1.2934  -29.2791
eta,q 0.97574 13.84708
niter,ni,del,rscale     5    3    5.0000    0.8000
parameter  4 -0.661460 -> -0.500000 qaram    1.1500
parameters
   -5.5429    4.5799    0.7022  -11.7601  -16.9016   -9.9210
  -11.1416   -3.5748   11.8549   20.5797    0.6883  -29.3312
eta,q 0.97658 14.02556
  0.0256  0.0251  0.0249  0.0257  0.0256  0.0252  0.0255  0.0259  0.0242  0.0252  0.0238  0.0247
  0.0248  0.0246  0.0245  0.0252  0.0248  0.0245  0.0244  0.0245  0.0238  0.0242  0.0236  0.0239
  0.0244  0.0243  0.0243  0.0247  0.0242  0.0239  0.0237  0.0237  0.0235  0.0236  0.0234  0.0235
  0.0243  0.0243  0.0243  0.0243  0.0236  0.0235  0.0234  0.0234  0.0234  0.0234  0.0234  0.0234
  0.0244  0.0244  0.0244  0.0238  0.0234  0.0234  0.0236  0.0237  0.0235  0.0236  0.0235  0.0236
  0.0248  0.0247  0.0246  0.0236  0.0237  0.0239  0.0241  0.0245  0.0239  0.0241  0.0238  0.0241
  0.0256  0.0252  0.0250  0.0241  0.0247  0.0252  0.0250  0.0258  0.0244  0.0248  0.0241  0.0247
niter,ni,del,rscale     5    3    5.0000    0.8000
parameters
   -5.5564    4.4567    0.6351  -12.7982  -16.7630   -9.6035
  -11.1864   -3.5856   12.2077   20.7113    0.7810  -29.3091
eta,q 0.97653 14.02068
  0.0253  0.0244  0.0242  0.0249  0.0252  0.0252  0.0250  0.0256  0.0244  0.0252  0.0240  0.0249
  0.0243  0.0238  0.0237  0.0243  0.0245  0.0245  0.0241  0.0244  0.0239  0.0242  0.0237  0.0240
  0.0236  0.0235  0.0235  0.0238  0.0239  0.0239  0.0236  0.0237  0.0236  0.0236  0.0235  0.0236
  0.0234  0.0234  0.0234  0.0234  0.0236  0.0235  0.0235  0.0235  0.0235  0.0235  0.0235  0.0235
  0.0237  0.0236  0.0235  0.0238  0.0236  0.0234  0.0237  0.0237  0.0235  0.0237  0.0235  0.0237
  0.0243  0.0241  0.0238  0.0252  0.0241  0.0239  0.0242  0.0244  0.0237  0.0242  0.0237  0.0241
  0.0254  0.0248  0.0243  0.0273  0.0253  0.0251  0.0250  0.0256  0.0242  0.0249  0.0239  0.0247
niter,ni,del,rscale     4    3    5.0000    0.7000
parameters
   -5.5213    4.4592    0.7268  -12.8103  -16.6638   -9.3743
  -11.2812   -3.6354   12.2700   20.7415    0.6982  -29.2266
eta,q 0.97658 14.03572
  0.0248  0.0244  0.0242  0.0249  0.0248  0.0248  0.0246  0.0251  0.0241  0.0247  0.0238  0.0246
  0.0241  0.0239  0.0238  0.0244  0.0242  0.0243  0.0239  0.0241  0.0237  0.0240  0.0236  0.0239
  0.0236  0.0236  0.0236  0.0239  0.0238  0.0238  0.0235  0.0236  0.0235  0.0235  0.0234  0.0235
  0.0235  0.0235  0.0235  0.0235  0.0235  0.0235  0.0234  0.0234  0.0234  0.0234  0.0234  0.0234
  0.0236  0.0236  0.0235  0.0234  0.0235  0.0234  0.0236  0.0236  0.0235  0.0236  0.0235  0.0236
  0.0240  0.0239  0.0237  0.0240  0.0240  0.0238  0.0240  0.0242  0.0237  0.0240  0.0236  0.0239
  0.0247  0.0244  0.0240  0.0254  0.0249  0.0248  0.0247  0.0251  0.0241  0.0246  0.0238  0.0244
niter,ni,del,rscale     3    3    5.0000    0.6000
parameters
   -5.5164    4.4618    0.7649  -12.6165  -16.5995   -9.2156
  -11.3208   -3.6341   12.2529   20.7565    0.6571  -29.1483
eta,q 0.97664 14.05187
  0.0244  0.0241  0.0240  0.0247  0.0244  0.0245  0.0243  0.0247  0.0238  0.0243  0.0237  0.0242
  0.0239  0.0237  0.0237  0.0242  0.0240  0.0240  0.0237  0.0239  0.0236  0.0238  0.0235  0.0237
  0.0235  0.0235  0.0235  0.0238  0.0236  0.0236  0.0234  0.0235  0.0234  0.0235  0.0234  0.0234
  0.0234  0.0234  0.0234  0.0234  0.0234  0.0234  0.0234  0.0234  0.0234  0.0234  0.0234  0.0234
  0.0235  0.0235  0.0235  0.0233  0.0234  0.0233  0.0235  0.0235  0.0234  0.0235  0.0234  0.0235
  0.0238  0.0237  0.0236  0.0237  0.0238  0.0237  0.0238  0.0239  0.0236  0.0238  0.0235  0.0237
  0.0244  0.0241  0.0239  0.0247  0.0245  0.0245  0.0243  0.0246  0.0239  0.0243  0.0237  0.0241
niter,ni,del,rscale     2    3    5.0000    0.5000
parameters
   -5.5178    4.4489    0.7801  -12.4103  -16.5284   -9.0490
  -11.3265   -3.6278   12.2386   20.7924    0.6426  -29.0782
eta,q 0.97669 14.06923
  0.0241  0.0238  0.0237  0.0243  0.0241  0.0241  0.0240  0.0242  0.0237  0.0240  0.0235  0.0240
  0.0237  0.0236  0.0235  0.0240  0.0238  0.0238  0.0236  0.0237  0.0235  0.0236  0.0234  0.0236
  0.0234  0.0234  0.0234  0.0236  0.0235  0.0235  0.0234  0.0234  0.0234  0.0234  0.0233  0.0234
  0.0234  0.0234  0.0234  0.0234  0.0233  0.0233  0.0233  0.0233  0.0233  0.0233  0.0233  0.0233
  0.0234  0.0234  0.0234  0.0233  0.0234  0.0233  0.0234  0.0234  0.0233  0.0234  0.0233  0.0234
  0.0237  0.0236  0.0235  0.0236  0.0236  0.0235  0.0236  0.0237  0.0235  0.0236  0.0234  0.0236
  0.0241  0.0239  0.0237  0.0243  0.0241  0.0241  0.0240  0.0242  0.0237  0.0240  0.0235  0.0239
niter,ni,del,rscale     1    3    5.0000    0.4000
parameters
   -5.5233    4.4271    0.7880  -12.2232  -16.4681   -8.8802
  -11.3156   -3.6205   12.2123   20.8495    0.6398  -29.0293
eta,q 0.97673 14.08577
  0.0238  0.0236  0.0236  0.0240  0.0238  0.0239  0.0237  0.0239  0.0235  0.0238  0.0234  0.0237
  0.0235  0.0234  0.0234  0.0237  0.0236  0.0236  0.0235  0.0235  0.0234  0.0235  0.0233  0.0234
  0.0234  0.0233  0.0233  0.0235  0.0234  0.0234  0.0233  0.0233  0.0233  0.0233  0.0233  0.0233
  0.0233  0.0233  0.0233  0.0233  0.0233  0.0233  0.0233  0.0233  0.0233  0.0233  0.0233  0.0233
  0.0234  0.0233  0.0233  0.0233  0.0233  0.0233  0.0233  0.0233  0.0233  0.0233  0.0233  0.0233
  0.0235  0.0235  0.0234  0.0235  0.0235  0.0234  0.0235  0.0235  0.0234  0.0235  0.0233  0.0234
  0.0238  0.0236  0.0235  0.0240  0.0238  0.0238  0.0237  0.0239  0.0235  0.0237  0.0234  0.0236
registration optimization eta report
parameter search radius
    0.8000    0.8000    0.8000    2.7600    2.4000    2.4000
    2.4000    2.4000    2.4000    2.4000    2.4000    2.4000
100000*second partial in parameter space
       74.       50.       38.        9.        9.        9.
        8.       11.        4.        8.        3.        7.
  0.0238  0.0236  0.0236  0.0240  0.0238  0.0239  0.0237  0.0239  0.0235  0.0238  0.0234  0.0237
  0.0235  0.0234  0.0234  0.0237  0.0236  0.0236  0.0235  0.0235  0.0234  0.0235  0.0233  0.0234
  0.0234  0.0233  0.0233  0.0235  0.0234  0.0234  0.0233  0.0233  0.0233  0.0233  0.0233  0.0233
  0.0233  0.0233  0.0233  0.0233  0.0233  0.0233  0.0233  0.0233  0.0233  0.0233  0.0233  0.0233
  0.0234  0.0233  0.0233  0.0233  0.0233  0.0233  0.0233  0.0233  0.0233  0.0233  0.0233  0.0233
  0.0235  0.0235  0.0234  0.0235  0.0235  0.0234  0.0235  0.0235  0.0234  0.0235  0.0233  0.0234
  0.0238  0.0236  0.0235  0.0240  0.0238  0.0238  0.0237  0.0239  0.0235  0.0237  0.0234  0.0236
   -5.5233    4.4271    0.7880  -12.2232  -16.4681   -8.8802
  -11.3156   -3.6205   12.2123   20.8495    0.6398  -29.0293
eta,q 0.97673 14.08577

---------------------------------------------------------------------
imgreg_4dfp /opt/freesurfer/average/711-2C_as_mni_average_305 /opt/freesurfer/average/711-2B_as_mni_average_305_mask talsrcimg_g11 none talsrcimg_to_711-2C_as_mni_average_305_t4 2311
---------------------------------------------------------------------

freesurfer imgreg_4dfp.c
/opt/freesurfer/average/711-2C_as_mni_average_305.4dfp.img
       256       256       256         1
  1.000000  1.000000  1.000000
orientation T byte_order littleendian
Reading image: /opt/freesurfer/average/711-2C_as_mni_average_305.4dfp.img
dimensions:      256       256       256
mmppix:       1.0000   -1.0000   -1.0000
center:     128.0000 -129.0000 -129.0000
/opt/freesurfer/average/711-2B_as_mni_average_305_mask.4dfp.img
       256       256       256         1
  1.000000  1.000000  1.000000
orientation T byte_order littleendian
Reading mask: /opt/freesurfer/average/711-2B_as_mni_average_305_mask.4dfp.img (2306576 pixels)
talsrcimg_g11.4dfp.img
       256       256       256         1
  1.000000  1.000000  1.000000
orientation T byte_order littleendian
Reading image: talsrcimg_g11.4dfp.img
dimensions:      256       256       256
mmppix:       1.0000   -1.0000   -1.0000
center:     128.0000 -129.0000 -129.0000
fimgreg.f
image alignment mode   2311 decimal      907 hex
parameters
   -5.5233    4.4271    0.7880  -12.2232  -16.4681   -8.8802
  -11.3156   -3.6205   12.2123   20.8495    0.6398  -29.0293
eta,q 0.97673 14.08576
niter,ni,del,rscale     5    3    5.0000    0.8000
parameters
   -5.5364    4.3826    0.8155  -12.8521  -16.8038   -9.2091
  -11.3226   -3.5930   12.2422   20.5695    0.7893  -29.0535
eta,q 0.97657 14.02737
  0.0252  0.0244  0.0243  0.0246  0.0249  0.0250  0.0250  0.0257  0.0242  0.0248  0.0240  0.0248
  0.0241  0.0238  0.0237  0.0241  0.0242  0.0243  0.0241  0.0244  0.0238  0.0240  0.0237  0.0240
  0.0235  0.0234  0.0234  0.0236  0.0236  0.0238  0.0236  0.0237  0.0236  0.0235  0.0235  0.0235
  0.0233  0.0233  0.0233  0.0233  0.0234  0.0234  0.0235  0.0234  0.0234  0.0235  0.0234  0.0234
  0.0235  0.0234  0.0234  0.0235  0.0235  0.0235  0.0236  0.0237  0.0235  0.0237  0.0235  0.0237
  0.0242  0.0239  0.0237  0.0245  0.0243  0.0244  0.0241  0.0244  0.0238  0.0243  0.0236  0.0241
  0.0252  0.0246  0.0242  0.0261  0.0257  0.0259  0.0249  0.0256  0.0242  0.0251  0.0239  0.0247
niter,ni,del,rscale     4    3    5.0000    0.7000
parameters
   -5.5142    4.4702    0.8175  -12.6514  -16.7323   -9.2921
  -11.3092   -3.6138   12.1982   20.5775    0.6906  -29.0868
eta,q 0.97660 14.03328
  0.0248  0.0244  0.0241  0.0247  0.0248  0.0247  0.0246  0.0251  0.0240  0.0247  0.0238  0.0244
  0.0241  0.0239  0.0237  0.0242  0.0242  0.0241  0.0239  0.0241  0.0237  0.0239  0.0235  0.0238
  0.0236  0.0236  0.0235  0.0238  0.0237  0.0237  0.0235  0.0236  0.0235  0.0235  0.0234  0.0235
  0.0234  0.0234  0.0234  0.0234  0.0234  0.0234  0.0234  0.0234  0.0234  0.0234  0.0234  0.0234
  0.0236  0.0235  0.0235  0.0233  0.0234  0.0234  0.0235  0.0236  0.0235  0.0236  0.0234  0.0236
  0.0240  0.0238  0.0237  0.0237  0.0239  0.0240  0.0239  0.0242  0.0237  0.0240  0.0236  0.0239
  0.0247  0.0242  0.0241  0.0248  0.0249  0.0251  0.0246  0.0251  0.0241  0.0246  0.0238  0.0244
niter,ni,del,rscale     3    3    5.0000    0.6000
parameters
   -5.5198    4.4698    0.7915  -12.4316  -16.6385   -9.2369
  -11.3066   -3.5995   12.1839   20.6498    0.6554  -29.0972
eta,q 0.97666 14.04990
  0.0244  0.0241  0.0239  0.0244  0.0244  0.0244  0.0243  0.0247  0.0238  0.0243  0.0236  0.0242
  0.0238  0.0237  0.0236  0.0240  0.0240  0.0239  0.0237  0.0239  0.0236  0.0238  0.0235  0.0237
  0.0235  0.0235  0.0234  0.0237  0.0236  0.0236  0.0234  0.0235  0.0234  0.0234  0.0234  0.0234
  0.0234  0.0234  0.0234  0.0234  0.0234  0.0233  0.0233  0.0233  0.0233  0.0233  0.0233  0.0233
  0.0235  0.0235  0.0235  0.0233  0.0234  0.0233  0.0235  0.0235  0.0234  0.0235  0.0234  0.0235
  0.0238  0.0237  0.0236  0.0236  0.0237  0.0237  0.0238  0.0239  0.0236  0.0238  0.0235  0.0237
  0.0244  0.0241  0.0239  0.0244  0.0245  0.0245  0.0243  0.0246  0.0239  0.0242  0.0236  0.0241
niter,ni,del,rscale     2    3    5.0000    0.5000
parameters
   -5.5232    4.4437    0.7800  -12.2499  -16.5521   -9.0889
  -11.2967   -3.5976   12.1755   20.7454    0.6520  -29.0814
eta,q 0.97670 14.06910
  0.0241  0.0238  0.0237  0.0241  0.0241  0.0241  0.0240  0.0243  0.0237  0.0240  0.0235  0.0239
  0.0237  0.0235  0.0235  0.0238  0.0238  0.0238  0.0236  0.0237  0.0235  0.0236  0.0234  0.0235
  0.0234  0.0234  0.0234  0.0236  0.0235  0.0235  0.0234  0.0234  0.0233  0.0234  0.0233  0.0233
  0.0233  0.0233  0.0233  0.0233  0.0233  0.0233  0.0233  0.0233  0.0233  0.0233  0.0233  0.0233
  0.0234  0.0234  0.0234  0.0233  0.0234  0.0233  0.0234  0.0234  0.0233  0.0234  0.0233  0.0234
  0.0237  0.0236  0.0235  0.0236  0.0236  0.0235  0.0236  0.0237  0.0235  0.0236  0.0234  0.0236
  0.0241  0.0238  0.0237  0.0241  0.0241  0.0241  0.0240  0.0242  0.0237  0.0239  0.0235  0.0239
niter,ni,del,rscale     1    3    5.0000    0.4000
parameters
   -5.5280    4.4183    0.7725  -12.1058  -16.4911   -8.9202
  -11.2904   -3.5966   12.1698   20.8335    0.6369  -29.0488
eta,q 0.97674 14.08582
  0.0238  0.0236  0.0235  0.0239  0.0238  0.0238  0.0237  0.0239  0.0235  0.0238  0.0234  0.0237
  0.0235  0.0234  0.0234  0.0236  0.0236  0.0236  0.0235  0.0235  0.0234  0.0235  0.0233  0.0234
  0.0233  0.0233  0.0233  0.0234  0.0234  0.0234  0.0233  0.0233  0.0233  0.0233  0.0233  0.0233
  0.0233  0.0233  0.0233  0.0233  0.0233  0.0233  0.0233  0.0233  0.0233  0.0233  0.0233  0.0233
  0.0233  0.0233  0.0233  0.0233  0.0233  0.0233  0.0233  0.0233  0.0233  0.0233  0.0233  0.0233
  0.0235  0.0235  0.0234  0.0235  0.0235  0.0234  0.0235  0.0235  0.0234  0.0235  0.0233  0.0234
  0.0238  0.0236  0.0235  0.0238  0.0238  0.0238  0.0237  0.0239  0.0235  0.0237  0.0234  0.0236
registration optimization eta report
parameter search radius
    0.8000    0.8000    0.8000    2.4000    2.4000    2.4000
    2.4000    2.4000    2.4000    2.4000    2.4000    2.4000
100000*second partial in parameter space
       76.       49.       39.       10.        9.        9.
        8.       11.        4.        8.        3.        7.
  0.0238  0.0236  0.0235  0.0239  0.0238  0.0238  0.0237  0.0239  0.0235  0.0238  0.0234  0.0237
  0.0235  0.0234  0.0234  0.0236  0.0236  0.0236  0.0235  0.0235  0.0234  0.0235  0.0233  0.0234
  0.0233  0.0233  0.0233  0.0234  0.0234  0.0234  0.0233  0.0233  0.0233  0.0233  0.0233  0.0233
  0.0233  0.0233  0.0233  0.0233  0.0233  0.0233  0.0233  0.0233  0.0233  0.0233  0.0233  0.0233
  0.0233  0.0233  0.0233  0.0233  0.0233  0.0233  0.0233  0.0233  0.0233  0.0233  0.0233  0.0233
  0.0235  0.0235  0.0234  0.0235  0.0235  0.0234  0.0235  0.0235  0.0234  0.0235  0.0233  0.0234
  0.0238  0.0236  0.0235  0.0238  0.0238  0.0238  0.0237  0.0239  0.0235  0.0237  0.0234  0.0236
   -5.5280    4.4183    0.7725  -12.1058  -16.4911   -8.9202
  -11.2904   -3.5966   12.1698   20.8335    0.6369  -29.0488
eta,q 0.97674 14.08582

---------------------------------------------------------------------
compute_vox2vox talsrcimg talsrcimg_to_711-2C_as_mni_average_305_t4 /opt/freesurfer/average/711-2C_as_mni_average_305
---------------------------------------------------------------------

freesurfer compute_vox2vox.c
Reading: talsrcimg.4dfp.ifh
Reading: talsrcimg_to_711-2C_as_mni_average_305_t4
Reading: /opt/freesurfer/average/711-2C_as_mni_average_305.4dfp.ifh
Writing: talsrcimg_to_711-2C_as_mni_average_305_t4_vox2vox.txt

start time Thu Mar 12 11:10:09 CET 2026
end		time Thu Mar 12 11:11:39 CET 2026

mpr2mni305 success

avi2talxfm orig_nu.mgz /opt/freesurfer/average/mni305.cor.mgz talsrcimg_to_711-2C_as_mni_average_305_t4_vox2vox.txt transforms/talairach.auto.xfm
avi2talxfm done
mv -f /out/sourcedata/freesurfer/sub-v1s12x0050106_ses-1/mri/talsrcimg_to_711-2C_as_mni_average_305_t4_vox2vox.txt /out/sourcedata/freesurfer/sub-v1s12x0050106_ses-1/mri/transforms/talsrcimg_to_711-2C_as_mni_average_305_t4_vox2vox.txt
lta_convert --src orig_nu.mgz --trg /opt/freesurfer/average/mni305.cor.mgz --inxfm transforms/talairach.auto.xfm --outlta transforms/talairach.auto.xfm.lta --subject fsaverage
7.3.2

--src: orig_nu.mgz src image (geometry).
--trg: /opt/freesurfer/average/mni305.cor.mgz trg image (geometry).
--inmni: transforms/talairach.auto.xfm input MNI/XFM transform.
--outlta: transforms/talairach.auto.xfm.lta output LTA.
--s: fsaverage subject name
 LTA read, type : 1
 1.11634   0.00886   0.15401   23.82471;
-0.05529   1.01658   0.34614  -8.68515;
-0.14889  -0.25490   1.08868   31.59831;
 0.00000   0.00000   0.00000   1.00000;
setting subject to fsaverage
Writing  LTA to file transforms/talairach.auto.xfm.lta...
lta_convert successful.
 
 
Started at Thu Mar 12 11:10:09 CET 2026
Ended   at Thu Mar 12 11:11:39 CET 2026
talairach_avi done
