/out/sourcedata/freesurfer/sub-v1s12x0050108_ses-1/mri
/opt/freesurfer/bin/talairach_avi
--i orig_nu.mgz --xfm transforms/talairach.auto.xfm
talairach_avi 7.3.2
Linux dna079 5.14.0-427.37.1.el9_4.x86_64 #1 SMP PREEMPT_DYNAMIC Fri Sep 13 12:41:50 EDT 2024 x86_64 x86_64 x86_64 GNU/Linux
Sun Mar  8 12:45:18 CET 2026
mri_convert orig_nu.mgz talsrcimg.img 
reading from orig_nu.mgz...
TR=0.00, TE=0.00, TI=0.00, flip angle=0.00
i_ras = (-1, 0, 0)
j_ras = (0, 0, -1)
k_ras = (0, 1, 0)
writing to talsrcimg.img...
Analyze Output Matrix
-1.00000   0.00000   0.00000   135.80850;
 0.00000   0.00000   1.00000  -125.82082;
 0.00000  -1.00000   0.00000   122.96770;
 0.00000   0.00000   0.00000   1.00000;
--------------------
INFO: set hdr.hist.orient to -1
mpr2mni305 talsrcimg
Sun Mar  8 12:45:18 CET 2026
/opt/freesurfer/bin/mpr2mni305 talsrcimg
mpr2mni305 7.3.2
target=711-2C_as_mni_average_305

---------------------------------------------------------------------
analyzeto4dfp talsrcimg -O0 -y
---------------------------------------------------------------------

freesurfer ifh2hdr.c
Sun Mar  8 12:45:18 2026
Writing: talsrcimg.4dfp.hdr
freesurfer analyzeto4dfp.c
Reading: talsrcimg.hdr
header size 348 bytes
hdr.dime.datatype	offset=70	value=2
hdr.dime.bitpix		offset=72	value=8
hdr.hist.orient		offset=252	value=-1
dimensionality     4
dimensions       256       256       256         1
Reading: talsrcimg.img
Writing: talsrcimg.4dfp.img
Writing: talsrcimg.4dfp.ifh
ifh2hdr talsrcimg -r0to224
ori=2

---------------------------------------------------------------------
gauss_4dfp talsrcimg 1.1
---------------------------------------------------------------------

freesurfer gauss_4dfp.c
Reading: talsrcimg.4dfp.img
Writing: talsrcimg_g11.4dfp.img
image dimensions 256 256 256 padded to 288 288 288
processing volume 1freesurfer ifh2hdr.c
Sun Mar  8 12:45:20 2026
Writing: talsrcimg_g11.4dfp.hdr

Writing: talsrcimg_g11.4dfp.ifh
including: talsrcimg.4dfp.img.rec in talsrcimg_g11.4dfp.img.rec

---------------------------------------------------------------------
imgreg_4dfp /opt/freesurfer/average/711-2C_as_mni_average_305 none talsrcimg_g11 none talsrcimg_to_711-2C_as_mni_average_305_t4 4355
---------------------------------------------------------------------

freesurfer imgreg_4dfp.c
/opt/freesurfer/average/711-2C_as_mni_average_305.4dfp.img
       256       256       256         1
  1.000000  1.000000  1.000000
orientation T byte_order littleendian
Reading image: /opt/freesurfer/average/711-2C_as_mni_average_305.4dfp.img
dimensions:      256       256       256
mmppix:       1.0000   -1.0000   -1.0000
center:     128.0000 -129.0000 -129.0000
talsrcimg_g11.4dfp.img
       256       256       256         1
  1.000000  1.000000  1.000000
orientation T byte_order littleendian
Reading image: talsrcimg_g11.4dfp.img
dimensions:      256       256       256
mmppix:       1.0000   -1.0000   -1.0000
center:     128.0000 -129.0000 -129.0000
t4_read: open error in t4_sub.f l:  41 t4_file(1:l)talsrcimg_to_711-2C_as_mni_average_305_t4 
t4_read: transform initialized to I4
rotation matrix determinant  1.000000
image alignment mode   4355 decimal     1103 hex
   -7.5000  -45.0000  -45.0000 8355.4600   16.5758
    0.0000  -45.0000  -45.0000 8787.1025   16.5788
    7.5000  -45.0000  -45.0000 8459.7930   16.5845
   -7.5000  -37.5000  -45.0000 8905.9580   16.5863
    0.0000  -37.5000  -45.0000 9369.6719   16.5898
    7.5000  -37.5000  -45.0000 8992.5625   16.5954
   -7.5000  -30.0000  -45.0000 9696.0439   16.6044
    0.0000  -30.0000  -45.000010201.4062   16.6077
    7.5000  -30.0000  -45.0000 9785.6533   16.6131
   -7.5000  -22.5000  -45.000010373.8301   16.6106
    0.0000  -22.5000  -45.000010917.0195   16.6120
    7.5000  -22.5000  -45.000010473.7656   16.6170
   -7.5000  -15.0000  -45.000010992.2432   16.6002
    0.0000  -15.0000  -45.000011582.8838   16.6010
    7.5000  -15.0000  -45.000011099.2070   16.6069
   -7.5000   -7.5000  -45.000011604.3291   16.5822
    0.0000   -7.5000  -45.000012223.9502   16.5844
    7.5000   -7.5000  -45.000011719.9355   16.5908
   -7.5000    0.0000  -45.000012150.6328   16.5745
    0.0000    0.0000  -45.000012783.7979   16.5775
    7.5000    0.0000  -45.000012256.8350   16.5831
   -7.5000    7.5000  -45.000011744.0801   16.5863
    0.0000    7.5000  -45.000012348.0801   16.5898
    7.5000    7.5000  -45.000011828.9365   16.5954
   -7.5000   15.0000  -45.000011276.0400   16.6044
    0.0000   15.0000  -45.000011846.5195   16.6077
    7.5000   15.0000  -45.000011338.7500   16.6131
   -7.5000   22.5000  -45.000010551.4141   16.6083
    0.0000   22.5000  -45.000011088.9512   16.6097
    7.5000   22.5000  -45.000010600.2383   16.6147
   -7.5000   30.0000  -45.0000 9664.4678   16.3790
    0.0000   30.0000  -45.000010150.8467   16.3798
    7.5000   30.0000  -45.0000 9710.2129   16.3856
   -7.5000   37.5000  -45.0000 9171.3867   16.3612
    0.0000   37.5000  -45.0000 9615.6416   16.3634
    7.5000   37.5000  -45.0000 9187.5615   16.3697
   -7.5000   45.0000  -45.0000 8358.7402   15.9384
    0.0000   45.0000  -45.0000 8754.6680   15.9412
    7.5000   45.0000  -45.0000 8363.1982   15.9466
   -7.5000  -45.0000  -37.5000 8851.7217   16.4301
    0.0000  -45.0000  -37.5000 9310.9785   16.4346
    7.5000  -45.0000  -37.5000 8954.2998   16.4417
   -7.5000  -37.5000  -37.5000 9437.9482   16.4410
    0.0000  -37.5000  -37.5000 9924.5049   16.4443
    7.5000  -37.5000  -37.5000 9513.2939   16.4483
   -7.5000  -30.0000  -37.500010273.6504   16.4602
    0.0000  -30.0000  -37.500010814.6768   16.4613
    7.5000  -30.0000  -37.500010353.3516   16.4635
   -7.5000  -22.5000  -37.500011002.4824   16.4670
    0.0000  -22.5000  -37.500011572.9912   16.4663
    7.5000  -22.5000  -37.500011102.2607   16.4697
   -7.5000  -15.0000  -37.500011646.1318   16.4558
    0.0000  -15.0000  -37.500012279.0537   16.4568
    7.5000  -15.0000  -37.500011755.3232   16.4643
   -7.5000   -7.5000  -37.500012264.3018   16.4368
    0.0000   -7.5000  -37.500012922.6357   16.4408
    7.5000   -7.5000  -37.500012385.8008   16.4501
   -7.5000    0.0000  -37.500012809.5400   16.4288
    0.0000    0.0000  -37.500013481.3408   16.4333
    7.5000    0.0000  -37.500012910.2861   16.4403
   -7.5000    7.5000  -37.500012360.0605   16.4410
    0.0000    7.5000  -37.500013019.6455   16.4443
    7.5000    7.5000  -37.500012449.6572   16.4483
   -7.5000   15.0000  -37.500011835.4639   16.4602
    0.0000   15.0000  -37.500012478.4580   16.4613
    7.5000   15.0000  -37.500011907.2705   16.4635
   -7.5000   22.5000  -37.500011062.2607   16.4647
    0.0000   22.5000  -37.500011668.5303   16.4640
    7.5000   22.5000  -37.500011122.0811   16.4674
   -7.5000   30.0000  -37.500010132.7412   16.2365
    0.0000   30.0000  -37.500010657.9277   16.2375
    7.5000   30.0000  -37.500010164.5879   16.2449
   -7.5000   37.5000  -37.5000 9595.0371   16.2177
    0.0000   37.5000  -37.500010078.2510   16.2217
    7.5000   37.5000  -37.5000 9612.4355   16.2309
   -7.5000   45.0000  -37.5000 8716.5107   15.7982
    0.0000   45.0000  -37.5000 9146.1201   15.8026
    7.5000   45.0000  -37.5000 8732.7373   15.8094
   -7.5000  -45.0000  -30.0000 9532.6328   17.0477
    0.0000  -45.0000  -30.000010029.7764   17.0573
    7.5000  -45.0000  -30.0000 9619.8643   17.0699
   -7.5000  -37.5000  -30.000010130.8760   17.0518
    0.0000  -37.5000  -30.000010667.0908   17.0607
    7.5000  -37.5000  -30.000010223.1738   17.0700
   -7.5000  -30.0000  -30.000011024.3330   17.0692
    0.0000  -30.0000  -30.000011609.9346   17.0724
    7.5000  -30.0000  -30.000011128.3232   17.0775
   -7.5000  -22.5000  -30.000011804.0820   17.0808
    0.0000  -22.5000  -30.000012440.6104   17.0780
    7.5000  -22.5000  -30.000011920.7910   17.0824
   -7.5000  -15.0000  -30.000012509.2754   17.0755
    0.0000  -15.0000  -30.000013214.0947   17.0738
    7.5000  -15.0000  -30.000012634.5498   17.0830
   -7.5000   -7.5000  -30.000013150.9961   17.0585
    0.0000   -7.5000  -30.000013901.5391   17.0634
    7.5000   -7.5000  -30.000013282.4395   17.0766
   -7.5000    0.0000  -30.000013721.8076   17.0464
    0.0000    0.0000  -30.000014468.5303   17.0560
    7.5000    0.0000  -30.000013826.2783   17.0685
   -7.5000    7.5000  -30.000013218.3447   17.0518
    0.0000    7.5000  -30.000013946.7109   17.0607
    7.5000    7.5000  -30.000013312.1514   17.0700
   -7.5000   15.0000  -30.000012647.2988   17.0692
    0.0000   15.0000  -30.000013326.2471   17.0724
    7.5000   15.0000  -30.000012708.5566   17.0775
   -7.5000   22.5000  -30.000011807.4287   17.0767
    0.0000   22.5000  -30.000012464.6201   17.0739
    7.5000   22.5000  -30.000011885.7080   17.0783
   -7.5000   30.0000  -30.000010808.7686   16.8496
    0.0000   30.0000  -30.000011379.2939   16.8479
    7.5000   30.0000  -30.000010862.2607   16.8569
   -7.5000   37.5000  -30.000010198.5078   16.8328
    0.0000   37.5000  -30.000010720.2510   16.8377
    7.5000   37.5000  -30.000010241.2861   16.8507
   -7.5000   45.0000  -30.0000 9245.6318   16.4042
    0.0000   45.0000  -30.0000 9701.0371   16.4134
    7.5000   45.0000  -30.0000 9269.6885   16.4255
   -7.5000  -45.0000  -22.500010243.4541   17.6175
    0.0000  -45.0000  -22.500010781.6133   17.6305
    7.5000  -45.0000  -22.500010334.5996   17.6492
   -7.5000  -37.5000  -22.500010882.5889   17.6146
    0.0000  -37.5000  -22.500011448.0713   17.6301
    7.5000  -37.5000  -22.500010972.7197   17.6481
   -7.5000  -30.0000  -22.500011834.9004   17.6289
    0.0000  -30.0000  -22.500012458.8145   17.6376
    7.5000  -30.0000  -22.500011938.9170   17.6505
   -7.5000  -22.5000  -22.500012658.3398   17.6444
    0.0000  -22.5000  -22.500013346.1387   17.6425
    7.5000  -22.5000  -22.500012791.8359   17.6503
   -7.5000  -15.0000  -22.500013397.1123   17.6459
    0.0000  -15.0000  -22.500014176.0928   17.6414
    7.5000  -15.0000  -22.500013542.6172   17.6510
   -7.5000   -7.5000  -22.500014079.8340   17.6317
    0.0000   -7.5000  -22.500014921.5713   17.6356
    7.5000   -7.5000  -22.500014231.3252   17.6508
   -7.5000    0.0000  -22.500014683.9824   17.6161
    0.0000    0.0000  -22.500015555.4590   17.6291
    7.5000    0.0000  -22.500014822.9990   17.6477
   -7.5000    7.5000  -22.500014123.2266   17.6146
    0.0000    7.5000  -22.500014940.1797   17.6301
    7.5000    7.5000  -22.500014253.2949   17.6481
   -7.5000   15.0000  -22.500013456.1582   17.6289
    0.0000   15.0000  -22.500014196.0596   17.6376
    7.5000   15.0000  -22.500013526.5879   17.6505
   -7.5000   22.5000  -22.500012566.3438   17.6390
    0.0000   22.5000  -22.500013255.3633   17.6370
    7.5000   22.5000  -22.500012637.9131   17.6449
   -7.5000   30.0000  -22.500011478.2627   17.4151
    0.0000   30.0000  -22.500012099.2295   17.4106
    7.5000   30.0000  -22.500011552.8066   17.4201
   -7.5000   37.5000  -22.500010847.0645   17.4011
    0.0000   37.5000  -22.500011392.5000   17.4049
    7.5000   37.5000  -22.500010891.1367   17.4200
   -7.5000   45.0000  -22.5000 9814.5576   16.9652
    0.0000   45.0000  -22.500010296.7285   16.9777
    7.5000   45.0000  -22.5000 9846.3115   16.9956
   -7.5000  -45.0000  -15.000010925.3516   18.0420
    0.0000  -45.0000  -15.000011535.1465   18.0543
    7.5000  -45.0000  -15.000011042.4951   18.0736
   -7.5000  -37.5000  -15.000011612.6279   18.0394
    0.0000  -37.5000  -15.000012227.8916   18.0567
    7.5000  -37.5000  -15.000011699.5566   18.0785
   -7.5000  -30.0000  -15.000012642.2803   18.0515
    0.0000  -30.0000  -15.000013324.3350   18.0636
    7.5000  -30.0000  -15.000012754.6299   18.0816
   -7.5000  -22.5000  -15.000013514.0352   18.0652
    0.0000  -22.5000  -15.000014270.8955   18.0646
    7.5000  -22.5000  -15.000013670.5879   18.0751
   -7.5000  -15.0000  -15.000014284.8086   18.0671
    0.0000  -15.0000  -15.000015102.6211   18.0606
    7.5000  -15.0000  -15.000014421.1699   18.0692
   -7.5000   -7.5000  -15.000015019.2656   18.0547
    0.0000   -7.5000  -15.000015908.6855   18.0559
    7.5000   -7.5000  -15.000015139.0039   18.0693
   -7.5000    0.0000  -15.000015682.7178   18.0406
    0.0000    0.0000  -15.000016613.3594   18.0529
    7.5000    0.0000  -15.000015812.8213   18.0721
   -7.5000    7.5000  -15.000015067.3604   18.0394
    0.0000    7.5000  -15.000015955.2148   18.0567
    7.5000    7.5000  -15.000015183.8242   18.0785
   -7.5000   15.0000  -15.000014255.2861   18.0515
    0.0000   15.0000  -15.000015053.4561   18.0636
    7.5000   15.0000  -15.000014325.0566   18.0816
   -7.5000   22.5000  -15.000013345.9590   18.0588
    0.0000   22.5000  -15.000014061.0723   18.0582
    7.5000   22.5000  -15.000013397.4287   18.0687
   -7.5000   30.0000  -15.000012195.4658   17.8333
    0.0000   30.0000  -15.000012843.6426   17.8269
    7.5000   30.0000  -15.000012270.9424   17.8353
   -7.5000   37.5000  -15.000011528.9102   17.8210
    0.0000   37.5000  -15.000012133.4160   17.8222
    7.5000   37.5000  -15.000011599.6914   17.8355
   -7.5000   45.0000  -15.000010419.2510   17.3845
    0.0000   45.0000  -15.000010975.5840   17.3963
    7.5000   45.0000  -15.000010475.8447   17.4149
   -7.5000  -45.0000   -7.500011585.8232   18.2769
    0.0000  -45.0000   -7.500012231.0264   18.2836
    7.5000  -45.0000   -7.500011730.2686   18.2954
   -7.5000  -37.5000   -7.500012310.3682   18.2811
    0.0000  -37.5000   -7.500012987.2168   18.2920
    7.5000  -37.5000   -7.500012434.8701   18.3066
   -7.5000  -30.0000   -7.500013456.4766   18.2956
    0.0000  -30.0000   -7.500014191.6553   18.3043
    7.5000  -30.0000   -7.500013590.0889   18.3174
   -7.5000  -22.5000   -7.500014456.8936   18.3045
    0.0000  -22.5000   -7.500015255.8896   18.3046
    7.5000  -22.5000   -7.500014636.8262   18.3125
   -7.5000  -15.0000   -7.500015273.7598   18.3001
    0.0000  -15.0000   -7.500016067.2178   18.2951
    7.5000  -15.0000   -7.500015384.4844   18.3008
   -7.5000   -7.5000   -7.500016006.5908   18.2856
    0.0000   -7.5000   -7.500016836.3730   18.2850
    7.5000   -7.5000   -7.500016068.7656   18.2929
   -7.5000    0.0000   -7.500016690.8477   18.2754
    0.0000    0.0000   -7.500017580.2852   18.2821
    7.5000    0.0000   -7.500016786.4414   18.2939
   -7.5000    7.5000   -7.500016035.3271   18.2811
    0.0000    7.5000   -7.500016890.7637   18.2920
    7.5000    7.5000   -7.500016139.4141   18.3066
   -7.5000   15.0000   -7.500015167.3672   18.2956
    0.0000   15.0000   -7.500015943.5947   18.3043
    7.5000   15.0000   -7.500015253.4629   18.3174
   -7.5000   22.5000   -7.500014205.3057   18.2961
    0.0000   22.5000   -7.500014939.3105   18.2962
    7.5000   22.5000   -7.500014287.8662   18.3041
   -7.5000   30.0000   -7.500013040.2139   18.0628
    0.0000   30.0000   -7.500013730.0801   18.0579
    7.5000   30.0000   -7.500013113.0195   18.0634
   -7.5000   37.5000   -7.500012351.8154   18.0485
    0.0000   37.5000   -7.500013032.7314   18.0479
    7.5000   37.5000   -7.500012410.9160   18.0557
   -7.5000   45.0000   -7.500011133.9258   17.6141
    0.0000   45.0000   -7.500011760.8828   17.6205
    7.5000   45.0000   -7.500011193.8633   17.6319
   -7.5000  -45.0000    0.000012132.4326   18.3314
    0.0000  -45.0000    0.000012770.9854   18.3336
    7.5000  -45.0000    0.000012246.7861   18.3392
   -7.5000  -37.5000    0.000012860.4824   18.3429
    0.0000  -37.5000    0.000013526.2402   18.3462
    7.5000  -37.5000    0.000012969.4453   18.3519
   -7.5000  -30.0000    0.000014077.6543   18.3615
    0.0000  -30.0000    0.000014887.6133   18.3648
    7.5000  -30.0000    0.000014278.3721   18.3700
   -7.5000  -22.5000    0.000015261.1309   18.3671
    0.0000  -22.5000    0.000016204.0547   18.3678
    7.5000  -22.5000    0.000015549.6768   18.3722
   -7.5000  -15.0000    0.000016252.1523   18.3555
    0.0000  -15.0000    0.000017087.2930   18.3551
    7.5000  -15.0000    0.000016414.2148   18.3602
   -7.5000   -7.5000    0.000017034.7500   18.3370
    0.0000   -7.5000    0.000017724.6934   18.3379
    7.5000   -7.5000    0.000017034.4707   18.3440
   -7.5000    0.0000    0.000017738.1484   18.3299
    0.0000    0.0000    0.000018414.9102   18.3321
    7.5000    0.0000    0.000017734.4102   18.3377
   -7.5000    7.5000    0.000017066.9844   18.3429
    0.0000    7.5000    0.000017769.4746   18.3462
    7.5000    7.5000    0.000017106.0156   18.3519
   -7.5000   15.0000    0.000016096.8525   18.3615
    0.0000   15.0000    0.000016867.5723   18.3648
    7.5000   15.0000    0.000016136.0684   18.3700
   -7.5000   22.5000    0.000015048.8643   18.3586
    0.0000   22.5000    0.000015861.9971   18.3594
    7.5000   22.5000    0.000015093.6885   18.3637
   -7.5000   30.0000    0.000013815.6172   18.1180
    0.0000   30.0000    0.000014619.0645   18.1175
    7.5000   30.0000    0.000013849.1719   18.1226
   -7.5000   37.5000    0.000013043.7295   18.0997
    0.0000   37.5000    0.000013836.6738   18.1006
    7.5000   37.5000    0.000013105.7109   18.1066
   -7.5000   45.0000    0.000011751.5723   17.6679
    0.0000   45.0000    0.000012441.9639   17.6700
    7.5000   45.0000    0.000011806.0078   17.6755
   -7.5000  -45.0000    7.500011753.9980   18.3246
    0.0000  -45.0000    7.500012294.2383   18.3293
    7.5000  -45.0000    7.500011828.5654   18.3369
   -7.5000  -37.5000    7.500012456.8271   18.3365
    0.0000  -37.5000    7.500012975.4385   18.3401
    7.5000  -37.5000    7.500012471.9688   18.3444
   -7.5000  -30.0000    7.500013636.3457   18.3568
    0.0000  -30.0000    7.500014290.7197   18.3582
    7.5000  -30.0000    7.500013743.9961   18.3606
   -7.5000  -22.5000    7.500014818.5615   18.3637
    0.0000  -22.5000    7.500015780.1113   18.3628
    7.5000  -22.5000    7.500015136.7627   18.3665
   -7.5000  -15.0000    7.500015932.0361   18.3513
    0.0000  -15.0000    7.500016933.2090   18.3521
    7.5000  -15.0000    7.500016234.1406   18.3601
   -7.5000   -7.5000    7.500016854.9746   18.3313
    0.0000   -7.5000    7.500017715.0176   18.3352
    7.5000   -7.5000    7.500016985.8105   18.3453
   -7.5000    0.0000    7.500017548.9102   18.3232
    0.0000    0.0000    7.500018368.1895   18.3279
    7.5000    0.0000    7.500017585.2188   18.3354
   -7.5000    7.5000    7.500016783.2324   18.3365
    0.0000    7.5000    7.500017597.8691   18.3401
    7.5000    7.5000    7.500016802.4238   18.3444
   -7.5000   15.0000    7.500015718.6377   18.3568
    0.0000   15.0000    7.500016544.5664   18.3582
    7.5000   15.0000    7.500015743.8076   18.3606
   -7.5000   22.5000    7.500014648.3516   18.3552
    0.0000   22.5000    7.500015434.4932   18.3544
    7.5000   22.5000    7.500014660.7051   18.3580
   -7.5000   30.0000    7.500013445.0527   18.1138
    0.0000   30.0000    7.500014181.2578   18.1146
    7.5000   30.0000    7.500013438.6807   18.1225
   -7.5000   37.5000    7.500012683.6865   18.0940
    0.0000   37.5000    7.500013402.2256   18.0979
    7.5000   37.5000    7.500012693.3516   18.1079
   -7.5000   45.0000    7.500011435.3721   17.6614
    0.0000   45.0000    7.500012080.3496   17.6660
    7.5000   45.0000    7.500011447.8799   17.6732
   -7.5000  -45.0000   15.000011278.5146   18.3154
    0.0000  -45.0000   15.000011764.4326   18.3256
    7.5000  -45.0000   15.000011322.6943   18.3390
   -7.5000  -37.5000   15.000011981.1475   18.3198
    0.0000  -37.5000   15.000012452.9482   18.3293
    7.5000  -37.5000   15.000011964.8936   18.3392
   -7.5000  -30.0000   15.000013146.1143   18.3386
    0.0000  -30.0000   15.000013755.0371   18.3420
    7.5000  -30.0000   15.000013215.2861   18.3474
   -7.5000  -22.5000   15.000014274.0781   18.3512
    0.0000  -22.5000   15.000015141.8740   18.3480
    7.5000  -22.5000   15.000014509.1045   18.3527
   -7.5000  -15.0000   15.000015268.4385   18.3454
    0.0000  -15.0000   15.000016133.7930   18.3434
    7.5000  -15.0000   15.000015459.5645   18.3531
   -7.5000   -7.5000   15.000016114.1689   18.3271
    0.0000   -7.5000   15.000016953.5625   18.3321
    7.5000   -7.5000   15.000016213.1641   18.3462
   -7.5000    0.0000   15.000016836.4844   18.3140
    0.0000    0.0000   15.000017770.5156   18.3241
    7.5000    0.0000   15.000016910.9102   18.3375
   -7.5000    7.5000   15.000016158.0186   18.3198
    0.0000    7.5000   15.000017088.1230   18.3293
    7.5000    7.5000   15.000016209.5713   18.3392
   -7.5000   15.0000   15.000015066.6152   18.3386
    0.0000   15.0000   15.000015893.5127   18.3420
    7.5000   15.0000   15.000015098.1719   18.3474
   -7.5000   22.5000   15.000013977.5713   18.3427
    0.0000   22.5000   15.000014684.2900   18.3395
    7.5000   22.5000   15.000013978.2471   18.3442
   -7.5000   30.0000   15.000012806.8125   18.1080
    0.0000   30.0000   15.000013422.3760   18.1060
    7.5000   30.0000   15.000012782.8574   18.1156
   -7.5000   37.5000   15.000012141.1475   18.0899
    0.0000   37.5000   15.000012719.4756   18.0949
    7.5000   37.5000   15.000012102.7383   18.1088
   -7.5000   45.0000   15.000010932.0674   17.6526
    0.0000   45.0000   15.000011460.9941   17.6623
    7.5000   45.0000   15.000010916.6729   17.6752
   -7.5000  -45.0000   22.500010657.7061   18.3549
    0.0000  -45.0000   22.500011192.9443   18.3679
    7.5000  -45.0000   22.500010735.5225   18.3872
   -7.5000  -37.5000   22.500011314.4883   18.3521
    0.0000  -37.5000   22.500011849.6494   18.3677
    7.5000  -37.5000   22.500011349.7080   18.3863
   -7.5000  -30.0000   22.500012385.4199   18.3673
    0.0000  -30.0000   22.500013023.0898   18.3759
    7.5000  -30.0000   22.500012484.4814   18.3891
   -7.5000  -22.5000   22.500013350.7969   18.3836
    0.0000  -22.5000   22.500014090.3086   18.3809
    7.5000  -22.5000   22.500013522.4473   18.3889
   -7.5000  -15.0000   22.500014199.2002   18.3849
    0.0000  -15.0000   22.500014855.6846   18.3795
    7.5000  -15.0000   22.500014282.6221   18.3893
   -7.5000   -7.5000   22.500014988.9170   18.3699
    0.0000   -7.5000   22.500015645.6689   18.3732
    7.5000   -7.5000   22.500015032.1885   18.3889
   -7.5000    0.0000   22.500015723.9814   18.3535
    0.0000    0.0000   22.500016507.8965   18.3665
    7.5000    0.0000   22.500015756.7432   18.3857
   -7.5000    7.5000   22.500015178.4316   18.3521
    0.0000    7.5000   22.500015991.6406   18.3677
    7.5000    7.5000   22.500015223.9609   18.3863
   -7.5000   15.0000   22.500014201.6211   18.3673
    0.0000   15.0000   22.500014909.1240   18.3759
    7.5000   15.0000   22.500014216.6465   18.3891
   -7.5000   22.5000   22.500013178.8711   18.3751
    0.0000   22.5000   22.500013795.9395   18.3724
    7.5000   22.5000   22.500013170.6865   18.3804
   -7.5000   30.0000   22.500012060.8457   18.1470
    0.0000   30.0000   22.500012616.3096   18.1416
    7.5000   30.0000   22.500012072.3623   18.1513
   -7.5000   37.5000   22.500011437.6748   18.1321
    0.0000   37.5000   22.500011960.9209   18.1355
    7.5000   37.5000   22.500011433.6338   18.1509
   -7.5000   45.0000   22.500010278.3574   17.6906
    0.0000   45.0000   22.500010743.7705   17.7031
    7.5000   45.0000   22.500010278.4092   17.7217
   -7.5000  -45.0000   30.0000 9938.8350   18.5873
    0.0000  -45.0000   30.000010494.7100   18.5991
    7.5000  -45.0000   30.000010033.1719   18.6190
   -7.5000  -37.5000   30.000010518.3789   18.5850
    0.0000  -37.5000   30.000011082.0039   18.6021
    7.5000  -37.5000   30.000010601.8340   18.6246
   -7.5000  -30.0000   30.000011492.9307   18.5976
    0.0000  -30.0000   30.000012132.2754   18.6093
    7.5000  -30.0000   30.000011635.1787   18.6278
   -7.5000  -22.5000   30.000012372.7891   18.6113
    0.0000  -22.5000   30.000013014.8330   18.6095
    7.5000  -22.5000   30.000012496.7129   18.6204
   -7.5000  -15.0000   30.000013153.2920   18.6127
    0.0000  -15.0000   30.000013725.0742   18.6047
    7.5000  -15.0000   30.000013191.6641   18.6136
   -7.5000   -7.5000   30.000013884.7871   18.5999
    0.0000   -7.5000   30.000014464.5254   18.6000
    7.5000   -7.5000   30.000013917.0312   18.6138
   -7.5000    0.0000   30.000014569.1045   18.5858
    0.0000    0.0000   30.000015185.5098   18.5976
    7.5000    0.0000   30.000014593.9346   18.6175
   -7.5000    7.5000   30.000014101.6094   18.5850
    0.0000    7.5000   30.000014722.4043   18.6021
    7.5000    7.5000   30.000014128.8164   18.6246
   -7.5000   15.0000   30.000013222.8184   18.5976
    0.0000   15.0000   30.000013800.8682   18.6093
    7.5000   15.0000   30.000013245.7939   18.6278
   -7.5000   22.5000   30.000012258.2090   18.6027
    0.0000   22.5000   30.000012812.9902   18.6009
    7.5000   22.5000   30.000012287.5176   18.6119
   -7.5000   30.0000   30.000011242.9736   18.3719
    0.0000   30.0000   30.000011744.7598   18.3639
    7.5000   30.0000   30.000011274.7314   18.3727
   -7.5000   37.5000   30.000010641.3584   18.3592
    0.0000   37.5000   30.000011116.3672   18.3593
    7.5000   37.5000   30.000010652.6250   18.3729
   -7.5000   45.0000   30.0000 9568.0654   17.9146
    0.0000   45.0000   30.0000 9977.2090   17.9260
    7.5000   45.0000   30.0000 9571.1768   17.9451
   -7.5000  -45.0000   37.5000 9592.1816   18.9558
    0.0000  -45.0000   37.500010094.0332   18.9596
    7.5000  -45.0000   37.5000 9666.7783   18.9710
   -7.5000  -37.5000   37.500010155.3750   18.9616
    0.0000  -37.5000   37.500010698.0576   18.9705
    7.5000  -37.5000   37.500010235.3672   18.9851
   -7.5000  -30.0000   37.500011084.0439   18.9769
    0.0000  -30.0000   37.500011685.3457   18.9841
    7.5000  -30.0000   37.500011212.4561   18.9972
   -7.5000  -22.5000   37.500011913.7061   18.9846
    0.0000  -22.5000   37.500012500.2969   18.9827
    7.5000  -22.5000   37.500012008.1904   18.9903
   -7.5000  -15.0000   37.500012640.5381   18.9784
    0.0000  -15.0000   37.500013198.6982   18.9706
    7.5000  -15.0000   37.500012672.3633   18.9755
   -7.5000   -7.5000   37.500013348.9873   18.9633
    0.0000   -7.5000   37.500013904.8447   18.9597
    7.5000   -7.5000   37.500013357.7441   18.9668
   -7.5000    0.0000   37.500013977.5928   18.9542
    0.0000    0.0000   37.500014541.7930   18.9580
    7.5000    0.0000   37.500013972.7793   18.9694
   -7.5000    7.5000   37.500013555.4619   18.9616
    0.0000    7.5000   37.500014116.4395   18.9705
    7.5000    7.5000   37.500013567.9902   18.9851
   -7.5000   15.0000   37.500012725.9033   18.9769
    0.0000   15.0000   37.500013276.5176   18.9841
    7.5000   15.0000   37.500012775.7285   18.9972
   -7.5000   22.5000   37.500011816.8047   18.9759
    0.0000   22.5000   37.500012347.8955   18.9739
    7.5000   22.5000   37.500011862.7793   18.9815
   -7.5000   30.0000   37.500010865.3564   18.7328
    0.0000   30.0000   37.500011351.0410   18.7251
    7.5000   30.0000   37.500010896.3027   18.7300
   -7.5000   37.5000   37.500010261.2197   18.7179
    0.0000   37.5000   37.500010699.6738   18.7144
    7.5000   37.5000   37.500010246.8301   18.7214
   -7.5000   45.0000   37.5000 9192.4004   18.2697
    0.0000   45.0000   37.5000 9600.8779   18.2734
    7.5000   45.0000   37.5000 9191.5586   18.2844
   -7.5000  -45.0000   45.0000 8871.8301   19.3732
    0.0000  -45.0000   45.0000 9337.4004   19.3725
    7.5000  -45.0000   45.0000 8939.4395   19.3794
   -7.5000  -37.5000   45.0000 9381.0000   19.3866
    0.0000  -37.5000   45.0000 9882.4189   19.3875
    7.5000  -37.5000   45.0000 9455.3623   19.3943
   -7.5000  -30.0000   45.000010216.4883   19.4061
    0.0000  -30.0000   45.000010773.9805   19.4074
    7.5000  -30.0000   45.000010329.1982   19.4143
   -7.5000  -22.5000   45.000010987.1309   19.4101
    0.0000  -22.5000   45.000011539.5977   19.4088
    7.5000  -22.5000   45.000011064.5566   19.4155
   -7.5000  -15.0000   45.000011642.9561   19.3963
    0.0000  -15.0000   45.000012173.2510   19.3935
    7.5000  -15.0000   45.000011678.6475   19.4013
   -7.5000   -7.5000   45.000012277.4707   19.3773
    0.0000   -7.5000   45.000012823.6543   19.3756
    7.5000   -7.5000   45.000012303.4551   19.3836
   -7.5000    0.0000   45.000012855.4551   19.3715
    0.0000    0.0000   45.000013403.1797   19.3709
    7.5000    0.0000   45.000012865.9326   19.3777
   -7.5000    7.5000   45.000012487.7793   19.3866
    0.0000    7.5000   45.000013018.2139   19.3875
    7.5000    7.5000   45.000012490.1973   19.3943
   -7.5000   15.0000   45.000011757.6045   19.4061
    0.0000   15.0000   45.000012281.1670   19.4074
    7.5000   15.0000   45.000011804.1191   19.4143
   -7.5000   22.5000   45.000010902.2969   19.4011
    0.0000   22.5000   45.000011380.2559   19.3998
    7.5000   22.5000   45.000010954.2021   19.4065
   -7.5000   30.0000   45.000010019.1055   19.1436
    0.0000   30.0000   45.000010462.0146   19.1409
    7.5000   30.0000   45.000010045.0400   19.1485
   -7.5000   37.5000   45.0000 9458.1309   19.1248
    0.0000   37.5000   45.0000 9864.3359   19.1231
    7.5000   37.5000   45.0000 9435.5293   19.1311
   -7.5000   45.0000   45.0000 8489.4561   18.6804
    0.0000   45.0000   45.0000 8864.6846   18.6797
    7.5000   45.0000   45.0000 8478.9873   18.6863

---------------------------------------------------------------------
imgreg_4dfp /opt/freesurfer/average/711-2C_as_mni_average_305 /opt/freesurfer/average/711-2B_as_mni_average_305_mask talsrcimg_g11 none talsrcimg_to_711-2C_as_mni_average_305_t4 4355
---------------------------------------------------------------------

freesurfer imgreg_4dfp.c
/opt/freesurfer/average/711-2C_as_mni_average_305.4dfp.img
       256       256       256         1
  1.000000  1.000000  1.000000
orientation T byte_order littleendian
Reading image: /opt/freesurfer/average/711-2C_as_mni_average_305.4dfp.img
dimensions:      256       256       256
mmppix:       1.0000   -1.0000   -1.0000
center:     128.0000 -129.0000 -129.0000
/opt/freesurfer/average/711-2B_as_mni_average_305_mask.4dfp.img
       256       256       256         1
  1.000000  1.000000  1.000000
orientation T byte_order littleendian
Reading mask: /opt/freesurfer/average/711-2B_as_mni_average_305_mask.4dfp.img (2306576 pixels)
talsrcimg_g11.4dfp.img
       256       256       256         1
  1.000000  1.000000  1.000000
orientation T byte_order littleendian
Reading image: talsrcimg_g11.4dfp.img
dimensions:      256       256       256
mmppix:       1.0000   -1.0000   -1.0000
center:     128.0000 -129.0000 -129.0000
rotation matrix determinant  1.000000
image alignment mode   4355 decimal     1103 hex
   -7.5000  -45.0000  -45.0000 2201.4487   18.6312
    0.0000  -45.0000  -45.0000 2213.0891   18.4899
    7.5000  -45.0000  -45.0000 2206.7227   18.5448
   -7.5000  -37.5000  -45.0000 2302.8511   17.2212
    0.0000  -37.5000  -45.0000 2314.6711   17.1167
    7.5000  -37.5000  -45.0000 2305.8022   17.1769
   -7.5000  -30.0000  -45.0000 2355.3689   16.2907
    0.0000  -30.0000  -45.0000 2370.4600   16.1937
    7.5000  -30.0000  -45.0000 2365.3250   16.2192
   -7.5000  -22.5000  -45.0000 2388.2795   15.6586
    0.0000  -22.5000  -45.0000 2407.2031   15.5584
    7.5000  -22.5000  -45.0000 2397.1404   15.5818
   -7.5000  -15.0000  -45.0000 2405.2932   15.3384
    0.0000  -15.0000  -45.0000 2423.0173   15.1828
    7.5000  -15.0000  -45.0000 2410.4976   15.2117
   -7.5000   -7.5000  -45.0000 2402.3699   15.3011
    0.0000   -7.5000  -45.0000 2424.1650   15.1376
    7.5000   -7.5000  -45.0000 2411.7288   15.1405
   -7.5000    0.0000  -45.0000 2384.5342   15.5642
    0.0000    0.0000  -45.0000 2410.2231   15.3919
    7.5000    0.0000  -45.0000 2392.3389   15.4167
   -7.5000    7.5000  -45.0000 2348.8843   16.1721
    0.0000    7.5000  -45.0000 2373.1436   15.9902
    7.5000    7.5000  -45.0000 2357.7883   16.0111
   -7.5000   15.0000  -45.0000 2290.6084   17.0876
    0.0000   15.0000  -45.0000 2311.2617   16.8708
    7.5000   15.0000  -45.0000 2301.4543   16.9162
   -7.5000   22.5000  -45.0000 2213.9070   18.3861
    0.0000   22.5000  -45.0000 2232.3237   18.1249
    7.5000   22.5000  -45.0000 2225.3237   18.1477
   -7.5000   30.0000  -45.0000 2120.0588   20.1177
    0.0000   30.0000  -45.0000 2139.4817   19.7711
    7.5000   30.0000  -45.0000 2130.1362   19.8176
   -7.5000   37.5000  -45.0000 2011.4738   22.3515
    0.0000   37.5000  -45.0000 2031.7362   22.0032
    7.5000   37.5000  -45.0000 2018.4630   22.0310
   -7.5000   45.0000  -45.0000 1888.1892   25.4251
    0.0000   45.0000  -45.0000 1906.1239   24.9977
    7.5000   45.0000  -45.0000 1900.6500   25.0335
   -7.5000  -45.0000  -37.5000 2283.8748   17.4444
    0.0000  -45.0000  -37.5000 2295.9744   17.3460
    7.5000  -45.0000  -37.5000 2291.7935   17.3651
   -7.5000  -37.5000  -37.5000 2391.6201   16.0828
    0.0000  -37.5000  -37.5000 2404.7527   16.0030
    7.5000  -37.5000  -37.5000 2394.9419   16.0048
   -7.5000  -30.0000  -37.5000 2449.8276   15.1787
    0.0000  -30.0000  -37.5000 2470.6887   15.0815
    7.5000  -30.0000  -37.5000 2457.2971   15.0741
   -7.5000  -22.5000  -37.5000 2488.3865   14.6006
    0.0000  -22.5000  -37.5000 2508.4854   14.4750
    7.5000  -22.5000  -37.5000 2498.3877   14.4911
   -7.5000  -15.0000  -37.5000 2504.5278   14.2706
    0.0000  -15.0000  -37.5000 2526.9612   14.1532
    7.5000  -15.0000  -37.5000 2509.8398   14.1701
   -7.5000   -7.5000  -37.5000 2504.0264   14.2273
    0.0000   -7.5000  -37.5000 2523.3621   14.0839
    7.5000   -7.5000  -37.5000 2514.2471   14.1008
   -7.5000    0.0000  -37.5000 2482.7302   14.4460
    0.0000    0.0000  -37.5000 2506.2573   14.2841
    7.5000    0.0000  -37.5000 2491.2163   14.3231
   -7.5000    7.5000  -37.5000 2444.3765   14.9957
    0.0000    7.5000  -37.5000 2471.6150   14.8308
    7.5000    7.5000  -37.5000 2456.0457   14.8320
   -7.5000   15.0000  -37.5000 2385.3918   15.8234
    0.0000   15.0000  -37.5000 2408.8743   15.6521
    7.5000   15.0000  -37.5000 2397.1240   15.6467
   -7.5000   22.5000  -37.5000 2303.7800   16.9797
    0.0000   22.5000  -37.5000 2326.8862   16.7849
    7.5000   22.5000  -37.5000 2315.1011   16.8026
   -7.5000   30.0000  -37.5000 2202.6079   18.5462
    0.0000   30.0000  -37.5000 2223.3196   18.3103
    7.5000   30.0000  -37.5000 2213.3872   18.3444
   -7.5000   37.5000  -37.5000 2090.2490   20.6093
    0.0000   37.5000  -37.5000 2112.7598   20.3691
    7.5000   37.5000  -37.5000 2100.4438   20.3707
   -7.5000   45.0000  -37.5000 1961.4535   23.4071
    0.0000   45.0000  -37.5000 1983.6597   23.0482
    7.5000   45.0000  -37.5000 1977.5557   23.1039
   -7.5000  -45.0000  -30.0000 2398.2009   16.9330
    0.0000  -45.0000  -30.0000 2417.4106   16.8141
    7.5000  -45.0000  -30.0000 2408.2869   16.8307
   -7.5000  -37.5000  -30.0000 2507.6753   15.5716
    0.0000  -37.5000  -30.0000 2528.0073   15.4798
    7.5000  -37.5000  -30.0000 2514.7659   15.4760
   -7.5000  -30.0000  -30.0000 2576.1487   14.6453
    0.0000  -30.0000  -30.0000 2598.1001   14.5299
    7.5000  -30.0000  -30.0000 2584.6077   14.5358
   -7.5000  -22.5000  -30.0000 2624.7600   14.0537
    0.0000  -22.5000  -30.0000 2646.8323   13.9198
    7.5000  -22.5000  -30.0000 2632.7236   13.9268
   -7.5000  -15.0000  -30.0000 2652.4067   13.7320
    0.0000  -15.0000  -30.0000 2675.0298   13.6060
    7.5000  -15.0000  -30.0000 2656.4216   13.6119
   -7.5000   -7.5000  -30.0000 2653.5234   13.6867
    0.0000   -7.5000  -30.0000 2676.9243   13.5493
    7.5000   -7.5000  -30.0000 2662.9006   13.5563
   -7.5000    0.0000  -30.0000 2631.1960   13.8959
    0.0000    0.0000  -30.0000 2653.6978   13.7628
    7.5000    0.0000  -30.0000 2635.3000   13.7826
   -7.5000    7.5000  -30.0000 2587.7502   14.3964
    0.0000    7.5000  -30.0000 2617.2461   14.2547
    7.5000    7.5000  -30.0000 2597.9341   14.2560
   -7.5000   15.0000  -30.0000 2523.7129   15.1620
    0.0000   15.0000  -30.0000 2546.4866   15.0017
    7.5000   15.0000  -30.0000 2533.5459   15.0173
   -7.5000   22.5000  -30.0000 2432.5774   16.2611
    0.0000   22.5000  -30.0000 2459.4978   16.0869
    7.5000   22.5000  -30.0000 2446.3630   16.1001
   -7.5000   30.0000  -30.0000 2326.8733   17.7924
    0.0000   30.0000  -30.0000 2353.0352   17.5638
    7.5000   30.0000  -30.0000 2336.8154   17.5848
   -7.5000   37.5000  -30.0000 2204.2979   19.7625
    0.0000   37.5000  -30.0000 2225.0552   19.5063
    7.5000   37.5000  -30.0000 2215.7451   19.4940
   -7.5000   45.0000  -30.0000 2064.1396   22.3585
    0.0000   45.0000  -30.0000 2085.5969   22.0754
    7.5000   45.0000  -30.0000 2075.3567   22.0775
   -7.5000  -45.0000  -22.5000 2478.3276   16.3339
    0.0000  -45.0000  -22.5000 2498.9863   16.1897
    7.5000  -45.0000  -22.5000 2486.9966   16.2185
   -7.5000  -37.5000  -22.5000 2591.4309   14.9627
    0.0000  -37.5000  -22.5000 2613.2454   14.8461
    7.5000  -37.5000  -22.5000 2598.7300   14.8545
   -7.5000  -30.0000  -22.5000 2669.5471   14.0340
    0.0000  -30.0000  -22.5000 2689.2964   13.8883
    7.5000  -30.0000  -22.5000 2675.7788   13.9024
   -7.5000  -22.5000  -22.5000 2726.1858   13.4416
    0.0000  -22.5000  -22.5000 2748.2266   13.2807
    7.5000  -22.5000  -22.5000 2734.5908   13.2750
   -7.5000  -15.0000  -22.5000 2761.9666   13.0747
    0.0000  -15.0000  -22.5000 2791.8342   12.9178
    7.5000  -15.0000  -22.5000 2770.4146   12.9264
   -7.5000   -7.5000  -22.5000 2771.7209   12.9948
    0.0000   -7.5000  -22.5000 2800.5662   12.8706
    7.5000   -7.5000  -22.5000 2784.2043   12.8795
   -7.5000    0.0000  -22.5000 2747.8645   13.2220
    0.0000    0.0000  -22.5000 2779.1902   13.0867
    7.5000    0.0000  -22.5000 2760.0854   13.1188
   -7.5000    7.5000  -22.5000 2706.2498   13.7031
    0.0000    7.5000  -22.5000 2736.7761   13.5561
    7.5000    7.5000  -22.5000 2718.5840   13.5766
   -7.5000   15.0000  -22.5000 2638.5249   14.4371
    0.0000   15.0000  -22.5000 2665.9219   14.2736
    7.5000   15.0000  -22.5000 2647.5166   14.3011
   -7.5000   22.5000  -22.5000 2537.9524   15.5032
    0.0000   22.5000  -22.5000 2568.7974   15.2872
    7.5000   22.5000  -22.5000 2553.8127   15.3170
   -7.5000   30.0000  -22.5000 2421.7083   16.9604
    0.0000   30.0000  -22.5000 2450.7825   16.7129
    7.5000   30.0000  -22.5000 2440.3069   16.7204
   -7.5000   37.5000  -22.5000 2290.5847   18.8352
    0.0000   37.5000  -22.5000 2314.1550   18.5980
    7.5000   37.5000  -22.5000 2304.5994   18.5567
   -7.5000   45.0000  -22.5000 2140.6011   21.3256
    0.0000   45.0000  -22.5000 2159.4768   21.0410
    7.5000   45.0000  -22.5000 2148.4792   21.0223
   -7.5000  -45.0000  -15.0000 2510.9370   15.7678
    0.0000  -45.0000  -15.0000 2535.2498   15.6008
    7.5000  -45.0000  -15.0000 2521.2993   15.6563
   -7.5000  -37.5000  -15.0000 2632.9993   14.4206
    0.0000  -37.5000  -15.0000 2656.1677   14.2568
    7.5000  -37.5000  -15.0000 2639.7185   14.2925
   -7.5000  -30.0000  -15.0000 2722.6067   13.4672
    0.0000  -30.0000  -15.0000 2747.0540   13.3040
    7.5000  -30.0000  -15.0000 2729.7776   13.3328
   -7.5000  -22.5000  -15.0000 2786.7473   12.8541
    0.0000  -22.5000  -15.0000 2815.8252   12.6825
    7.5000  -22.5000  -15.0000 2799.9932   12.6924
   -7.5000  -15.0000  -15.0000 2832.8123   12.4434
    0.0000  -15.0000  -15.0000 2867.0681   12.2662
    7.5000  -15.0000  -15.0000 2845.1426   12.2891
   -7.5000   -7.5000  -15.0000 2853.9934   12.3356
    0.0000   -7.5000  -15.0000 2891.7837   12.1717
    7.5000   -7.5000  -15.0000 2868.5061   12.1828
   -7.5000    0.0000  -15.0000 2834.5869   12.5939
    0.0000    0.0000  -15.0000 2870.4714   12.4233
    7.5000    0.0000  -15.0000 2852.2795   12.4379
   -7.5000    7.5000  -15.0000 2790.6257   13.0624
    0.0000    7.5000  -15.0000 2825.3125   12.8980
    7.5000    7.5000  -15.0000 2805.7053   12.9232
   -7.5000   15.0000  -15.0000 2710.1255   13.7924
    0.0000   15.0000  -15.0000 2741.5132   13.5916
    7.5000   15.0000  -15.0000 2722.6035   13.6328
   -7.5000   22.5000  -15.0000 2609.6025   14.8552
    0.0000   22.5000  -15.0000 2637.9761   14.5974
    7.5000   22.5000  -15.0000 2623.6711   14.6307
   -7.5000   30.0000  -15.0000 2485.1118   16.2762
    0.0000   30.0000  -15.0000 2513.5562   15.9926
    7.5000   30.0000  -15.0000 2505.9558   15.9912
   -7.5000   37.5000  -15.0000 2345.2458   18.1182
    0.0000   37.5000  -15.0000 2373.9399   17.8287
    7.5000   37.5000  -15.0000 2366.2827   17.8215
   -7.5000   45.0000  -15.0000 2190.2144   20.5145
    0.0000   45.0000  -15.0000 2216.4011   20.2066
    7.5000   45.0000  -15.0000 2202.7190   20.2294
   -7.5000  -45.0000   -7.5000 2522.3262   15.3599
    0.0000  -45.0000   -7.5000 2545.7581   15.1281
    7.5000  -45.0000   -7.5000 2532.1880   15.1810
   -7.5000  -37.5000   -7.5000 2646.4287   14.0200
    0.0000  -37.5000   -7.5000 2667.7515   13.8161
    7.5000  -37.5000   -7.5000 2655.3865   13.8739
   -7.5000  -30.0000   -7.5000 2749.5156   13.0422
    0.0000  -30.0000   -7.5000 2775.0137   12.8631
    7.5000  -30.0000   -7.5000 2760.5044   12.8962
   -7.5000  -22.5000   -7.5000 2831.1299   12.3896
    0.0000  -22.5000   -7.5000 2863.9849   12.2061
    7.5000  -22.5000   -7.5000 2847.9365   12.2399
   -7.5000  -15.0000   -7.5000 2884.7659   11.9653
    0.0000  -15.0000   -7.5000 2923.1929   11.7175
    7.5000  -15.0000   -7.5000 2901.0120   11.7771
   -7.5000   -7.5000   -7.5000 2915.4592   11.7949
    0.0000   -7.5000   -7.5000 2954.9424   11.5431
    7.5000   -7.5000   -7.5000 2930.0029   11.5858
   -7.5000    0.0000   -7.5000 2896.0935   12.0502
    0.0000    0.0000   -7.5000 2931.9299   11.8167
    7.5000    0.0000   -7.5000 2917.9150   11.8483
   -7.5000    7.5000   -7.5000 2843.4294   12.5588
    0.0000    7.5000   -7.5000 2878.3025   12.3173
    7.5000    7.5000   -7.5000 2865.7310   12.3713
   -7.5000   15.0000   -7.5000 2760.6199   13.3167
    0.0000   15.0000   -7.5000 2791.7046   13.0571
    7.5000   15.0000   -7.5000 2781.9473   13.1384
   -7.5000   22.5000   -7.5000 2657.4236   14.3672
    0.0000   22.5000   -7.5000 2684.1365   14.0583
    7.5000   22.5000   -7.5000 2675.0559   14.1467
   -7.5000   30.0000   -7.5000 2527.0186   15.7820
    0.0000   30.0000   -7.5000 2556.9165   15.4521
    7.5000   30.0000   -7.5000 2546.3159   15.4932
   -7.5000   37.5000   -7.5000 2384.0515   17.5935
    0.0000   37.5000   -7.5000 2414.9431   17.2508
    7.5000   37.5000   -7.5000 2404.0029   17.2642
   -7.5000   45.0000   -7.5000 2223.3110   19.8893
    0.0000   45.0000   -7.5000 2251.6587   19.5458
    7.5000   45.0000   -7.5000 2241.4529   19.5660
   -7.5000  -45.0000    0.0000 2521.1826   15.1218
    0.0000  -45.0000    0.0000 2540.6643   14.8348
    7.5000  -45.0000    0.0000 2529.5742   14.9131
   -7.5000  -37.5000    0.0000 2651.2717   13.7714
    0.0000  -37.5000    0.0000 2668.0112   13.5222
    7.5000  -37.5000    0.0000 2656.0520   13.5832
   -7.5000  -30.0000    0.0000 2763.5618   12.7909
    0.0000  -30.0000    0.0000 2789.6960   12.5847
    7.5000  -30.0000    0.0000 2775.5740   12.6301
   -7.5000  -22.5000    0.0000 2858.6794   12.1475
    0.0000  -22.5000    0.0000 2897.7354   11.9671
    7.5000  -22.5000    0.0000 2879.6016   11.9942
   -7.5000  -15.0000    0.0000 2921.3203   11.7403
    0.0000  -15.0000    0.0000 2971.8013   11.4763
    7.5000  -15.0000    0.0000 2949.9866   11.5553
   -7.5000   -7.5000    0.0000 2955.0479   11.5526
    0.0000   -7.5000    0.0000 3000.5857   11.1987
    7.5000   -7.5000    0.0000 2976.1724   11.3194
   -7.5000    0.0000    0.0000 2939.3169   11.7960
    0.0000    0.0000    0.0000 2968.1130   11.4546
    7.5000    0.0000    0.0000 2956.6450   11.5524
   -7.5000    7.5000    0.0000 2884.4023   12.2884
    0.0000    7.5000    0.0000 2912.0469   11.9975
    7.5000    7.5000    0.0000 2905.6675   12.0672
   -7.5000   15.0000    0.0000 2791.7471   13.0263
    0.0000   15.0000    0.0000 2825.7456   12.7311
    7.5000   15.0000    0.0000 2813.0823   12.8103
   -7.5000   22.5000    0.0000 2678.2292   14.0666
    0.0000   22.5000    0.0000 2711.0850   13.7860
    7.5000   22.5000    0.0000 2697.9495   13.8395
   -7.5000   30.0000    0.0000 2548.3184   15.4539
    0.0000   30.0000    0.0000 2581.0967   15.1784
    7.5000   30.0000    0.0000 2565.2075   15.1947
   -7.5000   37.5000    0.0000 2406.5164   17.1897
    0.0000   37.5000    0.0000 2436.4536   16.9061
    7.5000   37.5000    0.0000 2425.3398   16.9068
   -7.5000   45.0000    0.0000 2243.6533   19.4494
    0.0000   45.0000    0.0000 2269.4634   19.1208
    7.5000   45.0000    0.0000 2260.4434   19.1017
   -7.5000  -45.0000    7.5000 2519.5413   15.0865
    0.0000  -45.0000    7.5000 2535.8596   14.6914
    7.5000  -45.0000    7.5000 2524.6602   14.8255
   -7.5000  -37.5000    7.5000 2651.2051   13.7101
    0.0000  -37.5000    7.5000 2666.1821   13.3676
    7.5000  -37.5000    7.5000 2651.3723   13.4887
   -7.5000  -30.0000    7.5000 2768.1218   12.7427
    0.0000  -30.0000    7.5000 2790.9541   12.4156
    7.5000  -30.0000    7.5000 2778.1633   12.5309
   -7.5000  -22.5000    7.5000 2869.1858   12.1032
    0.0000  -22.5000    7.5000 2903.7422   11.8641
    7.5000  -22.5000    7.5000 2890.1794   11.9235
   -7.5000  -15.0000    7.5000 2943.3586   11.7534
    0.0000  -15.0000    7.5000 2999.5149   11.5152
    7.5000  -15.0000    7.5000 2977.2163   11.5887
   -7.5000   -7.5000    7.5000 2986.7112   11.6088
    0.0000   -7.5000    7.5000 3049.9866   11.3342
    7.5000   -7.5000    7.5000 3011.3618   11.4338
   -7.5000    0.0000    7.5000 2961.7351   11.7781
    0.0000    0.0000    7.5000 3011.2935   11.4912
    7.5000    0.0000    7.5000 2981.0645   11.5727
   -7.5000    7.5000    7.5000 2899.6287   12.1852
    0.0000    7.5000    7.5000 2936.8887   11.8819
    7.5000    7.5000    7.5000 2918.9146   11.9398
   -7.5000   15.0000    7.5000 2803.5564   12.8824
    0.0000   15.0000    7.5000 2837.6890   12.6011
    7.5000   15.0000    7.5000 2824.7339   12.6314
   -7.5000   22.5000    7.5000 2685.9739   13.9023
    0.0000   22.5000    7.5000 2719.3757   13.6510
    7.5000   22.5000    7.5000 2707.8757   13.6679
   -7.5000   30.0000    7.5000 2553.8640   15.2720
    0.0000   30.0000    7.5000 2587.1338   15.0184
    7.5000   30.0000    7.5000 2574.4548   15.0281
   -7.5000   37.5000    7.5000 2409.4448   17.0103
    0.0000   37.5000    7.5000 2440.0635   16.7533
    7.5000   37.5000    7.5000 2427.7305   16.7556
   -7.5000   45.0000    7.5000 2248.3408   19.2537
    0.0000   45.0000    7.5000 2276.6636   18.9724
    7.5000   45.0000    7.5000 2263.8271   18.9399
   -7.5000  -45.0000   15.0000 2509.5571   15.2694
    0.0000  -45.0000   15.0000 2524.1167   14.8148
    7.5000  -45.0000   15.0000 2514.2422   15.0071
   -7.5000  -37.5000   15.0000 2644.6892   13.9190
    0.0000  -37.5000   15.0000 2657.3123   13.5059
    7.5000  -37.5000   15.0000 2641.1094   13.6719
   -7.5000  -30.0000   15.0000 2765.0642   12.9381
    0.0000  -30.0000   15.0000 2779.7817   12.5631
    7.5000  -30.0000   15.0000 2764.6389   12.7362
   -7.5000  -22.5000   15.0000 2865.2065   12.2768
    0.0000  -22.5000   15.0000 2901.2717   12.0050
    7.5000  -22.5000   15.0000 2877.9595   12.1244
   -7.5000  -15.0000   15.0000 2934.5520   11.8791
    0.0000  -15.0000   15.0000 2996.9509   11.6448
    7.5000  -15.0000   15.0000 2965.1929   11.7422
   -7.5000   -7.5000   15.0000 2975.5276   11.7364
    0.0000   -7.5000   15.0000 3042.0505   11.4493
    7.5000   -7.5000   15.0000 2999.7080   11.5549
   -7.5000    0.0000   15.0000 2952.7283   11.9136
    0.0000    0.0000   15.0000 3016.1052   11.6476
    7.5000    0.0000   15.0000 2977.0083   11.7089
   -7.5000    7.5000   15.0000 2890.5723   12.3201
    0.0000    7.5000   15.0000 2937.5283   12.1211
    7.5000    7.5000   15.0000 2912.2295   12.1258
   -7.5000   15.0000   15.0000 2791.9185   13.0051
    0.0000   15.0000   15.0000 2827.4731   12.8013
    7.5000   15.0000   15.0000 2810.9250   12.7929
   -7.5000   22.5000   15.0000 2676.9187   14.0012
    0.0000   22.5000   15.0000 2707.4236   13.7708
    7.5000   22.5000   15.0000 2696.0046   13.7514
   -7.5000   30.0000   15.0000 2542.2686   15.3204
    0.0000   30.0000   15.0000 2574.1079   15.0580
    7.5000   30.0000   15.0000 2560.8562   15.0560
   -7.5000   37.5000   15.0000 2401.1846   17.0344
    0.0000   37.5000   15.0000 2426.5908   16.7482
    7.5000   37.5000   15.0000 2416.4353   16.7557
   -7.5000   45.0000   15.0000 2236.5354   19.2495
    0.0000   45.0000   15.0000 2263.3821   18.9656
    7.5000   45.0000   15.0000 2256.5972   18.9468
   -7.5000  -45.0000   22.5000 2495.7263   15.6377
    0.0000  -45.0000   22.5000 2515.9915   15.2426
    7.5000  -45.0000   22.5000 2497.5898   15.4171
   -7.5000  -37.5000   22.5000 2623.8455   14.2567
    0.0000  -37.5000   22.5000 2642.4912   13.9237
    7.5000  -37.5000   22.5000 2621.3003   14.0989
   -7.5000  -30.0000   22.5000 2740.1763   13.2651
    0.0000  -30.0000   22.5000 2760.6501   12.9474
    7.5000  -30.0000   22.5000 2742.3389   13.1092
   -7.5000  -22.5000   22.5000 2838.4539   12.5649
    0.0000  -22.5000   22.5000 2872.5112   12.2814
    7.5000  -22.5000   22.5000 2850.7869   12.4212
   -7.5000  -15.0000   22.5000 2911.4744   12.0987
    0.0000  -15.0000   22.5000 2956.4038   11.7820
    7.5000  -15.0000   22.5000 2930.2971   11.9439
   -7.5000   -7.5000   22.5000 2945.1548   11.9552
    0.0000   -7.5000   22.5000 2991.3359   11.6148
    7.5000   -7.5000   22.5000 2965.4172   11.7720
   -7.5000    0.0000   22.5000 2923.7656   12.1634
    0.0000    0.0000   22.5000 2978.1543   11.8902
    7.5000    0.0000   22.5000 2945.8523   11.9620
   -7.5000    7.5000   22.5000 2863.0403   12.6670
    0.0000    7.5000   22.5000 2909.4309   12.4583
    7.5000    7.5000   22.5000 2884.0261   12.4701
   -7.5000   15.0000   22.5000 2760.5576   13.4080
    0.0000   15.0000   22.5000 2795.9341   13.2029
    7.5000   15.0000   22.5000 2782.6174   13.1871
   -7.5000   22.5000   22.5000 2648.3921   14.3773
    0.0000   22.5000   22.5000 2679.5605   14.1544
    7.5000   22.5000   22.5000 2670.1938   14.1386
   -7.5000   30.0000   22.5000 2517.0173   15.6191
    0.0000   30.0000   22.5000 2549.2253   15.3755
    7.5000   30.0000   22.5000 2540.2275   15.3648
   -7.5000   37.5000   22.5000 2373.1257   17.2660
    0.0000   37.5000   22.5000 2403.2778   17.0135
    7.5000   37.5000   22.5000 2393.6021   16.9810
   -7.5000   45.0000   22.5000 2208.9661   19.4507
    0.0000   45.0000   22.5000 2235.2192   19.1739
    7.5000   45.0000   22.5000 2228.1570   19.1562
   -7.5000  -45.0000   30.0000 2466.4160   16.1407
    0.0000  -45.0000   30.0000 2490.6641   15.8357
    7.5000  -45.0000   30.0000 2469.8462   16.0036
   -7.5000  -37.5000   30.0000 2584.9832   14.7678
    0.0000  -37.5000   30.0000 2613.2776   14.4573
    7.5000  -37.5000   30.0000 2590.4385   14.6312
   -7.5000  -30.0000   30.0000 2701.3396   13.7446
    0.0000  -30.0000   30.0000 2732.3481   13.4625
    7.5000  -30.0000   30.0000 2710.3252   13.6371
   -7.5000  -22.5000   30.0000 2797.8289   13.0192
    0.0000  -22.5000   30.0000 2832.9243   12.7121
    7.5000  -22.5000   30.0000 2810.0920   12.8702
   -7.5000  -15.0000   30.0000 2866.5610   12.5413
    0.0000  -15.0000   30.0000 2904.5864   12.1615
    7.5000  -15.0000   30.0000 2883.6570   12.3392
   -7.5000   -7.5000   30.0000 2890.2134   12.4110
    0.0000   -7.5000   30.0000 2923.6404   12.0791
    7.5000   -7.5000   30.0000 2907.9880   12.1999
   -7.5000    0.0000   30.0000 2863.9226   12.5998
    0.0000    0.0000   30.0000 2904.0842   12.3248
    7.5000    0.0000   30.0000 2883.7444   12.3992
   -7.5000    7.5000   30.0000 2810.0361   13.1020
    0.0000    7.5000   30.0000 2848.1003   12.8641
    7.5000    7.5000   30.0000 2827.5979   12.9032
   -7.5000   15.0000   30.0000 2712.1255   13.8957
    0.0000   15.0000   30.0000 2746.8875   13.6586
    7.5000   15.0000   30.0000 2732.8611   13.6706
   -7.5000   22.5000   30.0000 2602.2324   14.8625
    0.0000   22.5000   30.0000 2634.7251   14.6345
    7.5000   22.5000   30.0000 2624.6143   14.6637
   -7.5000   30.0000   30.0000 2474.4565   16.1489
    0.0000   30.0000   30.0000 2507.1541   15.9067
    7.5000   30.0000   30.0000 2500.4314   15.9004
   -7.5000   37.5000   30.0000 2329.6309   17.7974
    0.0000   37.5000   30.0000 2355.6516   17.5180
    7.5000   37.5000   30.0000 2350.2778   17.5008
   -7.5000   45.0000   30.0000 2172.9888   19.9448
    0.0000   45.0000   30.0000 2196.1470   19.6476
    7.5000   45.0000   30.0000 2187.8140   19.6425
   -7.5000  -45.0000   37.5000 2426.9082   16.8428
    0.0000  -45.0000   37.5000 2449.5813   16.5468
    7.5000  -45.0000   37.5000 2431.9753   16.7007
   -7.5000  -37.5000   37.5000 2548.7236   15.4561
    0.0000  -37.5000   37.5000 2579.2507   15.1685
    7.5000  -37.5000   37.5000 2553.3169   15.3278
   -7.5000  -30.0000   37.5000 2656.7507   14.4109
    0.0000  -30.0000   37.5000 2693.3472   14.1087
    7.5000  -30.0000   37.5000 2670.6465   14.2731
   -7.5000  -22.5000   37.5000 2744.6697   13.6419
    0.0000  -22.5000   37.5000 2782.0610   13.2935
    7.5000  -22.5000   37.5000 2761.0149   13.4557
   -7.5000  -15.0000   37.5000 2800.8745   13.1517
    0.0000  -15.0000   37.5000 2837.7869   12.8020
    7.5000  -15.0000   37.5000 2816.8789   12.9324
   -7.5000   -7.5000   37.5000 2824.3655   13.0214
    0.0000   -7.5000   37.5000 2854.0432   12.7125
    7.5000   -7.5000   37.5000 2836.5791   12.8029
   -7.5000    0.0000   37.5000 2790.1143   13.2003
    0.0000    0.0000   37.5000 2824.2942   12.9041
    7.5000    0.0000   37.5000 2806.7319   12.9797
   -7.5000    7.5000   37.5000 2734.5032   13.7093
    0.0000    7.5000   37.5000 2770.2551   13.4394
    7.5000    7.5000   37.5000 2751.5242   13.4643
   -7.5000   15.0000   37.5000 2646.3047   14.4940
    0.0000   15.0000   37.5000 2681.3259   14.2295
    7.5000   15.0000   37.5000 2668.1577   14.2312
   -7.5000   22.5000   37.5000 2546.3169   15.4736
    0.0000   22.5000   37.5000 2578.9946   15.2410
    7.5000   22.5000   37.5000 2568.4561   15.2442
   -7.5000   30.0000   37.5000 2422.9758   16.8149
    0.0000   30.0000   37.5000 2454.1658   16.5657
    7.5000   30.0000   37.5000 2448.7065   16.5480
   -7.5000   37.5000   37.5000 2277.1274   18.4942
    0.0000   37.5000   37.5000 2299.4753   18.2215
    7.5000   37.5000   37.5000 2292.4512   18.1893
   -7.5000   45.0000   37.5000 2123.2014   20.6274
    0.0000   45.0000   37.5000 2146.8049   20.3431
    7.5000   45.0000   37.5000 2134.4639   20.3295
   -7.5000  -45.0000   45.0000 2377.5283   17.7168
    0.0000  -45.0000   45.0000 2404.7542   17.4515
    7.5000  -45.0000   45.0000 2390.5125   17.5630
   -7.5000  -37.5000   45.0000 2495.0496   16.2688
    0.0000  -37.5000   45.0000 2526.6685   16.0253
    7.5000  -37.5000   45.0000 2506.9563   16.1452
   -7.5000  -30.0000   45.0000 2596.0508   15.1975
    0.0000  -30.0000   45.0000 2631.0693   14.9216
    7.5000  -30.0000   45.0000 2613.5308   15.0438
   -7.5000  -22.5000   45.0000 2674.3613   14.4105
    0.0000  -22.5000   45.0000 2713.6445   14.1144
    7.5000  -22.5000   45.0000 2692.7214   14.2239
   -7.5000  -15.0000   45.0000 2721.3965   13.9219
    0.0000  -15.0000   45.0000 2756.9233   13.6400
    7.5000  -15.0000   45.0000 2735.9446   13.7364
   -7.5000   -7.5000   45.0000 2737.2524   13.7889
    0.0000   -7.5000   45.0000 2769.9277   13.5235
    7.5000   -7.5000   45.0000 2750.9329   13.5910
   -7.5000    0.0000   45.0000 2707.2456   13.9601
    0.0000    0.0000   45.0000 2739.5962   13.6719
    7.5000    0.0000   45.0000 2724.0886   13.7291
   -7.5000    7.5000   45.0000 2658.2578   14.4443
    0.0000    7.5000   45.0000 2687.7092   14.1812
    7.5000    7.5000   45.0000 2667.2952   14.1935
   -7.5000   15.0000   45.0000 2576.5508   15.2184
    0.0000   15.0000   45.0000 2607.8491   14.9444
    7.5000   15.0000   45.0000 2593.8052   14.9379
   -7.5000   22.5000   45.0000 2475.8896   16.1834
    0.0000   22.5000   45.0000 2503.5715   15.9397
    7.5000   22.5000   45.0000 2496.7100   15.9121
   -7.5000   30.0000   45.0000 2356.7883   17.4892
    0.0000   30.0000   45.0000 2384.0303   17.2630
    7.5000   30.0000   45.0000 2376.7761   17.2462
   -7.5000   37.5000   45.0000 2215.7546   19.2908
    0.0000   37.5000   45.0000 2237.2832   19.0325
    7.5000   37.5000   45.0000 2227.0725   18.9934
   -7.5000   45.0000   45.0000 2073.5649   21.5143
    0.0000   45.0000   45.0000 2089.9512   21.2091
    7.5000   45.0000   45.0000 2080.7373   21.2108

---------------------------------------------------------------------
imgreg_4dfp /opt/freesurfer/average/711-2C_as_mni_average_305 /opt/freesurfer/average/711-2B_as_mni_average_305_mask talsrcimg_g11 none talsrcimg_to_711-2C_as_mni_average_305_t4 1283
---------------------------------------------------------------------

freesurfer imgreg_4dfp.c
/opt/freesurfer/average/711-2C_as_mni_average_305.4dfp.img
       256       256       256         1
  1.000000  1.000000  1.000000
orientation T byte_order littleendian
Reading image: /opt/freesurfer/average/711-2C_as_mni_average_305.4dfp.img
dimensions:      256       256       256
mmppix:       1.0000   -1.0000   -1.0000
center:     128.0000 -129.0000 -129.0000
/opt/freesurfer/average/711-2B_as_mni_average_305_mask.4dfp.img
       256       256       256         1
  1.000000  1.000000  1.000000
orientation T byte_order littleendian
Reading mask: /opt/freesurfer/average/711-2B_as_mni_average_305_mask.4dfp.img (2306576 pixels)
talsrcimg_g11.4dfp.img
       256       256       256         1
  1.000000  1.000000  1.000000
orientation T byte_order littleendian
Reading image: talsrcimg_g11.4dfp.img
dimensions:      256       256       256
mmppix:       1.0000   -1.0000   -1.0000
center:     128.0000 -129.0000 -129.0000
rotation matrix determinant  1.000000
fimgreg.f
image alignment mode   1283 decimal      503 hex
parameters
    0.0000   -7.5000    7.5000    0.0000    0.0000    0.0000
eta,q 0.95591 11.33674
niter,ni,del,rscale     5    3   12.0000    1.2000
parameter  6 -0.696419 -> -0.500000 qaram    1.1500
parameters
    1.6683   -8.2635   10.3414   -1.6181    1.1198    3.4500
eta,q 0.96283 11.33097
  0.0584  0.0477  0.0552  0.0429  0.0480  0.0476
  0.0514  0.0439  0.0503  0.0410  0.0442  0.0447
  0.0452  0.0422  0.0447  0.0400  0.0416  0.0423
  0.0428  0.0418  0.0418  0.0403  0.0400  0.0399
  0.0421  0.0436  0.0405  0.0421  0.0403  0.0378
  0.0428  0.0468  0.0404  0.0450  0.0416  0.0372
  0.0474  0.0512  0.0425  0.0484  0.0437  0.0389
niter,ni,del,rscale     5    3   12.0000    1.2000
parameters
    1.3682   -7.0643   10.1289   -2.5799    1.1022    2.7426
eta,q 0.96367 11.32813
  0.0496  0.0525  0.0457  0.0424  0.0431  0.0426
  0.0435  0.0465  0.0407  0.0393  0.0401  0.0399
  0.0392  0.0409  0.0378  0.0365  0.0380  0.0373
  0.0372  0.0372  0.0369  0.0369  0.0363  0.0363
  0.0396  0.0374  0.0381  0.0392  0.0371  0.0380
  0.0451  0.0406  0.0416  0.0426  0.0400  0.0417
  0.0526  0.0443  0.0471  0.0469  0.0435  0.0461
niter,ni,del,rscale     4    3   12.0000    1.2000
parameters
    1.1577   -6.4571    9.9861   -3.3430    1.3399    2.5384
eta,q 0.96390 11.34330
  0.0497  0.0498  0.0459  0.0422  0.0437  0.0429
  0.0430  0.0442  0.0408  0.0395  0.0402  0.0399
  0.0385  0.0392  0.0377  0.0366  0.0380  0.0375
  0.0363  0.0364  0.0365  0.0365  0.0362  0.0361
  0.0385  0.0380  0.0374  0.0385  0.0367  0.0370
  0.0442  0.0416  0.0412  0.0417  0.0394  0.0401
  0.0520  0.0453  0.0472  0.0461  0.0430  0.0443
niter,ni,del,rscale     3    3   12.0000    1.2000
parameters
    0.9685   -6.0427    9.7891   -3.8394    1.4840    2.4404
eta,q 0.96387 11.35381
  0.0499  0.0488  0.0458  0.0425  0.0437  0.0427
  0.0429  0.0437  0.0406  0.0398  0.0401  0.0398
  0.0384  0.0387  0.0374  0.0369  0.0379  0.0375
  0.0361  0.0362  0.0363  0.0363  0.0362  0.0361
  0.0381  0.0382  0.0374  0.0381  0.0367  0.0368
  0.0439  0.0419  0.0412  0.0410  0.0395  0.0396
  0.0522  0.0457  0.0475  0.0451  0.0434  0.0436
niter,ni,del,rscale     2    3   12.0000    1.2000
parameters
    0.8756   -5.7757    9.6402   -4.1442    1.5428    2.3949
eta,q 0.96382 11.35910
  0.0505  0.0482  0.0460  0.0429  0.0437  0.0426
  0.0432  0.0433  0.0408  0.0400  0.0400  0.0398
  0.0385  0.0383  0.0374  0.0371  0.0379  0.0375
  0.0361  0.0362  0.0363  0.0363  0.0362  0.0362
  0.0378  0.0384  0.0375  0.0379  0.0367  0.0367
  0.0435  0.0421  0.0412  0.0407  0.0396  0.0394
  0.0520  0.0461  0.0473  0.0444  0.0439  0.0433
niter,ni,del,rscale     1    3   12.0000    1.2000
parameters
    0.8385   -5.6195    9.5557   -4.3067    1.5646    2.3725
eta,q 0.96379 11.36154
  0.0509  0.0478  0.0462  0.0433  0.0437  0.0425
  0.0434  0.0431  0.0410  0.0402  0.0400  0.0398
  0.0386  0.0382  0.0374  0.0372  0.0379  0.0375
  0.0362  0.0362  0.0363  0.0363  0.0362  0.0362
  0.0377  0.0386  0.0376  0.0378  0.0367  0.0368
  0.0432  0.0424  0.0411  0.0405  0.0397  0.0394
  0.0519  0.0465  0.0471  0.0441  0.0441  0.0432
registration optimization eta report
parameter search radius
    6.0000    6.0000    6.0000    6.0000    6.0000    6.9000
100000*second partial in parameter space
       42.       29.       29.       20.       21.       14.
  0.0509  0.0478  0.0462  0.0433  0.0437  0.0425
  0.0434  0.0431  0.0410  0.0402  0.0400  0.0398
  0.0386  0.0382  0.0374  0.0372  0.0379  0.0375
  0.0362  0.0362  0.0363  0.0363  0.0362  0.0362
  0.0377  0.0386  0.0376  0.0378  0.0367  0.0368
  0.0432  0.0424  0.0411  0.0405  0.0397  0.0394
  0.0519  0.0465  0.0471  0.0441  0.0441  0.0432
    0.8385   -5.6195    9.5557   -4.3067    1.5646    2.3725
eta,q 0.96379 11.36154

---------------------------------------------------------------------
imgreg_4dfp /opt/freesurfer/average/711-2C_as_mni_average_305 /opt/freesurfer/average/711-2B_as_mni_average_305_mask talsrcimg_g11 none talsrcimg_to_711-2C_as_mni_average_305_t4 3335
---------------------------------------------------------------------

freesurfer imgreg_4dfp.c
/opt/freesurfer/average/711-2C_as_mni_average_305.4dfp.img
       256       256       256         1
  1.000000  1.000000  1.000000
orientation T byte_order littleendian
Reading image: /opt/freesurfer/average/711-2C_as_mni_average_305.4dfp.img
dimensions:      256       256       256
mmppix:       1.0000   -1.0000   -1.0000
center:     128.0000 -129.0000 -129.0000
/opt/freesurfer/average/711-2B_as_mni_average_305_mask.4dfp.img
       256       256       256         1
  1.000000  1.000000  1.000000
orientation T byte_order littleendian
Reading mask: /opt/freesurfer/average/711-2B_as_mni_average_305_mask.4dfp.img (2306576 pixels)
talsrcimg_g11.4dfp.img
       256       256       256         1
  1.000000  1.000000  1.000000
orientation T byte_order littleendian
Reading image: talsrcimg_g11.4dfp.img
dimensions:      256       256       256
mmppix:       1.0000   -1.0000   -1.0000
center:     128.0000 -129.0000 -129.0000
fimgreg.f
image alignment mode   3335 decimal      D07 hex
parameters
    0.8385   -5.6195    9.5557   -0.1230   -0.3593   -0.3195
   -3.9230   -3.0313    4.1380    7.3903    2.7305   -7.5067
eta,q 0.96259 11.40824
niter,ni,del,rscale     5    3    5.0000    1.2000
parameter  4  1.947088 ->  0.500000 qaram    1.1500
parameter  5  6.368768 ->  0.500000 qaram    1.1500
parameters
    0.7682   -5.0873    9.9228   -4.2630   -4.4993   -2.2518
   -1.0146   -2.5028    5.3925    7.2617    2.8421  -11.0343
eta,q 0.97442 11.21403
  0.0397  0.0395  0.0394  0.0308  0.0230  0.0282  0.0310  0.0323  0.0289  0.0295  0.0275  0.0260
  0.0385  0.0385  0.0384  0.0319  0.0257  0.0272  0.0291  0.0294  0.0275  0.0277  0.0267  0.0256
  0.0377  0.0378  0.0377  0.0342  0.0290  0.0266  0.0276  0.0271  0.0265  0.0264  0.0262  0.0256
  0.0374  0.0374  0.0374  0.0373  0.0324  0.0266  0.0265  0.0261  0.0260  0.0259  0.0259  0.0259
  0.0377  0.0374  0.0374  0.0409  0.0358  0.0274  0.0261  0.0264  0.0260  0.0264  0.0261  0.0266
  0.0386  0.0377  0.0377  0.0448  0.0394  0.0297  0.0263  0.0281  0.0265  0.0277  0.0266  0.0275
  0.0401  0.0382  0.0385  0.0485  0.0433  0.0334  0.0271  0.0309  0.0274  0.0298  0.0275  0.0287
niter,ni,del,rscale     6    3    5.0000    1.2000
parameter  4  0.510008 ->  0.500000 qaram    1.3225
parameter  5  1.642887 ->  0.500000 qaram    1.3225
parameters
    0.6736   -5.4326    9.1367   -9.0240   -9.2603   -0.2140
   -1.2483   -2.7050    6.1155    7.8358    3.4027  -13.4225
eta,q 0.98068 11.03391
  0.0292  0.0272  0.0261  0.0255  0.0187  0.0231  0.0221  0.0243  0.0224  0.0239  0.0208  0.0200
  0.0272  0.0262  0.0255  0.0247  0.0197  0.0218  0.0207  0.0216  0.0210  0.0219  0.0201  0.0195
  0.0259  0.0256  0.0253  0.0243  0.0216  0.0209  0.0198  0.0200  0.0200  0.0204  0.0196  0.0193
  0.0256  0.0256  0.0255  0.0253  0.0245  0.0201  0.0196  0.0196  0.0196  0.0196  0.0195  0.0195
  0.0262  0.0260  0.0261  0.0282  0.0281  0.0195  0.0200  0.0202  0.0197  0.0195  0.0195  0.0199
  0.0276  0.0270  0.0270  0.0321  0.0318  0.0194  0.0210  0.0219  0.0203  0.0207  0.0199  0.0208
  0.0298  0.0284  0.0282  0.0364  0.0357  0.0213  0.0225  0.0248  0.0215  0.0230  0.0204  0.0219
niter,ni,del,rscale     7    3    5.0000    1.2000
parameter  5  0.591909 ->  0.500000 qaram    1.5209
parameters
    0.7231   -5.4353    9.1920   -9.1268  -14.7355    0.3087
   -1.6674   -2.8326    6.1506    8.7063    3.3205  -14.1397
eta,q 0.98267 10.83481
  0.0229  0.0223  0.0209  0.0240  0.0185  0.0203  0.0197  0.0219  0.0197  0.0218  0.0182  0.0184
  0.0210  0.0206  0.0200  0.0220  0.0177  0.0192  0.0184  0.0194  0.0185  0.0198  0.0177  0.0177
  0.0198  0.0196  0.0195  0.0205  0.0180  0.0183  0.0177  0.0179  0.0177  0.0183  0.0174  0.0174
  0.0193  0.0193  0.0193  0.0193  0.0194  0.0177  0.0175  0.0175  0.0175  0.0175  0.0173  0.0173
  0.0196  0.0197  0.0195  0.0190  0.0221  0.0170  0.0179  0.0180  0.0177  0.0174  0.0174  0.0176
  0.0207  0.0207  0.0199  0.0212  0.0263  0.0177  0.0189  0.0196  0.0185  0.0183  0.0177  0.0181
  0.0226  0.0222  0.0207  0.0254  0.0308  0.0204  0.0203  0.0223  0.0196  0.0204  0.0183  0.0189
niter,ni,del,rscale     7    3    5.0000    1.2000
parameters
    0.7032   -5.4542    9.6175   -8.4312  -15.6187    0.6910
   -1.6229   -2.8174    6.1933    8.8526    3.1739  -13.8136
eta,q 0.98308 10.83794
  0.0206  0.0204  0.0193  0.0221  0.0223  0.0201  0.0197  0.0219  0.0192  0.0208  0.0179  0.0184
  0.0188  0.0186  0.0182  0.0200  0.0197  0.0189  0.0182  0.0192  0.0180  0.0189  0.0173  0.0176
  0.0177  0.0176  0.0176  0.0185  0.0178  0.0179  0.0173  0.0175  0.0172  0.0176  0.0170  0.0171
  0.0173  0.0173  0.0173  0.0173  0.0171  0.0171  0.0169  0.0169  0.0169  0.0169  0.0169  0.0169
  0.0177  0.0177  0.0173  0.0166  0.0180  0.0164  0.0173  0.0174  0.0172  0.0171  0.0170  0.0170
  0.0188  0.0188  0.0176  0.0182  0.0205  0.0174  0.0182  0.0191  0.0180  0.0184  0.0174  0.0174
  0.0207  0.0204  0.0182  0.0218  0.0251  0.0205  0.0196  0.0220  0.0191  0.0208  0.0180  0.0181
niter,ni,del,rscale     6    3    5.0000    1.2000
parameters
    0.6970   -5.4533    9.7437   -8.4091  -15.7325    0.7194
   -1.6434   -2.7950    6.2006    8.8213    3.1324  -13.6617
eta,q 0.98308 10.83364
  0.0204  0.0201  0.0186  0.0215  0.0229  0.0200  0.0196  0.0219  0.0192  0.0206  0.0179  0.0183
  0.0185  0.0183  0.0176  0.0196  0.0202  0.0187  0.0181  0.0192  0.0179  0.0188  0.0173  0.0176
  0.0173  0.0172  0.0171  0.0181  0.0180  0.0177  0.0172  0.0175  0.0172  0.0175  0.0170  0.0171
  0.0169  0.0169  0.0169  0.0169  0.0169  0.0169  0.0169  0.0169  0.0169  0.0169  0.0169  0.0169
  0.0173  0.0173  0.0170  0.0166  0.0175  0.0164  0.0173  0.0174  0.0172  0.0172  0.0170  0.0170
  0.0185  0.0184  0.0175  0.0187  0.0196  0.0178  0.0182  0.0191  0.0180  0.0186  0.0173  0.0175
  0.0205  0.0200  0.0182  0.0225  0.0238  0.0210  0.0196  0.0219  0.0191  0.0210  0.0180  0.0182
niter,ni,del,rscale     5    3    5.0000    1.2000
parameters
    0.6984   -5.4606    9.7718   -8.4029  -15.7460    0.7260
   -1.6498   -2.7880    6.2029    8.7960    3.1290  -13.6118
eta,q 0.98308 10.83305
  0.0204  0.0200  0.0185  0.0215  0.0230  0.0200  0.0196  0.0219  0.0192  0.0206  0.0179  0.0183
  0.0185  0.0183  0.0176  0.0196  0.0202  0.0187  0.0181  0.0192  0.0179  0.0188  0.0173  0.0175
  0.0173  0.0172  0.0171  0.0181  0.0180  0.0177  0.0172  0.0175  0.0172  0.0175  0.0170  0.0171
  0.0169  0.0169  0.0169  0.0169  0.0169  0.0169  0.0169  0.0169  0.0169  0.0169  0.0169  0.0169
  0.0173  0.0173  0.0171  0.0166  0.0174  0.0164  0.0173  0.0174  0.0172  0.0172  0.0170  0.0171
  0.0185  0.0184  0.0175  0.0187  0.0195  0.0178  0.0182  0.0191  0.0180  0.0186  0.0173  0.0175
  0.0204  0.0200  0.0184  0.0225  0.0237  0.0210  0.0196  0.0220  0.0191  0.0210  0.0179  0.0182
niter,ni,del,rscale     4    3    5.0000    1.2000
parameters
    0.6991   -5.4640    9.7766   -8.4015  -15.7490    0.7241
   -1.6553   -2.7849    6.2038    8.7853    3.1320  -13.5989
eta,q 0.98308 10.83272
  0.0204  0.0200  0.0184  0.0215  0.0230  0.0200  0.0196  0.0219  0.0192  0.0207  0.0179  0.0183
  0.0185  0.0183  0.0175  0.0196  0.0202  0.0187  0.0181  0.0192  0.0179  0.0188  0.0173  0.0175
  0.0173  0.0172  0.0171  0.0181  0.0180  0.0177  0.0172  0.0175  0.0172  0.0175  0.0170  0.0171
  0.0169  0.0169  0.0169  0.0169  0.0169  0.0169  0.0169  0.0169  0.0169  0.0169  0.0169  0.0169
  0.0173  0.0173  0.0171  0.0166  0.0174  0.0164  0.0173  0.0174  0.0172  0.0172  0.0170  0.0171
  0.0185  0.0184  0.0175  0.0187  0.0195  0.0178  0.0182  0.0191  0.0180  0.0185  0.0173  0.0175
  0.0204  0.0199  0.0184  0.0225  0.0237  0.0210  0.0196  0.0220  0.0191  0.0210  0.0179  0.0183
registration optimization eta report
parameter search radius
    2.4000    2.4000    2.4000    9.5220   10.9503    7.2000
    7.2000    7.2000    7.2000    7.2000    7.2000    7.2000
100000*second partial in parameter space
       61.       53.       26.        6.        5.        7.
        5.       10.        4.        8.        2.        3.
  0.0204  0.0200  0.0184  0.0215  0.0230  0.0200  0.0196  0.0219  0.0192  0.0207  0.0179  0.0183
  0.0185  0.0183  0.0175  0.0196  0.0202  0.0187  0.0181  0.0192  0.0179  0.0188  0.0173  0.0175
  0.0173  0.0172  0.0171  0.0181  0.0180  0.0177  0.0172  0.0175  0.0172  0.0175  0.0170  0.0171
  0.0169  0.0169  0.0169  0.0169  0.0169  0.0169  0.0169  0.0169  0.0169  0.0169  0.0169  0.0169
  0.0173  0.0173  0.0171  0.0166  0.0174  0.0164  0.0173  0.0174  0.0172  0.0172  0.0170  0.0171
  0.0185  0.0184  0.0175  0.0187  0.0195  0.0178  0.0182  0.0191  0.0180  0.0185  0.0173  0.0175
  0.0204  0.0199  0.0184  0.0225  0.0237  0.0210  0.0196  0.0220  0.0191  0.0210  0.0179  0.0183
    0.6991   -5.4640    9.7766   -8.4015  -15.7490    0.7241
   -1.6553   -2.7849    6.2038    8.7853    3.1320  -13.5989
eta,q 0.98308 10.83272

---------------------------------------------------------------------
imgreg_4dfp /opt/freesurfer/average/711-2C_as_mni_average_305 /opt/freesurfer/average/711-2B_as_mni_average_305_mask talsrcimg_g11 none talsrcimg_to_711-2C_as_mni_average_305_t4 2311
---------------------------------------------------------------------

freesurfer imgreg_4dfp.c
/opt/freesurfer/average/711-2C_as_mni_average_305.4dfp.img
       256       256       256         1
  1.000000  1.000000  1.000000
orientation T byte_order littleendian
Reading image: /opt/freesurfer/average/711-2C_as_mni_average_305.4dfp.img
dimensions:      256       256       256
mmppix:       1.0000   -1.0000   -1.0000
center:     128.0000 -129.0000 -129.0000
/opt/freesurfer/average/711-2B_as_mni_average_305_mask.4dfp.img
       256       256       256         1
  1.000000  1.000000  1.000000
orientation T byte_order littleendian
Reading mask: /opt/freesurfer/average/711-2B_as_mni_average_305_mask.4dfp.img (2306576 pixels)
talsrcimg_g11.4dfp.img
       256       256       256         1
  1.000000  1.000000  1.000000
orientation T byte_order littleendian
Reading image: talsrcimg_g11.4dfp.img
dimensions:      256       256       256
mmppix:       1.0000   -1.0000   -1.0000
center:     128.0000 -129.0000 -129.0000
fimgreg.f
image alignment mode   2311 decimal      907 hex
parameters
    0.6991   -5.4640    9.7766   -8.4015  -15.7490    0.7241
   -1.6553   -2.7849    6.2038    8.7853    3.1320  -13.5989
eta,q 0.98308 10.83273
niter,ni,del,rscale     5    3    5.0000    0.8000
parameters
    0.7146   -5.5000    9.7572   -6.6260  -15.2117    1.3159
   -1.5257   -2.6810    6.2647    8.8078    3.2319  -14.0084
eta,q 0.98369 10.93925
  0.0185  0.0183  0.0175  0.0188  0.0182  0.0184  0.0178  0.0195  0.0175  0.0183  0.0171  0.0169
  0.0176  0.0175  0.0172  0.0181  0.0174  0.0176  0.0170  0.0179  0.0168  0.0173  0.0167  0.0165
  0.0171  0.0171  0.0170  0.0175  0.0168  0.0170  0.0165  0.0168  0.0165  0.0166  0.0164  0.0163
  0.0169  0.0169  0.0169  0.0169  0.0165  0.0165  0.0163  0.0163  0.0163  0.0163  0.0163  0.0163
  0.0171  0.0171  0.0170  0.0165  0.0166  0.0162  0.0165  0.0166  0.0164  0.0165  0.0164  0.0164
  0.0176  0.0176  0.0172  0.0166  0.0169  0.0166  0.0169  0.0176  0.0168  0.0171  0.0166  0.0167
  0.0185  0.0184  0.0176  0.0174  0.0176  0.0180  0.0177  0.0193  0.0174  0.0184  0.0170  0.0171
niter,ni,del,rscale     4    3    5.0000    0.7000
parameters
    0.7019   -5.4296    9.7525   -6.9297  -15.2190    1.6183
   -1.5434   -2.6965    6.2650    8.9342    3.2638  -14.2209
eta,q 0.98375 10.93985
  0.0178  0.0176  0.0169  0.0176  0.0174  0.0179  0.0173  0.0186  0.0171  0.0179  0.0168  0.0167
  0.0170  0.0169  0.0166  0.0171  0.0168  0.0173  0.0167  0.0174  0.0166  0.0171  0.0165  0.0164
  0.0165  0.0165  0.0164  0.0166  0.0165  0.0168  0.0164  0.0166  0.0164  0.0165  0.0163  0.0163
  0.0163  0.0163  0.0163  0.0163  0.0163  0.0163  0.0163  0.0163  0.0163  0.0163  0.0162  0.0162
  0.0165  0.0164  0.0164  0.0165  0.0165  0.0161  0.0164  0.0165  0.0164  0.0163  0.0163  0.0163
  0.0170  0.0168  0.0166  0.0172  0.0168  0.0166  0.0168  0.0174  0.0166  0.0169  0.0165  0.0165
  0.0178  0.0173  0.0169  0.0184  0.0174  0.0179  0.0173  0.0187  0.0171  0.0178  0.0168  0.0168
niter,ni,del,rscale     3    3    5.0000    0.6000
parameters
    0.7083   -5.4177    9.7515   -6.8722  -15.2834    1.8223
   -1.5303   -2.6867    6.2545    8.9843    3.2813  -14.4094
eta,q 0.98381 10.94416
  0.0173  0.0171  0.0167  0.0174  0.0170  0.0175  0.0170  0.0180  0.0168  0.0174  0.0166  0.0166
  0.0168  0.0166  0.0165  0.0169  0.0166  0.0170  0.0166  0.0171  0.0165  0.0168  0.0164  0.0163
  0.0164  0.0163  0.0163  0.0165  0.0163  0.0166  0.0163  0.0164  0.0163  0.0164  0.0162  0.0162
  0.0163  0.0163  0.0163  0.0163  0.0162  0.0162  0.0162  0.0162  0.0162  0.0162  0.0162  0.0162
  0.0164  0.0163  0.0163  0.0163  0.0163  0.0161  0.0163  0.0164  0.0163  0.0163  0.0162  0.0163
  0.0167  0.0166  0.0165  0.0167  0.0166  0.0165  0.0166  0.0170  0.0165  0.0167  0.0164  0.0164
  0.0173  0.0171  0.0167  0.0175  0.0171  0.0175  0.0170  0.0181  0.0168  0.0174  0.0166  0.0166
niter,ni,del,rscale     2    3    5.0000    0.5000
parameters
    0.7095   -5.4047    9.7702   -6.7836  -15.3309    2.0410
   -1.5271   -2.6657    6.2384    9.0105    3.2535  -14.5548
eta,q 0.98386 10.94982
  0.0170  0.0168  0.0166  0.0171  0.0167  0.0172  0.0167  0.0175  0.0166  0.0170  0.0164  0.0164
  0.0165  0.0165  0.0163  0.0167  0.0164  0.0168  0.0164  0.0168  0.0163  0.0166  0.0163  0.0162
  0.0163  0.0163  0.0162  0.0164  0.0162  0.0165  0.0162  0.0163  0.0162  0.0163  0.0162  0.0162
  0.0162  0.0162  0.0162  0.0162  0.0162  0.0162  0.0161  0.0161  0.0161  0.0161  0.0161  0.0161
  0.0163  0.0163  0.0162  0.0162  0.0163  0.0161  0.0162  0.0163  0.0162  0.0162  0.0162  0.0162
  0.0165  0.0164  0.0163  0.0165  0.0165  0.0164  0.0164  0.0167  0.0164  0.0165  0.0163  0.0163
  0.0170  0.0168  0.0165  0.0171  0.0168  0.0171  0.0167  0.0175  0.0166  0.0170  0.0165  0.0165
niter,ni,del,rscale     1    3    5.0000    0.4000
parameters
    0.7095   -5.3890    9.7999   -6.7073  -15.3957    2.2428
   -1.5029   -2.6460    6.2333    9.0333    3.2388  -14.6524
eta,q 0.98389 10.95352
  0.0166  0.0165  0.0164  0.0168  0.0165  0.0169  0.0165  0.0170  0.0164  0.0167  0.0163  0.0163
  0.0164  0.0163  0.0162  0.0165  0.0163  0.0166  0.0163  0.0165  0.0162  0.0164  0.0162  0.0162
  0.0162  0.0162  0.0162  0.0163  0.0162  0.0163  0.0162  0.0162  0.0161  0.0162  0.0161  0.0161
  0.0161  0.0161  0.0161  0.0161  0.0161  0.0161  0.0161  0.0161  0.0161  0.0161  0.0161  0.0161
  0.0162  0.0162  0.0162  0.0162  0.0162  0.0161  0.0161  0.0162  0.0161  0.0162  0.0161  0.0161
  0.0164  0.0163  0.0162  0.0164  0.0163  0.0163  0.0163  0.0165  0.0162  0.0163  0.0162  0.0162
  0.0166  0.0165  0.0164  0.0167  0.0165  0.0168  0.0165  0.0170  0.0164  0.0167  0.0163  0.0163
registration optimization eta report
parameter search radius
    0.8000    0.8000    0.8000    2.4000    2.4000    2.4000
    2.4000    2.4000    2.4000    2.4000    2.4000    2.4000
100000*second partial in parameter space
       79.       60.       37.       11.        7.       12.
        6.       16.        5.       10.        4.        3.
  0.0166  0.0165  0.0164  0.0168  0.0165  0.0169  0.0165  0.0170  0.0164  0.0167  0.0163  0.0163
  0.0164  0.0163  0.0162  0.0165  0.0163  0.0166  0.0163  0.0165  0.0162  0.0164  0.0162  0.0162
  0.0162  0.0162  0.0162  0.0163  0.0162  0.0163  0.0162  0.0162  0.0161  0.0162  0.0161  0.0161
  0.0161  0.0161  0.0161  0.0161  0.0161  0.0161  0.0161  0.0161  0.0161  0.0161  0.0161  0.0161
  0.0162  0.0162  0.0162  0.0162  0.0162  0.0161  0.0161  0.0162  0.0161  0.0162  0.0161  0.0161
  0.0164  0.0163  0.0162  0.0164  0.0163  0.0163  0.0163  0.0165  0.0162  0.0163  0.0162  0.0162
  0.0166  0.0165  0.0164  0.0167  0.0165  0.0168  0.0165  0.0170  0.0164  0.0167  0.0163  0.0163
    0.7095   -5.3890    9.7999   -6.7073  -15.3957    2.2428
   -1.5029   -2.6460    6.2333    9.0333    3.2388  -14.6524
eta,q 0.98389 10.95352

---------------------------------------------------------------------
imgreg_4dfp /opt/freesurfer/average/711-2C_as_mni_average_305 /opt/freesurfer/average/711-2B_as_mni_average_305_mask talsrcimg_g11 none talsrcimg_to_711-2C_as_mni_average_305_t4 2311
---------------------------------------------------------------------

freesurfer imgreg_4dfp.c
/opt/freesurfer/average/711-2C_as_mni_average_305.4dfp.img
       256       256       256         1
  1.000000  1.000000  1.000000
orientation T byte_order littleendian
Reading image: /opt/freesurfer/average/711-2C_as_mni_average_305.4dfp.img
dimensions:      256       256       256
mmppix:       1.0000   -1.0000   -1.0000
center:     128.0000 -129.0000 -129.0000
/opt/freesurfer/average/711-2B_as_mni_average_305_mask.4dfp.img
       256       256       256         1
  1.000000  1.000000  1.000000
orientation T byte_order littleendian
Reading mask: /opt/freesurfer/average/711-2B_as_mni_average_305_mask.4dfp.img (2306576 pixels)
talsrcimg_g11.4dfp.img
       256       256       256         1
  1.000000  1.000000  1.000000
orientation T byte_order littleendian
Reading image: talsrcimg_g11.4dfp.img
dimensions:      256       256       256
mmppix:       1.0000   -1.0000   -1.0000
center:     128.0000 -129.0000 -129.0000
fimgreg.f
image alignment mode   2311 decimal      907 hex
parameters
    0.7095   -5.3890    9.7999   -6.7073  -15.3957    2.2428
   -1.5029   -2.6460    6.2333    9.0333    3.2388  -14.6524
eta,q 0.98389 10.95352
niter,ni,del,rscale     5    3    5.0000    0.8000
parameters
    0.7050   -5.3579    9.8724   -7.2425  -15.4001    1.6582
   -1.5380   -2.7225    6.2464    9.0728    3.1841  -14.1645
eta,q 0.98371 10.92485
  0.0181  0.0177  0.0172  0.0177  0.0176  0.0178  0.0177  0.0191  0.0174  0.0183  0.0169  0.0171
  0.0170  0.0168  0.0166  0.0170  0.0168  0.0172  0.0169  0.0176  0.0168  0.0173  0.0166  0.0167
  0.0163  0.0163  0.0162  0.0164  0.0163  0.0166  0.0164  0.0166  0.0164  0.0166  0.0164  0.0164
  0.0161  0.0161  0.0161  0.0161  0.0162  0.0162  0.0163  0.0163  0.0163  0.0163  0.0163  0.0163
  0.0163  0.0163  0.0162  0.0164  0.0163  0.0163  0.0165  0.0166  0.0164  0.0164  0.0164  0.0163
  0.0170  0.0168  0.0165  0.0174  0.0168  0.0175  0.0169  0.0177  0.0168  0.0171  0.0166  0.0165
  0.0181  0.0175  0.0170  0.0190  0.0176  0.0196  0.0177  0.0193  0.0174  0.0183  0.0170  0.0168
niter,ni,del,rscale     4    3    5.0000    0.7000
parameters
    0.7037   -5.4198    9.7783   -7.0310  -15.2911    1.6273
   -1.5265   -2.6909    6.2590    8.9887    3.2365  -14.2258
eta,q 0.98375 10.93441
  0.0177  0.0173  0.0168  0.0178  0.0174  0.0178  0.0173  0.0186  0.0171  0.0177  0.0168  0.0168
  0.0169  0.0167  0.0165  0.0172  0.0168  0.0172  0.0167  0.0174  0.0166  0.0170  0.0165  0.0165
  0.0165  0.0164  0.0163  0.0167  0.0164  0.0167  0.0164  0.0166  0.0164  0.0165  0.0163  0.0163
  0.0163  0.0163  0.0163  0.0163  0.0162  0.0162  0.0163  0.0163  0.0163  0.0163  0.0163  0.0163
  0.0164  0.0165  0.0164  0.0162  0.0164  0.0162  0.0164  0.0165  0.0163  0.0164  0.0163  0.0163
  0.0169  0.0169  0.0166  0.0167  0.0167  0.0168  0.0167  0.0173  0.0166  0.0170  0.0165  0.0165
  0.0177  0.0175  0.0170  0.0178  0.0173  0.0182  0.0173  0.0186  0.0171  0.0180  0.0168  0.0168
niter,ni,del,rscale     3    3    5.0000    0.6000
parameters
    0.7087   -5.4196    9.7578   -6.8717  -15.2838    1.8170
   -1.5274   -2.6804    6.2516    8.9860    3.2700  -14.4036
eta,q 0.98380 10.94408
  0.0173  0.0171  0.0167  0.0175  0.0171  0.0175  0.0170  0.0180  0.0168  0.0174  0.0166  0.0166
  0.0167  0.0166  0.0164  0.0170  0.0166  0.0170  0.0166  0.0171  0.0165  0.0168  0.0164  0.0163
  0.0164  0.0164  0.0163  0.0165  0.0163  0.0166  0.0163  0.0164  0.0163  0.0164  0.0162  0.0162
  0.0163  0.0163  0.0163  0.0163  0.0162  0.0162  0.0162  0.0162  0.0162  0.0162  0.0162  0.0162
  0.0164  0.0164  0.0163  0.0163  0.0163  0.0161  0.0163  0.0164  0.0163  0.0163  0.0162  0.0163
  0.0167  0.0166  0.0165  0.0166  0.0166  0.0166  0.0166  0.0170  0.0165  0.0167  0.0164  0.0164
  0.0173  0.0171  0.0167  0.0174  0.0171  0.0175  0.0170  0.0181  0.0168  0.0175  0.0166  0.0166
niter,ni,del,rscale     2    3    5.0000    0.5000
parameters
    0.7108   -5.4044    9.7664   -6.7811  -15.3293    2.0383
   -1.5202   -2.6659    6.2392    9.0114    3.2757  -14.5512
eta,q 0.98386 10.94987
  0.0170  0.0168  0.0166  0.0171  0.0167  0.0172  0.0167  0.0175  0.0166  0.0170  0.0165  0.0164
  0.0165  0.0165  0.0163  0.0167  0.0164  0.0168  0.0164  0.0168  0.0163  0.0166  0.0163  0.0162
  0.0163  0.0163  0.0162  0.0164  0.0162  0.0165  0.0162  0.0163  0.0162  0.0163  0.0162  0.0162
  0.0162  0.0162  0.0162  0.0162  0.0162  0.0162  0.0161  0.0161  0.0161  0.0161  0.0161  0.0161
  0.0163  0.0163  0.0162  0.0162  0.0163  0.0161  0.0162  0.0163  0.0162  0.0162  0.0162  0.0162
  0.0165  0.0164  0.0163  0.0165  0.0165  0.0164  0.0164  0.0167  0.0163  0.0165  0.0163  0.0163
  0.0170  0.0168  0.0165  0.0171  0.0168  0.0171  0.0167  0.0175  0.0166  0.0170  0.0165  0.0164
niter,ni,del,rscale     1    3    5.0000    0.4000
parameters
    0.7117   -5.3903    9.7996   -6.7097  -15.3997    2.2412
   -1.5111   -2.6494    6.2335    9.0379    3.2593  -14.6614
eta,q 0.98390 10.95330
  0.0166  0.0165  0.0164  0.0168  0.0165  0.0169  0.0165  0.0170  0.0164  0.0167  0.0163  0.0163
  0.0164  0.0163  0.0163  0.0165  0.0163  0.0166  0.0163  0.0165  0.0162  0.0164  0.0162  0.0162
  0.0162  0.0162  0.0162  0.0163  0.0162  0.0163  0.0162  0.0162  0.0161  0.0162  0.0161  0.0161
  0.0161  0.0161  0.0161  0.0161  0.0161  0.0161  0.0161  0.0161  0.0161  0.0161  0.0161  0.0161
  0.0162  0.0162  0.0162  0.0162  0.0162  0.0161  0.0161  0.0162  0.0161  0.0162  0.0161  0.0161
  0.0164  0.0163  0.0162  0.0164  0.0163  0.0163  0.0163  0.0165  0.0162  0.0163  0.0162  0.0162
  0.0166  0.0165  0.0164  0.0167  0.0165  0.0168  0.0165  0.0170  0.0164  0.0167  0.0163  0.0163
registration optimization eta report
parameter search radius
    0.8000    0.8000    0.8000    2.4000    2.4000    2.4000
    2.4000    2.4000    2.4000    2.4000    2.4000    2.4000
100000*second partial in parameter space
       79.       59.       37.       11.        7.       12.
        6.       16.        5.       10.        4.        3.
  0.0166  0.0165  0.0164  0.0168  0.0165  0.0169  0.0165  0.0170  0.0164  0.0167  0.0163  0.0163
  0.0164  0.0163  0.0163  0.0165  0.0163  0.0166  0.0163  0.0165  0.0162  0.0164  0.0162  0.0162
  0.0162  0.0162  0.0162  0.0163  0.0162  0.0163  0.0162  0.0162  0.0161  0.0162  0.0161  0.0161
  0.0161  0.0161  0.0161  0.0161  0.0161  0.0161  0.0161  0.0161  0.0161  0.0161  0.0161  0.0161
  0.0162  0.0162  0.0162  0.0162  0.0162  0.0161  0.0161  0.0162  0.0161  0.0162  0.0161  0.0161
  0.0164  0.0163  0.0162  0.0164  0.0163  0.0163  0.0163  0.0165  0.0162  0.0163  0.0162  0.0162
  0.0166  0.0165  0.0164  0.0167  0.0165  0.0168  0.0165  0.0170  0.0164  0.0167  0.0163  0.0163
    0.7117   -5.3903    9.7996   -6.7097  -15.3997    2.2412
   -1.5111   -2.6494    6.2335    9.0379    3.2593  -14.6614
eta,q 0.98390 10.95330

---------------------------------------------------------------------
compute_vox2vox talsrcimg talsrcimg_to_711-2C_as_mni_average_305_t4 /opt/freesurfer/average/711-2C_as_mni_average_305
---------------------------------------------------------------------

freesurfer compute_vox2vox.c
Reading: talsrcimg.4dfp.ifh
Reading: talsrcimg_to_711-2C_as_mni_average_305_t4
Reading: /opt/freesurfer/average/711-2C_as_mni_average_305.4dfp.ifh
Writing: talsrcimg_to_711-2C_as_mni_average_305_t4_vox2vox.txt

start time Sun Mar 8 12:45:18 CET 2026
end		time Sun Mar 8 12:45:32 CET 2026

mpr2mni305 success

avi2talxfm orig_nu.mgz /opt/freesurfer/average/mni305.cor.mgz talsrcimg_to_711-2C_as_mni_average_305_t4_vox2vox.txt transforms/talairach.auto.xfm
avi2talxfm done
mv -f /out/sourcedata/freesurfer/sub-v1s12x0050108_ses-1/mri/talsrcimg_to_711-2C_as_mni_average_305_t4_vox2vox.txt /out/sourcedata/freesurfer/sub-v1s12x0050108_ses-1/mri/transforms/talsrcimg_to_711-2C_as_mni_average_305_t4_vox2vox.txt
lta_convert --src orig_nu.mgz --trg /opt/freesurfer/average/mni305.cor.mgz --inxfm transforms/talairach.auto.xfm --outlta transforms/talairach.auto.xfm.lta --subject fsaverage
7.3.2

--src: orig_nu.mgz src image (geometry).
--trg: /opt/freesurfer/average/mni305.cor.mgz trg image (geometry).
--inmni: transforms/talairach.auto.xfm input MNI/XFM transform.
--outlta: transforms/talairach.auto.xfm.lta output LTA.
--s: fsaverage subject name
 LTA read, type : 1
 1.06945   0.02563   0.02354  -8.08063;
-0.04471   0.96225   0.16596  -10.29465;
-0.07402  -0.10469   1.16256   15.09023;
 0.00000   0.00000   0.00000   1.00000;
setting subject to fsaverage
Writing  LTA to file transforms/talairach.auto.xfm.lta...
lta_convert successful.
 
 
Started at Sun Mar 8 12:45:18 CET 2026
Ended   at Sun Mar  8 12:45:33 CET 2026
talairach_avi done
