status file for recon-all
Sun Mar  8 14:08:01 CET 2026
#@# Tessellate lh Sun Mar  8 14:08:01 CET 2026
#@# Smooth1 lh Sun Mar  8 14:08:04 CET 2026
#@# Inflation1 lh Sun Mar  8 14:08:06 CET 2026
#@# QSphere lh Sun Mar  8 14:08:17 CET 2026
#@# Fix Topology lh Sun Mar  8 14:09:15 CET 2026
#@# Smooth2 lh Sun Mar  8 14:19:56 CET 2026
#@# Inflation2 lh Sun Mar  8 14:19:58 CET 2026
#@# Curv .H and .K lh Sun Mar  8 14:20:10 CET 2026
#@# Sphere lh Sun Mar  8 14:20:45 CET 2026
#@# Surf Reg lh Sun Mar  8 14:23:26 CET 2026
#@# Jacobian white lh Sun Mar  8 14:27:09 CET 2026
#@# AvgCurv lh Sun Mar  8 14:27:10 CET 2026
#@# Cortical Parc lh Sun Mar  8 14:27:11 CET 2026
#@# white curv lh Sun Mar  8 14:32:43 CET 2026
#@# white area lh Sun Mar  8 14:32:44 CET 2026
#@# pial curv lh Sun Mar  8 14:32:45 CET 2026
#@# pial area lh Sun Mar  8 14:32:46 CET 2026
#@# thickness lh Sun Mar  8 14:32:47 CET 2026
#@# area and vertex vol lh Sun Mar  8 14:33:04 CET 2026
#@# Curvature Stats lh Sun Mar  8 14:33:05 CET 2026
#@# Cortical Parc 2 lh Sun Mar  8 14:33:07 CET 2026
#@# Cortical Parc 3 lh Sun Mar  8 14:33:16 CET 2026
#@# WM/GM Contrast lh Sun Mar  8 14:33:23 CET 2026
recon-all -s sub-v1s12x0050113_ses-1 finished without error at Sun Mar  8 14:33:26 CET 2026



#New# invocation of recon-all 



status file for recon-all
Sun Mar  8 14:54:38 CET 2026
#@# white curv lh Sun Mar  8 14:54:38 CET 2026
#@# white area lh Sun Mar  8 14:54:38 CET 2026
#@# pial curv lh Sun Mar  8 14:54:38 CET 2026
#@# pial area lh Sun Mar  8 14:54:38 CET 2026
#@# thickness lh Sun Mar  8 14:54:38 CET 2026
#@# area and vertex vol lh Sun Mar  8 14:54:38 CET 2026
#@# Parcellation Stats lh Sun Mar  8 14:54:38 CET 2026
#@# Parcellation Stats 2 lh Sun Mar  8 14:54:51 CET 2026
#@# Parcellation Stats 3 lh Sun Mar  8 14:54:58 CET 2026
#@# BA_exvivo Labels lh Sun Mar  8 14:55:04 CET 2026
recon-all -s sub-v1s12x0050113_ses-1 finished without error at Sun Mar  8 14:57:00 CET 2026
