status file for recon-all
Sun Mar  8 12:42:11 CET 2026
#@# MotionCor Sun Mar  8 12:42:12 CET 2026
#@# Talairach Sun Mar  8 12:42:18 CET 2026
#@# Talairach Failure Detection Sun Mar  8 12:45:07 CET 2026
#@# Nu Intensity Correction Sun Mar  8 12:45:07 CET 2026
#@# Intensity Normalization Sun Mar  8 12:47:53 CET 2026
recon-all -s sub-v1s12x0050113_ses-1 finished without error at Sun Mar  8 12:48:47 CET 2026



#New# invocation of recon-all 



status file for recon-all
Sun Mar  8 12:54:24 CET 2026
#@# EM Registration Sun Mar  8 12:54:24 CET 2026
recon-all -s sub-v1s12x0050113_ses-1 finished without error at Sun Mar  8 13:05:36 CET 2026



#New# invocation of recon-all 



status file for recon-all
Sun Mar  8 13:05:39 CET 2026
#@# CA Normalize Sun Mar  8 13:05:39 CET 2026
#@# CA Reg Sun Mar  8 13:06:33 CET 2026
#@# SubCort Seg Sun Mar  8 13:45:38 CET 2026
#@# CC Seg Sun Mar  8 14:04:08 CET 2026
#@# Merge ASeg Sun Mar  8 14:04:27 CET 2026
#@# Intensity Normalization2 Sun Mar  8 14:04:27 CET 2026
#@# Mask BFS Sun Mar  8 14:05:45 CET 2026
#@# WM Segmentation Sun Mar  8 14:05:46 CET 2026
#@# Fill Sun Mar  8 14:07:19 CET 2026
recon-all -s sub-v1s12x0050113_ses-1 finished without error at Sun Mar  8 14:07:56 CET 2026



#New# invocation of recon-all 



status file for recon-all
Sun Mar  8 14:52:02 CET 2026
#@# white curv lh Sun Mar  8 14:52:02 CET 2026
#@# white area lh Sun Mar  8 14:52:02 CET 2026
#@# pial curv lh Sun Mar  8 14:52:02 CET 2026
#@# pial area lh Sun Mar  8 14:52:02 CET 2026
#@# thickness lh Sun Mar  8 14:52:02 CET 2026
#@# area and vertex vol lh Sun Mar  8 14:52:02 CET 2026
#@# white curv rh Sun Mar  8 14:52:02 CET 2026
#@# white area rh Sun Mar  8 14:52:02 CET 2026
#@# pial curv rh Sun Mar  8 14:52:02 CET 2026
#@# pial area rh Sun Mar  8 14:52:02 CET 2026
#@# thickness rh Sun Mar  8 14:52:02 CET 2026
#@# area and vertex vol rh Sun Mar  8 14:52:02 CET 2026
#@# Cortical ribbon mask Sun Mar  8 14:52:02 CET 2026
recon-all -s sub-v1s12x0050113_ses-1 finished without error at Sun Mar  8 14:54:34 CET 2026



#New# invocation of recon-all 



status file for recon-all
Sun Mar  8 14:59:26 CET 2026
#@# white curv lh Sun Mar  8 14:59:26 CET 2026
#@# white area lh Sun Mar  8 14:59:26 CET 2026
#@# pial curv lh Sun Mar  8 14:59:26 CET 2026
#@# pial area lh Sun Mar  8 14:59:26 CET 2026
#@# thickness lh Sun Mar  8 14:59:26 CET 2026
#@# area and vertex vol lh Sun Mar  8 14:59:26 CET 2026
#@# white curv rh Sun Mar  8 14:59:26 CET 2026
#@# white area rh Sun Mar  8 14:59:26 CET 2026
#@# pial curv rh Sun Mar  8 14:59:26 CET 2026
#@# pial area rh Sun Mar  8 14:59:26 CET 2026
#@# thickness rh Sun Mar  8 14:59:26 CET 2026
#@# area and vertex vol rh Sun Mar  8 14:59:26 CET 2026
#@# Curvature Stats lh Sun Mar  8 14:59:26 CET 2026
#@# Curvature Stats rh Sun Mar  8 14:59:28 CET 2026
#@# Relabel Hypointensities Sun Mar  8 14:59:30 CET 2026
#@# APas-to-ASeg Sun Mar  8 14:59:40 CET 2026
#@# AParc-to-ASeg aparc Sun Mar  8 14:59:45 CET 2026
#@# AParc-to-ASeg aparc.a2009s Sun Mar  8 15:00:04 CET 2026
#@# AParc-to-ASeg aparc.DKTatlas Sun Mar  8 15:00:23 CET 2026
#@# WMParc Sun Mar  8 15:00:42 CET 2026
#@# ASeg Stats Sun Mar  8 15:02:43 CET 2026
recon-all -s sub-v1s12x0050113_ses-1 finished without error at Sun Mar  8 15:03:00 CET 2026
