/out/sourcedata/freesurfer/sub-v1s12x0050113_ses-1/mri
/opt/freesurfer/bin/talairach_avi
--i orig_nu.mgz --xfm transforms/talairach.auto.xfm
talairach_avi 7.3.2
Linux dna085 5.14.0-427.37.1.el9_4.x86_64 #1 SMP PREEMPT_DYNAMIC Fri Sep 13 12:41:50 EDT 2024 x86_64 x86_64 x86_64 GNU/Linux
Sun Mar  8 12:44:50 CET 2026
mri_convert orig_nu.mgz talsrcimg.img 
reading from orig_nu.mgz...
TR=0.00, TE=0.00, TI=0.00, flip angle=0.00
i_ras = (-1, 0, 0)
j_ras = (0, 0, -1)
k_ras = (0, 1, 0)
writing to talsrcimg.img...
Analyze Output Matrix
-1.00000   0.00000   0.00000   130.71481;
 0.00000   0.00000   1.00000  -118.55690;
 0.00000  -1.00000   0.00000   109.18357;
 0.00000   0.00000   0.00000   1.00000;
--------------------
INFO: set hdr.hist.orient to -1
mpr2mni305 talsrcimg
Sun Mar  8 12:44:51 CET 2026
/opt/freesurfer/bin/mpr2mni305 talsrcimg
mpr2mni305 7.3.2
target=711-2C_as_mni_average_305

---------------------------------------------------------------------
analyzeto4dfp talsrcimg -O0 -y
---------------------------------------------------------------------

freesurfer ifh2hdr.c
Sun Mar  8 12:44:51 2026
Writing: talsrcimg.4dfp.hdr
freesurfer analyzeto4dfp.c
Reading: talsrcimg.hdr
header size 348 bytes
hdr.dime.datatype	offset=70	value=2
hdr.dime.bitpix		offset=72	value=8
hdr.hist.orient		offset=252	value=-1
dimensionality     4
dimensions       256       256       256         1
Reading: talsrcimg.img
Writing: talsrcimg.4dfp.img
Writing: talsrcimg.4dfp.ifh
ifh2hdr talsrcimg -r0to233
ori=2

---------------------------------------------------------------------
gauss_4dfp talsrcimg 1.1
---------------------------------------------------------------------

freesurfer gauss_4dfp.c
Reading: talsrcimg.4dfp.img
Writing: talsrcimg_g11.4dfp.img
image dimensions 256 256 256 padded to 288 288 288
processing volume 1freesurfer ifh2hdr.c
Sun Mar  8 12:44:52 2026
Writing: talsrcimg_g11.4dfp.hdr

Writing: talsrcimg_g11.4dfp.ifh
including: talsrcimg.4dfp.img.rec in talsrcimg_g11.4dfp.img.rec

---------------------------------------------------------------------
imgreg_4dfp /opt/freesurfer/average/711-2C_as_mni_average_305 none talsrcimg_g11 none talsrcimg_to_711-2C_as_mni_average_305_t4 4355
---------------------------------------------------------------------

freesurfer imgreg_4dfp.c
/opt/freesurfer/average/711-2C_as_mni_average_305.4dfp.img
       256       256       256         1
  1.000000  1.000000  1.000000
orientation T byte_order littleendian
Reading image: /opt/freesurfer/average/711-2C_as_mni_average_305.4dfp.img
dimensions:      256       256       256
mmppix:       1.0000   -1.0000   -1.0000
center:     128.0000 -129.0000 -129.0000
talsrcimg_g11.4dfp.img
       256       256       256         1
  1.000000  1.000000  1.000000
orientation T byte_order littleendian
Reading image: talsrcimg_g11.4dfp.img
dimensions:      256       256       256
mmppix:       1.0000   -1.0000   -1.0000
center:     128.0000 -129.0000 -129.0000
t4_read: open error in t4_sub.f l:  41 t4_file(1:l)talsrcimg_to_711-2C_as_mni_average_305_t4 
t4_read: transform initialized to I4
rotation matrix determinant  1.000000
image alignment mode   4355 decimal     1103 hex
   -7.5000  -45.0000  -45.0000 7915.9360   18.3862
    0.0000  -45.0000  -45.0000 8191.1436   18.3906
    7.5000  -45.0000  -45.0000 7782.2563   18.4877
   -7.5000  -37.5000  -45.0000 8477.4805   18.3639
    0.0000  -37.5000  -45.0000 8775.1094   18.3686
    7.5000  -37.5000  -45.0000 8314.9414   18.4771
   -7.5000  -30.0000  -45.0000 9362.5127   18.3607
    0.0000  -30.0000  -45.0000 9679.2197   18.3607
    7.5000  -30.0000  -45.0000 9174.5107   18.4686
   -7.5000  -22.5000  -45.000010179.3428   18.3794
    0.0000  -22.5000  -45.000010499.1367   18.3729
    7.5000  -22.5000  -45.0000 9954.6523   18.4658
   -7.5000  -15.0000  -45.000010842.3115   18.3997
    0.0000  -15.0000  -45.000011197.4482   18.3917
    7.5000  -15.0000  -45.000010599.3555   18.4723
   -7.5000   -7.5000  -45.000011454.1104   18.3991
    0.0000   -7.5000  -45.000011815.0596   18.3974
    7.5000   -7.5000  -45.000011190.1211   18.4816
   -7.5000    0.0000  -45.000012011.7109   18.3820
    0.0000    0.0000  -45.000012399.0713   18.3865
    7.5000    0.0000  -45.000011752.0547   18.4836
   -7.5000    7.5000  -45.000011657.7891   18.3639
    0.0000    7.5000  -45.000012048.7920   18.3686
    7.5000    7.5000  -45.000011405.7275   18.4771
   -7.5000   15.0000  -45.000011174.8301   18.3607
    0.0000   15.0000  -45.000011524.3701   18.3607
    7.5000   15.0000  -45.000010884.6445   18.4686
   -7.5000   22.5000  -45.000010705.9609   18.3769
    0.0000   22.5000  -45.000011027.5801   18.3704
    7.5000   22.5000  -45.000010386.6396   18.4633
   -7.5000   30.0000  -45.000010041.7988   18.1545
    0.0000   30.0000  -45.000010337.5703   18.1466
    7.5000   30.0000  -45.0000 9703.6152   18.2261
   -7.5000   37.5000  -45.0000 9549.5205   18.1540
    0.0000   37.5000  -45.0000 9827.1631   18.1522
    7.5000   37.5000  -45.0000 9212.3604   18.2353
   -7.5000   45.0000  -45.0000 8730.3760   17.6765
    0.0000   45.0000  -45.0000 8988.9688   17.6808
    7.5000   45.0000  -45.0000 8393.2695   17.7742
   -7.5000  -45.0000  -37.5000 8410.5361   18.3304
    0.0000  -45.0000  -37.5000 8686.5576   18.3238
    7.5000  -45.0000  -37.5000 8246.1182   18.4077
   -7.5000  -37.5000  -37.5000 8992.3271   18.3209
    0.0000  -37.5000  -37.5000 9293.6660   18.3092
    7.5000  -37.5000  -37.5000 8823.1025   18.3988
   -7.5000  -30.0000  -37.5000 9926.1553   18.3281
    0.0000  -30.0000  -37.500010251.4297   18.3147
    7.5000  -30.0000  -37.5000 9717.2461   18.4055
   -7.5000  -22.5000  -37.500010790.9082   18.3430
    0.0000  -22.5000  -37.500011128.4619   18.3324
    7.5000  -22.5000  -37.500010535.3682   18.4160
   -7.5000  -15.0000  -37.500011483.7256   18.3506
    0.0000  -15.0000  -37.500011867.5879   18.3444
    7.5000  -15.0000  -37.500011206.9619   18.4215
   -7.5000   -7.5000  -37.500012134.2529   18.3411
    0.0000   -7.5000  -37.500012516.9541   18.3373
    7.5000   -7.5000  -37.500011826.1318   18.4158
   -7.5000    0.0000  -37.500012689.5771   18.3262
    0.0000    0.0000  -37.500013095.4277   18.3198
    7.5000    0.0000  -37.500012380.5215   18.4037
   -7.5000    7.5000  -37.500012295.8271   18.3209
    0.0000    7.5000  -37.500012692.8135   18.3092
    7.5000    7.5000  -37.500011998.5674   18.3988
   -7.5000   15.0000  -37.500011754.4980   18.3281
    0.0000   15.0000  -37.500012114.9014   18.3147
    7.5000   15.0000  -37.500011446.6465   18.4055
   -7.5000   22.5000  -37.500011239.7783   18.3404
    0.0000   22.5000  -37.500011570.7441   18.3299
    7.5000   22.5000  -37.500010891.0186   18.4135
   -7.5000   30.0000  -37.500010549.3193   18.1061
    0.0000   30.0000  -37.500010840.5234   18.0999
    7.5000   30.0000  -37.500010192.4980   18.1760
   -7.5000   37.5000  -37.500010027.9219   18.0966
    0.0000   37.5000  -37.500010299.6807   18.0929
    7.5000   37.5000  -37.5000 9648.9287   18.1704
   -7.5000   45.0000  -37.5000 9141.6865   17.6229
    0.0000   45.0000  -37.5000 9402.3154   17.6167
    7.5000   45.0000  -37.5000 8769.4902   17.6973
   -7.5000  -45.0000  -30.0000 9069.9678   19.0674
    0.0000  -45.0000  -30.0000 9356.9775   19.0479
    7.5000  -45.0000  -30.0000 8858.7998   19.1280
   -7.5000  -37.5000  -30.0000 9695.3447   19.0630
    0.0000  -37.5000  -30.000010004.0469   19.0346
    7.5000  -37.5000  -30.0000 9475.3047   19.1156
   -7.5000  -30.0000  -30.000010663.3926   19.0755
    0.0000  -30.0000  -30.000010995.6973   19.0459
    7.5000  -30.0000  -30.000010408.9082   19.1240
   -7.5000  -22.5000  -30.000011595.9258   19.0907
    0.0000  -22.5000  -30.000011959.9629   19.0684
    7.5000  -22.5000  -30.000011276.9248   19.1406
   -7.5000  -15.0000  -30.000012333.9102   19.0937
    0.0000  -15.0000  -30.000012739.9639   19.0791
    7.5000  -15.0000  -30.000012005.2988   19.1493
   -7.5000   -7.5000  -30.000013019.3730   19.0786
    0.0000   -7.5000  -30.000013447.7158   19.0655
    7.5000   -7.5000  -30.000012678.9492   19.1408
   -7.5000    0.0000  -30.000013621.5674   19.0630
    0.0000    0.0000  -30.000014070.4961   19.0436
    7.5000    0.0000  -30.000013257.3975   19.1237
   -7.5000    7.5000  -30.000013183.3008   19.0630
    0.0000    7.5000  -30.000013617.7402   19.0346
    7.5000    7.5000  -30.000012855.0918   19.1156
   -7.5000   15.0000  -30.000012552.5957   19.0755
    0.0000   15.0000  -30.000012953.4141   19.0459
    7.5000   15.0000  -30.000012219.9492   19.1240
   -7.5000   22.5000  -30.000011967.2412   19.0861
    0.0000   22.5000  -30.000012325.4990   19.0638
    7.5000   22.5000  -30.000011596.0889   19.1360
   -7.5000   30.0000  -30.000011269.2266   18.8411
    0.0000   30.0000  -30.000011580.4619   18.8267
    7.5000   30.0000  -30.000010866.5654   18.8959
   -7.5000   37.5000  -30.000010672.2275   18.8261
    0.0000   37.5000  -30.000010968.6006   18.8133
    7.5000   37.5000  -30.000010265.6582   18.8876
   -7.5000   45.0000  -30.0000 9674.9580   18.3448
    0.0000   45.0000  -30.0000 9957.1768   18.3261
    7.5000   45.0000  -30.0000 9309.4580   18.4033
   -7.5000  -45.0000  -22.5000 9725.1367   19.7281
    0.0000  -45.0000  -22.500010035.7529   19.7078
    7.5000  -45.0000  -22.5000 9497.0088   19.7991
   -7.5000  -37.5000  -22.500010403.2969   19.7151
    0.0000  -37.5000  -22.500010730.5449   19.6888
    7.5000  -37.5000  -22.500010133.6982   19.7817
   -7.5000  -30.0000  -22.500011407.1826   19.7218
    0.0000  -30.0000  -22.500011774.4404   19.6911
    7.5000  -30.0000  -22.500011136.7461   19.7742
   -7.5000  -22.5000  -22.500012388.8604   19.7417
    0.0000  -22.5000  -22.500012785.6953   19.7122
    7.5000  -22.5000  -22.500012058.0479   19.7815
   -7.5000  -15.0000  -22.500013191.7207   19.7536
    0.0000  -15.0000  -22.500013626.0439   19.7284
    7.5000  -15.0000  -22.500012839.0850   19.7941
   -7.5000   -7.5000  -22.500013871.5645   19.7420
    0.0000   -7.5000  -22.500014352.7764   19.7217
    7.5000   -7.5000  -22.500013535.6738   19.7997
   -7.5000    0.0000  -22.500014519.9941   19.7235
    0.0000    0.0000  -22.500015040.8213   19.7033
    7.5000    0.0000  -22.500014161.6016   19.7946
   -7.5000    7.5000  -22.500014072.2803   19.7151
    0.0000    7.5000  -22.500014569.7510   19.6888
    7.5000    7.5000  -22.500013725.9746   19.7817
   -7.5000   15.0000  -22.500013384.5254   19.7218
    0.0000   15.0000  -22.500013864.3545   19.6911
    7.5000   15.0000  -22.500013053.7207   19.7742
   -7.5000   22.5000  -22.500012705.9268   19.7356
    0.0000   22.5000  -22.500013109.7461   19.7061
    7.5000   22.5000  -22.500012327.2061   19.7754
   -7.5000   30.0000  -22.500011945.6865   19.4952
    0.0000   30.0000  -22.500012325.0234   19.4703
    7.5000   30.0000  -22.500011545.3848   19.5352
   -7.5000   37.5000  -22.500011345.2832   19.4838
    0.0000   37.5000  -22.500011686.9492   19.4637
    7.5000   37.5000  -22.500010926.8086   19.5407
   -7.5000   45.0000  -22.500010275.7598   18.9947
    0.0000   45.0000  -22.500010582.7266   18.9752
    7.5000   45.0000  -22.5000 9901.3184   19.0632
   -7.5000  -45.0000  -15.000010343.4443   20.2297
    0.0000  -45.0000  -15.000010712.4453   20.2215
    7.5000  -45.0000  -15.000010128.2891   20.3297
   -7.5000  -37.5000  -15.000011050.3223   20.2019
    0.0000  -37.5000  -15.000011465.1670   20.1935
    7.5000  -37.5000  -15.000010813.9453   20.3084
   -7.5000  -30.0000  -15.000012133.7129   20.1958
    0.0000  -30.0000  -15.000012587.1650   20.1793
    7.5000  -30.0000  -15.000011864.1748   20.2814
   -7.5000  -22.5000  -15.000013180.9141   20.2193
    0.0000  -22.5000  -15.000013647.7529   20.1941
    7.5000  -22.5000  -15.000012824.4463   20.2738
   -7.5000  -15.0000  -15.000014008.9404   20.2457
    0.0000  -15.0000  -15.000014509.2256   20.2187
    7.5000  -15.0000  -15.000013640.4873   20.2891
   -7.5000   -7.5000  -15.000014640.9326   20.2452
    0.0000   -7.5000  -15.000015186.7490   20.2270
    7.5000   -7.5000  -15.000014350.7324   20.3134
   -7.5000    0.0000  -15.000015354.7998   20.2250
    0.0000    0.0000  -15.000015956.2812   20.2168
    7.5000    0.0000  -15.000015062.9844   20.3250
   -7.5000    7.5000  -15.000014953.2070   20.2019
    0.0000    7.5000  -15.000015524.6934   20.1935
    7.5000    7.5000  -15.000014607.5146   20.3084
   -7.5000   15.0000  -15.000014237.5527   20.1958
    0.0000   15.0000  -15.000014761.0703   20.1793
    7.5000   15.0000  -15.000013889.0713   20.2814
   -7.5000   22.5000  -15.000013447.7295   20.2122
    0.0000   22.5000  -15.000013911.1641   20.1870
    7.5000   22.5000  -15.000013064.7822   20.2666
   -7.5000   30.0000  -15.000012591.4561   19.9837
    0.0000   30.0000  -15.000013025.9229   19.9570
    7.5000   30.0000  -15.000012233.5361   20.0265
   -7.5000   37.5000  -15.000012004.4160   19.9832
    0.0000   37.5000  -15.000012402.2451   19.9652
    7.5000   37.5000  -15.000011622.7217   20.0505
   -7.5000   45.0000  -15.000010890.4688   19.4895
    0.0000   45.0000  -15.000011242.1328   19.4816
    7.5000   45.0000  -15.000010521.6562   19.5858
   -7.5000  -45.0000   -7.500010935.2021   20.4918
    0.0000  -45.0000   -7.500011328.2432   20.4964
    7.5000  -45.0000   -7.500010712.7148   20.6114
   -7.5000  -37.5000   -7.500011692.3096   20.4588
    0.0000  -37.5000   -7.500012128.6699   20.4661
    7.5000  -37.5000   -7.500011457.8467   20.5934
   -7.5000  -30.0000   -7.500012896.3037   20.4469
    0.0000  -30.0000   -7.500013354.9834   20.4459
    7.5000  -30.0000   -7.500012558.5586   20.5655
   -7.5000  -22.5000   -7.500014046.5918   20.4693
    0.0000  -22.5000   -7.500014549.2588   20.4558
    7.5000  -22.5000   -7.500013619.2188   20.5517
   -7.5000  -15.0000   -7.500014872.2656   20.5005
    0.0000  -15.0000   -7.500015454.9648   20.4821
    7.5000  -15.0000   -7.500014502.4297   20.5637
   -7.5000   -7.5000   -7.500015448.5527   20.5063
    0.0000   -7.5000   -7.500016059.5264   20.4978
    7.5000   -7.5000   -7.500015241.4111   20.5909
   -7.5000    0.0000   -7.500016188.8252   20.4871
    0.0000    0.0000   -7.500016849.9922   20.4917
    7.5000    0.0000   -7.500015981.4404   20.6068
   -7.5000    7.5000   -7.500015815.2227   20.4588
    0.0000    7.5000   -7.500016421.9160   20.4661
    7.5000    7.5000   -7.500015534.3594   20.5934
   -7.5000   15.0000   -7.500015064.5781   20.4469
    0.0000   15.0000   -7.500015653.9229   20.4459
    7.5000   15.0000   -7.500014820.1367   20.5655
   -7.5000   22.5000   -7.500014203.8672   20.4599
    0.0000   22.5000   -7.500014746.7109   20.4464
    7.5000   22.5000   -7.500013913.8750   20.5422
   -7.5000   30.0000   -7.500013339.0254   20.2346
    0.0000   30.0000   -7.500013822.2100   20.2165
    7.5000   30.0000   -7.500013014.7666   20.2971
   -7.5000   37.5000   -7.500012754.1162   20.2403
    0.0000   37.5000   -7.500013212.1982   20.2320
    7.5000   37.5000   -7.500012407.3730   20.3238
   -7.5000   45.0000   -7.500011604.9639   19.7457
    0.0000   45.0000   -7.500012009.7041   19.7502
    7.5000   45.0000   -7.500011252.0938   19.8611
   -7.5000  -45.0000    0.000011404.9746   20.5328
    0.0000  -45.0000    0.000011838.0244   20.5382
    7.5000  -45.0000    0.000011171.9443   20.6462
   -7.5000  -37.5000    0.000012183.2207   20.5082
    0.0000  -37.5000    0.000012633.0195   20.5141
    7.5000  -37.5000    0.000011923.1865   20.6348
   -7.5000  -30.0000    0.000013462.2764   20.5039
    0.0000  -30.0000    0.000013924.2197   20.5046
    7.5000  -30.0000    0.000013098.1963   20.6245
   -7.5000  -22.5000    0.000014840.0615   20.5236
    0.0000  -22.5000    0.000015370.7051   20.5170
    7.5000  -22.5000    0.000014280.8252   20.6201
   -7.5000  -15.0000    0.000015863.8926   20.5458
    0.0000  -15.0000    0.000016517.4688   20.5375
    7.5000  -15.0000    0.000015397.5879   20.6268
   -7.5000   -7.5000    0.000016394.1152   20.5460
    0.0000   -7.5000    0.000017029.3340   20.5447
    7.5000   -7.5000    0.000016223.6709   20.6381
   -7.5000    0.0000    0.000017012.9922   20.5281
    0.0000    0.0000    0.000017676.4238   20.5337
    7.5000    0.0000    0.000016967.6172   20.6417
   -7.5000    7.5000    0.000016552.1777   20.5082
    0.0000    7.5000    0.000017224.8008   20.5141
    7.5000    7.5000    0.000016476.8496   20.6348
   -7.5000   15.0000    0.000015856.5596   20.5039
    0.0000   15.0000    0.000016528.7676   20.5046
    7.5000   15.0000    0.000015709.1797   20.6245
   -7.5000   22.5000    0.000014983.1221   20.5142
    0.0000   22.5000    0.000015598.7695   20.5075
    7.5000   22.5000    0.000014722.9160   20.6106
   -7.5000   30.0000    0.000014125.9814   20.2799
    0.0000   30.0000    0.000014625.4082   20.2717
    7.5000   30.0000    0.000013726.7969   20.3598
   -7.5000   37.5000    0.000013490.2783   20.2801
    0.0000   37.5000    0.000013959.9727   20.2788
    7.5000   37.5000    0.000013035.1943   20.3710
   -7.5000   45.0000    0.000012254.5059   19.7868
    0.0000   45.0000    0.000012653.9570   19.7921
    7.5000   45.0000    0.000011786.9336   19.8962
   -7.5000  -45.0000    7.500011038.2061   20.5099
    0.0000  -45.0000    7.500011416.4404   20.5026
    7.5000  -45.0000    7.500010817.7451   20.5965
   -7.5000  -37.5000    7.500011784.3447   20.4990
    0.0000  -37.5000    7.500012175.7217   20.4859
    7.5000  -37.5000    7.500011539.3096   20.5862
   -7.5000  -30.0000    7.500012978.0205   20.5068
    0.0000  -30.0000    7.500013416.0049   20.4920
    7.5000  -30.0000    7.500012690.5547   20.5935
   -7.5000  -22.5000    7.500014334.5703   20.5236
    0.0000  -22.5000    7.500014856.9902   20.5118
    7.5000  -22.5000    7.500013880.9014   20.6055
   -7.5000  -15.0000    7.500015480.1289   20.5325
    0.0000  -15.0000    7.500016053.2070   20.5255
    7.5000  -15.0000    7.500015059.4307   20.6119
   -7.5000   -7.5000    7.500016015.4805   20.5219
    0.0000   -7.5000    7.500016599.1992   20.5178
    7.5000   -7.5000    7.500015911.1807   20.6057
   -7.5000    0.0000    7.500016605.5977   20.5052
    0.0000    0.0000    7.500017221.9336   20.4981
    7.5000    0.0000    7.500016543.9785   20.5920
   -7.5000    7.5000    7.500016165.3506   20.4990
    0.0000    7.5000    7.500016781.1484   20.4859
    7.5000    7.5000    7.500015983.7578   20.5862
   -7.5000   15.0000    7.500015531.6357   20.5068
    0.0000   15.0000    7.500016127.8525   20.4920
    7.5000   15.0000    7.500015221.8057   20.5935
   -7.5000   22.5000    7.500014627.2666   20.5141
    0.0000   22.5000    7.500015151.4990   20.5024
    7.5000   22.5000    7.500014234.9131   20.5960
   -7.5000   30.0000    7.500013668.5264   20.2667
    0.0000   30.0000    7.500014097.0293   20.2599
    7.5000   30.0000    7.500013198.2646   20.3452
   -7.5000   37.5000    7.500013036.6631   20.2563
    0.0000   37.5000    7.500013437.7793   20.2523
    7.5000   37.5000    7.500012556.1348   20.3390
   -7.5000   45.0000    7.500011859.8086   19.7647
    0.0000   45.0000    7.500012171.9336   19.7578
    7.5000   45.0000    7.500011374.6445   19.8483
   -7.5000  -45.0000   15.000010492.8457   20.5152
    0.0000  -45.0000   15.000010835.5020   20.4943
    7.5000  -45.0000   15.000010287.4482   20.5808
   -7.5000  -37.5000   15.000011204.4961   20.5100
    0.0000  -37.5000   15.000011541.4570   20.4795
    7.5000  -37.5000   15.000010968.1074   20.5670
   -7.5000  -30.0000   15.000012360.0703   20.5231
    0.0000  -30.0000   15.000012745.2432   20.4914
    7.5000  -30.0000   15.000012073.7256   20.5757
   -7.5000  -22.5000   15.000013570.1025   20.5398
    0.0000  -22.5000   15.000014018.0713   20.5158
    7.5000  -22.5000   15.000013247.6562   20.5938
   -7.5000  -15.0000   15.000014473.3623   20.5435
    0.0000  -15.0000   15.000014951.2969   20.5278
    7.5000  -15.0000   15.000014294.4121   20.6036
   -7.5000   -7.5000   15.000015163.8174   20.5275
    0.0000   -7.5000   15.000015655.1758   20.5135
    7.5000   -7.5000   15.000014999.7363   20.5948
   -7.5000    0.0000   15.000015999.3027   20.5105
    0.0000    0.0000   15.000016533.4785   20.4897
    7.5000    0.0000   15.000015674.7188   20.5762
   -7.5000    7.5000   15.000015644.8760   20.5100
    0.0000    7.5000   15.000016151.6973   20.4795
    7.5000    7.5000   15.000015232.4160   20.5670
   -7.5000   15.0000   15.000014986.3809   20.5231
    0.0000   15.0000   15.000015446.0176   20.4914
    7.5000   15.0000   15.000014524.7002   20.5757
   -7.5000   22.5000   15.000013999.7764   20.5303
    0.0000   22.5000   15.000014419.7207   20.5064
    7.5000   22.5000   15.000013552.4473   20.5843
   -7.5000   30.0000   15.000012978.9971   20.2776
    0.0000   30.0000   15.000013331.0137   20.2622
    7.5000   30.0000   15.000012532.9531   20.3370
   -7.5000   37.5000   15.000012373.3203   20.2618
    0.0000   37.5000   15.000012700.0254   20.2480
    7.5000   37.5000   15.000011942.1406   20.3282
   -7.5000   45.0000   15.000011189.2324   19.7698
    0.0000   45.0000   15.000011485.8408   19.7497
    7.5000   45.0000   15.000010817.2949   19.8331
   -7.5000  -45.0000   22.5000 9864.8672   20.5667
    0.0000  -45.0000   22.500010175.1436   20.5456
    7.5000  -45.0000   22.5000 9694.1494   20.6415
   -7.5000  -37.5000   22.500010526.4268   20.5524
    0.0000  -37.5000   22.500010836.2725   20.5251
    7.5000  -37.5000   22.500010321.0879   20.6226
   -7.5000  -30.0000   22.500011642.7080   20.5592
    0.0000  -30.0000   22.500012009.3975   20.5272
    7.5000  -30.0000   22.500011376.6309   20.6145
   -7.5000  -22.5000   22.500012708.5498   20.5805
    0.0000  -22.5000   22.500013108.9961   20.5499
    7.5000  -22.5000   22.500012430.4883   20.6227
   -7.5000  -15.0000   22.500013479.2725   20.5937
    0.0000  -15.0000   22.500013887.0615   20.5675
    7.5000  -15.0000   22.500013309.5107   20.6366
   -7.5000   -7.5000   22.500014168.5205   20.5818
    0.0000   -7.5000   22.500014589.6719   20.5606
    7.5000   -7.5000   22.500013963.7305   20.6427
   -7.5000    0.0000   22.500015006.1279   20.5619
    0.0000    0.0000   22.500015473.9873   20.5409
    7.5000    0.0000   22.500014651.5029   20.6368
   -7.5000    7.5000   22.500014745.2578   20.5524
    0.0000    7.5000   22.500015180.2988   20.5251
    7.5000    7.5000   22.500014346.9668   20.6226
   -7.5000   15.0000   22.500014097.0576   20.5592
    0.0000   15.0000   22.500014529.5771   20.5272
    7.5000   15.0000   22.500013688.8457   20.6145
   -7.5000   22.5000   22.500013189.6426   20.5711
    0.0000   22.5000   22.500013600.1670   20.5404
    7.5000   22.5000   22.500012804.3477   20.6132
   -7.5000   30.0000   22.500012172.5205   20.3272
    0.0000   30.0000   22.500012532.0107   20.3013
    7.5000   30.0000   22.500011799.0137   20.3696
   -7.5000   37.5000   22.500011581.9014   20.3154
    0.0000   37.5000   22.500011918.7295   20.2945
    7.5000   37.5000   22.500011236.5088   20.3755
   -7.5000   45.0000   22.500010441.0049   19.8193
    0.0000   45.0000   22.500010703.0312   19.7991
    7.5000   45.0000   22.500010144.6426   19.8915
   -7.5000  -45.0000   30.0000 9201.4951   20.7929
    0.0000  -45.0000   30.0000 9461.2012   20.7847
    7.5000  -45.0000   30.0000 9004.8945   20.8980
   -7.5000  -37.5000   30.0000 9818.3535   20.7629
    0.0000  -37.5000   30.000010121.6553   20.7546
    7.5000  -37.5000   30.0000 9603.1875   20.8749
   -7.5000  -30.0000   30.000010845.2832   20.7561
    0.0000  -30.0000   30.000011191.9092   20.7393
    7.5000  -30.0000   30.000010584.5908   20.8464
   -7.5000  -22.5000   30.000011764.5801   20.7812
    0.0000  -22.5000   30.000012112.3682   20.7555
    7.5000  -22.5000   30.000011531.7158   20.8392
   -7.5000  -15.0000   30.000012462.9902   20.8098
    0.0000  -15.0000   30.000012811.4600   20.7821
    7.5000  -15.0000   30.000012285.5020   20.8561
   -7.5000   -7.5000   30.000013126.4512   20.8096
    0.0000   -7.5000   30.000013505.6445   20.7910
    7.5000   -7.5000   30.000012905.0254   20.8817
   -7.5000    0.0000   30.000013823.9287   20.7880
    0.0000    0.0000   30.000014239.1016   20.7799
    7.5000    0.0000   30.000013562.5664   20.8932
   -7.5000    7.5000   30.000013537.1064   20.7629
    0.0000    7.5000   30.000013923.8213   20.7546
    7.5000    7.5000   30.000013269.5947   20.8749
   -7.5000   15.0000   30.000012996.2715   20.7561
    0.0000   15.0000   30.000013378.1885   20.7393
    7.5000   15.0000   30.000012686.2070   20.8464
   -7.5000   22.5000   30.000012248.2822   20.7717
    0.0000   22.5000   30.000012612.0684   20.7459
    7.5000   22.5000   30.000011939.3574   20.8296
   -7.5000   30.0000   30.000011297.6240   20.5405
    0.0000   30.0000   30.000011630.3291   20.5131
    7.5000   30.0000   30.000011016.0771   20.5862
   -7.5000   37.5000   30.000010721.3867   20.5403
    0.0000   37.5000   30.000011029.3184   20.5220
    7.5000   37.5000   30.000010456.6973   20.6114
   -7.5000   45.0000   30.0000 9655.0527   20.0372
    0.0000   45.0000   30.0000 9914.7969   20.0294
    7.5000   45.0000   30.0000 9407.1660   20.1387
   -7.5000  -45.0000   37.5000 8840.5732   21.2107
    0.0000  -45.0000   37.5000 9101.3613   21.2151
    7.5000  -45.0000   37.5000 8663.6504   21.3402
   -7.5000  -37.5000   37.5000 9461.3193   21.1755
    0.0000  -37.5000   37.5000 9758.0361   21.1830
    7.5000  -37.5000   37.5000 9271.3506   21.3209
   -7.5000  -30.0000   37.500010417.5479   21.1635
    0.0000  -30.0000   37.500010763.4688   21.1622
    7.5000  -30.0000   37.500010205.6426   21.2915
   -7.5000  -22.5000   37.500011268.9082   21.1883
    0.0000  -22.5000   37.500011615.0889   21.1734
    7.5000  -22.5000   37.500011031.2354   21.2775
   -7.5000  -15.0000   37.500011953.0771   21.2217
    0.0000  -15.0000   37.500012302.8867   21.2015
    7.5000  -15.0000   37.500011733.9727   21.2905
   -7.5000   -7.5000   37.500012593.0850   21.2270
    0.0000   -7.5000   37.500012970.2080   21.2174
    7.5000   -7.5000   37.500012354.0811   21.3189
   -7.5000    0.0000   37.500013212.3896   21.2057
    0.0000    0.0000   37.500013610.8496   21.2101
    7.5000    0.0000   37.500012969.7812   21.3353
   -7.5000    7.5000   37.500012892.6826   21.1755
    0.0000    7.5000   37.500013278.4307   21.1830
    7.5000    7.5000   37.500012679.3955   21.3209
   -7.5000   15.0000   37.500012405.7119   21.1635
    0.0000   15.0000   37.500012778.4551   21.1622
    7.5000   15.0000   37.500012148.3809   21.2915
   -7.5000   22.5000   37.500011733.8945   21.1785
    0.0000   22.5000   37.500012097.0020   21.1637
    7.5000   22.5000   37.500011464.4795   21.2677
   -7.5000   30.0000   37.500010840.9512   20.9470
    0.0000   30.0000   37.500011171.0352   20.9271
    7.5000   30.0000   37.500010588.3506   21.0150
   -7.5000   37.5000   37.500010262.0264   20.9523
    0.0000   37.5000   37.500010581.8008   20.9428
    7.5000   37.5000   37.500010055.1270   21.0430
   -7.5000   45.0000   37.5000 9266.9707   20.4398
    0.0000   45.0000   37.5000 9553.7451   20.4441
    7.5000   45.0000   37.5000 9053.1035   20.5647
   -7.5000  -45.0000   45.0000 8130.0762   21.6620
    0.0000  -45.0000   45.0000 8373.0566   21.6690
    7.5000  -45.0000   45.0000 7967.3486   21.7853
   -7.5000  -37.5000   45.0000 8683.1338   21.6309
    0.0000  -37.5000   45.0000 8981.9248   21.6385
    7.5000  -37.5000   45.0000 8506.1006   21.7683
   -7.5000  -30.0000   45.0000 9542.4814   21.6224
    0.0000  -30.0000   45.0000 9891.8770   21.6246
    7.5000  -30.0000   45.0000 9350.2090   21.7536
   -7.5000  -22.5000   45.000010305.9521   21.6446
    0.0000  -22.5000   45.000010652.9404   21.6389
    7.5000  -22.5000   45.000010100.1162   21.7497
   -7.5000  -15.0000   45.000010958.2783   21.6726
    0.0000  -15.0000   45.000011315.5039   21.6648
    7.5000  -15.0000   45.000010751.7891   21.7608
   -7.5000   -7.5000   45.000011568.6621   21.6763
    0.0000   -7.5000   45.000011948.9102   21.6760
    7.5000   -7.5000   45.000011337.9062   21.7765
   -7.5000    0.0000   45.000012132.3535   21.6568
    0.0000    0.0000   45.000012505.1631   21.6639
    7.5000    0.0000   45.000011888.8096   21.7802
   -7.5000    7.5000   45.000011817.9863   21.6309
    0.0000    7.5000   45.000012173.9131   21.6385
    7.5000    7.5000   45.000011595.5078   21.7683
   -7.5000   15.0000   45.000011381.7959   21.6224
    0.0000   15.0000   45.000011727.7148   21.6246
    7.5000   15.0000   45.000011166.7227   21.7536
   -7.5000   22.5000   45.000010763.6914   21.6345
    0.0000   22.5000   45.000011115.1367   21.6288
    7.5000   22.5000   45.000010539.4053   21.7396
   -7.5000   30.0000   45.0000 9920.5859   21.3903
    0.0000   30.0000   45.000010236.1602   21.3826
    7.5000   30.0000   45.0000 9721.2920   21.4773
   -7.5000   37.5000   45.0000 9405.2148   21.3939
    0.0000   37.5000   45.0000 9694.7617   21.3936
    7.5000   37.5000   45.0000 9217.6621   21.4928
   -7.5000   45.0000   45.0000 8512.8818   20.8841
    0.0000   45.0000   45.0000 8784.2412   20.8910
    7.5000   45.0000   45.0000 8334.1162   21.0031

---------------------------------------------------------------------
imgreg_4dfp /opt/freesurfer/average/711-2C_as_mni_average_305 /opt/freesurfer/average/711-2B_as_mni_average_305_mask talsrcimg_g11 none talsrcimg_to_711-2C_as_mni_average_305_t4 4355
---------------------------------------------------------------------

freesurfer imgreg_4dfp.c
/opt/freesurfer/average/711-2C_as_mni_average_305.4dfp.img
       256       256       256         1
  1.000000  1.000000  1.000000
orientation T byte_order littleendian
Reading image: /opt/freesurfer/average/711-2C_as_mni_average_305.4dfp.img
dimensions:      256       256       256
mmppix:       1.0000   -1.0000   -1.0000
center:     128.0000 -129.0000 -129.0000
/opt/freesurfer/average/711-2B_as_mni_average_305_mask.4dfp.img
       256       256       256         1
  1.000000  1.000000  1.000000
orientation T byte_order littleendian
Reading mask: /opt/freesurfer/average/711-2B_as_mni_average_305_mask.4dfp.img (2306576 pixels)
talsrcimg_g11.4dfp.img
       256       256       256         1
  1.000000  1.000000  1.000000
orientation T byte_order littleendian
Reading image: talsrcimg_g11.4dfp.img
dimensions:      256       256       256
mmppix:       1.0000   -1.0000   -1.0000
center:     128.0000 -129.0000 -129.0000
rotation matrix determinant  1.000000
image alignment mode   4355 decimal     1103 hex
   -7.5000  -45.0000  -45.0000 2121.4724   20.9576
    0.0000  -45.0000  -45.0000 2121.3577   21.0837
    7.5000  -45.0000  -45.0000 2092.2842   21.4625
   -7.5000  -37.5000  -45.0000 2233.6187   19.0666
    0.0000  -37.5000  -45.0000 2233.9011   19.2069
    7.5000  -37.5000  -45.0000 2201.5349   19.5300
   -7.5000  -30.0000  -45.0000 2320.2180   17.7099
    0.0000  -30.0000  -45.0000 2318.8804   17.8326
    7.5000  -30.0000  -45.0000 2288.9697   18.1272
   -7.5000  -22.5000  -45.0000 2378.0444   16.8062
    0.0000  -22.5000  -45.0000 2371.6116   16.8906
    7.5000  -22.5000  -45.0000 2340.3335   17.1900
   -7.5000  -15.0000  -45.0000 2404.6909   16.2629
    0.0000  -15.0000  -45.0000 2401.0217   16.3379
    7.5000  -15.0000  -45.0000 2368.9878   16.6558
   -7.5000   -7.5000  -45.0000 2415.7600   16.0648
    0.0000   -7.5000  -45.0000 2409.8521   16.1201
    7.5000   -7.5000  -45.0000 2379.6245   16.4834
   -7.5000    0.0000  -45.0000 2406.4355   16.1420
    0.0000    0.0000  -45.0000 2398.1057   16.1917
    7.5000    0.0000  -45.0000 2370.4646   16.5630
   -7.5000    7.5000  -45.0000 2385.0181   16.5223
    0.0000    7.5000  -45.0000 2377.2544   16.5560
    7.5000    7.5000  -45.0000 2345.4570   17.0075
   -7.5000   15.0000  -45.0000 2334.2935   17.1996
    0.0000   15.0000  -45.0000 2331.6338   17.2448
    7.5000   15.0000  -45.0000 2293.7256   17.6909
   -7.5000   22.5000  -45.0000 2263.6526   18.2172
    0.0000   22.5000  -45.0000 2262.2871   18.2808
    7.5000   22.5000  -45.0000 2228.4653   18.7112
   -7.5000   30.0000  -45.0000 2172.2617   19.6215
    0.0000   30.0000  -45.0000 2168.5225   19.7314
    7.5000   30.0000  -45.0000 2135.8689   20.1454
   -7.5000   37.5000  -45.0000 2064.3203   21.6387
    0.0000   37.5000  -45.0000 2060.4792   21.6863
    7.5000   37.5000  -45.0000 2030.7625   22.1473
   -7.5000   45.0000  -45.0000 1947.3585   24.2719
    0.0000   45.0000  -45.0000 1944.5688   24.3290
    7.5000   45.0000  -45.0000 1915.0236   24.8075
   -7.5000  -45.0000  -37.5000 2199.0103   19.6852
    0.0000  -45.0000  -37.5000 2193.1428   19.7743
    7.5000  -45.0000  -37.5000 2162.3452   20.0719
   -7.5000  -37.5000  -37.5000 2311.5498   17.8346
    0.0000  -37.5000  -37.5000 2307.3950   17.9142
    7.5000  -37.5000  -37.5000 2277.7209   18.2200
   -7.5000  -30.0000  -37.5000 2406.4167   16.5207
    0.0000  -30.0000  -37.5000 2402.0344   16.5876
    7.5000  -30.0000  -37.5000 2371.3594   16.8619
   -7.5000  -22.5000  -37.5000 2472.2703   15.6926
    0.0000  -22.5000  -37.5000 2464.9343   15.7412
    7.5000  -22.5000  -37.5000 2432.1885   15.9922
   -7.5000  -15.0000  -37.5000 2499.9365   15.1648
    0.0000  -15.0000  -37.5000 2497.3604   15.2240
    7.5000  -15.0000  -37.5000 2460.8621   15.5130
   -7.5000   -7.5000  -37.5000 2516.8435   14.9221
    0.0000   -7.5000  -37.5000 2510.9304   14.9750
    7.5000   -7.5000  -37.5000 2474.4180   15.3004
   -7.5000    0.0000  -37.5000 2507.2900   14.9580
    0.0000    0.0000  -37.5000 2499.2510   15.0090
    7.5000    0.0000  -37.5000 2465.0925   15.3523
   -7.5000    7.5000  -37.5000 2480.7021   15.3043
    0.0000    7.5000  -37.5000 2473.3315   15.3203
    7.5000    7.5000  -37.5000 2440.6157   15.7388
   -7.5000   15.0000  -37.5000 2429.7427   15.9384
    0.0000   15.0000  -37.5000 2425.2263   15.9627
    7.5000   15.0000  -37.5000 2389.8733   16.3958
   -7.5000   22.5000  -37.5000 2355.2668   16.9057
    0.0000   22.5000  -37.5000 2350.8901   16.9286
    7.5000   22.5000  -37.5000 2313.1592   17.3689
   -7.5000   30.0000  -37.5000 2256.1528   18.2119
    0.0000   30.0000  -37.5000 2250.5400   18.2892
    7.5000   30.0000  -37.5000 2217.9685   18.6980
   -7.5000   37.5000  -37.5000 2145.5415   20.0129
    0.0000   37.5000  -37.5000 2142.0007   20.0351
    7.5000   37.5000  -37.5000 2105.3635   20.4655
   -7.5000   45.0000  -37.5000 2020.7384   22.4431
    0.0000   45.0000  -37.5000 2018.7595   22.5111
    7.5000   45.0000  -37.5000 1980.5938   22.8588
   -7.5000  -45.0000  -30.0000 2308.0449   19.1521
    0.0000  -45.0000  -30.0000 2300.0881   19.2289
    7.5000  -45.0000  -30.0000 2263.2671   19.5426
   -7.5000  -37.5000  -30.0000 2431.3269   17.3487
    0.0000  -37.5000  -30.0000 2422.6931   17.3786
    7.5000  -37.5000  -30.0000 2386.2083   17.6907
   -7.5000  -30.0000  -30.0000 2530.4988   16.0037
    0.0000  -30.0000  -30.0000 2518.5786   16.0019
    7.5000  -30.0000  -30.0000 2481.2593   16.2805
   -7.5000  -22.5000  -30.0000 2608.7092   15.1462
    0.0000  -22.5000  -30.0000 2598.5046   15.1438
    7.5000  -22.5000  -30.0000 2554.5334   15.3888
   -7.5000  -15.0000  -30.0000 2642.6406   14.6249
    0.0000  -15.0000  -30.0000 2636.9321   14.6360
    7.5000  -15.0000  -30.0000 2595.5273   14.8959
   -7.5000   -7.5000  -30.0000 2667.9031   14.3460
    0.0000   -7.5000  -30.0000 2659.6230   14.3755
    7.5000   -7.5000  -30.0000 2620.4614   14.6713
   -7.5000    0.0000  -30.0000 2655.0735   14.4082
    0.0000    0.0000  -30.0000 2649.1033   14.4631
    7.5000    0.0000  -30.0000 2609.8418   14.7914
   -7.5000    7.5000  -30.0000 2625.5579   14.7600
    0.0000    7.5000  -30.0000 2619.2656   14.7632
    7.5000    7.5000  -30.0000 2583.5127   15.1391
   -7.5000   15.0000  -30.0000 2569.7727   15.3646
    0.0000   15.0000  -30.0000 2563.1633   15.3655
    7.5000   15.0000  -30.0000 2523.2849   15.7557
   -7.5000   22.5000  -30.0000 2489.9946   16.3064
    0.0000   22.5000  -30.0000 2487.9182   16.3326
    7.5000   22.5000  -30.0000 2444.2507   16.7139
   -7.5000   30.0000  -30.0000 2384.8408   17.5560
    0.0000   30.0000  -30.0000 2385.5557   17.5685
    7.5000   30.0000  -30.0000 2343.0779   17.9780
   -7.5000   37.5000  -30.0000 2260.7942   19.2231
    0.0000   37.5000  -30.0000 2262.6570   19.2489
    7.5000   37.5000  -30.0000 2222.3123   19.6583
   -7.5000   45.0000  -30.0000 2121.0076   21.5329
    0.0000   45.0000  -30.0000 2122.3848   21.5721
    7.5000   45.0000  -30.0000 2089.8315   22.0130
   -7.5000  -45.0000  -22.5000 2383.1106   18.5660
    0.0000  -45.0000  -22.5000 2374.2424   18.6278
    7.5000  -45.0000  -22.5000 2338.6904   18.9741
   -7.5000  -37.5000  -22.5000 2512.6062   16.7496
    0.0000  -37.5000  -22.5000 2503.0256   16.7849
    7.5000  -37.5000  -22.5000 2460.4604   17.1114
   -7.5000  -30.0000  -22.5000 2617.9880   15.3856
    0.0000  -30.0000  -22.5000 2606.1423   15.4077
    7.5000  -30.0000  -22.5000 2561.6663   15.7083
   -7.5000  -22.5000  -22.5000 2706.5669   14.4985
    0.0000  -22.5000  -22.5000 2695.7209   14.4806
    7.5000  -22.5000  -22.5000 2651.8840   14.7731
   -7.5000  -15.0000  -22.5000 2756.1069   13.9354
    0.0000  -15.0000  -22.5000 2747.3325   13.9261
    7.5000  -15.0000  -22.5000 2702.0320   14.2057
   -7.5000   -7.5000  -22.5000 2783.0898   13.6381
    0.0000   -7.5000  -22.5000 2773.4946   13.6641
    7.5000   -7.5000  -22.5000 2730.4233   13.9822
   -7.5000    0.0000  -22.5000 2776.2112   13.7421
    0.0000    0.0000  -22.5000 2769.5632   13.7758
    7.5000    0.0000  -22.5000 2725.7937   14.0786
   -7.5000    7.5000  -22.5000 2743.2517   14.1269
    0.0000    7.5000  -22.5000 2739.4343   14.1326
    7.5000    7.5000  -22.5000 2696.1865   14.4603
   -7.5000   15.0000  -22.5000 2685.5579   14.7352
    0.0000   15.0000  -22.5000 2681.1968   14.7374
    7.5000   15.0000  -22.5000 2634.6396   15.0940
   -7.5000   22.5000  -22.5000 2598.4033   15.6252
    0.0000   22.5000  -22.5000 2597.4316   15.6328
    7.5000   22.5000  -22.5000 2550.5913   16.0179
   -7.5000   30.0000  -22.5000 2484.1035   16.8344
    0.0000   30.0000  -22.5000 2486.1326   16.7999
    7.5000   30.0000  -22.5000 2443.2781   17.2404
   -7.5000   37.5000  -22.5000 2355.8752   18.4605
    0.0000   37.5000  -22.5000 2354.1494   18.4491
    7.5000   37.5000  -22.5000 2317.8269   18.8777
   -7.5000   45.0000  -22.5000 2201.5281   20.6626
    0.0000   45.0000  -22.5000 2199.5823   20.6612
    7.5000   45.0000  -22.5000 2170.9062   21.1573
   -7.5000  -45.0000  -15.0000 2415.3315   18.0161
    0.0000  -45.0000  -15.0000 2410.3630   18.0909
    7.5000  -45.0000  -15.0000 2376.2917   18.4753
   -7.5000  -37.5000  -15.0000 2551.6641   16.2165
    0.0000  -37.5000  -15.0000 2547.9126   16.2750
    7.5000  -37.5000  -15.0000 2502.0354   16.6026
   -7.5000  -30.0000  -15.0000 2666.4939   14.8249
    0.0000  -30.0000  -15.0000 2661.1814   14.8768
    7.5000  -30.0000  -15.0000 2612.3125   15.2013
   -7.5000  -22.5000  -15.0000 2768.2180   13.9015
    0.0000  -22.5000  -15.0000 2760.8464   13.9073
    7.5000  -22.5000  -15.0000 2709.1755   14.2152
   -7.5000  -15.0000  -15.0000 2832.7368   13.2839
    0.0000  -15.0000  -15.0000 2821.4822   13.2955
    7.5000  -15.0000  -15.0000 2767.6399   13.5897
   -7.5000   -7.5000  -15.0000 2859.7761   12.9448
    0.0000   -7.5000  -15.0000 2850.4324   12.9932
    7.5000   -7.5000  -15.0000 2800.6826   13.3383
   -7.5000    0.0000  -15.0000 2860.6523   13.0541
    0.0000    0.0000  -15.0000 2856.1692   13.0790
    7.5000    0.0000  -15.0000 2803.7424   13.4239
   -7.5000    7.5000  -15.0000 2832.7800   13.4828
    0.0000    7.5000  -15.0000 2829.4502   13.4844
    7.5000    7.5000  -15.0000 2773.4321   13.8257
   -7.5000   15.0000  -15.0000 2763.7551   14.1091
    0.0000   15.0000  -15.0000 2761.3494   14.0805
    7.5000   15.0000  -15.0000 2710.7439   14.4727
   -7.5000   22.5000  -15.0000 2669.9150   14.9683
    0.0000   22.5000  -15.0000 2666.3716   14.9329
    7.5000   22.5000  -15.0000 2622.1111   15.3914
   -7.5000   30.0000  -15.0000 2548.6721   16.1287
    0.0000   30.0000  -15.0000 2549.6277   16.1134
    7.5000   30.0000  -15.0000 2509.6772   16.5816
   -7.5000   37.5000  -15.0000 2419.1626   17.7607
    0.0000   37.5000  -15.0000 2416.4697   17.7356
    7.5000   37.5000  -15.0000 2378.5632   18.2346
   -7.5000   45.0000  -15.0000 2258.7712   19.9136
    0.0000   45.0000  -15.0000 2254.4622   19.9156
    7.5000   45.0000  -15.0000 2223.6233   20.4401
   -7.5000  -45.0000   -7.5000 2426.0078   17.5754
    0.0000  -45.0000   -7.5000 2421.4680   17.6419
    7.5000  -45.0000   -7.5000 2381.7900   18.0577
   -7.5000  -37.5000   -7.5000 2565.2871   15.7631
    0.0000  -37.5000   -7.5000 2563.2756   15.8220
    7.5000  -37.5000   -7.5000 2514.1414   16.2061
   -7.5000  -30.0000   -7.5000 2690.1099   14.4176
    0.0000  -30.0000   -7.5000 2681.3293   14.4324
    7.5000  -30.0000   -7.5000 2633.2375   14.8138
   -7.5000  -22.5000   -7.5000 2798.1174   13.4930
    0.0000  -22.5000   -7.5000 2792.1992   13.4926
    7.5000  -22.5000   -7.5000 2741.0166   13.8330
   -7.5000  -15.0000   -7.5000 2879.0962   12.7923
    0.0000  -15.0000   -7.5000 2869.4700   12.8214
    7.5000  -15.0000   -7.5000 2810.1323   13.1762
   -7.5000   -7.5000   -7.5000 2911.2517   12.3279
    0.0000   -7.5000   -7.5000 2902.7605   12.3951
    7.5000   -7.5000   -7.5000 2846.2974   12.8607
   -7.5000    0.0000   -7.5000 2911.9592   12.4002
    0.0000    0.0000   -7.5000 2913.7817   12.4065
    7.5000    0.0000   -7.5000 2858.4778   12.9115
   -7.5000    7.5000   -7.5000 2882.8296   12.8572
    0.0000    7.5000   -7.5000 2883.6526   12.8301
    7.5000    7.5000   -7.5000 2825.4868   13.3130
   -7.5000   15.0000   -7.5000 2807.0103   13.5241
    0.0000   15.0000   -7.5000 2805.1370   13.5031
    7.5000   15.0000   -7.5000 2765.0828   14.0023
   -7.5000   22.5000   -7.5000 2709.6396   14.3732
    0.0000   22.5000   -7.5000 2709.2778   14.3646
    7.5000   22.5000   -7.5000 2672.2390   14.8973
   -7.5000   30.0000   -7.5000 2587.1995   15.5421
    0.0000   30.0000   -7.5000 2584.3687   15.5527
    7.5000   30.0000   -7.5000 2552.8103   16.0955
   -7.5000   37.5000   -7.5000 2450.4482   17.1631
    0.0000   37.5000   -7.5000 2449.9192   17.1981
    7.5000   37.5000   -7.5000 2417.0618   17.7174
   -7.5000   45.0000   -7.5000 2288.4658   19.2701
    0.0000   45.0000   -7.5000 2289.2798   19.3346
    7.5000   45.0000   -7.5000 2259.8235   19.8674
   -7.5000  -45.0000    0.0000 2416.7317   17.3800
    0.0000  -45.0000    0.0000 2413.6941   17.3728
    7.5000  -45.0000    0.0000 2378.2913   17.9001
   -7.5000  -37.5000    0.0000 2557.6675   15.5616
    0.0000  -37.5000    0.0000 2552.4446   15.5656
    7.5000  -37.5000    0.0000 2510.2593   16.0104
   -7.5000  -30.0000    0.0000 2688.8301   14.2274
    0.0000  -30.0000    0.0000 2682.3914   14.1973
    7.5000  -30.0000    0.0000 2635.3835   14.6413
   -7.5000  -22.5000    0.0000 2807.5181   13.3094
    0.0000  -22.5000    0.0000 2801.7532   13.2508
    7.5000  -22.5000    0.0000 2752.2529   13.6844
   -7.5000  -15.0000    0.0000 2902.1484   12.6456
    0.0000  -15.0000    0.0000 2899.8103   12.6474
    7.5000  -15.0000    0.0000 2833.1487   13.0376
   -7.5000   -7.5000    0.0000 2944.3479   12.0299
    0.0000   -7.5000    0.0000 2941.0977   12.0784
    7.5000   -7.5000    0.0000 2879.1335   12.6710
   -7.5000    0.0000    0.0000 2942.5667   11.9906
    0.0000    0.0000    0.0000 2945.0837   11.9758
    7.5000    0.0000    0.0000 2892.0369   12.6247
   -7.5000    7.5000    0.0000 2899.6040   12.4594
    0.0000    7.5000    0.0000 2904.3572   12.4243
    7.5000    7.5000    0.0000 2857.9785   13.0488
   -7.5000   15.0000    0.0000 2822.6985   13.1814
    0.0000   15.0000    0.0000 2832.1858   13.1498
    7.5000   15.0000    0.0000 2788.9150   13.7261
   -7.5000   22.5000    0.0000 2726.3643   14.0745
    0.0000   22.5000    0.0000 2732.3965   14.0931
    7.5000   22.5000    0.0000 2693.3625   14.5831
   -7.5000   30.0000    0.0000 2603.4727   15.2667
    0.0000   30.0000    0.0000 2604.5649   15.2948
    7.5000   30.0000    0.0000 2573.1182   15.7538
   -7.5000   37.5000    0.0000 2465.4915   16.8916
    0.0000   37.5000    0.0000 2467.6917   16.8943
    7.5000   37.5000    0.0000 2431.6904   17.3356
   -7.5000   45.0000    0.0000 2299.3633   18.9630
    0.0000   45.0000    0.0000 2304.2024   18.9676
    7.5000   45.0000    0.0000 2273.1614   19.4067
   -7.5000  -45.0000    7.5000 2404.1685   17.4278
    0.0000  -45.0000    7.5000 2400.4788   17.3707
    7.5000  -45.0000    7.5000 2372.1211   17.9777
   -7.5000  -37.5000    7.5000 2545.7949   15.5917
    0.0000  -37.5000    7.5000 2541.2073   15.5208
    7.5000  -37.5000    7.5000 2504.3616   16.0732
   -7.5000  -30.0000    7.5000 2675.7283   14.1998
    0.0000  -30.0000    7.5000 2672.6277   14.1220
    7.5000  -30.0000    7.5000 2633.5774   14.6820
   -7.5000  -22.5000    7.5000 2792.8418   13.2619
    0.0000  -22.5000    7.5000 2792.8748   13.1707
    7.5000  -22.5000    7.5000 2748.9170   13.7212
   -7.5000  -15.0000    7.5000 2892.5598   12.6252
    0.0000  -15.0000    7.5000 2895.3167   12.5793
    7.5000  -15.0000    7.5000 2836.9368   13.0943
   -7.5000   -7.5000    7.5000 2948.2461   12.0870
    0.0000   -7.5000    7.5000 2944.3098   12.0432
    7.5000   -7.5000    7.5000 2888.9417   12.6618
   -7.5000    0.0000    7.5000 2949.8933   11.9490
    0.0000    0.0000    7.5000 2953.8921   11.8947
    7.5000    0.0000    7.5000 2901.1680   12.5729
   -7.5000    7.5000    7.5000 2908.6521   12.3649
    0.0000    7.5000    7.5000 2913.2451   12.3094
    7.5000    7.5000    7.5000 2862.9265   12.9139
   -7.5000   15.0000    7.5000 2832.5876   13.0586
    0.0000   15.0000    7.5000 2838.3914   13.0091
    7.5000   15.0000    7.5000 2791.6650   13.5096
   -7.5000   22.5000    7.5000 2729.4272   13.9955
    0.0000   22.5000    7.5000 2732.4636   13.9672
    7.5000   22.5000    7.5000 2696.5710   14.4135
   -7.5000   30.0000    7.5000 2604.4829   15.2345
    0.0000   30.0000    7.5000 2605.0422   15.1983
    7.5000   30.0000    7.5000 2573.0137   15.6104
   -7.5000   37.5000    7.5000 2466.5603   16.8553
    0.0000   37.5000    7.5000 2470.9341   16.8219
    7.5000   37.5000    7.5000 2430.6213   17.2242
   -7.5000   45.0000    7.5000 2301.0847   18.9370
    0.0000   45.0000    7.5000 2303.5969   18.9172
    7.5000   45.0000    7.5000 2272.5835   19.3307
   -7.5000  -45.0000   15.0000 2384.6050   17.6269
    0.0000  -45.0000   15.0000 2377.8799   17.4709
    7.5000  -45.0000   15.0000 2353.4673   18.1996
   -7.5000  -37.5000   15.0000 2518.8923   15.7925
    0.0000  -37.5000   15.0000 2513.6538   15.6274
    7.5000  -37.5000   15.0000 2484.5864   16.3070
   -7.5000  -30.0000   15.0000 2644.9539   14.4259
    0.0000  -30.0000   15.0000 2641.9099   14.2718
    7.5000  -30.0000   15.0000 2607.6094   14.9463
   -7.5000  -22.5000   15.0000 2759.0122   13.5065
    0.0000  -22.5000   15.0000 2761.8567   13.3702
    7.5000  -22.5000   15.0000 2722.7344   13.9982
   -7.5000  -15.0000   15.0000 2856.1196   12.8302
    0.0000  -15.0000   15.0000 2861.1064   12.7276
    7.5000  -15.0000   15.0000 2810.3015   13.3381
   -7.5000   -7.5000   15.0000 2910.2820   12.2696
    0.0000   -7.5000   15.0000 2908.8003   12.1914
    7.5000   -7.5000   15.0000 2859.9990   12.8708
   -7.5000    0.0000   15.0000 2932.9858   12.2450
    0.0000    0.0000   15.0000 2935.1243   12.1625
    7.5000    0.0000   15.0000 2878.5854   12.7164
   -7.5000    7.5000   15.0000 2899.5132   12.6430
    0.0000    7.5000   15.0000 2903.0381   12.5931
    7.5000    7.5000   15.0000 2844.6697   13.0073
   -7.5000   15.0000   15.0000 2822.1191   13.2751
    0.0000   15.0000   15.0000 2826.7520   13.2207
    7.5000   15.0000   15.0000 2773.4941   13.6251
   -7.5000   22.5000   15.0000 2710.0532   14.1714
    0.0000   22.5000   15.0000 2712.1682   14.1280
    7.5000   22.5000   15.0000 2673.7810   14.5229
   -7.5000   30.0000   15.0000 2586.3538   15.3930
    0.0000   30.0000   15.0000 2585.5356   15.3545
    7.5000   30.0000   15.0000 2554.8716   15.7412
   -7.5000   37.5000   15.0000 2447.3652   16.9798
    0.0000   37.5000   15.0000 2448.1008   16.9466
    7.5000   37.5000   15.0000 2419.3301   17.3353
   -7.5000   45.0000   15.0000 2281.7468   19.0430
    0.0000   45.0000   15.0000 2286.5190   19.0232
    7.5000   45.0000   15.0000 2261.1719   19.4372
   -7.5000  -45.0000   22.5000 2355.2407   18.0311
    0.0000  -45.0000   22.5000 2352.0146   17.8526
    7.5000  -45.0000   22.5000 2328.4492   18.6493
   -7.5000  -37.5000   22.5000 2487.1772   16.1934
    0.0000  -37.5000   22.5000 2482.7573   16.0113
    7.5000  -37.5000   22.5000 2454.5725   16.7827
   -7.5000  -30.0000   22.5000 2611.4434   14.8822
    0.0000  -30.0000   22.5000 2609.9856   14.7202
    7.5000  -30.0000   22.5000 2575.3906   15.3977
   -7.5000  -22.5000   22.5000 2722.5293   13.9810
    0.0000  -22.5000   22.5000 2723.6130   13.8363
    7.5000  -22.5000   22.5000 2681.3853   14.4325
   -7.5000  -15.0000   22.5000 2805.7988   13.2337
    0.0000  -15.0000   22.5000 2808.3276   13.1096
    7.5000  -15.0000   22.5000 2763.2808   13.7863
   -7.5000   -7.5000   22.5000 2858.9304   12.6881
    0.0000   -7.5000   22.5000 2855.1992   12.5807
    7.5000   -7.5000   22.5000 2814.3481   13.2173
   -7.5000    0.0000   22.5000 2892.2751   12.7000
    0.0000    0.0000   22.5000 2897.1401   12.6248
    7.5000    0.0000   22.5000 2840.2231   13.0576
   -7.5000    7.5000   22.5000 2862.3679   13.0884
    0.0000    7.5000   22.5000 2864.1819   13.0123
    7.5000    7.5000   22.5000 2810.9377   13.3788
   -7.5000   15.0000   22.5000 2785.0000   13.7021
    0.0000   15.0000   22.5000 2790.8999   13.6308
    7.5000   15.0000   22.5000 2732.0928   13.9916
   -7.5000   22.5000   22.5000 2675.2424   14.5838
    0.0000   22.5000   22.5000 2679.9246   14.5433
    7.5000   22.5000   22.5000 2632.2366   14.8907
   -7.5000   30.0000   22.5000 2549.2024   15.7884
    0.0000   30.0000   22.5000 2551.2510   15.7371
    7.5000   30.0000   22.5000 2516.9172   16.0935
   -7.5000   37.5000   22.5000 2409.6797   17.3541
    0.0000   37.5000   22.5000 2414.0842   17.3211
    7.5000   37.5000   22.5000 2387.1885   17.7005
   -7.5000   45.0000   22.5000 2248.4265   19.4388
    0.0000   45.0000   22.5000 2248.6816   19.3936
    7.5000   45.0000   22.5000 2233.2400   19.7897
   -7.5000  -45.0000   30.0000 2320.2190   18.7727
    0.0000  -45.0000   30.0000 2314.8484   18.5611
    7.5000  -45.0000   30.0000 2286.4412   19.3855
   -7.5000  -37.5000   30.0000 2448.7625   16.9355
    0.0000  -37.5000   30.0000 2445.5251   16.7594
    7.5000  -37.5000   30.0000 2411.8972   17.4663
   -7.5000  -30.0000   30.0000 2563.5332   15.6003
    0.0000  -30.0000   30.0000 2561.6968   15.4658
    7.5000  -30.0000   30.0000 2523.9561   16.1085
   -7.5000  -22.5000   30.0000 2668.5046   14.6094
    0.0000  -22.5000   30.0000 2667.7949   14.4613
    7.5000  -22.5000   30.0000 2626.1423   15.1270
   -7.5000  -15.0000   30.0000 2743.1301   13.7905
    0.0000  -15.0000   30.0000 2740.1497   13.6485
    7.5000  -15.0000   30.0000 2702.4014   14.3543
   -7.5000   -7.5000   30.0000 2792.7380   13.3644
    0.0000   -7.5000   30.0000 2788.7964   13.2670
    7.5000   -7.5000   30.0000 2748.6538   13.8040
   -7.5000    0.0000   30.0000 2811.0261   13.3535
    0.0000    0.0000   30.0000 2811.6089   13.2803
    7.5000    0.0000   30.0000 2769.4434   13.7254
   -7.5000    7.5000   30.0000 2778.4082   13.6718
    0.0000    7.5000   30.0000 2779.3452   13.5895
    7.5000    7.5000   30.0000 2744.8513   13.9954
   -7.5000   15.0000   30.0000 2710.6306   14.2816
    0.0000   15.0000   30.0000 2717.7942   14.1820
    7.5000   15.0000   30.0000 2667.6499   14.5753
   -7.5000   22.5000   30.0000 2621.0920   15.1757
    0.0000   22.5000   30.0000 2624.1230   15.1033
    7.5000   22.5000   30.0000 2571.0867   15.4664
   -7.5000   30.0000   30.0000 2497.1885   16.4190
    0.0000   30.0000   30.0000 2504.5471   16.3672
    7.5000   30.0000   30.0000 2465.3606   16.7106
   -7.5000   37.5000   30.0000 2358.6875   17.9907
    0.0000   37.5000   30.0000 2361.0830   17.9684
    7.5000   37.5000   30.0000 2341.3489   18.3124
   -7.5000   45.0000   30.0000 2197.7952   20.0397
    0.0000   45.0000   30.0000 2198.1594   20.0165
    7.5000   45.0000   30.0000 2184.0879   20.3883
   -7.5000  -45.0000   37.5000 2266.7329   19.8021
    0.0000  -45.0000   37.5000 2266.1960   19.6380
    7.5000  -45.0000   37.5000 2238.5417   20.3760
   -7.5000  -37.5000   37.5000 2397.7305   17.9139
    0.0000  -37.5000   37.5000 2396.4451   17.7914
    7.5000  -37.5000   37.5000 2366.0786   18.4500
   -7.5000  -30.0000   37.5000 2508.8787   16.4668
    0.0000  -30.0000   37.5000 2509.7263   16.3637
    7.5000  -30.0000   37.5000 2470.5791   16.9987
   -7.5000  -22.5000   37.5000 2605.8098   15.3869
    0.0000  -22.5000   37.5000 2611.6069   15.2816
    7.5000  -22.5000   37.5000 2565.3889   15.9249
   -7.5000  -15.0000   37.5000 2672.3757   14.5893
    0.0000  -15.0000   37.5000 2672.5010   14.5089
    7.5000  -15.0000   37.5000 2633.8391   15.1173
   -7.5000   -7.5000   37.5000 2712.9836   14.2190
    0.0000   -7.5000   37.5000 2714.1519   14.1355
    7.5000   -7.5000   37.5000 2675.1560   14.6425
   -7.5000    0.0000   37.5000 2717.9836   14.1540
    0.0000    0.0000   37.5000 2721.3179   14.0996
    7.5000    0.0000   37.5000 2684.4102   14.5373
   -7.5000    7.5000   37.5000 2686.8484   14.3882
    0.0000    7.5000   37.5000 2693.2686   14.3381
    7.5000    7.5000   37.5000 2661.4631   14.7549
   -7.5000   15.0000   37.5000 2623.9978   15.0338
    0.0000   15.0000   37.5000 2631.4050   14.9500
    7.5000   15.0000   37.5000 2589.7617   15.3697
   -7.5000   22.5000   37.5000 2541.7229   15.9690
    0.0000   22.5000   37.5000 2548.2917   15.8621
    7.5000   22.5000   37.5000 2501.2959   16.2601
   -7.5000   30.0000   37.5000 2431.9050   17.1942
    0.0000   30.0000   37.5000 2435.1636   17.1479
    7.5000   30.0000   37.5000 2399.2432   17.5302
   -7.5000   37.5000   37.5000 2294.1643   18.7801
    0.0000   37.5000   37.5000 2295.5715   18.7866
    7.5000   37.5000   37.5000 2277.5554   19.1810
   -7.5000   45.0000   37.5000 2145.6074   20.8511
    0.0000   45.0000   37.5000 2146.2578   20.8676
    7.5000   45.0000   37.5000 2127.4287   21.3122
   -7.5000  -45.0000   45.0000 2207.2581   20.9723
    0.0000  -45.0000   45.0000 2208.5713   20.8761
    7.5000  -45.0000   45.0000 2186.3340   21.5671
   -7.5000  -37.5000   45.0000 2331.3328   18.9338
    0.0000  -37.5000   45.0000 2336.5227   18.8985
    7.5000  -37.5000   45.0000 2302.2617   19.5279
   -7.5000  -30.0000   45.0000 2436.9529   17.4556
    0.0000  -30.0000   45.0000 2449.5476   17.4283
    7.5000  -30.0000   45.0000 2402.2131   18.0116
   -7.5000  -22.5000   45.0000 2526.8252   16.3965
    0.0000  -22.5000   45.0000 2536.1018   16.3244
    7.5000  -22.5000   45.0000 2491.5435   16.9035
   -7.5000  -15.0000   45.0000 2590.9238   15.6325
    0.0000  -15.0000   45.0000 2593.6870   15.5851
    7.5000  -15.0000   45.0000 2555.9443   16.0887
   -7.5000   -7.5000   45.0000 2621.8413   15.2479
    0.0000   -7.5000   45.0000 2631.7327   15.1949
    7.5000   -7.5000   45.0000 2589.1333   15.6567
   -7.5000    0.0000   45.0000 2620.6768   15.1122
    0.0000    0.0000   45.0000 2627.7527   15.0786
    7.5000    0.0000   45.0000 2591.4690   15.4780
   -7.5000    7.5000   45.0000 2590.7686   15.3269
    0.0000    7.5000   45.0000 2600.7021   15.2781
    7.5000    7.5000   45.0000 2570.0288   15.6799
   -7.5000   15.0000   45.0000 2536.7168   15.9907
    0.0000   15.0000   45.0000 2542.7100   15.9093
    7.5000   15.0000   45.0000 2509.8359   16.3104
   -7.5000   22.5000   45.0000 2457.5422   16.9062
    0.0000   22.5000   45.0000 2467.6904   16.8270
    7.5000   22.5000   45.0000 2423.7297   17.2152
   -7.5000   30.0000   45.0000 2348.4519   18.1312
    0.0000   30.0000   45.0000 2353.3335   18.0964
    7.5000   30.0000   45.0000 2321.8064   18.4770
   -7.5000   37.5000   45.0000 2220.2949   19.7711
    0.0000   37.5000   45.0000 2216.9529   19.7761
    7.5000   37.5000   45.0000 2205.0225   20.1457
   -7.5000   45.0000   45.0000 2083.5229   21.9231
    0.0000   45.0000   45.0000 2081.5735   21.9628
    7.5000   45.0000   45.0000 2070.4412   22.3673

---------------------------------------------------------------------
imgreg_4dfp /opt/freesurfer/average/711-2C_as_mni_average_305 /opt/freesurfer/average/711-2B_as_mni_average_305_mask talsrcimg_g11 none talsrcimg_to_711-2C_as_mni_average_305_t4 1283
---------------------------------------------------------------------

freesurfer imgreg_4dfp.c
/opt/freesurfer/average/711-2C_as_mni_average_305.4dfp.img
       256       256       256         1
  1.000000  1.000000  1.000000
orientation T byte_order littleendian
Reading image: /opt/freesurfer/average/711-2C_as_mni_average_305.4dfp.img
dimensions:      256       256       256
mmppix:       1.0000   -1.0000   -1.0000
center:     128.0000 -129.0000 -129.0000
/opt/freesurfer/average/711-2B_as_mni_average_305_mask.4dfp.img
       256       256       256         1
  1.000000  1.000000  1.000000
orientation T byte_order littleendian
Reading mask: /opt/freesurfer/average/711-2B_as_mni_average_305_mask.4dfp.img (2306576 pixels)
talsrcimg_g11.4dfp.img
       256       256       256         1
  1.000000  1.000000  1.000000
orientation T byte_order littleendian
Reading image: talsrcimg_g11.4dfp.img
dimensions:      256       256       256
mmppix:       1.0000   -1.0000   -1.0000
center:     128.0000 -129.0000 -129.0000
rotation matrix determinant  1.000000
fimgreg.f
image alignment mode   1283 decimal      503 hex
parameters
    0.0000    0.0000    7.5000    0.0000    0.0000    0.0000
eta,q 0.92763 11.97461
niter,ni,del,rscale     5    3   12.0000    1.2000
parameter  2  0.912942 ->  0.500000 qaram    1.1500
parameter  4  0.730559 ->  0.500000 qaram    1.1500
parameters
   -1.8687   -3.4500    6.7767   -3.4500   -1.2277    1.7828
eta,q 0.93637 11.91258
  0.0767  0.0694  0.0724  0.0670  0.0686  0.0712
  0.0727  0.0678  0.0696  0.0652  0.0662  0.0684
  0.0718  0.0693  0.0685  0.0660  0.0641  0.0658
  0.0747  0.0717  0.0677  0.0680  0.0652  0.0640
  0.0759  0.0749  0.0689  0.0705  0.0678  0.0636
  0.0789  0.0777  0.0716  0.0732  0.0693  0.0646
  0.0842  0.0811  0.0755  0.0756  0.0713  0.0661
niter,ni,del,rscale     6    3   12.0000    1.2000
parameters
   -1.4790   -2.1792    5.6690   -4.5851   -1.2461    2.3971
eta,q 0.93641 11.84178
  0.0726  0.0782  0.0693  0.0694  0.0685  0.0691
  0.0715  0.0720  0.0667  0.0662  0.0664  0.0663
  0.0661  0.0670  0.0651  0.0632  0.0643  0.0640
  0.0636  0.0640  0.0643  0.0646  0.0634  0.0634
  0.0667  0.0650  0.0660  0.0676  0.0650  0.0644
  0.0683  0.0672  0.0707  0.0696  0.0669  0.0655
  0.0716  0.0707  0.0750  0.0715  0.0680  0.0667
niter,ni,del,rscale     5    3   12.0000    1.2000
parameters
   -1.4184   -2.2145    5.0486   -5.1842   -1.2686    2.5457
eta,q 0.93652 11.86314
  0.0726  0.0726  0.0700  0.0696  0.0681  0.0682
  0.0700  0.0691  0.0670  0.0678  0.0659  0.0654
  0.0645  0.0652  0.0648  0.0644  0.0640  0.0635
  0.0636  0.0637  0.0636  0.0638  0.0634  0.0634
  0.0662  0.0657  0.0641  0.0669  0.0647  0.0645
  0.0682  0.0688  0.0691  0.0694  0.0664  0.0656
  0.0727  0.0728  0.0744  0.0708  0.0677  0.0671
niter,ni,del,rscale     4    3   12.0000    1.2000
parameters
   -1.4917   -2.3110    4.6816   -5.6263   -1.3316    2.4910
eta,q 0.93661 11.89742
  0.0720  0.0719  0.0704  0.0692  0.0679  0.0678
  0.0691  0.0687  0.0672  0.0682  0.0656  0.0652
  0.0637  0.0652  0.0649  0.0653  0.0639  0.0635
  0.0635  0.0634  0.0634  0.0635  0.0634  0.0634
  0.0659  0.0656  0.0635  0.0661  0.0645  0.0646
  0.0680  0.0687  0.0678  0.0690  0.0661  0.0658
  0.0727  0.0724  0.0739  0.0705  0.0676  0.0673
niter,ni,del,rscale     3    3   12.0000    1.2000
parameters
   -1.5657   -2.3144    4.4619   -5.9865   -1.4205    2.3932
eta,q 0.93657 11.92521
  0.0717  0.0718  0.0707  0.0688  0.0678  0.0678
  0.0689  0.0685  0.0675  0.0683  0.0655  0.0653
  0.0636  0.0655  0.0652  0.0658  0.0638  0.0636
  0.0634  0.0633  0.0633  0.0634  0.0635  0.0635
  0.0658  0.0655  0.0633  0.0655  0.0644  0.0646
  0.0678  0.0685  0.0671  0.0686  0.0660  0.0660
  0.0724  0.0718  0.0736  0.0704  0.0677  0.0674
niter,ni,del,rscale     2    3   12.0000    1.2000
parameters
   -1.6282   -2.2735    4.3226   -6.3138   -1.5004    2.2976
eta,q 0.93639 11.94761
  0.0715  0.0718  0.0708  0.0685  0.0679  0.0679
  0.0690  0.0683  0.0677  0.0683  0.0655  0.0655
  0.0637  0.0657  0.0654  0.0662  0.0639  0.0638
  0.0634  0.0634  0.0634  0.0635  0.0636  0.0636
  0.0658  0.0655  0.0632  0.0651  0.0645  0.0648
  0.0677  0.0684  0.0667  0.0682  0.0660  0.0662
  0.0722  0.0715  0.0734  0.0704  0.0677  0.0675
niter,ni,del,rscale     1    3   12.0000    1.2000
parameters
   -1.6598   -2.1946    4.2066   -6.6042   -1.5891    2.1855
eta,q 0.93616 11.96453
  0.0715  0.0716  0.0708  0.0682  0.0679  0.0680
  0.0692  0.0682  0.0678  0.0684  0.0654  0.0657
  0.0640  0.0658  0.0656  0.0665  0.0641  0.0641
  0.0636  0.0636  0.0636  0.0636  0.0639  0.0639
  0.0659  0.0655  0.0633  0.0647  0.0645  0.0649
  0.0677  0.0683  0.0666  0.0679  0.0659  0.0664
  0.0720  0.0712  0.0734  0.0703  0.0677  0.0677
registration optimization eta report
parameter search radius
    6.0000    6.9000    6.0000    6.9000    6.0000    6.0000
100000*second partial in parameter space
       22.       15.       24.       10.       11.       11.
  0.0715  0.0716  0.0708  0.0682  0.0679  0.0680
  0.0692  0.0682  0.0678  0.0684  0.0654  0.0657
  0.0640  0.0658  0.0656  0.0665  0.0641  0.0641
  0.0636  0.0636  0.0636  0.0636  0.0639  0.0639
  0.0659  0.0655  0.0633  0.0647  0.0645  0.0649
  0.0677  0.0683  0.0666  0.0679  0.0659  0.0664
  0.0720  0.0712  0.0734  0.0703  0.0677  0.0677
   -1.6598   -2.1946    4.2066   -6.6042   -1.5891    2.1855
eta,q 0.93616 11.96453

---------------------------------------------------------------------
imgreg_4dfp /opt/freesurfer/average/711-2C_as_mni_average_305 /opt/freesurfer/average/711-2B_as_mni_average_305_mask talsrcimg_g11 none talsrcimg_to_711-2C_as_mni_average_305_t4 3335
---------------------------------------------------------------------

freesurfer imgreg_4dfp.c
/opt/freesurfer/average/711-2C_as_mni_average_305.4dfp.img
       256       256       256         1
  1.000000  1.000000  1.000000
orientation T byte_order littleendian
Reading image: /opt/freesurfer/average/711-2C_as_mni_average_305.4dfp.img
dimensions:      256       256       256
mmppix:       1.0000   -1.0000   -1.0000
center:     128.0000 -129.0000 -129.0000
/opt/freesurfer/average/711-2B_as_mni_average_305_mask.4dfp.img
       256       256       256         1
  1.000000  1.000000  1.000000
orientation T byte_order littleendian
Reading mask: /opt/freesurfer/average/711-2B_as_mni_average_305_mask.4dfp.img (2306576 pixels)
talsrcimg_g11.4dfp.img
       256       256       256         1
  1.000000  1.000000  1.000000
orientation T byte_order littleendian
Reading image: talsrcimg_g11.4dfp.img
dimensions:      256       256       256
mmppix:       1.0000   -1.0000   -1.0000
center:     128.0000 -129.0000 -129.0000
fimgreg.f
image alignment mode   3335 decimal      D07 hex
parameters
   -1.6598   -2.1946    4.2066   -0.1112   -0.7480   -0.7018
   -4.1070    2.3142    3.8121   11.5976   -2.7732  -11.4965
eta,q 0.93406 11.85619
niter,ni,del,rscale     5    3    5.0000    1.2000
parameter  1  0.711812 ->  0.500000 qaram    1.1500
parameter  4 -5.459933 ->  0.500000 qaram    1.1500
parameter  5 -9.559885 ->  0.500000 qaram    1.1500
parameter  6  2.315363 ->  0.500000 qaram    1.1500
parameter  7 -0.614531 -> -0.500000 qaram    1.1500
parameter 10  0.656674 ->  0.500000 qaram    1.1500
parameter 12  1.083771 ->  0.500000 qaram    1.1500
parameters
   -3.0398   -1.6630    4.1359   -4.2512   -4.8880   -4.8418
    0.0330    3.5265    2.2114    7.4576   -2.7920  -15.6365
eta,q 0.95352 11.62347
  0.0657  0.0663  0.0657  0.0547  0.0479  0.0466  0.0500  0.0520  0.0489  0.0478  0.0483  0.0463
  0.0654  0.0660  0.0656  0.0587  0.0521  0.0481  0.0494  0.0503  0.0485  0.0473  0.0478  0.0464
  0.0655  0.0657  0.0655  0.0627  0.0562  0.0504  0.0490  0.0490  0.0484  0.0475  0.0474  0.0467
  0.0659  0.0654  0.0653  0.0653  0.0599  0.0532  0.0487  0.0484  0.0484  0.0483  0.0473  0.0473
  0.0665  0.0653  0.0652  0.0682  0.0639  0.0560  0.0485  0.0485  0.0486  0.0495  0.0474  0.0479
  0.0672  0.0654  0.0654  0.0718  0.0676  0.0592  0.0484  0.0490  0.0491  0.0512  0.0478  0.0488
  0.0679  0.0659  0.0659  0.0744  0.0709  0.0631  0.0485  0.0502  0.0498  0.0531  0.0483  0.0498
niter,ni,del,rscale     7    3    5.0000    1.2000
parameter  3 -0.756730 -> -0.500000 qaram    1.1500
parameter  4  2.281881 ->  0.500000 qaram    1.3225
parameter  5  2.369004 ->  0.500000 qaram    1.3225
parameter 12  0.723190 ->  0.500000 qaram    1.3225
parameters
   -3.0024   -2.4679    5.5159   -9.0122   -9.6490   -7.6979
   -1.3101    3.8929    1.9354    8.2255   -2.0525  -20.3975
eta,q 0.96940 11.59357
  0.0488  0.0469  0.0498  0.0368  0.0290  0.0322  0.0343  0.0363  0.0333  0.0353  0.0323  0.0308
  0.0476  0.0464  0.0484  0.0377  0.0306  0.0318  0.0324  0.0340  0.0322  0.0333  0.0318  0.0306
  0.0468  0.0463  0.0472  0.0407  0.0338  0.0315  0.0315  0.0323  0.0315  0.0319  0.0314  0.0308
  0.0465  0.0465  0.0463  0.0455  0.0383  0.0313  0.0315  0.0314  0.0313  0.0313  0.0313  0.0313
  0.0467  0.0469  0.0457  0.0505  0.0432  0.0322  0.0326  0.0315  0.0316  0.0315  0.0313  0.0319
  0.0474  0.0475  0.0455  0.0545  0.0480  0.0353  0.0343  0.0330  0.0324  0.0325  0.0315  0.0327
  0.0488  0.0482  0.0456  0.0592  0.0528  0.0402  0.0364  0.0358  0.0336  0.0340  0.0320  0.0338
niter,ni,del,rscale     7    3    5.0000    1.2000
parameter  2 -0.597361 -> -0.500000 qaram    1.1500
parameter  5  0.972933 ->  0.500000 qaram    1.5209
parameter 10 -0.509801 -> -0.500000 qaram    1.3225
parameter 12  0.995924 ->  0.500000 qaram    1.5209
parameters
   -3.1103   -1.0879    5.1688  -13.2832  -15.1242   -7.9752
   -1.0905    4.0792    2.6255   12.9865   -1.2195  -25.8727
eta,q 0.97618 11.34562
  0.0352  0.0358  0.0310  0.0310  0.0252  0.0272  0.0284  0.0287  0.0275  0.0312  0.0255  0.0239
  0.0324  0.0336  0.0302  0.0299  0.0255  0.0265  0.0270  0.0271  0.0266  0.0289  0.0253  0.0238
  0.0308  0.0318  0.0298  0.0292  0.0267  0.0260  0.0261  0.0261  0.0260  0.0270  0.0250  0.0241
  0.0306  0.0306  0.0297  0.0297  0.0293  0.0257  0.0257  0.0257  0.0257  0.0257  0.0249  0.0249
  0.0315  0.0299  0.0300  0.0333  0.0339  0.0255  0.0260  0.0258  0.0258  0.0250  0.0249  0.0259
  0.0332  0.0297  0.0308  0.0389  0.0386  0.0261  0.0268  0.0266  0.0262  0.0250  0.0250  0.0270
  0.0356  0.0301  0.0318  0.0437  0.0436  0.0280  0.0281  0.0286  0.0270  0.0257  0.0254  0.0281
niter,ni,del,rscale     7    3    5.0000    1.2000
parameter  2 -0.883516 -> -0.500000 qaram    1.3225
parameter  5  0.530606 ->  0.500000 qaram    1.7490
parameter 12  0.542658 ->  0.500000 qaram    1.7490
parameters
   -3.2725    0.4991    4.9458  -13.9224  -21.4206   -7.2635
   -1.3745    3.4519    2.5889   15.7765   -1.7507  -32.1691
eta,q 0.98113 11.10455
  0.0271  0.0318  0.0233  0.0257  0.0216  0.0232  0.0230  0.0234  0.0223  0.0277  0.0205  0.0199
  0.0252  0.0287  0.0224  0.0242  0.0206  0.0220  0.0216  0.0217  0.0212  0.0245  0.0202  0.0190
  0.0241  0.0260  0.0219  0.0228  0.0206  0.0212  0.0207  0.0207  0.0206  0.0220  0.0199  0.0190
  0.0238  0.0238  0.0218  0.0218  0.0219  0.0205  0.0204  0.0204  0.0204  0.0204  0.0198  0.0198
  0.0243  0.0224  0.0221  0.0214  0.0252  0.0202  0.0208  0.0208  0.0206  0.0198  0.0199  0.0214
  0.0257  0.0217  0.0228  0.0238  0.0313  0.0209  0.0219  0.0223  0.0213  0.0205  0.0202  0.0231
  0.0280  0.0217  0.0238  0.0288  0.0369  0.0229  0.0234  0.0250  0.0223  0.0225  0.0208  0.0247
niter,ni,del,rscale     7    3    5.0000    1.2000
parameters
   -3.2138    1.5503    4.8038  -13.8276  -22.9842   -6.8279
   -1.3447    3.1247    2.6967   17.4602   -2.8681  -32.3920
eta,q 0.98179 11.11170
  0.0232  0.0270  0.0203  0.0226  0.0245  0.0219  0.0217  0.0221  0.0204  0.0260  0.0188  0.0228
  0.0210  0.0234  0.0191  0.0208  0.0215  0.0205  0.0200  0.0201  0.0193  0.0224  0.0185  0.0203
  0.0195  0.0206  0.0184  0.0194  0.0193  0.0193  0.0188  0.0189  0.0186  0.0198  0.0183  0.0185
  0.0189  0.0189  0.0183  0.0183  0.0183  0.0185  0.0184  0.0184  0.0184  0.0184  0.0182  0.0182
  0.0193  0.0183  0.0187  0.0178  0.0194  0.0183  0.0188  0.0188  0.0186  0.0184  0.0184  0.0191
  0.0206  0.0190  0.0195  0.0193  0.0232  0.0195  0.0199  0.0204  0.0193  0.0197  0.0188  0.0208
  0.0230  0.0206  0.0207  0.0238  0.0305  0.0218  0.0216  0.0232  0.0203  0.0221  0.0195  0.0228
niter,ni,del,rscale     6    3    5.0000    1.2000
parameters
   -3.1969    1.6595    4.9182  -13.6435  -23.1446   -6.3259
   -1.4620    3.1392    2.6253   17.6994   -3.2420  -32.3441
eta,q 0.98193 11.13805
  0.0226  0.0235  0.0205  0.0227  0.0256  0.0216  0.0213  0.0225  0.0201  0.0241  0.0189  0.0228
  0.0203  0.0206  0.0193  0.0209  0.0224  0.0202  0.0196  0.0201  0.0190  0.0209  0.0185  0.0203
  0.0188  0.0188  0.0185  0.0194  0.0198  0.0191  0.0184  0.0187  0.0183  0.0188  0.0182  0.0185
  0.0182  0.0182  0.0182  0.0182  0.0182  0.0182  0.0181  0.0181  0.0181  0.0181  0.0181  0.0181
  0.0187  0.0188  0.0184  0.0177  0.0184  0.0179  0.0185  0.0184  0.0184  0.0187  0.0182  0.0188
  0.0201  0.0204  0.0191  0.0192  0.0211  0.0190  0.0197  0.0200  0.0191  0.0204  0.0185  0.0205
  0.0226  0.0226  0.0201  0.0238  0.0276  0.0216  0.0215  0.0226  0.0201  0.0236  0.0191  0.0225
niter,ni,del,rscale     5    3    5.0000    1.2000
parameters
   -3.1825    1.6912    5.0001  -13.6951  -23.1861   -6.2390
   -1.4749    3.1846    2.6148   17.7285   -3.2828  -32.2821
eta,q 0.98191 11.13729
  0.0225  0.0231  0.0204  0.0226  0.0256  0.0215  0.0214  0.0226  0.0201  0.0239  0.0189  0.0228
  0.0202  0.0203  0.0191  0.0208  0.0224  0.0201  0.0197  0.0201  0.0190  0.0207  0.0185  0.0203
  0.0187  0.0186  0.0183  0.0193  0.0198  0.0190  0.0185  0.0187  0.0183  0.0187  0.0182  0.0185
  0.0181  0.0181  0.0181  0.0181  0.0181  0.0181  0.0181  0.0181  0.0181  0.0181  0.0181  0.0181
  0.0185  0.0188  0.0183  0.0177  0.0182  0.0179  0.0185  0.0185  0.0184  0.0188  0.0182  0.0188
  0.0200  0.0204  0.0190  0.0194  0.0209  0.0192  0.0197  0.0199  0.0190  0.0206  0.0185  0.0205
  0.0225  0.0227  0.0201  0.0243  0.0273  0.0221  0.0214  0.0226  0.0201  0.0238  0.0191  0.0224
niter,ni,del,rscale     4    3    5.0000    1.2000
parameters
   -3.1779    1.6986    5.0333  -13.7043  -23.1879   -6.2148
   -1.4692    3.1874    2.6053   17.7299   -3.2697  -32.2401
eta,q 0.98192 11.13742
  0.0225  0.0230  0.0203  0.0226  0.0256  0.0214  0.0214  0.0225  0.0201  0.0238  0.0190  0.0228
  0.0202  0.0202  0.0191  0.0208  0.0224  0.0201  0.0197  0.0201  0.0190  0.0207  0.0185  0.0203
  0.0187  0.0185  0.0183  0.0193  0.0198  0.0190  0.0185  0.0187  0.0183  0.0187  0.0182  0.0185
  0.0181  0.0181  0.0181  0.0181  0.0181  0.0181  0.0181  0.0181  0.0181  0.0181  0.0181  0.0181
  0.0185  0.0188  0.0183  0.0176  0.0182  0.0179  0.0185  0.0185  0.0184  0.0188  0.0181  0.0188
  0.0201  0.0204  0.0190  0.0193  0.0208  0.0193  0.0196  0.0200  0.0191  0.0206  0.0185  0.0205
  0.0226  0.0227  0.0201  0.0242  0.0272  0.0222  0.0214  0.0226  0.0201  0.0239  0.0190  0.0225
niter,ni,del,rscale     3    3    5.0000    1.2000
parameters
   -3.1781    1.7020    5.0461  -13.7065  -23.1821   -6.2037
   -1.4665    3.1866    2.6060   17.7258   -3.2678  -32.2130
eta,q 0.98191 11.13780
  0.0225  0.0230  0.0203  0.0226  0.0256  0.0214  0.0214  0.0225  0.0202  0.0238  0.0190  0.0228
  0.0202  0.0202  0.0191  0.0208  0.0224  0.0200  0.0197  0.0201  0.0190  0.0207  0.0185  0.0203
  0.0186  0.0185  0.0183  0.0193  0.0198  0.0190  0.0185  0.0187  0.0183  0.0187  0.0182  0.0185
  0.0181  0.0181  0.0181  0.0181  0.0181  0.0181  0.0181  0.0181  0.0181  0.0181  0.0181  0.0181
  0.0185  0.0188  0.0184  0.0176  0.0182  0.0179  0.0185  0.0185  0.0184  0.0188  0.0181  0.0188
  0.0201  0.0204  0.0191  0.0193  0.0208  0.0193  0.0196  0.0200  0.0190  0.0206  0.0185  0.0205
  0.0226  0.0227  0.0202  0.0242  0.0272  0.0223  0.0214  0.0226  0.0201  0.0239  0.0190  0.0225
registration optimization eta report
parameter search radius
    2.7600    3.1740    2.7600    9.5220   12.5928    8.2800
    8.2800    7.2000    7.2000    9.5220    7.2000   12.5928
100000*second partial in parameter space
       58.       47.       28.        6.        5.        6.
        5.        9.        4.        6.        2.        3.
  0.0225  0.0230  0.0203  0.0226  0.0256  0.0214  0.0214  0.0225  0.0202  0.0238  0.0190  0.0228
  0.0202  0.0202  0.0191  0.0208  0.0224  0.0200  0.0197  0.0201  0.0190  0.0207  0.0185  0.0203
  0.0186  0.0185  0.0183  0.0193  0.0198  0.0190  0.0185  0.0187  0.0183  0.0187  0.0182  0.0185
  0.0181  0.0181  0.0181  0.0181  0.0181  0.0181  0.0181  0.0181  0.0181  0.0181  0.0181  0.0181
  0.0185  0.0188  0.0184  0.0176  0.0182  0.0179  0.0185  0.0185  0.0184  0.0188  0.0181  0.0188
  0.0201  0.0204  0.0191  0.0193  0.0208  0.0193  0.0196  0.0200  0.0190  0.0206  0.0185  0.0205
  0.0226  0.0227  0.0202  0.0242  0.0272  0.0223  0.0214  0.0226  0.0201  0.0239  0.0190  0.0225
   -3.1781    1.7020    5.0461  -13.7065  -23.1821   -6.2037
   -1.4665    3.1866    2.6060   17.7258   -3.2678  -32.2130
eta,q 0.98191 11.13780

---------------------------------------------------------------------
imgreg_4dfp /opt/freesurfer/average/711-2C_as_mni_average_305 /opt/freesurfer/average/711-2B_as_mni_average_305_mask talsrcimg_g11 none talsrcimg_to_711-2C_as_mni_average_305_t4 2311
---------------------------------------------------------------------

freesurfer imgreg_4dfp.c
/opt/freesurfer/average/711-2C_as_mni_average_305.4dfp.img
       256       256       256         1
  1.000000  1.000000  1.000000
orientation T byte_order littleendian
Reading image: /opt/freesurfer/average/711-2C_as_mni_average_305.4dfp.img
dimensions:      256       256       256
mmppix:       1.0000   -1.0000   -1.0000
center:     128.0000 -129.0000 -129.0000
/opt/freesurfer/average/711-2B_as_mni_average_305_mask.4dfp.img
       256       256       256         1
  1.000000  1.000000  1.000000
orientation T byte_order littleendian
Reading mask: /opt/freesurfer/average/711-2B_as_mni_average_305_mask.4dfp.img (2306576 pixels)
talsrcimg_g11.4dfp.img
       256       256       256         1
  1.000000  1.000000  1.000000
orientation T byte_order littleendian
Reading image: talsrcimg_g11.4dfp.img
dimensions:      256       256       256
mmppix:       1.0000   -1.0000   -1.0000
center:     128.0000 -129.0000 -129.0000
fimgreg.f
image alignment mode   2311 decimal      907 hex
parameters
   -3.1781    1.7020    5.0461  -13.7065  -23.1821   -6.2037
   -1.4665    3.1866    2.6060   17.7258   -3.2678  -32.2130
eta,q 0.98191 11.13781
niter,ni,del,rscale     5    3    5.0000    0.8000
parameter  4 -0.517521 -> -0.500000 qaram    1.1500
parameters
   -3.1406    1.5901    4.9965  -10.9465  -21.4466   -5.6269
   -1.5074    3.2492    2.3709   17.9696   -3.7510  -31.6525
eta,q 0.98277 11.35949
  0.0197  0.0192  0.0188  0.0200  0.0196  0.0192  0.0186  0.0202  0.0182  0.0190  0.0178  0.0184
  0.0188  0.0185  0.0184  0.0193  0.0187  0.0185  0.0179  0.0186  0.0177  0.0181  0.0175  0.0177
  0.0183  0.0181  0.0181  0.0186  0.0181  0.0179  0.0174  0.0176  0.0173  0.0175  0.0173  0.0174
  0.0181  0.0181  0.0181  0.0181  0.0176  0.0174  0.0173  0.0173  0.0172  0.0172  0.0172  0.0172
  0.0182  0.0183  0.0182  0.0177  0.0174  0.0172  0.0174  0.0175  0.0174  0.0174  0.0174  0.0173
  0.0187  0.0188  0.0184  0.0176  0.0175  0.0176  0.0179  0.0185  0.0178  0.0179  0.0176  0.0175
  0.0196  0.0195  0.0189  0.0181  0.0180  0.0188  0.0186  0.0201  0.0185  0.0187  0.0181  0.0179
niter,ni,del,rscale     5    3    5.0000    0.8000
parameters
   -3.2328    1.7144    4.9178  -12.1071  -21.3246   -5.3429
   -1.3515    3.1392    2.5216   18.0299   -3.7913  -31.7599
eta,q 0.98276 11.33984
  0.0189  0.0189  0.0180  0.0188  0.0188  0.0190  0.0186  0.0197  0.0184  0.0189  0.0178  0.0181
  0.0180  0.0180  0.0176  0.0180  0.0181  0.0183  0.0179  0.0183  0.0178  0.0180  0.0175  0.0176
  0.0174  0.0175  0.0173  0.0175  0.0176  0.0178  0.0174  0.0175  0.0174  0.0174  0.0173  0.0173
  0.0172  0.0172  0.0172  0.0172  0.0173  0.0173  0.0173  0.0172  0.0172  0.0172  0.0172  0.0172
  0.0175  0.0173  0.0174  0.0177  0.0174  0.0172  0.0174  0.0176  0.0173  0.0174  0.0173  0.0174
  0.0182  0.0177  0.0177  0.0193  0.0179  0.0177  0.0178  0.0185  0.0177  0.0179  0.0175  0.0177
  0.0194  0.0184  0.0182  0.0220  0.0187  0.0190  0.0185  0.0199  0.0182  0.0188  0.0178  0.0182
niter,ni,del,rscale     4    3    5.0000    0.7000
parameters
   -3.1273    1.7256    4.9904  -12.1030  -21.3017   -5.0693
   -1.3476    3.1534    2.4823   18.1093   -4.0219  -31.6693
eta,q 0.98283 11.34962
  0.0188  0.0184  0.0180  0.0189  0.0183  0.0186  0.0182  0.0193  0.0180  0.0185  0.0176  0.0179
  0.0180  0.0177  0.0176  0.0182  0.0178  0.0181  0.0176  0.0181  0.0175  0.0178  0.0174  0.0175
  0.0175  0.0174  0.0173  0.0176  0.0174  0.0176  0.0173  0.0174  0.0173  0.0173  0.0172  0.0172
  0.0172  0.0172  0.0172  0.0172  0.0172  0.0172  0.0172  0.0172  0.0172  0.0172  0.0172  0.0172
  0.0173  0.0174  0.0173  0.0172  0.0173  0.0172  0.0173  0.0174  0.0173  0.0173  0.0173  0.0173
  0.0177  0.0177  0.0175  0.0179  0.0177  0.0176  0.0176  0.0181  0.0176  0.0177  0.0174  0.0175
  0.0184  0.0183  0.0179  0.0193  0.0184  0.0186  0.0182  0.0192  0.0180  0.0184  0.0177  0.0178
niter,ni,del,rscale     3    3    5.0000    0.6000
parameters
   -3.1086    1.7342    5.0547  -11.9520  -21.2550   -4.8172
   -1.3462    3.1540    2.4488   18.1805   -4.1536  -31.5400
eta,q 0.98288 11.36470
  0.0182  0.0180  0.0178  0.0186  0.0180  0.0183  0.0179  0.0187  0.0177  0.0181  0.0175  0.0177
  0.0177  0.0176  0.0175  0.0180  0.0176  0.0179  0.0175  0.0178  0.0174  0.0176  0.0173  0.0174
  0.0173  0.0173  0.0173  0.0175  0.0173  0.0175  0.0172  0.0173  0.0172  0.0172  0.0172  0.0172
  0.0172  0.0172  0.0172  0.0172  0.0172  0.0172  0.0171  0.0171  0.0171  0.0171  0.0171  0.0171
  0.0173  0.0173  0.0172  0.0172  0.0172  0.0171  0.0172  0.0173  0.0172  0.0172  0.0172  0.0172
  0.0176  0.0175  0.0174  0.0176  0.0175  0.0174  0.0175  0.0178  0.0174  0.0175  0.0173  0.0173
  0.0182  0.0180  0.0177  0.0186  0.0180  0.0183  0.0179  0.0187  0.0178  0.0180  0.0175  0.0176
niter,ni,del,rscale     2    3    5.0000    0.5000
parameters
   -3.1073    1.7440    5.1147  -11.8245  -21.2211   -4.5917
   -1.3377    3.1407    2.4172   18.2338   -4.2320  -31.4471
eta,q 0.98292 11.37648
  0.0179  0.0177  0.0176  0.0182  0.0177  0.0180  0.0176  0.0182  0.0175  0.0178  0.0174  0.0175
  0.0175  0.0174  0.0173  0.0177  0.0174  0.0177  0.0173  0.0176  0.0173  0.0174  0.0172  0.0172
  0.0172  0.0172  0.0172  0.0174  0.0172  0.0173  0.0172  0.0172  0.0171  0.0172  0.0171  0.0171
  0.0171  0.0171  0.0171  0.0171  0.0171  0.0171  0.0171  0.0171  0.0171  0.0171  0.0171  0.0171
  0.0172  0.0172  0.0172  0.0171  0.0172  0.0171  0.0171  0.0172  0.0171  0.0171  0.0171  0.0171
  0.0174  0.0174  0.0173  0.0175  0.0174  0.0173  0.0173  0.0176  0.0173  0.0174  0.0172  0.0172
  0.0179  0.0177  0.0175  0.0182  0.0177  0.0179  0.0176  0.0182  0.0175  0.0177  0.0174  0.0174
niter,ni,del,rscale     1    3    5.0000    0.4000
parameters
   -3.1105    1.7461    5.1607  -11.7382  -21.1926   -4.4016
   -1.3323    3.1084    2.3968   18.2729   -4.2831  -31.3699
eta,q 0.98294 11.38506
  0.0176  0.0175  0.0174  0.0178  0.0175  0.0178  0.0174  0.0178  0.0173  0.0175  0.0172  0.0173
  0.0173  0.0173  0.0172  0.0175  0.0173  0.0175  0.0172  0.0174  0.0172  0.0173  0.0171  0.0172
  0.0172  0.0171  0.0171  0.0172  0.0171  0.0172  0.0171  0.0171  0.0171  0.0171  0.0171  0.0171
  0.0171  0.0171  0.0171  0.0171  0.0171  0.0171  0.0171  0.0171  0.0171  0.0171  0.0171  0.0171
  0.0171  0.0171  0.0171  0.0171  0.0171  0.0171  0.0171  0.0172  0.0171  0.0171  0.0171  0.0171
  0.0173  0.0173  0.0172  0.0173  0.0173  0.0173  0.0172  0.0174  0.0172  0.0172  0.0172  0.0172
  0.0176  0.0175  0.0173  0.0178  0.0175  0.0176  0.0174  0.0178  0.0174  0.0175  0.0173  0.0173
registration optimization eta report
parameter search radius
    0.8000    0.8000    0.8000    2.7600    2.4000    2.4000
    2.4000    2.4000    2.4000    2.4000    2.4000    2.4000
100000*second partial in parameter space
       76.       59.       40.       10.        7.       11.
        6.       13.        5.        8.        3.        4.
  0.0176  0.0175  0.0174  0.0178  0.0175  0.0178  0.0174  0.0178  0.0173  0.0175  0.0172  0.0173
  0.0173  0.0173  0.0172  0.0175  0.0173  0.0175  0.0172  0.0174  0.0172  0.0173  0.0171  0.0172
  0.0172  0.0171  0.0171  0.0172  0.0171  0.0172  0.0171  0.0171  0.0171  0.0171  0.0171  0.0171
  0.0171  0.0171  0.0171  0.0171  0.0171  0.0171  0.0171  0.0171  0.0171  0.0171  0.0171  0.0171
  0.0171  0.0171  0.0171  0.0171  0.0171  0.0171  0.0171  0.0172  0.0171  0.0171  0.0171  0.0171
  0.0173  0.0173  0.0172  0.0173  0.0173  0.0173  0.0172  0.0174  0.0172  0.0172  0.0172  0.0172
  0.0176  0.0175  0.0173  0.0178  0.0175  0.0176  0.0174  0.0178  0.0174  0.0175  0.0173  0.0173
   -3.1105    1.7461    5.1607  -11.7382  -21.1926   -4.4016
   -1.3323    3.1084    2.3968   18.2729   -4.2831  -31.3699
eta,q 0.98294 11.38506

---------------------------------------------------------------------
imgreg_4dfp /opt/freesurfer/average/711-2C_as_mni_average_305 /opt/freesurfer/average/711-2B_as_mni_average_305_mask talsrcimg_g11 none talsrcimg_to_711-2C_as_mni_average_305_t4 2311
---------------------------------------------------------------------

freesurfer imgreg_4dfp.c
/opt/freesurfer/average/711-2C_as_mni_average_305.4dfp.img
       256       256       256         1
  1.000000  1.000000  1.000000
orientation T byte_order littleendian
Reading image: /opt/freesurfer/average/711-2C_as_mni_average_305.4dfp.img
dimensions:      256       256       256
mmppix:       1.0000   -1.0000   -1.0000
center:     128.0000 -129.0000 -129.0000
/opt/freesurfer/average/711-2B_as_mni_average_305_mask.4dfp.img
       256       256       256         1
  1.000000  1.000000  1.000000
orientation T byte_order littleendian
Reading mask: /opt/freesurfer/average/711-2B_as_mni_average_305_mask.4dfp.img (2306576 pixels)
talsrcimg_g11.4dfp.img
       256       256       256         1
  1.000000  1.000000  1.000000
orientation T byte_order littleendian
Reading image: talsrcimg_g11.4dfp.img
dimensions:      256       256       256
mmppix:       1.0000   -1.0000   -1.0000
center:     128.0000 -129.0000 -129.0000
fimgreg.f
image alignment mode   2311 decimal      907 hex
parameters
   -3.1105    1.7461    5.1607  -11.7382  -21.1926   -4.4016
   -1.3323    3.1084    2.3968   18.2729   -4.2831  -31.3699
eta,q 0.98293 11.38506
niter,ni,del,rscale     5    3    5.0000    0.8000
parameters
   -3.1507    1.7626    5.1959  -12.2515  -21.3683   -4.9071
   -1.3750    3.2120    2.4683   18.1081   -4.0805  -31.4418
eta,q 0.98281 11.34587
  0.0189  0.0186  0.0181  0.0186  0.0185  0.0187  0.0184  0.0200  0.0183  0.0187  0.0178  0.0181
  0.0179  0.0178  0.0176  0.0179  0.0178  0.0181  0.0178  0.0184  0.0177  0.0179  0.0175  0.0175
  0.0173  0.0172  0.0172  0.0174  0.0173  0.0175  0.0174  0.0175  0.0173  0.0173  0.0173  0.0172
  0.0171  0.0171  0.0171  0.0171  0.0171  0.0171  0.0172  0.0172  0.0172  0.0172  0.0172  0.0172
  0.0173  0.0172  0.0172  0.0173  0.0173  0.0173  0.0173  0.0175  0.0173  0.0174  0.0172  0.0173
  0.0180  0.0177  0.0175  0.0182  0.0178  0.0183  0.0178  0.0183  0.0177  0.0180  0.0174  0.0176
  0.0191  0.0185  0.0181  0.0199  0.0188  0.0201  0.0185  0.0197  0.0182  0.0190  0.0177  0.0181
niter,ni,del,rscale     4    3    5.0000    0.7000
parameters
   -3.1037    1.7485    5.1268  -11.9838  -21.2846   -4.9217
   -1.3545    3.2137    2.4516   18.1277   -4.1022  -31.4996
eta,q 0.98286 11.35877
  0.0186  0.0183  0.0178  0.0186  0.0183  0.0185  0.0182  0.0192  0.0180  0.0184  0.0176  0.0178
  0.0179  0.0177  0.0175  0.0181  0.0177  0.0180  0.0176  0.0180  0.0175  0.0177  0.0174  0.0174
  0.0174  0.0173  0.0172  0.0175  0.0173  0.0175  0.0173  0.0173  0.0172  0.0173  0.0172  0.0172
  0.0172  0.0172  0.0172  0.0172  0.0171  0.0171  0.0171  0.0171  0.0171  0.0171  0.0171  0.0171
  0.0173  0.0173  0.0173  0.0171  0.0172  0.0172  0.0173  0.0174  0.0172  0.0173  0.0172  0.0172
  0.0177  0.0177  0.0176  0.0176  0.0176  0.0177  0.0176  0.0181  0.0175  0.0177  0.0174  0.0175
  0.0185  0.0183  0.0180  0.0185  0.0183  0.0189  0.0182  0.0192  0.0180  0.0184  0.0176  0.0178
niter,ni,del,rscale     3    3    5.0000    0.6000
parameters
   -3.1154    1.7460    5.1022  -11.8210  -21.2416   -4.7862
   -1.3581    3.1838    2.4306   18.1831   -4.1528  -31.4789
eta,q 0.98289 11.37065
  0.0182  0.0180  0.0177  0.0183  0.0180  0.0183  0.0179  0.0187  0.0177  0.0181  0.0175  0.0176
  0.0176  0.0175  0.0174  0.0178  0.0176  0.0178  0.0175  0.0178  0.0174  0.0175  0.0173  0.0173
  0.0173  0.0172  0.0172  0.0174  0.0173  0.0174  0.0172  0.0173  0.0172  0.0172  0.0171  0.0171
  0.0171  0.0171  0.0171  0.0171  0.0171  0.0171  0.0171  0.0171  0.0171  0.0171  0.0171  0.0171
  0.0173  0.0172  0.0172  0.0171  0.0172  0.0171  0.0172  0.0173  0.0172  0.0172  0.0172  0.0172
  0.0176  0.0175  0.0174  0.0175  0.0175  0.0175  0.0174  0.0178  0.0174  0.0175  0.0173  0.0173
  0.0182  0.0180  0.0177  0.0183  0.0180  0.0184  0.0179  0.0187  0.0177  0.0180  0.0175  0.0176
niter,ni,del,rscale     2    3    5.0000    0.5000
parameters
   -3.1189    1.7445    5.1226  -11.7263  -21.2128   -4.5997
   -1.3428    3.1508    2.4058   18.2334   -4.2018  -31.4268
eta,q 0.98292 11.37998
  0.0178  0.0177  0.0175  0.0179  0.0177  0.0180  0.0176  0.0182  0.0175  0.0178  0.0174  0.0175
  0.0175  0.0174  0.0173  0.0176  0.0174  0.0177  0.0173  0.0176  0.0173  0.0174  0.0172  0.0172
  0.0172  0.0172  0.0172  0.0173  0.0172  0.0173  0.0172  0.0172  0.0171  0.0172  0.0171  0.0171
  0.0171  0.0171  0.0171  0.0171  0.0171  0.0171  0.0171  0.0171  0.0171  0.0171  0.0171  0.0171
  0.0172  0.0172  0.0171  0.0171  0.0172  0.0171  0.0171  0.0172  0.0171  0.0171  0.0171  0.0171
  0.0174  0.0174  0.0173  0.0174  0.0174  0.0173  0.0173  0.0176  0.0173  0.0174  0.0172  0.0172
  0.0179  0.0177  0.0175  0.0179  0.0177  0.0180  0.0176  0.0182  0.0175  0.0177  0.0174  0.0174
niter,ni,del,rscale     1    3    5.0000    0.4000
parameters
   -3.1218    1.7468    5.1580  -11.6612  -21.1889   -4.4221
   -1.3384    3.1196    2.3879   18.2846   -4.2776  -31.3736
eta,q 0.98293 11.38781
  0.0176  0.0175  0.0174  0.0177  0.0175  0.0178  0.0174  0.0178  0.0174  0.0175  0.0172  0.0173
  0.0173  0.0172  0.0172  0.0174  0.0173  0.0175  0.0172  0.0174  0.0172  0.0173  0.0171  0.0172
  0.0171  0.0171  0.0171  0.0172  0.0171  0.0172  0.0171  0.0171  0.0171  0.0171  0.0171  0.0171
  0.0171  0.0171  0.0171  0.0171  0.0171  0.0171  0.0171  0.0171  0.0171  0.0171  0.0171  0.0171
  0.0171  0.0171  0.0171  0.0171  0.0171  0.0171  0.0171  0.0172  0.0171  0.0171  0.0171  0.0171
  0.0173  0.0173  0.0172  0.0173  0.0173  0.0173  0.0172  0.0174  0.0172  0.0172  0.0172  0.0172
  0.0176  0.0175  0.0173  0.0176  0.0175  0.0176  0.0174  0.0178  0.0174  0.0175  0.0173  0.0173
registration optimization eta report
parameter search radius
    0.8000    0.8000    0.8000    2.4000    2.4000    2.4000
    2.4000    2.4000    2.4000    2.4000    2.4000    2.4000
100000*second partial in parameter space
       76.       59.       40.       10.        7.       11.
        6.       13.        5.        8.        3.        4.
  0.0176  0.0175  0.0174  0.0177  0.0175  0.0178  0.0174  0.0178  0.0174  0.0175  0.0172  0.0173
  0.0173  0.0172  0.0172  0.0174  0.0173  0.0175  0.0172  0.0174  0.0172  0.0173  0.0171  0.0172
  0.0171  0.0171  0.0171  0.0172  0.0171  0.0172  0.0171  0.0171  0.0171  0.0171  0.0171  0.0171
  0.0171  0.0171  0.0171  0.0171  0.0171  0.0171  0.0171  0.0171  0.0171  0.0171  0.0171  0.0171
  0.0171  0.0171  0.0171  0.0171  0.0171  0.0171  0.0171  0.0172  0.0171  0.0171  0.0171  0.0171
  0.0173  0.0173  0.0172  0.0173  0.0173  0.0173  0.0172  0.0174  0.0172  0.0172  0.0172  0.0172
  0.0176  0.0175  0.0173  0.0176  0.0175  0.0176  0.0174  0.0178  0.0174  0.0175  0.0173  0.0173
   -3.1218    1.7468    5.1580  -11.6612  -21.1889   -4.4221
   -1.3384    3.1196    2.3879   18.2846   -4.2776  -31.3736
eta,q 0.98293 11.38781

---------------------------------------------------------------------
compute_vox2vox talsrcimg talsrcimg_to_711-2C_as_mni_average_305_t4 /opt/freesurfer/average/711-2C_as_mni_average_305
---------------------------------------------------------------------

freesurfer compute_vox2vox.c
Reading: talsrcimg.4dfp.ifh
Reading: talsrcimg_to_711-2C_as_mni_average_305_t4
Reading: /opt/freesurfer/average/711-2C_as_mni_average_305.4dfp.ifh
Writing: talsrcimg_to_711-2C_as_mni_average_305_t4_vox2vox.txt

start time Sun Mar 8 12:44:51 CET 2026
end		time Sun Mar 8 12:45:05 CET 2026

mpr2mni305 success

avi2talxfm orig_nu.mgz /opt/freesurfer/average/mni305.cor.mgz talsrcimg_to_711-2C_as_mni_average_305_t4_vox2vox.txt transforms/talairach.auto.xfm
avi2talxfm done
mv -f /out/sourcedata/freesurfer/sub-v1s12x0050113_ses-1/mri/talsrcimg_to_711-2C_as_mni_average_305_t4_vox2vox.txt /out/sourcedata/freesurfer/sub-v1s12x0050113_ses-1/mri/transforms/talsrcimg_to_711-2C_as_mni_average_305_t4_vox2vox.txt
lta_convert --src orig_nu.mgz --trg /opt/freesurfer/average/mni305.cor.mgz --inxfm transforms/talairach.auto.xfm --outlta transforms/talairach.auto.xfm.lta --subject fsaverage
7.3.2

--src: orig_nu.mgz src image (geometry).
--trg: /opt/freesurfer/average/mni305.cor.mgz trg image (geometry).
--inmni: transforms/talairach.auto.xfm input MNI/XFM transform.
--outlta: transforms/talairach.auto.xfm.lta output LTA.
--s: fsaverage subject name
 LTA read, type : 1
 1.13007  -0.03769   0.00419   2.21597;
 0.03655   0.97101   0.38717  -8.13045;
-0.04272  -0.22414   1.17891   24.51489;
 0.00000   0.00000   0.00000   1.00000;
setting subject to fsaverage
Writing  LTA to file transforms/talairach.auto.xfm.lta...
lta_convert successful.
 
 
Started at Sun Mar 8 12:44:50 CET 2026
Ended   at Sun Mar  8 12:45:05 CET 2026
talairach_avi done
