/out/sourcedata/freesurfer/sub-v1s12x0050123_ses-1/mri
/opt/freesurfer/bin/talairach_avi
--i orig_nu.mgz --xfm transforms/talairach.auto.xfm
talairach_avi 7.3.2
Linux dna003 5.14.0-427.37.1.el9_4.x86_64 #1 SMP PREEMPT_DYNAMIC Fri Sep 13 12:41:50 EDT 2024 x86_64 x86_64 x86_64 GNU/Linux
Sun Mar  8 12:45:55 CET 2026
mri_convert orig_nu.mgz talsrcimg.img 
reading from orig_nu.mgz...
TR=0.00, TE=0.00, TI=0.00, flip angle=0.00
i_ras = (-1, 0, 0)
j_ras = (0, 0, -1)
k_ras = (0, 1, 0)
writing to talsrcimg.img...
Analyze Output Matrix
-1.00000   0.00000   0.00000   127.08284;
 0.00000   0.00000   1.00000  -122.91525;
 0.00000  -1.00000   0.00000   128.06976;
 0.00000   0.00000   0.00000   1.00000;
--------------------
INFO: set hdr.hist.orient to -1
mpr2mni305 talsrcimg
Sun Mar  8 12:45:55 CET 2026
/opt/freesurfer/bin/mpr2mni305 talsrcimg
mpr2mni305 7.3.2
target=711-2C_as_mni_average_305

---------------------------------------------------------------------
analyzeto4dfp talsrcimg -O0 -y
---------------------------------------------------------------------

freesurfer ifh2hdr.c
Sun Mar  8 12:45:55 2026
Writing: talsrcimg.4dfp.hdr
freesurfer analyzeto4dfp.c
Reading: talsrcimg.hdr
header size 348 bytes
hdr.dime.datatype	offset=70	value=2
hdr.dime.bitpix		offset=72	value=8
hdr.hist.orient		offset=252	value=-1
dimensionality     4
dimensions       256       256       256         1
Reading: talsrcimg.img
Writing: talsrcimg.4dfp.img
Writing: talsrcimg.4dfp.ifh
ifh2hdr talsrcimg -r0to223
ori=2

---------------------------------------------------------------------
gauss_4dfp talsrcimg 1.1
---------------------------------------------------------------------

freesurfer gauss_4dfp.c
Reading: talsrcimg.4dfp.img
Writing: talsrcimg_g11.4dfp.img
image dimensions 256 256 256 padded to 288 288 288
processing volume 1freesurfer ifh2hdr.c
Sun Mar  8 12:45:57 2026
Writing: talsrcimg_g11.4dfp.hdr

Writing: talsrcimg_g11.4dfp.ifh
including: talsrcimg.4dfp.img.rec in talsrcimg_g11.4dfp.img.rec

---------------------------------------------------------------------
imgreg_4dfp /opt/freesurfer/average/711-2C_as_mni_average_305 none talsrcimg_g11 none talsrcimg_to_711-2C_as_mni_average_305_t4 4355
---------------------------------------------------------------------

freesurfer imgreg_4dfp.c
/opt/freesurfer/average/711-2C_as_mni_average_305.4dfp.img
       256       256       256         1
  1.000000  1.000000  1.000000
orientation T byte_order littleendian
Reading image: /opt/freesurfer/average/711-2C_as_mni_average_305.4dfp.img
dimensions:      256       256       256
mmppix:       1.0000   -1.0000   -1.0000
center:     128.0000 -129.0000 -129.0000
talsrcimg_g11.4dfp.img
       256       256       256         1
  1.000000  1.000000  1.000000
orientation T byte_order littleendian
Reading image: talsrcimg_g11.4dfp.img
dimensions:      256       256       256
mmppix:       1.0000   -1.0000   -1.0000
center:     128.0000 -129.0000 -129.0000
t4_read: open error in t4_sub.f l:  41 t4_file(1:l)talsrcimg_to_711-2C_as_mni_average_305_t4 
t4_read: transform initialized to I4
rotation matrix determinant  1.000000
image alignment mode   4355 decimal     1103 hex
   -7.5000  -45.0000  -45.0000 9116.8135   16.9869
    0.0000  -45.0000  -45.0000 9504.9385   17.0234
    7.5000  -45.0000  -45.0000 9033.8281   17.0118
   -7.5000  -37.5000  -45.0000 9511.9512   17.0021
    0.0000  -37.5000  -45.0000 9911.7686   17.0401
    7.5000  -37.5000  -45.0000 9408.4395   17.0222
   -7.5000  -30.0000  -45.000010256.8164   17.0229
    0.0000  -30.0000  -45.000010650.8633   17.0587
    7.5000  -30.0000  -45.000010127.3203   17.0302
   -7.5000  -22.5000  -45.000010916.6221   17.0219
    0.0000  -22.5000  -45.000011332.5312   17.0541
    7.5000  -22.5000  -45.000010782.4473   17.0214
   -7.5000  -15.0000  -45.000011542.7061   17.0026
    0.0000  -15.0000  -45.000012007.5557   17.0330
    7.5000  -15.0000  -45.000011392.4678   17.0058
   -7.5000   -7.5000  -45.000012052.7275   16.9856
    0.0000   -7.5000  -45.000012517.3340   17.0183
    7.5000   -7.5000  -45.000011853.6748   17.0016
   -7.5000    0.0000  -45.000012451.1758   16.9842
    0.0000    0.0000  -45.000012902.9912   17.0207
    7.5000    0.0000  -45.000012200.8525   17.0091
   -7.5000    7.5000  -45.000011829.4473   17.0021
    0.0000    7.5000  -45.000012248.2734   17.0401
    7.5000    7.5000  -45.000011588.5850   17.0222
   -7.5000   15.0000  -45.000011045.4141   17.0229
    0.0000   15.0000  -45.000011447.5059   17.0587
    7.5000   15.0000  -45.000010848.5146   17.0302
   -7.5000   22.5000  -45.000010157.1465   17.0195
    0.0000   22.5000  -45.000010511.9912   17.0517
    7.5000   22.5000  -45.0000 9970.1133   17.0190
   -7.5000   30.0000  -45.0000 9220.9141   16.7760
    0.0000   30.0000  -45.0000 9543.4990   16.8060
    7.5000   30.0000  -45.0000 9044.2588   16.7792
   -7.5000   37.5000  -45.0000 8609.0166   16.7592
    0.0000   37.5000  -45.0000 8921.9863   16.7915
    7.5000   37.5000  -45.0000 8433.1777   16.7751
   -7.5000   45.0000  -45.0000 7705.5718   16.3814
    0.0000   45.0000  -45.0000 7988.3271   16.4167
    7.5000   45.0000  -45.0000 7555.2847   16.4051
   -7.5000  -45.0000  -37.5000 9655.6660   16.9631
    0.0000  -45.0000  -37.500010030.5879   16.9929
    7.5000  -45.0000  -37.5000 9573.7676   16.9768
   -7.5000  -37.5000  -37.500010069.2520   16.9778
    0.0000  -37.5000  -37.500010469.6787   17.0095
    7.5000  -37.5000  -37.5000 9988.3027   16.9871
   -7.5000  -30.0000  -37.500010820.9707   16.9913
    0.0000  -30.0000  -37.500011254.0635   17.0207
    7.5000  -30.0000  -37.500010748.0898   16.9902
   -7.5000  -22.5000  -37.500011508.2500   16.9835
    0.0000  -22.5000  -37.500011985.3203   17.0081
    7.5000  -22.5000  -37.500011427.2344   16.9761
   -7.5000  -15.0000  -37.500012167.8867   16.9649
    0.0000  -15.0000  -37.500012695.3438   16.9872
    7.5000  -15.0000  -37.500012059.4980   16.9610
   -7.5000   -7.5000  -37.500012658.5771   16.9552
    0.0000   -7.5000  -37.500013183.2324   16.9803
    7.5000   -7.5000  -37.500012532.3096   16.9621
   -7.5000    0.0000  -37.500013062.3545   16.9603
    0.0000    0.0000  -37.500013559.2793   16.9902
    7.5000    0.0000  -37.500012900.4277   16.9741
   -7.5000    7.5000  -37.500012422.1797   16.9778
    0.0000    7.5000  -37.500012864.7891   17.0095
    7.5000    7.5000  -37.500012229.9912   16.9871
   -7.5000   15.0000  -37.500011608.2510   16.9913
    0.0000   15.0000  -37.500012023.8164   17.0207
    7.5000   15.0000  -37.500011437.3721   16.9902
   -7.5000   22.5000  -37.500010671.1201   16.9812
    0.0000   22.5000  -37.500011036.8115   17.0058
    7.5000   22.5000  -37.500010497.7529   16.9738
   -7.5000   30.0000  -37.5000 9668.7959   16.7388
    0.0000   30.0000  -37.500010005.0986   16.7608
    7.5000   30.0000  -37.5000 9505.7920   16.7350
   -7.5000   37.5000  -37.5000 9022.0283   16.7292
    0.0000   37.5000  -37.5000 9350.5312   16.7540
    7.5000   37.5000  -37.5000 8854.4062   16.7360
   -7.5000   45.0000  -37.5000 8045.0371   16.3581
    0.0000   45.0000  -37.5000 8347.8506   16.3869
    7.5000   45.0000  -37.5000 7910.8350   16.3711
   -7.5000  -45.0000  -30.000010342.8135   17.6580
    0.0000  -45.0000  -30.000010740.4346   17.6948
    7.5000  -45.0000  -30.000010276.0439   17.6819
   -7.5000  -37.5000  -30.000010786.7422   17.6787
    0.0000  -37.5000  -30.000011245.3184   17.7163
    7.5000  -37.5000  -30.000010717.5332   17.6947
   -7.5000  -30.0000  -30.000011589.2881   17.6928
    0.0000  -30.0000  -30.000012072.9736   17.7263
    7.5000  -30.0000  -30.000011508.9248   17.6985
   -7.5000  -22.5000  -30.000012314.7012   17.6786
    0.0000  -22.5000  -30.000012869.6152   17.7068
    7.5000  -22.5000  -30.000012241.9453   17.6818
   -7.5000  -15.0000  -30.000013024.8076   17.6545
    0.0000  -15.0000  -30.000013638.7080   17.6813
    7.5000  -15.0000  -30.000012946.0752   17.6643
   -7.5000   -7.5000  -30.000013543.6113   17.6452
    0.0000   -7.5000  -30.000014166.4541   17.6765
    7.5000   -7.5000  -30.000013450.2959   17.6653
   -7.5000    0.0000  -30.000013960.1172   17.6551
    0.0000    0.0000  -30.000014547.9180   17.6919
    7.5000    0.0000  -30.000013813.2266   17.6791
   -7.5000    7.5000  -30.000013273.0674   17.6787
    0.0000    7.5000  -30.000013763.6289   17.7163
    7.5000    7.5000  -30.000013096.7148   17.6947
   -7.5000   15.0000  -30.000012401.2754   17.6928
    0.0000   15.0000  -30.000012861.8174   17.7263
    7.5000   15.0000  -30.000012243.0244   17.6985
   -7.5000   22.5000  -30.000011411.2979   17.6743
    0.0000   22.5000  -30.000011823.7168   17.7025
    7.5000   22.5000  -30.000011242.9795   17.6775
   -7.5000   30.0000  -30.000010304.7402   17.4209
    0.0000   30.0000  -30.000010672.8945   17.4473
    7.5000   30.0000  -30.000010157.6670   17.4306
   -7.5000   37.5000  -30.0000 9605.8467   17.4117
    0.0000   37.5000  -30.0000 9956.2832   17.4426
    7.5000   37.5000  -30.0000 9433.0244   17.4315
   -7.5000   45.0000  -30.0000 8555.7695   17.0402
    0.0000   45.0000  -30.0000 8873.0928   17.0755
    7.5000   45.0000  -30.0000 8427.1104   17.0633
   -7.5000  -45.0000  -22.500011025.3291   18.2520
    0.0000  -45.0000  -22.500011490.5195   18.3029
    7.5000  -45.0000  -22.500011008.9697   18.2991
   -7.5000  -37.5000  -22.500011530.6553   18.2781
    0.0000  -37.5000  -22.500012078.0273   18.3276
    7.5000  -37.5000  -22.500011482.9180   18.3135
   -7.5000  -30.0000  -22.500012360.0938   18.3004
    0.0000  -30.0000  -22.500012930.9336   18.3440
    7.5000  -30.0000  -22.500012283.6670   18.3232
   -7.5000  -22.5000  -22.500013125.4609   18.2882
    0.0000  -22.5000  -22.500013756.9668   18.3270
    7.5000  -22.5000  -22.500013042.0713   18.3103
   -7.5000  -15.0000  -22.500013894.4238   18.2591
    0.0000  -15.0000  -22.500014584.4502   18.2984
    7.5000  -15.0000  -22.500013835.5674   18.2911
   -7.5000   -7.5000  -22.500014464.5771   18.2423
    0.0000   -7.5000  -22.500015176.9287   18.2878
    7.5000   -7.5000  -22.500014386.7842   18.2866
   -7.5000    0.0000  -22.500014881.5186   18.2490
    0.0000    0.0000  -22.500015569.9912   18.3000
    7.5000    0.0000  -22.500014759.2383   18.2962
   -7.5000    7.5000  -22.500014156.4209   18.2781
    0.0000    7.5000  -22.500014738.9551   18.3276
    7.5000    7.5000  -22.500013969.3457   18.3135
   -7.5000   15.0000  -22.500013231.1094   18.3004
    0.0000   15.0000  -22.500013767.4248   18.3440
    7.5000   15.0000  -22.500013053.1982   18.3232
   -7.5000   22.5000  -22.500012162.1738   18.2825
    0.0000   22.5000  -22.500012658.2021   18.3213
    7.5000   22.5000  -22.500011995.6670   18.3047
   -7.5000   30.0000  -22.500010985.8105   18.0202
    0.0000   30.0000  -22.500011421.2734   18.0590
    7.5000   30.0000  -22.500010824.4277   18.0518
   -7.5000   37.5000  -22.500010209.0488   18.0037
    0.0000   37.5000  -22.500010612.3242   18.0486
    7.5000   37.5000  -22.500010043.5469   18.0474
   -7.5000   45.0000  -22.5000 9100.6465   17.6262
    0.0000   45.0000  -22.5000 9455.5332   17.6753
    7.5000   45.0000  -22.5000 8950.3887   17.6720
   -7.5000  -45.0000  -15.000011689.6670   18.6924
    0.0000  -45.0000  -15.000012269.7178   18.7513
    7.5000  -45.0000  -15.000011712.0605   18.7520
   -7.5000  -37.5000  -15.000012287.9795   18.7172
    0.0000  -37.5000  -15.000012944.9697   18.7738
    7.5000  -37.5000  -15.000012259.8730   18.7650
   -7.5000  -30.0000  -15.000013148.3555   18.7477
    0.0000  -30.0000  -15.000013827.6523   18.7979
    7.5000  -30.0000  -15.000013100.5664   18.7801
   -7.5000  -22.5000  -15.000013918.5977   18.7449
    0.0000  -22.5000  -15.000014626.8760   18.7912
    7.5000  -22.5000  -15.000013892.2285   18.7745
   -7.5000  -15.0000  -15.000014727.4463   18.7167
    0.0000  -15.0000  -15.000015489.2012   18.7645
    7.5000  -15.0000  -15.000014707.8975   18.7565
   -7.5000   -7.5000  -15.000015332.7119   18.6916
    0.0000   -7.5000  -15.000016153.3574   18.7456
    7.5000   -7.5000  -15.000015294.0811   18.7460
   -7.5000    0.0000  -15.000015776.5801   18.6894
    0.0000    0.0000  -15.000016549.2656   18.7483
    7.5000    0.0000  -15.000015650.9551   18.7491
   -7.5000    7.5000  -15.000014998.1025   18.7172
    0.0000    7.5000  -15.000015690.7266   18.7738
    7.5000    7.5000  -15.000014818.9473   18.7650
   -7.5000   15.0000  -15.000014039.0215   18.7477
    0.0000   15.0000  -15.000014671.8281   18.7979
    7.5000   15.0000  -15.000013839.3174   18.7801
   -7.5000   22.5000  -15.000012940.3916   18.7382
    0.0000   22.5000  -15.000013507.0879   18.7845
    7.5000   22.5000  -15.000012729.8818   18.7679
   -7.5000   30.0000  -15.000011702.9375   18.4745
    0.0000   30.0000  -15.000012213.5576   18.5217
    7.5000   30.0000  -15.000011505.1943   18.5138
   -7.5000   37.5000  -15.000010866.2021   18.4497
    0.0000   37.5000  -15.000011359.0674   18.5030
    7.5000   37.5000  -15.000010683.2812   18.5034
   -7.5000   45.0000  -15.0000 9655.7227   18.0625
    0.0000   45.0000  -15.000010082.4160   18.1195
    7.5000   45.0000  -15.0000 9498.2930   18.1204
   -7.5000  -45.0000   -7.500012347.4619   18.9239
    0.0000  -45.0000   -7.500012936.3096   18.9768
    7.5000  -45.0000   -7.500012293.4570   18.9721
   -7.5000  -37.5000   -7.500013008.5195   18.9446
    0.0000  -37.5000   -7.500013735.5732   18.9968
    7.5000  -37.5000   -7.500012927.9277   18.9840
   -7.5000  -30.0000   -7.500013994.9316   18.9760
    0.0000  -30.0000   -7.500014786.1338   19.0237
    7.5000  -30.0000   -7.500013916.2100   18.9993
   -7.5000  -22.5000   -7.500014796.3369   18.9790
    0.0000  -22.5000   -7.500015590.9893   19.0232
    7.5000  -22.5000   -7.500014754.0938   18.9958
   -7.5000  -15.0000   -7.500015599.3486   18.9543
    0.0000  -15.0000   -7.500016407.3242   18.9989
    7.5000  -15.0000   -7.500015549.4062   18.9786
   -7.5000   -7.5000   -7.500016295.2295   18.9275
    0.0000   -7.5000   -7.500017141.2715   18.9762
    7.5000   -7.5000   -7.500016195.1963   18.9673
   -7.5000    0.0000   -7.500016777.4824   18.9209
    0.0000    0.0000   -7.500017643.5508   18.9738
    7.5000    0.0000   -7.500016593.1914   18.9691
   -7.5000    7.5000   -7.500015950.5293   18.9446
    0.0000    7.5000   -7.500016748.9180   18.9968
    7.5000    7.5000   -7.500015696.4385   18.9840
   -7.5000   15.0000   -7.500014951.1875   18.9760
    0.0000   15.0000   -7.500015694.7061   19.0237
    7.5000   15.0000   -7.500014676.7637   18.9993
   -7.5000   22.5000   -7.500013791.2451   18.9702
    0.0000   22.5000   -7.500014481.4170   19.0144
    7.5000   22.5000   -7.500013542.0293   18.9870
   -7.5000   30.0000   -7.500012521.6816   18.7085
    0.0000   30.0000   -7.500013122.9912   18.7525
    7.5000   30.0000   -7.500012289.2529   18.7325
   -7.5000   37.5000   -7.500011620.5371   18.6820
    0.0000   37.5000   -7.500012163.5967   18.7301
    7.5000   37.5000   -7.500011402.2998   18.7213
   -7.5000   45.0000   -7.500010304.1094   18.2904
    0.0000   45.0000   -7.500010777.3076   18.3416
    7.5000   45.0000   -7.500010106.2295   18.3369
   -7.5000  -45.0000    0.000012805.0283   18.9723
    0.0000  -45.0000    0.000013386.6768   19.0123
    7.5000  -45.0000    0.000012758.2666   18.9987
   -7.5000  -37.5000    0.000013502.2344   18.9893
    0.0000  -37.5000    0.000014310.8965   19.0307
    7.5000  -37.5000    0.000013441.7324   19.0102
   -7.5000  -30.0000    0.000014728.0713   19.0131
    0.0000  -30.0000    0.000015725.9482   19.0520
    7.5000  -30.0000    0.000014624.9668   19.0197
   -7.5000  -22.5000    0.000015792.7715   19.0127
    0.0000  -22.5000    0.000016818.4375   19.0477
    7.5000  -22.5000    0.000015629.7949   19.0108
   -7.5000  -15.0000    0.000016684.9629   18.9913
    0.0000  -15.0000    0.000017618.3379   19.0246
    7.5000  -15.0000    0.000016408.1191   18.9938
   -7.5000   -7.5000    0.000017345.7246   18.9716
    0.0000   -7.5000    0.000018316.4570   19.0075
    7.5000   -7.5000    0.000017063.9121   18.9884
   -7.5000    0.0000    0.000017746.7969   18.9692
    0.0000    0.0000    0.000018743.6445   19.0093
    7.5000    0.0000    0.000017485.3594   18.9957
   -7.5000    7.5000    0.000016837.9863   18.9893
    0.0000    7.5000    0.000017724.6387   19.0307
    7.5000    7.5000    0.000016491.2168   19.0102
   -7.5000   15.0000    0.000015787.5098   19.0131
    0.0000   15.0000    0.000016589.6973   19.0520
    7.5000   15.0000    0.000015429.6143   19.0197
   -7.5000   22.5000    0.000014549.1709   19.0040
    0.0000   22.5000    0.000015308.0557   19.0389
    7.5000   22.5000    0.000014245.6035   19.0020
   -7.5000   30.0000    0.000013202.6074   18.7455
    0.0000   30.0000    0.000013897.8496   18.7784
    7.5000   30.0000    0.000012963.0410   18.7480
   -7.5000   37.5000    0.000012219.3135   18.7261
    0.0000   37.5000    0.000012827.8916   18.7615
    7.5000   37.5000    0.000012001.2471   18.7426
   -7.5000   45.0000    0.000010791.2354   18.3390
    0.0000   45.0000    0.000011329.9961   18.3778
    7.5000   45.0000    0.000010586.2637   18.3642
   -7.5000  -45.0000    7.500012304.8369   18.9816
    0.0000  -45.0000    7.500012924.1064   19.0150
    7.5000  -45.0000    7.500012263.2734   18.9969
   -7.5000  -37.5000    7.500013011.4414   18.9982
    0.0000  -37.5000    7.500013769.4209   19.0336
    7.5000  -37.5000    7.500012920.6865   19.0085
   -7.5000  -30.0000    7.500014300.6338   19.0134
    0.0000  -30.0000    7.500015378.3857   19.0462
    7.5000  -30.0000    7.500014081.3242   19.0120
   -7.5000  -22.5000    7.500015511.3975   19.0047
    0.0000  -22.5000    7.500016708.1699   19.0322
    7.5000  -22.5000    7.500015197.6162   18.9963
   -7.5000  -15.0000    7.500016315.9551   18.9838
    0.0000  -15.0000    7.500017399.3906   19.0087
    7.5000  -15.0000    7.500016074.1240   18.9794
   -7.5000   -7.5000    7.500016769.2598   18.9728
    0.0000   -7.5000    7.500017860.6309   19.0009
    7.5000   -7.5000    7.500016664.5195   18.9805
   -7.5000    0.0000    7.500017075.7168   18.9785
    0.0000    0.0000    7.500018136.0508   19.0119
    7.5000    0.0000    7.500017021.6855   18.9939
   -7.5000    7.5000    7.500016149.9092   18.9982
    0.0000    7.5000    7.500017068.6367   19.0336
    7.5000    7.5000    7.500015999.1719   19.0085
   -7.5000   15.0000    7.500015170.0967   19.0134
    0.0000   15.0000    7.500015980.1777   19.0462
    7.5000   15.0000    7.500014956.2441   19.0120
   -7.5000   22.5000    7.500014018.8574   18.9959
    0.0000   22.5000    7.500014748.9697   19.0234
    7.5000   22.5000    7.500013808.8408   18.9876
   -7.5000   30.0000    7.500012752.8838   18.7381
    0.0000   30.0000    7.500013406.7764   18.7627
    7.5000   30.0000    7.500012538.4492   18.7338
   -7.5000   37.5000    7.500011794.7148   18.7273
    0.0000   37.5000    7.500012345.1123   18.7550
    7.5000   37.5000    7.500011586.5469   18.7349
   -7.5000   45.0000    7.500010427.5605   18.3478
    0.0000   45.0000    7.500010906.4707   18.3800
    7.5000   45.0000    7.500010213.9863   18.3624
   -7.5000  -45.0000   15.000011717.1064   18.9971
    0.0000  -45.0000   15.000012345.0771   19.0366
    7.5000  -45.0000   15.000011655.7461   19.0228
   -7.5000  -37.5000   15.000012376.6309   19.0193
    0.0000  -37.5000   15.000013079.6270   19.0598
    7.5000  -37.5000   15.000012285.8721   19.0366
   -7.5000  -30.0000   15.000013582.9463   19.0344
    0.0000  -30.0000   15.000014427.2324   19.0707
    7.5000  -30.0000   15.000013386.1279   19.0407
   -7.5000  -22.5000   15.000014562.8535   19.0190
    0.0000  -22.5000   15.000015387.8555   19.0495
    7.5000  -22.5000   15.000014431.0078   19.0227
   -7.5000  -15.0000   15.000015202.5479   18.9931
    0.0000  -15.0000   15.000015978.3672   19.0220
    7.5000  -15.0000   15.000015267.4756   19.0039
   -7.5000   -7.5000   15.000015725.8867   18.9832
    0.0000   -7.5000   15.000016575.2324   19.0168
    7.5000   -7.5000   15.000015907.8984   19.0049
   -7.5000    0.0000   15.000016142.9941   18.9939
    0.0000    0.0000   15.000017063.2637   19.0336
    7.5000    0.0000   15.000016289.2373   19.0197
   -7.5000    7.5000   15.000015268.2803   19.0193
    0.0000    7.5000   15.000016125.2061   19.0598
    7.5000    7.5000   15.000015311.6328   19.0366
   -7.5000   15.0000   15.000014336.2295   19.0344
    0.0000   15.0000   15.000015112.9238   19.0707
    7.5000   15.0000   15.000014250.7383   19.0407
   -7.5000   22.5000   15.000013245.4043   19.0103
    0.0000   22.5000   15.000013974.1484   19.0407
    7.5000   22.5000   15.000013115.7119   19.0139
   -7.5000   30.0000   15.000012050.7832   18.7473
    0.0000   30.0000   15.000012689.7080   18.7758
    7.5000   30.0000   15.000011877.0342   18.7579
   -7.5000   37.5000   15.000011144.1895   18.7375
    0.0000   37.5000   15.000011663.6250   18.7707
    7.5000   37.5000   15.000010946.5371   18.7589
   -7.5000   45.0000   15.0000 9830.6152   18.3622
    0.0000   45.0000   15.000010281.1670   18.4002
    7.5000   45.0000   15.0000 9663.9785   18.3871
   -7.5000  -45.0000   22.500010992.9658   19.0312
    0.0000  -45.0000   22.500011524.9697   19.0845
    7.5000  -45.0000   22.500010970.2393   19.0807
   -7.5000  -37.5000   22.500011568.3994   19.0584
    0.0000  -37.5000   22.500012135.4004   19.1102
    7.5000  -37.5000   22.500011543.7100   19.0957
   -7.5000  -30.0000   22.500012628.5469   19.0816
    0.0000  -30.0000   22.500013294.7705   19.1273
    7.5000  -30.0000   22.500012565.6904   19.1058
   -7.5000  -22.5000   22.500013409.0898   19.0687
    0.0000  -22.5000   22.500014030.3389   19.1095
    7.5000  -22.5000   22.500013498.7217   19.0924
   -7.5000  -15.0000   22.500014028.0127   19.0383
    0.0000  -15.0000   22.500014625.4297   19.0796
    7.5000  -15.0000   22.500014212.9893   19.0723
   -7.5000   -7.5000   22.500014651.1035   19.0210
    0.0000   -7.5000   22.500015341.5146   19.0687
    7.5000   -7.5000   22.500014801.2783   19.0676
   -7.5000    0.0000   22.500015125.4814   19.0281
    0.0000    0.0000   22.500015901.2373   19.0814
    7.5000    0.0000   22.500015238.6104   19.0776
   -7.5000    7.5000   22.500014317.7402   19.0584
    0.0000    7.5000   22.500015086.5996   19.1102
    7.5000    7.5000   22.500014389.4629   19.0957
   -7.5000   15.0000   22.500013361.1973   19.0816
    0.0000   15.0000   22.500014085.7207   19.1273
    7.5000   15.0000   22.500013335.2812   19.1058
   -7.5000   22.5000   22.500012339.5479   19.0599
    0.0000   22.5000   22.500012988.3818   19.1006
    7.5000   22.5000   22.500012248.3447   19.0836
   -7.5000   30.0000   22.500011207.4941   18.7919
    0.0000   30.0000   22.500011771.8760   18.8327
    7.5000   30.0000   22.500011101.5068   18.8255
   -7.5000   37.5000   22.500010347.1367   18.7748
    0.0000   37.5000   22.500010843.4443   18.8219
    7.5000   37.5000   22.500010257.7793   18.8208
   -7.5000   45.0000   22.5000 9126.0840   18.3948
    0.0000   45.0000   22.5000 9553.3545   18.4462
    7.5000   45.0000   22.5000 9050.1865   18.4429
   -7.5000  -45.0000   30.000010257.2158   19.3126
    0.0000  -45.0000   30.000010696.5371   19.3745
    7.5000  -45.0000   30.000010213.4443   19.3759
   -7.5000  -37.5000   30.000010813.7588   19.3381
    0.0000  -37.5000   30.000011259.8379   19.3977
    7.5000  -37.5000   30.000010747.8340   19.3891
   -7.5000  -30.0000   30.000011738.2764   19.3694
    0.0000  -30.0000   30.000012245.0107   19.4222
    7.5000  -30.0000   30.000011674.8496   19.4042
   -7.5000  -22.5000   30.000012427.6182   19.3662
    0.0000  -22.5000   30.000012897.4365   19.4148
    7.5000  -22.5000   30.000012498.5898   19.3980
   -7.5000  -15.0000   30.000013057.6074   19.3370
    0.0000  -15.0000   30.000013530.9580   19.3871
    7.5000  -15.0000   30.000013149.0439   19.3794
   -7.5000   -7.5000   30.000013683.5039   19.3115
    0.0000   -7.5000   30.000014248.4307   19.3682
    7.5000   -7.5000   30.000013734.3516   19.3691
   -7.5000    0.0000   30.000014111.2803   19.3094
    0.0000    0.0000   30.000014765.6562   19.3713
    7.5000    0.0000   30.000014157.3174   19.3728
   -7.5000    7.5000   30.000013347.6221   19.3381
    0.0000    7.5000   30.000013979.8145   19.3977
    7.5000    7.5000   30.000013369.7695   19.3891
   -7.5000   15.0000   30.000012431.8359   19.3694
    0.0000   15.0000   30.000013034.2432   19.4222
    7.5000   15.0000   30.000012390.1348   19.4042
   -7.5000   22.5000   30.000011458.3115   19.3573
    0.0000   22.5000   30.000011999.7822   19.4058
    7.5000   22.5000   30.000011366.8350   19.3891
   -7.5000   30.0000   30.000010381.6846   19.0868
    0.0000   30.0000   30.000010874.7246   19.1362
    7.5000   30.0000   30.000010306.0674   19.1286
   -7.5000   37.5000   30.0000 9597.2393   19.0615
    0.0000   37.5000   30.000010043.6221   19.1175
    7.5000   37.5000   30.0000 9536.4854   19.1184
   -7.5000   45.0000   30.0000 8459.6611   18.6678
    0.0000   45.0000   30.0000 8855.8359   18.7276
    7.5000   45.0000   30.0000 8431.0859   18.7292
   -7.5000  -45.0000   37.5000 9898.4111   19.7266
    0.0000  -45.0000   37.500010282.9863   19.7847
    7.5000  -45.0000   37.5000 9813.4014   19.7814
   -7.5000  -37.5000   37.500010444.3555   19.7488
    0.0000  -37.5000   37.500010833.0176   19.8059
    7.5000  -37.5000   37.500010325.2734   19.7935
   -7.5000  -30.0000   37.500011287.8477   19.7829
    0.0000  -30.0000   37.500011714.1602   19.8351
    7.5000  -30.0000   37.500011187.4980   19.8099
   -7.5000  -22.5000   37.500011941.2061   19.7864
    0.0000  -22.5000   37.500012375.2559   19.8351
    7.5000  -22.5000   37.500011939.3164   19.8069
   -7.5000  -15.0000   37.500012567.7432   19.7599
    0.0000  -15.0000   37.500013017.6719   19.8091
    7.5000  -15.0000   37.500012573.7178   19.7892
   -7.5000   -7.5000   37.500013163.3779   19.7308
    0.0000   -7.5000   37.500013678.8105   19.7846
    7.5000   -7.5000   37.500013144.7178   19.7769
   -7.5000    0.0000   37.500013564.3838   19.7233
    0.0000    0.0000   37.500014153.3545   19.7815
    7.5000    0.0000   37.500013549.2764   19.7782
   -7.5000    7.5000   37.500012834.7881   19.7488
    0.0000    7.5000   37.500013427.3047   19.8059
    7.5000    7.5000   37.500012811.6504   19.7935
   -7.5000   15.0000   37.500011930.4932   19.7829
    0.0000   15.0000   37.500012519.2842   19.8351
    7.5000   15.0000   37.500011877.4854   19.8099
   -7.5000   22.5000   37.500010983.6406   19.7773
    0.0000   22.5000   37.500011493.6260   19.8259
    7.5000   22.5000   37.500010875.5020   19.7978
   -7.5000   30.0000   37.5000 9968.2158   19.5042
    0.0000   30.0000   37.500010399.5605   19.5528
    7.5000   30.0000   37.5000 9884.5420   19.5331
   -7.5000   37.5000   37.5000 9235.5469   19.4754
    0.0000   37.5000   37.5000 9645.2002   19.5286
    7.5000   37.5000   37.5000 9163.8271   19.5209
   -7.5000   45.0000   37.5000 8155.4512   19.0696
    0.0000   45.0000   37.5000 8526.4756   19.1261
    7.5000   45.0000   37.5000 8099.8188   19.1226
   -7.5000  -45.0000   45.0000 9126.7441   20.1778
    0.0000  -45.0000   45.0000 9466.2793   20.2231
    7.5000  -45.0000   45.0000 9000.0693   20.2059
   -7.5000  -37.5000   45.0000 9618.4170   20.1990
    0.0000  -37.5000   45.0000 9970.1348   20.2461
    7.5000  -37.5000   45.0000 9471.4414   20.2213
   -7.5000  -30.0000   45.000010345.7275   20.2258
    0.0000  -30.0000   45.000010732.2520   20.2703
    7.5000  -30.0000   45.000010244.2334   20.2329
   -7.5000  -22.5000   45.000010958.5703   20.2231
    0.0000  -22.5000   45.000011366.1045   20.2630
    7.5000  -22.5000   45.000010899.3896   20.2211
   -7.5000  -15.0000   45.000011569.1748   20.1969
    0.0000  -15.0000   45.000011986.0518   20.2346
    7.5000  -15.0000   45.000011489.8740   20.1994
   -7.5000   -7.5000   45.000012105.9902   20.1749
    0.0000   -7.5000   45.000012568.4033   20.2153
    7.5000   -7.5000   45.000012002.0137   20.1925
   -7.5000    0.0000   45.000012486.0693   20.1743
    0.0000    0.0000   45.000013000.9854   20.2197
    7.5000    0.0000   45.000012388.9385   20.2025
   -7.5000    7.5000   45.000011801.1797   20.1990
    0.0000    7.5000   45.000012349.2461   20.2461
    7.5000    7.5000   45.000011725.8418   20.2213
   -7.5000   15.0000   45.000010982.7061   20.2258
    0.0000   15.0000   45.000011526.2461   20.2703
    7.5000   15.0000   45.000010896.5918   20.2329
   -7.5000   22.5000   45.000010082.8750   20.2137
    0.0000   22.5000   45.000010563.6318   20.2536
    7.5000   22.5000   45.0000 9978.3271   20.2117
   -7.5000   30.0000   45.0000 9143.7734   19.9337
    0.0000   30.0000   45.0000 9559.3984   19.9709
    7.5000   30.0000   45.0000 9050.6865   19.9363
   -7.5000   37.5000   45.0000 8477.7646   19.9121
    0.0000   37.5000   45.0000 8862.1328   19.9520
    7.5000   37.5000   45.0000 8409.3467   19.9295
   -7.5000   45.0000   45.0000 7497.7300   19.5144
    0.0000   45.0000   45.0000 7816.1089   19.5584
    7.5000   45.0000   45.0000 7443.6304   19.5412

---------------------------------------------------------------------
imgreg_4dfp /opt/freesurfer/average/711-2C_as_mni_average_305 /opt/freesurfer/average/711-2B_as_mni_average_305_mask talsrcimg_g11 none talsrcimg_to_711-2C_as_mni_average_305_t4 4355
---------------------------------------------------------------------

freesurfer imgreg_4dfp.c
/opt/freesurfer/average/711-2C_as_mni_average_305.4dfp.img
       256       256       256         1
  1.000000  1.000000  1.000000
orientation T byte_order littleendian
Reading image: /opt/freesurfer/average/711-2C_as_mni_average_305.4dfp.img
dimensions:      256       256       256
mmppix:       1.0000   -1.0000   -1.0000
center:     128.0000 -129.0000 -129.0000
/opt/freesurfer/average/711-2B_as_mni_average_305_mask.4dfp.img
       256       256       256         1
  1.000000  1.000000  1.000000
orientation T byte_order littleendian
Reading mask: /opt/freesurfer/average/711-2B_as_mni_average_305_mask.4dfp.img (2306576 pixels)
talsrcimg_g11.4dfp.img
       256       256       256         1
  1.000000  1.000000  1.000000
orientation T byte_order littleendian
Reading image: talsrcimg_g11.4dfp.img
dimensions:      256       256       256
mmppix:       1.0000   -1.0000   -1.0000
center:     128.0000 -129.0000 -129.0000
rotation matrix determinant  1.000000
image alignment mode   4355 decimal     1103 hex
   -7.5000  -45.0000  -45.0000 2384.6941   17.6868
    0.0000  -45.0000  -45.0000 2392.2351   17.6456
    7.5000  -45.0000  -45.0000 2372.4680   17.9090
   -7.5000  -37.5000  -45.0000 2430.7778   16.9312
    0.0000  -37.5000  -45.0000 2439.7451   16.8679
    7.5000  -37.5000  -45.0000 2415.7246   17.0984
   -7.5000  -30.0000  -45.0000 2469.2888   16.4294
    0.0000  -30.0000  -45.0000 2465.9429   16.3904
    7.5000  -30.0000  -45.0000 2445.3938   16.5604
   -7.5000  -22.5000  -45.0000 2477.1309   16.2144
    0.0000  -22.5000  -45.0000 2479.9495   16.1339
    7.5000  -22.5000  -45.0000 2458.2344   16.3542
   -7.5000  -15.0000  -45.0000 2470.3074   16.2553
    0.0000  -15.0000  -45.0000 2474.2429   16.2385
    7.5000  -15.0000  -45.0000 2449.3740   16.4385
   -7.5000   -7.5000  -45.0000 2440.1970   16.6692
    0.0000   -7.5000  -45.0000 2445.3394   16.6243
    7.5000   -7.5000  -45.0000 2423.3213   16.8729
   -7.5000    0.0000  -45.0000 2385.5264   17.3723
    0.0000    0.0000  -45.0000 2390.9219   17.3276
    7.5000    0.0000  -45.0000 2365.6555   17.5542
   -7.5000    7.5000  -45.0000 2315.8340   18.3715
    0.0000    7.5000  -45.0000 2319.3350   18.3582
    7.5000    7.5000  -45.0000 2293.6074   18.5447
   -7.5000   15.0000  -45.0000 2231.5969   19.8490
    0.0000   15.0000  -45.0000 2234.6899   19.8373
    7.5000   15.0000  -45.0000 2210.8623   19.9229
   -7.5000   22.5000  -45.0000 2134.3035   21.6949
    0.0000   22.5000  -45.0000 2134.3848   21.6966
    7.5000   22.5000  -45.0000 2112.0151   21.8083
   -7.5000   30.0000  -45.0000 2024.7695   24.1834
    0.0000   30.0000  -45.0000 2022.3967   24.1120
    7.5000   30.0000  -45.0000 2004.6855   24.1867
   -7.5000   37.5000  -45.0000 1901.3058   27.3204
    0.0000   37.5000  -45.0000 1899.7418   27.1576
    7.5000   37.5000  -45.0000 1886.5996   27.3579
   -7.5000   45.0000  -45.0000 1764.7698   31.3486
    0.0000   45.0000  -45.0000 1764.8641   31.1840
    7.5000   45.0000  -45.0000 1757.8806   31.6842
   -7.5000  -45.0000  -37.5000 2469.5232   16.5899
    0.0000  -45.0000  -37.5000 2469.6709   16.5312
    7.5000  -45.0000  -37.5000 2451.3970   16.7969
   -7.5000  -37.5000  -37.5000 2523.3000   15.8323
    0.0000  -37.5000  -37.5000 2521.1919   15.7226
    7.5000  -37.5000  -37.5000 2504.6504   15.9768
   -7.5000  -30.0000  -37.5000 2559.9121   15.3332
    0.0000  -30.0000  -37.5000 2553.7766   15.2403
    7.5000  -30.0000  -37.5000 2537.3252   15.4530
   -7.5000  -22.5000  -37.5000 2574.7651   15.0752
    0.0000  -22.5000  -37.5000 2567.2449   14.9936
    7.5000  -22.5000  -37.5000 2551.0344   15.2342
   -7.5000  -15.0000  -37.5000 2572.1814   15.1229
    0.0000  -15.0000  -37.5000 2568.2952   15.0812
    7.5000  -15.0000  -37.5000 2543.4961   15.2691
   -7.5000   -7.5000  -37.5000 2541.5510   15.4238
    0.0000   -7.5000  -37.5000 2536.7346   15.4034
    7.5000   -7.5000  -37.5000 2515.7490   15.6088
   -7.5000    0.0000  -37.5000 2485.7163   16.0428
    0.0000    0.0000  -37.5000 2485.5784   16.0134
    7.5000    0.0000  -37.5000 2461.8359   16.2192
   -7.5000    7.5000  -37.5000 2409.5940   16.9431
    0.0000    7.5000  -37.5000 2413.4275   16.9145
    7.5000    7.5000  -37.5000 2387.9321   17.1027
   -7.5000   15.0000  -37.5000 2319.0896   18.2461
    0.0000   15.0000  -37.5000 2323.7476   18.1879
    7.5000   15.0000  -37.5000 2301.8433   18.3392
   -7.5000   22.5000  -37.5000 2218.7317   19.9093
    0.0000   22.5000  -37.5000 2217.1521   19.8907
    7.5000   22.5000  -37.5000 2194.6338   20.0385
   -7.5000   30.0000  -37.5000 2098.7039   22.1774
    0.0000   30.0000  -37.5000 2096.4116   22.0917
    7.5000   30.0000  -37.5000 2077.3018   22.2081
   -7.5000   37.5000  -37.5000 1979.3287   25.0597
    0.0000   37.5000  -37.5000 1977.8495   24.9461
    7.5000   37.5000  -37.5000 1957.3051   25.0294
   -7.5000   45.0000  -37.5000 1834.6075   28.7707
    0.0000   45.0000  -37.5000 1831.2601   28.6348
    7.5000   45.0000  -37.5000 1821.9583   29.0056
   -7.5000  -45.0000  -30.0000 2590.1001   16.1544
    0.0000  -45.0000  -30.0000 2585.0972   16.1107
    7.5000  -45.0000  -30.0000 2568.2192   16.3823
   -7.5000  -37.5000  -30.0000 2649.0149   15.3292
    0.0000  -37.5000  -30.0000 2644.6045   15.2592
    7.5000  -37.5000  -30.0000 2630.0544   15.4871
   -7.5000  -30.0000  -30.0000 2691.5659   14.8210
    0.0000  -30.0000  -30.0000 2681.6926   14.7535
    7.5000  -30.0000  -30.0000 2664.9817   14.9297
   -7.5000  -22.5000  -30.0000 2708.7317   14.5006
    0.0000  -22.5000  -30.0000 2701.9741   14.4700
    7.5000  -22.5000  -30.0000 2681.7273   14.6427
   -7.5000  -15.0000  -30.0000 2706.8325   14.5462
    0.0000  -15.0000  -30.0000 2704.2773   14.5161
    7.5000  -15.0000  -30.0000 2676.4475   14.6956
   -7.5000   -7.5000  -30.0000 2677.4561   14.8032
    0.0000   -7.5000  -30.0000 2678.1506   14.7757
    7.5000   -7.5000  -30.0000 2652.0581   14.9803
   -7.5000    0.0000  -30.0000 2625.5696   15.3654
    0.0000    0.0000  -30.0000 2626.4456   15.3313
    7.5000    0.0000  -30.0000 2599.0818   15.5384
   -7.5000    7.5000  -30.0000 2547.1782   16.2123
    0.0000    7.5000  -30.0000 2545.0688   16.1526
    7.5000    7.5000  -30.0000 2526.2847   16.3666
   -7.5000   15.0000  -30.0000 2453.6584   17.4074
    0.0000   15.0000  -30.0000 2453.3069   17.3169
    7.5000   15.0000  -30.0000 2437.2690   17.5229
   -7.5000   22.5000  -30.0000 2346.3486   18.9950
    0.0000   22.5000  -30.0000 2345.4744   18.9266
    7.5000   22.5000  -30.0000 2324.2720   19.1317
   -7.5000   30.0000  -30.0000 2209.9563   21.1476
    0.0000   30.0000  -30.0000 2210.7751   21.0438
    7.5000   30.0000  -30.0000 2193.9900   21.1945
   -7.5000   37.5000  -30.0000 2084.8665   23.8030
    0.0000   37.5000  -30.0000 2083.9553   23.7641
    7.5000   37.5000  -30.0000 2061.7773   23.8971
   -7.5000   45.0000  -30.0000 1932.8392   27.3731
    0.0000   45.0000  -30.0000 1926.5983   27.3177
    7.5000   45.0000  -30.0000 1915.8484   27.5586
   -7.5000  -45.0000  -22.5000 2666.7285   15.6325
    0.0000  -45.0000  -22.5000 2663.5762   15.6755
    7.5000  -45.0000  -22.5000 2650.4092   15.9908
   -7.5000  -37.5000  -22.5000 2741.8271   14.7402
    0.0000  -37.5000  -22.5000 2740.6509   14.7723
    7.5000  -37.5000  -22.5000 2720.2871   14.9738
   -7.5000  -30.0000  -22.5000 2786.2764   14.1855
    0.0000  -30.0000  -22.5000 2783.0518   14.1712
    7.5000  -30.0000  -22.5000 2755.6191   14.3341
   -7.5000  -22.5000  -22.5000 2809.2173   13.8415
    0.0000  -22.5000  -22.5000 2806.5513   13.8117
    7.5000  -22.5000  -22.5000 2775.7607   13.9860
   -7.5000  -15.0000  -22.5000 2811.1555   13.8791
    0.0000  -15.0000  -22.5000 2809.9744   13.8402
    7.5000  -15.0000  -22.5000 2781.8206   14.0257
   -7.5000   -7.5000  -22.5000 2784.2959   14.1342
    0.0000   -7.5000  -22.5000 2784.5166   14.0865
    7.5000   -7.5000  -22.5000 2759.8960   14.3060
   -7.5000    0.0000  -22.5000 2733.9551   14.6750
    0.0000    0.0000  -22.5000 2733.3152   14.6165
    7.5000    0.0000  -22.5000 2709.2939   14.8200
   -7.5000    7.5000  -22.5000 2658.7615   15.4750
    0.0000    7.5000  -22.5000 2655.6050   15.4061
    7.5000    7.5000  -22.5000 2636.7000   15.5698
   -7.5000   15.0000  -22.5000 2560.3652   16.5873
    0.0000   15.0000  -22.5000 2560.5759   16.5006
    7.5000   15.0000  -22.5000 2540.8740   16.6926
   -7.5000   22.5000  -22.5000 2443.4065   18.1374
    0.0000   22.5000  -22.5000 2446.6091   18.0244
    7.5000   22.5000  -22.5000 2424.8538   18.2674
   -7.5000   30.0000  -22.5000 2305.3267   20.1890
    0.0000   30.0000  -22.5000 2306.4309   20.0692
    7.5000   30.0000  -22.5000 2287.6545   20.2645
   -7.5000   37.5000  -22.5000 2164.0364   22.7013
    0.0000   37.5000  -22.5000 2164.6980   22.6751
    7.5000   37.5000  -22.5000 2147.9009   22.9055
   -7.5000   45.0000  -22.5000 2006.4033   26.0458
    0.0000   45.0000  -22.5000 2000.3634   26.0049
    7.5000   45.0000  -22.5000 1991.6893   26.3898
   -7.5000  -45.0000  -15.0000 2698.6892   15.2361
    0.0000  -45.0000  -15.0000 2704.5613   15.3155
    7.5000  -45.0000  -15.0000 2682.4695   15.5748
   -7.5000  -37.5000  -15.0000 2788.2712   14.2947
    0.0000  -37.5000  -15.0000 2793.3350   14.3683
    7.5000  -37.5000  -15.0000 2762.2358   14.5538
   -7.5000  -30.0000  -15.0000 2838.3271   13.6573
    0.0000  -30.0000  -15.0000 2841.7866   13.6510
    7.5000  -30.0000  -15.0000 2808.3975   13.8264
   -7.5000  -22.5000  -15.0000 2872.7817   13.2373
    0.0000  -22.5000  -15.0000 2870.5525   13.1986
    7.5000  -22.5000  -15.0000 2835.6223   13.4084
   -7.5000  -15.0000  -15.0000 2879.0042   13.2585
    0.0000  -15.0000  -15.0000 2876.0398   13.2061
    7.5000  -15.0000  -15.0000 2847.4285   13.3983
   -7.5000   -7.5000  -15.0000 2851.5791   13.5164
    0.0000   -7.5000  -15.0000 2857.0935   13.4744
    7.5000   -7.5000  -15.0000 2828.3247   13.6623
   -7.5000    0.0000  -15.0000 2802.1160   14.0498
    0.0000    0.0000  -15.0000 2806.1099   13.9737
    7.5000    0.0000  -15.0000 2780.6250   14.1787
   -7.5000    7.5000  -15.0000 2725.0037   14.8690
    0.0000    7.5000  -15.0000 2728.0317   14.7568
    7.5000    7.5000  -15.0000 2705.8503   14.9500
   -7.5000   15.0000  -15.0000 2629.1682   15.9362
    0.0000   15.0000  -15.0000 2632.1658   15.8569
    7.5000   15.0000  -15.0000 2607.8726   16.0849
   -7.5000   22.5000  -15.0000 2516.1509   17.4321
    0.0000   22.5000  -15.0000 2519.5732   17.3332
    7.5000   22.5000  -15.0000 2491.6387   17.6064
   -7.5000   30.0000  -15.0000 2372.3821   19.3472
    0.0000   30.0000  -15.0000 2378.6470   19.2888
    7.5000   30.0000  -15.0000 2352.3669   19.5673
   -7.5000   37.5000  -15.0000 2216.6316   21.8055
    0.0000   37.5000  -15.0000 2229.4690   21.8215
    7.5000   37.5000  -15.0000 2206.0151   22.0927
   -7.5000   45.0000  -15.0000 2049.5271   24.9894
    0.0000   45.0000  -15.0000 2048.7769   24.9746
    7.5000   45.0000  -15.0000 2041.9717   25.3397
   -7.5000  -45.0000   -7.5000 2719.1545   14.9419
    0.0000  -45.0000   -7.5000 2714.6138   14.9468
    7.5000  -45.0000   -7.5000 2681.9824   15.1347
   -7.5000  -37.5000   -7.5000 2808.5894   13.9684
    0.0000  -37.5000   -7.5000 2806.3633   14.0125
    7.5000  -37.5000   -7.5000 2766.5950   14.1141
   -7.5000  -30.0000   -7.5000 2869.1924   13.3262
    0.0000  -30.0000   -7.5000 2875.5784   13.3302
    7.5000  -30.0000   -7.5000 2835.1162   13.3957
   -7.5000  -22.5000   -7.5000 2906.1360   12.8265
    0.0000  -22.5000   -7.5000 2905.7942   12.7888
    7.5000  -22.5000   -7.5000 2865.4993   12.9625
   -7.5000  -15.0000   -7.5000 2915.8738   12.7453
    0.0000  -15.0000   -7.5000 2912.7642   12.6873
    7.5000  -15.0000   -7.5000 2879.4575   12.8991
   -7.5000   -7.5000   -7.5000 2898.5898   13.0015
    0.0000   -7.5000   -7.5000 2900.8257   12.9502
    7.5000   -7.5000   -7.5000 2867.3298   13.1347
   -7.5000    0.0000   -7.5000 2851.7722   13.5294
    0.0000    0.0000   -7.5000 2855.8386   13.4776
    7.5000    0.0000   -7.5000 2818.8293   13.6570
   -7.5000    7.5000   -7.5000 2778.8323   14.3566
    0.0000    7.5000   -7.5000 2783.6252   14.2795
    7.5000    7.5000   -7.5000 2748.2952   14.4283
   -7.5000   15.0000   -7.5000 2680.0386   15.5059
    0.0000   15.0000   -7.5000 2682.3926   15.3790
    7.5000   15.0000   -7.5000 2653.5925   15.5266
   -7.5000   22.5000   -7.5000 2565.1877   17.0004
    0.0000   22.5000   -7.5000 2568.9475   16.8558
    7.5000   22.5000   -7.5000 2541.9751   17.0611
   -7.5000   30.0000   -7.5000 2422.7412   18.9048
    0.0000   30.0000   -7.5000 2424.1306   18.8017
    7.5000   30.0000   -7.5000 2401.0239   19.0095
   -7.5000   37.5000   -7.5000 2260.1748   21.2395
    0.0000   37.5000   -7.5000 2263.2510   21.2101
    7.5000   37.5000   -7.5000 2242.8789   21.4450
   -7.5000   45.0000   -7.5000 2079.8542   24.2173
    0.0000   45.0000   -7.5000 2079.9292   24.1647
    7.5000   45.0000   -7.5000 2065.4092   24.5031
   -7.5000  -45.0000    0.0000 2710.6821   14.7582
    0.0000  -45.0000    0.0000 2701.4045   14.7585
    7.5000  -45.0000    0.0000 2666.2983   14.9302
   -7.5000  -37.5000    0.0000 2809.5813   13.8181
    0.0000  -37.5000    0.0000 2803.3767   13.8287
    7.5000  -37.5000    0.0000 2762.7322   13.9044
   -7.5000  -30.0000    0.0000 2882.6936   13.1968
    0.0000  -30.0000    0.0000 2887.8921   13.2865
    7.5000  -30.0000    0.0000 2843.2874   13.2216
   -7.5000  -22.5000    0.0000 2932.2009   12.8203
    0.0000  -22.5000    0.0000 2941.4465   12.8943
    7.5000  -22.5000    0.0000 2886.0571   12.8403
   -7.5000  -15.0000    0.0000 2948.5784   12.5966
    0.0000  -15.0000    0.0000 2945.0632   12.6254
    7.5000  -15.0000    0.0000 2896.0063   12.6875
   -7.5000   -7.5000    0.0000 2928.3772   12.7644
    0.0000   -7.5000    0.0000 2929.6021   12.7532
    7.5000   -7.5000    0.0000 2884.6577   12.8277
   -7.5000    0.0000    0.0000 2876.3826   13.2616
    0.0000    0.0000    0.0000 2884.8242   13.2398
    7.5000    0.0000    0.0000 2843.7217   13.2987
   -7.5000    7.5000    0.0000 2802.2810   14.0597
    0.0000    7.5000    0.0000 2806.4893   14.0156
    7.5000    7.5000    0.0000 2769.5083   14.1035
   -7.5000   15.0000    0.0000 2707.8877   15.2444
    0.0000   15.0000    0.0000 2705.1924   15.1128
    7.5000   15.0000    0.0000 2671.3347   15.2250
   -7.5000   22.5000    0.0000 2588.3838   16.7866
    0.0000   22.5000    0.0000 2591.6970   16.6368
    7.5000   22.5000    0.0000 2560.2139   16.7145
   -7.5000   30.0000    0.0000 2447.9268   18.6138
    0.0000   30.0000    0.0000 2451.1179   18.5548
    7.5000   30.0000    0.0000 2421.7366   18.5954
   -7.5000   37.5000    0.0000 2284.4023   20.9161
    0.0000   37.5000    0.0000 2287.6907   20.9042
    7.5000   37.5000    0.0000 2263.2139   20.9849
   -7.5000   45.0000    0.0000 2100.0737   23.8227
    0.0000   45.0000    0.0000 2101.0444   23.8153
    7.5000   45.0000    0.0000 2080.3450   24.0136
   -7.5000  -45.0000    7.5000 2687.6050   14.8649
    0.0000  -45.0000    7.5000 2679.2563   14.8383
    7.5000  -45.0000    7.5000 2642.6052   14.9404
   -7.5000  -37.5000    7.5000 2790.2168   13.9256
    0.0000  -37.5000    7.5000 2788.2307   13.9416
    7.5000  -37.5000    7.5000 2745.2046   13.9329
   -7.5000  -30.0000    7.5000 2878.3914   13.3268
    0.0000  -30.0000    7.5000 2882.5789   13.4448
    7.5000  -30.0000    7.5000 2837.2153   13.3028
   -7.5000  -22.5000    7.5000 2942.3708   12.9355
    0.0000  -22.5000    7.5000 2958.1184   13.1067
    7.5000  -22.5000    7.5000 2897.4336   12.8862
   -7.5000  -15.0000    7.5000 2965.4148   12.6969
    0.0000  -15.0000    7.5000 2962.4150   12.7777
    7.5000  -15.0000    7.5000 2907.3191   12.7279
   -7.5000   -7.5000    7.5000 2938.1814   12.7191
    0.0000   -7.5000    7.5000 2939.6616   12.7095
    7.5000   -7.5000    7.5000 2889.4041   12.8034
   -7.5000    0.0000    7.5000 2881.0361   13.1368
    0.0000    0.0000    7.5000 2887.5217   13.0800
    7.5000    0.0000    7.5000 2849.7061   13.2482
   -7.5000    7.5000    7.5000 2803.9075   13.9770
    0.0000    7.5000    7.5000 2809.5085   13.8577
    7.5000    7.5000    7.5000 2778.9248   14.0226
   -7.5000   15.0000    7.5000 2708.0605   15.1528
    0.0000   15.0000    7.5000 2705.7346   14.9889
    7.5000   15.0000    7.5000 2677.9502   15.1214
   -7.5000   22.5000    7.5000 2591.6582   16.6995
    0.0000   22.5000    7.5000 2589.4724   16.5079
    7.5000   22.5000    7.5000 2569.1802   16.5966
   -7.5000   30.0000    7.5000 2450.8618   18.5614
    0.0000   30.0000    7.5000 2454.7241   18.3952
    7.5000   30.0000    7.5000 2426.5425   18.4834
   -7.5000   37.5000    7.5000 2290.2485   20.8519
    0.0000   37.5000    7.5000 2293.2520   20.7376
    7.5000   37.5000    7.5000 2270.1938   20.8420
   -7.5000   45.0000    7.5000 2106.8784   23.7652
    0.0000   45.0000    7.5000 2113.3596   23.7372
    7.5000   45.0000    7.5000 2084.4026   23.8833
   -7.5000  -45.0000   15.0000 2650.4644   15.2754
    0.0000  -45.0000   15.0000 2641.0488   15.2208
    7.5000  -45.0000   15.0000 2601.7764   15.2550
   -7.5000  -37.5000   15.0000 2757.0295   14.2581
    0.0000  -37.5000   15.0000 2752.3562   14.1884
    7.5000  -37.5000   15.0000 2714.6936   14.2452
   -7.5000  -30.0000   15.0000 2849.9600   13.5869
    0.0000  -30.0000   15.0000 2849.7537   13.5482
    7.5000  -30.0000   15.0000 2814.4277   13.5627
   -7.5000  -22.5000   15.0000 2918.4673   13.1142
    0.0000  -22.5000   15.0000 2923.8333   13.0958
    7.5000  -22.5000   15.0000 2881.2437   13.1154
   -7.5000  -15.0000   15.0000 2940.2212   12.8030
    0.0000  -15.0000   15.0000 2930.3701   12.6830
    7.5000  -15.0000   15.0000 2896.1746   12.9391
   -7.5000   -7.5000   15.0000 2915.6482   12.8387
    0.0000   -7.5000   15.0000 2911.9338   12.7040
    7.5000   -7.5000   15.0000 2883.8870   13.0400
   -7.5000    0.0000   15.0000 2865.4314   13.3079
    0.0000    0.0000   15.0000 2871.5085   13.1932
    7.5000    0.0000   15.0000 2838.8066   13.4656
   -7.5000    7.5000   15.0000 2791.4680   14.1777
    0.0000    7.5000   15.0000 2794.3694   14.0598
    7.5000    7.5000   15.0000 2762.6465   14.2302
   -7.5000   15.0000   15.0000 2689.3728   15.3299
    0.0000   15.0000   15.0000 2685.3472   15.1756
    7.5000   15.0000   15.0000 2658.0225   15.3001
   -7.5000   22.5000   15.0000 2571.6377   16.8459
    0.0000   22.5000   15.0000 2573.6208   16.6648
    7.5000   22.5000   15.0000 2548.9241   16.7257
   -7.5000   30.0000   15.0000 2429.5713   18.6944
    0.0000   30.0000   15.0000 2433.1072   18.5327
    7.5000   30.0000   15.0000 2410.7026   18.5716
   -7.5000   37.5000   15.0000 2273.7661   20.9632
    0.0000   37.5000   15.0000 2274.3447   20.8462
    7.5000   37.5000   15.0000 2252.6086   20.8671
   -7.5000   45.0000   15.0000 2090.8518   23.8578
    0.0000   45.0000   15.0000 2100.8372   23.7653
    7.5000   45.0000   15.0000 2079.2737   23.8829
   -7.5000  -45.0000   22.5000 2604.9133   15.7426
    0.0000  -45.0000   22.5000 2596.2307   15.5400
    7.5000  -45.0000   22.5000 2563.5066   15.7200
   -7.5000  -37.5000   22.5000 2712.2268   14.6440
    0.0000  -37.5000   22.5000 2710.0366   14.4756
    7.5000  -37.5000   22.5000 2680.0386   14.6766
   -7.5000  -30.0000   22.5000 2803.6062   13.9336
    0.0000  -30.0000   22.5000 2802.5830   13.8037
    7.5000  -30.0000   22.5000 2775.8479   13.9561
   -7.5000  -22.5000   22.5000 2868.7207   13.4126
    0.0000  -22.5000   22.5000 2867.2292   13.2641
    7.5000  -22.5000   22.5000 2841.3540   13.4831
   -7.5000  -15.0000   22.5000 2892.7620   13.0270
    0.0000  -15.0000   22.5000 2876.1411   12.8507
    7.5000  -15.0000   22.5000 2860.3740   13.2959
   -7.5000   -7.5000   22.5000 2881.1428   13.1354
    0.0000   -7.5000   22.5000 2874.9216   12.9944
    7.5000   -7.5000   22.5000 2847.5635   13.3535
   -7.5000    0.0000   22.5000 2836.3252   13.6773
    0.0000    0.0000   22.5000 2840.6384   13.5126
    7.5000    0.0000   22.5000 2810.3699   13.7740
   -7.5000    7.5000   22.5000 2761.3218   14.5612
    0.0000    7.5000   22.5000 2763.7134   14.3970
    7.5000    7.5000   22.5000 2736.1814   14.5821
   -7.5000   15.0000   22.5000 2655.1721   15.7183
    0.0000   15.0000   22.5000 2655.1841   15.5485
    7.5000   15.0000   22.5000 2630.1709   15.6646
   -7.5000   22.5000   22.5000 2540.4768   17.1480
    0.0000   22.5000   22.5000 2539.2217   16.9958
    7.5000   22.5000   22.5000 2514.2412   17.1112
   -7.5000   30.0000   22.5000 2399.4900   18.9948
    0.0000   30.0000   22.5000 2400.6606   18.8414
    7.5000   30.0000   22.5000 2379.2893   18.9139
   -7.5000   37.5000   22.5000 2237.7268   21.3116
    0.0000   37.5000   22.5000 2243.8005   21.1865
    7.5000   37.5000   22.5000 2225.6694   21.2282
   -7.5000   45.0000   22.5000 2065.0012   24.2154
    0.0000   45.0000   22.5000 2073.8008   24.1123
    7.5000   45.0000   22.5000 2062.0071   24.1560
   -7.5000  -45.0000   30.0000 2550.6082   16.3536
    0.0000  -45.0000   30.0000 2546.9370   16.0614
    7.5000  -45.0000   30.0000 2518.3591   16.3432
   -7.5000  -37.5000   30.0000 2656.9846   15.2318
    0.0000  -37.5000   30.0000 2651.5271   14.9895
    7.5000  -37.5000   30.0000 2624.4424   15.2664
   -7.5000  -30.0000   30.0000 2742.9241   14.4983
    0.0000  -30.0000   30.0000 2734.8367   14.2689
    7.5000  -30.0000   30.0000 2709.4653   14.5110
   -7.5000  -22.5000   30.0000 2805.4592   13.8645
    0.0000  -22.5000   30.0000 2794.3496   13.6716
    7.5000  -22.5000   30.0000 2772.5095   14.0333
   -7.5000  -15.0000   30.0000 2829.4312   13.5523
    0.0000  -15.0000   30.0000 2806.1799   13.3733
    7.5000  -15.0000   30.0000 2796.8611   13.7877
   -7.5000   -7.5000   30.0000 2821.7517   13.7266
    0.0000   -7.5000   30.0000 2812.9194   13.5714
    7.5000   -7.5000   30.0000 2788.4324   13.8641
   -7.5000    0.0000   30.0000 2774.8354   14.2217
    0.0000    0.0000   30.0000 2774.3276   14.0741
    7.5000    0.0000   30.0000 2750.6685   14.3282
   -7.5000    7.5000   30.0000 2700.1624   15.0608
    0.0000    7.5000   30.0000 2699.0918   14.8829
    7.5000    7.5000   30.0000 2679.6636   15.1103
   -7.5000   15.0000   30.0000 2601.9243   16.2405
    0.0000   15.0000   30.0000 2607.1960   16.0470
    7.5000   15.0000   30.0000 2581.4636   16.2076
   -7.5000   22.5000   30.0000 2491.6855   17.6495
    0.0000   22.5000   30.0000 2492.9617   17.4987
    7.5000   22.5000   30.0000 2464.3198   17.6131
   -7.5000   30.0000   30.0000 2352.6106   19.4876
    0.0000   30.0000   30.0000 2353.7129   19.3652
    7.5000   30.0000   30.0000 2335.5308   19.4506
   -7.5000   37.5000   30.0000 2197.1633   21.8294
    0.0000   37.5000   30.0000 2200.8423   21.7285
    7.5000   37.5000   30.0000 2187.7290   21.7879
   -7.5000   45.0000   30.0000 2034.6716   24.7985
    0.0000   45.0000   30.0000 2040.9399   24.7031
    7.5000   45.0000   30.0000 2025.2980   24.7814
   -7.5000  -45.0000   37.5000 2491.7595   17.1818
    0.0000  -45.0000   37.5000 2487.4355   16.8352
    7.5000  -45.0000   37.5000 2459.6379   17.1542
   -7.5000  -37.5000   37.5000 2596.5581   15.9884
    0.0000  -37.5000   37.5000 2586.4463   15.6685
    7.5000  -37.5000   37.5000 2560.7427   16.0079
   -7.5000  -30.0000   37.5000 2672.8660   15.1772
    0.0000  -30.0000   37.5000 2663.5798   14.9236
    7.5000  -30.0000   37.5000 2634.6421   15.2340
   -7.5000  -22.5000   37.5000 2725.4197   14.5162
    0.0000  -22.5000   37.5000 2714.7959   14.3397
    7.5000  -22.5000   37.5000 2691.3582   14.7347
   -7.5000  -15.0000   37.5000 2748.0398   14.3144
    0.0000  -15.0000   37.5000 2730.0251   14.1085
    7.5000  -15.0000   37.5000 2718.6709   14.4261
   -7.5000   -7.5000   37.5000 2741.0581   14.4976
    0.0000   -7.5000   37.5000 2730.6775   14.2950
    7.5000   -7.5000   37.5000 2708.4900   14.5630
   -7.5000    0.0000   37.5000 2694.2747   14.9541
    0.0000    0.0000   37.5000 2690.9827   14.7902
    7.5000    0.0000   37.5000 2671.7007   15.0446
   -7.5000    7.5000   37.5000 2632.6274   15.7666
    0.0000    7.5000   37.5000 2629.6477   15.5876
    7.5000    7.5000   37.5000 2611.1113   15.8203
   -7.5000   15.0000   37.5000 2541.0198   16.9168
    0.0000   15.0000   37.5000 2545.2058   16.7347
    7.5000   15.0000   37.5000 2516.6826   16.9248
   -7.5000   22.5000   37.5000 2434.1523   18.3892
    0.0000   22.5000   37.5000 2438.7158   18.2223
    7.5000   22.5000   37.5000 2404.8384   18.3387
   -7.5000   30.0000   37.5000 2296.4448   20.2503
    0.0000   30.0000   37.5000 2297.7271   20.1076
    7.5000   30.0000   37.5000 2276.2991   20.1867
   -7.5000   37.5000   37.5000 2150.9666   22.5885
    0.0000   37.5000   37.5000 2157.0676   22.5284
    7.5000   37.5000   37.5000 2133.1169   22.5993
   -7.5000   45.0000   37.5000 1998.1663   25.5524
    0.0000   45.0000   37.5000 2006.3384   25.4845
    7.5000   45.0000   37.5000 1986.0251   25.6102
   -7.5000  -45.0000   45.0000 2423.7446   18.2524
    0.0000  -45.0000   45.0000 2419.2458   17.8317
    7.5000  -45.0000   45.0000 2392.6575   18.1401
   -7.5000  -37.5000   45.0000 2521.4719   16.9976
    0.0000  -37.5000   45.0000 2511.7544   16.6350
    7.5000  -37.5000   45.0000 2484.6057   16.9262
   -7.5000  -30.0000   45.0000 2587.5637   16.1005
    0.0000  -30.0000   45.0000 2581.8494   15.8275
    7.5000  -30.0000   45.0000 2553.4893   16.1401
   -7.5000  -22.5000   45.0000 2633.1418   15.4049
    0.0000  -22.5000   45.0000 2623.7327   15.2203
    7.5000  -22.5000   45.0000 2602.1450   15.5474
   -7.5000  -15.0000   45.0000 2658.1038   15.2214
    0.0000  -15.0000   45.0000 2645.4917   15.0195
    7.5000  -15.0000   45.0000 2628.4326   15.2628
   -7.5000   -7.5000   45.0000 2647.2405   15.4205
    0.0000   -7.5000   45.0000 2640.0293   15.2060
    7.5000   -7.5000   45.0000 2614.5347   15.4120
   -7.5000    0.0000   45.0000 2606.9133   15.9193
    0.0000    0.0000   45.0000 2601.3772   15.7181
    7.5000    0.0000   45.0000 2579.2810   15.9208
   -7.5000    7.5000   45.0000 2547.3806   16.6984
    0.0000    7.5000   45.0000 2551.4045   16.5165
    7.5000    7.5000   45.0000 2526.5330   16.6901
   -7.5000   15.0000   45.0000 2466.3965   17.7784
    0.0000   15.0000   45.0000 2475.5203   17.6187
    7.5000   15.0000   45.0000 2445.3730   17.7611
   -7.5000   22.5000   45.0000 2366.2488   19.2778
    0.0000   22.5000   45.0000 2373.6755   19.1044
    7.5000   22.5000   45.0000 2340.5896   19.1990
   -7.5000   30.0000   45.0000 2234.5095   21.1481
    0.0000   30.0000   45.0000 2235.5645   20.9894
    7.5000   30.0000   45.0000 2209.1777   21.0635
   -7.5000   37.5000   45.0000 2093.6201   23.6260
    0.0000   37.5000   45.0000 2097.5269   23.5297
    7.5000   37.5000   45.0000 2074.4424   23.5867
   -7.5000   45.0000   45.0000 1951.7163   26.6298
    0.0000   45.0000   45.0000 1953.9963   26.6007
    7.5000   45.0000   45.0000 1942.4141   26.7375

---------------------------------------------------------------------
imgreg_4dfp /opt/freesurfer/average/711-2C_as_mni_average_305 /opt/freesurfer/average/711-2B_as_mni_average_305_mask talsrcimg_g11 none talsrcimg_to_711-2C_as_mni_average_305_t4 1283
---------------------------------------------------------------------

freesurfer imgreg_4dfp.c
/opt/freesurfer/average/711-2C_as_mni_average_305.4dfp.img
       256       256       256         1
  1.000000  1.000000  1.000000
orientation T byte_order littleendian
Reading image: /opt/freesurfer/average/711-2C_as_mni_average_305.4dfp.img
dimensions:      256       256       256
mmppix:       1.0000   -1.0000   -1.0000
center:     128.0000 -129.0000 -129.0000
/opt/freesurfer/average/711-2B_as_mni_average_305_mask.4dfp.img
       256       256       256         1
  1.000000  1.000000  1.000000
orientation T byte_order littleendian
Reading mask: /opt/freesurfer/average/711-2B_as_mni_average_305_mask.4dfp.img (2306576 pixels)
talsrcimg_g11.4dfp.img
       256       256       256         1
  1.000000  1.000000  1.000000
orientation T byte_order littleendian
Reading image: talsrcimg_g11.4dfp.img
dimensions:      256       256       256
mmppix:       1.0000   -1.0000   -1.0000
center:     128.0000 -129.0000 -129.0000
rotation matrix determinant  1.000000
fimgreg.f
image alignment mode   1283 decimal      503 hex
parameters
   -7.5000  -15.0000    7.5000    0.0000    0.0000    0.0000
eta,q 0.92942 12.66010
niter,ni,del,rscale     5    3   12.0000    1.2000
parameter  1 -0.752881 -> -0.500000 qaram    1.1500
parameter  4  1.614069 ->  0.500000 qaram    1.1500
parameter  6 -2.092501 -> -0.500000 qaram    1.1500
parameters
   -4.0500  -16.0170    6.2205   -3.4500    0.7357    3.4500
eta,q 0.93813 12.69682
  0.0908  0.0728  0.0723  0.0643  0.0705  0.0714
  0.0844  0.0710  0.0693  0.0642  0.0671  0.0694
  0.0788  0.0693  0.0678  0.0655  0.0650  0.0668
  0.0737  0.0692  0.0691  0.0681  0.0644  0.0642
  0.0701  0.0702  0.0712  0.0703  0.0644  0.0626
  0.0688  0.0731  0.0730  0.0731  0.0658  0.0615
  0.0708  0.0775  0.0748  0.0750  0.0678  0.0602
niter,ni,del,rscale     7    3   12.0000    1.2000
parameter  4  7.796751 ->  0.500000 qaram    1.3225
parameter  6 -1.036092 -> -0.500000 qaram    1.3225
parameters
   -3.0563  -17.1156    6.3232   -7.4175    1.8125    7.4175
eta,q 0.94702 12.75403
  0.0821  0.0653  0.0700  0.0558  0.0632  0.0685
  0.0735  0.0626  0.0636  0.0570  0.0607  0.0655
  0.0668  0.0613  0.0608  0.0589  0.0590  0.0617
  0.0619  0.0608  0.0609  0.0610  0.0575  0.0572
  0.0611  0.0626  0.0628  0.0641  0.0572  0.0538
  0.0658  0.0663  0.0650  0.0661  0.0584  0.0530
  0.0745  0.0698  0.0676  0.0676  0.0606  0.0540
niter,ni,del,rscale     7    3   12.0000    1.2000
parameter  4  0.996534 ->  0.500000 qaram    1.5209
parameters
   -2.8411  -15.7981    6.2460  -11.9801    0.9056    8.4352
eta,q 0.95218 12.80756
  0.0744  0.0677  0.0614  0.0479  0.0538  0.0589
  0.0654  0.0604  0.0551  0.0479  0.0505  0.0549
  0.0583  0.0553  0.0519  0.0489  0.0491  0.0511
  0.0530  0.0528  0.0517  0.0516  0.0479  0.0482
  0.0560  0.0514  0.0541  0.0551  0.0499  0.0484
  0.0650  0.0536  0.0573  0.0605  0.0539  0.0518
  0.0717  0.0588  0.0599  0.0638  0.0588  0.0551
niter,ni,del,rscale     7    3   12.0000    1.2000
parameters
   -2.3304  -15.0124    5.7639  -16.5310    0.6157    8.2979
eta,q 0.95380 13.04232
  0.0712  0.0613  0.0556  0.0468  0.0523  0.0536
  0.0623  0.0536  0.0504  0.0460  0.0486  0.0506
  0.0542  0.0485  0.0479  0.0466  0.0466  0.0474
  0.0478  0.0475  0.0480  0.0476  0.0462  0.0462
  0.0502  0.0489  0.0506  0.0491  0.0474  0.0475
  0.0585  0.0510  0.0534  0.0529  0.0499  0.0499
  0.0660  0.0545  0.0567  0.0598  0.0531  0.0549
niter,ni,del,rscale     6    3   12.0000    1.2000
parameter  4  0.813542 ->  0.500000 qaram    1.7490
parameters
   -2.2060  -13.5110    4.3385  -21.7780   -0.3906    8.8387
eta,q 0.95952 13.20032
  0.0677  0.0601  0.0505  0.0433  0.0484  0.0530
  0.0594  0.0541  0.0468  0.0415  0.0432  0.0478
  0.0517  0.0487  0.0450  0.0423  0.0404  0.0428
  0.0462  0.0461  0.0461  0.0450  0.0414  0.0406
  0.0494  0.0462  0.0484  0.0473  0.0440  0.0412
  0.0586  0.0477  0.0522  0.0493  0.0484  0.0450
  0.0668  0.0509  0.0585  0.0524  0.0544  0.0507
niter,ni,del,rscale     6    3   12.0000    1.2000
parameters
   -2.2639  -12.1885    3.1966  -22.7745   -0.4123    8.5755
eta,q 0.96177 13.19138
  0.0666  0.0589  0.0480  0.0495  0.0506  0.0493
  0.0565  0.0516  0.0415  0.0421  0.0444  0.0442
  0.0469  0.0448  0.0387  0.0389  0.0399  0.0396
  0.0405  0.0405  0.0398  0.0388  0.0382  0.0382
  0.0450  0.0401  0.0435  0.0433  0.0400  0.0400
  0.0576  0.0435  0.0490  0.0479  0.0444  0.0451
  0.0678  0.0484  0.0560  0.0503  0.0508  0.0510
niter,ni,del,rscale     5    3   12.0000    1.2000
parameters
   -2.3811  -11.9175    3.0225  -23.0387   -0.3364    8.5097
eta,q 0.96179 13.18468
  0.0661  0.0539  0.0520  0.0516  0.0508  0.0496
  0.0556  0.0464  0.0440  0.0433  0.0446  0.0446
  0.0447  0.0405  0.0389  0.0392  0.0400  0.0399
  0.0382  0.0383  0.0384  0.0383  0.0382  0.0382
  0.0434  0.0403  0.0412  0.0421  0.0397  0.0395
  0.0567  0.0451  0.0459  0.0472  0.0440  0.0445
  0.0686  0.0510  0.0524  0.0499  0.0504  0.0504
niter,ni,del,rscale     4    3   12.0000    1.2000
parameters
   -2.4391  -11.8378    2.9579  -23.1362   -0.2899    8.5000
eta,q 0.96179 13.18186
  0.0664  0.0530  0.0525  0.0523  0.0507  0.0497
  0.0558  0.0456  0.0443  0.0437  0.0445  0.0448
  0.0448  0.0399  0.0389  0.0393  0.0400  0.0400
  0.0382  0.0383  0.0383  0.0383  0.0382  0.0382
  0.0430  0.0407  0.0410  0.0418  0.0398  0.0394
  0.0562  0.0456  0.0456  0.0470  0.0441  0.0443
  0.0683  0.0516  0.0520  0.0499  0.0505  0.0502
niter,ni,del,rscale     3    3   12.0000    1.2000
parameters
   -2.4655  -11.8132    2.9324  -23.1724   -0.2683    8.4998
eta,q 0.96179 13.18087
  0.0666  0.0528  0.0528  0.0525  0.0506  0.0497
  0.0560  0.0453  0.0445  0.0439  0.0445  0.0448
  0.0449  0.0397  0.0390  0.0393  0.0399  0.0400
  0.0382  0.0382  0.0382  0.0382  0.0382  0.0382
  0.0428  0.0408  0.0409  0.0417  0.0398  0.0394
  0.0559  0.0458  0.0455  0.0470  0.0441  0.0443
  0.0681  0.0517  0.0518  0.0499  0.0506  0.0502
registration optimization eta report
parameter search radius
    6.9000    6.0000    6.0000   10.4940    6.0000    7.9350
100000*second partial in parameter space
       58.       38.       39.       11.       34.       18.
  0.0666  0.0528  0.0528  0.0525  0.0506  0.0497
  0.0560  0.0453  0.0445  0.0439  0.0445  0.0448
  0.0449  0.0397  0.0390  0.0393  0.0399  0.0400
  0.0382  0.0382  0.0382  0.0382  0.0382  0.0382
  0.0428  0.0408  0.0409  0.0417  0.0398  0.0394
  0.0559  0.0458  0.0455  0.0470  0.0441  0.0443
  0.0681  0.0517  0.0518  0.0499  0.0506  0.0502
   -2.4655  -11.8132    2.9324  -23.1724   -0.2683    8.4998
eta,q 0.96179 13.18087

---------------------------------------------------------------------
imgreg_4dfp /opt/freesurfer/average/711-2C_as_mni_average_305 /opt/freesurfer/average/711-2B_as_mni_average_305_mask talsrcimg_g11 none talsrcimg_to_711-2C_as_mni_average_305_t4 3335
---------------------------------------------------------------------

freesurfer imgreg_4dfp.c
/opt/freesurfer/average/711-2C_as_mni_average_305.4dfp.img
       256       256       256         1
  1.000000  1.000000  1.000000
orientation T byte_order littleendian
Reading image: /opt/freesurfer/average/711-2C_as_mni_average_305.4dfp.img
dimensions:      256       256       256
mmppix:       1.0000   -1.0000   -1.0000
center:     128.0000 -129.0000 -129.0000
/opt/freesurfer/average/711-2B_as_mni_average_305_mask.4dfp.img
       256       256       256         1
  1.000000  1.000000  1.000000
orientation T byte_order littleendian
Reading mask: /opt/freesurfer/average/711-2B_as_mni_average_305_mask.4dfp.img (2306576 pixels)
talsrcimg_g11.4dfp.img
       256       256       256         1
  1.000000  1.000000  1.000000
orientation T byte_order littleendian
Reading image: talsrcimg_g11.4dfp.img
dimensions:      256       256       256
mmppix:       1.0000   -1.0000   -1.0000
center:     128.0000 -129.0000 -129.0000
fimgreg.f
image alignment mode   3335 decimal      D07 hex
parameters
   -2.4655  -11.8132    2.9324   -1.0995   -9.1045   -8.0685
  -13.7705   -5.3904   14.7805   38.9814   -0.4683  -39.3496
eta,q 0.96155 13.25203
niter,ni,del,rscale     5    3    5.0000    1.2000
parameter  4  1.011414 ->  0.500000 qaram    1.1500
parameter  5  1.952828 ->  0.500000 qaram    1.1500
parameters
   -2.2825  -11.8397    2.4999   -5.2395  -13.2445  -10.7692
  -12.5870   -4.9201   14.3834   35.5774   -2.6015  -37.4992
eta,q 0.97291 12.86046
  0.0442  0.0410  0.0401  0.0326  0.0259  0.0286  0.0324  0.0325  0.0300  0.0279  0.0276  0.0302
  0.0413  0.0395  0.0389  0.0335  0.0273  0.0281  0.0302  0.0296  0.0288  0.0273  0.0273  0.0286
  0.0393  0.0386  0.0383  0.0351  0.0299  0.0278  0.0286  0.0281  0.0281  0.0273  0.0271  0.0276
  0.0385  0.0384  0.0384  0.0383  0.0338  0.0278  0.0279  0.0278  0.0278  0.0278  0.0272  0.0271
  0.0388  0.0388  0.0391  0.0438  0.0384  0.0289  0.0279  0.0282  0.0282  0.0289  0.0275  0.0271
  0.0403  0.0397  0.0403  0.0502  0.0432  0.0317  0.0287  0.0292  0.0291  0.0306  0.0281  0.0274
  0.0427  0.0410  0.0419  0.0566  0.0476  0.0354  0.0301  0.0311  0.0307  0.0332  0.0288  0.0280
niter,ni,del,rscale     6    3    5.0000    1.2000
parameter  5  0.753270 ->  0.500000 qaram    1.3225
parameters
   -2.1261  -10.7491    2.0519   -9.1518  -18.0055  -12.1849
  -13.4704   -5.2615   13.8039   35.9735   -1.6904  -40.8674
eta,q 0.97729 12.42238
  0.0311  0.0324  0.0274  0.0262  0.0233  0.0245  0.0251  0.0266  0.0247  0.0262  0.0242  0.0232
  0.0289  0.0301  0.0267  0.0256  0.0232  0.0235  0.0239  0.0248  0.0237  0.0247  0.0237  0.0228
  0.0276  0.0283  0.0264  0.0256  0.0238  0.0231  0.0232  0.0235  0.0232  0.0236  0.0233  0.0227
  0.0271  0.0271  0.0264  0.0264  0.0255  0.0233  0.0232  0.0231  0.0231  0.0231  0.0231  0.0231
  0.0274  0.0265  0.0268  0.0283  0.0289  0.0235  0.0237  0.0237  0.0234  0.0233  0.0231  0.0237
  0.0284  0.0266  0.0274  0.0323  0.0334  0.0245  0.0248  0.0252  0.0242  0.0242  0.0233  0.0247
  0.0301  0.0274  0.0284  0.0383  0.0380  0.0265  0.0263  0.0274  0.0253  0.0257  0.0238  0.0258
niter,ni,del,rscale     6    3    5.0000    1.2000
parameters
   -2.2715  -10.1420    1.9058   -9.6492  -21.0052  -12.0183
  -13.3468   -5.4501   13.6101   37.1852   -1.9096  -42.4283
eta,q 0.97782 12.31059
  0.0258  0.0266  0.0239  0.0252  0.0245  0.0247  0.0251  0.0261  0.0240  0.0262  0.0231  0.0232
  0.0240  0.0248  0.0231  0.0238  0.0231  0.0233  0.0236  0.0242  0.0231  0.0245  0.0227  0.0225
  0.0230  0.0235  0.0226  0.0229  0.0224  0.0225  0.0227  0.0229  0.0225  0.0231  0.0224  0.0222
  0.0227  0.0227  0.0225  0.0225  0.0225  0.0224  0.0224  0.0224  0.0224  0.0224  0.0223  0.0223
  0.0233  0.0225  0.0228  0.0228  0.0240  0.0225  0.0227  0.0229  0.0226  0.0223  0.0224  0.0227
  0.0246  0.0230  0.0234  0.0239  0.0277  0.0230  0.0236  0.0244  0.0232  0.0230  0.0227  0.0235
  0.0266  0.0240  0.0244  0.0265  0.0329  0.0246  0.0249  0.0266  0.0242  0.0244  0.0233  0.0245
niter,ni,del,rscale     5    3    5.0000    1.2000
parameters
   -2.3302  -10.0971    1.9271   -9.3614  -21.8709  -11.7870
  -13.2519   -5.5659   13.5653   37.6660   -2.0215  -42.8047
eta,q 0.97781 12.31180
  0.0254  0.0248  0.0238  0.0253  0.0260  0.0247  0.0250  0.0260  0.0240  0.0255  0.0231  0.0237
  0.0236  0.0233  0.0229  0.0237  0.0240  0.0232  0.0234  0.0240  0.0230  0.0239  0.0226  0.0228
  0.0225  0.0224  0.0224  0.0227  0.0227  0.0224  0.0225  0.0227  0.0224  0.0227  0.0223  0.0223
  0.0222  0.0222  0.0222  0.0222  0.0222  0.0222  0.0222  0.0222  0.0222  0.0222  0.0222  0.0222
  0.0226  0.0225  0.0224  0.0224  0.0225  0.0222  0.0225  0.0227  0.0225  0.0224  0.0223  0.0225
  0.0239  0.0233  0.0229  0.0232  0.0245  0.0227  0.0234  0.0241  0.0231  0.0233  0.0226  0.0231
  0.0258  0.0245  0.0237  0.0251  0.0287  0.0246  0.0248  0.0263  0.0240  0.0248  0.0232  0.0240
niter,ni,del,rscale     4    3    5.0000    1.2000
parameters
   -2.3425  -10.0681    1.9572   -9.3474  -22.0525  -11.7114
  -13.2393   -5.6005   13.5452   37.7878   -2.0580  -42.8781
eta,q 0.97781 12.31148
  0.0255  0.0247  0.0238  0.0252  0.0265  0.0246  0.0249  0.0260  0.0240  0.0253  0.0231  0.0238
  0.0237  0.0233  0.0229  0.0236  0.0244  0.0232  0.0234  0.0241  0.0230  0.0237  0.0227  0.0229
  0.0226  0.0224  0.0224  0.0226  0.0229  0.0224  0.0225  0.0227  0.0224  0.0226  0.0223  0.0224
  0.0222  0.0222  0.0222  0.0222  0.0222  0.0222  0.0222  0.0222  0.0222  0.0222  0.0222  0.0222
  0.0226  0.0225  0.0224  0.0225  0.0224  0.0222  0.0225  0.0226  0.0224  0.0225  0.0223  0.0224
  0.0238  0.0233  0.0229  0.0233  0.0239  0.0228  0.0235  0.0241  0.0230  0.0235  0.0226  0.0230
  0.0256  0.0245  0.0237  0.0254  0.0276  0.0248  0.0248  0.0262  0.0240  0.0251  0.0232  0.0239
niter,ni,del,rscale     3    3    5.0000    1.2000
parameters
   -2.3476  -10.0573    1.9711   -9.3335  -22.0945  -11.6814
  -13.2358   -5.6103   13.5313   37.8171   -2.0595  -42.8903
eta,q 0.97780 12.31236
  0.0256  0.0247  0.0238  0.0252  0.0266  0.0246  0.0249  0.0261  0.0240  0.0252  0.0231  0.0239
  0.0237  0.0233  0.0229  0.0236  0.0245  0.0232  0.0234  0.0241  0.0230  0.0236  0.0227  0.0229
  0.0226  0.0224  0.0224  0.0226  0.0229  0.0224  0.0225  0.0227  0.0224  0.0226  0.0224  0.0224
  0.0222  0.0222  0.0222  0.0222  0.0222  0.0222  0.0222  0.0222  0.0222  0.0222  0.0222  0.0222
  0.0226  0.0225  0.0224  0.0225  0.0224  0.0222  0.0225  0.0226  0.0224  0.0225  0.0223  0.0224
  0.0238  0.0233  0.0229  0.0233  0.0238  0.0228  0.0235  0.0240  0.0230  0.0236  0.0226  0.0230
  0.0256  0.0245  0.0238  0.0254  0.0274  0.0248  0.0248  0.0262  0.0240  0.0252  0.0232  0.0238
registration optimization eta report
parameter search radius
    2.4000    2.4000    2.4000    8.2800    9.5220    7.2000
    7.2000    7.2000    7.2000    7.2000    7.2000    7.2000
100000*second partial in parameter space
       59.       42.       27.        5.        5.        5.
        5.        8.        3.        6.        2.        3.
  0.0256  0.0247  0.0238  0.0252  0.0266  0.0246  0.0249  0.0261  0.0240  0.0252  0.0231  0.0239
  0.0237  0.0233  0.0229  0.0236  0.0245  0.0232  0.0234  0.0241  0.0230  0.0236  0.0227  0.0229
  0.0226  0.0224  0.0224  0.0226  0.0229  0.0224  0.0225  0.0227  0.0224  0.0226  0.0224  0.0224
  0.0222  0.0222  0.0222  0.0222  0.0222  0.0222  0.0222  0.0222  0.0222  0.0222  0.0222  0.0222
  0.0226  0.0225  0.0224  0.0225  0.0224  0.0222  0.0225  0.0226  0.0224  0.0225  0.0223  0.0224
  0.0238  0.0233  0.0229  0.0233  0.0238  0.0228  0.0235  0.0240  0.0230  0.0236  0.0226  0.0230
  0.0256  0.0245  0.0238  0.0254  0.0274  0.0248  0.0248  0.0262  0.0240  0.0252  0.0232  0.0238
   -2.3476  -10.0573    1.9711   -9.3335  -22.0945  -11.6814
  -13.2358   -5.6103   13.5313   37.8171   -2.0595  -42.8903
eta,q 0.97780 12.31236

---------------------------------------------------------------------
imgreg_4dfp /opt/freesurfer/average/711-2C_as_mni_average_305 /opt/freesurfer/average/711-2B_as_mni_average_305_mask talsrcimg_g11 none talsrcimg_to_711-2C_as_mni_average_305_t4 2311
---------------------------------------------------------------------

freesurfer imgreg_4dfp.c
/opt/freesurfer/average/711-2C_as_mni_average_305.4dfp.img
       256       256       256         1
  1.000000  1.000000  1.000000
orientation T byte_order littleendian
Reading image: /opt/freesurfer/average/711-2C_as_mni_average_305.4dfp.img
dimensions:      256       256       256
mmppix:       1.0000   -1.0000   -1.0000
center:     128.0000 -129.0000 -129.0000
/opt/freesurfer/average/711-2B_as_mni_average_305_mask.4dfp.img
       256       256       256         1
  1.000000  1.000000  1.000000
orientation T byte_order littleendian
Reading mask: /opt/freesurfer/average/711-2B_as_mni_average_305_mask.4dfp.img (2306576 pixels)
talsrcimg_g11.4dfp.img
       256       256       256         1
  1.000000  1.000000  1.000000
orientation T byte_order littleendian
Reading image: talsrcimg_g11.4dfp.img
dimensions:      256       256       256
mmppix:       1.0000   -1.0000   -1.0000
center:     128.0000 -129.0000 -129.0000
fimgreg.f
image alignment mode   2311 decimal      907 hex
parameters
   -2.3476  -10.0573    1.9711   -9.3335  -22.0945  -11.6814
  -13.2358   -5.6103   13.5313   37.8171   -2.0595  -42.8903
eta,q 0.97780 12.31237
niter,ni,del,rscale     5    3    5.0000    0.8000
parameters
   -2.3448  -10.0973    1.9498   -8.9970  -21.0994  -11.1299
  -13.2004   -5.5629   13.6033   37.8905   -2.0320  -42.7485
eta,q 0.97787 12.41966
  0.0238  0.0233  0.0229  0.0233  0.0237  0.0231  0.0234  0.0240  0.0230  0.0235  0.0226  0.0229
  0.0229  0.0226  0.0225  0.0227  0.0229  0.0225  0.0227  0.0230  0.0225  0.0228  0.0223  0.0225
  0.0224  0.0223  0.0223  0.0224  0.0225  0.0222  0.0223  0.0224  0.0222  0.0223  0.0222  0.0222
  0.0222  0.0222  0.0222  0.0222  0.0222  0.0221  0.0221  0.0221  0.0221  0.0221  0.0221  0.0221
  0.0224  0.0224  0.0223  0.0223  0.0222  0.0221  0.0223  0.0223  0.0222  0.0222  0.0222  0.0222
  0.0229  0.0227  0.0225  0.0226  0.0223  0.0222  0.0227  0.0229  0.0225  0.0227  0.0223  0.0224
  0.0237  0.0233  0.0229  0.0230  0.0228  0.0228  0.0233  0.0239  0.0229  0.0235  0.0226  0.0228
niter,ni,del,rscale     4    3    5.0000    0.7000
parameters
   -2.3209  -10.0814    1.9081   -8.7959  -21.0948  -11.1169
  -13.1918   -5.5557   13.6166   37.8972   -2.0370  -42.8232
eta,q 0.97787 12.43419
  0.0234  0.0230  0.0226  0.0229  0.0229  0.0227  0.0231  0.0235  0.0228  0.0232  0.0225  0.0227
  0.0227  0.0225  0.0223  0.0225  0.0225  0.0223  0.0225  0.0228  0.0224  0.0226  0.0223  0.0224
  0.0223  0.0222  0.0222  0.0222  0.0222  0.0222  0.0222  0.0223  0.0222  0.0223  0.0222  0.0222
  0.0221  0.0221  0.0221  0.0221  0.0221  0.0221  0.0221  0.0221  0.0221  0.0221  0.0221  0.0221
  0.0222  0.0222  0.0222  0.0222  0.0222  0.0221  0.0222  0.0223  0.0222  0.0222  0.0222  0.0222
  0.0226  0.0225  0.0224  0.0224  0.0224  0.0222  0.0225  0.0227  0.0224  0.0226  0.0223  0.0224
  0.0233  0.0229  0.0227  0.0228  0.0230  0.0227  0.0231  0.0235  0.0227  0.0232  0.0225  0.0227
niter,ni,del,rscale     3    3    5.0000    0.6000
parameters
   -2.3193  -10.0847    1.8838   -8.8095  -21.0335  -10.9587
  -13.1773   -5.5492   13.6044   37.9581   -2.0357  -42.8949
eta,q 0.97788 12.44861
  0.0230  0.0228  0.0225  0.0227  0.0227  0.0225  0.0228  0.0232  0.0226  0.0229  0.0224  0.0225
  0.0225  0.0224  0.0223  0.0224  0.0224  0.0223  0.0224  0.0226  0.0223  0.0225  0.0222  0.0223
  0.0222  0.0222  0.0222  0.0222  0.0222  0.0222  0.0222  0.0222  0.0222  0.0222  0.0222  0.0222
  0.0221  0.0221  0.0221  0.0221  0.0221  0.0221  0.0221  0.0221  0.0221  0.0221  0.0221  0.0221
  0.0222  0.0222  0.0222  0.0222  0.0222  0.0221  0.0222  0.0222  0.0222  0.0222  0.0221  0.0222
  0.0225  0.0224  0.0223  0.0224  0.0223  0.0222  0.0224  0.0226  0.0223  0.0224  0.0222  0.0223
  0.0230  0.0227  0.0225  0.0227  0.0227  0.0225  0.0228  0.0232  0.0226  0.0229  0.0224  0.0226
niter,ni,del,rscale     2    3    5.0000    0.5000
parameters
   -2.3152  -10.0872    1.8717   -8.7837  -21.0325  -10.7403
  -13.1558   -5.5601   13.6069   38.0431   -2.0505  -42.9619
eta,q 0.97790 12.46503
  0.0227  0.0226  0.0224  0.0225  0.0225  0.0223  0.0226  0.0228  0.0224  0.0227  0.0223  0.0224
  0.0224  0.0223  0.0222  0.0223  0.0223  0.0222  0.0223  0.0224  0.0222  0.0224  0.0222  0.0222
  0.0222  0.0222  0.0221  0.0222  0.0222  0.0222  0.0222  0.0222  0.0221  0.0222  0.0221  0.0221
  0.0221  0.0221  0.0221  0.0221  0.0221  0.0221  0.0221  0.0221  0.0221  0.0221  0.0221  0.0221
  0.0222  0.0222  0.0221  0.0222  0.0222  0.0221  0.0222  0.0222  0.0221  0.0222  0.0221  0.0221
  0.0224  0.0223  0.0222  0.0223  0.0223  0.0221  0.0223  0.0224  0.0222  0.0223  0.0222  0.0222
  0.0227  0.0225  0.0224  0.0225  0.0225  0.0223  0.0226  0.0228  0.0224  0.0226  0.0223  0.0224
niter,ni,del,rscale     1    3    5.0000    0.4000
parameters
   -2.3116  -10.0865    1.8764   -8.7639  -21.0285  -10.4253
  -13.1165   -5.5857   13.6004   38.1549   -2.0546  -42.9846
eta,q 0.97791 12.48543
  0.0225  0.0224  0.0223  0.0224  0.0224  0.0223  0.0224  0.0225  0.0223  0.0225  0.0222  0.0223
  0.0223  0.0222  0.0222  0.0222  0.0222  0.0222  0.0222  0.0223  0.0222  0.0223  0.0221  0.0222
  0.0221  0.0221  0.0221  0.0221  0.0221  0.0221  0.0221  0.0221  0.0221  0.0221  0.0221  0.0221
  0.0221  0.0221  0.0221  0.0221  0.0221  0.0221  0.0221  0.0221  0.0221  0.0221  0.0221  0.0221
  0.0221  0.0221  0.0221  0.0221  0.0221  0.0221  0.0221  0.0221  0.0221  0.0221  0.0221  0.0221
  0.0223  0.0222  0.0222  0.0222  0.0222  0.0221  0.0222  0.0223  0.0222  0.0222  0.0221  0.0222
  0.0225  0.0224  0.0223  0.0223  0.0224  0.0222  0.0224  0.0226  0.0223  0.0224  0.0222  0.0223
registration optimization eta report
parameter search radius
    0.8000    0.8000    0.8000    2.4000    2.4000    2.4000
    2.4000    2.4000    2.4000    2.4000    2.4000    2.4000
100000*second partial in parameter space
       62.       44.       30.        4.        4.        2.
        5.        8.        3.        6.        2.        3.
  0.0225  0.0224  0.0223  0.0224  0.0224  0.0223  0.0224  0.0225  0.0223  0.0225  0.0222  0.0223
  0.0223  0.0222  0.0222  0.0222  0.0222  0.0222  0.0222  0.0223  0.0222  0.0223  0.0221  0.0222
  0.0221  0.0221  0.0221  0.0221  0.0221  0.0221  0.0221  0.0221  0.0221  0.0221  0.0221  0.0221
  0.0221  0.0221  0.0221  0.0221  0.0221  0.0221  0.0221  0.0221  0.0221  0.0221  0.0221  0.0221
  0.0221  0.0221  0.0221  0.0221  0.0221  0.0221  0.0221  0.0221  0.0221  0.0221  0.0221  0.0221
  0.0223  0.0222  0.0222  0.0222  0.0222  0.0221  0.0222  0.0223  0.0222  0.0222  0.0221  0.0222
  0.0225  0.0224  0.0223  0.0223  0.0224  0.0222  0.0224  0.0226  0.0223  0.0224  0.0222  0.0223
   -2.3116  -10.0865    1.8764   -8.7639  -21.0285  -10.4253
  -13.1165   -5.5857   13.6004   38.1549   -2.0546  -42.9846
eta,q 0.97791 12.48543

---------------------------------------------------------------------
imgreg_4dfp /opt/freesurfer/average/711-2C_as_mni_average_305 /opt/freesurfer/average/711-2B_as_mni_average_305_mask talsrcimg_g11 none talsrcimg_to_711-2C_as_mni_average_305_t4 2311
---------------------------------------------------------------------

freesurfer imgreg_4dfp.c
/opt/freesurfer/average/711-2C_as_mni_average_305.4dfp.img
       256       256       256         1
  1.000000  1.000000  1.000000
orientation T byte_order littleendian
Reading image: /opt/freesurfer/average/711-2C_as_mni_average_305.4dfp.img
dimensions:      256       256       256
mmppix:       1.0000   -1.0000   -1.0000
center:     128.0000 -129.0000 -129.0000
/opt/freesurfer/average/711-2B_as_mni_average_305_mask.4dfp.img
       256       256       256         1
  1.000000  1.000000  1.000000
orientation T byte_order littleendian
Reading mask: /opt/freesurfer/average/711-2B_as_mni_average_305_mask.4dfp.img (2306576 pixels)
talsrcimg_g11.4dfp.img
       256       256       256         1
  1.000000  1.000000  1.000000
orientation T byte_order littleendian
Reading image: talsrcimg_g11.4dfp.img
dimensions:      256       256       256
mmppix:       1.0000   -1.0000   -1.0000
center:     128.0000 -129.0000 -129.0000
fimgreg.f
image alignment mode   2311 decimal      907 hex
parameters
   -2.3116  -10.0865    1.8764   -8.7639  -21.0285  -10.4253
  -13.1165   -5.5857   13.6004   38.1549   -2.0546  -42.9846
eta,q 0.97791 12.48542
niter,ni,del,rscale     5    3    5.0000    0.8000
parameters
   -2.3106  -10.0440    1.9461   -8.5855  -21.3044  -11.1918
  -13.1444   -5.5943   13.6234   37.9273   -2.1362  -42.8630
eta,q 0.97786 12.43127
  0.0236  0.0233  0.0229  0.0231  0.0231  0.0227  0.0233  0.0239  0.0230  0.0234  0.0225  0.0229
  0.0228  0.0226  0.0225  0.0226  0.0225  0.0223  0.0227  0.0230  0.0225  0.0227  0.0223  0.0225
  0.0223  0.0222  0.0222  0.0222  0.0222  0.0222  0.0223  0.0224  0.0222  0.0223  0.0222  0.0222
  0.0221  0.0221  0.0221  0.0221  0.0221  0.0221  0.0221  0.0221  0.0221  0.0221  0.0221  0.0221
  0.0223  0.0222  0.0222  0.0222  0.0222  0.0221  0.0223  0.0223  0.0222  0.0223  0.0222  0.0222
  0.0228  0.0226  0.0224  0.0225  0.0226  0.0226  0.0227  0.0229  0.0225  0.0228  0.0223  0.0225
  0.0236  0.0231  0.0228  0.0230  0.0234  0.0237  0.0233  0.0240  0.0229  0.0237  0.0226  0.0228
niter,ni,del,rscale     4    3    5.0000    0.7000
parameters
   -2.3251  -10.0601    1.9025   -8.7827  -21.1021  -11.0752
  -13.1806   -5.5747   13.6082   37.9229   -2.0607  -42.8669
eta,q 0.97788 12.43871
  0.0233  0.0230  0.0227  0.0228  0.0230  0.0227  0.0230  0.0235  0.0227  0.0232  0.0225  0.0227
  0.0226  0.0225  0.0223  0.0224  0.0225  0.0223  0.0225  0.0228  0.0224  0.0226  0.0223  0.0224
  0.0223  0.0222  0.0222  0.0222  0.0223  0.0222  0.0222  0.0223  0.0222  0.0223  0.0222  0.0222
  0.0221  0.0221  0.0221  0.0221  0.0221  0.0221  0.0221  0.0221  0.0221  0.0221  0.0221  0.0221
  0.0223  0.0223  0.0222  0.0223  0.0222  0.0221  0.0222  0.0223  0.0222  0.0222  0.0221  0.0222
  0.0227  0.0225  0.0224  0.0225  0.0224  0.0222  0.0226  0.0227  0.0224  0.0226  0.0223  0.0224
  0.0233  0.0230  0.0227  0.0229  0.0229  0.0227  0.0231  0.0235  0.0227  0.0232  0.0225  0.0227
niter,ni,del,rscale     3    3    5.0000    0.6000
parameters
   -2.3213  -10.0795    1.8862   -8.7872  -21.0545  -10.9472
  -13.1792   -5.5580   13.6054   37.9707   -2.0595  -42.9020
eta,q 0.97789 12.44997
  0.0230  0.0227  0.0225  0.0227  0.0227  0.0225  0.0228  0.0232  0.0226  0.0229  0.0224  0.0225
  0.0225  0.0224  0.0223  0.0224  0.0224  0.0223  0.0224  0.0226  0.0223  0.0225  0.0222  0.0223
  0.0222  0.0222  0.0222  0.0222  0.0222  0.0222  0.0222  0.0222  0.0222  0.0222  0.0222  0.0222
  0.0221  0.0221  0.0221  0.0221  0.0221  0.0221  0.0221  0.0221  0.0221  0.0221  0.0221  0.0221
  0.0222  0.0222  0.0222  0.0222  0.0222  0.0221  0.0222  0.0222  0.0222  0.0222  0.0221  0.0222
  0.0225  0.0224  0.0223  0.0224  0.0223  0.0222  0.0224  0.0226  0.0223  0.0224  0.0222  0.0223
  0.0230  0.0228  0.0225  0.0227  0.0227  0.0225  0.0228  0.0232  0.0226  0.0229  0.0224  0.0225
niter,ni,del,rscale     2    3    5.0000    0.5000
parameters
   -2.3164  -10.0851    1.8737   -8.7823  -21.0347  -10.7391
  -13.1543   -5.5627   13.5961   38.0465   -2.0579  -42.9576
eta,q 0.97790 12.46498
  0.0227  0.0226  0.0224  0.0225  0.0225  0.0223  0.0226  0.0228  0.0224  0.0227  0.0223  0.0224
  0.0224  0.0223  0.0222  0.0223  0.0223  0.0222  0.0223  0.0224  0.0222  0.0224  0.0222  0.0222
  0.0222  0.0222  0.0221  0.0222  0.0222  0.0222  0.0222  0.0222  0.0221  0.0222  0.0221  0.0221
  0.0221  0.0221  0.0221  0.0221  0.0221  0.0221  0.0221  0.0221  0.0221  0.0221  0.0221  0.0221
  0.0222  0.0222  0.0222  0.0222  0.0222  0.0221  0.0222  0.0222  0.0221  0.0221  0.0221  0.0221
  0.0224  0.0223  0.0222  0.0223  0.0223  0.0221  0.0223  0.0224  0.0222  0.0223  0.0222  0.0222
  0.0227  0.0226  0.0224  0.0225  0.0225  0.0223  0.0226  0.0228  0.0224  0.0226  0.0223  0.0224
niter,ni,del,rscale     1    3    5.0000    0.4000
parameters
   -2.3156  -10.0873    1.8796   -8.7699  -21.0337  -10.4428
  -13.1228   -5.5866   13.6003   38.1523   -2.0615  -42.9818
eta,q 0.97792 12.48387
  0.0225  0.0224  0.0223  0.0223  0.0224  0.0223  0.0224  0.0226  0.0223  0.0225  0.0222  0.0223
  0.0223  0.0222  0.0222  0.0222  0.0222  0.0222  0.0222  0.0223  0.0222  0.0223  0.0221  0.0222
  0.0221  0.0221  0.0221  0.0221  0.0221  0.0221  0.0221  0.0221  0.0221  0.0221  0.0221  0.0221
  0.0221  0.0221  0.0221  0.0221  0.0221  0.0221  0.0221  0.0221  0.0221  0.0221  0.0221  0.0221
  0.0221  0.0221  0.0221  0.0221  0.0221  0.0221  0.0221  0.0221  0.0221  0.0221  0.0221  0.0221
  0.0223  0.0222  0.0222  0.0222  0.0222  0.0221  0.0222  0.0223  0.0222  0.0222  0.0221  0.0222
  0.0225  0.0224  0.0223  0.0223  0.0224  0.0222  0.0224  0.0226  0.0223  0.0224  0.0222  0.0223
registration optimization eta report
parameter search radius
    0.8000    0.8000    0.8000    2.4000    2.4000    2.4000
    2.4000    2.4000    2.4000    2.4000    2.4000    2.4000
100000*second partial in parameter space
       62.       44.       30.        4.        4.        2.
        5.        8.        3.        6.        2.        3.
  0.0225  0.0224  0.0223  0.0223  0.0224  0.0223  0.0224  0.0226  0.0223  0.0225  0.0222  0.0223
  0.0223  0.0222  0.0222  0.0222  0.0222  0.0222  0.0222  0.0223  0.0222  0.0223  0.0221  0.0222
  0.0221  0.0221  0.0221  0.0221  0.0221  0.0221  0.0221  0.0221  0.0221  0.0221  0.0221  0.0221
  0.0221  0.0221  0.0221  0.0221  0.0221  0.0221  0.0221  0.0221  0.0221  0.0221  0.0221  0.0221
  0.0221  0.0221  0.0221  0.0221  0.0221  0.0221  0.0221  0.0221  0.0221  0.0221  0.0221  0.0221
  0.0223  0.0222  0.0222  0.0222  0.0222  0.0221  0.0222  0.0223  0.0222  0.0222  0.0221  0.0222
  0.0225  0.0224  0.0223  0.0223  0.0224  0.0222  0.0224  0.0226  0.0223  0.0224  0.0222  0.0223
   -2.3156  -10.0873    1.8796   -8.7699  -21.0337  -10.4428
  -13.1228   -5.5866   13.6003   38.1523   -2.0615  -42.9818
eta,q 0.97792 12.48387

---------------------------------------------------------------------
compute_vox2vox talsrcimg talsrcimg_to_711-2C_as_mni_average_305_t4 /opt/freesurfer/average/711-2C_as_mni_average_305
---------------------------------------------------------------------

freesurfer compute_vox2vox.c
Reading: talsrcimg.4dfp.ifh
Reading: talsrcimg_to_711-2C_as_mni_average_305_t4
Reading: /opt/freesurfer/average/711-2C_as_mni_average_305.4dfp.ifh
Writing: talsrcimg_to_711-2C_as_mni_average_305_t4_vox2vox.txt

start time Sun Mar 8 12:45:55 CET 2026
end		time Sun Mar 8 12:47:22 CET 2026

mpr2mni305 success

avi2talxfm orig_nu.mgz /opt/freesurfer/average/mni305.cor.mgz talsrcimg_to_711-2C_as_mni_average_305_t4_vox2vox.txt transforms/talairach.auto.xfm
avi2talxfm done
mv -f /out/sourcedata/freesurfer/sub-v1s12x0050123_ses-1/mri/talsrcimg_to_711-2C_as_mni_average_305_t4_vox2vox.txt /out/sourcedata/freesurfer/sub-v1s12x0050123_ses-1/mri/transforms/talsrcimg_to_711-2C_as_mni_average_305_t4_vox2vox.txt
lta_convert --src orig_nu.mgz --trg /opt/freesurfer/average/mni305.cor.mgz --inxfm transforms/talairach.auto.xfm --outlta transforms/talairach.auto.xfm.lta --subject fsaverage
7.3.2

--src: orig_nu.mgz src image (geometry).
--trg: /opt/freesurfer/average/mni305.cor.mgz trg image (geometry).
--inmni: transforms/talairach.auto.xfm input MNI/XFM transform.
--outlta: transforms/talairach.auto.xfm.lta output LTA.
--s: fsaverage subject name
 LTA read, type : 1
 1.07005  -0.00731   0.17384   6.49553;
-0.05181   0.90678   0.48496  -2.19134;
-0.15926  -0.43685   1.00212   13.40909;
 0.00000   0.00000   0.00000   1.00000;
setting subject to fsaverage
Writing  LTA to file transforms/talairach.auto.xfm.lta...
lta_convert successful.
 
 
Started at Sun Mar 8 12:45:55 CET 2026
Ended   at Sun Mar  8 12:47:22 CET 2026
talairach_avi done
