status file for recon-all
Sun Mar  8 14:30:52 CET 2026
#@# Tessellate lh Sun Mar  8 14:30:52 CET 2026
#@# Smooth1 lh Sun Mar  8 14:30:55 CET 2026
#@# Inflation1 lh Sun Mar  8 14:30:58 CET 2026
#@# QSphere lh Sun Mar  8 14:31:11 CET 2026
#@# Fix Topology lh Sun Mar  8 14:32:27 CET 2026
#@# Smooth2 lh Sun Mar  8 14:38:20 CET 2026
#@# Inflation2 lh Sun Mar  8 14:38:23 CET 2026
#@# Curv .H and .K lh Sun Mar  8 14:38:37 CET 2026
#@# Sphere lh Sun Mar  8 14:39:19 CET 2026
#@# Surf Reg lh Sun Mar  8 14:42:38 CET 2026
#@# Jacobian white lh Sun Mar  8 14:45:54 CET 2026
#@# AvgCurv lh Sun Mar  8 14:45:55 CET 2026
#@# Cortical Parc lh Sun Mar  8 14:45:56 CET 2026
#@# white curv lh Sun Mar  8 14:51:54 CET 2026
#@# white area lh Sun Mar  8 14:51:56 CET 2026
#@# pial curv lh Sun Mar  8 14:51:57 CET 2026
#@# pial area lh Sun Mar  8 14:51:59 CET 2026
#@# thickness lh Sun Mar  8 14:52:00 CET 2026
#@# area and vertex vol lh Sun Mar  8 14:52:29 CET 2026
#@# Curvature Stats lh Sun Mar  8 14:52:31 CET 2026
#@# Cortical Parc 2 lh Sun Mar  8 14:52:33 CET 2026
#@# Cortical Parc 3 lh Sun Mar  8 14:52:46 CET 2026
#@# WM/GM Contrast lh Sun Mar  8 14:52:57 CET 2026
recon-all -s sub-v1s12x0050124_ses-1 finished without error at Sun Mar  8 14:53:00 CET 2026



#New# invocation of recon-all 



status file for recon-all
Sun Mar  8 15:17:04 CET 2026
#@# white curv lh Sun Mar  8 15:17:04 CET 2026
#@# white area lh Sun Mar  8 15:17:04 CET 2026
#@# pial curv lh Sun Mar  8 15:17:04 CET 2026
#@# pial area lh Sun Mar  8 15:17:04 CET 2026
#@# thickness lh Sun Mar  8 15:17:04 CET 2026
#@# area and vertex vol lh Sun Mar  8 15:17:04 CET 2026
#@# Parcellation Stats lh Sun Mar  8 15:17:04 CET 2026
#@# Parcellation Stats 2 lh Sun Mar  8 15:17:21 CET 2026
#@# Parcellation Stats 3 lh Sun Mar  8 15:17:29 CET 2026
#@# BA_exvivo Labels lh Sun Mar  8 15:17:38 CET 2026
recon-all -s sub-v1s12x0050124_ses-1 finished without error at Sun Mar  8 15:20:31 CET 2026
