status file for recon-all
Sun Mar  8 14:24:07 CET 2026
#@# Tessellate lh Sun Mar  8 14:24:07 CET 2026
#@# Smooth1 lh Sun Mar  8 14:24:11 CET 2026
#@# Inflation1 lh Sun Mar  8 14:24:13 CET 2026
#@# QSphere lh Sun Mar  8 14:24:22 CET 2026
#@# Fix Topology lh Sun Mar  8 14:25:12 CET 2026
#@# Smooth2 lh Sun Mar  8 14:34:18 CET 2026
#@# Inflation2 lh Sun Mar  8 14:34:20 CET 2026
#@# Curv .H and .K lh Sun Mar  8 14:34:30 CET 2026
#@# Sphere lh Sun Mar  8 14:35:12 CET 2026
#@# Surf Reg lh Sun Mar  8 14:38:18 CET 2026
#@# Jacobian white lh Sun Mar  8 14:41:42 CET 2026
#@# AvgCurv lh Sun Mar  8 14:41:42 CET 2026
#@# Cortical Parc lh Sun Mar  8 14:41:43 CET 2026
#@# white curv lh Sun Mar  8 14:46:56 CET 2026
#@# white area lh Sun Mar  8 14:46:58 CET 2026
#@# pial curv lh Sun Mar  8 14:46:58 CET 2026
#@# pial area lh Sun Mar  8 14:47:00 CET 2026
#@# thickness lh Sun Mar  8 14:47:00 CET 2026
#@# area and vertex vol lh Sun Mar  8 14:47:27 CET 2026
#@# Curvature Stats lh Sun Mar  8 14:47:29 CET 2026
#@# Cortical Parc 2 lh Sun Mar  8 14:47:31 CET 2026
#@# Cortical Parc 3 lh Sun Mar  8 14:47:43 CET 2026
#@# WM/GM Contrast lh Sun Mar  8 14:47:52 CET 2026
recon-all -s sub-v1s12x0050136_ses-1 finished without error at Sun Mar  8 14:47:54 CET 2026



#New# invocation of recon-all 



status file for recon-all
Sun Mar  8 15:15:09 CET 2026
#@# white curv lh Sun Mar  8 15:15:09 CET 2026
#@# white area lh Sun Mar  8 15:15:09 CET 2026
#@# pial curv lh Sun Mar  8 15:15:09 CET 2026
#@# pial area lh Sun Mar  8 15:15:09 CET 2026
#@# thickness lh Sun Mar  8 15:15:09 CET 2026
#@# area and vertex vol lh Sun Mar  8 15:15:09 CET 2026
#@# Parcellation Stats lh Sun Mar  8 15:15:09 CET 2026
#@# Parcellation Stats 2 lh Sun Mar  8 15:15:24 CET 2026
#@# Parcellation Stats 3 lh Sun Mar  8 15:15:32 CET 2026
#@# BA_exvivo Labels lh Sun Mar  8 15:15:40 CET 2026
recon-all -s sub-v1s12x0050136_ses-1 finished without error at Sun Mar  8 15:17:50 CET 2026
