status file for recon-all
Sun Mar  8 14:47:57 CET 2026
#@# Tessellate rh Sun Mar  8 14:47:57 CET 2026
#@# Smooth1 rh Sun Mar  8 14:48:01 CET 2026
#@# Inflation1 rh Sun Mar  8 14:48:03 CET 2026
#@# QSphere rh Sun Mar  8 14:48:12 CET 2026
#@# Fix Topology rh Sun Mar  8 14:49:02 CET 2026
#@# Smooth2 rh Sun Mar  8 14:55:28 CET 2026
#@# Inflation2 rh Sun Mar  8 14:55:31 CET 2026
#@# Curv .H and .K rh Sun Mar  8 14:55:40 CET 2026
#@# Sphere rh Sun Mar  8 14:56:24 CET 2026
#@# Surf Reg rh Sun Mar  8 14:59:50 CET 2026
#@# Jacobian white rh Sun Mar  8 15:03:32 CET 2026
#@# AvgCurv rh Sun Mar  8 15:03:33 CET 2026
#@# Cortical Parc rh Sun Mar  8 15:03:33 CET 2026
#@# white curv rh Sun Mar  8 15:08:25 CET 2026
#@# white area rh Sun Mar  8 15:08:27 CET 2026
#@# pial curv rh Sun Mar  8 15:08:27 CET 2026
#@# pial area rh Sun Mar  8 15:08:28 CET 2026
#@# thickness rh Sun Mar  8 15:08:29 CET 2026
#@# area and vertex vol rh Sun Mar  8 15:08:56 CET 2026
#@# Curvature Stats rh Sun Mar  8 15:08:57 CET 2026
#@# Cortical Parc 2 rh Sun Mar  8 15:08:59 CET 2026
#@# Cortical Parc 3 rh Sun Mar  8 15:09:11 CET 2026
#@# WM/GM Contrast rh Sun Mar  8 15:09:20 CET 2026
recon-all -s sub-v1s12x0050136_ses-1 finished without error at Sun Mar  8 15:09:22 CET 2026



#New# invocation of recon-all 



status file for recon-all
Sun Mar  8 15:17:51 CET 2026
#@# white curv rh Sun Mar  8 15:17:51 CET 2026
#@# white area rh Sun Mar  8 15:17:51 CET 2026
#@# pial curv rh Sun Mar  8 15:17:51 CET 2026
#@# pial area rh Sun Mar  8 15:17:51 CET 2026
#@# thickness rh Sun Mar  8 15:17:51 CET 2026
#@# area and vertex vol rh Sun Mar  8 15:17:51 CET 2026
#@# Parcellation Stats rh Sun Mar  8 15:17:51 CET 2026
#@# Parcellation Stats 2 rh Sun Mar  8 15:18:06 CET 2026
#@# Parcellation Stats 3 rh Sun Mar  8 15:18:14 CET 2026
#@# BA_exvivo Labels rh Sun Mar  8 15:18:21 CET 2026
recon-all -s sub-v1s12x0050136_ses-1 finished without error at Sun Mar  8 15:20:29 CET 2026
