status file for recon-all
Sun Mar  8 14:27:43 CET 2026
#@# Tessellate lh Sun Mar  8 14:27:43 CET 2026
#@# Smooth1 lh Sun Mar  8 14:27:47 CET 2026
#@# Inflation1 lh Sun Mar  8 14:27:50 CET 2026
#@# QSphere lh Sun Mar  8 14:28:04 CET 2026
#@# Fix Topology lh Sun Mar  8 14:29:20 CET 2026
#@# Smooth2 lh Sun Mar  8 14:35:58 CET 2026
#@# Inflation2 lh Sun Mar  8 14:36:01 CET 2026
#@# Curv .H and .K lh Sun Mar  8 14:36:17 CET 2026
#@# Sphere lh Sun Mar  8 14:37:09 CET 2026
#@# Surf Reg lh Sun Mar  8 14:39:30 CET 2026
#@# Jacobian white lh Sun Mar  8 14:43:37 CET 2026
#@# AvgCurv lh Sun Mar  8 14:43:38 CET 2026
#@# Cortical Parc lh Sun Mar  8 14:43:39 CET 2026
#@# white curv lh Sun Mar  8 14:51:58 CET 2026
#@# white area lh Sun Mar  8 14:52:00 CET 2026
#@# pial curv lh Sun Mar  8 14:52:00 CET 2026
#@# pial area lh Sun Mar  8 14:52:02 CET 2026
#@# thickness lh Sun Mar  8 14:52:03 CET 2026
#@# area and vertex vol lh Sun Mar  8 14:52:36 CET 2026
#@# Curvature Stats lh Sun Mar  8 14:52:38 CET 2026
#@# Cortical Parc 2 lh Sun Mar  8 14:52:41 CET 2026
#@# Cortical Parc 3 lh Sun Mar  8 14:52:55 CET 2026
#@# WM/GM Contrast lh Sun Mar  8 14:53:06 CET 2026
recon-all -s sub-v1s12x0050131_ses-1 finished without error at Sun Mar  8 14:53:09 CET 2026



#New# invocation of recon-all 



status file for recon-all
Sun Mar  8 15:26:53 CET 2026
#@# white curv lh Sun Mar  8 15:26:53 CET 2026
#@# white area lh Sun Mar  8 15:26:53 CET 2026
#@# pial curv lh Sun Mar  8 15:26:53 CET 2026
#@# pial area lh Sun Mar  8 15:26:53 CET 2026
#@# thickness lh Sun Mar  8 15:26:53 CET 2026
#@# area and vertex vol lh Sun Mar  8 15:26:53 CET 2026
#@# Parcellation Stats lh Sun Mar  8 15:26:53 CET 2026
#@# Parcellation Stats 2 lh Sun Mar  8 15:27:14 CET 2026
#@# Parcellation Stats 3 lh Sun Mar  8 15:27:25 CET 2026
#@# BA_exvivo Labels lh Sun Mar  8 15:27:36 CET 2026
recon-all -s sub-v1s12x0050131_ses-1 finished without error at Sun Mar  8 15:30:25 CET 2026
