/out/sourcedata/freesurfer/sub-v1s12x0050130_ses-1/mri
/opt/freesurfer/bin/talairach_avi
--i orig_nu.mgz --xfm transforms/talairach.auto.xfm
talairach_avi 7.3.2
Linux dna009 5.14.0-427.37.1.el9_4.x86_64 #1 SMP PREEMPT_DYNAMIC Fri Sep 13 12:41:50 EDT 2024 x86_64 x86_64 x86_64 GNU/Linux
Sun Mar  8 12:46:02 CET 2026
mri_convert orig_nu.mgz talsrcimg.img 
reading from orig_nu.mgz...
TR=0.00, TE=0.00, TI=0.00, flip angle=0.00
i_ras = (-1, 0, 0)
j_ras = (0, 0, -1)
k_ras = (0, 1, 0)
writing to talsrcimg.img...
Analyze Output Matrix
-1.00000   0.00000   0.00000   116.18696;
 0.00000   0.00000   1.00000  -128.72639;
 0.00000  -1.00000   0.00000   141.14484;
 0.00000   0.00000   0.00000   1.00000;
--------------------
INFO: set hdr.hist.orient to -1
mpr2mni305 talsrcimg
Sun Mar  8 12:46:03 CET 2026
/opt/freesurfer/bin/mpr2mni305 talsrcimg
mpr2mni305 7.3.2
target=711-2C_as_mni_average_305

---------------------------------------------------------------------
analyzeto4dfp talsrcimg -O0 -y
---------------------------------------------------------------------

freesurfer ifh2hdr.c
Sun Mar  8 12:46:03 2026
Writing: talsrcimg.4dfp.hdr
freesurfer analyzeto4dfp.c
Reading: talsrcimg.hdr
header size 348 bytes
hdr.dime.datatype	offset=70	value=2
hdr.dime.bitpix		offset=72	value=8
hdr.hist.orient		offset=252	value=-1
dimensionality     4
dimensions       256       256       256         1
Reading: talsrcimg.img
Writing: talsrcimg.4dfp.img
Writing: talsrcimg.4dfp.ifh
ifh2hdr talsrcimg -r0to219
ori=2

---------------------------------------------------------------------
gauss_4dfp talsrcimg 1.1
---------------------------------------------------------------------

freesurfer gauss_4dfp.c
Reading: talsrcimg.4dfp.img
Writing: talsrcimg_g11.4dfp.img
image dimensions 256 256 256 padded to 288 288 288
processing volume 1freesurfer ifh2hdr.c
Sun Mar  8 12:46:04 2026
Writing: talsrcimg_g11.4dfp.hdr

Writing: talsrcimg_g11.4dfp.ifh
including: talsrcimg.4dfp.img.rec in talsrcimg_g11.4dfp.img.rec

---------------------------------------------------------------------
imgreg_4dfp /opt/freesurfer/average/711-2C_as_mni_average_305 none talsrcimg_g11 none talsrcimg_to_711-2C_as_mni_average_305_t4 4355
---------------------------------------------------------------------

freesurfer imgreg_4dfp.c
/opt/freesurfer/average/711-2C_as_mni_average_305.4dfp.img
       256       256       256         1
  1.000000  1.000000  1.000000
orientation T byte_order littleendian
Reading image: /opt/freesurfer/average/711-2C_as_mni_average_305.4dfp.img
dimensions:      256       256       256
mmppix:       1.0000   -1.0000   -1.0000
center:     128.0000 -129.0000 -129.0000
talsrcimg_g11.4dfp.img
       256       256       256         1
  1.000000  1.000000  1.000000
orientation T byte_order littleendian
Reading image: talsrcimg_g11.4dfp.img
dimensions:      256       256       256
mmppix:       1.0000   -1.0000   -1.0000
center:     128.0000 -129.0000 -129.0000
t4_read: open error in t4_sub.f l:  41 t4_file(1:l)talsrcimg_to_711-2C_as_mni_average_305_t4 
t4_read: transform initialized to I4
rotation matrix determinant  1.000000
image alignment mode   4355 decimal     1103 hex
   -7.5000  -45.0000  -45.0000 8765.5449   16.9791
    0.0000  -45.0000  -45.0000 9119.6230   16.9614
    7.5000  -45.0000  -45.0000 8630.1328   16.9592
   -7.5000  -37.5000  -45.0000 9277.0420   16.9647
    0.0000  -37.5000  -45.0000 9654.3047   16.9494
    7.5000  -37.5000  -45.0000 9141.3994   16.9476
   -7.5000  -30.0000  -45.000010076.1924   16.9376
    0.0000  -30.0000  -45.000010506.4199   16.9254
    7.5000  -30.0000  -45.0000 9922.4346   16.9277
   -7.5000  -22.5000  -45.000010843.9727   16.9203
    0.0000  -22.5000  -45.000011308.0723   16.9092
    7.5000  -22.5000  -45.000010684.4092   16.9153
   -7.5000  -15.0000  -45.000011538.5742   16.9255
    0.0000  -15.0000  -45.000012040.6680   16.9123
    7.5000  -15.0000  -45.000011354.3604   16.9184
   -7.5000   -7.5000  -45.000012136.0996   16.9513
    0.0000   -7.5000  -45.000012663.4951   16.9348
    7.5000   -7.5000  -45.000011943.7002   16.9365
   -7.5000    0.0000  -45.000012572.0918   16.9732
    0.0000    0.0000  -45.000013084.8311   16.9556
    7.5000    0.0000  -45.000012321.4951   16.9534
   -7.5000    7.5000  -45.000012077.3896   16.9647
    0.0000    7.5000  -45.000012556.5850   16.9494
    7.5000    7.5000  -45.000011781.1641   16.9476
   -7.5000   15.0000  -45.000011441.7988   16.9376
    0.0000   15.0000  -45.000011901.7119   16.9254
    7.5000   15.0000  -45.000011141.2285   16.9277
   -7.5000   22.5000  -45.000010663.5303   16.9180
    0.0000   22.5000  -45.000011092.3193   16.9068
    7.5000   22.5000  -45.000010402.1289   16.9130
   -7.5000   30.0000  -45.0000 9770.0225   16.6999
    0.0000   30.0000  -45.000010181.1992   16.6869
    7.5000   30.0000  -45.0000 9572.4961   16.6929
   -7.5000   37.5000  -45.0000 9230.4473   16.7254
    0.0000   37.5000  -45.0000 9617.0322   16.7091
    7.5000   37.5000  -45.0000 9053.0703   16.7108
   -7.5000   45.0000  -45.0000 8408.6279   16.3496
    0.0000   45.0000  -45.0000 8773.6904   16.3326
    7.5000   45.0000  -45.0000 8229.1494   16.3304
   -7.5000  -45.0000  -37.5000 9254.5918   16.9601
    0.0000  -45.0000  -37.5000 9642.2666   16.9419
    7.5000  -45.0000  -37.5000 9121.9395   16.9461
   -7.5000  -37.5000  -37.5000 9807.4531   16.9501
    0.0000  -37.5000  -37.500010202.0508   16.9340
    7.5000  -37.5000  -37.5000 9661.6504   16.9369
   -7.5000  -30.0000  -37.500010668.4180   16.9245
    0.0000  -30.0000  -37.500011109.1768   16.9081
    7.5000  -30.0000  -37.500010511.3057   16.9109
   -7.5000  -22.5000  -37.500011466.9199   16.9031
    0.0000  -22.5000  -37.500011951.4902   16.8845
    7.5000  -22.5000  -37.500011311.6885   16.8896
   -7.5000  -15.0000  -37.500012238.6641   16.9037
    0.0000  -15.0000  -37.500012735.3760   16.8830
    7.5000  -15.0000  -37.500012034.0420   16.8899
   -7.5000   -7.5000  -37.500012856.6953   16.9290
    0.0000   -7.5000  -37.500013396.2793   16.9086
    7.5000   -7.5000  -37.500012636.3408   16.9146
   -7.5000    0.0000  -37.500013256.2383   16.9542
    0.0000    0.0000  -37.500013821.5029   16.9360
    7.5000    0.0000  -37.500013015.6484   16.9403
   -7.5000    7.5000  -37.500012681.4229   16.9501
    0.0000    7.5000  -37.500013225.9336   16.9340
    7.5000    7.5000  -37.500012419.8516   16.9369
   -7.5000   15.0000  -37.500012014.6572   16.9245
    0.0000   15.0000  -37.500012540.2402   16.9081
    7.5000   15.0000  -37.500011756.5859   16.9109
   -7.5000   22.5000  -37.500011239.5078   16.9008
    0.0000   22.5000  -37.500011702.1934   16.8822
    7.5000   22.5000  -37.500010988.0625   16.8873
   -7.5000   30.0000  -37.500010285.9404   16.6784
    0.0000   30.0000  -37.500010733.5664   16.6580
    7.5000   30.0000  -37.500010099.7080   16.6648
   -7.5000   37.5000  -37.5000 9664.0527   16.7034
    0.0000   37.5000  -37.500010087.6836   16.6832
    7.5000   37.5000  -37.5000 9526.1797   16.6892
   -7.5000   45.0000  -37.5000 8785.1963   16.3315
    0.0000   45.0000  -37.5000 9172.3486   16.3137
    7.5000   45.0000  -37.5000 8644.7188   16.3177
   -7.5000  -45.0000  -30.0000 9896.5459   17.6662
    0.0000  -45.0000  -30.000010322.2139   17.6432
    7.5000  -45.0000  -30.0000 9783.3359   17.6394
   -7.5000  -37.5000  -30.000010457.0107   17.6594
    0.0000  -37.5000  -30.000010896.3857   17.6385
    7.5000  -37.5000  -30.000010352.0293   17.6335
   -7.5000  -30.0000  -30.000011393.9395   17.6340
    0.0000  -30.0000  -30.000011885.9463   17.6106
    7.5000  -30.0000  -30.000011282.5635   17.6038
   -7.5000  -22.5000  -30.000012294.0781   17.6099
    0.0000  -22.5000  -30.000012814.0205   17.5811
    7.5000  -22.5000  -30.000012147.2656   17.5751
   -7.5000  -15.0000  -30.000013118.4395   17.6075
    0.0000  -15.0000  -30.000013679.3369   17.5761
    7.5000  -15.0000  -30.000012923.0713   17.5719
   -7.5000   -7.5000  -30.000013740.4033   17.6323
    0.0000   -7.5000  -30.000014358.5420   17.6041
    7.5000   -7.5000  -30.000013560.6768   17.6005
   -7.5000    0.0000  -30.000014139.9072   17.6600
    0.0000    0.0000  -30.000014786.1025   17.6370
    7.5000    0.0000  -30.000013924.8516   17.6333
   -7.5000    7.5000  -30.000013495.6230   17.6594
    0.0000    7.5000  -30.000014114.0693   17.6385
    7.5000    7.5000  -30.000013287.2598   17.6335
   -7.5000   15.0000  -30.000012799.5791   17.6340
    0.0000   15.0000  -30.000013389.8945   17.6106
    7.5000   15.0000  -30.000012590.2471   17.6038
   -7.5000   22.5000  -30.000011967.0117   17.6057
    0.0000   22.5000  -30.000012507.8135   17.5769
    7.5000   22.5000  -30.000011754.1631   17.5709
   -7.5000   30.0000  -30.000010971.0078   17.3745
    0.0000   30.0000  -30.000011474.2178   17.3436
    7.5000   30.0000  -30.000010813.0918   17.3394
   -7.5000   37.5000  -30.000010288.9873   17.3990
    0.0000   37.5000  -30.000010762.4463   17.3712
    7.5000   37.5000  -30.000010160.6143   17.3676
   -7.5000   45.0000  -30.0000 9295.9199   17.0236
    0.0000   45.0000  -30.0000 9747.6738   17.0010
    7.5000   45.0000  -30.0000 9195.3154   16.9974
   -7.5000  -45.0000  -22.500010522.4980   18.2647
    0.0000  -45.0000  -22.500010991.6826   18.2364
    7.5000  -45.0000  -22.500010448.2588   18.2184
   -7.5000  -37.5000  -22.500011101.7559   18.2574
    0.0000  -37.5000  -22.500011600.5615   18.2320
    7.5000  -37.5000  -22.500011051.0215   18.2142
   -7.5000  -30.0000  -22.500012130.7510   18.2311
    0.0000  -30.0000  -22.500012680.1924   18.2039
    7.5000  -30.0000  -22.500012051.2158   18.1871
   -7.5000  -22.5000  -22.500013090.2314   18.2078
    0.0000  -22.5000  -22.500013690.0049   18.1749
    7.5000  -22.5000  -22.500012954.5127   18.1594
   -7.5000  -15.0000  -22.500013950.5146   18.2067
    0.0000  -15.0000  -22.500014586.1084   18.1703
    7.5000  -15.0000  -22.500013759.1660   18.1550
   -7.5000   -7.5000  -22.500014587.9805   18.2309
    0.0000   -7.5000  -22.500015314.1045   18.1974
    7.5000   -7.5000  -22.500014436.4863   18.1807
   -7.5000    0.0000  -22.500015022.9453   18.2583
    0.0000    0.0000  -22.500015788.2754   18.2301
    7.5000    0.0000  -22.500014873.3545   18.2121
   -7.5000    7.5000  -22.500014347.0469   18.2574
    0.0000    7.5000  -22.500015067.0430   18.2320
    7.5000    7.5000  -22.500014186.5518   18.2142
   -7.5000   15.0000  -22.500013561.9912   18.2311
    0.0000   15.0000  -22.500014233.1826   18.2039
    7.5000   15.0000  -22.500013412.4043   18.1871
   -7.5000   22.5000  -22.500012674.5977   18.2022
    0.0000   22.5000  -22.500013276.9561   18.1693
    7.5000   22.5000  -22.500012521.5352   18.1538
   -7.5000   30.0000  -22.500011635.6816   17.9685
    0.0000   30.0000  -22.500012198.1953   17.9326
    7.5000   30.0000  -22.500011517.8623   17.9175
   -7.5000   37.5000  -22.500010918.2256   17.9924
    0.0000   37.5000  -22.500011460.2666   17.9593
    7.5000   37.5000  -22.500010807.4531   17.9428
   -7.5000   45.0000  -22.5000 9828.3828   17.6129
    0.0000   45.0000  -22.500010337.7275   17.5854
    7.5000   45.0000  -22.5000 9753.5693   17.5683
   -7.5000  -45.0000  -15.000011167.2197   18.7007
    0.0000  -45.0000  -15.000011671.4053   18.6714
    7.5000  -45.0000  -15.000011107.4639   18.6443
   -7.5000  -37.5000  -15.000011748.3594   18.6898
    0.0000  -37.5000  -15.000012302.2051   18.6632
    7.5000  -37.5000  -15.000011727.6846   18.6382
   -7.5000  -30.0000  -15.000012836.2783   18.6615
    0.0000  -30.0000  -15.000013438.1113   18.6360
    7.5000  -30.0000  -15.000012807.4775   18.6173
   -7.5000  -22.5000  -15.000013891.6680   18.6408
    0.0000  -22.5000  -15.000014534.5508   18.6126
    7.5000  -22.5000  -15.000013763.3857   18.5978
   -7.5000  -15.0000  -15.000014785.4678   18.6433
    0.0000  -15.0000  -15.000015478.3242   18.6120
    7.5000  -15.0000  -15.000014608.9688   18.5955
   -7.5000   -7.5000  -15.000015426.8506   18.6685
    0.0000   -7.5000  -15.000016243.1895   18.6372
    7.5000   -7.5000  -15.000015328.2783   18.6145
   -7.5000    0.0000  -15.000015921.7285   18.6943
    0.0000    0.0000  -15.000016794.6855   18.6650
    7.5000    0.0000  -15.000015850.6729   18.6379
   -7.5000    7.5000  -15.000015173.0195   18.6898
    0.0000    7.5000  -15.000016005.4912   18.6632
    7.5000    7.5000  -15.000015113.6514   18.6382
   -7.5000   15.0000  -15.000014278.0898   18.6615
    0.0000   15.0000  -15.000015054.3564   18.6360
    7.5000   15.0000  -15.000014260.2139   18.6173
   -7.5000   22.5000  -15.000013346.2803   18.6342
    0.0000   22.5000  -15.000014044.0420   18.6060
    7.5000   22.5000  -15.000013287.2002   18.5913
   -7.5000   30.0000  -15.000012310.9814   18.4021
    0.0000   30.0000  -15.000012941.4209   18.3712
    7.5000   30.0000  -15.000012186.0215   18.3548
   -7.5000   37.5000  -15.000011604.5068   18.4269
    0.0000   37.5000  -15.000012203.7725   18.3960
    7.5000   37.5000  -15.000011452.3018   18.3736
   -7.5000   45.0000  -15.000010423.8301   18.0439
    0.0000   45.0000  -15.000010984.1318   18.0159
    7.5000   45.0000  -15.000010324.7119   17.9900
   -7.5000  -45.0000   -7.500011840.5703   18.9265
    0.0000  -45.0000   -7.500012360.1816   18.9019
    7.5000  -45.0000   -7.500011733.9541   18.8819
   -7.5000  -37.5000   -7.500012426.5234   18.9117
    0.0000  -37.5000   -7.500012995.2207   18.8894
    7.5000  -37.5000   -7.500012362.7656   18.8721
   -7.5000  -30.0000   -7.500013523.5361   18.8814
    0.0000  -30.0000   -7.500014162.1475   18.8630
    7.5000  -30.0000   -7.500013490.7598   18.8538
   -7.5000  -22.5000   -7.500014650.8965   18.8622
    0.0000  -22.5000   -7.500015370.1172   18.8448
    7.5000  -22.5000   -7.500014523.1865   18.8408
   -7.5000  -15.0000   -7.500015656.8193   18.8678
    0.0000  -15.0000   -7.500016446.1270   18.8481
    7.5000  -15.0000   -7.500015476.4297   18.8416
   -7.5000   -7.5000   -7.500016305.2607   18.8953
    0.0000   -7.5000   -7.500017223.8633   18.8722
    7.5000   -7.5000   -7.500016263.1973   18.8579
   -7.5000    0.0000   -7.500016827.5312   18.9200
    0.0000    0.0000   -7.500017793.3516   18.8954
    7.5000    0.0000   -7.500016858.6230   18.8755
   -7.5000    7.5000   -7.500016015.7031   18.9117
    0.0000    7.5000   -7.500016959.5117   18.8894
    7.5000    7.5000   -7.500016083.7148   18.8721
   -7.5000   15.0000   -7.500015079.9355   18.8814
    0.0000   15.0000   -7.500015957.3135   18.8630
    7.5000   15.0000   -7.500015120.1367   18.8538
   -7.5000   22.5000   -7.500014113.7842   18.8535
    0.0000   22.5000   -7.500014925.5674   18.8361
    7.5000   22.5000   -7.500014092.2783   18.8321
   -7.5000   30.0000   -7.500013034.4033   18.6231
    0.0000   30.0000   -7.500013748.6436   18.6036
    7.5000   30.0000   -7.500012939.8623   18.5973
   -7.5000   37.5000   -7.500012328.2705   18.6503
    0.0000   37.5000   -7.500012980.7285   18.6275
    7.5000   37.5000   -7.500012171.1934   18.6134
   -7.5000   45.0000   -7.500011095.7783   18.2656
    0.0000   45.0000   -7.500011695.1484   18.2422
    7.5000   45.0000   -7.500010973.3340   18.2230
   -7.5000  -45.0000    0.000012351.8037   18.9720
    0.0000  -45.0000    0.000012876.9492   18.9522
    7.5000  -45.0000    0.000012205.8896   18.9499
   -7.5000  -37.5000    0.000012979.0020   18.9568
    0.0000  -37.5000    0.000013561.6865   18.9397
    7.5000  -37.5000    0.000012873.8730   18.9380
   -7.5000  -30.0000    0.000014086.7363   18.9263
    0.0000  -30.0000    0.000014748.9844   18.9126
    7.5000  -30.0000    0.000014020.2090   18.9155
   -7.5000  -22.5000    0.000015273.8574   18.9059
    0.0000  -22.5000    0.000016059.6172   18.8932
    7.5000  -22.5000    0.000015151.6016   18.9003
   -7.5000  -15.0000    0.000016456.7930   18.9108
    0.0000  -15.0000    0.000017366.7988   18.8957
    7.5000  -15.0000    0.000016306.7236   18.9026
   -7.5000   -7.5000    0.000017231.8926   18.9399
    0.0000   -7.5000    0.000018275.2715   18.9212
    7.5000   -7.5000    0.000017263.1094   18.9232
   -7.5000    0.0000    0.000017751.7559   18.9655
    0.0000    0.0000    0.000018838.9707   18.9457
    7.5000    0.0000    0.000017882.4922   18.9434
   -7.5000    7.5000    0.000016879.4980   18.9568
    0.0000    7.5000    0.000017907.9434   18.9397
    7.5000    7.5000    0.000016966.9043   18.9380
   -7.5000   15.0000    0.000015917.3105   18.9263
    0.0000   15.0000    0.000016826.2969   18.9126
    7.5000   15.0000    0.000015863.7002   18.9155
   -7.5000   22.5000    0.000014883.0283   18.8971
    0.0000   22.5000    0.000015694.6113   18.8845
    7.5000   22.5000    0.000014743.8926   18.8916
   -7.5000   30.0000    0.000013721.8154   18.6660
    0.0000   30.0000    0.000014466.2471   18.6511
    7.5000   30.0000    0.000013572.9238   18.6580
   -7.5000   37.5000    0.000012956.5137   18.6947
    0.0000   37.5000    0.000013686.1348   18.6763
    7.5000   37.5000    0.000012792.6816   18.6783
   -7.5000   45.0000    0.000011657.0166   18.3116
    0.0000   45.0000    0.000012333.9053   18.2925
    7.5000   45.0000    0.000011529.9307   18.2902
   -7.5000  -45.0000    7.500011863.7061   18.9777
    0.0000  -45.0000    7.500012399.9268   18.9574
    7.5000  -45.0000    7.500011780.1025   18.9622
   -7.5000  -37.5000    7.500012470.9150   18.9666
    0.0000  -37.5000    7.500013063.2285   18.9486
    7.5000  -37.5000    7.500012447.6973   18.9519
   -7.5000  -30.0000    7.500013551.4062   18.9378
    0.0000  -30.0000    7.500014183.7490   18.9196
    7.5000  -30.0000    7.500013543.6592   18.9228
   -7.5000  -22.5000    7.500014771.4385   18.9138
    0.0000  -22.5000    7.500015525.5127   18.8931
    7.5000  -22.5000    7.500014688.9971   18.8988
   -7.5000  -15.0000    7.500016043.9424   18.9144
    0.0000  -15.0000    7.500017009.4609   18.8913
    7.5000  -15.0000    7.500015919.1182   18.8991
   -7.5000   -7.5000    7.500016973.2461   18.9428
    0.0000   -7.5000    7.500018069.9492   18.9200
    7.5000   -7.5000    7.500016866.9082   18.9268
   -7.5000    0.0000    7.500017517.7539   18.9711
    0.0000    0.0000    7.500018550.6074   18.9508
    7.5000    0.0000    7.500017376.1641   18.9556
   -7.5000    7.5000    7.500016550.0430   18.9666
    0.0000    7.5000    7.500017490.7754   18.9486
    7.5000    7.5000    7.500016413.3164   18.9519
   -7.5000   15.0000    7.500015468.7812   18.9378
    0.0000   15.0000    7.500016303.7598   18.9196
    7.5000   15.0000    7.500015321.4150   18.9228
   -7.5000   22.5000    7.500014375.0342   18.9051
    0.0000   22.5000    7.500015118.8145   18.8843
    7.5000   22.5000    7.500014249.9355   18.8901
   -7.5000   30.0000    7.500013233.4141   18.6696
    0.0000   30.0000    7.500013935.8330   18.6468
    7.5000   30.0000    7.500013149.4980   18.6545
   -7.5000   37.5000    7.500012489.7100   18.6977
    0.0000   37.5000    7.500013184.8516   18.6751
    7.5000   37.5000    7.500012409.1006   18.6818
   -7.5000   45.0000    7.500011242.4932   18.3174
    0.0000   45.0000    7.500011876.1172   18.2975
    7.5000   45.0000    7.500011146.2354   18.3019
   -7.5000  -45.0000   15.000011276.3057   18.9935
    0.0000  -45.0000   15.000011806.8379   18.9684
    7.5000  -45.0000   15.000011249.9707   18.9644
   -7.5000  -37.5000   15.000011900.7793   18.9859
    0.0000  -37.5000   15.000012452.5273   18.9631
    7.5000  -37.5000   15.000011898.6748   18.9578
   -7.5000  -30.0000   15.000012980.1650   18.9585
    0.0000  -30.0000   15.000013585.1680   18.9329
    7.5000  -30.0000   15.000012979.7529   18.9257
   -7.5000  -22.5000   15.000014162.2686   18.9327
    0.0000  -22.5000   15.000014896.3711   18.9014
    7.5000  -22.5000   15.000014052.0957   18.8950
   -7.5000  -15.0000   15.000015339.2607   18.9305
    0.0000  -15.0000   15.000016210.6348   18.8964
    7.5000  -15.0000   15.000015151.3965   18.8919
   -7.5000   -7.5000   15.000016165.7344   18.9572
    0.0000   -7.5000   15.000016992.8145   18.9266
    7.5000   -7.5000   15.000015917.4570   18.9227
   -7.5000    0.0000   15.000016651.5723   18.9869
    0.0000    0.0000   15.000017440.6562   18.9618
    7.5000    0.0000   15.000016397.1133   18.9578
   -7.5000    7.5000   15.000015762.2002   18.9859
    0.0000    7.5000   15.000016567.1035   18.9631
    7.5000    7.5000   15.000015627.0850   18.9578
   -7.5000   15.0000   15.000014689.4863   18.9585
    0.0000   15.0000   15.000015499.5586   18.9329
    7.5000   15.0000   15.000014658.3184   18.9257
   -7.5000   22.5000   15.000013611.6123   18.9240
    0.0000   22.5000   15.000014342.6953   18.8927
    7.5000   22.5000   15.000013601.8877   18.8863
   -7.5000   30.0000   15.000012522.1963   18.6855
    0.0000   30.0000   15.000013215.0986   18.6519
    7.5000   30.0000   15.000012509.6807   18.6474
   -7.5000   37.5000   15.000011812.6953   18.7118
    0.0000   37.5000   15.000012482.6582   18.6816
    7.5000   37.5000   15.000011779.2627   18.6778
   -7.5000   45.0000   15.000010596.2520   18.3323
    0.0000   45.0000   15.000011204.7920   18.3077
    7.5000   45.0000   15.000010543.1367   18.3038
   -7.5000  -45.0000   22.500010672.8457   19.0258
    0.0000  -45.0000   22.500011201.4189   18.9959
    7.5000  -45.0000   22.500010647.4414   18.9777
   -7.5000  -37.5000   22.500011309.1455   19.0180
    0.0000  -37.5000   22.500011845.0596   18.9911
    7.5000  -37.5000   22.500011257.9414   18.9730
   -7.5000  -30.0000   22.500012304.2432   18.9903
    0.0000  -30.0000   22.500012907.8027   18.9616
    7.5000  -30.0000   22.500012241.1377   18.9445
   -7.5000  -22.5000   22.500013343.1084   18.9661
    0.0000  -22.5000   22.500014046.8779   18.9314
    7.5000  -22.5000   22.500013239.1064   18.9157
   -7.5000  -15.0000   22.500014356.2969   18.9651
    0.0000  -15.0000   22.500015069.9766   18.9268
    7.5000  -15.0000   22.500014196.0996   18.9113
   -7.5000   -7.5000   22.500015050.3848   18.9906
    0.0000   -7.5000   22.500015663.4443   18.9552
    7.5000   -7.5000   22.500014826.0664   18.9382
   -7.5000    0.0000   22.500015492.4287   19.0191
    0.0000    0.0000   22.500016121.7529   18.9893
    7.5000    0.0000   22.500015330.5518   18.9711
   -7.5000    7.5000   22.500014763.7803   19.0180
    0.0000    7.5000   22.500015426.3555   18.9911
    7.5000    7.5000   22.500014689.0488   18.9730
   -7.5000   15.0000   22.500013820.9570   18.9903
    0.0000   15.0000   22.500014484.6562   18.9616
    7.5000   15.0000   22.500013809.0605   18.9445
   -7.5000   22.5000   22.500012809.8369   18.9574
    0.0000   22.5000   22.500013414.0654   18.9227
    7.5000   22.5000   22.500012781.4570   18.9070
   -7.5000   30.0000   22.500011766.9961   18.7197
    0.0000   30.0000   22.500012326.0928   18.6818
    7.5000   30.0000   22.500011711.8359   18.6665
   -7.5000   37.5000   22.500011089.0664   18.7448
    0.0000   37.5000   22.500011622.5566   18.7099
    7.5000   37.5000   22.500011003.0283   18.6931
   -7.5000   45.0000   22.5000 9932.4756   18.3628
    0.0000   45.0000   22.500010422.3594   18.3338
    7.5000   45.0000   22.5000 9842.3438   18.3164
   -7.5000  -45.0000   30.0000 9982.0049   19.1907
    0.0000  -45.0000   30.000010494.2041   19.1604
    7.5000  -45.0000   30.0000 9910.5449   19.1336
   -7.5000  -37.5000   30.000010560.6094   19.1793
    0.0000  -37.5000   30.000011060.7725   19.1518
    7.5000  -37.5000   30.000010463.7119   19.1272
   -7.5000  -30.0000   30.000011480.9502   19.1500
    0.0000  -30.0000   30.000012012.3955   19.1236
    7.5000  -30.0000   30.000011379.0732   19.1055
   -7.5000  -22.5000   30.000012422.0547   19.1287
    0.0000  -22.5000   30.000013014.8789   19.0995
    7.5000  -22.5000   30.000012312.8525   19.0854
   -7.5000  -15.0000   30.000013293.7344   19.1314
    0.0000  -15.0000   30.000013842.7988   19.0990
    7.5000  -15.0000   30.000013124.9785   19.0830
   -7.5000   -7.5000   30.000013882.4277   19.1574
    0.0000   -7.5000   30.000014395.6035   19.1251
    7.5000   -7.5000   30.000013696.5215   19.1028
   -7.5000    0.0000   30.000014327.9727   19.1840
    0.0000    0.0000   30.000014897.6758   19.1537
    7.5000    0.0000   30.000014176.3857   19.1270
   -7.5000    7.5000   30.000013713.2412   19.1793
    0.0000    7.5000   30.000014307.5596   19.1518
    7.5000    7.5000   30.000013601.6094   19.1272
   -7.5000   15.0000   30.000012886.2441   19.1500
    0.0000   15.0000   30.000013468.9678   19.1236
    7.5000   15.0000   30.000012807.3691   19.1055
   -7.5000   22.5000   30.000011924.8652   19.1199
    0.0000   22.5000   30.000012457.8457   19.0907
    7.5000   22.5000   30.000011839.5176   19.0766
   -7.5000   30.0000   30.000010943.2764   18.8838
    0.0000   30.0000   30.000011416.0156   18.8519
    7.5000   30.0000   30.000010825.3301   18.8360
   -7.5000   37.5000   30.000010309.0010   18.9095
    0.0000   37.5000   30.000010784.6650   18.8776
    7.5000   37.5000   30.000010200.7803   18.8556
   -7.5000   45.0000   30.0000 9221.2461   18.5219
    0.0000   45.0000   30.0000 9637.8105   18.4928
    7.5000   45.0000   30.0000 9124.3535   18.4673
   -7.5000  -45.0000   37.5000 9611.8125   19.5386
    0.0000  -45.0000   37.500010049.3711   19.5133
    7.5000  -45.0000   37.5000 9513.8643   19.4934
   -7.5000  -37.5000   37.500010149.7451   19.5230
    0.0000  -37.5000   37.500010593.8994   19.4999
    7.5000  -37.5000   37.500010045.3516   19.4826
   -7.5000  -30.0000   37.500011051.6865   19.4910
    0.0000  -30.0000   37.500011524.0303   19.4720
    7.5000  -30.0000   37.500010950.0146   19.4632
   -7.5000  -22.5000   37.500011925.7842   19.4705
    0.0000  -22.5000   37.500012469.3486   19.4527
    7.5000  -22.5000   37.500011832.5117   19.4498
   -7.5000  -15.0000   37.500012718.4805   19.4762
    0.0000  -15.0000   37.500013213.6924   19.4563
    7.5000  -15.0000   37.500012565.1318   19.4509
   -7.5000   -7.5000   37.500013267.2266   19.5054
    0.0000   -7.5000   37.500013764.1719   19.4819
    7.5000   -7.5000   37.500013126.5273   19.4682
   -7.5000    0.0000   37.500013708.0078   19.5317
    0.0000    0.0000   37.500014255.4492   19.5064
    7.5000    0.0000   37.500013586.7988   19.4865
   -7.5000    7.5000   37.500013133.9258   19.5230
    0.0000    7.5000   37.500013673.1455   19.4999
    7.5000    7.5000   37.500013014.2822   19.4826
   -7.5000   15.0000   37.500012383.0059   19.4910
    0.0000   15.0000   37.500012923.4697   19.4720
    7.5000   15.0000   37.500012289.8447   19.4632
   -7.5000   22.5000   37.500011470.6943   19.4615
    0.0000   22.5000   37.500011996.7881   19.4438
    7.5000   22.5000   37.500011382.5654   19.4408
   -7.5000   30.0000   37.500010502.9121   19.2242
    0.0000   30.0000   37.500010987.4268   19.2045
    7.5000   30.0000   37.500010409.8906   19.1992
   -7.5000   37.5000   37.5000 9905.8604   19.2529
    0.0000   37.5000   37.500010366.0801   19.2298
    7.5000   37.5000   37.5000 9821.1660   19.2163
   -7.5000   45.0000   37.5000 8862.2969   18.8585
    0.0000   45.0000   37.5000 9266.2275   18.8344
    7.5000   45.0000   37.5000 8795.4355   18.8153
   -7.5000  -45.0000   45.0000 8773.5576   19.9115
    0.0000  -45.0000   45.0000 9153.1621   19.8882
    7.5000  -45.0000   45.0000 8693.6855   19.8815
   -7.5000  -37.5000   45.0000 9295.5674   19.8954
    0.0000  -37.5000   45.0000 9687.2324   19.8747
    7.5000  -37.5000   45.0000 9197.4824   19.8683
   -7.5000  -30.0000   45.000010126.8486   19.8607
    0.0000  -30.0000   45.000010556.1494   19.8440
    7.5000  -30.0000   45.000010041.1367   19.8434
   -7.5000  -22.5000   45.000010907.0322   19.8360
    0.0000  -22.5000   45.000011405.8701   19.8211
    7.5000  -22.5000   45.000010819.5752   19.8263
   -7.5000  -15.0000   45.000011590.9902   19.8403
    0.0000  -15.0000   45.000012061.6855   19.8232
    7.5000  -15.0000   45.000011456.4443   19.8287
   -7.5000   -7.5000   45.000012109.0566   19.8738
    0.0000   -7.5000   45.000012612.4053   19.8525
    7.5000   -7.5000   45.000011987.2090   19.8517
   -7.5000    0.0000   45.000012520.1572   19.9043
    0.0000    0.0000   45.000013060.6240   19.8810
    7.5000    0.0000   45.000012417.9092   19.8743
   -7.5000    7.5000   45.000012021.9961   19.8954
    0.0000    7.5000   45.000012528.5244   19.8747
    7.5000    7.5000   45.000011912.7275   19.8683
   -7.5000   15.0000   45.000011348.9443   19.8607
    0.0000   15.0000   45.000011848.2305   19.8440
    7.5000   15.0000   45.000011277.3418   19.8434
   -7.5000   22.5000   45.000010522.0928   19.8268
    0.0000   22.5000   45.000011014.1689   19.8119
    7.5000   22.5000   45.000010460.7666   19.8171
   -7.5000   30.0000   45.0000 9620.9102   19.5818
    0.0000   30.0000   45.000010073.4248   19.5650
    7.5000   30.0000   45.0000 9563.9297   19.5704
   -7.5000   37.5000   45.0000 9084.4014   19.6149
    0.0000   37.5000   45.0000 9508.2646   19.5938
    7.5000   37.5000   45.0000 9027.7012   19.5931
   -7.5000   45.0000   45.0000 8141.9155   19.2282
    0.0000   45.0000   45.0000 8499.3662   19.2058
    7.5000   45.0000   45.0000 8078.3179   19.1991

---------------------------------------------------------------------
imgreg_4dfp /opt/freesurfer/average/711-2C_as_mni_average_305 /opt/freesurfer/average/711-2B_as_mni_average_305_mask talsrcimg_g11 none talsrcimg_to_711-2C_as_mni_average_305_t4 4355
---------------------------------------------------------------------

freesurfer imgreg_4dfp.c
/opt/freesurfer/average/711-2C_as_mni_average_305.4dfp.img
       256       256       256         1
  1.000000  1.000000  1.000000
orientation T byte_order littleendian
Reading image: /opt/freesurfer/average/711-2C_as_mni_average_305.4dfp.img
dimensions:      256       256       256
mmppix:       1.0000   -1.0000   -1.0000
center:     128.0000 -129.0000 -129.0000
/opt/freesurfer/average/711-2B_as_mni_average_305_mask.4dfp.img
       256       256       256         1
  1.000000  1.000000  1.000000
orientation T byte_order littleendian
Reading mask: /opt/freesurfer/average/711-2B_as_mni_average_305_mask.4dfp.img (2306576 pixels)
talsrcimg_g11.4dfp.img
       256       256       256         1
  1.000000  1.000000  1.000000
orientation T byte_order littleendian
Reading image: talsrcimg_g11.4dfp.img
dimensions:      256       256       256
mmppix:       1.0000   -1.0000   -1.0000
center:     128.0000 -129.0000 -129.0000
rotation matrix determinant  1.000000
image alignment mode   4355 decimal     1103 hex
   -7.5000  -45.0000  -45.0000 2275.9858   18.3586
    0.0000  -45.0000  -45.0000 2279.9041   18.5256
    7.5000  -45.0000  -45.0000 2261.5247   18.7404
   -7.5000  -37.5000  -45.0000 2343.8772   17.2566
    0.0000  -37.5000  -45.0000 2347.7461   17.3929
    7.5000  -37.5000  -45.0000 2329.5442   17.6025
   -7.5000  -30.0000  -45.0000 2382.9119   16.5720
    0.0000  -30.0000  -45.0000 2389.4573   16.6793
    7.5000  -30.0000  -45.0000 2364.0208   16.9250
   -7.5000  -22.5000  -45.0000 2407.1201   16.2568
    0.0000  -22.5000  -45.0000 2409.7437   16.3188
    7.5000  -22.5000  -45.0000 2380.0925   16.5937
   -7.5000  -15.0000  -45.0000 2418.6965   16.0986
    0.0000  -15.0000  -45.0000 2424.8887   16.1560
    7.5000  -15.0000  -45.0000 2391.2026   16.4248
   -7.5000   -7.5000  -45.0000 2424.2334   16.1787
    0.0000   -7.5000  -45.0000 2426.7319   16.2082
    7.5000   -7.5000  -45.0000 2393.6694   16.4869
   -7.5000    0.0000  -45.0000 2407.5142   16.4890
    0.0000    0.0000  -45.0000 2410.8865   16.5182
    7.5000    0.0000  -45.0000 2375.6252   16.8211
   -7.5000    7.5000  -45.0000 2366.0525   17.1923
    0.0000    7.5000  -45.0000 2372.5654   17.2188
    7.5000    7.5000  -45.0000 2341.2175   17.4884
   -7.5000   15.0000  -45.0000 2311.7351   18.1359
    0.0000   15.0000  -45.0000 2316.3184   18.1536
    7.5000   15.0000  -45.0000 2284.5757   18.4859
   -7.5000   22.5000  -45.0000 2240.9951   19.4172
    0.0000   22.5000  -45.0000 2243.1968   19.4043
    7.5000   22.5000  -45.0000 2213.7727   19.7424
   -7.5000   30.0000  -45.0000 2146.5869   21.1219
    0.0000   30.0000  -45.0000 2153.9861   21.1133
    7.5000   30.0000  -45.0000 2127.4487   21.4567
   -7.5000   37.5000  -45.0000 2048.5005   23.4985
    0.0000   37.5000  -45.0000 2053.1367   23.4634
    7.5000   37.5000  -45.0000 2030.3083   23.8537
   -7.5000   45.0000  -45.0000 1940.4672   26.7894
    0.0000   45.0000  -45.0000 1952.3994   26.6549
    7.5000   45.0000  -45.0000 1924.0515   27.0338
   -7.5000  -45.0000  -37.5000 2350.9224   17.2079
    0.0000  -45.0000  -37.5000 2359.0151   17.3654
    7.5000  -45.0000  -37.5000 2339.6948   17.5760
   -7.5000  -37.5000  -37.5000 2431.7173   16.1160
    0.0000  -37.5000  -37.5000 2436.6399   16.2133
    7.5000  -37.5000  -37.5000 2417.2542   16.4329
   -7.5000  -30.0000  -37.5000 2472.8516   15.4389
    0.0000  -30.0000  -37.5000 2478.0923   15.4969
    7.5000  -30.0000  -37.5000 2455.4563   15.7209
   -7.5000  -22.5000  -37.5000 2499.5474   15.0740
    0.0000  -22.5000  -37.5000 2506.9824   15.1300
    7.5000  -22.5000  -37.5000 2482.1877   15.3434
   -7.5000  -15.0000  -37.5000 2516.6968   14.9487
    0.0000  -15.0000  -37.5000 2518.5386   14.9686
    7.5000  -15.0000  -37.5000 2492.7603   15.2110
   -7.5000   -7.5000  -37.5000 2518.7383   14.9806
    0.0000   -7.5000  -37.5000 2521.1855   15.0023
    7.5000   -7.5000  -37.5000 2493.8281   15.2915
   -7.5000    0.0000  -37.5000 2505.9207   15.2840
    0.0000    0.0000  -37.5000 2508.2688   15.2868
    7.5000    0.0000  -37.5000 2478.1453   15.5845
   -7.5000    7.5000  -37.5000 2469.7341   15.9124
    0.0000    7.5000  -37.5000 2472.2739   15.9126
    7.5000    7.5000  -37.5000 2439.1921   16.1532
   -7.5000   15.0000  -37.5000 2407.9172   16.7244
    0.0000   15.0000  -37.5000 2416.0037   16.7539
    7.5000   15.0000  -37.5000 2382.2656   17.0133
   -7.5000   22.5000  -37.5000 2333.2939   17.8415
    0.0000   22.5000  -37.5000 2340.5300   17.8653
    7.5000   22.5000  -37.5000 2309.5359   18.1167
   -7.5000   30.0000  -37.5000 2233.0474   19.3742
    0.0000   30.0000  -37.5000 2247.0269   19.3865
    7.5000   30.0000  -37.5000 2219.8047   19.6965
   -7.5000   37.5000  -37.5000 2123.9980   21.5281
    0.0000   37.5000  -37.5000 2135.9019   21.4762
    7.5000   37.5000  -37.5000 2113.2036   21.8314
   -7.5000   45.0000  -37.5000 2010.3242   24.5010
    0.0000   45.0000  -37.5000 2022.8945   24.4367
    7.5000   45.0000  -37.5000 1996.8809   24.7450
   -7.5000  -45.0000  -30.0000 2463.3040   16.7552
    0.0000  -45.0000  -30.0000 2475.6799   16.8358
    7.5000  -45.0000  -30.0000 2448.5793   17.1132
   -7.5000  -37.5000  -30.0000 2547.9055   15.5942
    0.0000  -37.5000  -30.0000 2557.2612   15.6608
    7.5000  -37.5000  -30.0000 2535.7695   15.8961
   -7.5000  -30.0000  -30.0000 2599.5505   14.8984
    0.0000  -30.0000  -30.0000 2607.6812   14.9182
    7.5000  -30.0000  -30.0000 2588.2588   15.1044
   -7.5000  -22.5000  -30.0000 2641.7842   14.4958
    0.0000  -22.5000  -30.0000 2644.6775   14.4974
    7.5000  -22.5000  -30.0000 2624.5698   14.6933
   -7.5000  -15.0000  -30.0000 2658.8818   14.3992
    0.0000  -15.0000  -30.0000 2659.5315   14.3913
    7.5000  -15.0000  -30.0000 2637.2917   14.5669
   -7.5000   -7.5000  -30.0000 2657.2344   14.4304
    0.0000   -7.5000  -30.0000 2654.9414   14.4301
    7.5000   -7.5000  -30.0000 2637.4297   14.6539
   -7.5000    0.0000  -30.0000 2645.3052   14.6887
    0.0000    0.0000  -30.0000 2647.6101   14.7238
    7.5000    0.0000  -30.0000 2619.8579   14.9565
   -7.5000    7.5000  -30.0000 2609.8965   15.2534
    0.0000    7.5000  -30.0000 2615.5137   15.2803
    7.5000    7.5000  -30.0000 2586.0117   15.4917
   -7.5000   15.0000  -30.0000 2549.7979   16.0422
    0.0000   15.0000  -30.0000 2555.6697   16.0234
    7.5000   15.0000  -30.0000 2528.2036   16.2671
   -7.5000   22.5000  -30.0000 2468.1704   17.0947
    0.0000   22.5000  -30.0000 2478.9468   17.0806
    7.5000   22.5000  -30.0000 2452.2625   17.3025
   -7.5000   30.0000  -30.0000 2363.2263   18.5589
    0.0000   30.0000  -30.0000 2374.8838   18.5100
    7.5000   30.0000  -30.0000 2355.4565   18.8149
   -7.5000   37.5000  -30.0000 2242.4685   20.5666
    0.0000   37.5000  -30.0000 2254.0710   20.4676
    7.5000   37.5000  -30.0000 2238.0305   20.8306
   -7.5000   45.0000  -30.0000 2106.8389   23.2996
    0.0000   45.0000  -30.0000 2126.9048   23.2110
    7.5000   45.0000  -30.0000 2110.6367   23.5622
   -7.5000  -45.0000  -22.5000 2541.7744   16.2318
    0.0000  -45.0000  -22.5000 2554.1143   16.2941
    7.5000  -45.0000  -22.5000 2528.9849   16.6143
   -7.5000  -37.5000  -22.5000 2630.1587   15.0317
    0.0000  -37.5000  -22.5000 2640.0029   15.0604
    7.5000  -37.5000  -22.5000 2620.5652   15.3550
   -7.5000  -30.0000  -22.5000 2700.0239   14.2440
    0.0000  -30.0000  -22.5000 2708.9656   14.2305
    7.5000  -30.0000  -22.5000 2688.8523   14.4480
   -7.5000  -22.5000  -22.5000 2749.4739   13.8324
    0.0000  -22.5000  -22.5000 2753.4131   13.8154
    7.5000  -22.5000  -22.5000 2732.2507   13.9672
   -7.5000  -15.0000  -22.5000 2768.6765   13.7049
    0.0000  -15.0000  -22.5000 2771.2805   13.6700
    7.5000  -15.0000  -22.5000 2750.2402   13.7997
   -7.5000   -7.5000  -22.5000 2769.0999   13.7323
    0.0000   -7.5000  -22.5000 2773.4646   13.7381
    7.5000   -7.5000  -22.5000 2751.2070   13.9027
   -7.5000    0.0000  -22.5000 2756.3274   14.0143
    0.0000    0.0000  -22.5000 2763.4419   14.0508
    7.5000    0.0000  -22.5000 2737.7188   14.2524
   -7.5000    7.5000  -22.5000 2724.9094   14.5787
    0.0000    7.5000  -22.5000 2734.9648   14.5739
    7.5000    7.5000  -22.5000 2707.3647   14.7938
   -7.5000   15.0000  -22.5000 2661.1448   15.2998
    0.0000   15.0000  -22.5000 2671.3220   15.2724
    7.5000   15.0000  -22.5000 2647.7009   15.5076
   -7.5000   22.5000  -22.5000 2578.6099   16.2930
    0.0000   22.5000  -22.5000 2588.6016   16.2580
    7.5000   22.5000  -22.5000 2568.2048   16.4879
   -7.5000   30.0000  -22.5000 2466.8911   17.7354
    0.0000   30.0000  -22.5000 2477.1958   17.6610
    7.5000   30.0000  -22.5000 2460.9880   17.9234
   -7.5000   37.5000  -22.5000 2341.6785   19.6664
    0.0000   37.5000  -22.5000 2354.5793   19.5840
    7.5000   37.5000  -22.5000 2336.0295   19.8491
   -7.5000   45.0000  -22.5000 2195.2346   22.2522
    0.0000   45.0000  -22.5000 2211.3938   22.1539
    7.5000   45.0000  -22.5000 2196.5310   22.4301
   -7.5000  -45.0000  -15.0000 2585.7314   15.7885
    0.0000  -45.0000  -15.0000 2592.7283   15.8619
    7.5000  -45.0000  -15.0000 2571.5232   16.1738
   -7.5000  -37.5000  -15.0000 2676.0237   14.5457
    0.0000  -37.5000  -15.0000 2681.5015   14.5740
    7.5000  -37.5000  -15.0000 2661.7183   14.8845
   -7.5000  -30.0000  -15.0000 2756.8079   13.6683
    0.0000  -30.0000  -15.0000 2764.1233   13.6731
    7.5000  -30.0000  -15.0000 2746.4202   13.9248
   -7.5000  -22.5000  -15.0000 2817.4434   13.1906
    0.0000  -22.5000  -15.0000 2820.5117   13.1895
    7.5000  -22.5000  -15.0000 2799.6064   13.3762
   -7.5000  -15.0000  -15.0000 2843.4292   13.0399
    0.0000  -15.0000  -15.0000 2851.9866   13.0024
    7.5000  -15.0000  -15.0000 2821.5742   13.1857
   -7.5000   -7.5000  -15.0000 2851.4417   13.0379
    0.0000   -7.5000  -15.0000 2861.6279   13.0274
    7.5000   -7.5000  -15.0000 2827.6567   13.2624
   -7.5000    0.0000  -15.0000 2841.1409   13.3543
    0.0000    0.0000  -15.0000 2853.8918   13.3459
    7.5000    0.0000  -15.0000 2822.8130   13.5951
   -7.5000    7.5000  -15.0000 2804.1597   13.9022
    0.0000    7.5000  -15.0000 2819.0605   13.8634
    7.5000    7.5000  -15.0000 2793.2295   14.1106
   -7.5000   15.0000  -15.0000 2735.6895   14.6270
    0.0000   15.0000  -15.0000 2750.3525   14.6093
    7.5000   15.0000  -15.0000 2732.2073   14.8440
   -7.5000   22.5000  -15.0000 2646.0676   15.5999
    0.0000   22.5000  -15.0000 2658.4065   15.5676
    7.5000   22.5000  -15.0000 2638.9065   15.8227
   -7.5000   30.0000  -15.0000 2538.7195   16.9927
    0.0000   30.0000  -15.0000 2547.2749   16.9314
    7.5000   30.0000  -15.0000 2523.1738   17.2331
   -7.5000   37.5000  -15.0000 2414.4666   18.8322
    0.0000   37.5000  -15.0000 2426.8447   18.7946
    7.5000   37.5000  -15.0000 2398.2021   19.0539
   -7.5000   45.0000  -15.0000 2257.1826   21.3021
    0.0000   45.0000  -15.0000 2273.5830   21.2321
    7.5000   45.0000  -15.0000 2256.0474   21.4993
   -7.5000  -45.0000   -7.5000 2600.1118   15.4578
    0.0000  -45.0000   -7.5000 2604.9529   15.4750
    7.5000  -45.0000   -7.5000 2580.1428   15.8379
   -7.5000  -37.5000   -7.5000 2696.7468   14.1675
    0.0000  -37.5000   -7.5000 2698.6816   14.1516
    7.5000  -37.5000   -7.5000 2672.5146   14.5009
   -7.5000  -30.0000   -7.5000 2786.7146   13.2194
    0.0000  -30.0000   -7.5000 2790.0420   13.2055
    7.5000  -30.0000   -7.5000 2765.6729   13.5197
   -7.5000  -22.5000   -7.5000 2855.6521   12.6713
    0.0000  -22.5000   -7.5000 2864.6465   12.6656
    7.5000  -22.5000   -7.5000 2833.9990   12.9354
   -7.5000  -15.0000   -7.5000 2896.1597   12.5232
    0.0000  -15.0000   -7.5000 2908.3850   12.4646
    7.5000  -15.0000   -7.5000 2870.4185   12.7119
   -7.5000   -7.5000   -7.5000 2907.4221   12.4848
    0.0000   -7.5000   -7.5000 2922.9058   12.4448
    7.5000   -7.5000   -7.5000 2880.2515   12.7480
   -7.5000    0.0000   -7.5000 2895.5969   12.7802
    0.0000    0.0000   -7.5000 2910.9958   12.7285
    7.5000    0.0000   -7.5000 2878.1719   13.0528
   -7.5000    7.5000   -7.5000 2849.5452   13.3256
    0.0000    7.5000   -7.5000 2872.5354   13.2625
    7.5000    7.5000   -7.5000 2851.3933   13.5876
   -7.5000   15.0000   -7.5000 2785.2625   14.0677
    0.0000   15.0000   -7.5000 2803.1121   14.0406
    7.5000   15.0000   -7.5000 2784.3945   14.3486
   -7.5000   22.5000   -7.5000 2695.5400   15.0694
    0.0000   22.5000   -7.5000 2711.6003   15.0425
    7.5000   22.5000   -7.5000 2689.3074   15.3275
   -7.5000   30.0000   -7.5000 2580.1716   16.4157
    0.0000   30.0000   -7.5000 2590.2253   16.3585
    7.5000   30.0000   -7.5000 2568.4185   16.6755
   -7.5000   37.5000   -7.5000 2456.9717   18.2085
    0.0000   37.5000   -7.5000 2466.5613   18.1405
    7.5000   37.5000   -7.5000 2440.1750   18.4771
   -7.5000   45.0000   -7.5000 2303.0513   20.5703
    0.0000   45.0000   -7.5000 2316.9409   20.4838
    7.5000   45.0000   -7.5000 2297.4495   20.8500
   -7.5000  -45.0000    0.0000 2587.2725   15.3166
    0.0000  -45.0000    0.0000 2592.3479   15.2262
    7.5000  -45.0000    0.0000 2567.8069   15.5915
   -7.5000  -37.5000    0.0000 2687.9773   13.9875
    0.0000  -37.5000    0.0000 2695.2178   13.9171
    7.5000  -37.5000    0.0000 2669.7095   14.2628
   -7.5000  -30.0000    0.0000 2787.1433   13.0329
    0.0000  -30.0000    0.0000 2791.0945   12.9648
    7.5000  -30.0000    0.0000 2764.8889   13.2974
   -7.5000  -22.5000    0.0000 2867.3108   12.4457
    0.0000  -22.5000    0.0000 2876.7776   12.4066
    7.5000  -22.5000    0.0000 2853.9233   12.6731
   -7.5000  -15.0000    0.0000 2920.4795   12.2982
    0.0000  -15.0000    0.0000 2935.4021   12.2445
    7.5000  -15.0000    0.0000 2906.0168   12.4705
   -7.5000   -7.5000    0.0000 2942.7549   12.2570
    0.0000   -7.5000    0.0000 2964.6753   12.2285
    7.5000   -7.5000    0.0000 2928.2815   12.5041
   -7.5000    0.0000    0.0000 2921.1638   12.5042
    0.0000    0.0000    0.0000 2948.0793   12.4579
    7.5000    0.0000    0.0000 2916.9329   12.7962
   -7.5000    7.5000    0.0000 2875.1248   13.0259
    0.0000    7.5000    0.0000 2903.6863   12.9691
    7.5000    7.5000    0.0000 2880.0151   13.2603
   -7.5000   15.0000    0.0000 2809.5901   13.7860
    0.0000   15.0000    0.0000 2830.6069   13.7099
    7.5000   15.0000    0.0000 2811.9009   13.9573
   -7.5000   22.5000    0.0000 2718.2803   14.8162
    0.0000   22.5000    0.0000 2732.9429   14.7133
    7.5000   22.5000    0.0000 2712.4348   14.9561
   -7.5000   30.0000    0.0000 2598.3740   16.1663
    0.0000   30.0000    0.0000 2609.6123   16.0649
    7.5000   30.0000    0.0000 2590.2827   16.3190
   -7.5000   37.5000    0.0000 2471.9236   17.9147
    0.0000   37.5000    0.0000 2486.2686   17.8306
    7.5000   37.5000    0.0000 2463.0146   18.0857
   -7.5000   45.0000    0.0000 2324.3108   20.2320
    0.0000   45.0000    0.0000 2338.0100   20.1725
    7.5000   45.0000    0.0000 2319.9380   20.4177
   -7.5000  -45.0000    7.5000 2560.6277   15.3178
    0.0000  -45.0000    7.5000 2571.1392   15.2091
    7.5000  -45.0000    7.5000 2544.9641   15.5975
   -7.5000  -37.5000    7.5000 2667.8328   13.9753
    0.0000  -37.5000    7.5000 2678.1257   13.8607
    7.5000  -37.5000    7.5000 2655.8613   14.2293
   -7.5000  -30.0000    7.5000 2767.0884   13.0423
    0.0000  -30.0000    7.5000 2774.9175   12.9142
    7.5000  -30.0000    7.5000 2759.4878   13.2597
   -7.5000  -22.5000    7.5000 2859.5061   12.4946
    0.0000  -22.5000    7.5000 2872.0706   12.3851
    7.5000  -22.5000    7.5000 2857.9011   12.6580
   -7.5000  -15.0000    7.5000 2922.4858   12.3896
    0.0000  -15.0000    7.5000 2945.8220   12.3047
    7.5000  -15.0000    7.5000 2926.0349   12.4804
   -7.5000   -7.5000    7.5000 2955.4521   12.3446
    0.0000   -7.5000    7.5000 2991.7437   12.3103
    7.5000   -7.5000    7.5000 2952.7019   12.4470
   -7.5000    0.0000    7.5000 2941.2937   12.5325
    0.0000    0.0000    7.5000 2971.4666   12.4652
    7.5000    0.0000    7.5000 2937.5764   12.6381
   -7.5000    7.5000    7.5000 2890.4988   12.9499
    0.0000    7.5000    7.5000 2917.4331   12.8353
    7.5000    7.5000    7.5000 2898.0212   13.0426
   -7.5000   15.0000    7.5000 2816.7659   13.6872
    0.0000   15.0000    7.5000 2839.2532   13.5314
    7.5000   15.0000    7.5000 2824.8420   13.7585
   -7.5000   22.5000    7.5000 2718.3870   14.7258
    0.0000   22.5000    7.5000 2729.0742   14.5590
    7.5000   22.5000    7.5000 2719.9465   14.7933
   -7.5000   30.0000    7.5000 2601.3110   16.0887
    0.0000   30.0000    7.5000 2607.0034   15.9814
    7.5000   30.0000    7.5000 2594.8506   16.2209
   -7.5000   37.5000    7.5000 2475.3469   17.8868
    0.0000   37.5000    7.5000 2485.9365   17.7796
    7.5000   37.5000    7.5000 2470.0308   18.0129
   -7.5000   45.0000    7.5000 2322.1809   20.1768
    0.0000   45.0000    7.5000 2333.7104   20.0956
    7.5000   45.0000    7.5000 2320.8931   20.3242
   -7.5000  -45.0000   15.0000 2516.9414   15.5580
    0.0000  -45.0000   15.0000 2526.0481   15.3843
    7.5000  -45.0000   15.0000 2509.6821   15.8093
   -7.5000  -37.5000   15.0000 2625.8457   14.2741
    0.0000  -37.5000   15.0000 2634.5420   14.0961
    7.5000  -37.5000   15.0000 2624.8027   14.4763
   -7.5000  -30.0000   15.0000 2732.2126   13.3573
    0.0000  -30.0000   15.0000 2744.6150   13.2078
    7.5000  -30.0000   15.0000 2734.5986   13.5107
   -7.5000  -22.5000   15.0000 2837.7273   12.8076
    0.0000  -22.5000   15.0000 2853.2197   12.6877
    7.5000  -22.5000   15.0000 2832.3577   12.8919
   -7.5000  -15.0000   15.0000 2907.8552   12.6181
    0.0000  -15.0000   15.0000 2933.2671   12.5351
    7.5000  -15.0000   15.0000 2902.5833   12.6461
   -7.5000   -7.5000   15.0000 2943.4329   12.5065
    0.0000   -7.5000   15.0000 2975.0432   12.4032
    7.5000   -7.5000   15.0000 2933.5217   12.5464
   -7.5000    0.0000   15.0000 2932.9304   12.6638
    0.0000    0.0000   15.0000 2958.1182   12.4814
    7.5000    0.0000   15.0000 2924.3398   12.6758
   -7.5000    7.5000   15.0000 2876.4534   13.1665
    0.0000    7.5000   15.0000 2900.9768   12.9455
    7.5000    7.5000   15.0000 2884.5430   13.1264
   -7.5000   15.0000   15.0000 2798.2871   13.8761
    0.0000   15.0000   15.0000 2819.6372   13.7402
    7.5000   15.0000   15.0000 2808.8562   13.8969
   -7.5000   22.5000   15.0000 2699.5852   14.9211
    0.0000   22.5000   15.0000 2705.7771   14.7994
    7.5000   22.5000   15.0000 2702.5083   14.9824
   -7.5000   30.0000   15.0000 2579.3342   16.2818
    0.0000   30.0000   15.0000 2581.1721   16.2091
    7.5000   30.0000   15.0000 2574.9070   16.4079
   -7.5000   37.5000   15.0000 2456.1218   18.0446
    0.0000   37.5000   15.0000 2466.4431   17.9681
    7.5000   37.5000   15.0000 2450.4863   18.1646
   -7.5000   45.0000   15.0000 2296.4536   20.2380
    0.0000   45.0000   15.0000 2312.6970   20.2032
    7.5000   45.0000   15.0000 2301.1907   20.3889
   -7.5000  -45.0000   22.5000 2467.4080   16.1609
    0.0000  -45.0000   22.5000 2481.6633   15.9694
    7.5000  -45.0000   22.5000 2471.3865   16.3667
   -7.5000  -37.5000   22.5000 2583.3809   14.8280
    0.0000  -37.5000   22.5000 2599.1814   14.6558
    7.5000  -37.5000   22.5000 2587.8936   14.9627
   -7.5000  -30.0000   22.5000 2688.5383   13.8528
    0.0000  -30.0000   22.5000 2709.5605   13.6739
    7.5000  -30.0000   22.5000 2691.5300   13.9084
   -7.5000  -22.5000   22.5000 2789.1736   13.2362
    0.0000  -22.5000   22.5000 2809.3958   13.0777
    7.5000  -22.5000   22.5000 2788.3757   13.2862
   -7.5000  -15.0000   22.5000 2863.1482   12.9554
    0.0000  -15.0000   22.5000 2884.8098   12.8114
    7.5000  -15.0000   22.5000 2859.1628   12.9801
   -7.5000   -7.5000   22.5000 2894.5925   12.8188
    0.0000   -7.5000   22.5000 2920.8091   12.6005
    7.5000   -7.5000   22.5000 2888.9028   12.8212
   -7.5000    0.0000   22.5000 2887.3906   12.9647
    0.0000    0.0000   22.5000 2911.7998   12.6958
    7.5000    0.0000   22.5000 2890.0356   12.9405
   -7.5000    7.5000   22.5000 2837.5869   13.4692
    0.0000    7.5000   22.5000 2866.3184   13.2451
    7.5000    7.5000   22.5000 2852.0881   13.4190
   -7.5000   15.0000   22.5000 2758.0129   14.2040
    0.0000   15.0000   22.5000 2780.2351   14.0470
    7.5000   15.0000   22.5000 2773.9478   14.2252
   -7.5000   22.5000   22.5000 2662.6191   15.2960
    0.0000   22.5000   22.5000 2674.7563   15.1344
    7.5000   22.5000   22.5000 2669.8760   15.3210
   -7.5000   30.0000   22.5000 2539.4651   16.6959
    0.0000   30.0000   22.5000 2550.3250   16.5837
    7.5000   30.0000   22.5000 2541.5774   16.7939
   -7.5000   37.5000   22.5000 2416.7253   18.4417
    0.0000   37.5000   22.5000 2426.5571   18.3629
    7.5000   37.5000   22.5000 2411.8328   18.5432
   -7.5000   45.0000   22.5000 2259.9385   20.6338
    0.0000   45.0000   22.5000 2273.4438   20.5926
    7.5000   45.0000   22.5000 2264.0327   20.7482
   -7.5000  -45.0000   30.0000 2418.8120   17.0592
    0.0000  -45.0000   30.0000 2441.6584   16.8497
    7.5000  -45.0000   30.0000 2424.4456   17.1159
   -7.5000  -37.5000   30.0000 2531.8501   15.5948
    0.0000  -37.5000   30.0000 2553.7236   15.3761
    7.5000  -37.5000   30.0000 2540.1001   15.6400
   -7.5000  -30.0000   30.0000 2634.8188   14.5309
    0.0000  -30.0000   30.0000 2654.0581   14.3017
    7.5000  -30.0000   30.0000 2638.5190   14.5422
   -7.5000  -22.5000   30.0000 2726.4978   13.9177
    0.0000  -22.5000   30.0000 2744.4832   13.6817
    7.5000  -22.5000   30.0000 2728.4194   13.8875
   -7.5000  -15.0000   30.0000 2796.4299   13.5284
    0.0000  -15.0000   30.0000 2817.4336   13.3066
    7.5000  -15.0000   30.0000 2796.4753   13.5073
   -7.5000   -7.5000   30.0000 2820.0532   13.3871
    0.0000   -7.5000   30.0000 2843.7783   13.0707
    7.5000   -7.5000   30.0000 2820.4475   13.3148
   -7.5000    0.0000   30.0000 2814.7729   13.5461
    0.0000    0.0000   30.0000 2836.9929   13.2670
    7.5000    0.0000   30.0000 2818.3354   13.4717
   -7.5000    7.5000   30.0000 2774.2505   14.0201
    0.0000    7.5000   30.0000 2797.7935   13.8051
    7.5000    7.5000   30.0000 2784.3894   13.9921
   -7.5000   15.0000   30.0000 2698.3618   14.7600
    0.0000   15.0000   30.0000 2718.0586   14.6050
    7.5000   15.0000   30.0000 2707.6299   14.7792
   -7.5000   22.5000   30.0000 2607.8682   15.8334
    0.0000   22.5000   30.0000 2626.1084   15.6573
    7.5000   22.5000   30.0000 2618.7393   15.8111
   -7.5000   30.0000   30.0000 2493.8660   17.2575
    0.0000   30.0000   30.0000 2510.3293   17.0985
    7.5000   30.0000   30.0000 2500.8367   17.2395
   -7.5000   37.5000   30.0000 2361.9268   19.0335
    0.0000   37.5000   30.0000 2380.6514   18.9093
    7.5000   37.5000   30.0000 2367.5193   19.0861
   -7.5000   45.0000   30.0000 2209.7944   21.2280
    0.0000   45.0000   30.0000 2219.6895   21.1559
    7.5000   45.0000   30.0000 2213.5115   21.3110
   -7.5000  -45.0000   37.5000 2368.7014   18.1471
    0.0000  -45.0000   37.5000 2387.8831   17.8638
    7.5000  -45.0000   37.5000 2376.5725   18.1128
   -7.5000  -37.5000   37.5000 2477.5198   16.5734
    0.0000  -37.5000   37.5000 2498.5386   16.2943
    7.5000  -37.5000   37.5000 2486.4077   16.5422
   -7.5000  -30.0000   37.5000 2568.9038   15.4715
    0.0000  -30.0000   37.5000 2589.5522   15.1930
    7.5000  -30.0000   37.5000 2578.1396   15.4282
   -7.5000  -22.5000   37.5000 2650.8853   14.7508
    0.0000  -22.5000   37.5000 2673.0227   14.4829
    7.5000  -22.5000   37.5000 2660.7830   14.7174
   -7.5000  -15.0000   37.5000 2710.2314   14.3252
    0.0000  -15.0000   37.5000 2738.2119   14.0583
    7.5000  -15.0000   37.5000 2719.3279   14.2855
   -7.5000   -7.5000   37.5000 2733.9031   14.1417
    0.0000   -7.5000   37.5000 2757.4670   13.8235
    7.5000   -7.5000   37.5000 2743.2046   14.0623
   -7.5000    0.0000   37.5000 2722.6379   14.3271
    0.0000    0.0000   37.5000 2743.4531   14.0604
    7.5000    0.0000   37.5000 2729.5229   14.2565
   -7.5000    7.5000   37.5000 2686.0461   14.7875
    0.0000    7.5000   37.5000 2704.6685   14.5589
    7.5000    7.5000   37.5000 2694.6350   14.7443
   -7.5000   15.0000   37.5000 2622.0310   15.5284
    0.0000   15.0000   37.5000 2641.9248   15.3334
    7.5000   15.0000   37.5000 2629.9587   15.5052
   -7.5000   22.5000   37.5000 2542.8135   16.5617
    0.0000   22.5000   37.5000 2563.0989   16.3891
    7.5000   22.5000   37.5000 2551.0935   16.5171
   -7.5000   30.0000   37.5000 2436.6721   17.9596
    0.0000   30.0000   37.5000 2457.8850   17.7906
    7.5000   30.0000   37.5000 2449.5388   17.9143
   -7.5000   37.5000   37.5000 2305.9495   19.7605
    0.0000   37.5000   37.5000 2329.1270   19.6397
    7.5000   37.5000   37.5000 2318.1597   19.7700
   -7.5000   45.0000   37.5000 2152.4546   22.0554
    0.0000   45.0000   37.5000 2170.1094   21.9813
    7.5000   45.0000   37.5000 2161.6553   22.1404
   -7.5000  -45.0000   45.0000 2301.5447   19.4099
    0.0000  -45.0000   45.0000 2322.1316   19.0839
    7.5000  -45.0000   45.0000 2313.2412   19.3279
   -7.5000  -37.5000   45.0000 2406.8115   17.7666
    0.0000  -37.5000   45.0000 2436.5088   17.4491
    7.5000  -37.5000   45.0000 2422.2180   17.6915
   -7.5000  -30.0000   45.0000 2491.2771   16.6001
    0.0000  -30.0000   45.0000 2519.9031   16.2907
    7.5000  -30.0000   45.0000 2508.6582   16.5355
   -7.5000  -22.5000   45.0000 2567.0020   15.7941
    0.0000  -22.5000   45.0000 2598.0454   15.5147
    7.5000  -22.5000   45.0000 2583.7551   15.7231
   -7.5000  -15.0000   45.0000 2614.6218   15.2959
    0.0000  -15.0000   45.0000 2645.2722   15.0308
    7.5000  -15.0000   45.0000 2628.4966   15.2521
   -7.5000   -7.5000   45.0000 2639.9321   15.0470
    0.0000   -7.5000   45.0000 2664.8320   14.8135
    7.5000   -7.5000   45.0000 2650.1956   15.0015
   -7.5000    0.0000   45.0000 2625.0503   15.2550
    0.0000    0.0000   45.0000 2649.4504   15.0437
    7.5000    0.0000   45.0000 2636.9827   15.2057
   -7.5000    7.5000   45.0000 2591.7002   15.7508
    0.0000    7.5000   45.0000 2612.0544   15.5316
    7.5000    7.5000   45.0000 2599.2917   15.6925
   -7.5000   15.0000   45.0000 2532.0706   16.4635
    0.0000   15.0000   45.0000 2554.0547   16.2649
    7.5000   15.0000   45.0000 2547.8401   16.4350
   -7.5000   22.5000   45.0000 2462.3364   17.4398
    0.0000   22.5000   45.0000 2486.7644   17.2813
    7.5000   22.5000   45.0000 2477.7290   17.4121
   -7.5000   30.0000   45.0000 2366.6812   18.8059
    0.0000   30.0000   45.0000 2389.9629   18.6678
    7.5000   30.0000   45.0000 2383.1116   18.7751
   -7.5000   37.5000   45.0000 2240.4304   20.6707
    0.0000   37.5000   45.0000 2266.5239   20.5609
    7.5000   37.5000   45.0000 2255.7400   20.6590
   -7.5000   45.0000   45.0000 2095.4839   23.0343
    0.0000   45.0000   45.0000 2114.2148   22.9568
    7.5000   45.0000   45.0000 2104.8027   23.0299

---------------------------------------------------------------------
imgreg_4dfp /opt/freesurfer/average/711-2C_as_mni_average_305 /opt/freesurfer/average/711-2B_as_mni_average_305_mask talsrcimg_g11 none talsrcimg_to_711-2C_as_mni_average_305_t4 1283
---------------------------------------------------------------------

freesurfer imgreg_4dfp.c
/opt/freesurfer/average/711-2C_as_mni_average_305.4dfp.img
       256       256       256         1
  1.000000  1.000000  1.000000
orientation T byte_order littleendian
Reading image: /opt/freesurfer/average/711-2C_as_mni_average_305.4dfp.img
dimensions:      256       256       256
mmppix:       1.0000   -1.0000   -1.0000
center:     128.0000 -129.0000 -129.0000
/opt/freesurfer/average/711-2B_as_mni_average_305_mask.4dfp.img
       256       256       256         1
  1.000000  1.000000  1.000000
orientation T byte_order littleendian
Reading mask: /opt/freesurfer/average/711-2B_as_mni_average_305_mask.4dfp.img (2306576 pixels)
talsrcimg_g11.4dfp.img
       256       256       256         1
  1.000000  1.000000  1.000000
orientation T byte_order littleendian
Reading image: talsrcimg_g11.4dfp.img
dimensions:      256       256       256
mmppix:       1.0000   -1.0000   -1.0000
center:     128.0000 -129.0000 -129.0000
rotation matrix determinant  1.000000
fimgreg.f
image alignment mode   1283 decimal      503 hex
parameters
    0.0000   -7.5000    7.5000    0.0000    0.0000    0.0000
eta,q 0.93962 12.37267
niter,ni,del,rscale     5    3   12.0000    1.2000
parameter  4  2.207490 ->  0.500000 qaram    1.1500
parameter  5  1.051497 ->  0.500000 qaram    1.1500
parameters
   -1.1169   -4.5328    8.4879   -3.4500   -3.4500    2.6429
eta,q 0.94947 12.25033
  0.0695  0.0720  0.0700  0.0529  0.0511  0.0594
  0.0659  0.0680  0.0663  0.0552  0.0515  0.0567
  0.0638  0.0657  0.0625  0.0570  0.0534  0.0540
  0.0635  0.0631  0.0598  0.0597  0.0556  0.0519
  0.0663  0.0605  0.0603  0.0641  0.0574  0.0507
  0.0709  0.0600  0.0631  0.0683  0.0611  0.0507
  0.0753  0.0636  0.0653  0.0715  0.0666  0.0529
niter,ni,del,rscale     6    3   12.0000    1.2000
parameter  4  1.097878 ->  0.500000 qaram    1.3225
parameters
    0.4617   -4.3812    9.4974   -7.4175   -5.3382    1.7722
eta,q 0.95670 12.14744
  0.0742  0.0622  0.0609  0.0437  0.0495  0.0474
  0.0647  0.0566  0.0562  0.0445  0.0453  0.0443
  0.0555  0.0520  0.0513  0.0457  0.0438  0.0432
  0.0505  0.0496  0.0496  0.0495  0.0446  0.0437
  0.0498  0.0505  0.0498  0.0543  0.0485  0.0452
  0.0529  0.0553  0.0518  0.0598  0.0526  0.0467
  0.0585  0.0617  0.0554  0.0653  0.0576  0.0495
niter,ni,del,rscale     6    3   12.0000    1.2000
parameter  4  0.572076 ->  0.500000 qaram    1.5209
parameters
    1.4954   -4.2613    8.7823  -11.9801   -5.7746    1.3052
eta,q 0.95926 12.23127
  0.0668  0.0546  0.0494  0.0428  0.0492  0.0458
  0.0560  0.0488  0.0462  0.0409  0.0443  0.0429
  0.0464  0.0445  0.0444  0.0415  0.0419  0.0410
  0.0433  0.0433  0.0434  0.0436  0.0407  0.0408
  0.0438  0.0450  0.0446  0.0465  0.0421  0.0420
  0.0472  0.0484  0.0485  0.0514  0.0461  0.0442
  0.0547  0.0533  0.0540  0.0566  0.0517  0.0473
niter,ni,del,rscale     6    3   12.0000    1.2000
parameters
    1.4706   -2.8989    7.0893  -14.9682   -5.8297    1.2550
eta,q 0.96229 12.26365
  0.0585  0.0558  0.0448  0.0434  0.0472  0.0443
  0.0485  0.0483  0.0411  0.0371  0.0426  0.0410
  0.0424  0.0435  0.0396  0.0377  0.0394  0.0383
  0.0407  0.0407  0.0404  0.0396  0.0377  0.0377
  0.0429  0.0407  0.0436  0.0427  0.0380  0.0390
  0.0489  0.0432  0.0486  0.0471  0.0418  0.0412
  0.0586  0.0460  0.0552  0.0515  0.0487  0.0443
niter,ni,del,rscale     5    3   12.0000    1.2000
parameters
    1.2172   -0.8435    6.0364  -17.7351   -5.6831    0.8320
eta,q 0.96736 12.28822
  0.0548  0.0544  0.0450  0.0410  0.0477  0.0392
  0.0446  0.0461  0.0402  0.0343  0.0407  0.0354
  0.0390  0.0409  0.0363  0.0327  0.0352  0.0331
  0.0377  0.0377  0.0362  0.0356  0.0327  0.0327
  0.0404  0.0363  0.0408  0.0406  0.0344  0.0343
  0.0473  0.0373  0.0464  0.0450  0.0397  0.0370
  0.0573  0.0406  0.0521  0.0501  0.0467  0.0408
niter,ni,del,rscale     4    3   12.0000    1.2000
parameters
    1.1961   -0.1065    5.3726  -18.5188   -5.6752    0.8041
eta,q 0.96792 12.30632
  0.0559  0.0518  0.0437  0.0446  0.0467  0.0389
  0.0437  0.0420  0.0386  0.0369  0.0395  0.0352
  0.0351  0.0356  0.0344  0.0324  0.0344  0.0330
  0.0326  0.0326  0.0324  0.0324  0.0321  0.0321
  0.0357  0.0331  0.0361  0.0365  0.0341  0.0329
  0.0442  0.0374  0.0427  0.0416  0.0397  0.0353
  0.0559  0.0441  0.0497  0.0471  0.0465  0.0391
niter,ni,del,rscale     3    3   12.0000    1.2000
parameters
    1.1986    0.2063    5.1975  -18.8105   -5.7008    0.8354
eta,q 0.96800 12.31105
  0.0560  0.0497  0.0454  0.0463  0.0466  0.0389
  0.0435  0.0400  0.0394  0.0380  0.0392  0.0353
  0.0345  0.0344  0.0350  0.0326  0.0342  0.0331
  0.0321  0.0321  0.0320  0.0321  0.0320  0.0320
  0.0354  0.0335  0.0344  0.0355  0.0342  0.0327
  0.0438  0.0390  0.0403  0.0405  0.0398  0.0351
  0.0554  0.0457  0.0475  0.0464  0.0466  0.0389
niter,ni,del,rscale     2    3   12.0000    1.2000
parameters
    1.2035    0.3227    5.1429  -18.9065   -5.7231    0.8483
eta,q 0.96801 12.31351
  0.0560  0.0487  0.0458  0.0470  0.0466  0.0389
  0.0435  0.0392  0.0397  0.0385  0.0392  0.0353
  0.0344  0.0340  0.0352  0.0327  0.0342  0.0331
  0.0320  0.0320  0.0320  0.0320  0.0320  0.0320
  0.0353  0.0340  0.0340  0.0351  0.0341  0.0327
  0.0438  0.0397  0.0397  0.0401  0.0397  0.0352
  0.0553  0.0465  0.0469  0.0460  0.0466  0.0390
niter,ni,del,rscale     1    3   12.0000    1.2000
parameters
    1.2098    0.3622    5.1248  -18.9365   -5.7353    0.8512
eta,q 0.96800 12.31432
  0.0560  0.0483  0.0459  0.0473  0.0466  0.0389
  0.0435  0.0389  0.0398  0.0386  0.0393  0.0353
  0.0344  0.0339  0.0352  0.0328  0.0342  0.0331
  0.0320  0.0320  0.0320  0.0320  0.0320  0.0320
  0.0353  0.0342  0.0339  0.0350  0.0341  0.0328
  0.0438  0.0401  0.0395  0.0400  0.0397  0.0352
  0.0553  0.0468  0.0468  0.0459  0.0465  0.0390
registration optimization eta report
parameter search radius
    6.0000    6.0000    6.0000    9.1253    6.9000    6.0000
100000*second partial in parameter space
       65.       43.       38.       17.       30.       19.
  0.0560  0.0483  0.0459  0.0473  0.0466  0.0389
  0.0435  0.0389  0.0398  0.0386  0.0393  0.0353
  0.0344  0.0339  0.0352  0.0328  0.0342  0.0331
  0.0320  0.0320  0.0320  0.0320  0.0320  0.0320
  0.0353  0.0342  0.0339  0.0350  0.0341  0.0328
  0.0438  0.0401  0.0395  0.0400  0.0397  0.0352
  0.0553  0.0468  0.0468  0.0459  0.0465  0.0390
    1.2098    0.3622    5.1248  -18.9365   -5.7353    0.8512
eta,q 0.96800 12.31432

---------------------------------------------------------------------
imgreg_4dfp /opt/freesurfer/average/711-2C_as_mni_average_305 /opt/freesurfer/average/711-2B_as_mni_average_305_mask talsrcimg_g11 none talsrcimg_to_711-2C_as_mni_average_305_t4 3335
---------------------------------------------------------------------

freesurfer imgreg_4dfp.c
/opt/freesurfer/average/711-2C_as_mni_average_305.4dfp.img
       256       256       256         1
  1.000000  1.000000  1.000000
orientation T byte_order littleendian
Reading image: /opt/freesurfer/average/711-2C_as_mni_average_305.4dfp.img
dimensions:      256       256       256
mmppix:       1.0000   -1.0000   -1.0000
center:     128.0000 -129.0000 -129.0000
/opt/freesurfer/average/711-2B_as_mni_average_305_mask.4dfp.img
       256       256       256         1
  1.000000  1.000000  1.000000
orientation T byte_order littleendian
Reading mask: /opt/freesurfer/average/711-2B_as_mni_average_305_mask.4dfp.img (2306576 pixels)
talsrcimg_g11.4dfp.img
       256       256       256         1
  1.000000  1.000000  1.000000
orientation T byte_order littleendian
Reading image: talsrcimg_g11.4dfp.img
dimensions:      256       256       256
mmppix:       1.0000   -1.0000   -1.0000
center:     128.0000 -129.0000 -129.0000
fimgreg.f
image alignment mode   3335 decimal      D07 hex
parameters
    1.2098    0.3622    5.1248   -0.5116   -5.4707   -5.8856
   -4.6479    8.9692    1.4782   32.5888   -9.9932  -32.2895
eta,q 0.96734 12.48563
niter,ni,del,rscale     5    3    5.0000    1.2000
parameter  4  1.488268 ->  0.500000 qaram    1.1500
parameter  5  2.873876 ->  0.500000 qaram    1.1500
parameters
    1.1963    1.0726    5.1675   -4.6516   -9.6107   -8.4440
   -5.3584    9.9881    1.5748   30.9737   -7.7909  -30.2663
eta,q 0.97877 12.27128
  0.0365  0.0364  0.0348  0.0259  0.0201  0.0239  0.0245  0.0303  0.0245  0.0240  0.0242  0.0240
  0.0345  0.0348  0.0335  0.0266  0.0217  0.0228  0.0229  0.0265  0.0230  0.0226  0.0230  0.0229
  0.0332  0.0335  0.0327  0.0286  0.0241  0.0218  0.0220  0.0235  0.0220  0.0217  0.0221  0.0220
  0.0327  0.0327  0.0324  0.0324  0.0270  0.0223  0.0218  0.0218  0.0216  0.0216  0.0216  0.0214
  0.0331  0.0324  0.0326  0.0371  0.0303  0.0242  0.0225  0.0218  0.0219  0.0226  0.0214  0.0212
  0.0344  0.0328  0.0333  0.0418  0.0338  0.0280  0.0238  0.0235  0.0229  0.0250  0.0216  0.0215
  0.0367  0.0337  0.0347  0.0462  0.0369  0.0319  0.0257  0.0270  0.0244  0.0286  0.0222  0.0222
niter,ni,del,rscale     6    3    5.0000    1.2000
parameter  5  0.521847 ->  0.500000 qaram    1.3225
parameters
    1.1354    0.3646    4.4066   -7.6955  -14.3717   -9.0260
   -5.0484   10.0626    1.9621   30.5398   -8.1472  -33.0435
eta,q 0.98097 11.95508
  0.0258  0.0226  0.0218  0.0224  0.0202  0.0221  0.0224  0.0246  0.0219  0.0222  0.0204  0.0197
  0.0232  0.0214  0.0209  0.0209  0.0193  0.0209  0.0208  0.0219  0.0206  0.0207  0.0198  0.0192
  0.0217  0.0209  0.0206  0.0203  0.0191  0.0199  0.0197  0.0201  0.0197  0.0197  0.0194  0.0190
  0.0212  0.0212  0.0209  0.0206  0.0203  0.0191  0.0193  0.0193  0.0193  0.0193  0.0193  0.0193
  0.0219  0.0223  0.0217  0.0229  0.0226  0.0195  0.0195  0.0197  0.0195  0.0196  0.0195  0.0200
  0.0236  0.0241  0.0230  0.0274  0.0258  0.0209  0.0204  0.0214  0.0202  0.0209  0.0199  0.0210
  0.0263  0.0265  0.0247  0.0323  0.0296  0.0242  0.0219  0.0247  0.0214  0.0235  0.0207  0.0223
niter,ni,del,rscale     6    3    5.0000    1.2000
parameters
    1.0636    0.4395    4.2004   -7.8593  -14.9236   -9.3641
   -5.3066   10.0766    2.0242   31.0251   -7.9648  -33.7452
eta,q 0.98091 11.92751
  0.0228  0.0225  0.0208  0.0233  0.0235  0.0219  0.0218  0.0241  0.0216  0.0228  0.0204  0.0205
  0.0207  0.0206  0.0197  0.0214  0.0213  0.0205  0.0203  0.0216  0.0203  0.0210  0.0197  0.0197
  0.0194  0.0195  0.0191  0.0199  0.0197  0.0197  0.0194  0.0199  0.0194  0.0198  0.0193  0.0192
  0.0190  0.0190  0.0190  0.0190  0.0190  0.0191  0.0192  0.0192  0.0191  0.0191  0.0191  0.0191
  0.0196  0.0193  0.0194  0.0190  0.0196  0.0191  0.0196  0.0195  0.0194  0.0192  0.0192  0.0194
  0.0210  0.0204  0.0202  0.0208  0.0217  0.0203  0.0206  0.0212  0.0202  0.0201  0.0196  0.0201
  0.0233  0.0221  0.0214  0.0246  0.0251  0.0233  0.0222  0.0245  0.0215  0.0221  0.0203  0.0212
niter,ni,del,rscale     5    3    5.0000    1.2000
parameters
    1.0423    0.4840    4.1196   -7.8351  -15.0638   -9.3899
   -5.3692   10.0046    1.9912   31.1481   -7.9142  -33.9649
eta,q 0.98091 11.92851
  0.0230  0.0224  0.0210  0.0235  0.0239  0.0221  0.0219  0.0240  0.0215  0.0225  0.0203  0.0207
  0.0208  0.0206  0.0199  0.0216  0.0216  0.0207  0.0204  0.0215  0.0202  0.0208  0.0197  0.0198
  0.0195  0.0195  0.0192  0.0200  0.0199  0.0198  0.0194  0.0198  0.0194  0.0196  0.0193  0.0192
  0.0191  0.0191  0.0191  0.0191  0.0191  0.0191  0.0191  0.0191  0.0191  0.0191  0.0191  0.0191
  0.0196  0.0194  0.0194  0.0190  0.0194  0.0190  0.0195  0.0195  0.0194  0.0193  0.0192  0.0193
  0.0209  0.0205  0.0201  0.0206  0.0214  0.0201  0.0204  0.0212  0.0203  0.0204  0.0196  0.0199
  0.0232  0.0222  0.0212  0.0243  0.0246  0.0228  0.0220  0.0246  0.0215  0.0225  0.0204  0.0209
niter,ni,del,rscale     4    3    5.0000    1.2000
parameters
    1.0321    0.4925    4.0971   -7.8244  -15.1079   -9.4094
   -5.3891    9.9828    1.9800   31.1859   -7.9078  -34.0318
eta,q 0.98090 11.92823
  0.0231  0.0223  0.0211  0.0234  0.0240  0.0221  0.0219  0.0241  0.0215  0.0225  0.0203  0.0208
  0.0209  0.0206  0.0199  0.0216  0.0217  0.0207  0.0204  0.0216  0.0202  0.0207  0.0197  0.0199
  0.0195  0.0195  0.0193  0.0200  0.0200  0.0198  0.0194  0.0198  0.0194  0.0196  0.0193  0.0193
  0.0191  0.0191  0.0191  0.0191  0.0191  0.0191  0.0191  0.0191  0.0191  0.0191  0.0191  0.0191
  0.0196  0.0195  0.0194  0.0191  0.0194  0.0190  0.0194  0.0195  0.0194  0.0193  0.0192  0.0193
  0.0209  0.0205  0.0200  0.0207  0.0213  0.0201  0.0204  0.0212  0.0202  0.0204  0.0197  0.0199
  0.0231  0.0223  0.0211  0.0244  0.0245  0.0229  0.0220  0.0246  0.0215  0.0226  0.0204  0.0208
registration optimization eta report
parameter search radius
    2.4000    2.4000    2.4000    8.2800    9.5220    7.2000
    7.2000    7.2000    7.2000    7.2000    7.2000    7.2000
100000*second partial in parameter space
       70.       55.       35.        7.        6.        7.
        5.       10.        5.        7.        2.        3.
  0.0231  0.0223  0.0211  0.0234  0.0240  0.0221  0.0219  0.0241  0.0215  0.0225  0.0203  0.0208
  0.0209  0.0206  0.0199  0.0216  0.0217  0.0207  0.0204  0.0216  0.0202  0.0207  0.0197  0.0199
  0.0195  0.0195  0.0193  0.0200  0.0200  0.0198  0.0194  0.0198  0.0194  0.0196  0.0193  0.0193
  0.0191  0.0191  0.0191  0.0191  0.0191  0.0191  0.0191  0.0191  0.0191  0.0191  0.0191  0.0191
  0.0196  0.0195  0.0194  0.0191  0.0194  0.0190  0.0194  0.0195  0.0194  0.0193  0.0192  0.0193
  0.0209  0.0205  0.0200  0.0207  0.0213  0.0201  0.0204  0.0212  0.0202  0.0204  0.0197  0.0199
  0.0231  0.0223  0.0211  0.0244  0.0245  0.0229  0.0220  0.0246  0.0215  0.0226  0.0204  0.0208
    1.0321    0.4925    4.0971   -7.8244  -15.1079   -9.4094
   -5.3891    9.9828    1.9800   31.1859   -7.9078  -34.0318
eta,q 0.98090 11.92823

---------------------------------------------------------------------
imgreg_4dfp /opt/freesurfer/average/711-2C_as_mni_average_305 /opt/freesurfer/average/711-2B_as_mni_average_305_mask talsrcimg_g11 none talsrcimg_to_711-2C_as_mni_average_305_t4 2311
---------------------------------------------------------------------

freesurfer imgreg_4dfp.c
/opt/freesurfer/average/711-2C_as_mni_average_305.4dfp.img
       256       256       256         1
  1.000000  1.000000  1.000000
orientation T byte_order littleendian
Reading image: /opt/freesurfer/average/711-2C_as_mni_average_305.4dfp.img
dimensions:      256       256       256
mmppix:       1.0000   -1.0000   -1.0000
center:     128.0000 -129.0000 -129.0000
/opt/freesurfer/average/711-2B_as_mni_average_305_mask.4dfp.img
       256       256       256         1
  1.000000  1.000000  1.000000
orientation T byte_order littleendian
Reading mask: /opt/freesurfer/average/711-2B_as_mni_average_305_mask.4dfp.img (2306576 pixels)
talsrcimg_g11.4dfp.img
       256       256       256         1
  1.000000  1.000000  1.000000
orientation T byte_order littleendian
Reading image: talsrcimg_g11.4dfp.img
dimensions:      256       256       256
mmppix:       1.0000   -1.0000   -1.0000
center:     128.0000 -129.0000 -129.0000
fimgreg.f
image alignment mode   2311 decimal      907 hex
parameters
    1.0321    0.4925    4.0971   -7.8244  -15.1079   -9.4094
   -5.3891    9.9828    1.9800   31.1859   -7.9078  -34.0318
eta,q 0.98090 11.92823
niter,ni,del,rscale     5    3    5.0000    0.8000
parameters
    1.0281    0.4899    4.0600   -6.7867  -14.5429   -8.7707
   -5.3918   10.0430    1.8301   31.4997   -8.0820  -33.5462
eta,q 0.98124 12.04288
  0.0209  0.0206  0.0200  0.0212  0.0206  0.0206  0.0201  0.0214  0.0199  0.0206  0.0194  0.0197
  0.0199  0.0197  0.0195  0.0203  0.0199  0.0199  0.0194  0.0200  0.0193  0.0197  0.0190  0.0193
  0.0193  0.0193  0.0192  0.0195  0.0193  0.0194  0.0189  0.0191  0.0189  0.0191  0.0188  0.0189
  0.0191  0.0191  0.0191  0.0191  0.0190  0.0189  0.0188  0.0188  0.0188  0.0188  0.0188  0.0188
  0.0193  0.0193  0.0192  0.0190  0.0189  0.0188  0.0189  0.0190  0.0190  0.0188  0.0189  0.0188
  0.0199  0.0198  0.0195  0.0192  0.0193  0.0192  0.0194  0.0198  0.0194  0.0193  0.0191  0.0190
  0.0209  0.0206  0.0200  0.0200  0.0201  0.0201  0.0201  0.0214  0.0200  0.0203  0.0195  0.0194
niter,ni,del,rscale     4    3    5.0000    0.7000
parameters
    1.0621    0.5035    4.1732   -6.8591  -14.4002   -8.4144
   -5.3730   10.0743    1.7871   31.5152   -8.1903  -33.3381
eta,q 0.98129 12.06125
  0.0203  0.0200  0.0197  0.0200  0.0200  0.0202  0.0198  0.0207  0.0196  0.0200  0.0192  0.0194
  0.0195  0.0193  0.0192  0.0194  0.0194  0.0196  0.0192  0.0196  0.0191  0.0194  0.0189  0.0190
  0.0189  0.0189  0.0189  0.0190  0.0190  0.0191  0.0188  0.0190  0.0188  0.0189  0.0188  0.0188
  0.0188  0.0188  0.0188  0.0188  0.0188  0.0187  0.0187  0.0187  0.0187  0.0187  0.0187  0.0187
  0.0189  0.0189  0.0188  0.0188  0.0188  0.0187  0.0188  0.0189  0.0188  0.0188  0.0188  0.0187
  0.0194  0.0193  0.0190  0.0193  0.0192  0.0191  0.0192  0.0195  0.0191  0.0193  0.0189  0.0189
  0.0201  0.0199  0.0194  0.0203  0.0199  0.0199  0.0197  0.0207  0.0196  0.0201  0.0192  0.0193
niter,ni,del,rscale     3    3    5.0000    0.6000
parameters
    1.0855    0.5204    4.2824   -6.7804  -14.3333   -8.1368
   -5.3552   10.1009    1.7639   31.5616   -8.2856  -33.1822
eta,q 0.98134 12.07926
  0.0198  0.0196  0.0194  0.0197  0.0196  0.0198  0.0194  0.0202  0.0193  0.0197  0.0190  0.0192
  0.0192  0.0191  0.0190  0.0192  0.0192  0.0194  0.0190  0.0194  0.0190  0.0192  0.0188  0.0189
  0.0188  0.0188  0.0188  0.0189  0.0188  0.0190  0.0187  0.0188  0.0187  0.0188  0.0187  0.0187
  0.0187  0.0187  0.0187  0.0187  0.0187  0.0187  0.0187  0.0187  0.0187  0.0187  0.0187  0.0187
  0.0188  0.0188  0.0187  0.0187  0.0187  0.0187  0.0187  0.0188  0.0187  0.0187  0.0187  0.0187
  0.0191  0.0191  0.0189  0.0190  0.0190  0.0191  0.0190  0.0193  0.0190  0.0191  0.0188  0.0188
  0.0197  0.0196  0.0192  0.0197  0.0196  0.0197  0.0194  0.0202  0.0194  0.0197  0.0191  0.0191
niter,ni,del,rscale     2    3    5.0000    0.5000
parameters
    1.1069    0.5432    4.3746   -6.7198  -14.2775   -7.9217
   -5.3442   10.1187    1.7527   31.6272   -8.3304  -33.0727
eta,q 0.98137 12.09412
  0.0194  0.0193  0.0192  0.0193  0.0193  0.0196  0.0192  0.0197  0.0191  0.0194  0.0189  0.0190
  0.0190  0.0190  0.0189  0.0190  0.0190  0.0192  0.0189  0.0191  0.0189  0.0190  0.0188  0.0188
  0.0188  0.0187  0.0187  0.0188  0.0188  0.0189  0.0187  0.0188  0.0187  0.0187  0.0187  0.0187
  0.0187  0.0187  0.0187  0.0187  0.0187  0.0187  0.0186  0.0186  0.0186  0.0186  0.0186  0.0186
  0.0187  0.0187  0.0187  0.0187  0.0187  0.0187  0.0187  0.0187  0.0187  0.0187  0.0187  0.0187
  0.0190  0.0189  0.0188  0.0189  0.0189  0.0190  0.0189  0.0191  0.0189  0.0189  0.0188  0.0188
  0.0194  0.0193  0.0190  0.0193  0.0193  0.0194  0.0192  0.0197  0.0191  0.0194  0.0189  0.0190
niter,ni,del,rscale     1    3    5.0000    0.4000
parameters
    1.1208    0.5683    4.4510   -6.6654  -14.2271   -7.7730
   -5.3393   10.1246    1.7373   31.6780   -8.3734  -32.9789
eta,q 0.98138 12.10543
  0.0191  0.0191  0.0190  0.0191  0.0191  0.0193  0.0190  0.0193  0.0189  0.0191  0.0188  0.0189
  0.0189  0.0188  0.0188  0.0188  0.0188  0.0190  0.0188  0.0189  0.0188  0.0189  0.0187  0.0187
  0.0187  0.0187  0.0187  0.0187  0.0187  0.0187  0.0187  0.0187  0.0187  0.0187  0.0186  0.0187
  0.0186  0.0186  0.0186  0.0186  0.0186  0.0186  0.0186  0.0186  0.0186  0.0186  0.0186  0.0186
  0.0187  0.0187  0.0187  0.0187  0.0187  0.0187  0.0187  0.0187  0.0187  0.0187  0.0186  0.0186
  0.0188  0.0188  0.0187  0.0188  0.0188  0.0189  0.0188  0.0189  0.0188  0.0188  0.0187  0.0187
  0.0191  0.0190  0.0189  0.0191  0.0191  0.0192  0.0190  0.0193  0.0189  0.0191  0.0188  0.0188
registration optimization eta report
parameter search radius
    0.8000    0.8000    0.8000    2.4000    2.4000    2.4000
    2.4000    2.4000    2.4000    2.4000    2.4000    2.4000
100000*second partial in parameter space
       76.       63.       45.        7.        8.       10.
        6.       12.        5.        8.        3.        4.
  0.0191  0.0191  0.0190  0.0191  0.0191  0.0193  0.0190  0.0193  0.0189  0.0191  0.0188  0.0189
  0.0189  0.0188  0.0188  0.0188  0.0188  0.0190  0.0188  0.0189  0.0188  0.0189  0.0187  0.0187
  0.0187  0.0187  0.0187  0.0187  0.0187  0.0187  0.0187  0.0187  0.0187  0.0187  0.0186  0.0187
  0.0186  0.0186  0.0186  0.0186  0.0186  0.0186  0.0186  0.0186  0.0186  0.0186  0.0186  0.0186
  0.0187  0.0187  0.0187  0.0187  0.0187  0.0187  0.0187  0.0187  0.0187  0.0187  0.0186  0.0186
  0.0188  0.0188  0.0187  0.0188  0.0188  0.0189  0.0188  0.0189  0.0188  0.0188  0.0187  0.0187
  0.0191  0.0190  0.0189  0.0191  0.0191  0.0192  0.0190  0.0193  0.0189  0.0191  0.0188  0.0188
    1.1208    0.5683    4.4510   -6.6654  -14.2271   -7.7730
   -5.3393   10.1246    1.7373   31.6780   -8.3734  -32.9789
eta,q 0.98138 12.10543

---------------------------------------------------------------------
imgreg_4dfp /opt/freesurfer/average/711-2C_as_mni_average_305 /opt/freesurfer/average/711-2B_as_mni_average_305_mask talsrcimg_g11 none talsrcimg_to_711-2C_as_mni_average_305_t4 2311
---------------------------------------------------------------------

freesurfer imgreg_4dfp.c
/opt/freesurfer/average/711-2C_as_mni_average_305.4dfp.img
       256       256       256         1
  1.000000  1.000000  1.000000
orientation T byte_order littleendian
Reading image: /opt/freesurfer/average/711-2C_as_mni_average_305.4dfp.img
dimensions:      256       256       256
mmppix:       1.0000   -1.0000   -1.0000
center:     128.0000 -129.0000 -129.0000
/opt/freesurfer/average/711-2B_as_mni_average_305_mask.4dfp.img
       256       256       256         1
  1.000000  1.000000  1.000000
orientation T byte_order littleendian
Reading mask: /opt/freesurfer/average/711-2B_as_mni_average_305_mask.4dfp.img (2306576 pixels)
talsrcimg_g11.4dfp.img
       256       256       256         1
  1.000000  1.000000  1.000000
orientation T byte_order littleendian
Reading image: talsrcimg_g11.4dfp.img
dimensions:      256       256       256
mmppix:       1.0000   -1.0000   -1.0000
center:     128.0000 -129.0000 -129.0000
fimgreg.f
image alignment mode   2311 decimal      907 hex
parameters
    1.1208    0.5683    4.4510   -6.6654  -14.2271   -7.7730
   -5.3393   10.1246    1.7373   31.6780   -8.3734  -32.9789
eta,q 0.98138 12.10543
niter,ni,del,rscale     5    3    5.0000    0.8000
parameters
    1.1297    0.5837    4.5054   -7.0986  -14.4950   -8.1178
   -5.3191   10.1614    1.7889   31.5026   -8.3169  -33.1075
eta,q 0.98131 12.05580
  0.0206  0.0202  0.0198  0.0201  0.0200  0.0203  0.0201  0.0213  0.0199  0.0203  0.0194  0.0195
  0.0195  0.0194  0.0192  0.0193  0.0193  0.0196  0.0193  0.0199  0.0192  0.0195  0.0190  0.0190
  0.0188  0.0188  0.0188  0.0188  0.0189  0.0190  0.0188  0.0190  0.0188  0.0189  0.0188  0.0188
  0.0186  0.0186  0.0186  0.0186  0.0186  0.0187  0.0187  0.0187  0.0187  0.0187  0.0187  0.0187
  0.0188  0.0188  0.0187  0.0188  0.0188  0.0189  0.0188  0.0189  0.0188  0.0189  0.0188  0.0188
  0.0195  0.0193  0.0191  0.0195  0.0195  0.0196  0.0193  0.0198  0.0192  0.0195  0.0190  0.0191
  0.0206  0.0202  0.0197  0.0211  0.0205  0.0212  0.0200  0.0213  0.0198  0.0207  0.0193  0.0196
niter,ni,del,rscale     4    3    5.0000    0.7000
parameters
    1.1180    0.5542    4.4081   -6.9123  -14.4137   -8.1139
   -5.3338   10.1554    1.7847   31.5374   -8.3188  -33.1322
eta,q 0.98134 12.06945
  0.0201  0.0198  0.0194  0.0201  0.0199  0.0200  0.0197  0.0207  0.0196  0.0200  0.0192  0.0193
  0.0193  0.0192  0.0190  0.0194  0.0193  0.0195  0.0191  0.0196  0.0191  0.0193  0.0189  0.0190
  0.0188  0.0188  0.0187  0.0189  0.0189  0.0190  0.0188  0.0189  0.0188  0.0189  0.0187  0.0187
  0.0187  0.0187  0.0187  0.0187  0.0187  0.0187  0.0187  0.0187  0.0187  0.0187  0.0187  0.0187
  0.0189  0.0188  0.0188  0.0187  0.0187  0.0188  0.0188  0.0189  0.0188  0.0188  0.0187  0.0187
  0.0193  0.0193  0.0191  0.0191  0.0191  0.0193  0.0191  0.0195  0.0191  0.0192  0.0189  0.0190
  0.0202  0.0199  0.0196  0.0200  0.0199  0.0202  0.0197  0.0207  0.0196  0.0201  0.0192  0.0193
niter,ni,del,rscale     3    3    5.0000    0.6000
parameters
    1.1143    0.5517    4.3977   -6.8202  -14.3394   -7.9888
   -5.3435   10.1438    1.7597   31.5844   -8.3466  -33.1016
eta,q 0.98136 12.08354
  0.0197  0.0195  0.0193  0.0197  0.0196  0.0198  0.0194  0.0201  0.0193  0.0197  0.0190  0.0191
  0.0191  0.0191  0.0189  0.0192  0.0191  0.0193  0.0190  0.0193  0.0189  0.0192  0.0188  0.0189
  0.0188  0.0188  0.0187  0.0188  0.0188  0.0189  0.0187  0.0188  0.0187  0.0188  0.0187  0.0187
  0.0187  0.0187  0.0187  0.0187  0.0187  0.0187  0.0186  0.0186  0.0186  0.0186  0.0186  0.0186
  0.0188  0.0188  0.0187  0.0187  0.0187  0.0187  0.0187  0.0188  0.0187  0.0187  0.0187  0.0187
  0.0191  0.0191  0.0189  0.0190  0.0190  0.0191  0.0190  0.0193  0.0190  0.0191  0.0188  0.0189
  0.0197  0.0196  0.0193  0.0197  0.0196  0.0198  0.0194  0.0202  0.0193  0.0197  0.0190  0.0191
niter,ni,del,rscale     2    3    5.0000    0.5000
parameters
    1.1190    0.5605    4.4316   -6.7390  -14.2853   -7.8449
   -5.3358   10.1375    1.7471   31.6361   -8.3704  -33.0367
eta,q 0.98137 12.09624
  0.0194  0.0193  0.0191  0.0193  0.0193  0.0195  0.0192  0.0197  0.0191  0.0194  0.0189  0.0190
  0.0190  0.0189  0.0189  0.0190  0.0190  0.0192  0.0189  0.0191  0.0188  0.0190  0.0188  0.0188
  0.0187  0.0187  0.0187  0.0187  0.0187  0.0188  0.0187  0.0187  0.0187  0.0187  0.0187  0.0187
  0.0186  0.0186  0.0186  0.0186  0.0186  0.0186  0.0186  0.0186  0.0186  0.0186  0.0186  0.0186
  0.0187  0.0187  0.0187  0.0187  0.0187  0.0187  0.0187  0.0187  0.0187  0.0187  0.0187  0.0187
  0.0190  0.0189  0.0188  0.0189  0.0189  0.0190  0.0189  0.0191  0.0189  0.0189  0.0188  0.0188
  0.0194  0.0193  0.0191  0.0193  0.0193  0.0194  0.0192  0.0197  0.0191  0.0194  0.0189  0.0190
niter,ni,del,rscale     1    3    5.0000    0.4000
parameters
    1.1267    0.5731    4.4841   -6.6771  -14.2340   -7.7296
   -5.3391   10.1313    1.7340   31.6868   -8.4033  -32.9646
eta,q 0.98138 12.10661
  0.0191  0.0190  0.0190  0.0191  0.0191  0.0193  0.0190  0.0193  0.0189  0.0191  0.0188  0.0189
  0.0189  0.0188  0.0188  0.0188  0.0188  0.0190  0.0188  0.0189  0.0188  0.0189  0.0187  0.0187
  0.0187  0.0187  0.0187  0.0187  0.0187  0.0187  0.0187  0.0187  0.0187  0.0187  0.0186  0.0187
  0.0186  0.0186  0.0186  0.0186  0.0186  0.0186  0.0186  0.0186  0.0186  0.0186  0.0186  0.0186
  0.0187  0.0187  0.0187  0.0186  0.0187  0.0187  0.0187  0.0187  0.0187  0.0187  0.0186  0.0186
  0.0188  0.0188  0.0187  0.0188  0.0188  0.0189  0.0188  0.0189  0.0188  0.0188  0.0187  0.0187
  0.0191  0.0190  0.0189  0.0191  0.0191  0.0192  0.0190  0.0193  0.0189  0.0191  0.0188  0.0188
registration optimization eta report
parameter search radius
    0.8000    0.8000    0.8000    2.4000    2.4000    2.4000
    2.4000    2.4000    2.4000    2.4000    2.4000    2.4000
100000*second partial in parameter space
       76.       63.       44.        8.        8.       10.
        6.       12.        5.        8.        3.        4.
  0.0191  0.0190  0.0190  0.0191  0.0191  0.0193  0.0190  0.0193  0.0189  0.0191  0.0188  0.0189
  0.0189  0.0188  0.0188  0.0188  0.0188  0.0190  0.0188  0.0189  0.0188  0.0189  0.0187  0.0187
  0.0187  0.0187  0.0187  0.0187  0.0187  0.0187  0.0187  0.0187  0.0187  0.0187  0.0186  0.0187
  0.0186  0.0186  0.0186  0.0186  0.0186  0.0186  0.0186  0.0186  0.0186  0.0186  0.0186  0.0186
  0.0187  0.0187  0.0187  0.0186  0.0187  0.0187  0.0187  0.0187  0.0187  0.0187  0.0186  0.0186
  0.0188  0.0188  0.0187  0.0188  0.0188  0.0189  0.0188  0.0189  0.0188  0.0188  0.0187  0.0187
  0.0191  0.0190  0.0189  0.0191  0.0191  0.0192  0.0190  0.0193  0.0189  0.0191  0.0188  0.0188
    1.1267    0.5731    4.4841   -6.6771  -14.2340   -7.7296
   -5.3391   10.1313    1.7340   31.6868   -8.4033  -32.9646
eta,q 0.98138 12.10661

---------------------------------------------------------------------
compute_vox2vox talsrcimg talsrcimg_to_711-2C_as_mni_average_305_t4 /opt/freesurfer/average/711-2C_as_mni_average_305
---------------------------------------------------------------------

freesurfer compute_vox2vox.c
Reading: talsrcimg.4dfp.ifh
Reading: talsrcimg_to_711-2C_as_mni_average_305_t4
Reading: /opt/freesurfer/average/711-2C_as_mni_average_305.4dfp.ifh
Writing: talsrcimg_to_711-2C_as_mni_average_305_t4_vox2vox.txt

start time Sun Mar 8 12:46:03 CET 2026
end		time Sun Mar 8 12:47:28 CET 2026

mpr2mni305 success

avi2talxfm orig_nu.mgz /opt/freesurfer/average/mni305.cor.mgz talsrcimg_to_711-2C_as_mni_average_305_t4_vox2vox.txt transforms/talairach.auto.xfm
avi2talxfm done
mv -f /out/sourcedata/freesurfer/sub-v1s12x0050130_ses-1/mri/talsrcimg_to_711-2C_as_mni_average_305_t4_vox2vox.txt /out/sourcedata/freesurfer/sub-v1s12x0050130_ses-1/mri/transforms/talsrcimg_to_711-2C_as_mni_average_305_t4_vox2vox.txt
lta_convert --src orig_nu.mgz --trg /opt/freesurfer/average/mni305.cor.mgz --inxfm transforms/talairach.auto.xfm --outlta transforms/talairach.auto.xfm.lta --subject fsaverage
7.3.2

--src: orig_nu.mgz src image (geometry).
--trg: /opt/freesurfer/average/mni305.cor.mgz trg image (geometry).
--inmni: transforms/talairach.auto.xfm input MNI/XFM transform.
--outlta: transforms/talairach.auto.xfm.lta output LTA.
--s: fsaverage subject name
 LTA read, type : 1
 1.06014  -0.12285   0.01878   12.61198;
 0.07853   0.94830   0.36937  -8.34345;
-0.05045  -0.34787   1.02912  -12.37059;
 0.00000   0.00000   0.00000   1.00000;
setting subject to fsaverage
Writing  LTA to file transforms/talairach.auto.xfm.lta...
lta_convert successful.
 
 
Started at Sun Mar 8 12:46:02 CET 2026
Ended   at Sun Mar  8 12:47:28 CET 2026
talairach_avi done
