status file for recon-all
Sun Mar  8 14:54:08 CET 2026
#@# Tessellate rh Sun Mar  8 14:54:08 CET 2026
#@# Smooth1 rh Sun Mar  8 14:54:12 CET 2026
#@# Inflation1 rh Sun Mar  8 14:54:15 CET 2026
#@# QSphere rh Sun Mar  8 14:54:28 CET 2026
#@# Fix Topology rh Sun Mar  8 14:55:38 CET 2026
#@# Smooth2 rh Sun Mar  8 15:02:55 CET 2026
#@# Inflation2 rh Sun Mar  8 15:02:58 CET 2026
#@# Curv .H and .K rh Sun Mar  8 15:03:13 CET 2026
#@# Sphere rh Sun Mar  8 15:04:03 CET 2026
#@# Surf Reg rh Sun Mar  8 15:07:42 CET 2026
#@# Jacobian white rh Sun Mar  8 15:11:31 CET 2026
#@# AvgCurv rh Sun Mar  8 15:11:32 CET 2026
#@# Cortical Parc rh Sun Mar  8 15:11:33 CET 2026
#@# white curv rh Sun Mar  8 15:18:26 CET 2026
#@# white area rh Sun Mar  8 15:18:27 CET 2026
#@# pial curv rh Sun Mar  8 15:18:28 CET 2026
#@# pial area rh Sun Mar  8 15:18:30 CET 2026
#@# thickness rh Sun Mar  8 15:18:30 CET 2026
#@# area and vertex vol rh Sun Mar  8 15:19:03 CET 2026
#@# Curvature Stats rh Sun Mar  8 15:19:04 CET 2026
#@# Cortical Parc 2 rh Sun Mar  8 15:19:06 CET 2026
#@# Cortical Parc 3 rh Sun Mar  8 15:19:20 CET 2026
#@# WM/GM Contrast rh Sun Mar  8 15:19:31 CET 2026
recon-all -s sub-v1s12x0050137_ses-1 finished without error at Sun Mar  8 15:19:34 CET 2026



#New# invocation of recon-all 



status file for recon-all
Sun Mar  8 15:29:34 CET 2026
#@# white curv rh Sun Mar  8 15:29:34 CET 2026
#@# white area rh Sun Mar  8 15:29:34 CET 2026
#@# pial curv rh Sun Mar  8 15:29:34 CET 2026
#@# pial area rh Sun Mar  8 15:29:34 CET 2026
#@# thickness rh Sun Mar  8 15:29:34 CET 2026
#@# area and vertex vol rh Sun Mar  8 15:29:34 CET 2026
#@# Parcellation Stats rh Sun Mar  8 15:29:34 CET 2026
#@# Parcellation Stats 2 rh Sun Mar  8 15:29:58 CET 2026
#@# Parcellation Stats 3 rh Sun Mar  8 15:30:08 CET 2026
#@# BA_exvivo Labels rh Sun Mar  8 15:30:19 CET 2026
recon-all -s sub-v1s12x0050137_ses-1 finished without error at Sun Mar  8 15:33:02 CET 2026
