status file for recon-all
Sun Mar  8 12:42:38 CET 2026
#@# MotionCor Sun Mar  8 12:42:40 CET 2026
#@# Talairach Sun Mar  8 12:42:45 CET 2026
#@# Talairach Failure Detection Sun Mar  8 12:45:35 CET 2026
#@# Nu Intensity Correction Sun Mar  8 12:45:35 CET 2026
#@# Intensity Normalization Sun Mar  8 12:48:20 CET 2026
recon-all -s sub-v1s12x0050108_ses-1 finished without error at Sun Mar  8 12:49:18 CET 2026



#New# invocation of recon-all 



status file for recon-all
Sun Mar  8 12:54:38 CET 2026
#@# EM Registration Sun Mar  8 12:54:38 CET 2026
recon-all -s sub-v1s12x0050108_ses-1 finished without error at Sun Mar  8 12:55:51 CET 2026



#New# invocation of recon-all 



status file for recon-all
Sun Mar  8 12:55:55 CET 2026
#@# CA Normalize Sun Mar  8 12:55:55 CET 2026
#@# CA Reg Sun Mar  8 12:56:46 CET 2026
#@# SubCort Seg Sun Mar  8 13:27:39 CET 2026
#@# CC Seg Sun Mar  8 13:49:08 CET 2026
#@# Merge ASeg Sun Mar  8 13:49:34 CET 2026
#@# Intensity Normalization2 Sun Mar  8 13:49:34 CET 2026
#@# Mask BFS Sun Mar  8 13:50:56 CET 2026
#@# WM Segmentation Sun Mar  8 13:50:57 CET 2026
#@# Fill Sun Mar  8 13:52:31 CET 2026
recon-all -s sub-v1s12x0050108_ses-1 finished without error at Sun Mar  8 13:53:08 CET 2026



#New# invocation of recon-all 



status file for recon-all
Sun Mar  8 14:24:38 CET 2026
#@# white curv lh Sun Mar  8 14:24:38 CET 2026
#@# white area lh Sun Mar  8 14:24:38 CET 2026
#@# pial curv lh Sun Mar  8 14:24:38 CET 2026
#@# pial area lh Sun Mar  8 14:24:38 CET 2026
#@# thickness lh Sun Mar  8 14:24:38 CET 2026
#@# area and vertex vol lh Sun Mar  8 14:24:38 CET 2026
#@# white curv rh Sun Mar  8 14:24:38 CET 2026
#@# white area rh Sun Mar  8 14:24:38 CET 2026
#@# pial curv rh Sun Mar  8 14:24:38 CET 2026
#@# pial area rh Sun Mar  8 14:24:38 CET 2026
#@# thickness rh Sun Mar  8 14:24:38 CET 2026
#@# area and vertex vol rh Sun Mar  8 14:24:38 CET 2026
#@# Cortical ribbon mask Sun Mar  8 14:24:38 CET 2026
recon-all -s sub-v1s12x0050108_ses-1 finished without error at Sun Mar  8 14:28:12 CET 2026



#New# invocation of recon-all 



status file for recon-all
Sun Mar  8 14:32:57 CET 2026
#@# white curv lh Sun Mar  8 14:32:57 CET 2026
#@# white area lh Sun Mar  8 14:32:57 CET 2026
#@# pial curv lh Sun Mar  8 14:32:57 CET 2026
#@# pial area lh Sun Mar  8 14:32:57 CET 2026
#@# thickness lh Sun Mar  8 14:32:57 CET 2026
#@# area and vertex vol lh Sun Mar  8 14:32:57 CET 2026
#@# white curv rh Sun Mar  8 14:32:57 CET 2026
#@# white area rh Sun Mar  8 14:32:57 CET 2026
#@# pial curv rh Sun Mar  8 14:32:57 CET 2026
#@# pial area rh Sun Mar  8 14:32:57 CET 2026
#@# thickness rh Sun Mar  8 14:32:57 CET 2026
#@# area and vertex vol rh Sun Mar  8 14:32:57 CET 2026
#@# Curvature Stats lh Sun Mar  8 14:32:57 CET 2026
#@# Curvature Stats rh Sun Mar  8 14:32:59 CET 2026
#@# Relabel Hypointensities Sun Mar  8 14:33:00 CET 2026
#@# APas-to-ASeg Sun Mar  8 14:33:11 CET 2026
#@# AParc-to-ASeg aparc Sun Mar  8 14:33:16 CET 2026
#@# AParc-to-ASeg aparc.a2009s Sun Mar  8 14:33:37 CET 2026
#@# AParc-to-ASeg aparc.DKTatlas Sun Mar  8 14:33:59 CET 2026
#@# WMParc Sun Mar  8 14:34:21 CET 2026
#@# ASeg Stats Sun Mar  8 14:36:02 CET 2026
recon-all -s sub-v1s12x0050108_ses-1 finished without error at Sun Mar  8 14:36:19 CET 2026
