status file for recon-all
Sun Mar  8 14:08:04 CET 2026
#@# Tessellate rh Sun Mar  8 14:08:04 CET 2026
#@# Smooth1 rh Sun Mar  8 14:08:06 CET 2026
#@# Inflation1 rh Sun Mar  8 14:08:08 CET 2026
#@# QSphere rh Sun Mar  8 14:08:16 CET 2026
#@# Fix Topology rh Sun Mar  8 14:08:52 CET 2026
#@# Smooth2 rh Sun Mar  8 14:13:52 CET 2026
#@# Inflation2 rh Sun Mar  8 14:13:54 CET 2026
#@# Curv .H and .K rh Sun Mar  8 14:14:02 CET 2026
#@# Sphere rh Sun Mar  8 14:14:39 CET 2026
#@# Surf Reg rh Sun Mar  8 14:16:37 CET 2026
#@# Jacobian white rh Sun Mar  8 14:19:02 CET 2026
#@# AvgCurv rh Sun Mar  8 14:19:03 CET 2026
#@# Cortical Parc rh Sun Mar  8 14:19:03 CET 2026
#@# white curv rh Sun Mar  8 14:23:49 CET 2026
#@# white area rh Sun Mar  8 14:23:50 CET 2026
#@# pial curv rh Sun Mar  8 14:23:51 CET 2026
#@# pial area rh Sun Mar  8 14:23:52 CET 2026
#@# thickness rh Sun Mar  8 14:23:52 CET 2026
#@# area and vertex vol rh Sun Mar  8 14:24:11 CET 2026
#@# Curvature Stats rh Sun Mar  8 14:24:12 CET 2026
#@# Cortical Parc 2 rh Sun Mar  8 14:24:14 CET 2026
#@# Cortical Parc 3 rh Sun Mar  8 14:24:24 CET 2026
#@# WM/GM Contrast rh Sun Mar  8 14:24:31 CET 2026
recon-all -s sub-v1s12x0050108_ses-1 finished without error at Sun Mar  8 14:24:33 CET 2026



#New# invocation of recon-all 



status file for recon-all
Sun Mar  8 14:30:35 CET 2026
#@# white curv rh Sun Mar  8 14:30:35 CET 2026
#@# white area rh Sun Mar  8 14:30:35 CET 2026
#@# pial curv rh Sun Mar  8 14:30:35 CET 2026
#@# pial area rh Sun Mar  8 14:30:35 CET 2026
#@# thickness rh Sun Mar  8 14:30:35 CET 2026
#@# area and vertex vol rh Sun Mar  8 14:30:35 CET 2026
#@# Parcellation Stats rh Sun Mar  8 14:30:35 CET 2026
#@# Parcellation Stats 2 rh Sun Mar  8 14:30:50 CET 2026
#@# Parcellation Stats 3 rh Sun Mar  8 14:30:57 CET 2026
#@# BA_exvivo Labels rh Sun Mar  8 14:31:04 CET 2026
recon-all -s sub-v1s12x0050108_ses-1 finished without error at Sun Mar  8 14:32:51 CET 2026
