/out/sourcedata/freesurfer/sub-v1s12x0050105_ses-1/mri
/opt/freesurfer/bin/talairach_avi
--i orig_nu.mgz --xfm transforms/talairach.auto.xfm
talairach_avi 7.3.2
Linux dna078 5.14.0-427.37.1.el9_4.x86_64 #1 SMP PREEMPT_DYNAMIC Fri Sep 13 12:41:50 EDT 2024 x86_64 x86_64 x86_64 GNU/Linux
Sun Mar  8 12:45:17 CET 2026
mri_convert orig_nu.mgz talsrcimg.img 
reading from orig_nu.mgz...
TR=0.00, TE=0.00, TI=0.00, flip angle=0.00
i_ras = (-1, 0, 0)
j_ras = (0, 0, -1)
k_ras = (0, 1, 0)
writing to talsrcimg.img...
Analyze Output Matrix
-1.00000   0.00000   0.00000   124.18713;
 0.00000   0.00000   1.00000  -115.65134;
 0.00000  -1.00000   0.00000   138.22018;
 0.00000   0.00000   0.00000   1.00000;
--------------------
INFO: set hdr.hist.orient to -1
mpr2mni305 talsrcimg
Sun Mar  8 12:45:18 CET 2026
/opt/freesurfer/bin/mpr2mni305 talsrcimg
mpr2mni305 7.3.2
target=711-2C_as_mni_average_305

---------------------------------------------------------------------
analyzeto4dfp talsrcimg -O0 -y
---------------------------------------------------------------------

freesurfer ifh2hdr.c
Sun Mar  8 12:45:18 2026
Writing: talsrcimg.4dfp.hdr
freesurfer analyzeto4dfp.c
Reading: talsrcimg.hdr
header size 348 bytes
hdr.dime.datatype	offset=70	value=2
hdr.dime.bitpix		offset=72	value=8
hdr.hist.orient		offset=252	value=-1
dimensionality     4
dimensions       256       256       256         1
Reading: talsrcimg.img
Writing: talsrcimg.4dfp.img
Writing: talsrcimg.4dfp.ifh
ifh2hdr talsrcimg -r0to201
ori=2

---------------------------------------------------------------------
gauss_4dfp talsrcimg 1.1
---------------------------------------------------------------------

freesurfer gauss_4dfp.c
Reading: talsrcimg.4dfp.img
Writing: talsrcimg_g11.4dfp.img
image dimensions 256 256 256 padded to 288 288 288
processing volume 1freesurfer ifh2hdr.c
Sun Mar  8 12:45:19 2026
Writing: talsrcimg_g11.4dfp.hdr

Writing: talsrcimg_g11.4dfp.ifh
including: talsrcimg.4dfp.img.rec in talsrcimg_g11.4dfp.img.rec

---------------------------------------------------------------------
imgreg_4dfp /opt/freesurfer/average/711-2C_as_mni_average_305 none talsrcimg_g11 none talsrcimg_to_711-2C_as_mni_average_305_t4 4355
---------------------------------------------------------------------

freesurfer imgreg_4dfp.c
/opt/freesurfer/average/711-2C_as_mni_average_305.4dfp.img
       256       256       256         1
  1.000000  1.000000  1.000000
orientation T byte_order littleendian
Reading image: /opt/freesurfer/average/711-2C_as_mni_average_305.4dfp.img
dimensions:      256       256       256
mmppix:       1.0000   -1.0000   -1.0000
center:     128.0000 -129.0000 -129.0000
talsrcimg_g11.4dfp.img
       256       256       256         1
  1.000000  1.000000  1.000000
orientation T byte_order littleendian
Reading image: talsrcimg_g11.4dfp.img
dimensions:      256       256       256
mmppix:       1.0000   -1.0000   -1.0000
center:     128.0000 -129.0000 -129.0000
t4_read: open error in t4_sub.f l:  41 t4_file(1:l)talsrcimg_to_711-2C_as_mni_average_305_t4 
t4_read: transform initialized to I4
rotation matrix determinant  1.000000
image alignment mode   4355 decimal     1103 hex
   -7.5000  -45.0000  -45.0000 8576.9141   18.6235
    0.0000  -45.0000  -45.0000 8921.0557   18.6485
    7.5000  -45.0000  -45.0000 8489.1279   18.6387
   -7.5000  -37.5000  -45.0000 9202.8203   18.5986
    0.0000  -37.5000  -45.0000 9577.7295   18.6210
    7.5000  -37.5000  -45.0000 9102.8350   18.6083
   -7.5000  -30.0000  -45.000010155.7725   18.5733
    0.0000  -30.0000  -45.000010583.3730   18.5986
    7.5000  -30.0000  -45.000010033.0615   18.5853
   -7.5000  -22.5000  -45.000011115.9609   18.5646
    0.0000  -22.5000  -45.000011619.7910   18.5934
    7.5000  -22.5000  -45.000010978.2568   18.5817
   -7.5000  -15.0000  -45.000011983.7910   18.5791
    0.0000  -15.0000  -45.000012539.7285   18.6082
    7.5000  -15.0000  -45.000011836.6680   18.5983
   -7.5000   -7.5000  -45.000012772.8818   18.6056
    0.0000   -7.5000  -45.000013360.2617   18.6338
    7.5000   -7.5000  -45.000012623.3135   18.6252
   -7.5000    0.0000  -45.000013452.6836   18.6163
    0.0000    0.0000  -45.000014049.8545   18.6414
    7.5000    0.0000  -45.000013265.7744   18.6316
   -7.5000    7.5000  -45.000013028.2803   18.5986
    0.0000    7.5000  -45.000013609.5596   18.6210
    7.5000    7.5000  -45.000012830.3691   18.6083
   -7.5000   15.0000  -45.000012449.6211   18.5733
    0.0000   15.0000  -45.000013015.1895   18.5986
    7.5000   15.0000  -45.000012240.4609   18.5853
   -7.5000   22.5000  -45.000011813.3779   18.5621
    0.0000   22.5000  -45.000012343.8682   18.5909
    7.5000   22.5000  -45.000011605.9238   18.5792
   -7.5000   30.0000  -45.000011115.8301   18.3315
    0.0000   30.0000  -45.000011611.9492   18.3602
    7.5000   30.0000  -45.000010918.8604   18.3505
   -7.5000   37.5000  -45.000010710.7139   18.3576
    0.0000   37.5000  -45.000011180.3125   18.3855
    7.5000   37.5000  -45.000010520.9619   18.3770
   -7.5000   45.0000  -45.0000 9772.8457   17.9024
    0.0000   45.0000  -45.000010203.2725   17.9265
    7.5000   45.0000  -45.0000 9607.9141   17.9171
   -7.5000  -45.0000  -37.5000 8927.7900   18.6837
    0.0000  -45.0000  -37.5000 9308.0068   18.6934
    7.5000  -45.0000  -37.5000 8851.0928   18.6762
   -7.5000  -37.5000  -37.5000 9601.3564   18.6509
    0.0000  -37.5000  -37.500010018.8193   18.6600
    7.5000  -37.5000  -37.5000 9507.7891   18.6412
   -7.5000  -30.0000  -37.500010581.3076   18.6257
    0.0000  -30.0000  -37.500011063.0801   18.6381
    7.5000  -30.0000  -37.500010482.1338   18.6195
   -7.5000  -22.5000  -37.500011573.8027   18.6267
    0.0000  -22.5000  -37.500012118.7168   18.6414
    7.5000  -22.5000  -37.500011438.1895   18.6234
   -7.5000  -15.0000  -37.500012475.8936   18.6505
    0.0000  -15.0000  -37.500013066.8701   18.6639
    7.5000  -15.0000  -37.500012318.4668   18.6461
   -7.5000   -7.5000  -37.500013288.1250   18.6753
    0.0000   -7.5000  -37.500013891.5801   18.6871
    7.5000   -7.5000  -37.500013106.5791   18.6699
   -7.5000    0.0000  -37.500013976.4219   18.6765
    0.0000    0.0000  -37.500014614.7559   18.6863
    7.5000    0.0000  -37.500013787.8662   18.6690
   -7.5000    7.5000  -37.500013554.9844   18.6509
    0.0000    7.5000  -37.500014205.2510   18.6600
    7.5000    7.5000  -37.500013361.7256   18.6412
   -7.5000   15.0000  -37.500012961.8408   18.6257
    0.0000   15.0000  -37.500013585.9326   18.6381
    7.5000   15.0000  -37.500012752.2119   18.6195
   -7.5000   22.5000  -37.500012276.8643   18.6241
    0.0000   22.5000  -37.500012878.5830   18.6388
    7.5000   22.5000  -37.500012068.2227   18.6208
   -7.5000   30.0000  -37.500011518.3877   18.4020
    0.0000   30.0000  -37.500012062.9492   18.4152
    7.5000   30.0000  -37.500011308.1768   18.3976
   -7.5000   37.5000  -37.500011103.6504   18.4264
    0.0000   37.5000  -37.500011602.1729   18.4381
    7.5000   37.5000  -37.500010912.3115   18.4211
   -7.5000   45.0000  -37.500010168.8486   17.9603
    0.0000   45.0000  -37.500010618.5342   17.9698
    7.5000   45.0000  -37.5000 9984.0225   17.9531
   -7.5000  -45.0000  -30.0000 9460.7139   19.4676
    0.0000  -45.0000  -30.0000 9861.2207   19.4700
    7.5000  -45.0000  -30.0000 9384.8994   19.4444
   -7.5000  -37.5000  -30.000010169.6816   19.4278
    0.0000  -37.5000  -30.000010614.8398   19.4305
    7.5000  -37.5000  -30.000010100.8389   19.4042
   -7.5000  -30.0000  -30.000011198.2227   19.4023
    0.0000  -30.0000  -30.000011713.3135   19.4068
    7.5000  -30.0000  -30.000011137.0713   19.3818
   -7.5000  -22.5000  -30.000012221.1338   19.4107
    0.0000  -22.5000  -30.000012779.2070   19.4147
    7.5000  -22.5000  -30.000012111.0312   19.3908
   -7.5000  -15.0000  -30.000013156.7178   19.4424
    0.0000  -15.0000  -30.000013753.2109   19.4440
    7.5000  -15.0000  -30.000013018.1348   19.4194
   -7.5000   -7.5000  -30.000013982.8350   19.4664
    0.0000   -7.5000  -30.000014614.2158   19.4681
    7.5000   -7.5000  -30.000013816.7285   19.4433
   -7.5000    0.0000  -30.000014684.7461   19.4602
    0.0000    0.0000  -30.000015348.4248   19.4626
    7.5000    0.0000  -30.000014511.3232   19.4369
   -7.5000    7.5000  -30.000014257.3076   19.4278
    0.0000    7.5000  -30.000014943.6699   19.4305
    7.5000    7.5000  -30.000014087.9766   19.4042
   -7.5000   15.0000  -30.000013662.7207   19.4023
    0.0000   15.0000  -30.000014324.5674   19.4068
    7.5000   15.0000  -30.000013463.0371   19.3818
   -7.5000   22.5000  -30.000012926.7764   19.4060
    0.0000   22.5000  -30.000013564.3418   19.4101
    7.5000   22.5000  -30.000012739.1445   19.3861
   -7.5000   30.0000  -30.000012099.6318   19.1852
    0.0000   30.0000  -30.000012689.3525   19.1867
    7.5000   30.0000  -30.000011898.5557   19.1625
   -7.5000   37.5000  -30.000011673.6074   19.2089
    0.0000   37.5000  -30.000012230.2695   19.2105
    7.5000   37.5000  -30.000011466.8682   19.1860
   -7.5000   45.0000  -30.000010714.0088   18.7277
    0.0000   45.0000  -30.000011207.4326   18.7300
    7.5000   45.0000  -30.000010521.3369   18.7053
   -7.5000  -45.0000  -22.5000 9947.8906   20.1071
    0.0000  -45.0000  -22.500010347.5059   20.1204
    7.5000  -45.0000  -22.5000 9867.6836   20.0946
   -7.5000  -37.5000  -22.500010694.3555   20.0672
    0.0000  -37.5000  -22.500011131.4971   20.0794
    7.5000  -37.5000  -22.500010618.5918   20.0530
   -7.5000  -30.0000  -22.500011774.9961   20.0411
    0.0000  -30.0000  -22.500012279.0283   20.0524
    7.5000  -30.0000  -22.500011695.4072   20.0285
   -7.5000  -22.5000  -22.500012805.4316   20.0487
    0.0000  -22.5000  -22.500013358.8574   20.0574
    7.5000  -22.5000  -22.500012703.8955   20.0352
   -7.5000  -15.0000  -22.500013749.2607   20.0802
    0.0000  -15.0000  -22.500014370.8896   20.0872
    7.5000  -15.0000  -22.500013631.4062   20.0645
   -7.5000   -7.5000  -22.500014605.1973   20.1048
    0.0000   -7.5000  -22.500015262.0918   20.1155
    7.5000   -7.5000  -22.500014461.0879   20.0915
   -7.5000    0.0000  -22.500015310.4590   20.0994
    0.0000    0.0000  -22.500016013.2773   20.1127
    7.5000    0.0000  -22.500015176.2090   20.0868
   -7.5000    7.5000  -22.500014917.5898   20.0672
    0.0000    7.5000  -22.500015619.8818   20.0794
    7.5000    7.5000  -22.500014767.2920   20.0530
   -7.5000   15.0000  -22.500014302.0254   20.0411
    0.0000   15.0000  -22.500014975.8760   20.0524
    7.5000   15.0000  -22.500014135.9434   20.0285
   -7.5000   22.5000  -22.500013522.4883   20.0425
    0.0000   22.5000  -22.500014183.2559   20.0512
    7.5000   22.5000  -22.500013384.0527   20.0290
   -7.5000   30.0000  -22.500012635.5898   19.8175
    0.0000   30.0000  -22.500013252.2285   19.8244
    7.5000   30.0000  -22.500012489.2422   19.8020
   -7.5000   37.5000  -22.500012211.2402   19.8418
    0.0000   37.5000  -22.500012785.5752   19.8524
    7.5000   37.5000  -22.500012038.9316   19.8287
   -7.5000   45.0000  -22.500011231.3486   19.3573
    0.0000   45.0000  -22.500011746.9902   19.3701
    7.5000   45.0000  -22.500011047.1328   19.3452
   -7.5000  -45.0000  -15.000010372.8848   20.5521
    0.0000  -45.0000  -15.000010789.5820   20.5843
    7.5000  -45.0000  -15.000010287.5322   20.5667
   -7.5000  -37.5000  -15.000011149.3701   20.5198
    0.0000  -37.5000  -15.000011627.3330   20.5490
    7.5000  -37.5000  -15.000011083.7520   20.5293
   -7.5000  -30.0000  -15.000012269.2529   20.4959
    0.0000  -30.0000  -15.000012815.4316   20.5231
    7.5000  -30.0000  -15.000012216.6523   20.5050
   -7.5000  -22.5000  -15.000013343.8516   20.4965
    0.0000  -22.5000  -15.000013927.7822   20.5215
    7.5000  -22.5000  -15.000013266.3174   20.5060
   -7.5000  -15.0000  -15.000014344.2949   20.5190
    0.0000  -15.0000  -15.000014997.4658   20.5439
    7.5000  -15.0000  -15.000014221.5830   20.5295
   -7.5000   -7.5000  -15.000015261.6260   20.5427
    0.0000   -7.5000  -15.000015966.2539   20.5729
    7.5000   -7.5000  -15.000015133.8955   20.5580
   -7.5000    0.0000  -15.000015975.9307   20.5441
    0.0000    0.0000  -15.000016727.7090   20.5764
    7.5000    0.0000  -15.000015903.3330   20.5588
   -7.5000    7.5000  -15.000015585.7783   20.5198
    0.0000    7.5000  -15.000016296.5020   20.5490
    7.5000    7.5000  -15.000015523.2461   20.5293
   -7.5000   15.0000  -15.000014964.3574   20.4959
    0.0000   15.0000  -15.000015647.5938   20.5231
    7.5000   15.0000  -15.000014894.4873   20.5050
   -7.5000   22.5000  -15.000014170.8477   20.4892
    0.0000   22.5000  -15.000014812.6074   20.5142
    7.5000   22.5000  -15.000014101.8896   20.4987
   -7.5000   30.0000  -15.000013242.9512   20.2534
    0.0000   30.0000  -15.000013884.3438   20.2780
    7.5000   30.0000  -15.000013156.4131   20.2638
   -7.5000   37.5000  -15.000012749.7881   20.2769
    0.0000   37.5000  -15.000013357.5879   20.3067
    7.5000   37.5000  -15.000012608.4873   20.2919
   -7.5000   45.0000  -15.000011733.2451   19.7975
    0.0000   45.0000  -15.000012270.6924   19.8286
    7.5000   45.0000  -15.000011553.8574   19.8116
   -7.5000  -45.0000   -7.500010767.9600   20.7832
    0.0000  -45.0000   -7.500011207.8662   20.8214
    7.5000  -45.0000   -7.500010661.8652   20.8114
   -7.5000  -37.5000   -7.500011581.9111   20.7578
    0.0000  -37.5000   -7.500012085.5625   20.7923
    7.5000  -37.5000   -7.500011494.6270   20.7784
   -7.5000  -30.0000   -7.500012771.2959   20.7332
    0.0000  -30.0000   -7.500013334.5107   20.7680
    7.5000  -30.0000   -7.500012705.0889   20.7537
   -7.5000  -22.5000   -7.500013902.2500   20.7244
    0.0000  -22.5000   -7.500014492.9160   20.7607
    7.5000  -22.5000   -7.500013841.3477   20.7493
   -7.5000  -15.0000   -7.500014984.4287   20.7384
    0.0000  -15.0000   -7.500015666.0820   20.7753
    7.5000  -15.0000   -7.500014890.3672   20.7668
   -7.5000   -7.5000   -7.500016056.4941   20.7645
    0.0000   -7.5000   -7.500016806.9902   20.8040
    7.5000   -7.5000   -7.500015972.4199   20.7964
   -7.5000    0.0000   -7.500016841.3652   20.7752
    0.0000    0.0000   -7.500017552.9141   20.8134
    7.5000    0.0000   -7.500016834.0566   20.8035
   -7.5000    7.5000   -7.500016380.3633   20.7578
    0.0000    7.5000   -7.500016946.0645   20.7923
    7.5000    7.5000   -7.500016361.0254   20.7784
   -7.5000   15.0000   -7.500015678.2002   20.7332
    0.0000   15.0000   -7.500016234.4678   20.7680
    7.5000   15.0000   -7.500015632.8359   20.7537
   -7.5000   22.5000   -7.500014835.5723   20.7148
    0.0000   22.5000   -7.500015428.1367   20.7511
    7.5000   22.5000   -7.500014749.9990   20.7397
   -7.5000   30.0000   -7.500013850.0312   20.4695
    0.0000   30.0000   -7.500014470.9561   20.5059
    7.5000   30.0000   -7.500013722.3359   20.4975
   -7.5000   37.5000   -7.500013240.9160   20.4952
    0.0000   37.5000   -7.500013845.7539   20.5342
    7.5000   37.5000   -7.500013086.5576   20.5267
   -7.5000   45.0000   -7.500012160.9512   20.0239
    0.0000   45.0000   -7.500012730.1875   20.0608
    7.5000   45.0000   -7.500011975.1553   20.0512
   -7.5000  -45.0000    0.000011027.2256   20.8402
    0.0000  -45.0000    0.000011469.3652   20.8682
    7.5000  -45.0000    0.000010937.3516   20.8572
   -7.5000  -37.5000    0.000011881.8477   20.8123
    0.0000  -37.5000    0.000012379.3369   20.8374
    7.5000  -37.5000    0.000011805.6475   20.8232
   -7.5000  -30.0000    0.000013119.8682   20.7841
    0.0000  -30.0000    0.000013668.1758   20.8124
    7.5000  -30.0000    0.000013068.2822   20.7974
   -7.5000  -22.5000    0.000014320.5869   20.7743
    0.0000  -22.5000    0.000014897.2627   20.8066
    7.5000  -22.5000    0.000014281.8760   20.7935
   -7.5000  -15.0000    0.000015519.2393   20.7905
    0.0000  -15.0000    0.000016193.4209   20.8231
    7.5000  -15.0000    0.000015424.0859   20.8120
   -7.5000   -7.5000    0.000016701.1250   20.8201
    0.0000   -7.5000    0.000017456.4473   20.8517
    7.5000   -7.5000    0.000016575.2305   20.8421
   -7.5000    0.0000    0.000017510.1055   20.8322
    0.0000    0.0000    0.000018218.1035   20.8602
    7.5000    0.0000    0.000017439.7070   20.8493
   -7.5000    7.5000    0.000016922.2754   20.8123
    0.0000    7.5000    0.000017537.7012   20.8374
    7.5000    7.5000    0.000016848.7500   20.8232
   -7.5000   15.0000    0.000016213.2852   20.7841
    0.0000   15.0000    0.000016807.5391   20.8124
    7.5000   15.0000    0.000016070.5010   20.7974
   -7.5000   22.5000    0.000015313.8613   20.7647
    0.0000   22.5000    0.000015953.8057   20.7970
    7.5000   22.5000    0.000015165.5645   20.7839
   -7.5000   30.0000    0.000014260.2998   20.5215
    0.0000   30.0000    0.000014882.3604   20.5536
    7.5000   30.0000    0.000014089.4609   20.5427
   -7.5000   37.5000    0.000013610.9600   20.5507
    0.0000   37.5000    0.000014194.4062   20.5819
    7.5000   37.5000    0.000013444.6064   20.5724
   -7.5000   45.0000    0.000012516.4395   20.0804
    0.0000   45.0000    0.000013035.9492   20.1075
    7.5000   45.0000    0.000012337.9219   20.0969
   -7.5000  -45.0000    7.500010453.0654   20.9075
    0.0000  -45.0000    7.500010855.6963   20.9185
    7.5000  -45.0000    7.500010395.2607   20.8991
   -7.5000  -37.5000    7.500011265.1660   20.8709
    0.0000  -37.5000    7.500011737.7090   20.8810
    7.5000  -37.5000    7.500011216.6846   20.8600
   -7.5000  -30.0000    7.500012475.6025   20.8427
    0.0000  -30.0000    7.500013007.4863   20.8566
    7.5000  -30.0000    7.500012439.1309   20.8357
   -7.5000  -22.5000    7.500013675.5078   20.8437
    0.0000  -22.5000    7.500014219.3799   20.8602
    7.5000  -22.5000    7.500013615.9893   20.8400
   -7.5000  -15.0000    7.500014832.6709   20.8704
    0.0000  -15.0000    7.500015474.9697   20.8855
    7.5000  -15.0000    7.500014735.5938   20.8655
   -7.5000   -7.5000    7.500015869.5410   20.8981
    0.0000   -7.5000    7.500016541.9336   20.9114
    7.5000   -7.5000    7.500015741.4355   20.8922
   -7.5000    0.0000    7.500016581.4961   20.8995
    0.0000    0.0000    7.500017242.3145   20.9105
    7.5000    0.0000    7.500016461.1133   20.8911
   -7.5000    7.5000    7.500016078.6221   20.8709
    0.0000    7.5000    7.500016738.6426   20.8810
    7.5000    7.5000    7.500015931.4746   20.8600
   -7.5000   15.0000    7.500015420.9902   20.8427
    0.0000   15.0000    7.500016065.3535   20.8566
    7.5000   15.0000    7.500015265.2695   20.8357
   -7.5000   22.5000    7.500014594.3730   20.8341
    0.0000   22.5000    7.500015236.6504   20.8506
    7.5000   22.5000    7.500014452.3887   20.8304
   -7.5000   30.0000    7.500013586.3203   20.6003
    0.0000   30.0000    7.500014193.7266   20.6152
    7.5000   30.0000    7.500013444.8359   20.5954
   -7.5000   37.5000    7.500012954.5781   20.6277
    0.0000   37.5000    7.500013503.6055   20.6407
    7.5000   37.5000    7.500012800.1904   20.6218
   -7.5000   45.0000    7.500011851.6719   20.1454
    0.0000   45.0000    7.500012337.9141   20.1560
    7.5000   45.0000    7.500011695.1963   20.1373
   -7.5000  -45.0000   15.0000 9788.0088   20.9886
    0.0000  -45.0000   15.000010185.9414   20.9910
    7.5000  -45.0000   15.0000 9748.2090   20.9633
   -7.5000  -37.5000   15.000010576.4668   20.9460
    0.0000  -37.5000   15.000011017.7832   20.9485
    7.5000  -37.5000   15.000010529.3438   20.9202
   -7.5000  -30.0000   15.000011749.5928   20.9189
    0.0000  -30.0000   15.000012236.3721   20.9235
    7.5000  -30.0000   15.000011681.7764   20.8965
   -7.5000  -22.5000   15.000012885.5410   20.9281
    0.0000  -22.5000   15.000013411.7021   20.9322
    7.5000  -22.5000   15.000012785.6104   20.9063
   -7.5000  -15.0000   15.000013931.2002   20.9620
    0.0000  -15.0000   15.000014562.8770   20.9635
    7.5000  -15.0000   15.000013798.1895   20.9369
   -7.5000   -7.5000   15.000014855.7383   20.9875
    0.0000   -7.5000   15.000015464.1123   20.9891
    7.5000   -7.5000   15.000014705.5635   20.9622
   -7.5000    0.0000   15.000015503.6201   20.9806
    0.0000    0.0000   15.000016109.4336   20.9829
    7.5000    0.0000   15.000015362.2471   20.9552
   -7.5000    7.5000   15.000015046.8105   20.9460
    0.0000    7.5000   15.000015632.0234   20.9485
    7.5000    7.5000   15.000014902.3008   20.9202
   -7.5000   15.0000   15.000014425.0332   20.9189
    0.0000   15.0000   15.000014990.8594   20.9235
    7.5000   15.0000   15.000014276.5742   20.8965
   -7.5000   22.5000   15.000013673.5137   20.9185
    0.0000   22.5000   15.000014203.2441   20.9225
    7.5000   22.5000   15.000013537.4844   20.8967
   -7.5000   30.0000   15.000012753.1162   20.6907
    0.0000   30.0000   15.000013243.5371   20.6922
    7.5000   30.0000   15.000012617.7490   20.6659
   -7.5000   37.5000   15.000012162.7705   20.7159
    0.0000   37.5000   15.000012637.2314   20.7175
    7.5000   37.5000   15.000012003.3438   20.6909
   -7.5000   45.0000   15.000011119.9824   20.2236
    0.0000   45.0000   15.000011552.9053   20.2258
    7.5000   45.0000   15.000010967.8438   20.1991
   -7.5000  -45.0000   22.5000 9119.9092   21.2228
    0.0000  -45.0000   22.5000 9511.2031   21.2361
    7.5000  -45.0000   22.5000 9059.2051   21.2088
   -7.5000  -37.5000   22.5000 9835.9629   21.1796
    0.0000  -37.5000   22.500010277.3174   21.1918
    7.5000  -37.5000   22.5000 9764.4707   21.1640
   -7.5000  -30.0000   22.500010909.7783   21.1511
    0.0000  -30.0000   22.500011409.2832   21.1625
    7.5000  -30.0000   22.500010808.6992   21.1375
   -7.5000  -22.5000   22.500011937.7695   21.1592
    0.0000  -22.5000   22.500012509.9297   21.1678
    7.5000  -22.5000   22.500011839.7080   21.1447
   -7.5000  -15.0000   22.500012901.1621   21.1933
    0.0000  -15.0000   22.500013530.3174   21.2000
    7.5000  -15.0000   22.500012779.2070   21.1763
   -7.5000   -7.5000   22.500013738.9863   21.2202
    0.0000   -7.5000   22.500014317.8789   21.2307
    7.5000   -7.5000   22.500013591.7783   21.2056
   -7.5000    0.0000   22.500014355.6729   21.2146
    0.0000    0.0000   22.500014922.8096   21.2278
    7.5000    0.0000   22.500014214.9043   21.2005
   -7.5000    7.5000   22.500013936.1973   21.1796
    0.0000    7.5000   22.500014479.2861   21.1918
    7.5000    7.5000   22.500013807.6631   21.1640
   -7.5000   15.0000   22.500013353.3428   21.1511
    0.0000   15.0000   22.500013852.5957   21.1625
    7.5000   15.0000   22.500013216.6553   21.1375
   -7.5000   22.5000   22.500012672.5518   21.1495
    0.0000   22.5000   22.500013142.5957   21.1580
    7.5000   22.5000   22.500012547.6768   21.1349
   -7.5000   30.0000   22.500011838.2324   20.9191
    0.0000   30.0000   22.500012294.8926   20.9257
    7.5000   30.0000   22.500011720.2285   20.9022
   -7.5000   37.5000   22.500011303.1445   20.9456
    0.0000   37.5000   22.500011734.1602   20.9559
    7.5000   37.5000   22.500011162.9883   20.9312
   -7.5000   45.0000   22.500010338.4590   20.4490
    0.0000   45.0000   22.500010727.8867   20.4618
    7.5000   45.0000   22.500010206.1602   20.4355
   -7.5000  -45.0000   30.0000 8329.2695   21.6174
    0.0000  -45.0000   30.0000 8712.5723   21.6501
    7.5000  -45.0000   30.0000 8281.2227   21.6316
   -7.5000  -37.5000   30.0000 8987.6416   21.5835
    0.0000  -37.5000   30.0000 9392.5176   21.6125
    7.5000  -37.5000   30.0000 8911.1289   21.5916
   -7.5000  -30.0000   30.0000 9988.7041   21.5584
    0.0000  -30.0000   30.000010456.2666   21.5843
    7.5000  -30.0000   30.0000 9888.3643   21.5647
   -7.5000  -22.5000   30.000010959.0186   21.5584
    0.0000  -22.5000   30.000011500.9795   21.5815
    7.5000  -22.5000   30.000010872.5566   21.5646
   -7.5000  -15.0000   30.000011829.2383   21.5817
    0.0000  -15.0000   30.000012434.6572   21.6050
    7.5000  -15.0000   30.000011743.1660   21.5894
   -7.5000   -7.5000   30.000012588.3359   21.6069
    0.0000   -7.5000   30.000013144.0234   21.6367
    7.5000   -7.5000   30.000012465.0693   21.6210
   -7.5000    0.0000   30.000013163.7861   21.6087
    0.0000    0.0000   30.000013708.7002   21.6415
    7.5000    0.0000   30.000013042.2900   21.6230
   -7.5000    7.5000   30.000012774.3574   21.5835
    0.0000    7.5000   30.000013293.0293   21.6125
    7.5000    7.5000   30.000012657.6895   21.5916
   -7.5000   15.0000   30.000012252.1094   21.5584
    0.0000   15.0000   30.000012707.5605   21.5843
    7.5000   15.0000   30.000012131.7578   21.5647
   -7.5000   22.5000   30.000011641.9805   21.5485
    0.0000   22.5000   30.000012077.8984   21.5715
    7.5000   22.5000   30.000011532.0654   21.5546
   -7.5000   30.0000   30.000010905.7910   21.3024
    0.0000   30.0000   30.000011321.8867   21.3254
    7.5000   30.0000   30.000010795.8506   21.3100
   -7.5000   37.5000   30.000010414.5508   21.3273
    0.0000   37.5000   30.000010829.8516   21.3567
    7.5000   37.5000   30.000010301.7178   21.3412
   -7.5000   45.0000   30.0000 9502.1211   20.8289
    0.0000   45.0000   30.0000 9871.9971   20.8605
    7.5000   45.0000   30.0000 9383.1357   20.8426
   -7.5000  -45.0000   37.5000 7849.2480   22.2414
    0.0000  -45.0000   37.5000 8179.9990   22.2788
    7.5000  -45.0000   37.5000 7811.6338   22.2658
   -7.5000  -37.5000   37.5000 8490.0576   22.2104
    0.0000  -37.5000   37.5000 8847.3154   22.2435
    7.5000  -37.5000   37.5000 8431.2686   22.2266
   -7.5000  -30.0000   37.5000 9434.3086   22.1828
    0.0000  -30.0000   37.5000 9879.7617   22.2152
    7.5000  -30.0000   37.5000 9363.5586   22.1973
   -7.5000  -22.5000   37.500010386.2656   22.1755
    0.0000  -22.5000   37.500010910.0137   22.2086
    7.5000  -22.5000   37.500010328.0371   22.1926
   -7.5000  -15.0000   37.500011226.1475   22.1938
    0.0000  -15.0000   37.500011800.2246   22.2277
    7.5000  -15.0000   37.500011162.3281   22.2141
   -7.5000   -7.5000   37.500011945.2041   22.2229
    0.0000   -7.5000   37.500012484.4551   22.2607
    7.5000   -7.5000   37.500011846.2090   22.2489
   -7.5000    0.0000   37.500012490.6855   22.2322
    0.0000    0.0000   37.500013024.8389   22.2697
    7.5000    0.0000   37.500012399.8125   22.2567
   -7.5000    7.5000   37.500012124.6631   22.2104
    0.0000    7.5000   37.500012635.5762   22.2435
    7.5000    7.5000   37.500012039.7305   22.2266
   -7.5000   15.0000   37.500011659.6328   22.1828
    0.0000   15.0000   37.500012109.4043   22.2152
    7.5000   15.0000   37.500011569.3174   22.1973
   -7.5000   22.5000   37.500011114.1260   22.1653
    0.0000   22.5000   37.500011527.2627   22.1984
    7.5000   22.5000   37.500011015.6445   22.1824
   -7.5000   30.0000   37.500010410.2383   21.9066
    0.0000   30.0000   37.500010807.7812   21.9400
    7.5000   30.0000   37.500010323.9805   21.9266
   -7.5000   37.5000   37.5000 9958.1387   21.9353
    0.0000   37.5000   37.500010346.9297   21.9726
    7.5000   37.5000   37.5000 9861.7705   21.9610
   -7.5000   45.0000   37.5000 9063.7812   21.4297
    0.0000   45.0000   37.5000 9418.0879   21.4659
    7.5000   45.0000   37.5000 8969.6924   21.4534
   -7.5000  -45.0000   45.0000 7073.9272   23.0106
    0.0000  -45.0000   45.0000 7334.6997   23.0394
    7.5000  -45.0000   45.0000 7041.9204   23.0187
   -7.5000  -37.5000   45.0000 7661.9712   22.9736
    0.0000  -37.5000   45.0000 7954.2510   22.9981
    7.5000  -37.5000   45.0000 7618.2490   22.9731
   -7.5000  -30.0000   45.0000 8547.1162   22.9472
    0.0000  -30.0000   45.0000 8909.0059   22.9729
    7.5000  -30.0000   45.0000 8482.6064   22.9454
   -7.5000  -22.5000   45.0000 9432.9229   22.9471
    0.0000  -22.5000   45.0000 9862.3457   22.9758
    7.5000  -22.5000   45.0000 9364.4209   22.9490
   -7.5000  -15.0000   45.000010217.2412   22.9712
    0.0000  -15.0000   45.000010691.3467   23.0007
    7.5000  -15.0000   45.000010148.0439   22.9764
   -7.5000   -7.5000   45.000010872.1123   22.9984
    0.0000   -7.5000   45.000011341.0781   23.0295
    7.5000   -7.5000   45.000010789.3828   23.0086
   -7.5000    0.0000   45.000011392.2998   23.0007
    0.0000    0.0000   45.000011852.3145   23.0297
    7.5000    0.0000   45.000011313.9688   23.0090
   -7.5000    7.5000   45.000011056.7354   22.9736
    0.0000    7.5000   45.000011493.0527   22.9981
    7.5000    7.5000   45.000010978.0186   22.9731
   -7.5000   15.0000   45.000010620.0742   22.9472
    0.0000   15.0000   45.000011024.7949   22.9729
    7.5000   15.0000   45.000010538.5078   22.9454
   -7.5000   22.5000   45.000010146.0508   22.9365
    0.0000   22.5000   45.000010525.9678   22.9651
    7.5000   22.5000   45.000010061.6211   22.9384
   -7.5000   30.0000   45.0000 9534.2793   22.6719
    0.0000   30.0000   45.0000 9882.8477   22.7011
    7.5000   30.0000   45.0000 9454.1582   22.6770
   -7.5000   37.5000   45.0000 9135.8096   22.6988
    0.0000   37.5000   45.0000 9472.2363   22.7295
    7.5000   37.5000   45.0000 9050.7705   22.7088
   -7.5000   45.0000   45.0000 8314.2490   22.1801
    0.0000   45.0000   45.0000 8651.6582   22.2080
    7.5000   45.0000   45.0000 8243.0645   22.1881

---------------------------------------------------------------------
imgreg_4dfp /opt/freesurfer/average/711-2C_as_mni_average_305 /opt/freesurfer/average/711-2B_as_mni_average_305_mask talsrcimg_g11 none talsrcimg_to_711-2C_as_mni_average_305_t4 4355
---------------------------------------------------------------------

freesurfer imgreg_4dfp.c
/opt/freesurfer/average/711-2C_as_mni_average_305.4dfp.img
       256       256       256         1
  1.000000  1.000000  1.000000
orientation T byte_order littleendian
Reading image: /opt/freesurfer/average/711-2C_as_mni_average_305.4dfp.img
dimensions:      256       256       256
mmppix:       1.0000   -1.0000   -1.0000
center:     128.0000 -129.0000 -129.0000
/opt/freesurfer/average/711-2B_as_mni_average_305_mask.4dfp.img
       256       256       256         1
  1.000000  1.000000  1.000000
orientation T byte_order littleendian
Reading mask: /opt/freesurfer/average/711-2B_as_mni_average_305_mask.4dfp.img (2306576 pixels)
talsrcimg_g11.4dfp.img
       256       256       256         1
  1.000000  1.000000  1.000000
orientation T byte_order littleendian
Reading image: talsrcimg_g11.4dfp.img
dimensions:      256       256       256
mmppix:       1.0000   -1.0000   -1.0000
center:     128.0000 -129.0000 -129.0000
rotation matrix determinant  1.000000
image alignment mode   4355 decimal     1103 hex
   -7.5000  -45.0000  -45.0000 2211.1741   19.9942
    0.0000  -45.0000  -45.0000 2220.8167   20.1063
    7.5000  -45.0000  -45.0000 2201.4939   20.3241
   -7.5000  -37.5000  -45.0000 2325.0505   18.1331
    0.0000  -37.5000  -45.0000 2330.1121   18.2671
    7.5000  -37.5000  -45.0000 2312.5493   18.4449
   -7.5000  -30.0000  -45.0000 2415.7930   16.6822
    0.0000  -30.0000  -45.0000 2420.8086   16.8105
    7.5000  -30.0000  -45.0000 2396.4443   16.9566
   -7.5000  -22.5000  -45.0000 2487.4277   15.6848
    0.0000  -22.5000  -45.0000 2494.4131   15.7819
    7.5000  -22.5000  -45.0000 2463.8994   15.9074
   -7.5000  -15.0000  -45.0000 2524.8896   15.1301
    0.0000  -15.0000  -45.0000 2534.4446   15.2119
    7.5000  -15.0000  -45.0000 2504.3308   15.3144
   -7.5000   -7.5000  -45.0000 2548.9817   14.8770
    0.0000   -7.5000  -45.0000 2557.7842   14.9420
    7.5000   -7.5000  -45.0000 2526.5964   15.0717
   -7.5000    0.0000  -45.0000 2552.2036   14.9277
    0.0000    0.0000  -45.0000 2556.1465   14.9584
    7.5000    0.0000  -45.0000 2524.0166   15.1108
   -7.5000    7.5000  -45.0000 2535.9895   15.1034
    0.0000    7.5000  -45.0000 2543.2715   15.1423
    7.5000    7.5000  -45.0000 2509.4641   15.3213
   -7.5000   15.0000  -45.0000 2506.3938   15.5884
    0.0000   15.0000  -45.0000 2514.8975   15.6294
    7.5000   15.0000  -45.0000 2477.9722   15.8435
   -7.5000   22.5000  -45.0000 2453.3853   16.3137
    0.0000   22.5000  -45.0000 2459.2224   16.3704
    7.5000   22.5000  -45.0000 2424.8916   16.5887
   -7.5000   30.0000  -45.0000 2369.4617   17.2570
    0.0000   30.0000  -45.0000 2377.4072   17.3219
    7.5000   30.0000  -45.0000 2346.2622   17.5596
   -7.5000   37.5000  -45.0000 2270.9324   18.6409
    0.0000   37.5000  -45.0000 2281.9875   18.6842
    7.5000   37.5000  -45.0000 2252.4917   18.9516
   -7.5000   45.0000  -45.0000 2150.8933   20.6284
    0.0000   45.0000  -45.0000 2160.9541   20.6143
    7.5000   45.0000  -45.0000 2132.6238   20.9460
   -7.5000  -45.0000  -37.5000 2258.4495   19.0852
    0.0000  -45.0000  -37.5000 2268.3076   19.2179
    7.5000  -45.0000  -37.5000 2250.9126   19.4555
   -7.5000  -37.5000  -37.5000 2377.9570   17.2683
    0.0000  -37.5000  -37.5000 2388.4014   17.3997
    7.5000  -37.5000  -37.5000 2364.1584   17.5537
   -7.5000  -30.0000  -37.5000 2470.4387   15.8406
    0.0000  -30.0000  -37.5000 2483.2688   15.9586
    7.5000  -30.0000  -37.5000 2452.4761   16.0971
   -7.5000  -22.5000  -37.5000 2551.5894   14.8156
    0.0000  -22.5000  -37.5000 2563.9331   14.8923
    7.5000  -22.5000  -37.5000 2530.0039   14.9957
   -7.5000  -15.0000  -37.5000 2603.6716   14.2338
    0.0000  -15.0000  -37.5000 2614.1055   14.2986
    7.5000  -15.0000  -37.5000 2579.6243   14.3760
   -7.5000   -7.5000  -37.5000 2634.2388   13.9531
    0.0000   -7.5000  -37.5000 2640.4729   13.9896
    7.5000   -7.5000  -37.5000 2607.2761   14.0673
   -7.5000    0.0000  -37.5000 2635.8284   13.9891
    0.0000    0.0000  -37.5000 2637.1653   14.0103
    7.5000    0.0000  -37.5000 2606.9929   14.1135
   -7.5000    7.5000  -37.5000 2621.0369   14.1996
    0.0000    7.5000  -37.5000 2633.6641   14.2470
    7.5000    7.5000  -37.5000 2595.9189   14.3814
   -7.5000   15.0000  -37.5000 2594.8999   14.6717
    0.0000   15.0000  -37.5000 2608.8625   14.7031
    7.5000   15.0000  -37.5000 2567.2827   14.8645
   -7.5000   22.5000  -37.5000 2540.2012   15.3413
    0.0000   22.5000  -37.5000 2552.7971   15.3923
    7.5000   22.5000  -37.5000 2514.8540   15.5455
   -7.5000   30.0000  -37.5000 2455.3533   16.2473
    0.0000   30.0000  -37.5000 2463.4175   16.2866
    7.5000   30.0000  -37.5000 2431.4905   16.4570
   -7.5000   37.5000  -37.5000 2349.5193   17.5063
    0.0000   37.5000  -37.5000 2359.9736   17.5219
    7.5000   37.5000  -37.5000 2332.3674   17.7471
   -7.5000   45.0000  -37.5000 2224.6685   19.3340
    0.0000   45.0000  -37.5000 2235.7419   19.3256
    7.5000   45.0000  -37.5000 2210.2993   19.5848
   -7.5000  -45.0000  -30.0000 2342.3799   18.9560
    0.0000  -45.0000  -30.0000 2351.0618   19.0683
    7.5000  -45.0000  -30.0000 2329.9697   19.2592
   -7.5000  -37.5000  -30.0000 2468.5598   17.0943
    0.0000  -37.5000  -30.0000 2478.6975   17.1734
    7.5000  -37.5000  -30.0000 2451.9365   17.3680
   -7.5000  -30.0000  -30.0000 2563.9485   15.5974
    0.0000  -30.0000  -30.0000 2574.7007   15.6603
    7.5000  -30.0000  -30.0000 2548.7129   15.8740
   -7.5000  -22.5000  -30.0000 2654.1389   14.5321
    0.0000  -22.5000  -30.0000 2665.0994   14.5654
    7.5000  -22.5000  -30.0000 2632.5359   14.7165
   -7.5000  -15.0000  -30.0000 2725.5083   13.8767
    0.0000  -15.0000  -30.0000 2736.1414   13.8867
    7.5000  -15.0000  -30.0000 2701.3838   13.9989
   -7.5000   -7.5000  -30.0000 2762.2466   13.5540
    0.0000   -7.5000  -30.0000 2770.5476   13.5569
    7.5000   -7.5000  -30.0000 2731.1365   13.6651
   -7.5000    0.0000  -30.0000 2771.7351   13.5200
    0.0000    0.0000  -30.0000 2772.8276   13.5488
    7.5000    0.0000  -30.0000 2740.9749   13.6353
   -7.5000    7.5000  -30.0000 2759.2227   13.7705
    0.0000    7.5000  -30.0000 2773.6318   13.8038
    7.5000    7.5000  -30.0000 2734.9653   13.9044
   -7.5000   15.0000  -30.0000 2733.7019   14.2648
    0.0000   15.0000  -30.0000 2751.2461   14.2825
    7.5000   15.0000  -30.0000 2707.3396   14.4027
   -7.5000   22.5000  -30.0000 2675.9038   14.9450
    0.0000   22.5000  -30.0000 2693.7188   14.9709
    7.5000   22.5000  -30.0000 2654.1487   15.0961
   -7.5000   30.0000  -30.0000 2585.7356   15.8679
    0.0000   30.0000  -30.0000 2595.4001   15.8703
    7.5000   30.0000  -30.0000 2563.3125   16.0265
   -7.5000   37.5000  -30.0000 2470.7141   17.0868
    0.0000   37.5000  -30.0000 2481.5818   17.0869
    7.5000   37.5000  -30.0000 2452.8889   17.2864
   -7.5000   45.0000  -30.0000 2341.6550   18.8499
    0.0000   45.0000  -30.0000 2352.6306   18.8386
    7.5000   45.0000  -30.0000 2322.4573   19.0529
   -7.5000  -45.0000  -22.5000 2383.1069   18.7085
    0.0000  -45.0000  -22.5000 2390.3425   18.7638
    7.5000  -45.0000  -22.5000 2368.4834   19.0354
   -7.5000  -37.5000  -22.5000 2514.7859   16.7978
    0.0000  -37.5000  -22.5000 2521.4141   16.8311
    7.5000  -37.5000  -22.5000 2498.5581   17.0970
   -7.5000  -30.0000  -22.5000 2619.9470   15.3016
    0.0000  -30.0000  -22.5000 2630.0039   15.3128
    7.5000  -30.0000  -22.5000 2604.6143   15.5569
   -7.5000  -22.5000  -22.5000 2716.1609   14.2106
    0.0000  -22.5000  -22.5000 2722.9414   14.2052
    7.5000  -22.5000  -22.5000 2691.0806   14.3985
   -7.5000  -15.0000  -22.5000 2797.8562   13.4607
    0.0000  -15.0000  -22.5000 2808.1995   13.4463
    7.5000  -15.0000  -22.5000 2774.9304   13.6288
   -7.5000   -7.5000  -22.5000 2850.8489   13.0695
    0.0000   -7.5000  -22.5000 2861.3157   13.0736
    7.5000   -7.5000  -22.5000 2819.9429   13.2302
   -7.5000    0.0000  -22.5000 2875.2146   12.9635
    0.0000    0.0000  -22.5000 2879.4189   12.9888
    7.5000    0.0000  -22.5000 2839.8179   13.1411
   -7.5000    7.5000  -22.5000 2871.0400   13.2300
    0.0000    7.5000  -22.5000 2878.5918   13.2711
    7.5000    7.5000  -22.5000 2838.6570   13.4042
   -7.5000   15.0000  -22.5000 2835.8325   13.7475
    0.0000   15.0000  -22.5000 2852.6492   13.7592
    7.5000   15.0000  -22.5000 2813.0801   13.9130
   -7.5000   22.5000  -22.5000 2772.1448   14.4611
    0.0000   22.5000  -22.5000 2791.3469   14.4521
    7.5000   22.5000  -22.5000 2753.8206   14.6435
   -7.5000   30.0000  -22.5000 2679.2258   15.3916
    0.0000   30.0000  -22.5000 2691.7651   15.3721
    7.5000   30.0000  -22.5000 2655.6436   15.5933
   -7.5000   37.5000  -22.5000 2560.2402   16.6004
    0.0000   37.5000  -22.5000 2569.6848   16.5636
    7.5000   37.5000  -22.5000 2538.5496   16.8125
   -7.5000   45.0000  -22.5000 2423.6370   18.3282
    0.0000   45.0000  -22.5000 2433.6008   18.3049
    7.5000   45.0000  -22.5000 2402.3074   18.5701
   -7.5000  -45.0000  -15.0000 2384.0686   18.5767
    0.0000  -45.0000  -15.0000 2393.5879   18.5708
    7.5000  -45.0000  -15.0000 2371.6396   18.9297
   -7.5000  -37.5000  -15.0000 2515.0344   16.6372
    0.0000  -37.5000  -15.0000 2525.8032   16.6237
    7.5000  -37.5000  -15.0000 2503.1775   16.9604
   -7.5000  -30.0000  -15.0000 2629.8616   15.1068
    0.0000  -30.0000  -15.0000 2644.6345   15.0873
    7.5000  -30.0000  -15.0000 2618.9346   15.3884
   -7.5000  -22.5000  -15.0000 2735.0039   13.9566
    0.0000  -22.5000  -15.0000 2747.0242   13.9295
    7.5000  -22.5000  -15.0000 2716.6963   14.1970
   -7.5000  -15.0000  -15.0000 2824.1367   13.1759
    0.0000  -15.0000  -15.0000 2839.6052   13.1366
    7.5000  -15.0000  -15.0000 2804.0259   13.3880
   -7.5000   -7.5000  -15.0000 2895.0730   12.7580
    0.0000   -7.5000  -15.0000 2914.0852   12.7148
    7.5000   -7.5000  -15.0000 2867.6299   12.9563
   -7.5000    0.0000  -15.0000 2931.2402   12.5783
    0.0000    0.0000  -15.0000 2946.0107   12.5462
    7.5000    0.0000  -15.0000 2897.3960   12.8353
   -7.5000    7.5000  -15.0000 2932.3428   12.8300
    0.0000    7.5000  -15.0000 2946.4839   12.7966
    7.5000    7.5000  -15.0000 2905.5273   13.0741
   -7.5000   15.0000  -15.0000 2897.3582   13.3812
    0.0000   15.0000  -15.0000 2916.2305   13.3209
    7.5000   15.0000  -15.0000 2875.6389   13.5945
   -7.5000   22.5000  -15.0000 2833.2017   14.0512
    0.0000   22.5000  -15.0000 2849.0044   13.9956
    7.5000   22.5000  -15.0000 2811.0759   14.3037
   -7.5000   30.0000  -15.0000 2730.5347   15.0223
    0.0000   30.0000  -15.0000 2747.7537   14.9416
    7.5000   30.0000  -15.0000 2711.1277   15.2642
   -7.5000   37.5000  -15.0000 2607.2979   16.2744
    0.0000   37.5000  -15.0000 2619.8516   16.1989
    7.5000   37.5000  -15.0000 2589.5264   16.4993
   -7.5000   45.0000  -15.0000 2467.4224   17.9375
    0.0000   45.0000  -15.0000 2479.4622   17.8909
    7.5000   45.0000  -15.0000 2448.9158   18.2120
   -7.5000  -45.0000   -7.5000 2362.3750   18.6491
    0.0000  -45.0000   -7.5000 2371.1155   18.6008
    7.5000  -45.0000   -7.5000 2351.2126   18.9614
   -7.5000  -37.5000   -7.5000 2495.3669   16.6429
    0.0000  -37.5000   -7.5000 2507.9294   16.5882
    7.5000  -37.5000   -7.5000 2484.3701   16.9106
   -7.5000  -30.0000   -7.5000 2616.6060   15.0609
    0.0000  -30.0000   -7.5000 2626.9817   14.9969
    7.5000  -30.0000   -7.5000 2603.2483   15.3100
   -7.5000  -22.5000   -7.5000 2728.6750   13.8798
    0.0000  -22.5000   -7.5000 2738.6462   13.7988
    7.5000  -22.5000   -7.5000 2713.7969   14.1149
   -7.5000  -15.0000   -7.5000 2821.8093   13.0859
    0.0000  -15.0000   -7.5000 2833.9895   12.9875
    7.5000  -15.0000   -7.5000 2808.5146   13.3099
   -7.5000   -7.5000   -7.5000 2901.8945   12.6650
    0.0000   -7.5000   -7.5000 2920.4126   12.5675
    7.5000   -7.5000   -7.5000 2885.8860   12.8739
   -7.5000    0.0000   -7.5000 2946.1802   12.4796
    0.0000    0.0000   -7.5000 2969.8284   12.3855
    7.5000    0.0000   -7.5000 2922.5957   12.7449
   -7.5000    7.5000   -7.5000 2961.0845   12.6360
    0.0000    7.5000   -7.5000 2977.5647   12.5062
    7.5000    7.5000   -7.5000 2932.9077   12.9147
   -7.5000   15.0000   -7.5000 2922.4719   13.0771
    0.0000   15.0000   -7.5000 2941.1770   12.9205
    7.5000   15.0000   -7.5000 2898.9287   13.3197
   -7.5000   22.5000   -7.5000 2852.7395   13.7776
    0.0000   22.5000   -7.5000 2872.4414   13.6428
    7.5000   22.5000   -7.5000 2833.5273   14.0116
   -7.5000   30.0000   -7.5000 2750.7463   14.7609
    0.0000   30.0000   -7.5000 2768.8499   14.6781
    7.5000   30.0000   -7.5000 2732.8108   14.9862
   -7.5000   37.5000   -7.5000 2620.9265   16.0381
    0.0000   37.5000   -7.5000 2634.5881   16.0001
    7.5000   37.5000   -7.5000 2607.1270   16.2420
   -7.5000   45.0000   -7.5000 2477.3223   17.6811
    0.0000   45.0000   -7.5000 2492.5229   17.6571
    7.5000   45.0000   -7.5000 2465.6323   17.9165
   -7.5000  -45.0000    0.0000 2323.9197   18.9008
    0.0000  -45.0000    0.0000 2332.6506   18.8017
    7.5000  -45.0000    0.0000 2314.0725   19.2120
   -7.5000  -37.5000    0.0000 2457.6855   16.8461
    0.0000  -37.5000    0.0000 2467.2886   16.7181
    7.5000  -37.5000    0.0000 2446.9229   17.0947
   -7.5000  -30.0000    0.0000 2578.7222   15.2429
    0.0000  -30.0000    0.0000 2585.7883   15.0926
    7.5000  -30.0000    0.0000 2567.8079   15.4734
   -7.5000  -22.5000    0.0000 2690.1562   14.0493
    0.0000  -22.5000    0.0000 2699.4797   13.9092
    7.5000  -22.5000    0.0000 2681.7266   14.2791
   -7.5000  -15.0000    0.0000 2790.0686   13.3071
    0.0000  -15.0000    0.0000 2799.5249   13.1457
    7.5000  -15.0000    0.0000 2780.9497   13.5163
   -7.5000   -7.5000    0.0000 2880.8403   12.8870
    0.0000   -7.5000    0.0000 2898.5969   12.7429
    7.5000   -7.5000    0.0000 2867.2314   13.0836
   -7.5000    0.0000    0.0000 2933.0625   12.6258
    0.0000    0.0000    0.0000 2957.1667   12.5093
    7.5000    0.0000    0.0000 2914.2166   12.8646
   -7.5000    7.5000    0.0000 2946.2288   12.6445
    0.0000    7.5000    0.0000 2968.9817   12.5102
    7.5000    7.5000    0.0000 2923.5266   12.8828
   -7.5000   15.0000    0.0000 2919.4939   12.9834
    0.0000   15.0000    0.0000 2937.0037   12.8519
    7.5000   15.0000    0.0000 2896.0671   13.2019
   -7.5000   22.5000    0.0000 2849.6599   13.6653
    0.0000   22.5000    0.0000 2870.8447   13.5804
    7.5000   22.5000    0.0000 2833.2964   13.8741
   -7.5000   30.0000    0.0000 2748.1528   14.7004
    0.0000   30.0000    0.0000 2769.6628   14.6240
    7.5000   30.0000    0.0000 2733.7893   14.8940
   -7.5000   37.5000    0.0000 2613.9832   16.0478
    0.0000   37.5000    0.0000 2627.9714   16.0111
    7.5000   37.5000    0.0000 2602.4614   16.2395
   -7.5000   45.0000    0.0000 2476.1228   17.7162
    0.0000   45.0000    0.0000 2484.8093   17.7060
    7.5000   45.0000    0.0000 2461.5247   17.9203
   -7.5000  -45.0000    7.5000 2277.9307   19.4660
    0.0000  -45.0000    7.5000 2289.0745   19.2936
    7.5000  -45.0000    7.5000 2274.7109   19.7658
   -7.5000  -37.5000    7.5000 2406.8860   17.3378
    0.0000  -37.5000    7.5000 2418.0078   17.1410
    7.5000  -37.5000    7.5000 2401.6704   17.6020
   -7.5000  -30.0000    7.5000 2525.7576   15.7071
    0.0000  -30.0000    7.5000 2537.4817   15.5244
    7.5000  -30.0000    7.5000 2519.1567   15.9561
   -7.5000  -22.5000    7.5000 2641.9368   14.5364
    0.0000  -22.5000    7.5000 2653.4568   14.3554
    7.5000  -22.5000    7.5000 2630.4919   14.7749
   -7.5000  -15.0000    7.5000 2744.8977   13.7575
    0.0000  -15.0000    7.5000 2759.0312   13.5793
    7.5000  -15.0000    7.5000 2735.8013   13.9729
   -7.5000   -7.5000    7.5000 2834.1143   13.2642
    0.0000   -7.5000    7.5000 2857.0083   13.1071
    7.5000   -7.5000    7.5000 2823.3206   13.4489
   -7.5000    0.0000    7.5000 2892.6802   12.9304
    0.0000    0.0000    7.5000 2917.3718   12.7798
    7.5000    0.0000    7.5000 2874.7344   13.1348
   -7.5000    7.5000    7.5000 2911.2913   12.9230
    0.0000    7.5000    7.5000 2933.3965   12.7931
    7.5000    7.5000    7.5000 2890.8857   13.1204
   -7.5000   15.0000    7.5000 2888.7781   13.2365
    0.0000   15.0000    7.5000 2908.8191   13.1498
    7.5000   15.0000    7.5000 2870.8071   13.4118
   -7.5000   22.5000    7.5000 2815.7302   13.9391
    0.0000   22.5000    7.5000 2839.4019   13.8886
    7.5000   22.5000    7.5000 2802.7563   14.1249
   -7.5000   30.0000    7.5000 2721.7524   14.9391
    0.0000   30.0000    7.5000 2741.5173   14.8836
    7.5000   30.0000    7.5000 2706.8301   15.1321
   -7.5000   37.5000    7.5000 2594.2363   16.2834
    0.0000   37.5000    7.5000 2604.4360   16.2354
    7.5000   37.5000    7.5000 2580.0742   16.4629
   -7.5000   45.0000    7.5000 2452.8909   17.9199
    0.0000   45.0000    7.5000 2459.5225   17.9279
    7.5000   45.0000    7.5000 2438.2605   18.1415
   -7.5000  -45.0000   15.0000 2225.6230   20.3976
    0.0000  -45.0000   15.0000 2235.8923   20.1793
    7.5000  -45.0000   15.0000 2226.4104   20.6728
   -7.5000  -37.5000   15.0000 2348.3279   18.2194
    0.0000  -37.5000   15.0000 2361.2109   18.0254
    7.5000  -37.5000   15.0000 2348.7451   18.4698
   -7.5000  -30.0000   15.0000 2469.3665   16.5080
    0.0000  -30.0000   15.0000 2486.0505   16.3628
    7.5000  -30.0000   15.0000 2465.5950   16.7733
   -7.5000  -22.5000   15.0000 2579.3088   15.2766
    0.0000  -22.5000   15.0000 2598.0659   15.1088
    7.5000  -22.5000   15.0000 2572.3828   15.4906
   -7.5000  -15.0000   15.0000 2677.7283   14.4119
    0.0000  -15.0000   15.0000 2698.1150   14.2459
    7.5000  -15.0000   15.0000 2669.5190   14.5798
   -7.5000   -7.5000   15.0000 2770.1973   13.8400
    0.0000   -7.5000   15.0000 2792.5212   13.6872
    7.5000   -7.5000   15.0000 2759.7847   13.9960
   -7.5000    0.0000   15.0000 2831.3059   13.4094
    0.0000    0.0000   15.0000 2850.3687   13.2434
    7.5000    0.0000   15.0000 2817.2393   13.6155
   -7.5000    7.5000   15.0000 2850.8271   13.4323
    0.0000    7.5000   15.0000 2868.5054   13.3029
    7.5000    7.5000   15.0000 2835.7151   13.6138
   -7.5000   15.0000   15.0000 2828.0283   13.7622
    0.0000   15.0000   15.0000 2847.4373   13.6388
    7.5000   15.0000   15.0000 2814.0691   13.9195
   -7.5000   22.5000   15.0000 2755.5762   14.4551
    0.0000   22.5000   15.0000 2778.1660   14.3414
    7.5000   22.5000   15.0000 2747.5181   14.6034
   -7.5000   30.0000   15.0000 2665.4780   15.4384
    0.0000   30.0000   15.0000 2685.0007   15.3229
    7.5000   30.0000   15.0000 2655.0437   15.5763
   -7.5000   37.5000   15.0000 2549.5144   16.7254
    0.0000   37.5000   15.0000 2566.9375   16.6186
    7.5000   37.5000   15.0000 2535.3403   16.8568
   -7.5000   45.0000   15.0000 2412.9980   18.3520
    0.0000   45.0000   15.0000 2424.7117   18.3269
    7.5000   45.0000   15.0000 2400.5339   18.5573
   -7.5000  -45.0000   22.5000 2167.4905   21.7048
    0.0000  -45.0000   22.5000 2181.4180   21.5392
    7.5000  -45.0000   22.5000 2170.2612   21.9191
   -7.5000  -37.5000   22.5000 2284.8679   19.3482
    0.0000  -37.5000   22.5000 2305.4526   19.2498
    7.5000  -37.5000   22.5000 2290.5088   19.5554
   -7.5000  -30.0000   22.5000 2404.5754   17.5434
    0.0000  -30.0000   22.5000 2430.9343   17.4373
    7.5000  -30.0000   22.5000 2407.6943   17.7158
   -7.5000  -22.5000   22.5000 2509.4377   16.1837
    0.0000  -22.5000   22.5000 2538.8015   16.0665
    7.5000  -22.5000   22.5000 2513.0078   16.3370
   -7.5000  -15.0000   22.5000 2606.4727   15.2419
    0.0000  -15.0000   22.5000 2631.5835   15.1293
    7.5000  -15.0000   22.5000 2606.4895   15.3855
   -7.5000   -7.5000   22.5000 2692.0747   14.6001
    0.0000   -7.5000   22.5000 2714.7959   14.4417
    7.5000   -7.5000   22.5000 2685.1384   14.7458
   -7.5000    0.0000   22.5000 2749.5110   14.1234
    0.0000    0.0000   22.5000 2765.3123   13.9782
    7.5000    0.0000   22.5000 2736.4497   14.3040
   -7.5000    7.5000   22.5000 2763.8005   14.1750
    0.0000    7.5000   22.5000 2778.7129   14.0478
    7.5000    7.5000   22.5000 2753.1660   14.3363
   -7.5000   15.0000   22.5000 2738.7532   14.5321
    0.0000   15.0000   22.5000 2751.1270   14.3873
    7.5000   15.0000   22.5000 2726.0896   14.6773
   -7.5000   22.5000   22.5000 2677.2615   15.1922
    0.0000   22.5000   22.5000 2693.0667   15.0433
    7.5000   22.5000   22.5000 2666.6628   15.3347
   -7.5000   30.0000   22.5000 2593.3193   16.1221
    0.0000   30.0000   22.5000 2613.2969   15.9833
    7.5000   30.0000   22.5000 2583.5508   16.2673
   -7.5000   37.5000   22.5000 2489.0544   17.3627
    0.0000   37.5000   22.5000 2510.1033   17.2384
    7.5000   37.5000   22.5000 2480.8848   17.4968
   -7.5000   45.0000   22.5000 2360.4333   18.9610
    0.0000   45.0000   22.5000 2375.8015   18.8874
    7.5000   45.0000   22.5000 2354.8540   19.1389
   -7.5000  -45.0000   30.0000 2092.3074   23.2540
    0.0000  -45.0000   30.0000 2109.3477   23.1749
    7.5000  -45.0000   30.0000 2102.3960   23.4260
   -7.5000  -37.5000   30.0000 2213.6416   20.7282
    0.0000  -37.5000   30.0000 2234.0381   20.6482
    7.5000  -37.5000   30.0000 2221.6521   20.8434
   -7.5000  -30.0000   30.0000 2332.7373   18.7935
    0.0000  -30.0000   30.0000 2360.0984   18.6800
    7.5000  -30.0000   30.0000 2337.4089   18.8819
   -7.5000  -22.5000   30.0000 2437.7983   17.3222
    0.0000  -22.5000   30.0000 2469.0864   17.2271
    7.5000  -22.5000   30.0000 2444.6362   17.4527
   -7.5000  -15.0000   30.0000 2527.2144   16.3135
    0.0000  -15.0000   30.0000 2561.2871   16.2099
    7.5000  -15.0000   30.0000 2530.9102   16.4848
   -7.5000   -7.5000   30.0000 2600.9414   15.5648
    0.0000   -7.5000   30.0000 2628.6484   15.4245
    7.5000   -7.5000   30.0000 2595.9546   15.7323
   -7.5000    0.0000   30.0000 2649.7642   15.0931
    0.0000    0.0000   30.0000 2667.3906   14.9780
    7.5000    0.0000   30.0000 2639.4353   15.2680
   -7.5000    7.5000   30.0000 2658.8826   15.0856
    0.0000    7.5000   30.0000 2680.1609   14.9706
    7.5000    7.5000   30.0000 2651.5706   15.2193
   -7.5000   15.0000   30.0000 2632.7893   15.4604
    0.0000   15.0000   30.0000 2644.7590   15.3419
    7.5000   15.0000   30.0000 2625.6919   15.5872
   -7.5000   22.5000   30.0000 2581.7922   16.0927
    0.0000   22.5000   30.0000 2597.4600   15.9714
    7.5000   22.5000   30.0000 2575.6963   16.2372
   -7.5000   30.0000   30.0000 2506.9309   17.0186
    0.0000   30.0000   30.0000 2528.6541   16.8799
    7.5000   30.0000   30.0000 2502.6040   17.1624
   -7.5000   37.5000   30.0000 2416.7673   18.2258
    0.0000   37.5000   30.0000 2441.3535   18.1152
    7.5000   37.5000   30.0000 2409.4744   18.3668
   -7.5000   45.0000   30.0000 2297.0754   19.7814
    0.0000   45.0000   30.0000 2311.6841   19.7076
    7.5000   45.0000   30.0000 2289.1707   19.9630
   -7.5000  -45.0000   37.5000 2015.6654   25.1588
    0.0000  -45.0000   37.5000 2032.7529   25.0302
    7.5000  -45.0000   37.5000 2029.7767   25.3203
   -7.5000  -37.5000   37.5000 2138.9006   22.4729
    0.0000  -37.5000   37.5000 2157.1064   22.3412
    7.5000  -37.5000   37.5000 2147.1553   22.5606
   -7.5000  -30.0000   37.5000 2248.9265   20.3426
    0.0000  -30.0000   37.5000 2278.5461   20.2459
    7.5000  -30.0000   37.5000 2257.3577   20.4422
   -7.5000  -22.5000   37.5000 2357.5535   18.7288
    0.0000  -22.5000   37.5000 2392.9243   18.6889
    7.5000  -22.5000   37.5000 2366.2092   18.9045
   -7.5000  -15.0000   37.5000 2439.8018   17.6585
    0.0000  -15.0000   37.5000 2477.2002   17.5932
    7.5000  -15.0000   37.5000 2449.0193   17.8394
   -7.5000   -7.5000   37.5000 2506.1421   16.8268
    0.0000   -7.5000   37.5000 2538.4861   16.7405
    7.5000   -7.5000   37.5000 2508.6006   17.0047
   -7.5000    0.0000   37.5000 2542.1287   16.3394
    0.0000    0.0000   37.5000 2562.9536   16.2633
    7.5000    0.0000   37.5000 2542.1677   16.5203
   -7.5000    7.5000   37.5000 2551.3267   16.2456
    0.0000    7.5000   37.5000 2573.5171   16.1415
    7.5000    7.5000   37.5000 2549.9619   16.3703
   -7.5000   15.0000   37.5000 2531.5845   16.6082
    0.0000   15.0000   37.5000 2545.0598   16.4902
    7.5000   15.0000   37.5000 2528.3809   16.7257
   -7.5000   22.5000   37.5000 2491.7834   17.2604
    0.0000   22.5000   37.5000 2503.4910   17.1309
    7.5000   22.5000   37.5000 2484.9888   17.3873
   -7.5000   30.0000   37.5000 2416.4963   18.1729
    0.0000   30.0000   37.5000 2433.9565   18.0335
    7.5000   30.0000   37.5000 2414.2991   18.2779
   -7.5000   37.5000   37.5000 2336.2024   19.3312
    0.0000   37.5000   37.5000 2356.3086   19.2183
    7.5000   37.5000   37.5000 2330.8503   19.4174
   -7.5000   45.0000   37.5000 2221.2190   20.8868
    0.0000   45.0000   37.5000 2236.6096   20.7651
    7.5000   45.0000   37.5000 2216.9460   20.9977
   -7.5000  -45.0000   45.0000 1930.2406   27.6734
    0.0000  -45.0000   45.0000 1941.8879   27.4279
    7.5000  -45.0000   45.0000 1939.2780   27.7580
   -7.5000  -37.5000   45.0000 2052.2214   24.5871
    0.0000  -37.5000   45.0000 2065.7700   24.4527
    7.5000  -37.5000   45.0000 2059.6274   24.6846
   -7.5000  -30.0000   45.0000 2160.9502   22.2726
    0.0000  -30.0000   45.0000 2182.8628   22.1960
    7.5000  -30.0000   45.0000 2166.7844   22.3836
   -7.5000  -22.5000   45.0000 2266.0107   20.5552
    0.0000  -22.5000   45.0000 2294.5027   20.4983
    7.5000  -22.5000   45.0000 2272.6653   20.7076
   -7.5000  -15.0000   45.0000 2347.4116   19.3655
    0.0000  -15.0000   45.0000 2384.5740   19.2645
    7.5000  -15.0000   45.0000 2359.3457   19.5118
   -7.5000   -7.5000   45.0000 2412.0798   18.4374
    0.0000   -7.5000   45.0000 2441.6021   18.3595
    7.5000   -7.5000   45.0000 2419.9380   18.6073
   -7.5000    0.0000   45.0000 2436.7102   17.9081
    0.0000    0.0000   45.0000 2456.1223   17.8092
    7.5000    0.0000   45.0000 2443.8098   18.0848
   -7.5000    7.5000   45.0000 2442.1575   17.7422
    0.0000    7.5000   45.0000 2458.9631   17.6364
    7.5000    7.5000   45.0000 2445.9443   17.8822
   -7.5000   15.0000   45.0000 2422.2292   18.0276
    0.0000   15.0000   45.0000 2434.4548   17.9103
    7.5000   15.0000   45.0000 2421.9463   18.1366
   -7.5000   22.5000   45.0000 2389.6558   18.6961
    0.0000   22.5000   45.0000 2400.6692   18.5768
    7.5000   22.5000   45.0000 2385.9961   18.8165
   -7.5000   30.0000   45.0000 2324.4531   19.5968
    0.0000   30.0000   45.0000 2334.5481   19.4713
    7.5000   30.0000   45.0000 2321.5361   19.7268
   -7.5000   37.5000   45.0000 2244.5261   20.7917
    0.0000   37.5000   45.0000 2253.9160   20.6774
    7.5000   37.5000   45.0000 2239.5454   20.8750
   -7.5000   45.0000   45.0000 2136.6768   22.3397
    0.0000   45.0000   45.0000 2151.1445   22.2081
    7.5000   45.0000   45.0000 2135.1104   22.4109

---------------------------------------------------------------------
imgreg_4dfp /opt/freesurfer/average/711-2C_as_mni_average_305 /opt/freesurfer/average/711-2B_as_mni_average_305_mask talsrcimg_g11 none talsrcimg_to_711-2C_as_mni_average_305_t4 1283
---------------------------------------------------------------------

freesurfer imgreg_4dfp.c
/opt/freesurfer/average/711-2C_as_mni_average_305.4dfp.img
       256       256       256         1
  1.000000  1.000000  1.000000
orientation T byte_order littleendian
Reading image: /opt/freesurfer/average/711-2C_as_mni_average_305.4dfp.img
dimensions:      256       256       256
mmppix:       1.0000   -1.0000   -1.0000
center:     128.0000 -129.0000 -129.0000
/opt/freesurfer/average/711-2B_as_mni_average_305_mask.4dfp.img
       256       256       256         1
  1.000000  1.000000  1.000000
orientation T byte_order littleendian
Reading mask: /opt/freesurfer/average/711-2B_as_mni_average_305_mask.4dfp.img (2306576 pixels)
talsrcimg_g11.4dfp.img
       256       256       256         1
  1.000000  1.000000  1.000000
orientation T byte_order littleendian
Reading image: talsrcimg_g11.4dfp.img
dimensions:      256       256       256
mmppix:       1.0000   -1.0000   -1.0000
center:     128.0000 -129.0000 -129.0000
rotation matrix determinant  1.000000
fimgreg.f
image alignment mode   1283 decimal      503 hex
parameters
    0.0000    7.5000   -7.5000    0.0000    0.0000    0.0000
eta,q 0.93437 12.50210
niter,ni,del,rscale     5    3   12.0000    1.2000
parameter  4 17.147406 ->  0.500000 qaram    1.1500
parameter  5  0.640612 ->  0.500000 qaram    1.1500
parameters
   -0.8815    5.1450   -6.2804   -3.4500   -3.4500    0.5603
eta,q 0.94009 12.15052
  0.0711  0.0689  0.0706  0.0573  0.0601  0.0649
  0.0692  0.0668  0.0682  0.0601  0.0599  0.0626
  0.0683  0.0664  0.0669  0.0629  0.0602  0.0609
  0.0679  0.0678  0.0664  0.0662  0.0610  0.0600
  0.0687  0.0698  0.0661  0.0699  0.0615  0.0603
  0.0707  0.0720  0.0670  0.0731  0.0632  0.0616
  0.0743  0.0759  0.0679  0.0758  0.0654  0.0634
niter,ni,del,rscale     6    3   12.0000    1.2000
parameter  4  1.979178 ->  0.500000 qaram    1.3225
parameters
   -0.7728    6.2514   -4.6914   -7.4175   -2.3133   -0.0589
eta,q 0.94631 12.18862
  0.0681  0.0708  0.0654  0.0518  0.0615  0.0581
  0.0641  0.0655  0.0626  0.0535  0.0572  0.0557
  0.0611  0.0621  0.0606  0.0551  0.0547  0.0540
  0.0599  0.0599  0.0595  0.0586  0.0538  0.0539
  0.0608  0.0599  0.0584  0.0634  0.0541  0.0553
  0.0639  0.0624  0.0588  0.0674  0.0554  0.0574
  0.0675  0.0648  0.0616  0.0709  0.0572  0.0596
niter,ni,del,rscale     6    3   12.0000    1.2000
parameter  4  1.022865 ->  0.500000 qaram    1.5209
parameters
   -1.1253    6.6917   -4.4397  -11.9801   -0.5985    1.5080
eta,q 0.95045 12.17042
  0.0632  0.0649  0.0585  0.0490  0.0568  0.0553
  0.0583  0.0583  0.0564  0.0503  0.0536  0.0528
  0.0544  0.0542  0.0547  0.0519  0.0520  0.0508
  0.0537  0.0536  0.0539  0.0538  0.0507  0.0498
  0.0563  0.0554  0.0539  0.0562  0.0498  0.0496
  0.0606  0.0579  0.0552  0.0617  0.0511  0.0501
  0.0647  0.0606  0.0583  0.0669  0.0527  0.0516
niter,ni,del,rscale     6    3   12.0000    1.2000
parameter  4  0.516947 ->  0.500000 qaram    1.7490
parameters
   -1.7194    8.3232   -4.8856  -17.2272   -0.5554    1.3920
eta,q 0.95454 12.18202
  0.0576  0.0621  0.0555  0.0499  0.0530  0.0505
  0.0531  0.0552  0.0511  0.0456  0.0496  0.0481
  0.0495  0.0509  0.0482  0.0465  0.0463  0.0461
  0.0495  0.0491  0.0492  0.0489  0.0455  0.0455
  0.0525  0.0495  0.0509  0.0534  0.0471  0.0464
  0.0561  0.0508  0.0532  0.0578  0.0497  0.0484
  0.0602  0.0522  0.0564  0.0623  0.0524  0.0508
niter,ni,del,rscale     6    3   12.0000    1.2000
parameters
   -1.2856   11.2317   -6.2396  -18.7463   -1.7538    2.0470
eta,q 0.95710 12.11315
  0.0586  0.0592  0.0485  0.0540  0.0484  0.0481
  0.0541  0.0548  0.0455  0.0489  0.0451  0.0455
  0.0491  0.0493  0.0447  0.0428  0.0431  0.0434
  0.0455  0.0453  0.0452  0.0447  0.0433  0.0429
  0.0465  0.0449  0.0466  0.0482  0.0458  0.0428
  0.0507  0.0455  0.0494  0.0541  0.0491  0.0435
  0.0566  0.0463  0.0539  0.0603  0.0519  0.0465
niter,ni,del,rscale     5    3   12.0000    1.2000
parameters
   -1.0780   11.4228   -6.4499  -18.9903   -1.8527    1.9271
eta,q 0.95703 12.12020
  0.0559  0.0525  0.0501  0.0566  0.0502  0.0471
  0.0497  0.0467  0.0459  0.0515  0.0465  0.0445
  0.0446  0.0429  0.0439  0.0446  0.0440  0.0432
  0.0429  0.0430  0.0431  0.0431  0.0429  0.0430
  0.0448  0.0441  0.0440  0.0459  0.0439  0.0429
  0.0487  0.0462  0.0466  0.0513  0.0472  0.0443
  0.0540  0.0506  0.0513  0.0583  0.0505  0.0480
niter,ni,del,rscale     4    3   12.0000    1.2000
parameters
   -1.0573   11.4260   -6.5057  -19.0538   -1.8670    1.9240
eta,q 0.95704 12.12011
  0.0550  0.0520  0.0505  0.0569  0.0504  0.0473
  0.0487  0.0461  0.0462  0.0519  0.0466  0.0446
  0.0440  0.0425  0.0440  0.0451  0.0440  0.0432
  0.0430  0.0430  0.0430  0.0430  0.0430  0.0430
  0.0450  0.0442  0.0438  0.0456  0.0438  0.0428
  0.0489  0.0466  0.0463  0.0508  0.0470  0.0441
  0.0543  0.0511  0.0509  0.0580  0.0503  0.0477
registration optimization eta report
parameter search radius
    6.0000    6.0000    6.0000   10.4940    6.9000    6.0000
100000*second partial in parameter space
       32.       25.       21.       13.       15.       13.
  0.0550  0.0520  0.0505  0.0569  0.0504  0.0473
  0.0487  0.0461  0.0462  0.0519  0.0466  0.0446
  0.0440  0.0425  0.0440  0.0451  0.0440  0.0432
  0.0430  0.0430  0.0430  0.0430  0.0430  0.0430
  0.0450  0.0442  0.0438  0.0456  0.0438  0.0428
  0.0489  0.0466  0.0463  0.0508  0.0470  0.0441
  0.0543  0.0511  0.0509  0.0580  0.0503  0.0477
   -1.0573   11.4260   -6.5057  -19.0538   -1.8670    1.9240
eta,q 0.95704 12.12011

---------------------------------------------------------------------
imgreg_4dfp /opt/freesurfer/average/711-2C_as_mni_average_305 /opt/freesurfer/average/711-2B_as_mni_average_305_mask talsrcimg_g11 none talsrcimg_to_711-2C_as_mni_average_305_t4 3335
---------------------------------------------------------------------

freesurfer imgreg_4dfp.c
/opt/freesurfer/average/711-2C_as_mni_average_305.4dfp.img
       256       256       256         1
  1.000000  1.000000  1.000000
orientation T byte_order littleendian
Reading image: /opt/freesurfer/average/711-2C_as_mni_average_305.4dfp.img
dimensions:      256       256       256
mmppix:       1.0000   -1.0000   -1.0000
center:     128.0000 -129.0000 -129.0000
/opt/freesurfer/average/711-2B_as_mni_average_305_mask.4dfp.img
       256       256       256         1
  1.000000  1.000000  1.000000
orientation T byte_order littleendian
Reading mask: /opt/freesurfer/average/711-2B_as_mni_average_305_mask.4dfp.img (2306576 pixels)
talsrcimg_g11.4dfp.img
       256       256       256         1
  1.000000  1.000000  1.000000
orientation T byte_order littleendian
Reading image: talsrcimg_g11.4dfp.img
dimensions:      256       256       256
mmppix:       1.0000   -1.0000   -1.0000
center:     128.0000 -129.0000 -129.0000
fimgreg.f
image alignment mode   3335 decimal      D07 hex
parameters
   -1.0573   11.4260   -6.5057   -0.1094   -5.5677   -5.5289
   -4.2363    1.9817    3.3555   32.7305   -3.2579  -32.6282
eta,q 0.95808 12.26021
niter,ni,del,rscale     5    3    5.0000    1.2000
parameter  4  9.021764 ->  0.500000 qaram    1.1500
parameter  5  4.326463 ->  0.500000 qaram    1.1500
parameter  6  0.802163 ->  0.500000 qaram    1.1500
parameters
   -0.8744   12.3269   -6.8530   -4.2494   -9.7077   -9.6689
   -4.0073    1.7418    1.6337   29.4436   -3.3429  -32.2215
eta,q 0.97234 11.95858
  0.0435  0.0436  0.0427  0.0319  0.0280  0.0283  0.0314  0.0335  0.0295  0.0287  0.0291  0.0295
  0.0426  0.0428  0.0421  0.0345  0.0301  0.0283  0.0299  0.0309  0.0287  0.0279  0.0283  0.0285
  0.0422  0.0423  0.0418  0.0381  0.0326  0.0290  0.0288  0.0290  0.0283  0.0277  0.0278  0.0278
  0.0419  0.0419  0.0417  0.0417  0.0354  0.0307  0.0284  0.0284  0.0284  0.0283  0.0276  0.0277
  0.0419  0.0417  0.0420  0.0450  0.0384  0.0339  0.0287  0.0294  0.0290  0.0298  0.0279  0.0279
  0.0423  0.0418  0.0426  0.0486  0.0413  0.0377  0.0296  0.0315  0.0300  0.0320  0.0284  0.0284
  0.0431  0.0422  0.0436  0.0523  0.0446  0.0422  0.0311  0.0340  0.0315  0.0345  0.0292  0.0290
niter,ni,del,rscale     7    3    5.0000    1.2000
parameter  4  0.744175 ->  0.500000 qaram    1.3225
parameter  5  1.282152 ->  0.500000 qaram    1.3225
parameters
   -1.0202   11.1704   -7.4764   -9.0104  -14.4687  -11.6777
   -3.1835    2.1567    2.8035   29.6090   -2.8775  -34.9102
eta,q 0.97861 11.67591
  0.0308  0.0278  0.0280  0.0254  0.0212  0.0230  0.0247  0.0260  0.0242  0.0245  0.0225  0.0220
  0.0290  0.0272  0.0274  0.0248  0.0215  0.0222  0.0232  0.0238  0.0230  0.0230  0.0221  0.0215
  0.0279  0.0272  0.0270  0.0252  0.0228  0.0218  0.0222  0.0223  0.0221  0.0220  0.0218  0.0214
  0.0277  0.0276  0.0272  0.0270  0.0248  0.0218  0.0217  0.0217  0.0217  0.0216  0.0216  0.0216
  0.0283  0.0285  0.0277  0.0305  0.0273  0.0221  0.0218  0.0219  0.0217  0.0219  0.0216  0.0221
  0.0296  0.0297  0.0286  0.0342  0.0303  0.0236  0.0225  0.0230  0.0221  0.0227  0.0219  0.0229
  0.0316  0.0313  0.0298  0.0380  0.0333  0.0269  0.0236  0.0253  0.0230  0.0243  0.0224  0.0238
niter,ni,del,rscale     7    3    5.0000    1.2000
parameters
   -0.9839   11.0233   -7.9949  -10.5273  -18.5090  -12.1220
   -3.4136    1.9725    3.1372   30.5222   -2.9249  -36.3847
eta,q 0.97936 11.47565
  0.0248  0.0236  0.0222  0.0245  0.0222  0.0224  0.0230  0.0241  0.0226  0.0237  0.0214  0.0215
  0.0229  0.0223  0.0216  0.0230  0.0211  0.0214  0.0217  0.0222  0.0216  0.0222  0.0210  0.0209
  0.0217  0.0215  0.0214  0.0218  0.0207  0.0208  0.0210  0.0211  0.0210  0.0211  0.0208  0.0207
  0.0214  0.0214  0.0214  0.0213  0.0215  0.0207  0.0207  0.0207  0.0207  0.0207  0.0207  0.0207
  0.0218  0.0218  0.0217  0.0220  0.0233  0.0209  0.0211  0.0211  0.0209  0.0209  0.0207  0.0210
  0.0228  0.0227  0.0224  0.0246  0.0262  0.0213  0.0220  0.0224  0.0214  0.0214  0.0210  0.0217
  0.0245  0.0241  0.0234  0.0285  0.0295  0.0231  0.0233  0.0246  0.0223  0.0224  0.0214  0.0226
niter,ni,del,rscale     6    3    5.0000    1.2000
parameters
   -1.0198   11.1690   -7.9970  -10.4400  -19.0423  -11.6589
   -3.4603    1.8460    3.1947   30.9472   -3.1765  -36.5476
eta,q 0.97936 11.49057
  0.0237  0.0232  0.0219  0.0247  0.0244  0.0228  0.0231  0.0241  0.0223  0.0231  0.0213  0.0220
  0.0220  0.0218  0.0212  0.0229  0.0225  0.0216  0.0218  0.0222  0.0214  0.0218  0.0209  0.0212
  0.0209  0.0210  0.0208  0.0215  0.0211  0.0209  0.0209  0.0210  0.0208  0.0209  0.0207  0.0208
  0.0206  0.0206  0.0206  0.0206  0.0206  0.0206  0.0206  0.0206  0.0206  0.0206  0.0206  0.0206
  0.0211  0.0208  0.0208  0.0206  0.0211  0.0207  0.0209  0.0210  0.0208  0.0209  0.0207  0.0208
  0.0222  0.0215  0.0212  0.0220  0.0228  0.0209  0.0218  0.0222  0.0214  0.0215  0.0210  0.0213
  0.0238  0.0226  0.0220  0.0252  0.0258  0.0226  0.0232  0.0245  0.0223  0.0225  0.0214  0.0221
niter,ni,del,rscale     5    3    5.0000    1.2000
parameters
   -1.0235   11.2161   -7.9940  -10.3919  -19.1403  -11.6305
   -3.4649    1.8156    3.2386   30.9895   -3.2357  -36.5783
eta,q 0.97936 11.49143
  0.0238  0.0229  0.0219  0.0247  0.0248  0.0226  0.0231  0.0242  0.0223  0.0229  0.0213  0.0221
  0.0220  0.0217  0.0212  0.0229  0.0227  0.0215  0.0218  0.0223  0.0214  0.0216  0.0209  0.0212
  0.0210  0.0209  0.0208  0.0215  0.0213  0.0209  0.0209  0.0211  0.0208  0.0208  0.0207  0.0208
  0.0206  0.0206  0.0206  0.0206  0.0206  0.0206  0.0206  0.0206  0.0206  0.0206  0.0206  0.0206
  0.0211  0.0209  0.0208  0.0206  0.0210  0.0206  0.0209  0.0210  0.0208  0.0209  0.0207  0.0208
  0.0221  0.0216  0.0212  0.0221  0.0225  0.0210  0.0218  0.0222  0.0214  0.0216  0.0209  0.0213
  0.0237  0.0228  0.0220  0.0254  0.0253  0.0230  0.0231  0.0244  0.0223  0.0227  0.0214  0.0221
niter,ni,del,rscale     4    3    5.0000    1.2000
parameters
   -1.0245   11.2243   -8.0029  -10.3884  -19.1533  -11.6380
   -3.4690    1.8091    3.2503   31.0005   -3.2365  -36.5944
eta,q 0.97936 11.49129
  0.0238  0.0229  0.0219  0.0247  0.0249  0.0226  0.0231  0.0243  0.0223  0.0229  0.0213  0.0221
  0.0220  0.0217  0.0212  0.0229  0.0228  0.0215  0.0218  0.0223  0.0214  0.0216  0.0210  0.0212
  0.0210  0.0209  0.0208  0.0215  0.0213  0.0209  0.0210  0.0211  0.0208  0.0208  0.0207  0.0208
  0.0206  0.0206  0.0206  0.0206  0.0206  0.0206  0.0206  0.0206  0.0206  0.0206  0.0206  0.0206
  0.0210  0.0209  0.0208  0.0207  0.0210  0.0206  0.0209  0.0210  0.0208  0.0210  0.0207  0.0208
  0.0221  0.0216  0.0212  0.0222  0.0224  0.0210  0.0218  0.0222  0.0214  0.0216  0.0209  0.0213
  0.0237  0.0228  0.0220  0.0254  0.0252  0.0230  0.0231  0.0244  0.0223  0.0228  0.0214  0.0221
registration optimization eta report
parameter search radius
    2.4000    2.4000    2.4000    9.5220    9.5220    8.2800
    7.2000    7.2000    7.2000    7.2000    7.2000    7.2000
100000*second partial in parameter space
       54.       38.       23.        5.        5.        3.
        5.        7.        3.        4.        1.        3.
  0.0238  0.0229  0.0219  0.0247  0.0249  0.0226  0.0231  0.0243  0.0223  0.0229  0.0213  0.0221
  0.0220  0.0217  0.0212  0.0229  0.0228  0.0215  0.0218  0.0223  0.0214  0.0216  0.0210  0.0212
  0.0210  0.0209  0.0208  0.0215  0.0213  0.0209  0.0210  0.0211  0.0208  0.0208  0.0207  0.0208
  0.0206  0.0206  0.0206  0.0206  0.0206  0.0206  0.0206  0.0206  0.0206  0.0206  0.0206  0.0206
  0.0210  0.0209  0.0208  0.0207  0.0210  0.0206  0.0209  0.0210  0.0208  0.0210  0.0207  0.0208
  0.0221  0.0216  0.0212  0.0222  0.0224  0.0210  0.0218  0.0222  0.0214  0.0216  0.0209  0.0213
  0.0237  0.0228  0.0220  0.0254  0.0252  0.0230  0.0231  0.0244  0.0223  0.0228  0.0214  0.0221
   -1.0245   11.2243   -8.0029  -10.3884  -19.1533  -11.6380
   -3.4690    1.8091    3.2503   31.0005   -3.2365  -36.5944
eta,q 0.97936 11.49129

---------------------------------------------------------------------
imgreg_4dfp /opt/freesurfer/average/711-2C_as_mni_average_305 /opt/freesurfer/average/711-2B_as_mni_average_305_mask talsrcimg_g11 none talsrcimg_to_711-2C_as_mni_average_305_t4 2311
---------------------------------------------------------------------

freesurfer imgreg_4dfp.c
/opt/freesurfer/average/711-2C_as_mni_average_305.4dfp.img
       256       256       256         1
  1.000000  1.000000  1.000000
orientation T byte_order littleendian
Reading image: /opt/freesurfer/average/711-2C_as_mni_average_305.4dfp.img
dimensions:      256       256       256
mmppix:       1.0000   -1.0000   -1.0000
center:     128.0000 -129.0000 -129.0000
/opt/freesurfer/average/711-2B_as_mni_average_305_mask.4dfp.img
       256       256       256         1
  1.000000  1.000000  1.000000
orientation T byte_order littleendian
Reading mask: /opt/freesurfer/average/711-2B_as_mni_average_305_mask.4dfp.img (2306576 pixels)
talsrcimg_g11.4dfp.img
       256       256       256         1
  1.000000  1.000000  1.000000
orientation T byte_order littleendian
Reading image: talsrcimg_g11.4dfp.img
dimensions:      256       256       256
mmppix:       1.0000   -1.0000   -1.0000
center:     128.0000 -129.0000 -129.0000
fimgreg.f
image alignment mode   2311 decimal      907 hex
parameters
   -1.0245   11.2243   -8.0029  -10.3884  -19.1533  -11.6380
   -3.4690    1.8091    3.2503   31.0005   -3.2365  -36.5944
eta,q 0.97936 11.49130
niter,ni,del,rscale     5    3    5.0000    0.8000
parameters
   -1.0487   11.2287   -7.9828   -9.1220  -18.6429   -9.8742
   -3.3099    1.8236    3.3553   31.3416   -3.5316  -36.6571
eta,q 0.97959 11.64942
  0.0220  0.0216  0.0212  0.0222  0.0219  0.0214  0.0217  0.0225  0.0212  0.0216  0.0209  0.0212
  0.0212  0.0211  0.0209  0.0215  0.0212  0.0210  0.0211  0.0214  0.0208  0.0209  0.0206  0.0207
  0.0208  0.0208  0.0207  0.0210  0.0208  0.0207  0.0206  0.0207  0.0205  0.0205  0.0205  0.0205
  0.0206  0.0206  0.0206  0.0206  0.0205  0.0205  0.0204  0.0204  0.0204  0.0204  0.0204  0.0204
  0.0208  0.0208  0.0207  0.0205  0.0205  0.0204  0.0205  0.0206  0.0205  0.0205  0.0205  0.0205
  0.0213  0.0211  0.0209  0.0207  0.0209  0.0204  0.0209  0.0213  0.0207  0.0208  0.0207  0.0208
  0.0221  0.0216  0.0212  0.0212  0.0215  0.0206  0.0216  0.0225  0.0212  0.0213  0.0210  0.0211
niter,ni,del,rscale     4    3    5.0000    0.7000
parameters
   -0.9962   11.2028   -8.1485   -9.0267  -18.4222  -10.1821
   -3.2681    1.8436    3.4031   31.1866   -3.5325  -36.8842
eta,q 0.97960 11.65010
  0.0217  0.0212  0.0208  0.0216  0.0215  0.0208  0.0214  0.0220  0.0210  0.0211  0.0208  0.0209
  0.0210  0.0208  0.0206  0.0210  0.0210  0.0206  0.0209  0.0211  0.0207  0.0207  0.0206  0.0206
  0.0206  0.0205  0.0204  0.0206  0.0206  0.0205  0.0205  0.0206  0.0205  0.0205  0.0205  0.0204
  0.0204  0.0204  0.0204  0.0204  0.0204  0.0204  0.0204  0.0204  0.0204  0.0204  0.0204  0.0204
  0.0205  0.0205  0.0205  0.0205  0.0205  0.0203  0.0205  0.0206  0.0205  0.0205  0.0204  0.0205
  0.0209  0.0208  0.0207  0.0208  0.0208  0.0205  0.0208  0.0211  0.0207  0.0208  0.0206  0.0207
  0.0215  0.0213  0.0210  0.0216  0.0213  0.0212  0.0214  0.0220  0.0210  0.0212  0.0208  0.0210
niter,ni,del,rscale     3    3    5.0000    0.6000
parameters
   -1.0061   11.2155   -8.2033   -8.9251  -18.3723   -9.9681
   -3.2748    1.8379    3.4043   31.2809   -3.5612  -37.0001
eta,q 0.97962 11.66671
  0.0213  0.0210  0.0207  0.0213  0.0212  0.0208  0.0211  0.0216  0.0208  0.0210  0.0207  0.0208
  0.0208  0.0207  0.0205  0.0209  0.0208  0.0206  0.0207  0.0209  0.0206  0.0206  0.0205  0.0205
  0.0205  0.0205  0.0204  0.0205  0.0205  0.0205  0.0205  0.0205  0.0204  0.0204  0.0204  0.0204
  0.0204  0.0204  0.0204  0.0204  0.0204  0.0204  0.0204  0.0204  0.0204  0.0204  0.0204  0.0204
  0.0205  0.0205  0.0205  0.0204  0.0205  0.0204  0.0205  0.0205  0.0204  0.0205  0.0204  0.0205
  0.0208  0.0207  0.0206  0.0207  0.0207  0.0204  0.0207  0.0210  0.0206  0.0206  0.0205  0.0206
  0.0213  0.0210  0.0208  0.0213  0.0211  0.0208  0.0211  0.0216  0.0208  0.0209  0.0207  0.0208
niter,ni,del,rscale     2    3    5.0000    0.5000
parameters
   -1.0034   11.2168   -8.2293   -8.8683  -18.3416   -9.7103
   -3.2736    1.8341    3.4075   31.3997   -3.5698  -37.0577
eta,q 0.97963 11.68140
  0.0210  0.0208  0.0206  0.0210  0.0209  0.0207  0.0209  0.0213  0.0207  0.0208  0.0206  0.0207
  0.0207  0.0206  0.0205  0.0207  0.0207  0.0205  0.0206  0.0208  0.0205  0.0206  0.0205  0.0205
  0.0204  0.0204  0.0204  0.0205  0.0205  0.0204  0.0204  0.0205  0.0204  0.0204  0.0204  0.0204
  0.0204  0.0204  0.0204  0.0204  0.0204  0.0204  0.0204  0.0204  0.0204  0.0204  0.0204  0.0204
  0.0205  0.0204  0.0204  0.0204  0.0204  0.0203  0.0204  0.0205  0.0204  0.0204  0.0204  0.0204
  0.0207  0.0206  0.0205  0.0206  0.0206  0.0204  0.0206  0.0208  0.0205  0.0205  0.0205  0.0205
  0.0210  0.0208  0.0207  0.0210  0.0209  0.0206  0.0209  0.0213  0.0207  0.0207  0.0206  0.0207
niter,ni,del,rscale     1    3    5.0000    0.4000
parameters
   -1.0021   11.2071   -8.2412   -8.8381  -18.3084   -9.3995
   -3.2651    1.8060    3.4053   31.5790   -3.5838  -37.0890
eta,q 0.97966 11.69713
  0.0208  0.0206  0.0205  0.0208  0.0207  0.0206  0.0207  0.0210  0.0206  0.0207  0.0205  0.0206
  0.0205  0.0205  0.0204  0.0206  0.0205  0.0205  0.0205  0.0206  0.0204  0.0205  0.0204  0.0204
  0.0204  0.0204  0.0204  0.0204  0.0204  0.0204  0.0204  0.0204  0.0204  0.0204  0.0204  0.0204
  0.0204  0.0204  0.0204  0.0204  0.0204  0.0204  0.0203  0.0203  0.0203  0.0203  0.0203  0.0203
  0.0204  0.0204  0.0204  0.0204  0.0204  0.0203  0.0204  0.0204  0.0204  0.0204  0.0204  0.0204
  0.0205  0.0205  0.0204  0.0205  0.0205  0.0204  0.0205  0.0206  0.0204  0.0204  0.0204  0.0205
  0.0208  0.0206  0.0205  0.0208  0.0207  0.0205  0.0207  0.0210  0.0206  0.0206  0.0205  0.0206
registration optimization eta report
parameter search radius
    0.8000    0.8000    0.8000    2.4000    2.4000    2.4000
    2.4000    2.4000    2.4000    2.4000    2.4000    2.4000
100000*second partial in parameter space
       65.       42.       28.        7.        6.        3.
        6.       11.        4.        5.        3.        4.
  0.0208  0.0206  0.0205  0.0208  0.0207  0.0206  0.0207  0.0210  0.0206  0.0207  0.0205  0.0206
  0.0205  0.0205  0.0204  0.0206  0.0205  0.0205  0.0205  0.0206  0.0204  0.0205  0.0204  0.0204
  0.0204  0.0204  0.0204  0.0204  0.0204  0.0204  0.0204  0.0204  0.0204  0.0204  0.0204  0.0204
  0.0204  0.0204  0.0204  0.0204  0.0204  0.0204  0.0203  0.0203  0.0203  0.0203  0.0203  0.0203
  0.0204  0.0204  0.0204  0.0204  0.0204  0.0203  0.0204  0.0204  0.0204  0.0204  0.0204  0.0204
  0.0205  0.0205  0.0204  0.0205  0.0205  0.0204  0.0205  0.0206  0.0204  0.0204  0.0204  0.0205
  0.0208  0.0206  0.0205  0.0208  0.0207  0.0205  0.0207  0.0210  0.0206  0.0206  0.0205  0.0206
   -1.0021   11.2071   -8.2412   -8.8381  -18.3084   -9.3995
   -3.2651    1.8060    3.4053   31.5790   -3.5838  -37.0890
eta,q 0.97966 11.69713

---------------------------------------------------------------------
imgreg_4dfp /opt/freesurfer/average/711-2C_as_mni_average_305 /opt/freesurfer/average/711-2B_as_mni_average_305_mask talsrcimg_g11 none talsrcimg_to_711-2C_as_mni_average_305_t4 2311
---------------------------------------------------------------------

freesurfer imgreg_4dfp.c
/opt/freesurfer/average/711-2C_as_mni_average_305.4dfp.img
       256       256       256         1
  1.000000  1.000000  1.000000
orientation T byte_order littleendian
Reading image: /opt/freesurfer/average/711-2C_as_mni_average_305.4dfp.img
dimensions:      256       256       256
mmppix:       1.0000   -1.0000   -1.0000
center:     128.0000 -129.0000 -129.0000
/opt/freesurfer/average/711-2B_as_mni_average_305_mask.4dfp.img
       256       256       256         1
  1.000000  1.000000  1.000000
orientation T byte_order littleendian
Reading mask: /opt/freesurfer/average/711-2B_as_mni_average_305_mask.4dfp.img (2306576 pixels)
talsrcimg_g11.4dfp.img
       256       256       256         1
  1.000000  1.000000  1.000000
orientation T byte_order littleendian
Reading image: talsrcimg_g11.4dfp.img
dimensions:      256       256       256
mmppix:       1.0000   -1.0000   -1.0000
center:     128.0000 -129.0000 -129.0000
fimgreg.f
image alignment mode   2311 decimal      907 hex
parameters
   -1.0021   11.2071   -8.2412   -8.8381  -18.3084   -9.3995
   -3.2651    1.8060    3.4053   31.5790   -3.5838  -37.0890
eta,q 0.97966 11.69713
niter,ni,del,rscale     5    3    5.0000    0.8000
parameters
   -0.9830   11.1731   -8.2281   -9.1895  -18.4968  -10.2840
   -3.3006    1.8194    3.4086   31.2123   -3.5223  -36.9336
eta,q 0.97958 11.63850
  0.0221  0.0214  0.0211  0.0217  0.0216  0.0209  0.0216  0.0225  0.0212  0.0213  0.0209  0.0213
  0.0211  0.0208  0.0207  0.0210  0.0210  0.0206  0.0210  0.0214  0.0208  0.0207  0.0206  0.0208
  0.0205  0.0205  0.0204  0.0205  0.0205  0.0205  0.0206  0.0207  0.0205  0.0205  0.0205  0.0205
  0.0203  0.0203  0.0203  0.0203  0.0204  0.0204  0.0204  0.0204  0.0204  0.0204  0.0204  0.0204
  0.0205  0.0205  0.0204  0.0205  0.0205  0.0204  0.0206  0.0207  0.0205  0.0206  0.0205  0.0205
  0.0211  0.0209  0.0207  0.0212  0.0210  0.0209  0.0210  0.0213  0.0208  0.0209  0.0206  0.0208
  0.0220  0.0215  0.0211  0.0224  0.0218  0.0221  0.0217  0.0225  0.0212  0.0215  0.0209  0.0211
niter,ni,del,rscale     4    3    5.0000    0.7000
parameters
   -1.0057   11.2168   -8.2023   -9.0234  -18.4317  -10.2069
   -3.2915    1.8341    3.3873   31.2289   -3.5350  -36.9520
eta,q 0.97960 11.65094
  0.0216  0.0213  0.0209  0.0216  0.0214  0.0209  0.0214  0.0220  0.0210  0.0212  0.0208  0.0210
  0.0209  0.0208  0.0206  0.0210  0.0209  0.0207  0.0208  0.0211  0.0207  0.0207  0.0206  0.0206
  0.0205  0.0205  0.0205  0.0206  0.0206  0.0205  0.0205  0.0206  0.0205  0.0205  0.0204  0.0204
  0.0204  0.0204  0.0204  0.0204  0.0204  0.0204  0.0204  0.0204  0.0204  0.0204  0.0204  0.0204
  0.0206  0.0205  0.0205  0.0205  0.0205  0.0204  0.0205  0.0206  0.0205  0.0205  0.0204  0.0205
  0.0210  0.0207  0.0206  0.0208  0.0208  0.0205  0.0208  0.0211  0.0207  0.0207  0.0206  0.0207
  0.0216  0.0212  0.0209  0.0215  0.0214  0.0210  0.0214  0.0220  0.0210  0.0211  0.0208  0.0210
niter,ni,del,rscale     3    3    5.0000    0.6000
parameters
   -1.0084   11.2205   -8.2181   -8.9264  -18.3836   -9.9556
   -3.2801    1.8328    3.3981   31.3013   -3.5509  -37.0101
eta,q 0.97962 11.66730
  0.0213  0.0210  0.0208  0.0213  0.0212  0.0208  0.0211  0.0216  0.0208  0.0210  0.0207  0.0208
  0.0208  0.0207  0.0206  0.0209  0.0208  0.0206  0.0207  0.0210  0.0206  0.0206  0.0205  0.0206
  0.0205  0.0205  0.0204  0.0205  0.0205  0.0205  0.0205  0.0205  0.0204  0.0204  0.0204  0.0204
  0.0204  0.0204  0.0204  0.0204  0.0204  0.0204  0.0204  0.0204  0.0204  0.0204  0.0204  0.0204
  0.0205  0.0205  0.0204  0.0204  0.0205  0.0204  0.0205  0.0205  0.0204  0.0204  0.0204  0.0205
  0.0208  0.0207  0.0206  0.0207  0.0207  0.0204  0.0207  0.0210  0.0206  0.0206  0.0205  0.0206
  0.0213  0.0210  0.0208  0.0213  0.0211  0.0208  0.0211  0.0216  0.0208  0.0209  0.0207  0.0208
niter,ni,del,rscale     2    3    5.0000    0.5000
parameters
   -1.0040   11.2154   -8.2336   -8.8658  -18.3449   -9.6984
   -3.2655    1.8287    3.4000   31.4106   -3.5926  -37.0653
eta,q 0.97964 11.68201
  0.0210  0.0208  0.0206  0.0210  0.0209  0.0206  0.0209  0.0213  0.0207  0.0208  0.0206  0.0207
  0.0207  0.0206  0.0205  0.0207  0.0207  0.0205  0.0206  0.0208  0.0205  0.0206  0.0205  0.0205
  0.0204  0.0204  0.0204  0.0205  0.0205  0.0204  0.0204  0.0205  0.0204  0.0204  0.0204  0.0204
  0.0204  0.0204  0.0204  0.0204  0.0204  0.0204  0.0204  0.0204  0.0204  0.0204  0.0204  0.0204
  0.0205  0.0204  0.0204  0.0204  0.0204  0.0203  0.0204  0.0205  0.0204  0.0204  0.0204  0.0204
  0.0207  0.0206  0.0205  0.0206  0.0206  0.0204  0.0206  0.0208  0.0205  0.0205  0.0205  0.0205
  0.0210  0.0208  0.0207  0.0210  0.0209  0.0206  0.0209  0.0213  0.0207  0.0207  0.0206  0.0207
niter,ni,del,rscale     1    3    5.0000    0.4000
parameters
   -0.9998   11.2062   -8.2412   -8.8428  -18.3157   -9.4145
   -3.2716    1.8122    3.4058   31.5771   -3.5990  -37.0822
eta,q 0.97966 11.69623
  0.0208  0.0206  0.0205  0.0208  0.0207  0.0206  0.0207  0.0210  0.0206  0.0206  0.0205  0.0206
  0.0205  0.0205  0.0204  0.0206  0.0205  0.0205  0.0205  0.0206  0.0204  0.0205  0.0204  0.0204
  0.0204  0.0204  0.0204  0.0204  0.0204  0.0204  0.0204  0.0204  0.0204  0.0204  0.0204  0.0204
  0.0204  0.0204  0.0204  0.0204  0.0204  0.0204  0.0203  0.0203  0.0203  0.0203  0.0203  0.0203
  0.0204  0.0204  0.0204  0.0204  0.0204  0.0203  0.0204  0.0204  0.0204  0.0204  0.0204  0.0204
  0.0205  0.0205  0.0204  0.0205  0.0205  0.0204  0.0205  0.0206  0.0204  0.0204  0.0204  0.0205
  0.0208  0.0206  0.0205  0.0208  0.0207  0.0205  0.0207  0.0210  0.0206  0.0206  0.0205  0.0206
registration optimization eta report
parameter search radius
    0.8000    0.8000    0.8000    2.4000    2.4000    2.4000
    2.4000    2.4000    2.4000    2.4000    2.4000    2.4000
100000*second partial in parameter space
       65.       42.       29.        7.        6.        3.
        6.       11.        4.        5.        3.        4.
  0.0208  0.0206  0.0205  0.0208  0.0207  0.0206  0.0207  0.0210  0.0206  0.0206  0.0205  0.0206
  0.0205  0.0205  0.0204  0.0206  0.0205  0.0205  0.0205  0.0206  0.0204  0.0205  0.0204  0.0204
  0.0204  0.0204  0.0204  0.0204  0.0204  0.0204  0.0204  0.0204  0.0204  0.0204  0.0204  0.0204
  0.0204  0.0204  0.0204  0.0204  0.0204  0.0204  0.0203  0.0203  0.0203  0.0203  0.0203  0.0203
  0.0204  0.0204  0.0204  0.0204  0.0204  0.0203  0.0204  0.0204  0.0204  0.0204  0.0204  0.0204
  0.0205  0.0205  0.0204  0.0205  0.0205  0.0204  0.0205  0.0206  0.0204  0.0204  0.0204  0.0205
  0.0208  0.0206  0.0205  0.0208  0.0207  0.0205  0.0207  0.0210  0.0206  0.0206  0.0205  0.0206
   -0.9998   11.2062   -8.2412   -8.8428  -18.3157   -9.4145
   -3.2716    1.8122    3.4058   31.5771   -3.5990  -37.0822
eta,q 0.97966 11.69623

---------------------------------------------------------------------
compute_vox2vox talsrcimg talsrcimg_to_711-2C_as_mni_average_305_t4 /opt/freesurfer/average/711-2C_as_mni_average_305
---------------------------------------------------------------------

freesurfer compute_vox2vox.c
Reading: talsrcimg.4dfp.ifh
Reading: talsrcimg_to_711-2C_as_mni_average_305_t4
Reading: /opt/freesurfer/average/711-2C_as_mni_average_305.4dfp.ifh
Writing: talsrcimg_to_711-2C_as_mni_average_305_t4_vox2vox.txt

start time Sun Mar 8 12:45:18 CET 2026
end		time Sun Mar 8 12:45:32 CET 2026

mpr2mni305 success

avi2talxfm orig_nu.mgz /opt/freesurfer/average/mni305.cor.mgz talsrcimg_to_711-2C_as_mni_average_305_t4_vox2vox.txt transforms/talairach.auto.xfm
avi2talxfm done
mv -f /out/sourcedata/freesurfer/sub-v1s12x0050105_ses-1/mri/talsrcimg_to_711-2C_as_mni_average_305_t4_vox2vox.txt /out/sourcedata/freesurfer/sub-v1s12x0050105_ses-1/mri/transforms/talsrcimg_to_711-2C_as_mni_average_305_t4_vox2vox.txt
lta_convert --src orig_nu.mgz --trg /opt/freesurfer/average/mni305.cor.mgz --inxfm transforms/talairach.auto.xfm --outlta transforms/talairach.auto.xfm.lta --subject fsaverage
7.3.2

--src: orig_nu.mgz src image (geometry).
--trg: /opt/freesurfer/average/mni305.cor.mgz trg image (geometry).
--inmni: transforms/talairach.auto.xfm input MNI/XFM transform.
--outlta: transforms/talairach.auto.xfm.lta output LTA.
--s: fsaverage subject name
 LTA read, type : 1
 1.09465  -0.03210   0.02927   5.89676;
 0.02142   0.95247   0.43325  -13.63755;
-0.05392  -0.36686   1.05552  -20.36700;
 0.00000   0.00000   0.00000   1.00000;
setting subject to fsaverage
Writing  LTA to file transforms/talairach.auto.xfm.lta...
lta_convert successful.
 
 
Started at Sun Mar 8 12:45:17 CET 2026
Ended   at Sun Mar  8 12:45:32 CET 2026
talairach_avi done
