/out/sourcedata/freesurfer/sub-v1s12x0050119_ses-1/mri
/opt/freesurfer/bin/talairach_avi
--i orig_nu.mgz --xfm transforms/talairach.auto.xfm
talairach_avi 7.3.2
Linux dna061 5.14.0-427.37.1.el9_4.x86_64 #1 SMP PREEMPT_DYNAMIC Fri Sep 13 12:41:50 EDT 2024 x86_64 x86_64 x86_64 GNU/Linux
Sun Mar  8 12:45:48 CET 2026
mri_convert orig_nu.mgz talsrcimg.img 
reading from orig_nu.mgz...
TR=0.00, TE=0.00, TI=0.00, flip angle=0.00
i_ras = (-1, 0, 0)
j_ras = (0, 0, -1)
k_ras = (0, 1, 0)
writing to talsrcimg.img...
Analyze Output Matrix
-1.00000   0.00000   0.00000   127.09443;
 0.00000   0.00000   1.00000  -118.55690;
 0.00000  -1.00000   0.00000   117.15133;
 0.00000   0.00000   0.00000   1.00000;
--------------------
INFO: set hdr.hist.orient to -1
mpr2mni305 talsrcimg
Sun Mar  8 12:45:48 CET 2026
/opt/freesurfer/bin/mpr2mni305 talsrcimg
mpr2mni305 7.3.2
target=711-2C_as_mni_average_305

---------------------------------------------------------------------
analyzeto4dfp talsrcimg -O0 -y
---------------------------------------------------------------------

freesurfer ifh2hdr.c
Sun Mar  8 12:45:48 2026
Writing: talsrcimg.4dfp.hdr
freesurfer analyzeto4dfp.c
Reading: talsrcimg.hdr
header size 348 bytes
hdr.dime.datatype	offset=70	value=2
hdr.dime.bitpix		offset=72	value=8
hdr.hist.orient		offset=252	value=-1
dimensionality     4
dimensions       256       256       256         1
Reading: talsrcimg.img
Writing: talsrcimg.4dfp.img
Writing: talsrcimg.4dfp.ifh
ifh2hdr talsrcimg -r0to222
ori=2

---------------------------------------------------------------------
gauss_4dfp talsrcimg 1.1
---------------------------------------------------------------------

freesurfer gauss_4dfp.c
Reading: talsrcimg.4dfp.img
Writing: talsrcimg_g11.4dfp.img
image dimensions 256 256 256 padded to 288 288 288
processing volume 1freesurfer ifh2hdr.c
Sun Mar  8 12:45:50 2026
Writing: talsrcimg_g11.4dfp.hdr

Writing: talsrcimg_g11.4dfp.ifh
including: talsrcimg.4dfp.img.rec in talsrcimg_g11.4dfp.img.rec

---------------------------------------------------------------------
imgreg_4dfp /opt/freesurfer/average/711-2C_as_mni_average_305 none talsrcimg_g11 none talsrcimg_to_711-2C_as_mni_average_305_t4 4355
---------------------------------------------------------------------

freesurfer imgreg_4dfp.c
/opt/freesurfer/average/711-2C_as_mni_average_305.4dfp.img
       256       256       256         1
  1.000000  1.000000  1.000000
orientation T byte_order littleendian
Reading image: /opt/freesurfer/average/711-2C_as_mni_average_305.4dfp.img
dimensions:      256       256       256
mmppix:       1.0000   -1.0000   -1.0000
center:     128.0000 -129.0000 -129.0000
talsrcimg_g11.4dfp.img
       256       256       256         1
  1.000000  1.000000  1.000000
orientation T byte_order littleendian
Reading image: talsrcimg_g11.4dfp.img
dimensions:      256       256       256
mmppix:       1.0000   -1.0000   -1.0000
center:     128.0000 -129.0000 -129.0000
t4_read: open error in t4_sub.f l:  41 t4_file(1:l)talsrcimg_to_711-2C_as_mni_average_305_t4 
t4_read: transform initialized to I4
rotation matrix determinant  1.000000
image alignment mode   4355 decimal     1103 hex
   -7.5000  -45.0000  -45.0000 8659.6357   19.1831
    0.0000  -45.0000  -45.0000 9064.1377   19.1429
    7.5000  -45.0000  -45.0000 8750.2891   19.1425
   -7.5000  -37.5000  -45.0000 9177.0244   19.1968
    0.0000  -37.5000  -45.0000 9634.9453   19.1504
    7.5000  -37.5000  -45.0000 9267.0166   19.1416
   -7.5000  -30.0000  -45.0000 9971.9873   19.2012
    0.0000  -30.0000  -45.000010492.7148   19.1541
    7.5000  -30.0000  -45.000010069.6641   19.1462
   -7.5000  -22.5000  -45.000010710.1074   19.1941
    0.0000  -22.5000  -45.000011292.5859   19.1544
    7.5000  -22.5000  -45.000010823.0225   19.1585
   -7.5000  -15.0000  -45.000011339.1328   19.1817
    0.0000  -15.0000  -45.000011983.1592   19.1474
    7.5000  -15.0000  -45.000011472.6660   19.1609
   -7.5000   -7.5000  -45.000011948.3115   19.1723
    0.0000   -7.5000  -45.000012648.5918   19.1369
    7.5000   -7.5000  -45.000012103.9180   19.1467
   -7.5000    0.0000  -45.000012352.1758   19.1802
    0.0000    0.0000  -45.000013067.4141   19.1401
    7.5000    0.0000  -45.000012505.1416   19.1397
   -7.5000    7.5000  -45.000011864.3818   19.1968
    0.0000    7.5000  -45.000012565.1318   19.1504
    7.5000    7.5000  -45.000011963.1836   19.1416
   -7.5000   15.0000  -45.000011328.5068   19.2012
    0.0000   15.0000  -45.000011980.0244   19.1541
    7.5000   15.0000  -45.000011401.1406   19.1462
   -7.5000   22.5000  -45.000010621.4385   19.1915
    0.0000   22.5000  -45.000011222.2197   19.1518
    7.5000   22.5000  -45.000010682.0498   19.1559
   -7.5000   30.0000  -45.0000 9747.5439   18.9261
    0.0000   30.0000  -45.000010292.6885   18.8923
    7.5000   30.0000  -45.0000 9792.7490   18.9055
   -7.5000   37.5000  -45.0000 9243.0537   18.9168
    0.0000   37.5000  -45.0000 9729.6963   18.8819
    7.5000   37.5000  -45.0000 9263.1602   18.8916
   -7.5000   45.0000  -45.0000 8440.8545   18.4472
    0.0000   45.0000  -45.0000 8859.1475   18.4086
    7.5000   45.0000  -45.0000 8423.4014   18.4082
   -7.5000  -45.0000  -37.5000 9153.7275   19.1650
    0.0000  -45.0000  -37.5000 9602.3838   19.1212
    7.5000  -45.0000  -37.5000 9243.1611   19.1119
   -7.5000  -37.5000  -37.5000 9675.8115   19.1840
    0.0000  -37.5000  -37.500010180.7646   19.1343
    7.5000  -37.5000  -37.5000 9770.4365   19.1177
   -7.5000  -30.0000  -37.500010521.1914   19.1939
    0.0000  -30.0000  -37.500011099.8750   19.1432
    7.5000  -30.0000  -37.500010628.1494   19.1282
   -7.5000  -22.5000  -37.500011284.6924   19.1861
    0.0000  -22.5000  -37.500011925.5293   19.1420
    7.5000  -22.5000  -37.500011411.7656   19.1383
   -7.5000  -15.0000  -37.500011951.7734   19.1663
    0.0000  -15.0000  -37.500012674.3438   19.1273
    7.5000  -15.0000  -37.500012096.3467   19.1324
   -7.5000   -7.5000  -37.500012571.0078   19.1525
    0.0000   -7.5000  -37.500013348.0576   19.1128
    7.5000   -7.5000  -37.500012737.5371   19.1137
   -7.5000    0.0000  -37.500012992.4922   19.1623
    0.0000    0.0000  -37.500013815.9199   19.1185
    7.5000    0.0000  -37.500013187.1377   19.1092
   -7.5000    7.5000  -37.500012423.1826   19.1840
    0.0000    7.5000  -37.500013227.5010   19.1343
    7.5000    7.5000  -37.500012588.9092   19.1177
   -7.5000   15.0000  -37.500011846.3799   19.1939
    0.0000   15.0000  -37.500012579.8252   19.1432
    7.5000   15.0000  -37.500011966.8672   19.1282
   -7.5000   22.5000  -37.500011104.0576   19.1835
    0.0000   22.5000  -37.500011779.5771   19.1393
    7.5000   22.5000  -37.500011198.7734   19.1357
   -7.5000   30.0000  -37.500010178.0977   18.9109
    0.0000   30.0000  -37.500010785.2100   18.8724
    7.5000   30.0000  -37.500010242.5664   18.8774
   -7.5000   37.5000  -37.5000 9616.6816   18.8972
    0.0000   37.5000  -37.500010160.5889   18.8581
    7.5000   37.5000  -37.5000 9656.9268   18.8590
   -7.5000   45.0000  -37.5000 8744.9160   18.4301
    0.0000   45.0000  -37.5000 9231.6748   18.3879
    7.5000   45.0000  -37.5000 8761.0361   18.3790
   -7.5000  -45.0000  -30.0000 9798.5146   19.9551
    0.0000  -45.0000  -30.000010291.0889   19.9111
    7.5000  -45.0000  -30.0000 9874.3086   19.9061
   -7.5000  -37.5000  -30.000010324.1641   19.9722
    0.0000  -37.5000  -30.000010885.1494   19.9197
    7.5000  -37.5000  -30.000010427.5967   19.9070
   -7.5000  -30.0000  -30.000011219.0938   19.9887
    0.0000  -30.0000  -30.000011867.7432   19.9334
    7.5000  -30.0000  -30.000011337.8809   19.9195
   -7.5000  -22.5000  -30.000011999.9121   19.9896
    0.0000  -22.5000  -30.000012731.6562   19.9411
    7.5000  -22.5000  -30.000012133.0459   19.9360
   -7.5000  -15.0000  -30.000012716.7988   19.9702
    0.0000  -15.0000  -30.000013519.4160   19.9300
    7.5000  -15.0000  -30.000012865.7490   19.9345
   -7.5000   -7.5000  -30.000013360.5850   19.9494
    0.0000   -7.5000  -30.000014239.1113   19.9109
    7.5000   -7.5000  -30.000013551.8682   19.9143
   -7.5000    0.0000  -30.000013847.4004   19.9523
    0.0000    0.0000  -30.000014781.2217   19.9083
    7.5000    0.0000  -30.000014077.7480   19.9033
   -7.5000    7.5000  -30.000013206.3779   19.9722
    0.0000    7.5000  -30.000014109.9111   19.9197
    7.5000    7.5000  -30.000013425.8164   19.9070
   -7.5000   15.0000  -30.000012530.1768   19.9887
    0.0000   15.0000  -30.000013360.9111   19.9334
    7.5000   15.0000  -30.000012698.0273   19.9195
   -7.5000   22.5000  -30.000011741.1455   19.9848
    0.0000   22.5000  -30.000012486.7461   19.9363
    7.5000   22.5000  -30.000011847.0049   19.9312
   -7.5000   30.0000  -30.000010751.3037   19.7060
    0.0000   30.0000  -30.000011455.8193   19.6662
    7.5000   30.0000  -30.000010868.3867   19.6707
   -7.5000   37.5000  -30.000010160.4883   19.6854
    0.0000   37.5000  -30.000010776.2969   19.6474
    7.5000   37.5000  -30.000010206.6006   19.6507
   -7.5000   45.0000  -30.0000 9203.4775   19.2040
    0.0000   45.0000  -30.0000 9754.3193   19.1617
    7.5000   45.0000  -30.0000 9229.9258   19.1569
   -7.5000  -45.0000  -22.500010407.4150   20.6417
    0.0000  -45.0000  -22.500010960.0869   20.6047
    7.5000  -45.0000  -22.500010511.9258   20.6173
   -7.5000  -37.5000  -22.500010937.3799   20.6515
    0.0000  -37.5000  -22.500011559.2500   20.6017
    7.5000  -37.5000  -22.500011093.1309   20.6038
   -7.5000  -30.0000  -22.500011847.1924   20.6691
    0.0000  -30.0000  -22.500012557.9922   20.6141
    7.5000  -30.0000  -22.500012021.1748   20.6108
   -7.5000  -22.5000  -22.500012624.3789   20.6797
    0.0000  -22.5000  -22.500013437.1406   20.6333
    7.5000  -22.5000  -22.500012838.8799   20.6373
   -7.5000  -15.0000  -22.500013370.3867   20.6683
    0.0000  -15.0000  -22.500014253.6113   20.6352
    7.5000  -15.0000  -22.500013608.5088   20.6512
   -7.5000   -7.5000  -22.500014088.7686   20.6450
    0.0000   -7.5000  -22.500015052.4961   20.6160
    7.5000   -7.5000  -22.500014370.6416   20.6353
   -7.5000    0.0000  -22.500014637.8076   20.6387
    0.0000    0.0000  -22.500015650.0664   20.6018
    7.5000    0.0000  -22.500014942.1533   20.6144
   -7.5000    7.5000  -22.500013956.4160   20.6515
    0.0000    7.5000  -22.500014907.4648   20.6017
    7.5000    7.5000  -22.500014243.8145   20.6038
   -7.5000   15.0000  -22.500013175.7559   20.6691
    0.0000   15.0000  -22.500014035.2275   20.6141
    7.5000   15.0000  -22.500013409.9287   20.6108
   -7.5000   22.5000  -22.500012303.4307   20.6733
    0.0000   22.5000  -22.500013106.6123   20.6269
    7.5000   22.5000  -22.500012483.0420   20.6309
   -7.5000   30.0000  -22.500011317.6924   20.3980
    0.0000   30.0000  -22.500012071.3652   20.3653
    7.5000   30.0000  -22.500011467.9326   20.3811
   -7.5000   37.5000  -22.500010687.4072   20.3750
    0.0000   37.5000  -22.500011362.8379   20.3463
    7.5000   37.5000  -22.500010773.7412   20.3654
   -7.5000   45.0000  -22.5000 9680.1709   19.8795
    0.0000   45.0000  -22.500010280.9541   19.8439
    7.5000   45.0000  -22.5000 9739.5557   19.8560
   -7.5000  -45.0000  -15.000010944.9814   21.1508
    0.0000  -45.0000  -15.000011554.5400   21.1210
    7.5000  -45.0000  -15.000011082.6270   21.1466
   -7.5000  -37.5000  -15.000011518.1758   21.1561
    0.0000  -37.5000  -15.000012168.9346   21.1106
    7.5000  -37.5000  -15.000011664.2949   21.1238
   -7.5000  -30.0000  -15.000012447.7725   21.1699
    0.0000  -30.0000  -15.000013187.5078   21.1166
    7.5000  -30.0000  -15.000012647.1621   21.1231
   -7.5000  -22.5000  -15.000013253.6807   21.1821
    0.0000  -22.5000  -15.000014086.1240   21.1388
    7.5000  -22.5000  -15.000013499.0469   21.1528
   -7.5000  -15.0000  -15.000014024.7686   21.1775
    0.0000  -15.0000  -15.000014934.4580   21.1503
    7.5000  -15.0000  -15.000014307.1182   21.1775
   -7.5000   -7.5000  -15.000014808.5322   21.1570
    0.0000   -7.5000  -15.000015772.5957   21.1355
    7.5000   -7.5000  -15.000015125.8613   21.1674
   -7.5000    0.0000  -15.000015408.8516   21.1477
    0.0000    0.0000  -15.000016392.5625   21.1180
    7.5000    0.0000  -15.000015746.0059   21.1435
   -7.5000    7.5000  -15.000014679.7920   21.1561
    0.0000    7.5000  -15.000015607.8223   21.1106
    7.5000    7.5000  -15.000014987.7412   21.1238
   -7.5000   15.0000  -15.000013827.4902   21.1699
    0.0000   15.0000  -15.000014693.8740   21.1166
    7.5000   15.0000  -15.000014066.6924   21.1231
   -7.5000   22.5000  -15.000012921.3359   21.1746
    0.0000   22.5000  -15.000013741.1416   21.1313
    7.5000   22.5000  -15.000013149.6377   21.1453
   -7.5000   30.0000  -15.000011881.8691   20.9035
    0.0000   30.0000  -15.000012656.0537   20.8766
    7.5000   30.0000  -15.000012120.0215   20.9034
   -7.5000   37.5000  -15.000011238.4600   20.8832
    0.0000   37.5000  -15.000011972.5410   20.8619
    7.5000   37.5000  -15.000011420.8467   20.8935
   -7.5000   45.0000  -15.000010175.6406   20.3818
    0.0000   45.0000  -15.000010839.8994   20.3532
    7.5000   45.0000  -15.000010301.0781   20.3778
   -7.5000  -45.0000   -7.500011472.3838   21.4183
    0.0000  -45.0000   -7.500012110.3330   21.3834
    7.5000  -45.0000   -7.500011632.0791   21.4009
   -7.5000  -37.5000   -7.500012099.7480   21.4259
    0.0000  -37.5000   -7.500012758.4785   21.3790
    7.5000  -37.5000   -7.500012245.5898   21.3853
   -7.5000  -30.0000   -7.500013131.5273   21.4332
    0.0000  -30.0000   -7.500013865.7900   21.3809
    7.5000  -30.0000   -7.500013316.4395   21.3840
   -7.5000  -22.5000   -7.500014053.3955   21.4361
    0.0000  -22.5000   -7.500014897.1768   21.3933
    7.5000  -22.5000   -7.500014322.0078   21.4065
   -7.5000  -15.0000   -7.500014897.6943   21.4305
    0.0000  -15.0000   -7.500015778.5713   21.3996
    7.5000  -15.0000   -7.500015202.5684   21.4246
   -7.5000   -7.5000   -7.500015715.3965   21.4168
    0.0000   -7.5000   -7.500016534.2441   21.3885
    7.5000   -7.5000   -7.500016021.1621   21.4145
   -7.5000    0.0000   -7.500016306.4961   21.4152
    0.0000    0.0000   -7.500017166.2070   21.3803
    7.5000    0.0000   -7.500016648.5605   21.3978
   -7.5000    7.5000   -7.500015569.5967   21.4259
    0.0000    7.5000   -7.500016421.9863   21.3790
    7.5000    7.5000   -7.500015909.2920   21.3853
   -7.5000   15.0000   -7.500014635.3281   21.4332
    0.0000   15.0000   -7.500015515.3633   21.3809
    7.5000   15.0000   -7.500014963.6836   21.3840
   -7.5000   22.5000   -7.500013692.2617   21.4262
    0.0000   22.5000   -7.500014539.4570   21.3834
    7.5000   22.5000   -7.500013993.1934   21.3967
   -7.5000   30.0000   -7.500012610.8320   21.1526
    0.0000   30.0000   -7.500013430.4219   21.1221
    7.5000   30.0000   -7.500012878.6572   21.1468
   -7.5000   37.5000   -7.500011907.7246   21.1390
    0.0000   37.5000   -7.500012705.4424   21.1112
    7.5000   37.5000   -7.500012114.5713   21.1368
   -7.5000   45.0000   -7.500010725.6055   20.6434
    0.0000   45.0000   -7.500011446.7812   20.6098
    7.5000   45.0000   -7.500010869.6602   20.6267
   -7.5000  -45.0000    0.000011879.2441   21.4654
    0.0000  -45.0000    0.000012540.7676   21.4205
    7.5000  -45.0000    0.000012029.6240   21.4201
   -7.5000  -37.5000    0.000012558.5146   21.4807
    0.0000  -37.5000    0.000013211.0918   21.4289
    7.5000  -37.5000    0.000012667.2119   21.4191
   -7.5000  -30.0000    0.000013699.1416   21.4855
    0.0000  -30.0000    0.000014494.3086   21.4329
    7.5000  -30.0000    0.000013857.4307   21.4241
   -7.5000  -22.5000    0.000014848.5186   21.4775
    0.0000  -22.5000    0.000015878.1006   21.4331
    7.5000  -22.5000    0.000015170.8193   21.4377
   -7.5000  -15.0000    0.000015896.7588   21.4636
    0.0000  -15.0000    0.000016782.9453   21.4253
    7.5000  -15.0000    0.000016222.1270   21.4403
   -7.5000   -7.5000    0.000016650.7070   21.4533
    0.0000   -7.5000    0.000017257.0449   21.4136
    7.5000   -7.5000    0.000016875.6348   21.4246
   -7.5000    0.0000    0.000017157.9766   21.4623
    0.0000    0.0000    0.000017822.6855   21.4174
    7.5000    0.0000    0.000017426.1836   21.4170
   -7.5000    7.5000    0.000016337.7773   21.4807
    0.0000    7.5000    0.000017192.8984   21.4289
    7.5000    7.5000    0.000016708.8711   21.4191
   -7.5000   15.0000    0.000015315.2959   21.4855
    0.0000   15.0000    0.000016291.3164   21.4329
    7.5000   15.0000    0.000015705.0078   21.4241
   -7.5000   22.5000    0.000014297.0205   21.4677
    0.0000   22.5000    0.000015247.6914   21.4232
    7.5000   22.5000    0.000014610.5400   21.4278
   -7.5000   30.0000    0.000013130.9395   21.1858
    0.0000   30.0000    0.000014016.2324   21.1480
    7.5000   30.0000    0.000013355.3477   21.1628
   -7.5000   37.5000    0.000012376.0537   21.1756
    0.0000   37.5000    0.000013211.3545   21.1365
    7.5000   37.5000    0.000012542.6953   21.1473
   -7.5000   45.0000    0.000011106.5176   20.6906
    0.0000   45.0000    0.000011855.9121   20.6473
    7.5000   45.0000    0.000011234.3750   20.6469
   -7.5000  -45.0000    7.500011456.7383   21.4462
    0.0000  -45.0000    7.500012041.8848   21.3972
    7.5000  -45.0000    7.500011553.4082   21.3867
   -7.5000  -37.5000    7.500012121.1582   21.4674
    0.0000  -37.5000    7.500012679.6182   21.4118
    7.5000  -37.5000    7.500012171.4473   21.3933
   -7.5000  -30.0000    7.500013208.2314   21.4784
    0.0000  -30.0000    7.500013915.3750   21.4218
    7.5000  -30.0000    7.500013302.0908   21.4050
   -7.5000  -22.5000    7.500014334.1260   21.4698
    0.0000  -22.5000    7.500015371.6826   21.4204
    7.5000  -22.5000    7.500014603.3662   21.4163
   -7.5000  -15.0000    7.500015365.3896   21.4476
    0.0000  -15.0000    7.500016343.3574   21.4040
    7.5000  -15.0000    7.500015635.1748   21.4097
   -7.5000   -7.5000    7.500016051.9912   21.4321
    0.0000   -7.5000    7.500016910.9668   21.3877
    7.5000   -7.5000    7.500016292.1143   21.3888
   -7.5000    0.0000    7.500016477.7227   21.4431
    0.0000    0.0000    7.500017444.7793   21.3941
    7.5000    0.0000    7.500016770.6523   21.3837
   -7.5000    7.5000    7.500015696.0889   21.4674
    0.0000    7.5000    7.500016703.3047   21.4118
    7.5000    7.5000    7.500016015.8105   21.3933
   -7.5000   15.0000    7.500014701.5186   21.4784
    0.0000   15.0000    7.500015684.5166   21.4218
    7.5000   15.0000    7.500015018.6992   21.4050
   -7.5000   22.5000    7.500013696.1699   21.4599
    0.0000   22.5000    7.500014568.6289   21.4105
    7.5000   22.5000    7.500013931.9199   21.4064
   -7.5000   30.0000    7.500012588.7002   21.1701
    0.0000   30.0000    7.500013377.9521   21.1269
    7.5000   30.0000    7.500012765.9971   21.1326
   -7.5000   37.5000    7.500011872.7393   21.1547
    0.0000   37.5000    7.500012615.3984   21.1109
    7.5000   37.5000    7.500011990.1836   21.1120
   -7.5000   45.0000    7.500010680.8496   20.6723
    0.0000   45.0000    7.500011351.2031   20.6251
    7.5000   45.0000    7.500010758.9043   20.6150
   -7.5000  -45.0000   15.000010841.6484   21.4647
    0.0000  -45.0000   15.000011449.9033   21.4172
    7.5000  -45.0000   15.000010939.2764   21.4119
   -7.5000  -37.5000   15.000011495.0635   21.4831
    0.0000  -37.5000   15.000012114.1016   21.4265
    7.5000  -37.5000   15.000011548.0840   21.4129
   -7.5000  -30.0000   15.000012502.2686   21.5009
    0.0000  -30.0000   15.000013265.7080   21.4412
    7.5000  -30.0000   15.000012613.8086   21.4264
   -7.5000  -22.5000   15.000013530.6338   21.5018
    0.0000  -22.5000   15.000014393.9561   21.4493
    7.5000  -22.5000   15.000013657.4277   21.4441
   -7.5000  -15.0000   15.000014414.2158   21.4808
    0.0000  -15.0000   15.000015218.0000   21.4372
    7.5000  -15.0000   15.000014466.1455   21.4422
   -7.5000   -7.5000   15.000015072.5459   21.4584
    0.0000   -7.5000   15.000015942.2422   21.4168
    7.5000   -7.5000   15.000015180.7295   21.4205
   -7.5000    0.0000   15.000015598.1924   21.4616
    0.0000    0.0000   15.000016604.3184   21.4142
    7.5000    0.0000   15.000015779.4814   21.4089
   -7.5000    7.5000   15.000014916.3223   21.4831
    0.0000    7.5000   15.000015867.5186   21.4265
    7.5000    7.5000   15.000015098.8135   21.4129
   -7.5000   15.0000   15.000014001.2432   21.5009
    0.0000   15.0000   15.000014885.4365   21.4412
    7.5000   15.0000   15.000014180.6602   21.4264
   -7.5000   22.5000   15.000012972.2842   21.4919
    0.0000   22.5000   15.000013777.7002   21.4395
    7.5000   22.5000   15.000013100.1729   21.4342
   -7.5000   30.0000   15.000011915.4834   21.2028
    0.0000   30.0000   15.000012646.6523   21.1598
    7.5000   30.0000   15.000012031.1572   21.1647
   -7.5000   37.5000   15.000011228.7100   21.1807
    0.0000   37.5000   15.000011858.8701   21.1397
    7.5000   37.5000   15.000011280.6670   21.1433
   -7.5000   45.0000   15.000010099.0801   20.6903
    0.0000   45.0000   15.000010630.7188   20.6445
    7.5000   45.0000   15.000010099.3496   20.6394
   -7.5000  -45.0000   22.500010133.0068   21.5224
    0.0000  -45.0000   22.500010706.3115   21.4838
    7.5000  -45.0000   22.500010248.6172   21.4973
   -7.5000  -37.5000   22.500010717.5615   21.5328
    0.0000  -37.5000   22.500011288.6699   21.4807
    7.5000  -37.5000   22.500010806.5234   21.4832
   -7.5000  -30.0000   22.500011652.1875   21.5513
    0.0000  -30.0000   22.500012323.3789   21.4936
    7.5000  -30.0000   22.500011764.7227   21.4905
   -7.5000  -22.5000   22.500012582.6436   21.5623
    0.0000  -22.5000   22.500013265.7861   21.5136
    7.5000  -22.5000   22.500012661.2998   21.5182
   -7.5000  -15.0000   22.500013361.3760   21.5503
    0.0000  -15.0000   22.500014005.8457   21.5155
    7.5000  -15.0000   22.500013398.5557   21.5327
   -7.5000   -7.5000   22.500013974.7803   21.5259
    0.0000   -7.5000   22.500014666.6602   21.4956
    7.5000   -7.5000   22.500014050.5000   21.5161
   -7.5000    0.0000   22.500014516.6855   21.5193
    0.0000    0.0000   22.500015262.6113   21.4807
    7.5000    0.0000   22.500014578.3496   21.4943
   -7.5000    7.5000   22.500013923.5957   21.5328
    0.0000    7.5000   22.500014640.1777   21.4807
    7.5000    7.5000   22.500013976.7168   21.4832
   -7.5000   15.0000   22.500013136.3555   21.5513
    0.0000   15.0000   22.500013823.8271   21.4936
    7.5000   15.0000   22.500013199.1084   21.4905
   -7.5000   22.5000   22.500012162.3359   21.5523
    0.0000   22.5000   22.500012813.4756   21.5037
    7.5000   22.5000   22.500012216.4004   21.5082
   -7.5000   30.0000   22.500011144.7402   21.2714
    0.0000   30.0000   22.500011758.9297   21.2371
    7.5000   30.0000   22.500011226.3193   21.2541
   -7.5000   37.5000   22.500010501.6934   21.2473
    0.0000   37.5000   22.500011059.4609   21.2174
    7.5000   37.5000   22.500010563.7090   21.2377
   -7.5000   45.0000   22.5000 9432.9551   20.7457
    0.0000   45.0000   22.5000 9892.6367   20.7085
    7.5000   45.0000   22.5000 9456.5625   20.7215
   -7.5000  -45.0000   30.0000 9400.0107   21.8568
    0.0000  -45.0000   30.0000 9897.5498   21.8256
    7.5000  -45.0000   30.0000 9528.1328   21.8533
   -7.5000  -37.5000   30.0000 9932.0791   21.8632
    0.0000  -37.5000   30.000010436.8145   21.8154
    7.5000  -37.5000   30.000010031.3418   21.8299
   -7.5000  -30.0000   30.000010815.6699   21.8787
    0.0000  -30.0000   30.000011382.6934   21.8227
    7.5000  -30.0000   30.000010909.6045   21.8302
   -7.5000  -22.5000   30.000011645.7217   21.8918
    0.0000  -22.5000   30.000012231.1338   21.8464
    7.5000  -22.5000   30.000011706.0488   21.8619
   -7.5000  -15.0000   30.000012335.8096   21.8863
    0.0000  -15.0000   30.000012930.9414   21.8578
    7.5000  -15.0000   30.000012376.6885   21.8874
   -7.5000   -7.5000   30.000012915.7998   21.8636
    0.0000   -7.5000   30.000013553.8457   21.8411
    7.5000   -7.5000   30.000012988.3086   21.8758
   -7.5000    0.0000   30.000013424.2207   21.8536
    0.0000    0.0000   30.000014085.7891   21.8224
    7.5000    0.0000   30.000013461.5234   21.8500
   -7.5000    7.5000   30.000012901.7031   21.8632
    0.0000    7.5000   30.000013508.4424   21.8154
    7.5000    7.5000   30.000012903.2520   21.8299
   -7.5000   15.0000   30.000012205.6826   21.8787
    0.0000   15.0000   30.000012803.3984   21.8227
    7.5000   15.0000   30.000012213.3906   21.8302
   -7.5000   22.5000   30.000011313.0312   21.8818
    0.0000   22.5000   30.000011880.3154   21.8363
    7.5000   22.5000   30.000011322.8291   21.8519
   -7.5000   30.0000   30.000010382.1572   21.6030
    0.0000   30.0000   30.000010886.7344   21.5749
    7.5000   30.0000   30.000010420.4180   21.6042
   -7.5000   37.5000   30.0000 9798.4785   21.5807
    0.0000   37.5000   30.000010258.8193   21.5585
    7.5000   37.5000   30.0000 9813.1035   21.5927
   -7.5000   45.0000   30.0000 8778.7764   21.0677
    0.0000   45.0000   30.0000 9176.9980   21.0377
    7.5000   45.0000   30.0000 8787.7070   21.0643
   -7.5000  -45.0000   37.5000 8967.9775   22.2930
    0.0000  -45.0000   37.5000 9409.6289   22.2580
    7.5000  -45.0000   37.5000 9084.4502   22.2803
   -7.5000  -37.5000   37.5000 9490.9180   22.3019
    0.0000  -37.5000   37.5000 9955.4160   22.2540
    7.5000  -37.5000   37.5000 9595.2363   22.2642
   -7.5000  -30.0000   37.500010346.4248   22.3109
    0.0000  -30.0000   37.500010876.3643   22.2575
    7.5000  -30.0000   37.500010442.7871   22.2640
   -7.5000  -22.5000   37.500011139.5586   22.3146
    0.0000  -22.5000   37.500011678.4658   22.2713
    7.5000  -22.5000   37.500011205.8408   22.2888
   -7.5000  -15.0000   37.500011801.5664   22.3079
    0.0000  -15.0000   37.500012361.3838   22.2773
    7.5000  -15.0000   37.500011839.8066   22.3077
   -7.5000   -7.5000   37.500012348.8262   22.2919
    0.0000   -7.5000   37.500012947.5088   22.2641
    7.5000   -7.5000   37.500012402.5312   22.2956
   -7.5000    0.0000   37.500012832.4258   22.2896
    0.0000    0.0000   37.500013460.9395   22.2546
    7.5000    0.0000   37.500012873.3389   22.2769
   -7.5000    7.5000   37.500012358.5312   22.3019
    0.0000    7.5000   37.500012922.8145   22.2540
    7.5000    7.5000   37.500012373.3115   22.2642
   -7.5000   15.0000   37.500011702.2070   22.3109
    0.0000   15.0000   37.500012260.7900   22.2575
    7.5000   15.0000   37.500011727.2969   22.2640
   -7.5000   22.5000   37.500010850.8438   22.3043
    0.0000   22.5000   37.500011398.0664   22.2611
    7.5000   22.5000   37.500010904.1113   22.2785
   -7.5000   30.0000   37.5000 9961.8037   22.0192
    0.0000   30.0000   37.500010427.6025   21.9890
    7.5000   30.0000   37.5000 9999.1846   22.0190
   -7.5000   37.5000   37.5000 9409.3203   22.0034
    0.0000   37.5000   37.5000 9827.4775   21.9760
    7.5000   37.5000   37.5000 9424.2090   22.0071
   -7.5000   45.0000   37.5000 8442.0596   21.4880
    0.0000   45.0000   37.5000 8797.1553   21.4543
    7.5000   45.0000   37.5000 8448.1758   21.4758
   -7.5000  -45.0000   45.0000 8201.0967   22.8169
    0.0000  -45.0000   45.0000 8585.3525   22.7714
    7.5000  -45.0000   45.0000 8299.9619   22.7746
   -7.5000  -37.5000   45.0000 8679.6934   22.8338
    0.0000  -37.5000   45.0000 9102.7422   22.7802
    7.5000  -37.5000   45.0000 8782.9023   22.7731
   -7.5000  -30.0000   45.0000 9469.6670   22.8406
    0.0000  -30.0000   45.0000 9949.5547   22.7861
    7.5000  -30.0000   45.0000 9582.1201   22.7797
   -7.5000  -22.5000   45.000010180.2158   22.8333
    0.0000  -22.5000   45.000010676.3418   22.7885
    7.5000  -22.5000   45.000010284.7773   22.7967
   -7.5000  -15.0000   45.000010772.1738   22.8181
    0.0000  -15.0000   45.000011294.2959   22.7806
    7.5000  -15.0000   45.000010852.4258   22.8003
   -7.5000   -7.5000   45.000011285.9609   22.8051
    0.0000   -7.5000   45.000011841.9561   22.7659
    7.5000   -7.5000   45.000011348.7207   22.7814
   -7.5000    0.0000   45.000011748.4902   22.8133
    0.0000    0.0000   45.000012321.0537   22.7678
    7.5000    0.0000   45.000011795.5186   22.7711
   -7.5000    7.5000   45.000011336.5664   22.8338
    0.0000    7.5000   45.000011872.1904   22.7802
    7.5000    7.5000   45.000011370.9678   22.7731
   -7.5000   15.0000   45.000010742.9307   22.8406
    0.0000   15.0000   45.000011260.3604   22.7861
    7.5000   15.0000   45.000010797.6885   22.7797
   -7.5000   22.5000   45.0000 9966.4609   22.8227
    0.0000   22.5000   45.000010458.4014   22.7780
    7.5000   22.5000   45.000010055.4150   22.7861
   -7.5000   30.0000   45.0000 9125.8398   22.5209
    0.0000   30.0000   45.0000 9569.7227   22.4839
    7.5000   30.0000   45.0000 9194.7852   22.5033
   -7.5000   37.5000   45.0000 8638.3066   22.5080
    0.0000   37.5000   45.0000 9024.1230   22.4693
    7.5000   37.5000   45.0000 8678.4004   22.4847
   -7.5000   45.0000   45.0000 7775.8159   22.0025
    0.0000   45.0000   45.0000 8086.6567   21.9586
    7.5000   45.0000   45.0000 7783.9526   21.9617

---------------------------------------------------------------------
imgreg_4dfp /opt/freesurfer/average/711-2C_as_mni_average_305 /opt/freesurfer/average/711-2B_as_mni_average_305_mask talsrcimg_g11 none talsrcimg_to_711-2C_as_mni_average_305_t4 4355
---------------------------------------------------------------------

freesurfer imgreg_4dfp.c
/opt/freesurfer/average/711-2C_as_mni_average_305.4dfp.img
       256       256       256         1
  1.000000  1.000000  1.000000
orientation T byte_order littleendian
Reading image: /opt/freesurfer/average/711-2C_as_mni_average_305.4dfp.img
dimensions:      256       256       256
mmppix:       1.0000   -1.0000   -1.0000
center:     128.0000 -129.0000 -129.0000
/opt/freesurfer/average/711-2B_as_mni_average_305_mask.4dfp.img
       256       256       256         1
  1.000000  1.000000  1.000000
orientation T byte_order littleendian
Reading mask: /opt/freesurfer/average/711-2B_as_mni_average_305_mask.4dfp.img (2306576 pixels)
talsrcimg_g11.4dfp.img
       256       256       256         1
  1.000000  1.000000  1.000000
orientation T byte_order littleendian
Reading image: talsrcimg_g11.4dfp.img
dimensions:      256       256       256
mmppix:       1.0000   -1.0000   -1.0000
center:     128.0000 -129.0000 -129.0000
rotation matrix determinant  1.000000
image alignment mode   4355 decimal     1103 hex
   -7.5000  -45.0000  -45.0000 2238.7673   19.4438
    0.0000  -45.0000  -45.0000 2253.0247   19.3792
    7.5000  -45.0000  -45.0000 2242.7766   19.4713
   -7.5000  -37.5000  -45.0000 2320.4097   18.0197
    0.0000  -37.5000  -45.0000 2337.9270   17.9743
    7.5000  -37.5000  -45.0000 2328.3589   17.9894
   -7.5000  -30.0000  -45.0000 2366.8801   17.0844
    0.0000  -30.0000  -45.0000 2385.8784   17.0660
    7.5000  -30.0000  -45.0000 2374.5015   17.0342
   -7.5000  -22.5000  -45.0000 2396.9126   16.5271
    0.0000  -22.5000  -45.0000 2419.0857   16.5035
    7.5000  -22.5000  -45.0000 2404.4658   16.4992
   -7.5000  -15.0000  -45.0000 2412.2324   16.2653
    0.0000  -15.0000  -45.0000 2431.7581   16.2107
    7.5000  -15.0000  -45.0000 2415.5012   16.2442
   -7.5000   -7.5000  -45.0000 2412.3760   16.2615
    0.0000   -7.5000  -45.0000 2434.5947   16.2509
    7.5000   -7.5000  -45.0000 2415.4219   16.2307
   -7.5000    0.0000  -45.0000 2384.8445   16.5290
    0.0000    0.0000  -45.0000 2405.0266   16.5102
    7.5000    0.0000  -45.0000 2384.2852   16.5339
   -7.5000    7.5000  -45.0000 2338.5105   17.2317
    0.0000    7.5000  -45.0000 2361.7244   17.2172
    7.5000    7.5000  -45.0000 2337.0127   17.1941
   -7.5000   15.0000  -45.0000 2271.4153   18.2857
    0.0000   15.0000  -45.0000 2290.4854   18.2620
    7.5000   15.0000  -45.0000 2270.1885   18.2478
   -7.5000   22.5000  -45.0000 2186.0916   19.6387
    0.0000   22.5000  -45.0000 2203.0410   19.5732
    7.5000   22.5000  -45.0000 2186.2473   19.5987
   -7.5000   30.0000  -45.0000 2084.3418   21.4770
    0.0000   30.0000  -45.0000 2101.2070   21.3714
    7.5000   30.0000  -45.0000 2081.8250   21.4813
   -7.5000   37.5000  -45.0000 1974.6202   24.0100
    0.0000   37.5000  -45.0000 1992.6261   23.9228
    7.5000   37.5000  -45.0000 1977.6488   23.9830
   -7.5000   45.0000  -45.0000 1857.7688   27.4576
    0.0000   45.0000  -45.0000 1873.5352   27.3599
    7.5000   45.0000  -45.0000 1855.5835   27.4444
   -7.5000  -45.0000  -37.5000 2311.7537   18.3040
    0.0000  -45.0000  -37.5000 2332.2419   18.2869
    7.5000  -45.0000  -37.5000 2320.6624   18.3144
   -7.5000  -37.5000  -37.5000 2396.8701   16.8631
    0.0000  -37.5000  -37.5000 2421.9355   16.8403
    7.5000  -37.5000  -37.5000 2407.6453   16.8107
   -7.5000  -30.0000  -37.5000 2457.2717   15.9346
    0.0000  -30.0000  -37.5000 2478.5649   15.9253
    7.5000  -30.0000  -37.5000 2462.5317   15.8463
   -7.5000  -22.5000  -37.5000 2496.0198   15.4378
    0.0000  -22.5000  -37.5000 2517.7830   15.4229
    7.5000  -22.5000  -37.5000 2497.3420   15.3546
   -7.5000  -15.0000  -37.5000 2510.3127   15.1540
    0.0000  -15.0000  -37.5000 2534.0952   15.1567
    7.5000  -15.0000  -37.5000 2513.9502   15.1140
   -7.5000   -7.5000  -37.5000 2507.8425   15.1367
    0.0000   -7.5000  -37.5000 2533.0857   15.1499
    7.5000   -7.5000  -37.5000 2509.4993   15.1207
   -7.5000    0.0000  -37.5000 2481.9976   15.3908
    0.0000    0.0000  -37.5000 2507.4736   15.4019
    7.5000    0.0000  -37.5000 2481.4343   15.3985
   -7.5000    7.5000  -37.5000 2438.4287   16.0278
    0.0000    7.5000  -37.5000 2466.6038   16.0276
    7.5000    7.5000  -37.5000 2437.6118   16.0236
   -7.5000   15.0000  -37.5000 2367.5090   16.9421
    0.0000   15.0000  -37.5000 2390.8745   16.9332
    7.5000   15.0000  -37.5000 2365.8916   16.9381
   -7.5000   22.5000  -37.5000 2273.0466   18.1372
    0.0000   22.5000  -37.5000 2296.1343   18.1048
    7.5000   22.5000  -37.5000 2278.4187   18.1592
   -7.5000   30.0000  -37.5000 2163.6282   19.8228
    0.0000   30.0000  -37.5000 2183.5391   19.7496
    7.5000   30.0000  -37.5000 2166.8711   19.8625
   -7.5000   37.5000  -37.5000 2050.2437   22.1363
    0.0000   37.5000  -37.5000 2067.0151   22.0534
    7.5000   37.5000  -37.5000 2055.4714   22.1032
   -7.5000   45.0000  -37.5000 1926.3127   25.3550
    0.0000   45.0000  -37.5000 1945.6241   25.2250
    7.5000   45.0000  -37.5000 1930.8972   25.3148
   -7.5000  -45.0000  -30.0000 2414.6812   17.8605
    0.0000  -45.0000  -30.0000 2436.2952   17.8121
    7.5000  -45.0000  -30.0000 2417.4138   17.8260
   -7.5000  -37.5000  -30.0000 2504.1814   16.3968
    0.0000  -37.5000  -30.0000 2528.3376   16.3918
    7.5000  -37.5000  -30.0000 2510.3838   16.3465
   -7.5000  -30.0000  -30.0000 2578.4358   15.4125
    0.0000  -30.0000  -30.0000 2606.3232   15.3937
    7.5000  -30.0000  -30.0000 2583.9270   15.3201
   -7.5000  -22.5000  -30.0000 2627.8093   14.8829
    0.0000  -22.5000  -30.0000 2656.6865   14.8682
    7.5000  -22.5000  -30.0000 2624.1926   14.7928
   -7.5000  -15.0000  -30.0000 2652.1799   14.6053
    0.0000  -15.0000  -30.0000 2675.5083   14.6254
    7.5000  -15.0000  -30.0000 2645.2429   14.5697
   -7.5000   -7.5000  -30.0000 2646.7271   14.6026
    0.0000   -7.5000  -30.0000 2677.0156   14.6218
    7.5000   -7.5000  -30.0000 2647.2898   14.6237
   -7.5000    0.0000  -30.0000 2626.5649   14.8887
    0.0000    0.0000  -30.0000 2656.1072   14.8869
    7.5000    0.0000  -30.0000 2629.7131   14.9003
   -7.5000    7.5000  -30.0000 2579.7234   15.5041
    0.0000    7.5000  -30.0000 2608.7637   15.4807
    7.5000    7.5000  -30.0000 2580.4463   15.4887
   -7.5000   15.0000  -30.0000 2504.5342   16.3301
    0.0000   15.0000  -30.0000 2531.3093   16.3061
    7.5000   15.0000  -30.0000 2501.8403   16.3137
   -7.5000   22.5000  -30.0000 2404.2932   17.5045
    0.0000   22.5000  -30.0000 2430.5994   17.4143
    7.5000   22.5000  -30.0000 2406.5015   17.4681
   -7.5000   30.0000  -30.0000 2286.3313   19.0837
    0.0000   30.0000  -30.0000 2308.7629   19.0358
    7.5000   30.0000  -30.0000 2292.6074   19.0845
   -7.5000   37.5000  -30.0000 2160.2625   21.2780
    0.0000   37.5000  -30.0000 2174.3569   21.1999
    7.5000   37.5000  -30.0000 2161.5610   21.2352
   -7.5000   45.0000  -30.0000 2020.5149   24.2839
    0.0000   45.0000  -30.0000 2037.3138   24.2497
    7.5000   45.0000  -30.0000 2022.4740   24.2800
   -7.5000  -45.0000  -22.5000 2477.5159   17.3673
    0.0000  -45.0000  -22.5000 2498.2947   17.2686
    7.5000  -45.0000  -22.5000 2483.8918   17.2926
   -7.5000  -37.5000  -22.5000 2573.4417   15.8517
    0.0000  -37.5000  -22.5000 2601.1362   15.8086
    7.5000  -37.5000  -22.5000 2584.5974   15.8180
   -7.5000  -30.0000  -22.5000 2659.1345   14.8212
    0.0000  -30.0000  -22.5000 2686.2788   14.7869
    7.5000  -30.0000  -22.5000 2667.6384   14.7746
   -7.5000  -22.5000  -22.5000 2716.5500   14.2371
    0.0000  -22.5000  -22.5000 2749.9780   14.2047
    7.5000  -22.5000  -22.5000 2722.3560   14.1893
   -7.5000  -15.0000  -22.5000 2751.7507   13.9701
    0.0000  -15.0000  -22.5000 2782.0339   13.9598
    7.5000  -15.0000  -22.5000 2755.0393   13.9469
   -7.5000   -7.5000  -22.5000 2759.3745   14.0012
    0.0000   -7.5000  -22.5000 2789.0032   13.9675
    7.5000   -7.5000  -22.5000 2761.2236   13.9902
   -7.5000    0.0000  -22.5000 2738.8464   14.3386
    0.0000    0.0000  -22.5000 2771.9438   14.2777
    7.5000    0.0000  -22.5000 2744.9075   14.3178
   -7.5000    7.5000  -22.5000 2689.2615   14.9303
    0.0000    7.5000  -22.5000 2719.5623   14.8566
    7.5000    7.5000  -22.5000 2694.4172   14.8712
   -7.5000   15.0000  -22.5000 2608.2739   15.7248
    0.0000   15.0000  -22.5000 2634.2234   15.6290
    7.5000   15.0000  -22.5000 2611.5686   15.6439
   -7.5000   22.5000  -22.5000 2501.1951   16.8252
    0.0000   22.5000  -22.5000 2524.5452   16.7201
    7.5000   22.5000  -22.5000 2506.8430   16.7512
   -7.5000   30.0000  -22.5000 2373.2722   18.3886
    0.0000   30.0000  -22.5000 2398.7590   18.3088
    7.5000   30.0000  -22.5000 2385.8533   18.3304
   -7.5000   37.5000  -22.5000 2237.0017   20.5167
    0.0000   37.5000  -22.5000 2254.8462   20.4219
    7.5000   37.5000  -22.5000 2242.8621   20.4689
   -7.5000   45.0000  -22.5000 2090.0798   23.3816
    0.0000   45.0000  -22.5000 2103.1697   23.3184
    7.5000   45.0000  -22.5000 2090.5593   23.3431
   -7.5000  -45.0000  -15.0000 2495.4375   16.9574
    0.0000  -45.0000  -15.0000 2518.5403   16.8032
    7.5000  -45.0000  -15.0000 2511.5156   16.8417
   -7.5000  -37.5000  -15.0000 2605.9390   15.4829
    0.0000  -37.5000  -15.0000 2629.5178   15.3433
    7.5000  -37.5000  -15.0000 2616.8130   15.3573
   -7.5000  -30.0000  -15.0000 2702.0803   14.4211
    0.0000  -30.0000  -15.0000 2726.8894   14.2768
    7.5000  -30.0000  -15.0000 2710.3777   14.3292
   -7.5000  -22.5000  -15.0000 2772.0176   13.7597
    0.0000  -22.5000  -15.0000 2805.0571   13.6363
    7.5000  -22.5000  -15.0000 2784.6125   13.6745
   -7.5000  -15.0000  -15.0000 2815.3955   13.4550
    0.0000  -15.0000  -15.0000 2855.8635   13.3072
    7.5000  -15.0000  -15.0000 2829.6125   13.3576
   -7.5000   -7.5000  -15.0000 2830.6421   13.4994
    0.0000   -7.5000  -15.0000 2868.3455   13.3329
    7.5000   -7.5000  -15.0000 2842.3083   13.4030
   -7.5000    0.0000  -15.0000 2809.1477   13.8421
    0.0000    0.0000  -15.0000 2845.3643   13.6930
    7.5000    0.0000  -15.0000 2825.3447   13.7455
   -7.5000    7.5000  -15.0000 2756.6829   14.4036
    0.0000    7.5000  -15.0000 2785.5662   14.2781
    7.5000    7.5000  -15.0000 2766.8623   14.3191
   -7.5000   15.0000  -15.0000 2671.9324   15.2038
    0.0000   15.0000  -15.0000 2695.4556   15.0385
    7.5000   15.0000  -15.0000 2680.0437   15.1115
   -7.5000   22.5000  -15.0000 2564.6609   16.2688
    0.0000   22.5000  -15.0000 2584.5994   16.0962
    7.5000   22.5000  -15.0000 2574.8542   16.1689
   -7.5000   30.0000  -15.0000 2428.6726   17.8175
    0.0000   30.0000  -15.0000 2451.7344   17.6517
    7.5000   30.0000  -15.0000 2446.4561   17.7426
   -7.5000   37.5000  -15.0000 2286.1152   19.8721
    0.0000   37.5000  -15.0000 2306.1174   19.7451
    7.5000   37.5000  -15.0000 2300.6978   19.8510
   -7.5000   45.0000  -15.0000 2134.5425   22.6445
    0.0000   45.0000  -15.0000 2147.1204   22.5200
    7.5000   45.0000  -15.0000 2142.4407   22.6156
   -7.5000  -45.0000   -7.5000 2499.7788   16.7534
    0.0000  -45.0000   -7.5000 2526.9607   16.4569
    7.5000  -45.0000   -7.5000 2515.2478   16.5005
   -7.5000  -37.5000   -7.5000 2618.1289   15.3044
    0.0000  -37.5000   -7.5000 2637.2539   15.0111
    7.5000  -37.5000   -7.5000 2628.3818   15.0599
   -7.5000  -30.0000   -7.5000 2723.3127   14.2157
    0.0000  -30.0000   -7.5000 2747.0134   13.9546
    7.5000  -30.0000   -7.5000 2739.5251   14.0310
   -7.5000  -22.5000   -7.5000 2809.0808   13.5268
    0.0000  -22.5000   -7.5000 2843.8022   13.2701
    7.5000  -22.5000   -7.5000 2835.5559   13.3526
   -7.5000  -15.0000   -7.5000 2864.0957   13.1776
    0.0000  -15.0000   -7.5000 2908.2778   12.8586
    7.5000  -15.0000   -7.5000 2884.8350   12.9899
   -7.5000   -7.5000   -7.5000 2883.1267   13.1649
    0.0000   -7.5000   -7.5000 2913.2227   12.8156
    7.5000   -7.5000   -7.5000 2894.6213   12.9970
   -7.5000    0.0000   -7.5000 2855.5105   13.5011
    0.0000    0.0000   -7.5000 2880.0344   13.1991
    7.5000    0.0000   -7.5000 2873.7817   13.3319
   -7.5000    7.5000   -7.5000 2802.1526   14.0615
    0.0000    7.5000   -7.5000 2823.8625   13.7402
    7.5000    7.5000   -7.5000 2818.3835   13.9021
   -7.5000   15.0000   -7.5000 2717.1982   14.8811
    0.0000   15.0000   -7.5000 2737.1294   14.5630
    7.5000   15.0000   -7.5000 2729.3394   14.7222
   -7.5000   22.5000   -7.5000 2603.5166   15.9500
    0.0000   22.5000   -7.5000 2621.7747   15.6588
    7.5000   22.5000   -7.5000 2612.1028   15.8342
   -7.5000   30.0000   -7.5000 2467.2268   17.4710
    0.0000   30.0000   -7.5000 2488.0881   17.1986
    7.5000   30.0000   -7.5000 2480.0376   17.3466
   -7.5000   37.5000   -7.5000 2320.6917   19.4616
    0.0000   37.5000   -7.5000 2341.0015   19.2592
    7.5000   37.5000   -7.5000 2333.8105   19.3476
   -7.5000   45.0000   -7.5000 2158.4556   22.0638
    0.0000   45.0000   -7.5000 2176.5603   21.9114
    7.5000   45.0000   -7.5000 2169.0598   21.9870
   -7.5000  -45.0000    0.0000 2486.2188   16.7253
    0.0000  -45.0000    0.0000 2509.2039   16.3250
    7.5000  -45.0000    0.0000 2501.4348   16.3260
   -7.5000  -37.5000    0.0000 2611.3027   15.2509
    0.0000  -37.5000    0.0000 2636.7805   14.8818
    7.5000  -37.5000    0.0000 2624.7520   14.9006
   -7.5000  -30.0000    0.0000 2726.7231   14.1948
    0.0000  -30.0000    0.0000 2754.7559   13.8342
    7.5000  -30.0000    0.0000 2742.3496   13.8709
   -7.5000  -22.5000    0.0000 2825.8127   13.5537
    0.0000  -22.5000    0.0000 2859.4602   13.2383
    7.5000  -22.5000    0.0000 2850.3174   13.2702
   -7.5000  -15.0000    0.0000 2885.3118   13.2262
    0.0000  -15.0000    0.0000 2927.9658   12.8714
    7.5000  -15.0000    0.0000 2910.8955   13.0022
   -7.5000   -7.5000    0.0000 2907.1106   13.0328
    0.0000   -7.5000    0.0000 2934.0903   12.6036
    7.5000   -7.5000    0.0000 2920.5667   12.9222
   -7.5000    0.0000    0.0000 2874.7878   13.2601
    0.0000    0.0000    0.0000 2893.2769   12.7969
    7.5000    0.0000    0.0000 2893.1733   13.0667
   -7.5000    7.5000    0.0000 2813.0491   13.8294
    0.0000    7.5000    0.0000 2840.3306   13.4290
    7.5000    7.5000    0.0000 2838.2993   13.6156
   -7.5000   15.0000    0.0000 2722.0828   14.6608
    0.0000   15.0000    0.0000 2747.9080   14.3806
    7.5000   15.0000    0.0000 2738.8435   14.4976
   -7.5000   22.5000    0.0000 2607.4514   15.7559
    0.0000   22.5000    0.0000 2629.9358   15.5499
    7.5000   22.5000    0.0000 2618.4482   15.6040
   -7.5000   30.0000    0.0000 2473.1902   17.1798
    0.0000   30.0000    0.0000 2498.4099   17.0562
    7.5000   30.0000    0.0000 2482.9805   17.0579
   -7.5000   37.5000    0.0000 2328.9312   19.1113
    0.0000   37.5000    0.0000 2356.3096   19.0196
    7.5000   37.5000    0.0000 2340.6897   19.0043
   -7.5000   45.0000    0.0000 2165.5889   21.6971
    0.0000   45.0000    0.0000 2189.9927   21.6331
    7.5000   45.0000    0.0000 2178.5007   21.5829
   -7.5000  -45.0000    7.5000 2460.2473   16.9240
    0.0000  -45.0000    7.5000 2484.1255   16.4149
    7.5000  -45.0000    7.5000 2476.9424   16.3686
   -7.5000  -37.5000    7.5000 2591.2964   15.4591
    0.0000  -37.5000    7.5000 2612.0994   14.9665
    7.5000  -37.5000    7.5000 2606.3005   14.9351
   -7.5000  -30.0000    7.5000 2709.7761   14.3992
    0.0000  -30.0000    7.5000 2732.7419   13.9597
    7.5000  -30.0000    7.5000 2725.1797   13.9690
   -7.5000  -22.5000    7.5000 2813.4854   13.7537
    0.0000  -22.5000    7.5000 2846.2566   13.4480
    7.5000  -22.5000    7.5000 2834.8630   13.4302
   -7.5000  -15.0000    7.5000 2875.6189   13.3693
    0.0000  -15.0000    7.5000 2924.7400   13.1541
    7.5000  -15.0000    7.5000 2896.6377   13.2095
   -7.5000   -7.5000    7.5000 2896.9556   13.1622
    0.0000   -7.5000    7.5000 2934.9551   12.8006
    7.5000   -7.5000    7.5000 2915.6116   13.0110
   -7.5000    0.0000    7.5000 2865.0156   13.2229
    0.0000    0.0000    7.5000 2899.8979   12.8803
    7.5000    0.0000    7.5000 2886.9746   13.0252
   -7.5000    7.5000    7.5000 2809.2192   13.7316
    0.0000    7.5000    7.5000 2842.5095   13.4393
    7.5000    7.5000    7.5000 2831.7739   13.5384
   -7.5000   15.0000    7.5000 2712.2378   14.6028
    0.0000   15.0000    7.5000 2742.9539   14.3698
    7.5000   15.0000    7.5000 2733.7937   14.4248
   -7.5000   22.5000    7.5000 2596.7322   15.7632
    0.0000   22.5000    7.5000 2619.6870   15.5747
    7.5000   22.5000    7.5000 2609.8735   15.5952
   -7.5000   30.0000    7.5000 2462.9382   17.2174
    0.0000   30.0000    7.5000 2487.4465   17.0639
    7.5000   30.0000    7.5000 2474.8774   17.0891
   -7.5000   37.5000    7.5000 2318.0881   19.1159
    0.0000   37.5000    7.5000 2348.9607   19.0257
    7.5000   37.5000    7.5000 2333.0049   19.0132
   -7.5000   45.0000    7.5000 2158.5176   21.5744
    0.0000   45.0000    7.5000 2186.6511   21.6069
    7.5000   45.0000    7.5000 2171.1792   21.5185
   -7.5000  -45.0000   15.0000 2424.4827   17.4733
    0.0000  -45.0000   15.0000 2442.4556   16.9300
    7.5000  -45.0000   15.0000 2435.4583   16.8217
   -7.5000  -37.5000   15.0000 2555.3125   15.9579
    0.0000  -37.5000   15.0000 2576.1794   15.4978
    7.5000  -37.5000   15.0000 2563.6956   15.4277
   -7.5000  -30.0000   15.0000 2665.2219   14.8550
    0.0000  -30.0000   15.0000 2693.4780   14.4917
    7.5000  -30.0000   15.0000 2678.9893   14.4487
   -7.5000  -22.5000   15.0000 2765.4822   14.1527
    0.0000  -22.5000   15.0000 2800.3027   13.8375
    7.5000  -22.5000   15.0000 2779.5781   13.8096
   -7.5000  -15.0000   15.0000 2832.9104   13.7274
    0.0000  -15.0000   15.0000 2877.9348   13.3774
    7.5000  -15.0000   15.0000 2849.2012   13.4616
   -7.5000   -7.5000   15.0000 2860.9717   13.4867
    0.0000   -7.5000   15.0000 2897.7227   13.1105
    7.5000   -7.5000   15.0000 2882.0374   13.2113
   -7.5000    0.0000   15.0000 2830.1536   13.5935
    0.0000    0.0000   15.0000 2872.7449   13.3588
    7.5000    0.0000   15.0000 2857.9702   13.3825
   -7.5000    7.5000   15.0000 2769.1516   14.0952
    0.0000    7.5000   15.0000 2810.0088   13.8897
    7.5000    7.5000   15.0000 2797.8535   13.9121
   -7.5000   15.0000   15.0000 2676.9094   14.9268
    0.0000   15.0000   15.0000 2713.3855   14.7159
    7.5000   15.0000   15.0000 2703.7805   14.7077
   -7.5000   22.5000   15.0000 2560.7917   16.0539
    0.0000   22.5000   15.0000 2591.8367   15.8650
    7.5000   22.5000   15.0000 2580.6118   15.8460
   -7.5000   30.0000   15.0000 2431.1956   17.4472
    0.0000   30.0000   15.0000 2462.5393   17.3111
    7.5000   30.0000   15.0000 2449.2988   17.3070
   -7.5000   37.5000   15.0000 2292.1133   19.3120
    0.0000   37.5000   15.0000 2319.3745   19.2087
    7.5000   37.5000   15.0000 2308.9434   19.1854
   -7.5000   45.0000   15.0000 2136.9629   21.7914
    0.0000   45.0000   15.0000 2158.0305   21.6821
    7.5000   45.0000   15.0000 2141.8291   21.6699
   -7.5000  -45.0000   22.5000 2384.2966   18.1896
    0.0000  -45.0000   22.5000 2401.4465   17.7096
    7.5000  -45.0000   22.5000 2391.3708   17.5932
   -7.5000  -37.5000   22.5000 2504.6741   16.6377
    0.0000  -37.5000   22.5000 2524.4016   16.1828
    7.5000  -37.5000   22.5000 2512.8337   16.1195
   -7.5000  -30.0000   22.5000 2609.9792   15.5389
    0.0000  -30.0000   22.5000 2638.1121   15.1020
    7.5000  -30.0000   22.5000 2620.7927   15.0652
   -7.5000  -22.5000   22.5000 2703.6111   14.7826
    0.0000  -22.5000   22.5000 2737.4482   14.3597
    7.5000  -22.5000   22.5000 2717.3357   14.3576
   -7.5000  -15.0000   22.5000 2770.3984   14.3072
    0.0000  -15.0000   22.5000 2807.0415   13.8510
    7.5000  -15.0000   22.5000 2782.1423   13.9226
   -7.5000   -7.5000   22.5000 2791.3176   14.0159
    0.0000   -7.5000   22.5000 2824.9846   13.6767
    7.5000   -7.5000   22.5000 2809.8992   13.7401
   -7.5000    0.0000   22.5000 2770.0925   14.1730
    0.0000    0.0000   22.5000 2804.1753   13.8822
    7.5000    0.0000   22.5000 2788.0017   13.9225
   -7.5000    7.5000   22.5000 2710.5190   14.6949
    0.0000    7.5000   22.5000 2744.9512   14.4054
    7.5000    7.5000   22.5000 2732.8333   14.4246
   -7.5000   15.0000   22.5000 2625.9480   15.4824
    0.0000   15.0000   22.5000 2659.8762   15.2359
    7.5000   15.0000   22.5000 2650.8853   15.2329
   -7.5000   22.5000   22.5000 2513.8411   16.6132
    0.0000   22.5000   22.5000 2549.4604   16.3958
    7.5000   22.5000   22.5000 2539.6174   16.3763
   -7.5000   30.0000   22.5000 2385.0618   17.9957
    0.0000   30.0000   22.5000 2416.4836   17.8035
    7.5000   30.0000   22.5000 2409.3845   17.8271
   -7.5000   37.5000   22.5000 2251.1062   19.8293
    0.0000   37.5000   22.5000 2278.0796   19.6976
    7.5000   37.5000   22.5000 2269.1260   19.6805
   -7.5000   45.0000   22.5000 2098.2402   22.2721
    0.0000   45.0000   22.5000 2118.3835   22.1425
    7.5000   45.0000   22.5000 2108.7581   22.1023
   -7.5000  -45.0000   30.0000 2327.3899   19.2038
    0.0000  -45.0000   30.0000 2351.3965   18.6573
    7.5000  -45.0000   30.0000 2341.3765   18.6056
   -7.5000  -37.5000   30.0000 2440.7678   17.5505
    0.0000  -37.5000   30.0000 2469.7468   17.0247
    7.5000  -37.5000   30.0000 2456.3696   17.0195
   -7.5000  -30.0000   30.0000 2546.0583   16.3402
    0.0000  -30.0000   30.0000 2576.4900   15.8759
    7.5000  -30.0000   30.0000 2558.9319   15.8491
   -7.5000  -22.5000   30.0000 2631.8940   15.5560
    0.0000  -22.5000   30.0000 2664.5066   15.0864
    7.5000  -22.5000   30.0000 2645.4287   15.0881
   -7.5000  -15.0000   30.0000 2685.8313   15.0231
    0.0000  -15.0000   30.0000 2717.6433   14.6301
    7.5000  -15.0000   30.0000 2696.6807   14.6549
   -7.5000   -7.5000   30.0000 2702.9277   14.7713
    0.0000   -7.5000   30.0000 2732.3945   14.4409
    7.5000   -7.5000   30.0000 2717.9929   14.4816
   -7.5000    0.0000   30.0000 2681.6514   14.9282
    0.0000    0.0000   30.0000 2709.4045   14.6332
    7.5000    0.0000   30.0000 2695.5496   14.6469
   -7.5000    7.5000   30.0000 2632.3240   15.4011
    0.0000    7.5000   30.0000 2657.2261   15.1372
    7.5000    7.5000   30.0000 2646.6960   15.1078
   -7.5000   15.0000   30.0000 2555.4934   16.1997
    0.0000   15.0000   30.0000 2584.0957   15.9647
    7.5000   15.0000   30.0000 2573.4709   15.9056
   -7.5000   22.5000   30.0000 2453.8647   17.3013
    0.0000   22.5000   30.0000 2485.7942   17.0999
    7.5000   22.5000   30.0000 2472.9814   17.0432
   -7.5000   30.0000   30.0000 2333.3235   18.7048
    0.0000   30.0000   30.0000 2358.8630   18.5158
    7.5000   30.0000   30.0000 2354.1750   18.4994
   -7.5000   37.5000   30.0000 2201.1040   20.5681
    0.0000   37.5000   30.0000 2226.7163   20.3762
    7.5000   37.5000   30.0000 2215.2815   20.4011
   -7.5000   45.0000   30.0000 2048.9321   22.9713
    0.0000   45.0000   30.0000 2071.1257   22.8709
    7.5000   45.0000   30.0000 2058.4500   22.8513
   -7.5000  -45.0000   37.5000 2260.6726   20.3789
    0.0000  -45.0000   37.5000 2287.7961   19.7438
    7.5000  -45.0000   37.5000 2282.4153   19.7264
   -7.5000  -37.5000   37.5000 2375.8696   18.6354
    0.0000  -37.5000   37.5000 2402.7756   18.0734
    7.5000  -37.5000   37.5000 2397.0186   18.0560
   -7.5000  -30.0000   37.5000 2472.2856   17.4035
    0.0000  -30.0000   37.5000 2504.3237   16.8880
    7.5000  -30.0000   37.5000 2493.8022   16.8529
   -7.5000  -22.5000   37.5000 2549.4424   16.5331
    0.0000  -22.5000   37.5000 2584.2153   16.0824
    7.5000  -22.5000   37.5000 2570.8438   16.0684
   -7.5000  -15.0000   37.5000 2596.1775   15.9853
    0.0000  -15.0000   37.5000 2626.4231   15.6342
    7.5000  -15.0000   37.5000 2613.9438   15.6149
   -7.5000   -7.5000   37.5000 2605.4097   15.7153
    0.0000   -7.5000   37.5000 2638.5107   15.3999
    7.5000   -7.5000   37.5000 2626.5640   15.3910
   -7.5000    0.0000   37.5000 2583.1301   15.8591
    0.0000    0.0000   37.5000 2611.1204   15.5855
    7.5000    0.0000   37.5000 2602.2754   15.5586
   -7.5000    7.5000   37.5000 2541.2717   16.3290
    0.0000    7.5000   37.5000 2559.9531   16.1015
    7.5000    7.5000   37.5000 2555.4272   16.0414
   -7.5000   15.0000   37.5000 2473.5266   17.1074
    0.0000   15.0000   37.5000 2497.8176   16.8702
    7.5000   15.0000   37.5000 2490.1106   16.7793
   -7.5000   22.5000   37.5000 2384.2061   18.1332
    0.0000   22.5000   37.5000 2418.3469   17.9521
    7.5000   22.5000   37.5000 2406.8174   17.8916
   -7.5000   30.0000   37.5000 2272.7981   19.5484
    0.0000   30.0000   37.5000 2295.6492   19.4118
    7.5000   30.0000   37.5000 2285.8291   19.3625
   -7.5000   37.5000   37.5000 2141.8821   21.4484
    0.0000   37.5000   37.5000 2161.7344   21.2846
    7.5000   37.5000   37.5000 2149.2764   21.3131
   -7.5000   45.0000   37.5000 1997.5156   24.0302
    0.0000   45.0000   37.5000 2017.0908   23.8509
    7.5000   45.0000   37.5000 2004.6602   23.8734
   -7.5000  -45.0000   45.0000 2193.3547   21.8447
    0.0000  -45.0000   45.0000 2215.0117   21.1702
    7.5000  -45.0000   45.0000 2218.2385   21.1524
   -7.5000  -37.5000   45.0000 2297.0989   20.0047
    0.0000  -37.5000   45.0000 2324.9365   19.4055
    7.5000  -37.5000   45.0000 2326.6638   19.3957
   -7.5000  -30.0000   45.0000 2388.4199   18.6697
    0.0000  -30.0000   45.0000 2422.9880   18.1847
    7.5000  -30.0000   45.0000 2421.3318   18.1532
   -7.5000  -22.5000   45.0000 2459.1921   17.7682
    0.0000  -22.5000   45.0000 2492.9910   17.3685
    7.5000  -22.5000   45.0000 2489.6562   17.3377
   -7.5000  -15.0000   45.0000 2492.2817   17.1611
    0.0000  -15.0000   45.0000 2523.7964   16.8524
    7.5000  -15.0000   45.0000 2520.6492   16.8017
   -7.5000   -7.5000   45.0000 2502.5278   16.8895
    0.0000   -7.5000   45.0000 2535.4932   16.5852
    7.5000   -7.5000   45.0000 2527.1113   16.5575
   -7.5000    0.0000   45.0000 2485.4795   17.0038
    0.0000    0.0000   45.0000 2510.5708   16.7621
    7.5000    0.0000   45.0000 2504.8374   16.6923
   -7.5000    7.5000   45.0000 2445.6436   17.5280
    0.0000    7.5000   45.0000 2466.6655   17.3091
    7.5000    7.5000   45.0000 2459.5552   17.2167
   -7.5000   15.0000   45.0000 2382.9075   18.2893
    0.0000   15.0000   45.0000 2405.8572   18.0527
    7.5000   15.0000   45.0000 2400.4390   17.9573
   -7.5000   22.5000   45.0000 2302.7529   19.2584
    0.0000   22.5000   45.0000 2333.9441   19.0711
    7.5000   22.5000   45.0000 2329.5715   18.9592
   -7.5000   30.0000   45.0000 2194.1140   20.6262
    0.0000   30.0000   45.0000 2221.4250   20.5075
    7.5000   30.0000   45.0000 2212.4924   20.4567
   -7.5000   37.5000   45.0000 2072.4966   22.5388
    0.0000   37.5000   45.0000 2091.1414   22.3772
    7.5000   37.5000   45.0000 2081.4680   22.4423
   -7.5000   45.0000   45.0000 1936.6405   25.3182
    0.0000   45.0000   45.0000 1955.7310   25.0243
    7.5000   45.0000   45.0000 1945.8341   25.1304

---------------------------------------------------------------------
imgreg_4dfp /opt/freesurfer/average/711-2C_as_mni_average_305 /opt/freesurfer/average/711-2B_as_mni_average_305_mask talsrcimg_g11 none talsrcimg_to_711-2C_as_mni_average_305_t4 1283
---------------------------------------------------------------------

freesurfer imgreg_4dfp.c
/opt/freesurfer/average/711-2C_as_mni_average_305.4dfp.img
       256       256       256         1
  1.000000  1.000000  1.000000
orientation T byte_order littleendian
Reading image: /opt/freesurfer/average/711-2C_as_mni_average_305.4dfp.img
dimensions:      256       256       256
mmppix:       1.0000   -1.0000   -1.0000
center:     128.0000 -129.0000 -129.0000
/opt/freesurfer/average/711-2B_as_mni_average_305_mask.4dfp.img
       256       256       256         1
  1.000000  1.000000  1.000000
orientation T byte_order littleendian
Reading mask: /opt/freesurfer/average/711-2B_as_mni_average_305_mask.4dfp.img (2306576 pixels)
talsrcimg_g11.4dfp.img
       256       256       256         1
  1.000000  1.000000  1.000000
orientation T byte_order littleendian
Reading image: talsrcimg_g11.4dfp.img
dimensions:      256       256       256
mmppix:       1.0000   -1.0000   -1.0000
center:     128.0000 -129.0000 -129.0000
rotation matrix determinant  1.000000
fimgreg.f
image alignment mode   1283 decimal      503 hex
parameters
    0.0000   -7.5000    7.5000    0.0000    0.0000    0.0000
eta,q 0.92281 12.80157
niter,ni,del,rscale     5    3   12.0000    1.2000
parameter  4  0.880159 ->  0.500000 qaram    1.1500
parameters
    1.8872   -9.3491    4.6766   -3.4500   -0.5904    2.6165
eta,q 0.93329 12.59398
  0.0895  0.0782  0.0749  0.0672  0.0728  0.0753
  0.0828  0.0741  0.0714  0.0676  0.0693  0.0721
  0.0789  0.0733  0.0709  0.0686  0.0679  0.0695
  0.0763  0.0746  0.0734  0.0705  0.0679  0.0677
  0.0748  0.0774  0.0776  0.0745  0.0681  0.0668
  0.0754  0.0821  0.0823  0.0793  0.0710  0.0669
  0.0794  0.0861  0.0862  0.0842  0.0758  0.0684
niter,ni,del,rscale     5    3   12.0000    1.2000
parameters
    2.0582   -9.6448    3.2877   -6.0381   -0.2179    2.6221
eta,q 0.93485 12.62119
  0.0773  0.0768  0.0716  0.0674  0.0711  0.0685
  0.0714  0.0691  0.0684  0.0654  0.0679  0.0663
  0.0672  0.0656  0.0660  0.0652  0.0657  0.0652
  0.0667  0.0666  0.0663  0.0656  0.0651  0.0652
  0.0657  0.0690  0.0699  0.0680  0.0656  0.0655
  0.0701  0.0726  0.0742  0.0727  0.0668  0.0665
  0.0766  0.0765  0.0776  0.0787  0.0698  0.0682
niter,ni,del,rscale     4    3   12.0000    1.2000
parameters
    1.6954   -8.7448    2.0420   -8.7265    0.1461    1.7134
eta,q 0.93661 12.58064
  0.0743  0.0786  0.0698  0.0666  0.0689  0.0660
  0.0682  0.0709  0.0666  0.0639  0.0661  0.0643
  0.0651  0.0664  0.0655  0.0637  0.0643  0.0634
  0.0652  0.0651  0.0653  0.0653  0.0635  0.0635
  0.0662  0.0659  0.0676  0.0673  0.0639  0.0645
  0.0712  0.0683  0.0714  0.0702  0.0652  0.0659
  0.0758  0.0713  0.0741  0.0743  0.0678  0.0677
niter,ni,del,rscale     3    3   12.0000    1.2000
parameters
    1.3736   -7.3926    1.5657  -10.5421    0.1878    1.9584
eta,q 0.93810 12.53324
  0.0729  0.0800  0.0703  0.0667  0.0666  0.0671
  0.0673  0.0730  0.0651  0.0640  0.0638  0.0651
  0.0639  0.0663  0.0629  0.0620  0.0624  0.0630
  0.0634  0.0633  0.0631  0.0630  0.0619  0.0619
  0.0658  0.0636  0.0647  0.0658  0.0624  0.0624
  0.0699  0.0664  0.0686  0.0691  0.0638  0.0642
  0.0739  0.0695  0.0712  0.0731  0.0663  0.0667
niter,ni,del,rscale     2    3   12.0000    1.2000
parameters
    1.4390   -6.4512    1.0380  -12.1418   -0.1719    2.1687
eta,q 0.93841 12.54409
  0.0718  0.0779  0.0691  0.0656  0.0663  0.0674
  0.0670  0.0705  0.0643  0.0646  0.0627  0.0652
  0.0634  0.0645  0.0618  0.0621  0.0613  0.0629
  0.0619  0.0619  0.0623  0.0621  0.0618  0.0617
  0.0632  0.0637  0.0636  0.0644  0.0628  0.0621
  0.0667  0.0670  0.0675  0.0679  0.0641  0.0644
  0.0714  0.0695  0.0707  0.0720  0.0666  0.0670
niter,ni,del,rscale     1    3   12.0000    1.2000
parameters
    1.7028   -5.5669    0.5629  -14.0575   -0.3569    2.5389
eta,q 0.93813 12.60142
  0.0714  0.0758  0.0679  0.0642  0.0673  0.0672
  0.0676  0.0693  0.0647  0.0639  0.0640  0.0651
  0.0640  0.0640  0.0623  0.0624  0.0619  0.0632
  0.0616  0.0615  0.0620  0.0619  0.0621  0.0620
  0.0622  0.0635  0.0624  0.0638  0.0634  0.0622
  0.0655  0.0663  0.0662  0.0669  0.0646  0.0640
  0.0708  0.0687  0.0705  0.0709  0.0675  0.0665
registration optimization eta report
parameter search radius
    6.0000    6.0000    6.0000    6.9000    6.0000    6.0000
100000*second partial in parameter space
       26.       28.       21.       11.       15.       13.
  0.0714  0.0758  0.0679  0.0642  0.0673  0.0672
  0.0676  0.0693  0.0647  0.0639  0.0640  0.0651
  0.0640  0.0640  0.0623  0.0624  0.0619  0.0632
  0.0616  0.0615  0.0620  0.0619  0.0621  0.0620
  0.0622  0.0635  0.0624  0.0638  0.0634  0.0622
  0.0655  0.0663  0.0662  0.0669  0.0646  0.0640
  0.0708  0.0687  0.0705  0.0709  0.0675  0.0665
    1.7028   -5.5669    0.5629  -14.0575   -0.3569    2.5389
eta,q 0.93813 12.60142

---------------------------------------------------------------------
imgreg_4dfp /opt/freesurfer/average/711-2C_as_mni_average_305 /opt/freesurfer/average/711-2B_as_mni_average_305_mask talsrcimg_g11 none talsrcimg_to_711-2C_as_mni_average_305_t4 3335
---------------------------------------------------------------------

freesurfer imgreg_4dfp.c
/opt/freesurfer/average/711-2C_as_mni_average_305.4dfp.img
       256       256       256         1
  1.000000  1.000000  1.000000
orientation T byte_order littleendian
Reading image: /opt/freesurfer/average/711-2C_as_mni_average_305.4dfp.img
dimensions:      256       256       256
mmppix:       1.0000   -1.0000   -1.0000
center:     128.0000 -129.0000 -129.0000
/opt/freesurfer/average/711-2B_as_mni_average_305_mask.4dfp.img
       256       256       256         1
  1.000000  1.000000  1.000000
orientation T byte_order littleendian
Reading mask: /opt/freesurfer/average/711-2B_as_mni_average_305_mask.4dfp.img (2306576 pixels)
talsrcimg_g11.4dfp.img
       256       256       256         1
  1.000000  1.000000  1.000000
orientation T byte_order littleendian
Reading image: talsrcimg_g11.4dfp.img
dimensions:      256       256       256
mmppix:       1.0000   -1.0000   -1.0000
center:     128.0000 -129.0000 -129.0000
fimgreg.f
image alignment mode   3335 decimal      D07 hex
parameters
    1.7028   -5.5669    0.5629   -0.1001   -3.0967   -2.9966
   -4.4482   -0.4723    4.4296   24.2925   -0.6229  -24.2891
eta,q 0.93953 12.73545
niter,ni,del,rscale     5    3    5.0000    1.2000
parameter  4********** ->  0.500000 qaram    1.1500
parameter  5  2.769871 ->  0.500000 qaram    1.1500
parameter  6  1.102628 ->  0.500000 qaram    1.1500
parameter 10  0.509354 ->  0.500000 qaram    1.1500
parameters
    2.3860   -5.0400    1.0537   -4.2401   -7.2367   -7.1366
   -5.1976    0.4766    3.3275   20.1525   -2.2415  -20.9401
eta,q 0.96284 12.63782
  0.0618  0.0630  0.0623  0.0460  0.0404  0.0385  0.0419  0.0469  0.0402  0.0385  0.0389  0.0420
  0.0612  0.0617  0.0615  0.0495  0.0431  0.0387  0.0400  0.0439  0.0392  0.0377  0.0380  0.0400
  0.0608  0.0608  0.0607  0.0546  0.0465  0.0403  0.0390  0.0407  0.0387  0.0378  0.0376  0.0385
  0.0605  0.0603  0.0602  0.0601  0.0508  0.0439  0.0389  0.0388  0.0387  0.0386  0.0376  0.0375
  0.0603  0.0603  0.0601  0.0648  0.0560  0.0493  0.0397  0.0392  0.0392  0.0400  0.0383  0.0372
  0.0604  0.0606  0.0605  0.0693  0.0614  0.0546  0.0412  0.0412  0.0401  0.0424  0.0394  0.0373
  0.0609  0.0613  0.0612  0.0736  0.0662  0.0600  0.0432  0.0439  0.0415  0.0457  0.0409  0.0377
niter,ni,del,rscale     7    3    5.0000    1.2000
parameter  2 -0.594575 -> -0.500000 qaram    1.1500
parameter  4  0.783412 ->  0.500000 qaram    1.3225
parameter  5  0.949750 ->  0.500000 qaram    1.3225
parameter  6  0.622744 ->  0.500000 qaram    1.3225
parameter 12  0.660926 ->  0.500000 qaram    1.1500
parameters
    1.9986   -3.6600    0.9238   -9.0011  -11.9977  -11.8976
   -4.9550    1.9909    4.7953   19.7609   -2.1910  -25.0801
eta,q 0.97215 12.00803
  0.0403  0.0423  0.0381  0.0333  0.0291  0.0281  0.0313  0.0337  0.0311  0.0318  0.0295  0.0281
  0.0382  0.0402  0.0368  0.0330  0.0298  0.0285  0.0300  0.0314  0.0298  0.0301  0.0290  0.0279
  0.0371  0.0384  0.0361  0.0336  0.0310  0.0294  0.0290  0.0297  0.0290  0.0290  0.0286  0.0280
  0.0372  0.0370  0.0360  0.0360  0.0331  0.0301  0.0287  0.0287  0.0286  0.0285  0.0285  0.0285
  0.0383  0.0362  0.0364  0.0412  0.0366  0.0313  0.0290  0.0286  0.0285  0.0288  0.0286  0.0293
  0.0403  0.0361  0.0372  0.0471  0.0415  0.0347  0.0297  0.0293  0.0288  0.0303  0.0289  0.0303
  0.0428  0.0367  0.0385  0.0522  0.0465  0.0406  0.0310  0.0308  0.0296  0.0329  0.0295  0.0315
niter,ni,del,rscale     7    3    5.0000    1.2000
parameters
    1.9373   -3.0606   -0.0296  -12.4767  -16.7398  -15.4010
   -5.7331    1.3453    3.9911   20.4553   -2.6611  -26.9193
eta,q 0.97494 11.32027
  0.0309  0.0323  0.0280  0.0284  0.0271  0.0272  0.0273  0.0287  0.0269  0.0301  0.0262  0.0264
  0.0292  0.0301  0.0276  0.0277  0.0263  0.0257  0.0262  0.0267  0.0259  0.0277  0.0256  0.0255
  0.0282  0.0286  0.0275  0.0273  0.0264  0.0254  0.0255  0.0255  0.0253  0.0260  0.0253  0.0251
  0.0279  0.0278  0.0277  0.0275  0.0274  0.0262  0.0253  0.0253  0.0253  0.0252  0.0252  0.0252
  0.0283  0.0277  0.0283  0.0287  0.0293  0.0277  0.0258  0.0262  0.0257  0.0255  0.0254  0.0258
  0.0294  0.0283  0.0292  0.0322  0.0326  0.0293  0.0269  0.0278  0.0266  0.0267  0.0259  0.0268
  0.0312  0.0296  0.0305  0.0382  0.0376  0.0329  0.0283  0.0299  0.0278  0.0288  0.0266  0.0281
niter,ni,del,rscale     6    3    5.0000    1.2000
parameters
    1.8266   -3.1839   -0.2918  -13.6770  -17.3360  -15.4995
   -5.9048    1.2281    4.0276   20.7934   -2.8922  -27.1789
eta,q 0.97493 11.20635
  0.0278  0.0282  0.0264  0.0274  0.0284  0.0293  0.0274  0.0290  0.0273  0.0296  0.0262  0.0270
  0.0263  0.0264  0.0256  0.0259  0.0267  0.0271  0.0262  0.0269  0.0261  0.0273  0.0256  0.0260
  0.0253  0.0253  0.0251  0.0252  0.0255  0.0256  0.0254  0.0255  0.0254  0.0257  0.0252  0.0253
  0.0251  0.0251  0.0250  0.0250  0.0251  0.0251  0.0251  0.0251  0.0251  0.0251  0.0251  0.0251
  0.0255  0.0256  0.0254  0.0254  0.0256  0.0259  0.0254  0.0257  0.0253  0.0255  0.0252  0.0254
  0.0266  0.0269  0.0261  0.0267  0.0271  0.0275  0.0263  0.0272  0.0261  0.0268  0.0257  0.0262
  0.0283  0.0287  0.0272  0.0296  0.0297  0.0292  0.0277  0.0292  0.0272  0.0289  0.0264  0.0273
niter,ni,del,rscale     5    3    5.0000    1.2000
parameters
    1.7674   -3.1581   -0.3589  -13.6402  -17.3459  -15.5194
   -5.9168    1.1897    4.0965   20.8561   -2.9426  -27.2905
eta,q 0.97493 11.21047
  0.0278  0.0285  0.0267  0.0280  0.0288  0.0293  0.0275  0.0291  0.0273  0.0293  0.0262  0.0271
  0.0263  0.0266  0.0258  0.0264  0.0270  0.0272  0.0262  0.0270  0.0261  0.0271  0.0256  0.0260
  0.0253  0.0254  0.0253  0.0254  0.0257  0.0256  0.0254  0.0256  0.0253  0.0256  0.0252  0.0253
  0.0251  0.0251  0.0251  0.0251  0.0251  0.0251  0.0251  0.0251  0.0251  0.0251  0.0251  0.0251
  0.0255  0.0255  0.0253  0.0252  0.0254  0.0258  0.0254  0.0256  0.0253  0.0255  0.0252  0.0254
  0.0265  0.0266  0.0259  0.0261  0.0267  0.0275  0.0262  0.0271  0.0261  0.0270  0.0256  0.0261
  0.0281  0.0283  0.0269  0.0282  0.0291  0.0291  0.0276  0.0291  0.0272  0.0292  0.0263  0.0272
niter,ni,del,rscale     4    3    5.0000    1.2000
parameters
    1.7580   -3.1522   -0.3741  -13.6526  -17.3444  -15.5212
   -5.9340    1.1754    4.1132   20.8761   -2.9542  -27.3217
eta,q 0.97493 11.21072
  0.0279  0.0285  0.0268  0.0280  0.0288  0.0293  0.0275  0.0291  0.0272  0.0292  0.0263  0.0271
  0.0263  0.0266  0.0259  0.0263  0.0270  0.0272  0.0262  0.0270  0.0261  0.0270  0.0256  0.0260
  0.0254  0.0254  0.0253  0.0254  0.0257  0.0256  0.0254  0.0256  0.0253  0.0256  0.0252  0.0253
  0.0251  0.0251  0.0251  0.0251  0.0251  0.0251  0.0251  0.0251  0.0251  0.0251  0.0251  0.0251
  0.0254  0.0255  0.0253  0.0252  0.0254  0.0258  0.0254  0.0256  0.0253  0.0256  0.0252  0.0253
  0.0264  0.0267  0.0259  0.0261  0.0267  0.0274  0.0262  0.0271  0.0261  0.0270  0.0256  0.0261
  0.0279  0.0284  0.0268  0.0282  0.0291  0.0291  0.0276  0.0291  0.0272  0.0292  0.0263  0.0271
registration optimization eta report
parameter search radius
    2.4000    2.7600    2.4000    9.5220    9.5220    9.5220
    7.2000    7.2000    7.2000    8.2800    7.2000    8.2800
100000*second partial in parameter space
       49.       44.       30.        3.        4.        4.
        5.        8.        4.        6.        2.        3.
  0.0279  0.0285  0.0268  0.0280  0.0288  0.0293  0.0275  0.0291  0.0272  0.0292  0.0263  0.0271
  0.0263  0.0266  0.0259  0.0263  0.0270  0.0272  0.0262  0.0270  0.0261  0.0270  0.0256  0.0260
  0.0254  0.0254  0.0253  0.0254  0.0257  0.0256  0.0254  0.0256  0.0253  0.0256  0.0252  0.0253
  0.0251  0.0251  0.0251  0.0251  0.0251  0.0251  0.0251  0.0251  0.0251  0.0251  0.0251  0.0251
  0.0254  0.0255  0.0253  0.0252  0.0254  0.0258  0.0254  0.0256  0.0253  0.0256  0.0252  0.0253
  0.0264  0.0267  0.0259  0.0261  0.0267  0.0274  0.0262  0.0271  0.0261  0.0270  0.0256  0.0261
  0.0279  0.0284  0.0268  0.0282  0.0291  0.0291  0.0276  0.0291  0.0272  0.0292  0.0263  0.0271
    1.7580   -3.1522   -0.3741  -13.6526  -17.3444  -15.5212
   -5.9340    1.1754    4.1132   20.8761   -2.9542  -27.3217
eta,q 0.97493 11.21072

---------------------------------------------------------------------
imgreg_4dfp /opt/freesurfer/average/711-2C_as_mni_average_305 /opt/freesurfer/average/711-2B_as_mni_average_305_mask talsrcimg_g11 none talsrcimg_to_711-2C_as_mni_average_305_t4 2311
---------------------------------------------------------------------

freesurfer imgreg_4dfp.c
/opt/freesurfer/average/711-2C_as_mni_average_305.4dfp.img
       256       256       256         1
  1.000000  1.000000  1.000000
orientation T byte_order littleendian
Reading image: /opt/freesurfer/average/711-2C_as_mni_average_305.4dfp.img
dimensions:      256       256       256
mmppix:       1.0000   -1.0000   -1.0000
center:     128.0000 -129.0000 -129.0000
/opt/freesurfer/average/711-2B_as_mni_average_305_mask.4dfp.img
       256       256       256         1
  1.000000  1.000000  1.000000
orientation T byte_order littleendian
Reading mask: /opt/freesurfer/average/711-2B_as_mni_average_305_mask.4dfp.img (2306576 pixels)
talsrcimg_g11.4dfp.img
       256       256       256         1
  1.000000  1.000000  1.000000
orientation T byte_order littleendian
Reading image: talsrcimg_g11.4dfp.img
dimensions:      256       256       256
mmppix:       1.0000   -1.0000   -1.0000
center:     128.0000 -129.0000 -129.0000
fimgreg.f
image alignment mode   2311 decimal      907 hex
parameters
    1.7580   -3.1522   -0.3741  -13.6526  -17.3444  -15.5212
   -5.9340    1.1754    4.1132   20.8761   -2.9542  -27.3217
eta,q 0.97493 11.21072
niter,ni,del,rscale     5    3    5.0000    0.8000
parameters
    1.7547   -3.1931   -0.3660  -13.0855  -16.8829  -15.7935
   -5.8449    1.1709    4.1091   20.8319   -2.8390  -27.2992
eta,q 0.97498 11.26116
  0.0264  0.0262  0.0259  0.0258  0.0263  0.0263  0.0262  0.0270  0.0260  0.0265  0.0256  0.0258
  0.0256  0.0256  0.0254  0.0254  0.0257  0.0256  0.0256  0.0259  0.0255  0.0257  0.0253  0.0254
  0.0252  0.0252  0.0252  0.0252  0.0253  0.0251  0.0252  0.0253  0.0251  0.0252  0.0251  0.0251
  0.0251  0.0251  0.0251  0.0251  0.0250  0.0250  0.0250  0.0250  0.0250  0.0250  0.0250  0.0250
  0.0252  0.0252  0.0251  0.0250  0.0251  0.0252  0.0251  0.0253  0.0251  0.0252  0.0251  0.0251
  0.0257  0.0257  0.0254  0.0252  0.0254  0.0258  0.0255  0.0260  0.0255  0.0257  0.0253  0.0254
  0.0264  0.0263  0.0259  0.0255  0.0259  0.0266  0.0262  0.0270  0.0260  0.0266  0.0256  0.0258
niter,ni,del,rscale     4    3    5.0000    0.7000
parameters
    1.7735   -3.1952   -0.3920  -13.0256  -16.8210  -15.8113
   -5.8455    1.1677    4.0974   20.8323   -2.7991  -27.3269
eta,q 0.97498 11.26815
  0.0261  0.0260  0.0256  0.0255  0.0259  0.0261  0.0259  0.0266  0.0258  0.0262  0.0254  0.0256
  0.0255  0.0254  0.0253  0.0252  0.0254  0.0255  0.0254  0.0257  0.0254  0.0255  0.0252  0.0253
  0.0251  0.0251  0.0251  0.0251  0.0251  0.0252  0.0251  0.0252  0.0251  0.0252  0.0251  0.0251
  0.0250  0.0250  0.0250  0.0250  0.0250  0.0250  0.0250  0.0250  0.0250  0.0250  0.0250  0.0250
  0.0251  0.0251  0.0251  0.0250  0.0251  0.0251  0.0251  0.0252  0.0251  0.0251  0.0251  0.0251
  0.0255  0.0254  0.0253  0.0252  0.0254  0.0255  0.0254  0.0257  0.0254  0.0255  0.0252  0.0253
  0.0260  0.0260  0.0257  0.0255  0.0259  0.0261  0.0259  0.0266  0.0258  0.0262  0.0254  0.0256
niter,ni,del,rscale     3    3    5.0000    0.6000
parameters
    1.7758   -3.1986   -0.3941  -12.8960  -16.7933  -15.7831
   -5.8220    1.1670    4.1067   20.8271   -2.7695  -27.3248
eta,q 0.97499 11.27944
  0.0258  0.0257  0.0255  0.0254  0.0257  0.0258  0.0257  0.0262  0.0256  0.0259  0.0253  0.0255
  0.0254  0.0253  0.0252  0.0252  0.0253  0.0254  0.0253  0.0255  0.0253  0.0254  0.0252  0.0252
  0.0251  0.0251  0.0251  0.0251  0.0251  0.0251  0.0251  0.0251  0.0251  0.0251  0.0251  0.0251
  0.0250  0.0250  0.0250  0.0250  0.0250  0.0250  0.0250  0.0250  0.0250  0.0250  0.0250  0.0250
  0.0251  0.0251  0.0251  0.0250  0.0251  0.0251  0.0251  0.0251  0.0251  0.0251  0.0250  0.0251
  0.0254  0.0253  0.0252  0.0251  0.0253  0.0254  0.0253  0.0255  0.0253  0.0254  0.0252  0.0252
  0.0258  0.0257  0.0255  0.0254  0.0257  0.0258  0.0257  0.0262  0.0256  0.0259  0.0253  0.0255
niter,ni,del,rscale     2    3    5.0000    0.5000
parameters
    1.7822   -3.2005   -0.3857  -12.7777  -16.7779  -15.7638
   -5.8097    1.1635    4.1201   20.8313   -2.7436  -27.3341
eta,q 0.97499 11.28933
  0.0255  0.0255  0.0253  0.0252  0.0255  0.0256  0.0255  0.0258  0.0254  0.0256  0.0252  0.0253
  0.0253  0.0252  0.0252  0.0251  0.0252  0.0253  0.0252  0.0254  0.0252  0.0253  0.0251  0.0251
  0.0251  0.0251  0.0251  0.0251  0.0251  0.0251  0.0251  0.0251  0.0251  0.0251  0.0250  0.0251
  0.0250  0.0250  0.0250  0.0250  0.0250  0.0250  0.0250  0.0250  0.0250  0.0250  0.0250  0.0250
  0.0251  0.0251  0.0251  0.0250  0.0251  0.0251  0.0251  0.0251  0.0251  0.0251  0.0250  0.0251
  0.0252  0.0252  0.0252  0.0251  0.0252  0.0253  0.0252  0.0254  0.0252  0.0253  0.0251  0.0251
  0.0255  0.0255  0.0253  0.0252  0.0255  0.0256  0.0255  0.0258  0.0254  0.0256  0.0252  0.0253
niter,ni,del,rscale     1    3    5.0000    0.4000
parameters
    1.7884   -3.2070   -0.3780  -12.6378  -16.7613  -15.7362
   -5.7938    1.1715    4.1479   20.8311   -2.7219  -27.3313
eta,q 0.97499 11.30082
  0.0254  0.0253  0.0252  0.0252  0.0253  0.0254  0.0253  0.0255  0.0253  0.0254  0.0252  0.0252
  0.0252  0.0251  0.0251  0.0251  0.0252  0.0252  0.0251  0.0252  0.0251  0.0252  0.0251  0.0251
  0.0250  0.0250  0.0250  0.0250  0.0251  0.0251  0.0250  0.0251  0.0250  0.0251  0.0250  0.0250
  0.0250  0.0250  0.0250  0.0250  0.0250  0.0250  0.0250  0.0250  0.0250  0.0250  0.0250  0.0250
  0.0250  0.0250  0.0250  0.0250  0.0250  0.0250  0.0250  0.0251  0.0250  0.0251  0.0250  0.0250
  0.0252  0.0252  0.0251  0.0251  0.0251  0.0252  0.0251  0.0252  0.0251  0.0252  0.0251  0.0251
  0.0253  0.0253  0.0252  0.0252  0.0253  0.0254  0.0253  0.0255  0.0253  0.0254  0.0252  0.0252
registration optimization eta report
parameter search radius
    0.8000    0.8000    0.8000    2.4000    2.4000    2.4000
    2.4000    2.4000    2.4000    2.4000    2.4000    2.4000
100000*second partial in parameter space
       53.       48.       33.        3.        5.        6.
        5.        9.        4.        7.        3.        3.
  0.0254  0.0253  0.0252  0.0252  0.0253  0.0254  0.0253  0.0255  0.0253  0.0254  0.0252  0.0252
  0.0252  0.0251  0.0251  0.0251  0.0252  0.0252  0.0251  0.0252  0.0251  0.0252  0.0251  0.0251
  0.0250  0.0250  0.0250  0.0250  0.0251  0.0251  0.0250  0.0251  0.0250  0.0251  0.0250  0.0250
  0.0250  0.0250  0.0250  0.0250  0.0250  0.0250  0.0250  0.0250  0.0250  0.0250  0.0250  0.0250
  0.0250  0.0250  0.0250  0.0250  0.0250  0.0250  0.0250  0.0251  0.0250  0.0251  0.0250  0.0250
  0.0252  0.0252  0.0251  0.0251  0.0251  0.0252  0.0251  0.0252  0.0251  0.0252  0.0251  0.0251
  0.0253  0.0253  0.0252  0.0252  0.0253  0.0254  0.0253  0.0255  0.0253  0.0254  0.0252  0.0252
    1.7884   -3.2070   -0.3780  -12.6378  -16.7613  -15.7362
   -5.7938    1.1715    4.1479   20.8311   -2.7219  -27.3313
eta,q 0.97499 11.30082

---------------------------------------------------------------------
imgreg_4dfp /opt/freesurfer/average/711-2C_as_mni_average_305 /opt/freesurfer/average/711-2B_as_mni_average_305_mask talsrcimg_g11 none talsrcimg_to_711-2C_as_mni_average_305_t4 2311
---------------------------------------------------------------------

freesurfer imgreg_4dfp.c
/opt/freesurfer/average/711-2C_as_mni_average_305.4dfp.img
       256       256       256         1
  1.000000  1.000000  1.000000
orientation T byte_order littleendian
Reading image: /opt/freesurfer/average/711-2C_as_mni_average_305.4dfp.img
dimensions:      256       256       256
mmppix:       1.0000   -1.0000   -1.0000
center:     128.0000 -129.0000 -129.0000
/opt/freesurfer/average/711-2B_as_mni_average_305_mask.4dfp.img
       256       256       256         1
  1.000000  1.000000  1.000000
orientation T byte_order littleendian
Reading mask: /opt/freesurfer/average/711-2B_as_mni_average_305_mask.4dfp.img (2306576 pixels)
talsrcimg_g11.4dfp.img
       256       256       256         1
  1.000000  1.000000  1.000000
orientation T byte_order littleendian
Reading image: talsrcimg_g11.4dfp.img
dimensions:      256       256       256
mmppix:       1.0000   -1.0000   -1.0000
center:     128.0000 -129.0000 -129.0000
fimgreg.f
image alignment mode   2311 decimal      907 hex
parameters
    1.7884   -3.2070   -0.3780  -12.6378  -16.7613  -15.7362
   -5.7938    1.1715    4.1479   20.8311   -2.7219  -27.3313
eta,q 0.97499 11.30082
niter,ni,del,rscale     5    3    5.0000    0.8000
parameters
    1.7884   -3.1978   -0.3857  -13.1021  -16.8523  -15.8040
   -5.8585    1.1667    4.0735   20.8358   -2.8157  -27.3066
eta,q 0.97498 11.26130
  0.0264  0.0262  0.0258  0.0255  0.0261  0.0264  0.0262  0.0270  0.0260  0.0265  0.0256  0.0258
  0.0256  0.0256  0.0254  0.0252  0.0255  0.0256  0.0255  0.0259  0.0255  0.0257  0.0253  0.0254
  0.0252  0.0251  0.0251  0.0251  0.0252  0.0252  0.0252  0.0253  0.0251  0.0252  0.0251  0.0251
  0.0250  0.0250  0.0250  0.0250  0.0250  0.0250  0.0250  0.0250  0.0250  0.0250  0.0250  0.0250
  0.0252  0.0252  0.0251  0.0251  0.0252  0.0252  0.0252  0.0253  0.0251  0.0252  0.0251  0.0251
  0.0256  0.0256  0.0254  0.0253  0.0256  0.0257  0.0256  0.0260  0.0255  0.0257  0.0253  0.0254
  0.0264  0.0262  0.0258  0.0259  0.0262  0.0265  0.0262  0.0270  0.0261  0.0265  0.0256  0.0258
niter,ni,del,rscale     4    3    5.0000    0.7000
parameters
    1.7732   -3.1934   -0.3948  -13.0276  -16.8228  -15.8071
   -5.8421    1.1724    4.0895   20.8334   -2.8000  -27.3314
eta,q 0.97498 11.26817
  0.0260  0.0260  0.0256  0.0255  0.0259  0.0261  0.0259  0.0266  0.0258  0.0262  0.0254  0.0256
  0.0255  0.0254  0.0253  0.0252  0.0254  0.0255  0.0254  0.0257  0.0254  0.0255  0.0252  0.0253
  0.0251  0.0251  0.0251  0.0251  0.0251  0.0252  0.0251  0.0252  0.0251  0.0252  0.0251  0.0251
  0.0250  0.0250  0.0250  0.0250  0.0250  0.0250  0.0250  0.0250  0.0250  0.0250  0.0250  0.0250
  0.0251  0.0251  0.0251  0.0250  0.0251  0.0251  0.0251  0.0252  0.0251  0.0251  0.0251  0.0251
  0.0255  0.0254  0.0253  0.0252  0.0254  0.0255  0.0254  0.0257  0.0254  0.0255  0.0252  0.0253
  0.0261  0.0259  0.0257  0.0255  0.0259  0.0261  0.0259  0.0266  0.0258  0.0262  0.0254  0.0256
niter,ni,del,rscale     3    3    5.0000    0.6000
parameters
    1.7750   -3.1981   -0.3935  -12.8997  -16.7935  -15.7891
   -5.8200    1.1664    4.1038   20.8316   -2.7757  -27.3313
eta,q 0.97498 11.27909
  0.0258  0.0257  0.0255  0.0254  0.0257  0.0258  0.0257  0.0262  0.0256  0.0259  0.0253  0.0255
  0.0254  0.0253  0.0252  0.0252  0.0253  0.0254  0.0253  0.0255  0.0253  0.0254  0.0252  0.0252
  0.0251  0.0251  0.0251  0.0251  0.0251  0.0251  0.0251  0.0251  0.0251  0.0251  0.0251  0.0251
  0.0250  0.0250  0.0250  0.0250  0.0250  0.0250  0.0250  0.0250  0.0250  0.0250  0.0250  0.0250
  0.0251  0.0251  0.0251  0.0250  0.0251  0.0251  0.0251  0.0251  0.0251  0.0251  0.0250  0.0251
  0.0254  0.0253  0.0252  0.0251  0.0253  0.0254  0.0253  0.0256  0.0253  0.0254  0.0252  0.0252
  0.0258  0.0257  0.0255  0.0254  0.0257  0.0258  0.0257  0.0262  0.0256  0.0259  0.0253  0.0255
niter,ni,del,rscale     2    3    5.0000    0.5000
parameters
    1.7805   -3.2022   -0.3858  -12.7728  -16.7840  -15.7597
   -5.8006    1.1666    4.1159   20.8320   -2.7332  -27.3414
eta,q 0.97499 11.28947
  0.0255  0.0255  0.0253  0.0252  0.0255  0.0256  0.0255  0.0258  0.0254  0.0256  0.0252  0.0253
  0.0253  0.0252  0.0252  0.0251  0.0252  0.0253  0.0252  0.0254  0.0252  0.0253  0.0251  0.0251
  0.0251  0.0251  0.0251  0.0251  0.0251  0.0251  0.0251  0.0251  0.0251  0.0251  0.0250  0.0250
  0.0250  0.0250  0.0250  0.0250  0.0250  0.0250  0.0250  0.0250  0.0250  0.0250  0.0250  0.0250
  0.0251  0.0251  0.0251  0.0250  0.0251  0.0251  0.0251  0.0251  0.0251  0.0251  0.0250  0.0251
  0.0252  0.0252  0.0252  0.0251  0.0252  0.0252  0.0252  0.0254  0.0252  0.0253  0.0251  0.0251
  0.0255  0.0255  0.0253  0.0252  0.0255  0.0256  0.0255  0.0258  0.0254  0.0256  0.0252  0.0253
niter,ni,del,rscale     1    3    5.0000    0.4000
parameters
    1.7909   -3.2065   -0.3815  -12.6347  -16.7591  -15.7369
   -5.7974    1.1682    4.1377   20.8288   -2.7163  -27.3428
eta,q 0.97499 11.30118
  0.0254  0.0253  0.0252  0.0252  0.0253  0.0254  0.0253  0.0255  0.0253  0.0254  0.0252  0.0252
  0.0252  0.0251  0.0251  0.0251  0.0252  0.0252  0.0251  0.0252  0.0251  0.0252  0.0251  0.0251
  0.0251  0.0250  0.0250  0.0250  0.0250  0.0251  0.0250  0.0251  0.0250  0.0251  0.0250  0.0250
  0.0250  0.0250  0.0250  0.0250  0.0250  0.0250  0.0250  0.0250  0.0250  0.0250  0.0250  0.0250
  0.0250  0.0251  0.0250  0.0250  0.0250  0.0250  0.0250  0.0251  0.0250  0.0250  0.0250  0.0250
  0.0252  0.0252  0.0251  0.0251  0.0251  0.0252  0.0251  0.0252  0.0251  0.0252  0.0251  0.0251
  0.0253  0.0253  0.0252  0.0252  0.0253  0.0254  0.0253  0.0255  0.0253  0.0254  0.0252  0.0252
registration optimization eta report
parameter search radius
    0.8000    0.8000    0.8000    2.4000    2.4000    2.4000
    2.4000    2.4000    2.4000    2.4000    2.4000    2.4000
100000*second partial in parameter space
       53.       48.       33.        3.        5.        6.
        5.        9.        4.        7.        2.        3.
  0.0254  0.0253  0.0252  0.0252  0.0253  0.0254  0.0253  0.0255  0.0253  0.0254  0.0252  0.0252
  0.0252  0.0251  0.0251  0.0251  0.0252  0.0252  0.0251  0.0252  0.0251  0.0252  0.0251  0.0251
  0.0251  0.0250  0.0250  0.0250  0.0250  0.0251  0.0250  0.0251  0.0250  0.0251  0.0250  0.0250
  0.0250  0.0250  0.0250  0.0250  0.0250  0.0250  0.0250  0.0250  0.0250  0.0250  0.0250  0.0250
  0.0250  0.0251  0.0250  0.0250  0.0250  0.0250  0.0250  0.0251  0.0250  0.0250  0.0250  0.0250
  0.0252  0.0252  0.0251  0.0251  0.0251  0.0252  0.0251  0.0252  0.0251  0.0252  0.0251  0.0251
  0.0253  0.0253  0.0252  0.0252  0.0253  0.0254  0.0253  0.0255  0.0253  0.0254  0.0252  0.0252
    1.7909   -3.2065   -0.3815  -12.6347  -16.7591  -15.7369
   -5.7974    1.1682    4.1377   20.8288   -2.7163  -27.3428
eta,q 0.97499 11.30118

---------------------------------------------------------------------
compute_vox2vox talsrcimg talsrcimg_to_711-2C_as_mni_average_305_t4 /opt/freesurfer/average/711-2C_as_mni_average_305
---------------------------------------------------------------------

freesurfer compute_vox2vox.c
Reading: talsrcimg.4dfp.ifh
Reading: talsrcimg_to_711-2C_as_mni_average_305_t4
Reading: /opt/freesurfer/average/711-2C_as_mni_average_305.4dfp.ifh
Writing: talsrcimg_to_711-2C_as_mni_average_305_t4_vox2vox.txt

start time Sun Mar 8 12:45:48 CET 2026
end		time Sun Mar 8 12:47:13 CET 2026

mpr2mni305 success

avi2talxfm orig_nu.mgz /opt/freesurfer/average/mni305.cor.mgz talsrcimg_to_711-2C_as_mni_average_305_t4_vox2vox.txt transforms/talairach.auto.xfm
avi2talxfm done
mv -f /out/sourcedata/freesurfer/sub-v1s12x0050119_ses-1/mri/talsrcimg_to_711-2C_as_mni_average_305_t4_vox2vox.txt /out/sourcedata/freesurfer/sub-v1s12x0050119_ses-1/mri/transforms/talsrcimg_to_711-2C_as_mni_average_305_t4_vox2vox.txt
lta_convert --src orig_nu.mgz --trg /opt/freesurfer/average/mni305.cor.mgz --inxfm transforms/talairach.auto.xfm --outlta transforms/talairach.auto.xfm.lta --subject fsaverage
7.3.2

--src: orig_nu.mgz src image (geometry).
--trg: /opt/freesurfer/average/mni305.cor.mgz trg image (geometry).
--inmni: transforms/talairach.auto.xfm input MNI/XFM transform.
--outlta: transforms/talairach.auto.xfm.lta output LTA.
--s: fsaverage subject name
 LTA read, type : 1
 1.14035  -0.03278   0.06865   1.46141;
 0.01699   1.09715   0.36157  -5.49643;
-0.06094  -0.27290   1.10745   19.13878;
 0.00000   0.00000   0.00000   1.00000;
setting subject to fsaverage
Writing  LTA to file transforms/talairach.auto.xfm.lta...
lta_convert successful.
 
 
Started at Sun Mar 8 12:45:48 CET 2026
Ended   at Sun Mar  8 12:47:14 CET 2026
talairach_avi done
