/out/sourcedata/freesurfer/sub-v1s12x0050131_ses-1/mri
/opt/freesurfer/bin/talairach_avi
--i orig_nu.mgz --xfm transforms/talairach.auto.xfm
talairach_avi 7.3.2
Linux dna010 5.14.0-427.37.1.el9_4.x86_64 #1 SMP PREEMPT_DYNAMIC Fri Sep 13 12:41:50 EDT 2024 x86_64 x86_64 x86_64 GNU/Linux
Sun Mar  8 12:45:55 CET 2026
mri_convert orig_nu.mgz talsrcimg.img 
reading from orig_nu.mgz...
TR=0.00, TE=0.00, TI=0.00, flip angle=0.00
i_ras = (-1, 0, 0)
j_ras = (0, 0, -1)
k_ras = (0, 1, 0)
writing to talsrcimg.img...
Analyze Output Matrix
-1.00000   0.00000   0.00000   132.18352;
 0.00000   0.00000   1.00000  -137.44312;
 0.00000  -1.00000   0.00000   133.84959;
 0.00000   0.00000   0.00000   1.00000;
--------------------
INFO: set hdr.hist.orient to -1
mpr2mni305 talsrcimg
Sun Mar  8 12:45:55 CET 2026
/opt/freesurfer/bin/mpr2mni305 talsrcimg
mpr2mni305 7.3.2
target=711-2C_as_mni_average_305

---------------------------------------------------------------------
analyzeto4dfp talsrcimg -O0 -y
---------------------------------------------------------------------

freesurfer ifh2hdr.c
Sun Mar  8 12:45:55 2026
Writing: talsrcimg.4dfp.hdr
freesurfer analyzeto4dfp.c
Reading: talsrcimg.hdr
header size 348 bytes
hdr.dime.datatype	offset=70	value=2
hdr.dime.bitpix		offset=72	value=8
hdr.hist.orient		offset=252	value=-1
dimensionality     4
dimensions       256       256       256         1
Reading: talsrcimg.img
Writing: talsrcimg.4dfp.img
Writing: talsrcimg.4dfp.ifh
ifh2hdr talsrcimg -r0to212
ori=2

---------------------------------------------------------------------
gauss_4dfp talsrcimg 1.1
---------------------------------------------------------------------

freesurfer gauss_4dfp.c
Reading: talsrcimg.4dfp.img
Writing: talsrcimg_g11.4dfp.img
image dimensions 256 256 256 padded to 288 288 288
processing volume 1freesurfer ifh2hdr.c
Sun Mar  8 12:45:57 2026
Writing: talsrcimg_g11.4dfp.hdr

Writing: talsrcimg_g11.4dfp.ifh
including: talsrcimg.4dfp.img.rec in talsrcimg_g11.4dfp.img.rec

---------------------------------------------------------------------
imgreg_4dfp /opt/freesurfer/average/711-2C_as_mni_average_305 none talsrcimg_g11 none talsrcimg_to_711-2C_as_mni_average_305_t4 4355
---------------------------------------------------------------------

freesurfer imgreg_4dfp.c
/opt/freesurfer/average/711-2C_as_mni_average_305.4dfp.img
       256       256       256         1
  1.000000  1.000000  1.000000
orientation T byte_order littleendian
Reading image: /opt/freesurfer/average/711-2C_as_mni_average_305.4dfp.img
dimensions:      256       256       256
mmppix:       1.0000   -1.0000   -1.0000
center:     128.0000 -129.0000 -129.0000
talsrcimg_g11.4dfp.img
       256       256       256         1
  1.000000  1.000000  1.000000
orientation T byte_order littleendian
Reading image: talsrcimg_g11.4dfp.img
dimensions:      256       256       256
mmppix:       1.0000   -1.0000   -1.0000
center:     128.0000 -129.0000 -129.0000
t4_read: open error in t4_sub.f l:  41 t4_file(1:l)talsrcimg_to_711-2C_as_mni_average_305_t4 
t4_read: transform initialized to I4
rotation matrix determinant  1.000000
image alignment mode   4355 decimal     1103 hex
   -7.5000  -45.0000  -45.0000 7938.4253   15.4896
    0.0000  -45.0000  -45.0000 8322.9639   15.4969
    7.5000  -45.0000  -45.0000 7887.3862   15.4881
   -7.5000  -37.5000  -45.0000 8495.6621   15.4763
    0.0000  -37.5000  -45.0000 8898.5146   15.4881
    7.5000  -37.5000  -45.0000 8436.3242   15.4820
   -7.5000  -30.0000  -45.0000 9302.4756   15.4759
    0.0000  -30.0000  -45.0000 9750.7734   15.4922
    7.5000  -30.0000  -45.0000 9224.8438   15.4886
   -7.5000  -22.5000  -45.000010075.0059   15.4833
    0.0000  -22.5000  -45.000010563.3809   15.4988
    7.5000  -22.5000  -45.000010004.1152   15.4944
   -7.5000  -15.0000  -45.000010801.1387   15.4895
    0.0000  -15.0000  -45.000011315.0576   15.5003
    7.5000  -15.0000  -45.000010714.0479   15.4933
   -7.5000   -7.5000  -45.000011463.7031   15.4856
    0.0000   -7.5000  -45.000012019.3750   15.4928
    7.5000   -7.5000  -45.000011374.8779   15.4838
   -7.5000    0.0000  -45.000012058.2764   15.4799
    0.0000    0.0000  -45.000012628.1631   15.4872
    7.5000    0.0000  -45.000011948.1719   15.4783
   -7.5000    7.5000  -45.000011718.2578   15.4763
    0.0000    7.5000  -45.000012262.3955   15.4881
    7.5000    7.5000  -45.000011604.6611   15.4820
   -7.5000   15.0000  -45.000011225.0723   15.4759
    0.0000   15.0000  -45.000011757.4463   15.4922
    7.5000   15.0000  -45.000011124.6523   15.4886
   -7.5000   22.5000  -45.000010550.2803   15.4812
    0.0000   22.5000  -45.000011060.9600   15.4967
    7.5000   22.5000  -45.000010434.9961   15.4923
   -7.5000   30.0000  -45.0000 9762.7920   15.2831
    0.0000   30.0000  -45.000010233.8281   15.2937
    7.5000   30.0000  -45.0000 9641.3975   15.2868
   -7.5000   37.5000  -45.0000 9347.2344   15.2793
    0.0000   37.5000  -45.0000 9796.1377   15.2864
    7.5000   37.5000  -45.0000 9227.6748   15.2775
   -7.5000   45.0000  -45.0000 8595.0439   14.8868
    0.0000   45.0000  -45.0000 9009.9004   14.8939
    7.5000   45.0000  -45.0000 8477.4023   14.8853
   -7.5000  -45.0000  -37.5000 8463.0820   15.3599
    0.0000  -45.0000  -37.5000 8880.5000   15.3672
    7.5000  -45.0000  -37.5000 8410.5928   15.3543
   -7.5000  -37.5000  -37.5000 9072.5488   15.3524
    0.0000  -37.5000  -37.5000 9509.5508   15.3641
    7.5000  -37.5000  -37.5000 8999.7861   15.3524
   -7.5000  -30.0000  -37.5000 9943.8818   15.3551
    0.0000  -30.0000  -37.500010416.3369   15.3700
    7.5000  -30.0000  -37.5000 9843.1934   15.3603
   -7.5000  -22.5000  -37.500010758.9316   15.3587
    0.0000  -22.5000  -37.500011280.9736   15.3721
    7.5000  -22.5000  -37.500010656.4775   15.3633
   -7.5000  -15.0000  -37.500011513.2354   15.3588
    0.0000  -15.0000  -37.500012066.0781   15.3680
    7.5000  -15.0000  -37.500011395.8438   15.3587
   -7.5000   -7.5000  -37.500012243.6514   15.3531
    0.0000   -7.5000  -37.500012831.0098   15.3596
    7.5000   -7.5000  -37.500012114.7607   15.3480
   -7.5000    0.0000  -37.500012845.8633   15.3503
    0.0000    0.0000  -37.500013438.6201   15.3577
    7.5000    0.0000  -37.500012689.2686   15.3447
   -7.5000    7.5000  -37.500012438.1123   15.3524
    0.0000    7.5000  -37.500012994.4951   15.3641
    7.5000    7.5000  -37.500012278.4619   15.3524
   -7.5000   15.0000  -37.500011890.4189   15.3551
    0.0000   15.0000  -37.500012457.5957   15.3700
    7.5000   15.0000  -37.500011771.5254   15.3603
   -7.5000   22.5000  -37.500011185.4551   15.3566
    0.0000   22.5000  -37.500011721.5645   15.3700
    7.5000   22.5000  -37.500011075.3213   15.3612
   -7.5000   30.0000  -37.500010330.9219   15.1541
    0.0000   30.0000  -37.500010821.8271   15.1632
    7.5000   30.0000  -37.500010229.3223   15.1540
   -7.5000   37.5000  -37.5000 9846.0186   15.1485
    0.0000   37.5000  -37.500010319.4434   15.1549
    7.5000   37.5000  -37.5000 9749.3750   15.1435
   -7.5000   45.0000  -37.5000 9047.5879   14.7622
    0.0000   45.0000  -37.5000 9476.1797   14.7693
    7.5000   45.0000  -37.5000 8940.8125   14.7568
   -7.5000  -45.0000  -30.0000 9164.3086   15.9096
    0.0000  -45.0000  -30.0000 9590.1338   15.9186
    7.5000  -45.0000  -30.0000 9106.8867   15.9105
   -7.5000  -37.5000  -30.0000 9819.6689   15.9068
    0.0000  -37.5000  -30.000010281.3809   15.9185
    7.5000  -37.5000  -30.0000 9734.1992   15.9099
   -7.5000  -30.0000  -30.000010784.5332   15.9146
    0.0000  -30.0000  -30.000011275.3555   15.9274
    7.5000  -30.0000  -30.000010658.0566   15.9198
   -7.5000  -22.5000  -30.000011671.6191   15.9175
    0.0000  -22.5000  -30.000012209.2822   15.9292
    7.5000  -22.5000  -30.000011543.3604   15.9239
   -7.5000  -15.0000  -30.000012487.4277   15.9124
    0.0000  -15.0000  -30.000013074.1230   15.9219
    7.5000  -15.0000  -30.000012352.8535   15.9181
   -7.5000   -7.5000  -30.000013287.3564   15.9024
    0.0000   -7.5000  -30.000013897.0186   15.9104
    7.5000   -7.5000  -30.000013148.8857   15.9047
   -7.5000    0.0000  -30.000013881.9141   15.8997
    0.0000    0.0000  -30.000014502.7246   15.9087
    7.5000    0.0000  -30.000013727.7246   15.9006
   -7.5000    7.5000  -30.000013358.8447   15.9068
    0.0000    7.5000  -30.000013954.4561   15.9185
    7.5000    7.5000  -30.000013217.9707   15.9099
   -7.5000   15.0000  -30.000012776.6328   15.9146
    0.0000   15.0000  -30.000013362.0889   15.9274
    7.5000   15.0000  -30.000012656.2520   15.9198
   -7.5000   22.5000  -30.000012024.1143   15.9137
    0.0000   22.5000  -30.000012582.5098   15.9254
    7.5000   22.5000  -30.000011936.5039   15.9201
   -7.5000   30.0000  -30.000011091.0859   15.7018
    0.0000   30.0000  -30.000011612.1592   15.7113
    7.5000   30.0000  -30.000011009.8076   15.7075
   -7.5000   37.5000  -30.000010544.7891   15.6920
    0.0000   37.5000  -30.000011028.0771   15.6999
    7.5000   37.5000  -30.000010454.5420   15.6943
   -7.5000   45.0000  -30.0000 9670.2568   15.3018
    0.0000   45.0000  -30.000010127.9678   15.3104
    7.5000   45.0000  -30.0000 9579.6748   15.3026
   -7.5000  -45.0000  -22.5000 9899.6094   16.4111
    0.0000  -45.0000  -22.500010363.1182   16.4221
    7.5000  -45.0000  -22.5000 9833.6172   16.4231
   -7.5000  -37.5000  -22.500010586.2451   16.4097
    0.0000  -37.5000  -22.500011061.2754   16.4217
    7.5000  -37.5000  -22.500010493.0889   16.4214
   -7.5000  -30.0000  -22.500011627.9990   16.4177
    0.0000  -30.0000  -22.500012153.7119   16.4297
    7.5000  -30.0000  -22.500011523.9834   16.4298
   -7.5000  -22.5000  -22.500012602.0625   16.4194
    0.0000  -22.5000  -22.500013161.5078   16.4312
    7.5000  -22.5000  -22.500012471.7432   16.4335
   -7.5000  -15.0000  -22.500013498.3975   16.4124
    0.0000  -15.0000  -22.500014130.7373   16.4239
    7.5000  -15.0000  -22.500013348.7842   16.4279
   -7.5000   -7.5000  -22.500014312.2559   16.4020
    0.0000   -7.5000  -22.500014975.5947   16.4127
    7.5000   -7.5000  -22.500014165.9775   16.4158
   -7.5000    0.0000  -22.500014905.9775   16.4009
    0.0000    0.0000  -22.500015574.4570   16.4119
    7.5000    0.0000  -22.500014758.1523   16.4128
   -7.5000    7.5000  -22.500014319.4258   16.4097
    0.0000    7.5000  -22.500014957.4824   16.4217
    7.5000    7.5000  -22.500014175.6680   16.4214
   -7.5000   15.0000  -22.500013699.4600   16.4177
    0.0000   15.0000  -22.500014301.3330   16.4297
    7.5000   15.0000  -22.500013564.3330   16.4298
   -7.5000   22.5000  -22.500012934.5068   16.4143
    0.0000   22.5000  -22.500013507.1689   16.4262
    7.5000   22.5000  -22.500012816.7676   16.4284
   -7.5000   30.0000  -22.500011898.3555   16.1978
    0.0000   30.0000  -22.500012436.5205   16.2091
    7.5000   30.0000  -22.500011821.5693   16.2130
   -7.5000   37.5000  -22.500011272.5879   16.1874
    0.0000   37.5000  -22.500011775.7500   16.1980
    7.5000   37.5000  -22.500011211.5977   16.2011
   -7.5000   45.0000  -22.500010327.6240   15.7958
    0.0000   45.0000  -22.500010803.3701   15.8065
    7.5000   45.0000  -22.500010256.7236   15.8073
   -7.5000  -45.0000  -15.000010637.3848   16.8035
    0.0000  -45.0000  -15.000011127.5732   16.8152
    7.5000  -45.0000  -15.000010545.3633   16.8211
   -7.5000  -37.5000  -15.000011344.8496   16.7979
    0.0000  -37.5000  -15.000011852.7607   16.8102
    7.5000  -37.5000  -15.000011241.8926   16.8160
   -7.5000  -30.0000  -15.000012473.8408   16.8025
    0.0000  -30.0000  -15.000013032.8184   16.8153
    7.5000  -30.0000  -15.000012362.0898   16.8219
   -7.5000  -22.5000  -15.000013528.7227   16.8057
    0.0000  -22.5000  -15.000014141.9932   16.8192
    7.5000  -22.5000  -15.000013395.5850   16.8263
   -7.5000  -15.0000  -15.000014490.9316   16.8030
    0.0000  -15.0000  -15.000015168.5820   16.8163
    7.5000  -15.0000  -15.000014337.9512   16.8237
   -7.5000   -7.5000  -15.000015352.4717   16.7950
    0.0000   -7.5000  -15.000016078.5791   16.8073
    7.5000   -7.5000  -15.000015171.9111   16.8141
   -7.5000    0.0000  -15.000015961.8633   16.7930
    0.0000    0.0000  -15.000016727.0430   16.8048
    7.5000    0.0000  -15.000015797.1826   16.8106
   -7.5000    7.5000  -15.000015334.1533   16.7979
    0.0000    7.5000  -15.000016045.2744   16.8102
    7.5000    7.5000  -15.000015168.9258   16.8160
   -7.5000   15.0000  -15.000014632.1914   16.8025
    0.0000   15.0000  -15.000015299.5967   16.8153
    7.5000   15.0000  -15.000014491.3262   16.8219
   -7.5000   22.5000  -15.000013789.0947   16.7997
    0.0000   22.5000  -15.000014442.2588   16.8132
    7.5000   22.5000  -15.000013697.1367   16.8204
   -7.5000   30.0000  -15.000012680.6084   16.5855
    0.0000   30.0000  -15.000013278.8408   16.5987
    7.5000   30.0000  -15.000012629.1035   16.6059
   -7.5000   37.5000  -15.000012030.3740   16.5776
    0.0000   37.5000  -15.000012558.1367   16.5897
    7.5000   37.5000  -15.000011962.0342   16.5965
   -7.5000   45.0000  -15.000011015.1748   16.1832
    0.0000   45.0000  -15.000011498.0703   16.1946
    7.5000   45.0000  -15.000010949.1289   16.2002
   -7.5000  -45.0000   -7.500011386.1758   17.0025
    0.0000  -45.0000   -7.500011895.2012   17.0134
    7.5000  -45.0000   -7.500011290.1309   17.0137
   -7.5000  -37.5000   -7.500012136.2471   16.9902
    0.0000  -37.5000   -7.500012695.6641   17.0037
    7.5000  -37.5000   -7.500012026.2637   17.0058
   -7.5000  -30.0000   -7.500013328.0391   16.9905
    0.0000  -30.0000   -7.500013943.0859   17.0071
    7.5000  -30.0000   -7.500013198.9434   17.0110
   -7.5000  -22.5000   -7.500014462.2451   16.9970
    0.0000  -22.5000   -7.500015135.4043   17.0139
    7.5000  -22.5000   -7.500014300.5566   17.0170
   -7.5000  -15.0000   -7.500015502.5576   17.0014
    0.0000  -15.0000   -7.500016242.6953   17.0159
    7.5000  -15.0000   -7.500015320.5137   17.0168
   -7.5000   -7.5000   -7.500016448.5137   16.9966
    0.0000   -7.5000   -7.500017264.4590   17.0084
    7.5000   -7.5000   -7.500016235.3535   17.0082
   -7.5000    0.0000   -7.500017148.4766   16.9919
    0.0000    0.0000   -7.500017981.2012   17.0029
    7.5000    0.0000   -7.500016933.8203   17.0032
   -7.5000    7.5000   -7.500016462.9766   16.9902
    0.0000    7.5000   -7.500017243.2754   17.0037
    7.5000    7.5000   -7.500016249.8066   17.0058
   -7.5000   15.0000   -7.500015614.6074   16.9905
    0.0000   15.0000   -7.500016385.9180   17.0071
    7.5000   15.0000   -7.500015482.4834   17.0110
   -7.5000   22.5000   -7.500014702.9785   16.9891
    0.0000   22.5000   -7.500015434.1797   17.0060
    7.5000   22.5000   -7.500014615.2188   17.0091
   -7.5000   30.0000   -7.500013551.0293   16.7809
    0.0000   30.0000   -7.500014208.0156   16.7953
    7.5000   30.0000   -7.500013474.7930   16.7961
   -7.5000   37.5000   -7.500012887.3418   16.7762
    0.0000   37.5000   -7.500013468.1982   16.7878
    7.5000   37.5000   -7.500012782.5791   16.7876
   -7.5000   45.0000   -7.500011793.8428   16.3780
    0.0000   45.0000   -7.500012311.2949   16.3886
    7.5000   45.0000   -7.500011669.3164   16.3889
   -7.5000  -45.0000    0.000012041.5254   17.0407
    0.0000  -45.0000    0.000012561.0273   17.0501
    7.5000  -45.0000    0.000011927.6953   17.0406
   -7.5000  -37.5000    0.000012822.3477   17.0265
    0.0000  -37.5000    0.000013390.7656   17.0406
    7.5000  -37.5000    0.000012694.8076   17.0337
   -7.5000  -30.0000    0.000014086.2246   17.0262
    0.0000  -30.0000    0.000014742.5117   17.0450
    7.5000  -30.0000    0.000013927.3086   17.0406
   -7.5000  -22.5000    0.000015311.5107   17.0341
    0.0000  -22.5000    0.000016022.7598   17.0521
    7.5000  -22.5000    0.000015086.2480   17.0469
   -7.5000  -15.0000    0.000016431.6211   17.0407
    0.0000  -15.0000    0.000017238.0742   17.0539
    7.5000  -15.0000    0.000016190.8809   17.0461
   -7.5000   -7.5000    0.000017476.4375   17.0364
    0.0000   -7.5000    0.000018395.6758   17.0458
    7.5000   -7.5000    0.000017216.9102   17.0361
   -7.5000    0.0000    0.000018242.2070   17.0301
    0.0000    0.0000    0.000019186.7441   17.0396
    7.5000    0.0000    0.000017979.8594   17.0300
   -7.5000    7.5000    0.000017465.4160   17.0265
    0.0000    7.5000    0.000018368.3906   17.0406
    7.5000    7.5000    0.000017242.0215   17.0337
   -7.5000   15.0000    0.000016569.3086   17.0262
    0.0000   15.0000    0.000017436.9844   17.0450
    7.5000   15.0000    0.000016367.3613   17.0406
   -7.5000   22.5000    0.000015626.2988   17.0263
    0.0000   22.5000    0.000016427.1973   17.0442
    7.5000   22.5000    0.000015415.7256   17.0390
   -7.5000   30.0000    0.000014451.6768   16.8202
    0.0000   30.0000    0.000015165.8135   16.8332
    7.5000   30.0000    0.000014245.1406   16.8255
   -7.5000   37.5000    0.000013755.7803   16.8160
    0.0000   37.5000    0.000014387.3711   16.8252
    7.5000   37.5000    0.000013510.3604   16.8156
   -7.5000   45.0000    0.000012565.0742   16.4162
    0.0000   45.0000    0.000013139.2012   16.4254
    7.5000   45.0000    0.000012324.9668   16.4161
   -7.5000  -45.0000    7.500011765.9570   17.0425
    0.0000  -45.0000    7.500012268.7881   17.0510
    7.5000  -45.0000    7.500011637.8281   17.0378
   -7.5000  -37.5000    7.500012546.3730   17.0338
    0.0000  -37.5000    7.500013092.3965   17.0470
    7.5000  -37.5000    7.500012393.6260   17.0351
   -7.5000  -30.0000    7.500013781.6094   17.0377
    0.0000  -30.0000    7.500014405.6875   17.0544
    7.5000  -30.0000    7.500013606.1318   17.0446
   -7.5000  -22.5000    7.500014966.1260   17.0429
    0.0000  -22.5000    7.500015676.0859   17.0580
    7.5000  -22.5000    7.500014736.5186   17.0492
   -7.5000  -15.0000    7.500016110.4512   17.0435
    0.0000  -15.0000    7.500016940.3848   17.0541
    7.5000  -15.0000    7.500015806.2031   17.0448
   -7.5000   -7.5000    7.500017275.0039   17.0363
    0.0000   -7.5000    7.500018282.4004   17.0440
    7.5000   -7.5000    7.500016929.0566   17.0322
   -7.5000    0.0000    7.500018102.2637   17.0319
    0.0000    0.0000    7.500019155.0977   17.0405
    7.5000    0.0000    7.500017701.7441   17.0273
   -7.5000    7.5000    7.500017344.9688   17.0338
    0.0000    7.5000    7.500018294.2344   17.0470
    7.5000    7.5000    7.500016916.7773   17.0351
   -7.5000   15.0000    7.500016386.6621   17.0377
    0.0000   15.0000    7.500017216.3281   17.0544
    7.5000   15.0000    7.500015967.9863   17.0446
   -7.5000   22.5000    7.500015402.3613   17.0350
    0.0000   22.5000    7.500016146.6982   17.0501
    7.5000   22.5000    7.500015008.1934   17.0413
   -7.5000   30.0000    7.500014209.7109   16.8229
    0.0000   30.0000    7.500014900.6260   16.8334
    7.5000   30.0000    7.500013880.8750   16.8242
   -7.5000   37.5000    7.500013490.1631   16.8158
    0.0000   37.5000    7.500014118.7178   16.8234
    7.5000   37.5000    7.500013177.8506   16.8118
   -7.5000   45.0000    7.500012280.9766   16.4180
    0.0000   45.0000    7.500012844.9648   16.4263
    7.5000   45.0000    7.500012009.6426   16.4135
   -7.5000  -45.0000   15.000011321.9717   17.0421
    0.0000  -45.0000   15.000011796.2393   17.0518
    7.5000  -45.0000   15.000011206.2363   17.0435
   -7.5000  -37.5000   15.000012114.8799   17.0396
    0.0000  -37.5000   15.000012602.8672   17.0522
    7.5000  -37.5000   15.000011961.2012   17.0433
   -7.5000  -30.0000   15.000013288.0928   17.0477
    0.0000  -30.0000   15.000013835.9756   17.0616
    7.5000  -30.0000   15.000013119.7959   17.0537
   -7.5000  -22.5000   15.000014402.9746   17.0500
    0.0000  -22.5000   15.000015024.4834   17.0628
    7.5000  -22.5000   15.000014202.7324   17.0574
   -7.5000  -15.0000   15.000015614.5859   17.0440
    0.0000  -15.0000   15.000016383.1768   17.0544
    7.5000  -15.0000   15.000015272.0127   17.0506
   -7.5000   -7.5000   15.000016949.5508   17.0336
    0.0000   -7.5000   15.000017991.6113   17.0423
    7.5000   -7.5000   15.000016457.7539   17.0366
   -7.5000    0.0000   15.000017883.3008   17.0315
    0.0000    0.0000   15.000019011.9004   17.0413
    7.5000    0.0000   15.000017271.5527   17.0329
   -7.5000    7.5000   15.000017103.9297   17.0396
    0.0000    7.5000   15.000018051.3105   17.0522
    7.5000    7.5000   15.000016488.5293   17.0433
   -7.5000   15.0000   15.000016002.9492   17.0477
    0.0000   15.0000   15.000016761.3496   17.0616
    7.5000   15.0000   15.000015458.0498   17.0537
   -7.5000   22.5000   15.000014872.2314   17.0422
    0.0000   22.5000   15.000015535.1445   17.0549
    7.5000   22.5000   15.000014454.2891   17.0495
   -7.5000   30.0000   15.000013671.1348   16.8234
    0.0000   30.0000   15.000014288.5967   16.8336
    7.5000   30.0000   15.000013345.7080   16.8299
   -7.5000   37.5000   15.000012960.9775   16.8132
    0.0000   37.5000   15.000013557.5908   16.8218
    7.5000   37.5000   15.000012696.1689   16.8161
   -7.5000   45.0000   15.000011817.8691   16.4176
    0.0000   45.0000   15.000012355.8164   16.4269
    7.5000   45.0000   15.000011597.4160   16.4189
   -7.5000  -45.0000   22.500010759.9951   17.0761
    0.0000  -45.0000   22.500011224.8691   17.0874
    7.5000  -45.0000   22.500010672.7480   17.0885
   -7.5000  -37.5000   22.500011532.2861   17.0748
    0.0000  -37.5000   22.500012025.2979   17.0869
    7.5000  -37.5000   22.500011422.3438   17.0867
   -7.5000  -30.0000   22.500012693.1777   17.0834
    0.0000  -30.0000   22.500013235.7129   17.0956
    7.5000  -30.0000   22.500012527.3457   17.0958
   -7.5000  -22.5000   22.500013835.4287   17.0854
    0.0000  -22.5000   22.500014429.8467   17.0975
    7.5000  -22.5000   22.500013616.9932   17.0999
   -7.5000  -15.0000   22.500015001.7715   17.0781
    0.0000  -15.0000   22.500015721.1523   17.0898
    7.5000  -15.0000   22.500014705.9492   17.0942
   -7.5000   -7.5000   22.500016194.2402   17.0668
    0.0000   -7.5000   22.500017073.0117   17.0778
    7.5000   -7.5000   22.500015810.8213   17.0812
   -7.5000    0.0000   22.500017003.1875   17.0654
    0.0000    0.0000   22.500017835.5508   17.0768
    7.5000    0.0000   22.500016527.9434   17.0779
   -7.5000    7.5000   22.500016281.6270   17.0748
    0.0000    7.5000   22.500017029.9609   17.0869
    7.5000    7.5000   22.500015821.6113   17.0867
   -7.5000   15.0000   22.500015251.2793   17.0834
    0.0000   15.0000   22.500015912.4775   17.0956
    7.5000   15.0000   22.500014858.2920   17.0958
   -7.5000   22.5000   22.500014157.8516   17.0775
    0.0000   22.5000   22.500014750.6523   17.0896
    7.5000   22.5000   22.500013841.1475   17.0920
   -7.5000   30.0000   22.500013028.5098   16.8570
    0.0000   30.0000   22.500013554.5518   16.8686
    7.5000   30.0000   22.500012746.6953   16.8729
   -7.5000   37.5000   22.500012328.0244   16.8459
    0.0000   37.5000   22.500012837.8213   16.8568
    7.5000   37.5000   22.500012074.7324   16.8602
   -7.5000   45.0000   22.500011221.0967   16.4501
    0.0000   45.0000   22.500011700.3535   16.4610
    7.5000   45.0000   22.500011026.1758   16.4621
   -7.5000  -45.0000   30.000010136.9727   17.1478
    0.0000  -45.0000   30.000010598.4648   17.1592
    7.5000  -45.0000   30.000010050.5137   17.1655
   -7.5000  -37.5000   30.000010878.2842   17.1423
    0.0000  -37.5000   30.000011342.8916   17.1542
    7.5000  -37.5000   30.000010767.5420   17.1604
   -7.5000  -30.0000   30.000011951.2861   17.1479
    0.0000  -30.0000   30.000012421.8037   17.1603
    7.5000  -30.0000   30.000011784.6709   17.1673
   -7.5000  -22.5000   30.000012995.1680   17.1518
    0.0000  -22.5000   30.000013496.4229   17.1649
    7.5000  -22.5000   30.000012800.6602   17.1724
   -7.5000  -15.0000   30.000014022.3652   17.1488
    0.0000  -15.0000   30.000014606.5586   17.1618
    7.5000  -15.0000   30.000013824.1641   17.1695
   -7.5000   -7.5000   30.000015011.3506   17.1397
    0.0000   -7.5000   30.000015660.7012   17.1516
    7.5000   -7.5000   30.000014774.4043   17.1588
   -7.5000    0.0000   30.000015711.5625   17.1371
    0.0000    0.0000   30.000016315.0771   17.1485
    7.5000    0.0000   30.000015428.0986   17.1547
   -7.5000    7.5000   30.000015103.5049   17.1423
    0.0000    7.5000   30.000015679.1797   17.1542
    7.5000    7.5000   30.000014838.6719   17.1604
   -7.5000   15.0000   30.000014247.3818   17.1479
    0.0000   15.0000   30.000014812.6055   17.1603
    7.5000   15.0000   30.000014003.9775   17.1673
   -7.5000   22.5000   30.000013266.9258   17.1439
    0.0000   22.5000   30.000013789.3262   17.1570
    7.5000   22.5000   30.000013043.6611   17.1645
   -7.5000   30.0000   30.000012236.6826   16.9268
    0.0000   30.0000   30.000012710.9385   16.9397
    7.5000   30.0000   30.000012019.3418   16.9473
   -7.5000   37.5000   30.000011554.5469   16.9179
    0.0000   37.5000   30.000012025.3174   16.9297
    7.5000   37.5000   30.000011363.0039   16.9367
   -7.5000   45.0000   30.000010508.7676   16.5191
    0.0000   45.0000   30.000010960.4932   16.5301
    7.5000   45.0000   30.000010356.3984   16.5361
   -7.5000  -45.0000   37.5000 9834.3525   17.3581
    0.0000  -45.0000   37.500010301.5381   17.3679
    7.5000  -45.0000   37.5000 9745.9424   17.3682
   -7.5000  -37.5000   37.500010510.2480   17.3462
    0.0000  -37.5000   37.500010968.5469   17.3586
    7.5000  -37.5000   37.500010416.0566   17.3608
   -7.5000  -30.0000   37.500011525.6602   17.3476
    0.0000  -30.0000   37.500011988.1279   17.3631
    7.5000  -30.0000   37.500011405.0264   17.3671
   -7.5000  -22.5000   37.500012544.3613   17.3545
    0.0000  -22.5000   37.500013034.6670   17.3704
    7.5000  -22.5000   37.500012412.8408   17.3735
   -7.5000  -15.0000   37.500013512.9775   17.3583
    0.0000  -15.0000   37.500014059.0811   17.3718
    7.5000  -15.0000   37.500013384.9072   17.3725
   -7.5000   -7.5000   37.500014369.9805   17.3522
    0.0000   -7.5000   37.500014897.5898   17.3629
    7.5000   -7.5000   37.500014209.4863   17.3626
   -7.5000    0.0000   37.500015069.4268   17.3471
    0.0000    0.0000   37.500015556.2393   17.3570
    7.5000    0.0000   37.500014868.7461   17.3572
   -7.5000    7.5000   37.500014537.2168   17.3462
    0.0000    7.5000   37.500015044.1826   17.3586
    7.5000    7.5000   37.500014359.5557   17.3608
   -7.5000   15.0000   37.500013758.7734   17.3476
    0.0000   15.0000   37.500014263.8398   17.3631
    7.5000   15.0000   37.500013589.1729   17.3671
   -7.5000   22.5000   37.500012833.9170   17.3465
    0.0000   22.5000   37.500013312.2949   17.3624
    7.5000   22.5000   37.500012656.2549   17.3654
   -7.5000   30.0000   37.500011831.0762   17.1337
    0.0000   30.0000   37.500012287.3447   17.1469
    7.5000   30.0000   37.500011651.3408   17.1477
   -7.5000   37.5000   37.500011185.7314   17.1277
    0.0000   37.5000   37.500011652.5615   17.1382
    7.5000   37.5000   37.500011021.9912   17.1379
   -7.5000   45.0000   37.500010169.2861   16.7217
    0.0000   45.0000   37.500010604.1680   16.7312
    7.5000   45.0000   37.500010035.0156   16.7314
   -7.5000  -45.0000   45.0000 9049.2803   17.5677
    0.0000  -45.0000   45.0000 9460.1094   17.5744
    7.5000  -45.0000   45.0000 8977.5479   17.5647
   -7.5000  -37.5000   45.0000 9660.8604   17.5545
    0.0000  -37.5000   45.000010080.0762   17.5662
    7.5000  -37.5000   45.0000 9590.0928   17.5597
   -7.5000  -30.0000   45.000010611.5195   17.5559
    0.0000  -30.0000   45.000011052.7412   17.5728
    7.5000  -30.0000   45.000010531.4346   17.5690
   -7.5000  -22.5000   45.000011547.1357   17.5641
    0.0000  -22.5000   45.000012021.7324   17.5802
    7.5000  -22.5000   45.000011485.1367   17.5754
   -7.5000  -15.0000   45.000012403.8037   17.5692
    0.0000  -15.0000   45.000012901.3184   17.5802
    7.5000  -15.0000   45.000012326.8418   17.5723
   -7.5000   -7.5000   45.000013152.6641   17.5630
    0.0000   -7.5000   45.000013603.0352   17.5699
    7.5000   -7.5000   45.000013019.5234   17.5597
   -7.5000    0.0000   45.000013791.4814   17.5564
    0.0000    0.0000   45.000014238.4609   17.5632
    7.5000    0.0000   45.000013629.0625   17.5534
   -7.5000    7.5000   45.000013361.9736   17.5545
    0.0000    7.5000   45.000013822.5928   17.5662
    7.5000    7.5000   45.000013218.8682   17.5597
   -7.5000   15.0000   45.000012678.9814   17.5559
    0.0000   15.0000   45.000013140.9785   17.5728
    7.5000   15.0000   45.000012537.8760   17.5690
   -7.5000   22.5000   45.000011842.2969   17.5559
    0.0000   22.5000   45.000012273.1729   17.5721
    7.5000   22.5000   45.000011692.2383   17.5672
   -7.5000   30.0000   45.000010920.6396   17.3403
    0.0000   30.0000   45.000011328.6562   17.3512
    7.5000   30.0000   45.000010767.5225   17.3434
   -7.5000   37.5000   45.000010336.7705   17.3342
    0.0000   37.5000   45.000010754.4033   17.3410
    7.5000   37.5000   45.000010200.0947   17.3309
   -7.5000   45.0000   45.0000 9371.4219   16.9304
    0.0000   45.0000   45.0000 9766.9424   16.9369
    7.5000   45.0000   45.0000 9252.1074   16.9275

---------------------------------------------------------------------
imgreg_4dfp /opt/freesurfer/average/711-2C_as_mni_average_305 /opt/freesurfer/average/711-2B_as_mni_average_305_mask talsrcimg_g11 none talsrcimg_to_711-2C_as_mni_average_305_t4 4355
---------------------------------------------------------------------

freesurfer imgreg_4dfp.c
/opt/freesurfer/average/711-2C_as_mni_average_305.4dfp.img
       256       256       256         1
  1.000000  1.000000  1.000000
orientation T byte_order littleendian
Reading image: /opt/freesurfer/average/711-2C_as_mni_average_305.4dfp.img
dimensions:      256       256       256
mmppix:       1.0000   -1.0000   -1.0000
center:     128.0000 -129.0000 -129.0000
/opt/freesurfer/average/711-2B_as_mni_average_305_mask.4dfp.img
       256       256       256         1
  1.000000  1.000000  1.000000
orientation T byte_order littleendian
Reading mask: /opt/freesurfer/average/711-2B_as_mni_average_305_mask.4dfp.img (2306576 pixels)
talsrcimg_g11.4dfp.img
       256       256       256         1
  1.000000  1.000000  1.000000
orientation T byte_order littleendian
Reading image: talsrcimg_g11.4dfp.img
dimensions:      256       256       256
mmppix:       1.0000   -1.0000   -1.0000
center:     128.0000 -129.0000 -129.0000
rotation matrix determinant  1.000000
image alignment mode   4355 decimal     1103 hex
   -7.5000  -45.0000  -45.0000 2178.8386   19.6708
    0.0000  -45.0000  -45.0000 2184.3015   19.7998
    7.5000  -45.0000  -45.0000 2167.4219   19.9161
   -7.5000  -37.5000  -45.0000 2263.9526   18.2855
    0.0000  -37.5000  -45.0000 2268.1855   18.3803
    7.5000  -37.5000  -45.0000 2250.0569   18.4909
   -7.5000  -30.0000  -45.0000 2313.0583   17.3255
    0.0000  -30.0000  -45.0000 2319.3252   17.4310
    7.5000  -30.0000  -45.0000 2298.7124   17.5917
   -7.5000  -22.5000  -45.0000 2345.9834   16.7256
    0.0000  -22.5000  -45.0000 2354.6208   16.8030
    7.5000  -22.5000  -45.0000 2334.8794   16.9732
   -7.5000  -15.0000  -45.0000 2359.3225   16.4112
    0.0000  -15.0000  -45.0000 2368.4795   16.4665
    7.5000  -15.0000  -45.0000 2347.1602   16.6132
   -7.5000   -7.5000  -45.0000 2359.6023   16.2878
    0.0000   -7.5000  -45.0000 2369.3118   16.2995
    7.5000   -7.5000  -45.0000 2347.7017   16.4503
   -7.5000    0.0000  -45.0000 2362.2590   16.3696
    0.0000    0.0000  -45.0000 2369.4048   16.3687
    7.5000    0.0000  -45.0000 2344.5042   16.5119
   -7.5000    7.5000  -45.0000 2342.3625   16.7302
    0.0000    7.5000  -45.0000 2350.6482   16.7625
    7.5000    7.5000  -45.0000 2326.1387   16.8853
   -7.5000   15.0000  -45.0000 2302.8542   17.3889
    0.0000   15.0000  -45.0000 2312.8628   17.4273
    7.5000   15.0000  -45.0000 2290.8384   17.5599
   -7.5000   22.5000  -45.0000 2249.3430   18.3599
    0.0000   22.5000  -45.0000 2262.7039   18.4103
    7.5000   22.5000  -45.0000 2238.9771   18.5426
   -7.5000   30.0000  -45.0000 2183.0454   19.6702
    0.0000   30.0000  -45.0000 2191.2720   19.6869
    7.5000   30.0000  -45.0000 2173.4084   19.8554
   -7.5000   37.5000  -45.0000 2098.1169   21.4465
    0.0000   37.5000  -45.0000 2103.8923   21.4441
    7.5000   37.5000  -45.0000 2089.2461   21.6718
   -7.5000   45.0000  -45.0000 1997.9924   23.9258
    0.0000   45.0000  -45.0000 2002.6439   23.9529
    7.5000   45.0000  -45.0000 1985.5131   24.2666
   -7.5000  -45.0000  -37.5000 2262.3459   18.3735
    0.0000  -45.0000  -37.5000 2268.3044   18.4557
    7.5000  -45.0000  -37.5000 2250.9683   18.5195
   -7.5000  -37.5000  -37.5000 2357.6240   17.0343
    0.0000  -37.5000  -37.5000 2359.0791   17.1137
    7.5000  -37.5000  -37.5000 2340.9941   17.1969
   -7.5000  -30.0000  -37.5000 2410.3005   16.1487
    0.0000  -30.0000  -37.5000 2414.6516   16.2001
    7.5000  -30.0000  -37.5000 2391.6050   16.3197
   -7.5000  -22.5000  -37.5000 2443.5105   15.5743
    0.0000  -22.5000  -37.5000 2453.6904   15.5854
    7.5000  -22.5000  -37.5000 2424.3770   15.7385
   -7.5000  -15.0000  -37.5000 2456.9917   15.1931
    0.0000  -15.0000  -37.5000 2468.1299   15.2169
    7.5000  -15.0000  -37.5000 2438.2622   15.3473
   -7.5000   -7.5000  -37.5000 2461.4485   15.0239
    0.0000   -7.5000  -37.5000 2470.6980   15.0021
    7.5000   -7.5000  -37.5000 2448.2527   15.1366
   -7.5000    0.0000  -37.5000 2464.5547   15.0381
    0.0000    0.0000  -37.5000 2470.6868   15.0009
    7.5000    0.0000  -37.5000 2447.7891   15.1612
   -7.5000    7.5000  -37.5000 2444.0583   15.3844
    0.0000    7.5000  -37.5000 2454.5596   15.3655
    7.5000    7.5000  -37.5000 2428.8147   15.5182
   -7.5000   15.0000  -37.5000 2403.8772   16.0109
    0.0000   15.0000  -37.5000 2420.8567   16.0123
    7.5000   15.0000  -37.5000 2392.9707   16.1445
   -7.5000   22.5000  -37.5000 2346.7124   16.8692
    0.0000   22.5000  -37.5000 2361.0552   16.8774
    7.5000   22.5000  -37.5000 2335.5186   17.0352
   -7.5000   30.0000  -37.5000 2279.0012   18.0551
    0.0000   30.0000  -37.5000 2289.8540   18.0861
    7.5000   30.0000  -37.5000 2267.0408   18.2155
   -7.5000   37.5000  -37.5000 2190.1086   19.6912
    0.0000   37.5000  -37.5000 2200.2197   19.7015
    7.5000   37.5000  -37.5000 2178.4551   19.8621
   -7.5000   45.0000  -37.5000 2081.8484   21.9058
    0.0000   45.0000  -37.5000 2093.2505   21.9728
    7.5000   45.0000  -37.5000 2070.3186   22.1681
   -7.5000  -45.0000  -30.0000 2388.8455   17.7564
    0.0000  -45.0000  -30.0000 2392.9124   17.7653
    7.5000  -45.0000  -30.0000 2372.7344   17.8549
   -7.5000  -37.5000  -30.0000 2488.8191   16.4329
    0.0000  -37.5000  -30.0000 2495.0120   16.4448
    7.5000  -37.5000  -30.0000 2472.2573   16.5539
   -7.5000  -30.0000  -30.0000 2552.0034   15.5389
    0.0000  -30.0000  -30.0000 2552.2139   15.5520
    7.5000  -30.0000  -30.0000 2527.3213   15.6628
   -7.5000  -22.5000  -30.0000 2585.6252   14.9672
    0.0000  -22.5000  -30.0000 2590.5593   14.9426
    7.5000  -22.5000  -30.0000 2565.0723   15.0939
   -7.5000  -15.0000  -30.0000 2601.3164   14.5778
    0.0000  -15.0000  -30.0000 2612.3591   14.5148
    7.5000  -15.0000  -30.0000 2584.9468   14.7094
   -7.5000   -7.5000  -30.0000 2610.3594   14.3823
    0.0000   -7.5000  -30.0000 2618.2190   14.3345
    7.5000   -7.5000  -30.0000 2596.2175   14.5187
   -7.5000    0.0000  -30.0000 2610.9309   14.3745
    0.0000    0.0000  -30.0000 2615.9822   14.3153
    7.5000    0.0000  -30.0000 2596.1077   14.5137
   -7.5000    7.5000  -30.0000 2588.0073   14.6803
    0.0000    7.5000  -30.0000 2599.1873   14.6263
    7.5000    7.5000  -30.0000 2575.8765   14.7995
   -7.5000   15.0000  -30.0000 2552.7581   15.2364
    0.0000   15.0000  -30.0000 2568.0830   15.2108
    7.5000   15.0000  -30.0000 2539.3523   15.3674
   -7.5000   22.5000  -30.0000 2491.7124   16.0444
    0.0000   22.5000  -30.0000 2506.4880   16.0153
    7.5000   22.5000  -30.0000 2480.0530   16.1889
   -7.5000   30.0000  -30.0000 2416.7705   17.1395
    0.0000   30.0000  -30.0000 2429.6660   17.1259
    7.5000   30.0000  -30.0000 2404.4402   17.3109
   -7.5000   37.5000  -30.0000 2319.8928   18.7247
    0.0000   37.5000  -30.0000 2330.5549   18.7186
    7.5000   37.5000  -30.0000 2307.7817   18.8780
   -7.5000   45.0000  -30.0000 2206.6926   20.8574
    0.0000   45.0000  -30.0000 2219.0356   20.8809
    7.5000   45.0000  -30.0000 2193.0964   21.0126
   -7.5000  -45.0000  -22.5000 2480.2334   17.1057
    0.0000  -45.0000  -22.5000 2489.6826   17.0819
    7.5000  -45.0000  -22.5000 2460.7495   17.2120
   -7.5000  -37.5000  -22.5000 2584.3928   15.7250
    0.0000  -37.5000  -22.5000 2590.3689   15.7014
    7.5000  -37.5000  -22.5000 2562.7053   15.8316
   -7.5000  -30.0000  -22.5000 2652.7585   14.7746
    0.0000  -30.0000  -22.5000 2658.7666   14.7398
    7.5000  -30.0000  -22.5000 2635.5295   14.8974
   -7.5000  -22.5000  -22.5000 2697.7434   14.1887
    0.0000  -22.5000  -22.5000 2699.2632   14.1224
    7.5000  -22.5000  -22.5000 2677.3562   14.3033
   -7.5000  -15.0000  -22.5000 2724.4685   13.8147
    0.0000  -15.0000  -22.5000 2730.5476   13.7235
    7.5000  -15.0000  -22.5000 2706.8894   13.9294
   -7.5000   -7.5000  -22.5000 2731.2458   13.6490
    0.0000   -7.5000  -22.5000 2739.6040   13.5817
    7.5000   -7.5000  -22.5000 2714.1333   13.7548
   -7.5000    0.0000  -22.5000 2728.5820   13.6262
    0.0000    0.0000  -22.5000 2735.8022   13.5562
    7.5000    0.0000  -22.5000 2712.6106   13.7466
   -7.5000    7.5000  -22.5000 2715.3564   13.8985
    0.0000    7.5000  -22.5000 2727.0991   13.8127
    7.5000    7.5000  -22.5000 2698.7319   14.0046
   -7.5000   15.0000  -22.5000 2678.0969   14.3973
    0.0000   15.0000  -22.5000 2692.5828   14.3213
    7.5000   15.0000  -22.5000 2663.5508   14.5244
   -7.5000   22.5000  -22.5000 2614.7229   15.1610
    0.0000   22.5000  -22.5000 2627.9348   15.0752
    7.5000   22.5000  -22.5000 2601.2134   15.2997
   -7.5000   30.0000  -22.5000 2529.9502   16.2203
    0.0000   30.0000  -22.5000 2542.2754   16.1623
    7.5000   30.0000  -22.5000 2520.2266   16.3784
   -7.5000   37.5000  -22.5000 2423.2087   17.6956
    0.0000   37.5000  -22.5000 2434.9565   17.6539
    7.5000   37.5000  -22.5000 2415.8777   17.8661
   -7.5000   45.0000  -22.5000 2303.6531   19.6901
    0.0000   45.0000  -22.5000 2315.9609   19.6711
    7.5000   45.0000  -22.5000 2291.9014   19.8536
   -7.5000  -45.0000  -15.0000 2527.1387   16.4885
    0.0000  -45.0000  -15.0000 2538.7368   16.4456
    7.5000  -45.0000  -15.0000 2514.9624   16.5502
   -7.5000  -37.5000  -15.0000 2634.2964   15.0707
    0.0000  -37.5000  -15.0000 2639.3264   15.0063
    7.5000  -37.5000  -15.0000 2618.4846   15.1637
   -7.5000  -30.0000  -15.0000 2716.5398   14.0764
    0.0000  -30.0000  -15.0000 2719.5276   14.0182
    7.5000  -30.0000  -15.0000 2702.4607   14.1743
   -7.5000  -22.5000  -15.0000 2772.1223   13.4460
    0.0000  -22.5000  -15.0000 2773.5999   13.3902
    7.5000  -22.5000  -15.0000 2756.5552   13.5521
   -7.5000  -15.0000  -15.0000 2806.9709   13.0436
    0.0000  -15.0000  -15.0000 2814.6936   12.9561
    7.5000  -15.0000  -15.0000 2792.6680   13.1476
   -7.5000   -7.5000  -15.0000 2824.6768   12.8910
    0.0000   -7.5000  -15.0000 2836.5461   12.8160
    7.5000   -7.5000  -15.0000 2803.3872   13.0005
   -7.5000    0.0000  -15.0000 2824.3804   12.8894
    0.0000    0.0000  -15.0000 2837.1763   12.8040
    7.5000    0.0000  -15.0000 2805.2605   12.9913
   -7.5000    7.5000  -15.0000 2812.8291   13.1420
    0.0000    7.5000  -15.0000 2824.6592   13.0533
    7.5000    7.5000  -15.0000 2797.2827   13.2662
   -7.5000   15.0000  -15.0000 2773.3396   13.6223
    0.0000   15.0000  -15.0000 2790.1497   13.5158
    7.5000   15.0000  -15.0000 2762.4216   13.7427
   -7.5000   22.5000  -15.0000 2704.7356   14.3382
    0.0000   22.5000  -15.0000 2722.2292   14.2391
    7.5000   22.5000  -15.0000 2697.5374   14.4829
   -7.5000   30.0000  -15.0000 2609.8237   15.3696
    0.0000   30.0000  -15.0000 2626.8560   15.2983
    7.5000   30.0000  -15.0000 2605.7383   15.5054
   -7.5000   37.5000  -15.0000 2495.0227   16.8110
    0.0000   37.5000  -15.0000 2510.1865   16.7439
    7.5000   37.5000  -15.0000 2489.5022   16.9475
   -7.5000   45.0000  -15.0000 2370.1104   18.6924
    0.0000   45.0000  -15.0000 2382.7205   18.6660
    7.5000   45.0000  -15.0000 2362.7996   18.8507
   -7.5000  -45.0000   -7.5000 2544.6643   15.9715
    0.0000  -45.0000   -7.5000 2556.4729   15.8437
    7.5000  -45.0000   -7.5000 2537.5903   15.9997
   -7.5000  -37.5000   -7.5000 2654.6448   14.5016
    0.0000  -37.5000   -7.5000 2666.0251   14.4154
    7.5000  -37.5000   -7.5000 2645.7507   14.5816
   -7.5000  -30.0000   -7.5000 2745.3435   13.4603
    0.0000  -30.0000   -7.5000 2756.8704   13.4298
    7.5000  -30.0000   -7.5000 2734.0710   13.5672
   -7.5000  -22.5000   -7.5000 2814.3562   12.7601
    0.0000  -22.5000   -7.5000 2822.1086   12.7349
    7.5000  -22.5000   -7.5000 2798.4802   12.8952
   -7.5000  -15.0000   -7.5000 2863.7603   12.3429
    0.0000  -15.0000   -7.5000 2874.5640   12.2907
    7.5000  -15.0000   -7.5000 2846.9138   12.4501
   -7.5000   -7.5000   -7.5000 2890.1348   12.1994
    0.0000   -7.5000   -7.5000 2907.4883   12.1188
    7.5000   -7.5000   -7.5000 2872.7939   12.3071
   -7.5000    0.0000   -7.5000 2904.4285   12.1886
    0.0000    0.0000   -7.5000 2923.2197   12.1090
    7.5000    0.0000   -7.5000 2879.9775   12.3324
   -7.5000    7.5000   -7.5000 2891.5181   12.4441
    0.0000    7.5000   -7.5000 2907.8538   12.3611
    7.5000    7.5000   -7.5000 2873.7004   12.6048
   -7.5000   15.0000   -7.5000 2841.5049   12.9228
    0.0000   15.0000   -7.5000 2862.6426   12.8290
    7.5000   15.0000   -7.5000 2836.3848   13.0739
   -7.5000   22.5000   -7.5000 2769.4062   13.6266
    0.0000   22.5000   -7.5000 2789.1694   13.5482
    7.5000   22.5000   -7.5000 2765.9778   13.7871
   -7.5000   30.0000   -7.5000 2669.5442   14.6490
    0.0000   30.0000   -7.5000 2687.1763   14.5809
    7.5000   30.0000   -7.5000 2664.7336   14.8036
   -7.5000   37.5000   -7.5000 2551.3494   16.0427
    0.0000   37.5000   -7.5000 2566.6555   15.9828
    7.5000   37.5000   -7.5000 2546.1985   16.2014
   -7.5000   45.0000   -7.5000 2418.8630   17.8676
    0.0000   45.0000   -7.5000 2433.6316   17.8070
    7.5000   45.0000   -7.5000 2413.5728   18.0259
   -7.5000  -45.0000    0.0000 2548.4866   15.5640
    0.0000  -45.0000    0.0000 2561.2576   15.4145
    7.5000  -45.0000    0.0000 2541.7144   15.6118
   -7.5000  -37.5000    0.0000 2654.7317   14.1106
    0.0000  -37.5000    0.0000 2665.0818   13.9884
    7.5000  -37.5000    0.0000 2649.2361   14.1711
   -7.5000  -30.0000    0.0000 2753.5417   13.0527
    0.0000  -30.0000    0.0000 2766.8655   12.9958
    7.5000  -30.0000    0.0000 2747.4719   13.1350
   -7.5000  -22.5000    0.0000 2839.5403   12.2885
    0.0000  -22.5000    0.0000 2851.6167   12.2577
    7.5000  -22.5000    0.0000 2824.4927   12.4025
   -7.5000  -15.0000    0.0000 2900.2815   11.8437
    0.0000  -15.0000    0.0000 2915.8682   11.8014
    7.5000  -15.0000    0.0000 2884.8220   11.9590
   -7.5000   -7.5000    0.0000 2940.9846   11.6781
    0.0000   -7.5000    0.0000 2961.7673   11.6282
    7.5000   -7.5000    0.0000 2923.5017   11.7985
   -7.5000    0.0000    0.0000 2960.6079   11.6810
    0.0000    0.0000    0.0000 2981.1489   11.6137
    7.5000    0.0000    0.0000 2934.8721   11.8516
   -7.5000    7.5000    0.0000 2944.8838   11.9374
    0.0000    7.5000    0.0000 2963.0989   11.8758
    7.5000    7.5000    0.0000 2925.0024   12.1259
   -7.5000   15.0000    0.0000 2892.4709   12.4406
    0.0000   15.0000    0.0000 2911.3716   12.3940
    7.5000   15.0000    0.0000 2882.0088   12.6051
   -7.5000   22.5000    0.0000 2817.4275   13.1336
    0.0000   22.5000    0.0000 2839.7349   13.0796
    7.5000   22.5000    0.0000 2807.4043   13.2732
   -7.5000   30.0000    0.0000 2711.5256   14.1696
    0.0000   30.0000    0.0000 2729.9246   14.1062
    7.5000   30.0000    0.0000 2705.0193   14.2915
   -7.5000   37.5000    0.0000 2593.0747   15.5807
    0.0000   37.5000    0.0000 2607.9087   15.4872
    7.5000   37.5000    0.0000 2584.1306   15.6873
   -7.5000   45.0000    0.0000 2455.9253   17.3838
    0.0000   45.0000    0.0000 2472.7661   17.2628
    7.5000   45.0000    0.0000 2448.4668   17.5014
   -7.5000  -45.0000    7.5000 2539.4436   15.3965
    0.0000  -45.0000    7.5000 2546.1006   15.2357
    7.5000  -45.0000    7.5000 2531.7126   15.4474
   -7.5000  -37.5000    7.5000 2653.6580   13.9211
    0.0000  -37.5000    7.5000 2662.0723   13.7999
    7.5000  -37.5000    7.5000 2644.2422   13.9936
   -7.5000  -30.0000    7.5000 2760.9424   12.8209
    0.0000  -30.0000    7.5000 2770.9402   12.7558
    7.5000  -30.0000    7.5000 2753.5349   12.9025
   -7.5000  -22.5000    7.5000 2853.3296   12.0393
    0.0000  -22.5000    7.5000 2872.4290   12.0068
    7.5000  -22.5000    7.5000 2845.9094   12.1237
   -7.5000  -15.0000    7.5000 2921.2834   11.5850
    0.0000  -15.0000    7.5000 2947.4153   11.5574
    7.5000  -15.0000    7.5000 2914.4138   11.6650
   -7.5000   -7.5000    7.5000 2974.0601   11.4383
    0.0000   -7.5000    7.5000 3007.1550   11.4408
    7.5000   -7.5000    7.5000 2962.5244   11.5235
   -7.5000    0.0000    7.5000 2998.2026   11.4890
    0.0000    0.0000    7.5000 3031.7644   11.4893
    7.5000    0.0000    7.5000 2973.9590   11.6031
   -7.5000    7.5000    7.5000 2984.1255   11.7299
    0.0000    7.5000    7.5000 3011.4810   11.7073
    7.5000    7.5000    7.5000 2953.8115   11.8511
   -7.5000   15.0000    7.5000 2928.3047   12.1656
    0.0000   15.0000    7.5000 2949.1760   12.1402
    7.5000   15.0000    7.5000 2912.9150   12.2822
   -7.5000   22.5000    7.5000 2846.0232   12.8667
    0.0000   22.5000    7.5000 2867.9292   12.7981
    7.5000   22.5000    7.5000 2837.0693   12.9598
   -7.5000   30.0000    7.5000 2737.9143   13.9082
    0.0000   30.0000    7.5000 2756.5156   13.8090
    7.5000   30.0000    7.5000 2727.7834   13.9892
   -7.5000   37.5000    7.5000 2612.6467   15.2819
    0.0000   37.5000    7.5000 2631.5176   15.2018
    7.5000   37.5000    7.5000 2605.7346   15.3759
   -7.5000   45.0000    7.5000 2472.6626   17.0495
    0.0000   45.0000    7.5000 2490.2261   16.9663
    7.5000   45.0000    7.5000 2464.6655   17.1393
   -7.5000  -45.0000   15.0000 2514.0535   15.4422
    0.0000  -45.0000   15.0000 2517.2036   15.2535
    7.5000  -45.0000   15.0000 2507.0432   15.5271
   -7.5000  -37.5000   15.0000 2638.8755   13.9212
    0.0000  -37.5000   15.0000 2640.1379   13.7811
    7.5000  -37.5000   15.0000 2629.7556   14.0280
   -7.5000  -30.0000   15.0000 2747.5254   12.8049
    0.0000  -30.0000   15.0000 2753.7891   12.7002
    7.5000  -30.0000   15.0000 2739.6956   12.8935
   -7.5000  -22.5000   15.0000 2839.1353   12.0023
    0.0000  -22.5000   15.0000 2858.3342   11.9521
    7.5000  -22.5000   15.0000 2834.8472   12.0994
   -7.5000  -15.0000   15.0000 2921.7395   11.5730
    0.0000  -15.0000   15.0000 2948.8550   11.5430
    7.5000  -15.0000   15.0000 2911.5388   11.6294
   -7.5000   -7.5000   15.0000 2997.2729   11.4648
    0.0000   -7.5000   15.0000 3029.7390   11.4942
    7.5000   -7.5000   15.0000 2976.0403   11.4873
   -7.5000    0.0000   15.0000 3017.1035   11.5265
    0.0000    0.0000   15.0000 3062.9900   11.5865
    7.5000    0.0000   15.0000 2989.8599   11.5612
   -7.5000    7.5000   15.0000 2999.6218   11.7144
    0.0000    7.5000   15.0000 3035.8672   11.7304
    7.5000    7.5000   15.0000 2965.4175   11.7874
   -7.5000   15.0000   15.0000 2938.7561   12.1317
    0.0000   15.0000   15.0000 2962.7620   12.0989
    7.5000   15.0000   15.0000 2917.9297   12.2203
   -7.5000   22.5000   15.0000 2850.8599   12.7987
    0.0000   22.5000   15.0000 2873.7200   12.7100
    7.5000   22.5000   15.0000 2844.3098   12.8757
   -7.5000   30.0000   15.0000 2740.3401   13.8138
    0.0000   30.0000   15.0000 2759.8660   13.7151
    7.5000   30.0000   15.0000 2736.5549   13.8938
   -7.5000   37.5000   15.0000 2614.9209   15.1518
    0.0000   37.5000   15.0000 2632.6479   15.0750
    7.5000   37.5000   15.0000 2611.2554   15.2525
   -7.5000   45.0000   15.0000 2475.9187   16.9333
    0.0000   45.0000   15.0000 2489.4661   16.8421
    7.5000   45.0000   15.0000 2471.1001   17.0329
   -7.5000  -45.0000   22.5000 2480.5464   15.7185
    0.0000  -45.0000   22.5000 2487.4434   15.4983
    7.5000  -45.0000   22.5000 2479.7080   15.8238
   -7.5000  -37.5000   22.5000 2605.6729   14.1911
    0.0000  -37.5000   22.5000 2610.1313   14.0200
    7.5000  -37.5000   22.5000 2601.5334   14.3234
   -7.5000  -30.0000   22.5000 2714.0095   13.0650
    0.0000  -30.0000   22.5000 2720.9797   12.9355
    7.5000  -30.0000   22.5000 2707.3909   13.1796
   -7.5000  -22.5000   22.5000 2817.7476   12.2759
    0.0000  -22.5000   22.5000 2835.5994   12.2042
    7.5000  -22.5000   22.5000 2811.1987   12.3659
   -7.5000  -15.0000   22.5000 2907.8806   11.7983
    0.0000  -15.0000   22.5000 2933.5649   11.7418
    7.5000  -15.0000   22.5000 2896.8994   11.8474
   -7.5000   -7.5000   22.5000 2991.4443   11.5968
    0.0000   -7.5000   22.5000 3025.7456   11.5917
    7.5000   -7.5000   22.5000 2966.2534   11.6449
   -7.5000    0.0000   22.5000 3011.4514   11.5982
    0.0000    0.0000   22.5000 3051.5901   11.5894
    7.5000    0.0000   22.5000 2981.3276   11.6683
   -7.5000    7.5000   22.5000 2984.9978   11.8255
    0.0000    7.5000   22.5000 3020.8481   11.7323
    7.5000    7.5000   22.5000 2954.3467   11.9153
   -7.5000   15.0000   22.5000 2924.2983   12.2953
    0.0000   15.0000   22.5000 2946.0315   12.2004
    7.5000   15.0000   22.5000 2904.7749   12.3809
   -7.5000   22.5000   22.5000 2834.2678   13.0060
    0.0000   22.5000   22.5000 2851.8821   12.9028
    7.5000   22.5000   22.5000 2827.6755   13.0787
   -7.5000   30.0000   22.5000 2724.4023   13.9772
    0.0000   30.0000   22.5000 2739.0227   13.8890
    7.5000   30.0000   22.5000 2721.9692   14.0508
   -7.5000   37.5000   22.5000 2601.0518   15.2745
    0.0000   37.5000   22.5000 2613.6965   15.1976
    7.5000   37.5000   22.5000 2595.7883   15.3548
   -7.5000   45.0000   22.5000 2458.5681   16.9681
    0.0000   45.0000   22.5000 2471.4292   16.8867
    7.5000   45.0000   22.5000 2458.1460   17.0705
   -7.5000  -45.0000   30.0000 2440.5618   16.2488
    0.0000  -45.0000   30.0000 2453.7332   16.0272
    7.5000  -45.0000   30.0000 2444.4980   16.3818
   -7.5000  -37.5000   30.0000 2564.9529   14.7231
    0.0000  -37.5000   30.0000 2575.1760   14.5267
    7.5000  -37.5000   30.0000 2564.9861   14.8250
   -7.5000  -30.0000   30.0000 2675.4534   13.5504
    0.0000  -30.0000   30.0000 2681.6006   13.3752
    7.5000  -30.0000   30.0000 2670.2832   13.6205
   -7.5000  -22.5000   30.0000 2780.9060   12.6923
    0.0000  -22.5000   30.0000 2794.7654   12.5251
    7.5000  -22.5000   30.0000 2775.0005   12.7690
   -7.5000  -15.0000   30.0000 2872.2605   12.1351
    0.0000  -15.0000   30.0000 2887.8833   12.0125
    7.5000  -15.0000   30.0000 2862.5454   12.2236
   -7.5000   -7.5000   30.0000 2952.3674   11.8678
    0.0000   -7.5000   30.0000 2976.7114   11.7664
    7.5000   -7.5000   30.0000 2932.4558   11.9486
   -7.5000    0.0000   30.0000 2963.7974   11.8257
    0.0000    0.0000   30.0000 2993.6909   11.7057
    7.5000    0.0000   30.0000 2940.0769   11.9168
   -7.5000    7.5000   30.0000 2944.7815   12.0810
    0.0000    7.5000   30.0000 2972.9856   11.9463
    7.5000    7.5000   30.0000 2921.2532   12.1833
   -7.5000   15.0000   30.0000 2888.6067   12.5975
    0.0000   15.0000   30.0000 2909.6218   12.4995
    7.5000   15.0000   30.0000 2872.4617   12.7062
   -7.5000   22.5000   30.0000 2798.9443   13.3609
    0.0000   22.5000   30.0000 2816.7004   13.2347
    7.5000   22.5000   30.0000 2795.0278   13.4402
   -7.5000   30.0000   30.0000 2690.8425   14.3392
    0.0000   30.0000   30.0000 2705.9939   14.2383
    7.5000   30.0000   30.0000 2691.0132   14.4149
   -7.5000   37.5000   30.0000 2567.6328   15.6339
    0.0000   37.5000   30.0000 2581.7534   15.5446
    7.5000   37.5000   30.0000 2565.5981   15.7105
   -7.5000   45.0000   30.0000 2427.8354   17.2635
    0.0000   45.0000   30.0000 2442.7026   17.1822
    7.5000   45.0000   30.0000 2427.5327   17.3588
   -7.5000  -45.0000   37.5000 2402.7351   16.9440
    0.0000  -45.0000   37.5000 2420.9775   16.7298
    7.5000  -45.0000   37.5000 2405.4939   17.0564
   -7.5000  -37.5000   37.5000 2523.7163   15.3410
    0.0000  -37.5000   37.5000 2538.7307   15.1317
    7.5000  -37.5000   37.5000 2524.4246   15.4497
   -7.5000  -30.0000   37.5000 2631.9075   14.1168
    0.0000  -30.0000   37.5000 2644.8411   13.9017
    7.5000  -30.0000   37.5000 2631.5461   14.2134
   -7.5000  -22.5000   37.5000 2734.4834   13.2409
    0.0000  -22.5000   37.5000 2749.5515   13.0600
    7.5000  -22.5000   37.5000 2735.7300   13.3411
   -7.5000  -15.0000   37.5000 2819.3638   12.6685
    0.0000  -15.0000   37.5000 2835.6318   12.5346
    7.5000  -15.0000   37.5000 2818.6101   12.7606
   -7.5000   -7.5000   37.5000 2880.7227   12.3648
    0.0000   -7.5000   37.5000 2901.9690   12.1894
    7.5000   -7.5000   37.5000 2872.8750   12.4326
   -7.5000    0.0000   37.5000 2895.5901   12.2970
    0.0000    0.0000   37.5000 2918.7886   12.0898
    7.5000    0.0000   37.5000 2881.7012   12.3605
   -7.5000    7.5000   37.5000 2881.8508   12.5516
    0.0000    7.5000   37.5000 2905.0574   12.4194
    7.5000    7.5000   37.5000 2869.7739   12.6521
   -7.5000   15.0000   37.5000 2831.4731   13.0675
    0.0000   15.0000   37.5000 2850.6555   12.9786
    7.5000   15.0000   37.5000 2823.2346   13.1890
   -7.5000   22.5000   37.5000 2752.1643   13.8278
    0.0000   22.5000   37.5000 2764.7927   13.7091
    7.5000   22.5000   37.5000 2745.6089   13.9356
   -7.5000   30.0000   37.5000 2644.6423   14.7976
    0.0000   30.0000   37.5000 2658.4758   14.7003
    7.5000   30.0000   37.5000 2642.5212   14.9098
   -7.5000   37.5000   37.5000 2523.3782   16.1066
    0.0000   37.5000   37.5000 2540.2964   16.0278
    7.5000   37.5000   37.5000 2521.4946   16.2011
   -7.5000   45.0000   37.5000 2382.4497   17.7849
    0.0000   45.0000   37.5000 2402.0303   17.6796
    7.5000   45.0000   37.5000 2384.2529   17.8603
   -7.5000  -45.0000   45.0000 2360.2625   17.7517
    0.0000  -45.0000   45.0000 2376.7622   17.5465
    7.5000  -45.0000   45.0000 2358.8860   17.8801
   -7.5000  -37.5000   45.0000 2474.5579   16.1038
    0.0000  -37.5000   45.0000 2491.6333   15.8961
    7.5000  -37.5000   45.0000 2475.2817   16.2120
   -7.5000  -30.0000   45.0000 2581.9976   14.8618
    0.0000  -30.0000   45.0000 2599.5889   14.6425
    7.5000  -30.0000   45.0000 2580.9739   14.9574
   -7.5000  -22.5000   45.0000 2675.0017   13.9788
    0.0000  -22.5000   45.0000 2696.1719   13.7756
    7.5000  -22.5000   45.0000 2679.5645   14.0442
   -7.5000  -15.0000   45.0000 2752.3345   13.3651
    0.0000  -15.0000   45.0000 2768.8718   13.1656
    7.5000  -15.0000   45.0000 2751.6223   13.4336
   -7.5000   -7.5000   45.0000 2798.8633   13.0025
    0.0000   -7.5000   45.0000 2815.3286   12.7698
    7.5000   -7.5000   45.0000 2792.0022   13.0572
   -7.5000    0.0000   45.0000 2809.0078   12.9110
    0.0000    0.0000   45.0000 2832.7056   12.7107
    7.5000    0.0000   45.0000 2800.9531   12.9626
   -7.5000    7.5000   45.0000 2797.1670   13.2042
    0.0000    7.5000   45.0000 2821.5671   13.0563
    7.5000    7.5000   45.0000 2792.7783   13.2885
   -7.5000   15.0000   45.0000 2751.3943   13.7540
    0.0000   15.0000   45.0000 2771.7271   13.6222
    7.5000   15.0000   45.0000 2744.6877   13.8503
   -7.5000   22.5000   45.0000 2682.4910   14.4879
    0.0000   22.5000   45.0000 2694.2512   14.3492
    7.5000   22.5000   45.0000 2673.8975   14.5796
   -7.5000   30.0000   45.0000 2583.2297   15.4505
    0.0000   30.0000   45.0000 2595.2971   15.3275
    7.5000   30.0000   45.0000 2580.4583   15.5363
   -7.5000   37.5000   45.0000 2466.3181   16.7588
    0.0000   37.5000   45.0000 2481.2422   16.6677
    7.5000   37.5000   45.0000 2467.3416   16.8631
   -7.5000   45.0000   45.0000 2324.9163   18.4441
    0.0000   45.0000   45.0000 2342.2056   18.3572
    7.5000   45.0000   45.0000 2329.8694   18.5245

---------------------------------------------------------------------
imgreg_4dfp /opt/freesurfer/average/711-2C_as_mni_average_305 /opt/freesurfer/average/711-2B_as_mni_average_305_mask talsrcimg_g11 none talsrcimg_to_711-2C_as_mni_average_305_t4 1283
---------------------------------------------------------------------

freesurfer imgreg_4dfp.c
/opt/freesurfer/average/711-2C_as_mni_average_305.4dfp.img
       256       256       256         1
  1.000000  1.000000  1.000000
orientation T byte_order littleendian
Reading image: /opt/freesurfer/average/711-2C_as_mni_average_305.4dfp.img
dimensions:      256       256       256
mmppix:       1.0000   -1.0000   -1.0000
center:     128.0000 -129.0000 -129.0000
/opt/freesurfer/average/711-2B_as_mni_average_305_mask.4dfp.img
       256       256       256         1
  1.000000  1.000000  1.000000
orientation T byte_order littleendian
Reading mask: /opt/freesurfer/average/711-2B_as_mni_average_305_mask.4dfp.img (2306576 pixels)
talsrcimg_g11.4dfp.img
       256       256       256         1
  1.000000  1.000000  1.000000
orientation T byte_order littleendian
Reading image: talsrcimg_g11.4dfp.img
dimensions:      256       256       256
mmppix:       1.0000   -1.0000   -1.0000
center:     128.0000 -129.0000 -129.0000
rotation matrix determinant  1.000000
fimgreg.f
image alignment mode   1283 decimal      503 hex
parameters
    0.0000    0.0000   15.0000    0.0000    0.0000    0.0000
eta,q 0.95999 11.66352
niter,ni,del,rscale     5    3   12.0000    1.2000
parameter  3 -1.380306 -> -0.500000 qaram    1.1500
parameter  4  2.630243 ->  0.500000 qaram    1.1500
parameters
   -1.0314   -0.5429   18.4500   -3.4500    0.6940   -1.3957
eta,q 0.96849 11.57020
  0.0508  0.0460  0.0476  0.0298  0.0450  0.0353
  0.0449  0.0428  0.0450  0.0314  0.0389  0.0328
  0.0419  0.0419  0.0428  0.0339  0.0344  0.0316
  0.0416  0.0413  0.0412  0.0375  0.0320  0.0317
  0.0452  0.0416  0.0391  0.0422  0.0324  0.0334
  0.0512  0.0441  0.0374  0.0464  0.0358  0.0372
  0.0597  0.0486  0.0380  0.0496  0.0402  0.0414
niter,ni,del,rscale     6    3   12.0000    1.2000
parameter  4  1.079207 ->  0.500000 qaram    1.3225
parameters
   -1.2831    0.8416   17.3275   -7.4175    0.9402   -1.3508
eta,q 0.97476 11.58286
  0.0495  0.0460  0.0373  0.0257  0.0371  0.0337
  0.0410  0.0394  0.0338  0.0250  0.0317  0.0296
  0.0339  0.0348  0.0316  0.0272  0.0274  0.0266
  0.0315  0.0315  0.0305  0.0308  0.0253  0.0252
  0.0342  0.0306  0.0326  0.0355  0.0259  0.0261
  0.0427  0.0326  0.0376  0.0411  0.0296  0.0292
  0.0534  0.0374  0.0449  0.0459  0.0361  0.0338
niter,ni,del,rscale     6    3   12.0000    1.2000
parameters
   -1.2588    1.2674   16.0656   -9.4138    0.8666   -1.4808
eta,q 0.97619 11.59430
  0.0472  0.0412  0.0335  0.0309  0.0340  0.0320
  0.0361  0.0346  0.0285  0.0265  0.0291  0.0276
  0.0278  0.0287  0.0255  0.0240  0.0254  0.0248
  0.0252  0.0252  0.0250  0.0248  0.0238  0.0238
  0.0281  0.0261  0.0288  0.0289  0.0249  0.0250
  0.0360  0.0311  0.0347  0.0346  0.0292  0.0281
  0.0466  0.0382  0.0425  0.0410  0.0350  0.0327
niter,ni,del,rscale     5    3   12.0000    1.2000
parameters
   -1.3879    1.4135   15.4393   -9.9950    0.8751   -1.4649
eta,q 0.97622 11.60239
  0.0449  0.0388  0.0348  0.0334  0.0340  0.0320
  0.0343  0.0324  0.0290  0.0286  0.0290  0.0276
  0.0262  0.0265  0.0252  0.0251  0.0254  0.0247
  0.0238  0.0238  0.0238  0.0238  0.0238  0.0238
  0.0272  0.0258  0.0265  0.0260  0.0247  0.0248
  0.0357  0.0311  0.0322  0.0305  0.0287  0.0275
  0.0465  0.0378  0.0397  0.0368  0.0343  0.0319
niter,ni,del,rscale     4    3   12.0000    1.2000
parameters
   -1.4630    1.5082   15.2225  -10.1929    0.8970   -1.4536
eta,q 0.97616 11.60693
  0.0450  0.0380  0.0363  0.0340  0.0340  0.0320
  0.0346  0.0316  0.0300  0.0290  0.0290  0.0276
  0.0265  0.0261  0.0257  0.0255  0.0254  0.0247
  0.0238  0.0238  0.0238  0.0238  0.0238  0.0238
  0.0268  0.0259  0.0259  0.0253  0.0246  0.0249
  0.0352  0.0310  0.0310  0.0294  0.0287  0.0275
  0.0461  0.0372  0.0382  0.0355  0.0342  0.0318
niter,ni,del,rscale     3    3   12.0000    1.2000
parameters
   -1.4935    1.5598   15.1529  -10.2626    0.9090   -1.4522
eta,q 0.97613 11.60855
  0.0452  0.0377  0.0369  0.0342  0.0339  0.0319
  0.0349  0.0313  0.0303  0.0292  0.0290  0.0275
  0.0267  0.0259  0.0260  0.0256  0.0254  0.0247
  0.0238  0.0238  0.0239  0.0239  0.0239  0.0239
  0.0267  0.0261  0.0257  0.0251  0.0247  0.0249
  0.0350  0.0311  0.0306  0.0290  0.0287  0.0275
  0.0458  0.0371  0.0376  0.0351  0.0342  0.0318
niter,ni,del,rscale     2    3   12.0000    1.2000
parameters
   -1.5038    1.5819   15.1297  -10.2862    0.9141   -1.4519
eta,q 0.97612 11.60921
  0.0453  0.0375  0.0371  0.0343  0.0339  0.0319
  0.0350  0.0312  0.0305  0.0292  0.0289  0.0275
  0.0268  0.0259  0.0260  0.0256  0.0254  0.0247
  0.0239  0.0239  0.0239  0.0239  0.0239  0.0239
  0.0266  0.0262  0.0256  0.0251  0.0247  0.0249
  0.0348  0.0312  0.0305  0.0289  0.0287  0.0275
  0.0457  0.0371  0.0375  0.0349  0.0343  0.0318
registration optimization eta report
parameter search radius
    6.0000    6.0000    6.9000    7.9350    6.0000    6.0000
100000*second partial in parameter space
       59.       36.       28.       17.       28.       22.
  0.0453  0.0375  0.0371  0.0343  0.0339  0.0319
  0.0350  0.0312  0.0305  0.0292  0.0289  0.0275
  0.0268  0.0259  0.0260  0.0256  0.0254  0.0247
  0.0239  0.0239  0.0239  0.0239  0.0239  0.0239
  0.0266  0.0262  0.0256  0.0251  0.0247  0.0249
  0.0348  0.0312  0.0305  0.0289  0.0287  0.0275
  0.0457  0.0371  0.0375  0.0349  0.0343  0.0318
   -1.5038    1.5819   15.1297  -10.2862    0.9141   -1.4519
eta,q 0.97612 11.60921

---------------------------------------------------------------------
imgreg_4dfp /opt/freesurfer/average/711-2C_as_mni_average_305 /opt/freesurfer/average/711-2B_as_mni_average_305_mask talsrcimg_g11 none talsrcimg_to_711-2C_as_mni_average_305_t4 3335
---------------------------------------------------------------------

freesurfer imgreg_4dfp.c
/opt/freesurfer/average/711-2C_as_mni_average_305.4dfp.img
       256       256       256         1
  1.000000  1.000000  1.000000
orientation T byte_order littleendian
Reading image: /opt/freesurfer/average/711-2C_as_mni_average_305.4dfp.img
dimensions:      256       256       256
mmppix:       1.0000   -1.0000   -1.0000
center:     128.0000 -129.0000 -129.0000
/opt/freesurfer/average/711-2B_as_mni_average_305_mask.4dfp.img
       256       256       256         1
  1.000000  1.000000  1.000000
orientation T byte_order littleendian
Reading mask: /opt/freesurfer/average/711-2B_as_mni_average_305_mask.4dfp.img (2306576 pixels)
talsrcimg_g11.4dfp.img
       256       256       256         1
  1.000000  1.000000  1.000000
orientation T byte_order littleendian
Reading image: talsrcimg_g11.4dfp.img
dimensions:      256       256       256
mmppix:       1.0000   -1.0000   -1.0000
center:     128.0000 -129.0000 -129.0000
fimgreg.f
image alignment mode   3335 decimal      D07 hex
parameters
   -1.5038    1.5819   15.1297   -0.0448   -1.6460   -1.6197
    2.7779   -1.1168   -2.5335   17.8906    1.5954  -17.8543
eta,q 0.97634 11.73302
niter,ni,del,rscale     5    3    5.0000    1.2000
parameter  5  0.521430 ->  0.500000 qaram    1.1500
parameter 12  0.535368 ->  0.500000 qaram    1.1500
parameters
   -1.3977    2.2867   15.1501   -2.9656   -5.7860   -1.4293
    2.5185    0.1162   -2.0104   18.0539    3.2308  -21.9943
eta,q 0.97820 11.52010
  0.0280  0.0277  0.0251  0.0242  0.0231  0.0243  0.0247  0.0277  0.0244  0.0249  0.0237  0.0221
  0.0258  0.0258  0.0241  0.0235  0.0225  0.0234  0.0234  0.0251  0.0233  0.0237  0.0230  0.0218
  0.0243  0.0244  0.0236  0.0232  0.0225  0.0229  0.0226  0.0233  0.0226  0.0227  0.0225  0.0218
  0.0237  0.0236  0.0234  0.0234  0.0232  0.0224  0.0224  0.0224  0.0223  0.0223  0.0223  0.0222
  0.0240  0.0234  0.0236  0.0250  0.0245  0.0222  0.0228  0.0224  0.0224  0.0224  0.0222  0.0228
  0.0253  0.0238  0.0241  0.0274  0.0263  0.0228  0.0237  0.0232  0.0229  0.0233  0.0224  0.0238
  0.0274  0.0247  0.0250  0.0300  0.0288  0.0245  0.0250  0.0250  0.0238  0.0249  0.0228  0.0249
niter,ni,del,rscale     6    3    5.0000    1.2000
parameters
   -1.3254    2.3098   14.6315   -3.0165   -5.4773   -1.2783
    2.5732   -0.1126   -2.1103   18.8665    2.9761  -22.7311
eta,q 0.97843 11.56055
  0.0255  0.0244  0.0227  0.0242  0.0251  0.0234  0.0243  0.0255  0.0235  0.0246  0.0226  0.0231
  0.0235  0.0230  0.0220  0.0232  0.0235  0.0226  0.0228  0.0233  0.0225  0.0233  0.0220  0.0222
  0.0222  0.0221  0.0217  0.0223  0.0223  0.0221  0.0220  0.0220  0.0218  0.0223  0.0217  0.0217
  0.0218  0.0218  0.0218  0.0217  0.0217  0.0217  0.0217  0.0217  0.0217  0.0217  0.0216  0.0216
  0.0221  0.0221  0.0222  0.0216  0.0219  0.0213  0.0220  0.0221  0.0219  0.0217  0.0217  0.0219
  0.0232  0.0229  0.0229  0.0227  0.0229  0.0219  0.0228  0.0236  0.0225  0.0223  0.0221  0.0227
  0.0251  0.0243  0.0239  0.0249  0.0248  0.0239  0.0242  0.0261  0.0236  0.0237  0.0228  0.0238
niter,ni,del,rscale     5    3    5.0000    1.2000
parameters
   -1.3248    2.4445   14.5031   -3.0212   -5.6264   -1.3476
    2.6280   -0.1267   -1.9857   19.1489    2.8850  -23.0279
eta,q 0.97844 11.55794
  0.0251  0.0245  0.0230  0.0242  0.0247  0.0234  0.0242  0.0257  0.0235  0.0242  0.0226  0.0233
  0.0231  0.0229  0.0221  0.0231  0.0231  0.0226  0.0227  0.0234  0.0224  0.0230  0.0220  0.0223
  0.0219  0.0220  0.0217  0.0222  0.0220  0.0221  0.0219  0.0220  0.0218  0.0221  0.0217  0.0217
  0.0216  0.0216  0.0216  0.0216  0.0216  0.0216  0.0216  0.0216  0.0216  0.0216  0.0216  0.0216
  0.0220  0.0218  0.0218  0.0214  0.0219  0.0212  0.0219  0.0220  0.0218  0.0217  0.0217  0.0218
  0.0231  0.0226  0.0224  0.0226  0.0230  0.0220  0.0227  0.0233  0.0224  0.0225  0.0221  0.0225
  0.0251  0.0239  0.0233  0.0248  0.0252  0.0241  0.0241  0.0257  0.0234  0.0240  0.0227  0.0236
niter,ni,del,rscale     4    3    5.0000    1.2000
parameters
   -1.3277    2.4991   14.4479   -3.0263   -5.6857   -1.3685
    2.6407   -0.1495   -1.9296   19.2736    2.8565  -23.1516
eta,q 0.97844 11.55724
  0.0251  0.0243  0.0231  0.0242  0.0248  0.0234  0.0241  0.0256  0.0234  0.0241  0.0226  0.0234
  0.0231  0.0228  0.0222  0.0231  0.0232  0.0226  0.0227  0.0234  0.0224  0.0229  0.0220  0.0224
  0.0219  0.0219  0.0217  0.0222  0.0220  0.0221  0.0218  0.0220  0.0218  0.0220  0.0217  0.0217
  0.0216  0.0216  0.0216  0.0216  0.0216  0.0216  0.0216  0.0216  0.0216  0.0216  0.0216  0.0216
  0.0220  0.0218  0.0218  0.0214  0.0218  0.0212  0.0219  0.0220  0.0218  0.0217  0.0217  0.0218
  0.0231  0.0227  0.0224  0.0226  0.0229  0.0220  0.0227  0.0233  0.0224  0.0225  0.0220  0.0224
  0.0251  0.0240  0.0232  0.0248  0.0251  0.0241  0.0241  0.0257  0.0234  0.0241  0.0227  0.0235
niter,ni,del,rscale     3    3    5.0000    1.2000
parameters
   -1.3303    2.5223   14.4275   -3.0305   -5.7129   -1.3728
    2.6420   -0.1604   -1.9089   19.3233    2.8474  -23.2017
eta,q 0.97845 11.55693
  0.0251  0.0242  0.0232  0.0242  0.0248  0.0234  0.0241  0.0257  0.0234  0.0240  0.0227  0.0234
  0.0231  0.0227  0.0222  0.0231  0.0232  0.0226  0.0227  0.0234  0.0224  0.0228  0.0220  0.0224
  0.0219  0.0218  0.0217  0.0222  0.0220  0.0221  0.0218  0.0220  0.0218  0.0220  0.0217  0.0217
  0.0216  0.0216  0.0216  0.0216  0.0216  0.0216  0.0216  0.0216  0.0216  0.0216  0.0216  0.0216
  0.0220  0.0219  0.0218  0.0214  0.0218  0.0212  0.0219  0.0220  0.0218  0.0217  0.0217  0.0218
  0.0231  0.0227  0.0223  0.0226  0.0229  0.0220  0.0227  0.0233  0.0224  0.0226  0.0220  0.0224
  0.0251  0.0241  0.0232  0.0248  0.0251  0.0241  0.0241  0.0257  0.0234  0.0242  0.0227  0.0234
registration optimization eta report
parameter search radius
    2.4000    2.4000    2.4000    7.2000    8.2800    7.2000
    7.2000    7.2000    7.2000    7.2000    7.2000    8.2800
100000*second partial in parameter space
       61.       44.       28.        6.        5.        4.
        5.        8.        4.        5.        2.        3.
  0.0251  0.0242  0.0232  0.0242  0.0248  0.0234  0.0241  0.0257  0.0234  0.0240  0.0227  0.0234
  0.0231  0.0227  0.0222  0.0231  0.0232  0.0226  0.0227  0.0234  0.0224  0.0228  0.0220  0.0224
  0.0219  0.0218  0.0217  0.0222  0.0220  0.0221  0.0218  0.0220  0.0218  0.0220  0.0217  0.0217
  0.0216  0.0216  0.0216  0.0216  0.0216  0.0216  0.0216  0.0216  0.0216  0.0216  0.0216  0.0216
  0.0220  0.0219  0.0218  0.0214  0.0218  0.0212  0.0219  0.0220  0.0218  0.0217  0.0217  0.0218
  0.0231  0.0227  0.0223  0.0226  0.0229  0.0220  0.0227  0.0233  0.0224  0.0226  0.0220  0.0224
  0.0251  0.0241  0.0232  0.0248  0.0251  0.0241  0.0241  0.0257  0.0234  0.0242  0.0227  0.0234
   -1.3303    2.5223   14.4275   -3.0305   -5.7129   -1.3728
    2.6420   -0.1604   -1.9089   19.3233    2.8474  -23.2017
eta,q 0.97845 11.55693

---------------------------------------------------------------------
imgreg_4dfp /opt/freesurfer/average/711-2C_as_mni_average_305 /opt/freesurfer/average/711-2B_as_mni_average_305_mask talsrcimg_g11 none talsrcimg_to_711-2C_as_mni_average_305_t4 2311
---------------------------------------------------------------------

freesurfer imgreg_4dfp.c
/opt/freesurfer/average/711-2C_as_mni_average_305.4dfp.img
       256       256       256         1
  1.000000  1.000000  1.000000
orientation T byte_order littleendian
Reading image: /opt/freesurfer/average/711-2C_as_mni_average_305.4dfp.img
dimensions:      256       256       256
mmppix:       1.0000   -1.0000   -1.0000
center:     128.0000 -129.0000 -129.0000
/opt/freesurfer/average/711-2B_as_mni_average_305_mask.4dfp.img
       256       256       256         1
  1.000000  1.000000  1.000000
orientation T byte_order littleendian
Reading mask: /opt/freesurfer/average/711-2B_as_mni_average_305_mask.4dfp.img (2306576 pixels)
talsrcimg_g11.4dfp.img
       256       256       256         1
  1.000000  1.000000  1.000000
orientation T byte_order littleendian
Reading image: talsrcimg_g11.4dfp.img
dimensions:      256       256       256
mmppix:       1.0000   -1.0000   -1.0000
center:     128.0000 -129.0000 -129.0000
fimgreg.f
image alignment mode   2311 decimal      907 hex
parameters
   -1.3303    2.5223   14.4275   -3.0305   -5.7129   -1.3728
    2.6420   -0.1604   -1.9089   19.3233    2.8474  -23.2017
eta,q 0.97845 11.55694
niter,ni,del,rscale     5    3    5.0000    0.8000
parameters
   -1.3391    2.5126   14.3860   -2.2744   -5.3448   -0.2986
    2.5953   -0.1494   -1.9196   19.1593    3.0066  -23.7490
eta,q 0.97882 11.64778
  0.0231  0.0227  0.0223  0.0231  0.0227  0.0226  0.0224  0.0235  0.0221  0.0225  0.0219  0.0217
  0.0222  0.0221  0.0218  0.0225  0.0221  0.0222  0.0217  0.0223  0.0216  0.0218  0.0215  0.0214
  0.0217  0.0217  0.0216  0.0219  0.0216  0.0218  0.0213  0.0215  0.0213  0.0214  0.0213  0.0212
  0.0216  0.0216  0.0216  0.0216  0.0214  0.0214  0.0212  0.0212  0.0212  0.0212  0.0212  0.0212
  0.0217  0.0217  0.0217  0.0214  0.0215  0.0211  0.0213  0.0215  0.0213  0.0214  0.0212  0.0213
  0.0223  0.0221  0.0219  0.0217  0.0218  0.0213  0.0218  0.0223  0.0216  0.0219  0.0215  0.0216
  0.0231  0.0227  0.0223  0.0226  0.0224  0.0221  0.0225  0.0235  0.0221  0.0227  0.0218  0.0220
niter,ni,del,rscale     4    3    5.0000    0.7000
parameters
   -1.3363    2.5550   14.3758   -2.2782   -5.2563   -0.1443
    2.5936   -0.1602   -1.9479   19.2311    2.9950  -23.9132
eta,q 0.97885 11.65986
  0.0225  0.0222  0.0219  0.0224  0.0221  0.0222  0.0221  0.0230  0.0218  0.0223  0.0217  0.0217
  0.0218  0.0216  0.0215  0.0219  0.0216  0.0219  0.0216  0.0220  0.0215  0.0217  0.0214  0.0214
  0.0213  0.0213  0.0212  0.0214  0.0213  0.0215  0.0213  0.0214  0.0212  0.0213  0.0212  0.0212
  0.0212  0.0212  0.0212  0.0212  0.0212  0.0212  0.0212  0.0212  0.0212  0.0212  0.0212  0.0212
  0.0213  0.0213  0.0213  0.0212  0.0213  0.0211  0.0213  0.0214  0.0212  0.0213  0.0212  0.0212
  0.0218  0.0216  0.0215  0.0217  0.0216  0.0215  0.0216  0.0220  0.0215  0.0216  0.0214  0.0214
  0.0225  0.0221  0.0219  0.0226  0.0221  0.0223  0.0221  0.0230  0.0219  0.0222  0.0217  0.0217
niter,ni,del,rscale     3    3    5.0000    0.6000
parameters
   -1.3395    2.5782   14.3680   -2.1678   -5.2540    0.0730
    2.5807   -0.1603   -1.9310   19.2035    3.0052  -24.0611
eta,q 0.97890 11.67153
  0.0221  0.0219  0.0217  0.0221  0.0218  0.0220  0.0218  0.0225  0.0216  0.0219  0.0215  0.0215
  0.0216  0.0215  0.0214  0.0217  0.0215  0.0217  0.0214  0.0218  0.0213  0.0215  0.0213  0.0213
  0.0213  0.0212  0.0212  0.0214  0.0212  0.0214  0.0212  0.0213  0.0212  0.0212  0.0212  0.0211
  0.0212  0.0212  0.0212  0.0212  0.0211  0.0211  0.0211  0.0211  0.0211  0.0211  0.0211  0.0211
  0.0213  0.0212  0.0212  0.0211  0.0212  0.0211  0.0212  0.0213  0.0212  0.0212  0.0212  0.0212
  0.0216  0.0214  0.0214  0.0215  0.0214  0.0214  0.0214  0.0218  0.0213  0.0215  0.0213  0.0213
  0.0221  0.0218  0.0217  0.0222  0.0218  0.0220  0.0218  0.0225  0.0216  0.0220  0.0215  0.0215
niter,ni,del,rscale     2    3    5.0000    0.5000
parameters
   -1.3411    2.5974   14.3786   -2.0682   -5.2466    0.2942
    2.5735   -0.1609   -1.9249   19.1638    3.0037  -24.1561
eta,q 0.97893 11.68243
  0.0218  0.0216  0.0215  0.0218  0.0216  0.0218  0.0216  0.0221  0.0214  0.0217  0.0214  0.0214
  0.0214  0.0213  0.0213  0.0215  0.0213  0.0216  0.0213  0.0215  0.0212  0.0213  0.0212  0.0212
  0.0212  0.0212  0.0211  0.0213  0.0212  0.0213  0.0211  0.0212  0.0211  0.0211  0.0211  0.0211
  0.0211  0.0211  0.0211  0.0211  0.0211  0.0211  0.0211  0.0211  0.0211  0.0211  0.0211  0.0211
  0.0212  0.0212  0.0211  0.0211  0.0212  0.0211  0.0211  0.0212  0.0211  0.0212  0.0211  0.0211
  0.0214  0.0213  0.0213  0.0213  0.0213  0.0213  0.0213  0.0215  0.0212  0.0214  0.0212  0.0212
  0.0218  0.0216  0.0215  0.0218  0.0216  0.0218  0.0216  0.0221  0.0214  0.0217  0.0214  0.0214
niter,ni,del,rscale     1    3    5.0000    0.4000
parameters
   -1.3391    2.6092   14.4055   -1.9951   -5.2314    0.4911
    2.5672   -0.1619   -1.9110   19.1015    2.9946  -24.2437
eta,q 0.97895 11.69141
  0.0215  0.0214  0.0213  0.0216  0.0214  0.0216  0.0214  0.0218  0.0213  0.0214  0.0213  0.0212
  0.0213  0.0212  0.0212  0.0213  0.0212  0.0214  0.0212  0.0214  0.0212  0.0212  0.0211  0.0211
  0.0211  0.0211  0.0211  0.0212  0.0211  0.0212  0.0211  0.0211  0.0211  0.0211  0.0211  0.0211
  0.0211  0.0211  0.0211  0.0211  0.0211  0.0211  0.0211  0.0211  0.0211  0.0211  0.0211  0.0211
  0.0211  0.0211  0.0211  0.0211  0.0211  0.0211  0.0211  0.0211  0.0211  0.0211  0.0211  0.0211
  0.0213  0.0212  0.0212  0.0212  0.0212  0.0212  0.0212  0.0214  0.0212  0.0213  0.0211  0.0212
  0.0215  0.0214  0.0213  0.0215  0.0214  0.0215  0.0214  0.0218  0.0213  0.0215  0.0213  0.0213
registration optimization eta report
parameter search radius
    0.8000    0.8000    0.8000    2.4000    2.4000    2.4000
    2.4000    2.4000    2.4000    2.4000    2.4000    2.4000
100000*second partial in parameter space
       72.       49.       38.        8.        5.        9.
        6.       12.        4.        7.        4.        3.
  0.0215  0.0214  0.0213  0.0216  0.0214  0.0216  0.0214  0.0218  0.0213  0.0214  0.0213  0.0212
  0.0213  0.0212  0.0212  0.0213  0.0212  0.0214  0.0212  0.0214  0.0212  0.0212  0.0211  0.0211
  0.0211  0.0211  0.0211  0.0212  0.0211  0.0212  0.0211  0.0211  0.0211  0.0211  0.0211  0.0211
  0.0211  0.0211  0.0211  0.0211  0.0211  0.0211  0.0211  0.0211  0.0211  0.0211  0.0211  0.0211
  0.0211  0.0211  0.0211  0.0211  0.0211  0.0211  0.0211  0.0211  0.0211  0.0211  0.0211  0.0211
  0.0213  0.0212  0.0212  0.0212  0.0212  0.0212  0.0212  0.0214  0.0212  0.0213  0.0211  0.0212
  0.0215  0.0214  0.0213  0.0215  0.0214  0.0215  0.0214  0.0218  0.0213  0.0215  0.0213  0.0213
   -1.3391    2.6092   14.4055   -1.9951   -5.2314    0.4911
    2.5672   -0.1619   -1.9110   19.1015    2.9946  -24.2437
eta,q 0.97895 11.69141

---------------------------------------------------------------------
imgreg_4dfp /opt/freesurfer/average/711-2C_as_mni_average_305 /opt/freesurfer/average/711-2B_as_mni_average_305_mask talsrcimg_g11 none talsrcimg_to_711-2C_as_mni_average_305_t4 2311
---------------------------------------------------------------------

freesurfer imgreg_4dfp.c
/opt/freesurfer/average/711-2C_as_mni_average_305.4dfp.img
       256       256       256         1
  1.000000  1.000000  1.000000
orientation T byte_order littleendian
Reading image: /opt/freesurfer/average/711-2C_as_mni_average_305.4dfp.img
dimensions:      256       256       256
mmppix:       1.0000   -1.0000   -1.0000
center:     128.0000 -129.0000 -129.0000
/opt/freesurfer/average/711-2B_as_mni_average_305_mask.4dfp.img
       256       256       256         1
  1.000000  1.000000  1.000000
orientation T byte_order littleendian
Reading mask: /opt/freesurfer/average/711-2B_as_mni_average_305_mask.4dfp.img (2306576 pixels)
talsrcimg_g11.4dfp.img
       256       256       256         1
  1.000000  1.000000  1.000000
orientation T byte_order littleendian
Reading image: talsrcimg_g11.4dfp.img
dimensions:      256       256       256
mmppix:       1.0000   -1.0000   -1.0000
center:     128.0000 -129.0000 -129.0000
fimgreg.f
image alignment mode   2311 decimal      907 hex
parameters
   -1.3391    2.6092   14.4055   -1.9951   -5.2314    0.4911
    2.5672   -0.1619   -1.9110   19.1015    2.9946  -24.2437
eta,q 0.97895 11.69141
niter,ni,del,rscale     5    3    5.0000    0.8000
parameters
   -1.3318    2.6074   14.4680   -2.5222   -5.3334   -0.0961
    2.6040   -0.1549   -1.9218   19.3994    2.9101  -23.8233
eta,q 0.97882 11.65346
  0.0229  0.0223  0.0221  0.0224  0.0222  0.0222  0.0225  0.0235  0.0221  0.0227  0.0218  0.0220
  0.0219  0.0216  0.0215  0.0218  0.0216  0.0218  0.0218  0.0222  0.0216  0.0220  0.0215  0.0216
  0.0213  0.0212  0.0212  0.0213  0.0212  0.0214  0.0213  0.0215  0.0213  0.0214  0.0213  0.0213
  0.0211  0.0211  0.0211  0.0211  0.0211  0.0211  0.0212  0.0212  0.0212  0.0212  0.0212  0.0212
  0.0213  0.0212  0.0212  0.0213  0.0212  0.0212  0.0213  0.0214  0.0213  0.0213  0.0213  0.0212
  0.0219  0.0216  0.0215  0.0221  0.0217  0.0220  0.0217  0.0222  0.0216  0.0217  0.0215  0.0214
  0.0229  0.0223  0.0219  0.0236  0.0224  0.0234  0.0224  0.0235  0.0221  0.0224  0.0219  0.0218
niter,ni,del,rscale     4    3    5.0000    0.7000
parameters
   -1.3424    2.5972   14.4116   -2.3260   -5.3529   -0.1204
    2.5996   -0.1587   -1.9118   19.3325    2.9640  -23.8979
eta,q 0.97885 11.65687
  0.0225  0.0221  0.0218  0.0225  0.0221  0.0222  0.0221  0.0230  0.0218  0.0222  0.0217  0.0217
  0.0217  0.0216  0.0214  0.0219  0.0216  0.0218  0.0216  0.0220  0.0215  0.0216  0.0214  0.0214
  0.0213  0.0213  0.0212  0.0215  0.0213  0.0215  0.0213  0.0214  0.0212  0.0213  0.0212  0.0212
  0.0212  0.0212  0.0212  0.0212  0.0212  0.0212  0.0212  0.0212  0.0212  0.0212  0.0212  0.0212
  0.0213  0.0213  0.0213  0.0211  0.0213  0.0211  0.0213  0.0214  0.0212  0.0213  0.0212  0.0212
  0.0218  0.0216  0.0215  0.0215  0.0216  0.0216  0.0216  0.0220  0.0214  0.0217  0.0214  0.0214
  0.0225  0.0221  0.0219  0.0224  0.0221  0.0225  0.0221  0.0230  0.0218  0.0223  0.0217  0.0217
niter,ni,del,rscale     3    3    5.0000    0.6000
parameters
   -1.3443    2.5914   14.3807   -2.1773   -5.2986    0.0652
    2.5789   -0.1685   -1.9137   19.2443    3.0021  -24.0522
eta,q 0.97889 11.66974
  0.0221  0.0218  0.0216  0.0221  0.0218  0.0220  0.0218  0.0225  0.0216  0.0219  0.0215  0.0215
  0.0216  0.0215  0.0214  0.0217  0.0215  0.0217  0.0214  0.0218  0.0213  0.0215  0.0213  0.0213
  0.0213  0.0212  0.0212  0.0214  0.0212  0.0214  0.0212  0.0213  0.0212  0.0212  0.0212  0.0211
  0.0212  0.0212  0.0212  0.0212  0.0211  0.0211  0.0211  0.0211  0.0211  0.0211  0.0211  0.0211
  0.0213  0.0212  0.0212  0.0211  0.0212  0.0211  0.0212  0.0213  0.0212  0.0212  0.0212  0.0212
  0.0216  0.0215  0.0214  0.0214  0.0214  0.0214  0.0214  0.0218  0.0213  0.0215  0.0213  0.0213
  0.0221  0.0218  0.0217  0.0221  0.0218  0.0220  0.0218  0.0226  0.0216  0.0220  0.0215  0.0216
niter,ni,del,rscale     2    3    5.0000    0.5000
parameters
   -1.3434    2.5972   14.3814   -2.0665   -5.2563    0.2864
    2.5795   -0.1667   -1.9186   19.1713    2.9990  -24.1622
eta,q 0.97892 11.68192
  0.0218  0.0216  0.0215  0.0218  0.0216  0.0218  0.0216  0.0221  0.0214  0.0217  0.0214  0.0214
  0.0214  0.0213  0.0213  0.0215  0.0213  0.0216  0.0213  0.0216  0.0212  0.0213  0.0212  0.0212
  0.0212  0.0212  0.0211  0.0213  0.0212  0.0213  0.0211  0.0212  0.0211  0.0211  0.0211  0.0211
  0.0211  0.0211  0.0211  0.0211  0.0211  0.0211  0.0211  0.0211  0.0211  0.0211  0.0211  0.0211
  0.0212  0.0212  0.0212  0.0211  0.0212  0.0211  0.0211  0.0212  0.0211  0.0212  0.0211  0.0211
  0.0214  0.0213  0.0213  0.0213  0.0213  0.0213  0.0213  0.0215  0.0212  0.0214  0.0212  0.0212
  0.0218  0.0216  0.0215  0.0218  0.0216  0.0218  0.0216  0.0221  0.0214  0.0217  0.0214  0.0214
niter,ni,del,rscale     1    3    5.0000    0.4000
parameters
   -1.3409    2.6125   14.4027   -1.9933   -5.2282    0.4866
    2.5660   -0.1644   -1.9159   19.0996    2.9998  -24.2354
eta,q 0.97895 11.69142
  0.0215  0.0214  0.0213  0.0216  0.0214  0.0216  0.0214  0.0218  0.0213  0.0214  0.0213  0.0212
  0.0213  0.0212  0.0212  0.0213  0.0212  0.0214  0.0212  0.0214  0.0212  0.0212  0.0211  0.0211
  0.0211  0.0211  0.0211  0.0212  0.0211  0.0212  0.0211  0.0211  0.0211  0.0211  0.0211  0.0211
  0.0211  0.0211  0.0211  0.0211  0.0211  0.0211  0.0211  0.0211  0.0211  0.0211  0.0211  0.0211
  0.0211  0.0211  0.0211  0.0211  0.0211  0.0211  0.0211  0.0211  0.0211  0.0211  0.0211  0.0211
  0.0213  0.0212  0.0212  0.0212  0.0212  0.0212  0.0212  0.0214  0.0212  0.0213  0.0211  0.0212
  0.0215  0.0214  0.0213  0.0216  0.0214  0.0215  0.0214  0.0218  0.0213  0.0215  0.0213  0.0213
registration optimization eta report
parameter search radius
    0.8000    0.8000    0.8000    2.4000    2.4000    2.4000
    2.4000    2.4000    2.4000    2.4000    2.4000    2.4000
100000*second partial in parameter space
       72.       49.       38.        8.        5.        9.
        6.       12.        4.        7.        4.        3.
  0.0215  0.0214  0.0213  0.0216  0.0214  0.0216  0.0214  0.0218  0.0213  0.0214  0.0213  0.0212
  0.0213  0.0212  0.0212  0.0213  0.0212  0.0214  0.0212  0.0214  0.0212  0.0212  0.0211  0.0211
  0.0211  0.0211  0.0211  0.0212  0.0211  0.0212  0.0211  0.0211  0.0211  0.0211  0.0211  0.0211
  0.0211  0.0211  0.0211  0.0211  0.0211  0.0211  0.0211  0.0211  0.0211  0.0211  0.0211  0.0211
  0.0211  0.0211  0.0211  0.0211  0.0211  0.0211  0.0211  0.0211  0.0211  0.0211  0.0211  0.0211
  0.0213  0.0212  0.0212  0.0212  0.0212  0.0212  0.0212  0.0214  0.0212  0.0213  0.0211  0.0212
  0.0215  0.0214  0.0213  0.0216  0.0214  0.0215  0.0214  0.0218  0.0213  0.0215  0.0213  0.0213
   -1.3409    2.6125   14.4027   -1.9933   -5.2282    0.4866
    2.5660   -0.1644   -1.9159   19.0996    2.9998  -24.2354
eta,q 0.97895 11.69142

---------------------------------------------------------------------
compute_vox2vox talsrcimg talsrcimg_to_711-2C_as_mni_average_305_t4 /opt/freesurfer/average/711-2C_as_mni_average_305
---------------------------------------------------------------------

freesurfer compute_vox2vox.c
Reading: talsrcimg.4dfp.ifh
Reading: talsrcimg_to_711-2C_as_mni_average_305_t4
Reading: /opt/freesurfer/average/711-2C_as_mni_average_305.4dfp.ifh
Writing: talsrcimg_to_711-2C_as_mni_average_305_t4_vox2vox.txt

start time Sun Mar 8 12:45:55 CET 2026
end		time Sun Mar 8 12:47:20 CET 2026

mpr2mni305 success

avi2talxfm orig_nu.mgz /opt/freesurfer/average/mni305.cor.mgz talsrcimg_to_711-2C_as_mni_average_305_t4_vox2vox.txt transforms/talairach.auto.xfm
avi2talxfm done
mv -f /out/sourcedata/freesurfer/sub-v1s12x0050131_ses-1/mri/talsrcimg_to_711-2C_as_mni_average_305_t4_vox2vox.txt /out/sourcedata/freesurfer/sub-v1s12x0050131_ses-1/mri/transforms/talsrcimg_to_711-2C_as_mni_average_305_t4_vox2vox.txt
lta_convert --src orig_nu.mgz --trg /opt/freesurfer/average/mni305.cor.mgz --inxfm transforms/talairach.auto.xfm --outlta transforms/talairach.auto.xfm.lta --subject fsaverage
7.3.2

--src: orig_nu.mgz src image (geometry).
--trg: /opt/freesurfer/average/mni305.cor.mgz trg image (geometry).
--inmni: transforms/talairach.auto.xfm input MNI/XFM transform.
--outlta: transforms/talairach.auto.xfm.lta output LTA.
--s: fsaverage subject name
 LTA read, type : 1
 1.01963   0.00660  -0.02592  -1.71812;
-0.02429   0.94887   0.24331  -7.47681;
 0.02551  -0.19109   1.00561  -6.60323;
 0.00000   0.00000   0.00000   1.00000;
setting subject to fsaverage
Writing  LTA to file transforms/talairach.auto.xfm.lta...
lta_convert successful.
 
 
Started at Sun Mar 8 12:45:55 CET 2026
Ended   at Sun Mar  8 12:47:21 CET 2026
talairach_avi done
