/out/sourcedata/freesurfer/sub-v1s12x0050103_ses-1/mri
/opt/freesurfer/bin/talairach_avi
--i orig_nu.mgz --xfm transforms/talairach.auto.xfm
talairach_avi 7.3.2
Linux dna075 5.14.0-427.37.1.el9_4.x86_64 #1 SMP PREEMPT_DYNAMIC Fri Sep 13 12:41:50 EDT 2024 x86_64 x86_64 x86_64 GNU/Linux
Sun Mar  8 12:44:54 CET 2026
mri_convert orig_nu.mgz talsrcimg.img 
reading from orig_nu.mgz...
TR=0.00, TE=0.00, TI=0.00, flip angle=0.00
i_ras = (-1, 0, 0)
j_ras = (0, 0, -1)
k_ras = (0, 1, 0)
writing to talsrcimg.img...
Analyze Output Matrix
-1.00000   0.00000   0.00000   129.26202;
 0.00000   0.00000   1.00000  -117.83051;
 0.00000  -1.00000   0.00000   118.62667;
 0.00000   0.00000   0.00000   1.00000;
--------------------
INFO: set hdr.hist.orient to -1
mpr2mni305 talsrcimg
Sun Mar  8 12:44:54 CET 2026
/opt/freesurfer/bin/mpr2mni305 talsrcimg
mpr2mni305 7.3.2
target=711-2C_as_mni_average_305

---------------------------------------------------------------------
analyzeto4dfp talsrcimg -O0 -y
---------------------------------------------------------------------

freesurfer ifh2hdr.c
Sun Mar  8 12:44:54 2026
Writing: talsrcimg.4dfp.hdr
freesurfer analyzeto4dfp.c
Reading: talsrcimg.hdr
header size 348 bytes
hdr.dime.datatype	offset=70	value=2
hdr.dime.bitpix		offset=72	value=8
hdr.hist.orient		offset=252	value=-1
dimensionality     4
dimensions       256       256       256         1
Reading: talsrcimg.img
Writing: talsrcimg.4dfp.img
Writing: talsrcimg.4dfp.ifh
ifh2hdr talsrcimg -r0to199
ori=2

---------------------------------------------------------------------
gauss_4dfp talsrcimg 1.1
---------------------------------------------------------------------

freesurfer gauss_4dfp.c
Reading: talsrcimg.4dfp.img
Writing: talsrcimg_g11.4dfp.img
image dimensions 256 256 256 padded to 288 288 288
processing volume 1freesurfer ifh2hdr.c
Sun Mar  8 12:44:56 2026
Writing: talsrcimg_g11.4dfp.hdr

Writing: talsrcimg_g11.4dfp.ifh
including: talsrcimg.4dfp.img.rec in talsrcimg_g11.4dfp.img.rec

---------------------------------------------------------------------
imgreg_4dfp /opt/freesurfer/average/711-2C_as_mni_average_305 none talsrcimg_g11 none talsrcimg_to_711-2C_as_mni_average_305_t4 4355
---------------------------------------------------------------------

freesurfer imgreg_4dfp.c
/opt/freesurfer/average/711-2C_as_mni_average_305.4dfp.img
       256       256       256         1
  1.000000  1.000000  1.000000
orientation T byte_order littleendian
Reading image: /opt/freesurfer/average/711-2C_as_mni_average_305.4dfp.img
dimensions:      256       256       256
mmppix:       1.0000   -1.0000   -1.0000
center:     128.0000 -129.0000 -129.0000
talsrcimg_g11.4dfp.img
       256       256       256         1
  1.000000  1.000000  1.000000
orientation T byte_order littleendian
Reading image: talsrcimg_g11.4dfp.img
dimensions:      256       256       256
mmppix:       1.0000   -1.0000   -1.0000
center:     128.0000 -129.0000 -129.0000
t4_read: open error in t4_sub.f l:  41 t4_file(1:l)talsrcimg_to_711-2C_as_mni_average_305_t4 
t4_read: transform initialized to I4
rotation matrix determinant  1.000000
image alignment mode   4355 decimal     1103 hex
   -7.5000  -45.0000  -45.0000 7833.0093   18.7672
    0.0000  -45.0000  -45.0000 8224.4473   18.7642
    7.5000  -45.0000  -45.0000 7818.6909   18.7643
   -7.5000  -37.5000  -45.0000 8436.5850   18.7512
    0.0000  -37.5000  -45.0000 8858.9326   18.7484
    7.5000  -37.5000  -45.0000 8405.7881   18.7468
   -7.5000  -30.0000  -45.0000 9363.6572   18.7416
    0.0000  -30.0000  -45.0000 9842.5088   18.7388
    7.5000  -30.0000  -45.0000 9333.6553   18.7373
   -7.5000  -22.5000  -45.000010232.5820   18.7395
    0.0000  -22.5000  -45.000010761.4697   18.7352
    7.5000  -22.5000  -45.000010196.5479   18.7349
   -7.5000  -15.0000  -45.000011003.8447   18.7467
    0.0000  -15.0000  -45.000011557.4912   18.7411
    7.5000  -15.0000  -45.000010942.7373   18.7425
   -7.5000   -7.5000  -45.000011717.9668   18.7529
    0.0000   -7.5000  -45.000012288.9062   18.7486
    7.5000   -7.5000  -45.000011635.5166   18.7508
   -7.5000    0.0000  -45.000012358.9287   18.7555
    0.0000    0.0000  -45.000012971.9512   18.7523
    7.5000    0.0000  -45.000012275.9111   18.7527
   -7.5000    7.5000  -45.000012033.3115   18.7512
    0.0000    7.5000  -45.000012617.4004   18.7484
    7.5000    7.5000  -45.000011934.7910   18.7468
   -7.5000   15.0000  -45.000011606.6680   18.7416
    0.0000   15.0000  -45.000012152.1094   18.7388
    7.5000   15.0000  -45.000011490.8672   18.7373
   -7.5000   22.5000  -45.000011130.8496   18.7370
    0.0000   22.5000  -45.000011668.1553   18.7326
    7.5000   22.5000  -45.000011014.5850   18.7323
   -7.5000   30.0000  -45.000010464.2266   18.4969
    0.0000   30.0000  -45.000010958.6670   18.4913
    7.5000   30.0000  -45.000010325.0605   18.4928
   -7.5000   37.5000  -45.000010008.0928   18.5030
    0.0000   37.5000  -45.000010476.2881   18.4987
    7.5000   37.5000  -45.0000 9851.2910   18.5009
   -7.5000   45.0000  -45.0000 9179.7139   18.0356
    0.0000   45.0000  -45.0000 9602.8164   18.0326
    7.5000   45.0000  -45.0000 9027.3281   18.0329
   -7.5000  -45.0000  -37.5000 8322.0107   18.7625
    0.0000  -45.0000  -37.5000 8752.2666   18.7576
    7.5000  -45.0000  -37.5000 8313.0527   18.7454
   -7.5000  -37.5000  -37.5000 8963.0723   18.7371
    0.0000  -37.5000  -37.5000 9406.7002   18.7292
    7.5000  -37.5000  -37.5000 8941.3975   18.7119
   -7.5000  -30.0000  -37.5000 9953.5293   18.7261
    0.0000  -30.0000  -37.500010442.4785   18.7155
    7.5000  -30.0000  -37.5000 9930.8105   18.6961
   -7.5000  -22.5000  -37.500010887.7197   18.7328
    0.0000  -22.5000  -37.500011440.2119   18.7214
    7.5000  -22.5000  -37.500010860.4502   18.7049
   -7.5000  -15.0000  -37.500011702.0156   18.7497
    0.0000  -15.0000  -37.500012295.1348   18.7404
    7.5000  -15.0000  -37.500011653.0957   18.7291
   -7.5000   -7.5000  -37.500012449.5225   18.7568
    0.0000   -7.5000  -37.500013065.8311   18.7511
    7.5000   -7.5000  -37.500012390.7412   18.7422
   -7.5000    0.0000  -37.500013114.7197   18.7508
    0.0000    0.0000  -37.500013745.8164   18.7458
    7.5000    0.0000  -37.500013039.3857   18.7338
   -7.5000    7.5000  -37.500012768.6768   18.7371
    0.0000    7.5000  -37.500013368.3359   18.7292
    7.5000    7.5000  -37.500012682.2920   18.7119
   -7.5000   15.0000  -37.500012261.2539   18.7261
    0.0000   15.0000  -37.500012837.6621   18.7155
    7.5000   15.0000  -37.500012161.6260   18.6961
   -7.5000   22.5000  -37.500011760.7842   18.7302
    0.0000   22.5000  -37.500012310.5459   18.7188
    7.5000   22.5000  -37.500011630.6992   18.7023
   -7.5000   30.0000  -37.500011042.0518   18.4998
    0.0000   30.0000  -37.500011559.1660   18.4907
    7.5000   30.0000  -37.500010911.7490   18.4795
   -7.5000   37.5000  -37.500010528.7490   18.5068
    0.0000   37.5000  -37.500011014.5488   18.5012
    7.5000   37.5000  -37.500010384.0811   18.4924
   -7.5000   45.0000  -37.5000 9631.4932   18.0312
    0.0000   45.0000  -37.500010078.1475   18.0263
    7.5000   45.0000  -37.5000 9483.3643   18.0148
   -7.5000  -45.0000  -30.0000 8982.1631   19.5517
    0.0000  -45.0000  -30.0000 9431.5654   19.5539
    7.5000  -45.0000  -30.0000 8951.9795   19.5454
   -7.5000  -37.5000  -30.0000 9671.0352   19.5127
    0.0000  -37.5000  -30.000010124.2227   19.5103
    7.5000  -37.5000  -30.0000 9619.1455   19.4943
   -7.5000  -30.0000  -30.000010715.6934   19.5004
    0.0000  -30.0000  -30.000011231.7881   19.4933
    7.5000  -30.0000  -30.000010676.4668   19.4723
   -7.5000  -22.5000  -30.000011719.6436   19.5207
    0.0000  -22.5000  -30.000012303.5264   19.5133
    7.5000  -22.5000  -30.000011685.2910   19.4944
   -7.5000  -15.0000  -30.000012588.8154   19.5513
    0.0000  -15.0000  -30.000013223.4531   19.5481
    7.5000  -15.0000  -30.000012533.2051   19.5365
   -7.5000   -7.5000  -30.000013392.5020   19.5577
    0.0000   -7.5000  -30.000014054.0127   19.5594
    7.5000   -7.5000  -30.000013339.6162   19.5534
   -7.5000    0.0000  -30.000014082.7422   19.5395
    0.0000    0.0000  -30.000014780.3281   19.5416
    7.5000    0.0000  -30.000014009.4043   19.5332
   -7.5000    7.5000  -30.000013696.8896   19.5127
    0.0000    7.5000  -30.000014366.2861   19.5103
    7.5000    7.5000  -30.000013596.7881   19.4943
   -7.5000   15.0000  -30.000013120.9629   19.5004
    0.0000   15.0000  -30.000013760.9297   19.4933
    7.5000   15.0000  -30.000013013.0752   19.4723
   -7.5000   22.5000  -30.000012540.2373   19.5161
    0.0000   22.5000  -30.000013137.0029   19.5086
    7.5000   22.5000  -30.000012419.1006   19.4897
   -7.5000   30.0000  -30.000011781.9189   19.2926
    0.0000   30.0000  -30.000012338.2695   19.2894
    7.5000   30.0000  -30.000011666.4658   19.2780
   -7.5000   37.5000  -30.000011234.2686   19.2989
    0.0000   37.5000  -30.000011741.6289   19.3006
    7.5000   37.5000  -30.000011095.8047   19.2947
   -7.5000   45.0000  -30.000010263.8281   18.8034
    0.0000   45.0000  -30.000010719.5117   18.8054
    7.5000   45.0000  -30.000010105.6494   18.7973
   -7.5000  -45.0000  -22.5000 9644.5996   20.1937
    0.0000  -45.0000  -22.500010118.7607   20.2075
    7.5000  -45.0000  -22.5000 9598.0371   20.2186
   -7.5000  -37.5000  -22.500010357.2598   20.1515
    0.0000  -37.5000  -22.500010847.9795   20.1613
    7.5000  -37.5000  -22.500010301.3516   20.1669
   -7.5000  -30.0000  -22.500011446.1240   20.1424
    0.0000  -30.0000  -22.500012013.7793   20.1467
    7.5000  -30.0000  -22.500011401.5215   20.1456
   -7.5000  -22.5000  -22.500012535.1670   20.1706
    0.0000  -22.5000  -22.500013152.8438   20.1727
    7.5000  -22.5000  -22.500012480.6797   20.1701
   -7.5000  -15.0000  -22.500013471.6904   20.2051
    0.0000  -15.0000  -22.500014133.2588   20.2103
    7.5000  -15.0000  -22.500013395.6436   20.2133
   -7.5000   -7.5000  -22.500014293.7178   20.2066
    0.0000   -7.5000  -22.500015003.4482   20.2177
    7.5000   -7.5000  -22.500014236.5801   20.2279
   -7.5000    0.0000  -22.500015014.8496   20.1810
    0.0000    0.0000  -22.500015774.6162   20.1948
    7.5000    0.0000  -22.500014940.8320   20.2060
   -7.5000    7.5000  -22.500014627.2500   20.1515
    0.0000    7.5000  -22.500015383.1768   20.1613
    7.5000    7.5000  -22.500014527.8047   20.1669
   -7.5000   15.0000  -22.500014022.4941   20.1424
    0.0000   15.0000  -22.500014734.9727   20.1467
    7.5000   15.0000  -22.500013902.1680   20.1456
   -7.5000   22.5000  -22.500013336.6025   20.1644
    0.0000   22.5000  -22.500013995.4121   20.1665
    7.5000   22.5000  -22.500013206.9033   20.1639
   -7.5000   30.0000  -22.500012514.5400   19.9408
    0.0000   30.0000  -22.500013098.7871   19.9459
    7.5000   30.0000  -22.500012382.0986   19.9489
   -7.5000   37.5000  -22.500011917.5820   19.9422
    0.0000   37.5000  -22.500012463.9121   19.9533
    7.5000   37.5000  -22.500011769.9834   19.9634
   -7.5000   45.0000  -22.500010897.0303   19.4353
    0.0000   45.0000  -22.500011378.7559   19.4485
    7.5000   45.0000  -22.500010736.9219   19.4594
   -7.5000  -45.0000  -15.000010272.4756   20.6494
    0.0000  -45.0000  -15.000010781.5449   20.6685
    7.5000  -45.0000  -15.000010234.0996   20.6954
   -7.5000  -37.5000  -15.000011016.5635   20.6149
    0.0000  -37.5000  -15.000011552.2676   20.6324
    7.5000  -37.5000  -15.000010990.1172   20.6580
   -7.5000  -30.0000  -15.000012147.6328   20.6088
    0.0000  -30.0000  -15.000012745.4795   20.6224
    7.5000  -30.0000  -15.000012116.5342   20.6429
   -7.5000  -22.5000  -15.000013298.3232   20.6320
    0.0000  -22.5000  -15.000013970.0771   20.6420
    7.5000  -22.5000  -15.000013271.7100   20.6580
   -7.5000  -15.0000  -15.000014306.7783   20.6592
    0.0000  -15.0000  -15.000015016.3203   20.6693
    7.5000  -15.0000  -15.000014258.4189   20.6864
   -7.5000   -7.5000  -15.000015157.0352   20.6575
    0.0000   -7.5000  -15.000015933.1719   20.6727
    7.5000   -7.5000  -15.000015117.8496   20.6958
   -7.5000    0.0000  -15.000015930.5137   20.6364
    0.0000    0.0000  -15.000016770.6602   20.6554
    7.5000    0.0000  -15.000015880.3193   20.6824
   -7.5000    7.5000  -15.000015554.0000   20.6149
    0.0000    7.5000  -15.000016390.0879   20.6324
    7.5000    7.5000  -15.000015471.5205   20.6580
   -7.5000   15.0000  -15.000014881.1943   20.6088
    0.0000   15.0000  -15.000015677.6523   20.6224
    7.5000   15.0000  -15.000014780.5996   20.6429
   -7.5000   22.5000  -15.000014086.4395   20.6247
    0.0000   22.5000  -15.000014792.4736   20.6347
    7.5000   22.5000  -15.000013977.4453   20.6507
   -7.5000   30.0000  -15.000013199.7002   20.3919
    0.0000   30.0000  -15.000013837.5557   20.4018
    7.5000   30.0000  -15.000013113.5762   20.4187
   -7.5000   37.5000  -15.000012581.3936   20.3902
    0.0000   37.5000  -15.000013196.2559   20.4051
    7.5000   37.5000  -15.000012483.5820   20.4279
   -7.5000   45.0000  -15.000011507.1895   19.8859
    0.0000   45.0000  -15.000012052.6416   19.9042
    7.5000   45.0000  -15.000011384.3193   19.9302
   -7.5000  -45.0000   -7.500010892.1182   20.8987
    0.0000  -45.0000   -7.500011416.2734   20.9086
    7.5000  -45.0000   -7.500010858.9688   20.9291
   -7.5000  -37.5000   -7.500011666.2002   20.8749
    0.0000  -37.5000   -7.500012231.3799   20.8860
    7.5000  -37.5000   -7.500011652.5801   20.9068
   -7.5000  -30.0000   -7.500012835.3730   20.8663
    0.0000  -30.0000   -7.500013463.9688   20.8774
    7.5000  -30.0000   -7.500012834.0576   20.8968
   -7.5000  -22.5000   -7.500014041.1826   20.8743
    0.0000  -22.5000   -7.500014743.8193   20.8826
    7.5000  -22.5000   -7.500014030.7070   20.8994
   -7.5000  -15.0000   -7.500015211.8164   20.8893
    0.0000  -15.0000   -7.500015979.7480   20.8951
    7.5000  -15.0000   -7.500015174.7539   20.9116
   -7.5000   -7.5000   -7.500016183.3965   20.8920
    0.0000   -7.5000   -7.500017024.1133   20.8993
    7.5000   -7.5000   -7.500016113.1855   20.9183
   -7.5000    0.0000   -7.500016972.8750   20.8855
    0.0000    0.0000   -7.500017911.4824   20.8954
    7.5000    0.0000   -7.500016901.6406   20.9160
   -7.5000    7.5000   -7.500016519.6172   20.8749
    0.0000    7.5000   -7.500017450.1445   20.8860
    7.5000    7.5000   -7.500016460.2520   20.9068
   -7.5000   15.0000   -7.500015738.3232   20.8663
    0.0000   15.0000   -7.500016628.2676   20.8774
    7.5000   15.0000   -7.500015718.0303   20.8968
   -7.5000   22.5000   -7.500014866.3252   20.8646
    0.0000   22.5000   -7.500015686.1426   20.8730
    7.5000   22.5000   -7.500014819.4902   20.8898
   -7.5000   30.0000   -7.500013922.4883   20.6184
    0.0000   30.0000   -7.500014666.1357   20.6242
    7.5000   30.0000   -7.500013888.1738   20.6404
   -7.5000   37.5000   -7.500013321.5713   20.6211
    0.0000   37.5000   -7.500014030.6602   20.6283
    7.5000   37.5000   -7.500013282.6172   20.6470
   -7.5000   45.0000   -7.500012202.4863   20.1297
    0.0000   45.0000   -7.500012833.9229   20.1392
    7.5000   45.0000   -7.500012124.6445   20.1591
   -7.5000  -45.0000    0.000011394.6367   20.9712
    0.0000  -45.0000    0.000011936.5820   20.9681
    7.5000  -45.0000    0.000011374.8613   20.9685
   -7.5000  -37.5000    0.000012199.1104   20.9519
    0.0000  -37.5000    0.000012778.1357   20.9492
    7.5000  -37.5000    0.000012156.1338   20.9477
   -7.5000  -30.0000    0.000013399.4639   20.9409
    0.0000  -30.0000    0.000014065.4111   20.9383
    7.5000  -30.0000    0.000013379.9746   20.9370
   -7.5000  -22.5000    0.000014672.8281   20.9402
    0.0000  -22.5000    0.000015439.1211   20.9358
    7.5000  -22.5000    0.000014654.8262   20.9358
   -7.5000  -15.0000    0.000016036.3027   20.9498
    0.0000  -15.0000    0.000016950.2227   20.9440
    7.5000  -15.0000    0.000015924.6025   20.9458
   -7.5000   -7.5000    0.000017224.2617   20.9566
    0.0000   -7.5000    0.000018339.0176   20.9522
    7.5000   -7.5000    0.000017038.2090   20.9548
   -7.5000    0.0000    0.000017997.8398   20.9580
    0.0000    0.0000    0.000019083.5176   20.9549
    7.5000    0.0000    0.000017892.8262   20.9555
   -7.5000    7.5000    0.000017349.1016   20.9519
    0.0000    7.5000    0.000018290.4727   20.9492
    7.5000    7.5000    0.000017354.6074   20.9477
   -7.5000   15.0000    0.000016501.7109   20.9409
    0.0000   15.0000    0.000017430.8008   20.9383
    7.5000   15.0000    0.000016564.5488   20.9370
   -7.5000   22.5000    0.000015593.1689   20.9306
    0.0000   22.5000    0.000016483.2539   20.9262
    7.5000   22.5000    0.000015596.4277   20.9261
   -7.5000   30.0000    0.000014632.7344   20.6786
    0.0000   30.0000    0.000015492.5439   20.6729
    7.5000   30.0000    0.000014592.4932   20.6747
   -7.5000   37.5000    0.000014037.6680   20.6854
    0.0000   37.5000    0.000014819.3125   20.6810
    7.5000   37.5000    0.000013919.1826   20.6836
   -7.5000   45.0000    0.000012872.0459   20.2011
    0.0000   45.0000    0.000013573.9443   20.1981
    7.5000   45.0000    0.000012715.5566   20.1987
   -7.5000  -45.0000    7.500011009.1992   20.9957
    0.0000  -45.0000    7.500011572.4961   20.9901
    7.5000  -45.0000    7.500010970.5293   20.9765
   -7.5000  -37.5000    7.500011784.1846   20.9672
    0.0000  -37.5000    7.500012390.7549   20.9584
    7.5000  -37.5000    7.500011748.3359   20.9390
   -7.5000  -30.0000    7.500012973.7529   20.9549
    0.0000  -30.0000    7.500013660.4199   20.9430
    7.5000  -30.0000    7.500012956.9375   20.9214
   -7.5000  -22.5000    7.500014208.1738   20.9624
    0.0000  -22.5000    7.500014974.2529   20.9497
    7.5000  -22.5000    7.500014181.1982   20.9312
   -7.5000  -15.0000    7.500015571.4043   20.9814
    0.0000  -15.0000    7.500016524.5801   20.9710
    7.5000  -15.0000    7.500015433.9883   20.9583
   -7.5000   -7.5000    7.500016777.6484   20.9892
    0.0000   -7.5000    7.500017916.7617   20.9829
    7.5000   -7.5000    7.500016543.9609   20.9730
   -7.5000    0.0000    7.500017554.3789   20.9826
    0.0000    0.0000    7.500018629.0508   20.9769
    7.5000    0.0000    7.500017439.6680   20.9635
   -7.5000    7.5000    7.500016967.6680   20.9672
    0.0000    7.5000    7.500017910.6914   20.9584
    7.5000    7.5000    7.500016915.8711   20.9390
   -7.5000   15.0000    7.500016200.7207   20.9549
    0.0000   15.0000    7.500017138.6113   20.9430
    7.5000   15.0000    7.500016116.4863   20.9214
   -7.5000   22.5000    7.500015265.7910   20.9528
    0.0000   22.5000    7.500016179.4092   20.9400
    7.5000   22.5000    7.500015135.4648   20.9216
   -7.5000   30.0000    7.500014251.7734   20.7098
    0.0000   30.0000    7.500015088.3350   20.6996
    7.5000   30.0000    7.500014097.8193   20.6870
   -7.5000   37.5000    7.500013612.5742   20.7176
    0.0000   37.5000    7.500014361.9043   20.7114
    7.5000   37.5000    7.500013430.9102   20.7015
   -7.5000   45.0000    7.500012442.7021   20.2248
    0.0000   45.0000    7.500013118.1230   20.2194
    7.5000   45.0000    7.500012257.0781   20.2064
   -7.5000  -45.0000   15.000010546.7266   21.0048
    0.0000  -45.0000   15.000011072.5293   21.0073
    7.5000  -45.0000   15.000010499.6494   20.9982
   -7.5000  -37.5000   15.000011285.3428   20.9630
    0.0000  -37.5000   15.000011851.5361   20.9604
    7.5000  -37.5000   15.000011236.7803   20.9434
   -7.5000  -30.0000   15.000012427.5400   20.9498
    0.0000  -30.0000   15.000013046.8037   20.9423
    7.5000  -30.0000   15.000012372.5732   20.9199
   -7.5000  -22.5000   15.000013580.9404   20.9717
    0.0000  -22.5000   15.000014268.2324   20.9638
    7.5000  -22.5000   15.000013516.5059   20.9436
   -7.5000  -15.0000   15.000014814.1455   21.0044
    0.0000  -15.0000   15.000015689.9072   21.0011
    7.5000  -15.0000   15.000014692.7305   20.9888
   -7.5000   -7.5000   15.000015890.5059   21.0112
    0.0000   -7.5000   15.000016935.4043   21.0132
    7.5000   -7.5000   15.000015685.9951   21.0069
   -7.5000    0.0000   15.000016729.1523   20.9917
    0.0000    0.0000   15.000017795.2207   20.9941
    7.5000    0.0000   15.000016539.1035   20.9852
   -7.5000    7.5000   15.000016365.1113   20.9630
    0.0000    7.5000   15.000017372.9238   20.9604
    7.5000    7.5000   15.000016152.0498   20.9434
   -7.5000   15.0000   15.000015701.3096   20.9498
    0.0000   15.0000   15.000016689.7480   20.9423
    7.5000   15.0000   15.000015457.5459   20.9199
   -7.5000   22.5000   15.000014734.5898   20.9620
    0.0000   22.5000   15.000015646.2666   20.9541
    7.5000   22.5000   15.000014499.4033   20.9339
   -7.5000   30.0000   15.000013642.5684   20.7326
    0.0000   30.0000   15.000014408.8408   20.7293
    7.5000   30.0000   15.000013447.3232   20.7172
   -7.5000   37.5000   15.000012986.6768   20.7393
    0.0000   37.5000   15.000013664.2705   20.7413
    7.5000   37.5000   15.000012796.8477   20.7350
   -7.5000   45.0000   15.000011854.0547   20.2336
    0.0000   45.0000   15.000012428.0547   20.2359
    7.5000   45.0000   15.000011659.8682   20.2273
   -7.5000  -45.0000   22.5000 9973.6729   21.0236
    0.0000  -45.0000   22.500010496.7236   21.0381
    7.5000  -45.0000   22.5000 9929.3760   21.0498
   -7.5000  -37.5000   22.500010667.3691   20.9799
    0.0000  -37.5000   22.500011195.6162   20.9903
    7.5000  -37.5000   22.500010615.8457   20.9962
   -7.5000  -30.0000   22.500011764.4902   20.9701
    0.0000  -30.0000   22.500012311.0049   20.9747
    7.5000  -30.0000   22.500011688.2158   20.9736
   -7.5000  -22.5000   22.500012884.3271   20.9987
    0.0000  -22.5000   22.500013496.4736   21.0010
    7.5000  -22.5000   22.500012773.5039   20.9984
   -7.5000  -15.0000   22.500014031.4688   21.0342
    0.0000  -15.0000   22.500014791.7549   21.0396
    7.5000  -15.0000   22.500013855.7646   21.0430
   -7.5000   -7.5000   22.500015001.1416   21.0361
    0.0000   -7.5000   22.500015807.6543   21.0478
    7.5000   -7.5000   22.500014759.7061   21.0586
   -7.5000    0.0000   22.500015747.0312   21.0104
    0.0000    0.0000   22.500016564.5000   21.0248
    7.5000    0.0000   22.500015541.9727   21.0366
   -7.5000    7.5000   22.500015395.2217   20.9799
    0.0000    7.5000   22.500016176.0332   20.9903
    7.5000    7.5000   22.500015201.4277   20.9962
   -7.5000   15.0000   22.500014796.8955   20.9701
    0.0000   15.0000   22.500015586.4785   20.9747
    7.5000   15.0000   22.500014622.6992   20.9736
   -7.5000   22.5000   22.500013922.2490   20.9890
    0.0000   22.5000   22.500014642.6123   20.9913
    7.5000   22.5000   22.500013748.1162   20.9888
   -7.5000   30.0000   22.500012894.5898   20.7620
    0.0000   30.0000   22.500013499.4990   20.7674
    7.5000   30.0000   22.500012734.5703   20.7706
   -7.5000   37.5000   22.500012282.8662   20.7639
    0.0000   37.5000   22.500012849.3320   20.7754
    7.5000   37.5000   22.500012104.0908   20.7861
   -7.5000   45.0000   22.500011184.2900   20.2516
    0.0000   45.0000   22.500011687.5488   20.2655
    7.5000   45.0000   22.500011009.2549   20.2768
   -7.5000  -45.0000   30.0000 9289.4551   21.1125
    0.0000  -45.0000   30.0000 9769.3525   21.1323
    7.5000  -45.0000   30.0000 9241.9561   21.1605
   -7.5000  -37.5000   30.0000 9964.4629   21.0770
    0.0000  -37.5000   30.000010444.0791   21.0951
    7.5000  -37.5000   30.0000 9900.0010   21.1218
   -7.5000  -30.0000   30.000010986.5322   21.0696
    0.0000  -30.0000   30.000011505.0400   21.0838
    7.5000  -30.0000   30.000010896.5791   21.1052
   -7.5000  -22.5000   30.000012030.1221   21.0924
    0.0000  -22.5000   30.000012591.6367   21.1028
    7.5000  -22.5000   30.000011918.9434   21.1198
   -7.5000  -15.0000   30.000013043.7568   21.1202
    0.0000  -15.0000   30.000013672.3984   21.1307
    7.5000  -15.0000   30.000012889.3379   21.1489
   -7.5000   -7.5000   30.000013886.9209   21.1196
    0.0000   -7.5000   30.000014505.5918   21.1353
    7.5000   -7.5000   30.000013711.1816   21.1597
   -7.5000    0.0000   30.000014536.6035   21.0991
    0.0000    0.0000   30.000015171.3428   21.1188
    7.5000    0.0000   30.000014411.9141   21.1471
   -7.5000    7.5000   30.000014196.8076   21.0770
    0.0000    7.5000   30.000014811.4414   21.0951
    7.5000    7.5000   30.000014085.6025   21.1218
   -7.5000   15.0000   30.000013632.3857   21.0696
    0.0000   15.0000   30.000014254.6885   21.0838
    7.5000   15.0000   30.000013522.1748   21.1052
   -7.5000   22.5000   30.000012880.9834   21.0827
    0.0000   22.5000   30.000013470.8955   21.0931
    7.5000   22.5000   30.000012757.6816   21.1100
   -7.5000   30.0000   30.000011956.1318   20.8469
    0.0000   30.0000   30.000012473.1357   20.8572
    7.5000   30.0000   30.000011836.8301   20.8752
   -7.5000   37.5000   30.000011398.2520   20.8463
    0.0000   37.5000   30.000011894.6777   20.8618
    7.5000   37.5000   30.000011263.4150   20.8858
   -7.5000   45.0000   30.000010382.6855   20.3371
    0.0000   45.0000   30.000010835.5811   20.3561
    7.5000   45.0000   30.000010243.5840   20.3833
   -7.5000  -45.0000   37.5000 8953.0703   21.4367
    0.0000  -45.0000   37.5000 9393.7324   21.4477
    7.5000  -45.0000   37.5000 8895.0254   21.4705
   -7.5000  -37.5000   37.5000 9601.6416   21.4112
    0.0000  -37.5000   37.500010036.6943   21.4235
    7.5000  -37.5000   37.5000 9529.8838   21.4465
   -7.5000  -30.0000   37.500010566.3613   21.4009
    0.0000  -30.0000   37.500011042.1299   21.4132
    7.5000  -30.0000   37.500010492.2627   21.4348
   -7.5000  -22.5000   37.500011527.8125   21.4084
    0.0000  -22.5000   37.500012083.2354   21.4178
    7.5000  -22.5000   37.500011470.5625   21.4369
   -7.5000  -15.0000   37.500012467.0820   21.4247
    0.0000  -15.0000   37.500013046.2129   21.4314
    7.5000  -15.0000   37.500012367.4814   21.4502
   -7.5000   -7.5000   37.500013247.3359   21.4289
    0.0000   -7.5000   37.500013802.0244   21.4371
    7.5000   -7.5000   37.500013129.4521   21.4584
   -7.5000    0.0000   37.500013856.2881   21.4229
    0.0000    0.0000   37.500014426.8496   21.4339
    7.5000    0.0000   37.500013749.4961   21.4568
   -7.5000    7.5000   37.500013544.1689   21.4112
    0.0000    7.5000   37.500014092.9404   21.4235
    7.5000    7.5000   37.500013441.6250   21.4465
   -7.5000   15.0000   37.500013036.0176   21.4009
    0.0000   15.0000   37.500013575.1582   21.4132
    7.5000   15.0000   37.500012947.2529   21.4348
   -7.5000   22.5000   37.500012322.9014   21.3986
    0.0000   22.5000   37.500012836.7158   21.4079
    7.5000   22.5000   37.500012219.2744   21.4270
   -7.5000   30.0000   37.500011433.6934   21.1475
    0.0000   30.0000   37.500011902.1348   21.1540
    7.5000   30.0000   37.500011331.5342   21.1726
   -7.5000   37.5000   37.500010915.6357   21.1515
    0.0000   37.5000   37.500011365.9023   21.1597
    7.5000   37.5000   37.500010809.5410   21.1807
   -7.5000   45.0000   37.5000 9951.4014   20.6492
    0.0000   45.0000   37.500010384.5498   20.6598
    7.5000   45.0000   37.5000 9831.2207   20.6819
   -7.5000  -45.0000   45.0000 8192.3057   21.8202
    0.0000  -45.0000   45.0000 8566.4561   21.8207
    7.5000  -45.0000   45.0000 8148.1899   21.8246
   -7.5000  -37.5000   45.0000 8777.4707   21.7981
    0.0000  -37.5000   45.0000 9156.1504   21.7982
    7.5000  -37.5000   45.0000 8718.8438   21.8002
   -7.5000  -30.0000   45.0000 9672.2979   21.7853
    0.0000  -30.0000   45.000010083.5049   21.7844
    7.5000  -30.0000   45.0000 9610.7207   21.7866
   -7.5000  -22.5000   45.000010566.2236   21.7849
    0.0000  -22.5000   45.000011030.6787   21.7818
    7.5000  -22.5000   45.000010511.9668   21.7851
   -7.5000  -15.0000   45.000011381.7197   21.7966
    0.0000  -15.0000   45.000011875.3379   21.7925
    7.5000  -15.0000   45.000011289.5400   21.7977
   -7.5000   -7.5000   45.000012071.3447   21.8049
    0.0000   -7.5000   45.000012577.5781   21.8033
    7.5000   -7.5000   45.000011962.7930   21.8094
   -7.5000    0.0000   45.000012626.9473   21.8060
    0.0000    0.0000   45.000013163.5908   21.8063
    7.5000    0.0000   45.000012529.3457   21.8104
   -7.5000    7.5000   45.000012342.6875   21.7981
    0.0000    7.5000   45.000012867.0332   21.7982
    7.5000    7.5000   45.000012252.5869   21.8002
   -7.5000   15.0000   45.000011910.2852   21.7853
    0.0000   15.0000   45.000012422.5664   21.7844
    7.5000   15.0000   45.000011831.4434   21.7866
   -7.5000   22.5000   45.000011276.1992   21.7748
    0.0000   22.5000   45.000011776.5576   21.7717
    7.5000   22.5000   45.000011185.4307   21.7750
   -7.5000   30.0000   45.000010448.5400   21.5127
    0.0000   30.0000   45.000010920.8789   21.5086
    7.5000   30.0000   45.000010356.9648   21.5137
   -7.5000   37.5000   45.0000 9957.1006   21.5208
    0.0000   37.5000   45.000010382.1084   21.5193
    7.5000   37.5000   45.0000 9861.7725   21.5253
   -7.5000   45.0000   45.0000 9081.5625   21.0280
    0.0000   45.0000   45.0000 9485.6807   21.0283
    7.5000   45.0000   45.0000 8986.3828   21.0323

---------------------------------------------------------------------
imgreg_4dfp /opt/freesurfer/average/711-2C_as_mni_average_305 /opt/freesurfer/average/711-2B_as_mni_average_305_mask talsrcimg_g11 none talsrcimg_to_711-2C_as_mni_average_305_t4 4355
---------------------------------------------------------------------

freesurfer imgreg_4dfp.c
/opt/freesurfer/average/711-2C_as_mni_average_305.4dfp.img
       256       256       256         1
  1.000000  1.000000  1.000000
orientation T byte_order littleendian
Reading image: /opt/freesurfer/average/711-2C_as_mni_average_305.4dfp.img
dimensions:      256       256       256
mmppix:       1.0000   -1.0000   -1.0000
center:     128.0000 -129.0000 -129.0000
/opt/freesurfer/average/711-2B_as_mni_average_305_mask.4dfp.img
       256       256       256         1
  1.000000  1.000000  1.000000
orientation T byte_order littleendian
Reading mask: /opt/freesurfer/average/711-2B_as_mni_average_305_mask.4dfp.img (2306576 pixels)
talsrcimg_g11.4dfp.img
       256       256       256         1
  1.000000  1.000000  1.000000
orientation T byte_order littleendian
Reading image: talsrcimg_g11.4dfp.img
dimensions:      256       256       256
mmppix:       1.0000   -1.0000   -1.0000
center:     128.0000 -129.0000 -129.0000
rotation matrix determinant  1.000000
image alignment mode   4355 decimal     1103 hex
   -7.5000  -45.0000  -45.0000 2109.9089   23.7769
    0.0000  -45.0000  -45.0000 2124.3765   23.9163
    7.5000  -45.0000  -45.0000 2109.9441   23.9600
   -7.5000  -37.5000  -45.0000 2217.3098   21.6222
    0.0000  -37.5000  -45.0000 2228.7769   21.7214
    7.5000  -37.5000  -45.0000 2212.9175   21.7708
   -7.5000  -30.0000  -45.0000 2302.2590   20.0237
    0.0000  -30.0000  -45.0000 2315.4912   20.1166
    7.5000  -30.0000  -45.0000 2299.0166   20.2166
   -7.5000  -22.5000  -45.0000 2354.1042   18.9934
    0.0000  -22.5000  -45.0000 2369.6553   19.0644
    7.5000  -22.5000  -45.0000 2349.2451   19.1475
   -7.5000  -15.0000  -45.0000 2387.3984   18.3723
    0.0000  -15.0000  -45.0000 2406.0508   18.3935
    7.5000  -15.0000  -45.0000 2377.8901   18.5111
   -7.5000   -7.5000  -45.0000 2401.8352   18.0261
    0.0000   -7.5000  -45.0000 2421.3445   18.0423
    7.5000   -7.5000  -45.0000 2395.6228   18.1334
   -7.5000    0.0000  -45.0000 2405.0894   17.9518
    0.0000    0.0000  -45.0000 2420.8521   17.9482
    7.5000    0.0000  -45.0000 2397.3506   18.0624
   -7.5000    7.5000  -45.0000 2394.4597   18.1843
    0.0000    7.5000  -45.0000 2411.6489   18.1998
    7.5000    7.5000  -45.0000 2385.3789   18.3028
   -7.5000   15.0000  -45.0000 2364.9907   18.8449
    0.0000   15.0000  -45.0000 2383.2556   18.8337
    7.5000   15.0000  -45.0000 2359.6470   18.9501
   -7.5000   22.5000  -45.0000 2318.2175   19.7785
    0.0000   22.5000  -45.0000 2335.6970   19.8015
    7.5000   22.5000  -45.0000 2313.0974   19.9150
   -7.5000   30.0000  -45.0000 2253.4910   21.0645
    0.0000   30.0000  -45.0000 2268.6475   21.0819
    7.5000   30.0000  -45.0000 2245.1125   21.1777
   -7.5000   37.5000  -45.0000 2170.5266   22.7632
    0.0000   37.5000  -45.0000 2179.8057   22.7388
    7.5000   37.5000  -45.0000 2160.3250   22.9058
   -7.5000   45.0000  -45.0000 2067.7178   25.0759
    0.0000   45.0000  -45.0000 2070.9675   25.0699
    7.5000   45.0000  -45.0000 2051.1003   25.2626
   -7.5000  -45.0000  -37.5000 2190.1838   22.2401
    0.0000  -45.0000  -37.5000 2208.9490   22.4032
    7.5000  -45.0000  -37.5000 2190.8638   22.3739
   -7.5000  -37.5000  -37.5000 2300.7646   20.1958
    0.0000  -37.5000  -37.5000 2313.1550   20.2861
    7.5000  -37.5000  -37.5000 2298.8923   20.3153
   -7.5000  -30.0000  -37.5000 2389.9421   18.6463
    0.0000  -30.0000  -37.5000 2402.8584   18.7053
    7.5000  -30.0000  -37.5000 2391.9248   18.7697
   -7.5000  -22.5000  -37.5000 2447.6709   17.6174
    0.0000  -22.5000  -37.5000 2465.4763   17.6512
    7.5000  -22.5000  -37.5000 2446.1729   17.7210
   -7.5000  -15.0000  -37.5000 2484.0952   17.0657
    0.0000  -15.0000  -37.5000 2501.7368   17.0402
    7.5000  -15.0000  -37.5000 2478.6528   17.1729
   -7.5000   -7.5000  -37.5000 2504.0566   16.7393
    0.0000   -7.5000  -37.5000 2522.2500   16.7141
    7.5000   -7.5000  -37.5000 2496.2126   16.8388
   -7.5000    0.0000  -37.5000 2504.6797   16.6286
    0.0000    0.0000  -37.5000 2519.4241   16.5866
    7.5000    0.0000  -37.5000 2499.0881   16.7553
   -7.5000    7.5000  -37.5000 2496.8904   16.8480
    0.0000    7.5000  -37.5000 2514.5676   16.7776
    7.5000    7.5000  -37.5000 2491.8132   16.9690
   -7.5000   15.0000  -37.5000 2469.6658   17.4160
    0.0000   15.0000  -37.5000 2488.2849   17.3586
    7.5000   15.0000  -37.5000 2464.9993   17.5208
   -7.5000   22.5000  -37.5000 2421.5571   18.3064
    0.0000   22.5000  -37.5000 2436.9238   18.2549
    7.5000   22.5000  -37.5000 2413.6865   18.3960
   -7.5000   30.0000  -37.5000 2350.7432   19.4847
    0.0000   30.0000  -37.5000 2362.9072   19.4630
    7.5000   30.0000  -37.5000 2336.5957   19.5719
   -7.5000   37.5000  -37.5000 2262.8201   21.0210
    0.0000   37.5000  -37.5000 2273.0520   21.0290
    7.5000   37.5000  -37.5000 2246.2551   21.1580
   -7.5000   45.0000  -37.5000 2155.1553   23.1484
    0.0000   45.0000  -37.5000 2161.4534   23.1635
    7.5000   45.0000  -37.5000 2134.6445   23.2439
   -7.5000  -45.0000  -30.0000 2302.2036   21.7034
    0.0000  -45.0000  -30.0000 2318.6584   21.7765
    7.5000  -45.0000  -30.0000 2298.0791   21.8420
   -7.5000  -37.5000  -30.0000 2421.6187   19.6266
    0.0000  -37.5000  -30.0000 2435.9609   19.6522
    7.5000  -37.5000  -30.0000 2414.6980   19.7619
   -7.5000  -30.0000  -30.0000 2514.7859   18.0721
    0.0000  -30.0000  -30.0000 2531.2996   18.0609
    7.5000  -30.0000  -30.0000 2510.3914   18.1548
   -7.5000  -22.5000  -30.0000 2580.2610   17.0077
    0.0000  -22.5000  -30.0000 2598.3828   16.9859
    7.5000  -22.5000  -30.0000 2578.1846   17.0759
   -7.5000  -15.0000  -30.0000 2626.2600   16.3821
    0.0000  -15.0000  -30.0000 2640.6575   16.3335
    7.5000  -15.0000  -30.0000 2618.1821   16.4738
   -7.5000   -7.5000  -30.0000 2658.3372   16.0445
    0.0000   -7.5000  -30.0000 2670.2319   15.9690
    7.5000   -7.5000  -30.0000 2648.0691   16.1670
   -7.5000    0.0000  -30.0000 2660.8621   15.9603
    0.0000    0.0000  -30.0000 2672.1504   15.9041
    7.5000    0.0000  -30.0000 2651.5537   16.1044
   -7.5000    7.5000  -30.0000 2652.6172   16.2075
    0.0000    7.5000  -30.0000 2665.9268   16.1098
    7.5000    7.5000  -30.0000 2641.8247   16.3382
   -7.5000   15.0000  -30.0000 2622.9534   16.7410
    0.0000   15.0000  -30.0000 2635.9402   16.6525
    7.5000   15.0000  -30.0000 2610.7017   16.8350
   -7.5000   22.5000  -30.0000 2569.3220   17.5539
    0.0000   22.5000  -30.0000 2580.5234   17.5082
    7.5000   22.5000  -30.0000 2552.9680   17.6584
   -7.5000   30.0000  -30.0000 2487.0100   18.6820
    0.0000   30.0000  -30.0000 2500.9048   18.6474
    7.5000   30.0000  -30.0000 2470.9412   18.7926
   -7.5000   37.5000  -30.0000 2392.8328   20.1779
    0.0000   37.5000  -30.0000 2403.7634   20.1545
    7.5000   37.5000  -30.0000 2374.5007   20.3068
   -7.5000   45.0000  -30.0000 2275.9263   22.1943
    0.0000   45.0000  -30.0000 2285.9253   22.1764
    7.5000   45.0000  -30.0000 2257.1208   22.3258
   -7.5000  -45.0000  -22.5000 2382.3352   20.9897
    0.0000  -45.0000  -22.5000 2400.0393   21.0281
    7.5000  -45.0000  -22.5000 2376.4600   21.1440
   -7.5000  -37.5000  -22.5000 2501.9692   18.8819
    0.0000  -37.5000  -22.5000 2516.8428   18.8989
    7.5000  -37.5000  -22.5000 2493.7856   19.0731
   -7.5000  -30.0000  -22.5000 2597.5806   17.3169
    0.0000  -30.0000  -22.5000 2613.3167   17.2831
    7.5000  -30.0000  -22.5000 2591.7139   17.4821
   -7.5000  -22.5000  -22.5000 2680.0967   16.2648
    0.0000  -22.5000  -22.5000 2693.0203   16.2304
    7.5000  -22.5000  -22.5000 2672.5569   16.3779
   -7.5000  -15.0000  -22.5000 2738.0205   15.6409
    0.0000  -15.0000  -22.5000 2746.3784   15.5708
    7.5000  -15.0000  -22.5000 2723.8867   15.7086
   -7.5000   -7.5000  -22.5000 2777.4160   15.2241
    0.0000   -7.5000  -22.5000 2786.7764   15.1686
    7.5000   -7.5000  -22.5000 2759.2510   15.3501
   -7.5000    0.0000  -22.5000 2785.2649   15.1419
    0.0000    0.0000  -22.5000 2794.9333   15.1031
    7.5000    0.0000  -22.5000 2766.7114   15.3199
   -7.5000    7.5000  -22.5000 2779.7449   15.4068
    0.0000    7.5000  -22.5000 2794.2603   15.3727
    7.5000    7.5000  -22.5000 2763.3762   15.5671
   -7.5000   15.0000  -22.5000 2752.1553   15.9318
    0.0000   15.0000  -22.5000 2763.2983   15.8786
    7.5000   15.0000  -22.5000 2732.8167   16.0658
   -7.5000   22.5000  -22.5000 2688.9819   16.7292
    0.0000   22.5000  -22.5000 2701.4150   16.6578
    7.5000   22.5000  -22.5000 2670.3132   16.8555
   -7.5000   30.0000  -22.5000 2600.3638   17.8043
    0.0000   30.0000  -22.5000 2610.4402   17.7438
    7.5000   30.0000  -22.5000 2584.7375   17.9539
   -7.5000   37.5000  -22.5000 2496.4084   19.2437
    0.0000   37.5000  -22.5000 2502.0894   19.1880
    7.5000   37.5000  -22.5000 2478.4280   19.4097
   -7.5000   45.0000  -22.5000 2372.7170   21.2044
    0.0000   45.0000  -22.5000 2380.5632   21.1688
    7.5000   45.0000  -22.5000 2353.8477   21.3811
   -7.5000  -45.0000  -15.0000 2420.9683   20.3349
    0.0000  -45.0000  -15.0000 2439.3521   20.3028
    7.5000  -45.0000  -15.0000 2416.5557   20.4929
   -7.5000  -37.5000  -15.0000 2539.7710   18.2430
    0.0000  -37.5000  -15.0000 2556.0286   18.1995
    7.5000  -37.5000  -15.0000 2537.9521   18.4166
   -7.5000  -30.0000  -15.0000 2641.2202   16.6555
    0.0000  -30.0000  -15.0000 2658.2588   16.6006
    7.5000  -30.0000  -15.0000 2639.6138   16.8174
   -7.5000  -22.5000  -15.0000 2737.4312   15.6129
    0.0000  -22.5000  -15.0000 2751.0986   15.5514
    7.5000  -22.5000  -15.0000 2732.1326   15.7306
   -7.5000  -15.0000  -15.0000 2805.1492   14.9254
    0.0000  -15.0000  -15.0000 2817.1880   14.8718
    7.5000  -15.0000  -15.0000 2795.3535   15.0300
   -7.5000   -7.5000  -15.0000 2849.3899   14.4911
    0.0000   -7.5000  -15.0000 2867.7522   14.4325
    7.5000   -7.5000  -15.0000 2837.6599   14.6260
   -7.5000    0.0000  -15.0000 2867.9109   14.3566
    0.0000    0.0000  -15.0000 2885.8333   14.3375
    7.5000    0.0000  -15.0000 2849.6719   14.5682
   -7.5000    7.5000  -15.0000 2869.2620   14.6471
    0.0000    7.5000  -15.0000 2885.5085   14.6115
    7.5000    7.5000  -15.0000 2851.7917   14.8184
   -7.5000   15.0000  -15.0000 2835.9221   15.1852
    0.0000   15.0000  -15.0000 2848.2717   15.1336
    7.5000   15.0000  -15.0000 2818.9543   15.3339
   -7.5000   22.5000  -15.0000 2773.3594   15.9419
    0.0000   22.5000  -15.0000 2779.9507   15.8591
    7.5000   22.5000  -15.0000 2756.0601   16.0912
   -7.5000   30.0000  -15.0000 2677.1846   16.9669
    0.0000   30.0000  -15.0000 2682.1587   16.8914
    7.5000   30.0000  -15.0000 2662.7720   17.1402
   -7.5000   37.5000  -15.0000 2565.8303   18.3949
    0.0000   37.5000  -15.0000 2572.9446   18.3257
    7.5000   37.5000  -15.0000 2550.4546   18.6035
   -7.5000   45.0000  -15.0000 2433.3413   20.3510
    0.0000   45.0000  -15.0000 2437.1042   20.2639
    7.5000   45.0000  -15.0000 2415.0820   20.5686
   -7.5000  -45.0000   -7.5000 2433.8928   19.7677
    0.0000  -45.0000   -7.5000 2449.9177   19.6875
    7.5000  -45.0000   -7.5000 2431.3770   19.8635
   -7.5000  -37.5000   -7.5000 2551.5286   17.7042
    0.0000  -37.5000   -7.5000 2570.4719   17.6281
    7.5000  -37.5000   -7.5000 2553.3564   17.8480
   -7.5000  -30.0000   -7.5000 2659.5042   16.1335
    0.0000  -30.0000   -7.5000 2677.3650   16.0505
    7.5000  -30.0000   -7.5000 2661.0813   16.2682
   -7.5000  -22.5000   -7.5000 2766.1277   15.0525
    0.0000  -22.5000   -7.5000 2784.4929   14.9695
    7.5000  -22.5000   -7.5000 2766.2085   15.1636
   -7.5000  -15.0000   -7.5000 2849.7393   14.3579
    0.0000  -15.0000   -7.5000 2870.1956   14.3081
    7.5000  -15.0000   -7.5000 2846.8545   14.4498
   -7.5000   -7.5000   -7.5000 2908.3147   13.9347
    0.0000   -7.5000   -7.5000 2931.3215   13.8627
    7.5000   -7.5000   -7.5000 2897.9446   14.0484
   -7.5000    0.0000   -7.5000 2936.1360   13.7258
    0.0000    0.0000   -7.5000 2951.3923   13.6581
    7.5000    0.0000   -7.5000 2916.3857   13.9286
   -7.5000    7.5000   -7.5000 2932.8335   13.9845
    0.0000    7.5000   -7.5000 2946.4902   13.9064
    7.5000    7.5000   -7.5000 2915.8872   14.1662
   -7.5000   15.0000   -7.5000 2888.7744   14.4966
    0.0000   15.0000   -7.5000 2903.5415   14.4203
    7.5000   15.0000   -7.5000 2880.4292   14.6748
   -7.5000   22.5000   -7.5000 2825.9231   15.2629
    0.0000   22.5000   -7.5000 2836.7620   15.1702
    7.5000   22.5000   -7.5000 2813.7698   15.4609
   -7.5000   30.0000   -7.5000 2724.8362   16.2983
    0.0000   30.0000   -7.5000 2733.3743   16.1896
    7.5000   30.0000   -7.5000 2714.5908   16.5411
   -7.5000   37.5000   -7.5000 2606.5391   17.7432
    0.0000   37.5000   -7.5000 2615.3533   17.6325
    7.5000   37.5000   -7.5000 2592.2146   18.0183
   -7.5000   45.0000   -7.5000 2469.2834   19.6517
    0.0000   45.0000   -7.5000 2481.0684   19.5570
    7.5000   45.0000   -7.5000 2457.0132   19.9102
   -7.5000  -45.0000    0.0000 2423.5376   19.4628
    0.0000  -45.0000    0.0000 2439.2893   19.3274
    7.5000  -45.0000    0.0000 2426.5906   19.5288
   -7.5000  -37.5000    0.0000 2548.3425   17.4456
    0.0000  -37.5000    0.0000 2562.3235   17.2936
    7.5000  -37.5000    0.0000 2549.2295   17.5067
   -7.5000  -30.0000    0.0000 2662.7258   15.8967
    0.0000  -30.0000    0.0000 2680.2290   15.7459
    7.5000  -30.0000    0.0000 2663.2654   15.9218
   -7.5000  -22.5000    0.0000 2779.0811   14.7873
    0.0000  -22.5000    0.0000 2803.2786   14.6628
    7.5000  -22.5000    0.0000 2779.3022   14.8198
   -7.5000  -15.0000    0.0000 2876.2007   14.0839
    0.0000  -15.0000    0.0000 2903.4941   13.9916
    7.5000  -15.0000    0.0000 2875.6387   14.0956
   -7.5000   -7.5000    0.0000 2946.6418   13.6752
    0.0000   -7.5000    0.0000 2978.0945   13.6081
    7.5000   -7.5000    0.0000 2942.4824   13.6782
   -7.5000    0.0000    0.0000 2977.4858   13.3791
    0.0000    0.0000    0.0000 3004.5916   13.3045
    7.5000    0.0000    0.0000 2964.8601   13.5162
   -7.5000    7.5000    0.0000 2965.1702   13.5173
    0.0000    7.5000    0.0000 2983.1892   13.4275
    7.5000    7.5000    0.0000 2950.3899   13.7289
   -7.5000   15.0000    0.0000 2914.9683   14.0681
    0.0000   15.0000    0.0000 2932.4592   13.9143
    7.5000   15.0000    0.0000 2905.7964   14.2938
   -7.5000   22.5000    0.0000 2848.6055   14.8824
    0.0000   22.5000    0.0000 2863.5596   14.7351
    7.5000   22.5000    0.0000 2836.8262   15.0839
   -7.5000   30.0000    0.0000 2743.5205   15.9609
    0.0000   30.0000    0.0000 2758.6006   15.8571
    7.5000   30.0000    0.0000 2735.1077   16.1391
   -7.5000   37.5000    0.0000 2626.3921   17.4346
    0.0000   37.5000    0.0000 2635.6506   17.3129
    7.5000   37.5000    0.0000 2611.2188   17.5961
   -7.5000   45.0000    0.0000 2489.6189   19.3185
    0.0000   45.0000    0.0000 2499.8049   19.2149
    7.5000   45.0000    0.0000 2477.1101   19.4600
   -7.5000  -45.0000    7.5000 2406.8821   19.5191
    0.0000  -45.0000    7.5000 2420.1172   19.3544
    7.5000  -45.0000    7.5000 2407.5940   19.4817
   -7.5000  -37.5000    7.5000 2536.5242   17.4650
    0.0000  -37.5000    7.5000 2548.0068   17.3167
    7.5000  -37.5000    7.5000 2534.9717   17.4481
   -7.5000  -30.0000    7.5000 2659.2363   15.8659
    0.0000  -30.0000    7.5000 2677.0105   15.7402
    7.5000  -30.0000    7.5000 2659.4053   15.8810
   -7.5000  -22.5000    7.5000 2781.1228   14.7207
    0.0000  -22.5000    7.5000 2802.5125   14.5895
    7.5000  -22.5000    7.5000 2778.9382   14.7447
   -7.5000  -15.0000    7.5000 2886.2910   14.0106
    0.0000  -15.0000    7.5000 2913.1802   13.9063
    7.5000  -15.0000    7.5000 2883.8562   14.0183
   -7.5000   -7.5000    7.5000 2960.9399   13.6067
    0.0000   -7.5000    7.5000 2999.7468   13.5348
    7.5000   -7.5000    7.5000 2956.6592   13.5805
   -7.5000    0.0000    7.5000 2991.2183   13.3288
    0.0000    0.0000    7.5000 3031.4023   13.2826
    7.5000    0.0000    7.5000 2984.7183   13.4027
   -7.5000    7.5000    7.5000 2971.3311   13.4253
    0.0000    7.5000    7.5000 3001.9785   13.2821
    7.5000    7.5000    7.5000 2962.0591   13.5821
   -7.5000   15.0000    7.5000 2926.0989   13.8933
    0.0000   15.0000    7.5000 2951.8884   13.7530
    7.5000   15.0000    7.5000 2913.0757   14.0399
   -7.5000   22.5000    7.5000 2848.1360   14.7301
    0.0000   22.5000    7.5000 2867.7175   14.6577
    7.5000   22.5000    7.5000 2839.4084   14.8626
   -7.5000   30.0000    7.5000 2741.0752   15.8987
    0.0000   30.0000    7.5000 2755.3469   15.8317
    7.5000   30.0000    7.5000 2733.7361   15.9964
   -7.5000   37.5000    7.5000 2622.4302   17.3862
    0.0000   37.5000    7.5000 2634.2014   17.3048
    7.5000   37.5000    7.5000 2611.3320   17.4874
   -7.5000   45.0000    7.5000 2486.7205   19.2612
    0.0000   45.0000    7.5000 2500.6082   19.1930
    7.5000   45.0000    7.5000 2474.8972   19.3737
   -7.5000  -45.0000   15.0000 2389.6509   19.7341
    0.0000  -45.0000   15.0000 2403.9714   19.5303
    7.5000  -45.0000   15.0000 2385.7058   19.6806
   -7.5000  -37.5000   15.0000 2517.0459   17.6473
    0.0000  -37.5000   15.0000 2530.1367   17.4190
    7.5000  -37.5000   15.0000 2514.0581   17.6443
   -7.5000  -30.0000   15.0000 2640.6172   16.0633
    0.0000  -30.0000   15.0000 2655.6184   15.8622
    7.5000  -30.0000   15.0000 2639.5398   16.0671
   -7.5000  -22.5000   15.0000 2756.1377   14.9366
    0.0000  -22.5000   15.0000 2772.7456   14.7460
    7.5000  -22.5000   15.0000 2755.1519   14.9338
   -7.5000  -15.0000   15.0000 2858.3237   14.2331
    0.0000  -15.0000   15.0000 2881.3442   14.1049
    7.5000  -15.0000   15.0000 2857.3313   14.2354
   -7.5000   -7.5000   15.0000 2933.9153   13.7939
    0.0000   -7.5000   15.0000 2971.5911   13.7540
    7.5000   -7.5000   15.0000 2925.9341   13.7960
   -7.5000    0.0000   15.0000 2975.2942   13.4597
    0.0000    0.0000   15.0000 3013.8831   13.4503
    7.5000    0.0000   15.0000 2961.0354   13.5757
   -7.5000    7.5000   15.0000 2964.2185   13.6263
    0.0000    7.5000   15.0000 2995.6604   13.5528
    7.5000    7.5000   15.0000 2949.2080   13.7232
   -7.5000   15.0000   15.0000 2913.2920   14.1180
    0.0000   15.0000   15.0000 2945.0732   14.0610
    7.5000   15.0000   15.0000 2896.8875   14.1871
   -7.5000   22.5000   15.0000 2828.7493   14.9587
    0.0000   22.5000   15.0000 2853.7615   14.8987
    7.5000   22.5000   15.0000 2816.1880   15.0186
   -7.5000   30.0000   15.0000 2719.6399   16.1187
    0.0000   30.0000   15.0000 2729.7571   16.0480
    7.5000   30.0000   15.0000 2709.9714   16.1685
   -7.5000   37.5000   15.0000 2602.8694   17.5523
    0.0000   37.5000   15.0000 2608.0190   17.4700
    7.5000   37.5000   15.0000 2593.4185   17.6401
   -7.5000   45.0000   15.0000 2466.8079   19.3439
    0.0000   45.0000   15.0000 2477.0256   19.2613
    7.5000   45.0000   15.0000 2455.2693   19.4558
   -7.5000  -45.0000   22.5000 2366.0984   20.1673
    0.0000  -45.0000   22.5000 2382.4138   19.8850
    7.5000  -45.0000   22.5000 2364.3130   20.1280
   -7.5000  -37.5000   22.5000 2489.9136   18.0673
    0.0000  -37.5000   22.5000 2503.4338   17.8051
    7.5000  -37.5000   22.5000 2488.4441   18.0634
   -7.5000  -30.0000   22.5000 2610.8940   16.5217
    0.0000  -30.0000   22.5000 2622.3596   16.2762
    7.5000  -30.0000   22.5000 2608.6851   16.5141
   -7.5000  -22.5000   22.5000 2720.4116   15.4344
    0.0000  -22.5000   22.5000 2732.4272   15.2268
    7.5000  -22.5000   22.5000 2716.1897   15.4242
   -7.5000  -15.0000   22.5000 2821.3140   14.7346
    0.0000  -15.0000   22.5000 2836.8306   14.5847
    7.5000  -15.0000   22.5000 2814.7371   14.7137
   -7.5000   -7.5000   22.5000 2894.1057   14.2048
    0.0000   -7.5000   22.5000 2916.0332   14.0742
    7.5000   -7.5000   22.5000 2882.7935   14.1892
   -7.5000    0.0000   22.5000 2938.5066   13.8482
    0.0000    0.0000   22.5000 2962.4795   13.6792
    7.5000    0.0000   22.5000 2923.5776   13.9247
   -7.5000    7.5000   22.5000 2923.1045   14.0139
    0.0000    7.5000   22.5000 2944.7402   13.8569
    7.5000    7.5000   22.5000 2908.4800   14.0896
   -7.5000   15.0000   22.5000 2869.7766   14.5707
    0.0000   15.0000   22.5000 2899.1843   14.4170
    7.5000   15.0000   22.5000 2857.9414   14.6329
   -7.5000   22.5000   22.5000 2790.6672   15.4000
    0.0000   22.5000   22.5000 2814.0869   15.2512
    7.5000   22.5000   22.5000 2779.3762   15.4480
   -7.5000   30.0000   22.5000 2681.7964   16.5854
    0.0000   30.0000   22.5000 2691.8743   16.4392
    7.5000   30.0000   22.5000 2675.2520   16.6074
   -7.5000   37.5000   22.5000 2566.0449   18.0048
    0.0000   37.5000   22.5000 2573.9895   17.8779
    7.5000   37.5000   22.5000 2556.1772   18.0585
   -7.5000   45.0000   22.5000 2429.9487   19.8053
    0.0000   45.0000   22.5000 2439.8428   19.6684
    7.5000   45.0000   22.5000 2423.9580   19.8526
   -7.5000  -45.0000   30.0000 2323.7595   20.9212
    0.0000  -45.0000   30.0000 2338.4509   20.6392
    7.5000  -45.0000   30.0000 2323.8345   20.8879
   -7.5000  -37.5000   30.0000 2450.9919   18.8130
    0.0000  -37.5000   30.0000 2465.1897   18.5505
    7.5000  -37.5000   30.0000 2446.7483   18.8063
   -7.5000  -30.0000   30.0000 2563.5146   17.2722
    0.0000  -30.0000   30.0000 2577.1743   17.0145
    7.5000  -30.0000   30.0000 2556.7883   17.2614
   -7.5000  -22.5000   30.0000 2672.3508   16.1547
    0.0000  -22.5000   30.0000 2684.0444   15.9174
    7.5000  -22.5000   30.0000 2667.1340   16.1336
   -7.5000  -15.0000   30.0000 2766.1326   15.3715
    0.0000  -15.0000   30.0000 2777.5791   15.1535
    7.5000  -15.0000   30.0000 2760.2119   15.3305
   -7.5000   -7.5000   30.0000 2832.2310   14.7918
    0.0000   -7.5000   30.0000 2845.1033   14.5654
    7.5000   -7.5000   30.0000 2820.7385   14.7954
   -7.5000    0.0000   30.0000 2861.9558   14.4522
    0.0000    0.0000   30.0000 2874.4246   14.2275
    7.5000    0.0000   30.0000 2849.8823   14.5042
   -7.5000    7.5000   30.0000 2852.8247   14.5949
    0.0000    7.5000   30.0000 2862.0303   14.3789
    7.5000    7.5000   30.0000 2838.2002   14.6490
   -7.5000   15.0000   30.0000 2797.1167   15.1161
    0.0000   15.0000   30.0000 2819.7070   14.9323
    7.5000   15.0000   30.0000 2787.5022   15.2029
   -7.5000   22.5000   30.0000 2724.3203   15.9915
    0.0000   22.5000   30.0000 2747.9744   15.8304
    7.5000   22.5000   30.0000 2715.8513   16.0605
   -7.5000   30.0000   30.0000 2626.5723   17.1621
    0.0000   30.0000   30.0000 2638.4565   16.9904
    7.5000   30.0000   30.0000 2619.8828   17.2335
   -7.5000   37.5000   30.0000 2512.0620   18.6116
    0.0000   37.5000   30.0000 2522.7173   18.4431
    7.5000   37.5000   30.0000 2507.9800   18.6725
   -7.5000   45.0000   30.0000 2376.6682   20.4678
    0.0000   45.0000   30.0000 2389.9109   20.3048
    7.5000   45.0000   30.0000 2376.6492   20.5117
   -7.5000  -45.0000   37.5000 2275.8757   22.0711
    0.0000  -45.0000   37.5000 2285.6116   21.7780
    7.5000  -45.0000   37.5000 2272.3604   22.0064
   -7.5000  -37.5000   37.5000 2401.1858   19.8949
    0.0000  -37.5000   37.5000 2410.5342   19.5568
    7.5000  -37.5000   37.5000 2395.8691   19.8677
   -7.5000  -30.0000   37.5000 2509.2415   18.2349
    0.0000  -30.0000   37.5000 2523.4417   17.9153
    7.5000  -30.0000   37.5000 2505.6501   18.1987
   -7.5000  -22.5000   37.5000 2610.2671   17.0293
    0.0000  -22.5000   37.5000 2628.0881   16.7424
    7.5000  -22.5000   37.5000 2610.4553   16.9847
   -7.5000  -15.0000   37.5000 2691.7236   16.1911
    0.0000  -15.0000   37.5000 2709.5649   15.9197
    7.5000  -15.0000   37.5000 2689.6011   16.1467
   -7.5000   -7.5000   37.5000 2749.4622   15.6119
    0.0000   -7.5000   37.5000 2762.8665   15.3321
    7.5000   -7.5000   37.5000 2743.0784   15.6019
   -7.5000    0.0000   37.5000 2768.1121   15.2691
    0.0000    0.0000   37.5000 2777.0552   15.0273
    7.5000    0.0000   37.5000 2757.3018   15.2931
   -7.5000    7.5000   37.5000 2756.5681   15.4008
    0.0000    7.5000   37.5000 2766.8823   15.1594
    7.5000    7.5000   37.5000 2747.2134   15.4274
   -7.5000   15.0000   37.5000 2706.1777   15.9147
    0.0000   15.0000   37.5000 2719.5337   15.7058
    7.5000   15.0000   37.5000 2700.2112   15.9396
   -7.5000   22.5000   37.5000 2641.0149   16.7774
    0.0000   22.5000   37.5000 2661.6375   16.5505
    7.5000   22.5000   37.5000 2634.3440   16.7887
   -7.5000   30.0000   37.5000 2552.7737   17.9242
    0.0000   30.0000   37.5000 2568.1531   17.7100
    7.5000   30.0000   37.5000 2545.0261   17.9746
   -7.5000   37.5000   37.5000 2448.1589   19.4029
    0.0000   37.5000   37.5000 2459.0708   19.2609
    7.5000   37.5000   37.5000 2443.3079   19.5044
   -7.5000   45.0000   37.5000 2316.1719   21.3057
    0.0000   45.0000   37.5000 2331.4248   21.1882
    7.5000   45.0000   37.5000 2309.7122   21.3889
   -7.5000  -45.0000   45.0000 2216.0806   23.4726
    0.0000  -45.0000   45.0000 2228.8188   23.0508
    7.5000  -45.0000   45.0000 2217.4082   23.3103
   -7.5000  -37.5000   45.0000 2338.9685   21.1685
    0.0000  -37.5000   45.0000 2351.9199   20.7477
    7.5000  -37.5000   45.0000 2337.9351   21.0500
   -7.5000  -30.0000   45.0000 2442.9365   19.4246
    0.0000  -30.0000   45.0000 2456.4963   19.0506
    7.5000  -30.0000   45.0000 2438.8872   19.3305
   -7.5000  -22.5000   45.0000 2535.9058   18.1554
    0.0000  -22.5000   45.0000 2549.6392   17.8514
    7.5000  -22.5000   45.0000 2532.6384   18.0847
   -7.5000  -15.0000   45.0000 2607.2959   17.2535
    0.0000  -15.0000   45.0000 2621.8516   16.9649
    7.5000  -15.0000   45.0000 2600.2957   17.1915
   -7.5000   -7.5000   45.0000 2653.9128   16.6618
    0.0000   -7.5000   45.0000 2670.2275   16.4038
    7.5000   -7.5000   45.0000 2645.1946   16.6282
   -7.5000    0.0000   45.0000 2668.4326   16.3160
    0.0000    0.0000   45.0000 2678.2859   16.1010
    7.5000    0.0000   45.0000 2661.5149   16.3293
   -7.5000    7.5000   45.0000 2652.9417   16.4757
    0.0000    7.5000   45.0000 2664.6440   16.2344
    7.5000    7.5000   45.0000 2648.5266   16.4545
   -7.5000   15.0000   45.0000 2608.7681   16.9881
    0.0000   15.0000   45.0000 2626.3086   16.7739
    7.5000   15.0000   45.0000 2608.7632   16.9868
   -7.5000   22.5000   45.0000 2547.9844   17.7957
    0.0000   22.5000   45.0000 2571.2388   17.5664
    7.5000   22.5000   45.0000 2543.1079   17.7753
   -7.5000   30.0000   45.0000 2467.9641   18.8912
    0.0000   30.0000   45.0000 2490.5557   18.6831
    7.5000   30.0000   45.0000 2463.1321   18.8852
   -7.5000   37.5000   45.0000 2366.8962   20.4045
    0.0000   37.5000   45.0000 2376.9636   20.2389
    7.5000   37.5000   45.0000 2361.7168   20.4731
   -7.5000   45.0000   45.0000 2237.1892   22.4274
    0.0000   45.0000   45.0000 2251.1799   22.3294
    7.5000   45.0000   45.0000 2234.9685   22.4567

---------------------------------------------------------------------
imgreg_4dfp /opt/freesurfer/average/711-2C_as_mni_average_305 /opt/freesurfer/average/711-2B_as_mni_average_305_mask talsrcimg_g11 none talsrcimg_to_711-2C_as_mni_average_305_t4 1283
---------------------------------------------------------------------

freesurfer imgreg_4dfp.c
/opt/freesurfer/average/711-2C_as_mni_average_305.4dfp.img
       256       256       256         1
  1.000000  1.000000  1.000000
orientation T byte_order littleendian
Reading image: /opt/freesurfer/average/711-2C_as_mni_average_305.4dfp.img
dimensions:      256       256       256
mmppix:       1.0000   -1.0000   -1.0000
center:     128.0000 -129.0000 -129.0000
/opt/freesurfer/average/711-2B_as_mni_average_305_mask.4dfp.img
       256       256       256         1
  1.000000  1.000000  1.000000
orientation T byte_order littleendian
Reading mask: /opt/freesurfer/average/711-2B_as_mni_average_305_mask.4dfp.img (2306576 pixels)
talsrcimg_g11.4dfp.img
       256       256       256         1
  1.000000  1.000000  1.000000
orientation T byte_order littleendian
Reading image: talsrcimg_g11.4dfp.img
dimensions:      256       256       256
mmppix:       1.0000   -1.0000   -1.0000
center:     128.0000 -129.0000 -129.0000
rotation matrix determinant  1.000000
fimgreg.f
image alignment mode   1283 decimal      503 hex
parameters
    0.0000    0.0000    7.5000    0.0000    0.0000    0.0000
eta,q 0.95234 13.35683
niter,ni,del,rscale     5    3   12.0000    1.2000
parameter  4  0.554809 ->  0.500000 qaram    1.1500
parameters
   -0.3891    0.0389    8.7485   -3.4500    0.8152    0.9312
eta,q 0.95715 13.14850
  0.0545  0.0554  0.0523  0.0431  0.0495  0.0474
  0.0480  0.0491  0.0502  0.0427  0.0470  0.0452
  0.0450  0.0453  0.0474  0.0424  0.0444  0.0435
  0.0446  0.0441  0.0441  0.0435  0.0427  0.0428
  0.0467  0.0454  0.0437  0.0461  0.0436  0.0430
  0.0504  0.0497  0.0455  0.0498  0.0449  0.0437
  0.0567  0.0545  0.0489  0.0538  0.0468  0.0453
niter,ni,del,rscale     5    3   12.0000    1.2000
parameters
   -0.7861    1.1700    7.6758   -6.1406    2.1429    0.5557
eta,q 0.95819 13.13088
  0.0538  0.0549  0.0462  0.0432  0.0468  0.0456
  0.0476  0.0490  0.0451  0.0421  0.0447  0.0432
  0.0440  0.0451  0.0432  0.0421  0.0429  0.0420
  0.0429  0.0428  0.0422  0.0425  0.0421  0.0419
  0.0450  0.0423  0.0437  0.0436  0.0418  0.0426
  0.0502  0.0444  0.0469  0.0462  0.0422  0.0442
  0.0567  0.0485  0.0524  0.0498  0.0441  0.0464
niter,ni,del,rscale     4    3   12.0000    1.2000
parameters
   -1.2228    2.5081    6.3108   -8.9227    2.0377    0.4350
eta,q 0.95922 13.14369
  0.0532  0.0527  0.0451  0.0427  0.0442  0.0455
  0.0460  0.0482  0.0426  0.0406  0.0418  0.0429
  0.0426  0.0440  0.0414  0.0407  0.0413  0.0413
  0.0418  0.0417  0.0415  0.0412  0.0407  0.0408
  0.0439  0.0416  0.0434  0.0434  0.0403  0.0415
  0.0494  0.0427  0.0464  0.0466  0.0418  0.0433
  0.0564  0.0465  0.0508  0.0495  0.0450  0.0458
niter,ni,del,rscale     3    3   12.0000    1.2000
parameters
   -0.8936    3.8155    5.6997  -10.8147    1.4039    0.4468
eta,q 0.96078 13.19857
  0.0551  0.0526  0.0459  0.0427  0.0432  0.0449
  0.0478  0.0468  0.0420  0.0386  0.0406  0.0420
  0.0434  0.0420  0.0404  0.0389  0.0394  0.0399
  0.0408  0.0405  0.0403  0.0402  0.0392  0.0392
  0.0407  0.0403  0.0412  0.0412  0.0399  0.0399
  0.0454  0.0412  0.0441  0.0438  0.0420  0.0418
  0.0530  0.0452  0.0487  0.0481  0.0454  0.0449
niter,ni,del,rscale     2    3   12.0000    1.2000
parameters
   -0.5202    4.6965    5.3650  -11.4097    1.3643    0.3693
eta,q 0.96192 13.21841
  0.0546  0.0521  0.0457  0.0450  0.0438  0.0441
  0.0474  0.0458  0.0414  0.0396  0.0408  0.0408
  0.0425  0.0406  0.0391  0.0370  0.0389  0.0387
  0.0392  0.0389  0.0386  0.0386  0.0381  0.0381
  0.0391  0.0388  0.0393  0.0403  0.0386  0.0387
  0.0443  0.0412  0.0424  0.0423  0.0406  0.0410
  0.0523  0.0462  0.0479  0.0461  0.0442  0.0444
niter,ni,del,rscale     1    3   12.0000    1.2000
parameters
   -0.4181    4.9337    5.2602  -11.5635    1.3474    0.3358
eta,q 0.96214 13.22296
  0.0526  0.0504  0.0462  0.0462  0.0437  0.0440
  0.0454  0.0437  0.0418  0.0405  0.0408  0.0407
  0.0408  0.0391  0.0388  0.0370  0.0388  0.0385
  0.0381  0.0380  0.0380  0.0380  0.0379  0.0379
  0.0388  0.0391  0.0387  0.0398  0.0383  0.0385
  0.0445  0.0429  0.0417  0.0418  0.0405  0.0407
  0.0523  0.0482  0.0472  0.0454  0.0442  0.0441
registration optimization eta report
parameter search radius
    6.0000    6.0000    6.0000    6.9000    6.0000    6.0000
100000*second partial in parameter space
       40.       32.       25.       17.       17.       17.
  0.0526  0.0504  0.0462  0.0462  0.0437  0.0440
  0.0454  0.0437  0.0418  0.0405  0.0408  0.0407
  0.0408  0.0391  0.0388  0.0370  0.0388  0.0385
  0.0381  0.0380  0.0380  0.0380  0.0379  0.0379
  0.0388  0.0391  0.0387  0.0398  0.0383  0.0385
  0.0445  0.0429  0.0417  0.0418  0.0405  0.0407
  0.0523  0.0482  0.0472  0.0454  0.0442  0.0441
   -0.4181    4.9337    5.2602  -11.5635    1.3474    0.3358
eta,q 0.96214 13.22296

---------------------------------------------------------------------
imgreg_4dfp /opt/freesurfer/average/711-2C_as_mni_average_305 /opt/freesurfer/average/711-2B_as_mni_average_305_mask talsrcimg_g11 none talsrcimg_to_711-2C_as_mni_average_305_t4 3335
---------------------------------------------------------------------

freesurfer imgreg_4dfp.c
/opt/freesurfer/average/711-2C_as_mni_average_305.4dfp.img
       256       256       256         1
  1.000000  1.000000  1.000000
orientation T byte_order littleendian
Reading image: /opt/freesurfer/average/711-2C_as_mni_average_305.4dfp.img
dimensions:      256       256       256
mmppix:       1.0000   -1.0000   -1.0000
center:     128.0000 -129.0000 -129.0000
/opt/freesurfer/average/711-2B_as_mni_average_305_mask.4dfp.img
       256       256       256         1
  1.000000  1.000000  1.000000
orientation T byte_order littleendian
Reading mask: /opt/freesurfer/average/711-2B_as_mni_average_305_mask.4dfp.img (2306576 pixels)
talsrcimg_g11.4dfp.img
       256       256       256         1
  1.000000  1.000000  1.000000
orientation T byte_order littleendian
Reading image: talsrcimg_g11.4dfp.img
dimensions:      256       256       256
mmppix:       1.0000   -1.0000   -1.0000
center:     128.0000 -129.0000 -129.0000
fimgreg.f
image alignment mode   3335 decimal      D07 hex
parameters
   -0.4181    4.9337    5.2602   -0.0294   -2.0286   -2.0568
   -0.1029   -2.4212    0.5860   20.0315    2.3515  -20.0398
eta,q 0.96201 13.40460
niter,ni,del,rscale     5    3    5.0000    1.2000
parameter  4  1.725633 ->  0.500000 qaram    1.1500
parameter  5  4.996441 ->  0.500000 qaram    1.1500
parameter  6  1.329742 ->  0.500000 qaram    1.1500
parameters
   -0.4308    4.6772    5.2173   -4.1694   -6.1686   -6.1968
   -1.3317   -1.3331    0.6476   16.7170    2.4148  -22.0626
eta,q 0.97853 13.26201
  0.0407  0.0392  0.0397  0.0322  0.0247  0.0222  0.0245  0.0302  0.0248  0.0231  0.0242  0.0225
  0.0393  0.0384  0.0387  0.0330  0.0268  0.0225  0.0235  0.0273  0.0236  0.0219  0.0229  0.0217
  0.0383  0.0380  0.0382  0.0350  0.0298  0.0245  0.0229  0.0246  0.0229  0.0217  0.0220  0.0215
  0.0380  0.0380  0.0380  0.0380  0.0335  0.0275  0.0229  0.0228  0.0226  0.0226  0.0216  0.0216
  0.0383  0.0383  0.0382  0.0417  0.0371  0.0314  0.0234  0.0228  0.0228  0.0245  0.0219  0.0222
  0.0393  0.0389  0.0389  0.0456  0.0405  0.0353  0.0246  0.0245  0.0235  0.0271  0.0228  0.0232
  0.0408  0.0398  0.0398  0.0490  0.0441  0.0398  0.0263  0.0272  0.0247  0.0302  0.0242  0.0246
niter,ni,del,rscale     7    3    5.0000    1.2000
parameter  5  1.122835 ->  0.500000 qaram    1.3225
parameters
   -0.6504    4.9246    5.1267   -7.1494  -10.9296   -8.7027
   -1.4331   -0.7499    0.7635   18.8339    2.9892  -22.7084
eta,q 0.98171 12.89880
  0.0248  0.0249  0.0239  0.0230  0.0175  0.0201  0.0211  0.0235  0.0209  0.0231  0.0197  0.0197
  0.0228  0.0231  0.0225  0.0220  0.0181  0.0194  0.0199  0.0210  0.0197  0.0213  0.0190  0.0189
  0.0217  0.0220  0.0216  0.0213  0.0194  0.0189  0.0190  0.0195  0.0190  0.0198  0.0186  0.0184
  0.0215  0.0214  0.0214  0.0214  0.0214  0.0184  0.0188  0.0188  0.0187  0.0188  0.0183  0.0183
  0.0222  0.0216  0.0218  0.0234  0.0246  0.0195  0.0191  0.0189  0.0190  0.0183  0.0183  0.0186
  0.0238  0.0224  0.0228  0.0275  0.0286  0.0230  0.0199  0.0200  0.0197  0.0186  0.0187  0.0193
  0.0263  0.0237  0.0242  0.0323  0.0322  0.0276  0.0212  0.0223  0.0208  0.0201  0.0194  0.0204
niter,ni,del,rscale     7    3    5.0000    1.2000
parameters
   -0.6396    4.6910    4.8600   -7.0519  -14.5049   -9.0664
   -1.2998   -0.9204    0.5820   18.8104    3.3367  -23.9286
eta,q 0.98256 12.71726
  0.0215  0.0205  0.0197  0.0215  0.0194  0.0205  0.0202  0.0217  0.0196  0.0206  0.0187  0.0186
  0.0197  0.0191  0.0188  0.0201  0.0179  0.0193  0.0188  0.0194  0.0184  0.0190  0.0181  0.0179
  0.0186  0.0183  0.0183  0.0190  0.0174  0.0183  0.0178  0.0180  0.0177  0.0179  0.0177  0.0175
  0.0183  0.0183  0.0182  0.0182  0.0182  0.0174  0.0175  0.0175  0.0175  0.0175  0.0175  0.0175
  0.0186  0.0188  0.0186  0.0179  0.0200  0.0170  0.0178  0.0179  0.0178  0.0177  0.0175  0.0179
  0.0197  0.0199  0.0193  0.0190  0.0233  0.0186  0.0186  0.0195  0.0186  0.0188  0.0179  0.0187
  0.0214  0.0214  0.0204  0.0224  0.0277  0.0224  0.0200  0.0223  0.0197  0.0209  0.0185  0.0197
niter,ni,del,rscale     6    3    5.0000    1.2000
parameters
   -0.6295    4.6720    4.8762   -6.7116  -15.0048   -8.9415
   -1.2224   -1.0190    0.5658   19.0083    3.0539  -24.1476
eta,q 0.98269 12.72390
  0.0206  0.0202  0.0191  0.0207  0.0217  0.0206  0.0200  0.0218  0.0195  0.0207  0.0183  0.0189
  0.0188  0.0186  0.0181  0.0193  0.0195  0.0193  0.0186  0.0193  0.0183  0.0189  0.0178  0.0180
  0.0178  0.0177  0.0176  0.0183  0.0179  0.0183  0.0176  0.0179  0.0176  0.0178  0.0174  0.0175
  0.0174  0.0174  0.0174  0.0174  0.0174  0.0174  0.0173  0.0173  0.0173  0.0173  0.0173  0.0173
  0.0178  0.0178  0.0176  0.0171  0.0181  0.0168  0.0176  0.0177  0.0176  0.0175  0.0174  0.0175
  0.0188  0.0187  0.0181  0.0180  0.0198  0.0180  0.0185  0.0194  0.0183  0.0185  0.0178  0.0181
  0.0205  0.0203  0.0190  0.0211  0.0230  0.0216  0.0199  0.0222  0.0195  0.0205  0.0186  0.0191
niter,ni,del,rscale     5    3    5.0000    1.2000
parameters
   -0.6079    4.6876    4.8681   -6.6695  -15.0486   -8.9007
   -1.2347   -0.9855    0.5657   19.0592    2.9764  -24.1972
eta,q 0.98272 12.72778
  0.0205  0.0202  0.0189  0.0205  0.0220  0.0206  0.0199  0.0219  0.0195  0.0205  0.0184  0.0189
  0.0188  0.0186  0.0180  0.0192  0.0198  0.0193  0.0185  0.0194  0.0183  0.0188  0.0178  0.0181
  0.0177  0.0176  0.0175  0.0181  0.0181  0.0182  0.0176  0.0179  0.0175  0.0178  0.0174  0.0175
  0.0173  0.0173  0.0173  0.0173  0.0173  0.0173  0.0173  0.0173  0.0173  0.0173  0.0173  0.0173
  0.0176  0.0176  0.0175  0.0170  0.0179  0.0168  0.0176  0.0177  0.0175  0.0175  0.0174  0.0175
  0.0187  0.0186  0.0180  0.0182  0.0194  0.0181  0.0185  0.0192  0.0183  0.0186  0.0178  0.0181
  0.0204  0.0201  0.0189  0.0214  0.0224  0.0217  0.0199  0.0220  0.0194  0.0207  0.0185  0.0190
niter,ni,del,rscale     4    3    5.0000    1.2000
parameters
   -0.6019    4.6901    4.8653   -6.6735  -15.0545   -8.8957
   -1.2295   -0.9723    0.5668   19.0709    2.9731  -24.2027
eta,q 0.98272 12.72781
  0.0205  0.0201  0.0189  0.0205  0.0220  0.0206  0.0199  0.0219  0.0195  0.0205  0.0184  0.0189
  0.0187  0.0185  0.0180  0.0191  0.0198  0.0193  0.0185  0.0194  0.0182  0.0188  0.0178  0.0181
  0.0177  0.0176  0.0174  0.0181  0.0181  0.0182  0.0176  0.0178  0.0175  0.0177  0.0174  0.0175
  0.0173  0.0173  0.0173  0.0173  0.0173  0.0173  0.0173  0.0173  0.0173  0.0173  0.0173  0.0173
  0.0176  0.0176  0.0175  0.0170  0.0178  0.0168  0.0176  0.0177  0.0175  0.0175  0.0174  0.0175
  0.0187  0.0186  0.0180  0.0182  0.0194  0.0181  0.0185  0.0192  0.0183  0.0186  0.0177  0.0180
  0.0205  0.0201  0.0189  0.0215  0.0224  0.0218  0.0199  0.0220  0.0194  0.0207  0.0185  0.0190
registration optimization eta report
parameter search radius
    2.4000    2.4000    2.4000    8.2800    9.5220    8.2800
    7.2000    7.2000    7.2000    7.2000    7.2000    7.2000
100000*second partial in parameter space
       55.       49.       28.        6.        5.        6.
        5.        9.        4.        6.        2.        3.
  0.0205  0.0201  0.0189  0.0205  0.0220  0.0206  0.0199  0.0219  0.0195  0.0205  0.0184  0.0189
  0.0187  0.0185  0.0180  0.0191  0.0198  0.0193  0.0185  0.0194  0.0182  0.0188  0.0178  0.0181
  0.0177  0.0176  0.0174  0.0181  0.0181  0.0182  0.0176  0.0178  0.0175  0.0177  0.0174  0.0175
  0.0173  0.0173  0.0173  0.0173  0.0173  0.0173  0.0173  0.0173  0.0173  0.0173  0.0173  0.0173
  0.0176  0.0176  0.0175  0.0170  0.0178  0.0168  0.0176  0.0177  0.0175  0.0175  0.0174  0.0175
  0.0187  0.0186  0.0180  0.0182  0.0194  0.0181  0.0185  0.0192  0.0183  0.0186  0.0177  0.0180
  0.0205  0.0201  0.0189  0.0215  0.0224  0.0218  0.0199  0.0220  0.0194  0.0207  0.0185  0.0190
   -0.6019    4.6901    4.8653   -6.6735  -15.0545   -8.8957
   -1.2295   -0.9723    0.5668   19.0709    2.9731  -24.2027
eta,q 0.98272 12.72781

---------------------------------------------------------------------
imgreg_4dfp /opt/freesurfer/average/711-2C_as_mni_average_305 /opt/freesurfer/average/711-2B_as_mni_average_305_mask talsrcimg_g11 none talsrcimg_to_711-2C_as_mni_average_305_t4 2311
---------------------------------------------------------------------

freesurfer imgreg_4dfp.c
/opt/freesurfer/average/711-2C_as_mni_average_305.4dfp.img
       256       256       256         1
  1.000000  1.000000  1.000000
orientation T byte_order littleendian
Reading image: /opt/freesurfer/average/711-2C_as_mni_average_305.4dfp.img
dimensions:      256       256       256
mmppix:       1.0000   -1.0000   -1.0000
center:     128.0000 -129.0000 -129.0000
/opt/freesurfer/average/711-2B_as_mni_average_305_mask.4dfp.img
       256       256       256         1
  1.000000  1.000000  1.000000
orientation T byte_order littleendian
Reading mask: /opt/freesurfer/average/711-2B_as_mni_average_305_mask.4dfp.img (2306576 pixels)
talsrcimg_g11.4dfp.img
       256       256       256         1
  1.000000  1.000000  1.000000
orientation T byte_order littleendian
Reading image: talsrcimg_g11.4dfp.img
dimensions:      256       256       256
mmppix:       1.0000   -1.0000   -1.0000
center:     128.0000 -129.0000 -129.0000
fimgreg.f
image alignment mode   2311 decimal      907 hex
parameters
   -0.6019    4.6901    4.8653   -6.6735  -15.0545   -8.8957
   -1.2295   -0.9723    0.5668   19.0709    2.9731  -24.2027
eta,q 0.98272 12.72782
niter,ni,del,rscale     5    3    5.0000    0.8000
parameters
   -0.5988    4.6795    4.8427   -4.9663  -14.8384   -7.6291
   -1.0834   -1.1828    0.3917   19.3477    2.3440  -24.1167
eta,q 0.98341 12.88109
  0.0187  0.0185  0.0180  0.0189  0.0185  0.0188  0.0180  0.0195  0.0176  0.0186  0.0173  0.0174
  0.0179  0.0178  0.0176  0.0183  0.0178  0.0182  0.0173  0.0178  0.0171  0.0176  0.0168  0.0170
  0.0174  0.0174  0.0173  0.0177  0.0172  0.0175  0.0168  0.0169  0.0167  0.0170  0.0166  0.0167
  0.0173  0.0173  0.0173  0.0173  0.0170  0.0170  0.0167  0.0167  0.0166  0.0166  0.0166  0.0166
  0.0174  0.0174  0.0174  0.0170  0.0171  0.0166  0.0168  0.0171  0.0168  0.0167  0.0168  0.0167
  0.0179  0.0179  0.0176  0.0170  0.0176  0.0168  0.0172  0.0183  0.0172  0.0172  0.0172  0.0169
  0.0187  0.0186  0.0180  0.0177  0.0183  0.0178  0.0179  0.0200  0.0178  0.0183  0.0177  0.0174
niter,ni,del,rscale     4    3    5.0000    0.7000
parameters
   -0.5503    4.7057    5.0120   -5.3988  -14.9136   -7.3443
   -1.1158   -1.0352    0.4320   19.4445    2.1916  -24.0054
eta,q 0.98346 12.87032
  0.0180  0.0177  0.0176  0.0177  0.0177  0.0182  0.0175  0.0191  0.0174  0.0180  0.0172  0.0172
  0.0173  0.0171  0.0170  0.0172  0.0171  0.0176  0.0170  0.0177  0.0169  0.0173  0.0168  0.0169
  0.0168  0.0167  0.0167  0.0168  0.0167  0.0171  0.0166  0.0168  0.0166  0.0168  0.0166  0.0166
  0.0166  0.0166  0.0166  0.0166  0.0166  0.0166  0.0165  0.0165  0.0165  0.0165  0.0165  0.0165
  0.0167  0.0167  0.0166  0.0167  0.0168  0.0165  0.0167  0.0168  0.0166  0.0166  0.0166  0.0166
  0.0171  0.0170  0.0168  0.0173  0.0172  0.0170  0.0170  0.0175  0.0169  0.0171  0.0169  0.0168
  0.0179  0.0176  0.0172  0.0185  0.0178  0.0182  0.0176  0.0187  0.0174  0.0180  0.0173  0.0172
niter,ni,del,rscale     3    3    5.0000    0.6000
parameters
   -0.5273    4.7185    5.0859   -5.3326  -14.9584   -7.1482
   -1.1070   -1.0129    0.4305   19.4774    2.1386  -23.9534
eta,q 0.98351 12.87766
  0.0175  0.0173  0.0172  0.0175  0.0174  0.0179  0.0173  0.0183  0.0171  0.0176  0.0170  0.0170
  0.0170  0.0169  0.0168  0.0171  0.0169  0.0174  0.0168  0.0173  0.0168  0.0171  0.0167  0.0167
  0.0167  0.0166  0.0166  0.0168  0.0166  0.0169  0.0166  0.0167  0.0166  0.0167  0.0165  0.0166
  0.0165  0.0165  0.0165  0.0165  0.0165  0.0165  0.0165  0.0165  0.0165  0.0165  0.0165  0.0165
  0.0166  0.0166  0.0166  0.0165  0.0166  0.0165  0.0166  0.0167  0.0166  0.0166  0.0166  0.0165
  0.0169  0.0169  0.0168  0.0169  0.0170  0.0170  0.0168  0.0173  0.0168  0.0169  0.0167  0.0167
  0.0175  0.0173  0.0170  0.0176  0.0175  0.0178  0.0172  0.0183  0.0171  0.0176  0.0170  0.0170
niter,ni,del,rscale     2    3    5.0000    0.5000
parameters
   -0.5206    4.7304    5.1407   -5.2420  -14.9926   -6.9951
   -1.1102   -1.0133    0.4390   19.5160    2.1028  -23.9120
eta,q 0.98353 12.88522
  0.0172  0.0171  0.0170  0.0172  0.0171  0.0175  0.0170  0.0178  0.0169  0.0173  0.0168  0.0168
  0.0168  0.0167  0.0167  0.0169  0.0168  0.0171  0.0167  0.0170  0.0167  0.0169  0.0166  0.0166
  0.0166  0.0166  0.0166  0.0166  0.0166  0.0167  0.0165  0.0166  0.0165  0.0166  0.0165  0.0165
  0.0165  0.0165  0.0165  0.0165  0.0165  0.0165  0.0165  0.0165  0.0165  0.0165  0.0165  0.0165
  0.0166  0.0166  0.0165  0.0165  0.0166  0.0165  0.0165  0.0166  0.0165  0.0165  0.0165  0.0165
  0.0168  0.0167  0.0167  0.0167  0.0168  0.0168  0.0167  0.0171  0.0167  0.0168  0.0166  0.0166
  0.0172  0.0170  0.0169  0.0172  0.0172  0.0175  0.0170  0.0178  0.0169  0.0173  0.0168  0.0168
niter,ni,del,rscale     1    3    5.0000    0.4000
parameters
   -0.5178    4.7419    5.1868   -5.1472  -15.0323   -6.8766
   -1.1086   -1.0228    0.4355   19.5472    2.0897  -23.8818
eta,q 0.98355 12.89132
  0.0169  0.0168  0.0168  0.0170  0.0169  0.0172  0.0168  0.0173  0.0167  0.0170  0.0167  0.0167
  0.0167  0.0166  0.0166  0.0167  0.0167  0.0169  0.0166  0.0168  0.0166  0.0167  0.0166  0.0166
  0.0165  0.0165  0.0165  0.0166  0.0165  0.0166  0.0165  0.0165  0.0165  0.0165  0.0165  0.0165
  0.0165  0.0165  0.0165  0.0165  0.0165  0.0165  0.0165  0.0165  0.0165  0.0165  0.0164  0.0165
  0.0165  0.0165  0.0165  0.0165  0.0165  0.0165  0.0165  0.0166  0.0165  0.0165  0.0165  0.0165
  0.0167  0.0166  0.0166  0.0166  0.0167  0.0167  0.0166  0.0168  0.0166  0.0167  0.0166  0.0166
  0.0169  0.0168  0.0167  0.0169  0.0169  0.0172  0.0168  0.0173  0.0167  0.0170  0.0167  0.0167
registration optimization eta report
parameter search radius
    0.8000    0.8000    0.8000    2.4000    2.4000    2.4000
    2.4000    2.4000    2.4000    2.4000    2.4000    2.4000
100000*second partial in parameter space
       71.       56.       43.        9.        7.       13.
        6.       15.        5.        9.        4.        4.
  0.0169  0.0168  0.0168  0.0170  0.0169  0.0172  0.0168  0.0173  0.0167  0.0170  0.0167  0.0167
  0.0167  0.0166  0.0166  0.0167  0.0167  0.0169  0.0166  0.0168  0.0166  0.0167  0.0166  0.0166
  0.0165  0.0165  0.0165  0.0166  0.0165  0.0166  0.0165  0.0165  0.0165  0.0165  0.0165  0.0165
  0.0165  0.0165  0.0165  0.0165  0.0165  0.0165  0.0165  0.0165  0.0165  0.0165  0.0164  0.0165
  0.0165  0.0165  0.0165  0.0165  0.0165  0.0165  0.0165  0.0166  0.0165  0.0165  0.0165  0.0165
  0.0167  0.0166  0.0166  0.0166  0.0167  0.0167  0.0166  0.0168  0.0166  0.0167  0.0166  0.0166
  0.0169  0.0168  0.0167  0.0169  0.0169  0.0172  0.0168  0.0173  0.0167  0.0170  0.0167  0.0167
   -0.5178    4.7419    5.1868   -5.1472  -15.0323   -6.8766
   -1.1086   -1.0228    0.4355   19.5472    2.0897  -23.8818
eta,q 0.98355 12.89132

---------------------------------------------------------------------
imgreg_4dfp /opt/freesurfer/average/711-2C_as_mni_average_305 /opt/freesurfer/average/711-2B_as_mni_average_305_mask talsrcimg_g11 none talsrcimg_to_711-2C_as_mni_average_305_t4 2311
---------------------------------------------------------------------

freesurfer imgreg_4dfp.c
/opt/freesurfer/average/711-2C_as_mni_average_305.4dfp.img
       256       256       256         1
  1.000000  1.000000  1.000000
orientation T byte_order littleendian
Reading image: /opt/freesurfer/average/711-2C_as_mni_average_305.4dfp.img
dimensions:      256       256       256
mmppix:       1.0000   -1.0000   -1.0000
center:     128.0000 -129.0000 -129.0000
/opt/freesurfer/average/711-2B_as_mni_average_305_mask.4dfp.img
       256       256       256         1
  1.000000  1.000000  1.000000
orientation T byte_order littleendian
Reading mask: /opt/freesurfer/average/711-2B_as_mni_average_305_mask.4dfp.img (2306576 pixels)
talsrcimg_g11.4dfp.img
       256       256       256         1
  1.000000  1.000000  1.000000
orientation T byte_order littleendian
Reading image: talsrcimg_g11.4dfp.img
dimensions:      256       256       256
mmppix:       1.0000   -1.0000   -1.0000
center:     128.0000 -129.0000 -129.0000
fimgreg.f
image alignment mode   2311 decimal      907 hex
parameters
   -0.5178    4.7419    5.1868   -5.1472  -15.0323   -6.8766
   -1.1086   -1.0228    0.4355   19.5472    2.0897  -23.8818
eta,q 0.98355 12.89132
niter,ni,del,rscale     5    3    5.0000    0.8000
parameters
   -0.5430    4.7598    5.2367   -5.7938  -15.0147   -7.2626
   -1.1376   -0.9553    0.4383   19.4232    2.1898  -23.8301
eta,q 0.98342 12.84904
  0.0182  0.0179  0.0176  0.0177  0.0180  0.0183  0.0179  0.0195  0.0177  0.0183  0.0174  0.0174
  0.0172  0.0171  0.0170  0.0172  0.0173  0.0176  0.0171  0.0179  0.0171  0.0174  0.0170  0.0170
  0.0167  0.0166  0.0166  0.0167  0.0167  0.0170  0.0167  0.0169  0.0167  0.0169  0.0167  0.0167
  0.0164  0.0165  0.0165  0.0165  0.0165  0.0165  0.0166  0.0166  0.0166  0.0166  0.0166  0.0166
  0.0167  0.0166  0.0166  0.0167  0.0167  0.0167  0.0167  0.0169  0.0167  0.0167  0.0167  0.0167
  0.0173  0.0171  0.0169  0.0175  0.0172  0.0177  0.0172  0.0178  0.0171  0.0174  0.0169  0.0169
  0.0183  0.0178  0.0175  0.0192  0.0180  0.0195  0.0179  0.0193  0.0177  0.0186  0.0174  0.0174
niter,ni,del,rscale     4    3    5.0000    0.7000
parameters
   -0.5262    4.7155    5.1234   -5.5125  -14.9430   -7.2597
   -1.1077   -0.9808    0.4387   19.4275    2.1717  -23.8894
eta,q 0.98347 12.86532
  0.0179  0.0176  0.0172  0.0178  0.0178  0.0181  0.0176  0.0189  0.0174  0.0179  0.0172  0.0172
  0.0172  0.0170  0.0168  0.0173  0.0171  0.0175  0.0170  0.0175  0.0169  0.0172  0.0168  0.0168
  0.0167  0.0167  0.0166  0.0169  0.0167  0.0170  0.0166  0.0168  0.0166  0.0168  0.0166  0.0166
  0.0166  0.0166  0.0166  0.0166  0.0165  0.0165  0.0165  0.0165  0.0165  0.0165  0.0165  0.0165
  0.0167  0.0167  0.0167  0.0165  0.0167  0.0166  0.0166  0.0168  0.0166  0.0166  0.0166  0.0166
  0.0171  0.0171  0.0170  0.0169  0.0171  0.0172  0.0170  0.0176  0.0169  0.0171  0.0168  0.0168
  0.0178  0.0177  0.0175  0.0178  0.0177  0.0185  0.0175  0.0189  0.0174  0.0181  0.0172  0.0172
niter,ni,del,rscale     3    3    5.0000    0.6000
parameters
   -0.5211    4.7164    5.1141   -5.3540  -14.9619   -7.1315
   -1.1038   -1.0016    0.4388   19.4658    2.1358  -23.9124
eta,q 0.98351 12.87644
  0.0175  0.0173  0.0171  0.0175  0.0174  0.0179  0.0173  0.0183  0.0171  0.0176  0.0170  0.0170
  0.0170  0.0169  0.0168  0.0171  0.0169  0.0173  0.0168  0.0173  0.0168  0.0170  0.0167  0.0167
  0.0167  0.0166  0.0166  0.0168  0.0166  0.0169  0.0166  0.0167  0.0166  0.0167  0.0165  0.0166
  0.0165  0.0165  0.0165  0.0165  0.0165  0.0165  0.0165  0.0165  0.0165  0.0165  0.0165  0.0165
  0.0166  0.0166  0.0166  0.0165  0.0166  0.0165  0.0166  0.0167  0.0166  0.0166  0.0166  0.0165
  0.0169  0.0169  0.0168  0.0168  0.0169  0.0170  0.0168  0.0173  0.0168  0.0169  0.0167  0.0167
  0.0175  0.0173  0.0171  0.0175  0.0174  0.0179  0.0172  0.0183  0.0171  0.0176  0.0170  0.0170
niter,ni,del,rscale     2    3    5.0000    0.5000
parameters
   -0.5199    4.7302    5.1469   -5.2414  -14.9907   -6.9889
   -1.1149   -1.0163    0.4353   19.5027    2.1078  -23.9057
eta,q 0.98353 12.88524
  0.0172  0.0171  0.0169  0.0172  0.0171  0.0175  0.0170  0.0178  0.0169  0.0173  0.0168  0.0168
  0.0168  0.0167  0.0167  0.0169  0.0168  0.0171  0.0167  0.0170  0.0167  0.0169  0.0166  0.0166
  0.0166  0.0166  0.0165  0.0167  0.0166  0.0167  0.0165  0.0166  0.0165  0.0166  0.0165  0.0165
  0.0165  0.0165  0.0165  0.0165  0.0165  0.0165  0.0165  0.0165  0.0165  0.0165  0.0165  0.0165
  0.0166  0.0166  0.0165  0.0165  0.0166  0.0165  0.0165  0.0166  0.0165  0.0165  0.0165  0.0165
  0.0168  0.0167  0.0167  0.0167  0.0168  0.0168  0.0167  0.0171  0.0167  0.0168  0.0166  0.0166
  0.0172  0.0170  0.0169  0.0172  0.0171  0.0175  0.0170  0.0178  0.0169  0.0173  0.0168  0.0168
niter,ni,del,rscale     1    3    5.0000    0.4000
parameters
   -0.5189    4.7416    5.1868   -5.1485  -15.0348   -6.8702
   -1.1093   -1.0236    0.4490   19.5401    2.0771  -23.8829
eta,q 0.98355 12.89117
  0.0169  0.0168  0.0168  0.0170  0.0169  0.0172  0.0168  0.0173  0.0167  0.0170  0.0167  0.0167
  0.0167  0.0166  0.0166  0.0167  0.0167  0.0169  0.0166  0.0168  0.0166  0.0167  0.0166  0.0166
  0.0165  0.0165  0.0165  0.0166  0.0165  0.0166  0.0165  0.0165  0.0165  0.0165  0.0165  0.0165
  0.0165  0.0165  0.0165  0.0165  0.0165  0.0165  0.0165  0.0164  0.0165  0.0165  0.0165  0.0165
  0.0165  0.0165  0.0165  0.0165  0.0165  0.0165  0.0165  0.0166  0.0165  0.0165  0.0165  0.0165
  0.0167  0.0166  0.0166  0.0166  0.0167  0.0167  0.0166  0.0168  0.0166  0.0167  0.0166  0.0166
  0.0169  0.0168  0.0167  0.0169  0.0169  0.0172  0.0168  0.0173  0.0167  0.0170  0.0167  0.0167
registration optimization eta report
parameter search radius
    0.8000    0.8000    0.8000    2.4000    2.4000    2.4000
    2.4000    2.4000    2.4000    2.4000    2.4000    2.4000
100000*second partial in parameter space
       70.       55.       43.        9.        7.       12.
        6.       15.        5.        9.        4.        4.
  0.0169  0.0168  0.0168  0.0170  0.0169  0.0172  0.0168  0.0173  0.0167  0.0170  0.0167  0.0167
  0.0167  0.0166  0.0166  0.0167  0.0167  0.0169  0.0166  0.0168  0.0166  0.0167  0.0166  0.0166
  0.0165  0.0165  0.0165  0.0166  0.0165  0.0166  0.0165  0.0165  0.0165  0.0165  0.0165  0.0165
  0.0165  0.0165  0.0165  0.0165  0.0165  0.0165  0.0165  0.0164  0.0165  0.0165  0.0165  0.0165
  0.0165  0.0165  0.0165  0.0165  0.0165  0.0165  0.0165  0.0166  0.0165  0.0165  0.0165  0.0165
  0.0167  0.0166  0.0166  0.0166  0.0167  0.0167  0.0166  0.0168  0.0166  0.0167  0.0166  0.0166
  0.0169  0.0168  0.0167  0.0169  0.0169  0.0172  0.0168  0.0173  0.0167  0.0170  0.0167  0.0167
   -0.5189    4.7416    5.1868   -5.1485  -15.0348   -6.8702
   -1.1093   -1.0236    0.4490   19.5401    2.0771  -23.8829
eta,q 0.98355 12.89117

---------------------------------------------------------------------
compute_vox2vox talsrcimg talsrcimg_to_711-2C_as_mni_average_305_t4 /opt/freesurfer/average/711-2C_as_mni_average_305
---------------------------------------------------------------------

freesurfer compute_vox2vox.c
Reading: talsrcimg.4dfp.ifh
Reading: talsrcimg_to_711-2C_as_mni_average_305_t4
Reading: /opt/freesurfer/average/711-2C_as_mni_average_305.4dfp.ifh
Writing: talsrcimg_to_711-2C_as_mni_average_305_t4_vox2vox.txt

start time Sun Mar 8 12:44:54 CET 2026
end		time Sun Mar 8 12:45:07 CET 2026

mpr2mni305 success

avi2talxfm orig_nu.mgz /opt/freesurfer/average/mni305.cor.mgz talsrcimg_to_711-2C_as_mni_average_305_t4_vox2vox.txt transforms/talairach.auto.xfm
avi2talxfm done
mv -f /out/sourcedata/freesurfer/sub-v1s12x0050103_ses-1/mri/talsrcimg_to_711-2C_as_mni_average_305_t4_vox2vox.txt /out/sourcedata/freesurfer/sub-v1s12x0050103_ses-1/mri/transforms/talsrcimg_to_711-2C_as_mni_average_305_t4_vox2vox.txt
lta_convert --src orig_nu.mgz --trg /opt/freesurfer/average/mni305.cor.mgz --inxfm transforms/talairach.auto.xfm --outlta transforms/talairach.auto.xfm.lta --subject fsaverage
7.3.2

--src: orig_nu.mgz src image (geometry).
--trg: /opt/freesurfer/average/mni305.cor.mgz trg image (geometry).
--inmni: transforms/talairach.auto.xfm input MNI/XFM transform.
--outlta: transforms/talairach.auto.xfm.lta output LTA.
--s: fsaverage subject name
 LTA read, type : 1
 1.05402   0.00821   0.01607   0.23511;
-0.02355   1.01379   0.28466  -14.97086;
-0.00016  -0.23319   1.11140   9.84007;
 0.00000   0.00000   0.00000   1.00000;
setting subject to fsaverage
Writing  LTA to file transforms/talairach.auto.xfm.lta...
lta_convert successful.
 
 
Started at Sun Mar 8 12:44:54 CET 2026
Ended   at Sun Mar  8 12:45:08 CET 2026
talairach_avi done
