status file for recon-all
Sun Mar  8 14:24:22 CET 2026
#@# Tessellate lh Sun Mar  8 14:24:22 CET 2026
#@# Smooth1 lh Sun Mar  8 14:24:26 CET 2026
#@# Inflation1 lh Sun Mar  8 14:24:28 CET 2026
#@# QSphere lh Sun Mar  8 14:24:39 CET 2026
#@# Fix Topology lh Sun Mar  8 14:25:28 CET 2026
#@# Smooth2 lh Sun Mar  8 14:41:43 CET 2026
#@# Inflation2 lh Sun Mar  8 14:41:45 CET 2026
#@# Curv .H and .K lh Sun Mar  8 14:41:55 CET 2026
#@# Sphere lh Sun Mar  8 14:42:31 CET 2026
#@# Surf Reg lh Sun Mar  8 14:47:22 CET 2026
#@# Jacobian white lh Sun Mar  8 14:50:33 CET 2026
#@# AvgCurv lh Sun Mar  8 14:50:33 CET 2026
#@# Cortical Parc lh Sun Mar  8 14:50:34 CET 2026
#@# white curv lh Sun Mar  8 14:55:45 CET 2026
#@# white area lh Sun Mar  8 14:55:46 CET 2026
#@# pial curv lh Sun Mar  8 14:55:47 CET 2026
#@# pial area lh Sun Mar  8 14:55:48 CET 2026
#@# thickness lh Sun Mar  8 14:55:49 CET 2026
#@# area and vertex vol lh Sun Mar  8 14:56:11 CET 2026
#@# Curvature Stats lh Sun Mar  8 14:56:12 CET 2026
#@# Cortical Parc 2 lh Sun Mar  8 14:56:14 CET 2026
#@# Cortical Parc 3 lh Sun Mar  8 14:56:24 CET 2026
#@# WM/GM Contrast lh Sun Mar  8 14:56:32 CET 2026
recon-all -s sub-v1s12x0050133_ses-1 finished without error at Sun Mar  8 14:56:34 CET 2026



#New# invocation of recon-all 



status file for recon-all
Sun Mar  8 15:29:18 CET 2026
#@# white curv lh Sun Mar  8 15:29:18 CET 2026
#@# white area lh Sun Mar  8 15:29:18 CET 2026
#@# pial curv lh Sun Mar  8 15:29:18 CET 2026
#@# pial area lh Sun Mar  8 15:29:18 CET 2026
#@# thickness lh Sun Mar  8 15:29:19 CET 2026
#@# area and vertex vol lh Sun Mar  8 15:29:19 CET 2026
#@# Parcellation Stats lh Sun Mar  8 15:29:19 CET 2026
#@# Parcellation Stats 2 lh Sun Mar  8 15:29:31 CET 2026
#@# Parcellation Stats 3 lh Sun Mar  8 15:29:37 CET 2026
#@# BA_exvivo Labels lh Sun Mar  8 15:29:43 CET 2026
recon-all -s sub-v1s12x0050133_ses-1 finished without error at Sun Mar  8 15:31:43 CET 2026
