/out/sourcedata/freesurfer/sub-v1s12x0050110_ses-1/mri
/opt/freesurfer/bin/talairach_avi
--i orig_nu.mgz --xfm transforms/talairach.auto.xfm
talairach_avi 7.3.2
Linux dna079 5.14.0-427.37.1.el9_4.x86_64 #1 SMP PREEMPT_DYNAMIC Fri Sep 13 12:41:50 EDT 2024 x86_64 x86_64 x86_64 GNU/Linux
Sun Mar  8 12:44:55 CET 2026
mri_convert orig_nu.mgz talsrcimg.img 
reading from orig_nu.mgz...
TR=0.00, TE=0.00, TI=0.00, flip angle=0.00
i_ras = (-1, 0, 0)
j_ras = (0, 0, -1)
k_ras = (0, 1, 0)
writing to talsrcimg.img...
Analyze Output Matrix
-1.00000   0.00000   0.00000   124.17727;
 0.00000   0.00000   1.00000  -122.18886;
 0.00000  -1.00000   0.00000   113.54192;
 0.00000   0.00000   0.00000   1.00000;
--------------------
INFO: set hdr.hist.orient to -1
mpr2mni305 talsrcimg
Sun Mar  8 12:44:56 CET 2026
/opt/freesurfer/bin/mpr2mni305 talsrcimg
mpr2mni305 7.3.2
target=711-2C_as_mni_average_305

---------------------------------------------------------------------
analyzeto4dfp talsrcimg -O0 -y
---------------------------------------------------------------------

freesurfer ifh2hdr.c
Sun Mar  8 12:44:56 2026
Writing: talsrcimg.4dfp.hdr
freesurfer analyzeto4dfp.c
Reading: talsrcimg.hdr
header size 348 bytes
hdr.dime.datatype	offset=70	value=2
hdr.dime.bitpix		offset=72	value=8
hdr.hist.orient		offset=252	value=-1
dimensionality     4
dimensions       256       256       256         1
Reading: talsrcimg.img
Writing: talsrcimg.4dfp.img
Writing: talsrcimg.4dfp.ifh
ifh2hdr talsrcimg -r0to215
ori=2

---------------------------------------------------------------------
gauss_4dfp talsrcimg 1.1
---------------------------------------------------------------------

freesurfer gauss_4dfp.c
Reading: talsrcimg.4dfp.img
Writing: talsrcimg_g11.4dfp.img
image dimensions 256 256 256 padded to 288 288 288
processing volume 1freesurfer ifh2hdr.c
Sun Mar  8 12:44:57 2026
Writing: talsrcimg_g11.4dfp.hdr

Writing: talsrcimg_g11.4dfp.ifh
including: talsrcimg.4dfp.img.rec in talsrcimg_g11.4dfp.img.rec

---------------------------------------------------------------------
imgreg_4dfp /opt/freesurfer/average/711-2C_as_mni_average_305 none talsrcimg_g11 none talsrcimg_to_711-2C_as_mni_average_305_t4 4355
---------------------------------------------------------------------

freesurfer imgreg_4dfp.c
/opt/freesurfer/average/711-2C_as_mni_average_305.4dfp.img
       256       256       256         1
  1.000000  1.000000  1.000000
orientation T byte_order littleendian
Reading image: /opt/freesurfer/average/711-2C_as_mni_average_305.4dfp.img
dimensions:      256       256       256
mmppix:       1.0000   -1.0000   -1.0000
center:     128.0000 -129.0000 -129.0000
talsrcimg_g11.4dfp.img
       256       256       256         1
  1.000000  1.000000  1.000000
orientation T byte_order littleendian
Reading image: talsrcimg_g11.4dfp.img
dimensions:      256       256       256
mmppix:       1.0000   -1.0000   -1.0000
center:     128.0000 -129.0000 -129.0000
t4_read: open error in t4_sub.f l:  41 t4_file(1:l)talsrcimg_to_711-2C_as_mni_average_305_t4 
t4_read: transform initialized to I4
rotation matrix determinant  1.000000
image alignment mode   4355 decimal     1103 hex
   -7.5000  -45.0000  -45.0000 8387.6797   17.0819
    0.0000  -45.0000  -45.0000 8718.3682   17.0489
    7.5000  -45.0000  -45.0000 8281.9746   16.9946
   -7.5000  -37.5000  -45.0000 8970.2158   17.0535
    0.0000  -37.5000  -45.0000 9317.4092   17.0172
    7.5000  -37.5000  -45.0000 8851.6250   16.9640
   -7.5000  -30.0000  -45.0000 9888.3262   17.0084
    0.0000  -30.0000  -45.000010248.1777   16.9766
    7.5000  -30.0000  -45.0000 9733.4092   16.9335
   -7.5000  -22.5000  -45.000010676.2217   16.9839
    0.0000  -22.5000  -45.000011059.4990   16.9604
    7.5000  -22.5000  -45.000010522.1797   16.9261
   -7.5000  -15.0000  -45.000011405.4014   17.0011
    0.0000  -15.0000  -45.000011819.8408   16.9821
    7.5000  -15.0000  -45.000011229.1807   16.9461
   -7.5000   -7.5000  -45.000012090.7285   17.0475
    0.0000   -7.5000  -45.000012531.1221   17.0236
    7.5000   -7.5000  -45.000011880.8105   16.9775
   -7.5000    0.0000  -45.000012705.4990   17.0755
    0.0000    0.0000  -45.000013151.0635   17.0425
    7.5000    0.0000  -45.000012488.8818   16.9881
   -7.5000    7.5000  -45.000012326.1416   17.0535
    0.0000    7.5000  -45.000012739.0713   17.0172
    7.5000    7.5000  -45.000012093.5732   16.9640
   -7.5000   15.0000  -45.000011897.4990   17.0084
    0.0000   15.0000  -45.000012266.6777   16.9766
    7.5000   15.0000  -45.000011614.0654   16.9335
   -7.5000   22.5000  -45.000011313.0781   16.9816
    0.0000   22.5000  -45.000011663.2725   16.9581
    7.5000   22.5000  -45.000011020.2246   16.9238
   -7.5000   30.0000  -45.000010467.1562   16.7745
    0.0000   30.0000  -45.000010822.9502   16.7558
    7.5000   30.0000  -45.000010213.5771   16.7203
   -7.5000   37.5000  -45.0000 9889.5566   16.8203
    0.0000   37.5000  -45.000010258.3867   16.7967
    7.5000   37.5000  -45.0000 9670.5264   16.7513
   -7.5000   45.0000  -45.0000 9011.6934   16.4203
    0.0000   45.0000  -45.0000 9368.5635   16.3886
    7.5000   45.0000  -45.0000 8803.6650   16.3363
   -7.5000  -45.0000  -37.5000 8877.4150   17.0467
    0.0000  -45.0000  -37.5000 9221.2178   17.0240
    7.5000  -45.0000  -37.5000 8754.7158   16.9734
   -7.5000  -37.5000  -37.5000 9481.0469   17.0280
    0.0000  -37.5000  -37.5000 9834.3633   16.9973
    7.5000  -37.5000  -37.5000 9332.0420   16.9445
   -7.5000  -30.0000  -37.500010440.6572   16.9875
    0.0000  -30.0000  -37.500010824.4775   16.9570
    7.5000  -30.0000  -37.500010264.1670   16.9111
   -7.5000  -22.5000  -37.500011292.0850   16.9571
    0.0000  -22.5000  -37.500011711.6621   16.9358
    7.5000  -22.5000  -37.500011099.6572   16.8996
   -7.5000  -15.0000  -37.500012081.6406   16.9647
    0.0000  -15.0000  -37.500012533.6318   16.9521
    7.5000  -15.0000  -37.500011849.1055   16.9175
   -7.5000   -7.5000  -37.500012788.5801   17.0073
    0.0000   -7.5000  -37.500013243.7803   16.9935
    7.5000   -7.5000  -37.500012549.5742   16.9514
   -7.5000    0.0000  -37.500013440.0352   17.0403
    0.0000    0.0000  -37.500013906.3047   17.0176
    7.5000    0.0000  -37.500013171.7578   16.9670
   -7.5000    7.5000  -37.500012996.6611   17.0280
    0.0000    7.5000  -37.500013429.4551   16.9973
    7.5000    7.5000  -37.500012714.2188   16.9445
   -7.5000   15.0000  -37.500012463.1865   16.9875
    0.0000   15.0000  -37.500012855.1543   16.9570
    7.5000   15.0000  -37.500012163.3320   16.9111
   -7.5000   22.5000  -37.500011865.9404   16.9548
    0.0000   22.5000  -37.500012253.0488   16.9335
    7.5000   22.5000  -37.500011556.9463   16.8973
   -7.5000   30.0000  -37.500011000.7119   16.7386
    0.0000   30.0000  -37.500011386.4824   16.7262
    7.5000   30.0000  -37.500010714.4639   16.6920
   -7.5000   37.5000  -37.500010370.6943   16.7807
    0.0000   37.5000  -37.500010765.1953   16.7670
    7.5000   37.5000  -37.500010129.4609   16.7255
   -7.5000   45.0000  -37.5000 9411.5469   16.3865
    0.0000   45.0000  -37.5000 9788.5996   16.3646
    7.5000   45.0000  -37.5000 9211.6807   16.3159
   -7.5000  -45.0000  -30.0000 9527.8076   17.7368
    0.0000  -45.0000  -30.0000 9913.7881   17.7182
    7.5000  -45.0000  -30.0000 9395.4756   17.6647
   -7.5000  -37.5000  -30.000010162.5664   17.7251
    0.0000  -37.5000  -30.000010559.4551   17.6985
    7.5000  -37.5000  -30.000010003.8115   17.6417
   -7.5000  -30.0000  -30.000011184.1660   17.6881
    0.0000  -30.0000  -30.000011619.6035   17.6597
    7.5000  -30.0000  -30.000011001.0645   17.6102
   -7.5000  -22.5000  -30.000012123.0049   17.6530
    0.0000  -22.5000  -30.000012588.8877   17.6324
    7.5000  -22.5000  -30.000011896.8115   17.5946
   -7.5000  -15.0000  -30.000012979.0352   17.6531
    0.0000  -15.0000  -30.000013470.6543   17.6414
    7.5000  -15.0000  -30.000012723.2725   17.6063
   -7.5000   -7.5000  -30.000013744.3789   17.6934
    0.0000   -7.5000  -30.000014248.1924   17.6817
    7.5000   -7.5000  -30.000013456.6367   17.6383
   -7.5000    0.0000  -30.000014437.4062   17.7302
    0.0000    0.0000  -30.000014959.0830   17.7115
    7.5000    0.0000  -30.000014110.2236   17.6580
   -7.5000    7.5000  -30.000013927.7793   17.7251
    0.0000    7.5000  -30.000014429.1221   17.6985
    7.5000    7.5000  -30.000013608.3613   17.6417
   -7.5000   15.0000  -30.000013307.5957   17.6881
    0.0000   15.0000  -30.000013770.4590   17.6597
    7.5000   15.0000  -30.000012971.3115   17.6102
   -7.5000   22.5000  -30.000012654.1523   17.6487
    0.0000   22.5000  -30.000013099.9424   17.6281
    7.5000   22.5000  -30.000012327.6885   17.5904
   -7.5000   30.0000  -30.000011749.4072   17.4195
    0.0000   30.0000  -30.000012190.2998   17.4080
    7.5000   30.0000  -30.000011457.7256   17.3734
   -7.5000   37.5000  -30.000011099.3535   17.4593
    0.0000   37.5000  -30.000011527.4551   17.4478
    7.5000   37.5000  -30.000010819.8467   17.4049
   -7.5000   45.0000  -30.000010029.3047   17.0623
    0.0000   45.0000  -30.000010433.6191   17.0443
    7.5000   45.0000  -30.0000 9809.7334   16.9929
   -7.5000  -45.0000  -22.500010177.0508   18.3405
    0.0000  -45.0000  -22.500010587.8457   18.3134
    7.5000  -45.0000  -22.500010034.7578   18.2524
   -7.5000  -37.5000  -22.500010869.2412   18.3263
    0.0000  -37.5000  -22.500011293.9941   18.2974
    7.5000  -37.5000  -22.500010698.9316   18.2359
   -7.5000  -30.0000  -22.500011967.3496   18.2876
    0.0000  -30.0000  -22.500012425.4004   18.2605
    7.5000  -30.0000  -22.500011758.2422   18.2104
   -7.5000  -22.5000  -22.500012978.5244   18.2527
    0.0000  -22.5000  -22.500013477.8916   18.2306
    7.5000  -22.5000  -22.500012719.3486   18.1934
   -7.5000  -15.0000  -22.500013857.6797   18.2552
    0.0000  -15.0000  -22.500014373.1055   18.2363
    7.5000  -15.0000  -22.500013545.5684   18.1993
   -7.5000   -7.5000  -22.500014661.2471   18.2974
    0.0000   -7.5000  -22.500015199.4287   18.2752
    7.5000   -7.5000  -22.500014340.6270   18.2258
   -7.5000    0.0000  -22.500015409.8037   18.3337
    0.0000    0.0000  -22.500016005.2500   18.3065
    7.5000    0.0000  -22.500015051.8330   18.2455
   -7.5000    7.5000  -22.500014885.1865   18.3263
    0.0000    7.5000  -22.500015468.2812   18.2974
    7.5000    7.5000  -22.500014531.7646   18.2359
   -7.5000   15.0000  -22.500014184.0723   18.2876
    0.0000   15.0000  -22.500014727.4502   18.2605
    7.5000   15.0000  -22.500013828.7559   18.2104
   -7.5000   22.5000  -22.500013441.0020   18.2471
    0.0000   22.5000  -22.500013961.2188   18.2249
    7.5000   22.5000  -22.500013106.9316   18.1878
   -7.5000   30.0000  -22.500012499.7734   18.0164
    0.0000   30.0000  -22.500012989.4033   17.9978
    7.5000   30.0000  -22.500012190.1689   17.9612
   -7.5000   37.5000  -22.500011829.6523   18.0581
    0.0000   37.5000  -22.500012298.9863   18.0362
    7.5000   37.5000  -22.500011540.8320   17.9874
   -7.5000   45.0000  -22.500010694.3994   17.6564
    0.0000   45.0000  -22.500011127.3525   17.6302
    7.5000   45.0000  -22.500010456.5674   17.5715
   -7.5000  -45.0000  -15.000010823.3613   18.7863
    0.0000  -45.0000  -15.000011255.3047   18.7451
    7.5000  -45.0000  -15.000010635.5371   18.6772
   -7.5000  -37.5000  -15.000011571.1465   18.7613
    0.0000  -37.5000  -15.000012041.8486   18.7249
    7.5000  -37.5000  -15.000011365.8232   18.6601
   -7.5000  -30.0000  -15.000012731.0898   18.7160
    0.0000  -30.0000  -15.000013247.5918   18.6875
    7.5000  -30.0000  -15.000012514.6025   18.6383
   -7.5000  -22.5000  -15.000013832.9658   18.6860
    0.0000  -22.5000  -15.000014385.3545   18.6612
    7.5000  -22.5000  -15.000013550.6006   18.6250
   -7.5000  -15.0000  -15.000014707.3320   18.6991
    0.0000  -15.0000  -15.000015276.2217   18.6714
    7.5000  -15.0000  -15.000014378.8857   18.6320
   -7.5000   -7.5000  -15.000015532.5430   18.7471
    0.0000   -7.5000  -15.000016145.4795   18.7108
    7.5000   -7.5000  -15.000015210.0371   18.6553
   -7.5000    0.0000  -15.000016345.5537   18.7793
    0.0000    0.0000  -15.000017023.0391   18.7381
    7.5000    0.0000  -15.000016009.4688   18.6702
   -7.5000    7.5000  -15.000015815.7646   18.7613
    0.0000    7.5000  -15.000016470.7480   18.7249
    7.5000    7.5000  -15.000015470.8408   18.6601
   -7.5000   15.0000  -15.000015031.3018   18.7160
    0.0000   15.0000  -15.000015648.5254   18.6875
    7.5000   15.0000  -15.000014704.2012   18.6383
   -7.5000   22.5000  -15.000014216.6699   18.6793
    0.0000   22.5000  -15.000014776.6123   18.6546
    7.5000   22.5000  -15.000013894.0049   18.6184
   -7.5000   30.0000  -15.000013252.8799   18.4571
    0.0000   30.0000  -15.000013777.2803   18.4297
    7.5000   30.0000  -15.000012941.7285   18.3908
   -7.5000   37.5000  -15.000012594.1973   18.5045
    0.0000   37.5000  -15.000013099.0859   18.4686
    7.5000   37.5000  -15.000012290.8936   18.4138
   -7.5000   45.0000  -15.000011413.1660   18.0965
    0.0000   45.0000  -15.000011869.6230   18.0568
    7.5000   45.0000  -15.000011137.7256   17.9913
   -7.5000  -45.0000   -7.500011418.3369   19.0157
    0.0000  -45.0000   -7.500011863.9590   18.9714
    7.5000  -45.0000   -7.500011219.7510   18.9048
   -7.5000  -37.5000   -7.500012222.8252   18.9820
    0.0000  -37.5000   -7.500012700.6621   18.9412
    7.5000  -37.5000   -7.500012017.9766   18.8783
   -7.5000  -30.0000   -7.500013500.5195   18.9318
    0.0000  -30.0000   -7.500014018.9717   18.8999
    7.5000  -30.0000   -7.500013253.0693   18.8522
   -7.5000  -22.5000   -7.500014722.2227   18.9063
    0.0000  -22.5000   -7.500015304.2627   18.8803
    7.5000  -22.5000   -7.500014375.1357   18.8438
   -7.5000  -15.0000   -7.500015665.8691   18.9278
    0.0000  -15.0000   -7.500016261.3086   18.9001
    7.5000  -15.0000   -7.500015279.0518   18.8595
   -7.5000   -7.5000   -7.500016457.1719   18.9799
    0.0000   -7.5000   -7.500017103.1992   18.9428
    7.5000   -7.5000   -7.500016136.0088   18.8870
   -7.5000    0.0000   -7.500017319.1016   19.0087
    0.0000    0.0000   -7.500017998.4980   18.9643
    7.5000    0.0000   -7.500017005.5801   18.8977
   -7.5000    7.5000   -7.500016791.2656   18.9820
    0.0000    7.5000   -7.500017432.8750   18.9412
    7.5000    7.5000   -7.500016490.1309   18.8783
   -7.5000   15.0000   -7.500015977.8643   18.9318
    0.0000   15.0000   -7.500016614.6543   18.8999
    7.5000   15.0000   -7.500015705.4629   18.8522
   -7.5000   22.5000   -7.500015117.2646   18.8976
    0.0000   22.5000   -7.500015702.8877   18.8716
    7.5000   22.5000   -7.500014786.7422   18.8351
   -7.5000   30.0000   -7.500014149.1689   18.6824
    0.0000   30.0000   -7.500014680.8359   18.6549
    7.5000   30.0000   -7.500013768.2764   18.6149
   -7.5000   37.5000   -7.500013482.1279   18.7338
    0.0000   37.5000   -7.500014008.7324   18.6972
    7.5000   37.5000   -7.500013087.8867   18.6421
   -7.5000   45.0000   -7.500012225.2842   18.3210
    0.0000   45.0000   -7.500012697.7314   18.2782
    7.5000   45.0000   -7.500011869.8662   18.2140
   -7.5000  -45.0000    0.000011891.0234   19.0520
    0.0000  -45.0000    0.000012368.7695   19.0160
    7.5000  -45.0000    0.000011694.3096   18.9559
   -7.5000  -37.5000    0.000012738.1543   19.0207
    0.0000  -37.5000    0.000013237.5166   18.9809
    7.5000  -37.5000    0.000012512.9629   18.9222
   -7.5000  -30.0000    0.000014078.4365   18.9707
    0.0000  -30.0000    0.000014620.4355   18.9359
    7.5000  -30.0000    0.000013832.8662   18.8882
   -7.5000  -22.5000    0.000015456.8633   18.9435
    0.0000  -22.5000    0.000016114.0703   18.9179
    7.5000  -22.5000    0.000015115.1211   18.8798
   -7.5000  -15.0000    0.000016628.3477   18.9624
    0.0000  -15.0000    0.000017350.4004   18.9417
    7.5000  -15.0000    0.000016226.7031   18.9018
   -7.5000   -7.5000    0.000017522.7168   19.0139
    0.0000   -7.5000    0.000018244.7949   18.9877
    7.5000   -7.5000    0.000017183.0137   18.9367
   -7.5000    0.0000    0.000018398.9180   19.0450
    0.0000    0.0000    0.000019048.2422   19.0089
    7.5000    0.0000    0.000018085.6836   18.9487
   -7.5000    7.5000    0.000017834.0020   19.0207
    0.0000    7.5000    0.000018467.0977   18.9809
    7.5000    7.5000    0.000017497.7324   18.9222
   -7.5000   15.0000    0.000017013.3926   18.9707
    0.0000   15.0000    0.000017664.6953   18.9359
    7.5000   15.0000    0.000016648.9004   18.8882
   -7.5000   22.5000    0.000016059.4150   18.9348
    0.0000   22.5000    0.000016676.8945   18.9091
    7.5000   22.5000    0.000015599.5918   18.8711
   -7.5000   30.0000    0.000015005.3584   18.7170
    0.0000   30.0000    0.000015584.2207   18.6966
    7.5000   30.0000    0.000014493.3535   18.6572
   -7.5000   37.5000    0.000014287.4336   18.7678
    0.0000   37.5000    0.000014847.0254   18.7420
    7.5000   37.5000    0.000013772.2969   18.6916
   -7.5000   45.0000    0.000012939.2490   18.3573
    0.0000   45.0000    0.000013451.7617   18.3225
    7.5000   45.0000    0.000012499.7812   18.2646
   -7.5000  -45.0000    7.500011439.2393   19.0640
    0.0000  -45.0000    7.500011913.0186   19.0386
    7.5000  -45.0000    7.500011298.0723   18.9823
   -7.5000  -37.5000    7.500012239.2324   19.0432
    0.0000  -37.5000    7.500012719.9551   19.0089
    7.5000  -37.5000    7.500012079.1807   18.9501
   -7.5000  -30.0000    7.500013501.1094   18.9982
    0.0000  -30.0000    7.500013983.0166   18.9640
    7.5000  -30.0000    7.500013340.5449   18.9130
   -7.5000  -22.5000    7.500014891.8604   18.9643
    0.0000  -22.5000    7.500015472.5684   18.9405
    7.5000  -22.5000    7.500014619.6143   18.9003
   -7.5000  -15.0000    7.500016257.7139   18.9726
    0.0000  -15.0000    7.500016997.8691   18.9586
    7.5000  -15.0000    7.500015881.6572   18.9202
   -7.5000   -7.5000    7.500017252.8574   19.0201
    0.0000   -7.5000    7.500018047.3750   19.0046
    7.5000   -7.5000    7.500016917.9902   18.9578
   -7.5000    0.0000    7.500017993.9629   19.0569
    0.0000    0.0000    7.500018783.7832   19.0314
    7.5000    0.0000    7.500017711.6523   18.9751
   -7.5000    7.5000    7.500017352.2539   19.0432
    0.0000    7.5000    7.500018068.4707   19.0089
    7.5000    7.5000    7.500017001.5957   18.9501
   -7.5000   15.0000    7.500016543.2969   18.9982
    0.0000   15.0000    7.500017221.5996   18.9640
    7.5000   15.0000    7.500016116.7832   18.9130
   -7.5000   22.5000    7.500015557.3359   18.9556
    0.0000   22.5000    7.500016175.6055   18.9318
    7.5000   22.5000    7.500015089.7646   18.8916
   -7.5000   30.0000    7.500014534.1982   18.7271
    0.0000   30.0000    7.500015064.2988   18.7133
    7.5000   30.0000    7.500014018.0791   18.6753
   -7.5000   37.5000    7.500013814.6445   18.7739
    0.0000   37.5000    7.500014296.5186   18.7587
    7.5000   37.5000    7.500013321.5176   18.7125
   -7.5000   45.0000    7.500012527.3682   18.3688
    0.0000   45.0000    7.500012970.9385   18.3443
    7.5000   45.0000    7.500012090.0117   18.2899
   -7.5000  -45.0000   15.000010856.5137   19.0924
    0.0000  -45.0000   15.000011310.4736   19.0721
    7.5000  -45.0000   15.000010776.8945   19.0144
   -7.5000  -37.5000   15.000011610.0566   19.0799
    0.0000  -37.5000   15.000012078.5459   19.0510
    7.5000  -37.5000   15.000011508.3174   18.9897
   -7.5000  -30.0000   15.000012815.4434   19.0400
    0.0000  -30.0000   15.000013306.2256   19.0091
    7.5000  -30.0000   15.000012689.0625   18.9558
   -7.5000  -22.5000   15.000014149.9492   19.0020
    0.0000  -22.5000   15.000014715.1475   18.9796
    7.5000  -22.5000   15.000013922.6045   18.9389
   -7.5000  -15.0000   15.000015441.4531   19.0021
    0.0000  -15.0000   15.000016060.6895   18.9892
    7.5000  -15.0000   15.000015112.8359   18.9513
   -7.5000   -7.5000   15.000016268.3174   19.0455
    0.0000   -7.5000   15.000016906.1445   19.0326
    7.5000   -7.5000   15.000016037.8848   18.9857
   -7.5000    0.0000   15.000017073.3848   19.0852
    0.0000    0.0000   15.000017716.6113   19.0648
    7.5000    0.0000   15.000016827.8594   19.0071
   -7.5000    7.5000   15.000016558.0117   19.0799
    0.0000    7.5000   15.000017202.9160   19.0510
    7.5000    7.5000   15.000016242.0996   18.9897
   -7.5000   15.0000   15.000015795.9102   19.0400
    0.0000   15.0000   15.000016448.2441   19.0091
    7.5000   15.0000   15.000015467.6816   18.9558
   -7.5000   22.5000   15.000014796.7461   18.9932
    0.0000   22.5000   15.000015398.8857   18.9708
    7.5000   22.5000   15.000014442.0947   18.9301
   -7.5000   30.0000   15.000013772.5020   18.7561
    0.0000   30.0000   15.000014299.1436   18.7434
    7.5000   30.0000   15.000013381.3887   18.7060
   -7.5000   37.5000   15.000013098.0527   18.7990
    0.0000   37.5000   15.000013574.7217   18.7863
    7.5000   37.5000   15.000012700.1777   18.7400
   -7.5000   45.0000   15.000011878.6182   18.3961
    0.0000   45.0000   15.000012298.6465   18.3764
    7.5000   45.0000   15.000011525.1953   18.3208
   -7.5000  -45.0000   22.500010192.4756   19.1519
    0.0000  -45.0000   22.500010617.9629   19.1227
    7.5000  -45.0000   22.500010094.8818   19.0582
   -7.5000  -37.5000   22.500010900.6777   19.1369
    0.0000  -37.5000   22.500011339.4141   19.1059
    7.5000  -37.5000   22.500010782.8223   19.0410
   -7.5000  -30.0000   22.500012050.1758   19.0963
    0.0000  -30.0000   22.500012518.8398   19.0671
    7.5000  -30.0000   22.500011925.5127   19.0141
   -7.5000  -22.5000   22.500013276.5811   19.0596
    0.0000  -22.5000   22.500013789.4951   19.0356
    7.5000  -22.5000   22.500013070.9150   18.9962
   -7.5000  -15.0000   22.500014320.9014   19.0623
    0.0000  -15.0000   22.500014835.7549   19.0416
    7.5000  -15.0000   22.500014095.4746   19.0023
   -7.5000   -7.5000   22.500014987.9365   19.1066
    0.0000   -7.5000   22.500015529.8926   19.0824
    7.5000   -7.5000   22.500014891.5420   19.0302
   -7.5000    0.0000   22.500015810.7656   19.1446
    0.0000    0.0000   22.500016398.2832   19.1154
    7.5000    0.0000   22.500015667.4941   19.0509
   -7.5000    7.5000   22.500015451.6348   19.1369
    0.0000    7.5000   22.500016029.2861   19.1059
    7.5000    7.5000   22.500015229.0576   19.0410
   -7.5000   15.0000   22.500014800.1738   19.0963
    0.0000   15.0000   22.500015380.1162   19.0671
    7.5000   15.0000   22.500014579.6729   19.0141
   -7.5000   22.5000   22.500013860.7031   19.0509
    0.0000   22.5000   22.500014414.5430   19.0268
    7.5000   22.5000   22.500013643.0498   18.9874
   -7.5000   30.0000   22.500012849.0215   18.8156
    0.0000   30.0000   22.500013325.7832   18.7952
    7.5000   30.0000   22.500012585.6670   18.7564
   -7.5000   37.5000   22.500012236.2910   18.8593
    0.0000   37.5000   22.500012667.7676   18.8355
    7.5000   37.5000   22.500011938.6865   18.7839
   -7.5000   45.0000   22.500011074.1064   18.4534
    0.0000   45.0000   22.500011469.7295   18.4252
    7.5000   45.0000   22.500010816.9062   18.3631
   -7.5000  -45.0000   30.0000 9534.5547   19.4331
    0.0000  -45.0000   30.0000 9917.5166   19.3879
    7.5000  -45.0000   30.0000 9415.0312   19.3153
   -7.5000  -37.5000   30.000010192.7422   19.4073
    0.0000  -37.5000   30.000010594.0488   19.3673
    7.5000  -37.5000   30.000010064.8525   19.2977
   -7.5000  -30.0000   30.000011251.8584   19.3597
    0.0000  -30.0000   30.000011681.1455   19.3280
    7.5000  -30.0000   30.000011113.3076   19.2749
   -7.5000  -22.5000   30.000012338.6846   19.3275
    0.0000  -22.5000   30.000012803.9385   19.2997
    7.5000  -22.5000   30.000012145.0420   19.2605
   -7.5000  -15.0000   30.000013216.8818   19.3406
    0.0000  -15.0000   30.000013675.6992   19.3098
    7.5000  -15.0000   30.000013032.1123   19.2673
   -7.5000   -7.5000   30.000013838.6553   19.3913
    0.0000   -7.5000   30.000014304.6338   19.3512
    7.5000   -7.5000   30.000013732.2754   19.2918
   -7.5000    0.0000   30.000014595.6729   19.4257
    0.0000    0.0000   30.000015098.5693   19.3805
    7.5000    0.0000   30.000014449.5352   19.3078
   -7.5000    7.5000   30.000014272.7861   19.4073
    0.0000    7.5000   30.000014768.2930   19.3673
    7.5000    7.5000   30.000014090.2676   19.2977
   -7.5000   15.0000   30.000013713.4336   19.3597
    0.0000   15.0000   30.000014196.1914   19.3280
    7.5000   15.0000   30.000013511.4316   19.2749
   -7.5000   22.5000   30.000012876.0742   19.3186
    0.0000   22.5000   30.000013334.6963   19.2908
    7.5000   22.5000   30.000012667.2432   19.2517
   -7.5000   30.0000   30.000011927.1592   19.0903
    0.0000   30.0000   30.000012342.5078   19.0599
    7.5000   30.0000   30.000011689.2734   19.0180
   -7.5000   37.5000   30.000011373.1279   19.1403
    0.0000   37.5000   30.000011758.6777   19.1008
    7.5000   37.5000   30.000011102.1055   19.0421
   -7.5000   45.0000   30.000010281.6553   18.7243
    0.0000   45.0000   30.000010641.5078   18.6807
    7.5000   45.0000   30.000010048.7354   18.6107
   -7.5000  -45.0000   37.5000 9230.3076   19.8931
    0.0000  -45.0000   37.5000 9592.6523   19.8428
    7.5000  -45.0000   37.5000 9092.7393   19.7701
   -7.5000  -37.5000   37.5000 9846.4688   19.8573
    0.0000  -37.5000   37.500010225.7295   19.8108
    7.5000  -37.5000   37.5000 9694.9893   19.7424
   -7.5000  -30.0000   37.500010855.3486   19.8021
    0.0000  -30.0000   37.500011285.1074   19.7655
    7.5000  -30.0000   37.500010705.2412   19.7133
   -7.5000  -22.5000   37.500011852.7227   19.7729
    0.0000  -22.5000   37.500012319.4219   19.7424
    7.5000  -22.5000   37.500011680.2920   19.7023
   -7.5000  -15.0000   37.500012660.0029   19.7951
    0.0000  -15.0000   37.500013113.1709   19.7628
    7.5000  -15.0000   37.500012495.4824   19.7180
   -7.5000   -7.5000   37.500013301.2764   19.8525
    0.0000   -7.5000   37.500013782.5635   19.8100
    7.5000   -7.5000   37.500013173.6826   19.7489
   -7.5000    0.0000   37.500014000.1855   19.8854
    0.0000    0.0000   37.500014485.7373   19.8351
    7.5000    0.0000   37.500013837.6943   19.7623
   -7.5000    7.5000   37.500013670.2373   19.8573
    0.0000    7.5000   37.500014125.2764   19.8108
    7.5000    7.5000   37.500013505.7520   19.7424
   -7.5000   15.0000   37.500013146.9248   19.8021
    0.0000   15.0000   37.500013600.7520   19.7655
    7.5000   15.0000   37.500012965.5879   19.7133
   -7.5000   22.5000   37.500012372.3574   19.7638
    0.0000   22.5000   37.500012819.6768   19.7333
    7.5000   22.5000   37.500012180.8750   19.6932
   -7.5000   30.0000   37.500011446.9385   19.5389
    0.0000   30.0000   37.500011848.6895   19.5070
    7.5000   30.0000   37.500011243.9375   19.4628
   -7.5000   37.5000   37.500010900.1611   19.5956
    0.0000   37.5000   37.500011272.6865   19.5536
    7.5000   37.5000   37.500010673.2256   19.4933
   -7.5000   45.0000   37.5000 9848.0508   19.1674
    0.0000   45.0000   37.500010191.6016   19.1189
    7.5000   45.0000   37.5000 9654.1855   19.0487
   -7.5000  -45.0000   45.0000 8514.9736   20.3776
    0.0000  -45.0000   45.0000 8854.2393   20.3362
    7.5000  -45.0000   45.0000 8395.1846   20.2707
   -7.5000  -37.5000   45.0000 9080.7002   20.3434
    0.0000  -37.5000   45.0000 9435.0459   20.2976
    7.5000  -37.5000   45.0000 8939.3730   20.2334
   -7.5000  -30.0000   45.0000 9999.4111   20.2842
    0.0000  -30.0000   45.000010417.9434   20.2437
    7.5000  -30.0000   45.0000 9870.4795   20.1917
   -7.5000  -22.5000   45.000010898.5801   20.2489
    0.0000  -22.5000   45.000011358.1055   20.2188
    7.5000  -22.5000   45.000010748.3105   20.1777
   -7.5000  -15.0000   45.000011646.2568   20.2683
    0.0000  -15.0000   45.000012110.2715   20.2441
    7.5000  -15.0000   45.000011489.2861   20.2010
   -7.5000   -7.5000   45.000012271.0703   20.3296
    0.0000   -7.5000   45.000012751.0889   20.2994
    7.5000   -7.5000   45.000012139.5049   20.2441
   -7.5000    0.0000   45.000012887.5273   20.3694
    0.0000    0.0000   45.000013367.6729   20.3279
    7.5000    0.0000   45.000012726.2822   20.2625
   -7.5000    7.5000   45.000012575.7471   20.3434
    0.0000    7.5000   45.000013028.8916   20.2976
    7.5000    7.5000   45.000012418.4756   20.2334
   -7.5000   15.0000   45.000012090.2705   20.2842
    0.0000   15.0000   45.000012540.2900   20.2437
    7.5000   15.0000   45.000011945.8447   20.1917
   -7.5000   22.5000   45.000011385.7842   20.2395
    0.0000   22.5000   45.000011822.6084   20.2095
    7.5000   22.5000   45.000011236.4053   20.1683
   -7.5000   30.0000   45.000010516.5322   20.0042
    0.0000   30.0000   45.000010908.3555   19.9804
    7.5000   30.0000   45.000010360.2725   19.9378
   -7.5000   37.5000   45.0000 9978.4355   20.0648
    0.0000   37.5000   45.000010351.6240   20.0349
    7.5000   37.5000   45.0000 9819.0801   19.9804
   -7.5000   45.0000   45.0000 9038.2012   19.6427
    0.0000   45.0000   45.0000 9361.1582   19.6027
    7.5000   45.0000   45.0000 8891.0146   19.5396

---------------------------------------------------------------------
imgreg_4dfp /opt/freesurfer/average/711-2C_as_mni_average_305 /opt/freesurfer/average/711-2B_as_mni_average_305_mask talsrcimg_g11 none talsrcimg_to_711-2C_as_mni_average_305_t4 4355
---------------------------------------------------------------------

freesurfer imgreg_4dfp.c
/opt/freesurfer/average/711-2C_as_mni_average_305.4dfp.img
       256       256       256         1
  1.000000  1.000000  1.000000
orientation T byte_order littleendian
Reading image: /opt/freesurfer/average/711-2C_as_mni_average_305.4dfp.img
dimensions:      256       256       256
mmppix:       1.0000   -1.0000   -1.0000
center:     128.0000 -129.0000 -129.0000
/opt/freesurfer/average/711-2B_as_mni_average_305_mask.4dfp.img
       256       256       256         1
  1.000000  1.000000  1.000000
orientation T byte_order littleendian
Reading mask: /opt/freesurfer/average/711-2B_as_mni_average_305_mask.4dfp.img (2306576 pixels)
talsrcimg_g11.4dfp.img
       256       256       256         1
  1.000000  1.000000  1.000000
orientation T byte_order littleendian
Reading image: talsrcimg_g11.4dfp.img
dimensions:      256       256       256
mmppix:       1.0000   -1.0000   -1.0000
center:     128.0000 -129.0000 -129.0000
rotation matrix determinant  1.000000
image alignment mode   4355 decimal     1103 hex
   -7.5000  -45.0000  -45.0000 2261.3594   20.4036
    0.0000  -45.0000  -45.0000 2263.2297   20.4314
    7.5000  -45.0000  -45.0000 2241.5518   20.6494
   -7.5000  -37.5000  -45.0000 2362.6646   18.7281
    0.0000  -37.5000  -45.0000 2363.8066   18.7861
    7.5000  -37.5000  -45.0000 2341.1973   18.9352
   -7.5000  -30.0000  -45.0000 2445.4663   17.5543
    0.0000  -30.0000  -45.0000 2439.5098   17.5946
    7.5000  -30.0000  -45.0000 2415.6326   17.7509
   -7.5000  -22.5000  -45.0000 2479.4917   16.8418
    0.0000  -22.5000  -45.0000 2476.4417   16.9013
    7.5000  -22.5000  -45.0000 2450.5149   17.0976
   -7.5000  -15.0000  -45.0000 2497.6868   16.4442
    0.0000  -15.0000  -45.0000 2498.6577   16.4894
    7.5000  -15.0000  -45.0000 2471.8999   16.7084
   -7.5000   -7.5000  -45.0000 2504.5959   16.3615
    0.0000   -7.5000  -45.0000 2505.2007   16.3631
    7.5000   -7.5000  -45.0000 2478.5532   16.5812
   -7.5000    0.0000  -45.0000 2500.4771   16.4410
    0.0000    0.0000  -45.0000 2498.3105   16.4311
    7.5000    0.0000  -45.0000 2471.7644   16.6244
   -7.5000    7.5000  -45.0000 2481.3108   16.8773
    0.0000    7.5000  -45.0000 2479.9546   16.8773
    7.5000    7.5000  -45.0000 2450.3511   17.0682
   -7.5000   15.0000  -45.0000 2430.3521   17.5480
    0.0000   15.0000  -45.0000 2430.9871   17.5435
    7.5000   15.0000  -45.0000 2399.7473   17.7934
   -7.5000   22.5000  -45.0000 2359.2747   18.4840
    0.0000   22.5000  -45.0000 2357.5652   18.4993
    7.5000   22.5000  -45.0000 2330.1411   18.7676
   -7.5000   30.0000  -45.0000 2266.3167   19.8735
    0.0000   30.0000  -45.0000 2265.5552   19.8629
    7.5000   30.0000  -45.0000 2239.7693   20.1815
   -7.5000   37.5000  -45.0000 2161.4592   21.8078
    0.0000   37.5000  -45.0000 2162.0808   21.8251
    7.5000   37.5000  -45.0000 2137.5361   22.1302
   -7.5000   45.0000  -45.0000 2047.3900   24.3796
    0.0000   45.0000  -45.0000 2052.5493   24.3521
    7.5000   45.0000  -45.0000 2023.4043   24.6276
   -7.5000  -45.0000  -37.5000 2341.1780   19.2430
    0.0000  -45.0000  -37.5000 2342.0784   19.3085
    7.5000  -45.0000  -37.5000 2318.4270   19.4662
   -7.5000  -37.5000  -37.5000 2442.1172   17.6253
    0.0000  -37.5000  -37.5000 2439.4792   17.6404
    7.5000  -37.5000  -37.5000 2415.3660   17.7790
   -7.5000  -30.0000  -37.5000 2526.8535   16.4341
    0.0000  -30.0000  -37.5000 2524.2866   16.4420
    7.5000  -30.0000  -37.5000 2493.6255   16.5969
   -7.5000  -22.5000  -37.5000 2571.2751   15.7292
    0.0000  -22.5000  -37.5000 2569.5161   15.7244
    7.5000  -22.5000  -37.5000 2538.3696   15.9033
   -7.5000  -15.0000  -37.5000 2598.5383   15.2985
    0.0000  -15.0000  -37.5000 2599.2246   15.3224
    7.5000  -15.0000  -37.5000 2566.1924   15.5293
   -7.5000   -7.5000  -37.5000 2605.7759   15.1864
    0.0000   -7.5000  -37.5000 2602.5229   15.2202
    7.5000   -7.5000  -37.5000 2576.4568   15.4020
   -7.5000    0.0000  -37.5000 2599.8745   15.2894
    0.0000    0.0000  -37.5000 2596.4070   15.2919
    7.5000    0.0000  -37.5000 2567.8357   15.4769
   -7.5000    7.5000  -37.5000 2574.7556   15.6917
    0.0000    7.5000  -37.5000 2571.9878   15.6729
    7.5000    7.5000  -37.5000 2543.1284   15.8858
   -7.5000   15.0000  -37.5000 2523.9524   16.3052
    0.0000   15.0000  -37.5000 2520.2693   16.2862
    7.5000   15.0000  -37.5000 2490.9463   16.5369
   -7.5000   22.5000  -37.5000 2451.0486   17.1430
    0.0000   22.5000  -37.5000 2450.0981   17.1502
    7.5000   22.5000  -37.5000 2420.7327   17.3953
   -7.5000   30.0000  -37.5000 2352.5652   18.3752
    0.0000   30.0000  -37.5000 2354.5486   18.4163
    7.5000   30.0000  -37.5000 2322.6956   18.6971
   -7.5000   37.5000  -37.5000 2238.8975   20.1515
    0.0000   37.5000  -37.5000 2242.6389   20.2044
    7.5000   37.5000  -37.5000 2215.1724   20.4844
   -7.5000   45.0000  -37.5000 2122.7615   22.5515
    0.0000   45.0000  -37.5000 2127.3420   22.5577
    7.5000   45.0000  -37.5000 2095.8113   22.8419
   -7.5000  -45.0000  -30.0000 2450.7837   18.8602
    0.0000  -45.0000  -30.0000 2452.2017   18.9071
    7.5000  -45.0000  -30.0000 2424.5728   19.0902
   -7.5000  -37.5000  -30.0000 2556.4888   17.2206
    0.0000  -37.5000  -30.0000 2556.9429   17.2103
    7.5000  -37.5000  -30.0000 2527.3323   17.3677
   -7.5000  -30.0000  -30.0000 2644.9602   15.9900
    0.0000  -30.0000  -30.0000 2647.3003   15.9894
    7.5000  -30.0000  -30.0000 2612.4243   16.1195
   -7.5000  -22.5000  -30.0000 2704.0137   15.1966
    0.0000  -22.5000  -30.0000 2704.5481   15.1477
    7.5000  -22.5000  -30.0000 2666.0503   15.3013
   -7.5000  -15.0000  -30.0000 2740.7749   14.7315
    0.0000  -15.0000  -30.0000 2745.2856   14.7102
    7.5000  -15.0000  -30.0000 2707.2544   14.8644
   -7.5000   -7.5000  -30.0000 2753.0864   14.6009
    0.0000   -7.5000  -30.0000 2752.1685   14.5869
    7.5000   -7.5000  -30.0000 2721.7681   14.7640
   -7.5000    0.0000  -30.0000 2746.8274   14.7221
    0.0000    0.0000  -30.0000 2744.6577   14.7151
    7.5000    0.0000  -30.0000 2713.4431   14.9023
   -7.5000    7.5000  -30.0000 2721.0005   15.0940
    0.0000    7.5000  -30.0000 2718.9919   15.0755
    7.5000    7.5000  -30.0000 2688.1689   15.2711
   -7.5000   15.0000  -30.0000 2664.4326   15.6512
    0.0000   15.0000  -30.0000 2665.3025   15.6472
    7.5000   15.0000  -30.0000 2633.4753   15.8687
   -7.5000   22.5000  -30.0000 2584.3757   16.4434
    0.0000   22.5000  -30.0000 2588.8657   16.4638
    7.5000   22.5000  -30.0000 2557.7087   16.7036
   -7.5000   30.0000  -30.0000 2483.1343   17.6152
    0.0000   30.0000  -30.0000 2490.0552   17.6448
    7.5000   30.0000  -30.0000 2458.6553   17.9423
   -7.5000   37.5000  -30.0000 2367.0288   19.3278
    0.0000   37.5000  -30.0000 2370.2725   19.3358
    7.5000   37.5000  -30.0000 2340.8696   19.6600
   -7.5000   45.0000  -30.0000 2236.5100   21.5769
    0.0000   45.0000  -30.0000 2239.0620   21.5675
    7.5000   45.0000  -30.0000 2212.7039   21.9324
   -7.5000  -45.0000  -22.5000 2523.1709   18.3925
    0.0000  -45.0000  -22.5000 2523.6714   18.4299
    7.5000  -45.0000  -22.5000 2494.7483   18.6037
   -7.5000  -37.5000  -22.5000 2632.3308   16.7210
    0.0000  -37.5000  -22.5000 2633.3452   16.7157
    7.5000  -37.5000  -22.5000 2604.3513   16.8562
   -7.5000  -30.0000  -22.5000 2729.0447   15.4594
    0.0000  -30.0000  -22.5000 2730.2102   15.4227
    7.5000  -30.0000  -22.5000 2695.7231   15.5640
   -7.5000  -22.5000  -22.5000 2799.8081   14.5851
    0.0000  -22.5000  -22.5000 2802.0217   14.5376
    7.5000  -22.5000  -22.5000 2764.4333   14.6742
   -7.5000  -15.0000  -22.5000 2841.1628   14.0674
    0.0000  -15.0000  -22.5000 2842.7532   14.0039
    7.5000  -15.0000  -22.5000 2806.8767   14.1591
   -7.5000   -7.5000  -22.5000 2860.7080   13.8632
    0.0000   -7.5000  -22.5000 2858.1362   13.8339
    7.5000   -7.5000  -22.5000 2826.8333   13.9935
   -7.5000    0.0000  -22.5000 2856.5974   14.0144
    0.0000    0.0000  -22.5000 2860.5891   14.0212
    7.5000    0.0000  -22.5000 2823.1257   14.1633
   -7.5000    7.5000  -22.5000 2832.8367   14.3935
    0.0000    7.5000  -22.5000 2837.8162   14.3878
    7.5000    7.5000  -22.5000 2801.6948   14.5518
   -7.5000   15.0000  -22.5000 2774.7820   14.9203
    0.0000   15.0000  -22.5000 2779.0662   14.9012
    7.5000   15.0000  -22.5000 2744.7957   15.1239
   -7.5000   22.5000  -22.5000 2691.3733   15.6971
    0.0000   22.5000  -22.5000 2695.3582   15.6848
    7.5000   22.5000  -22.5000 2663.3054   15.9414
   -7.5000   30.0000  -22.5000 2585.6353   16.8554
    0.0000   30.0000  -22.5000 2590.7144   16.8451
    7.5000   30.0000  -22.5000 2559.4595   17.1351
   -7.5000   37.5000  -22.5000 2466.0439   18.5079
    0.0000   37.5000  -22.5000 2471.2329   18.4716
    7.5000   37.5000  -22.5000 2437.4897   18.7774
   -7.5000   45.0000  -22.5000 2324.0442   20.6496
    0.0000   45.0000  -22.5000 2327.5356   20.6317
    7.5000   45.0000  -22.5000 2301.6755   20.9187
   -7.5000  -45.0000  -15.0000 2555.8726   17.9652
    0.0000  -45.0000  -15.0000 2553.9951   17.9629
    7.5000  -45.0000  -15.0000 2520.5911   18.1169
   -7.5000  -37.5000  -15.0000 2672.8982   16.2757
    0.0000  -37.5000  -15.0000 2675.2065   16.2749
    7.5000  -37.5000  -15.0000 2636.8137   16.3940
   -7.5000  -30.0000  -15.0000 2771.6040   14.9595
    0.0000  -30.0000  -15.0000 2774.1519   14.9426
    7.5000  -30.0000  -15.0000 2736.9402   15.0723
   -7.5000  -22.5000  -15.0000 2855.5786   14.0195
    0.0000  -22.5000  -15.0000 2857.5625   13.9989
    7.5000  -22.5000  -15.0000 2824.2180   14.1485
   -7.5000  -15.0000  -15.0000 2902.0217   13.4442
    0.0000  -15.0000  -15.0000 2906.1011   13.3873
    7.5000  -15.0000  -15.0000 2866.7944   13.5684
   -7.5000   -7.5000  -15.0000 2930.2549   13.1514
    0.0000   -7.5000  -15.0000 2933.1016   13.1166
    7.5000   -7.5000  -15.0000 2892.2520   13.3225
   -7.5000    0.0000  -15.0000 2931.6497   13.3215
    0.0000    0.0000  -15.0000 2938.6228   13.2996
    7.5000    0.0000  -15.0000 2896.7332   13.4763
   -7.5000    7.5000  -15.0000 2906.9565   13.7262
    0.0000    7.5000  -15.0000 2913.6501   13.6847
    7.5000    7.5000  -15.0000 2874.6479   13.8783
   -7.5000   15.0000  -15.0000 2846.2422   14.2703
    0.0000   15.0000  -15.0000 2850.8779   14.2302
    7.5000   15.0000  -15.0000 2818.3706   14.4600
   -7.5000   22.5000  -15.0000 2759.5461   15.0317
    0.0000   22.5000  -15.0000 2765.0366   14.9838
    7.5000   22.5000  -15.0000 2734.6653   15.2801
   -7.5000   30.0000  -15.0000 2654.4243   16.1907
    0.0000   30.0000  -15.0000 2658.8044   16.1566
    7.5000   30.0000  -15.0000 2626.6826   16.4705
   -7.5000   37.5000  -15.0000 2533.3298   17.7855
    0.0000   37.5000  -15.0000 2538.5754   17.7526
    7.5000   37.5000  -15.0000 2505.6880   18.0718
   -7.5000   45.0000  -15.0000 2384.5137   19.8939
    0.0000   45.0000  -15.0000 2387.7754   19.8560
    7.5000   45.0000  -15.0000 2359.9409   20.1766
   -7.5000  -45.0000   -7.5000 2558.3635   17.6222
    0.0000  -45.0000   -7.5000 2561.3887   17.5874
    7.5000  -45.0000   -7.5000 2527.9619   17.7972
   -7.5000  -37.5000   -7.5000 2679.1370   15.9328
    0.0000  -37.5000   -7.5000 2682.3347   15.8819
    7.5000  -37.5000   -7.5000 2651.7314   16.0751
   -7.5000  -30.0000   -7.5000 2788.4841   14.6146
    0.0000  -30.0000   -7.5000 2786.2825   14.5602
    7.5000  -30.0000   -7.5000 2756.7742   14.7557
   -7.5000  -22.5000   -7.5000 2881.4429   13.6718
    0.0000  -22.5000   -7.5000 2881.7449   13.6158
    7.5000  -22.5000   -7.5000 2846.6509   13.8000
   -7.5000  -15.0000   -7.5000 2939.2634   13.0051
    0.0000  -15.0000   -7.5000 2943.9600   12.9404
    7.5000  -15.0000   -7.5000 2901.3159   13.1403
   -7.5000   -7.5000   -7.5000 2970.3313   12.6000
    0.0000   -7.5000   -7.5000 2977.1758   12.5377
    7.5000   -7.5000   -7.5000 2933.0642   12.8291
   -7.5000    0.0000   -7.5000 2976.1826   12.7479
    0.0000    0.0000   -7.5000 2979.7031   12.6668
    7.5000    0.0000   -7.5000 2939.4590   12.9655
   -7.5000    7.5000   -7.5000 2951.4353   13.1845
    0.0000    7.5000   -7.5000 2955.0891   13.0817
    7.5000    7.5000   -7.5000 2920.5098   13.3729
   -7.5000   15.0000   -7.5000 2896.7107   13.7616
    0.0000   15.0000   -7.5000 2899.8989   13.6706
    7.5000   15.0000   -7.5000 2870.7620   13.9712
   -7.5000   22.5000   -7.5000 2811.2007   14.5319
    0.0000   22.5000   -7.5000 2815.3074   14.4610
    7.5000   22.5000   -7.5000 2786.5298   14.7966
   -7.5000   30.0000   -7.5000 2705.6873   15.6732
    0.0000   30.0000   -7.5000 2708.0105   15.6255
    7.5000   30.0000   -7.5000 2676.8250   15.9810
   -7.5000   37.5000   -7.5000 2580.0862   17.2955
    0.0000   37.5000   -7.5000 2584.0195   17.2422
    7.5000   37.5000   -7.5000 2551.5503   17.5709
   -7.5000   45.0000   -7.5000 2427.4368   19.4031
    0.0000   45.0000   -7.5000 2429.3748   19.3246
    7.5000   45.0000   -7.5000 2401.1821   19.6575
   -7.5000  -45.0000    0.0000 2547.3367   17.4821
    0.0000  -45.0000    0.0000 2550.4602   17.4023
    7.5000  -45.0000    0.0000 2522.7029   17.6884
   -7.5000  -37.5000    0.0000 2672.7900   15.7904
    0.0000  -37.5000    0.0000 2676.8853   15.7242
    7.5000  -37.5000    0.0000 2646.3203   15.9912
   -7.5000  -30.0000    0.0000 2784.7419   14.4656
    0.0000  -30.0000    0.0000 2787.4746   14.4015
    7.5000  -30.0000    0.0000 2757.0867   14.6625
   -7.5000  -22.5000    0.0000 2885.2668   13.5252
    0.0000  -22.5000    0.0000 2888.6997   13.4583
    7.5000  -22.5000    0.0000 2856.8071   13.7083
   -7.5000  -15.0000    0.0000 2958.0840   12.8591
    0.0000  -15.0000    0.0000 2965.7913   12.7978
    7.5000  -15.0000    0.0000 2926.2537   13.0296
   -7.5000   -7.5000    0.0000 2995.6157   12.4033
    0.0000   -7.5000    0.0000 3006.5596   12.3550
    7.5000   -7.5000    0.0000 2963.4775   12.6505
   -7.5000    0.0000    0.0000 2998.5217   12.4843
    0.0000    0.0000    0.0000 3006.0833   12.3851
    7.5000    0.0000    0.0000 2970.9553   12.7487
   -7.5000    7.5000    0.0000 2975.2808   12.8608
    0.0000    7.5000    0.0000 2980.2119   12.7325
    7.5000    7.5000    0.0000 2945.0635   13.0833
   -7.5000   15.0000    0.0000 2920.2634   13.4329
    0.0000   15.0000    0.0000 2929.6584   13.3360
    7.5000   15.0000    0.0000 2898.1921   13.6366
   -7.5000   22.5000    0.0000 2841.3896   14.2411
    0.0000   22.5000    0.0000 2848.7922   14.1766
    7.5000   22.5000    0.0000 2817.5249   14.4643
   -7.5000   30.0000    0.0000 2731.3171   15.4006
    0.0000   30.0000    0.0000 2738.6821   15.3740
    7.5000   30.0000    0.0000 2703.3545   15.6577
   -7.5000   37.5000    0.0000 2603.7087   17.0157
    0.0000   37.5000    0.0000 2612.9121   17.0249
    7.5000   37.5000    0.0000 2577.3965   17.2629
   -7.5000   45.0000    0.0000 2450.2573   19.0753
    0.0000   45.0000    0.0000 2455.7778   19.0769
    7.5000   45.0000    0.0000 2428.5588   19.3005
   -7.5000  -45.0000    7.5000 2526.9758   17.5273
    0.0000  -45.0000    7.5000 2531.1362   17.4038
    7.5000  -45.0000    7.5000 2508.2114   17.7960
   -7.5000  -37.5000    7.5000 2654.1030   15.8290
    0.0000  -37.5000    7.5000 2657.0994   15.7045
    7.5000  -37.5000    7.5000 2633.4524   16.0782
   -7.5000  -30.0000    7.5000 2767.3242   14.5072
    0.0000  -30.0000    7.5000 2766.9829   14.3977
    7.5000  -30.0000    7.5000 2750.6833   14.7628
   -7.5000  -22.5000    7.5000 2872.0676   13.5693
    0.0000  -22.5000    7.5000 2868.9319   13.4569
    7.5000  -22.5000    7.5000 2850.4675   13.7979
   -7.5000  -15.0000    7.5000 2955.8191   12.9603
    0.0000  -15.0000    7.5000 2962.1321   12.8816
    7.5000  -15.0000    7.5000 2931.7898   13.1541
   -7.5000   -7.5000    7.5000 3005.6133   12.5514
    0.0000   -7.5000    7.5000 3016.2029   12.5070
    7.5000   -7.5000    7.5000 2976.7041   12.7908
   -7.5000    0.0000    7.5000 3005.8926   12.4879
    0.0000    0.0000    7.5000 3021.0466   12.4512
    7.5000    0.0000    7.5000 2980.4780   12.7273
   -7.5000    7.5000    7.5000 2981.2136   12.7016
    0.0000    7.5000    7.5000 2994.0496   12.6720
    7.5000    7.5000    7.5000 2951.2822   12.9413
   -7.5000   15.0000    7.5000 2927.1116   13.2395
    0.0000   15.0000    7.5000 2936.6221   13.1820
    7.5000   15.0000    7.5000 2899.0103   13.4522
   -7.5000   22.5000    7.5000 2846.3120   14.1173
    0.0000   22.5000    7.5000 2855.2629   14.0524
    7.5000   22.5000    7.5000 2824.7209   14.2865
   -7.5000   30.0000    7.5000 2738.5083   15.3035
    0.0000   30.0000    7.5000 2743.4253   15.2636
    7.5000   30.0000    7.5000 2716.4897   15.5062
   -7.5000   37.5000    7.5000 2615.3716   16.9136
    0.0000   37.5000    7.5000 2619.3806   16.8946
    7.5000   37.5000    7.5000 2590.9822   17.1215
   -7.5000   45.0000    7.5000 2463.2261   19.0101
    0.0000   45.0000    7.5000 2468.2300   18.9732
    7.5000   45.0000    7.5000 2440.2327   19.2072
   -7.5000  -45.0000   15.0000 2496.2332   17.8069
    0.0000  -45.0000   15.0000 2499.0896   17.6470
    7.5000  -45.0000   15.0000 2487.2275   18.1526
   -7.5000  -37.5000   15.0000 2624.3052   16.0989
    0.0000  -37.5000   15.0000 2623.7078   15.9441
    7.5000  -37.5000   15.0000 2608.9824   16.3935
   -7.5000  -30.0000   15.0000 2740.0461   14.7934
    0.0000  -30.0000   15.0000 2736.6267   14.6338
    7.5000  -30.0000   15.0000 2721.5903   15.0478
   -7.5000  -22.5000   15.0000 2843.5266   13.8493
    0.0000  -22.5000   15.0000 2841.7917   13.7217
    7.5000  -22.5000   15.0000 2824.7231   14.0881
   -7.5000  -15.0000   15.0000 2934.2207   13.2608
    0.0000  -15.0000   15.0000 2938.7368   13.1321
    7.5000  -15.0000   15.0000 2908.5598   13.4736
   -7.5000   -7.5000   15.0000 2984.5925   12.7851
    0.0000   -7.5000   15.0000 2994.4526   12.7041
    7.5000   -7.5000   15.0000 2954.5425   13.0266
   -7.5000    0.0000   15.0000 2998.6511   12.6622
    0.0000    0.0000   15.0000 3005.3232   12.5749
    7.5000    0.0000   15.0000 2968.0098   12.8972
   -7.5000    7.5000   15.0000 2978.8540   12.8969
    0.0000    7.5000   15.0000 2984.3652   12.8260
    7.5000    7.5000   15.0000 2944.3210   13.1087
   -7.5000   15.0000   15.0000 2923.8740   13.4640
    0.0000   15.0000   15.0000 2932.3091   13.4098
    7.5000   15.0000   15.0000 2892.2039   13.6422
   -7.5000   22.5000   15.0000 2835.2478   14.3145
    0.0000   22.5000   15.0000 2842.0732   14.2545
    7.5000   22.5000   15.0000 2809.7104   14.4657
   -7.5000   30.0000   15.0000 2728.0308   15.5033
    0.0000   30.0000   15.0000 2731.0271   15.4557
    7.5000   30.0000   15.0000 2703.3101   15.6616
   -7.5000   37.5000   15.0000 2605.3547   17.0777
    0.0000   37.5000   15.0000 2611.2725   17.0505
    7.5000   37.5000   15.0000 2580.3926   17.2398
   -7.5000   45.0000   15.0000 2457.3032   19.1281
    0.0000   45.0000   15.0000 2460.5837   19.0983
    7.5000   45.0000   15.0000 2432.9539   19.2914
   -7.5000  -45.0000   22.5000 2463.5984   18.3340
    0.0000  -45.0000   22.5000 2464.1672   18.1654
    7.5000  -45.0000   22.5000 2450.7539   18.7080
   -7.5000  -37.5000   22.5000 2585.5979   16.6108
    0.0000  -37.5000   22.5000 2584.0300   16.4548
    7.5000  -37.5000   22.5000 2568.9658   16.9200
   -7.5000  -30.0000   22.5000 2705.1580   15.2902
    0.0000  -30.0000   22.5000 2702.0037   15.1307
    7.5000  -30.0000   22.5000 2686.9272   15.5640
   -7.5000  -22.5000   22.5000 2810.8955   14.3126
    0.0000  -22.5000   22.5000 2809.0000   14.1612
    7.5000  -22.5000   22.5000 2789.6697   14.5806
   -7.5000  -15.0000   22.5000 2894.5925   13.6347
    0.0000  -15.0000   22.5000 2896.9280   13.4893
    7.5000  -15.0000   22.5000 2867.9663   13.8585
   -7.5000   -7.5000   22.5000 2940.0469   13.0780
    0.0000   -7.5000   22.5000 2943.5598   12.9784
    7.5000   -7.5000   22.5000 2917.4404   13.3684
   -7.5000    0.0000   22.5000 2966.6768   12.9903
    0.0000    0.0000   22.5000 2972.6870   12.8760
    7.5000    0.0000   22.5000 2944.0278   13.2415
   -7.5000    7.5000   22.5000 2957.0330   13.3243
    0.0000    7.5000   22.5000 2963.6792   13.2430
    7.5000    7.5000   22.5000 2922.7825   13.5080
   -7.5000   15.0000   22.5000 2900.5862   13.9125
    0.0000   15.0000   22.5000 2908.6292   13.8450
    7.5000   15.0000   22.5000 2869.5923   14.0899
   -7.5000   22.5000   22.5000 2812.4993   14.7502
    0.0000   22.5000   22.5000 2819.4202   14.7164
    7.5000   22.5000   22.5000 2786.2905   14.9483
   -7.5000   30.0000   22.5000 2699.6304   15.9243
    0.0000   30.0000   22.5000 2703.3855   15.9115
    7.5000   30.0000   22.5000 2674.9038   16.1211
   -7.5000   37.5000   22.5000 2579.7131   17.4889
    0.0000   37.5000   22.5000 2582.6956   17.4611
    7.5000   37.5000   22.5000 2550.5403   17.6548
   -7.5000   45.0000   22.5000 2427.2949   19.4678
    0.0000   45.0000   22.5000 2434.7939   19.4267
    7.5000   45.0000   22.5000 2405.8254   19.6113
   -7.5000  -45.0000   30.0000 2421.4978   19.1162
    0.0000  -45.0000   30.0000 2422.6931   18.9617
    7.5000  -45.0000   30.0000 2408.6873   19.4716
   -7.5000  -37.5000   30.0000 2542.0925   17.3423
    0.0000  -37.5000   30.0000 2540.6658   17.1805
    7.5000  -37.5000   30.0000 2526.3708   17.6479
   -7.5000  -30.0000   30.0000 2656.5737   15.9357
    0.0000  -30.0000   30.0000 2654.0950   15.7829
    7.5000  -30.0000   30.0000 2636.7034   16.2438
   -7.5000  -22.5000   30.0000 2759.1445   14.9018
    0.0000  -22.5000   30.0000 2757.2676   14.7533
    7.5000  -22.5000   30.0000 2739.7781   15.1944
   -7.5000  -15.0000   30.0000 2836.4651   14.1525
    0.0000  -15.0000   30.0000 2840.8289   14.0092
    7.5000  -15.0000   30.0000 2812.6018   14.4275
   -7.5000   -7.5000   30.0000 2883.0046   13.5567
    0.0000   -7.5000   30.0000 2882.9255   13.4432
    7.5000   -7.5000   30.0000 2861.8752   13.9080
   -7.5000    0.0000   30.0000 2912.8879   13.5220
    0.0000    0.0000   30.0000 2915.9949   13.4250
    7.5000    0.0000   30.0000 2890.9260   13.7789
   -7.5000    7.5000   30.0000 2897.1536   13.8902
    0.0000    7.5000   30.0000 2902.7231   13.7941
    7.5000    7.5000   30.0000 2873.4990   14.0881
   -7.5000   15.0000   30.0000 2843.6860   14.4858
    0.0000   15.0000   30.0000 2852.1399   14.4019
    7.5000   15.0000   30.0000 2817.8364   14.6638
   -7.5000   22.5000   30.0000 2763.0823   15.3188
    0.0000   22.5000   30.0000 2770.7576   15.2626
    7.5000   22.5000   30.0000 2734.6370   15.5184
   -7.5000   30.0000   30.0000 2652.4163   16.5065
    0.0000   30.0000   30.0000 2659.1956   16.4967
    7.5000   30.0000   30.0000 2629.0632   16.7436
   -7.5000   37.5000   30.0000 2536.6953   18.1170
    0.0000   37.5000   30.0000 2542.4045   18.0826
    7.5000   37.5000   30.0000 2510.1365   18.2801
   -7.5000   45.0000   30.0000 2383.0515   20.0999
    0.0000   45.0000   30.0000 2389.2114   20.0401
    7.5000   45.0000   30.0000 2365.7378   20.2169
   -7.5000  -45.0000   37.5000 2367.8931   20.0607
    0.0000  -45.0000   37.5000 2371.1047   19.9231
    7.5000  -45.0000   37.5000 2357.2422   20.3848
   -7.5000  -37.5000   37.5000 2487.4580   18.1683
    0.0000  -37.5000   37.5000 2490.0500   18.0433
    7.5000  -37.5000   37.5000 2473.3403   18.4490
   -7.5000  -30.0000   37.5000 2600.4844   16.7156
    0.0000  -30.0000   37.5000 2603.9736   16.5977
    7.5000  -30.0000   37.5000 2583.0286   17.0057
   -7.5000  -22.5000   37.5000 2698.1108   15.6206
    0.0000  -22.5000   37.5000 2700.6968   15.5010
    7.5000  -22.5000   37.5000 2679.6611   15.9195
   -7.5000  -15.0000   37.5000 2771.2532   14.7784
    0.0000  -15.0000   37.5000 2774.4429   14.6400
    7.5000  -15.0000   37.5000 2750.0964   15.1213
   -7.5000   -7.5000   37.5000 2816.5742   14.2324
    0.0000   -7.5000   37.5000 2819.8989   14.1585
    7.5000   -7.5000   37.5000 2792.8521   14.5824
   -7.5000    0.0000   37.5000 2834.0291   14.2176
    0.0000    0.0000   37.5000 2839.9978   14.1310
    7.5000    0.0000   37.5000 2813.6035   14.4685
   -7.5000    7.5000   37.5000 2818.9604   14.5502
    0.0000    7.5000   37.5000 2823.3892   14.4734
    7.5000    7.5000   37.5000 2801.8669   14.7499
   -7.5000   15.0000   37.5000 2769.9731   15.1493
    0.0000   15.0000   37.5000 2775.6472   15.0586
    7.5000   15.0000   37.5000 2749.1768   15.3633
   -7.5000   22.5000   37.5000 2694.4287   16.0167
    0.0000   22.5000   37.5000 2701.4607   15.9463
    7.5000   22.5000   37.5000 2666.7549   16.2480
   -7.5000   30.0000   37.5000 2591.5435   17.2308
    0.0000   30.0000   37.5000 2598.2769   17.1969
    7.5000   30.0000   37.5000 2567.7947   17.4652
   -7.5000   37.5000   37.5000 2476.9417   18.8689
    0.0000   37.5000   37.5000 2481.9473   18.8523
    7.5000   37.5000   37.5000 2452.6628   19.0849
   -7.5000   45.0000   37.5000 2326.5403   20.8596
    0.0000   45.0000   37.5000 2331.0510   20.8903
    7.5000   45.0000   37.5000 2309.0662   21.1188
   -7.5000  -45.0000   45.0000 2308.5933   21.0795
    0.0000  -45.0000   45.0000 2314.0095   20.9889
    7.5000  -45.0000   45.0000 2299.5842   21.3822
   -7.5000  -37.5000   45.0000 2426.9756   19.1262
    0.0000  -37.5000   45.0000 2431.5354   19.0446
    7.5000  -37.5000   45.0000 2411.5510   19.4047
   -7.5000  -30.0000   45.0000 2531.4175   17.6267
    0.0000  -30.0000   45.0000 2543.1348   17.5493
    7.5000  -30.0000   45.0000 2519.0459   17.9155
   -7.5000  -22.5000   45.0000 2628.1477   16.4843
    0.0000  -22.5000   45.0000 2640.4202   16.3889
    7.5000  -22.5000   45.0000 2611.2383   16.7889
   -7.5000  -15.0000   45.0000 2695.5347   15.6255
    0.0000  -15.0000   45.0000 2707.5244   15.5232
    7.5000  -15.0000   45.0000 2672.0276   15.9494
   -7.5000   -7.5000   45.0000 2736.5132   15.1197
    0.0000   -7.5000   45.0000 2743.9028   15.0652
    7.5000   -7.5000   45.0000 2715.7019   15.4372
   -7.5000    0.0000   45.0000 2748.6997   15.0700
    0.0000    0.0000   45.0000 2757.1235   15.0009
    7.5000    0.0000   45.0000 2728.4858   15.3068
   -7.5000    7.5000   45.0000 2733.1543   15.3945
    0.0000    7.5000   45.0000 2740.2488   15.3293
    7.5000    7.5000   45.0000 2717.6716   15.5837
   -7.5000   15.0000   45.0000 2686.1602   15.9752
    0.0000   15.0000   45.0000 2694.6443   15.9055
    7.5000   15.0000   45.0000 2670.6750   16.1755
   -7.5000   22.5000   45.0000 2615.4165   16.8309
    0.0000   22.5000   45.0000 2626.2698   16.7718
    7.5000   22.5000   45.0000 2597.6316   17.0628
   -7.5000   30.0000   45.0000 2519.2490   18.0563
    0.0000   30.0000   45.0000 2528.6729   18.0263
    7.5000   30.0000   45.0000 2498.7979   18.2999
   -7.5000   37.5000   45.0000 2402.2761   19.7617
    0.0000   37.5000   45.0000 2408.6045   19.7357
    7.5000   37.5000   45.0000 2385.3955   19.9745
   -7.5000   45.0000   45.0000 2261.0469   21.8263
    0.0000   45.0000   45.0000 2263.8384   21.8368
    7.5000   45.0000   45.0000 2246.3916   22.0616

---------------------------------------------------------------------
imgreg_4dfp /opt/freesurfer/average/711-2C_as_mni_average_305 /opt/freesurfer/average/711-2B_as_mni_average_305_mask talsrcimg_g11 none talsrcimg_to_711-2C_as_mni_average_305_t4 1283
---------------------------------------------------------------------

freesurfer imgreg_4dfp.c
/opt/freesurfer/average/711-2C_as_mni_average_305.4dfp.img
       256       256       256         1
  1.000000  1.000000  1.000000
orientation T byte_order littleendian
Reading image: /opt/freesurfer/average/711-2C_as_mni_average_305.4dfp.img
dimensions:      256       256       256
mmppix:       1.0000   -1.0000   -1.0000
center:     128.0000 -129.0000 -129.0000
/opt/freesurfer/average/711-2B_as_mni_average_305_mask.4dfp.img
       256       256       256         1
  1.000000  1.000000  1.000000
orientation T byte_order littleendian
Reading mask: /opt/freesurfer/average/711-2B_as_mni_average_305_mask.4dfp.img (2306576 pixels)
talsrcimg_g11.4dfp.img
       256       256       256         1
  1.000000  1.000000  1.000000
orientation T byte_order littleendian
Reading image: talsrcimg_g11.4dfp.img
dimensions:      256       256       256
mmppix:       1.0000   -1.0000   -1.0000
center:     128.0000 -129.0000 -129.0000
rotation matrix determinant  1.000000
fimgreg.f
image alignment mode   1283 decimal      503 hex
parameters
    0.0000    0.0000    7.5000    0.0000    0.0000    0.0000
eta,q 0.94721 12.44782
niter,ni,del,rscale     5    3   12.0000    1.2000
parameter  2  1.379007 ->  0.500000 qaram    1.1500
parameter  4  4.728207 ->  0.500000 qaram    1.1500
parameter  5  1.082308 ->  0.500000 qaram    1.1500
parameters
   -1.6495   -3.4500    9.0133   -3.4500   -3.4500    2.0495
eta,q 0.95458 12.25623
  0.0556  0.0506  0.0558  0.0453  0.0449  0.0506
  0.0541  0.0508  0.0533  0.0465  0.0451  0.0485
  0.0533  0.0517  0.0518  0.0481  0.0459  0.0466
  0.0532  0.0529  0.0509  0.0509  0.0469  0.0453
  0.0546  0.0550  0.0506  0.0534  0.0480  0.0454
  0.0579  0.0565  0.0508  0.0556  0.0494  0.0458
  0.0627  0.0585  0.0526  0.0576  0.0518  0.0464
niter,ni,del,rscale     7    3   12.0000    1.2000
parameter  4  0.894235 ->  0.500000 qaram    1.3225
parameters
   -0.7804   -2.5863    7.6677   -7.4175   -2.8659    2.3031
eta,q 0.95663 12.33532
  0.0541  0.0597  0.0490  0.0437  0.0458  0.0464
  0.0492  0.0506  0.0467  0.0432  0.0441  0.0445
  0.0461  0.0453  0.0457  0.0443  0.0436  0.0435
  0.0454  0.0453  0.0458  0.0456  0.0434  0.0434
  0.0452  0.0470  0.0471  0.0478  0.0431  0.0435
  0.0463  0.0500  0.0501  0.0506  0.0435  0.0444
  0.0501  0.0514  0.0548  0.0532  0.0452  0.0457
niter,ni,del,rscale     7    3   12.0000    1.2000
parameters
   -1.1743   -1.7314    5.9298   -9.2970   -1.7919    2.0588
eta,q 0.95875 12.31077
  0.0498  0.0566  0.0459  0.0469  0.0451  0.0441
  0.0451  0.0489  0.0432  0.0437  0.0433  0.0421
  0.0436  0.0444  0.0430  0.0414  0.0424  0.0412
  0.0434  0.0434  0.0440  0.0431  0.0416  0.0413
  0.0436  0.0454  0.0451  0.0454  0.0410  0.0417
  0.0467  0.0476  0.0473  0.0487  0.0416  0.0427
  0.0519  0.0498  0.0507  0.0520  0.0438  0.0443
niter,ni,del,rscale     6    3   12.0000    1.2000
parameters
   -1.7629   -1.0466    5.7473  -10.3432   -1.4874    1.9091
eta,q 0.95923 12.29328
  0.0474  0.0535  0.0481  0.0472  0.0447  0.0439
  0.0425  0.0476  0.0446  0.0453  0.0433  0.0420
  0.0413  0.0430  0.0418  0.0412  0.0420  0.0409
  0.0412  0.0414  0.0416  0.0416  0.0409  0.0408
  0.0414  0.0430  0.0431  0.0443  0.0406  0.0412
  0.0449  0.0456  0.0454  0.0473  0.0418  0.0424
  0.0510  0.0490  0.0482  0.0508  0.0451  0.0441
niter,ni,del,rscale     5    3   12.0000    1.2000
parameters
   -1.8955   -0.4870    5.4715  -11.0147   -1.4110    1.7907
eta,q 0.95924 12.28265
  0.0491  0.0525  0.0478  0.0476  0.0448  0.0438
  0.0431  0.0475  0.0445  0.0459  0.0433  0.0421
  0.0410  0.0425  0.0415  0.0417  0.0419  0.0410
  0.0408  0.0408  0.0411  0.0410  0.0408  0.0408
  0.0407  0.0426  0.0427  0.0435  0.0406  0.0411
  0.0439  0.0452  0.0455  0.0468  0.0422  0.0423
  0.0499  0.0491  0.0488  0.0503  0.0456  0.0441
niter,ni,del,rscale     4    3   12.0000    1.2000
parameters
   -1.9788   -0.1454    5.3154  -11.4076   -1.4660    1.6880
eta,q 0.95909 12.27739
  0.0496  0.0518  0.0480  0.0480  0.0447  0.0439
  0.0433  0.0470  0.0449  0.0462  0.0433  0.0421
  0.0411  0.0420  0.0417  0.0422  0.0420  0.0411
  0.0408  0.0408  0.0410  0.0409  0.0409  0.0409
  0.0408  0.0425  0.0424  0.0430  0.0408  0.0412
  0.0440  0.0455  0.0452  0.0463  0.0425  0.0423
  0.0501  0.0496  0.0488  0.0500  0.0459  0.0440
niter,ni,del,rscale     3    3   12.0000    1.2000
parameters
   -1.9992    0.0478    5.2283  -11.6163   -1.5134    1.6455
eta,q 0.95896 12.27643
  0.0501  0.0513  0.0481  0.0482  0.0448  0.0439
  0.0436  0.0467  0.0451  0.0464  0.0433  0.0422
  0.0412  0.0418  0.0419  0.0426  0.0421  0.0412
  0.0409  0.0409  0.0410  0.0410  0.0410  0.0410
  0.0410  0.0426  0.0423  0.0426  0.0408  0.0413
  0.0441  0.0459  0.0449  0.0459  0.0425  0.0423
  0.0501  0.0499  0.0487  0.0498  0.0459  0.0440
niter,ni,del,rscale     2    3   12.0000    1.2000
parameters
   -2.0059    0.1518    5.1957  -11.7193   -1.5361    1.6345
eta,q 0.95891 12.27594
  0.0503  0.0510  0.0481  0.0483  0.0448  0.0440
  0.0438  0.0465  0.0452  0.0465  0.0434  0.0423
  0.0413  0.0417  0.0420  0.0428  0.0421  0.0413
  0.0410  0.0410  0.0411  0.0411  0.0411  0.0411
  0.0411  0.0427  0.0422  0.0425  0.0409  0.0413
  0.0441  0.0461  0.0447  0.0457  0.0425  0.0423
  0.0502  0.0501  0.0486  0.0496  0.0458  0.0440
niter,ni,del,rscale     1    3   12.0000    1.2000
parameters
   -2.0077    0.2088    5.1878  -11.7735   -1.5429    1.6334
eta,q 0.95888 12.27559
  0.0504  0.0509  0.0481  0.0484  0.0448  0.0440
  0.0438  0.0464  0.0453  0.0465  0.0434  0.0424
  0.0413  0.0417  0.0421  0.0429  0.0421  0.0413
  0.0411  0.0411  0.0411  0.0411  0.0411  0.0411
  0.0412  0.0427  0.0421  0.0424  0.0409  0.0413
  0.0442  0.0462  0.0447  0.0456  0.0425  0.0423
  0.0502  0.0502  0.0486  0.0495  0.0458  0.0440
registration optimization eta report
parameter search radius
    6.0000    6.9000    6.0000    7.9350    6.9000    6.0000
100000*second partial in parameter space
       27.       20.       20.       12.        9.        8.
  0.0504  0.0509  0.0481  0.0484  0.0448  0.0440
  0.0438  0.0464  0.0453  0.0465  0.0434  0.0424
  0.0413  0.0417  0.0421  0.0429  0.0421  0.0413
  0.0411  0.0411  0.0411  0.0411  0.0411  0.0411
  0.0412  0.0427  0.0421  0.0424  0.0409  0.0413
  0.0442  0.0462  0.0447  0.0456  0.0425  0.0423
  0.0502  0.0502  0.0486  0.0495  0.0458  0.0440
   -2.0077    0.2088    5.1878  -11.7735   -1.5429    1.6334
eta,q 0.95888 12.27559

---------------------------------------------------------------------
imgreg_4dfp /opt/freesurfer/average/711-2C_as_mni_average_305 /opt/freesurfer/average/711-2B_as_mni_average_305_mask talsrcimg_g11 none talsrcimg_to_711-2C_as_mni_average_305_t4 3335
---------------------------------------------------------------------

freesurfer imgreg_4dfp.c
/opt/freesurfer/average/711-2C_as_mni_average_305.4dfp.img
       256       256       256         1
  1.000000  1.000000  1.000000
orientation T byte_order littleendian
Reading image: /opt/freesurfer/average/711-2C_as_mni_average_305.4dfp.img
dimensions:      256       256       256
mmppix:       1.0000   -1.0000   -1.0000
center:     128.0000 -129.0000 -129.0000
/opt/freesurfer/average/711-2B_as_mni_average_305_mask.4dfp.img
       256       256       256         1
  1.000000  1.000000  1.000000
orientation T byte_order littleendian
Reading mask: /opt/freesurfer/average/711-2B_as_mni_average_305_mask.4dfp.img (2306576 pixels)
talsrcimg_g11.4dfp.img
       256       256       256         1
  1.000000  1.000000  1.000000
orientation T byte_order littleendian
Reading image: talsrcimg_g11.4dfp.img
dimensions:      256       256       256
mmppix:       1.0000   -1.0000   -1.0000
center:     128.0000 -129.0000 -129.0000
fimgreg.f
image alignment mode   3335 decimal      D07 hex
parameters
   -2.0077    0.2088    5.1878   -0.0769   -2.1593   -2.1393
   -3.3395    2.0532    2.8493   20.4712   -2.6925  -20.3969
eta,q 0.95912 12.46513
niter,ni,del,rscale     5    3    5.0000    1.2000
parameter  4  3.663509 ->  0.500000 qaram    1.1500
parameter  5-66.321320 ->  0.500000 qaram    1.1500
parameter  6  0.566746 ->  0.500000 qaram    1.1500
parameters
   -1.7211    0.3079    5.8965   -4.2169   -6.2993   -6.2793
   -2.3838    2.8417    2.5050   19.5619   -5.2714  -20.7954
eta,q 0.97219 12.46704
  0.0434  0.0418  0.0431  0.0331  0.0257  0.0287  0.0312  0.0335  0.0296  0.0302  0.0283  0.0288
  0.0422  0.0411  0.0420  0.0345  0.0285  0.0282  0.0297  0.0312  0.0287  0.0289  0.0279  0.0283
  0.0413  0.0408  0.0413  0.0370  0.0319  0.0284  0.0287  0.0293  0.0282  0.0281  0.0278  0.0280
  0.0409  0.0408  0.0408  0.0407  0.0351  0.0294  0.0282  0.0282  0.0281  0.0280  0.0280  0.0278
  0.0409  0.0410  0.0407  0.0450  0.0379  0.0313  0.0283  0.0283  0.0283  0.0287  0.0284  0.0279
  0.0415  0.0412  0.0409  0.0485  0.0409  0.0345  0.0289  0.0296  0.0289  0.0298  0.0292  0.0284
  0.0425  0.0415  0.0414  0.0512  0.0441  0.0387  0.0300  0.0319  0.0299  0.0316  0.0301  0.0292
niter,ni,del,rscale     7    3    5.0000    1.2000
parameter  4  0.520050 ->  0.500000 qaram    1.3225
parameter  5  1.883395 ->  0.500000 qaram    1.3225
parameter 12  0.531609 ->  0.500000 qaram    1.1500
parameters
   -1.9230    0.4922    5.6186   -8.9779  -11.0603   -6.0387
   -2.3651    3.8592    2.9895   20.9584   -5.4088  -24.9354
eta,q 0.97790 12.31820
  0.0305  0.0298  0.0288  0.0276  0.0218  0.0252  0.0248  0.0267  0.0245  0.0262  0.0232  0.0223
  0.0289  0.0288  0.0281  0.0269  0.0225  0.0242  0.0237  0.0248  0.0235  0.0246  0.0228  0.0221
  0.0280  0.0281  0.0278  0.0268  0.0241  0.0234  0.0230  0.0235  0.0229  0.0234  0.0225  0.0221
  0.0278  0.0278  0.0278  0.0277  0.0268  0.0228  0.0228  0.0228  0.0226  0.0226  0.0224  0.0224
  0.0284  0.0279  0.0280  0.0303  0.0302  0.0227  0.0230  0.0226  0.0228  0.0224  0.0225  0.0229
  0.0296  0.0284  0.0286  0.0347  0.0330  0.0234  0.0237  0.0234  0.0232  0.0229  0.0228  0.0236
  0.0315  0.0293  0.0294  0.0393  0.0359  0.0255  0.0247  0.0252  0.0241  0.0244  0.0233  0.0245
niter,ni,del,rscale     7    3    5.0000    1.2000
parameter  5  0.608039 ->  0.500000 qaram    1.5209
parameters
   -1.8937    0.9426    5.9764   -9.5946  -16.5354   -5.1694
   -2.2440    3.9154    2.8264   22.6094   -5.6812  -27.8413
eta,q 0.98011 12.18474
  0.0248  0.0254  0.0236  0.0255  0.0216  0.0235  0.0224  0.0233  0.0218  0.0239  0.0208  0.0206
  0.0233  0.0238  0.0229  0.0240  0.0205  0.0222  0.0213  0.0219  0.0209  0.0223  0.0204  0.0201
  0.0224  0.0227  0.0223  0.0228  0.0206  0.0211  0.0205  0.0208  0.0204  0.0210  0.0202  0.0199
  0.0221  0.0221  0.0220  0.0220  0.0221  0.0204  0.0202  0.0203  0.0202  0.0202  0.0201  0.0201
  0.0224  0.0221  0.0220  0.0220  0.0250  0.0202  0.0205  0.0204  0.0205  0.0201  0.0202  0.0207
  0.0232  0.0226  0.0223  0.0237  0.0290  0.0208  0.0212  0.0214  0.0210  0.0206  0.0204  0.0216
  0.0246  0.0236  0.0229  0.0279  0.0324  0.0229  0.0222  0.0236  0.0219  0.0217  0.0210  0.0228
niter,ni,del,rscale     7    3    5.0000    1.2000
parameters
   -1.8828    1.3546    6.0132   -9.0043  -17.8947   -4.9945
   -2.0752    3.7982    2.6033   23.5136   -6.2715  -29.0063
eta,q 0.98036 12.18217
  0.0225  0.0230  0.0211  0.0239  0.0245  0.0230  0.0219  0.0228  0.0212  0.0229  0.0202  0.0209
  0.0211  0.0215  0.0204  0.0222  0.0221  0.0216  0.0208  0.0213  0.0203  0.0214  0.0199  0.0201
  0.0202  0.0204  0.0200  0.0208  0.0203  0.0204  0.0200  0.0203  0.0198  0.0203  0.0197  0.0197
  0.0199  0.0199  0.0198  0.0198  0.0197  0.0197  0.0197  0.0197  0.0197  0.0197  0.0197  0.0197
  0.0202  0.0199  0.0199  0.0195  0.0208  0.0197  0.0199  0.0199  0.0199  0.0198  0.0198  0.0200
  0.0210  0.0204  0.0203  0.0205  0.0237  0.0207  0.0206  0.0211  0.0205  0.0204  0.0200  0.0208
  0.0224  0.0214  0.0210  0.0239  0.0284  0.0234  0.0217  0.0234  0.0214  0.0217  0.0206  0.0218
niter,ni,del,rscale     6    3    5.0000    1.2000
parameters
   -1.8504    1.4915    5.8330   -8.9210  -18.3526   -4.9241
   -2.0875    3.7804    2.4896   23.9274   -6.6689  -29.7074
eta,q 0.98037 12.17969
  0.0223  0.0222  0.0207  0.0236  0.0251  0.0230  0.0217  0.0229  0.0212  0.0225  0.0202  0.0210
  0.0209  0.0208  0.0200  0.0219  0.0227  0.0215  0.0206  0.0212  0.0203  0.0210  0.0199  0.0202
  0.0200  0.0200  0.0197  0.0206  0.0207  0.0203  0.0199  0.0202  0.0198  0.0201  0.0197  0.0197
  0.0196  0.0196  0.0196  0.0196  0.0196  0.0197  0.0196  0.0196  0.0196  0.0196  0.0196  0.0196
  0.0199  0.0198  0.0198  0.0194  0.0203  0.0196  0.0199  0.0198  0.0199  0.0199  0.0197  0.0199
  0.0207  0.0205  0.0203  0.0207  0.0226  0.0207  0.0206  0.0210  0.0204  0.0206  0.0200  0.0206
  0.0221  0.0216  0.0210  0.0246  0.0269  0.0236  0.0217  0.0232  0.0213  0.0219  0.0204  0.0216
niter,ni,del,rscale     5    3    5.0000    1.2000
parameters
   -1.8290    1.5189    5.7208   -8.9004  -18.5627   -4.9281
   -2.1088    3.7977    2.4177   24.1135   -6.8676  -30.0498
eta,q 0.98036 12.17721
  0.0222  0.0219  0.0207  0.0236  0.0253  0.0230  0.0217  0.0229  0.0212  0.0223  0.0203  0.0212
  0.0208  0.0207  0.0201  0.0219  0.0228  0.0215  0.0206  0.0213  0.0203  0.0209  0.0199  0.0203
  0.0199  0.0199  0.0197  0.0206  0.0208  0.0203  0.0199  0.0202  0.0198  0.0200  0.0197  0.0198
  0.0196  0.0196  0.0196  0.0196  0.0196  0.0197  0.0197  0.0197  0.0197  0.0196  0.0196  0.0196
  0.0199  0.0199  0.0198  0.0194  0.0202  0.0195  0.0199  0.0198  0.0199  0.0199  0.0197  0.0199
  0.0208  0.0206  0.0202  0.0207  0.0223  0.0208  0.0206  0.0210  0.0204  0.0207  0.0199  0.0205
  0.0221  0.0218  0.0210  0.0247  0.0265  0.0237  0.0217  0.0232  0.0212  0.0221  0.0204  0.0214
niter,ni,del,rscale     4    3    5.0000    1.2000
parameters
   -1.8161    1.5286    5.6632   -8.8900  -18.6623   -4.9407
   -2.1119    3.8114    2.3865   24.1947   -6.9486  -30.2078
eta,q 0.98034 12.17558
  0.0222  0.0219  0.0208  0.0236  0.0253  0.0230  0.0217  0.0230  0.0212  0.0222  0.0203  0.0213
  0.0208  0.0207  0.0201  0.0219  0.0229  0.0215  0.0206  0.0213  0.0203  0.0209  0.0200  0.0203
  0.0200  0.0199  0.0198  0.0206  0.0208  0.0203  0.0199  0.0202  0.0198  0.0200  0.0198  0.0198
  0.0196  0.0196  0.0196  0.0196  0.0196  0.0197  0.0197  0.0197  0.0197  0.0197  0.0197  0.0197
  0.0199  0.0199  0.0198  0.0194  0.0201  0.0195  0.0199  0.0198  0.0199  0.0199  0.0197  0.0199
  0.0208  0.0207  0.0202  0.0207  0.0222  0.0208  0.0206  0.0210  0.0204  0.0207  0.0199  0.0205
  0.0222  0.0218  0.0209  0.0248  0.0264  0.0238  0.0217  0.0232  0.0212  0.0221  0.0204  0.0214
niter,ni,del,rscale     3    3    5.0000    1.2000
parameters
   -1.8091    1.5319    5.6387   -8.8852  -18.7061   -4.9482
   -2.1166    3.8164    2.3731   24.2326   -6.9762  -30.2833
eta,q 0.98034 12.17489
  0.0222  0.0219  0.0208  0.0236  0.0254  0.0230  0.0217  0.0230  0.0213  0.0222  0.0203  0.0213
  0.0208  0.0206  0.0202  0.0219  0.0229  0.0215  0.0206  0.0212  0.0204  0.0208  0.0200  0.0204
  0.0200  0.0199  0.0198  0.0206  0.0209  0.0204  0.0199  0.0202  0.0198  0.0200  0.0198  0.0198
  0.0197  0.0197  0.0197  0.0197  0.0197  0.0197  0.0197  0.0197  0.0197  0.0197  0.0197  0.0197
  0.0199  0.0199  0.0198  0.0194  0.0201  0.0195  0.0199  0.0198  0.0199  0.0200  0.0197  0.0199
  0.0208  0.0207  0.0202  0.0207  0.0222  0.0208  0.0206  0.0210  0.0204  0.0208  0.0199  0.0204
  0.0222  0.0218  0.0209  0.0248  0.0263  0.0238  0.0217  0.0232  0.0212  0.0222  0.0204  0.0214
niter,ni,del,rscale     2    3    5.0000    1.2000
parameters
   -1.8079    1.5346    5.6268   -8.8829  -18.7283   -4.9502
   -2.1165    3.8148    2.3668   24.2511   -7.0058  -30.3156
eta,q 0.98033 12.17467
  0.0222  0.0219  0.0208  0.0236  0.0254  0.0230  0.0217  0.0230  0.0213  0.0222  0.0203  0.0213
  0.0208  0.0207  0.0202  0.0219  0.0229  0.0215  0.0206  0.0212  0.0204  0.0208  0.0200  0.0204
  0.0200  0.0199  0.0198  0.0206  0.0209  0.0204  0.0199  0.0202  0.0198  0.0200  0.0198  0.0198
  0.0197  0.0197  0.0197  0.0197  0.0197  0.0197  0.0197  0.0197  0.0197  0.0197  0.0197  0.0197
  0.0200  0.0199  0.0198  0.0194  0.0201  0.0195  0.0199  0.0199  0.0199  0.0200  0.0197  0.0199
  0.0208  0.0207  0.0202  0.0208  0.0221  0.0208  0.0207  0.0210  0.0204  0.0208  0.0199  0.0204
  0.0222  0.0218  0.0209  0.0248  0.0263  0.0238  0.0217  0.0232  0.0212  0.0222  0.0204  0.0213
registration optimization eta report
parameter search radius
    2.4000    2.4000    2.4000    9.5220   10.9503    8.2800
    7.2000    7.2000    7.2000    7.2000    7.2000    8.2800
100000*second partial in parameter space
       44.       38.       21.        5.        5.        6.
        4.        7.        3.        5.        1.        2.
  0.0222  0.0219  0.0208  0.0236  0.0254  0.0230  0.0217  0.0230  0.0213  0.0222  0.0203  0.0213
  0.0208  0.0207  0.0202  0.0219  0.0229  0.0215  0.0206  0.0212  0.0204  0.0208  0.0200  0.0204
  0.0200  0.0199  0.0198  0.0206  0.0209  0.0204  0.0199  0.0202  0.0198  0.0200  0.0198  0.0198
  0.0197  0.0197  0.0197  0.0197  0.0197  0.0197  0.0197  0.0197  0.0197  0.0197  0.0197  0.0197
  0.0200  0.0199  0.0198  0.0194  0.0201  0.0195  0.0199  0.0199  0.0199  0.0200  0.0197  0.0199
  0.0208  0.0207  0.0202  0.0208  0.0221  0.0208  0.0207  0.0210  0.0204  0.0208  0.0199  0.0204
  0.0222  0.0218  0.0209  0.0248  0.0263  0.0238  0.0217  0.0232  0.0212  0.0222  0.0204  0.0213
   -1.8079    1.5346    5.6268   -8.8829  -18.7283   -4.9502
   -2.1165    3.8148    2.3668   24.2511   -7.0058  -30.3156
eta,q 0.98033 12.17467

---------------------------------------------------------------------
imgreg_4dfp /opt/freesurfer/average/711-2C_as_mni_average_305 /opt/freesurfer/average/711-2B_as_mni_average_305_mask talsrcimg_g11 none talsrcimg_to_711-2C_as_mni_average_305_t4 2311
---------------------------------------------------------------------

freesurfer imgreg_4dfp.c
/opt/freesurfer/average/711-2C_as_mni_average_305.4dfp.img
       256       256       256         1
  1.000000  1.000000  1.000000
orientation T byte_order littleendian
Reading image: /opt/freesurfer/average/711-2C_as_mni_average_305.4dfp.img
dimensions:      256       256       256
mmppix:       1.0000   -1.0000   -1.0000
center:     128.0000 -129.0000 -129.0000
/opt/freesurfer/average/711-2B_as_mni_average_305_mask.4dfp.img
       256       256       256         1
  1.000000  1.000000  1.000000
orientation T byte_order littleendian
Reading mask: /opt/freesurfer/average/711-2B_as_mni_average_305_mask.4dfp.img (2306576 pixels)
talsrcimg_g11.4dfp.img
       256       256       256         1
  1.000000  1.000000  1.000000
orientation T byte_order littleendian
Reading image: talsrcimg_g11.4dfp.img
dimensions:      256       256       256
mmppix:       1.0000   -1.0000   -1.0000
center:     128.0000 -129.0000 -129.0000
fimgreg.f
image alignment mode   2311 decimal      907 hex
parameters
   -1.8079    1.5346    5.6268   -8.8829  -18.7283   -4.9502
   -2.1165    3.8148    2.3668   24.2511   -7.0058  -30.3156
eta,q 0.98033 12.17467
niter,ni,del,rscale     5    3    5.0000    0.8000
parameters
   -1.8027    1.5128    5.6193   -6.7672  -17.9369   -4.1667
   -2.1292    3.7646    2.0618   24.4169   -7.5805  -29.3316
eta,q 0.98080 12.28393
  0.0208  0.0206  0.0202  0.0213  0.0212  0.0210  0.0203  0.0213  0.0199  0.0206  0.0196  0.0200
  0.0202  0.0201  0.0199  0.0206  0.0204  0.0202  0.0197  0.0202  0.0195  0.0199  0.0194  0.0196
  0.0198  0.0198  0.0197  0.0201  0.0198  0.0197  0.0194  0.0195  0.0193  0.0194  0.0192  0.0194
  0.0197  0.0197  0.0197  0.0197  0.0194  0.0193  0.0192  0.0192  0.0192  0.0192  0.0192  0.0192
  0.0198  0.0198  0.0197  0.0194  0.0194  0.0192  0.0194  0.0194  0.0194  0.0193  0.0193  0.0192
  0.0202  0.0201  0.0199  0.0194  0.0197  0.0194  0.0197  0.0202  0.0197  0.0197  0.0195  0.0193
  0.0208  0.0207  0.0202  0.0198  0.0204  0.0203  0.0203  0.0214  0.0201  0.0204  0.0198  0.0196
niter,ni,del,rscale     4    3    5.0000    0.7000
parameters
   -1.7735    1.4828    5.5889   -7.1286  -17.6724   -3.8867
   -2.1524    3.8734    1.9993   24.3866   -7.6912  -29.1960
eta,q 0.98083 12.28731
  0.0203  0.0200  0.0196  0.0201  0.0205  0.0204  0.0200  0.0209  0.0198  0.0201  0.0195  0.0197
  0.0197  0.0195  0.0194  0.0197  0.0199  0.0199  0.0195  0.0200  0.0194  0.0196  0.0193  0.0194
  0.0193  0.0193  0.0192  0.0193  0.0194  0.0195  0.0193  0.0194  0.0192  0.0193  0.0192  0.0192
  0.0192  0.0192  0.0192  0.0192  0.0192  0.0192  0.0192  0.0192  0.0192  0.0192  0.0192  0.0192
  0.0193  0.0193  0.0193  0.0193  0.0193  0.0191  0.0193  0.0193  0.0193  0.0193  0.0192  0.0192
  0.0196  0.0196  0.0194  0.0198  0.0196  0.0195  0.0196  0.0198  0.0195  0.0196  0.0193  0.0193
  0.0202  0.0200  0.0197  0.0207  0.0202  0.0203  0.0200  0.0208  0.0198  0.0202  0.0195  0.0196
niter,ni,del,rscale     3    3    5.0000    0.6000
parameters
   -1.7470    1.4504    5.6378   -7.0791  -17.6344   -3.7069
   -2.1500    3.9106    1.9561   24.3734   -7.7923  -29.0431
eta,q 0.98085 12.29242
  0.0200  0.0198  0.0195  0.0200  0.0200  0.0200  0.0198  0.0204  0.0196  0.0199  0.0194  0.0195
  0.0195  0.0194  0.0193  0.0196  0.0196  0.0196  0.0194  0.0197  0.0193  0.0195  0.0193  0.0193
  0.0193  0.0192  0.0192  0.0193  0.0193  0.0194  0.0192  0.0193  0.0192  0.0192  0.0192  0.0192
  0.0192  0.0192  0.0192  0.0192  0.0192  0.0192  0.0192  0.0192  0.0192  0.0192  0.0192  0.0191
  0.0192  0.0192  0.0192  0.0192  0.0193  0.0191  0.0192  0.0193  0.0192  0.0192  0.0192  0.0192
  0.0195  0.0195  0.0193  0.0195  0.0196  0.0194  0.0194  0.0197  0.0194  0.0195  0.0193  0.0193
  0.0199  0.0198  0.0195  0.0200  0.0200  0.0200  0.0198  0.0204  0.0196  0.0199  0.0194  0.0195
niter,ni,del,rscale     2    3    5.0000    0.5000
parameters
   -1.7343    1.4472    5.6714   -6.9911  -17.6187   -3.5422
   -2.1474    3.9327    1.9032   24.3865   -7.9146  -28.9541
eta,q 0.98087 12.29767
  0.0197  0.0196  0.0194  0.0197  0.0198  0.0198  0.0196  0.0200  0.0195  0.0197  0.0193  0.0194
  0.0194  0.0193  0.0193  0.0195  0.0194  0.0195  0.0193  0.0195  0.0193  0.0194  0.0192  0.0193
  0.0192  0.0192  0.0192  0.0193  0.0192  0.0193  0.0192  0.0193  0.0192  0.0192  0.0191  0.0192
  0.0192  0.0192  0.0191  0.0192  0.0191  0.0191  0.0191  0.0191  0.0191  0.0191  0.0191  0.0191
  0.0192  0.0192  0.0192  0.0192  0.0192  0.0191  0.0192  0.0192  0.0192  0.0192  0.0192  0.0192
  0.0194  0.0193  0.0192  0.0193  0.0194  0.0193  0.0193  0.0195  0.0193  0.0194  0.0192  0.0192
  0.0197  0.0196  0.0194  0.0197  0.0198  0.0197  0.0196  0.0200  0.0195  0.0196  0.0193  0.0194
niter,ni,del,rscale     1    3    5.0000    0.4000
parameters
   -1.7229    1.4474    5.6891   -6.9265  -17.6100   -3.3800
   -2.1406    3.9502    1.8693   24.3943   -7.9729  -28.8911
eta,q 0.98088 12.30158
  0.0195  0.0194  0.0193  0.0195  0.0195  0.0195  0.0194  0.0197  0.0193  0.0195  0.0192  0.0193
  0.0193  0.0193  0.0192  0.0193  0.0193  0.0194  0.0192  0.0194  0.0192  0.0193  0.0192  0.0192
  0.0192  0.0192  0.0192  0.0192  0.0192  0.0192  0.0192  0.0192  0.0191  0.0192  0.0191  0.0191
  0.0191  0.0191  0.0191  0.0191  0.0191  0.0191  0.0191  0.0191  0.0191  0.0191  0.0191  0.0191
  0.0192  0.0192  0.0191  0.0192  0.0192  0.0191  0.0192  0.0192  0.0191  0.0192  0.0191  0.0191
  0.0193  0.0192  0.0192  0.0193  0.0193  0.0192  0.0193  0.0194  0.0192  0.0193  0.0192  0.0192
  0.0195  0.0194  0.0193  0.0195  0.0195  0.0195  0.0194  0.0197  0.0193  0.0195  0.0193  0.0193
registration optimization eta report
parameter search radius
    0.8000    0.8000    0.8000    2.4000    2.4000    2.4000
    2.4000    2.4000    2.4000    2.4000    2.4000    2.4000
100000*second partial in parameter space
       55.       44.       25.        7.        7.        7.
        5.       10.        4.        6.        2.        3.
  0.0195  0.0194  0.0193  0.0195  0.0195  0.0195  0.0194  0.0197  0.0193  0.0195  0.0192  0.0193
  0.0193  0.0193  0.0192  0.0193  0.0193  0.0194  0.0192  0.0194  0.0192  0.0193  0.0192  0.0192
  0.0192  0.0192  0.0192  0.0192  0.0192  0.0192  0.0192  0.0192  0.0191  0.0192  0.0191  0.0191
  0.0191  0.0191  0.0191  0.0191  0.0191  0.0191  0.0191  0.0191  0.0191  0.0191  0.0191  0.0191
  0.0192  0.0192  0.0191  0.0192  0.0192  0.0191  0.0192  0.0192  0.0191  0.0192  0.0191  0.0191
  0.0193  0.0192  0.0192  0.0193  0.0193  0.0192  0.0193  0.0194  0.0192  0.0193  0.0192  0.0192
  0.0195  0.0194  0.0193  0.0195  0.0195  0.0195  0.0194  0.0197  0.0193  0.0195  0.0193  0.0193
   -1.7229    1.4474    5.6891   -6.9265  -17.6100   -3.3800
   -2.1406    3.9502    1.8693   24.3943   -7.9729  -28.8911
eta,q 0.98088 12.30158

---------------------------------------------------------------------
imgreg_4dfp /opt/freesurfer/average/711-2C_as_mni_average_305 /opt/freesurfer/average/711-2B_as_mni_average_305_mask talsrcimg_g11 none talsrcimg_to_711-2C_as_mni_average_305_t4 2311
---------------------------------------------------------------------

freesurfer imgreg_4dfp.c
/opt/freesurfer/average/711-2C_as_mni_average_305.4dfp.img
       256       256       256         1
  1.000000  1.000000  1.000000
orientation T byte_order littleendian
Reading image: /opt/freesurfer/average/711-2C_as_mni_average_305.4dfp.img
dimensions:      256       256       256
mmppix:       1.0000   -1.0000   -1.0000
center:     128.0000 -129.0000 -129.0000
/opt/freesurfer/average/711-2B_as_mni_average_305_mask.4dfp.img
       256       256       256         1
  1.000000  1.000000  1.000000
orientation T byte_order littleendian
Reading mask: /opt/freesurfer/average/711-2B_as_mni_average_305_mask.4dfp.img (2306576 pixels)
talsrcimg_g11.4dfp.img
       256       256       256         1
  1.000000  1.000000  1.000000
orientation T byte_order littleendian
Reading image: talsrcimg_g11.4dfp.img
dimensions:      256       256       256
mmppix:       1.0000   -1.0000   -1.0000
center:     128.0000 -129.0000 -129.0000
fimgreg.f
image alignment mode   2311 decimal      907 hex
parameters
   -1.7229    1.4474    5.6891   -6.9265  -17.6100   -3.3800
   -2.1406    3.9502    1.8693   24.3943   -7.9729  -28.8911
eta,q 0.98088 12.30157
niter,ni,del,rscale     5    3    5.0000    0.8000
parameters
   -1.7294    1.4600    5.7449   -7.4812  -17.6554   -3.8573
   -2.1515    3.9821    2.0180   24.3082   -7.6612  -29.0225
eta,q 0.98081 12.27830
  0.0205  0.0202  0.0198  0.0203  0.0206  0.0204  0.0202  0.0212  0.0201  0.0204  0.0197  0.0197
  0.0197  0.0196  0.0194  0.0197  0.0199  0.0198  0.0197  0.0201  0.0196  0.0197  0.0194  0.0194
  0.0193  0.0192  0.0192  0.0193  0.0194  0.0194  0.0193  0.0195  0.0193  0.0193  0.0193  0.0193
  0.0191  0.0191  0.0191  0.0191  0.0192  0.0192  0.0192  0.0192  0.0192  0.0192  0.0192  0.0192
  0.0193  0.0192  0.0192  0.0193  0.0193  0.0193  0.0193  0.0194  0.0193  0.0193  0.0192  0.0193
  0.0198  0.0196  0.0194  0.0200  0.0199  0.0200  0.0197  0.0200  0.0195  0.0198  0.0193  0.0195
  0.0205  0.0202  0.0197  0.0213  0.0207  0.0214  0.0202  0.0212  0.0200  0.0205  0.0196  0.0198
niter,ni,del,rscale     4    3    5.0000    0.7000
parameters
   -1.7361    1.4643    5.6986   -7.2261  -17.6141   -3.8371
   -2.1451    3.9357    2.0010   24.3240   -7.6940  -29.0027
eta,q 0.98083 12.28675
  0.0202  0.0200  0.0196  0.0203  0.0203  0.0203  0.0200  0.0207  0.0198  0.0201  0.0195  0.0196
  0.0196  0.0196  0.0194  0.0198  0.0197  0.0198  0.0195  0.0199  0.0194  0.0196  0.0193  0.0194
  0.0193  0.0193  0.0192  0.0194  0.0193  0.0194  0.0193  0.0194  0.0192  0.0193  0.0192  0.0192
  0.0192  0.0192  0.0192  0.0192  0.0192  0.0192  0.0192  0.0192  0.0192  0.0192  0.0192  0.0192
  0.0193  0.0193  0.0193  0.0192  0.0193  0.0192  0.0193  0.0193  0.0192  0.0193  0.0192  0.0192
  0.0197  0.0196  0.0194  0.0195  0.0197  0.0195  0.0196  0.0199  0.0195  0.0196  0.0193  0.0194
  0.0202  0.0200  0.0197  0.0202  0.0203  0.0205  0.0200  0.0208  0.0198  0.0201  0.0195  0.0196
niter,ni,del,rscale     3    3    5.0000    0.6000
parameters
   -1.7394    1.4563    5.6786   -7.0892  -17.5984   -3.6995
   -2.1579    3.9263    1.9574   24.3505   -7.7800  -28.9596
eta,q 0.98085 12.29318
  0.0199  0.0198  0.0195  0.0200  0.0200  0.0200  0.0198  0.0204  0.0196  0.0199  0.0194  0.0195
  0.0195  0.0194  0.0193  0.0196  0.0196  0.0196  0.0194  0.0197  0.0193  0.0195  0.0193  0.0193
  0.0193  0.0192  0.0192  0.0193  0.0193  0.0193  0.0192  0.0193  0.0192  0.0192  0.0192  0.0192
  0.0192  0.0192  0.0192  0.0192  0.0192  0.0192  0.0191  0.0191  0.0191  0.0192  0.0191  0.0191
  0.0193  0.0192  0.0192  0.0192  0.0193  0.0191  0.0192  0.0193  0.0192  0.0192  0.0192  0.0192
  0.0195  0.0195  0.0193  0.0194  0.0196  0.0194  0.0194  0.0197  0.0194  0.0195  0.0193  0.0193
  0.0199  0.0198  0.0195  0.0200  0.0200  0.0200  0.0198  0.0204  0.0196  0.0199  0.0194  0.0195
niter,ni,del,rscale     2    3    5.0000    0.5000
parameters
   -1.7343    1.4463    5.6833   -6.9959  -17.5894   -3.5418
   -2.1543    3.9298    1.9074   24.3663   -7.8794  -28.9059
eta,q 0.98087 12.29818
  0.0197  0.0196  0.0194  0.0197  0.0198  0.0198  0.0196  0.0200  0.0195  0.0197  0.0193  0.0194
  0.0194  0.0193  0.0193  0.0195  0.0194  0.0195  0.0193  0.0195  0.0193  0.0194  0.0192  0.0192
  0.0192  0.0192  0.0192  0.0193  0.0192  0.0193  0.0192  0.0192  0.0192  0.0192  0.0191  0.0192
  0.0191  0.0191  0.0192  0.0191  0.0191  0.0191  0.0191  0.0191  0.0191  0.0191  0.0191  0.0191
  0.0192  0.0192  0.0192  0.0192  0.0192  0.0191  0.0192  0.0192  0.0192  0.0192  0.0192  0.0192
  0.0194  0.0193  0.0193  0.0194  0.0194  0.0193  0.0193  0.0195  0.0193  0.0194  0.0192  0.0192
  0.0197  0.0196  0.0194  0.0197  0.0198  0.0197  0.0196  0.0200  0.0195  0.0196  0.0193  0.0194
niter,ni,del,rscale     1    3    5.0000    0.4000
parameters
   -1.7267    1.4445    5.6976   -6.9282  -17.5876   -3.3831
   -2.1532    3.9427    1.8622   24.3831   -7.9525  -28.8734
eta,q 0.98088 12.30199
  0.0195  0.0194  0.0193  0.0195  0.0195  0.0195  0.0194  0.0197  0.0193  0.0195  0.0192  0.0193
  0.0193  0.0193  0.0192  0.0193  0.0193  0.0194  0.0192  0.0194  0.0192  0.0193  0.0192  0.0192
  0.0192  0.0192  0.0191  0.0192  0.0192  0.0192  0.0192  0.0192  0.0191  0.0192  0.0191  0.0191
  0.0191  0.0191  0.0191  0.0191  0.0191  0.0191  0.0191  0.0191  0.0191  0.0191  0.0191  0.0191
  0.0192  0.0192  0.0192  0.0192  0.0192  0.0191  0.0192  0.0192  0.0191  0.0192  0.0191  0.0191
  0.0193  0.0193  0.0192  0.0193  0.0193  0.0192  0.0193  0.0194  0.0192  0.0193  0.0192  0.0192
  0.0195  0.0194  0.0193  0.0195  0.0195  0.0195  0.0194  0.0197  0.0193  0.0195  0.0193  0.0193
registration optimization eta report
parameter search radius
    0.8000    0.8000    0.8000    2.4000    2.4000    2.4000
    2.4000    2.4000    2.4000    2.4000    2.4000    2.4000
100000*second partial in parameter space
       55.       43.       25.        7.        7.        7.
        5.       10.        4.        6.        2.        3.
  0.0195  0.0194  0.0193  0.0195  0.0195  0.0195  0.0194  0.0197  0.0193  0.0195  0.0192  0.0193
  0.0193  0.0193  0.0192  0.0193  0.0193  0.0194  0.0192  0.0194  0.0192  0.0193  0.0192  0.0192
  0.0192  0.0192  0.0191  0.0192  0.0192  0.0192  0.0192  0.0192  0.0191  0.0192  0.0191  0.0191
  0.0191  0.0191  0.0191  0.0191  0.0191  0.0191  0.0191  0.0191  0.0191  0.0191  0.0191  0.0191
  0.0192  0.0192  0.0192  0.0192  0.0192  0.0191  0.0192  0.0192  0.0191  0.0192  0.0191  0.0191
  0.0193  0.0193  0.0192  0.0193  0.0193  0.0192  0.0193  0.0194  0.0192  0.0193  0.0192  0.0192
  0.0195  0.0194  0.0193  0.0195  0.0195  0.0195  0.0194  0.0197  0.0193  0.0195  0.0193  0.0193
   -1.7267    1.4445    5.6976   -6.9282  -17.5876   -3.3831
   -2.1532    3.9427    1.8622   24.3831   -7.9525  -28.8734
eta,q 0.98088 12.30199

---------------------------------------------------------------------
compute_vox2vox talsrcimg talsrcimg_to_711-2C_as_mni_average_305_t4 /opt/freesurfer/average/711-2C_as_mni_average_305
---------------------------------------------------------------------

freesurfer compute_vox2vox.c
Reading: talsrcimg.4dfp.ifh
Reading: talsrcimg_to_711-2C_as_mni_average_305_t4
Reading: /opt/freesurfer/average/711-2C_as_mni_average_305.4dfp.ifh
Writing: talsrcimg_to_711-2C_as_mni_average_305_t4_vox2vox.txt

start time Sun Mar 8 12:44:56 CET 2026
end		time Sun Mar 8 12:45:09 CET 2026

mpr2mni305 success

avi2talxfm orig_nu.mgz /opt/freesurfer/average/mni305.cor.mgz talsrcimg_to_711-2C_as_mni_average_305_t4_vox2vox.txt transforms/talairach.auto.xfm
avi2talxfm done
mv -f /out/sourcedata/freesurfer/sub-v1s12x0050110_ses-1/mri/talsrcimg_to_711-2C_as_mni_average_305_t4_vox2vox.txt /out/sourcedata/freesurfer/sub-v1s12x0050110_ses-1/mri/transforms/talsrcimg_to_711-2C_as_mni_average_305_t4_vox2vox.txt
lta_convert --src orig_nu.mgz --trg /opt/freesurfer/average/mni305.cor.mgz --inxfm transforms/talairach.auto.xfm --outlta transforms/talairach.auto.xfm.lta --subject fsaverage
7.3.2

--src: orig_nu.mgz src image (geometry).
--trg: /opt/freesurfer/average/mni305.cor.mgz trg image (geometry).
--inmni: transforms/talairach.auto.xfm input MNI/XFM transform.
--outlta: transforms/talairach.auto.xfm.lta output LTA.
--s: fsaverage subject name
 LTA read, type : 1
 1.07022  -0.04661   0.01163   7.70876;
 0.07429   0.94770   0.33397  -6.74014;
-0.04616  -0.27934   1.11434   18.52840;
 0.00000   0.00000   0.00000   1.00000;
setting subject to fsaverage
Writing  LTA to file transforms/talairach.auto.xfm.lta...
lta_convert successful.
 
 
Started at Sun Mar 8 12:44:55 CET 2026
Ended   at Sun Mar  8 12:45:10 CET 2026
talairach_avi done
