status file for recon-all
Sun Mar  8 12:42:45 CET 2026
#@# MotionCor Sun Mar  8 12:42:47 CET 2026
#@# Talairach Sun Mar  8 12:42:54 CET 2026
#@# Talairach Failure Detection Sun Mar  8 12:47:17 CET 2026
#@# Nu Intensity Correction Sun Mar  8 12:47:17 CET 2026
#@# Intensity Normalization Sun Mar  8 12:50:32 CET 2026
recon-all -s sub-v1s12x0050121_ses-1 finished without error at Sun Mar  8 12:52:12 CET 2026



#New# invocation of recon-all 



status file for recon-all
Sun Mar  8 12:58:22 CET 2026
#@# EM Registration Sun Mar  8 12:58:22 CET 2026
recon-all -s sub-v1s12x0050121_ses-1 finished without error at Sun Mar  8 12:59:58 CET 2026



#New# invocation of recon-all 



status file for recon-all
Sun Mar  8 13:00:01 CET 2026
#@# CA Normalize Sun Mar  8 13:00:01 CET 2026
#@# CA Reg Sun Mar  8 13:01:21 CET 2026
#@# SubCort Seg Sun Mar  8 13:38:51 CET 2026
#@# CC Seg Sun Mar  8 14:06:58 CET 2026
#@# Merge ASeg Sun Mar  8 14:07:29 CET 2026
#@# Intensity Normalization2 Sun Mar  8 14:07:29 CET 2026
#@# Mask BFS Sun Mar  8 14:09:51 CET 2026
#@# WM Segmentation Sun Mar  8 14:09:52 CET 2026
#@# Fill Sun Mar  8 14:11:56 CET 2026
recon-all -s sub-v1s12x0050121_ses-1 finished without error at Sun Mar  8 14:12:56 CET 2026



#New# invocation of recon-all 



status file for recon-all
Sun Mar  8 14:56:20 CET 2026
#@# white curv lh Sun Mar  8 14:56:20 CET 2026
#@# white area lh Sun Mar  8 14:56:20 CET 2026
#@# pial curv lh Sun Mar  8 14:56:20 CET 2026
#@# pial area lh Sun Mar  8 14:56:20 CET 2026
#@# thickness lh Sun Mar  8 14:56:20 CET 2026
#@# area and vertex vol lh Sun Mar  8 14:56:20 CET 2026
#@# white curv rh Sun Mar  8 14:56:20 CET 2026
#@# white area rh Sun Mar  8 14:56:20 CET 2026
#@# pial curv rh Sun Mar  8 14:56:20 CET 2026
#@# pial area rh Sun Mar  8 14:56:20 CET 2026
#@# thickness rh Sun Mar  8 14:56:20 CET 2026
#@# area and vertex vol rh Sun Mar  8 14:56:20 CET 2026
#@# Cortical ribbon mask Sun Mar  8 14:56:20 CET 2026
recon-all -s sub-v1s12x0050121_ses-1 finished without error at Sun Mar  8 15:04:45 CET 2026



#New# invocation of recon-all 



status file for recon-all
Sun Mar  8 15:11:18 CET 2026
#@# white curv lh Sun Mar  8 15:11:18 CET 2026
#@# white area lh Sun Mar  8 15:11:18 CET 2026
#@# pial curv lh Sun Mar  8 15:11:18 CET 2026
#@# pial area lh Sun Mar  8 15:11:18 CET 2026
#@# thickness lh Sun Mar  8 15:11:18 CET 2026
#@# area and vertex vol lh Sun Mar  8 15:11:18 CET 2026
#@# white curv rh Sun Mar  8 15:11:18 CET 2026
#@# white area rh Sun Mar  8 15:11:18 CET 2026
#@# pial curv rh Sun Mar  8 15:11:18 CET 2026
#@# pial area rh Sun Mar  8 15:11:18 CET 2026
#@# thickness rh Sun Mar  8 15:11:18 CET 2026
#@# area and vertex vol rh Sun Mar  8 15:11:18 CET 2026
#@# Curvature Stats lh Sun Mar  8 15:11:18 CET 2026
#@# Curvature Stats rh Sun Mar  8 15:11:20 CET 2026
#@# Relabel Hypointensities Sun Mar  8 15:11:23 CET 2026
#@# APas-to-ASeg Sun Mar  8 15:11:38 CET 2026
#@# AParc-to-ASeg aparc Sun Mar  8 15:11:45 CET 2026
#@# AParc-to-ASeg aparc.a2009s Sun Mar  8 15:12:18 CET 2026
#@# AParc-to-ASeg aparc.DKTatlas Sun Mar  8 15:12:51 CET 2026
#@# WMParc Sun Mar  8 15:13:24 CET 2026
#@# ASeg Stats Sun Mar  8 15:16:54 CET 2026
recon-all -s sub-v1s12x0050121_ses-1 finished without error at Sun Mar  8 15:17:26 CET 2026
