status file for recon-all
Sun Mar  8 14:34:42 CET 2026
#@# Tessellate rh Sun Mar  8 14:34:42 CET 2026
#@# Smooth1 rh Sun Mar  8 14:34:46 CET 2026
#@# Inflation1 rh Sun Mar  8 14:34:49 CET 2026
#@# QSphere rh Sun Mar  8 14:34:59 CET 2026
#@# Fix Topology rh Sun Mar  8 14:36:05 CET 2026
#@# Smooth2 rh Sun Mar  8 14:41:50 CET 2026
#@# Inflation2 rh Sun Mar  8 14:41:53 CET 2026
#@# Curv .H and .K rh Sun Mar  8 14:42:04 CET 2026
#@# Sphere rh Sun Mar  8 14:42:54 CET 2026
#@# Surf Reg rh Sun Mar  8 14:45:44 CET 2026
#@# Jacobian white rh Sun Mar  8 14:49:01 CET 2026
#@# AvgCurv rh Sun Mar  8 14:49:02 CET 2026
#@# Cortical Parc rh Sun Mar  8 14:49:03 CET 2026
#@# white curv rh Sun Mar  8 14:55:10 CET 2026
#@# white area rh Sun Mar  8 14:55:12 CET 2026
#@# pial curv rh Sun Mar  8 14:55:13 CET 2026
#@# pial area rh Sun Mar  8 14:55:14 CET 2026
#@# thickness rh Sun Mar  8 14:55:15 CET 2026
#@# area and vertex vol rh Sun Mar  8 14:55:46 CET 2026
#@# Curvature Stats rh Sun Mar  8 14:55:48 CET 2026
#@# Cortical Parc 2 rh Sun Mar  8 14:55:50 CET 2026
#@# Cortical Parc 3 rh Sun Mar  8 14:56:03 CET 2026
#@# WM/GM Contrast rh Sun Mar  8 14:56:13 CET 2026
recon-all -s sub-v1s12x0050121_ses-1 finished without error at Sun Mar  8 14:56:16 CET 2026



#New# invocation of recon-all 



status file for recon-all
Sun Mar  8 15:08:06 CET 2026
#@# white curv rh Sun Mar  8 15:08:06 CET 2026
#@# white area rh Sun Mar  8 15:08:06 CET 2026
#@# pial curv rh Sun Mar  8 15:08:06 CET 2026
#@# pial area rh Sun Mar  8 15:08:06 CET 2026
#@# thickness rh Sun Mar  8 15:08:06 CET 2026
#@# area and vertex vol rh Sun Mar  8 15:08:06 CET 2026
#@# Parcellation Stats rh Sun Mar  8 15:08:06 CET 2026
#@# Parcellation Stats 2 rh Sun Mar  8 15:08:27 CET 2026
#@# Parcellation Stats 3 rh Sun Mar  8 15:08:37 CET 2026
#@# BA_exvivo Labels rh Sun Mar  8 15:08:47 CET 2026
recon-all -s sub-v1s12x0050121_ses-1 finished without error at Sun Mar  8 15:11:12 CET 2026
