status file for recon-all
Sun Mar  8 14:11:04 CET 2026
#@# Tessellate rh Sun Mar  8 14:11:04 CET 2026
#@# Smooth1 rh Sun Mar  8 14:11:06 CET 2026
#@# Inflation1 rh Sun Mar  8 14:11:08 CET 2026
#@# QSphere rh Sun Mar  8 14:11:16 CET 2026
#@# Fix Topology rh Sun Mar  8 14:11:55 CET 2026
#@# Smooth2 rh Sun Mar  8 14:17:06 CET 2026
#@# Inflation2 rh Sun Mar  8 14:17:08 CET 2026
#@# Curv .H and .K rh Sun Mar  8 14:17:16 CET 2026
#@# Sphere rh Sun Mar  8 14:17:52 CET 2026
#@# Surf Reg rh Sun Mar  8 14:19:51 CET 2026
#@# Jacobian white rh Sun Mar  8 14:22:20 CET 2026
#@# AvgCurv rh Sun Mar  8 14:22:21 CET 2026
#@# Cortical Parc rh Sun Mar  8 14:22:21 CET 2026
#@# white curv rh Sun Mar  8 14:27:11 CET 2026
#@# white area rh Sun Mar  8 14:27:13 CET 2026
#@# pial curv rh Sun Mar  8 14:27:13 CET 2026
#@# pial area rh Sun Mar  8 14:27:14 CET 2026
#@# thickness rh Sun Mar  8 14:27:15 CET 2026
#@# area and vertex vol rh Sun Mar  8 14:27:33 CET 2026
#@# Curvature Stats rh Sun Mar  8 14:27:34 CET 2026
#@# Cortical Parc 2 rh Sun Mar  8 14:27:35 CET 2026
#@# Cortical Parc 3 rh Sun Mar  8 14:27:45 CET 2026
#@# WM/GM Contrast rh Sun Mar  8 14:27:51 CET 2026
recon-all -s sub-v1s12x0050103_ses-1 finished without error at Sun Mar  8 14:27:53 CET 2026



#New# invocation of recon-all 



status file for recon-all
Sun Mar  8 14:33:22 CET 2026
#@# white curv rh Sun Mar  8 14:33:22 CET 2026
#@# white area rh Sun Mar  8 14:33:22 CET 2026
#@# pial curv rh Sun Mar  8 14:33:22 CET 2026
#@# pial area rh Sun Mar  8 14:33:22 CET 2026
#@# thickness rh Sun Mar  8 14:33:22 CET 2026
#@# area and vertex vol rh Sun Mar  8 14:33:22 CET 2026
#@# Parcellation Stats rh Sun Mar  8 14:33:22 CET 2026
#@# Parcellation Stats 2 rh Sun Mar  8 14:33:35 CET 2026
#@# Parcellation Stats 3 rh Sun Mar  8 14:33:42 CET 2026
#@# BA_exvivo Labels rh Sun Mar  8 14:33:49 CET 2026
recon-all -s sub-v1s12x0050103_ses-1 finished without error at Sun Mar  8 14:35:36 CET 2026
