status file for recon-all
Sun Mar  8 13:53:40 CET 2026
#@# Tessellate lh Sun Mar  8 13:53:40 CET 2026
#@# Smooth1 lh Sun Mar  8 13:53:42 CET 2026
#@# Inflation1 lh Sun Mar  8 13:53:44 CET 2026
#@# QSphere lh Sun Mar  8 13:53:52 CET 2026
#@# Fix Topology lh Sun Mar  8 13:54:33 CET 2026
#@# Smooth2 lh Sun Mar  8 14:00:04 CET 2026
#@# Inflation2 lh Sun Mar  8 14:00:06 CET 2026
#@# Curv .H and .K lh Sun Mar  8 14:00:14 CET 2026
#@# Sphere lh Sun Mar  8 14:00:49 CET 2026
#@# Surf Reg lh Sun Mar  8 14:03:06 CET 2026
#@# Jacobian white lh Sun Mar  8 14:05:41 CET 2026
#@# AvgCurv lh Sun Mar  8 14:05:42 CET 2026
#@# Cortical Parc lh Sun Mar  8 14:05:42 CET 2026
#@# white curv lh Sun Mar  8 14:10:19 CET 2026
#@# white area lh Sun Mar  8 14:10:21 CET 2026
#@# pial curv lh Sun Mar  8 14:10:21 CET 2026
#@# pial area lh Sun Mar  8 14:10:22 CET 2026
#@# thickness lh Sun Mar  8 14:10:23 CET 2026
#@# area and vertex vol lh Sun Mar  8 14:10:41 CET 2026
#@# Curvature Stats lh Sun Mar  8 14:10:42 CET 2026
#@# Cortical Parc 2 lh Sun Mar  8 14:10:43 CET 2026
#@# Cortical Parc 3 lh Sun Mar  8 14:10:53 CET 2026
#@# WM/GM Contrast lh Sun Mar  8 14:10:59 CET 2026
recon-all -s sub-v1s12x0050103_ses-1 finished without error at Sun Mar  8 14:11:01 CET 2026



#New# invocation of recon-all 



status file for recon-all
Sun Mar  8 14:31:08 CET 2026
#@# white curv lh Sun Mar  8 14:31:08 CET 2026
#@# white area lh Sun Mar  8 14:31:08 CET 2026
#@# pial curv lh Sun Mar  8 14:31:08 CET 2026
#@# pial area lh Sun Mar  8 14:31:08 CET 2026
#@# thickness lh Sun Mar  8 14:31:08 CET 2026
#@# area and vertex vol lh Sun Mar  8 14:31:08 CET 2026
#@# Parcellation Stats lh Sun Mar  8 14:31:08 CET 2026
#@# Parcellation Stats 2 lh Sun Mar  8 14:31:21 CET 2026
#@# Parcellation Stats 3 lh Sun Mar  8 14:31:28 CET 2026
#@# BA_exvivo Labels lh Sun Mar  8 14:31:35 CET 2026
recon-all -s sub-v1s12x0050103_ses-1 finished without error at Sun Mar  8 14:33:20 CET 2026
