status file for recon-all
Sun Mar  8 12:42:14 CET 2026
#@# MotionCor Sun Mar  8 12:42:16 CET 2026
#@# Talairach Sun Mar  8 12:42:21 CET 2026
#@# Talairach Failure Detection Sun Mar  8 12:45:10 CET 2026
#@# Nu Intensity Correction Sun Mar  8 12:45:10 CET 2026
#@# Intensity Normalization Sun Mar  8 12:47:54 CET 2026
recon-all -s sub-v1s12x0050103_ses-1 finished without error at Sun Mar  8 12:48:55 CET 2026



#New# invocation of recon-all 



status file for recon-all
Sun Mar  8 12:54:10 CET 2026
#@# EM Registration Sun Mar  8 12:54:10 CET 2026
recon-all -s sub-v1s12x0050103_ses-1 finished without error at Sun Mar  8 12:55:23 CET 2026



#New# invocation of recon-all 



status file for recon-all
Sun Mar  8 12:55:25 CET 2026
#@# CA Normalize Sun Mar  8 12:55:25 CET 2026
#@# CA Reg Sun Mar  8 12:56:18 CET 2026
#@# SubCort Seg Sun Mar  8 13:30:20 CET 2026
#@# CC Seg Sun Mar  8 13:49:39 CET 2026
#@# Merge ASeg Sun Mar  8 13:49:56 CET 2026
#@# Intensity Normalization2 Sun Mar  8 13:49:56 CET 2026
#@# Mask BFS Sun Mar  8 13:51:24 CET 2026
#@# WM Segmentation Sun Mar  8 13:51:25 CET 2026
#@# Fill Sun Mar  8 13:52:58 CET 2026
recon-all -s sub-v1s12x0050103_ses-1 finished without error at Sun Mar  8 13:53:35 CET 2026



#New# invocation of recon-all 



status file for recon-all
Sun Mar  8 14:27:59 CET 2026
#@# white curv lh Sun Mar  8 14:27:59 CET 2026
#@# white area lh Sun Mar  8 14:27:59 CET 2026
#@# pial curv lh Sun Mar  8 14:27:59 CET 2026
#@# pial area lh Sun Mar  8 14:27:59 CET 2026
#@# thickness lh Sun Mar  8 14:27:59 CET 2026
#@# area and vertex vol lh Sun Mar  8 14:27:59 CET 2026
#@# white curv rh Sun Mar  8 14:27:59 CET 2026
#@# white area rh Sun Mar  8 14:27:59 CET 2026
#@# pial curv rh Sun Mar  8 14:27:59 CET 2026
#@# pial area rh Sun Mar  8 14:27:59 CET 2026
#@# thickness rh Sun Mar  8 14:27:59 CET 2026
#@# area and vertex vol rh Sun Mar  8 14:27:59 CET 2026
#@# Cortical ribbon mask Sun Mar  8 14:27:59 CET 2026
recon-all -s sub-v1s12x0050103_ses-1 finished without error at Sun Mar  8 14:31:03 CET 2026



#New# invocation of recon-all 



status file for recon-all
Sun Mar  8 14:35:40 CET 2026
#@# white curv lh Sun Mar  8 14:35:40 CET 2026
#@# white area lh Sun Mar  8 14:35:40 CET 2026
#@# pial curv lh Sun Mar  8 14:35:40 CET 2026
#@# pial area lh Sun Mar  8 14:35:40 CET 2026
#@# thickness lh Sun Mar  8 14:35:40 CET 2026
#@# area and vertex vol lh Sun Mar  8 14:35:40 CET 2026
#@# white curv rh Sun Mar  8 14:35:40 CET 2026
#@# white area rh Sun Mar  8 14:35:40 CET 2026
#@# pial curv rh Sun Mar  8 14:35:40 CET 2026
#@# pial area rh Sun Mar  8 14:35:40 CET 2026
#@# thickness rh Sun Mar  8 14:35:40 CET 2026
#@# area and vertex vol rh Sun Mar  8 14:35:40 CET 2026
#@# Curvature Stats lh Sun Mar  8 14:35:40 CET 2026
#@# Curvature Stats rh Sun Mar  8 14:35:41 CET 2026
#@# Relabel Hypointensities Sun Mar  8 14:35:43 CET 2026
#@# APas-to-ASeg Sun Mar  8 14:35:53 CET 2026
#@# AParc-to-ASeg aparc Sun Mar  8 14:35:58 CET 2026
#@# AParc-to-ASeg aparc.a2009s Sun Mar  8 14:36:16 CET 2026
#@# AParc-to-ASeg aparc.DKTatlas Sun Mar  8 14:36:34 CET 2026
#@# WMParc Sun Mar  8 14:36:54 CET 2026
#@# ASeg Stats Sun Mar  8 14:38:31 CET 2026
recon-all -s sub-v1s12x0050103_ses-1 finished without error at Sun Mar  8 14:38:49 CET 2026
