/out/sourcedata/freesurfer/sub-v1s12x0050117_ses-1/mri
/opt/freesurfer/bin/talairach_avi
--i orig_nu.mgz --xfm transforms/talairach.auto.xfm
talairach_avi 7.3.2
Linux dna061 5.14.0-427.37.1.el9_4.x86_64 #1 SMP PREEMPT_DYNAMIC Fri Sep 13 12:41:50 EDT 2024 x86_64 x86_64 x86_64 GNU/Linux
Sun Mar  8 12:46:03 CET 2026
mri_convert orig_nu.mgz talsrcimg.img 
reading from orig_nu.mgz...
TR=0.00, TE=0.00, TI=0.00, flip angle=0.00
i_ras = (-1, 0, 0)
j_ras = (0, 0, -1)
k_ras = (0, 1, 0)
writing to talsrcimg.img...
Analyze Output Matrix
-1.00000   0.00000   0.00000   131.44659;
 0.00000   0.00000   1.00000  -136.71671;
 0.00000  -1.00000   0.00000   122.24825;
 0.00000   0.00000   0.00000   1.00000;
--------------------
INFO: set hdr.hist.orient to -1
mpr2mni305 talsrcimg
Sun Mar  8 12:46:04 CET 2026
/opt/freesurfer/bin/mpr2mni305 talsrcimg
mpr2mni305 7.3.2
target=711-2C_as_mni_average_305

---------------------------------------------------------------------
analyzeto4dfp talsrcimg -O0 -y
---------------------------------------------------------------------

freesurfer ifh2hdr.c
Sun Mar  8 12:46:04 2026
Writing: talsrcimg.4dfp.hdr
freesurfer analyzeto4dfp.c
Reading: talsrcimg.hdr
header size 348 bytes
hdr.dime.datatype	offset=70	value=2
hdr.dime.bitpix		offset=72	value=8
hdr.hist.orient		offset=252	value=-1
dimensionality     4
dimensions       256       256       256         1
Reading: talsrcimg.img
Writing: talsrcimg.4dfp.img
Writing: talsrcimg.4dfp.ifh
ifh2hdr talsrcimg -r0to203
ori=2

---------------------------------------------------------------------
gauss_4dfp talsrcimg 1.1
---------------------------------------------------------------------

freesurfer gauss_4dfp.c
Reading: talsrcimg.4dfp.img
Writing: talsrcimg_g11.4dfp.img
image dimensions 256 256 256 padded to 288 288 288
processing volume 1freesurfer ifh2hdr.c
Sun Mar  8 12:46:06 2026
Writing: talsrcimg_g11.4dfp.hdr

Writing: talsrcimg_g11.4dfp.ifh
including: talsrcimg.4dfp.img.rec in talsrcimg_g11.4dfp.img.rec

---------------------------------------------------------------------
imgreg_4dfp /opt/freesurfer/average/711-2C_as_mni_average_305 none talsrcimg_g11 none talsrcimg_to_711-2C_as_mni_average_305_t4 4355
---------------------------------------------------------------------

freesurfer imgreg_4dfp.c
/opt/freesurfer/average/711-2C_as_mni_average_305.4dfp.img
       256       256       256         1
  1.000000  1.000000  1.000000
orientation T byte_order littleendian
Reading image: /opt/freesurfer/average/711-2C_as_mni_average_305.4dfp.img
dimensions:      256       256       256
mmppix:       1.0000   -1.0000   -1.0000
center:     128.0000 -129.0000 -129.0000
talsrcimg_g11.4dfp.img
       256       256       256         1
  1.000000  1.000000  1.000000
orientation T byte_order littleendian
Reading image: talsrcimg_g11.4dfp.img
dimensions:      256       256       256
mmppix:       1.0000   -1.0000   -1.0000
center:     128.0000 -129.0000 -129.0000
t4_read: open error in t4_sub.f l:  41 t4_file(1:l)talsrcimg_to_711-2C_as_mni_average_305_t4 
t4_read: transform initialized to I4
rotation matrix determinant  1.000000
image alignment mode   4355 decimal     1103 hex
   -7.5000  -45.0000  -45.0000 7828.4854   17.2685
    0.0000  -45.0000  -45.0000 8071.5747   17.2400
    7.5000  -45.0000  -45.0000 7699.9727   17.2266
   -7.5000  -37.5000  -45.0000 8349.6719   17.2709
    0.0000  -37.5000  -45.0000 8627.9365   17.2328
    7.5000  -37.5000  -45.0000 8223.6250   17.2117
   -7.5000  -30.0000  -45.0000 9159.4277   17.2514
    0.0000  -30.0000  -45.0000 9489.9756   17.2101
    7.5000  -30.0000  -45.0000 9035.1982   17.1831
   -7.5000  -22.5000  -45.0000 9917.1162   17.2147
    0.0000  -22.5000  -45.000010293.5840   17.1795
    7.5000  -22.5000  -45.0000 9785.8896   17.1551
   -7.5000  -15.0000  -45.000010636.1992   17.1982
    0.0000  -15.0000  -45.000011060.7100   17.1729
    7.5000  -15.0000  -45.000010496.5479   17.1566
   -7.5000   -7.5000  -45.000011300.5400   17.2199
    0.0000   -7.5000  -45.000011763.3945   17.1980
    7.5000   -7.5000  -45.000011154.3193   17.1866
   -7.5000    0.0000  -45.000011848.8242   17.2558
    0.0000    0.0000  -45.000012294.2246   17.2272
    7.5000    0.0000  -45.000011670.0049   17.2137
   -7.5000    7.5000  -45.000011481.1660   17.2709
    0.0000    7.5000  -45.000011892.4834   17.2328
    7.5000    7.5000  -45.000011289.1621   17.2117
   -7.5000   15.0000  -45.000010985.1445   17.2514
    0.0000   15.0000  -45.000011405.3350   17.2101
    7.5000   15.0000  -45.000010835.7041   17.1831
   -7.5000   22.5000  -45.000010396.5205   17.2123
    0.0000   22.5000  -45.000010785.1084   17.1772
    7.5000   22.5000  -45.000010228.1465   17.1528
   -7.5000   30.0000  -45.0000 9667.2676   16.9690
    0.0000   30.0000  -45.000010037.2617   16.9441
    7.5000   30.0000  -45.0000 9504.9453   16.9280
   -7.5000   37.5000  -45.0000 9256.0547   16.9904
    0.0000   37.5000  -45.0000 9611.5664   16.9688
    7.5000   37.5000  -45.0000 9093.5527   16.9576
   -7.5000   45.0000  -45.0000 8487.7725   16.6008
    0.0000   45.0000  -45.0000 8828.7432   16.5733
    7.5000   45.0000  -45.0000 8333.0000   16.5603
   -7.5000  -45.0000  -37.5000 8282.9932   17.1236
    0.0000  -45.0000  -37.5000 8592.6953   17.0943
    7.5000  -45.0000  -37.5000 8160.2681   17.0782
   -7.5000  -37.5000  -37.5000 8840.8350   17.1319
    0.0000  -37.5000  -37.5000 9188.8086   17.0939
    7.5000  -37.5000  -37.5000 8724.0498   17.0712
   -7.5000  -30.0000  -37.5000 9712.7275   17.1207
    0.0000  -30.0000  -37.500010119.0283   17.0761
    7.5000  -30.0000  -37.5000 9564.9248   17.0468
   -7.5000  -22.5000  -37.500010527.7832   17.0870
    0.0000  -22.5000  -37.500010955.1357   17.0440
    7.5000  -22.5000  -37.500010348.0508   17.0153
   -7.5000  -15.0000  -37.500011262.3613   17.0663
    0.0000  -15.0000  -37.500011746.8525   17.0320
    7.5000  -15.0000  -37.500011107.0859   17.0101
   -7.5000   -7.5000  -37.500011955.7188   17.0794
    0.0000   -7.5000  -37.500012480.2158   17.0521
    7.5000   -7.5000  -37.500011801.9268   17.0360
   -7.5000    0.0000  -37.500012509.0732   17.1112
    0.0000    0.0000  -37.500013015.1074   17.0819
    7.5000    0.0000  -37.500012320.1709   17.0655
   -7.5000    7.5000  -37.500012094.4004   17.1319
    0.0000    7.5000  -37.500012583.3145   17.0939
    7.5000    7.5000  -37.500011914.8857   17.0712
   -7.5000   15.0000  -37.500011611.9053   17.1207
    0.0000   15.0000  -37.500012095.3164   17.0761
    7.5000   15.0000  -37.500011445.9072   17.0468
   -7.5000   22.5000  -37.500010979.6689   17.0847
    0.0000   22.5000  -37.500011436.8516   17.0417
    7.5000   22.5000  -37.500010815.1230   17.0129
   -7.5000   30.0000  -37.500010200.6631   16.8388
    0.0000   30.0000  -37.500010628.1914   16.8050
    7.5000   30.0000  -37.500010045.9551   16.7834
   -7.5000   37.5000  -37.5000 9728.4971   16.8518
    0.0000   37.5000  -37.500010151.0381   16.8249
    7.5000   37.5000  -37.5000 9575.5459   16.8090
   -7.5000   45.0000  -37.5000 8899.1016   16.4617
    0.0000   45.0000  -37.5000 9291.0439   16.4334
    7.5000   45.0000  -37.5000 8762.5273   16.4177
   -7.5000  -45.0000  -30.0000 8955.7930   17.7784
    0.0000  -45.0000  -30.0000 9318.6504   17.7429
    7.5000  -45.0000  -30.0000 8830.6543   17.7158
   -7.5000  -37.5000  -30.0000 9576.2764   17.7849
    0.0000  -37.5000  -30.0000 9984.0518   17.7439
    7.5000  -37.5000  -30.0000 9434.2500   17.7138
   -7.5000  -30.0000  -30.000010519.3262   17.7739
    0.0000  -30.0000  -30.000010996.4229   17.7254
    7.5000  -30.0000  -30.000010336.9980   17.6904
   -7.5000  -22.5000  -30.000011396.7656   17.7419
    0.0000  -22.5000  -30.000011888.9990   17.6901
    7.5000  -22.5000  -30.000011195.3203   17.6539
   -7.5000  -15.0000  -30.000012194.9209   17.7228
    0.0000  -15.0000  -30.000012744.9160   17.6765
    7.5000  -15.0000  -30.000012017.8076   17.6437
   -7.5000   -7.5000  -30.000012936.9639   17.7355
    0.0000   -7.5000  -30.000013503.4961   17.6978
    7.5000   -7.5000  -30.000012741.0928   17.6692
   -7.5000    0.0000  -30.000013494.0361   17.7655
    0.0000    0.0000  -30.000014078.8193   17.7299
    7.5000    0.0000  -30.000013257.0664   17.7028
   -7.5000    7.5000  -30.000013009.1592   17.7849
    0.0000    7.5000  -30.000013580.9551   17.7439
    7.5000    7.5000  -30.000012788.5723   17.7138
   -7.5000   15.0000  -30.000012475.5664   17.7739
    0.0000   15.0000  -30.000013026.1621   17.7254
    7.5000   15.0000  -30.000012260.2051   17.6904
   -7.5000   22.5000  -30.000011786.7578   17.7377
    0.0000   22.5000  -30.000012303.7607   17.6859
    7.5000   22.5000  -30.000011600.4277   17.6497
   -7.5000   30.0000  -30.000010929.0625   17.4883
    0.0000   30.0000  -30.000011432.0400   17.4426
    7.5000   30.0000  -30.000010786.8506   17.4102
   -7.5000   37.5000  -30.000010392.1396   17.5008
    0.0000   37.5000  -30.000010888.6055   17.4636
    7.5000   37.5000  -30.000010270.7051   17.4354
   -7.5000   45.0000  -30.0000 9479.8770   17.1036
    0.0000   45.0000  -30.0000 9942.0830   17.0693
    7.5000   45.0000  -30.0000 9376.6865   17.0432
   -7.5000  -45.0000  -22.5000 9660.1143   18.3885
    0.0000  -45.0000  -22.500010059.7520   18.3466
    7.5000  -45.0000  -22.5000 9519.5020   18.3113
   -7.5000  -37.5000  -22.500010297.7773   18.3827
    0.0000  -37.5000  -22.500010731.2197   18.3386
    7.5000  -37.5000  -22.500010142.6455   18.3028
   -7.5000  -30.0000  -22.500011311.2070   18.3626
    0.0000  -30.0000  -22.500011797.7686   18.3146
    7.5000  -30.0000  -22.500011119.5225   18.2762
   -7.5000  -22.5000  -22.500012283.8906   18.3338
    0.0000  -22.5000  -22.500012798.1621   18.2825
    7.5000  -22.5000  -22.500012065.1816   18.2427
   -7.5000  -15.0000  -22.500013184.8086   18.3257
    0.0000  -15.0000  -22.500013751.3594   18.2765
    7.5000  -15.0000  -22.500012948.3291   18.2380
   -7.5000   -7.5000  -22.500013954.5459   18.3471
    0.0000   -7.5000  -22.500014547.4180   18.3034
    7.5000   -7.5000  -22.500013675.5244   18.2666
   -7.5000    0.0000  -22.500014533.8047   18.3752
    0.0000    0.0000  -22.500015162.5928   18.3333
    7.5000    0.0000  -22.500014240.2959   18.2978
   -7.5000    7.5000  -22.500013979.5762   18.3827
    0.0000    7.5000  -22.500014608.7676   18.3386
    7.5000    7.5000  -22.500013732.5088   18.3028
   -7.5000   15.0000  -22.500013352.6416   18.3626
    0.0000   15.0000  -22.500013941.4893   18.3146
    7.5000   15.0000  -22.500013114.7920   18.2762
   -7.5000   22.5000  -22.500012616.6201   18.3282
    0.0000   22.5000  -22.500013194.2129   18.2768
    7.5000   22.5000  -22.500012410.1465   18.2371
   -7.5000   30.0000  -22.500011701.5400   18.0860
    0.0000   30.0000  -22.500012250.8838   18.0374
    7.5000   30.0000  -22.500011545.3604   17.9995
   -7.5000   37.5000  -22.500011102.6885   18.1071
    0.0000   37.5000  -22.500011643.7979   18.0639
    7.5000   37.5000  -22.500010985.2627   18.0277
   -7.5000   45.0000  -22.500010099.8525   17.7038
    0.0000   45.0000  -22.500010605.8730   17.6634
    7.5000   45.0000  -22.500010005.5459   17.6293
   -7.5000  -45.0000  -15.000010373.8174   18.8359
    0.0000  -45.0000  -15.000010809.2852   18.7931
    7.5000  -45.0000  -15.000010210.1836   18.7595
   -7.5000  -37.5000  -15.000011023.5967   18.8211
    0.0000  -37.5000  -15.000011497.8691   18.7764
    7.5000  -37.5000  -15.000010862.1660   18.7415
   -7.5000  -30.0000  -15.000012124.6064   18.7922
    0.0000  -30.0000  -15.000012637.5654   18.7472
    7.5000  -30.0000  -15.000011909.8184   18.7108
   -7.5000  -22.5000  -15.000013181.8242   18.7630
    0.0000  -22.5000  -15.000013734.1709   18.7185
    7.5000  -22.5000  -15.000012923.2383   18.6829
   -7.5000  -15.0000  -15.000014163.7617   18.7623
    0.0000  -15.0000  -15.000014761.1123   18.7200
    7.5000  -15.0000  -15.000013858.2139   18.6865
   -7.5000   -7.5000  -15.000014982.2959   18.7926
    0.0000   -7.5000  -15.000015600.2314   18.7519
    7.5000   -7.5000  -15.000014634.1406   18.7187
   -7.5000    0.0000  -15.000015567.8398   18.8222
    0.0000    0.0000  -15.000016241.5811   18.7794
    7.5000    0.0000  -15.000015238.6523   18.7456
   -7.5000    7.5000  -15.000014979.6113   18.8211
    0.0000    7.5000  -15.000015650.3955   18.7764
    7.5000    7.5000  -15.000014687.7051   18.7415
   -7.5000   15.0000  -15.000014282.9688   18.7922
    0.0000   15.0000  -15.000014948.3018   18.7472
    7.5000   15.0000  -15.000013988.0469   18.7108
   -7.5000   22.5000  -15.000013481.3672   18.7564
    0.0000   22.5000  -15.000014095.5830   18.7119
    7.5000   22.5000  -15.000013213.3232   18.6763
   -7.5000   30.0000  -15.000012497.4561   18.5194
    0.0000   30.0000  -15.000013087.1006   18.4778
    7.5000   30.0000  -15.000012307.0811   18.4447
   -7.5000   37.5000  -15.000011835.8291   18.5494
    0.0000   37.5000  -15.000012416.9951   18.5092
    7.5000   37.5000  -15.000011698.3379   18.4765
   -7.5000   45.0000  -15.000010757.8037   18.1454
    0.0000   45.0000  -15.000011307.9307   18.1042
    7.5000   45.0000  -15.000010662.4189   18.0717
   -7.5000  -45.0000   -7.500011133.5137   19.0647
    0.0000  -45.0000   -7.500011594.3057   19.0273
    7.5000  -45.0000   -7.500010965.8809   19.0052
   -7.5000  -37.5000   -7.500011838.8809   19.0543
    0.0000  -37.5000   -7.500012344.4189   19.0104
    7.5000  -37.5000   -7.500011656.0381   18.9832
   -7.5000  -30.0000   -7.500012983.8389   19.0260
    0.0000  -30.0000   -7.500013529.1953   18.9820
    7.5000  -30.0000   -7.500012739.0801   18.9514
   -7.5000  -22.5000   -7.500014108.3125   18.9927
    0.0000  -22.5000   -7.500014695.0908   18.9543
    7.5000  -22.5000   -7.500013800.2773   18.9263
   -7.5000  -15.0000   -7.500015153.4570   18.9871
    0.0000  -15.0000   -7.500015793.0938   18.9557
    7.5000  -15.0000   -7.500014776.2178   18.9334
   -7.5000   -7.5000   -7.500016044.7637   19.0171
    0.0000   -7.5000   -7.500016689.5039   18.9864
    7.5000   -7.5000   -7.500015614.4766   18.9664
   -7.5000    0.0000   -7.500016675.6465   19.0509
    0.0000    0.0000   -7.500017361.3457   19.0134
    7.5000    0.0000   -7.500016287.3408   18.9911
   -7.5000    7.5000   -7.500016056.2451   19.0543
    0.0000    7.5000   -7.500016761.9590   19.0104
    7.5000    7.5000   -7.500015697.9492   18.9832
   -7.5000   15.0000   -7.500015264.6758   19.0260
    0.0000   15.0000   -7.500015948.3477   18.9820
    7.5000   15.0000   -7.500014930.6943   18.9514
   -7.5000   22.5000   -7.500014367.5947   18.9839
    0.0000   22.5000   -7.500014991.9443   18.9455
    7.5000   22.5000   -7.500014051.7061   18.9176
   -7.5000   30.0000   -7.500013328.2646   18.7409
    0.0000   30.0000   -7.500013921.7178   18.7098
    7.5000   30.0000   -7.500013085.7305   18.6879
   -7.5000   37.5000   -7.500012669.0127   18.7705
    0.0000   37.5000   -7.500013254.8574   18.7402
    7.5000   37.5000   -7.500012466.5527   18.7204
   -7.5000   45.0000   -7.500011505.1709   18.3694
    0.0000   45.0000   -7.500012080.2656   18.3333
    7.5000   45.0000   -7.500011353.5059   18.3118
   -7.5000  -45.0000    0.000011781.6699   19.1065
    0.0000  -45.0000    0.000012265.7793   19.0741
    7.5000  -45.0000    0.000011614.6523   19.0607
   -7.5000  -37.5000    0.000012535.6221   19.1077
    0.0000  -37.5000    0.000013048.4248   19.0649
    7.5000  -37.5000    0.000012348.6826   19.0432
   -7.5000  -30.0000    0.000013688.3008   19.0872
    0.0000  -30.0000    0.000014247.1680   19.0412
    7.5000  -30.0000    0.000013476.1504   19.0130
   -7.5000  -22.5000    0.000014860.8525   19.0496
    0.0000  -22.5000    0.000015484.1377   19.0104
    7.5000  -22.5000    0.000014596.5840   18.9851
   -7.5000  -15.0000    0.000015982.6504   19.0332
    0.0000  -15.0000    0.000016655.8926   19.0048
    7.5000  -15.0000    0.000015623.3340   18.9882
   -7.5000   -7.5000    0.000016956.1152   19.0557
    0.0000   -7.5000    0.000017622.3594   19.0308
    7.5000   -7.5000    0.000016558.3555   19.0195
   -7.5000    0.0000    0.000017669.0059   19.0927
    0.0000    0.0000    0.000018349.7285   19.0602
    7.5000    0.0000    0.000017292.9375   19.0466
   -7.5000    7.5000    0.000017046.9961   19.1077
    0.0000    7.5000    0.000017717.2695   19.0649
    7.5000    7.5000    0.000016670.9629   19.0432
   -7.5000   15.0000    0.000016170.8555   19.0872
    0.0000   15.0000    0.000016840.2109   19.0412
    7.5000   15.0000    0.000015824.7754   19.0130
   -7.5000   22.5000    0.000015208.6289   19.0408
    0.0000   22.5000    0.000015826.5957   19.0016
    7.5000   22.5000    0.000014877.6738   18.9763
   -7.5000   30.0000    0.000014167.7617   18.7869
    0.0000   30.0000    0.000014761.9971   18.7588
    7.5000   30.0000    0.000013886.8408   18.7425
   -7.5000   37.5000    0.000013510.8115   18.8091
    0.0000   37.5000    0.000014090.8955   18.7846
    7.5000   37.5000    0.000013234.1523   18.7734
   -7.5000   45.0000    0.000012295.2051   18.4111
    0.0000   45.0000    0.000012869.4639   18.3798
    7.5000   45.0000    0.000012027.0781   18.3667
   -7.5000  -45.0000    7.500011478.7637   19.0973
    0.0000  -45.0000    7.500011952.3867   19.0645
    7.5000  -45.0000    7.500011323.2041   19.0469
   -7.5000  -37.5000    7.500012234.2764   19.1065
    0.0000  -37.5000    7.500012734.2139   19.0640
    7.5000  -37.5000    7.500012041.5967   19.0391
   -7.5000  -30.0000    7.500013363.3760   19.0936
    0.0000  -30.0000    7.500013909.4023   19.0439
    7.5000  -30.0000    7.500013163.0938   19.0119
   -7.5000  -22.5000    7.500014507.8799   19.0558
    0.0000  -22.5000    7.500015134.0088   19.0079
    7.5000  -22.5000    7.500014312.1670   18.9769
   -7.5000  -15.0000    7.500015675.2695   19.0328
    0.0000  -15.0000    7.500016357.0938   18.9946
    7.5000  -15.0000    7.500015387.7822   18.9711
   -7.5000   -7.5000    7.500016828.6094   19.0478
    0.0000   -7.5000    7.500017465.4492   19.0172
    7.5000   -7.5000    7.500016405.0801   18.9999
   -7.5000    0.0000    7.500017608.3379   19.0835
    0.0000    0.0000    7.500018203.2246   19.0506
    7.5000    0.0000    7.500017170.2812   19.0328
   -7.5000    7.5000    7.500016917.1152   19.1065
    0.0000    7.5000    7.500017484.4395   19.0640
    7.5000    7.5000    7.500016500.2383   19.0391
   -7.5000   15.0000    7.500015998.9062   19.0936
    0.0000   15.0000    7.500016577.9980   19.0439
    7.5000   15.0000    7.500015583.5957   19.0119
   -7.5000   22.5000    7.500014987.0010   19.0470
    0.0000   22.5000    7.500015580.8984   18.9992
    7.5000   22.5000    7.500014590.2021   18.9681
   -7.5000   30.0000    7.500013981.8838   18.7865
    0.0000   30.0000    7.500014564.5273   18.7487
    7.5000   30.0000    7.500013584.1318   18.7256
   -7.5000   37.5000    7.500013339.3203   18.8013
    0.0000   37.5000    7.500013914.7520   18.7711
    7.5000   37.5000    7.500012973.5537   18.7541
   -7.5000   45.0000    7.500012126.4375   18.4023
    0.0000   45.0000    7.500012668.8359   18.3705
    7.5000   45.0000    7.500011791.7939   18.3534
   -7.5000  -45.0000   15.000011075.2354   19.0884
    0.0000  -45.0000   15.000011533.4473   19.0502
    7.5000  -45.0000   15.000010945.4219   19.0213
   -7.5000  -37.5000   15.000011802.3086   19.0947
    0.0000  -37.5000   15.000012270.0840   19.0508
    7.5000  -37.5000   15.000011662.4365   19.0185
   -7.5000  -30.0000   15.000012856.9375   19.0827
    0.0000  -30.0000   15.000013369.1328   19.0306
    7.5000  -30.0000   15.000012732.9756   18.9931
   -7.5000  -22.5000   15.000014002.7451   19.0488
    0.0000  -22.5000   15.000014602.3174   18.9932
    7.5000  -22.5000   15.000013858.9463   18.9544
   -7.5000  -15.0000   15.000015320.7793   19.0289
    0.0000  -15.0000   15.000016070.1650   18.9791
    7.5000  -15.0000   15.000014989.6016   18.9441
   -7.5000   -7.5000   15.000016668.7559   19.0427
    0.0000   -7.5000   15.000017434.0820   19.0022
    7.5000   -7.5000   15.000016064.3320   18.9716
   -7.5000    0.0000   15.000017384.0527   19.0746
    0.0000    0.0000   15.000018065.9980   19.0364
    7.5000    0.0000   15.000016803.2617   19.0073
   -7.5000    7.5000   15.000016534.9434   19.0947
    0.0000    7.5000   15.000017096.8027   19.0508
    7.5000    7.5000   15.000016040.1006   19.0185
   -7.5000   15.0000   15.000015555.5342   19.0827
    0.0000   15.0000   15.000016077.4375   19.0306
    7.5000   15.0000   15.000015050.3945   18.9931
   -7.5000   22.5000   15.000014543.8223   19.0400
    0.0000   22.5000   15.000015047.0098   18.9844
    7.5000   22.5000   15.000014061.4834   18.9457
   -7.5000   30.0000   15.000013544.5322   18.7826
    0.0000   30.0000   15.000014032.2861   18.7335
    7.5000   30.0000   15.000013088.6963   18.6989
   -7.5000   37.5000   15.000012891.5459   18.7963
    0.0000   37.5000   15.000013407.7324   18.7563
    7.5000   37.5000   15.000012503.7080   18.7261
   -7.5000   45.0000   15.000011694.5215   18.3936
    0.0000   45.0000   15.000012208.9746   18.3567
    7.5000   45.0000   15.000011371.6484   18.3287
   -7.5000  -45.0000   22.500010553.8037   19.1124
    0.0000  -45.0000   22.500010997.5928   19.0686
    7.5000  -45.0000   22.500010442.8857   19.0318
   -7.5000  -37.5000   22.500011261.9375   19.1066
    0.0000  -37.5000   22.500011742.8438   19.0604
    7.5000  -37.5000   22.500011147.3486   19.0231
   -7.5000  -30.0000   22.500012345.3398   19.0856
    0.0000  -30.0000   22.500012877.1064   19.0353
    7.5000  -30.0000   22.500012215.5059   18.9954
   -7.5000  -22.5000   22.500013464.3252   19.0554
    0.0000  -22.5000   22.500014067.7656   19.0016
    7.5000  -22.5000   22.500013266.9990   18.9603
   -7.5000  -15.0000   22.500014710.7959   19.0467
    0.0000  -15.0000   22.500015392.7939   18.9952
    7.5000  -15.0000   22.500014296.8193   18.9553
   -7.5000   -7.5000   22.500015825.2979   19.0691
    0.0000   -7.5000   22.500016545.0547   19.0233
    7.5000   -7.5000   22.500015261.5537   18.9851
   -7.5000    0.0000   22.500016423.2109   19.0986
    0.0000    0.0000   22.500017124.3262   19.0547
    7.5000    0.0000   22.500015958.4443   19.0178
   -7.5000    7.5000   22.500015718.8096   19.1066
    0.0000    7.5000   22.500016349.7969   19.0604
    7.5000    7.5000   22.500015298.6504   19.0231
   -7.5000   15.0000   22.500014854.9033   19.0856
    0.0000   15.0000   22.500015438.1621   19.0353
    7.5000   15.0000   22.500014412.0840   18.9954
   -7.5000   22.5000   22.500013903.0820   19.0466
    0.0000   22.5000   22.500014416.1836   18.9929
    7.5000   22.5000   22.500013471.3018   18.9516
   -7.5000   30.0000   22.500012896.9453   18.8002
    0.0000   30.0000   22.500013354.8760   18.7494
    7.5000   30.0000   22.500012477.1943   18.7099
   -7.5000   37.5000   22.500012252.9072   18.8223
    0.0000   37.5000   22.500012709.3691   18.7771
    7.5000   37.5000   22.500011905.3496   18.7394
   -7.5000   45.0000   22.500011111.4570   18.4167
    0.0000   45.0000   22.500011534.3418   18.3743
    7.5000   45.0000   22.500010828.6348   18.3388
   -7.5000  -45.0000   30.0000 9980.8789   19.1646
    0.0000  -45.0000   30.000010416.9131   19.1199
    7.5000  -45.0000   30.0000 9826.6172   19.0856
   -7.5000  -37.5000   30.000010662.4434   19.1495
    0.0000  -37.5000   30.000011137.0635   19.1027
    7.5000  -37.5000   30.000010493.1904   19.0672
   -7.5000  -30.0000   30.000011681.8877   19.1195
    0.0000  -30.0000   30.000012185.8877   19.0726
    7.5000  -30.0000   30.000011493.3760   19.0354
   -7.5000  -22.5000   30.000012689.3691   19.0895
    0.0000  -22.5000   30.000013212.4678   19.0431
    7.5000  -22.5000   30.000012466.9150   19.0067
   -7.5000  -15.0000   30.000013752.0713   19.0887
    0.0000  -15.0000   30.000014328.8740   19.0447
    7.5000  -15.0000   30.000013405.5020   19.0105
   -7.5000   -7.5000   30.000014661.8154   19.1201
    0.0000   -7.5000   30.000015230.7949   19.0775
    7.5000   -7.5000   30.000014285.7100   19.0437
   -7.5000    0.0000   30.000015222.7129   19.1507
    0.0000    0.0000   30.000015803.1650   19.1059
    7.5000    0.0000   30.000014929.7480   19.0715
   -7.5000    7.5000   30.000014696.8477   19.1495
    0.0000    7.5000   30.000015236.0059   19.1027
    7.5000    7.5000   30.000014386.1094   19.0672
   -7.5000   15.0000   30.000013989.2109   19.1195
    0.0000   15.0000   30.000014504.3613   19.0726
    7.5000   15.0000   30.000013628.9639   19.0354
   -7.5000   22.5000   30.000013098.4424   19.0807
    0.0000   22.5000   30.000013572.2324   19.0343
    7.5000   22.5000   30.000012729.7783   18.9979
   -7.5000   30.0000   30.000012112.2441   18.8417
    0.0000   30.0000   30.000012545.6689   18.7982
    7.5000   30.0000   30.000011775.5479   18.7644
   -7.5000   37.5000   30.000011488.1709   18.8726
    0.0000   37.5000   30.000011927.7227   18.8306
    7.5000   37.5000   30.000011196.1104   18.7972
   -7.5000   45.0000   30.000010399.5244   18.4670
    0.0000   45.0000   30.000010797.3877   18.4238
    7.5000   45.0000   30.000010156.7578   18.3906
   -7.5000  -45.0000   37.5000 9728.5049   19.3606
    0.0000  -45.0000   37.500010151.1260   19.3205
    7.5000  -45.0000   37.5000 9535.5977   19.2983
   -7.5000  -37.5000   37.500010365.7812   19.3496
    0.0000  -37.5000   37.500010807.0557   19.3027
    7.5000  -37.5000   37.500010181.5225   19.2753
   -7.5000  -30.0000   37.500011314.3252   19.3201
    0.0000  -30.0000   37.500011790.7148   19.2731
    7.5000  -30.0000   37.500011147.7803   19.2423
   -7.5000  -22.5000   37.500012225.7627   19.2858
    0.0000  -22.5000   37.500012752.6504   19.2447
    7.5000  -22.5000   37.500012092.6475   19.2164
   -7.5000  -15.0000   37.500013231.5000   19.2803
    0.0000  -15.0000   37.500013779.7705   19.2464
    7.5000  -15.0000   37.500013011.0234   19.2239
   -7.5000   -7.5000   37.500014072.7031   19.3115
    0.0000   -7.5000   37.500014609.3398   19.2783
    7.5000   -7.5000   37.500013820.6816   19.2582
   -7.5000    0.0000   37.500014661.0332   19.3464
    0.0000    0.0000   37.500015199.7334   19.3062
    7.5000    0.0000   37.500014433.5996   19.2838
   -7.5000    7.5000   37.500014178.6855   19.3496
    0.0000    7.5000   37.500014699.9922   19.3027
    7.5000    7.5000   37.500013945.5117   19.2753
   -7.5000   15.0000   37.500013527.1836   19.3201
    0.0000   15.0000   37.500014022.8057   19.2731
    7.5000   15.0000   37.500013276.6943   19.2423
   -7.5000   22.5000   37.500012657.1709   19.2769
    0.0000   22.5000   37.500013096.4209   19.2358
    7.5000   22.5000   37.500012401.9326   19.2076
   -7.5000   30.0000   37.500011712.4912   19.0308
    0.0000   30.0000   37.500012125.7549   18.9973
    7.5000   30.0000   37.500011458.5850   18.9751
   -7.5000   37.5000   37.500011119.9688   19.0615
    0.0000   37.5000   37.500011539.3242   19.0288
    7.5000   37.5000   37.500010885.0605   19.0089
   -7.5000   45.0000   37.500010093.8350   18.6558
    0.0000   45.0000   37.500010473.9541   18.6171
    7.5000   45.0000   37.5000 9881.4795   18.5955
   -7.5000  -45.0000   45.0000 8949.8242   19.5458
    0.0000  -45.0000   45.0000 9337.3418   19.5081
    7.5000  -45.0000   45.0000 8798.9277   19.4944
   -7.5000  -37.5000   45.0000 9519.3164   19.5460
    0.0000  -37.5000   45.0000 9935.5811   19.4975
    7.5000  -37.5000   45.0000 9372.7041   19.4752
   -7.5000  -30.0000   45.000010392.3125   19.5229
    0.0000  -30.0000   45.000010836.4697   19.4710
    7.5000  -30.0000   45.000010269.7549   19.4421
   -7.5000  -22.5000   45.000011263.9121   19.4830
    0.0000  -22.5000   45.000011755.8311   19.4382
    7.5000  -22.5000   45.000011157.2129   19.4124
   -7.5000  -15.0000   45.000012156.0557   19.4667
    0.0000  -15.0000   45.000012681.9785   19.4332
    7.5000  -15.0000   45.000012003.7793   19.4163
   -7.5000   -7.5000   45.000012910.4502   19.4918
    0.0000   -7.5000   45.000013405.9951   19.4620
    7.5000   -7.5000   45.000012721.3057   19.4504
   -7.5000    0.0000   45.000013460.3154   19.5312
    0.0000    0.0000   45.000013965.3096   19.4935
    7.5000    0.0000   45.000013282.4561   19.4795
   -7.5000    7.5000   45.000013030.7998   19.5460
    0.0000    7.5000   45.000013497.3682   19.4975
    7.5000    7.5000   45.000012855.9658   19.4752
   -7.5000   15.0000   45.000012453.2441   19.5229
    0.0000   15.0000   45.000012902.6377   19.4710
    7.5000   15.0000   45.000012253.5146   19.4421
   -7.5000   22.5000   45.000011656.7480   19.4740
    0.0000   22.5000   45.000012075.5996   19.4292
    7.5000   22.5000   45.000011478.3525   19.4034
   -7.5000   30.0000   45.000010791.7236   19.2131
    0.0000   30.0000   45.000011183.8662   19.1800
    7.5000   30.0000   45.000010601.4258   19.1633
   -7.5000   37.5000   45.000010276.1104   19.2378
    0.0000   37.5000   45.000010671.5723   19.2085
    7.5000   37.5000   45.000010089.5684   19.1971
   -7.5000   45.0000   45.0000 9343.2529   18.8428
    0.0000   45.0000   45.0000 9704.3408   18.8064
    7.5000   45.0000   45.0000 9167.2090   18.7930

---------------------------------------------------------------------
imgreg_4dfp /opt/freesurfer/average/711-2C_as_mni_average_305 /opt/freesurfer/average/711-2B_as_mni_average_305_mask talsrcimg_g11 none talsrcimg_to_711-2C_as_mni_average_305_t4 4355
---------------------------------------------------------------------

freesurfer imgreg_4dfp.c
/opt/freesurfer/average/711-2C_as_mni_average_305.4dfp.img
       256       256       256         1
  1.000000  1.000000  1.000000
orientation T byte_order littleendian
Reading image: /opt/freesurfer/average/711-2C_as_mni_average_305.4dfp.img
dimensions:      256       256       256
mmppix:       1.0000   -1.0000   -1.0000
center:     128.0000 -129.0000 -129.0000
/opt/freesurfer/average/711-2B_as_mni_average_305_mask.4dfp.img
       256       256       256         1
  1.000000  1.000000  1.000000
orientation T byte_order littleendian
Reading mask: /opt/freesurfer/average/711-2B_as_mni_average_305_mask.4dfp.img (2306576 pixels)
talsrcimg_g11.4dfp.img
       256       256       256         1
  1.000000  1.000000  1.000000
orientation T byte_order littleendian
Reading image: talsrcimg_g11.4dfp.img
dimensions:      256       256       256
mmppix:       1.0000   -1.0000   -1.0000
center:     128.0000 -129.0000 -129.0000
rotation matrix determinant  1.000000
image alignment mode   4355 decimal     1103 hex
   -7.5000  -45.0000  -45.0000 2142.3103   21.4054
    0.0000  -45.0000  -45.0000 2135.2390   21.4572
    7.5000  -45.0000  -45.0000 2111.8508   21.8712
   -7.5000  -37.5000  -45.0000 2214.1968   19.8060
    0.0000  -37.5000  -45.0000 2210.9373   19.8640
    7.5000  -37.5000  -45.0000 2192.3921   20.1958
   -7.5000  -30.0000  -45.0000 2263.9854   18.7308
    0.0000  -30.0000  -45.0000 2263.7332   18.7763
    7.5000  -30.0000  -45.0000 2246.7234   19.0745
   -7.5000  -22.5000  -45.0000 2293.5139   18.0128
    0.0000  -22.5000  -45.0000 2292.7153   18.0694
    7.5000  -22.5000  -45.0000 2275.1992   18.3528
   -7.5000  -15.0000  -45.0000 2310.1453   17.6168
    0.0000  -15.0000  -45.0000 2314.4678   17.6712
    7.5000  -15.0000  -45.0000 2290.6245   17.9655
   -7.5000   -7.5000  -45.0000 2317.9280   17.4803
    0.0000   -7.5000  -45.0000 2320.5984   17.5323
    7.5000   -7.5000  -45.0000 2299.5864   17.8064
   -7.5000    0.0000  -45.0000 2313.8286   17.6403
    0.0000    0.0000  -45.0000 2318.4888   17.6304
    7.5000    0.0000  -45.0000 2293.9612   17.9165
   -7.5000    7.5000  -45.0000 2290.7004   18.0708
    0.0000    7.5000  -45.0000 2293.8540   18.0595
    7.5000    7.5000  -45.0000 2270.3521   18.3115
   -7.5000   15.0000  -45.0000 2246.3752   18.8187
    0.0000   15.0000  -45.0000 2254.3970   18.8122
    7.5000   15.0000  -45.0000 2229.2761   19.0896
   -7.5000   22.5000  -45.0000 2196.7351   19.7915
    0.0000   22.5000  -45.0000 2196.9917   19.7902
    7.5000   22.5000  -45.0000 2173.6565   20.1147
   -7.5000   30.0000  -45.0000 2124.0171   21.1880
    0.0000   30.0000  -45.0000 2126.2988   21.1724
    7.5000   30.0000  -45.0000 2102.5791   21.5855
   -7.5000   37.5000  -45.0000 2037.4818   23.2546
    0.0000   37.5000  -45.0000 2037.8643   23.2082
    7.5000   37.5000  -45.0000 2016.4807   23.6902
   -7.5000   45.0000  -45.0000 1932.1041   26.1390
    0.0000   45.0000  -45.0000 1932.7974   26.0776
    7.5000   45.0000  -45.0000 1910.2085   26.5837
   -7.5000  -45.0000  -37.5000 2218.4929   19.9219
    0.0000  -45.0000  -37.5000 2216.1233   20.0358
    7.5000  -45.0000  -37.5000 2194.1470   20.3072
   -7.5000  -37.5000  -37.5000 2303.0757   18.3642
    0.0000  -37.5000  -37.5000 2300.1736   18.4807
    7.5000  -37.5000  -37.5000 2281.3237   18.7100
   -7.5000  -30.0000  -37.5000 2361.1526   17.3524
    0.0000  -30.0000  -37.5000 2362.5215   17.4569
    7.5000  -30.0000  -37.5000 2338.4722   17.6586
   -7.5000  -22.5000  -37.5000 2395.8347   16.6319
    0.0000  -22.5000  -37.5000 2396.0891   16.7330
    7.5000  -22.5000  -37.5000 2370.8772   16.9304
   -7.5000  -15.0000  -37.5000 2414.5361   16.2173
    0.0000  -15.0000  -37.5000 2419.3630   16.2776
    7.5000  -15.0000  -37.5000 2389.0239   16.4988
   -7.5000   -7.5000  -37.5000 2424.2561   16.0178
    0.0000   -7.5000  -37.5000 2429.3350   16.0498
    7.5000   -7.5000  -37.5000 2401.1460   16.2638
   -7.5000    0.0000  -37.5000 2422.1433   16.1058
    0.0000    0.0000  -37.5000 2425.8909   16.1129
    7.5000    0.0000  -37.5000 2397.7766   16.3506
   -7.5000    7.5000  -37.5000 2396.7200   16.5155
    0.0000    7.5000  -37.5000 2402.2620   16.5398
    7.5000    7.5000  -37.5000 2375.8826   16.7677
   -7.5000   15.0000  -37.5000 2352.2520   17.2100
    0.0000   15.0000  -37.5000 2362.3569   17.2382
    7.5000   15.0000  -37.5000 2335.8030   17.4627
   -7.5000   22.5000  -37.5000 2296.1475   18.1083
    0.0000   22.5000  -37.5000 2301.1130   18.1161
    7.5000   22.5000  -37.5000 2275.0481   18.3600
   -7.5000   30.0000  -37.5000 2221.2192   19.3489
    0.0000   30.0000  -37.5000 2224.4531   19.3628
    7.5000   30.0000  -37.5000 2198.7715   19.6660
   -7.5000   37.5000  -37.5000 2129.8848   21.2126
    0.0000   37.5000  -37.5000 2132.2534   21.2218
    7.5000   37.5000  -37.5000 2108.9795   21.5831
   -7.5000   45.0000  -37.5000 2021.8091   23.8272
    0.0000   45.0000  -37.5000 2021.7257   23.8159
    7.5000   45.0000  -37.5000 1997.5370   24.1936
   -7.5000  -45.0000  -30.0000 2337.8782   19.2479
    0.0000  -45.0000  -30.0000 2335.9839   19.4058
    7.5000  -45.0000  -30.0000 2314.2803   19.5485
   -7.5000  -37.5000  -30.0000 2434.7578   17.7192
    0.0000  -37.5000  -30.0000 2437.1877   17.8533
    7.5000  -37.5000  -30.0000 2411.2549   18.0025
   -7.5000  -30.0000  -30.0000 2498.1992   16.6496
    0.0000  -30.0000  -30.0000 2506.2178   16.7819
    7.5000  -30.0000  -30.0000 2473.1167   16.9029
   -7.5000  -22.5000  -30.0000 2535.4390   15.9577
    0.0000  -22.5000  -30.0000 2540.3301   16.0419
    7.5000  -22.5000  -30.0000 2509.3140   16.1666
   -7.5000  -15.0000  -30.0000 2558.4509   15.5216
    0.0000  -15.0000  -30.0000 2566.2329   15.5733
    7.5000  -15.0000  -30.0000 2531.4736   15.7404
   -7.5000   -7.5000  -30.0000 2572.3064   15.3126
    0.0000   -7.5000  -30.0000 2578.7686   15.3440
    7.5000   -7.5000  -30.0000 2546.7861   15.5306
   -7.5000    0.0000  -30.0000 2568.3735   15.3810
    0.0000    0.0000  -30.0000 2575.1938   15.3740
    7.5000    0.0000  -30.0000 2543.4326   15.5886
   -7.5000    7.5000  -30.0000 2546.4236   15.7603
    0.0000    7.5000  -30.0000 2554.6934   15.7776
    7.5000    7.5000  -30.0000 2525.1233   15.9854
   -7.5000   15.0000  -30.0000 2506.2754   16.3992
    0.0000   15.0000  -30.0000 2516.4834   16.3998
    7.5000   15.0000  -30.0000 2483.2283   16.5947
   -7.5000   22.5000  -30.0000 2439.9841   17.2411
    0.0000   22.5000  -30.0000 2449.9180   17.2418
    7.5000   22.5000  -30.0000 2417.6636   17.4357
   -7.5000   30.0000  -30.0000 2358.1904   18.3800
    0.0000   30.0000  -30.0000 2364.2847   18.3986
    7.5000   30.0000  -30.0000 2335.4414   18.6073
   -7.5000   37.5000  -30.0000 2260.8625   20.1427
    0.0000   37.5000  -30.0000 2264.3218   20.1721
    7.5000   37.5000  -30.0000 2238.5203   20.4179
   -7.5000   45.0000  -30.0000 2146.4050   22.6088
    0.0000   45.0000  -30.0000 2148.0420   22.5984
    7.5000   45.0000  -30.0000 2121.8308   22.8570
   -7.5000  -45.0000  -22.5000 2436.0747   18.4321
    0.0000  -45.0000  -22.5000 2434.4448   18.5523
    7.5000  -45.0000  -22.5000 2405.8162   18.6884
   -7.5000  -37.5000  -22.5000 2534.6465   16.9197
    0.0000  -37.5000  -22.5000 2534.0032   17.0202
    7.5000  -37.5000  -22.5000 2504.2949   17.1355
   -7.5000  -30.0000  -22.5000 2608.5203   15.8292
    0.0000  -30.0000  -22.5000 2614.5610   15.8890
    7.5000  -30.0000  -22.5000 2581.2676   15.9983
   -7.5000  -22.5000  -22.5000 2655.2498   15.1668
    0.0000  -22.5000  -22.5000 2658.9568   15.1884
    7.5000  -22.5000  -22.5000 2626.3940   15.2960
   -7.5000  -15.0000  -22.5000 2682.2661   14.7756
    0.0000  -15.0000  -22.5000 2685.7158   14.7739
    7.5000  -15.0000  -22.5000 2652.7568   14.9130
   -7.5000   -7.5000  -22.5000 2689.8784   14.5904
    0.0000   -7.5000  -22.5000 2694.9089   14.6050
    7.5000   -7.5000  -22.5000 2661.1145   14.7506
   -7.5000    0.0000  -22.5000 2690.3665   14.6327
    0.0000    0.0000  -22.5000 2695.2842   14.6430
    7.5000    0.0000  -22.5000 2658.5042   14.8076
   -7.5000    7.5000  -22.5000 2673.7461   14.9828
    0.0000    7.5000  -22.5000 2682.2305   14.9787
    7.5000    7.5000  -22.5000 2646.6218   15.1515
   -7.5000   15.0000  -22.5000 2633.2017   15.5314
    0.0000   15.0000  -22.5000 2637.1826   15.5091
    7.5000   15.0000  -22.5000 2604.9924   15.7032
   -7.5000   22.5000  -22.5000 2561.3108   16.3077
    0.0000   22.5000  -22.5000 2573.5522   16.2814
    7.5000   22.5000  -22.5000 2538.8350   16.4685
   -7.5000   30.0000  -22.5000 2470.7009   17.3873
    0.0000   30.0000  -22.5000 2481.2600   17.3874
    7.5000   30.0000  -22.5000 2450.9697   17.5880
   -7.5000   37.5000  -22.5000 2364.5659   19.0175
    0.0000   37.5000  -22.5000 2371.3049   19.0067
    7.5000   37.5000  -22.5000 2343.2212   19.2398
   -7.5000   45.0000  -22.5000 2238.9607   21.2753
    0.0000   45.0000  -22.5000 2244.6707   21.2325
    7.5000   45.0000  -22.5000 2220.6643   21.4750
   -7.5000  -45.0000  -15.0000 2494.7246   17.7603
    0.0000  -45.0000  -15.0000 2494.7341   17.8419
    7.5000  -45.0000  -15.0000 2461.9797   17.9914
   -7.5000  -37.5000  -15.0000 2592.5339   16.1998
    0.0000  -37.5000  -15.0000 2593.2363   16.2790
    7.5000  -37.5000  -15.0000 2563.8206   16.4116
   -7.5000  -30.0000  -15.0000 2680.1350   15.0761
    0.0000  -30.0000  -15.0000 2682.5564   15.1120
    7.5000  -30.0000  -15.0000 2648.1396   15.2274
   -7.5000  -22.5000  -15.0000 2739.2009   14.3790
    0.0000  -22.5000  -15.0000 2743.9963   14.3782
    7.5000  -22.5000  -15.0000 2707.5042   14.4843
   -7.5000  -15.0000  -15.0000 2773.1995   13.9906
    0.0000  -15.0000  -15.0000 2778.5396   13.9854
    7.5000  -15.0000  -15.0000 2742.7629   14.0750
   -7.5000   -7.5000  -15.0000 2785.0935   13.8235
    0.0000   -7.5000  -15.0000 2788.4158   13.8042
    7.5000   -7.5000  -15.0000 2749.7900   13.9390
   -7.5000    0.0000  -15.0000 2784.0498   13.8595
    0.0000    0.0000  -15.0000 2788.5874   13.8692
    7.5000    0.0000  -15.0000 2747.6394   14.0166
   -7.5000    7.5000  -15.0000 2771.6389   14.2049
    0.0000    7.5000  -15.0000 2778.5374   14.1962
    7.5000    7.5000  -15.0000 2738.0005   14.3576
   -7.5000   15.0000  -15.0000 2729.5300   14.7091
    0.0000   15.0000  -15.0000 2738.5823   14.6775
    7.5000   15.0000  -15.0000 2699.6172   14.8847
   -7.5000   22.5000  -15.0000 2658.6104   15.4179
    0.0000   22.5000  -15.0000 2665.8201   15.3882
    7.5000   22.5000  -15.0000 2632.8069   15.5898
   -7.5000   30.0000  -15.0000 2560.1208   16.4770
    0.0000   30.0000  -15.0000 2568.3250   16.4402
    7.5000   30.0000  -15.0000 2539.3496   16.6593
   -7.5000   37.5000  -15.0000 2442.1350   18.0250
    0.0000   37.5000  -15.0000 2449.8882   18.0044
    7.5000   37.5000  -15.0000 2422.5947   18.2192
   -7.5000   45.0000  -15.0000 2311.5601   20.1345
    0.0000   45.0000  -15.0000 2320.1560   20.0943
    7.5000   45.0000  -15.0000 2292.3188   20.3266
   -7.5000  -45.0000   -7.5000 2521.2783   17.2047
    0.0000  -45.0000   -7.5000 2518.9758   17.2662
    7.5000  -45.0000   -7.5000 2490.9988   17.4584
   -7.5000  -37.5000   -7.5000 2624.9619   15.6194
    0.0000  -37.5000   -7.5000 2627.7363   15.6484
    7.5000  -37.5000   -7.5000 2599.6331   15.8356
   -7.5000  -30.0000   -7.5000 2722.3625   14.4475
    0.0000  -30.0000   -7.5000 2724.1396   14.4563
    7.5000  -30.0000   -7.5000 2688.7495   14.6156
   -7.5000  -22.5000   -7.5000 2795.3140   13.6851
    0.0000  -22.5000   -7.5000 2798.9900   13.6614
    7.5000  -22.5000   -7.5000 2760.8596   13.8043
   -7.5000  -15.0000   -7.5000 2833.6233   13.2627
    0.0000  -15.0000   -7.5000 2840.9006   13.2324
    7.5000  -15.0000   -7.5000 2800.3608   13.3472
   -7.5000   -7.5000   -7.5000 2860.7603   13.0760
    0.0000   -7.5000   -7.5000 2865.4419   13.0375
    7.5000   -7.5000   -7.5000 2823.1819   13.1671
   -7.5000    0.0000   -7.5000 2866.4795   13.1129
    0.0000    0.0000   -7.5000 2866.9280   13.0997
    7.5000    0.0000   -7.5000 2827.1304   13.2450
   -7.5000    7.5000   -7.5000 2848.4141   13.4459
    0.0000    7.5000   -7.5000 2855.3762   13.4294
    7.5000    7.5000   -7.5000 2813.2002   13.6012
   -7.5000   15.0000   -7.5000 2802.6882   13.9731
    0.0000   15.0000   -7.5000 2812.9219   13.9347
    7.5000   15.0000   -7.5000 2774.9937   14.1284
   -7.5000   22.5000   -7.5000 2732.7385   14.6580
    0.0000   22.5000   -7.5000 2736.7017   14.6242
    7.5000   22.5000   -7.5000 2704.1631   14.8367
   -7.5000   30.0000   -7.5000 2633.5227   15.6680
    0.0000   30.0000   -7.5000 2637.7910   15.6248
    7.5000   30.0000   -7.5000 2606.4199   15.8882
   -7.5000   37.5000   -7.5000 2511.8933   17.1587
    0.0000   37.5000   -7.5000 2516.3665   17.1231
    7.5000   37.5000   -7.5000 2485.2126   17.3868
   -7.5000   45.0000   -7.5000 2371.7756   19.1821
    0.0000   45.0000   -7.5000 2376.9636   19.1343
    7.5000   45.0000   -7.5000 2347.8425   19.4061
   -7.5000  -45.0000    0.0000 2523.4458   16.7797
    0.0000  -45.0000    0.0000 2523.0562   16.8095
    7.5000  -45.0000    0.0000 2493.1499   17.0802
   -7.5000  -37.5000    0.0000 2633.7009   15.2077
    0.0000  -37.5000    0.0000 2633.5669   15.1870
    7.5000  -37.5000    0.0000 2607.4360   15.4535
   -7.5000  -30.0000    0.0000 2732.3452   14.0153
    0.0000  -30.0000    0.0000 2732.1125   13.9879
    7.5000  -30.0000    0.0000 2700.3845   14.2141
   -7.5000  -22.5000    0.0000 2819.1191   13.1622
    0.0000  -22.5000    0.0000 2822.8757   13.1300
    7.5000  -22.5000    0.0000 2788.0522   13.3444
   -7.5000  -15.0000    0.0000 2873.0586   12.7035
    0.0000  -15.0000    0.0000 2881.5171   12.6599
    7.5000  -15.0000    0.0000 2841.2109   12.8455
   -7.5000   -7.5000    0.0000 2906.7908   12.5177
    0.0000   -7.5000    0.0000 2916.1423   12.4485
    7.5000   -7.5000    0.0000 2874.7185   12.6537
   -7.5000    0.0000    0.0000 2920.4648   12.5553
    0.0000    0.0000    0.0000 2924.5234   12.4911
    7.5000    0.0000    0.0000 2884.7900   12.7493
   -7.5000    7.5000    0.0000 2905.6477   12.9159
    0.0000    7.5000    0.0000 2912.9380   12.8287
    7.5000    7.5000    0.0000 2871.0002   13.0886
   -7.5000   15.0000    0.0000 2857.4492   13.4473
    0.0000   15.0000    0.0000 2865.5503   13.3496
    7.5000   15.0000    0.0000 2828.3765   13.6107
   -7.5000   22.5000    0.0000 2787.2002   14.1401
    0.0000   22.5000    0.0000 2792.1169   14.0579
    7.5000   22.5000    0.0000 2757.4612   14.3371
   -7.5000   30.0000    0.0000 2681.4153   15.1290
    0.0000   30.0000    0.0000 2686.3535   15.0416
    7.5000   30.0000    0.0000 2656.2332   15.3777
   -7.5000   37.5000    0.0000 2558.0266   16.5762
    0.0000   37.5000    0.0000 2562.8491   16.5153
    7.5000   37.5000    0.0000 2528.8206   16.8756
   -7.5000   45.0000    0.0000 2413.9302   18.5204
    0.0000   45.0000    0.0000 2419.9163   18.4869
    7.5000   45.0000    0.0000 2383.4514   18.7971
   -7.5000  -45.0000    7.5000 2510.7339   16.4741
    0.0000  -45.0000    7.5000 2511.5752   16.4322
    7.5000  -45.0000    7.5000 2484.3411   16.7961
   -7.5000  -37.5000    7.5000 2632.4011   14.9437
    0.0000  -37.5000    7.5000 2630.3135   14.8979
    7.5000  -37.5000    7.5000 2600.3796   15.2172
   -7.5000  -30.0000    7.5000 2732.1877   13.7662
    0.0000  -30.0000    7.5000 2732.9128   13.7068
    7.5000  -30.0000    7.5000 2706.3230   13.9813
   -7.5000  -22.5000    7.5000 2829.7280   12.9064
    0.0000  -22.5000    7.5000 2836.1118   12.8565
    7.5000  -22.5000    7.5000 2806.5881   13.1019
   -7.5000  -15.0000    7.5000 2900.2332   12.4557
    0.0000  -15.0000    7.5000 2912.8423   12.3584
    7.5000  -15.0000    7.5000 2873.2935   12.5974
   -7.5000   -7.5000    7.5000 2953.8521   12.2754
    0.0000   -7.5000    7.5000 2966.8291   12.1534
    7.5000   -7.5000    7.5000 2918.8594   12.4298
   -7.5000    0.0000    7.5000 2964.9045   12.3561
    0.0000    0.0000    7.5000 2974.7666   12.2155
    7.5000    0.0000    7.5000 2927.4185   12.5578
   -7.5000    7.5000    7.5000 2944.0522   12.6326
    0.0000    7.5000    7.5000 2955.3804   12.4662
    7.5000    7.5000    7.5000 2905.7197   12.8113
   -7.5000   15.0000    7.5000 2892.3633   13.1308
    0.0000   15.0000    7.5000 2902.3599   12.9841
    7.5000   15.0000    7.5000 2859.0366   13.2678
   -7.5000   22.5000    7.5000 2814.7422   13.8166
    0.0000   22.5000    7.5000 2827.7483   13.7024
    7.5000   22.5000    7.5000 2787.1865   13.9876
   -7.5000   30.0000    7.5000 2707.8967   14.8521
    0.0000   30.0000    7.5000 2714.4001   14.7550
    7.5000   30.0000    7.5000 2681.7087   15.0272
   -7.5000   37.5000    7.5000 2581.8789   16.2562
    0.0000   37.5000    7.5000 2587.5181   16.2102
    7.5000   37.5000    7.5000 2559.5847   16.4954
   -7.5000   45.0000    7.5000 2438.2058   18.1655
    0.0000   45.0000    7.5000 2443.1436   18.1281
    7.5000   45.0000    7.5000 2411.9001   18.3891
   -7.5000  -45.0000   15.0000 2485.7505   16.3864
    0.0000  -45.0000   15.0000 2487.1384   16.3291
    7.5000  -45.0000   15.0000 2463.5483   16.7820
   -7.5000  -37.5000   15.0000 2610.2578   14.8526
    0.0000  -37.5000   15.0000 2609.0308   14.7610
    7.5000  -37.5000   15.0000 2586.5146   15.1949
   -7.5000  -30.0000   15.0000 2715.4072   13.6529
    0.0000  -30.0000   15.0000 2717.9697   13.5587
    7.5000  -30.0000   15.0000 2695.1536   13.9548
   -7.5000  -22.5000   15.0000 2821.5017   12.8653
    0.0000  -22.5000   15.0000 2826.6301   12.7586
    7.5000  -22.5000   15.0000 2798.2419   13.1161
   -7.5000  -15.0000   15.0000 2909.0400   12.4696
    0.0000  -15.0000   15.0000 2922.1470   12.3636
    7.5000  -15.0000   15.0000 2883.2319   12.6091
   -7.5000   -7.5000   15.0000 2972.2288   12.3647
    0.0000   -7.5000   15.0000 2995.0598   12.2622
    7.5000   -7.5000   15.0000 2933.8884   12.4376
   -7.5000    0.0000   15.0000 2984.8755   12.3623
    0.0000    0.0000   15.0000 3003.4736   12.2618
    7.5000    0.0000   15.0000 2939.8643   12.4476
   -7.5000    7.5000   15.0000 2953.9587   12.5018
    0.0000    7.5000   15.0000 2969.5674   12.3453
    7.5000    7.5000   15.0000 2914.6814   12.6505
   -7.5000   15.0000   15.0000 2899.3184   12.9208
    0.0000   15.0000   15.0000 2910.3596   12.7557
    7.5000   15.0000   15.0000 2863.8965   13.0823
   -7.5000   22.5000   15.0000 2817.4087   13.6676
    0.0000   22.5000   15.0000 2827.8345   13.5382
    7.5000   22.5000   15.0000 2791.4978   13.8044
   -7.5000   30.0000   15.0000 2708.2151   14.7244
    0.0000   30.0000   15.0000 2713.7234   14.6264
    7.5000   30.0000   15.0000 2685.0798   14.8545
   -7.5000   37.5000   15.0000 2579.4519   16.1442
    0.0000   37.5000   15.0000 2587.2043   16.0801
    7.5000   37.5000   15.0000 2557.1045   16.3060
   -7.5000   45.0000   15.0000 2440.6780   18.0298
    0.0000   45.0000   15.0000 2448.3464   18.0100
    7.5000   45.0000   15.0000 2414.7070   18.2115
   -7.5000  -45.0000   22.5000 2445.7246   16.6379
    0.0000  -45.0000   22.5000 2447.5823   16.5425
    7.5000  -45.0000   22.5000 2427.5688   17.0900
   -7.5000  -37.5000   22.5000 2568.1682   15.0717
    0.0000  -37.5000   22.5000 2568.4675   14.9909
    7.5000  -37.5000   22.5000 2550.8044   15.4939
   -7.5000  -30.0000   22.5000 2683.3127   13.8903
    0.0000  -30.0000   22.5000 2685.6931   13.8352
    7.5000  -30.0000   22.5000 2664.0696   14.2631
   -7.5000  -22.5000   22.5000 2792.6311   13.1124
    0.0000  -22.5000   22.5000 2800.2546   13.0443
    7.5000  -22.5000   22.5000 2771.3174   13.3929
   -7.5000  -15.0000   22.5000 2892.0874   12.6238
    0.0000  -15.0000   22.5000 2906.8354   12.5531
    7.5000  -15.0000   22.5000 2864.6895   12.7905
   -7.5000   -7.5000   22.5000 2958.0149   12.4635
    0.0000   -7.5000   22.5000 2979.2205   12.3633
    7.5000   -7.5000   22.5000 2919.1414   12.5161
   -7.5000    0.0000   22.5000 2976.4263   12.3381
    0.0000    0.0000   22.5000 2994.3472   12.2479
    7.5000    0.0000   22.5000 2934.3228   12.4603
   -7.5000    7.5000   22.5000 2947.2681   12.4776
    0.0000    7.5000   22.5000 2960.8010   12.3671
    7.5000    7.5000   22.5000 2905.8467   12.6879
   -7.5000   15.0000   22.5000 2886.7966   12.9614
    0.0000   15.0000   22.5000 2899.1245   12.9006
    7.5000   15.0000   22.5000 2850.6902   13.1516
   -7.5000   22.5000   22.5000 2808.1497   13.7626
    0.0000   22.5000   22.5000 2814.1584   13.6959
    7.5000   22.5000   22.5000 2777.0940   13.9147
   -7.5000   30.0000   22.5000 2687.0381   14.8553
    0.0000   30.0000   22.5000 2693.4456   14.7758
    7.5000   30.0000   22.5000 2667.0168   14.9780
   -7.5000   37.5000   22.5000 2559.3130   16.2717
    0.0000   37.5000   22.5000 2565.8359   16.1971
    7.5000   37.5000   22.5000 2541.8865   16.3890
   -7.5000   45.0000   22.5000 2425.3770   18.1207
    0.0000   45.0000   22.5000 2431.7231   18.0655
    7.5000   45.0000   22.5000 2402.4514   18.2637
   -7.5000  -45.0000   30.0000 2403.4358   17.2101
    0.0000  -45.0000   30.0000 2404.4714   17.1546
    7.5000  -45.0000   30.0000 2383.3625   17.6981
   -7.5000  -37.5000   30.0000 2524.6392   15.5957
    0.0000  -37.5000   30.0000 2525.5640   15.5396
    7.5000  -37.5000   30.0000 2505.0322   16.0192
   -7.5000  -30.0000   30.0000 2636.8293   14.3775
    0.0000  -30.0000   30.0000 2645.2756   14.3343
    7.5000  -30.0000   30.0000 2618.7729   14.7385
   -7.5000  -22.5000   30.0000 2748.9177   13.4962
    0.0000  -22.5000   30.0000 2761.0732   13.3944
    7.5000  -22.5000   30.0000 2727.5894   13.8015
   -7.5000  -15.0000   30.0000 2846.1658   12.9549
    0.0000  -15.0000   30.0000 2860.8850   12.8570
    7.5000  -15.0000   30.0000 2814.6001   13.1742
   -7.5000   -7.5000   30.0000 2908.5383   12.6988
    0.0000   -7.5000   30.0000 2924.7500   12.5966
    7.5000   -7.5000   30.0000 2873.5466   12.8561
   -7.5000    0.0000   30.0000 2939.1489   12.5357
    0.0000    0.0000   30.0000 2949.5935   12.4203
    7.5000    0.0000   30.0000 2894.9534   12.7726
   -7.5000    7.5000   30.0000 2917.0139   12.7574
    0.0000    7.5000   30.0000 2927.4443   12.6299
    7.5000    7.5000   30.0000 2873.2424   12.9686
   -7.5000   15.0000   30.0000 2853.9131   13.3065
    0.0000   15.0000   30.0000 2863.7439   13.1999
    7.5000   15.0000   30.0000 2814.7737   13.4588
   -7.5000   22.5000   30.0000 2771.1821   14.1054
    0.0000   22.5000   30.0000 2779.4407   14.0144
    7.5000   22.5000   30.0000 2736.0110   14.2404
   -7.5000   30.0000   30.0000 2653.5767   15.2183
    0.0000   30.0000   30.0000 2658.2166   15.1745
    7.5000   30.0000   30.0000 2629.6589   15.3654
   -7.5000   37.5000   30.0000 2522.5378   16.6650
    0.0000   37.5000   30.0000 2529.1541   16.6114
    7.5000   37.5000   30.0000 2503.7878   16.8015
   -7.5000   45.0000   30.0000 2385.9866   18.4615
    0.0000   45.0000   30.0000 2392.6277   18.3978
    7.5000   45.0000   30.0000 2366.2290   18.6016
   -7.5000  -45.0000   37.5000 2359.4023   18.0397
    0.0000  -45.0000   37.5000 2362.8757   18.0318
    7.5000  -45.0000   37.5000 2335.1140   18.5490
   -7.5000  -37.5000   37.5000 2477.6724   16.3408
    0.0000  -37.5000   37.5000 2482.4768   16.2674
    7.5000  -37.5000   37.5000 2457.4744   16.7696
   -7.5000  -30.0000   37.5000 2588.7727   15.0234
    0.0000  -30.0000   37.5000 2595.1865   14.9523
    7.5000  -30.0000   37.5000 2566.4854   15.4266
   -7.5000  -22.5000   37.5000 2690.8450   14.0387
    0.0000  -22.5000   37.5000 2701.5093   13.9780
    7.5000  -22.5000   37.5000 2673.0437   14.4141
   -7.5000  -15.0000   37.5000 2789.4797   13.4920
    0.0000  -15.0000   37.5000 2794.9358   13.4016
    7.5000  -15.0000   37.5000 2760.3806   13.7633
   -7.5000   -7.5000   37.5000 2849.9771   13.1693
    0.0000   -7.5000   37.5000 2859.7949   13.0572
    7.5000   -7.5000   37.5000 2816.5466   13.4053
   -7.5000    0.0000   37.5000 2878.0015   13.0153
    0.0000    0.0000   37.5000 2878.0000   12.9118
    7.5000    0.0000   37.5000 2833.5754   13.3004
   -7.5000    7.5000   37.5000 2853.3064   13.2915
    0.0000    7.5000   37.5000 2856.7581   13.1739
    7.5000    7.5000   37.5000 2814.2007   13.5144
   -7.5000   15.0000   37.5000 2787.9729   13.8456
    0.0000   15.0000   37.5000 2796.6257   13.7316
    7.5000   15.0000   37.5000 2755.2734   13.9914
   -7.5000   22.5000   37.5000 2709.8882   14.5896
    0.0000   22.5000   37.5000 2715.9070   14.4850
    7.5000   22.5000   37.5000 2679.3757   14.7308
   -7.5000   30.0000   37.5000 2608.8188   15.6594
    0.0000   30.0000   37.5000 2614.2522   15.5916
    7.5000   30.0000   37.5000 2578.8345   15.8302
   -7.5000   37.5000   37.5000 2477.9160   17.1802
    0.0000   37.5000   37.5000 2484.3093   17.1228
    7.5000   37.5000   37.5000 2456.1956   17.3521
   -7.5000   45.0000   37.5000 2337.7778   19.0011
    0.0000   45.0000   37.5000 2342.4819   18.9295
    7.5000   45.0000   37.5000 2320.4524   19.1505
   -7.5000  -45.0000   45.0000 2305.3091   19.0379
    0.0000  -45.0000   45.0000 2310.5015   19.0349
    7.5000  -45.0000   45.0000 2284.9946   19.5672
   -7.5000  -37.5000   45.0000 2421.9746   17.2194
    0.0000  -37.5000   45.0000 2429.7058   17.1897
    7.5000  -37.5000   45.0000 2401.3860   17.6988
   -7.5000  -30.0000   45.0000 2526.8015   15.8323
    0.0000  -30.0000   45.0000 2537.3262   15.7885
    7.5000  -30.0000   45.0000 2506.3171   16.2775
   -7.5000  -22.5000   45.0000 2628.1411   14.8308
    0.0000  -22.5000   45.0000 2638.3511   14.7790
    7.5000  -22.5000   45.0000 2606.4512   15.2334
   -7.5000  -15.0000   45.0000 2712.6125   14.1937
    0.0000  -15.0000   45.0000 2720.8059   14.1216
    7.5000  -15.0000   45.0000 2685.4143   14.5366
   -7.5000   -7.5000   45.0000 2769.4905   13.8181
    0.0000   -7.5000   45.0000 2776.4004   13.7192
    7.5000   -7.5000   45.0000 2735.9319   14.0958
   -7.5000    0.0000   45.0000 2786.8271   13.7092
    0.0000    0.0000   45.0000 2787.4370   13.6341
    7.5000    0.0000   45.0000 2750.9080   14.0039
   -7.5000    7.5000   45.0000 2761.3242   14.0188
    0.0000    7.5000   45.0000 2764.2195   13.9145
    7.5000    7.5000   45.0000 2731.5510   14.2489
   -7.5000   15.0000   45.0000 2706.3262   14.5461
    0.0000   15.0000   45.0000 2713.8225   14.4287
    7.5000   15.0000   45.0000 2677.4648   14.7006
   -7.5000   22.5000   45.0000 2632.1025   15.2531
    0.0000   22.5000   45.0000 2640.0803   15.1716
    7.5000   22.5000   45.0000 2606.0891   15.4098
   -7.5000   30.0000   45.0000 2540.2178   16.3148
    0.0000   30.0000   45.0000 2545.0215   16.2476
    7.5000   30.0000   45.0000 2510.7874   16.5062
   -7.5000   37.5000   45.0000 2421.8381   17.7644
    0.0000   37.5000   45.0000 2429.2290   17.7545
    7.5000   37.5000   45.0000 2401.0591   17.9962
   -7.5000   45.0000   45.0000 2282.8972   19.6272
    0.0000   45.0000   45.0000 2289.7983   19.6076
    7.5000   45.0000   45.0000 2266.0557   19.8647

---------------------------------------------------------------------
imgreg_4dfp /opt/freesurfer/average/711-2C_as_mni_average_305 /opt/freesurfer/average/711-2B_as_mni_average_305_mask talsrcimg_g11 none talsrcimg_to_711-2C_as_mni_average_305_t4 1283
---------------------------------------------------------------------

freesurfer imgreg_4dfp.c
/opt/freesurfer/average/711-2C_as_mni_average_305.4dfp.img
       256       256       256         1
  1.000000  1.000000  1.000000
orientation T byte_order littleendian
Reading image: /opt/freesurfer/average/711-2C_as_mni_average_305.4dfp.img
dimensions:      256       256       256
mmppix:       1.0000   -1.0000   -1.0000
center:     128.0000 -129.0000 -129.0000
/opt/freesurfer/average/711-2B_as_mni_average_305_mask.4dfp.img
       256       256       256         1
  1.000000  1.000000  1.000000
orientation T byte_order littleendian
Reading mask: /opt/freesurfer/average/711-2B_as_mni_average_305_mask.4dfp.img (2306576 pixels)
talsrcimg_g11.4dfp.img
       256       256       256         1
  1.000000  1.000000  1.000000
orientation T byte_order littleendian
Reading image: talsrcimg_g11.4dfp.img
dimensions:      256       256       256
mmppix:       1.0000   -1.0000   -1.0000
center:     128.0000 -129.0000 -129.0000
rotation matrix determinant  1.000000
fimgreg.f
image alignment mode   1283 decimal      503 hex
parameters
    0.0000    0.0000   15.0000    0.0000    0.0000    0.0000
eta,q 0.94288 12.33239
niter,ni,del,rscale     5    3   12.0000    1.2000
parameter  3 -0.642790 -> -0.500000 qaram    1.1500
parameter  4  2.325582 ->  0.500000 qaram    1.1500
parameters
   -2.1769   -0.6226   18.4500   -3.4500    0.5101    1.1717
eta,q 0.95157 12.25671
  0.0613  0.0622  0.0661  0.0458  0.0536  0.0539
  0.0568  0.0596  0.0632  0.0478  0.0503  0.0511
  0.0563  0.0568  0.0587  0.0507  0.0490  0.0493
  0.0576  0.0560  0.0558  0.0536  0.0485  0.0485
  0.0616  0.0573  0.0545  0.0582  0.0490  0.0486
  0.0694  0.0607  0.0539  0.0634  0.0498  0.0493
  0.0770  0.0668  0.0551  0.0669  0.0518  0.0507
niter,ni,del,rscale     6    3   12.0000    1.2000
parameter  4  1.155210 ->  0.500000 qaram    1.3225
parameters
   -2.2678   -0.5277   18.4721   -7.4175    0.4394    0.8014
eta,q 0.95552 12.29575
  0.0620  0.0598  0.0551  0.0430  0.0489  0.0474
  0.0541  0.0533  0.0512  0.0439  0.0461  0.0457
  0.0492  0.0496  0.0492  0.0457  0.0450  0.0449
  0.0484  0.0484  0.0484  0.0484  0.0444  0.0444
  0.0501  0.0496  0.0496  0.0520  0.0449  0.0446
  0.0546  0.0534  0.0509  0.0560  0.0462  0.0458
  0.0627  0.0587  0.0550  0.0619  0.0492  0.0489
niter,ni,del,rscale     6    3   12.0000    1.2000
parameter  4  0.623046 ->  0.500000 qaram    1.5209
parameters
   -2.6668   -0.6019   17.0350  -11.9801    0.8475    0.7972
eta,q 0.95846 12.25228
  0.0569  0.0535  0.0495  0.0430  0.0458  0.0456
  0.0490  0.0477  0.0464  0.0414  0.0422  0.0435
  0.0443  0.0447  0.0446  0.0424  0.0415  0.0420
  0.0445  0.0442  0.0441  0.0442  0.0416  0.0415
  0.0472  0.0458  0.0466  0.0466  0.0415  0.0419
  0.0519  0.0490  0.0512  0.0509  0.0417  0.0432
  0.0597  0.0530  0.0571  0.0554  0.0445  0.0458
niter,ni,del,rscale     6    3   12.0000    1.2000
parameters
   -2.6635    1.4399   15.4823  -15.2279    1.0062    0.5745
eta,q 0.96272 12.33649
  0.0549  0.0572  0.0466  0.0435  0.0430  0.0424
  0.0474  0.0494  0.0425  0.0387  0.0400  0.0398
  0.0424  0.0440  0.0405  0.0374  0.0384  0.0378
  0.0415  0.0415  0.0403  0.0401  0.0373  0.0373
  0.0421  0.0403  0.0435  0.0442  0.0374  0.0380
  0.0464  0.0408  0.0493  0.0484  0.0392  0.0399
  0.0556  0.0442  0.0564  0.0530  0.0429  0.0436
niter,ni,del,rscale     5    3   12.0000    1.2000
parameters
   -2.8214    3.1954   14.6253  -17.2679    0.9968    0.4384
eta,q 0.96549 12.36773
  0.0526  0.0549  0.0466  0.0441  0.0428  0.0397
  0.0442  0.0466  0.0409  0.0372  0.0379  0.0369
  0.0381  0.0401  0.0377  0.0342  0.0354  0.0351
  0.0373  0.0372  0.0367  0.0366  0.0345  0.0345
  0.0388  0.0367  0.0403  0.0412  0.0349  0.0349
  0.0447  0.0379  0.0457  0.0460  0.0380  0.0369
  0.0549  0.0417  0.0518  0.0518  0.0430  0.0406
niter,ni,del,rscale     4    3   12.0000    1.2000
parameters
   -2.8362    3.8551   13.9288  -17.9916    0.9222    0.6130
eta,q 0.96655 12.36514
  0.0524  0.0499  0.0466  0.0471  0.0420  0.0398
  0.0429  0.0422  0.0395  0.0401  0.0368  0.0367
  0.0355  0.0372  0.0350  0.0340  0.0342  0.0345
  0.0345  0.0345  0.0341  0.0339  0.0335  0.0335
  0.0361  0.0345  0.0379  0.0389  0.0339  0.0338
  0.0422  0.0386  0.0446  0.0445  0.0372  0.0358
  0.0530  0.0445  0.0513  0.0492  0.0425  0.0395
niter,ni,del,rscale     3    3   12.0000    1.2000
parameters
   -2.7608    4.0117   13.7060  -18.3084    0.8379    0.7195
eta,q 0.96670 12.36648
  0.0521  0.0478  0.0486  0.0480  0.0418  0.0397
  0.0424  0.0407  0.0405  0.0416  0.0365  0.0365
  0.0347  0.0359  0.0350  0.0346  0.0340  0.0344
  0.0334  0.0335  0.0334  0.0334  0.0333  0.0333
  0.0348  0.0349  0.0360  0.0379  0.0337  0.0337
  0.0410  0.0400  0.0427  0.0438  0.0370  0.0358
  0.0516  0.0464  0.0498  0.0485  0.0423  0.0397
niter,ni,del,rscale     2    3   12.0000    1.2000
parameters
   -2.7137    4.0941   13.6245  -18.4735    0.7863    0.7767
eta,q 0.96676 12.36737
  0.0518  0.0477  0.0492  0.0483  0.0418  0.0396
  0.0421  0.0406  0.0408  0.0423  0.0365  0.0364
  0.0345  0.0356  0.0349  0.0349  0.0339  0.0343
  0.0333  0.0333  0.0333  0.0333  0.0333  0.0333
  0.0347  0.0350  0.0355  0.0374  0.0336  0.0336
  0.0410  0.0403  0.0420  0.0436  0.0368  0.0358
  0.0515  0.0469  0.0493  0.0482  0.0422  0.0398
niter,ni,del,rscale     1    3   12.0000    1.2000
parameters
   -2.6902    4.1460   13.5891  -18.5628    0.7620    0.8065
eta,q 0.96678 12.36789
  0.0516  0.0477  0.0494  0.0485  0.0419  0.0395
  0.0418  0.0406  0.0409  0.0426  0.0365  0.0364
  0.0345  0.0355  0.0349  0.0350  0.0339  0.0342
  0.0332  0.0332  0.0332  0.0332  0.0332  0.0332
  0.0347  0.0351  0.0353  0.0371  0.0336  0.0336
  0.0411  0.0405  0.0418  0.0434  0.0367  0.0358
  0.0516  0.0471  0.0491  0.0481  0.0420  0.0399
registration optimization eta report
parameter search radius
    6.0000    6.0000    6.9000    9.1253    6.0000    6.0000
100000*second partial in parameter space
       52.       38.       34.       17.       25.       18.
  0.0516  0.0477  0.0494  0.0485  0.0419  0.0395
  0.0418  0.0406  0.0409  0.0426  0.0365  0.0364
  0.0345  0.0355  0.0349  0.0350  0.0339  0.0342
  0.0332  0.0332  0.0332  0.0332  0.0332  0.0332
  0.0347  0.0351  0.0353  0.0371  0.0336  0.0336
  0.0411  0.0405  0.0418  0.0434  0.0367  0.0358
  0.0516  0.0471  0.0491  0.0481  0.0420  0.0399
   -2.6902    4.1460   13.5891  -18.5628    0.7620    0.8065
eta,q 0.96678 12.36789

---------------------------------------------------------------------
imgreg_4dfp /opt/freesurfer/average/711-2C_as_mni_average_305 /opt/freesurfer/average/711-2B_as_mni_average_305_mask talsrcimg_g11 none talsrcimg_to_711-2C_as_mni_average_305_t4 3335
---------------------------------------------------------------------

freesurfer imgreg_4dfp.c
/opt/freesurfer/average/711-2C_as_mni_average_305.4dfp.img
       256       256       256         1
  1.000000  1.000000  1.000000
orientation T byte_order littleendian
Reading image: /opt/freesurfer/average/711-2C_as_mni_average_305.4dfp.img
dimensions:      256       256       256
mmppix:       1.0000   -1.0000   -1.0000
center:     128.0000 -129.0000 -129.0000
/opt/freesurfer/average/711-2B_as_mni_average_305_mask.4dfp.img
       256       256       256         1
  1.000000  1.000000  1.000000
orientation T byte_order littleendian
Reading mask: /opt/freesurfer/average/711-2B_as_mni_average_305_mask.4dfp.img (2306576 pixels)
talsrcimg_g11.4dfp.img
       256       256       256         1
  1.000000  1.000000  1.000000
orientation T byte_order littleendian
Reading image: talsrcimg_g11.4dfp.img
dimensions:      256       256       256
mmppix:       1.0000   -1.0000   -1.0000
center:     128.0000 -129.0000 -129.0000
fimgreg.f
image alignment mode   3335 decimal      D07 hex
parameters
   -2.6902    4.1460   13.5891   -0.0188   -5.2059   -5.2109
   -0.9111   -1.7087    1.4075   31.8135    1.3299  -31.8316
eta,q 0.96760 12.43994
niter,ni,del,rscale     5    3    5.0000    1.2000
parameter  4  1.710850 ->  0.500000 qaram    1.1500
parameter  5  1.515120 ->  0.500000 qaram    1.1500
parameters
   -2.6336    4.8917   13.5912   -4.1588   -9.3459   -8.0923
   -0.1209   -0.5763    1.9713   29.4892   -0.1325  -31.6303
eta,q 0.97634 12.07969
  0.0356  0.0360  0.0344  0.0264  0.0232  0.0250  0.0278  0.0305  0.0262  0.0249  0.0245  0.0252
  0.0340  0.0344  0.0332  0.0271  0.0240  0.0244  0.0260  0.0277  0.0251  0.0241  0.0239  0.0243
  0.0329  0.0332  0.0324  0.0290  0.0254  0.0242  0.0247  0.0255  0.0243  0.0237  0.0237  0.0238
  0.0324  0.0324  0.0321  0.0321  0.0275  0.0244  0.0242  0.0242  0.0239  0.0239  0.0237  0.0237
  0.0327  0.0321  0.0324  0.0357  0.0301  0.0257  0.0243  0.0241  0.0241  0.0248  0.0240  0.0238
  0.0337  0.0324  0.0332  0.0392  0.0330  0.0289  0.0251  0.0253  0.0246  0.0265  0.0247  0.0243
  0.0354  0.0333  0.0344  0.0429  0.0361  0.0330  0.0265  0.0278  0.0256  0.0290  0.0256  0.0250
niter,ni,del,rscale     6    3    5.0000    1.2000
parameter  4  0.512769 ->  0.500000 qaram    1.3225
parameter  5  0.636841 ->  0.500000 qaram    1.3225
parameters
   -2.5979    4.6336   13.6882   -8.9198  -14.1069   -8.4144
   -0.1837   -0.0936    1.8034   29.0538    0.3357  -33.3236
eta,q 0.97843 11.61376
  0.0277  0.0255  0.0254  0.0237  0.0222  0.0233  0.0246  0.0261  0.0237  0.0243  0.0226  0.0225
  0.0255  0.0243  0.0245  0.0231  0.0218  0.0224  0.0230  0.0239  0.0226  0.0227  0.0221  0.0218
  0.0241  0.0237  0.0239  0.0229  0.0221  0.0219  0.0221  0.0224  0.0219  0.0218  0.0218  0.0216
  0.0237  0.0237  0.0236  0.0236  0.0230  0.0218  0.0218  0.0218  0.0217  0.0217  0.0217  0.0217
  0.0241  0.0241  0.0237  0.0258  0.0247  0.0220  0.0221  0.0219  0.0220  0.0223  0.0217  0.0221
  0.0254  0.0251  0.0243  0.0292  0.0271  0.0224  0.0232  0.0231  0.0227  0.0234  0.0219  0.0228
  0.0275  0.0264  0.0252  0.0327  0.0301  0.0238  0.0246  0.0252  0.0239  0.0248  0.0224  0.0238
niter,ni,del,rscale     7    3    5.0000    1.2000
parameters
   -2.6510    4.8720   13.8887   -9.3983  -15.0903   -8.4842
   -0.0381   -0.1942    1.6214   29.2825    0.0474  -33.4582
eta,q 0.97841 11.53961
  0.0247  0.0247  0.0233  0.0249  0.0247  0.0234  0.0245  0.0254  0.0236  0.0249  0.0224  0.0231
  0.0230  0.0231  0.0224  0.0233  0.0230  0.0225  0.0230  0.0233  0.0225  0.0231  0.0219  0.0222
  0.0219  0.0221  0.0218  0.0222  0.0219  0.0218  0.0219  0.0221  0.0218  0.0220  0.0217  0.0217
  0.0216  0.0216  0.0215  0.0215  0.0216  0.0216  0.0216  0.0216  0.0216  0.0216  0.0216  0.0216
  0.0220  0.0217  0.0216  0.0215  0.0223  0.0218  0.0219  0.0220  0.0219  0.0220  0.0217  0.0218
  0.0232  0.0224  0.0220  0.0232  0.0240  0.0223  0.0229  0.0234  0.0226  0.0230  0.0220  0.0223
  0.0250  0.0237  0.0228  0.0265  0.0265  0.0236  0.0243  0.0257  0.0238  0.0244  0.0225  0.0232
niter,ni,del,rscale     6    3    5.0000    1.2000
parameters
   -2.6446    4.9421   13.9084   -9.3049  -15.1850   -8.3932
   -0.0362   -0.1783    1.6152   29.3799    0.0358  -33.4861
eta,q 0.97842 11.54813
  0.0248  0.0243  0.0231  0.0252  0.0253  0.0235  0.0244  0.0255  0.0237  0.0248  0.0224  0.0231
  0.0231  0.0229  0.0223  0.0235  0.0235  0.0225  0.0229  0.0234  0.0226  0.0230  0.0220  0.0222
  0.0220  0.0219  0.0218  0.0223  0.0222  0.0218  0.0219  0.0221  0.0218  0.0219  0.0217  0.0217
  0.0216  0.0216  0.0216  0.0216  0.0216  0.0216  0.0216  0.0216  0.0216  0.0216  0.0216  0.0216
  0.0220  0.0218  0.0217  0.0214  0.0220  0.0217  0.0219  0.0219  0.0218  0.0221  0.0217  0.0218
  0.0230  0.0227  0.0222  0.0227  0.0234  0.0222  0.0229  0.0233  0.0226  0.0231  0.0220  0.0223
  0.0248  0.0240  0.0231  0.0257  0.0257  0.0235  0.0244  0.0256  0.0237  0.0245  0.0225  0.0231
niter,ni,del,rscale     5    3    5.0000    1.2000
parameters
   -2.6440    4.9536   13.9162   -9.3061  -15.2010   -8.3678
   -0.0342   -0.1768    1.6217   29.3987    0.0388  -33.4854
eta,q 0.97842 11.54907
  0.0248  0.0242  0.0231  0.0251  0.0254  0.0234  0.0244  0.0255  0.0237  0.0247  0.0224  0.0231
  0.0230  0.0228  0.0223  0.0234  0.0235  0.0225  0.0229  0.0234  0.0226  0.0230  0.0220  0.0223
  0.0220  0.0219  0.0218  0.0223  0.0222  0.0218  0.0219  0.0221  0.0218  0.0219  0.0217  0.0217
  0.0216  0.0216  0.0216  0.0216  0.0216  0.0216  0.0216  0.0216  0.0216  0.0216  0.0216  0.0216
  0.0220  0.0219  0.0217  0.0214  0.0220  0.0217  0.0219  0.0219  0.0218  0.0221  0.0217  0.0218
  0.0230  0.0228  0.0222  0.0227  0.0233  0.0223  0.0229  0.0233  0.0226  0.0231  0.0220  0.0223
  0.0248  0.0241  0.0231  0.0259  0.0256  0.0236  0.0244  0.0256  0.0237  0.0245  0.0225  0.0231
registration optimization eta report
parameter search radius
    2.4000    2.4000    2.4000    9.5220    9.5220    7.2000
    7.2000    7.2000    7.2000    7.2000    7.2000    7.2000
100000*second partial in parameter space
       55.       45.       26.        4.        4.        4.
        5.        8.        4.        6.        2.        3.
  0.0248  0.0242  0.0231  0.0251  0.0254  0.0234  0.0244  0.0255  0.0237  0.0247  0.0224  0.0231
  0.0230  0.0228  0.0223  0.0234  0.0235  0.0225  0.0229  0.0234  0.0226  0.0230  0.0220  0.0223
  0.0220  0.0219  0.0218  0.0223  0.0222  0.0218  0.0219  0.0221  0.0218  0.0219  0.0217  0.0217
  0.0216  0.0216  0.0216  0.0216  0.0216  0.0216  0.0216  0.0216  0.0216  0.0216  0.0216  0.0216
  0.0220  0.0219  0.0217  0.0214  0.0220  0.0217  0.0219  0.0219  0.0218  0.0221  0.0217  0.0218
  0.0230  0.0228  0.0222  0.0227  0.0233  0.0223  0.0229  0.0233  0.0226  0.0231  0.0220  0.0223
  0.0248  0.0241  0.0231  0.0259  0.0256  0.0236  0.0244  0.0256  0.0237  0.0245  0.0225  0.0231
   -2.6440    4.9536   13.9162   -9.3061  -15.2010   -8.3678
   -0.0342   -0.1768    1.6217   29.3987    0.0388  -33.4854
eta,q 0.97842 11.54907

---------------------------------------------------------------------
imgreg_4dfp /opt/freesurfer/average/711-2C_as_mni_average_305 /opt/freesurfer/average/711-2B_as_mni_average_305_mask talsrcimg_g11 none talsrcimg_to_711-2C_as_mni_average_305_t4 2311
---------------------------------------------------------------------

freesurfer imgreg_4dfp.c
/opt/freesurfer/average/711-2C_as_mni_average_305.4dfp.img
       256       256       256         1
  1.000000  1.000000  1.000000
orientation T byte_order littleendian
Reading image: /opt/freesurfer/average/711-2C_as_mni_average_305.4dfp.img
dimensions:      256       256       256
mmppix:       1.0000   -1.0000   -1.0000
center:     128.0000 -129.0000 -129.0000
/opt/freesurfer/average/711-2B_as_mni_average_305_mask.4dfp.img
       256       256       256         1
  1.000000  1.000000  1.000000
orientation T byte_order littleendian
Reading mask: /opt/freesurfer/average/711-2B_as_mni_average_305_mask.4dfp.img (2306576 pixels)
talsrcimg_g11.4dfp.img
       256       256       256         1
  1.000000  1.000000  1.000000
orientation T byte_order littleendian
Reading image: talsrcimg_g11.4dfp.img
dimensions:      256       256       256
mmppix:       1.0000   -1.0000   -1.0000
center:     128.0000 -129.0000 -129.0000
fimgreg.f
image alignment mode   2311 decimal      907 hex
parameters
   -2.6440    4.9536   13.9162   -9.3061  -15.2010   -8.3678
   -0.0342   -0.1768    1.6217   29.3987    0.0388  -33.4854
eta,q 0.97842 11.54906
niter,ni,del,rscale     5    3    5.0000    0.8000
parameters
   -2.6482    4.9454   13.9534   -7.5322  -14.9927   -7.9211
   -0.0739   -0.1313    1.7312   29.4305    0.1608  -33.3295
eta,q 0.97863 11.67481
  0.0230  0.0228  0.0223  0.0228  0.0226  0.0223  0.0227  0.0233  0.0224  0.0229  0.0218  0.0221
  0.0222  0.0221  0.0219  0.0223  0.0220  0.0218  0.0220  0.0223  0.0219  0.0220  0.0216  0.0217
  0.0217  0.0217  0.0217  0.0219  0.0216  0.0215  0.0215  0.0216  0.0215  0.0215  0.0214  0.0214
  0.0216  0.0216  0.0216  0.0216  0.0214  0.0214  0.0214  0.0214  0.0214  0.0214  0.0214  0.0214
  0.0217  0.0217  0.0216  0.0214  0.0215  0.0214  0.0215  0.0215  0.0215  0.0216  0.0214  0.0214
  0.0223  0.0221  0.0218  0.0214  0.0218  0.0216  0.0220  0.0222  0.0218  0.0221  0.0215  0.0217
  0.0230  0.0228  0.0222  0.0218  0.0224  0.0220  0.0227  0.0233  0.0223  0.0228  0.0218  0.0220
niter,ni,del,rscale     4    3    5.0000    0.7000
parameters
   -2.6432    4.9303   13.9349   -7.7898  -14.9363   -7.9306
   -0.0920   -0.0810    1.7426   29.3420    0.2442  -33.3492
eta,q 0.97862 11.66221
  0.0226  0.0223  0.0219  0.0221  0.0223  0.0220  0.0224  0.0228  0.0221  0.0225  0.0217  0.0219
  0.0219  0.0218  0.0216  0.0218  0.0218  0.0217  0.0218  0.0221  0.0217  0.0218  0.0216  0.0216
  0.0215  0.0215  0.0214  0.0215  0.0215  0.0215  0.0215  0.0216  0.0215  0.0215  0.0214  0.0214
  0.0214  0.0214  0.0214  0.0214  0.0214  0.0214  0.0214  0.0214  0.0214  0.0214  0.0214  0.0214
  0.0215  0.0215  0.0214  0.0214  0.0215  0.0215  0.0215  0.0215  0.0215  0.0216  0.0214  0.0214
  0.0219  0.0218  0.0216  0.0217  0.0218  0.0217  0.0219  0.0220  0.0217  0.0220  0.0215  0.0216
  0.0226  0.0223  0.0219  0.0225  0.0223  0.0220  0.0224  0.0228  0.0221  0.0225  0.0217  0.0219
niter,ni,del,rscale     3    3    5.0000    0.6000
parameters
   -2.6457    4.9223   13.9487   -7.6045  -14.9243   -7.9640
   -0.0884   -0.0568    1.7480   29.2937    0.2267  -33.3318
eta,q 0.97864 11.66809
  0.0223  0.0221  0.0218  0.0220  0.0220  0.0218  0.0221  0.0224  0.0219  0.0222  0.0216  0.0218
  0.0218  0.0217  0.0216  0.0217  0.0217  0.0216  0.0217  0.0219  0.0216  0.0217  0.0215  0.0215
  0.0215  0.0214  0.0214  0.0215  0.0215  0.0214  0.0214  0.0215  0.0214  0.0214  0.0214  0.0214
  0.0214  0.0214  0.0214  0.0214  0.0214  0.0214  0.0214  0.0214  0.0214  0.0214  0.0214  0.0214
  0.0215  0.0215  0.0214  0.0214  0.0214  0.0214  0.0215  0.0214  0.0214  0.0215  0.0214  0.0214
  0.0218  0.0217  0.0215  0.0215  0.0217  0.0216  0.0217  0.0218  0.0216  0.0218  0.0215  0.0215
  0.0223  0.0221  0.0218  0.0220  0.0220  0.0218  0.0221  0.0225  0.0219  0.0222  0.0216  0.0217
niter,ni,del,rscale     2    3    5.0000    0.5000
parameters
   -2.6399    4.9165   13.9401   -7.4225  -14.9115   -7.9829
   -0.0874   -0.0139    1.7559   29.2605    0.2273  -33.3326
eta,q 0.97865 11.67533
  0.0220  0.0218  0.0216  0.0218  0.0218  0.0217  0.0219  0.0221  0.0217  0.0219  0.0215  0.0216
  0.0217  0.0216  0.0215  0.0216  0.0216  0.0215  0.0216  0.0217  0.0215  0.0216  0.0214  0.0215
  0.0214  0.0214  0.0214  0.0215  0.0214  0.0214  0.0214  0.0215  0.0214  0.0214  0.0214  0.0214
  0.0214  0.0214  0.0214  0.0214  0.0213  0.0213  0.0213  0.0213  0.0213  0.0213  0.0213  0.0213
  0.0214  0.0214  0.0214  0.0214  0.0214  0.0214  0.0214  0.0214  0.0214  0.0214  0.0214  0.0214
  0.0216  0.0216  0.0215  0.0215  0.0216  0.0215  0.0216  0.0217  0.0215  0.0216  0.0214  0.0215
  0.0220  0.0218  0.0216  0.0218  0.0218  0.0217  0.0219  0.0221  0.0217  0.0220  0.0215  0.0216
niter,ni,del,rscale     1    3    5.0000    0.4000
parameters
   -2.6341    4.9158   13.9323   -7.2835  -14.8976   -8.0015
   -0.0855    0.0212    1.7609   29.2348    0.2321  -33.3358
eta,q 0.97866 11.68090
  0.0218  0.0217  0.0215  0.0217  0.0216  0.0216  0.0217  0.0218  0.0216  0.0217  0.0215  0.0215
  0.0215  0.0215  0.0214  0.0215  0.0215  0.0214  0.0215  0.0216  0.0215  0.0215  0.0214  0.0214
  0.0214  0.0214  0.0214  0.0214  0.0214  0.0214  0.0214  0.0214  0.0214  0.0214  0.0214  0.0214
  0.0213  0.0213  0.0213  0.0213  0.0213  0.0213  0.0213  0.0213  0.0213  0.0213  0.0213  0.0213
  0.0214  0.0214  0.0214  0.0214  0.0214  0.0214  0.0214  0.0214  0.0214  0.0214  0.0214  0.0214
  0.0215  0.0215  0.0214  0.0214  0.0215  0.0214  0.0215  0.0215  0.0215  0.0215  0.0214  0.0214
  0.0218  0.0217  0.0215  0.0216  0.0216  0.0216  0.0217  0.0218  0.0216  0.0217  0.0215  0.0215
registration optimization eta report
parameter search radius
    0.8000    0.8000    0.8000    2.4000    2.4000    2.4000
    2.4000    2.4000    2.4000    2.4000    2.4000    2.4000
100000*second partial in parameter space
       64.       48.       27.        5.        5.        4.
        6.        9.        4.        7.        2.        3.
  0.0218  0.0217  0.0215  0.0217  0.0216  0.0216  0.0217  0.0218  0.0216  0.0217  0.0215  0.0215
  0.0215  0.0215  0.0214  0.0215  0.0215  0.0214  0.0215  0.0216  0.0215  0.0215  0.0214  0.0214
  0.0214  0.0214  0.0214  0.0214  0.0214  0.0214  0.0214  0.0214  0.0214  0.0214  0.0214  0.0214
  0.0213  0.0213  0.0213  0.0213  0.0213  0.0213  0.0213  0.0213  0.0213  0.0213  0.0213  0.0213
  0.0214  0.0214  0.0214  0.0214  0.0214  0.0214  0.0214  0.0214  0.0214  0.0214  0.0214  0.0214
  0.0215  0.0215  0.0214  0.0214  0.0215  0.0214  0.0215  0.0215  0.0215  0.0215  0.0214  0.0214
  0.0218  0.0217  0.0215  0.0216  0.0216  0.0216  0.0217  0.0218  0.0216  0.0217  0.0215  0.0215
   -2.6341    4.9158   13.9323   -7.2835  -14.8976   -8.0015
   -0.0855    0.0212    1.7609   29.2348    0.2321  -33.3358
eta,q 0.97866 11.68090

---------------------------------------------------------------------
imgreg_4dfp /opt/freesurfer/average/711-2C_as_mni_average_305 /opt/freesurfer/average/711-2B_as_mni_average_305_mask talsrcimg_g11 none talsrcimg_to_711-2C_as_mni_average_305_t4 2311
---------------------------------------------------------------------

freesurfer imgreg_4dfp.c
/opt/freesurfer/average/711-2C_as_mni_average_305.4dfp.img
       256       256       256         1
  1.000000  1.000000  1.000000
orientation T byte_order littleendian
Reading image: /opt/freesurfer/average/711-2C_as_mni_average_305.4dfp.img
dimensions:      256       256       256
mmppix:       1.0000   -1.0000   -1.0000
center:     128.0000 -129.0000 -129.0000
/opt/freesurfer/average/711-2B_as_mni_average_305_mask.4dfp.img
       256       256       256         1
  1.000000  1.000000  1.000000
orientation T byte_order littleendian
Reading mask: /opt/freesurfer/average/711-2B_as_mni_average_305_mask.4dfp.img (2306576 pixels)
talsrcimg_g11.4dfp.img
       256       256       256         1
  1.000000  1.000000  1.000000
orientation T byte_order littleendian
Reading image: talsrcimg_g11.4dfp.img
dimensions:      256       256       256
mmppix:       1.0000   -1.0000   -1.0000
center:     128.0000 -129.0000 -129.0000
fimgreg.f
image alignment mode   2311 decimal      907 hex
parameters
   -2.6341    4.9158   13.9323   -7.2835  -14.8976   -8.0015
   -0.0855    0.0212    1.7609   29.2348    0.2321  -33.3358
eta,q 0.97866 11.68090
niter,ni,del,rscale     5    3    5.0000    0.8000
parameters
   -2.6297    4.9133   13.9048   -7.9598  -14.9391   -8.0746
   -0.0655   -0.1144    1.7168   29.3318    0.2144  -33.3779
eta,q 0.97861 11.64692
  0.0230  0.0225  0.0220  0.0222  0.0225  0.0222  0.0228  0.0231  0.0224  0.0229  0.0218  0.0221
  0.0221  0.0219  0.0216  0.0218  0.0219  0.0217  0.0220  0.0222  0.0218  0.0221  0.0216  0.0217
  0.0215  0.0215  0.0214  0.0215  0.0215  0.0215  0.0215  0.0216  0.0215  0.0216  0.0214  0.0215
  0.0213  0.0213  0.0213  0.0213  0.0214  0.0214  0.0214  0.0214  0.0214  0.0214  0.0214  0.0214
  0.0215  0.0215  0.0214  0.0215  0.0215  0.0215  0.0215  0.0216  0.0215  0.0216  0.0214  0.0215
  0.0221  0.0219  0.0217  0.0220  0.0219  0.0218  0.0220  0.0223  0.0219  0.0221  0.0216  0.0217
  0.0229  0.0226  0.0221  0.0232  0.0226  0.0223  0.0227  0.0234  0.0224  0.0228  0.0218  0.0221
niter,ni,del,rscale     4    3    5.0000    0.7000
parameters
   -2.6436    4.9222   13.9329   -7.7883  -14.9354   -7.9695
   -0.0842   -0.0845    1.7364   29.3334    0.2451  -33.3543
eta,q 0.97863 11.66011
  0.0226  0.0223  0.0219  0.0222  0.0223  0.0220  0.0224  0.0228  0.0222  0.0225  0.0217  0.0219
  0.0219  0.0218  0.0216  0.0218  0.0218  0.0217  0.0218  0.0221  0.0217  0.0219  0.0215  0.0216
  0.0215  0.0215  0.0215  0.0216  0.0215  0.0215  0.0215  0.0216  0.0215  0.0215  0.0214  0.0214
  0.0214  0.0214  0.0214  0.0214  0.0214  0.0214  0.0214  0.0214  0.0214  0.0214  0.0214  0.0214
  0.0215  0.0215  0.0214  0.0214  0.0215  0.0214  0.0215  0.0215  0.0215  0.0215  0.0214  0.0214
  0.0219  0.0218  0.0216  0.0216  0.0218  0.0216  0.0219  0.0220  0.0217  0.0219  0.0215  0.0216
  0.0226  0.0223  0.0219  0.0222  0.0223  0.0220  0.0224  0.0228  0.0221  0.0225  0.0217  0.0219
niter,ni,del,rscale     3    3    5.0000    0.6000
parameters
   -2.6457    4.9221   13.9451   -7.6061  -14.9270   -7.9595
   -0.0933   -0.0542    1.7483   29.2913    0.2306  -33.3382
eta,q 0.97864 11.66812
  0.0223  0.0221  0.0218  0.0220  0.0220  0.0218  0.0221  0.0224  0.0219  0.0222  0.0216  0.0218
  0.0218  0.0217  0.0216  0.0217  0.0217  0.0216  0.0217  0.0219  0.0216  0.0217  0.0215  0.0215
  0.0215  0.0214  0.0214  0.0215  0.0215  0.0214  0.0214  0.0215  0.0214  0.0214  0.0214  0.0214
  0.0214  0.0214  0.0214  0.0214  0.0214  0.0214  0.0214  0.0214  0.0214  0.0214  0.0214  0.0214
  0.0215  0.0215  0.0214  0.0214  0.0214  0.0214  0.0215  0.0214  0.0214  0.0215  0.0214  0.0214
  0.0218  0.0217  0.0215  0.0215  0.0217  0.0216  0.0217  0.0218  0.0216  0.0218  0.0215  0.0215
  0.0223  0.0221  0.0218  0.0220  0.0220  0.0218  0.0221  0.0225  0.0219  0.0222  0.0216  0.0217
niter,ni,del,rscale     2    3    5.0000    0.5000
parameters
   -2.6393    4.9188   13.9409   -7.4267  -14.9194   -7.9892
   -0.0824   -0.0100    1.7571   29.2602    0.2305  -33.3390
eta,q 0.97865 11.67445
  0.0220  0.0218  0.0216  0.0218  0.0218  0.0217  0.0219  0.0221  0.0217  0.0219  0.0215  0.0216
  0.0217  0.0216  0.0215  0.0216  0.0216  0.0215  0.0216  0.0217  0.0215  0.0216  0.0214  0.0215
  0.0214  0.0214  0.0214  0.0215  0.0214  0.0214  0.0214  0.0215  0.0214  0.0214  0.0214  0.0214
  0.0214  0.0214  0.0214  0.0214  0.0214  0.0214  0.0213  0.0214  0.0214  0.0213  0.0213  0.0213
  0.0214  0.0214  0.0214  0.0214  0.0214  0.0214  0.0214  0.0214  0.0214  0.0214  0.0214  0.0214
  0.0216  0.0216  0.0215  0.0215  0.0216  0.0215  0.0216  0.0217  0.0215  0.0216  0.0214  0.0215
  0.0220  0.0218  0.0216  0.0218  0.0218  0.0217  0.0219  0.0221  0.0217  0.0220  0.0215  0.0216
niter,ni,del,rscale     1    3    5.0000    0.4000
parameters
   -2.6353    4.9160   13.9330   -7.2869  -14.8898   -8.0036
   -0.0833    0.0191    1.7545   29.2327    0.2321  -33.3349
eta,q 0.97866 11.68101
  0.0218  0.0217  0.0215  0.0216  0.0217  0.0216  0.0217  0.0218  0.0216  0.0217  0.0215  0.0215
  0.0215  0.0215  0.0214  0.0215  0.0215  0.0214  0.0215  0.0216  0.0215  0.0215  0.0214  0.0214
  0.0214  0.0214  0.0214  0.0214  0.0214  0.0214  0.0214  0.0214  0.0214  0.0214  0.0214  0.0214
  0.0213  0.0213  0.0214  0.0213  0.0213  0.0213  0.0213  0.0213  0.0213  0.0213  0.0213  0.0213
  0.0214  0.0214  0.0214  0.0214  0.0214  0.0214  0.0214  0.0214  0.0214  0.0214  0.0214  0.0214
  0.0215  0.0215  0.0214  0.0214  0.0215  0.0214  0.0215  0.0215  0.0215  0.0215  0.0214  0.0214
  0.0217  0.0217  0.0215  0.0216  0.0216  0.0216  0.0217  0.0218  0.0216  0.0217  0.0215  0.0215
registration optimization eta report
parameter search radius
    0.8000    0.8000    0.8000    2.4000    2.4000    2.4000
    2.4000    2.4000    2.4000    2.4000    2.4000    2.4000
100000*second partial in parameter space
       63.       48.       27.        5.        5.        4.
        6.        9.        4.        7.        2.        3.
  0.0218  0.0217  0.0215  0.0216  0.0217  0.0216  0.0217  0.0218  0.0216  0.0217  0.0215  0.0215
  0.0215  0.0215  0.0214  0.0215  0.0215  0.0214  0.0215  0.0216  0.0215  0.0215  0.0214  0.0214
  0.0214  0.0214  0.0214  0.0214  0.0214  0.0214  0.0214  0.0214  0.0214  0.0214  0.0214  0.0214
  0.0213  0.0213  0.0214  0.0213  0.0213  0.0213  0.0213  0.0213  0.0213  0.0213  0.0213  0.0213
  0.0214  0.0214  0.0214  0.0214  0.0214  0.0214  0.0214  0.0214  0.0214  0.0214  0.0214  0.0214
  0.0215  0.0215  0.0214  0.0214  0.0215  0.0214  0.0215  0.0215  0.0215  0.0215  0.0214  0.0214
  0.0217  0.0217  0.0215  0.0216  0.0216  0.0216  0.0217  0.0218  0.0216  0.0217  0.0215  0.0215
   -2.6353    4.9160   13.9330   -7.2869  -14.8898   -8.0036
   -0.0833    0.0191    1.7545   29.2327    0.2321  -33.3349
eta,q 0.97866 11.68101

---------------------------------------------------------------------
compute_vox2vox talsrcimg talsrcimg_to_711-2C_as_mni_average_305_t4 /opt/freesurfer/average/711-2C_as_mni_average_305
---------------------------------------------------------------------

freesurfer compute_vox2vox.c
Reading: talsrcimg.4dfp.ifh
Reading: talsrcimg_to_711-2C_as_mni_average_305_t4
Reading: /opt/freesurfer/average/711-2C_as_mni_average_305.4dfp.ifh
Writing: talsrcimg_to_711-2C_as_mni_average_305_t4_vox2vox.txt

start time Sun Mar 8 12:46:04 CET 2026
end		time Sun Mar 8 12:48:04 CET 2026

mpr2mni305 success

avi2talxfm orig_nu.mgz /opt/freesurfer/average/mni305.cor.mgz talsrcimg_to_711-2C_as_mni_average_305_t4_vox2vox.txt transforms/talairach.auto.xfm
avi2talxfm done
mv -f /out/sourcedata/freesurfer/sub-v1s12x0050117_ses-1/mri/talsrcimg_to_711-2C_as_mni_average_305_t4_vox2vox.txt /out/sourcedata/freesurfer/sub-v1s12x0050117_ses-1/mri/transforms/talsrcimg_to_711-2C_as_mni_average_305_t4_vox2vox.txt
lta_convert --src orig_nu.mgz --trg /opt/freesurfer/average/mni305.cor.mgz --inxfm transforms/talairach.auto.xfm --outlta transforms/talairach.auto.xfm.lta --subject fsaverage
7.3.2

--src: orig_nu.mgz src image (geometry).
--trg: /opt/freesurfer/average/mni305.cor.mgz trg image (geometry).
--inmni: transforms/talairach.auto.xfm input MNI/XFM transform.
--outlta: transforms/talairach.auto.xfm.lta output LTA.
--s: fsaverage subject name
 LTA read, type : 1
 1.07858  -0.00050   0.00086   0.20769;
-0.00958   0.96669   0.37861  -5.34934;
-0.01894  -0.33202   1.04489   3.64645;
 0.00000   0.00000   0.00000   1.00000;
setting subject to fsaverage
Writing  LTA to file transforms/talairach.auto.xfm.lta...
lta_convert successful.
 
 
Started at Sun Mar 8 12:46:03 CET 2026
Ended   at Sun Mar  8 12:48:04 CET 2026
talairach_avi done
