/out/sourcedata/freesurfer/sub-v1s12x0050134_ses-1/mri
/opt/freesurfer/bin/talairach_avi
--i orig_nu.mgz --xfm transforms/talairach.auto.xfm
talairach_avi 7.3.2
Linux dna016 5.14.0-427.37.1.el9_4.x86_64 #1 SMP PREEMPT_DYNAMIC Fri Sep 13 12:41:50 EDT 2024 x86_64 x86_64 x86_64 GNU/Linux
Sun Mar  8 12:45:57 CET 2026
mri_convert orig_nu.mgz talsrcimg.img 
reading from orig_nu.mgz...
TR=0.00, TE=0.00, TI=0.00, flip angle=0.00
i_ras = (-1, 0, 0)
j_ras = (0, 0, -1)
k_ras = (0, 1, 0)
writing to talsrcimg.img...
Analyze Output Matrix
-1.00000   0.00000   0.00000   119.80396;
 0.00000   0.00000   1.00000  -130.17917;
 0.00000  -1.00000   0.00000   109.93735;
 0.00000   0.00000   0.00000   1.00000;
--------------------
INFO: set hdr.hist.orient to -1
mpr2mni305 talsrcimg
Sun Mar  8 12:45:58 CET 2026
/opt/freesurfer/bin/mpr2mni305 talsrcimg
mpr2mni305 7.3.2
target=711-2C_as_mni_average_305

---------------------------------------------------------------------
analyzeto4dfp talsrcimg -O0 -y
---------------------------------------------------------------------

freesurfer ifh2hdr.c
Sun Mar  8 12:45:58 2026
Writing: talsrcimg.4dfp.hdr
freesurfer analyzeto4dfp.c
Reading: talsrcimg.hdr
header size 348 bytes
hdr.dime.datatype	offset=70	value=2
hdr.dime.bitpix		offset=72	value=8
hdr.hist.orient		offset=252	value=-1
dimensionality     4
dimensions       256       256       256         1
Reading: talsrcimg.img
Writing: talsrcimg.4dfp.img
Writing: talsrcimg.4dfp.ifh
ifh2hdr talsrcimg -r0to234
ori=2

---------------------------------------------------------------------
gauss_4dfp talsrcimg 1.1
---------------------------------------------------------------------

freesurfer gauss_4dfp.c
Reading: talsrcimg.4dfp.img
Writing: talsrcimg_g11.4dfp.img
image dimensions 256 256 256 padded to 288 288 288
processing volume 1freesurfer ifh2hdr.c
Sun Mar  8 12:46:00 2026
Writing: talsrcimg_g11.4dfp.hdr

Writing: talsrcimg_g11.4dfp.ifh
including: talsrcimg.4dfp.img.rec in talsrcimg_g11.4dfp.img.rec

---------------------------------------------------------------------
imgreg_4dfp /opt/freesurfer/average/711-2C_as_mni_average_305 none talsrcimg_g11 none talsrcimg_to_711-2C_as_mni_average_305_t4 4355
---------------------------------------------------------------------

freesurfer imgreg_4dfp.c
/opt/freesurfer/average/711-2C_as_mni_average_305.4dfp.img
       256       256       256         1
  1.000000  1.000000  1.000000
orientation T byte_order littleendian
Reading image: /opt/freesurfer/average/711-2C_as_mni_average_305.4dfp.img
dimensions:      256       256       256
mmppix:       1.0000   -1.0000   -1.0000
center:     128.0000 -129.0000 -129.0000
talsrcimg_g11.4dfp.img
       256       256       256         1
  1.000000  1.000000  1.000000
orientation T byte_order littleendian
Reading image: talsrcimg_g11.4dfp.img
dimensions:      256       256       256
mmppix:       1.0000   -1.0000   -1.0000
center:     128.0000 -129.0000 -129.0000
t4_read: open error in t4_sub.f l:  41 t4_file(1:l)talsrcimg_to_711-2C_as_mni_average_305_t4 
t4_read: transform initialized to I4
rotation matrix determinant  1.000000
image alignment mode   4355 decimal     1103 hex
   -7.5000  -45.0000  -45.0000 8305.0781   17.5297
    0.0000  -45.0000  -45.0000 8633.6924   17.5293
    7.5000  -45.0000  -45.0000 8188.8657   17.5424
   -7.5000  -37.5000  -45.0000 8882.7607   17.5337
    0.0000  -37.5000  -45.0000 9206.9766   17.5306
    7.5000  -37.5000  -45.0000 8720.5576   17.5461
   -7.5000  -30.0000  -45.0000 9724.5215   17.5385
    0.0000  -30.0000  -45.000010079.9512   17.5421
    7.5000  -30.0000  -45.0000 9536.5371   17.5628
   -7.5000  -22.5000  -45.000010492.4424   17.5264
    0.0000  -22.5000  -45.000010877.9473   17.5403
    7.5000  -22.5000  -45.000010314.2080   17.5642
   -7.5000  -15.0000  -45.000011223.2109   17.5114
    0.0000  -15.0000  -45.000011634.5654   17.5290
    7.5000  -15.0000  -45.000011030.3154   17.5512
   -7.5000   -7.5000  -45.000011912.3584   17.5102
    0.0000   -7.5000  -45.000012335.8057   17.5202
    7.5000   -7.5000  -45.000011686.8457   17.5369
   -7.5000    0.0000  -45.000012414.2217   17.5204
    0.0000    0.0000  -45.000012858.5801   17.5200
    7.5000    0.0000  -45.000012166.4609   17.5331
   -7.5000    7.5000  -45.000012021.7305   17.5337
    0.0000    7.5000  -45.000012427.9805   17.5306
    7.5000    7.5000  -45.000011763.8018   17.5461
   -7.5000   15.0000  -45.000011540.8955   17.5385
    0.0000   15.0000  -45.000011937.2754   17.5421
    7.5000   15.0000  -45.000011291.5059   17.5628
   -7.5000   22.5000  -45.000010908.9277   17.5240
    0.0000   22.5000  -45.000011315.8496   17.5379
    7.5000   22.5000  -45.000010698.9395   17.5617
   -7.5000   30.0000  -45.000010123.0527   17.2781
    0.0000   30.0000  -45.000010502.8867   17.2954
    7.5000   30.0000  -45.0000 9922.1865   17.3173
   -7.5000   37.5000  -45.0000 9658.3623   17.2769
    0.0000   37.5000  -45.0000 9978.4922   17.2868
    7.5000   37.5000  -45.0000 9430.0986   17.3032
   -7.5000   45.0000  -45.0000 8871.2412   16.8536
    0.0000   45.0000  -45.0000 9144.0381   16.8531
    7.5000   45.0000  -45.0000 8628.7119   16.8657
   -7.5000  -45.0000  -37.5000 8812.2373   17.5579
    0.0000  -45.0000  -37.5000 9124.9365   17.5782
    7.5000  -45.0000  -37.5000 8648.8730   17.5920
   -7.5000  -37.5000  -37.5000 9391.2217   17.5550
    0.0000  -37.5000  -37.5000 9716.6943   17.5741
    7.5000  -37.5000  -37.5000 9205.8848   17.5891
   -7.5000  -30.0000  -37.500010295.2637   17.5488
    0.0000  -30.0000  -37.500010633.1943   17.5733
    7.5000  -30.0000  -37.500010083.4824   17.5944
   -7.5000  -22.5000  -37.500011112.9346   17.5321
    0.0000  -22.5000  -37.500011495.1406   17.5641
    7.5000  -22.5000  -37.500010915.7461   17.5907
   -7.5000  -15.0000  -37.500011886.3896   17.5238
    0.0000  -15.0000  -37.500012300.0273   17.5576
    7.5000  -15.0000  -37.500011660.7363   17.5837
   -7.5000   -7.5000  -37.500012568.0000   17.5340
    0.0000   -7.5000  -37.500013013.8633   17.5617
    7.5000   -7.5000  -37.500012314.5977   17.5809
   -7.5000    0.0000  -37.500013119.2197   17.5486
    0.0000    0.0000  -37.500013579.2393   17.5688
    7.5000    0.0000  -37.500012845.8164   17.5825
   -7.5000    7.5000  -37.500012656.7432   17.5550
    0.0000    7.5000  -37.500013092.6064   17.5741
    7.5000    7.5000  -37.500012409.5156   17.5891
   -7.5000   15.0000  -37.500012103.8975   17.5488
    0.0000   15.0000  -37.500012546.3574   17.5733
    7.5000   15.0000  -37.500011878.3350   17.5944
   -7.5000   22.5000  -37.500011447.5713   17.5297
    0.0000   22.5000  -37.500011877.0703   17.5617
    7.5000   22.5000  -37.500011246.4209   17.5883
   -7.5000   30.0000  -37.500010627.3789   17.2903
    0.0000   30.0000  -37.500011022.8086   17.3237
    7.5000   30.0000  -37.500010429.6797   17.3494
   -7.5000   37.5000  -37.500010122.7979   17.3004
    0.0000   37.5000  -37.500010469.2705   17.3277
    7.5000   37.5000  -37.5000 9929.4082   17.3466
   -7.5000   45.0000  -37.5000 9259.9424   16.8808
    0.0000   45.0000  -37.5000 9573.0566   16.9002
    7.5000   45.0000  -37.5000 9064.9141   16.9134
   -7.5000  -45.0000  -30.0000 9444.5225   18.3069
    0.0000  -45.0000  -30.0000 9768.8232   18.3508
    7.5000  -45.0000  -30.0000 9251.8096   18.3779
   -7.5000  -37.5000  -30.000010046.5078   18.3000
    0.0000  -37.5000  -30.000010377.1348   18.3423
    7.5000  -37.5000  -30.0000 9844.4648   18.3680
   -7.5000  -30.0000  -30.000011031.0996   18.2912
    0.0000  -30.0000  -30.000011382.0146   18.3360
    7.5000  -30.0000  -30.000010793.4521   18.3668
   -7.5000  -22.5000  -30.000011926.2490   18.2753
    0.0000  -22.5000  -30.000012321.0137   18.3251
    7.5000  -22.5000  -30.000011678.5459   18.3636
   -7.5000  -15.0000  -30.000012753.4043   18.2698
    0.0000  -15.0000  -30.000013158.8662   18.3216
    7.5000  -15.0000  -30.000012465.8779   18.3625
   -7.5000   -7.5000  -30.000013452.7158   18.2831
    0.0000   -7.5000  -30.000013924.2656   18.3313
    7.5000   -7.5000  -30.000013164.2344   18.3659
   -7.5000    0.0000  -30.000014059.0312   18.2972
    0.0000    0.0000  -30.000014556.5352   18.3410
    7.5000    0.0000  -30.000013767.2812   18.3680
   -7.5000    7.5000  -30.000013532.6611   18.3000
    0.0000    7.5000  -30.000014020.4453   18.3423
    7.5000    7.5000  -30.000013285.5049   18.3680
   -7.5000   15.0000  -30.000012893.3652   18.2912
    0.0000   15.0000  -30.000013377.8604   18.3360
    7.5000   15.0000  -30.000012683.1055   18.3668
   -7.5000   22.5000  -30.000012170.6074   18.2709
    0.0000   22.5000  -30.000012643.7275   18.3207
    7.5000   22.5000  -30.000011996.1543   18.3592
   -7.5000   30.0000  -30.000011311.1787   18.0281
    0.0000   30.0000  -30.000011739.2549   18.0792
    7.5000   30.0000  -30.000011138.0537   18.1195
   -7.5000   37.5000  -30.000010769.1719   18.0411
    0.0000   37.5000  -30.000011154.1338   18.0888
    7.5000   37.5000  -30.000010579.5527   18.1228
   -7.5000   45.0000  -30.0000 9803.5596   17.6139
    0.0000   45.0000  -30.000010147.3486   17.6561
    7.5000   45.0000  -30.0000 9629.1826   17.6821
   -7.5000  -45.0000  -22.500010062.1650   18.9056
    0.0000  -45.0000  -22.500010425.1543   18.9505
    7.5000  -45.0000  -22.5000 9879.9277   18.9942
   -7.5000  -37.5000  -22.500010724.4805   18.9050
    0.0000  -37.5000  -22.500011098.9834   18.9470
    7.5000  -37.5000  -22.500010514.3477   18.9870
   -7.5000  -30.0000  -22.500011777.8555   18.9087
    0.0000  -30.0000  -22.500012180.7939   18.9518
    7.5000  -30.0000  -22.500011542.3643   18.9943
   -7.5000  -22.5000  -22.500012748.9922   18.8986
    0.0000  -22.5000  -22.500013203.7871   18.9473
    7.5000  -22.5000  -22.500012460.0908   18.9971
   -7.5000  -15.0000  -22.500013593.0977   18.8864
    0.0000  -15.0000  -22.500014056.2168   18.9384
    7.5000  -15.0000  -22.500013277.9346   18.9931
   -7.5000   -7.5000  -22.500014333.6875   18.8872
    0.0000   -7.5000  -22.500014868.7646   18.9367
    7.5000   -7.5000  -22.500014033.6309   18.9875
   -7.5000    0.0000  -22.500015014.7314   18.8958
    0.0000    0.0000  -22.500015597.0830   18.9406
    7.5000    0.0000  -22.500014714.6846   18.9842
   -7.5000    7.5000  -22.500014449.3438   18.9050
    0.0000    7.5000  -22.500015022.5107   18.9470
    7.5000    7.5000  -22.500014188.1914   18.9870
   -7.5000   15.0000  -22.500013723.9375   18.9087
    0.0000   15.0000  -22.500014264.8457   18.9518
    7.5000   15.0000  -22.500013505.4854   18.9943
   -7.5000   22.5000  -22.500012927.2383   18.8928
    0.0000   22.5000  -22.500013431.2861   18.9414
    7.5000   22.5000  -22.500012748.1318   18.9912
   -7.5000   30.0000  -22.500011998.9062   18.6394
    0.0000   30.0000  -22.500012455.2617   18.6907
    7.5000   30.0000  -22.500011830.6357   18.7447
   -7.5000   37.5000  -22.500011438.4014   18.6402
    0.0000   37.5000  -22.500011846.7344   18.6890
    7.5000   37.5000  -22.500011231.7207   18.7392
   -7.5000   45.0000  -22.500010386.6230   18.2037
    0.0000   45.0000  -22.500010766.2422   18.2469
    7.5000   45.0000  -22.500010204.5557   18.2889
   -7.5000  -45.0000  -15.000010663.9512   19.3189
    0.0000  -45.0000  -15.000011027.2207   19.3444
    7.5000  -45.0000  -15.000010450.7021   19.3922
   -7.5000  -37.5000  -15.000011366.3105   19.3271
    0.0000  -37.5000  -15.000011766.2988   19.3478
    7.5000  -37.5000  -15.000011124.0723   19.3923
   -7.5000  -30.0000  -15.000012473.8350   19.3436
    0.0000  -30.0000  -15.000012928.6152   19.3667
    7.5000  -30.0000  -15.000012221.4023   19.4122
   -7.5000  -22.5000  -15.000013567.9902   19.3382
    0.0000  -22.5000  -15.000014043.8525   19.3697
    7.5000  -22.5000  -15.000013234.4648   19.4206
   -7.5000  -15.0000  -15.000014440.5479   19.3175
    0.0000  -15.0000  -15.000014937.7285   19.3544
    7.5000  -15.0000  -15.000014090.1367   19.4099
   -7.5000   -7.5000  -15.000015192.8418   19.3048
    0.0000   -7.5000  -15.000015780.6064   19.3381
    7.5000   -7.5000  -15.000014892.6953   19.3913
   -7.5000    0.0000  -15.000015923.1924   19.3090
    0.0000    0.0000  -15.000016598.5566   19.3343
    7.5000    0.0000  -15.000015630.5234   19.3820
   -7.5000    7.5000  -15.000015342.9805   19.3271
    0.0000    7.5000  -15.000016020.5928   19.3478
    7.5000    7.5000  -15.000015077.7168   19.3923
   -7.5000   15.0000  -15.000014496.1670   19.3436
    0.0000   15.0000  -15.000015164.1787   19.3667
    7.5000   15.0000  -15.000014282.8818   19.4122
   -7.5000   22.5000  -15.000013677.5625   19.3314
    0.0000   22.5000  -15.000014266.7773   19.3629
    7.5000   22.5000  -15.000013501.7393   19.4137
   -7.5000   30.0000  -15.000012718.0400   19.0675
    0.0000   30.0000  -15.000013234.9365   19.1039
    7.5000   30.0000  -15.000012537.2979   19.1587
   -7.5000   37.5000  -15.000012115.3027   19.0550
    0.0000   37.5000  -15.000012605.4990   19.0878
    7.5000   37.5000  -15.000011907.4707   19.1404
   -7.5000   45.0000  -15.000010992.9297   18.6129
    0.0000   45.0000  -15.000011447.9785   18.6373
    7.5000   45.0000  -15.000010802.9229   18.6832
   -7.5000  -45.0000   -7.500011192.1807   19.5414
    0.0000  -45.0000   -7.500011584.7939   19.5449
    7.5000  -45.0000   -7.500010972.2246   19.5766
   -7.5000  -37.5000   -7.500011943.2861   19.5503
    0.0000  -37.5000   -7.500012349.4990   19.5486
    7.5000  -37.5000   -7.500011686.3584   19.5807
   -7.5000  -30.0000   -7.500013154.6934   19.5660
    0.0000  -30.0000   -7.500013611.3379   19.5694
    7.5000  -30.0000   -7.500012827.6592   19.6043
   -7.5000  -22.5000   -7.500014441.1670   19.5591
    0.0000  -22.5000   -7.500014973.8867   19.5737
    7.5000  -22.5000   -7.500014000.0459   19.6119
   -7.5000  -15.0000   -7.500015517.5273   19.5379
    0.0000  -15.0000   -7.500016142.9570   19.5587
    7.5000  -15.0000   -7.500015047.9717   19.5978
   -7.5000   -7.5000   -7.500016290.6836   19.5258
    0.0000   -7.5000   -7.500017040.2246   19.5403
    7.5000   -7.5000   -7.500015950.6641   19.5758
   -7.5000    0.0000   -7.500016921.7676   19.5313
    0.0000    0.0000   -7.500017771.4082   19.5347
    7.5000    0.0000   -7.500016628.8516   19.5663
   -7.5000    7.5000   -7.500016217.4805   19.5503
    0.0000    7.5000   -7.500017073.0625   19.5486
    7.5000    7.5000   -7.500015966.7607   19.5807
   -7.5000   15.0000   -7.500015363.8828   19.5660
    0.0000   15.0000   -7.500016171.0703   19.5694
    7.5000   15.0000   -7.500015144.5127   19.6043
   -7.5000   22.5000   -7.500014497.3145   19.5500
    0.0000   22.5000   -7.500015228.4580   19.5647
    7.5000   22.5000   -7.500014311.2246   19.6029
   -7.5000   30.0000   -7.500013564.6582   19.2845
    0.0000   30.0000   -7.500014213.0293   19.3051
    7.5000   30.0000   -7.500013345.4385   19.3436
   -7.5000   37.5000   -7.500012977.5283   19.2726
    0.0000   37.5000   -7.500013542.1318   19.2869
    7.5000   37.5000   -7.500012677.8926   19.3220
   -7.5000   45.0000   -7.500011786.0645   18.8307
    0.0000   45.0000   -7.500012278.0869   18.8339
    7.5000   45.0000   -7.500011485.6875   18.8644
   -7.5000  -45.0000    0.000011635.5713   19.6112
    0.0000  -45.0000    0.000012105.8955   19.6110
    7.5000  -45.0000    0.000011401.0146   19.6259
   -7.5000  -37.5000    0.000012404.1953   19.6153
    0.0000  -37.5000    0.000012866.5498   19.6121
    7.5000  -37.5000    0.000012151.8887   19.6297
   -7.5000  -30.0000    0.000013698.7852   19.6204
    0.0000  -30.0000    0.000014184.5576   19.6246
    7.5000  -30.0000    0.000013344.0518   19.6480
   -7.5000  -22.5000    0.000015241.3379   19.6070
    0.0000  -22.5000    0.000015851.1201   19.6226
    7.5000  -22.5000    0.000014633.0342   19.6495
   -7.5000  -15.0000    0.000016647.6172   19.5907
    0.0000  -15.0000    0.000017489.4336   19.6103
    7.5000  -15.0000    0.000015904.3711   19.6353
   -7.5000   -7.5000    0.000017436.0527   19.5895
    0.0000   -7.5000    0.000018463.5410   19.6008
    7.5000   -7.5000    0.000016860.1055   19.6196
   -7.5000    0.0000    0.000017768.6699   19.6008
    0.0000    0.0000    0.000018773.0645   19.6006
    7.5000    0.0000    0.000017402.3828   19.6155
   -7.5000    7.5000    0.000016924.4707   19.6153
    0.0000    7.5000    0.000017887.8203   19.6121
    7.5000    7.5000    0.000016640.5996   19.6297
   -7.5000   15.0000    0.000016111.9961   19.6204
    0.0000   15.0000    0.000016999.1934   19.6246
    7.5000   15.0000    0.000015792.7793   19.6480
   -7.5000   22.5000    0.000015258.1455   19.5980
    0.0000   22.5000    0.000016063.0039   19.6136
    7.5000   22.5000    0.000014885.1602   19.6404
   -7.5000   30.0000    0.000014323.9404   19.3371
    0.0000   30.0000    0.000014995.7188   19.3565
    7.5000   30.0000    0.000013896.6416   19.3812
   -7.5000   37.5000    0.000013731.9434   19.3360
    0.0000   37.5000    0.000014282.5244   19.3472
    7.5000   37.5000    0.000013219.0488   19.3657
   -7.5000   45.0000    0.000012482.6338   18.8993
    0.0000   45.0000    0.000012952.8721   18.8989
    7.5000   45.0000    0.000011986.3291   18.9133
   -7.5000  -45.0000    7.500011255.9180   19.6477
    0.0000  -45.0000    7.500011772.6533   19.6705
    7.5000  -45.0000    7.500011039.5283   19.6859
   -7.5000  -37.5000    7.500011974.7646   19.6445
    0.0000  -37.5000    7.500012492.4873   19.6658
    7.5000  -37.5000    7.500011754.9395   19.6826
   -7.5000  -30.0000    7.500013186.5234   19.6376
    0.0000  -30.0000    7.500013771.3779   19.6650
    7.5000  -30.0000    7.500012898.1006   19.6886
   -7.5000  -22.5000    7.500014716.3018   19.6189
    0.0000  -22.5000    7.500015471.7793   19.6547
    7.5000  -22.5000    7.500014113.3604   19.6845
   -7.5000  -15.0000    7.500016232.6387   19.6096
    0.0000  -15.0000    7.500017205.0332   19.6474
    7.5000  -15.0000    7.500015274.3594   19.6766
   -7.5000   -7.5000    7.500017110.3770   19.6210
    0.0000   -7.5000    7.500018082.1641   19.6520
    7.5000   -7.5000    7.500016197.3262   19.6735
   -7.5000    0.0000    7.500017516.3770   19.6373
    0.0000    0.0000    7.500018410.1094   19.6600
    7.5000    0.0000    7.500016809.6973   19.6753
   -7.5000    7.5000    7.500016706.5449   19.6445
    0.0000    7.5000    7.500017529.8613   19.6658
    7.5000    7.5000    7.500016076.0342   19.6826
   -7.5000   15.0000    7.500015818.7412   19.6376
    0.0000   15.0000    7.500016582.4766   19.6650
    7.5000   15.0000    7.500015249.9961   19.6886
   -7.5000   22.5000    7.500014858.4766   19.6099
    0.0000   22.5000    7.500015560.1113   19.6456
    7.5000   22.5000    7.500014334.6143   19.6754
   -7.5000   30.0000    7.500013882.0400   19.3558
    0.0000   30.0000    7.500014475.8457   19.3932
    7.5000   30.0000    7.500013365.2637   19.4220
   -7.5000   37.5000    7.500013232.0918   19.3671
    0.0000   37.5000    7.500013770.9619   19.3976
    7.5000   37.5000    7.500012717.2744   19.4189
   -7.5000   45.0000    7.500012012.3525   18.9345
    0.0000   45.0000    7.500012477.4297   18.9563
    7.5000   45.0000    7.500011540.7549   18.9711
   -7.5000  -45.0000   15.000010717.8730   19.6764
    0.0000  -45.0000   15.000011263.2480   19.7237
    7.5000  -45.0000   15.000010468.5420   19.7531
   -7.5000  -37.5000   15.000011442.7354   19.6690
    0.0000  -37.5000   15.000011992.3506   19.7146
    7.5000  -37.5000   15.000011122.8262   19.7425
   -7.5000  -30.0000   15.000012609.2969   19.6594
    0.0000  -30.0000   15.000013200.9854   19.7077
    7.5000  -30.0000   15.000012187.0977   19.7412
   -7.5000  -22.5000   15.000013992.7480   19.6421
    0.0000  -22.5000   15.000014685.0957   19.6959
    7.5000  -22.5000   15.000013327.8418   19.7375
   -7.5000  -15.0000   15.000015246.6172   19.6363
    0.0000  -15.0000   15.000016053.8076   19.6921
    7.5000  -15.0000   15.000014366.9199   19.7363
   -7.5000   -7.5000   15.000016028.9092   19.6507
    0.0000   -7.5000   15.000016715.6309   19.7027
    7.5000   -7.5000   15.000015215.5381   19.7401
   -7.5000    0.0000   15.000016600.1426   19.6660
    0.0000    0.0000   15.000017288.3906   19.7132
    7.5000    0.0000   15.000015924.7959   19.7426
   -7.5000    7.5000   15.000015973.9844   19.6690
    0.0000    7.5000   15.000016681.1758   19.7146
    7.5000    7.5000   15.000015376.0781   19.7425
   -7.5000   15.0000   15.000015107.9424   19.6594
    0.0000   15.0000   15.000015795.1943   19.7077
    7.5000   15.0000   15.000014620.8096   19.7412
   -7.5000   22.5000   15.000014072.9863   19.6331
    0.0000   22.5000   15.000014724.6172   19.6868
    7.5000   22.5000   15.000013681.4844   19.7284
   -7.5000   30.0000   15.000013083.1279   19.3822
    0.0000   30.0000   15.000013656.9902   19.4372
    7.5000   30.0000   15.000012686.6846   19.4809
   -7.5000   37.5000   15.000012452.5371   19.3963
    0.0000   37.5000   15.000012982.6621   19.4477
    7.5000   37.5000   15.000012065.1045   19.4846
   -7.5000   45.0000   15.000011286.5215   18.9622
    0.0000   45.0000   15.000011778.0742   19.0078
    7.5000   45.0000   15.000010926.3066   19.0361
   -7.5000  -45.0000   22.500010065.8066   19.6814
    0.0000  -45.0000   22.500010499.1152   19.7284
    7.5000  -45.0000   22.5000 9833.1914   19.7747
   -7.5000  -37.5000   22.500010721.6582   19.6806
    0.0000  -37.5000   22.500011133.2686   19.7246
    7.5000  -37.5000   22.500010462.8779   19.7670
   -7.5000  -30.0000   22.500011760.5928   19.6843
    0.0000  -30.0000   22.500012187.8896   19.7296
    7.5000  -30.0000   22.500011488.0186   19.7745
   -7.5000  -22.5000   22.500012908.1123   19.6739
    0.0000  -22.5000   22.500013456.5713   19.7249
    7.5000  -22.5000   22.500012531.1436   19.7775
   -7.5000  -15.0000   22.500013923.5137   19.6613
    0.0000  -15.0000   22.500014529.6611   19.7157
    7.5000  -15.0000   22.500013491.4512   19.7735
   -7.5000   -7.5000   22.500014551.9033   19.6622
    0.0000   -7.5000   22.500015161.8604   19.7140
    7.5000   -7.5000   22.500014233.5908   19.7678
   -7.5000    0.0000   22.500015140.4551   19.6711
    0.0000    0.0000   22.500015823.8584   19.7181
    7.5000    0.0000   22.500014875.1963   19.7643
   -7.5000    7.5000   22.500014673.9258   19.6806
    0.0000    7.5000   22.500015419.7461   19.7246
    7.5000    7.5000   22.500014412.7949   19.7670
   -7.5000   15.0000   22.500013987.0186   19.6843
    0.0000   15.0000   22.500014698.1279   19.7296
    7.5000   15.0000   22.500013721.6836   19.7745
   -7.5000   22.5000   22.500013084.7334   19.6648
    0.0000   22.5000   22.500013721.2832   19.7158
    7.5000   22.5000   22.500012823.8408   19.7684
   -7.5000   30.0000   22.500012155.0244   19.4068
    0.0000   30.0000   22.500012715.3438   19.4606
    7.5000   30.0000   22.500011858.0527   19.5175
   -7.5000   37.5000   22.500011583.8750   19.4078
    0.0000   37.5000   22.500012109.6621   19.4589
    7.5000   37.5000   22.500011302.2783   19.5119
   -7.5000   45.0000   22.500010482.0195   18.9671
    0.0000   45.0000   22.500010937.3789   19.0124
    7.5000   45.0000   22.500010231.1484   19.0569
   -7.5000  -45.0000   30.0000 9215.3262   19.8166
    0.0000  -45.0000   30.0000 9566.4844   19.8432
    7.5000  -45.0000   30.0000 9084.6348   19.8935
   -7.5000  -37.5000   30.0000 9790.4336   19.8250
    0.0000  -37.5000   30.000010126.1807   19.8468
    7.5000  -37.5000   30.0000 9665.7832   19.8937
   -7.5000  -30.0000   30.000010749.9561   19.8423
    0.0000  -30.0000   30.000011124.4844   19.8665
    7.5000  -30.0000   30.000010615.4150   19.9144
   -7.5000  -22.5000   30.000011792.9141   19.8366
    0.0000  -22.5000   30.000012241.5020   19.8696
    7.5000  -22.5000   30.000011593.9932   19.9230
   -7.5000  -15.0000   30.000012691.1914   19.8151
    0.0000  -15.0000   30.000013144.5781   19.8535
    7.5000  -15.0000   30.000012451.0723   19.9117
   -7.5000   -7.5000   30.000013266.7754   19.8020
    0.0000   -7.5000   30.000013746.1865   19.8366
    7.5000   -7.5000   30.000013096.9248   19.8925
   -7.5000    0.0000   30.000013830.7578   19.8063
    0.0000    0.0000   30.000014376.8281   19.8328
    7.5000    0.0000   30.000013682.3242   19.8830
   -7.5000    7.5000   30.000013450.2812   19.8250
    0.0000    7.5000   30.000014045.4033   19.8468
    7.5000    7.5000   30.000013272.1797   19.8937
   -7.5000   15.0000   30.000012855.9873   19.8423
    0.0000   15.0000   30.000013437.4619   19.8665
    7.5000   15.0000   30.000012677.6875   19.9144
   -7.5000   22.5000   30.000012044.2949   19.8275
    0.0000   22.5000   30.000012560.0146   19.8604
    7.5000   22.5000   30.000011868.1367   19.9138
   -7.5000   30.0000   30.000011158.9482   19.5586
    0.0000   30.0000   30.000011645.6221   19.5965
    7.5000   30.0000   30.000010972.1572   19.6540
   -7.5000   37.5000   30.000010635.4434   19.5457
    0.0000   37.5000   30.000011120.4365   19.5799
    7.5000   37.5000   30.000010460.4824   19.6350
   -7.5000   45.0000   30.0000 9601.8877   19.0973
    0.0000   45.0000   30.000010018.7080   19.1229
    7.5000   45.0000   30.0000 9459.5586   19.1712
   -7.5000  -45.0000   37.5000 8839.0039   20.3276
    0.0000  -45.0000   37.5000 9172.2930   20.3325
    7.5000  -45.0000   37.5000 8745.4316   20.3666
   -7.5000  -37.5000   37.5000 9429.5586   20.3368
    0.0000  -37.5000   37.5000 9729.0957   20.3362
    7.5000  -37.5000   37.5000 9299.6211   20.3710
   -7.5000  -30.0000   37.500010363.2754   20.3523
    0.0000  -30.0000   37.500010705.0186   20.3572
    7.5000  -30.0000   37.500010212.6641   20.3952
   -7.5000  -22.5000   37.500011359.0508   20.3434
    0.0000  -22.5000   37.500011767.5449   20.3605
    7.5000  -22.5000   37.500011160.9492   20.4019
   -7.5000  -15.0000   37.500012184.6162   20.3207
    0.0000  -15.0000   37.500012576.8633   20.3443
    7.5000  -15.0000   37.500011957.4805   20.3865
   -7.5000   -7.5000   37.500012767.0566   20.3094
    0.0000   -7.5000   37.500013199.8770   20.3262
    7.5000   -7.5000   37.500012580.4639   20.3643
   -7.5000    0.0000   37.500013304.7432   20.3166
    0.0000    0.0000   37.500013765.5312   20.3214
    7.5000    0.0000   37.500013126.2939   20.3555
   -7.5000    7.5000   37.500012937.8779   20.3368
    0.0000    7.5000   37.500013421.7695   20.3362
    7.5000    7.5000   37.500012750.8818   20.3710
   -7.5000   15.0000   37.500012385.3271   20.3523
    0.0000   15.0000   37.500012874.4824   20.3572
    7.5000   15.0000   37.500012197.1953   20.3952
   -7.5000   22.5000   37.500011626.1221   20.3341
    0.0000   22.5000   37.500012092.4072   20.3511
    7.5000   22.5000   37.500011429.4883   20.3925
   -7.5000   30.0000   37.500010739.9316   20.0577
    0.0000   30.0000   37.500011193.6777   20.0810
    7.5000   30.0000   37.500010566.7773   20.1226
   -7.5000   37.5000   37.500010249.7783   20.0466
    0.0000   37.5000   37.500010679.3652   20.0631
    7.5000   37.5000   37.500010064.9072   20.1007
   -7.5000   45.0000   37.5000 9247.5430   19.5896
    0.0000   45.0000   37.5000 9621.9785   19.5941
    7.5000   45.0000   37.5000 9087.3496   19.6269
   -7.5000  -45.0000   45.0000 8137.3916   20.8540
    0.0000  -45.0000   45.0000 8440.7393   20.8593
    7.5000  -45.0000   45.0000 8048.4609   20.8777
   -7.5000  -37.5000   45.0000 8667.7676   20.8583
    0.0000  -37.5000   45.0000 8951.4180   20.8600
    7.5000  -37.5000   45.0000 8548.2383   20.8815
   -7.5000  -30.0000   45.0000 9532.3057   20.8620
    0.0000  -30.0000   45.0000 9843.8740   20.8722
    7.5000  -30.0000   45.0000 9404.0752   20.9005
   -7.5000  -22.5000   45.000010421.2529   20.8451
    0.0000  -22.5000   45.000010776.7344   20.8684
    7.5000  -22.5000   45.000010246.5322   20.9007
   -7.5000  -15.0000   45.000011150.2578   20.8267
    0.0000  -15.0000   45.000011511.1533   20.8546
    7.5000  -15.0000   45.000010947.8936   20.8846
   -7.5000   -7.5000   45.000011712.1348   20.8275
    0.0000   -7.5000   45.000012120.7119   20.8459
    7.5000   -7.5000   45.000011525.5898   20.8687
   -7.5000    0.0000   45.000012234.5303   20.8423
    0.0000    0.0000   45.000012654.7529   20.8475
    7.5000    0.0000   45.000012048.7451   20.8658
   -7.5000    7.5000   45.000011880.0127   20.8583
    0.0000    7.5000   45.000012319.6738   20.8600
    7.5000    7.5000   45.000011717.0293   20.8815
   -7.5000   15.0000   45.000011367.7646   20.8620
    0.0000   15.0000   45.000011802.3721   20.8722
    7.5000   15.0000   45.000011201.4082   20.9005
   -7.5000   22.5000   45.000010682.6660   20.8355
    0.0000   22.5000   45.000011103.3809   20.8587
    7.5000   22.5000   45.000010501.3145   20.8910
   -7.5000   30.0000   45.0000 9858.5176   20.5554
    0.0000   30.0000   45.000010273.3994   20.5829
    7.5000   30.0000   45.0000 9691.2441   20.6125
   -7.5000   37.5000   45.0000 9389.9805   20.5561
    0.0000   37.5000   45.0000 9766.5156   20.5743
    7.5000   37.5000   45.0000 9207.4316   20.5968
   -7.5000   45.0000   45.0000 8483.0615   20.1045
    0.0000   45.0000   45.0000 8815.0723   20.1095
    7.5000   45.0000   45.0000 8331.7080   20.1271

---------------------------------------------------------------------
imgreg_4dfp /opt/freesurfer/average/711-2C_as_mni_average_305 /opt/freesurfer/average/711-2B_as_mni_average_305_mask talsrcimg_g11 none talsrcimg_to_711-2C_as_mni_average_305_t4 4355
---------------------------------------------------------------------

freesurfer imgreg_4dfp.c
/opt/freesurfer/average/711-2C_as_mni_average_305.4dfp.img
       256       256       256         1
  1.000000  1.000000  1.000000
orientation T byte_order littleendian
Reading image: /opt/freesurfer/average/711-2C_as_mni_average_305.4dfp.img
dimensions:      256       256       256
mmppix:       1.0000   -1.0000   -1.0000
center:     128.0000 -129.0000 -129.0000
/opt/freesurfer/average/711-2B_as_mni_average_305_mask.4dfp.img
       256       256       256         1
  1.000000  1.000000  1.000000
orientation T byte_order littleendian
Reading mask: /opt/freesurfer/average/711-2B_as_mni_average_305_mask.4dfp.img (2306576 pixels)
talsrcimg_g11.4dfp.img
       256       256       256         1
  1.000000  1.000000  1.000000
orientation T byte_order littleendian
Reading image: talsrcimg_g11.4dfp.img
dimensions:      256       256       256
mmppix:       1.0000   -1.0000   -1.0000
center:     128.0000 -129.0000 -129.0000
rotation matrix determinant  1.000000
image alignment mode   4355 decimal     1103 hex
   -7.5000  -45.0000  -45.0000 2215.1311   20.5514
    0.0000  -45.0000  -45.0000 2215.8938   20.6912
    7.5000  -45.0000  -45.0000 2195.0627   20.8934
   -7.5000  -37.5000  -45.0000 2306.4341   18.8560
    0.0000  -37.5000  -45.0000 2299.9082   18.9940
    7.5000  -37.5000  -45.0000 2275.2876   19.2472
   -7.5000  -30.0000  -45.0000 2366.9434   17.7236
    0.0000  -30.0000  -45.0000 2358.0618   17.8270
    7.5000  -30.0000  -45.0000 2330.7803   18.0950
   -7.5000  -22.5000  -45.0000 2406.9963   17.0194
    0.0000  -22.5000  -45.0000 2397.6396   17.0980
    7.5000  -22.5000  -45.0000 2365.2524   17.3686
   -7.5000  -15.0000  -45.0000 2429.5723   16.5460
    0.0000  -15.0000  -45.0000 2420.7659   16.5907
    7.5000  -15.0000  -45.0000 2391.4783   16.8866
   -7.5000   -7.5000  -45.0000 2442.7566   16.3248
    0.0000   -7.5000  -45.0000 2430.3650   16.3537
    7.5000   -7.5000  -45.0000 2403.5525   16.6793
   -7.5000    0.0000  -45.0000 2427.5720   16.4048
    0.0000    0.0000  -45.0000 2420.0962   16.4546
    7.5000    0.0000  -45.0000 2390.6990   16.7644
   -7.5000    7.5000  -45.0000 2397.7583   16.8914
    0.0000    7.5000  -45.0000 2391.9370   16.9058
    7.5000    7.5000  -45.0000 2362.8506   17.2581
   -7.5000   15.0000  -45.0000 2345.3027   17.6377
    0.0000   15.0000  -45.0000 2343.4297   17.6364
    7.5000   15.0000  -45.0000 2313.3333   18.0268
   -7.5000   22.5000  -45.0000 2276.0820   18.6619
    0.0000   22.5000  -45.0000 2273.6028   18.6626
    7.5000   22.5000  -45.0000 2247.8008   19.0336
   -7.5000   30.0000  -45.0000 2190.4402   20.1299
    0.0000   30.0000  -45.0000 2185.9026   20.0893
    7.5000   30.0000  -45.0000 2160.9229   20.5207
   -7.5000   37.5000  -45.0000 2095.4702   22.0782
    0.0000   37.5000  -45.0000 2086.5696   22.1041
    7.5000   37.5000  -45.0000 2061.2786   22.5847
   -7.5000   45.0000  -45.0000 1978.3049   24.7538
    0.0000   45.0000  -45.0000 1972.9965   24.7328
    7.5000   45.0000  -45.0000 1951.1084   25.2476
   -7.5000  -45.0000  -37.5000 2299.4822   19.4539
    0.0000  -45.0000  -37.5000 2295.7349   19.5045
    7.5000  -45.0000  -37.5000 2266.7876   19.7680
   -7.5000  -37.5000  -37.5000 2388.4541   17.8001
    0.0000  -37.5000  -37.5000 2381.2385   17.8519
    7.5000  -37.5000  -37.5000 2353.3276   18.0855
   -7.5000  -30.0000  -37.5000 2455.5571   16.6264
    0.0000  -30.0000  -37.5000 2444.7373   16.6753
    7.5000  -30.0000  -37.5000 2419.6399   16.9255
   -7.5000  -22.5000  -37.5000 2498.8049   15.9170
    0.0000  -22.5000  -37.5000 2489.7310   15.9351
    7.5000  -22.5000  -37.5000 2466.0005   16.2142
   -7.5000  -15.0000  -37.5000 2528.6455   15.4686
    0.0000  -15.0000  -37.5000 2519.7219   15.5043
    7.5000  -15.0000  -37.5000 2487.9863   15.7950
   -7.5000   -7.5000  -37.5000 2540.3582   15.2242
    0.0000   -7.5000  -37.5000 2528.4182   15.2782
    7.5000   -7.5000  -37.5000 2497.0916   15.6016
   -7.5000    0.0000  -37.5000 2534.1028   15.3058
    0.0000    0.0000  -37.5000 2522.4402   15.3533
    7.5000    0.0000  -37.5000 2489.1426   15.6656
   -7.5000    7.5000  -37.5000 2507.0911   15.7140
    0.0000    7.5000  -37.5000 2496.0933   15.7478
    7.5000    7.5000  -37.5000 2462.9243   16.0635
   -7.5000   15.0000  -37.5000 2444.9827   16.3693
    0.0000   15.0000  -37.5000 2442.3311   16.4086
    7.5000   15.0000  -37.5000 2409.3650   16.7392
   -7.5000   22.5000  -37.5000 2368.7434   17.2654
    0.0000   22.5000  -37.5000 2371.7009   17.3408
    7.5000   22.5000  -37.5000 2339.0613   17.6416
   -7.5000   30.0000  -37.5000 2278.3899   18.5881
    0.0000   30.0000  -37.5000 2282.8599   18.6408
    7.5000   30.0000  -37.5000 2247.2625   18.9819
   -7.5000   37.5000  -37.5000 2177.6880   20.4157
    0.0000   37.5000  -37.5000 2176.7473   20.4797
    7.5000   37.5000  -37.5000 2144.8152   20.8160
   -7.5000   45.0000  -37.5000 2053.5925   22.8533
    0.0000   45.0000  -37.5000 2056.3665   22.8794
    7.5000   45.0000  -37.5000 2024.2739   23.2534
   -7.5000  -45.0000  -30.0000 2409.0815   18.9884
    0.0000  -45.0000  -30.0000 2401.1531   19.0500
    7.5000  -45.0000  -30.0000 2371.1350   19.3835
   -7.5000  -37.5000  -30.0000 2502.8079   17.3575
    0.0000  -37.5000  -30.0000 2492.1892   17.3853
    7.5000  -37.5000  -30.0000 2466.0554   17.6830
   -7.5000  -30.0000  -30.0000 2583.1450   16.2347
    0.0000  -30.0000  -30.0000 2574.7031   16.2387
    7.5000  -30.0000  -30.0000 2545.6938   16.4809
   -7.5000  -22.5000  -30.0000 2633.0396   15.4458
    0.0000  -22.5000  -30.0000 2625.2551   15.4478
    7.5000  -22.5000  -30.0000 2597.1814   15.6883
   -7.5000  -15.0000  -30.0000 2667.0898   14.9817
    0.0000  -15.0000  -30.0000 2653.5276   14.9911
    7.5000  -15.0000  -30.0000 2624.3330   15.2558
   -7.5000   -7.5000  -30.0000 2677.9321   14.7085
    0.0000   -7.5000  -30.0000 2671.2566   14.7791
    7.5000   -7.5000  -30.0000 2638.7461   15.0709
   -7.5000    0.0000  -30.0000 2675.8757   14.7871
    0.0000    0.0000  -30.0000 2668.1108   14.8752
    7.5000    0.0000  -30.0000 2635.7932   15.1742
   -7.5000    7.5000  -30.0000 2648.7024   15.1584
    0.0000    7.5000  -30.0000 2644.1826   15.2370
    7.5000    7.5000  -30.0000 2607.7227   15.5443
   -7.5000   15.0000  -30.0000 2583.7537   15.7624
    0.0000   15.0000  -30.0000 2585.4358   15.8351
    7.5000   15.0000  -30.0000 2551.9500   16.1679
   -7.5000   22.5000  -30.0000 2503.1890   16.6215
    0.0000   22.5000  -30.0000 2506.8494   16.7183
    7.5000   22.5000  -30.0000 2474.1377   17.0374
   -7.5000   30.0000  -30.0000 2410.8037   17.8928
    0.0000   30.0000  -30.0000 2412.3154   17.9635
    7.5000   30.0000  -30.0000 2378.6692   18.3579
   -7.5000   37.5000  -30.0000 2306.6672   19.6422
    0.0000   37.5000  -30.0000 2304.3618   19.6738
    7.5000   37.5000  -30.0000 2274.7148   20.0849
   -7.5000   45.0000  -30.0000 2169.9697   21.9791
    0.0000   45.0000  -30.0000 2169.6287   21.9901
    7.5000   45.0000  -30.0000 2143.5088   22.4279
   -7.5000  -45.0000  -22.5000 2481.9851   18.4324
    0.0000  -45.0000  -22.5000 2474.5269   18.5122
    7.5000  -45.0000  -22.5000 2449.2666   18.8907
   -7.5000  -37.5000  -22.5000 2582.6206   16.7852
    0.0000  -37.5000  -22.5000 2578.1414   16.8738
    7.5000  -37.5000  -22.5000 2552.5388   17.1807
   -7.5000  -30.0000  -22.5000 2671.9629   15.6266
    0.0000  -30.0000  -22.5000 2664.3950   15.6630
    7.5000  -30.0000  -22.5000 2639.7969   15.9128
   -7.5000  -22.5000  -22.5000 2728.7410   14.8462
    0.0000  -22.5000  -22.5000 2727.8118   14.8635
    7.5000  -22.5000  -22.5000 2698.9141   15.0940
   -7.5000  -15.0000  -22.5000 2762.7251   14.3261
    0.0000  -15.0000  -22.5000 2761.0369   14.3401
    7.5000  -15.0000  -22.5000 2730.9387   14.5998
   -7.5000   -7.5000  -22.5000 2778.9194   14.0129
    0.0000   -7.5000  -22.5000 2777.8208   14.0953
    7.5000   -7.5000  -22.5000 2748.5581   14.4027
   -7.5000    0.0000  -22.5000 2782.0938   14.1440
    0.0000    0.0000  -22.5000 2785.1499   14.2097
    7.5000    0.0000  -22.5000 2753.1726   14.5263
   -7.5000    7.5000  -22.5000 2761.3977   14.5047
    0.0000    7.5000  -22.5000 2761.3521   14.5597
    7.5000    7.5000  -22.5000 2729.4341   14.8858
   -7.5000   15.0000  -22.5000 2697.9839   15.0832
    0.0000   15.0000  -22.5000 2699.9243   15.1468
    7.5000   15.0000  -22.5000 2668.5605   15.4901
   -7.5000   22.5000  -22.5000 2613.0784   15.8817
    0.0000   22.5000  -22.5000 2614.0249   15.9742
    7.5000   22.5000  -22.5000 2588.4456   16.3382
   -7.5000   30.0000  -22.5000 2508.2925   17.0816
    0.0000   30.0000  -22.5000 2512.8145   17.1820
    7.5000   30.0000  -22.5000 2483.1851   17.5524
   -7.5000   37.5000  -22.5000 2407.0957   18.7992
    0.0000   37.5000  -22.5000 2409.6104   18.8453
    7.5000   37.5000  -22.5000 2376.9617   19.2376
   -7.5000   45.0000  -22.5000 2261.9771   21.0624
    0.0000   45.0000  -22.5000 2266.6553   21.0903
    7.5000   45.0000  -22.5000 2238.0359   21.5169
   -7.5000  -45.0000  -15.0000 2510.5750   17.8981
    0.0000  -45.0000  -15.0000 2507.1572   17.9516
    7.5000  -45.0000  -15.0000 2488.5969   18.3416
   -7.5000  -37.5000  -15.0000 2617.0112   16.2880
    0.0000  -37.5000  -15.0000 2617.7378   16.3437
    7.5000  -37.5000  -15.0000 2597.8276   16.6479
   -7.5000  -30.0000  -15.0000 2709.9563   15.0657
    0.0000  -30.0000  -15.0000 2713.2039   15.1288
    7.5000  -30.0000  -15.0000 2691.7354   15.3943
   -7.5000  -22.5000  -15.0000 2786.2812   14.2358
    0.0000  -22.5000  -15.0000 2787.6899   14.2902
    7.5000  -22.5000  -15.0000 2762.8667   14.5529
   -7.5000  -15.0000  -15.0000 2828.7891   13.7002
    0.0000  -15.0000  -15.0000 2828.3083   13.7205
    7.5000  -15.0000  -15.0000 2798.3606   14.0644
   -7.5000   -7.5000  -15.0000 2844.4939   13.3388
    0.0000   -7.5000  -15.0000 2848.3442   13.4188
    7.5000   -7.5000  -15.0000 2817.3120   13.8116
   -7.5000    0.0000  -15.0000 2845.2869   13.4699
    0.0000    0.0000  -15.0000 2857.4382   13.5256
    7.5000    0.0000  -15.0000 2829.0361   13.8920
   -7.5000    7.5000  -15.0000 2825.0310   13.8238
    0.0000    7.5000  -15.0000 2835.2668   13.9104
    7.5000    7.5000  -15.0000 2805.6365   14.2300
   -7.5000   15.0000  -15.0000 2763.8538   14.4004
    0.0000   15.0000  -15.0000 2771.7080   14.5060
    7.5000   15.0000  -15.0000 2748.9243   14.8251
   -7.5000   22.5000  -15.0000 2680.7720   15.2071
    0.0000   22.5000  -15.0000 2686.6094   15.3084
    7.5000   22.5000  -15.0000 2671.1111   15.6820
   -7.5000   30.0000  -15.0000 2577.5481   16.4004
    0.0000   30.0000  -15.0000 2582.3696   16.4771
    7.5000   30.0000  -15.0000 2563.1631   16.9165
   -7.5000   37.5000  -15.0000 2464.7542   18.0585
    0.0000   37.5000  -15.0000 2471.3835   18.1024
    7.5000   37.5000  -15.0000 2437.3567   18.5711
   -7.5000   45.0000  -15.0000 2315.6389   20.2342
    0.0000   45.0000  -15.0000 2323.7766   20.3039
    7.5000   45.0000  -15.0000 2292.1963   20.7617
   -7.5000  -45.0000   -7.5000 2513.2061   17.5086
    0.0000  -45.0000   -7.5000 2510.4656   17.5292
    7.5000  -45.0000   -7.5000 2492.2385   17.8756
   -7.5000  -37.5000   -7.5000 2627.2705   15.9038
    0.0000  -37.5000   -7.5000 2625.5667   15.9313
    7.5000  -37.5000   -7.5000 2609.8303   16.2730
   -7.5000  -30.0000   -7.5000 2730.7683   14.7113
    0.0000  -30.0000   -7.5000 2728.9822   14.7374
    7.5000  -30.0000   -7.5000 2713.0371   15.0702
   -7.5000  -22.5000   -7.5000 2820.7864   13.8904
    0.0000  -22.5000   -7.5000 2824.7231   13.9229
    7.5000  -22.5000   -7.5000 2807.0562   14.1910
   -7.5000  -15.0000   -7.5000 2874.7549   13.3644
    0.0000  -15.0000   -7.5000 2886.7593   13.4158
    7.5000  -15.0000   -7.5000 2857.5991   13.6667
   -7.5000   -7.5000   -7.5000 2886.2324   12.8834
    0.0000   -7.5000   -7.5000 2896.7581   13.0084
    7.5000   -7.5000   -7.5000 2874.4136   13.4137
   -7.5000    0.0000   -7.5000 2882.5571   12.8896
    0.0000    0.0000   -7.5000 2897.3037   13.0226
    7.5000    0.0000   -7.5000 2872.1206   13.4248
   -7.5000    7.5000   -7.5000 2855.4580   13.2126
    0.0000    7.5000   -7.5000 2873.2068   13.3405
    7.5000    7.5000   -7.5000 2847.2595   13.6817
   -7.5000   15.0000   -7.5000 2801.2725   13.7645
    0.0000   15.0000   -7.5000 2819.9543   13.9104
    7.5000   15.0000   -7.5000 2797.0703   14.2764
   -7.5000   22.5000   -7.5000 2722.2686   14.6322
    0.0000   22.5000   -7.5000 2736.1174   14.7533
    7.5000   22.5000   -7.5000 2720.7778   15.1730
   -7.5000   30.0000   -7.5000 2621.3992   15.8660
    0.0000   30.0000   -7.5000 2632.5566   15.9764
    7.5000   30.0000   -7.5000 2609.3105   16.4382
   -7.5000   37.5000   -7.5000 2505.3408   17.5040
    0.0000   37.5000   -7.5000 2512.0325   17.6138
    7.5000   37.5000   -7.5000 2481.9119   18.0685
   -7.5000   45.0000   -7.5000 2353.7378   19.6505
    0.0000   45.0000   -7.5000 2357.0286   19.7273
    7.5000   45.0000   -7.5000 2332.9421   20.2042
   -7.5000  -45.0000    0.0000 2500.1040   17.4053
    0.0000  -45.0000    0.0000 2501.7590   17.4417
    7.5000  -45.0000    0.0000 2475.1335   17.7656
   -7.5000  -37.5000    0.0000 2619.5261   15.8184
    0.0000  -37.5000    0.0000 2623.3188   15.8539
    7.5000  -37.5000    0.0000 2597.6099   16.1353
   -7.5000  -30.0000    0.0000 2730.0134   14.6458
    0.0000  -30.0000    0.0000 2734.6125   14.6704
    7.5000  -30.0000    0.0000 2712.8691   14.9367
   -7.5000  -22.5000    0.0000 2834.9019   13.8720
    0.0000  -22.5000    0.0000 2845.1643   13.9137
    7.5000  -22.5000    0.0000 2819.7156   14.0774
   -7.5000  -15.0000    0.0000 2904.5515   13.3961
    0.0000  -15.0000    0.0000 2926.1650   13.4648
    7.5000  -15.0000    0.0000 2886.7578   13.5608
   -7.5000   -7.5000    0.0000 2923.0471   12.8689
    0.0000   -7.5000    0.0000 2947.3042   13.0367
    7.5000   -7.5000    0.0000 2903.7634   13.2440
   -7.5000    0.0000    0.0000 2899.9314   12.6316
    0.0000    0.0000    0.0000 2919.7312   12.8126
    7.5000    0.0000    0.0000 2895.4951   13.1611
   -7.5000    7.5000    0.0000 2862.7666   12.8399
    0.0000    7.5000    0.0000 2884.9607   12.9694
    7.5000    7.5000    0.0000 2862.2146   13.3370
   -7.5000   15.0000    0.0000 2817.7332   13.4732
    0.0000   15.0000    0.0000 2836.8618   13.5564
    7.5000   15.0000    0.0000 2812.6707   13.9172
   -7.5000   22.5000    0.0000 2739.4988   14.4367
    0.0000   22.5000    0.0000 2755.4922   14.5107
    7.5000   22.5000    0.0000 2727.7222   14.8100
   -7.5000   30.0000    0.0000 2644.9194   15.7455
    0.0000   30.0000    0.0000 2648.4175   15.7721
    7.5000   30.0000    0.0000 2619.7437   16.0966
   -7.5000   37.5000    0.0000 2533.0881   17.4227
    0.0000   37.5000    0.0000 2530.1050   17.4252
    7.5000   37.5000    0.0000 2499.5144   17.7405
   -7.5000   45.0000    0.0000 2381.1294   19.5874
    0.0000   45.0000    0.0000 2375.6414   19.5350
    7.5000   45.0000    0.0000 2349.4514   19.8927
   -7.5000  -45.0000    7.5000 2484.6121   17.5780
    0.0000  -45.0000    7.5000 2485.6790   17.7903
    7.5000  -45.0000    7.5000 2459.9714   17.9892
   -7.5000  -37.5000    7.5000 2606.2568   15.9563
    0.0000  -37.5000    7.5000 2611.6262   16.1155
    7.5000  -37.5000    7.5000 2591.7280   16.3076
   -7.5000  -30.0000    7.5000 2717.0310   14.8052
    0.0000  -30.0000    7.5000 2729.3398   14.9175
    7.5000  -30.0000    7.5000 2708.8916   15.0807
   -7.5000  -22.5000    7.5000 2826.3247   14.0431
    0.0000  -22.5000    7.5000 2851.0269   14.1759
    7.5000  -22.5000    7.5000 2817.6453   14.2327
   -7.5000  -15.0000    7.5000 2909.5977   13.5879
    0.0000  -15.0000    7.5000 2947.8997   13.7720
    7.5000  -15.0000    7.5000 2894.2837   13.6338
   -7.5000   -7.5000    7.5000 2945.6772   13.0816
    0.0000   -7.5000    7.5000 2982.4822   13.3021
    7.5000   -7.5000    7.5000 2920.3611   13.2310
   -7.5000    0.0000    7.5000 2931.3481   12.8001
    0.0000    0.0000    7.5000 2955.2148   12.9478
    7.5000    0.0000    7.5000 2910.2778   13.1318
   -7.5000    7.5000    7.5000 2889.1094   12.9876
    0.0000    7.5000    7.5000 2906.1230   13.0428
    7.5000    7.5000    7.5000 2871.6714   13.3455
   -7.5000   15.0000    7.5000 2829.2603   13.5837
    0.0000   15.0000    7.5000 2846.2144   13.6312
    7.5000   15.0000    7.5000 2819.1118   13.8894
   -7.5000   22.5000    7.5000 2746.0046   14.5215
    0.0000   22.5000    7.5000 2758.7524   14.5590
    7.5000   22.5000    7.5000 2734.0085   14.7961
   -7.5000   30.0000    7.5000 2646.6924   15.8215
    0.0000   30.0000    7.5000 2647.5544   15.8414
    7.5000   30.0000    7.5000 2621.9250   16.0764
   -7.5000   37.5000    7.5000 2531.5352   17.5059
    0.0000   37.5000    7.5000 2532.5051   17.4860
    7.5000   37.5000    7.5000 2500.8977   17.7594
   -7.5000   45.0000    7.5000 2381.9756   19.6040
    0.0000   45.0000    7.5000 2379.7588   19.5686
    7.5000   45.0000    7.5000 2351.2583   19.8680
   -7.5000  -45.0000   15.0000 2443.4131   18.0528
    0.0000  -45.0000   15.0000 2449.1614   18.3160
    7.5000  -45.0000   15.0000 2432.7695   18.4352
   -7.5000  -37.5000   15.0000 2574.7559   16.4466
    0.0000  -37.5000   15.0000 2583.0803   16.6662
    7.5000  -37.5000   15.0000 2561.0994   16.7181
   -7.5000  -30.0000   15.0000 2696.9180   15.2891
    0.0000  -30.0000   15.0000 2708.5005   15.4627
    7.5000  -30.0000   15.0000 2679.5537   15.4715
   -7.5000  -22.5000   15.0000 2814.2529   14.4817
    0.0000  -22.5000   15.0000 2830.6370   14.6448
    7.5000  -22.5000   15.0000 2785.9651   14.5844
   -7.5000  -15.0000   15.0000 2902.9373   13.9279
    0.0000  -15.0000   15.0000 2925.0166   14.1136
    7.5000  -15.0000   15.0000 2868.8157   13.9756
   -7.5000   -7.5000   15.0000 2942.6360   13.3692
    0.0000   -7.5000   15.0000 2959.0854   13.5322
    7.5000   -7.5000   15.0000 2899.3555   13.5444
   -7.5000    0.0000   15.0000 2936.6282   13.1824
    0.0000    0.0000   15.0000 2948.6211   13.1911
    7.5000    0.0000   15.0000 2904.0322   13.4417
   -7.5000    7.5000   15.0000 2897.7671   13.4848
    0.0000    7.5000   15.0000 2914.1733   13.5070
    7.5000    7.5000   15.0000 2866.3291   13.6860
   -7.5000   15.0000   15.0000 2823.1401   14.0630
    0.0000   15.0000   15.0000 2838.4888   14.1073
    7.5000   15.0000   15.0000 2803.7104   14.2860
   -7.5000   22.5000   15.0000 2725.0208   14.8752
    0.0000   22.5000   15.0000 2735.2344   14.9325
    7.5000   22.5000   15.0000 2713.5847   15.1599
   -7.5000   30.0000   15.0000 2616.7961   16.0662
    0.0000   30.0000   15.0000 2618.3889   16.1105
    7.5000   30.0000   15.0000 2599.0615   16.3603
   -7.5000   37.5000   15.0000 2510.0381   17.6901
    0.0000   37.5000   15.0000 2508.6067   17.6659
    7.5000   37.5000   15.0000 2482.3516   17.9630
   -7.5000   45.0000   15.0000 2359.5979   19.7727
    0.0000   45.0000   15.0000 2360.4329   19.7397
    7.5000   45.0000   15.0000 2338.8684   20.0362
   -7.5000  -45.0000   22.5000 2409.2217   18.8157
    0.0000  -45.0000   22.5000 2410.9565   18.9586
    7.5000  -45.0000   22.5000 2393.3538   19.1671
   -7.5000  -37.5000   22.5000 2538.9624   17.1371
    0.0000  -37.5000   22.5000 2538.9609   17.2120
    7.5000  -37.5000   22.5000 2521.4275   17.4155
   -7.5000  -30.0000   22.5000 2663.4207   15.8629
    0.0000  -30.0000   22.5000 2664.3972   15.8942
    7.5000  -30.0000   22.5000 2643.6936   16.0818
   -7.5000  -22.5000   22.5000 2776.2717   14.9660
    0.0000  -22.5000   22.5000 2778.5164   15.0085
    7.5000  -22.5000   22.5000 2750.9502   15.1283
   -7.5000  -15.0000   22.5000 2856.5735   14.2922
    0.0000  -15.0000   22.5000 2864.0974   14.3471
    7.5000  -15.0000   22.5000 2827.8860   14.4577
   -7.5000   -7.5000   22.5000 2890.7825   13.6866
    0.0000   -7.5000   22.5000 2899.7136   13.7100
    7.5000   -7.5000   22.5000 2861.0994   14.0155
   -7.5000    0.0000   22.5000 2891.4563   13.5418
    0.0000    0.0000   22.5000 2902.5044   13.5387
    7.5000    0.0000   22.5000 2864.5811   13.8574
   -7.5000    7.5000   22.5000 2857.8074   13.8626
    0.0000    7.5000   22.5000 2878.5420   13.9077
    7.5000    7.5000   22.5000 2834.8628   14.1205
   -7.5000   15.0000   22.5000 2784.9517   14.5073
    0.0000   15.0000   22.5000 2800.1052   14.5464
    7.5000   15.0000   22.5000 2766.8811   14.7324
   -7.5000   22.5000   22.5000 2692.6172   15.4167
    0.0000   22.5000   22.5000 2704.5527   15.4469
    7.5000   22.5000   22.5000 2679.6748   15.6514
   -7.5000   30.0000   22.5000 2582.8179   16.6558
    0.0000   30.0000   22.5000 2586.5298   16.6906
    7.5000   30.0000   22.5000 2561.5410   16.9193
   -7.5000   37.5000   22.5000 2464.2104   18.2061
    0.0000   37.5000   22.5000 2464.3804   18.2217
    7.5000   37.5000   22.5000 2442.5483   18.5066
   -7.5000   45.0000   22.5000 2313.9802   20.2664
    0.0000   45.0000   22.5000 2313.2273   20.2424
    7.5000   45.0000   22.5000 2299.0034   20.5194
   -7.5000  -45.0000   30.0000 2365.2600   19.6071
    0.0000  -45.0000   30.0000 2366.3376   19.5427
    7.5000  -45.0000   30.0000 2349.3965   19.9424
   -7.5000  -37.5000   30.0000 2490.4678   17.8107
    0.0000  -37.5000   30.0000 2491.1074   17.7244
    7.5000  -37.5000   30.0000 2475.0183   18.1150
   -7.5000  -30.0000   30.0000 2612.0442   16.5156
    0.0000  -30.0000   30.0000 2609.2803   16.4255
    7.5000  -30.0000   30.0000 2589.9883   16.7591
   -7.5000  -22.5000   30.0000 2717.2363   15.5607
    0.0000  -22.5000   30.0000 2713.1187   15.4706
    7.5000  -22.5000   30.0000 2692.5735   15.7679
   -7.5000  -15.0000   30.0000 2790.2083   14.8525
    0.0000  -15.0000   30.0000 2790.4766   14.7799
    7.5000  -15.0000   30.0000 2762.4717   15.0665
   -7.5000   -7.5000   30.0000 2815.3079   14.2582
    0.0000   -7.5000   30.0000 2816.7493   14.2047
    7.5000   -7.5000   30.0000 2788.5610   14.5949
   -7.5000    0.0000   30.0000 2814.7485   14.1585
    0.0000    0.0000   30.0000 2816.1086   14.1003
    7.5000    0.0000   30.0000 2791.3254   14.4667
   -7.5000    7.5000   30.0000 2786.1196   14.4618
    0.0000    7.5000   30.0000 2799.2161   14.4524
    7.5000    7.5000   30.0000 2761.6184   14.7216
   -7.5000   15.0000   30.0000 2720.7842   15.1084
    0.0000   15.0000   30.0000 2728.9956   15.1058
    7.5000   15.0000   30.0000 2700.9314   15.3625
   -7.5000   22.5000   30.0000 2637.1172   16.0288
    0.0000   22.5000   30.0000 2642.1096   16.0187
    7.5000   22.5000   30.0000 2622.5520   16.2768
   -7.5000   30.0000   30.0000 2529.0740   17.2667
    0.0000   30.0000   30.0000 2538.6577   17.2649
    7.5000   30.0000   30.0000 2515.7397   17.5343
   -7.5000   37.5000   30.0000 2405.7041   18.9213
    0.0000   37.5000   30.0000 2414.5405   18.8731
    7.5000   37.5000   30.0000 2391.8110   19.1545
   -7.5000   45.0000   30.0000 2254.5442   20.9564
    0.0000   45.0000   30.0000 2253.2522   20.9241
    7.5000   45.0000   30.0000 2246.1770   21.2152
   -7.5000  -45.0000   37.5000 2310.1187   20.5832
    0.0000  -45.0000   37.5000 2313.3442   20.3618
    7.5000  -45.0000   37.5000 2297.7158   20.9069
   -7.5000  -37.5000   37.5000 2439.4548   18.7212
    0.0000  -37.5000   37.5000 2436.4971   18.4914
    7.5000  -37.5000   37.5000 2419.7114   18.9879
   -7.5000  -30.0000   37.5000 2551.6567   17.3751
    0.0000  -30.0000   37.5000 2547.3704   17.1691
    7.5000  -30.0000   37.5000 2527.9434   17.6118
   -7.5000  -22.5000   37.5000 2650.8289   16.3869
    0.0000  -22.5000   37.5000 2644.3530   16.2137
    7.5000  -22.5000   37.5000 2622.9819   16.6096
   -7.5000  -15.0000   37.5000 2710.3921   15.6065
    0.0000  -15.0000   37.5000 2707.9590   15.4665
    7.5000  -15.0000   37.5000 2682.6885   15.8555
   -7.5000   -7.5000   37.5000 2735.6531   15.0696
    0.0000   -7.5000   37.5000 2734.0627   14.9691
    7.5000   -7.5000   37.5000 2710.3975   15.3598
   -7.5000    0.0000   37.5000 2730.4897   14.9916
    0.0000    0.0000   37.5000 2725.6204   14.8763
    7.5000    0.0000   37.5000 2705.2583   15.2383
   -7.5000    7.5000   37.5000 2703.3704   15.2791
    0.0000    7.5000   37.5000 2703.9780   15.2093
    7.5000    7.5000   37.5000 2679.5894   15.5027
   -7.5000   15.0000   37.5000 2641.0005   15.9144
    0.0000   15.0000   37.5000 2646.8022   15.8190
    7.5000   15.0000   37.5000 2625.2322   16.1238
   -7.5000   22.5000   37.5000 2567.0549   16.8021
    0.0000   22.5000   37.5000 2574.9270   16.7322
    7.5000   22.5000   37.5000 2552.1067   17.0338
   -7.5000   30.0000   37.5000 2463.4917   18.0200
    0.0000   30.0000   37.5000 2476.7341   18.0191
    7.5000   30.0000   37.5000 2453.5303   18.3076
   -7.5000   37.5000   37.5000 2347.8220   19.7304
    0.0000   37.5000   37.5000 2354.9590   19.7147
    7.5000   37.5000   37.5000 2328.0703   19.9948
   -7.5000   45.0000   37.5000 2192.0554   21.8867
    0.0000   45.0000   37.5000 2194.4937   21.8829
    7.5000   45.0000   37.5000 2179.7998   22.1664
   -7.5000  -45.0000   45.0000 2253.7512   21.8771
    0.0000  -45.0000   45.0000 2261.0942   21.5310
    7.5000  -45.0000   45.0000 2242.1841   22.1119
   -7.5000  -37.5000   45.0000 2374.3809   19.9161
    0.0000  -37.5000   45.0000 2374.0322   19.5771
    7.5000  -37.5000   45.0000 2358.9910   20.1444
   -7.5000  -30.0000   45.0000 2479.4866   18.5001
    0.0000  -30.0000   45.0000 2474.3987   18.2371
    7.5000  -30.0000   45.0000 2459.2378   18.7681
   -7.5000  -22.5000   45.0000 2566.1421   17.4315
    0.0000  -22.5000   45.0000 2560.8142   17.2532
    7.5000  -22.5000   45.0000 2542.2766   17.7069
   -7.5000  -15.0000   45.0000 2616.3845   16.6358
    0.0000  -15.0000   45.0000 2617.2388   16.4470
    7.5000  -15.0000   45.0000 2592.7922   16.9204
   -7.5000   -7.5000   45.0000 2641.5854   16.0878
    0.0000   -7.5000   45.0000 2641.1956   16.0069
    7.5000   -7.5000   45.0000 2618.2349   16.3791
   -7.5000    0.0000   45.0000 2639.2334   16.0547
    0.0000    0.0000   45.0000 2635.8318   15.9264
    7.5000    0.0000   45.0000 2616.4143   16.2733
   -7.5000    7.5000   45.0000 2607.8259   16.3664
    0.0000    7.5000   45.0000 2609.2505   16.2560
    7.5000    7.5000   45.0000 2591.4934   16.5537
   -7.5000   15.0000   45.0000 2548.6047   16.9391
    0.0000   15.0000   45.0000 2556.8472   16.8317
    7.5000   15.0000   45.0000 2536.0815   17.1370
   -7.5000   22.5000   45.0000 2479.0449   17.7844
    0.0000   22.5000   45.0000 2493.6033   17.6884
    7.5000   22.5000   45.0000 2469.3345   17.9975
   -7.5000   30.0000   45.0000 2380.6975   18.9839
    0.0000   30.0000   45.0000 2400.0564   18.9573
    7.5000   30.0000   45.0000 2375.7930   19.2399
   -7.5000   37.5000   45.0000 2266.6992   20.7533
    0.0000   37.5000   45.0000 2274.4465   20.7159
    7.5000   37.5000   45.0000 2251.2947   20.9687
   -7.5000   45.0000   45.0000 2124.5283   22.9546
    0.0000   45.0000   45.0000 2125.8972   22.9479
    7.5000   45.0000   45.0000 2111.3459   23.2041

---------------------------------------------------------------------
imgreg_4dfp /opt/freesurfer/average/711-2C_as_mni_average_305 /opt/freesurfer/average/711-2B_as_mni_average_305_mask talsrcimg_g11 none talsrcimg_to_711-2C_as_mni_average_305_t4 1283
---------------------------------------------------------------------

freesurfer imgreg_4dfp.c
/opt/freesurfer/average/711-2C_as_mni_average_305.4dfp.img
       256       256       256         1
  1.000000  1.000000  1.000000
orientation T byte_order littleendian
Reading image: /opt/freesurfer/average/711-2C_as_mni_average_305.4dfp.img
dimensions:      256       256       256
mmppix:       1.0000   -1.0000   -1.0000
center:     128.0000 -129.0000 -129.0000
/opt/freesurfer/average/711-2B_as_mni_average_305_mask.4dfp.img
       256       256       256         1
  1.000000  1.000000  1.000000
orientation T byte_order littleendian
Reading mask: /opt/freesurfer/average/711-2B_as_mni_average_305_mask.4dfp.img (2306576 pixels)
talsrcimg_g11.4dfp.img
       256       256       256         1
  1.000000  1.000000  1.000000
orientation T byte_order littleendian
Reading image: talsrcimg_g11.4dfp.img
dimensions:      256       256       256
mmppix:       1.0000   -1.0000   -1.0000
center:     128.0000 -129.0000 -129.0000
rotation matrix determinant  1.000000
fimgreg.f
image alignment mode   1283 decimal      503 hex
parameters
    0.0000   -7.5000    7.5000    0.0000    0.0000    0.0000
eta,q 0.93668 13.38984
niter,ni,del,rscale     5    3   12.0000    1.2000
parameter  4  1.644711 ->  0.500000 qaram    1.1500
parameters
   -1.9752   -6.9783    9.7373   -3.4500   -2.0568    1.7013
eta,q 0.94837 13.18809
  0.0689  0.0730  0.0740  0.0528  0.0568  0.0600
  0.0629  0.0678  0.0701  0.0539  0.0525  0.0566
  0.0614  0.0639  0.0663  0.0560  0.0519  0.0537
  0.0651  0.0614  0.0615  0.0585  0.0545  0.0519
  0.0695  0.0619  0.0585  0.0611  0.0566  0.0517
  0.0715  0.0648  0.0605  0.0644  0.0607  0.0524
  0.0755  0.0703  0.0647  0.0688  0.0669  0.0544
niter,ni,del,rscale     5    3   12.0000    1.2000
parameters
   -1.3054   -6.3255    9.5612   -5.2188   -3.0454    2.3255
eta,q 0.95079 13.19954
  0.0738  0.0681  0.0641  0.0555  0.0574  0.0558
  0.0663  0.0599  0.0589  0.0515  0.0514  0.0524
  0.0570  0.0532  0.0538  0.0500  0.0490  0.0501
  0.0516  0.0512  0.0514  0.0515  0.0501  0.0492
  0.0523  0.0525  0.0541  0.0542  0.0533  0.0496
  0.0583  0.0559  0.0597  0.0575  0.0571  0.0510
  0.0678  0.0618  0.0659  0.0610  0.0618  0.0534
niter,ni,del,rscale     4    3   12.0000    1.2000
parameters
   -0.8945   -6.0241    9.2999   -5.6685   -3.5669    2.5612
eta,q 0.95181 13.20899
  0.0731  0.0650  0.0623  0.0568  0.0592  0.0547
  0.0640  0.0573  0.0562  0.0524  0.0521  0.0515
  0.0543  0.0509  0.0513  0.0490  0.0481  0.0491
  0.0492  0.0489  0.0490  0.0490  0.0487  0.0482
  0.0500  0.0509  0.0521  0.0515  0.0519  0.0487
  0.0580  0.0553  0.0580  0.0546  0.0563  0.0506
  0.0693  0.0619  0.0645  0.0577  0.0613  0.0539
niter,ni,del,rscale     3    3   12.0000    1.2000
parameters
   -0.6953   -5.8798    9.1471   -6.0098   -3.7872    2.6030
eta,q 0.95231 13.22186
  0.0726  0.0636  0.0625  0.0563  0.0606  0.0544
  0.0630  0.0564  0.0561  0.0523  0.0532  0.0511
  0.0531  0.0501  0.0509  0.0484  0.0480  0.0486
  0.0482  0.0480  0.0481  0.0481  0.0479  0.0477
  0.0501  0.0504  0.0511  0.0508  0.0512  0.0484
  0.0598  0.0555  0.0573  0.0539  0.0556  0.0507
  0.0710  0.0619  0.0640  0.0570  0.0608  0.0545
niter,ni,del,rscale     2    3   12.0000    1.2000
parameters
   -0.5983   -5.7811    9.0260   -6.2430   -3.8964    2.6006
eta,q 0.95255 13.22892
  0.0723  0.0631  0.0627  0.0562  0.0612  0.0545
  0.0626  0.0561  0.0561  0.0525  0.0538  0.0511
  0.0526  0.0499  0.0507  0.0485  0.0480  0.0485
  0.0477  0.0476  0.0476  0.0477  0.0475  0.0474
  0.0504  0.0503  0.0507  0.0504  0.0509  0.0482
  0.0609  0.0558  0.0570  0.0535  0.0555  0.0508
  0.0718  0.0618  0.0639  0.0566  0.0606  0.0548
niter,ni,del,rscale     1    3   12.0000    1.2000
parameters
   -0.5498   -5.7097    8.9442   -6.4025   -3.9507    2.5901
eta,q 0.95264 13.23319
  0.0723  0.0629  0.0629  0.0562  0.0616  0.0546
  0.0625  0.0560  0.0562  0.0527  0.0542  0.0512
  0.0523  0.0498  0.0507  0.0486  0.0481  0.0485
  0.0474  0.0474  0.0474  0.0475  0.0474  0.0474
  0.0507  0.0503  0.0504  0.0501  0.0508  0.0482
  0.0615  0.0559  0.0568  0.0533  0.0555  0.0509
  0.0722  0.0618  0.0639  0.0564  0.0606  0.0549
registration optimization eta report
parameter search radius
    6.0000    6.0000    6.0000    6.9000    6.0000    6.0000
100000*second partial in parameter space
       67.       40.       42.       17.       37.       20.
  0.0723  0.0629  0.0629  0.0562  0.0616  0.0546
  0.0625  0.0560  0.0562  0.0527  0.0542  0.0512
  0.0523  0.0498  0.0507  0.0486  0.0481  0.0485
  0.0474  0.0474  0.0474  0.0475  0.0474  0.0474
  0.0507  0.0503  0.0504  0.0501  0.0508  0.0482
  0.0615  0.0559  0.0568  0.0533  0.0555  0.0509
  0.0722  0.0618  0.0639  0.0564  0.0606  0.0549
   -0.5498   -5.7097    8.9442   -6.4025   -3.9507    2.5901
eta,q 0.95264 13.23319

---------------------------------------------------------------------
imgreg_4dfp /opt/freesurfer/average/711-2C_as_mni_average_305 /opt/freesurfer/average/711-2B_as_mni_average_305_mask talsrcimg_g11 none talsrcimg_to_711-2C_as_mni_average_305_t4 3335
---------------------------------------------------------------------

freesurfer imgreg_4dfp.c
/opt/freesurfer/average/711-2C_as_mni_average_305.4dfp.img
       256       256       256         1
  1.000000  1.000000  1.000000
orientation T byte_order littleendian
Reading image: /opt/freesurfer/average/711-2C_as_mni_average_305.4dfp.img
dimensions:      256       256       256
mmppix:       1.0000   -1.0000   -1.0000
center:     128.0000 -129.0000 -129.0000
/opt/freesurfer/average/711-2B_as_mni_average_305_mask.4dfp.img
       256       256       256         1
  1.000000  1.000000  1.000000
orientation T byte_order littleendian
Reading mask: /opt/freesurfer/average/711-2B_as_mni_average_305_mask.4dfp.img (2306576 pixels)
talsrcimg_g11.4dfp.img
       256       256       256         1
  1.000000  1.000000  1.000000
orientation T byte_order littleendian
Reading image: talsrcimg_g11.4dfp.img
dimensions:      256       256       256
mmppix:       1.0000   -1.0000   -1.0000
center:     128.0000 -129.0000 -129.0000
fimgreg.f
image alignment mode   3335 decimal      D07 hex
parameters
   -0.5498   -5.7097    8.9442   -0.3395   -0.7599   -0.8598
   -5.2583    6.3358    4.5082   11.4493   -6.8897  -11.1248
eta,q 0.94640 13.50829
niter,ni,del,rscale     5    3    5.0000    1.2000
parameter  4  1.192698 ->  0.500000 qaram    1.1500
parameter  5  1.681002 ->  0.500000 qaram    1.1500
parameter  6  0.878218 ->  0.500000 qaram    1.1500
parameters
   -0.8011   -5.8515    8.5915   -4.4795   -4.8999   -4.9998
   -3.4493    6.5166    4.0111    8.9445   -6.1190  -13.5933
eta,q 0.96066 13.14453
  0.0564  0.0552  0.0546  0.0469  0.0405  0.0401  0.0433  0.0442  0.0411  0.0406  0.0409  0.0399
  0.0546  0.0542  0.0538  0.0480  0.0423  0.0400  0.0418  0.0419  0.0403  0.0398  0.0402  0.0395
  0.0536  0.0536  0.0534  0.0499  0.0449  0.0404  0.0406  0.0404  0.0399  0.0395  0.0397  0.0393
  0.0536  0.0535  0.0535  0.0534  0.0484  0.0429  0.0400  0.0398  0.0398  0.0398  0.0395  0.0395
  0.0544  0.0538  0.0539  0.0586  0.0531  0.0469  0.0398  0.0402  0.0400  0.0407  0.0395  0.0399
  0.0558  0.0545  0.0545  0.0646  0.0586  0.0516  0.0402  0.0414  0.0406  0.0420  0.0398  0.0407
  0.0576  0.0556  0.0555  0.0704  0.0636  0.0551  0.0411  0.0440  0.0416  0.0439  0.0404  0.0417
niter,ni,del,rscale     7    3    5.0000    1.2000
parameter  3  1.106911 ->  0.500000 qaram    1.1500
parameter  5  0.886836 ->  0.500000 qaram    1.3225
parameter 12  0.703162 ->  0.500000 qaram    1.1500
parameters
   -1.0884   -4.7288    7.2115   -8.4484   -9.6609   -8.6130
   -3.6707    6.6344    3.9150   11.8313   -4.8268  -17.7333
eta,q 0.96675 12.58092
  0.0413  0.0431  0.0375  0.0374  0.0335  0.0342  0.0360  0.0361  0.0352  0.0369  0.0345  0.0334
  0.0400  0.0415  0.0376  0.0371  0.0340  0.0340  0.0350  0.0350  0.0346  0.0356  0.0342  0.0332
  0.0393  0.0402  0.0381  0.0372  0.0352  0.0341  0.0343  0.0342  0.0341  0.0346  0.0339  0.0334
  0.0393  0.0393  0.0388  0.0377  0.0371  0.0342  0.0340  0.0340  0.0340  0.0340  0.0338  0.0338
  0.0399  0.0388  0.0397  0.0394  0.0403  0.0355  0.0343  0.0342  0.0342  0.0338  0.0338  0.0344
  0.0409  0.0389  0.0409  0.0433  0.0453  0.0385  0.0351  0.0347  0.0346  0.0339  0.0339  0.0353
  0.0423  0.0394  0.0423  0.0491  0.0503  0.0440  0.0363  0.0360  0.0353  0.0343  0.0341  0.0363
niter,ni,del,rscale     7    3    5.0000    1.2000
parameter  2 -0.626551 -> -0.500000 qaram    1.1500
parameter  3  1.016435 ->  0.500000 qaram    1.3225
parameter 10 -1.179378 -> -0.500000 qaram    1.1500
parameters
   -1.1956   -3.3488    5.6245   -9.8733  -14.0307  -11.3330
   -3.8536    6.1923    3.3062   15.9713   -5.8203  -21.7651
eta,q 0.97123 12.26271
  0.0351  0.0369  0.0314  0.0328  0.0318  0.0313  0.0325  0.0326  0.0315  0.0345  0.0295  0.0292
  0.0340  0.0353  0.0316  0.0322  0.0310  0.0307  0.0314  0.0313  0.0308  0.0329  0.0292  0.0288
  0.0334  0.0341  0.0320  0.0318  0.0308  0.0305  0.0307  0.0305  0.0305  0.0315  0.0291  0.0288
  0.0333  0.0332  0.0326  0.0317  0.0317  0.0308  0.0305  0.0305  0.0304  0.0304  0.0291  0.0291
  0.0336  0.0328  0.0336  0.0318  0.0336  0.0310  0.0307  0.0309  0.0307  0.0295  0.0293  0.0298
  0.0343  0.0326  0.0348  0.0325  0.0370  0.0329  0.0315  0.0317  0.0312  0.0290  0.0294  0.0306
  0.0354  0.0328  0.0362  0.0350  0.0422  0.0362  0.0327  0.0330  0.0319  0.0288  0.0297  0.0317
niter,ni,del,rscale     7    3    5.0000    1.2000
parameter  2 -0.590943 -> -0.500000 qaram    1.3225
parameter  3  0.733398 ->  0.500000 qaram    1.5209
parameter 10 -1.011725 -> -0.500000 qaram    1.3225
parameter 12  0.629835 ->  0.500000 qaram    1.3225
parameters
   -1.3079   -1.7618    3.7994  -10.0520  -16.3837  -13.7163
   -4.4621    6.3089    3.5052   20.7323   -5.8413  -26.5261
eta,q 0.97565 12.19135
  0.0310  0.0335  0.0271  0.0282  0.0288  0.0279  0.0286  0.0297  0.0283  0.0329  0.0255  0.0246
  0.0296  0.0315  0.0270  0.0276  0.0278  0.0272  0.0276  0.0282  0.0275  0.0306  0.0251  0.0244
  0.0289  0.0299  0.0272  0.0272  0.0271  0.0268  0.0269  0.0271  0.0269  0.0286  0.0249  0.0244
  0.0288  0.0288  0.0280  0.0270  0.0270  0.0270  0.0268  0.0268  0.0268  0.0268  0.0249  0.0249
  0.0292  0.0281  0.0291  0.0270  0.0279  0.0275  0.0271  0.0271  0.0269  0.0255  0.0250  0.0256
  0.0300  0.0280  0.0306  0.0273  0.0299  0.0289  0.0281  0.0280  0.0274  0.0248  0.0252  0.0265
  0.0313  0.0284  0.0324  0.0287  0.0338  0.0323  0.0294  0.0295  0.0281  0.0248  0.0255  0.0276
niter,ni,del,rscale     7    3    5.0000    1.2000
parameters
   -1.3137   -0.9768    2.4513  -10.3081  -17.3948  -14.1840
   -5.0120    6.2963    3.4176   23.9554   -5.3651  -29.5936
eta,q 0.97693 12.23612
  0.0270  0.0299  0.0249  0.0251  0.0268  0.0264  0.0259  0.0272  0.0256  0.0306  0.0238  0.0240
  0.0255  0.0273  0.0241  0.0243  0.0254  0.0251  0.0248  0.0255  0.0246  0.0277  0.0236  0.0233
  0.0246  0.0254  0.0238  0.0240  0.0243  0.0242  0.0241  0.0243  0.0241  0.0254  0.0234  0.0231
  0.0244  0.0243  0.0241  0.0238  0.0238  0.0239  0.0239  0.0239  0.0239  0.0239  0.0233  0.0233
  0.0247  0.0242  0.0252  0.0239  0.0243  0.0239  0.0243  0.0243  0.0241  0.0233  0.0233  0.0240
  0.0256  0.0248  0.0268  0.0241  0.0259  0.0248  0.0253  0.0254  0.0247  0.0238  0.0234  0.0250
  0.0270  0.0262  0.0290  0.0255  0.0292  0.0279  0.0266  0.0274  0.0256  0.0254  0.0237  0.0263
niter,ni,del,rscale     6    3    5.0000    1.2000
parameters
   -1.3805   -0.7736    1.9652  -10.3484  -18.0897  -14.1836
   -5.1263    6.1534    3.4790   24.4798   -5.4274  -30.2475
eta,q 0.97695 12.22621
  0.0257  0.0275  0.0250  0.0244  0.0262  0.0263  0.0255  0.0267  0.0250  0.0282  0.0235  0.0248
  0.0242  0.0251  0.0238  0.0236  0.0248  0.0248  0.0242  0.0248  0.0240  0.0257  0.0233  0.0237
  0.0233  0.0237  0.0232  0.0232  0.0237  0.0236  0.0234  0.0235  0.0233  0.0239  0.0232  0.0232
  0.0231  0.0231  0.0231  0.0230  0.0230  0.0231  0.0231  0.0231  0.0231  0.0231  0.0231  0.0231
  0.0235  0.0234  0.0235  0.0231  0.0235  0.0229  0.0234  0.0235  0.0233  0.0234  0.0231  0.0234
  0.0244  0.0245  0.0247  0.0233  0.0250  0.0238  0.0243  0.0248  0.0239  0.0248  0.0233  0.0242
  0.0260  0.0264  0.0265  0.0248  0.0281  0.0272  0.0256  0.0272  0.0249  0.0274  0.0236  0.0252
niter,ni,del,rscale     5    3    5.0000    1.2000
parameters
   -1.4119   -0.7791    1.9137  -10.3279  -18.2531  -14.1803
   -5.1868    6.1343    3.4978   24.5896   -5.5025  -30.3976
eta,q 0.97694 12.22487
  0.0257  0.0269  0.0255  0.0244  0.0265  0.0263  0.0255  0.0268  0.0250  0.0279  0.0235  0.0250
  0.0242  0.0247  0.0242  0.0236  0.0250  0.0248  0.0242  0.0249  0.0239  0.0254  0.0233  0.0239
  0.0233  0.0235  0.0234  0.0232  0.0238  0.0236  0.0234  0.0236  0.0233  0.0238  0.0231  0.0232
  0.0230  0.0230  0.0231  0.0231  0.0231  0.0231  0.0231  0.0231  0.0231  0.0231  0.0231  0.0231
  0.0234  0.0235  0.0233  0.0231  0.0233  0.0228  0.0234  0.0234  0.0233  0.0235  0.0231  0.0233
  0.0243  0.0249  0.0242  0.0233  0.0246  0.0238  0.0242  0.0247  0.0239  0.0251  0.0233  0.0241
  0.0258  0.0268  0.0258  0.0247  0.0274  0.0272  0.0256  0.0271  0.0249  0.0279  0.0236  0.0250
niter,ni,del,rscale     4    3    5.0000    1.2000
parameters
   -1.4158   -0.7734    1.9090  -10.3400  -18.2869  -14.1772
   -5.2058    6.1317    3.5066   24.6123   -5.5386  -30.4318
eta,q 0.97693 12.22389
  0.0258  0.0269  0.0256  0.0244  0.0266  0.0263  0.0255  0.0268  0.0250  0.0278  0.0235  0.0250
  0.0243  0.0247  0.0242  0.0237  0.0251  0.0248  0.0242  0.0249  0.0239  0.0254  0.0233  0.0239
  0.0233  0.0235  0.0234  0.0232  0.0238  0.0236  0.0234  0.0236  0.0233  0.0237  0.0232  0.0233
  0.0231  0.0231  0.0231  0.0231  0.0231  0.0231  0.0231  0.0231  0.0231  0.0231  0.0231  0.0231
  0.0234  0.0235  0.0233  0.0231  0.0232  0.0228  0.0233  0.0234  0.0233  0.0235  0.0231  0.0233
  0.0243  0.0248  0.0241  0.0233  0.0245  0.0238  0.0242  0.0246  0.0239  0.0252  0.0232  0.0240
  0.0258  0.0268  0.0257  0.0247  0.0273  0.0273  0.0255  0.0271  0.0250  0.0280  0.0236  0.0250
registration optimization eta report
parameter search radius
    2.4000    3.1740    3.6501    8.2800    9.5220    8.2800
    7.2000    7.2000    7.2000    9.5220    7.2000    9.5220
100000*second partial in parameter space
       47.       37.       19.        2.        4.        6.
        5.        8.        4.        5.        1.        2.
  0.0258  0.0269  0.0256  0.0244  0.0266  0.0263  0.0255  0.0268  0.0250  0.0278  0.0235  0.0250
  0.0243  0.0247  0.0242  0.0237  0.0251  0.0248  0.0242  0.0249  0.0239  0.0254  0.0233  0.0239
  0.0233  0.0235  0.0234  0.0232  0.0238  0.0236  0.0234  0.0236  0.0233  0.0237  0.0232  0.0233
  0.0231  0.0231  0.0231  0.0231  0.0231  0.0231  0.0231  0.0231  0.0231  0.0231  0.0231  0.0231
  0.0234  0.0235  0.0233  0.0231  0.0232  0.0228  0.0233  0.0234  0.0233  0.0235  0.0231  0.0233
  0.0243  0.0248  0.0241  0.0233  0.0245  0.0238  0.0242  0.0246  0.0239  0.0252  0.0232  0.0240
  0.0258  0.0268  0.0257  0.0247  0.0273  0.0273  0.0255  0.0271  0.0250  0.0280  0.0236  0.0250
   -1.4158   -0.7734    1.9090  -10.3400  -18.2869  -14.1772
   -5.2058    6.1317    3.5066   24.6123   -5.5386  -30.4318
eta,q 0.97693 12.22389

---------------------------------------------------------------------
imgreg_4dfp /opt/freesurfer/average/711-2C_as_mni_average_305 /opt/freesurfer/average/711-2B_as_mni_average_305_mask talsrcimg_g11 none talsrcimg_to_711-2C_as_mni_average_305_t4 2311
---------------------------------------------------------------------

freesurfer imgreg_4dfp.c
/opt/freesurfer/average/711-2C_as_mni_average_305.4dfp.img
       256       256       256         1
  1.000000  1.000000  1.000000
orientation T byte_order littleendian
Reading image: /opt/freesurfer/average/711-2C_as_mni_average_305.4dfp.img
dimensions:      256       256       256
mmppix:       1.0000   -1.0000   -1.0000
center:     128.0000 -129.0000 -129.0000
/opt/freesurfer/average/711-2B_as_mni_average_305_mask.4dfp.img
       256       256       256         1
  1.000000  1.000000  1.000000
orientation T byte_order littleendian
Reading mask: /opt/freesurfer/average/711-2B_as_mni_average_305_mask.4dfp.img (2306576 pixels)
talsrcimg_g11.4dfp.img
       256       256       256         1
  1.000000  1.000000  1.000000
orientation T byte_order littleendian
Reading image: talsrcimg_g11.4dfp.img
dimensions:      256       256       256
mmppix:       1.0000   -1.0000   -1.0000
center:     128.0000 -129.0000 -129.0000
fimgreg.f
image alignment mode   2311 decimal      907 hex
parameters
   -1.4158   -0.7734    1.9090  -10.3400  -18.2869  -14.1772
   -5.2058    6.1317    3.5066   24.6123   -5.5386  -30.4318
eta,q 0.97693 12.22389
niter,ni,del,rscale     5    3    5.0000    0.8000
parameters
   -1.4226   -0.8200    2.0292   -9.0819  -17.4364  -12.3206
   -5.0280    6.1765    3.7249   25.4107   -6.3223  -30.4481
eta,q 0.97730 12.48592
  0.0243  0.0240  0.0236  0.0235  0.0245  0.0245  0.0241  0.0247  0.0238  0.0245  0.0229  0.0233
  0.0236  0.0235  0.0233  0.0233  0.0239  0.0238  0.0234  0.0237  0.0232  0.0236  0.0228  0.0229
  0.0232  0.0232  0.0231  0.0231  0.0234  0.0233  0.0229  0.0230  0.0229  0.0231  0.0227  0.0228
  0.0231  0.0231  0.0231  0.0231  0.0231  0.0230  0.0228  0.0228  0.0228  0.0228  0.0227  0.0227
  0.0232  0.0232  0.0231  0.0231  0.0230  0.0228  0.0229  0.0229  0.0228  0.0227  0.0228  0.0227
  0.0236  0.0236  0.0232  0.0231  0.0233  0.0227  0.0233  0.0235  0.0231  0.0230  0.0229  0.0229
  0.0243  0.0241  0.0235  0.0232  0.0238  0.0232  0.0239  0.0248  0.0236  0.0237  0.0232  0.0233
niter,ni,del,rscale     4    3    5.0000    0.7000
parameters
   -1.3951   -0.8314    1.9567   -8.7073  -17.5150  -12.6685
   -5.0389    6.2864    3.7509   25.3699   -6.2269  -30.4690
eta,q 0.97725 12.48618
  0.0237  0.0235  0.0231  0.0230  0.0236  0.0235  0.0237  0.0243  0.0235  0.0237  0.0230  0.0232
  0.0232  0.0231  0.0229  0.0229  0.0231  0.0232  0.0232  0.0234  0.0231  0.0232  0.0228  0.0229
  0.0228  0.0228  0.0227  0.0228  0.0228  0.0229  0.0229  0.0230  0.0228  0.0229  0.0228  0.0228
  0.0227  0.0227  0.0227  0.0227  0.0227  0.0227  0.0227  0.0227  0.0227  0.0227  0.0227  0.0227
  0.0228  0.0228  0.0228  0.0227  0.0228  0.0226  0.0228  0.0228  0.0228  0.0228  0.0228  0.0228
  0.0231  0.0231  0.0229  0.0227  0.0231  0.0231  0.0232  0.0233  0.0231  0.0232  0.0228  0.0229
  0.0236  0.0235  0.0232  0.0230  0.0237  0.0244  0.0237  0.0242  0.0235  0.0238  0.0230  0.0232
niter,ni,del,rscale     3    3    5.0000    0.6000
parameters
   -1.4080   -0.8262    1.9262   -8.4977  -17.4821  -12.4041
   -4.9932    6.2380    3.7678   25.4868   -6.5083  -30.5054
eta,q 0.97731 12.52135
  0.0234  0.0234  0.0230  0.0229  0.0234  0.0235  0.0234  0.0238  0.0233  0.0235  0.0228  0.0230
  0.0230  0.0230  0.0229  0.0229  0.0231  0.0232  0.0230  0.0232  0.0229  0.0231  0.0228  0.0228
  0.0228  0.0228  0.0228  0.0228  0.0228  0.0230  0.0228  0.0228  0.0228  0.0228  0.0227  0.0227
  0.0227  0.0227  0.0227  0.0227  0.0227  0.0227  0.0227  0.0227  0.0227  0.0227  0.0227  0.0227
  0.0228  0.0228  0.0228  0.0227  0.0228  0.0226  0.0228  0.0228  0.0228  0.0227  0.0227  0.0227
  0.0231  0.0230  0.0229  0.0228  0.0230  0.0228  0.0230  0.0232  0.0229  0.0230  0.0228  0.0228
  0.0235  0.0233  0.0231  0.0230  0.0234  0.0235  0.0234  0.0239  0.0232  0.0234  0.0229  0.0230
niter,ni,del,rscale     2    3    5.0000    0.5000
parameters
   -1.3995   -0.8379    1.8906   -8.1674  -17.4945  -12.1436
   -4.9497    6.2343    3.8082   25.5634   -6.8330  -30.4925
eta,q 0.97738 12.55768
  0.0232  0.0231  0.0229  0.0229  0.0232  0.0233  0.0231  0.0235  0.0230  0.0232  0.0228  0.0228
  0.0229  0.0229  0.0228  0.0228  0.0229  0.0231  0.0229  0.0230  0.0228  0.0229  0.0227  0.0227
  0.0227  0.0227  0.0227  0.0227  0.0227  0.0229  0.0227  0.0227  0.0227  0.0227  0.0226  0.0226
  0.0227  0.0227  0.0227  0.0227  0.0227  0.0227  0.0226  0.0226  0.0226  0.0226  0.0226  0.0226
  0.0227  0.0227  0.0227  0.0227  0.0227  0.0226  0.0227  0.0227  0.0227  0.0227  0.0227  0.0226
  0.0229  0.0229  0.0228  0.0227  0.0229  0.0227  0.0228  0.0230  0.0228  0.0228  0.0227  0.0227
  0.0232  0.0231  0.0229  0.0228  0.0232  0.0233  0.0231  0.0235  0.0230  0.0232  0.0228  0.0228
niter,ni,del,rscale     1    3    5.0000    0.4000
parameters
   -1.3874   -0.8441    1.8966   -7.9579  -17.5021  -11.8607
   -4.9376    6.2507    3.8283   25.6020   -7.0393  -30.4411
eta,q 0.97743 12.58371
  0.0230  0.0229  0.0228  0.0227  0.0229  0.0231  0.0229  0.0232  0.0228  0.0229  0.0227  0.0227
  0.0228  0.0227  0.0227  0.0227  0.0228  0.0230  0.0227  0.0228  0.0227  0.0227  0.0226  0.0226
  0.0227  0.0227  0.0226  0.0227  0.0227  0.0228  0.0226  0.0226  0.0226  0.0226  0.0226  0.0226
  0.0226  0.0226  0.0226  0.0226  0.0226  0.0226  0.0226  0.0226  0.0226  0.0226  0.0226  0.0226
  0.0227  0.0226  0.0226  0.0226  0.0227  0.0225  0.0226  0.0226  0.0226  0.0226  0.0226  0.0226
  0.0228  0.0228  0.0227  0.0226  0.0228  0.0227  0.0227  0.0228  0.0227  0.0227  0.0226  0.0226
  0.0229  0.0229  0.0228  0.0227  0.0229  0.0231  0.0229  0.0232  0.0228  0.0229  0.0227  0.0227
registration optimization eta report
parameter search radius
    0.8000    0.8000    0.8000    2.4000    2.4000    2.4000
    2.4000    2.4000    2.4000    2.4000    2.4000    2.4000
100000*second partial in parameter space
       53.       43.       27.        2.        6.        8.
        6.       11.        4.        6.        2.        2.
  0.0230  0.0229  0.0228  0.0227  0.0229  0.0231  0.0229  0.0232  0.0228  0.0229  0.0227  0.0227
  0.0228  0.0227  0.0227  0.0227  0.0228  0.0230  0.0227  0.0228  0.0227  0.0227  0.0226  0.0226
  0.0227  0.0227  0.0226  0.0227  0.0227  0.0228  0.0226  0.0226  0.0226  0.0226  0.0226  0.0226
  0.0226  0.0226  0.0226  0.0226  0.0226  0.0226  0.0226  0.0226  0.0226  0.0226  0.0226  0.0226
  0.0227  0.0226  0.0226  0.0226  0.0227  0.0225  0.0226  0.0226  0.0226  0.0226  0.0226  0.0226
  0.0228  0.0228  0.0227  0.0226  0.0228  0.0227  0.0227  0.0228  0.0227  0.0227  0.0226  0.0226
  0.0229  0.0229  0.0228  0.0227  0.0229  0.0231  0.0229  0.0232  0.0228  0.0229  0.0227  0.0227
   -1.3874   -0.8441    1.8966   -7.9579  -17.5021  -11.8607
   -4.9376    6.2507    3.8283   25.6020   -7.0393  -30.4411
eta,q 0.97743 12.58371

---------------------------------------------------------------------
imgreg_4dfp /opt/freesurfer/average/711-2C_as_mni_average_305 /opt/freesurfer/average/711-2B_as_mni_average_305_mask talsrcimg_g11 none talsrcimg_to_711-2C_as_mni_average_305_t4 2311
---------------------------------------------------------------------

freesurfer imgreg_4dfp.c
/opt/freesurfer/average/711-2C_as_mni_average_305.4dfp.img
       256       256       256         1
  1.000000  1.000000  1.000000
orientation T byte_order littleendian
Reading image: /opt/freesurfer/average/711-2C_as_mni_average_305.4dfp.img
dimensions:      256       256       256
mmppix:       1.0000   -1.0000   -1.0000
center:     128.0000 -129.0000 -129.0000
/opt/freesurfer/average/711-2B_as_mni_average_305_mask.4dfp.img
       256       256       256         1
  1.000000  1.000000  1.000000
orientation T byte_order littleendian
Reading mask: /opt/freesurfer/average/711-2B_as_mni_average_305_mask.4dfp.img (2306576 pixels)
talsrcimg_g11.4dfp.img
       256       256       256         1
  1.000000  1.000000  1.000000
orientation T byte_order littleendian
Reading image: talsrcimg_g11.4dfp.img
dimensions:      256       256       256
mmppix:       1.0000   -1.0000   -1.0000
center:     128.0000 -129.0000 -129.0000
fimgreg.f
image alignment mode   2311 decimal      907 hex
parameters
   -1.3874   -0.8441    1.8966   -7.9579  -17.5021  -11.8607
   -4.9376    6.2507    3.8283   25.6020   -7.0393  -30.4411
eta,q 0.97743 12.58371
niter,ni,del,rscale     5    3    5.0000    0.8000
parameters
   -1.3664   -0.8324    2.0316   -8.9736  -17.5859  -12.7155
   -5.1084    6.3519    3.7546   25.2862   -6.0193  -30.4223
eta,q 0.97724 12.45640
  0.0240  0.0237  0.0235  0.0229  0.0237  0.0236  0.0239  0.0247  0.0237  0.0239  0.0231  0.0233
  0.0232  0.0231  0.0230  0.0228  0.0232  0.0232  0.0233  0.0236  0.0232  0.0233  0.0230  0.0230
  0.0227  0.0227  0.0227  0.0226  0.0228  0.0229  0.0229  0.0230  0.0229  0.0229  0.0228  0.0228
  0.0226  0.0226  0.0226  0.0226  0.0226  0.0226  0.0228  0.0228  0.0228  0.0228  0.0228  0.0228
  0.0227  0.0227  0.0226  0.0226  0.0227  0.0227  0.0229  0.0229  0.0229  0.0230  0.0228  0.0228
  0.0232  0.0231  0.0229  0.0230  0.0232  0.0237  0.0234  0.0235  0.0232  0.0235  0.0228  0.0230
  0.0239  0.0236  0.0232  0.0239  0.0239  0.0257  0.0241  0.0246  0.0238  0.0243  0.0229  0.0233
niter,ni,del,rscale     4    3    5.0000    0.7000
parameters
   -1.4057   -0.8165    1.9732   -8.8019  -17.4999  -12.6746
   -5.0185    6.2618    3.7230   25.3634   -6.1430  -30.4652
eta,q 0.97725 12.47980
  0.0237  0.0236  0.0231  0.0231  0.0237  0.0236  0.0237  0.0241  0.0235  0.0238  0.0229  0.0232
  0.0231  0.0231  0.0229  0.0229  0.0232  0.0233  0.0232  0.0234  0.0231  0.0233  0.0228  0.0229
  0.0228  0.0229  0.0228  0.0228  0.0229  0.0230  0.0229  0.0229  0.0228  0.0229  0.0228  0.0228
  0.0228  0.0228  0.0228  0.0228  0.0228  0.0227  0.0227  0.0227  0.0227  0.0227  0.0227  0.0227
  0.0229  0.0228  0.0228  0.0227  0.0228  0.0226  0.0228  0.0229  0.0228  0.0228  0.0228  0.0228
  0.0232  0.0231  0.0230  0.0228  0.0231  0.0229  0.0231  0.0234  0.0231  0.0232  0.0228  0.0229
  0.0238  0.0236  0.0232  0.0231  0.0237  0.0239  0.0237  0.0243  0.0235  0.0238  0.0230  0.0232
niter,ni,del,rscale     3    3    5.0000    0.6000
parameters
   -1.4114   -0.8261    1.9303   -8.5124  -17.4817  -12.4034
   -4.9841    6.2362    3.7618   25.4848   -6.4876  -30.4925
eta,q 0.97731 12.52010
  0.0235  0.0234  0.0230  0.0230  0.0234  0.0235  0.0234  0.0238  0.0233  0.0235  0.0228  0.0230
  0.0230  0.0230  0.0229  0.0229  0.0231  0.0232  0.0230  0.0232  0.0230  0.0231  0.0227  0.0228
  0.0228  0.0228  0.0228  0.0228  0.0228  0.0230  0.0228  0.0228  0.0228  0.0228  0.0227  0.0227
  0.0227  0.0227  0.0227  0.0227  0.0227  0.0227  0.0227  0.0227  0.0227  0.0227  0.0227  0.0227
  0.0228  0.0228  0.0228  0.0227  0.0228  0.0226  0.0228  0.0228  0.0228  0.0227  0.0227  0.0227
  0.0231  0.0230  0.0229  0.0228  0.0230  0.0228  0.0230  0.0232  0.0229  0.0230  0.0228  0.0228
  0.0235  0.0234  0.0231  0.0229  0.0234  0.0235  0.0234  0.0239  0.0232  0.0234  0.0229  0.0230
niter,ni,del,rscale     2    3    5.0000    0.5000
parameters
   -1.3973   -0.8413    1.8967   -8.1983  -17.4859  -12.1355
   -4.9611    6.2331    3.8051   25.5704   -6.8273  -30.4970
eta,q 0.97738 12.55688
  0.0232  0.0231  0.0229  0.0228  0.0232  0.0233  0.0231  0.0235  0.0230  0.0232  0.0227  0.0228
  0.0229  0.0229  0.0228  0.0228  0.0229  0.0231  0.0229  0.0230  0.0228  0.0229  0.0227  0.0227
  0.0227  0.0227  0.0227  0.0227  0.0227  0.0229  0.0227  0.0227  0.0227  0.0227  0.0226  0.0226
  0.0227  0.0227  0.0227  0.0227  0.0227  0.0227  0.0226  0.0226  0.0226  0.0226  0.0226  0.0226
  0.0227  0.0227  0.0227  0.0227  0.0227  0.0226  0.0227  0.0227  0.0227  0.0227  0.0227  0.0226
  0.0229  0.0229  0.0228  0.0227  0.0229  0.0227  0.0228  0.0230  0.0228  0.0228  0.0227  0.0227
  0.0232  0.0231  0.0229  0.0228  0.0232  0.0233  0.0231  0.0235  0.0230  0.0232  0.0228  0.0228
niter,ni,del,rscale     1    3    5.0000    0.4000
parameters
   -1.3840   -0.8431    1.9029   -7.9651  -17.4938  -11.8462
   -4.9309    6.2511    3.8419   25.5985   -7.0135  -30.4120
eta,q 0.97743 12.58381
  0.0230  0.0229  0.0228  0.0227  0.0229  0.0231  0.0229  0.0232  0.0228  0.0229  0.0227  0.0227
  0.0228  0.0227  0.0227  0.0227  0.0228  0.0230  0.0227  0.0228  0.0227  0.0227  0.0226  0.0226
  0.0227  0.0227  0.0226  0.0227  0.0227  0.0228  0.0226  0.0226  0.0226  0.0226  0.0226  0.0226
  0.0226  0.0226  0.0226  0.0226  0.0226  0.0226  0.0226  0.0226  0.0226  0.0226  0.0226  0.0226
  0.0227  0.0227  0.0226  0.0226  0.0227  0.0225  0.0226  0.0226  0.0226  0.0226  0.0226  0.0226
  0.0228  0.0227  0.0227  0.0226  0.0228  0.0227  0.0227  0.0228  0.0227  0.0227  0.0226  0.0226
  0.0229  0.0229  0.0228  0.0227  0.0229  0.0231  0.0229  0.0232  0.0228  0.0229  0.0227  0.0227
registration optimization eta report
parameter search radius
    0.8000    0.8000    0.8000    2.4000    2.4000    2.4000
    2.4000    2.4000    2.4000    2.4000    2.4000    2.4000
100000*second partial in parameter space
       53.       44.       28.        2.        6.        8.
        6.       10.        4.        6.        2.        3.
  0.0230  0.0229  0.0228  0.0227  0.0229  0.0231  0.0229  0.0232  0.0228  0.0229  0.0227  0.0227
  0.0228  0.0227  0.0227  0.0227  0.0228  0.0230  0.0227  0.0228  0.0227  0.0227  0.0226  0.0226
  0.0227  0.0227  0.0226  0.0227  0.0227  0.0228  0.0226  0.0226  0.0226  0.0226  0.0226  0.0226
  0.0226  0.0226  0.0226  0.0226  0.0226  0.0226  0.0226  0.0226  0.0226  0.0226  0.0226  0.0226
  0.0227  0.0227  0.0226  0.0226  0.0227  0.0225  0.0226  0.0226  0.0226  0.0226  0.0226  0.0226
  0.0228  0.0227  0.0227  0.0226  0.0228  0.0227  0.0227  0.0228  0.0227  0.0227  0.0226  0.0226
  0.0229  0.0229  0.0228  0.0227  0.0229  0.0231  0.0229  0.0232  0.0228  0.0229  0.0227  0.0227
   -1.3840   -0.8431    1.9029   -7.9651  -17.4938  -11.8462
   -4.9309    6.2511    3.8419   25.5985   -7.0135  -30.4120
eta,q 0.97743 12.58381

---------------------------------------------------------------------
compute_vox2vox talsrcimg talsrcimg_to_711-2C_as_mni_average_305_t4 /opt/freesurfer/average/711-2C_as_mni_average_305
---------------------------------------------------------------------

freesurfer compute_vox2vox.c
Reading: talsrcimg.4dfp.ifh
Reading: talsrcimg_to_711-2C_as_mni_average_305_t4
Reading: /opt/freesurfer/average/711-2C_as_mni_average_305.4dfp.ifh
Writing: talsrcimg_to_711-2C_as_mni_average_305_t4_vox2vox.txt

start time Sun Mar 8 12:45:58 CET 2026
end		time Sun Mar 8 12:47:23 CET 2026

mpr2mni305 success

avi2talxfm orig_nu.mgz /opt/freesurfer/average/mni305.cor.mgz talsrcimg_to_711-2C_as_mni_average_305_t4_vox2vox.txt transforms/talairach.auto.xfm
avi2talxfm done
mv -f /out/sourcedata/freesurfer/sub-v1s12x0050134_ses-1/mri/talsrcimg_to_711-2C_as_mni_average_305_t4_vox2vox.txt /out/sourcedata/freesurfer/sub-v1s12x0050134_ses-1/mri/transforms/talsrcimg_to_711-2C_as_mni_average_305_t4_vox2vox.txt
lta_convert --src orig_nu.mgz --trg /opt/freesurfer/average/mni305.cor.mgz --inxfm transforms/talairach.auto.xfm --outlta transforms/talairach.auto.xfm.lta --subject fsaverage
7.3.2

--src: orig_nu.mgz src image (geometry).
--trg: /opt/freesurfer/average/mni305.cor.mgz trg image (geometry).
--inmni: transforms/talairach.auto.xfm input MNI/XFM transform.
--outlta: transforms/talairach.auto.xfm.lta output LTA.
--s: fsaverage subject name
 LTA read, type : 1
 1.07862  -0.08600   0.03276   12.04030;
 0.06187   1.01977   0.37959   7.49227;
-0.06942  -0.31239   1.09273   20.93088;
 0.00000   0.00000   0.00000   1.00000;
setting subject to fsaverage
Writing  LTA to file transforms/talairach.auto.xfm.lta...
lta_convert successful.
 
 
Started at Sun Mar 8 12:45:57 CET 2026
Ended   at Sun Mar  8 12:47:24 CET 2026
talairach_avi done
