/out/sourcedata/freesurfer/sub-v1s12x0050121_ses-1/mri
/opt/freesurfer/bin/talairach_avi
--i orig_nu.mgz --xfm transforms/talairach.auto.xfm
talairach_avi 7.3.2
Linux dna063 5.14.0-427.37.1.el9_4.x86_64 #1 SMP PREEMPT_DYNAMIC Fri Sep 13 12:41:50 EDT 2024 x86_64 x86_64 x86_64 GNU/Linux
Sun Mar  8 12:45:49 CET 2026
mri_convert orig_nu.mgz talsrcimg.img 
reading from orig_nu.mgz...
TR=0.00, TE=0.00, TI=0.00, flip angle=0.00
i_ras = (-1, 0, 0)
j_ras = (0, 0, -1)
k_ras = (0, 1, 0)
writing to talsrcimg.img...
Analyze Output Matrix
-1.00000   0.00000   0.00000   127.08284;
 0.00000   0.00000   1.00000  -120.73608;
 0.00000  -1.00000   0.00000   139.69205;
 0.00000   0.00000   0.00000   1.00000;
--------------------
INFO: set hdr.hist.orient to -1
mpr2mni305 talsrcimg
Sun Mar  8 12:45:49 CET 2026
/opt/freesurfer/bin/mpr2mni305 talsrcimg
mpr2mni305 7.3.2
target=711-2C_as_mni_average_305

---------------------------------------------------------------------
analyzeto4dfp talsrcimg -O0 -y
---------------------------------------------------------------------

freesurfer ifh2hdr.c
Sun Mar  8 12:45:50 2026
Writing: talsrcimg.4dfp.hdr
freesurfer analyzeto4dfp.c
Reading: talsrcimg.hdr
header size 348 bytes
hdr.dime.datatype	offset=70	value=2
hdr.dime.bitpix		offset=72	value=8
hdr.hist.orient		offset=252	value=-1
dimensionality     4
dimensions       256       256       256         1
Reading: talsrcimg.img
Writing: talsrcimg.4dfp.img
Writing: talsrcimg.4dfp.ifh
ifh2hdr talsrcimg -r0to221
ori=2

---------------------------------------------------------------------
gauss_4dfp talsrcimg 1.1
---------------------------------------------------------------------

freesurfer gauss_4dfp.c
Reading: talsrcimg.4dfp.img
Writing: talsrcimg_g11.4dfp.img
image dimensions 256 256 256 padded to 288 288 288
processing volume 1freesurfer ifh2hdr.c
Sun Mar  8 12:45:51 2026
Writing: talsrcimg_g11.4dfp.hdr

Writing: talsrcimg_g11.4dfp.ifh
including: talsrcimg.4dfp.img.rec in talsrcimg_g11.4dfp.img.rec

---------------------------------------------------------------------
imgreg_4dfp /opt/freesurfer/average/711-2C_as_mni_average_305 none talsrcimg_g11 none talsrcimg_to_711-2C_as_mni_average_305_t4 4355
---------------------------------------------------------------------

freesurfer imgreg_4dfp.c
/opt/freesurfer/average/711-2C_as_mni_average_305.4dfp.img
       256       256       256         1
  1.000000  1.000000  1.000000
orientation T byte_order littleendian
Reading image: /opt/freesurfer/average/711-2C_as_mni_average_305.4dfp.img
dimensions:      256       256       256
mmppix:       1.0000   -1.0000   -1.0000
center:     128.0000 -129.0000 -129.0000
talsrcimg_g11.4dfp.img
       256       256       256         1
  1.000000  1.000000  1.000000
orientation T byte_order littleendian
Reading image: talsrcimg_g11.4dfp.img
dimensions:      256       256       256
mmppix:       1.0000   -1.0000   -1.0000
center:     128.0000 -129.0000 -129.0000
t4_read: open error in t4_sub.f l:  41 t4_file(1:l)talsrcimg_to_711-2C_as_mni_average_305_t4 
t4_read: transform initialized to I4
rotation matrix determinant  1.000000
image alignment mode   4355 decimal     1103 hex
   -7.5000  -45.0000  -45.0000 9118.8438   15.6560
    0.0000  -45.0000  -45.0000 9464.0918   15.6487
    7.5000  -45.0000  -45.0000 8928.6641   15.6702
   -7.5000  -37.5000  -45.0000 9663.3184   15.6528
    0.0000  -37.5000  -45.000010008.7119   15.6467
    7.5000  -37.5000  -45.0000 9434.0557   15.6646
   -7.5000  -30.0000  -45.000010584.3721   15.6653
    0.0000  -30.0000  -45.000010962.1172   15.6609
    7.5000  -30.0000  -45.000010307.9912   15.6789
   -7.5000  -22.5000  -45.000011495.6377   15.6735
    0.0000  -22.5000  -45.000011888.9668   15.6692
    7.5000  -22.5000  -45.000011171.8262   15.6907
   -7.5000  -15.0000  -45.000012297.2852   15.6696
    0.0000  -15.0000  -45.000012688.9375   15.6637
    7.5000  -15.0000  -45.000011944.4883   15.6869
   -7.5000   -7.5000  -45.000012923.2773   15.6581
    0.0000   -7.5000  -45.000013301.2734   15.6508
    7.5000   -7.5000  -45.000012512.4629   15.6739
   -7.5000    0.0000  -45.000013311.7529   15.6495
    0.0000    0.0000  -45.000013693.0312   15.6421
    7.5000    0.0000  -45.000012864.6416   15.6634
   -7.5000    7.5000  -45.000012714.0312   15.6528
    0.0000    7.5000  -45.000013097.2520   15.6467
    7.5000    7.5000  -45.000012317.8408   15.6646
   -7.5000   15.0000  -45.000012078.4463   15.6653
    0.0000   15.0000  -45.000012455.0508   15.6609
    7.5000   15.0000  -45.000011734.8086   15.6789
   -7.5000   22.5000  -45.000011311.5791   15.6713
    0.0000   22.5000  -45.000011666.4189   15.6670
    7.5000   22.5000  -45.000010970.4902   15.6885
   -7.5000   30.0000  -45.000010418.7148   15.4608
    0.0000   30.0000  -45.000010766.3945   15.4550
    7.5000   30.0000  -45.000010129.0928   15.4778
   -7.5000   37.5000  -45.0000 9877.5869   15.4494
    0.0000   37.5000  -45.000010215.0547   15.4422
    7.5000   37.5000  -45.0000 9638.7402   15.4651
   -7.5000   45.0000  -45.0000 8976.0127   15.0898
    0.0000   45.0000  -45.0000 9283.7422   15.0827
    7.5000   45.0000  -45.0000 8768.4473   15.1036
   -7.5000  -45.0000  -37.5000 9528.5986   15.6552
    0.0000  -45.0000  -37.5000 9870.8975   15.6471
    7.5000  -45.0000  -37.5000 9338.0684   15.6663
   -7.5000  -37.5000  -37.500010106.7070   15.6577
    0.0000  -37.5000  -37.500010462.5996   15.6500
    7.5000  -37.5000  -37.5000 9888.2520   15.6664
   -7.5000  -30.0000  -37.500011084.7354   15.6707
    0.0000  -30.0000  -37.500011456.3418   15.6634
    7.5000  -30.0000  -37.500010812.2520   15.6803
   -7.5000  -22.5000  -37.500012076.7578   15.6731
    0.0000  -22.5000  -37.500012469.9229   15.6652
    7.5000  -22.5000  -37.500011744.4121   15.6848
   -7.5000  -15.0000  -37.500012932.4219   15.6634
    0.0000  -15.0000  -37.500013332.2744   15.6544
    7.5000  -15.0000  -37.500012537.4346   15.6749
   -7.5000   -7.5000  -37.500013579.1055   15.6519
    0.0000   -7.5000  -37.500013978.5625   15.6429
    7.5000   -7.5000  -37.500013110.2217   15.6634
   -7.5000    0.0000  -37.500013921.6035   15.6486
    0.0000    0.0000  -37.500014343.3369   15.6404
    7.5000    0.0000  -37.500013458.9053   15.6595
   -7.5000    7.5000  -37.500013288.2148   15.6577
    0.0000    7.5000  -37.500013677.5703   15.6500
    7.5000    7.5000  -37.500012877.1875   15.6664
   -7.5000   15.0000  -37.500012649.4678   15.6707
    0.0000   15.0000  -37.500013023.6162   15.6634
    7.5000   15.0000  -37.500012261.9570   15.6803
   -7.5000   22.5000  -37.500011840.9893   15.6710
    0.0000   22.5000  -37.500012208.2061   15.6630
    7.5000   22.5000  -37.500011508.2188   15.6826
   -7.5000   30.0000  -37.500010900.0332   15.4547
    0.0000   30.0000  -37.500011242.2090   15.4458
    7.5000   30.0000  -37.500010611.0693   15.4660
   -7.5000   37.5000  -37.500010291.0820   15.4433
    0.0000   37.5000  -37.500010645.5869   15.4345
    7.5000   37.5000  -37.500010065.1670   15.4547
   -7.5000   45.0000  -37.5000 9346.7061   15.0885
    0.0000   45.0000  -37.5000 9660.0791   15.0808
    7.5000   45.0000  -37.5000 9131.7432   15.0995
   -7.5000  -45.0000  -30.000010112.1162   16.3177
    0.0000  -45.0000  -30.000010466.0449   16.3132
    7.5000  -45.0000  -30.0000 9927.6064   16.3331
   -7.5000  -37.5000  -30.000010735.7090   16.3217
    0.0000  -37.5000  -30.000011099.3291   16.3178
    7.5000  -37.5000  -30.000010499.8008   16.3358
   -7.5000  -30.0000  -30.000011795.2949   16.3371
    0.0000  -30.0000  -30.000012186.9033   16.3339
    7.5000  -30.0000  -30.000011495.2207   16.3514
   -7.5000  -22.5000  -30.000012880.9307   16.3405
    0.0000  -22.5000  -30.000013298.0381   16.3363
    7.5000  -22.5000  -30.000012498.9365   16.3536
   -7.5000  -15.0000  -30.000013820.4121   16.3294
    0.0000  -15.0000  -30.000014255.4834   16.3236
    7.5000  -15.0000  -30.000013364.8564   16.3408
   -7.5000   -7.5000  -30.000014465.8232   16.3152
    0.0000   -7.5000  -30.000014904.9121   16.3097
    7.5000   -7.5000  -30.000013973.4658   16.3286
   -7.5000    0.0000  -30.000014810.1758   16.3108
    0.0000    0.0000  -30.000015271.5244   16.3063
    7.5000    0.0000  -30.000014333.0449   16.3259
   -7.5000    7.5000  -30.000014163.7832   16.3217
    0.0000    7.5000  -30.000014599.9961   16.3178
    7.5000    7.5000  -30.000013714.9102   16.3358
   -7.5000   15.0000  -30.000013457.4326   16.3371
    0.0000   15.0000  -30.000013862.2500   16.3339
    7.5000   15.0000  -30.000013052.4180   16.3514
   -7.5000   22.5000  -30.000012601.5703   16.3365
    0.0000   22.5000  -30.000012990.9795   16.3324
    7.5000   22.5000  -30.000012272.4219   16.3497
   -7.5000   30.0000  -30.000011616.3809   16.1134
    0.0000   30.0000  -30.000012004.8730   16.1076
    7.5000   30.0000  -30.000011320.0469   16.1246
   -7.5000   37.5000  -30.000010969.4736   16.0993
    0.0000   37.5000  -30.000011347.4756   16.0939
    7.5000   37.5000  -30.000010722.5811   16.1125
   -7.5000   45.0000  -30.0000 9944.5938   15.7383
    0.0000   45.0000  -30.000010289.0010   15.7343
    7.5000   45.0000  -30.0000 9732.3711   15.7536
   -7.5000  -45.0000  -22.500010719.4736   16.8971
    0.0000  -45.0000  -22.500011094.7061   16.8973
    7.5000  -45.0000  -22.500010498.7627   16.9188
   -7.5000  -37.5000  -22.500011349.7588   16.8957
    0.0000  -37.5000  -22.500011735.4141   16.8980
    7.5000  -37.5000  -22.500011074.2793   16.9180
   -7.5000  -30.0000  -22.500012453.7881   16.9125
    0.0000  -30.0000  -22.500012872.7080   16.9174
    7.5000  -30.0000  -22.500012118.0156   16.9356
   -7.5000  -22.5000  -22.500013614.7471   16.9234
    0.0000  -22.5000  -22.500014076.5381   16.9276
    7.5000  -22.5000  -22.500013234.8926   16.9435
   -7.5000  -15.0000  -22.500014679.1787   16.9180
    0.0000  -15.0000  -22.500015193.7598   16.9191
    7.5000  -15.0000  -22.500014212.5742   16.9341
   -7.5000   -7.5000  -22.500015388.5010   16.9016
    0.0000   -7.5000  -22.500015897.8359   16.9013
    7.5000   -7.5000  -22.500014883.2900   16.9197
   -7.5000    0.0000  -22.500015741.0234   16.8901
    0.0000    0.0000  -22.500016233.9619   16.8903
    7.5000    0.0000  -22.500015245.2637   16.9115
   -7.5000    7.5000  -22.500015027.1475   16.8957
    0.0000    7.5000  -22.500015508.4297   16.8980
    7.5000    7.5000  -22.500014591.8057   16.9180
   -7.5000   15.0000  -22.500014239.3594   16.9125
    0.0000   15.0000  -22.500014697.8936   16.9174
    7.5000   15.0000  -22.500013847.0498   16.9356
   -7.5000   22.5000  -22.500013332.5303   16.9181
    0.0000   22.5000  -22.500013784.8066   16.9224
    7.5000   22.5000  -22.500013020.1709   16.9383
   -7.5000   30.0000  -22.500012332.5254   16.6967
    0.0000   30.0000  -22.500012756.4082   16.6978
    7.5000   30.0000  -22.500012030.5117   16.7126
   -7.5000   37.5000  -22.500011705.7354   16.6805
    0.0000   37.5000  -22.500012104.5527   16.6802
    7.5000   37.5000  -22.500011417.4092   16.6983
   -7.5000   45.0000  -22.500010617.5781   16.3097
    0.0000   45.0000  -22.500010971.9717   16.3103
    7.5000   45.0000  -22.500010348.2988   16.3312
   -7.5000  -45.0000  -15.000011264.2949   17.3087
    0.0000  -45.0000  -15.000011647.5400   17.3098
    7.5000  -45.0000  -15.000011019.1631   17.3338
   -7.5000  -37.5000  -15.000011874.8115   17.3015
    0.0000  -37.5000  -15.000012283.6982   17.3060
    7.5000  -37.5000  -15.000011589.0059   17.3283
   -7.5000  -30.0000  -15.000013012.1182   17.3188
    0.0000  -30.0000  -15.000013469.8525   17.3277
    7.5000  -30.0000  -15.000012675.0244   17.3476
   -7.5000  -22.5000  -15.000014244.7412   17.3364
    0.0000  -22.5000  -15.000014751.7627   17.3453
    7.5000  -22.5000  -15.000013849.2646   17.3631
   -7.5000  -15.0000  -15.000015490.0303   17.3368
    0.0000  -15.0000  -15.000016054.9023   17.3416
    7.5000  -15.0000  -15.000014946.5391   17.3584
   -7.5000   -7.5000  -15.000016323.2139   17.3195
    0.0000   -7.5000  -15.000016911.8516   17.3207
    7.5000   -7.5000  -15.000015748.8408   17.3413
   -7.5000    0.0000  -15.000016687.6641   17.3016
    0.0000    0.0000  -15.000017254.2129   17.3027
    7.5000    0.0000  -15.000016169.3203   17.3265
   -7.5000    7.5000  -15.000015886.6523   17.3015
    0.0000    7.5000  -15.000016470.0117   17.3060
    7.5000    7.5000  -15.000015439.0830   17.3283
   -7.5000   15.0000  -15.000015051.5459   17.3188
    0.0000   15.0000  -15.000015610.5732   17.3277
    7.5000   15.0000  -15.000014600.5508   17.3476
   -7.5000   22.5000  -15.000014179.8906   17.3303
    0.0000   22.5000  -15.000014680.2734   17.3392
    7.5000   22.5000  -15.000013718.6592   17.3570
   -7.5000   30.0000  -15.000013165.0303   17.1124
    0.0000   30.0000  -15.000013592.5361   17.1171
    7.5000   30.0000  -15.000012708.1943   17.1338
   -7.5000   37.5000  -15.000012503.5205   17.0953
    0.0000   37.5000  -15.000012898.5322   17.0965
    7.5000   37.5000  -15.000012060.4033   17.1169
   -7.5000   45.0000  -15.000011334.6562   16.7176
    0.0000   45.0000  -15.000011703.5518   16.7191
    7.5000   45.0000  -15.000010947.8906   16.7423
   -7.5000  -45.0000   -7.500011763.4775   17.4891
    0.0000  -45.0000   -7.500012158.9414   17.4861
    7.5000  -45.0000   -7.500011515.2373   17.5121
   -7.5000  -37.5000   -7.500012430.9268   17.4816
    0.0000  -37.5000   -7.500012874.6025   17.4815
    7.5000  -37.5000   -7.500012153.7871   17.5043
   -7.5000  -30.0000   -7.500013616.3828   17.4976
    0.0000  -30.0000   -7.500014110.8408   17.5014
    7.5000  -30.0000   -7.500013290.0996   17.5229
   -7.5000  -22.5000   -7.500014914.6738   17.5137
    0.0000  -22.5000   -7.500015480.7969   17.5180
    7.5000  -22.5000   -7.500014510.4580   17.5403
   -7.5000  -15.0000   -7.500016321.8467   17.5139
    0.0000  -15.0000   -7.500016975.4258   17.5149
    7.5000  -15.0000   -7.500015675.2041   17.5377
   -7.5000   -7.5000   -7.500017456.4336   17.4982
    0.0000   -7.5000   -7.500018148.8262   17.4958
    7.5000   -7.5000   -7.500016638.7676   17.5207
   -7.5000    0.0000   -7.500017962.4258   17.4819
    0.0000    0.0000   -7.500018622.0703   17.4789
    7.5000    0.0000   -7.500017118.6660   17.5046
   -7.5000    7.5000   -7.500017129.7031   17.4816
    0.0000    7.5000   -7.500017695.4707   17.4815
    7.5000    7.5000   -7.500016302.4492   17.5043
   -7.5000   15.0000   -7.500016204.9062   17.4976
    0.0000   15.0000   -7.500016698.0254   17.5014
    7.5000   15.0000   -7.500015361.1777   17.5229
   -7.5000   22.5000   -7.500015166.5752   17.5056
    0.0000   22.5000   -7.500015614.5156   17.5099
    7.5000   22.5000   -7.500014379.9102   17.5322
   -7.5000   30.0000   -7.500014018.3701   17.2868
    0.0000   30.0000   -7.500014431.5361   17.2878
    7.5000   30.0000   -7.500013350.1504   17.3103
   -7.5000   37.5000   -7.500013265.0713   17.2713
    0.0000   37.5000   -7.500013679.7891   17.2689
    7.5000   37.5000   -7.500012690.0859   17.2935
   -7.5000   45.0000   -7.500012013.9473   16.8953
    0.0000   45.0000   -7.500012409.7461   16.8926
    7.5000   45.0000   -7.500011513.7812   16.9177
   -7.5000  -45.0000    0.000012107.4434   17.4957
    0.0000  -45.0000    0.000012589.0225   17.4875
    7.5000  -45.0000    0.000011891.8984   17.5113
   -7.5000  -37.5000    0.000012834.8760   17.4921
    0.0000  -37.5000    0.000013352.3438   17.4854
    7.5000  -37.5000    0.000012577.4473   17.5052
   -7.5000  -30.0000    0.000014103.5342   17.5059
    0.0000  -30.0000    0.000014657.6963   17.5011
    7.5000  -30.0000    0.000013740.4678   17.5210
   -7.5000  -22.5000    0.000015560.5684   17.5148
    0.0000  -22.5000    0.000016162.0820   17.5102
    7.5000  -22.5000    0.000014984.6357   17.5339
   -7.5000  -15.0000    0.000017200.4160   17.5106
    0.0000  -15.0000    0.000017848.2246   17.5040
    7.5000  -15.0000    0.000016164.2900   17.5295
   -7.5000   -7.5000    0.000018650.5078   17.4978
    0.0000   -7.5000    0.000019301.2188   17.4897
    7.5000   -7.5000    0.000017202.3906   17.5152
   -7.5000    0.0000    0.000019332.1426   17.4884
    0.0000    0.0000    0.000019936.9453   17.4802
    7.5000    0.0000    0.000017763.3203   17.5037
   -7.5000    7.5000    0.000018344.2324   17.4921
    0.0000    7.5000    0.000018888.7734   17.4854
    7.5000    7.5000    0.000016959.1621   17.5052
   -7.5000   15.0000    0.000017144.5801   17.5059
    0.0000   15.0000    0.000017653.3398   17.5011
    7.5000   15.0000    0.000015979.8564   17.5210
   -7.5000   22.5000    0.000015890.8984   17.5068
    0.0000   22.5000    0.000016389.6348   17.5021
    7.5000   22.5000    0.000014960.9297   17.5258
   -7.5000   30.0000    0.000014636.6836   17.2839
    0.0000   30.0000    0.000015129.6494   17.2775
    7.5000   30.0000    0.000013908.5762   17.3027
   -7.5000   37.5000    0.000013838.0049   17.2713
    0.0000   37.5000    0.000014326.6943   17.2634
    7.5000   37.5000    0.000013258.3691   17.2885
   -7.5000   45.0000    0.000012549.0820   16.9026
    0.0000   45.0000    0.000012995.4160   16.8947
    7.5000   45.0000    0.000012025.5850   16.9179
   -7.5000  -45.0000    7.500011607.1143   17.5172
    0.0000  -45.0000    7.500012060.5498   17.5081
    7.5000  -45.0000    7.500011354.2344   17.5296
   -7.5000  -37.5000    7.500012368.4854   17.5200
    0.0000  -37.5000    7.500012852.1963   17.5114
    7.5000  -37.5000    7.500012010.0576   17.5297
   -7.5000  -30.0000    7.500013652.8730   17.5347
    0.0000  -30.0000    7.500014170.8330   17.5265
    7.5000  -30.0000    7.500013124.7803   17.5453
   -7.5000  -22.5000    7.500015036.6143   17.5376
    0.0000  -22.5000    7.500015590.3555   17.5287
    7.5000  -22.5000    7.500014313.3486   17.5506
   -7.5000  -15.0000    7.500016474.4785   17.5268
    0.0000  -15.0000    7.500017069.7012   17.5167
    7.5000  -15.0000    7.500015459.9004   17.5396
   -7.5000   -7.5000    7.500017698.0137   17.5137
    0.0000   -7.5000    7.500018318.0371   17.5037
    7.5000   -7.5000    7.500016454.4883   17.5266
   -7.5000    0.0000    7.500018199.8555   17.5098
    0.0000    0.0000    7.500018795.0996   17.5007
    7.5000    0.0000    7.500017028.4980   17.5220
   -7.5000    7.5000    7.500017206.9961   17.5200
    0.0000    7.5000    7.500017783.6387   17.5114
    7.5000    7.5000    7.500016247.5645   17.5297
   -7.5000   15.0000    7.500016183.4004   17.5347
    0.0000   15.0000    7.500016723.5527   17.5265
    7.5000   15.0000    7.500015317.7900   17.5453
   -7.5000   22.5000    7.500015107.4043   17.5296
    0.0000   22.5000    7.500015591.8164   17.5206
    7.5000   22.5000    7.500014308.0439   17.5425
   -7.5000   30.0000    7.500013916.4258   17.3000
    0.0000   30.0000    7.500014377.4033   17.2900
    7.5000   30.0000    7.500013246.1533   17.3126
   -7.5000   37.5000    7.500013147.0908   17.2871
    0.0000   37.5000    7.500013601.1514   17.2772
    7.5000   37.5000    7.500012573.7969   17.2997
   -7.5000   45.0000    7.500011884.2588   16.9230
    0.0000   45.0000    7.500012314.5752   16.9142
    7.5000   45.0000    7.500011410.0967   16.9352
   -7.5000  -45.0000   15.000011047.7412   17.5761
    0.0000  -45.0000   15.000011449.7393   17.5713
    7.5000  -45.0000   15.000010652.0615   17.5932
   -7.5000  -37.5000   15.000011758.4629   17.5805
    0.0000  -37.5000   15.000012178.7910   17.5762
    7.5000  -37.5000   15.000011287.1113   17.5963
   -7.5000  -30.0000   15.000012883.1670   17.5967
    0.0000  -30.0000   15.000013330.7900   17.5932
    7.5000  -30.0000   15.000012327.3477   17.6126
   -7.5000  -22.5000   15.000014070.9014   17.5998
    0.0000  -22.5000   15.000014529.8955   17.5952
    7.5000  -22.5000   15.000013449.0732   17.6145
   -7.5000  -15.0000   15.000015308.9648   17.5878
    0.0000  -15.0000   15.000015847.5938   17.5814
    7.5000  -15.0000   15.000014528.4580   17.6006
   -7.5000   -7.5000   15.000016292.6064   17.5729
    0.0000   -7.5000   15.000016834.2129   17.5669
    7.5000   -7.5000   15.000015458.7764   17.5878
   -7.5000    0.0000   15.000016677.1523   17.5687
    0.0000    0.0000   15.000017205.4531   17.5638
    7.5000    0.0000   15.000015985.3857   17.5856
   -7.5000    7.5000   15.000015871.8340   17.5805
    0.0000    7.5000   15.000016358.4072   17.5762
    7.5000    7.5000   15.000015246.1904   17.5963
   -7.5000   15.0000   15.000015022.7471   17.5967
    0.0000   15.0000   15.000015481.3887   17.5932
    7.5000   15.0000   15.000014364.3467   17.6126
   -7.5000   22.5000   15.000014066.5898   17.5917
    0.0000   22.5000   15.000014507.8838   17.5871
    7.5000   22.5000   15.000013407.0615   17.6064
   -7.5000   30.0000   15.000012945.8760   17.3601
    0.0000   30.0000   15.000013373.1787   17.3538
    7.5000   30.0000   15.000012382.4404   17.3728
   -7.5000   37.5000   15.000012262.0498   17.3454
    0.0000   37.5000   15.000012679.8281   17.3395
    7.5000   37.5000   15.000011757.7539   17.3602
   -7.5000   45.0000   15.000011080.1211   16.9797
    0.0000   45.0000   15.000011473.9844   16.9752
    7.5000   45.0000   15.000010660.3467   16.9967
   -7.5000  -45.0000   22.500010337.0859   17.8513
    0.0000  -45.0000   22.500010696.7549   17.8517
    7.5000  -45.0000   22.5000 9978.6162   17.8762
   -7.5000  -37.5000   22.500010951.8867   17.8496
    0.0000  -37.5000   22.500011329.8799   17.8520
    7.5000  -37.5000   22.500010588.9619   17.8750
   -7.5000  -30.0000   22.500011937.5234   17.8670
    0.0000  -30.0000   22.500012338.9932   17.8721
    7.5000  -30.0000   22.500011571.0156   17.8930
   -7.5000  -22.5000   22.500013028.3096   17.8782
    0.0000  -22.5000   22.500013443.2803   17.8827
    7.5000  -22.5000   22.500012622.4072   17.9011
   -7.5000  -15.0000   22.500014178.2764   17.8727
    0.0000  -15.0000   22.500014663.7441   17.8740
    7.5000  -15.0000   22.500013620.7354   17.8914
   -7.5000   -7.5000   22.500015023.8047   17.8557
    0.0000   -7.5000   22.500015509.1572   17.8555
    7.5000   -7.5000   22.500014473.0938   17.8767
   -7.5000    0.0000   22.500015403.2188   17.8438
    0.0000    0.0000   22.500015888.3877   17.8441
    7.5000    0.0000   22.500014930.3398   17.8684
   -7.5000    7.5000   22.500014769.0039   17.8496
    0.0000    7.5000   22.500015221.1348   17.8520
    7.5000    7.5000   22.500014273.7812   17.8750
   -7.5000   15.0000   22.500014000.9844   17.8670
    0.0000   15.0000   22.500014433.3223   17.8721
    7.5000   15.0000   22.500013456.4131   17.8930
   -7.5000   22.5000   22.500013095.2656   17.8700
    0.0000   22.5000   22.500013509.0420   17.8745
    7.5000   22.5000   22.500012560.5986   17.8928
   -7.5000   30.0000   22.500012042.5977   17.6414
    0.0000   30.0000   22.500012441.6660   17.6426
    7.5000   30.0000   22.500011594.1904   17.6598
   -7.5000   37.5000   22.500011430.9004   17.6246
    0.0000   37.5000   22.500011815.7676   17.6245
    7.5000   37.5000   22.500011014.8301   17.6453
   -7.5000   45.0000   22.500010346.0107   17.2463
    0.0000   45.0000   22.500010694.2715   17.2472
    7.5000   45.0000   22.5000 9974.1943   17.2710
   -7.5000  -45.0000   30.0000 9513.7363   18.2669
    0.0000  -45.0000   30.0000 9860.8584   18.2680
    7.5000  -45.0000   30.0000 9266.1670   18.2975
   -7.5000  -37.5000   30.000010049.9922   18.2593
    0.0000  -37.5000   30.000010421.0400   18.2637
    7.5000  -37.5000   30.0000 9819.9971   18.2913
   -7.5000  -30.0000   30.000010994.9150   18.2793
    0.0000  -30.0000   30.000011372.1279   18.2884
    7.5000  -30.0000   30.000010752.0107   18.3130
   -7.5000  -22.5000   30.000012015.3496   18.2994
    0.0000  -22.5000   30.000012435.4873   18.3086
    7.5000  -22.5000   30.000011742.6064   18.3305
   -7.5000  -15.0000   30.000013049.0801   18.2999
    0.0000  -15.0000   30.000013515.9980   18.3048
    7.5000  -15.0000   30.000012669.0479   18.3257
   -7.5000   -7.5000   30.000013775.1680   18.2798
    0.0000   -7.5000   30.000014215.8467   18.2810
    7.5000   -7.5000   30.000013407.5723   18.3065
   -7.5000    0.0000   30.000014151.7383   18.2591
    0.0000    0.0000   30.000014593.6670   18.2601
    7.5000    0.0000   30.000013805.3828   18.2894
   -7.5000    7.5000   30.000013630.1729   18.2593
    0.0000    7.5000   30.000014060.5361   18.2637
    7.5000    7.5000   30.000013240.8301   18.2913
   -7.5000   15.0000   30.000012936.6182   18.2793
    0.0000   15.0000   30.000013346.0566   18.2884
    7.5000   15.0000   30.000012522.0908   18.3130
   -7.5000   22.5000   30.000012108.9580   18.2910
    0.0000   22.5000   30.000012473.4150   18.3002
    7.5000   22.5000   30.000011676.6494   18.3221
   -7.5000   30.0000   30.000011182.8047   18.0630
    0.0000   30.0000   30.000011536.2188   18.0679
    7.5000   30.0000   30.000010777.6387   18.0885
   -7.5000   37.5000   30.000010619.5254   18.0432
    0.0000   37.5000   30.000010947.3906   18.0445
    7.5000   37.5000   30.000010254.7236   18.0696
   -7.5000   45.0000   30.0000 9605.0918   17.6493
    0.0000   45.0000   30.0000 9912.4717   17.6509
    7.5000   45.0000   30.0000 9292.2490   17.6794
   -7.5000  -45.0000   37.5000 9077.5361   18.8077
    0.0000  -45.0000   37.5000 9416.4297   18.8026
    7.5000  -45.0000   37.5000 8907.2500   18.8357
   -7.5000  -37.5000   37.5000 9617.6396   18.7976
    0.0000  -37.5000   37.5000 9970.3184   18.7953
    7.5000  -37.5000   37.5000 9461.2764   18.8245
   -7.5000  -30.0000   37.500010542.7852   18.8154
    0.0000  -30.0000   37.500010904.8691   18.8171
    7.5000  -30.0000   37.500010346.4102   18.8447
   -7.5000  -22.5000   37.500011533.7764   18.8347
    0.0000  -22.5000   37.500011932.6973   18.8371
    7.5000  -22.5000   37.500011300.1768   18.8658
   -7.5000  -15.0000   37.500012437.4922   18.8364
    0.0000  -15.0000   37.500012861.5615   18.8356
    7.5000  -15.0000   37.500012157.3643   18.8651
   -7.5000   -7.5000   37.500013101.0830   18.8190
    0.0000   -7.5000   37.500013529.9326   18.8146
    7.5000   -7.5000   37.500012824.3711   18.8467
   -7.5000    0.0000   37.500013512.1289   18.7994
    0.0000    0.0000   37.500013956.8965   18.7942
    7.5000    0.0000   37.500013229.5850   18.8271
   -7.5000    7.5000   37.500013057.6045   18.7976
    0.0000    7.5000   37.500013490.4248   18.7953
    7.5000    7.5000   37.500012741.1992   18.8245
   -7.5000   15.0000   37.500012422.2949   18.8154
    0.0000   15.0000   37.500012819.1133   18.8171
    7.5000   15.0000   37.500012072.6104   18.8447
   -7.5000   22.5000   37.500011620.4629   18.8260
    0.0000   22.5000   37.500011994.2822   18.8284
    7.5000   22.5000   37.500011259.6855   18.8571
   -7.5000   30.0000   37.500010741.6221   18.5927
    0.0000   30.0000   37.500011095.8398   18.5918
    7.5000   30.0000   37.500010395.5381   18.6210
   -7.5000   37.5000   37.500010209.5098   18.5754
    0.0000   37.5000   37.500010527.5654   18.5711
    7.5000   37.5000   37.5000 9889.3418   18.6028
   -7.5000   45.0000   37.5000 9238.3760   18.1723
    0.0000   45.0000   37.5000 9551.2168   18.1675
    7.5000   45.0000   37.5000 8972.6973   18.1996
   -7.5000  -45.0000   45.0000 8332.2402   19.4104
    0.0000  -45.0000   45.0000 8630.0693   19.3964
    7.5000  -45.0000   45.0000 8203.3535   19.4305
   -7.5000  -37.5000   45.0000 8845.0146   19.4075
    0.0000  -37.5000   45.0000 9150.3408   19.3945
    7.5000  -37.5000   45.0000 8720.2871   19.4235
   -7.5000  -30.0000   45.0000 9705.0576   19.4280
    0.0000  -30.0000   45.000010031.1602   19.4167
    7.5000  -30.0000   45.0000 9560.2227   19.4452
   -7.5000  -22.5000   45.000010601.5332   19.4411
    0.0000  -22.5000   45.000010976.2793   19.4299
    7.5000  -22.5000   45.000010413.4893   19.4626
   -7.5000  -15.0000   45.000011377.1572   19.4351
    0.0000  -15.0000   45.000011766.3438   19.4223
    7.5000  -15.0000   45.000011161.4111   19.4573
   -7.5000   -7.5000   45.000011980.2930   19.4159
    0.0000   -7.5000   45.000012375.3291   19.4019
    7.5000   -7.5000   45.000011744.6484   19.4377
   -7.5000    0.0000   45.000012421.2803   19.4014
    0.0000    0.0000   45.000012835.4980   19.3873
    7.5000    0.0000   45.000012171.1260   19.4212
   -7.5000    7.5000   45.000012021.9434   19.4075
    0.0000    7.5000   45.000012428.0078   19.3945
    7.5000    7.5000   45.000011748.5205   19.4235
   -7.5000   15.0000   45.000011442.2930   19.4280
    0.0000   15.0000   45.000011830.5518   19.4167
    7.5000   15.0000   45.000011176.6006   19.4452
   -7.5000   22.5000   45.000010692.8545   19.4321
    0.0000   22.5000   45.000011056.1973   19.4209
    7.5000   22.5000   45.000010417.2461   19.4535
   -7.5000   30.0000   45.0000 9876.4307   19.1819
    0.0000   30.0000   45.000010223.5605   19.1692
    7.5000   30.0000   45.0000 9598.3584   19.2038
   -7.5000   37.5000   45.0000 9384.9766   19.1629
    0.0000   37.5000   45.0000 9717.0576   19.1491
    7.5000   37.5000   45.0000 9122.6309   19.1844
   -7.5000   45.0000   45.0000 8490.9414   18.7596
    0.0000   45.0000   45.0000 8792.2354   18.7460
    7.5000   45.0000   45.0000 8281.7012   18.7791

---------------------------------------------------------------------
imgreg_4dfp /opt/freesurfer/average/711-2C_as_mni_average_305 /opt/freesurfer/average/711-2B_as_mni_average_305_mask talsrcimg_g11 none talsrcimg_to_711-2C_as_mni_average_305_t4 4355
---------------------------------------------------------------------

freesurfer imgreg_4dfp.c
/opt/freesurfer/average/711-2C_as_mni_average_305.4dfp.img
       256       256       256         1
  1.000000  1.000000  1.000000
orientation T byte_order littleendian
Reading image: /opt/freesurfer/average/711-2C_as_mni_average_305.4dfp.img
dimensions:      256       256       256
mmppix:       1.0000   -1.0000   -1.0000
center:     128.0000 -129.0000 -129.0000
/opt/freesurfer/average/711-2B_as_mni_average_305_mask.4dfp.img
       256       256       256         1
  1.000000  1.000000  1.000000
orientation T byte_order littleendian
Reading mask: /opt/freesurfer/average/711-2B_as_mni_average_305_mask.4dfp.img (2306576 pixels)
talsrcimg_g11.4dfp.img
       256       256       256         1
  1.000000  1.000000  1.000000
orientation T byte_order littleendian
Reading image: talsrcimg_g11.4dfp.img
dimensions:      256       256       256
mmppix:       1.0000   -1.0000   -1.0000
center:     128.0000 -129.0000 -129.0000
rotation matrix determinant  1.000000
image alignment mode   4355 decimal     1103 hex
   -7.5000  -45.0000  -45.0000 2398.0388   17.3655
    0.0000  -45.0000  -45.0000 2403.4258   17.4620
    7.5000  -45.0000  -45.0000 2371.6150   17.7245
   -7.5000  -37.5000  -45.0000 2470.6829   16.3745
    0.0000  -37.5000  -45.0000 2471.9302   16.4540
    7.5000  -37.5000  -45.0000 2440.7942   16.6876
   -7.5000  -30.0000  -45.0000 2517.3838   15.7274
    0.0000  -30.0000  -45.0000 2521.6750   15.7832
    7.5000  -30.0000  -45.0000 2485.8022   16.0191
   -7.5000  -22.5000  -45.0000 2543.9880   15.3352
    0.0000  -22.5000  -45.0000 2548.9951   15.3810
    7.5000  -22.5000  -45.0000 2512.1907   15.6266
   -7.5000  -15.0000  -45.0000 2561.7920   15.1016
    0.0000  -15.0000  -45.0000 2566.2212   15.1262
    7.5000  -15.0000  -45.0000 2529.3625   15.3878
   -7.5000   -7.5000  -45.0000 2571.1340   15.0237
    0.0000   -7.5000  -45.0000 2569.4465   15.0408
    7.5000   -7.5000  -45.0000 2537.3582   15.3113
   -7.5000    0.0000  -45.0000 2561.7463   15.1931
    0.0000    0.0000  -45.0000 2559.1221   15.2014
    7.5000    0.0000  -45.0000 2526.6667   15.4967
   -7.5000    7.5000  -45.0000 2531.0713   15.6120
    0.0000    7.5000  -45.0000 2534.0266   15.6601
    7.5000    7.5000  -45.0000 2495.6135   15.9225
   -7.5000   15.0000  -45.0000 2490.2759   16.3174
    0.0000   15.0000  -45.0000 2496.2876   16.3560
    7.5000   15.0000  -45.0000 2453.7107   16.6214
   -7.5000   22.5000  -45.0000 2428.2856   17.2840
    0.0000   22.5000  -45.0000 2431.9854   17.3131
    7.5000   22.5000  -45.0000 2390.0947   17.6379
   -7.5000   30.0000  -45.0000 2347.7063   18.6148
    0.0000   30.0000  -45.0000 2355.8486   18.6669
    7.5000   30.0000  -45.0000 2317.4214   18.9833
   -7.5000   37.5000  -45.0000 2256.1650   20.2884
    0.0000   37.5000  -45.0000 2261.4890   20.3703
    7.5000   37.5000  -45.0000 2228.9619   20.7755
   -7.5000   45.0000  -45.0000 2140.8733   22.4858
    0.0000   45.0000  -45.0000 2142.9275   22.5793
    7.5000   45.0000  -45.0000 2112.4050   23.0579
   -7.5000  -45.0000  -37.5000 2464.4614   16.4660
    0.0000  -45.0000  -37.5000 2463.8022   16.5368
    7.5000  -45.0000  -37.5000 2429.4441   16.8699
   -7.5000  -37.5000  -37.5000 2544.5991   15.4686
    0.0000  -37.5000  -37.5000 2543.6152   15.5057
    7.5000  -37.5000  -37.5000 2511.9021   15.7835
   -7.5000  -30.0000  -37.5000 2597.1331   14.8066
    0.0000  -30.0000  -37.5000 2595.5310   14.8388
    7.5000  -30.0000  -37.5000 2565.4121   15.0968
   -7.5000  -22.5000  -37.5000 2632.5117   14.4062
    0.0000  -22.5000  -37.5000 2630.4419   14.4227
    7.5000  -22.5000  -37.5000 2600.1055   14.6640
   -7.5000  -15.0000  -37.5000 2640.2336   14.1988
    0.0000  -15.0000  -37.5000 2640.5972   14.2100
    7.5000  -15.0000  -37.5000 2611.6528   14.4558
   -7.5000   -7.5000  -37.5000 2650.3208   14.1246
    0.0000   -7.5000  -37.5000 2648.8694   14.1421
    7.5000   -7.5000  -37.5000 2611.7717   14.3898
   -7.5000    0.0000  -37.5000 2642.7246   14.2211
    0.0000    0.0000  -37.5000 2642.6946   14.2669
    7.5000    0.0000  -37.5000 2606.7039   14.5223
   -7.5000    7.5000  -37.5000 2618.1421   14.5643
    0.0000    7.5000  -37.5000 2615.8591   14.6161
    7.5000    7.5000  -37.5000 2582.6047   14.8837
   -7.5000   15.0000  -37.5000 2576.8027   15.1898
    0.0000   15.0000  -37.5000 2578.1201   15.2382
    7.5000   15.0000  -37.5000 2539.9199   15.5383
   -7.5000   22.5000  -37.5000 2510.2029   16.1094
    0.0000   22.5000  -37.5000 2512.0266   16.1458
    7.5000   22.5000  -37.5000 2478.1455   16.4770
   -7.5000   30.0000  -37.5000 2424.4783   17.3355
    0.0000   30.0000  -37.5000 2426.8948   17.3525
    7.5000   30.0000  -37.5000 2398.0356   17.7466
   -7.5000   37.5000  -37.5000 2328.4958   18.8853
    0.0000   37.5000  -37.5000 2330.0100   18.9321
    7.5000   37.5000  -37.5000 2303.4382   19.3618
   -7.5000   45.0000  -37.5000 2214.0879   20.9677
    0.0000   45.0000  -37.5000 2210.4219   20.9811
    7.5000   45.0000  -37.5000 2182.7683   21.4670
   -7.5000  -45.0000  -30.0000 2559.2229   16.2966
    0.0000  -45.0000  -30.0000 2555.8003   16.3869
    7.5000  -45.0000  -30.0000 2529.3257   16.6821
   -7.5000  -37.5000  -30.0000 2650.6743   15.2060
    0.0000  -37.5000  -30.0000 2647.0195   15.2800
    7.5000  -37.5000  -30.0000 2617.7258   15.5186
   -7.5000  -30.0000  -30.0000 2709.3428   14.4599
    0.0000  -30.0000  -30.0000 2706.3789   14.5197
    7.5000  -30.0000  -30.0000 2676.3372   14.7343
   -7.5000  -22.5000  -30.0000 2754.3540   13.9616
    0.0000  -22.5000  -30.0000 2750.8872   13.9972
    7.5000  -22.5000  -30.0000 2715.8545   14.1943
   -7.5000  -15.0000  -30.0000 2767.7207   13.7942
    0.0000  -15.0000  -30.0000 2768.5059   13.8153
    7.5000  -15.0000  -30.0000 2732.9360   14.0189
   -7.5000   -7.5000  -30.0000 2773.6914   13.6859
    0.0000   -7.5000  -30.0000 2774.0881   13.7226
    7.5000   -7.5000  -30.0000 2735.0273   13.9851
   -7.5000    0.0000  -30.0000 2767.9419   13.7586
    0.0000    0.0000  -30.0000 2769.4417   13.8189
    7.5000    0.0000  -30.0000 2730.9866   14.1236
   -7.5000    7.5000  -30.0000 2747.5901   14.1025
    0.0000    7.5000  -30.0000 2749.3298   14.1583
    7.5000    7.5000  -30.0000 2714.0237   14.4685
   -7.5000   15.0000  -30.0000 2705.7573   14.6949
    0.0000   15.0000  -30.0000 2703.9873   14.7471
    7.5000   15.0000  -30.0000 2676.5286   15.0926
   -7.5000   22.5000  -30.0000 2636.0544   15.5883
    0.0000   22.5000  -30.0000 2635.5002   15.6237
    7.5000   22.5000  -30.0000 2611.2444   15.9730
   -7.5000   30.0000  -30.0000 2548.9934   16.8129
    0.0000   30.0000  -30.0000 2548.1868   16.8278
    7.5000   30.0000  -30.0000 2521.9824   17.2298
   -7.5000   37.5000  -30.0000 2446.2937   18.3565
    0.0000   37.5000  -30.0000 2444.3372   18.4092
    7.5000   37.5000  -30.0000 2416.8806   18.8011
   -7.5000   45.0000  -30.0000 2325.9766   20.3808
    0.0000   45.0000  -30.0000 2323.8225   20.3982
    7.5000   45.0000  -30.0000 2293.8789   20.8270
   -7.5000  -45.0000  -22.5000 2623.2261   16.1113
    0.0000  -45.0000  -22.5000 2624.5283   16.1870
    7.5000  -45.0000  -22.5000 2591.2046   16.4301
   -7.5000  -37.5000  -22.5000 2710.5259   14.9098
    0.0000  -37.5000  -22.5000 2709.7146   14.9691
    7.5000  -37.5000  -22.5000 2678.8010   15.2004
   -7.5000  -30.0000  -22.5000 2783.0742   14.0322
    0.0000  -30.0000  -22.5000 2780.1409   14.0951
    7.5000  -30.0000  -22.5000 2750.4478   14.3109
   -7.5000  -22.5000  -22.5000 2834.3396   13.4883
    0.0000  -22.5000  -22.5000 2836.9583   13.5617
    7.5000  -22.5000  -22.5000 2802.3960   13.7780
   -7.5000  -15.0000  -22.5000 2856.1125   13.3032
    0.0000  -15.0000  -22.5000 2863.0457   13.3702
    7.5000  -15.0000  -22.5000 2826.9819   13.5758
   -7.5000   -7.5000  -22.5000 2866.9402   13.2400
    0.0000   -7.5000  -22.5000 2872.2512   13.2734
    7.5000   -7.5000  -22.5000 2833.9934   13.5586
   -7.5000    0.0000  -22.5000 2859.4939   13.2571
    0.0000    0.0000  -22.5000 2862.4753   13.2988
    7.5000    0.0000  -22.5000 2829.7915   13.6684
   -7.5000    7.5000  -22.5000 2838.3635   13.5908
    0.0000    7.5000  -22.5000 2842.4617   13.6407
    7.5000    7.5000  -22.5000 2811.2830   14.0142
   -7.5000   15.0000  -22.5000 2797.9980   14.2060
    0.0000   15.0000  -22.5000 2802.6504   14.2613
    7.5000   15.0000  -22.5000 2775.2427   14.6453
   -7.5000   22.5000  -22.5000 2730.6350   15.0519
    0.0000   22.5000  -22.5000 2735.5938   15.1304
    7.5000   22.5000  -22.5000 2708.2319   15.5238
   -7.5000   30.0000  -22.5000 2643.6929   16.2555
    0.0000   30.0000  -22.5000 2646.6846   16.3472
    7.5000   30.0000  -22.5000 2614.9102   16.7389
   -7.5000   37.5000  -22.5000 2539.3071   17.8124
    0.0000   37.5000  -22.5000 2540.3557   17.8945
    7.5000   37.5000  -22.5000 2506.9827   18.2754
   -7.5000   45.0000  -22.5000 2415.2620   19.7704
    0.0000   45.0000  -22.5000 2415.0425   19.8073
    7.5000   45.0000  -22.5000 2377.3799   20.2288
   -7.5000  -45.0000  -15.0000 2636.7502   15.9462
    0.0000  -45.0000  -15.0000 2640.5535   15.9717
    7.5000  -45.0000  -15.0000 2607.6211   16.2738
   -7.5000  -37.5000  -15.0000 2717.3447   14.6592
    0.0000  -37.5000  -15.0000 2723.6270   14.7030
    7.5000  -37.5000  -15.0000 2693.2065   14.9514
   -7.5000  -30.0000  -15.0000 2801.6028   13.6923
    0.0000  -30.0000  -15.0000 2810.3801   13.7408
    7.5000  -30.0000  -15.0000 2774.3254   13.9741
   -7.5000  -22.5000  -15.0000 2861.4097   13.1184
    0.0000  -22.5000  -15.0000 2872.8042   13.1864
    7.5000  -22.5000  -15.0000 2835.3999   13.4101
   -7.5000  -15.0000  -15.0000 2894.4790   12.9292
    0.0000  -15.0000  -15.0000 2907.4001   12.9751
    7.5000  -15.0000  -15.0000 2872.1489   13.1682
   -7.5000   -7.5000  -15.0000 2907.7983   12.9359
    0.0000   -7.5000  -15.0000 2922.2610   12.9627
    7.5000   -7.5000  -15.0000 2884.0178   13.1971
   -7.5000    0.0000  -15.0000 2904.5051   12.8916
    0.0000    0.0000  -15.0000 2915.3777   12.9474
    7.5000    0.0000  -15.0000 2880.5718   13.3134
   -7.5000    7.5000  -15.0000 2891.3481   13.1710
    0.0000    7.5000  -15.0000 2905.1467   13.2491
    7.5000    7.5000  -15.0000 2864.3142   13.6536
   -7.5000   15.0000  -15.0000 2859.1479   13.7934
    0.0000   15.0000  -15.0000 2875.4631   13.9112
    7.5000   15.0000  -15.0000 2828.8953   14.2525
   -7.5000   22.5000  -15.0000 2796.8088   14.6698
    0.0000   22.5000  -15.0000 2808.2637   14.7728
    7.5000   22.5000  -15.0000 2763.6313   15.0931
   -7.5000   30.0000  -15.0000 2704.9019   15.8898
    0.0000   30.0000  -15.0000 2709.0957   15.9563
    7.5000   30.0000  -15.0000 2671.6956   16.3069
   -7.5000   37.5000  -15.0000 2596.0261   17.3836
    0.0000   37.5000  -15.0000 2597.4546   17.4136
    7.5000   37.5000  -15.0000 2565.1794   17.7971
   -7.5000   45.0000  -15.0000 2470.5576   19.2489
    0.0000   45.0000  -15.0000 2471.1189   19.2518
    7.5000   45.0000  -15.0000 2434.7600   19.6862
   -7.5000  -45.0000   -7.5000 2625.9648   15.7920
    0.0000  -45.0000   -7.5000 2628.8677   15.7994
    7.5000  -45.0000   -7.5000 2599.4854   16.1701
   -7.5000  -37.5000   -7.5000 2714.5242   14.4763
    0.0000  -37.5000   -7.5000 2722.0798   14.5190
    7.5000  -37.5000   -7.5000 2698.9580   14.8166
   -7.5000  -30.0000   -7.5000 2805.4080   13.4959
    0.0000  -30.0000   -7.5000 2816.5608   13.5417
    7.5000  -30.0000   -7.5000 2787.5972   13.7926
   -7.5000  -22.5000   -7.5000 2877.3530   12.9063
    0.0000  -22.5000   -7.5000 2887.7651   12.9629
    7.5000  -22.5000   -7.5000 2857.7146   13.2104
   -7.5000  -15.0000   -7.5000 2918.7957   12.7370
    0.0000  -15.0000   -7.5000 2935.8411   12.7821
    7.5000  -15.0000   -7.5000 2906.0903   12.9589
   -7.5000   -7.5000   -7.5000 2944.9465   12.8587
    0.0000   -7.5000   -7.5000 2966.5530   12.8885
    7.5000   -7.5000   -7.5000 2928.1467   12.9851
   -7.5000    0.0000   -7.5000 2951.4365   12.8559
    0.0000    0.0000   -7.5000 2961.8293   12.9253
    7.5000    0.0000   -7.5000 2915.4556   13.0776
   -7.5000    7.5000   -7.5000 2938.4382   13.0235
    0.0000    7.5000   -7.5000 2939.9131   13.1029
    7.5000    7.5000   -7.5000 2892.9392   13.3443
   -7.5000   15.0000   -7.5000 2898.5193   13.6052
    0.0000   15.0000   -7.5000 2899.6401   13.6407
    7.5000   15.0000   -7.5000 2849.9951   13.9219
   -7.5000   22.5000   -7.5000 2833.0476   14.4407
    0.0000   22.5000   -7.5000 2835.4470   14.4502
    7.5000   22.5000   -7.5000 2786.7371   14.7546
   -7.5000   30.0000   -7.5000 2738.0686   15.5888
    0.0000   30.0000   -7.5000 2741.9348   15.5860
    7.5000   30.0000   -7.5000 2700.7383   15.9115
   -7.5000   37.5000   -7.5000 2626.0603   17.0521
    0.0000   37.5000   -7.5000 2629.4937   17.0521
    7.5000   37.5000   -7.5000 2593.8379   17.3657
   -7.5000   45.0000   -7.5000 2498.8027   18.9220
    0.0000   45.0000   -7.5000 2497.0723   18.9314
    7.5000   45.0000   -7.5000 2462.5503   19.2569
   -7.5000  -45.0000    0.0000 2591.5730   15.7546
    0.0000  -45.0000    0.0000 2597.4473   15.8450
    7.5000  -45.0000    0.0000 2578.3884   16.2710
   -7.5000  -37.5000    0.0000 2688.9023   14.4446
    0.0000  -37.5000    0.0000 2695.9900   14.5387
    7.5000  -37.5000    0.0000 2684.0815   14.8611
   -7.5000  -30.0000    0.0000 2782.3459   13.5410
    0.0000  -30.0000    0.0000 2792.9451   13.6172
    7.5000  -30.0000    0.0000 2776.5759   13.8649
   -7.5000  -22.5000    0.0000 2876.8308   13.0525
    0.0000  -22.5000    0.0000 2889.0115   13.1279
    7.5000  -22.5000    0.0000 2853.2627   13.2533
   -7.5000  -15.0000    0.0000 2951.0605   12.9074
    0.0000  -15.0000    0.0000 2961.1311   12.9826
    7.5000  -15.0000    0.0000 2906.0325   12.9883
   -7.5000   -7.5000    0.0000 2995.8760   12.9796
    0.0000   -7.5000    0.0000 3008.5103   13.0200
    7.5000   -7.5000    0.0000 2942.9102   12.8944
   -7.5000    0.0000    0.0000 2995.6228   12.9699
    0.0000    0.0000    0.0000 3001.7048   13.0191
    7.5000    0.0000    0.0000 2931.0393   12.9951
   -7.5000    7.5000    0.0000 2969.9595   13.1442
    0.0000    7.5000    0.0000 2968.8276   13.1643
    7.5000    7.5000    0.0000 2904.5869   13.2724
   -7.5000   15.0000    0.0000 2920.5713   13.5931
    0.0000   15.0000    0.0000 2919.6448   13.6376
    7.5000   15.0000    0.0000 2861.9863   13.8245
   -7.5000   22.5000    0.0000 2844.6606   14.3609
    0.0000   22.5000    0.0000 2843.0564   14.3868
    7.5000   22.5000    0.0000 2798.7161   14.6747
   -7.5000   30.0000    0.0000 2750.3074   15.4607
    0.0000   30.0000    0.0000 2750.1301   15.4774
    7.5000   30.0000    0.0000 2713.8677   15.8023
   -7.5000   37.5000    0.0000 2636.0281   16.9077
    0.0000   37.5000    0.0000 2640.9282   16.9327
    7.5000   37.5000    0.0000 2607.6396   17.2529
   -7.5000   45.0000    0.0000 2511.2144   18.8046
    0.0000   45.0000    0.0000 2509.2488   18.8201
    7.5000   45.0000    0.0000 2474.1396   19.1229
   -7.5000  -45.0000    7.5000 2549.3733   16.1958
    0.0000  -45.0000    7.5000 2555.8289   16.3070
    7.5000  -45.0000    7.5000 2547.8787   16.6787
   -7.5000  -37.5000    7.5000 2658.8325   14.9117
    0.0000  -37.5000    7.5000 2662.1575   15.0380
    7.5000  -37.5000    7.5000 2649.0864   15.2800
   -7.5000  -30.0000    7.5000 2767.6138   14.0111
    0.0000  -30.0000    7.5000 2771.6172   14.1349
    7.5000  -30.0000    7.5000 2743.2139   14.2650
   -7.5000  -22.5000    7.5000 2870.8643   13.3897
    0.0000  -22.5000    7.5000 2879.8025   13.5080
    7.5000  -22.5000    7.5000 2832.4941   13.5540
   -7.5000  -15.0000    7.5000 2948.3684   13.1093
    0.0000  -15.0000    7.5000 2957.2629   13.2048
    7.5000  -15.0000    7.5000 2895.9736   13.1937
   -7.5000   -7.5000    7.5000 2999.9827   13.0129
    0.0000   -7.5000    7.5000 3011.5229   13.1096
    7.5000   -7.5000    7.5000 2939.3682   13.0398
   -7.5000    0.0000    7.5000 3003.2126   12.9563
    0.0000    0.0000    7.5000 3010.1621   13.0521
    7.5000    0.0000    7.5000 2934.3252   13.1299
   -7.5000    7.5000    7.5000 2966.8677   13.1741
    0.0000    7.5000    7.5000 2969.3906   13.2237
    7.5000    7.5000    7.5000 2902.5515   13.4160
   -7.5000   15.0000    7.5000 2918.3574   13.7158
    0.0000   15.0000    7.5000 2917.8335   13.7622
    7.5000   15.0000    7.5000 2856.9856   14.0087
   -7.5000   22.5000    7.5000 2843.6165   14.6155
    0.0000   22.5000    7.5000 2840.3464   14.6284
    7.5000   22.5000    7.5000 2794.0566   14.9063
   -7.5000   30.0000    7.5000 2738.4998   15.7193
    0.0000   30.0000    7.5000 2737.6147   15.7229
    7.5000   30.0000    7.5000 2702.4546   16.0016
   -7.5000   37.5000    7.5000 2626.6677   17.0937
    0.0000   37.5000    7.5000 2629.0127   17.0881
    7.5000   37.5000    7.5000 2598.9392   17.3626
   -7.5000   45.0000    7.5000 2498.8525   18.8766
    0.0000   45.0000    7.5000 2499.5298   18.8844
    7.5000   45.0000    7.5000 2465.1707   19.1475
   -7.5000  -45.0000   15.0000 2517.8857   17.0082
    0.0000  -45.0000   15.0000 2518.8860   17.1425
    7.5000  -45.0000   15.0000 2499.5051   17.3458
   -7.5000  -37.5000   15.0000 2624.9705   15.6169
    0.0000  -37.5000   15.0000 2626.2610   15.7477
    7.5000  -37.5000   15.0000 2604.3755   15.9014
   -7.5000  -30.0000   15.0000 2726.2026   14.5145
    0.0000  -30.0000   15.0000 2732.4492   14.6349
    7.5000  -30.0000   15.0000 2700.2671   14.7890
   -7.5000  -22.5000   15.0000 2836.0325   13.7707
    0.0000  -22.5000   15.0000 2839.7041   13.8481
    7.5000  -22.5000   15.0000 2794.8894   14.0069
   -7.5000  -15.0000   15.0000 2916.8884   13.3716
    0.0000  -15.0000   15.0000 2922.1191   13.4469
    7.5000  -15.0000   15.0000 2867.8379   13.5663
   -7.5000   -7.5000   15.0000 2963.4360   13.2137
    0.0000   -7.5000   15.0000 2971.8057   13.2680
    7.5000   -7.5000   15.0000 2911.7073   13.3896
   -7.5000    0.0000   15.0000 2972.8853   13.0747
    0.0000    0.0000   15.0000 2974.0610   13.1402
    7.5000    0.0000   15.0000 2909.0864   13.3844
   -7.5000    7.5000   15.0000 2939.0715   13.2661
    0.0000    7.5000   15.0000 2938.4717   13.3151
    7.5000    7.5000   15.0000 2878.9915   13.6691
   -7.5000   15.0000   15.0000 2894.8191   13.8785
    0.0000   15.0000   15.0000 2894.9021   13.9147
    7.5000   15.0000   15.0000 2839.1099   14.2555
   -7.5000   22.5000   15.0000 2824.4124   14.8897
    0.0000   22.5000   15.0000 2826.1582   14.8917
    7.5000   22.5000   15.0000 2775.6243   15.1689
   -7.5000   30.0000   15.0000 2711.4729   16.1296
    0.0000   30.0000   15.0000 2714.9961   16.1455
    7.5000   30.0000   15.0000 2680.7566   16.3992
   -7.5000   37.5000   15.0000 2594.5034   17.5659
    0.0000   37.5000   15.0000 2598.8003   17.5697
    7.5000   37.5000   15.0000 2571.4819   17.8017
   -7.5000   45.0000   15.0000 2466.3684   19.2908
    0.0000   45.0000   15.0000 2467.3552   19.3156
    7.5000   45.0000   15.0000 2434.5471   19.5072
   -7.5000  -45.0000   22.5000 2473.6748   17.7984
    0.0000  -45.0000   22.5000 2476.4705   17.9053
    7.5000  -45.0000   22.5000 2458.4932   18.2077
   -7.5000  -37.5000   22.5000 2581.4800   16.2658
    0.0000  -37.5000   22.5000 2583.9260   16.3475
    7.5000  -37.5000   22.5000 2565.6890   16.6417
   -7.5000  -30.0000   22.5000 2678.0903   15.0940
    0.0000  -30.0000   22.5000 2681.0632   15.1674
    7.5000  -30.0000   22.5000 2658.6189   15.4695
   -7.5000  -22.5000   22.5000 2776.7854   14.3164
    0.0000  -22.5000   22.5000 2778.9714   14.3703
    7.5000  -22.5000   22.5000 2752.3931   14.6556
   -7.5000  -15.0000   22.5000 2858.9846   13.8501
    0.0000  -15.0000   22.5000 2863.3381   13.8937
    7.5000  -15.0000   22.5000 2826.1895   14.1317
   -7.5000   -7.5000   22.5000 2910.1555   13.6700
    0.0000   -7.5000   22.5000 2916.6409   13.7006
    7.5000   -7.5000   22.5000 2868.0664   13.9248
   -7.5000    0.0000   22.5000 2921.0940   13.4311
    0.0000    0.0000   22.5000 2921.0396   13.4711
    7.5000    0.0000   22.5000 2871.3972   13.8494
   -7.5000    7.5000   22.5000 2889.3142   13.7169
    0.0000    7.5000   22.5000 2891.5608   13.7464
    7.5000    7.5000   22.5000 2841.8125   14.1295
   -7.5000   15.0000   22.5000 2845.0562   14.3663
    0.0000   15.0000   22.5000 2849.9521   14.3975
    7.5000   15.0000   22.5000 2797.0334   14.6756
   -7.5000   22.5000   22.5000 2782.3843   15.3142
    0.0000   22.5000   22.5000 2787.7690   15.3369
    7.5000   22.5000   22.5000 2740.7771   15.5839
   -7.5000   30.0000   22.5000 2678.2966   16.5517
    0.0000   30.0000   22.5000 2682.6465   16.5842
    7.5000   30.0000   22.5000 2649.5503   16.8666
   -7.5000   37.5000   22.5000 2559.2881   18.0802
    0.0000   37.5000   22.5000 2562.2366   18.0946
    7.5000   37.5000   22.5000 2537.8333   18.3480
   -7.5000   45.0000   22.5000 2427.0684   19.8586
    0.0000   45.0000   22.5000 2428.8672   19.8740
    7.5000   45.0000   22.5000 2396.0564   20.1050
   -7.5000  -45.0000   30.0000 2424.7146   18.6823
    0.0000  -45.0000   30.0000 2428.3083   18.7596
    7.5000  -45.0000   30.0000 2412.8730   19.2020
   -7.5000  -37.5000   30.0000 2525.0532   17.0467
    0.0000  -37.5000   30.0000 2529.1711   17.0861
    7.5000  -37.5000   30.0000 2512.3557   17.5133
   -7.5000  -30.0000   30.0000 2621.3030   15.8477
    0.0000  -30.0000   30.0000 2621.4888   15.8868
    7.5000  -30.0000   30.0000 2603.4609   16.3012
   -7.5000  -22.5000   30.0000 2707.3967   15.0328
    0.0000  -22.5000   30.0000 2710.8413   15.0651
    7.5000  -22.5000   30.0000 2691.2024   15.4456
   -7.5000  -15.0000   30.0000 2790.9841   14.5111
    0.0000  -15.0000   30.0000 2792.8574   14.5422
    7.5000  -15.0000   30.0000 2767.6248   14.8472
   -7.5000   -7.5000   30.0000 2834.9436   14.2394
    0.0000   -7.5000   30.0000 2838.7439   14.2539
    7.5000   -7.5000   30.0000 2802.5942   14.5728
   -7.5000    0.0000   30.0000 2841.2012   14.0466
    0.0000    0.0000   30.0000 2835.6167   14.0429
    7.5000    0.0000   30.0000 2807.8311   14.4745
   -7.5000    7.5000   30.0000 2821.3994   14.3744
    0.0000    7.5000   30.0000 2826.4189   14.3887
    7.5000    7.5000   30.0000 2782.8635   14.7217
   -7.5000   15.0000   30.0000 2778.5195   15.0427
    0.0000   15.0000   30.0000 2783.9490   15.0579
    7.5000   15.0000   30.0000 2739.1934   15.3399
   -7.5000   22.5000   30.0000 2723.8484   15.9705
    0.0000   22.5000   30.0000 2725.6670   15.9875
    7.5000   22.5000   30.0000 2680.8540   16.2626
   -7.5000   30.0000   30.0000 2632.7920   17.2107
    0.0000   30.0000   30.0000 2634.9016   17.2219
    7.5000   30.0000   30.0000 2595.5522   17.5071
   -7.5000   37.5000   30.0000 2515.0002   18.7232
    0.0000   37.5000   30.0000 2518.6204   18.7239
    7.5000   37.5000   30.0000 2494.1143   18.9906
   -7.5000   45.0000   30.0000 2377.2146   20.5417
    0.0000   45.0000   30.0000 2383.9521   20.5350
    7.5000   45.0000   30.0000 2352.8333   20.7656
   -7.5000  -45.0000   37.5000 2362.6353   19.7566
    0.0000  -45.0000   37.5000 2364.7561   19.7877
    7.5000  -45.0000   37.5000 2352.2937   20.3312
   -7.5000  -37.5000   37.5000 2466.8096   18.0113
    0.0000  -37.5000   37.5000 2467.0415   18.0260
    7.5000  -37.5000   37.5000 2457.3101   18.5750
   -7.5000  -30.0000   37.5000 2558.3738   16.7802
    0.0000  -30.0000   37.5000 2557.7327   16.7871
    7.5000  -30.0000   37.5000 2542.8574   17.3059
   -7.5000  -22.5000   37.5000 2640.1396   15.8824
    0.0000  -22.5000   37.5000 2639.2007   15.8757
    7.5000  -22.5000   37.5000 2624.9126   16.3591
   -7.5000  -15.0000   37.5000 2711.1260   15.3007
    0.0000  -15.0000   37.5000 2707.1450   15.3004
    7.5000  -15.0000   37.5000 2689.9802   15.7024
   -7.5000   -7.5000   37.5000 2752.1675   14.9326
    0.0000   -7.5000   37.5000 2751.8645   14.9221
    7.5000   -7.5000   37.5000 2723.3586   15.3810
   -7.5000    0.0000   37.5000 2754.0581   14.8449
    0.0000    0.0000   37.5000 2749.8699   14.8276
    7.5000    0.0000   37.5000 2726.5144   15.2313
   -7.5000    7.5000   37.5000 2741.4111   15.1804
    0.0000    7.5000   37.5000 2745.1963   15.1534
    7.5000    7.5000   37.5000 2708.9189   15.5113
   -7.5000   15.0000   37.5000 2704.3066   15.8448
    0.0000   15.0000   37.5000 2706.4775   15.8191
    7.5000   15.0000   37.5000 2668.4106   16.1428
   -7.5000   22.5000   37.5000 2653.9204   16.7740
    0.0000   22.5000   37.5000 2658.0247   16.7493
    7.5000   22.5000   37.5000 2615.5466   17.0754
   -7.5000   30.0000   37.5000 2569.4568   17.9921
    0.0000   30.0000   37.5000 2572.9048   17.9691
    7.5000   30.0000   37.5000 2530.0818   18.3002
   -7.5000   37.5000   37.5000 2458.4380   19.4930
    0.0000   37.5000   37.5000 2459.1304   19.4826
    7.5000   37.5000   37.5000 2429.3130   19.7771
   -7.5000   45.0000   37.5000 2318.8699   21.3403
    0.0000   45.0000   37.5000 2327.0518   21.3409
    7.5000   45.0000   37.5000 2296.5085   21.6118
   -7.5000  -45.0000   45.0000 2289.3555   20.9945
    0.0000  -45.0000   45.0000 2290.9082   20.9727
    7.5000  -45.0000   45.0000 2281.0259   21.6294
   -7.5000  -37.5000   45.0000 2394.6636   19.1756
    0.0000  -37.5000   45.0000 2395.3132   19.1561
    7.5000  -37.5000   45.0000 2386.8118   19.8020
   -7.5000  -30.0000   45.0000 2483.4734   17.9084
    0.0000  -30.0000   45.0000 2484.7102   17.8737
    7.5000  -30.0000   45.0000 2473.3640   18.4590
   -7.5000  -22.5000   45.0000 2562.6506   16.9299
    0.0000  -22.5000   45.0000 2563.5317   16.9130
    7.5000  -22.5000   45.0000 2547.5564   17.4264
   -7.5000  -15.0000   45.0000 2622.2092   16.2928
    0.0000  -15.0000   45.0000 2623.6794   16.2793
    7.5000  -15.0000   45.0000 2601.7534   16.7454
   -7.5000   -7.5000   45.0000 2659.9070   15.8295
    0.0000   -7.5000   45.0000 2660.0647   15.8258
    7.5000   -7.5000   45.0000 2631.8679   16.2959
   -7.5000    0.0000   45.0000 2662.4504   15.8304
    0.0000    0.0000   45.0000 2662.4170   15.8112
    7.5000    0.0000   45.0000 2640.9712   16.1767
   -7.5000    7.5000   45.0000 2651.2554   16.1910
    0.0000    7.5000   45.0000 2656.4114   16.1606
    7.5000    7.5000   45.0000 2624.4993   16.4760
   -7.5000   15.0000   45.0000 2612.4282   16.8564
    0.0000   15.0000   45.0000 2617.7966   16.8474
    7.5000   15.0000   45.0000 2589.0183   17.1562
   -7.5000   22.5000   45.0000 2563.5933   17.7566
    0.0000   22.5000   45.0000 2571.1841   17.7291
    7.5000   22.5000   45.0000 2533.9629   18.0579
   -7.5000   30.0000   45.0000 2492.6101   18.9063
    0.0000   30.0000   45.0000 2502.3057   18.8619
    7.5000   30.0000   45.0000 2456.8884   19.1807
   -7.5000   37.5000   45.0000 2386.1987   20.4287
    0.0000   37.5000   45.0000 2394.2646   20.4162
    7.5000   37.5000   45.0000 2357.6790   20.6986
   -7.5000   45.0000   45.0000 2245.0662   22.3440
    0.0000   45.0000   45.0000 2252.8762   22.3534
    7.5000   45.0000   45.0000 2229.0374   22.6029

---------------------------------------------------------------------
imgreg_4dfp /opt/freesurfer/average/711-2C_as_mni_average_305 /opt/freesurfer/average/711-2B_as_mni_average_305_mask talsrcimg_g11 none talsrcimg_to_711-2C_as_mni_average_305_t4 1283
---------------------------------------------------------------------

freesurfer imgreg_4dfp.c
/opt/freesurfer/average/711-2C_as_mni_average_305.4dfp.img
       256       256       256         1
  1.000000  1.000000  1.000000
orientation T byte_order littleendian
Reading image: /opt/freesurfer/average/711-2C_as_mni_average_305.4dfp.img
dimensions:      256       256       256
mmppix:       1.0000   -1.0000   -1.0000
center:     128.0000 -129.0000 -129.0000
/opt/freesurfer/average/711-2B_as_mni_average_305_mask.4dfp.img
       256       256       256         1
  1.000000  1.000000  1.000000
orientation T byte_order littleendian
Reading mask: /opt/freesurfer/average/711-2B_as_mni_average_305_mask.4dfp.img (2306576 pixels)
talsrcimg_g11.4dfp.img
       256       256       256         1
  1.000000  1.000000  1.000000
orientation T byte_order littleendian
Reading image: talsrcimg_g11.4dfp.img
dimensions:      256       256       256
mmppix:       1.0000   -1.0000   -1.0000
center:     128.0000 -129.0000 -129.0000
rotation matrix determinant  1.000000
fimgreg.f
image alignment mode   1283 decimal      503 hex
parameters
    0.0000   -7.5000    7.5000    0.0000    0.0000    0.0000
eta,q 0.94327 13.19694
niter,ni,del,rscale     5    3   12.0000    1.2000
parameter  1  0.554874 ->  0.500000 qaram    1.1500
parameter  2 -0.954069 -> -0.500000 qaram    1.1500
parameter  4150.390900 ->  0.500000 qaram    1.1500
parameters
   -3.4500   -4.0500    6.4025   -3.4500    0.0852   -0.0095
eta,q 0.95775 13.09789
  0.0568  0.0677  0.0492  0.0398  0.0510  0.0467
  0.0528  0.0618  0.0502  0.0415  0.0468  0.0441
  0.0536  0.0567  0.0492  0.0445  0.0433  0.0426
  0.0572  0.0523  0.0473  0.0481  0.0422  0.0422
  0.0617  0.0485  0.0478  0.0520  0.0441  0.0427
  0.0677  0.0470  0.0501  0.0550  0.0466  0.0440
  0.0745  0.0476  0.0542  0.0567  0.0501  0.0467
niter,ni,del,rscale     7    3   12.0000    1.2000
parameter  4  1.029358 ->  0.500000 qaram    1.3225
parameters
   -3.1834   -2.8885    5.3488   -7.4175    0.6146   -0.6353
eta,q 0.96075 13.14216
  0.0630  0.0584  0.0455  0.0398  0.0488  0.0425
  0.0555  0.0494  0.0455  0.0393  0.0450  0.0402
  0.0464  0.0442  0.0438  0.0400  0.0416  0.0393
  0.0422  0.0424  0.0419  0.0426  0.0394  0.0393
  0.0457  0.0422  0.0433  0.0472  0.0401  0.0400
  0.0529  0.0453  0.0468  0.0504  0.0429  0.0414
  0.0605  0.0494  0.0513  0.0534  0.0464  0.0440
niter,ni,del,rscale     7    3   12.0000    1.2000
parameter  4  1.498328 ->  0.500000 qaram    1.5209
parameters
   -3.4486   -1.6763    3.7584  -11.9801    1.4769    0.2841
eta,q 0.96443 13.21914
  0.0579  0.0517  0.0417  0.0340  0.0455  0.0411
  0.0501  0.0449  0.0399  0.0352  0.0419  0.0385
  0.0418  0.0405  0.0386  0.0362  0.0381  0.0363
  0.0392  0.0391  0.0385  0.0384  0.0355  0.0355
  0.0437  0.0383  0.0404  0.0428  0.0360  0.0358
  0.0520  0.0407  0.0444  0.0467  0.0381  0.0367
  0.0605  0.0448  0.0510  0.0490  0.0418  0.0385
niter,ni,del,rscale     7    3   12.0000    1.2000
parameter  4  0.750881 ->  0.500000 qaram    1.7490
parameters
   -3.6748    1.2037    2.6094  -17.2272    1.1350   -0.4834
eta,q 0.97279 13.34329
  0.0557  0.0489  0.0379  0.0291  0.0371  0.0321
  0.0461  0.0435  0.0338  0.0273  0.0322  0.0289
  0.0374  0.0390  0.0316  0.0284  0.0290  0.0273
  0.0356  0.0354  0.0317  0.0313  0.0273  0.0274
  0.0407  0.0321  0.0347  0.0381  0.0289  0.0286
  0.0491  0.0325  0.0390  0.0449  0.0337  0.0311
  0.0567  0.0373  0.0446  0.0503  0.0400  0.0353
niter,ni,del,rscale     7    3   12.0000    1.2000
parameters
   -3.2605    1.5985    0.6077  -18.3909    0.9584   -0.5845
eta,q 0.97585 13.33111
  0.0561  0.0433  0.0317  0.0401  0.0353  0.0312
  0.0446  0.0361  0.0252  0.0294  0.0303  0.0273
  0.0328  0.0309  0.0244  0.0250  0.0263  0.0248
  0.0272  0.0273  0.0272  0.0244  0.0241  0.0242
  0.0312  0.0286  0.0317  0.0290  0.0258  0.0253
  0.0395  0.0327  0.0368  0.0374  0.0306  0.0276
  0.0507  0.0412  0.0431  0.0461  0.0375  0.0317
niter,ni,del,rscale     6    3   12.0000    1.2000
parameters
   -3.1549    1.5023    0.6401  -18.4513    0.8925   -0.6104
eta,q 0.97568 13.33223
  0.0544  0.0400  0.0400  0.0442  0.0356  0.0315
  0.0411  0.0330  0.0299  0.0322  0.0306  0.0275
  0.0284  0.0272  0.0242  0.0261  0.0267  0.0250
  0.0242  0.0242  0.0243  0.0243  0.0243  0.0243
  0.0300  0.0266  0.0274  0.0269  0.0257  0.0253
  0.0394  0.0322  0.0318  0.0341  0.0303  0.0275
  0.0523  0.0422  0.0372  0.0434  0.0370  0.0315
niter,ni,del,rscale     5    3   12.0000    1.2000
parameters
   -3.1268    1.5046    0.6197  -18.4692    0.8733   -0.6191
eta,q 0.97567 13.33227
  0.0539  0.0404  0.0397  0.0443  0.0358  0.0315
  0.0405  0.0333  0.0296  0.0324  0.0307  0.0275
  0.0281  0.0275  0.0242  0.0262  0.0268  0.0250
  0.0243  0.0243  0.0243  0.0243  0.0243  0.0243
  0.0304  0.0264  0.0276  0.0268  0.0256  0.0253
  0.0399  0.0318  0.0319  0.0339  0.0301  0.0275
  0.0529  0.0418  0.0374  0.0433  0.0368  0.0315
registration optimization eta report
parameter search radius
    6.9000    6.9000    6.0000   10.4940    6.0000    6.0000
100000*second partial in parameter space
       59.       34.       40.       18.       32.       20.
  0.0539  0.0404  0.0397  0.0443  0.0358  0.0315
  0.0405  0.0333  0.0296  0.0324  0.0307  0.0275
  0.0281  0.0275  0.0242  0.0262  0.0268  0.0250
  0.0243  0.0243  0.0243  0.0243  0.0243  0.0243
  0.0304  0.0264  0.0276  0.0268  0.0256  0.0253
  0.0399  0.0318  0.0319  0.0339  0.0301  0.0275
  0.0529  0.0418  0.0374  0.0433  0.0368  0.0315
   -3.1268    1.5046    0.6197  -18.4692    0.8733   -0.6191
eta,q 0.97567 13.33227

---------------------------------------------------------------------
imgreg_4dfp /opt/freesurfer/average/711-2C_as_mni_average_305 /opt/freesurfer/average/711-2B_as_mni_average_305_mask talsrcimg_g11 none talsrcimg_to_711-2C_as_mni_average_305_t4 3335
---------------------------------------------------------------------

freesurfer imgreg_4dfp.c
/opt/freesurfer/average/711-2C_as_mni_average_305.4dfp.img
       256       256       256         1
  1.000000  1.000000  1.000000
orientation T byte_order littleendian
Reading image: /opt/freesurfer/average/711-2C_as_mni_average_305.4dfp.img
dimensions:      256       256       256
mmppix:       1.0000   -1.0000   -1.0000
center:     128.0000 -129.0000 -129.0000
/opt/freesurfer/average/711-2B_as_mni_average_305_mask.4dfp.img
       256       256       256         1
  1.000000  1.000000  1.000000
orientation T byte_order littleendian
Reading mask: /opt/freesurfer/average/711-2B_as_mni_average_305_mask.4dfp.img (2306576 pixels)
talsrcimg_g11.4dfp.img
       256       256       256         1
  1.000000  1.000000  1.000000
orientation T byte_order littleendian
Reading image: talsrcimg_g11.4dfp.img
dimensions:      256       256       256
mmppix:       1.0000   -1.0000   -1.0000
center:     128.0000 -129.0000 -129.0000
fimgreg.f
image alignment mode   3335 decimal      D07 hex
parameters
   -3.1268    1.5046    0.6197   -0.0175   -5.1614   -5.1616
    1.5076   -1.1033   -1.0803   31.6933    1.5242  -31.6758
eta,q 0.97591 13.43324
niter,ni,del,rscale     5    3    5.0000    1.2000
parameter  4  0.742131 ->  0.500000 qaram    1.1500
parameter  5  0.639161 ->  0.500000 qaram    1.1500
parameter 11 -0.521339 -> -0.500000 qaram    1.1500
parameters
   -3.2953    2.1286   -0.2414   -4.1575   -9.3014   -6.5104
    0.7535   -0.0866    0.7272   32.4483    5.6642  -34.3193
eta,q 0.98102 13.15882
  0.0279  0.0279  0.0244  0.0209  0.0202  0.0214  0.0222  0.0258  0.0223  0.0227  0.0211  0.0198
  0.0256  0.0261  0.0237  0.0210  0.0196  0.0205  0.0208  0.0224  0.0212  0.0213  0.0204  0.0192
  0.0243  0.0249  0.0236  0.0216  0.0197  0.0200  0.0200  0.0205  0.0203  0.0203  0.0199  0.0190
  0.0241  0.0241  0.0238  0.0236  0.0211  0.0195  0.0198  0.0198  0.0197  0.0196  0.0195  0.0193
  0.0248  0.0238  0.0245  0.0270  0.0235  0.0196  0.0204  0.0199  0.0196  0.0196  0.0193  0.0200
  0.0265  0.0242  0.0255  0.0318  0.0263  0.0215  0.0216  0.0208  0.0200  0.0204  0.0193  0.0211
  0.0290  0.0254  0.0269  0.0375  0.0296  0.0257  0.0233  0.0230  0.0206  0.0218  0.0195  0.0224
niter,ni,del,rscale     7    3    5.0000    1.2000
parameters
   -3.0903    2.3116   -0.9917   -6.9609  -10.5042   -6.9865
    0.8702   -0.5308    0.9987   33.3438    4.1306  -36.2340
eta,q 0.98132 12.98986
  0.0234  0.0222  0.0196  0.0199  0.0217  0.0212  0.0219  0.0223  0.0208  0.0218  0.0196  0.0199
  0.0211  0.0206  0.0190  0.0191  0.0203  0.0200  0.0203  0.0205  0.0199  0.0204  0.0191  0.0190
  0.0196  0.0195  0.0188  0.0187  0.0193  0.0193  0.0193  0.0193  0.0192  0.0194  0.0189  0.0187
  0.0190  0.0190  0.0190  0.0188  0.0187  0.0188  0.0189  0.0189  0.0189  0.0189  0.0189  0.0189
  0.0192  0.0192  0.0195  0.0198  0.0194  0.0186  0.0192  0.0193  0.0191  0.0189  0.0191  0.0195
  0.0202  0.0200  0.0205  0.0229  0.0216  0.0200  0.0202  0.0208  0.0197  0.0195  0.0196  0.0205
  0.0221  0.0214  0.0217  0.0281  0.0247  0.0229  0.0217  0.0236  0.0206  0.0208  0.0204  0.0217
niter,ni,del,rscale     6    3    5.0000    1.2000
parameters
   -2.9957    2.3587   -1.2770   -7.5842  -10.9440   -7.2716
    0.7022   -0.5888    0.8206   33.7012    3.6764  -36.8485
eta,q 0.98123 12.93723
  0.0223  0.0213  0.0199  0.0209  0.0221  0.0213  0.0216  0.0223  0.0205  0.0212  0.0197  0.0206
  0.0204  0.0199  0.0191  0.0198  0.0206  0.0200  0.0201  0.0204  0.0195  0.0199  0.0192  0.0195
  0.0192  0.0190  0.0187  0.0190  0.0194  0.0192  0.0191  0.0192  0.0190  0.0191  0.0189  0.0189
  0.0187  0.0187  0.0187  0.0186  0.0187  0.0187  0.0188  0.0188  0.0188  0.0188  0.0188  0.0188
  0.0190  0.0190  0.0190  0.0187  0.0190  0.0184  0.0192  0.0191  0.0190  0.0189  0.0189  0.0192
  0.0200  0.0198  0.0197  0.0197  0.0207  0.0196  0.0203  0.0203  0.0197  0.0195  0.0193  0.0201
  0.0218  0.0211  0.0207  0.0226  0.0235  0.0227  0.0218  0.0226  0.0206  0.0208  0.0200  0.0212
niter,ni,del,rscale     5    3    5.0000    1.2000
parameters
   -2.9709    2.3942   -1.3930   -7.6266  -11.1017   -7.3890
    0.6940   -0.5929    0.8070   33.8238    3.5632  -37.1025
eta,q 0.98119 12.93028
  0.0221  0.0213  0.0203  0.0212  0.0223  0.0215  0.0217  0.0224  0.0205  0.0211  0.0198  0.0208
  0.0203  0.0199  0.0194  0.0200  0.0208  0.0201  0.0202  0.0203  0.0196  0.0198  0.0193  0.0197
  0.0192  0.0191  0.0189  0.0192  0.0195  0.0192  0.0192  0.0192  0.0190  0.0191  0.0189  0.0190
  0.0188  0.0188  0.0188  0.0188  0.0188  0.0188  0.0188  0.0188  0.0188  0.0188  0.0188  0.0188
  0.0191  0.0191  0.0190  0.0187  0.0190  0.0183  0.0192  0.0191  0.0190  0.0190  0.0189  0.0192
  0.0202  0.0198  0.0196  0.0194  0.0204  0.0195  0.0202  0.0203  0.0196  0.0196  0.0193  0.0200
  0.0220  0.0211  0.0206  0.0218  0.0232  0.0225  0.0217  0.0225  0.0206  0.0210  0.0199  0.0211
niter,ni,del,rscale     4    3    5.0000    1.2000
parameters
   -2.9677    2.4033   -1.4546   -7.6453  -11.1598   -7.4536
    0.6900   -0.5970    0.8167   33.8707    3.5048  -37.2157
eta,q 0.98117 12.92691
  0.0221  0.0212  0.0204  0.0212  0.0224  0.0215  0.0217  0.0224  0.0206  0.0210  0.0199  0.0209
  0.0203  0.0199  0.0195  0.0200  0.0209  0.0201  0.0202  0.0203  0.0196  0.0198  0.0193  0.0198
  0.0192  0.0191  0.0190  0.0193  0.0196  0.0193  0.0192  0.0192  0.0190  0.0191  0.0190  0.0191
  0.0188  0.0188  0.0188  0.0188  0.0188  0.0188  0.0188  0.0188  0.0188  0.0188  0.0188  0.0188
  0.0192  0.0191  0.0190  0.0188  0.0190  0.0184  0.0192  0.0191  0.0190  0.0190  0.0190  0.0191
  0.0203  0.0199  0.0196  0.0194  0.0204  0.0195  0.0202  0.0203  0.0196  0.0196  0.0193  0.0199
  0.0221  0.0212  0.0205  0.0218  0.0231  0.0225  0.0217  0.0225  0.0206  0.0210  0.0199  0.0210
niter,ni,del,rscale     3    3    5.0000    1.2000
parameters
   -2.9662    2.4066   -1.4825   -7.6562  -11.1834   -7.4843
    0.6868   -0.5992    0.8199   33.8917    3.4930  -37.2681
eta,q 0.98116 12.92528
  0.0221  0.0212  0.0204  0.0212  0.0224  0.0216  0.0217  0.0224  0.0206  0.0210  0.0199  0.0210
  0.0203  0.0199  0.0195  0.0201  0.0209  0.0202  0.0202  0.0203  0.0196  0.0198  0.0193  0.0198
  0.0192  0.0191  0.0190  0.0193  0.0196  0.0193  0.0192  0.0192  0.0190  0.0191  0.0190  0.0191
  0.0188  0.0188  0.0188  0.0188  0.0188  0.0188  0.0188  0.0188  0.0188  0.0188  0.0188  0.0188
  0.0192  0.0191  0.0190  0.0188  0.0190  0.0184  0.0192  0.0192  0.0190  0.0190  0.0190  0.0191
  0.0203  0.0199  0.0196  0.0195  0.0204  0.0195  0.0202  0.0203  0.0196  0.0197  0.0193  0.0199
  0.0221  0.0212  0.0205  0.0218  0.0231  0.0224  0.0217  0.0225  0.0206  0.0211  0.0199  0.0210
niter,ni,del,rscale     2    3    5.0000    1.2000
parameters
   -2.9659    2.4074   -1.4938   -7.6651  -11.1943   -7.4935
    0.6846   -0.6034    0.8155   33.9036    3.4798  -37.2877
eta,q 0.98115 12.92452
  0.0221  0.0212  0.0205  0.0212  0.0225  0.0216  0.0217  0.0224  0.0206  0.0210  0.0199  0.0210
  0.0203  0.0199  0.0196  0.0201  0.0209  0.0202  0.0202  0.0203  0.0196  0.0198  0.0193  0.0198
  0.0192  0.0191  0.0190  0.0193  0.0196  0.0193  0.0192  0.0192  0.0191  0.0191  0.0190  0.0191
  0.0188  0.0188  0.0188  0.0188  0.0188  0.0188  0.0188  0.0189  0.0188  0.0189  0.0188  0.0188
  0.0192  0.0191  0.0190  0.0188  0.0190  0.0184  0.0192  0.0192  0.0190  0.0190  0.0190  0.0191
  0.0203  0.0199  0.0196  0.0195  0.0204  0.0195  0.0202  0.0203  0.0196  0.0197  0.0193  0.0199
  0.0221  0.0212  0.0205  0.0218  0.0231  0.0224  0.0217  0.0225  0.0206  0.0211  0.0199  0.0210
registration optimization eta report
parameter search radius
    2.4000    2.4000    2.4000    8.2800    8.2800    7.2000
    7.2000    7.2000    7.2000    7.2000    8.2800    7.2000
100000*second partial in parameter space
       56.       41.       28.        4.        6.        7.
        5.        7.        3.        4.        2.        4.
  0.0221  0.0212  0.0205  0.0212  0.0225  0.0216  0.0217  0.0224  0.0206  0.0210  0.0199  0.0210
  0.0203  0.0199  0.0196  0.0201  0.0209  0.0202  0.0202  0.0203  0.0196  0.0198  0.0193  0.0198
  0.0192  0.0191  0.0190  0.0193  0.0196  0.0193  0.0192  0.0192  0.0191  0.0191  0.0190  0.0191
  0.0188  0.0188  0.0188  0.0188  0.0188  0.0188  0.0188  0.0189  0.0188  0.0189  0.0188  0.0188
  0.0192  0.0191  0.0190  0.0188  0.0190  0.0184  0.0192  0.0192  0.0190  0.0190  0.0190  0.0191
  0.0203  0.0199  0.0196  0.0195  0.0204  0.0195  0.0202  0.0203  0.0196  0.0197  0.0193  0.0199
  0.0221  0.0212  0.0205  0.0218  0.0231  0.0224  0.0217  0.0225  0.0206  0.0211  0.0199  0.0210
   -2.9659    2.4074   -1.4938   -7.6651  -11.1943   -7.4935
    0.6846   -0.6034    0.8155   33.9036    3.4798  -37.2877
eta,q 0.98115 12.92452

---------------------------------------------------------------------
imgreg_4dfp /opt/freesurfer/average/711-2C_as_mni_average_305 /opt/freesurfer/average/711-2B_as_mni_average_305_mask talsrcimg_g11 none talsrcimg_to_711-2C_as_mni_average_305_t4 2311
---------------------------------------------------------------------

freesurfer imgreg_4dfp.c
/opt/freesurfer/average/711-2C_as_mni_average_305.4dfp.img
       256       256       256         1
  1.000000  1.000000  1.000000
orientation T byte_order littleendian
Reading image: /opt/freesurfer/average/711-2C_as_mni_average_305.4dfp.img
dimensions:      256       256       256
mmppix:       1.0000   -1.0000   -1.0000
center:     128.0000 -129.0000 -129.0000
/opt/freesurfer/average/711-2B_as_mni_average_305_mask.4dfp.img
       256       256       256         1
  1.000000  1.000000  1.000000
orientation T byte_order littleendian
Reading mask: /opt/freesurfer/average/711-2B_as_mni_average_305_mask.4dfp.img (2306576 pixels)
talsrcimg_g11.4dfp.img
       256       256       256         1
  1.000000  1.000000  1.000000
orientation T byte_order littleendian
Reading image: talsrcimg_g11.4dfp.img
dimensions:      256       256       256
mmppix:       1.0000   -1.0000   -1.0000
center:     128.0000 -129.0000 -129.0000
fimgreg.f
image alignment mode   2311 decimal      907 hex
parameters
   -2.9659    2.4074   -1.4938   -7.6651  -11.1943   -7.4935
    0.6846   -0.6034    0.8155   33.9036    3.4798  -37.2877
eta,q 0.98115 12.92453
niter,ni,del,rscale     5    3    5.0000    0.8000
parameters
   -2.9686    2.3934   -1.5037   -6.2921  -10.5371   -6.1061
    0.8517   -0.5295    1.0084   34.3601    3.5081  -37.0302
eta,q 0.98172 13.12687
  0.0203  0.0199  0.0196  0.0198  0.0205  0.0203  0.0198  0.0203  0.0192  0.0199  0.0187  0.0194
  0.0195  0.0193  0.0192  0.0194  0.0198  0.0196  0.0191  0.0191  0.0187  0.0192  0.0185  0.0188
  0.0190  0.0190  0.0189  0.0191  0.0191  0.0191  0.0185  0.0185  0.0184  0.0186  0.0183  0.0184
  0.0188  0.0188  0.0188  0.0188  0.0188  0.0187  0.0183  0.0183  0.0183  0.0183  0.0183  0.0183
  0.0190  0.0190  0.0189  0.0188  0.0188  0.0183  0.0185  0.0185  0.0184  0.0183  0.0183  0.0184
  0.0195  0.0193  0.0192  0.0188  0.0191  0.0182  0.0189  0.0191  0.0186  0.0187  0.0185  0.0187
  0.0203  0.0199  0.0196  0.0192  0.0199  0.0193  0.0197  0.0201  0.0191  0.0195  0.0187  0.0192
niter,ni,del,rscale     4    3    5.0000    0.7000
parameters
   -2.9737    2.3000   -1.5379   -5.9788  -10.4747   -6.2312
    0.8422   -0.5487    1.0791   34.3237    3.5265  -36.9871
eta,q 0.98171 13.13800
  0.0195  0.0191  0.0190  0.0190  0.0195  0.0196  0.0194  0.0198  0.0189  0.0194  0.0186  0.0191
  0.0188  0.0186  0.0186  0.0187  0.0189  0.0191  0.0188  0.0189  0.0186  0.0188  0.0184  0.0187
  0.0184  0.0183  0.0183  0.0184  0.0185  0.0187  0.0184  0.0184  0.0184  0.0185  0.0183  0.0184
  0.0183  0.0183  0.0183  0.0183  0.0183  0.0183  0.0183  0.0183  0.0183  0.0183  0.0183  0.0183
  0.0184  0.0184  0.0184  0.0182  0.0184  0.0181  0.0184  0.0184  0.0183  0.0184  0.0183  0.0184
  0.0188  0.0188  0.0186  0.0184  0.0188  0.0189  0.0188  0.0189  0.0185  0.0188  0.0184  0.0186
  0.0195  0.0193  0.0190  0.0190  0.0195  0.0203  0.0194  0.0198  0.0189  0.0195  0.0186  0.0191
niter,ni,del,rscale     3    3    5.0000    0.6000
parameters
   -2.9806    2.2866   -1.5915   -5.8230  -10.3929   -6.0367
    0.8506   -0.5572    1.0921   34.3256    3.4798  -37.0581
eta,q 0.98179 13.16105
  0.0192  0.0190  0.0188  0.0188  0.0192  0.0194  0.0191  0.0194  0.0187  0.0191  0.0185  0.0188
  0.0187  0.0186  0.0185  0.0186  0.0188  0.0191  0.0186  0.0187  0.0184  0.0187  0.0183  0.0185
  0.0184  0.0184  0.0183  0.0184  0.0184  0.0187  0.0183  0.0183  0.0183  0.0184  0.0182  0.0183
  0.0183  0.0183  0.0183  0.0183  0.0183  0.0183  0.0182  0.0182  0.0182  0.0182  0.0182  0.0182
  0.0184  0.0184  0.0184  0.0183  0.0184  0.0181  0.0183  0.0183  0.0183  0.0183  0.0182  0.0183
  0.0187  0.0186  0.0186  0.0184  0.0187  0.0185  0.0186  0.0187  0.0184  0.0186  0.0183  0.0185
  0.0192  0.0190  0.0189  0.0188  0.0192  0.0196  0.0190  0.0194  0.0187  0.0192  0.0185  0.0188
niter,ni,del,rscale     2    3    5.0000    0.5000
parameters
   -2.9760    2.2812   -1.5777   -5.6509  -10.3830   -5.7824
    0.8669   -0.5580    1.1060   34.3008    3.4125  -37.0706
eta,q 0.98186 13.18098
  0.0189  0.0187  0.0186  0.0186  0.0189  0.0192  0.0187  0.0190  0.0185  0.0188  0.0183  0.0186
  0.0185  0.0184  0.0184  0.0184  0.0185  0.0189  0.0184  0.0185  0.0183  0.0185  0.0182  0.0183
  0.0183  0.0183  0.0182  0.0183  0.0183  0.0185  0.0182  0.0182  0.0182  0.0182  0.0182  0.0182
  0.0182  0.0182  0.0182  0.0182  0.0182  0.0182  0.0181  0.0181  0.0181  0.0181  0.0181  0.0181
  0.0183  0.0183  0.0183  0.0182  0.0183  0.0181  0.0182  0.0182  0.0182  0.0182  0.0182  0.0182
  0.0185  0.0184  0.0184  0.0183  0.0185  0.0184  0.0184  0.0185  0.0183  0.0185  0.0182  0.0183
  0.0188  0.0187  0.0186  0.0186  0.0189  0.0192  0.0187  0.0190  0.0185  0.0189  0.0184  0.0186
niter,ni,del,rscale     1    3    5.0000    0.4000
parameters
   -2.9778    2.2830   -1.5238   -5.4923  -10.3631   -5.5000
    0.8702   -0.5538    1.0975   34.2361    3.3891  -37.0401
eta,q 0.98192 13.19989
  0.0186  0.0185  0.0185  0.0184  0.0186  0.0189  0.0185  0.0187  0.0183  0.0186  0.0182  0.0184
  0.0183  0.0183  0.0183  0.0183  0.0184  0.0187  0.0183  0.0183  0.0182  0.0183  0.0181  0.0182
  0.0182  0.0182  0.0182  0.0182  0.0182  0.0184  0.0181  0.0181  0.0181  0.0181  0.0181  0.0181
  0.0181  0.0181  0.0181  0.0181  0.0181  0.0181  0.0181  0.0181  0.0181  0.0181  0.0181  0.0181
  0.0182  0.0182  0.0182  0.0181  0.0182  0.0181  0.0181  0.0181  0.0181  0.0181  0.0181  0.0181
  0.0183  0.0183  0.0182  0.0182  0.0183  0.0183  0.0183  0.0183  0.0182  0.0183  0.0181  0.0182
  0.0186  0.0185  0.0184  0.0184  0.0186  0.0188  0.0185  0.0187  0.0183  0.0186  0.0182  0.0183
registration optimization eta report
parameter search radius
    0.8000    0.8000    0.8000    2.4000    2.4000    2.4000
    2.4000    2.4000    2.4000    2.4000    2.4000    2.4000
100000*second partial in parameter space
       65.       50.       42.        4.        8.       13.
        7.       10.        4.        9.        2.        5.
  0.0186  0.0185  0.0185  0.0184  0.0186  0.0189  0.0185  0.0187  0.0183  0.0186  0.0182  0.0184
  0.0183  0.0183  0.0183  0.0183  0.0184  0.0187  0.0183  0.0183  0.0182  0.0183  0.0181  0.0182
  0.0182  0.0182  0.0182  0.0182  0.0182  0.0184  0.0181  0.0181  0.0181  0.0181  0.0181  0.0181
  0.0181  0.0181  0.0181  0.0181  0.0181  0.0181  0.0181  0.0181  0.0181  0.0181  0.0181  0.0181
  0.0182  0.0182  0.0182  0.0181  0.0182  0.0181  0.0181  0.0181  0.0181  0.0181  0.0181  0.0181
  0.0183  0.0183  0.0182  0.0182  0.0183  0.0183  0.0183  0.0183  0.0182  0.0183  0.0181  0.0182
  0.0186  0.0185  0.0184  0.0184  0.0186  0.0188  0.0185  0.0187  0.0183  0.0186  0.0182  0.0183
   -2.9778    2.2830   -1.5238   -5.4923  -10.3631   -5.5000
    0.8702   -0.5538    1.0975   34.2361    3.3891  -37.0401
eta,q 0.98192 13.19989

---------------------------------------------------------------------
imgreg_4dfp /opt/freesurfer/average/711-2C_as_mni_average_305 /opt/freesurfer/average/711-2B_as_mni_average_305_mask talsrcimg_g11 none talsrcimg_to_711-2C_as_mni_average_305_t4 2311
---------------------------------------------------------------------

freesurfer imgreg_4dfp.c
/opt/freesurfer/average/711-2C_as_mni_average_305.4dfp.img
       256       256       256         1
  1.000000  1.000000  1.000000
orientation T byte_order littleendian
Reading image: /opt/freesurfer/average/711-2C_as_mni_average_305.4dfp.img
dimensions:      256       256       256
mmppix:       1.0000   -1.0000   -1.0000
center:     128.0000 -129.0000 -129.0000
/opt/freesurfer/average/711-2B_as_mni_average_305_mask.4dfp.img
       256       256       256         1
  1.000000  1.000000  1.000000
orientation T byte_order littleendian
Reading mask: /opt/freesurfer/average/711-2B_as_mni_average_305_mask.4dfp.img (2306576 pixels)
talsrcimg_g11.4dfp.img
       256       256       256         1
  1.000000  1.000000  1.000000
orientation T byte_order littleendian
Reading image: talsrcimg_g11.4dfp.img
dimensions:      256       256       256
mmppix:       1.0000   -1.0000   -1.0000
center:     128.0000 -129.0000 -129.0000
fimgreg.f
image alignment mode   2311 decimal      907 hex
parameters
   -2.9778    2.2830   -1.5238   -5.4923  -10.3631   -5.5000
    0.8702   -0.5538    1.0975   34.2361    3.3891  -37.0401
eta,q 0.98192 13.19989
niter,ni,del,rscale     5    3    5.0000    0.8000
parameters
   -2.9857    2.2996   -1.3702   -6.2047  -10.5462   -6.2205
    0.8090   -0.5505    1.0473   34.2420    3.6413  -36.8023
eta,q 0.98168 13.11496
  0.0197  0.0194  0.0195  0.0189  0.0196  0.0196  0.0197  0.0202  0.0191  0.0196  0.0188  0.0194
  0.0188  0.0187  0.0187  0.0185  0.0189  0.0191  0.0190  0.0191  0.0187  0.0190  0.0185  0.0189
  0.0183  0.0182  0.0182  0.0182  0.0183  0.0186  0.0185  0.0185  0.0184  0.0185  0.0184  0.0185
  0.0181  0.0181  0.0181  0.0181  0.0181  0.0181  0.0183  0.0183  0.0183  0.0183  0.0183  0.0183
  0.0183  0.0182  0.0182  0.0182  0.0183  0.0183  0.0185  0.0185  0.0184  0.0184  0.0184  0.0184
  0.0188  0.0186  0.0185  0.0187  0.0189  0.0196  0.0190  0.0191  0.0187  0.0189  0.0185  0.0187
  0.0198  0.0193  0.0190  0.0200  0.0199  0.0216  0.0198  0.0202  0.0192  0.0198  0.0187  0.0192
niter,ni,del,rscale     4    3    5.0000    0.7000
parameters
   -2.9817    2.2914   -1.5222   -5.9904  -10.4004   -6.2092
    0.8408   -0.5487    1.0846   34.2764    3.5803  -36.9197
eta,q 0.98172 13.13947
  0.0195  0.0192  0.0189  0.0190  0.0196  0.0196  0.0194  0.0198  0.0189  0.0194  0.0186  0.0190
  0.0189  0.0187  0.0185  0.0187  0.0190  0.0192  0.0188  0.0189  0.0186  0.0188  0.0184  0.0186
  0.0185  0.0184  0.0183  0.0184  0.0185  0.0187  0.0184  0.0184  0.0184  0.0185  0.0183  0.0184
  0.0183  0.0183  0.0183  0.0183  0.0183  0.0183  0.0183  0.0183  0.0183  0.0183  0.0183  0.0183
  0.0184  0.0184  0.0185  0.0183  0.0184  0.0181  0.0184  0.0184  0.0183  0.0184  0.0183  0.0184
  0.0188  0.0187  0.0187  0.0185  0.0188  0.0187  0.0188  0.0189  0.0185  0.0187  0.0184  0.0187
  0.0195  0.0192  0.0191  0.0190  0.0195  0.0201  0.0194  0.0198  0.0189  0.0194  0.0186  0.0191
niter,ni,del,rscale     3    3    5.0000    0.6000
parameters
   -2.9790    2.2801   -1.5746   -5.8341  -10.3743   -6.0165
    0.8545   -0.5551    1.0943   34.2998    3.5042  -37.0257
eta,q 0.98179 13.16075
  0.0192  0.0190  0.0188  0.0188  0.0192  0.0194  0.0191  0.0194  0.0187  0.0191  0.0185  0.0188
  0.0187  0.0186  0.0185  0.0186  0.0187  0.0190  0.0186  0.0187  0.0184  0.0187  0.0183  0.0185
  0.0184  0.0184  0.0183  0.0184  0.0184  0.0187  0.0183  0.0183  0.0183  0.0184  0.0182  0.0183
  0.0183  0.0183  0.0183  0.0183  0.0183  0.0183  0.0182  0.0182  0.0182  0.0182  0.0182  0.0182
  0.0184  0.0184  0.0184  0.0183  0.0184  0.0181  0.0183  0.0183  0.0183  0.0183  0.0182  0.0183
  0.0187  0.0186  0.0185  0.0184  0.0187  0.0185  0.0186  0.0187  0.0184  0.0186  0.0183  0.0185
  0.0192  0.0190  0.0188  0.0188  0.0192  0.0195  0.0190  0.0194  0.0187  0.0192  0.0185  0.0188
niter,ni,del,rscale     2    3    5.0000    0.5000
parameters
   -2.9802    2.2782   -1.5647   -5.6500  -10.3709   -5.7699
    0.8602   -0.5564    1.0979   34.2951    3.4274  -37.0532
eta,q 0.98186 13.18168
  0.0188  0.0187  0.0186  0.0186  0.0189  0.0192  0.0187  0.0190  0.0185  0.0188  0.0183  0.0186
  0.0185  0.0184  0.0184  0.0184  0.0185  0.0189  0.0184  0.0185  0.0183  0.0185  0.0182  0.0183
  0.0183  0.0183  0.0182  0.0183  0.0183  0.0185  0.0182  0.0182  0.0182  0.0182  0.0182  0.0182
  0.0182  0.0182  0.0182  0.0182  0.0182  0.0182  0.0181  0.0181  0.0181  0.0181  0.0181  0.0181
  0.0183  0.0183  0.0183  0.0182  0.0183  0.0181  0.0182  0.0182  0.0182  0.0182  0.0182  0.0182
  0.0185  0.0184  0.0184  0.0183  0.0185  0.0184  0.0184  0.0185  0.0183  0.0185  0.0182  0.0183
  0.0188  0.0187  0.0186  0.0186  0.0189  0.0192  0.0187  0.0190  0.0185  0.0189  0.0183  0.0186
niter,ni,del,rscale     1    3    5.0000    0.4000
parameters
   -2.9768    2.2832   -1.5158   -5.4854  -10.3605   -5.4924
    0.8783   -0.5575    1.0939   34.2386    3.4027  -37.0308
eta,q 0.98192 13.20053
  0.0186  0.0185  0.0185  0.0184  0.0186  0.0189  0.0185  0.0187  0.0183  0.0186  0.0182  0.0184
  0.0183  0.0183  0.0183  0.0183  0.0183  0.0187  0.0183  0.0183  0.0182  0.0183  0.0181  0.0182
  0.0182  0.0182  0.0182  0.0182  0.0182  0.0184  0.0181  0.0181  0.0181  0.0181  0.0181  0.0181
  0.0181  0.0181  0.0181  0.0181  0.0181  0.0181  0.0181  0.0181  0.0181  0.0181  0.0181  0.0181
  0.0182  0.0182  0.0182  0.0181  0.0182  0.0181  0.0181  0.0181  0.0181  0.0181  0.0181  0.0181
  0.0183  0.0183  0.0182  0.0182  0.0183  0.0183  0.0182  0.0183  0.0182  0.0183  0.0181  0.0182
  0.0185  0.0185  0.0184  0.0184  0.0186  0.0188  0.0185  0.0187  0.0183  0.0186  0.0182  0.0183
registration optimization eta report
parameter search radius
    0.8000    0.8000    0.8000    2.4000    2.4000    2.4000
    2.4000    2.4000    2.4000    2.4000    2.4000    2.4000
100000*second partial in parameter space
       65.       50.       43.        4.        8.       13.
        7.       10.        4.        9.        2.        5.
  0.0186  0.0185  0.0185  0.0184  0.0186  0.0189  0.0185  0.0187  0.0183  0.0186  0.0182  0.0184
  0.0183  0.0183  0.0183  0.0183  0.0183  0.0187  0.0183  0.0183  0.0182  0.0183  0.0181  0.0182
  0.0182  0.0182  0.0182  0.0182  0.0182  0.0184  0.0181  0.0181  0.0181  0.0181  0.0181  0.0181
  0.0181  0.0181  0.0181  0.0181  0.0181  0.0181  0.0181  0.0181  0.0181  0.0181  0.0181  0.0181
  0.0182  0.0182  0.0182  0.0181  0.0182  0.0181  0.0181  0.0181  0.0181  0.0181  0.0181  0.0181
  0.0183  0.0183  0.0182  0.0182  0.0183  0.0183  0.0182  0.0183  0.0182  0.0183  0.0181  0.0182
  0.0185  0.0185  0.0184  0.0184  0.0186  0.0188  0.0185  0.0187  0.0183  0.0186  0.0182  0.0183
   -2.9768    2.2832   -1.5158   -5.4854  -10.3605   -5.4924
    0.8783   -0.5575    1.0939   34.2386    3.4027  -37.0308
eta,q 0.98192 13.20053

---------------------------------------------------------------------
compute_vox2vox talsrcimg talsrcimg_to_711-2C_as_mni_average_305_t4 /opt/freesurfer/average/711-2C_as_mni_average_305
---------------------------------------------------------------------

freesurfer compute_vox2vox.c
Reading: talsrcimg.4dfp.ifh
Reading: talsrcimg_to_711-2C_as_mni_average_305_t4
Reading: /opt/freesurfer/average/711-2C_as_mni_average_305.4dfp.ifh
Writing: talsrcimg_to_711-2C_as_mni_average_305_t4_vox2vox.txt

start time Sun Mar 8 12:45:49 CET 2026
end		time Sun Mar 8 12:47:14 CET 2026

mpr2mni305 success

avi2talxfm orig_nu.mgz /opt/freesurfer/average/mni305.cor.mgz talsrcimg_to_711-2C_as_mni_average_305_t4_vox2vox.txt transforms/talairach.auto.xfm
avi2talxfm done
mv -f /out/sourcedata/freesurfer/sub-v1s12x0050121_ses-1/mri/talsrcimg_to_711-2C_as_mni_average_305_t4_vox2vox.txt /out/sourcedata/freesurfer/sub-v1s12x0050121_ses-1/mri/transforms/talsrcimg_to_711-2C_as_mni_average_305_t4_vox2vox.txt
lta_convert --src orig_nu.mgz --trg /opt/freesurfer/average/mni305.cor.mgz --inxfm transforms/talairach.auto.xfm --outlta transforms/talairach.auto.xfm.lta --subject fsaverage
7.3.2

--src: orig_nu.mgz src image (geometry).
--trg: /opt/freesurfer/average/mni305.cor.mgz trg image (geometry).
--inmni: transforms/talairach.auto.xfm input MNI/XFM transform.
--outlta: transforms/talairach.auto.xfm.lta output LTA.
--s: fsaverage subject name
 LTA read, type : 1
 1.05780   0.00869  -0.00677   5.21480;
-0.03753   0.92006   0.38045  -11.40878;
 0.00143  -0.35153   0.97035  -10.56281;
 0.00000   0.00000   0.00000   1.00000;
setting subject to fsaverage
Writing  LTA to file transforms/talairach.auto.xfm.lta...
lta_convert successful.
 
 
Started at Sun Mar 8 12:45:49 CET 2026
Ended   at Sun Mar  8 12:47:15 CET 2026
talairach_avi done
