status file for recon-all
Sun Mar  8 14:15:32 CET 2026
#@# Tessellate lh Sun Mar  8 14:15:32 CET 2026
#@# Smooth1 lh Sun Mar  8 14:15:35 CET 2026
#@# Inflation1 lh Sun Mar  8 14:15:38 CET 2026
#@# QSphere lh Sun Mar  8 14:15:47 CET 2026
#@# Fix Topology lh Sun Mar  8 14:16:42 CET 2026
#@# Smooth2 lh Sun Mar  8 14:24:53 CET 2026
#@# Inflation2 lh Sun Mar  8 14:24:56 CET 2026
#@# Curv .H and .K lh Sun Mar  8 14:25:07 CET 2026
#@# Sphere lh Sun Mar  8 14:25:57 CET 2026
#@# Surf Reg lh Sun Mar  8 14:27:54 CET 2026
#@# Jacobian white lh Sun Mar  8 14:32:03 CET 2026
#@# AvgCurv lh Sun Mar  8 14:32:04 CET 2026
#@# Cortical Parc lh Sun Mar  8 14:32:05 CET 2026
#@# white curv lh Sun Mar  8 14:38:16 CET 2026
#@# white area lh Sun Mar  8 14:38:18 CET 2026
#@# pial curv lh Sun Mar  8 14:38:18 CET 2026
#@# pial area lh Sun Mar  8 14:38:20 CET 2026
#@# thickness lh Sun Mar  8 14:38:21 CET 2026
#@# area and vertex vol lh Sun Mar  8 14:38:52 CET 2026
#@# Curvature Stats lh Sun Mar  8 14:38:53 CET 2026
#@# Cortical Parc 2 lh Sun Mar  8 14:38:56 CET 2026
#@# Cortical Parc 3 lh Sun Mar  8 14:39:09 CET 2026
#@# WM/GM Contrast lh Sun Mar  8 14:39:19 CET 2026
recon-all -s sub-v1s12x0050118_ses-1 finished without error at Sun Mar  8 14:39:22 CET 2026



#New# invocation of recon-all 



status file for recon-all
Sun Mar  8 15:06:22 CET 2026
#@# white curv lh Sun Mar  8 15:06:22 CET 2026
#@# white area lh Sun Mar  8 15:06:22 CET 2026
#@# pial curv lh Sun Mar  8 15:06:22 CET 2026
#@# pial area lh Sun Mar  8 15:06:22 CET 2026
#@# thickness lh Sun Mar  8 15:06:22 CET 2026
#@# area and vertex vol lh Sun Mar  8 15:06:22 CET 2026
#@# Parcellation Stats lh Sun Mar  8 15:06:22 CET 2026
#@# Parcellation Stats 2 lh Sun Mar  8 15:06:43 CET 2026
#@# Parcellation Stats 3 lh Sun Mar  8 15:06:53 CET 2026
#@# BA_exvivo Labels lh Sun Mar  8 15:07:03 CET 2026
recon-all -s sub-v1s12x0050118_ses-1 finished without error at Sun Mar  8 15:09:31 CET 2026
