status file for recon-all
Sun Mar  8 14:15:10 CET 2026
#@# Tessellate lh Sun Mar  8 14:15:10 CET 2026
#@# Smooth1 lh Sun Mar  8 14:15:14 CET 2026
#@# Inflation1 lh Sun Mar  8 14:15:16 CET 2026
#@# QSphere lh Sun Mar  8 14:15:28 CET 2026
#@# Fix Topology lh Sun Mar  8 14:16:18 CET 2026
#@# Smooth2 lh Sun Mar  8 14:30:56 CET 2026
#@# Inflation2 lh Sun Mar  8 14:30:59 CET 2026
#@# Curv .H and .K lh Sun Mar  8 14:31:11 CET 2026
#@# Sphere lh Sun Mar  8 14:31:52 CET 2026
#@# Surf Reg lh Sun Mar  8 14:35:58 CET 2026
#@# Jacobian white lh Sun Mar  8 14:40:50 CET 2026
#@# AvgCurv lh Sun Mar  8 14:40:50 CET 2026
#@# Cortical Parc lh Sun Mar  8 14:40:51 CET 2026
#@# white curv lh Sun Mar  8 14:54:15 CET 2026
#@# white area lh Sun Mar  8 14:54:17 CET 2026
#@# pial curv lh Sun Mar  8 14:54:17 CET 2026
#@# pial area lh Sun Mar  8 14:54:19 CET 2026
#@# thickness lh Sun Mar  8 14:54:19 CET 2026
#@# area and vertex vol lh Sun Mar  8 14:54:45 CET 2026
#@# Curvature Stats lh Sun Mar  8 14:54:47 CET 2026
#@# Cortical Parc 2 lh Sun Mar  8 14:54:49 CET 2026
#@# Cortical Parc 3 lh Sun Mar  8 14:55:00 CET 2026
#@# WM/GM Contrast lh Sun Mar  8 14:55:09 CET 2026
recon-all -s sub-v1s12x0050115_ses-1 finished without error at Sun Mar  8 14:55:12 CET 2026



#New# invocation of recon-all 



status file for recon-all
Sun Mar  8 15:17:43 CET 2026
#@# white curv lh Sun Mar  8 15:17:43 CET 2026
#@# white area lh Sun Mar  8 15:17:43 CET 2026
#@# pial curv lh Sun Mar  8 15:17:43 CET 2026
#@# pial area lh Sun Mar  8 15:17:43 CET 2026
#@# thickness lh Sun Mar  8 15:17:43 CET 2026
#@# area and vertex vol lh Sun Mar  8 15:17:43 CET 2026
#@# Parcellation Stats lh Sun Mar  8 15:17:43 CET 2026
#@# Parcellation Stats 2 lh Sun Mar  8 15:17:58 CET 2026
#@# Parcellation Stats 3 lh Sun Mar  8 15:18:06 CET 2026
#@# BA_exvivo Labels lh Sun Mar  8 15:18:14 CET 2026
recon-all -s sub-v1s12x0050115_ses-1 finished without error at Sun Mar  8 15:20:34 CET 2026
