status file for recon-all
Sun Mar  8 14:55:16 CET 2026
#@# Tessellate rh Sun Mar  8 14:55:16 CET 2026
#@# Smooth1 rh Sun Mar  8 14:55:19 CET 2026
#@# Inflation1 rh Sun Mar  8 14:55:21 CET 2026
#@# QSphere rh Sun Mar  8 14:55:32 CET 2026
#@# Fix Topology rh Sun Mar  8 14:56:25 CET 2026
#@# Smooth2 rh Sun Mar  8 15:01:06 CET 2026
#@# Inflation2 rh Sun Mar  8 15:01:09 CET 2026
#@# Curv .H and .K rh Sun Mar  8 15:01:21 CET 2026
#@# Sphere rh Sun Mar  8 15:02:02 CET 2026
#@# Surf Reg rh Sun Mar  8 15:04:50 CET 2026
#@# Jacobian white rh Sun Mar  8 15:07:56 CET 2026
#@# AvgCurv rh Sun Mar  8 15:07:57 CET 2026
#@# Cortical Parc rh Sun Mar  8 15:07:57 CET 2026
#@# white curv rh Sun Mar  8 15:13:03 CET 2026
#@# white area rh Sun Mar  8 15:13:04 CET 2026
#@# pial curv rh Sun Mar  8 15:13:05 CET 2026
#@# pial area rh Sun Mar  8 15:13:06 CET 2026
#@# thickness rh Sun Mar  8 15:13:07 CET 2026
#@# area and vertex vol rh Sun Mar  8 15:13:32 CET 2026
#@# Curvature Stats rh Sun Mar  8 15:13:34 CET 2026
#@# Cortical Parc 2 rh Sun Mar  8 15:13:36 CET 2026
#@# Cortical Parc 3 rh Sun Mar  8 15:13:48 CET 2026
#@# WM/GM Contrast rh Sun Mar  8 15:13:57 CET 2026
recon-all -s sub-v1s12x0050115_ses-1 finished without error at Sun Mar  8 15:13:59 CET 2026



#New# invocation of recon-all 



status file for recon-all
Sun Mar  8 15:20:36 CET 2026
#@# white curv rh Sun Mar  8 15:20:37 CET 2026
#@# white area rh Sun Mar  8 15:20:37 CET 2026
#@# pial curv rh Sun Mar  8 15:20:37 CET 2026
#@# pial area rh Sun Mar  8 15:20:37 CET 2026
#@# thickness rh Sun Mar  8 15:20:37 CET 2026
#@# area and vertex vol rh Sun Mar  8 15:20:37 CET 2026
#@# Parcellation Stats rh Sun Mar  8 15:20:37 CET 2026
#@# Parcellation Stats 2 rh Sun Mar  8 15:20:52 CET 2026
#@# Parcellation Stats 3 rh Sun Mar  8 15:20:59 CET 2026
#@# BA_exvivo Labels rh Sun Mar  8 15:21:07 CET 2026
recon-all -s sub-v1s12x0050115_ses-1 finished without error at Sun Mar  8 15:23:23 CET 2026
