status file for recon-all
Sun Mar  8 13:57:22 CET 2026
#@# Tessellate lh Sun Mar  8 13:57:22 CET 2026
#@# Smooth1 lh Sun Mar  8 13:57:25 CET 2026
#@# Inflation1 lh Sun Mar  8 13:57:26 CET 2026
#@# QSphere lh Sun Mar  8 13:57:38 CET 2026
#@# Fix Topology lh Sun Mar  8 13:58:37 CET 2026
#@# Smooth2 lh Sun Mar  8 14:02:40 CET 2026
#@# Inflation2 lh Sun Mar  8 14:02:42 CET 2026
#@# Curv .H and .K lh Sun Mar  8 14:02:53 CET 2026
#@# Sphere lh Sun Mar  8 14:03:27 CET 2026
#@# Surf Reg lh Sun Mar  8 14:05:06 CET 2026
#@# Jacobian white lh Sun Mar  8 14:07:55 CET 2026
#@# AvgCurv lh Sun Mar  8 14:07:56 CET 2026
#@# Cortical Parc lh Sun Mar  8 14:07:56 CET 2026
#@# white curv lh Sun Mar  8 14:12:48 CET 2026
#@# white area lh Sun Mar  8 14:12:49 CET 2026
#@# pial curv lh Sun Mar  8 14:12:49 CET 2026
#@# pial area lh Sun Mar  8 14:12:51 CET 2026
#@# thickness lh Sun Mar  8 14:12:51 CET 2026
#@# area and vertex vol lh Sun Mar  8 14:13:08 CET 2026
#@# Curvature Stats lh Sun Mar  8 14:13:08 CET 2026
#@# Cortical Parc 2 lh Sun Mar  8 14:13:10 CET 2026
#@# Cortical Parc 3 lh Sun Mar  8 14:13:19 CET 2026
#@# WM/GM Contrast lh Sun Mar  8 14:13:26 CET 2026
recon-all -s sub-v1s12x0050112_ses-1 finished without error at Sun Mar  8 14:13:29 CET 2026



#New# invocation of recon-all 



status file for recon-all
Sun Mar  8 14:31:36 CET 2026
#@# white curv lh Sun Mar  8 14:31:36 CET 2026
#@# white area lh Sun Mar  8 14:31:36 CET 2026
#@# pial curv lh Sun Mar  8 14:31:36 CET 2026
#@# pial area lh Sun Mar  8 14:31:36 CET 2026
#@# thickness lh Sun Mar  8 14:31:36 CET 2026
#@# area and vertex vol lh Sun Mar  8 14:31:36 CET 2026
#@# Parcellation Stats lh Sun Mar  8 14:31:36 CET 2026
#@# Parcellation Stats 2 lh Sun Mar  8 14:31:48 CET 2026
#@# Parcellation Stats 3 lh Sun Mar  8 14:31:55 CET 2026
#@# BA_exvivo Labels lh Sun Mar  8 14:32:01 CET 2026
recon-all -s sub-v1s12x0050112_ses-1 finished without error at Sun Mar  8 14:33:51 CET 2026
