/out/sourcedata/freesurfer/sub-v1s12x0050136_ses-1/mri
/opt/freesurfer/bin/talairach_avi
--i orig_nu.mgz --xfm transforms/talairach.auto.xfm
talairach_avi 7.3.2
Linux dna018 5.14.0-427.37.1.el9_4.x86_64 #1 SMP PREEMPT_DYNAMIC Fri Sep 13 12:41:50 EDT 2024 x86_64 x86_64 x86_64 GNU/Linux
Sun Mar  8 12:46:01 CET 2026
mri_convert orig_nu.mgz talsrcimg.img 
reading from orig_nu.mgz...
TR=0.00, TE=0.00, TI=0.00, flip angle=0.00
i_ras = (-1, 0, 0)
j_ras = (0, 0, -1)
k_ras = (0, 1, 0)
writing to talsrcimg.img...
Analyze Output Matrix
-1.00000   0.00000   0.00000   135.08823;
 0.00000   0.00000   1.00000  -128.72639;
 0.00000  -1.00000   0.00000   109.88040;
 0.00000   0.00000   0.00000   1.00000;
--------------------
INFO: set hdr.hist.orient to -1
mpr2mni305 talsrcimg
Sun Mar  8 12:46:02 CET 2026
/opt/freesurfer/bin/mpr2mni305 talsrcimg
mpr2mni305 7.3.2
target=711-2C_as_mni_average_305

---------------------------------------------------------------------
analyzeto4dfp talsrcimg -O0 -y
---------------------------------------------------------------------

freesurfer ifh2hdr.c
Sun Mar  8 12:46:02 2026
Writing: talsrcimg.4dfp.hdr
freesurfer analyzeto4dfp.c
Reading: talsrcimg.hdr
header size 348 bytes
hdr.dime.datatype	offset=70	value=2
hdr.dime.bitpix		offset=72	value=8
hdr.hist.orient		offset=252	value=-1
dimensionality     4
dimensions       256       256       256         1
Reading: talsrcimg.img
Writing: talsrcimg.4dfp.img
Writing: talsrcimg.4dfp.ifh
ifh2hdr talsrcimg -r0to230
ori=2

---------------------------------------------------------------------
gauss_4dfp talsrcimg 1.1
---------------------------------------------------------------------

freesurfer gauss_4dfp.c
Reading: talsrcimg.4dfp.img
Writing: talsrcimg_g11.4dfp.img
image dimensions 256 256 256 padded to 288 288 288
processing volume 1freesurfer ifh2hdr.c
Sun Mar  8 12:46:03 2026
Writing: talsrcimg_g11.4dfp.hdr

Writing: talsrcimg_g11.4dfp.ifh
including: talsrcimg.4dfp.img.rec in talsrcimg_g11.4dfp.img.rec

---------------------------------------------------------------------
imgreg_4dfp /opt/freesurfer/average/711-2C_as_mni_average_305 none talsrcimg_g11 none talsrcimg_to_711-2C_as_mni_average_305_t4 4355
---------------------------------------------------------------------

freesurfer imgreg_4dfp.c
/opt/freesurfer/average/711-2C_as_mni_average_305.4dfp.img
       256       256       256         1
  1.000000  1.000000  1.000000
orientation T byte_order littleendian
Reading image: /opt/freesurfer/average/711-2C_as_mni_average_305.4dfp.img
dimensions:      256       256       256
mmppix:       1.0000   -1.0000   -1.0000
center:     128.0000 -129.0000 -129.0000
talsrcimg_g11.4dfp.img
       256       256       256         1
  1.000000  1.000000  1.000000
orientation T byte_order littleendian
Reading image: talsrcimg_g11.4dfp.img
dimensions:      256       256       256
mmppix:       1.0000   -1.0000   -1.0000
center:     128.0000 -129.0000 -129.0000
t4_read: open error in t4_sub.f l:  41 t4_file(1:l)talsrcimg_to_711-2C_as_mni_average_305_t4 
t4_read: transform initialized to I4
rotation matrix determinant  1.000000
image alignment mode   4355 decimal     1103 hex
   -7.5000  -45.0000  -45.0000 8528.9834   14.1487
    0.0000  -45.0000  -45.0000 8862.3223   14.1276
    7.5000  -45.0000  -45.0000 8465.3682   14.1055
   -7.5000  -37.5000  -45.0000 8923.8369   14.1401
    0.0000  -37.5000  -45.0000 9263.3955   14.1190
    7.5000  -37.5000  -45.0000 8847.6494   14.0973
   -7.5000  -30.0000  -45.0000 9635.9062   14.1031
    0.0000  -30.0000  -45.000010001.8301   14.0823
    7.5000  -30.0000  -45.0000 9580.7842   14.0612
   -7.5000  -22.5000  -45.000010323.3037   14.0700
    0.0000  -22.5000  -45.000010729.2891   14.0490
    7.5000  -22.5000  -45.000010272.1426   14.0275
   -7.5000  -15.0000  -45.000010985.0938   14.0699
    0.0000  -15.0000  -45.000011403.6768   14.0487
    7.5000  -15.0000  -45.000010946.9258   14.0268
   -7.5000   -7.5000  -45.000011542.9883   14.1088
    0.0000   -7.5000  -45.000011991.0781   14.0879
    7.5000   -7.5000  -45.000011515.5439   14.0660
   -7.5000    0.0000  -45.000012027.7930   14.1459
    0.0000    0.0000  -45.000012479.4932   14.1249
    7.5000    0.0000  -45.000011966.9678   14.1028
   -7.5000    7.5000  -45.000011474.1094   14.1401
    0.0000    7.5000  -45.000011896.1055   14.1190
    7.5000    7.5000  -45.000011399.2451   14.0973
   -7.5000   15.0000  -45.000010719.5947   14.1031
    0.0000   15.0000  -45.000011114.6123   14.0823
    7.5000   15.0000  -45.000010625.8672   14.0612
   -7.5000   22.5000  -45.0000 9944.2910   14.0681
    0.0000   22.5000  -45.000010340.2549   14.0471
    7.5000   22.5000  -45.0000 9857.8154   14.0256
   -7.5000   30.0000  -45.0000 9127.2607   13.8824
    0.0000   30.0000  -45.0000 9510.3857   13.8615
    7.5000   30.0000  -45.0000 9048.2969   13.8399
   -7.5000   37.5000  -45.0000 8592.9004   13.9207
    0.0000   37.5000  -45.0000 8949.0625   13.9002
    7.5000   37.5000  -45.0000 8502.7803   13.8786
   -7.5000   45.0000  -45.0000 7706.7988   13.6288
    0.0000   45.0000  -45.0000 8009.8008   13.6086
    7.5000   45.0000  -45.0000 7598.7681   13.5876
   -7.5000  -45.0000  -37.5000 8965.4336   13.8740
    0.0000  -45.0000  -37.5000 9328.1426   13.8502
    7.5000  -45.0000  -37.5000 8907.8896   13.8351
   -7.5000  -37.5000  -37.5000 9359.8135   13.8660
    0.0000  -37.5000  -37.5000 9740.3369   13.8423
    7.5000  -37.5000  -37.5000 9306.0303   13.8293
   -7.5000  -30.0000  -37.500010093.8652   13.8325
    0.0000  -30.0000  -37.500010477.3613   13.8080
    7.5000  -30.0000  -37.500010054.5166   13.7963
   -7.5000  -22.5000  -37.500010809.0830   13.8022
    0.0000  -22.5000  -37.500011242.7490   13.7764
    7.5000  -22.5000  -37.500010769.6230   13.7630
   -7.5000  -15.0000  -37.500011480.2666   13.8013
    0.0000  -15.0000  -37.500011906.8994   13.7754
    7.5000  -15.0000  -37.500011461.3936   13.7602
   -7.5000   -7.5000  -37.500012064.3916   13.8369
    0.0000   -7.5000  -37.500012520.6533   13.8124
    7.5000   -7.5000  -37.500012045.0449   13.7966
   -7.5000    0.0000  -37.500012549.2832   13.8713
    0.0000    0.0000  -37.500013008.4365   13.8476
    7.5000    0.0000  -37.500012512.6777   13.8326
   -7.5000    7.5000  -37.500011995.0664   13.8660
    0.0000    7.5000  -37.500012422.6162   13.8423
    7.5000    7.5000  -37.500011950.0508   13.8293
   -7.5000   15.0000  -37.500011207.8604   13.8325
    0.0000   15.0000  -37.500011620.3633   13.8080
    7.5000   15.0000  -37.500011135.3086   13.7963
   -7.5000   22.5000  -37.500010391.3438   13.8003
    0.0000   22.5000  -37.500010782.0801   13.7745
    7.5000   22.5000  -37.500010340.4111   13.7612
   -7.5000   30.0000  -37.5000 9542.6113   13.6174
    0.0000   30.0000  -37.5000 9915.3535   13.5919
    7.5000   30.0000  -37.5000 9468.2559   13.5768
   -7.5000   37.5000  -37.5000 8970.8438   13.6525
    0.0000   37.5000  -37.5000 9324.5029   13.6283
    7.5000   37.5000  -37.5000 8892.3574   13.6127
   -7.5000   45.0000  -37.5000 8024.9224   13.3640
    0.0000   45.0000  -37.5000 8331.8252   13.3413
    7.5000   45.0000  -37.5000 7928.6724   13.3271
   -7.5000  -45.0000  -30.0000 9618.8623   14.3027
    0.0000  -45.0000  -30.000010011.8682   14.2808
    7.5000  -45.0000  -30.0000 9554.1797   14.2656
   -7.5000  -37.5000  -30.000010064.4990   14.2927
    0.0000  -37.5000  -30.000010472.8037   14.2696
    7.5000  -37.5000  -30.000010002.6709   14.2573
   -7.5000  -30.0000  -30.000010855.4219   14.2590
    0.0000  -30.0000  -30.000011251.0371   14.2339
    7.5000  -30.0000  -30.000010779.8672   14.2225
   -7.5000  -22.5000  -30.000011610.4902   14.2304
    0.0000  -22.5000  -30.000012037.8779   14.2042
    7.5000  -22.5000  -30.000011547.7559   14.1899
   -7.5000  -15.0000  -30.000012299.2061   14.2312
    0.0000  -15.0000  -30.000012733.5781   14.2063
    7.5000  -15.0000  -30.000012253.1445   14.1893
   -7.5000   -7.5000  -30.000012910.4443   14.2671
    0.0000   -7.5000  -30.000013377.7393   14.2446
    7.5000   -7.5000  -30.000012878.2373   14.2274
   -7.5000    0.0000  -30.000013404.9170   14.3000
    0.0000    0.0000  -30.000013887.3818   14.2782
    7.5000    0.0000  -30.000013382.5371   14.2630
   -7.5000    7.5000  -30.000012813.4287   14.2927
    0.0000    7.5000  -30.000013267.9912   14.2696
    7.5000    7.5000  -30.000012774.7070   14.2573
   -7.5000   15.0000  -30.000012008.9199   14.2590
    0.0000   15.0000  -30.000012416.0605   14.2339
    7.5000   15.0000  -30.000011946.4570   14.2225
   -7.5000   22.5000  -30.000011145.6787   14.2270
    0.0000   22.5000  -30.000011535.9844   14.2008
    7.5000   22.5000  -30.000011089.8701   14.1865
   -7.5000   30.0000  -30.000010207.4785   14.0429
    0.0000   30.0000  -30.000010553.2129   14.0184
    7.5000   30.0000  -30.000010135.5723   14.0015
   -7.5000   37.5000  -30.0000 9565.0732   14.0783
    0.0000   37.5000  -30.0000 9903.1289   14.0561
    7.5000   37.5000  -30.0000 9493.5059   14.0392
   -7.5000   45.0000  -30.0000 8564.2363   13.7871
    0.0000   45.0000  -30.0000 8866.5605   13.7662
    7.5000   45.0000  -30.0000 8479.3086   13.7519
   -7.5000  -45.0000  -22.500010333.7939   14.7531
    0.0000  -45.0000  -22.500010762.9834   14.7408
    7.5000  -45.0000  -22.500010259.7734   14.7182
   -7.5000  -37.5000  -22.500010864.7021   14.7426
    0.0000  -37.5000  -22.500011291.4619   14.7285
    7.5000  -37.5000  -22.500010774.9697   14.7083
   -7.5000  -30.0000  -22.500011697.8096   14.7084
    0.0000  -30.0000  -22.500012121.1426   14.6921
    7.5000  -30.0000  -22.500011584.9434   14.6719
   -7.5000  -22.5000  -22.500012503.1445   14.6801
    0.0000  -22.5000  -22.500012924.1982   14.6631
    7.5000  -22.5000  -22.500012393.7012   14.6399
   -7.5000  -15.0000  -22.500013229.2041   14.6816
    0.0000  -15.0000  -22.500013668.4551   14.6664
    7.5000  -15.0000  -22.500013152.0342   14.6411
   -7.5000   -7.5000  -22.500013871.4941   14.7178
    0.0000   -7.5000  -22.500014367.1309   14.7051
    7.5000   -7.5000  -22.500013827.9180   14.6803
   -7.5000    0.0000  -22.500014380.8320   14.7504
    0.0000    0.0000  -22.500014889.1602   14.7381
    7.5000    0.0000  -22.500014361.0186   14.7155
   -7.5000    7.5000  -22.500013767.2949   14.7426
    0.0000    7.5000  -22.500014257.6885   14.7285
    7.5000    7.5000  -22.500013722.0791   14.7083
   -7.5000   15.0000  -22.500012927.4453   14.7084
    0.0000   15.0000  -22.500013348.4209   14.6921
    7.5000   15.0000  -22.500012858.8584   14.6719
   -7.5000   22.5000  -22.500011968.2637   14.6755
    0.0000   22.5000  -22.500012360.1270   14.6586
    7.5000   22.5000  -22.500011899.3115   14.6354
   -7.5000   30.0000  -22.500010949.2627   14.4896
    0.0000   30.0000  -22.500011313.3018   14.4746
    7.5000   30.0000  -22.500010879.2031   14.4496
   -7.5000   37.5000  -22.500010254.3281   14.5253
    0.0000   37.5000  -22.500010605.3408   14.5127
    7.5000   37.5000  -22.500010179.8164   14.4883
   -7.5000   45.0000  -22.5000 9183.9424   14.2318
    0.0000   45.0000  -22.5000 9500.9980   14.2200
    7.5000   45.0000  -22.5000 9097.2568   14.1987
   -7.5000  -45.0000  -15.000011078.7510   15.1137
    0.0000  -45.0000  -15.000011561.3555   15.1089
    7.5000  -45.0000  -15.000010969.4473   15.0786
   -7.5000  -37.5000  -15.000011717.5459   15.1038
    0.0000  -37.5000  -15.000012203.1328   15.0979
    7.5000  -37.5000  -15.000011588.3311   15.0684
   -7.5000  -30.0000  -15.000012607.0723   15.0685
    0.0000  -30.0000  -15.000013099.1406   15.0613
    7.5000  -30.0000  -15.000012451.6543   15.0312
   -7.5000  -22.5000  -15.000013435.5244   15.0387
    0.0000  -22.5000  -15.000013891.4014   15.0311
    7.5000  -22.5000  -15.000013297.5684   14.9990
   -7.5000  -15.0000  -15.000014206.5557   15.0400
    0.0000  -15.0000  -15.000014703.9531   15.0334
    7.5000  -15.0000  -15.000014091.2646   15.0005
   -7.5000   -7.5000  -15.000014932.1602   15.0769
    0.0000   -7.5000  -15.000015472.7021   15.0720
    7.5000   -7.5000  -15.000014837.0391   15.0401
   -7.5000    0.0000  -15.000015460.1152   15.1109
    0.0000    0.0000  -15.000016021.2607   15.1062
    7.5000    0.0000  -15.000015393.1729   15.0759
   -7.5000    7.5000  -15.000014791.6875   15.1038
    0.0000    7.5000  -15.000015324.1816   15.0979
    7.5000    7.5000  -15.000014726.1357   15.0684
   -7.5000   15.0000  -15.000013911.3887   15.0685
    0.0000   15.0000  -15.000014397.4541   15.0613
    7.5000   15.0000  -15.000013832.8730   15.0312
   -7.5000   22.5000  -15.000012872.9990   15.0333
    0.0000   22.5000  -15.000013290.4863   15.0258
    7.5000   22.5000  -15.000012771.5293   14.9937
   -7.5000   30.0000  -15.000011779.8828   14.8453
    0.0000   30.0000  -15.000012168.3838   14.8388
    7.5000   30.0000  -15.000011666.6904   14.8063
   -7.5000   37.5000  -15.000011021.0928   14.8818
    0.0000   37.5000  -15.000011410.3447   14.8769
    7.5000   37.5000  -15.000010926.2207   14.8455
   -7.5000   45.0000  -15.0000 9880.7402   14.5881
    0.0000   45.0000  -15.000010228.7627   14.5837
    7.5000   45.0000  -15.0000 9756.4746   14.5548
   -7.5000  -45.0000   -7.500011816.8320   15.2992
    0.0000  -45.0000   -7.500012407.3818   15.2911
    7.5000  -45.0000   -7.500011687.4922   15.2611
   -7.5000  -37.5000   -7.500012577.6650   15.2909
    0.0000  -37.5000   -7.500013215.1758   15.2828
    7.5000  -37.5000   -7.500012400.0518   15.2528
   -7.5000  -30.0000   -7.500013647.9541   15.2540
    0.0000  -30.0000   -7.500014320.0156   15.2457
    7.5000  -30.0000   -7.500013429.3672   15.2154
   -7.5000  -22.5000   -7.500014525.1016   15.2207
    0.0000  -22.5000   -7.500015142.0547   15.2118
    7.5000  -22.5000   -7.500014337.4766   15.1807
   -7.5000  -15.0000   -7.500015313.4229   15.2204
    0.0000  -15.0000   -7.500015946.9521   15.2112
    7.5000  -15.0000   -7.500015142.5205   15.1801
   -7.5000   -7.5000   -7.500016116.0176   15.2591
    0.0000   -7.5000   -7.500016779.2793   15.2506
    7.5000   -7.5000   -7.500015937.9355   15.2202
   -7.5000    0.0000   -7.500016722.7168   15.2964
    0.0000    0.0000   -7.500017386.3105   15.2883
    7.5000    0.0000   -7.500016536.9434   15.2583
   -7.5000    7.5000   -7.500015990.7158   15.2909
    0.0000    7.5000   -7.500016605.1016   15.2828
    7.5000    7.5000   -7.500015837.7305   15.2528
   -7.5000   15.0000   -7.500015041.9600   15.2540
    0.0000   15.0000   -7.500015590.5430   15.2457
    7.5000   15.0000   -7.500014895.7314   15.2154
   -7.5000   22.5000   -7.500013938.7891   15.2137
    0.0000   22.5000   -7.500014436.3496   15.2048
    7.5000   22.5000   -7.500013801.4277   15.1737
   -7.5000   30.0000   -7.500012773.5420   15.0230
    0.0000   30.0000   -7.500013218.0342   15.0140
    7.5000   30.0000   -7.500012611.3350   14.9833
   -7.5000   37.5000   -7.500011933.9814   15.0612
    0.0000   37.5000   -7.500012361.3369   15.0528
    7.5000   37.5000   -7.500011797.3867   15.0228
   -7.5000   45.0000   -7.500010653.4639   14.7698
    0.0000   45.0000   -7.500011037.0205   14.7621
    7.5000   45.0000   -7.500010494.9492   14.7334
   -7.5000  -45.0000    0.000012391.0947   15.3305
    0.0000  -45.0000    0.000013089.9609   15.3124
    7.5000  -45.0000    0.000012287.4531   15.2894
   -7.5000  -37.5000    0.000013245.3105   15.3224
    0.0000  -37.5000    0.000014065.6064   15.3049
    7.5000  -37.5000    0.000013077.7656   15.2825
   -7.5000  -30.0000    0.000014572.8574   15.2837
    0.0000  -30.0000    0.000015479.4678   15.2660
    7.5000  -30.0000    0.000014318.0586   15.2445
   -7.5000  -22.5000    0.000015692.7139   15.2479
    0.0000  -22.5000    0.000016565.6055   15.2291
    7.5000  -22.5000    0.000015443.5459   15.2070
   -7.5000  -15.0000    0.000016550.8066   15.2468
    0.0000  -15.0000    0.000017393.8301   15.2272
    7.5000  -15.0000    0.000016311.2207   15.2047
   -7.5000   -7.5000    0.000017379.3027   15.2876
    0.0000   -7.5000    0.000018209.3613   15.2687
    7.5000   -7.5000    0.000017101.0332   15.2461
   -7.5000    0.0000    0.000017973.9141   15.3276
    0.0000    0.0000    0.000018775.7871   15.3095
    7.5000    0.0000    0.000017716.8418   15.2866
   -7.5000    7.5000    0.000017149.2266   15.3224
    0.0000    7.5000    0.000017883.4414   15.3049
    7.5000    7.5000    0.000016936.5918   15.2825
   -7.5000   15.0000    0.000016116.8389   15.2837
    0.0000   15.0000    0.000016788.9434   15.2660
    7.5000   15.0000    0.000015955.1113   15.2445
   -7.5000   22.5000    0.000014953.5664   15.2409
    0.0000   22.5000    0.000015564.4199   15.2221
    7.5000   22.5000    0.000014771.2461   15.2000
   -7.5000   30.0000    0.000013665.4033   15.0495
    0.0000   30.0000    0.000014229.6250   15.0301
    7.5000   30.0000    0.000013487.1885   15.0079
   -7.5000   37.5000    0.000012776.6973   15.0898
    0.0000   37.5000    0.000013291.8584   15.0711
    7.5000   37.5000    0.000012592.5615   15.0488
   -7.5000   45.0000    0.000011361.5322   14.8012
    0.0000   45.0000    0.000011819.5332   14.7838
    7.5000   45.0000    0.000011175.6113   14.7619
   -7.5000  -45.0000    7.500011920.8281   15.3242
    0.0000  -45.0000    7.500012491.1211   15.2993
    7.5000  -45.0000    7.500011802.8877   15.2834
   -7.5000  -37.5000    7.500012772.1484   15.3151
    0.0000  -37.5000    7.500013397.8174   15.2900
    7.5000  -37.5000    7.500012591.1572   15.2761
   -7.5000  -30.0000    7.500014152.8789   15.2768
    0.0000  -30.0000    7.500014976.7363   15.2506
    7.5000  -30.0000    7.500013854.4268   15.2382
   -7.5000  -22.5000    7.500015526.6514   15.2426
    0.0000  -22.5000    7.500016503.3438   15.2149
    7.5000  -22.5000    7.500015143.5898   15.2011
   -7.5000  -15.0000    7.500016568.8105   15.2421
    0.0000  -15.0000    7.500017566.9355   15.2146
    7.5000  -15.0000    7.500016151.6035   15.1989
   -7.5000   -7.5000    7.500017356.6230   15.2825
    0.0000   -7.5000    7.500018295.5391   15.2568
    7.5000   -7.5000    7.500016921.6719   15.2404
   -7.5000    0.0000    7.500017826.3184   15.3213
    0.0000    0.0000    7.500018744.4902   15.2965
    7.5000    0.0000    7.500017468.8516   15.2806
   -7.5000    7.5000    7.500016944.9824   15.3151
    0.0000    7.5000    7.500017748.9570   15.2900
    7.5000    7.5000    7.500016671.3867   15.2761
   -7.5000   15.0000    7.500015942.0830   15.2768
    0.0000   15.0000    7.500016661.0234   15.2506
    7.5000   15.0000    7.500015748.7900   15.2382
   -7.5000   22.5000    7.500014817.0479   15.2356
    0.0000   22.5000    7.500015446.5137   15.2079
    7.5000   22.5000    7.500014607.8643   15.1941
   -7.5000   30.0000    7.500013576.8564   15.0448
    0.0000   30.0000    7.500014135.5283   15.0177
    7.5000   30.0000    7.500013364.6455   15.0022
   -7.5000   37.5000    7.500012721.1914   15.0848
    0.0000   37.5000    7.500013218.9365   15.0593
    7.5000   37.5000    7.500012500.2246   15.0432
   -7.5000   45.0000    7.500011308.3369   14.7954
    0.0000   45.0000    7.500011749.6494   14.7715
    7.5000   45.0000    7.500011085.7754   14.7565
   -7.5000  -45.0000   15.000011404.2393   15.3359
    0.0000  -45.0000   15.000011772.3008   15.3130
    7.5000  -45.0000   15.000011259.8242   15.2972
   -7.5000  -37.5000   15.000012227.3008   15.3258
    0.0000  -37.5000   15.000012616.0312   15.3014
    7.5000  -37.5000   15.000012020.4814   15.2888
   -7.5000  -30.0000   15.000013633.1855   15.2897
    0.0000  -30.0000   15.000014179.2822   15.2632
    7.5000  -30.0000   15.000013277.1025   15.2515
   -7.5000  -22.5000   15.000015068.2725   15.2585
    0.0000  -22.5000   15.000015771.8066   15.2307
    7.5000  -22.5000   15.000014546.9424   15.2163
   -7.5000  -15.0000   15.000016134.8174   15.2587
    0.0000  -15.0000   15.000016892.3066   15.2325
    7.5000  -15.0000   15.000015523.2070   15.2152
   -7.5000   -7.5000   15.000016864.8574   15.2971
    0.0000   -7.5000   15.000017589.7949   15.2736
    7.5000   -7.5000   15.000016315.5107   15.2561
   -7.5000    0.0000   15.000017281.8418   15.3330
    0.0000    0.0000   15.000018014.6055   15.3101
    7.5000    0.0000   15.000016849.2773   15.2944
   -7.5000    7.5000   15.000016424.6875   15.3258
    0.0000    7.5000   15.000017113.9727   15.3014
    7.5000    7.5000   15.000016079.9951   15.2888
   -7.5000   15.0000   15.000015476.8281   15.2897
    0.0000   15.0000   15.000016128.6973   15.2632
    7.5000   15.0000   15.000015178.7500   15.2515
   -7.5000   22.5000   15.000014387.1045   15.2515
    0.0000   22.5000   15.000014977.5342   15.2237
    7.5000   22.5000   15.000014089.1436   15.2092
   -7.5000   30.0000   15.000013173.8838   15.0613
    0.0000   30.0000   15.000013698.9463   15.0353
    7.5000   30.0000   15.000012875.6738   15.0183
   -7.5000   37.5000   15.000012349.6895   15.0992
    0.0000   37.5000   15.000012826.3369   15.0759
    7.5000   37.5000   15.000012051.3809   15.0587
   -7.5000   45.0000   15.000010984.2695   14.8069
    0.0000   45.0000   15.000011431.4355   14.7850
    7.5000   45.0000   15.000010724.8252   14.7702
   -7.5000  -45.0000   22.500010870.9854   15.4189
    0.0000  -45.0000   22.500011226.1934   15.4060
    7.5000  -45.0000   22.500010676.6641   15.3824
   -7.5000  -37.5000   22.500011640.9834   15.4071
    0.0000  -37.5000   22.500012048.2725   15.3924
    7.5000  -37.5000   22.500011385.9531   15.3712
   -7.5000  -30.0000   22.500013056.1045   15.3710
    0.0000  -30.0000   22.500013585.8652   15.3540
    7.5000  -30.0000   22.500012601.7100   15.3329
   -7.5000  -22.5000   22.500014443.1133   15.3417
    0.0000  -22.5000   22.500015151.2412   15.3241
    7.5000  -22.5000   22.500013762.8291   15.3000
   -7.5000  -15.0000   22.500015347.3760   15.3440
    0.0000  -15.0000   22.500016014.7490   15.3283
    7.5000  -15.0000   22.500014657.5820   15.3019
   -7.5000   -7.5000   22.500015901.3945   15.3821
    0.0000   -7.5000   22.500016532.0762   15.3689
    7.5000   -7.5000   22.500015365.4570   15.3431
   -7.5000    0.0000   22.500016353.7920   15.4160
    0.0000    0.0000   22.500017007.2676   15.4031
    7.5000    0.0000   22.500015880.7773   15.3795
   -7.5000    7.5000   22.500015668.1982   15.4071
    0.0000    7.5000   22.500016285.7461   15.3924
    7.5000    7.5000   22.500015196.3408   15.3712
   -7.5000   15.0000   22.500014797.9023   15.3710
    0.0000   15.0000   22.500015377.0898   15.3540
    7.5000   15.0000   22.500014330.3457   15.3329
   -7.5000   22.5000   22.500013744.6846   15.3346
    0.0000   22.5000   22.500014271.5586   15.3170
    7.5000   22.5000   22.500013318.7676   15.2929
   -7.5000   30.0000   22.500012573.8564   15.1454
    0.0000   30.0000   22.500013044.5332   15.1299
    7.5000   30.0000   22.500012207.1553   15.1038
   -7.5000   37.5000   22.500011796.5303   15.1831
    0.0000   37.5000   22.500012252.8398   15.1700
    7.5000   37.5000   22.500011446.3887   15.1445
   -7.5000   45.0000   22.500010504.0635   14.8871
    0.0000   45.0000   22.500010918.4072   14.8748
    7.5000   45.0000   22.500010204.0967   14.8525
   -7.5000  -45.0000   30.000010403.4775   15.6893
    0.0000  -45.0000   30.000010753.5703   15.6845
    7.5000  -45.0000   30.000010151.3145   15.6520
   -7.5000  -37.5000   30.000011144.0479   15.6779
    0.0000  -37.5000   30.000011552.6426   15.6717
    7.5000  -37.5000   30.000010797.2539   15.6402
   -7.5000  -30.0000   30.000012437.3770   15.6398
    0.0000  -30.0000   30.000012964.6650   15.6325
    7.5000  -30.0000   30.000011895.6299   15.6002
   -7.5000  -22.5000   30.000013634.9287   15.6087
    0.0000  -22.5000   30.000014270.7422   15.6011
    7.5000  -22.5000   30.000012975.8398   15.5669
   -7.5000  -15.0000   30.000014377.8311   15.6111
    0.0000  -15.0000   30.000014974.7568   15.6045
    7.5000  -15.0000   30.000013830.1133   15.5694
   -7.5000   -7.5000   30.000014992.1016   15.6507
    0.0000   -7.5000   30.000015542.7051   15.6457
    7.5000   -7.5000   30.000014552.6787   15.6117
   -7.5000    0.0000   30.000015529.2070   15.6864
    0.0000    0.0000   30.000016125.5928   15.6815
    7.5000    0.0000   30.000015061.3252   15.6491
   -7.5000    7.5000   30.000014904.8379   15.6779
    0.0000    7.5000   30.000015473.3076   15.6717
    7.5000    7.5000   30.000014395.9746   15.6402
   -7.5000   15.0000   30.000014059.5391   15.6398
    0.0000   15.0000   30.000014583.1309   15.6325
    7.5000   15.0000   30.000013565.7168   15.6002
   -7.5000   22.5000   30.000013043.9414   15.6015
    0.0000   22.5000   30.000013534.0703   15.5939
    7.5000   22.5000   30.000012600.7383   15.5597
   -7.5000   30.0000   30.000011909.8594   15.4090
    0.0000   30.0000   30.000012371.0400   15.4026
    7.5000   30.0000   30.000011530.8730   15.3679
   -7.5000   37.5000   30.000011181.4961   15.4481
    0.0000   37.5000   30.000011627.7246   15.4432
    7.5000   37.5000   30.000010825.8135   15.4097
   -7.5000   45.0000   30.0000 9976.5703   15.1483
    0.0000   45.0000   30.000010364.8086   15.1438
    7.5000   45.0000   30.0000 9663.0264   15.1129
   -7.5000  -45.0000   37.500010273.9941   16.0361
    0.0000  -45.0000   37.500010621.9609   16.0263
    7.5000  -45.0000   37.5000 9950.0977   15.9934
   -7.5000  -37.5000   37.500010965.8662   16.0264
    0.0000  -37.5000   37.500011348.2158   16.0169
    7.5000  -37.5000   37.500010575.1162   15.9840
   -7.5000  -30.0000   37.500012096.9160   15.9858
    0.0000  -30.0000   37.500012615.8408   15.9760
    7.5000  -30.0000   37.500011621.4238   15.9428
   -7.5000  -22.5000   37.500013162.7441   15.9499
    0.0000  -22.5000   37.500013751.1758   15.9391
    7.5000  -22.5000   37.500012653.4678   15.9052
   -7.5000  -15.0000   37.500013921.5635   15.9501
    0.0000  -15.0000   37.500014477.8535   15.9388
    7.5000  -15.0000   37.500013528.8125   15.9049
   -7.5000   -7.5000   37.500014652.9160   15.9924
    0.0000   -7.5000   37.500015183.2744   15.9820
    7.5000   -7.5000   37.500014264.3125   15.9488
   -7.5000    0.0000   37.500015240.3271   16.0329
    0.0000    0.0000   37.500015791.8213   16.0233
    7.5000    0.0000   37.500014787.5596   15.9904
   -7.5000    7.5000   37.500014609.7471   16.0264
    0.0000    7.5000   37.500015123.6719   16.0169
    7.5000    7.5000   37.500014118.7754   15.9840
   -7.5000   15.0000   37.500013757.6748   15.9858
    0.0000   15.0000   37.500014244.9941   15.9760
    7.5000   15.0000   37.500013268.5420   15.9428
   -7.5000   22.5000   37.500012749.6484   15.9425
    0.0000   22.5000   37.500013227.2256   15.9318
    7.5000   22.5000   37.500012283.7627   15.8979
   -7.5000   30.0000   37.500011639.0059   15.7437
    0.0000   30.0000   37.500012082.7148   15.7325
    7.5000   30.0000   37.500011249.0938   15.6991
   -7.5000   37.5000   37.500010917.7080   15.7855
    0.0000   37.5000   37.500011319.6562   15.7751
    7.5000   37.5000   37.500010566.5488   15.7424
   -7.5000   45.0000   37.5000 9761.1660   15.4832
    0.0000   45.0000   37.500010113.3252   15.4739
    7.5000   45.0000   37.5000 9428.8662   15.4424
   -7.5000  -45.0000   45.0000 9636.5459   16.3573
    0.0000  -45.0000   45.0000 9931.6113   16.3340
    7.5000  -45.0000   45.0000 9313.5234   16.3114
   -7.5000  -37.5000   45.000010229.1807   16.3497
    0.0000  -37.5000   45.000010589.7402   16.3266
    7.5000  -37.5000   45.0000 9898.1777   16.3046
   -7.5000  -30.0000   45.000011220.0254   16.3069
    0.0000  -30.0000   45.000011690.4980   16.2833
    7.5000  -30.0000   45.000010856.9863   16.2619
   -7.5000  -22.5000   45.000012138.4385   16.2659
    0.0000  -22.5000   45.000012640.7109   16.2411
    7.5000  -22.5000   45.000011785.2598   16.2190
   -7.5000  -15.0000   45.000012875.8613   16.2634
    0.0000  -15.0000   45.000013369.3271   16.2380
    7.5000  -15.0000   45.000012590.9180   16.2156
   -7.5000   -7.5000   45.000013613.3047   16.3085
    0.0000   -7.5000   45.000014114.8613   16.2843
    7.5000   -7.5000   45.000013289.2568   16.2620
   -7.5000    0.0000   45.000014192.0518   16.3540
    0.0000    0.0000   45.000014682.1016   16.3307
    7.5000    0.0000   45.000013780.2666   16.3082
   -7.5000    7.5000   45.000013595.7305   16.3497
    0.0000    7.5000   45.000014042.0107   16.3266
    7.5000    7.5000   45.000013147.5010   16.3046
   -7.5000   15.0000   45.000012830.4814   16.3069
    0.0000   15.0000   45.000013245.1963   16.2833
    7.5000   15.0000   45.000012385.3154   16.2619
   -7.5000   22.5000   45.000011865.2119   16.2583
    0.0000   22.5000   45.000012277.7178   16.2336
    7.5000   22.5000   45.000011447.7451   16.2115
   -7.5000   30.0000   45.000010820.1270   16.0515
    0.0000   30.0000   45.000011222.4531   16.0264
    7.5000   30.0000   45.000010468.1660   16.0044
   -7.5000   37.5000   45.000010142.3096   16.0961
    0.0000   37.5000   45.000010493.0850   16.0721
    7.5000   37.5000   45.0000 9811.6787   16.0501
   -7.5000   45.0000   45.0000 9056.7734   15.7995
    0.0000   45.0000   45.0000 9353.9561   15.7771
    7.5000   45.0000   45.0000 8755.0547   15.7556

---------------------------------------------------------------------
imgreg_4dfp /opt/freesurfer/average/711-2C_as_mni_average_305 /opt/freesurfer/average/711-2B_as_mni_average_305_mask talsrcimg_g11 none talsrcimg_to_711-2C_as_mni_average_305_t4 4355
---------------------------------------------------------------------

freesurfer imgreg_4dfp.c
/opt/freesurfer/average/711-2C_as_mni_average_305.4dfp.img
       256       256       256         1
  1.000000  1.000000  1.000000
orientation T byte_order littleendian
Reading image: /opt/freesurfer/average/711-2C_as_mni_average_305.4dfp.img
dimensions:      256       256       256
mmppix:       1.0000   -1.0000   -1.0000
center:     128.0000 -129.0000 -129.0000
/opt/freesurfer/average/711-2B_as_mni_average_305_mask.4dfp.img
       256       256       256         1
  1.000000  1.000000  1.000000
orientation T byte_order littleendian
Reading mask: /opt/freesurfer/average/711-2B_as_mni_average_305_mask.4dfp.img (2306576 pixels)
talsrcimg_g11.4dfp.img
       256       256       256         1
  1.000000  1.000000  1.000000
orientation T byte_order littleendian
Reading image: talsrcimg_g11.4dfp.img
dimensions:      256       256       256
mmppix:       1.0000   -1.0000   -1.0000
center:     128.0000 -129.0000 -129.0000
rotation matrix determinant  1.000000
image alignment mode   4355 decimal     1103 hex
   -7.5000  -45.0000  -45.0000 2410.4768   18.3685
    0.0000  -45.0000  -45.0000 2417.6379   18.2685
    7.5000  -45.0000  -45.0000 2404.9617   18.4410
   -7.5000  -37.5000  -45.0000 2459.2400   17.4057
    0.0000  -37.5000  -45.0000 2469.5054   17.3222
    7.5000  -37.5000  -45.0000 2449.2019   17.4897
   -7.5000  -30.0000  -45.0000 2489.8523   16.7574
    0.0000  -30.0000  -45.0000 2505.2253   16.7133
    7.5000  -30.0000  -45.0000 2486.1609   16.8456
   -7.5000  -22.5000  -45.0000 2508.8279   16.4581
    0.0000  -22.5000  -45.0000 2521.0291   16.3676
    7.5000  -22.5000  -45.0000 2505.5874   16.5376
   -7.5000  -15.0000  -45.0000 2509.9004   16.4891
    0.0000  -15.0000  -45.0000 2526.5466   16.4154
    7.5000  -15.0000  -45.0000 2506.2581   16.5633
   -7.5000   -7.5000  -45.0000 2487.0085   16.6758
    0.0000   -7.5000  -45.0000 2503.7751   16.6009
    7.5000   -7.5000  -45.0000 2483.9719   16.7758
   -7.5000    0.0000  -45.0000 2450.1724   17.1816
    0.0000    0.0000  -45.0000 2465.8169   17.1207
    7.5000    0.0000  -45.0000 2439.5801   17.2572
   -7.5000    7.5000  -45.0000 2388.9712   17.9781
    0.0000    7.5000  -45.0000 2397.9595   17.9308
    7.5000    7.5000  -45.0000 2385.3840   18.0500
   -7.5000   15.0000  -45.0000 2302.8274   19.0255
    0.0000   15.0000  -45.0000 2312.0073   18.9967
    7.5000   15.0000  -45.0000 2300.3914   19.1084
   -7.5000   22.5000  -45.0000 2203.8896   20.3968
    0.0000   22.5000  -45.0000 2217.7363   20.3784
    7.5000   22.5000  -45.0000 2200.7441   20.4604
   -7.5000   30.0000  -45.0000 2095.7842   22.2410
    0.0000   30.0000  -45.0000 2109.9512   22.2149
    7.5000   30.0000  -45.0000 2091.9004   22.3711
   -7.5000   37.5000  -45.0000 1992.4951   24.6802
    0.0000   37.5000  -45.0000 1999.2749   24.5998
    7.5000   37.5000  -45.0000 1988.7858   24.7901
   -7.5000   45.0000  -45.0000 1865.9399   27.9037
    0.0000   45.0000  -45.0000 1868.4445   27.7838
    7.5000   45.0000  -45.0000 1857.7417   28.0638
   -7.5000  -45.0000  -37.5000 2494.5723   17.2494
    0.0000  -45.0000  -37.5000 2503.4780   17.1276
    7.5000  -45.0000  -37.5000 2485.1731   17.2263
   -7.5000  -37.5000  -37.5000 2547.0735   16.2430
    0.0000  -37.5000  -37.5000 2554.0002   16.1127
    7.5000  -37.5000  -37.5000 2538.0837   16.2892
   -7.5000  -30.0000  -37.5000 2583.8352   15.6002
    0.0000  -30.0000  -37.5000 2593.2444   15.4723
    7.5000  -30.0000  -37.5000 2576.8589   15.6227
   -7.5000  -22.5000  -37.5000 2605.6025   15.2479
    0.0000  -22.5000  -37.5000 2618.6934   15.1469
    7.5000  -22.5000  -37.5000 2602.5947   15.2838
   -7.5000  -15.0000  -37.5000 2607.1392   15.2600
    0.0000  -15.0000  -37.5000 2617.7744   15.1203
    7.5000  -15.0000  -37.5000 2606.7905   15.2769
   -7.5000   -7.5000  -37.5000 2584.3621   15.3981
    0.0000   -7.5000  -37.5000 2598.4136   15.3033
    7.5000   -7.5000  -37.5000 2581.3386   15.4484
   -7.5000    0.0000  -37.5000 2546.0442   15.8688
    0.0000    0.0000  -37.5000 2558.7188   15.7637
    7.5000    0.0000  -37.5000 2536.3201   15.9268
   -7.5000    7.5000  -37.5000 2486.2886   16.5928
    0.0000    7.5000  -37.5000 2495.8799   16.5102
    7.5000    7.5000  -37.5000 2480.1321   16.6413
   -7.5000   15.0000  -37.5000 2395.8684   17.5292
    0.0000   15.0000  -37.5000 2411.6260   17.4812
    7.5000   15.0000  -37.5000 2390.5366   17.5977
   -7.5000   22.5000  -37.5000 2300.8618   18.8130
    0.0000   22.5000  -37.5000 2314.8689   18.7612
    7.5000   22.5000  -37.5000 2296.2744   18.8679
   -7.5000   30.0000  -37.5000 2191.0088   20.4738
    0.0000   30.0000  -37.5000 2207.6042   20.4759
    7.5000   30.0000  -37.5000 2182.8340   20.5828
   -7.5000   37.5000  -37.5000 2081.1797   22.6315
    0.0000   37.5000  -37.5000 2091.5591   22.6262
    7.5000   37.5000  -37.5000 2075.6497   22.7397
   -7.5000   45.0000  -37.5000 1944.8887   25.5004
    0.0000   45.0000  -37.5000 1948.4900   25.3887
    7.5000   45.0000  -37.5000 1938.4374   25.6062
   -7.5000  -45.0000  -30.0000 2610.6492   16.8821
    0.0000  -45.0000  -30.0000 2616.9065   16.7495
    7.5000  -45.0000  -30.0000 2600.2039   16.8228
   -7.5000  -37.5000  -30.0000 2666.4009   15.8155
    0.0000  -37.5000  -30.0000 2673.8857   15.6749
    7.5000  -37.5000  -30.0000 2657.7463   15.7899
   -7.5000  -30.0000  -30.0000 2711.9609   15.0852
    0.0000  -30.0000  -30.0000 2718.1499   14.9275
    7.5000  -30.0000  -30.0000 2704.6077   15.1097
   -7.5000  -22.5000  -30.0000 2737.9966   14.6931
    0.0000  -22.5000  -30.0000 2746.0662   14.5667
    7.5000  -22.5000  -30.0000 2736.3186   14.7042
   -7.5000  -15.0000  -30.0000 2741.6228   14.6348
    0.0000  -15.0000  -30.0000 2745.9265   14.4875
    7.5000  -15.0000  -30.0000 2741.8047   14.6353
   -7.5000   -7.5000  -30.0000 2721.6790   14.7560
    0.0000   -7.5000  -30.0000 2729.1199   14.6500
    7.5000   -7.5000  -30.0000 2718.0723   14.7930
   -7.5000    0.0000  -30.0000 2683.9741   15.1986
    0.0000    0.0000  -30.0000 2690.4629   15.0709
    7.5000    0.0000  -30.0000 2679.4663   15.2321
   -7.5000    7.5000  -30.0000 2620.6301   15.8681
    0.0000    7.5000  -30.0000 2627.3142   15.7632
    7.5000    7.5000  -30.0000 2614.3467   15.9123
   -7.5000   15.0000  -30.0000 2529.1436   16.7647
    0.0000   15.0000  -30.0000 2537.0449   16.6793
    7.5000   15.0000  -30.0000 2521.7935   16.8300
   -7.5000   22.5000  -30.0000 2434.5386   18.0188
    0.0000   22.5000  -30.0000 2440.7786   17.9246
    7.5000   22.5000  -30.0000 2425.7002   18.0553
   -7.5000   30.0000  -30.0000 2320.4487   19.5906
    0.0000   30.0000  -30.0000 2323.6987   19.5555
    7.5000   30.0000  -30.0000 2305.7537   19.6550
   -7.5000   37.5000  -30.0000 2194.7991   21.6237
    0.0000   37.5000  -30.0000 2198.4634   21.5821
    7.5000   37.5000  -30.0000 2185.0828   21.6873
   -7.5000   45.0000  -30.0000 2050.1606   24.2637
    0.0000   45.0000  -30.0000 2058.2659   24.2268
    7.5000   45.0000  -30.0000 2040.3876   24.3325
   -7.5000  -45.0000  -22.5000 2691.7036   16.4644
    0.0000  -45.0000  -22.5000 2698.3386   16.3121
    7.5000  -45.0000  -22.5000 2684.4978   16.3871
   -7.5000  -37.5000  -22.5000 2757.7783   15.3723
    0.0000  -37.5000  -22.5000 2764.3721   15.2337
    7.5000  -37.5000  -22.5000 2746.7046   15.3383
   -7.5000  -30.0000  -22.5000 2797.7952   14.5993
    0.0000  -30.0000  -22.5000 2804.0950   14.4209
    7.5000  -30.0000  -22.5000 2792.4414   14.6083
   -7.5000  -22.5000  -22.5000 2830.7515   14.1394
    0.0000  -22.5000  -22.5000 2838.7107   14.0001
    7.5000  -22.5000  -22.5000 2824.6033   14.1452
   -7.5000  -15.0000  -22.5000 2836.9626   13.9888
    0.0000  -15.0000  -22.5000 2841.1670   13.8658
    7.5000  -15.0000  -22.5000 2837.4009   14.0100
   -7.5000   -7.5000  -22.5000 2822.8347   14.0944
    0.0000   -7.5000  -22.5000 2831.8989   14.0027
    7.5000   -7.5000  -22.5000 2823.7231   14.1450
   -7.5000    0.0000  -22.5000 2786.6411   14.4857
    0.0000    0.0000  -22.5000 2794.2383   14.4002
    7.5000    0.0000  -22.5000 2788.0195   14.5520
   -7.5000    7.5000  -22.5000 2723.2744   15.1161
    0.0000    7.5000  -22.5000 2732.4963   15.0375
    7.5000    7.5000  -22.5000 2721.4067   15.2204
   -7.5000   15.0000  -22.5000 2632.3582   15.9756
    0.0000   15.0000  -22.5000 2637.2693   15.9194
    7.5000   15.0000  -22.5000 2628.0388   16.0860
   -7.5000   22.5000  -22.5000 2534.8345   17.1300
    0.0000   22.5000  -22.5000 2537.7927   17.0567
    7.5000   22.5000  -22.5000 2526.8518   17.2517
   -7.5000   30.0000  -22.5000 2419.6204   18.6537
    0.0000   30.0000  -22.5000 2425.7166   18.6271
    7.5000   30.0000  -22.5000 2409.6934   18.7606
   -7.5000   37.5000  -22.5000 2286.2622   20.6628
    0.0000   37.5000  -22.5000 2295.7842   20.5951
    7.5000   37.5000  -22.5000 2278.6411   20.7715
   -7.5000   45.0000  -22.5000 2137.0232   23.1945
    0.0000   45.0000  -22.5000 2143.5657   23.1731
    7.5000   45.0000  -22.5000 2127.6035   23.3374
   -7.5000  -45.0000  -15.0000 2743.6572   16.1658
    0.0000  -45.0000  -15.0000 2753.6255   16.0774
    7.5000  -45.0000  -15.0000 2734.9060   16.0491
   -7.5000  -37.5000  -15.0000 2812.4553   15.0567
    0.0000  -37.5000  -15.0000 2819.9644   14.9275
    7.5000  -37.5000  -15.0000 2802.7742   14.9689
   -7.5000  -30.0000  -15.0000 2856.3850   14.2282
    0.0000  -30.0000  -15.0000 2862.3835   14.0615
    7.5000  -30.0000  -15.0000 2844.6729   14.1986
   -7.5000  -22.5000  -15.0000 2886.5635   13.6699
    0.0000  -22.5000  -15.0000 2887.8306   13.5116
    7.5000  -22.5000  -15.0000 2874.0215   13.7103
   -7.5000  -15.0000  -15.0000 2894.2078   13.4518
    0.0000  -15.0000  -15.0000 2895.7446   13.3395
    7.5000  -15.0000  -15.0000 2888.3496   13.4901
   -7.5000   -7.5000  -15.0000 2885.0559   13.5678
    0.0000   -7.5000  -15.0000 2894.8213   13.4438
    7.5000   -7.5000  -15.0000 2885.6858   13.5974
   -7.5000    0.0000  -15.0000 2848.5588   13.9096
    0.0000    0.0000  -15.0000 2860.1514   13.8196
    7.5000    0.0000  -15.0000 2852.9446   13.9768
   -7.5000    7.5000  -15.0000 2785.4790   14.4946
    0.0000    7.5000  -15.0000 2798.9421   14.4145
    7.5000    7.5000  -15.0000 2787.4170   14.6037
   -7.5000   15.0000  -15.0000 2696.4951   15.2917
    0.0000   15.0000  -15.0000 2709.1228   15.2312
    7.5000   15.0000  -15.0000 2696.1001   15.4245
   -7.5000   22.5000  -15.0000 2600.6633   16.3904
    0.0000   22.5000  -15.0000 2610.2295   16.3499
    7.5000   22.5000  -15.0000 2593.9724   16.5620
   -7.5000   30.0000  -15.0000 2494.9060   17.8773
    0.0000   30.0000  -15.0000 2507.8655   17.8290
    7.5000   30.0000  -15.0000 2485.4526   18.0535
   -7.5000   37.5000  -15.0000 2358.0090   19.8234
    0.0000   37.5000  -15.0000 2374.8201   19.7643
    7.5000   37.5000  -15.0000 2351.4546   19.9784
   -7.5000   45.0000  -15.0000 2208.0100   22.2289
    0.0000   45.0000  -15.0000 2215.1260   22.2213
    7.5000   45.0000  -15.0000 2194.3057   22.4483
   -7.5000  -45.0000   -7.5000 2775.4380   15.9275
    0.0000  -45.0000   -7.5000 2791.4177   15.9525
    7.5000  -45.0000   -7.5000 2765.1182   15.7780
   -7.5000  -37.5000   -7.5000 2845.8352   14.7899
    0.0000  -37.5000   -7.5000 2862.5149   14.8455
    7.5000  -37.5000   -7.5000 2829.4722   14.6621
   -7.5000  -30.0000   -7.5000 2896.3879   13.9647
    0.0000  -30.0000   -7.5000 2912.8494   14.0032
    7.5000  -30.0000   -7.5000 2876.4307   13.8864
   -7.5000  -22.5000   -7.5000 2910.8662   13.3425
    0.0000  -22.5000   -7.5000 2923.9827   13.3021
    7.5000  -22.5000   -7.5000 2900.3201   13.3578
   -7.5000  -15.0000   -7.5000 2916.6270   12.9835
    0.0000  -15.0000   -7.5000 2927.0593   12.9361
    7.5000  -15.0000   -7.5000 2905.7744   13.0505
   -7.5000   -7.5000   -7.5000 2918.7927   13.0803
    0.0000   -7.5000   -7.5000 2932.4348   13.0215
    7.5000   -7.5000   -7.5000 2912.0054   13.1134
   -7.5000    0.0000   -7.5000 2892.7366   13.4160
    0.0000    0.0000   -7.5000 2904.6724   13.3723
    7.5000    0.0000   -7.5000 2887.9883   13.4541
   -7.5000    7.5000   -7.5000 2838.9155   13.9816
    0.0000    7.5000   -7.5000 2851.8745   13.9533
    7.5000    7.5000   -7.5000 2837.0195   14.0552
   -7.5000   15.0000   -7.5000 2759.5354   14.7825
    0.0000   15.0000   -7.5000 2768.8457   14.7661
    7.5000   15.0000   -7.5000 2757.9990   14.8800
   -7.5000   22.5000   -7.5000 2668.5249   15.8646
    0.0000   22.5000   -7.5000 2677.4734   15.8462
    7.5000   22.5000   -7.5000 2666.0642   15.9998
   -7.5000   30.0000   -7.5000 2567.0889   17.2958
    0.0000   30.0000   -7.5000 2572.1580   17.2223
    7.5000   30.0000   -7.5000 2553.7817   17.4502
   -7.5000   37.5000   -7.5000 2417.5017   19.1333
    0.0000   37.5000   -7.5000 2427.0903   19.0384
    7.5000   37.5000   -7.5000 2410.3667   19.2788
   -7.5000   45.0000   -7.5000 2255.8691   21.3480
    0.0000   45.0000   -7.5000 2263.6665   21.3635
    7.5000   45.0000   -7.5000 2241.2910   21.5985
   -7.5000  -45.0000    0.0000 2797.1392   15.8433
    0.0000  -45.0000    0.0000 2820.4387   16.0257
    7.5000  -45.0000    0.0000 2780.9146   15.6691
   -7.5000  -37.5000    0.0000 2876.3020   14.7255
    0.0000  -37.5000    0.0000 2898.7358   14.8904
    7.5000  -37.5000    0.0000 2857.0134   14.5693
   -7.5000  -30.0000    0.0000 2931.0220   13.9274
    0.0000  -30.0000    0.0000 2953.4907   14.1346
    7.5000  -30.0000    0.0000 2907.1062   13.7812
   -7.5000  -22.5000    0.0000 2955.7800   13.4059
    0.0000  -22.5000    0.0000 2981.0520   13.4808
    7.5000  -22.5000    0.0000 2939.1067   13.2862
   -7.5000  -15.0000    0.0000 2938.2195   12.8452
    0.0000  -15.0000    0.0000 2956.0752   12.8882
    7.5000  -15.0000    0.0000 2924.5642   12.8780
   -7.5000   -7.5000    0.0000 2941.9619   12.8207
    0.0000   -7.5000    0.0000 2959.5691   12.8428
    7.5000   -7.5000    0.0000 2926.8093   12.8560
   -7.5000    0.0000    0.0000 2920.4495   13.1056
    0.0000    0.0000    0.0000 2936.9822   13.1104
    7.5000    0.0000    0.0000 2910.7493   13.1457
   -7.5000    7.5000    0.0000 2872.1448   13.5960
    0.0000    7.5000    0.0000 2885.1899   13.6204
    7.5000    7.5000    0.0000 2865.3733   13.6701
   -7.5000   15.0000    0.0000 2798.5068   14.3614
    0.0000   15.0000    0.0000 2811.9758   14.3843
    7.5000   15.0000    0.0000 2794.9722   14.4906
   -7.5000   22.5000    0.0000 2713.1287   15.4164
    0.0000   22.5000    0.0000 2725.6790   15.4277
    7.5000   22.5000    0.0000 2709.0808   15.5697
   -7.5000   30.0000    0.0000 2607.9094   16.8106
    0.0000   30.0000    0.0000 2621.9126   16.8026
    7.5000   30.0000    0.0000 2600.4873   16.9990
   -7.5000   37.5000    0.0000 2464.3491   18.5938
    0.0000   37.5000    0.0000 2477.9519   18.5814
    7.5000   37.5000    0.0000 2457.7029   18.7803
   -7.5000   45.0000    0.0000 2297.2510   20.8351
    0.0000   45.0000    0.0000 2308.1445   20.8544
    7.5000   45.0000    0.0000 2282.4290   21.0111
   -7.5000  -45.0000    7.5000 2792.9875   15.8596
    0.0000  -45.0000    7.5000 2810.1392   16.0045
    7.5000  -45.0000    7.5000 2775.8330   15.6630
   -7.5000  -37.5000    7.5000 2885.0217   14.7671
    0.0000  -37.5000    7.5000 2905.7881   14.9021
    7.5000  -37.5000    7.5000 2861.0989   14.5483
   -7.5000  -30.0000    7.5000 2955.1626   14.0289
    0.0000  -30.0000    7.5000 2974.2275   14.1529
    7.5000  -30.0000    7.5000 2920.7344   13.8364
   -7.5000  -22.5000    7.5000 2990.7905   13.5241
    0.0000  -22.5000    7.5000 3023.8081   13.6846
    7.5000  -22.5000    7.5000 2955.1682   13.3321
   -7.5000  -15.0000    7.5000 2979.6951   13.0553
    0.0000  -15.0000    7.5000 3008.7058   13.1890
    7.5000  -15.0000    7.5000 2947.4436   12.9633
   -7.5000   -7.5000    7.5000 2961.1570   12.8241
    0.0000   -7.5000    7.5000 2987.5986   12.9307
    7.5000   -7.5000    7.5000 2936.4641   12.8140
   -7.5000    0.0000    7.5000 2927.1313   12.9420
    0.0000    0.0000    7.5000 2945.6648   12.9947
    7.5000    0.0000    7.5000 2911.8035   12.9666
   -7.5000    7.5000    7.5000 2879.6101   13.3347
    0.0000    7.5000    7.5000 2893.8843   13.3625
    7.5000    7.5000    7.5000 2870.4880   13.4316
   -7.5000   15.0000    7.5000 2813.2100   14.0183
    0.0000   15.0000    7.5000 2827.9211   14.0563
    7.5000   15.0000    7.5000 2812.6470   14.1806
   -7.5000   22.5000    7.5000 2738.2480   15.0788
    0.0000   22.5000    7.5000 2752.4417   15.0929
    7.5000   22.5000    7.5000 2734.9634   15.2723
   -7.5000   30.0000    7.5000 2641.4504   16.5133
    0.0000   30.0000    7.5000 2649.7708   16.5006
    7.5000   30.0000    7.5000 2632.7495   16.7355
   -7.5000   37.5000    7.5000 2505.4236   18.3133
    0.0000   37.5000    7.5000 2511.5876   18.2821
    7.5000   37.5000    7.5000 2494.3704   18.4973
   -7.5000   45.0000    7.5000 2330.7778   20.5291
    0.0000   45.0000    7.5000 2346.5293   20.5269
    7.5000   45.0000    7.5000 2317.3828   20.7070
   -7.5000  -45.0000   15.0000 2769.7026   15.9687
    0.0000  -45.0000   15.0000 2790.1365   15.9896
    7.5000  -45.0000   15.0000 2759.3857   15.7351
   -7.5000  -37.5000   15.0000 2874.4331   14.8301
    0.0000  -37.5000   15.0000 2895.2004   14.8632
    7.5000  -37.5000   15.0000 2855.9258   14.5903
   -7.5000  -30.0000   15.0000 2955.9529   14.0656
    0.0000  -30.0000   15.0000 2975.9353   14.1247
    7.5000  -30.0000   15.0000 2923.9302   13.8323
   -7.5000  -22.5000   15.0000 3007.1895   13.5474
    0.0000  -22.5000   15.0000 3035.9194   13.6467
    7.5000  -22.5000   15.0000 2968.5110   13.3305
   -7.5000  -15.0000   15.0000 2992.7124   13.0642
    0.0000  -15.0000   15.0000 3019.0276   13.1683
    7.5000  -15.0000   15.0000 2952.0999   12.9274
   -7.5000   -7.5000   15.0000 2970.5232   12.8445
    0.0000   -7.5000   15.0000 2985.5703   12.9073
    7.5000   -7.5000   15.0000 2943.4583   12.8402
   -7.5000    0.0000   15.0000 2926.4644   12.8897
    0.0000    0.0000   15.0000 2941.5154   12.9390
    7.5000    0.0000   15.0000 2917.6106   12.9830
   -7.5000    7.5000   15.0000 2875.2839   13.2240
    0.0000    7.5000   15.0000 2889.3035   13.2656
    7.5000    7.5000   15.0000 2873.2219   13.4088
   -7.5000   15.0000   15.0000 2810.3071   13.8978
    0.0000   15.0000   15.0000 2825.1477   13.9453
    7.5000   15.0000   15.0000 2811.1304   14.1438
   -7.5000   22.5000   15.0000 2740.3796   14.9534
    0.0000   22.5000   15.0000 2755.1528   14.9767
    7.5000   22.5000   15.0000 2738.6594   15.1603
   -7.5000   30.0000   15.0000 2647.9124   16.3525
    0.0000   30.0000   15.0000 2654.4641   16.3644
    7.5000   30.0000   15.0000 2638.9978   16.5388
   -7.5000   37.5000   15.0000 2518.6375   18.1615
    0.0000   37.5000   15.0000 2522.8884   18.1351
    7.5000   37.5000   15.0000 2503.3408   18.3178
   -7.5000   45.0000   15.0000 2348.2239   20.4575
    0.0000   45.0000   15.0000 2362.6914   20.4106
    7.5000   45.0000   15.0000 2338.1448   20.6088
   -7.5000  -45.0000   22.5000 2745.3931   16.1235
    0.0000  -45.0000   22.5000 2766.2773   16.1490
    7.5000  -45.0000   22.5000 2737.1230   15.8571
   -7.5000  -37.5000   22.5000 2855.3655   14.9212
    0.0000  -37.5000   22.5000 2875.4180   14.9785
    7.5000  -37.5000   22.5000 2834.9246   14.6881
   -7.5000  -30.0000   22.5000 2943.5369   14.0749
    0.0000  -30.0000   22.5000 2965.3066   14.1830
    7.5000  -30.0000   22.5000 2908.3899   13.8430
   -7.5000  -22.5000   22.5000 2997.0356   13.5126
    0.0000  -22.5000   22.5000 3025.6577   13.6305
    7.5000  -22.5000   22.5000 2958.2556   13.2837
   -7.5000  -15.0000   22.5000 2983.0996   12.9727
    0.0000  -15.0000   22.5000 3005.4280   13.0940
    7.5000  -15.0000   22.5000 2943.6255   12.8824
   -7.5000   -7.5000   22.5000 2951.1650   12.6557
    0.0000   -7.5000   22.5000 2964.4148   12.7405
    7.5000   -7.5000   22.5000 2928.7327   12.7611
   -7.5000    0.0000   22.5000 2916.2185   12.7510
    0.0000    0.0000   22.5000 2924.0034   12.7964
    7.5000    0.0000   22.5000 2907.0020   12.9857
   -7.5000    7.5000   22.5000 2876.2317   13.2523
    0.0000    7.5000   22.5000 2892.5149   13.3251
    7.5000    7.5000   22.5000 2871.9880   13.5031
   -7.5000   15.0000   22.5000 2817.1047   14.0271
    0.0000   15.0000   22.5000 2831.5249   14.1202
    7.5000   15.0000   22.5000 2812.3904   14.2691
   -7.5000   22.5000   22.5000 2743.5332   15.1039
    0.0000   22.5000   22.5000 2753.5244   15.1323
    7.5000   22.5000   22.5000 2735.7600   15.3019
   -7.5000   30.0000   22.5000 2649.1929   16.4779
    0.0000   30.0000   22.5000 2655.8245   16.4907
    7.5000   30.0000   22.5000 2636.6299   16.6551
   -7.5000   37.5000   22.5000 2517.7002   18.3014
    0.0000   37.5000   22.5000 2526.3645   18.2727
    7.5000   37.5000   22.5000 2503.6831   18.4421
   -7.5000   45.0000   22.5000 2348.7615   20.5662
    0.0000   45.0000   22.5000 2362.4458   20.5826
    7.5000   45.0000   22.5000 2343.5491   20.7520
   -7.5000  -45.0000   30.0000 2709.4282   16.3333
    0.0000  -45.0000   30.0000 2729.0220   16.3845
    7.5000  -45.0000   30.0000 2702.0564   16.0728
   -7.5000  -37.5000   30.0000 2817.9734   15.0959
    0.0000  -37.5000   30.0000 2839.8108   15.1608
    7.5000  -37.5000   30.0000 2799.0054   14.8755
   -7.5000  -30.0000   30.0000 2907.2358   14.2064
    0.0000  -30.0000   30.0000 2928.5894   14.3089
    7.5000  -30.0000   30.0000 2876.4910   13.9900
   -7.5000  -22.5000   30.0000 2960.3093   13.5407
    0.0000  -22.5000   30.0000 2985.7969   13.6747
    7.5000  -22.5000   30.0000 2926.9521   13.3840
   -7.5000  -15.0000   30.0000 2950.2642   12.9061
    0.0000  -15.0000   30.0000 2969.6992   13.0276
    7.5000  -15.0000   30.0000 2918.4746   12.9273
   -7.5000   -7.5000   30.0000 2929.6360   12.5935
    0.0000   -7.5000   30.0000 2933.4202   12.6554
    7.5000   -7.5000   30.0000 2919.6895   12.8656
   -7.5000    0.0000   30.0000 2914.0110   12.8191
    0.0000    0.0000   30.0000 2923.8550   12.8934
    7.5000    0.0000   30.0000 2904.4624   13.1141
   -7.5000    7.5000   30.0000 2880.4089   13.4251
    0.0000    7.5000   30.0000 2892.8889   13.4942
    7.5000    7.5000   30.0000 2870.0640   13.6722
   -7.5000   15.0000   30.0000 2815.5549   14.3304
    0.0000   15.0000   30.0000 2825.2205   14.4040
    7.5000   15.0000   30.0000 2807.3059   14.5632
   -7.5000   22.5000   30.0000 2733.8108   15.4671
    0.0000   22.5000   30.0000 2743.2690   15.5087
    7.5000   22.5000   30.0000 2723.3870   15.6440
   -7.5000   30.0000   30.0000 2634.3843   16.8325
    0.0000   30.0000   30.0000 2644.9895   16.8496
    7.5000   30.0000   30.0000 2622.4690   17.0113
   -7.5000   37.5000   30.0000 2505.6133   18.6178
    0.0000   37.5000   30.0000 2514.4268   18.6455
    7.5000   37.5000   30.0000 2491.5989   18.7699
   -7.5000   45.0000   30.0000 2331.3313   20.9540
    0.0000   45.0000   30.0000 2345.8049   20.9516
    7.5000   45.0000   30.0000 2328.8164   21.0830
   -7.5000  -45.0000   37.5000 2665.1858   16.6608
    0.0000  -45.0000   37.5000 2684.1665   16.7114
    7.5000  -45.0000   37.5000 2662.4006   16.4594
   -7.5000  -37.5000   37.5000 2766.4514   15.4021
    0.0000  -37.5000   37.5000 2786.5181   15.4666
    7.5000  -37.5000   37.5000 2759.4985   15.2279
   -7.5000  -30.0000   37.5000 2844.8948   14.4346
    0.0000  -30.0000   37.5000 2869.0254   14.5166
    7.5000  -30.0000   37.5000 2833.4768   14.3029
   -7.5000  -22.5000   37.5000 2895.2883   13.6896
    0.0000  -22.5000   37.5000 2927.2754   13.8113
    7.5000  -22.5000   37.5000 2889.0271   13.6591
   -7.5000  -15.0000   37.5000 2906.6650   13.0268
    0.0000  -15.0000   37.5000 2923.1936   13.1070
    7.5000  -15.0000   37.5000 2902.9539   13.2301
   -7.5000   -7.5000   37.5000 2910.8125   12.8761
    0.0000   -7.5000   37.5000 2917.5164   12.9363
    7.5000   -7.5000   37.5000 2904.9255   13.1918
   -7.5000    0.0000   37.5000 2905.5972   13.1833
    0.0000    0.0000   37.5000 2916.3259   13.2479
    7.5000    0.0000   37.5000 2892.8435   13.4372
   -7.5000    7.5000   37.5000 2868.5835   13.7998
    0.0000    7.5000   37.5000 2879.8604   13.8410
    7.5000    7.5000   37.5000 2854.4524   14.0243
   -7.5000   15.0000   37.5000 2795.7373   14.6880
    0.0000   15.0000   37.5000 2807.2405   14.7364
    7.5000   15.0000   37.5000 2789.7078   14.9039
   -7.5000   22.5000   37.5000 2712.4697   15.8624
    0.0000   22.5000   37.5000 2724.8369   15.9307
    7.5000   22.5000   37.5000 2699.6992   16.0425
   -7.5000   30.0000   37.5000 2608.6792   17.3279
    0.0000   30.0000   37.5000 2617.0925   17.3574
    7.5000   30.0000   37.5000 2597.0911   17.5010
   -7.5000   37.5000   37.5000 2469.4492   19.1508
    0.0000   37.5000   37.5000 2477.4670   19.1702
    7.5000   37.5000   37.5000 2462.5967   19.3059
   -7.5000   45.0000   37.5000 2301.7812   21.4748
    0.0000   45.0000   37.5000 2312.4661   21.5191
    7.5000   45.0000   37.5000 2296.4194   21.5918
   -7.5000  -45.0000   45.0000 2609.1169   17.1243
    0.0000  -45.0000   45.0000 2623.5105   17.1537
    7.5000  -45.0000   45.0000 2613.1909   17.0413
   -7.5000  -37.5000   45.0000 2707.8396   15.8065
    0.0000  -37.5000   45.0000 2724.0242   15.8923
    7.5000  -37.5000   45.0000 2711.5845   15.7606
   -7.5000  -30.0000   45.0000 2779.3972   14.7508
    0.0000  -30.0000   45.0000 2801.8159   14.8499
    7.5000  -30.0000   45.0000 2782.2114   14.7876
   -7.5000  -22.5000   45.0000 2824.2024   13.9707
    0.0000  -22.5000   45.0000 2847.0535   14.0336
    7.5000  -22.5000   45.0000 2836.0950   14.1219
   -7.5000  -15.0000   45.0000 2842.7253   13.3964
    0.0000  -15.0000   45.0000 2858.5366   13.4490
    7.5000  -15.0000   45.0000 2853.7771   13.6885
   -7.5000   -7.5000   45.0000 2869.5095   13.3383
    0.0000   -7.5000   45.0000 2877.6741   13.3915
    7.5000   -7.5000   45.0000 2867.8247   13.6237
   -7.5000    0.0000   45.0000 2866.0444   13.6748
    0.0000    0.0000   45.0000 2876.5249   13.7182
    7.5000    0.0000   45.0000 2853.1716   13.9226
   -7.5000    7.5000   45.0000 2831.8303   14.3076
    0.0000    7.5000   45.0000 2838.0396   14.3432
    7.5000    7.5000   45.0000 2816.1157   14.5187
   -7.5000   15.0000   45.0000 2765.4229   15.1981
    0.0000   15.0000   45.0000 2770.0259   15.2239
    7.5000   15.0000   45.0000 2752.2822   15.3956
   -7.5000   22.5000   45.0000 2674.6838   16.3792
    0.0000   22.5000   45.0000 2685.5134   16.4043
    7.5000   22.5000   45.0000 2663.4236   16.5873
   -7.5000   30.0000   45.0000 2559.9468   17.8798
    0.0000   30.0000   45.0000 2575.2046   17.8934
    7.5000   30.0000   45.0000 2552.2666   18.0497
   -7.5000   37.5000   45.0000 2420.0642   19.7925
    0.0000   37.5000   45.0000 2425.8413   19.8195
    7.5000   37.5000   45.0000 2418.9707   19.9174
   -7.5000   45.0000   45.0000 2253.9875   22.0949
    0.0000   45.0000   45.0000 2264.4827   22.1436
    7.5000   45.0000   45.0000 2250.8662   22.2873

---------------------------------------------------------------------
imgreg_4dfp /opt/freesurfer/average/711-2C_as_mni_average_305 /opt/freesurfer/average/711-2B_as_mni_average_305_mask talsrcimg_g11 none talsrcimg_to_711-2C_as_mni_average_305_t4 1283
---------------------------------------------------------------------

freesurfer imgreg_4dfp.c
/opt/freesurfer/average/711-2C_as_mni_average_305.4dfp.img
       256       256       256         1
  1.000000  1.000000  1.000000
orientation T byte_order littleendian
Reading image: /opt/freesurfer/average/711-2C_as_mni_average_305.4dfp.img
dimensions:      256       256       256
mmppix:       1.0000   -1.0000   -1.0000
center:     128.0000 -129.0000 -129.0000
/opt/freesurfer/average/711-2B_as_mni_average_305_mask.4dfp.img
       256       256       256         1
  1.000000  1.000000  1.000000
orientation T byte_order littleendian
Reading mask: /opt/freesurfer/average/711-2B_as_mni_average_305_mask.4dfp.img (2306576 pixels)
talsrcimg_g11.4dfp.img
       256       256       256         1
  1.000000  1.000000  1.000000
orientation T byte_order littleendian
Reading image: talsrcimg_g11.4dfp.img
dimensions:      256       256       256
mmppix:       1.0000   -1.0000   -1.0000
center:     128.0000 -129.0000 -129.0000
rotation matrix determinant  1.000000
fimgreg.f
image alignment mode   1283 decimal      503 hex
parameters
    0.0000  -22.5000   15.0000    0.0000    0.0000    0.0000
eta,q 0.95172 13.67718
niter,ni,del,rscale     5    3   12.0000    1.2000
parameter  4  2.211517 ->  0.500000 qaram    1.1500
parameters
   -1.1861  -20.3271   15.2953   -3.4500    1.0868   -2.4813
eta,q 0.95727 13.60972
  0.0534  0.0609  0.0503  0.0425  0.0494  0.0440
  0.0505  0.0545  0.0494  0.0432  0.0474  0.0430
  0.0479  0.0501  0.0476  0.0448  0.0452  0.0428
  0.0470  0.0471  0.0468  0.0467  0.0435  0.0434
  0.0494  0.0467  0.0470  0.0483  0.0436  0.0445
  0.0549  0.0482  0.0481  0.0509  0.0445  0.0457
  0.0639  0.0491  0.0504  0.0530  0.0469  0.0472
niter,ni,del,rscale     5    3   12.0000    1.2000
parameter  4  1.917773 ->  0.500000 qaram    1.3225
parameters
   -2.1198  -19.2005   16.2479   -7.4175    0.9393   -3.4757
eta,q 0.96124 13.65484
  0.0513  0.0552  0.0497  0.0384  0.0447  0.0417
  0.0459  0.0486  0.0467  0.0390  0.0425  0.0400
  0.0426  0.0444  0.0438  0.0395  0.0401  0.0389
  0.0427  0.0422  0.0424  0.0422  0.0391  0.0391
  0.0457  0.0433  0.0427  0.0465  0.0403  0.0405
  0.0510  0.0460  0.0449  0.0484  0.0433  0.0419
  0.0589  0.0472  0.0461  0.0502  0.0449  0.0433
niter,ni,del,rscale     5    3   12.0000    1.2000
parameter  4  0.832568 ->  0.500000 qaram    1.5209
parameters
   -2.1797  -18.2752   15.6850  -11.9801    0.8310   -2.8099
eta,q 0.96411 13.77221
  0.0524  0.0517  0.0439  0.0352  0.0413  0.0397
  0.0465  0.0456  0.0396  0.0354  0.0386  0.0378
  0.0410  0.0413  0.0370  0.0367  0.0366  0.0364
  0.0388  0.0388  0.0383  0.0377  0.0359  0.0359
  0.0412  0.0388  0.0407  0.0405  0.0371  0.0360
  0.0461  0.0420  0.0422  0.0459  0.0392  0.0368
  0.0534  0.0456  0.0443  0.0494  0.0412  0.0384
niter,ni,del,rscale     5    3   12.0000    1.2000
parameters
   -2.0774  -16.7554   14.6980  -15.0025    1.0930   -2.9469
eta,q 0.96713 13.73253
  0.0506  0.0490  0.0403  0.0369  0.0401  0.0369
  0.0436  0.0438  0.0363  0.0337  0.0373  0.0350
  0.0380  0.0391  0.0345  0.0329  0.0347  0.0335
  0.0359  0.0359  0.0348  0.0344  0.0329  0.0329
  0.0376  0.0348  0.0371  0.0367  0.0337  0.0335
  0.0422  0.0364  0.0403  0.0410  0.0363  0.0352
  0.0502  0.0410  0.0443  0.0466  0.0393  0.0373
niter,ni,del,rscale     4    3   12.0000    1.2000
parameters
   -2.2809  -16.1554   14.0098  -15.6934    1.3987   -3.2128
eta,q 0.96751 13.75182
  0.0482  0.0445  0.0395  0.0396  0.0399  0.0363
  0.0404  0.0395  0.0364  0.0356  0.0371  0.0345
  0.0346  0.0352  0.0335  0.0328  0.0343  0.0331
  0.0329  0.0328  0.0328  0.0326  0.0325  0.0325
  0.0358  0.0336  0.0350  0.0342  0.0334  0.0331
  0.0417  0.0361  0.0386  0.0371  0.0358  0.0350
  0.0503  0.0412  0.0434  0.0421  0.0390  0.0371
niter,ni,del,rscale     3    3   12.0000    1.2000
parameters
   -2.3827  -16.0114   13.6997  -15.9432    1.4823   -3.3620
eta,q 0.96750 13.76696
  0.0488  0.0430  0.0401  0.0402  0.0395  0.0364
  0.0405  0.0381  0.0370  0.0361  0.0367  0.0346
  0.0345  0.0340  0.0340  0.0329  0.0340  0.0332
  0.0325  0.0325  0.0325  0.0325  0.0325  0.0325
  0.0354  0.0337  0.0341  0.0338  0.0336  0.0330
  0.0412  0.0365  0.0377  0.0365  0.0361  0.0349
  0.0497  0.0426  0.0423  0.0410  0.0395  0.0370
niter,ni,del,rscale     2    3   12.0000    1.2000
parameters
   -2.4026  -15.9839   13.5697  -16.0252    1.4916   -3.4162
eta,q 0.96747 13.77377
  0.0493  0.0427  0.0404  0.0404  0.0394  0.0366
  0.0408  0.0378  0.0373  0.0363  0.0366  0.0347
  0.0346  0.0338  0.0344  0.0330  0.0339  0.0333
  0.0325  0.0325  0.0325  0.0325  0.0325  0.0325
  0.0353  0.0338  0.0337  0.0337  0.0337  0.0330
  0.0409  0.0368  0.0372  0.0362  0.0362  0.0348
  0.0493  0.0431  0.0418  0.0406  0.0396  0.0369
niter,ni,del,rscale     1    3   12.0000    1.2000
parameters
   -2.4050  -15.9794   13.5222  -16.0512    1.4922   -3.4336
eta,q 0.96745 13.77635
  0.0495  0.0427  0.0406  0.0405  0.0394  0.0366
  0.0408  0.0378  0.0375  0.0364  0.0366  0.0348
  0.0347  0.0338  0.0345  0.0330  0.0339  0.0334
  0.0325  0.0325  0.0325  0.0325  0.0325  0.0325
  0.0353  0.0338  0.0335  0.0337  0.0338  0.0330
  0.0409  0.0369  0.0370  0.0362  0.0363  0.0347
  0.0493  0.0433  0.0416  0.0405  0.0396  0.0369
registration optimization eta report
parameter search radius
    6.0000    6.0000    6.0000    9.1253    6.0000    6.0000
100000*second partial in parameter space
       46.       29.       23.       10.       18.       11.
  0.0495  0.0427  0.0406  0.0405  0.0394  0.0366
  0.0408  0.0378  0.0375  0.0364  0.0366  0.0348
  0.0347  0.0338  0.0345  0.0330  0.0339  0.0334
  0.0325  0.0325  0.0325  0.0325  0.0325  0.0325
  0.0353  0.0338  0.0335  0.0337  0.0338  0.0330
  0.0409  0.0369  0.0370  0.0362  0.0363  0.0347
  0.0493  0.0433  0.0416  0.0405  0.0396  0.0369
   -2.4050  -15.9794   13.5222  -16.0512    1.4922   -3.4336
eta,q 0.96745 13.77635

---------------------------------------------------------------------
imgreg_4dfp /opt/freesurfer/average/711-2C_as_mni_average_305 /opt/freesurfer/average/711-2B_as_mni_average_305_mask talsrcimg_g11 none talsrcimg_to_711-2C_as_mni_average_305_t4 3335
---------------------------------------------------------------------

freesurfer imgreg_4dfp.c
/opt/freesurfer/average/711-2C_as_mni_average_305.4dfp.img
       256       256       256         1
  1.000000  1.000000  1.000000
orientation T byte_order littleendian
Reading image: /opt/freesurfer/average/711-2C_as_mni_average_305.4dfp.img
dimensions:      256       256       256
mmppix:       1.0000   -1.0000   -1.0000
center:     128.0000 -129.0000 -129.0000
/opt/freesurfer/average/711-2B_as_mni_average_305_mask.4dfp.img
       256       256       256         1
  1.000000  1.000000  1.000000
orientation T byte_order littleendian
Reading mask: /opt/freesurfer/average/711-2B_as_mni_average_305_mask.4dfp.img (2306576 pixels)
talsrcimg_g11.4dfp.img
       256       256       256         1
  1.000000  1.000000  1.000000
orientation T byte_order littleendian
Reading image: talsrcimg_g11.4dfp.img
dimensions:      256       256       256
mmppix:       1.0000   -1.0000   -1.0000
center:     128.0000 -129.0000 -129.0000
fimgreg.f
image alignment mode   3335 decimal      D07 hex
parameters
   -2.4050  -15.9794   13.5222   -0.2134   -4.1142   -3.9311
    6.4744   -0.8421   -5.9872   27.7499    2.6041  -27.6403
eta,q 0.96498 13.89743
niter,ni,del,rscale     5    3    5.0000    1.2000
parameter  4  0.558603 ->  0.500000 qaram    1.1500
parameter  5  0.928326 ->  0.500000 qaram    1.1500
parameter  6  0.542373 ->  0.500000 qaram    1.1500
parameter 12  1.747319 ->  0.500000 qaram    1.1500
parameters
   -2.3764  -15.6555   13.7836   -4.3534   -8.2542   -8.0711
    6.3827   -1.0773   -5.2404   24.2635    0.7061  -31.7803
eta,q 0.96922 13.39410
  0.0374  0.0371  0.0364  0.0343  0.0315  0.0323  0.0334  0.0342  0.0330  0.0318  0.0317  0.0306
  0.0361  0.0361  0.0357  0.0341  0.0320  0.0318  0.0325  0.0328  0.0323  0.0315  0.0315  0.0307
  0.0353  0.0354  0.0352  0.0343  0.0330  0.0318  0.0320  0.0320  0.0319  0.0315  0.0315  0.0310
  0.0350  0.0350  0.0350  0.0350  0.0341  0.0323  0.0318  0.0318  0.0318  0.0318  0.0315  0.0315
  0.0353  0.0350  0.0350  0.0361  0.0357  0.0335  0.0320  0.0322  0.0318  0.0324  0.0316  0.0320
  0.0360  0.0354  0.0353  0.0381  0.0384  0.0349  0.0326  0.0331  0.0321  0.0335  0.0319  0.0325
  0.0373  0.0362  0.0359  0.0417  0.0422  0.0364  0.0336  0.0344  0.0326  0.0351  0.0322  0.0331
niter,ni,del,rscale     7    3    5.0000    1.2000
parameter  3 -0.597470 -> -0.500000 qaram    1.1500
parameters
   -2.2541  -14.7982   15.1636   -4.8858  -11.7491   -8.6203
    6.1686   -0.6266   -4.6055   25.7208    0.8421  -33.0826
eta,q 0.97027 13.25268
  0.0330  0.0327  0.0326  0.0319  0.0305  0.0318  0.0316  0.0326  0.0307  0.0319  0.0305  0.0306
  0.0319  0.0317  0.0318  0.0311  0.0299  0.0309  0.0307  0.0312  0.0303  0.0310  0.0301  0.0300
  0.0311  0.0311  0.0312  0.0306  0.0299  0.0302  0.0301  0.0303  0.0300  0.0303  0.0299  0.0297
  0.0308  0.0308  0.0307  0.0303  0.0303  0.0299  0.0299  0.0299  0.0299  0.0299  0.0298  0.0298
  0.0309  0.0307  0.0304  0.0305  0.0311  0.0301  0.0301  0.0301  0.0299  0.0298  0.0299  0.0301
  0.0316  0.0308  0.0303  0.0312  0.0327  0.0312  0.0308  0.0309  0.0301  0.0301  0.0301  0.0305
  0.0327  0.0310  0.0305  0.0327  0.0358  0.0326  0.0318  0.0319  0.0305  0.0308  0.0304  0.0311
niter,ni,del,rscale     7    3    5.0000    1.2000
parameters
   -2.3281  -14.5189   14.9951   -4.6042  -12.4253   -8.5303
    6.2578   -0.6587   -4.5762   26.1974    0.8894  -33.5757
eta,q 0.97037 13.24531
  0.0316  0.0312  0.0309  0.0316  0.0316  0.0320  0.0315  0.0321  0.0304  0.0314  0.0303  0.0307
  0.0306  0.0304  0.0303  0.0307  0.0304  0.0310  0.0305  0.0307  0.0300  0.0306  0.0300  0.0300
  0.0299  0.0299  0.0299  0.0301  0.0297  0.0301  0.0299  0.0299  0.0298  0.0300  0.0297  0.0297
  0.0297  0.0297  0.0297  0.0297  0.0297  0.0297  0.0297  0.0297  0.0297  0.0297  0.0296  0.0296
  0.0300  0.0298  0.0299  0.0298  0.0301  0.0298  0.0298  0.0300  0.0297  0.0297  0.0297  0.0298
  0.0307  0.0301  0.0304  0.0303  0.0308  0.0307  0.0305  0.0308  0.0300  0.0302  0.0299  0.0303
  0.0319  0.0306  0.0314  0.0315  0.0323  0.0321  0.0314  0.0320  0.0304  0.0311  0.0303  0.0308
niter,ni,del,rscale     6    3    5.0000    1.2000
parameters
   -2.3344  -14.5083   14.8822   -4.6279  -12.5973   -8.4266
    6.2713   -0.6695   -4.6053   26.3961    0.9036  -33.8771
eta,q 0.97040 13.24546
  0.0316  0.0308  0.0309  0.0314  0.0317  0.0320  0.0314  0.0320  0.0304  0.0313  0.0303  0.0307
  0.0305  0.0301  0.0302  0.0305  0.0305  0.0310  0.0305  0.0307  0.0300  0.0305  0.0299  0.0300
  0.0299  0.0297  0.0298  0.0299  0.0298  0.0301  0.0298  0.0298  0.0297  0.0299  0.0297  0.0296
  0.0296  0.0296  0.0296  0.0296  0.0296  0.0296  0.0296  0.0296  0.0296  0.0296  0.0296  0.0296
  0.0299  0.0298  0.0298  0.0298  0.0300  0.0298  0.0298  0.0300  0.0297  0.0297  0.0297  0.0298
  0.0305  0.0302  0.0303  0.0303  0.0306  0.0307  0.0304  0.0308  0.0300  0.0302  0.0299  0.0302
  0.0316  0.0308  0.0312  0.0316  0.0318  0.0321  0.0314  0.0319  0.0304  0.0312  0.0303  0.0307
niter,ni,del,rscale     5    3    5.0000    1.2000
parameters
   -2.3341  -14.5276   14.8123   -4.6439  -12.6996   -8.3610
    6.2836   -0.6678   -4.6381   26.5197    0.8938  -34.0729
eta,q 0.97041 13.24612
  0.0316  0.0308  0.0309  0.0314  0.0317  0.0320  0.0314  0.0320  0.0304  0.0312  0.0302  0.0307
  0.0305  0.0301  0.0302  0.0305  0.0305  0.0309  0.0304  0.0307  0.0299  0.0304  0.0299  0.0300
  0.0298  0.0297  0.0298  0.0299  0.0297  0.0301  0.0298  0.0298  0.0297  0.0299  0.0297  0.0296
  0.0296  0.0296  0.0296  0.0296  0.0296  0.0296  0.0296  0.0296  0.0296  0.0296  0.0296  0.0296
  0.0298  0.0298  0.0298  0.0297  0.0299  0.0298  0.0298  0.0300  0.0297  0.0297  0.0297  0.0298
  0.0305  0.0302  0.0302  0.0303  0.0306  0.0307  0.0304  0.0308  0.0300  0.0302  0.0299  0.0302
  0.0316  0.0308  0.0311  0.0316  0.0318  0.0321  0.0314  0.0319  0.0304  0.0312  0.0303  0.0307
niter,ni,del,rscale     4    3    5.0000    1.2000
parameters
   -2.3338  -14.5425   14.7646   -4.6517  -12.7731   -8.3203
    6.2930   -0.6605   -4.6506   26.6008    0.9083  -34.2159
eta,q 0.97043 13.24640
  0.0316  0.0308  0.0309  0.0314  0.0317  0.0320  0.0314  0.0320  0.0304  0.0312  0.0302  0.0307
  0.0305  0.0301  0.0302  0.0305  0.0305  0.0309  0.0304  0.0307  0.0299  0.0304  0.0299  0.0300
  0.0298  0.0297  0.0298  0.0299  0.0297  0.0300  0.0298  0.0298  0.0297  0.0298  0.0297  0.0296
  0.0296  0.0296  0.0296  0.0296  0.0296  0.0296  0.0296  0.0296  0.0296  0.0296  0.0296  0.0296
  0.0298  0.0298  0.0297  0.0297  0.0299  0.0298  0.0298  0.0299  0.0297  0.0297  0.0297  0.0298
  0.0305  0.0302  0.0302  0.0303  0.0306  0.0307  0.0304  0.0308  0.0299  0.0302  0.0299  0.0301
  0.0316  0.0308  0.0311  0.0316  0.0317  0.0321  0.0314  0.0319  0.0304  0.0312  0.0302  0.0307
niter,ni,del,rscale     3    3    5.0000    1.2000
parameters
   -2.3319  -14.5517   14.7329   -4.6580  -12.8187   -8.2992
    6.3022   -0.6594   -4.6599   26.6528    0.9139  -34.3008
eta,q 0.97043 13.24663
  0.0316  0.0308  0.0309  0.0313  0.0317  0.0320  0.0314  0.0320  0.0303  0.0312  0.0302  0.0307
  0.0305  0.0301  0.0302  0.0305  0.0305  0.0309  0.0304  0.0306  0.0299  0.0304  0.0299  0.0300
  0.0298  0.0297  0.0298  0.0299  0.0297  0.0300  0.0298  0.0298  0.0297  0.0298  0.0297  0.0296
  0.0296  0.0296  0.0296  0.0296  0.0296  0.0296  0.0296  0.0296  0.0296  0.0296  0.0296  0.0296
  0.0298  0.0297  0.0297  0.0297  0.0299  0.0297  0.0298  0.0299  0.0297  0.0297  0.0297  0.0297
  0.0305  0.0302  0.0302  0.0303  0.0305  0.0307  0.0304  0.0308  0.0299  0.0303  0.0299  0.0301
  0.0316  0.0307  0.0311  0.0315  0.0317  0.0321  0.0314  0.0319  0.0303  0.0312  0.0302  0.0307
niter,ni,del,rscale     2    3    5.0000    1.2000
parameters
   -2.3318  -14.5560   14.7159   -4.6641  -12.8483   -8.2812
    6.3101   -0.6551   -4.6712   26.6888    0.9252  -34.3587
eta,q 0.97043 13.24682
  0.0316  0.0308  0.0310  0.0313  0.0317  0.0320  0.0314  0.0320  0.0303  0.0312  0.0302  0.0307
  0.0305  0.0301  0.0302  0.0305  0.0305  0.0309  0.0304  0.0306  0.0299  0.0304  0.0299  0.0300
  0.0298  0.0297  0.0297  0.0299  0.0297  0.0300  0.0298  0.0298  0.0297  0.0298  0.0297  0.0296
  0.0296  0.0296  0.0296  0.0296  0.0296  0.0296  0.0296  0.0296  0.0296  0.0296  0.0296  0.0296
  0.0298  0.0297  0.0297  0.0297  0.0299  0.0297  0.0298  0.0299  0.0297  0.0297  0.0296  0.0297
  0.0305  0.0301  0.0302  0.0303  0.0305  0.0307  0.0304  0.0307  0.0299  0.0302  0.0299  0.0301
  0.0316  0.0307  0.0311  0.0315  0.0317  0.0321  0.0314  0.0319  0.0303  0.0312  0.0302  0.0307
registration optimization eta report
parameter search radius
    2.4000    2.4000    2.7600    8.2800    8.2800    8.2800
    7.2000    7.2000    7.2000    7.2000    7.2000    8.2800
100000*second partial in parameter space
       35.       21.       19.        3.        3.        4.
        4.        5.        1.        3.        1.        2.
  0.0316  0.0308  0.0310  0.0313  0.0317  0.0320  0.0314  0.0320  0.0303  0.0312  0.0302  0.0307
  0.0305  0.0301  0.0302  0.0305  0.0305  0.0309  0.0304  0.0306  0.0299  0.0304  0.0299  0.0300
  0.0298  0.0297  0.0297  0.0299  0.0297  0.0300  0.0298  0.0298  0.0297  0.0298  0.0297  0.0296
  0.0296  0.0296  0.0296  0.0296  0.0296  0.0296  0.0296  0.0296  0.0296  0.0296  0.0296  0.0296
  0.0298  0.0297  0.0297  0.0297  0.0299  0.0297  0.0298  0.0299  0.0297  0.0297  0.0296  0.0297
  0.0305  0.0301  0.0302  0.0303  0.0305  0.0307  0.0304  0.0307  0.0299  0.0302  0.0299  0.0301
  0.0316  0.0307  0.0311  0.0315  0.0317  0.0321  0.0314  0.0319  0.0303  0.0312  0.0302  0.0307
   -2.3318  -14.5560   14.7159   -4.6641  -12.8483   -8.2812
    6.3101   -0.6551   -4.6712   26.6888    0.9252  -34.3587
eta,q 0.97043 13.24682

---------------------------------------------------------------------
imgreg_4dfp /opt/freesurfer/average/711-2C_as_mni_average_305 /opt/freesurfer/average/711-2B_as_mni_average_305_mask talsrcimg_g11 none talsrcimg_to_711-2C_as_mni_average_305_t4 2311
---------------------------------------------------------------------

freesurfer imgreg_4dfp.c
/opt/freesurfer/average/711-2C_as_mni_average_305.4dfp.img
       256       256       256         1
  1.000000  1.000000  1.000000
orientation T byte_order littleendian
Reading image: /opt/freesurfer/average/711-2C_as_mni_average_305.4dfp.img
dimensions:      256       256       256
mmppix:       1.0000   -1.0000   -1.0000
center:     128.0000 -129.0000 -129.0000
/opt/freesurfer/average/711-2B_as_mni_average_305_mask.4dfp.img
       256       256       256         1
  1.000000  1.000000  1.000000
orientation T byte_order littleendian
Reading mask: /opt/freesurfer/average/711-2B_as_mni_average_305_mask.4dfp.img (2306576 pixels)
talsrcimg_g11.4dfp.img
       256       256       256         1
  1.000000  1.000000  1.000000
orientation T byte_order littleendian
Reading image: talsrcimg_g11.4dfp.img
dimensions:      256       256       256
mmppix:       1.0000   -1.0000   -1.0000
center:     128.0000 -129.0000 -129.0000
fimgreg.f
image alignment mode   2311 decimal      907 hex
parameters
   -2.3318  -14.5560   14.7159   -4.6641  -12.8483   -8.2812
    6.3101   -0.6551   -4.6712   26.6888    0.9252  -34.3587
eta,q 0.97043 13.24682
niter,ni,del,rscale     5    3    5.0000    0.8000
parameters
   -2.3286  -14.6181   14.7410   -4.1832  -13.1184   -7.9152
    6.3277   -0.8257   -4.6391   26.9293    1.0652  -34.8282
eta,q 0.97049 13.26359
  0.0305  0.0301  0.0301  0.0303  0.0302  0.0306  0.0304  0.0306  0.0299  0.0303  0.0299  0.0298
  0.0300  0.0298  0.0298  0.0299  0.0298  0.0301  0.0299  0.0300  0.0297  0.0299  0.0297  0.0296
  0.0297  0.0296  0.0296  0.0297  0.0296  0.0297  0.0296  0.0296  0.0296  0.0296  0.0296  0.0295
  0.0296  0.0296  0.0296  0.0296  0.0296  0.0295  0.0295  0.0295  0.0295  0.0295  0.0295  0.0295
  0.0297  0.0296  0.0296  0.0296  0.0297  0.0296  0.0296  0.0297  0.0296  0.0296  0.0296  0.0296
  0.0300  0.0298  0.0298  0.0298  0.0299  0.0298  0.0299  0.0301  0.0297  0.0298  0.0296  0.0297
  0.0305  0.0301  0.0300  0.0301  0.0303  0.0304  0.0304  0.0307  0.0299  0.0302  0.0298  0.0299
niter,ni,del,rscale     4    3    5.0000    0.7000
parameters
   -2.3090  -14.6289   14.5992   -4.2157  -13.3928   -7.7211
    6.3105   -0.8920   -4.6224   27.1659    1.1245  -35.2881
eta,q 0.97052 13.26200
  0.0303  0.0299  0.0298  0.0300  0.0300  0.0303  0.0301  0.0304  0.0298  0.0301  0.0297  0.0297
  0.0299  0.0297  0.0296  0.0298  0.0297  0.0299  0.0298  0.0299  0.0296  0.0298  0.0296  0.0296
  0.0296  0.0295  0.0295  0.0296  0.0295  0.0296  0.0296  0.0296  0.0295  0.0296  0.0295  0.0295
  0.0295  0.0295  0.0295  0.0295  0.0295  0.0295  0.0295  0.0295  0.0295  0.0295  0.0295  0.0295
  0.0296  0.0296  0.0296  0.0296  0.0296  0.0295  0.0296  0.0296  0.0295  0.0295  0.0295  0.0296
  0.0298  0.0297  0.0297  0.0297  0.0298  0.0298  0.0298  0.0299  0.0296  0.0297  0.0296  0.0297
  0.0302  0.0299  0.0300  0.0300  0.0301  0.0302  0.0302  0.0304  0.0298  0.0300  0.0297  0.0298
niter,ni,del,rscale     3    3    5.0000    0.6000
parameters
   -2.3073  -14.6599   14.4915   -4.2070  -13.6331   -7.5703
    6.3157   -0.9324   -4.6168   27.3596    1.1875  -35.6841
eta,q 0.97053 13.26185
  0.0300  0.0298  0.0297  0.0299  0.0298  0.0301  0.0300  0.0301  0.0297  0.0300  0.0297  0.0297
  0.0297  0.0296  0.0296  0.0297  0.0296  0.0298  0.0297  0.0298  0.0296  0.0297  0.0296  0.0295
  0.0295  0.0295  0.0295  0.0295  0.0295  0.0296  0.0295  0.0295  0.0295  0.0295  0.0295  0.0295
  0.0295  0.0295  0.0295  0.0295  0.0295  0.0295  0.0295  0.0295  0.0295  0.0295  0.0295  0.0295
  0.0295  0.0295  0.0295  0.0295  0.0296  0.0295  0.0295  0.0296  0.0295  0.0295  0.0295  0.0295
  0.0297  0.0296  0.0296  0.0297  0.0297  0.0297  0.0297  0.0298  0.0296  0.0296  0.0296  0.0296
  0.0300  0.0298  0.0298  0.0299  0.0299  0.0300  0.0300  0.0302  0.0297  0.0299  0.0297  0.0297
niter,ni,del,rscale     2    3    5.0000    0.5000
parameters
   -2.3047  -14.6854   14.4059   -4.1835  -13.8282   -7.4606
    6.3445   -0.9511   -4.6446   27.5049    1.2304  -35.9891
eta,q 0.97054 13.26163
  0.0298  0.0297  0.0296  0.0297  0.0297  0.0299  0.0298  0.0299  0.0296  0.0298  0.0296  0.0296
  0.0296  0.0296  0.0295  0.0296  0.0296  0.0297  0.0296  0.0297  0.0295  0.0296  0.0295  0.0295
  0.0295  0.0295  0.0295  0.0295  0.0295  0.0295  0.0295  0.0295  0.0295  0.0295  0.0295  0.0295
  0.0295  0.0295  0.0295  0.0295  0.0295  0.0295  0.0295  0.0295  0.0295  0.0295  0.0295  0.0295
  0.0295  0.0295  0.0295  0.0295  0.0295  0.0295  0.0295  0.0295  0.0295  0.0295  0.0295  0.0295
  0.0296  0.0296  0.0296  0.0296  0.0296  0.0296  0.0296  0.0297  0.0295  0.0296  0.0295  0.0296
  0.0298  0.0297  0.0297  0.0297  0.0298  0.0298  0.0298  0.0299  0.0296  0.0297  0.0296  0.0296
niter,ni,del,rscale     1    3    5.0000    0.4000
parameters
   -2.2987  -14.7026   14.3427   -4.1529  -13.9858   -7.3729
    6.3573   -0.9616   -4.6139   27.6001    1.2782  -36.2146
eta,q 0.97054 13.26066
  0.0297  0.0296  0.0296  0.0296  0.0296  0.0297  0.0297  0.0298  0.0296  0.0297  0.0295  0.0295
  0.0296  0.0295  0.0295  0.0296  0.0295  0.0296  0.0296  0.0296  0.0295  0.0295  0.0295  0.0295
  0.0295  0.0295  0.0295  0.0295  0.0295  0.0295  0.0295  0.0295  0.0295  0.0295  0.0295  0.0295
  0.0295  0.0295  0.0295  0.0295  0.0295  0.0295  0.0295  0.0295  0.0295  0.0295  0.0295  0.0295
  0.0295  0.0295  0.0295  0.0295  0.0295  0.0295  0.0295  0.0295  0.0295  0.0295  0.0295  0.0295
  0.0296  0.0295  0.0295  0.0295  0.0296  0.0296  0.0295  0.0296  0.0295  0.0295  0.0295  0.0295
  0.0297  0.0296  0.0296  0.0296  0.0297  0.0297  0.0297  0.0298  0.0295  0.0296  0.0295  0.0296
registration optimization eta report
parameter search radius
    0.8000    0.8000    0.8000    2.4000    2.4000    2.4000
    2.4000    2.4000    2.4000    2.4000    2.4000    2.4000
100000*second partial in parameter space
       38.       22.       21.        3.        3.        5.
        4.        5.        2.        3.        2.        2.
  0.0297  0.0296  0.0296  0.0296  0.0296  0.0297  0.0297  0.0298  0.0296  0.0297  0.0295  0.0295
  0.0296  0.0295  0.0295  0.0296  0.0295  0.0296  0.0296  0.0296  0.0295  0.0295  0.0295  0.0295
  0.0295  0.0295  0.0295  0.0295  0.0295  0.0295  0.0295  0.0295  0.0295  0.0295  0.0295  0.0295
  0.0295  0.0295  0.0295  0.0295  0.0295  0.0295  0.0295  0.0295  0.0295  0.0295  0.0295  0.0295
  0.0295  0.0295  0.0295  0.0295  0.0295  0.0295  0.0295  0.0295  0.0295  0.0295  0.0295  0.0295
  0.0296  0.0295  0.0295  0.0295  0.0296  0.0296  0.0295  0.0296  0.0295  0.0295  0.0295  0.0295
  0.0297  0.0296  0.0296  0.0296  0.0297  0.0297  0.0297  0.0298  0.0295  0.0296  0.0295  0.0296
   -2.2987  -14.7026   14.3427   -4.1529  -13.9858   -7.3729
    6.3573   -0.9616   -4.6139   27.6001    1.2782  -36.2146
eta,q 0.97054 13.26066

---------------------------------------------------------------------
imgreg_4dfp /opt/freesurfer/average/711-2C_as_mni_average_305 /opt/freesurfer/average/711-2B_as_mni_average_305_mask talsrcimg_g11 none talsrcimg_to_711-2C_as_mni_average_305_t4 2311
---------------------------------------------------------------------

freesurfer imgreg_4dfp.c
/opt/freesurfer/average/711-2C_as_mni_average_305.4dfp.img
       256       256       256         1
  1.000000  1.000000  1.000000
orientation T byte_order littleendian
Reading image: /opt/freesurfer/average/711-2C_as_mni_average_305.4dfp.img
dimensions:      256       256       256
mmppix:       1.0000   -1.0000   -1.0000
center:     128.0000 -129.0000 -129.0000
/opt/freesurfer/average/711-2B_as_mni_average_305_mask.4dfp.img
       256       256       256         1
  1.000000  1.000000  1.000000
orientation T byte_order littleendian
Reading mask: /opt/freesurfer/average/711-2B_as_mni_average_305_mask.4dfp.img (2306576 pixels)
talsrcimg_g11.4dfp.img
       256       256       256         1
  1.000000  1.000000  1.000000
orientation T byte_order littleendian
Reading image: talsrcimg_g11.4dfp.img
dimensions:      256       256       256
mmppix:       1.0000   -1.0000   -1.0000
center:     128.0000 -129.0000 -129.0000
fimgreg.f
image alignment mode   2311 decimal      907 hex
parameters
   -2.2987  -14.7026   14.3427   -4.1529  -13.9858   -7.3729
    6.3573   -0.9616   -4.6139   27.6001    1.2782  -36.2146
eta,q 0.97054 13.26066
niter,ni,del,rscale     5    3    5.0000    0.8000
parameters
   -2.3108  -14.6787   14.2693   -4.3330  -13.9186   -7.5285
    6.3144   -0.8465   -4.6095   27.6958    1.2717  -36.3139
eta,q 0.97054 13.25939
  0.0304  0.0300  0.0299  0.0300  0.0302  0.0304  0.0303  0.0307  0.0298  0.0302  0.0298  0.0298
  0.0299  0.0297  0.0297  0.0297  0.0298  0.0299  0.0298  0.0300  0.0296  0.0298  0.0296  0.0296
  0.0296  0.0295  0.0295  0.0295  0.0295  0.0296  0.0296  0.0296  0.0295  0.0296  0.0295  0.0295
  0.0295  0.0295  0.0295  0.0295  0.0295  0.0295  0.0295  0.0295  0.0295  0.0295  0.0295  0.0295
  0.0296  0.0295  0.0295  0.0295  0.0295  0.0296  0.0296  0.0296  0.0295  0.0295  0.0295  0.0295
  0.0299  0.0297  0.0297  0.0298  0.0298  0.0299  0.0298  0.0300  0.0296  0.0298  0.0296  0.0297
  0.0304  0.0300  0.0300  0.0302  0.0301  0.0306  0.0303  0.0306  0.0298  0.0302  0.0298  0.0299
niter,ni,del,rscale     4    3    5.0000    0.7000
parameters
   -2.3133  -14.7061   14.2809   -4.2796  -13.9884   -7.4765
    6.3489   -0.8736   -4.6594   27.7504    1.2890  -36.3959
eta,q 0.97054 13.26135
  0.0302  0.0299  0.0299  0.0300  0.0300  0.0302  0.0301  0.0304  0.0297  0.0300  0.0297  0.0297
  0.0298  0.0296  0.0296  0.0297  0.0297  0.0298  0.0298  0.0299  0.0296  0.0297  0.0296  0.0296
  0.0295  0.0295  0.0295  0.0295  0.0295  0.0296  0.0295  0.0295  0.0295  0.0295  0.0295  0.0295
  0.0295  0.0295  0.0295  0.0295  0.0295  0.0295  0.0295  0.0295  0.0295  0.0295  0.0295  0.0295
  0.0295  0.0295  0.0295  0.0295  0.0295  0.0295  0.0295  0.0296  0.0295  0.0295  0.0295  0.0295
  0.0298  0.0297  0.0296  0.0297  0.0297  0.0298  0.0297  0.0299  0.0296  0.0297  0.0296  0.0296
  0.0302  0.0299  0.0299  0.0300  0.0300  0.0302  0.0301  0.0304  0.0297  0.0300  0.0297  0.0298
niter,ni,del,rscale     3    3    5.0000    0.6000
parameters
   -2.3103  -14.7188   14.2611   -4.2355  -14.0678   -7.4126
    6.3655   -0.9117   -4.6654   27.7884    1.2741  -36.4813
eta,q 0.97054 13.26177
  0.0300  0.0298  0.0297  0.0298  0.0298  0.0300  0.0299  0.0301  0.0297  0.0299  0.0296  0.0297
  0.0297  0.0296  0.0296  0.0297  0.0296  0.0297  0.0297  0.0297  0.0295  0.0296  0.0295  0.0295
  0.0295  0.0295  0.0295  0.0295  0.0295  0.0295  0.0295  0.0295  0.0295  0.0295  0.0295  0.0295
  0.0295  0.0295  0.0295  0.0295  0.0295  0.0295  0.0295  0.0295  0.0295  0.0295  0.0295  0.0295
  0.0295  0.0295  0.0295  0.0295  0.0295  0.0295  0.0295  0.0295  0.0295  0.0295  0.0295  0.0295
  0.0297  0.0296  0.0296  0.0296  0.0297  0.0297  0.0297  0.0298  0.0295  0.0296  0.0295  0.0296
  0.0300  0.0298  0.0298  0.0298  0.0299  0.0300  0.0299  0.0301  0.0297  0.0299  0.0297  0.0297
niter,ni,del,rscale     2    3    5.0000    0.5000
parameters
   -2.3041  -14.7288   14.2417   -4.1947  -14.1423   -7.3493
    6.3676   -0.9291   -4.6530   27.8176    1.2922  -36.5492
eta,q 0.97055 13.26192
  0.0298  0.0297  0.0296  0.0297  0.0297  0.0299  0.0298  0.0299  0.0296  0.0297  0.0296  0.0296
  0.0296  0.0295  0.0295  0.0296  0.0296  0.0297  0.0296  0.0297  0.0295  0.0296  0.0295  0.0295
  0.0295  0.0295  0.0295  0.0295  0.0295  0.0295  0.0295  0.0295  0.0295  0.0295  0.0295  0.0295
  0.0295  0.0295  0.0295  0.0295  0.0295  0.0295  0.0295  0.0295  0.0295  0.0295  0.0295  0.0295
  0.0295  0.0295  0.0295  0.0295  0.0295  0.0295  0.0295  0.0295  0.0295  0.0295  0.0295  0.0295
  0.0296  0.0296  0.0295  0.0296  0.0296  0.0296  0.0296  0.0297  0.0295  0.0296  0.0295  0.0295
  0.0298  0.0297  0.0297  0.0297  0.0297  0.0298  0.0298  0.0299  0.0296  0.0297  0.0296  0.0296
niter,ni,del,rscale     1    3    5.0000    0.4000
parameters
   -2.3045  -14.7320   14.2205   -4.1606  -14.2138   -7.2943
    6.3896   -0.9507   -4.6758   27.8395    1.2740  -36.6488
eta,q 0.97055 13.26145
  0.0297  0.0296  0.0296  0.0296  0.0296  0.0297  0.0297  0.0298  0.0295  0.0296  0.0295  0.0295
  0.0296  0.0295  0.0295  0.0295  0.0295  0.0296  0.0296  0.0296  0.0295  0.0295  0.0295  0.0295
  0.0295  0.0295  0.0295  0.0295  0.0295  0.0295  0.0295  0.0295  0.0295  0.0295  0.0295  0.0295
  0.0295  0.0295  0.0295  0.0295  0.0295  0.0295  0.0295  0.0295  0.0295  0.0295  0.0295  0.0295
  0.0295  0.0295  0.0295  0.0295  0.0295  0.0295  0.0295  0.0295  0.0295  0.0295  0.0295  0.0295
  0.0296  0.0295  0.0295  0.0295  0.0295  0.0296  0.0295  0.0296  0.0295  0.0295  0.0295  0.0295
  0.0297  0.0296  0.0296  0.0296  0.0296  0.0297  0.0297  0.0298  0.0295  0.0296  0.0295  0.0296
registration optimization eta report
parameter search radius
    0.8000    0.8000    0.8000    2.4000    2.4000    2.4000
    2.4000    2.4000    2.4000    2.4000    2.4000    2.4000
100000*second partial in parameter space
       38.       21.       20.        3.        3.        5.
        4.        5.        2.        3.        2.        2.
  0.0297  0.0296  0.0296  0.0296  0.0296  0.0297  0.0297  0.0298  0.0295  0.0296  0.0295  0.0295
  0.0296  0.0295  0.0295  0.0295  0.0295  0.0296  0.0296  0.0296  0.0295  0.0295  0.0295  0.0295
  0.0295  0.0295  0.0295  0.0295  0.0295  0.0295  0.0295  0.0295  0.0295  0.0295  0.0295  0.0295
  0.0295  0.0295  0.0295  0.0295  0.0295  0.0295  0.0295  0.0295  0.0295  0.0295  0.0295  0.0295
  0.0295  0.0295  0.0295  0.0295  0.0295  0.0295  0.0295  0.0295  0.0295  0.0295  0.0295  0.0295
  0.0296  0.0295  0.0295  0.0295  0.0295  0.0296  0.0295  0.0296  0.0295  0.0295  0.0295  0.0295
  0.0297  0.0296  0.0296  0.0296  0.0296  0.0297  0.0297  0.0298  0.0295  0.0296  0.0295  0.0296
   -2.3045  -14.7320   14.2205   -4.1606  -14.2138   -7.2943
    6.3896   -0.9507   -4.6758   27.8395    1.2740  -36.6488
eta,q 0.97055 13.26145

---------------------------------------------------------------------
compute_vox2vox talsrcimg talsrcimg_to_711-2C_as_mni_average_305_t4 /opt/freesurfer/average/711-2C_as_mni_average_305
---------------------------------------------------------------------

freesurfer compute_vox2vox.c
Reading: talsrcimg.4dfp.ifh
Reading: talsrcimg_to_711-2C_as_mni_average_305_t4
Reading: /opt/freesurfer/average/711-2C_as_mni_average_305.4dfp.ifh
Writing: talsrcimg_to_711-2C_as_mni_average_305_t4_vox2vox.txt

start time Sun Mar 8 12:46:02 CET 2026
end		time Sun Mar 8 12:47:27 CET 2026

mpr2mni305 success

avi2talxfm orig_nu.mgz /opt/freesurfer/average/mni305.cor.mgz talsrcimg_to_711-2C_as_mni_average_305_t4_vox2vox.txt transforms/talairach.auto.xfm
avi2talxfm done
mv -f /out/sourcedata/freesurfer/sub-v1s12x0050136_ses-1/mri/talsrcimg_to_711-2C_as_mni_average_305_t4_vox2vox.txt /out/sourcedata/freesurfer/sub-v1s12x0050136_ses-1/mri/transforms/talsrcimg_to_711-2C_as_mni_average_305_t4_vox2vox.txt
lta_convert --src orig_nu.mgz --trg /opt/freesurfer/average/mni305.cor.mgz --inxfm transforms/talairach.auto.xfm --outlta transforms/talairach.auto.xfm.lta --subject fsaverage
7.3.2

--src: orig_nu.mgz src image (geometry).
--trg: /opt/freesurfer/average/mni305.cor.mgz trg image (geometry).
--inmni: transforms/talairach.auto.xfm input MNI/XFM transform.
--outlta: transforms/talairach.auto.xfm.lta output LTA.
--s: fsaverage subject name
 LTA read, type : 1
 1.03986   0.03007  -0.06461  -6.52732;
 0.00719   0.95624   0.40798  -0.12001;
 0.05434  -0.30868   1.02977   38.81914;
 0.00000   0.00000   0.00000   1.00000;
setting subject to fsaverage
Writing  LTA to file transforms/talairach.auto.xfm.lta...
lta_convert successful.
 
 
Started at Sun Mar 8 12:46:01 CET 2026
Ended   at Sun Mar  8 12:47:27 CET 2026
talairach_avi done
