status file for recon-all
Sun Mar  8 15:08:46 CET 2026
#@# Tessellate rh Sun Mar  8 15:08:46 CET 2026
#@# Smooth1 rh Sun Mar  8 15:08:51 CET 2026
#@# Inflation1 rh Sun Mar  8 15:08:54 CET 2026
#@# QSphere rh Sun Mar  8 15:09:09 CET 2026
#@# Fix Topology rh Sun Mar  8 15:10:42 CET 2026
#@# Smooth2 rh Sun Mar  8 15:17:30 CET 2026
#@# Inflation2 rh Sun Mar  8 15:17:33 CET 2026
#@# Curv .H and .K rh Sun Mar  8 15:17:49 CET 2026
#@# Sphere rh Sun Mar  8 15:18:39 CET 2026
#@# Surf Reg rh Sun Mar  8 15:22:58 CET 2026
#@# Jacobian white rh Sun Mar  8 15:28:13 CET 2026
#@# AvgCurv rh Sun Mar  8 15:28:15 CET 2026
#@# Cortical Parc rh Sun Mar  8 15:28:16 CET 2026
#@# white curv rh Sun Mar  8 15:35:03 CET 2026
#@# white area rh Sun Mar  8 15:35:06 CET 2026
#@# pial curv rh Sun Mar  8 15:35:07 CET 2026
#@# pial area rh Sun Mar  8 15:35:09 CET 2026
#@# thickness rh Sun Mar  8 15:35:10 CET 2026
#@# area and vertex vol rh Sun Mar  8 15:35:44 CET 2026
#@# Curvature Stats rh Sun Mar  8 15:35:46 CET 2026
#@# Cortical Parc 2 rh Sun Mar  8 15:35:49 CET 2026
#@# Cortical Parc 3 rh Sun Mar  8 15:36:04 CET 2026
#@# WM/GM Contrast rh Sun Mar  8 15:36:15 CET 2026
recon-all -s sub-v1s12x0050116_ses-1 finished without error at Sun Mar  8 15:36:18 CET 2026



#New# invocation of recon-all 



status file for recon-all
Sun Mar  8 15:44:14 CET 2026
#@# white curv rh Sun Mar  8 15:44:15 CET 2026
#@# white area rh Sun Mar  8 15:44:15 CET 2026
#@# pial curv rh Sun Mar  8 15:44:15 CET 2026
#@# pial area rh Sun Mar  8 15:44:15 CET 2026
#@# thickness rh Sun Mar  8 15:44:15 CET 2026
#@# area and vertex vol rh Sun Mar  8 15:44:15 CET 2026
#@# Parcellation Stats rh Sun Mar  8 15:44:15 CET 2026
#@# Parcellation Stats 2 rh Sun Mar  8 15:44:35 CET 2026
#@# Parcellation Stats 3 rh Sun Mar  8 15:44:46 CET 2026
#@# BA_exvivo Labels rh Sun Mar  8 15:44:56 CET 2026
recon-all -s sub-v1s12x0050116_ses-1 finished without error at Sun Mar  8 15:47:58 CET 2026
