status file for recon-all
Sun Mar  8 12:42:53 CET 2026
#@# MotionCor Sun Mar  8 12:42:55 CET 2026
#@# Talairach Sun Mar  8 12:43:02 CET 2026
#@# Talairach Failure Detection Sun Mar  8 12:47:25 CET 2026
#@# Nu Intensity Correction Sun Mar  8 12:47:25 CET 2026
#@# Intensity Normalization Sun Mar  8 12:50:42 CET 2026
recon-all -s sub-v1s12x0050116_ses-1 finished without error at Sun Mar  8 12:52:08 CET 2026



#New# invocation of recon-all 



status file for recon-all
Sun Mar  8 12:58:36 CET 2026
#@# EM Registration Sun Mar  8 12:58:36 CET 2026
recon-all -s sub-v1s12x0050116_ses-1 finished without error at Sun Mar  8 13:00:34 CET 2026



#New# invocation of recon-all 



status file for recon-all
Sun Mar  8 13:00:37 CET 2026
#@# CA Normalize Sun Mar  8 13:00:37 CET 2026
#@# CA Reg Sun Mar  8 13:01:58 CET 2026
#@# SubCort Seg Sun Mar  8 13:58:28 CET 2026
#@# CC Seg Sun Mar  8 14:28:12 CET 2026
#@# Merge ASeg Sun Mar  8 14:28:56 CET 2026
#@# Intensity Normalization2 Sun Mar  8 14:28:56 CET 2026
#@# Mask BFS Sun Mar  8 14:31:06 CET 2026
#@# WM Segmentation Sun Mar  8 14:31:07 CET 2026
#@# Fill Sun Mar  8 14:33:09 CET 2026
recon-all -s sub-v1s12x0050116_ses-1 finished without error at Sun Mar  8 14:34:09 CET 2026



#New# invocation of recon-all 



status file for recon-all
Sun Mar  8 15:36:22 CET 2026
#@# white curv lh Sun Mar  8 15:36:22 CET 2026
#@# white area lh Sun Mar  8 15:36:22 CET 2026
#@# pial curv lh Sun Mar  8 15:36:22 CET 2026
#@# pial area lh Sun Mar  8 15:36:22 CET 2026
#@# thickness lh Sun Mar  8 15:36:22 CET 2026
#@# area and vertex vol lh Sun Mar  8 15:36:22 CET 2026
#@# white curv rh Sun Mar  8 15:36:22 CET 2026
#@# white area rh Sun Mar  8 15:36:22 CET 2026
#@# pial curv rh Sun Mar  8 15:36:22 CET 2026
#@# pial area rh Sun Mar  8 15:36:22 CET 2026
#@# thickness rh Sun Mar  8 15:36:22 CET 2026
#@# area and vertex vol rh Sun Mar  8 15:36:22 CET 2026
#@# Cortical ribbon mask Sun Mar  8 15:36:22 CET 2026
recon-all -s sub-v1s12x0050116_ses-1 finished without error at Sun Mar  8 15:40:24 CET 2026



#New# invocation of recon-all 



status file for recon-all
Sun Mar  8 15:48:04 CET 2026
#@# white curv lh Sun Mar  8 15:48:04 CET 2026
#@# white area lh Sun Mar  8 15:48:04 CET 2026
#@# pial curv lh Sun Mar  8 15:48:04 CET 2026
#@# pial area lh Sun Mar  8 15:48:04 CET 2026
#@# thickness lh Sun Mar  8 15:48:04 CET 2026
#@# area and vertex vol lh Sun Mar  8 15:48:04 CET 2026
#@# white curv rh Sun Mar  8 15:48:04 CET 2026
#@# white area rh Sun Mar  8 15:48:04 CET 2026
#@# pial curv rh Sun Mar  8 15:48:04 CET 2026
#@# pial area rh Sun Mar  8 15:48:04 CET 2026
#@# thickness rh Sun Mar  8 15:48:04 CET 2026
#@# area and vertex vol rh Sun Mar  8 15:48:04 CET 2026
#@# Curvature Stats lh Sun Mar  8 15:48:04 CET 2026
#@# Curvature Stats rh Sun Mar  8 15:48:07 CET 2026
#@# Relabel Hypointensities Sun Mar  8 15:48:10 CET 2026
#@# APas-to-ASeg Sun Mar  8 15:48:27 CET 2026
#@# AParc-to-ASeg aparc Sun Mar  8 15:48:35 CET 2026
#@# AParc-to-ASeg aparc.a2009s Sun Mar  8 15:49:16 CET 2026
#@# AParc-to-ASeg aparc.DKTatlas Sun Mar  8 15:49:58 CET 2026
#@# WMParc Sun Mar  8 15:50:39 CET 2026
#@# ASeg Stats Sun Mar  8 15:55:32 CET 2026
recon-all -s sub-v1s12x0050116_ses-1 finished without error at Sun Mar  8 15:56:15 CET 2026
