status file for recon-all
Sun Mar  8 14:34:14 CET 2026
#@# Tessellate lh Sun Mar  8 14:34:14 CET 2026
#@# Smooth1 lh Sun Mar  8 14:34:18 CET 2026
#@# Inflation1 lh Sun Mar  8 14:34:21 CET 2026
#@# QSphere lh Sun Mar  8 14:34:35 CET 2026
#@# Fix Topology lh Sun Mar  8 14:35:59 CET 2026
#@# Smooth2 lh Sun Mar  8 14:45:59 CET 2026
#@# Inflation2 lh Sun Mar  8 14:46:02 CET 2026
#@# Curv .H and .K lh Sun Mar  8 14:46:17 CET 2026
#@# Sphere lh Sun Mar  8 14:47:06 CET 2026
#@# Surf Reg lh Sun Mar  8 14:53:16 CET 2026
#@# Jacobian white lh Sun Mar  8 15:00:51 CET 2026
#@# AvgCurv lh Sun Mar  8 15:00:52 CET 2026
#@# Cortical Parc lh Sun Mar  8 15:00:53 CET 2026
#@# white curv lh Sun Mar  8 15:07:33 CET 2026
#@# white area lh Sun Mar  8 15:07:35 CET 2026
#@# pial curv lh Sun Mar  8 15:07:36 CET 2026
#@# pial area lh Sun Mar  8 15:07:38 CET 2026
#@# thickness lh Sun Mar  8 15:07:39 CET 2026
#@# area and vertex vol lh Sun Mar  8 15:08:10 CET 2026
#@# Curvature Stats lh Sun Mar  8 15:08:11 CET 2026
#@# Cortical Parc 2 lh Sun Mar  8 15:08:14 CET 2026
#@# Cortical Parc 3 lh Sun Mar  8 15:08:30 CET 2026
#@# WM/GM Contrast lh Sun Mar  8 15:08:40 CET 2026
recon-all -s sub-v1s12x0050116_ses-1 finished without error at Sun Mar  8 15:08:43 CET 2026



#New# invocation of recon-all 



status file for recon-all
Sun Mar  8 15:40:28 CET 2026
#@# white curv lh Sun Mar  8 15:40:28 CET 2026
#@# white area lh Sun Mar  8 15:40:28 CET 2026
#@# pial curv lh Sun Mar  8 15:40:28 CET 2026
#@# pial area lh Sun Mar  8 15:40:28 CET 2026
#@# thickness lh Sun Mar  8 15:40:28 CET 2026
#@# area and vertex vol lh Sun Mar  8 15:40:29 CET 2026
#@# Parcellation Stats lh Sun Mar  8 15:40:29 CET 2026
#@# Parcellation Stats 2 lh Sun Mar  8 15:40:49 CET 2026
#@# Parcellation Stats 3 lh Sun Mar  8 15:40:59 CET 2026
#@# BA_exvivo Labels lh Sun Mar  8 15:41:09 CET 2026
recon-all -s sub-v1s12x0050116_ses-1 finished without error at Sun Mar  8 15:44:12 CET 2026
