status file for recon-all
Sun Mar  8 15:02:15 CET 2026
#@# Tessellate rh Sun Mar  8 15:02:15 CET 2026
#@# Smooth1 rh Sun Mar  8 15:02:18 CET 2026
#@# Inflation1 rh Sun Mar  8 15:02:21 CET 2026
#@# QSphere rh Sun Mar  8 15:02:33 CET 2026
#@# Fix Topology rh Sun Mar  8 15:03:33 CET 2026
#@# Smooth2 rh Sun Mar  8 15:09:52 CET 2026
#@# Inflation2 rh Sun Mar  8 15:09:55 CET 2026
#@# Curv .H and .K rh Sun Mar  8 15:10:08 CET 2026
#@# Sphere rh Sun Mar  8 15:10:52 CET 2026
#@# Surf Reg rh Sun Mar  8 15:14:06 CET 2026
#@# Jacobian white rh Sun Mar  8 15:18:27 CET 2026
#@# AvgCurv rh Sun Mar  8 15:18:28 CET 2026
#@# Cortical Parc rh Sun Mar  8 15:18:29 CET 2026
#@# white curv rh Sun Mar  8 15:24:14 CET 2026
#@# white area rh Sun Mar  8 15:24:15 CET 2026
#@# pial curv rh Sun Mar  8 15:24:16 CET 2026
#@# pial area rh Sun Mar  8 15:24:17 CET 2026
#@# thickness rh Sun Mar  8 15:24:18 CET 2026
#@# area and vertex vol rh Sun Mar  8 15:24:45 CET 2026
#@# Curvature Stats rh Sun Mar  8 15:24:47 CET 2026
#@# Cortical Parc 2 rh Sun Mar  8 15:24:49 CET 2026
#@# Cortical Parc 3 rh Sun Mar  8 15:25:01 CET 2026
#@# WM/GM Contrast rh Sun Mar  8 15:25:11 CET 2026
recon-all -s sub-v1s12x0050127_ses-1 finished without error at Sun Mar  8 15:25:14 CET 2026



#New# invocation of recon-all 



status file for recon-all
Sun Mar  8 15:33:37 CET 2026
#@# white curv rh Sun Mar  8 15:33:37 CET 2026
#@# white area rh Sun Mar  8 15:33:37 CET 2026
#@# pial curv rh Sun Mar  8 15:33:37 CET 2026
#@# pial area rh Sun Mar  8 15:33:37 CET 2026
#@# thickness rh Sun Mar  8 15:33:37 CET 2026
#@# area and vertex vol rh Sun Mar  8 15:33:37 CET 2026
#@# Parcellation Stats rh Sun Mar  8 15:33:37 CET 2026
#@# Parcellation Stats 2 rh Sun Mar  8 15:33:54 CET 2026
#@# Parcellation Stats 3 rh Sun Mar  8 15:34:03 CET 2026
#@# BA_exvivo Labels rh Sun Mar  8 15:34:12 CET 2026
recon-all -s sub-v1s12x0050127_ses-1 finished without error at Sun Mar  8 15:36:35 CET 2026
