status file for recon-all
Sun Mar  8 14:15:59 CET 2026
#@# Tessellate lh Sun Mar  8 14:15:59 CET 2026
#@# Smooth1 lh Sun Mar  8 14:16:03 CET 2026
#@# Inflation1 lh Sun Mar  8 14:16:05 CET 2026
#@# QSphere lh Sun Mar  8 14:16:14 CET 2026
#@# Fix Topology lh Sun Mar  8 14:17:04 CET 2026
#@# Smooth2 lh Sun Mar  8 14:23:12 CET 2026
#@# Inflation2 lh Sun Mar  8 14:23:14 CET 2026
#@# Curv .H and .K lh Sun Mar  8 14:23:23 CET 2026
#@# Sphere lh Sun Mar  8 14:24:07 CET 2026
#@# Surf Reg lh Sun Mar  8 14:25:32 CET 2026
#@# Jacobian white lh Sun Mar  8 14:28:12 CET 2026
#@# AvgCurv lh Sun Mar  8 14:28:13 CET 2026
#@# Cortical Parc lh Sun Mar  8 14:28:14 CET 2026
#@# white curv lh Sun Mar  8 14:32:58 CET 2026
#@# white area lh Sun Mar  8 14:33:00 CET 2026
#@# pial curv lh Sun Mar  8 14:33:00 CET 2026
#@# pial area lh Sun Mar  8 14:33:02 CET 2026
#@# thickness lh Sun Mar  8 14:33:02 CET 2026
#@# area and vertex vol lh Sun Mar  8 14:33:28 CET 2026
#@# Curvature Stats lh Sun Mar  8 14:33:29 CET 2026
#@# Cortical Parc 2 lh Sun Mar  8 14:33:31 CET 2026
#@# Cortical Parc 3 lh Sun Mar  8 14:33:43 CET 2026
#@# WM/GM Contrast lh Sun Mar  8 14:33:52 CET 2026
recon-all -s sub-v1s12x0050125_ses-1 finished without error at Sun Mar  8 14:33:54 CET 2026



#New# invocation of recon-all 



status file for recon-all
Sun Mar  8 14:56:37 CET 2026
#@# white curv lh Sun Mar  8 14:56:37 CET 2026
#@# white area lh Sun Mar  8 14:56:37 CET 2026
#@# pial curv lh Sun Mar  8 14:56:37 CET 2026
#@# pial area lh Sun Mar  8 14:56:37 CET 2026
#@# thickness lh Sun Mar  8 14:56:37 CET 2026
#@# area and vertex vol lh Sun Mar  8 14:56:37 CET 2026
#@# Parcellation Stats lh Sun Mar  8 14:56:38 CET 2026
#@# Parcellation Stats 2 lh Sun Mar  8 14:56:53 CET 2026
#@# Parcellation Stats 3 lh Sun Mar  8 14:57:01 CET 2026
#@# BA_exvivo Labels lh Sun Mar  8 14:57:08 CET 2026
recon-all -s sub-v1s12x0050125_ses-1 finished without error at Sun Mar  8 14:59:16 CET 2026
