status file for recon-all
Sun Mar  8 12:42:58 CET 2026
#@# MotionCor Sun Mar  8 12:43:00 CET 2026
#@# Talairach Sun Mar  8 12:43:07 CET 2026
#@# Talairach Failure Detection Sun Mar  8 12:48:06 CET 2026
#@# Nu Intensity Correction Sun Mar  8 12:48:06 CET 2026
#@# Intensity Normalization Sun Mar  8 12:51:28 CET 2026
recon-all -s sub-v1s12x0050117_ses-1 finished without error at Sun Mar  8 12:52:54 CET 2026



#New# invocation of recon-all 



status file for recon-all
Sun Mar  8 12:59:22 CET 2026
#@# EM Registration Sun Mar  8 12:59:22 CET 2026
recon-all -s sub-v1s12x0050117_ses-1 finished without error at Sun Mar  8 13:01:09 CET 2026



#New# invocation of recon-all 



status file for recon-all
Sun Mar  8 13:01:13 CET 2026
#@# CA Normalize Sun Mar  8 13:01:13 CET 2026
#@# CA Reg Sun Mar  8 13:02:34 CET 2026
#@# SubCort Seg Sun Mar  8 13:41:48 CET 2026
#@# CC Seg Sun Mar  8 14:10:09 CET 2026
#@# Merge ASeg Sun Mar  8 14:10:50 CET 2026
#@# Intensity Normalization2 Sun Mar  8 14:10:50 CET 2026
#@# Mask BFS Sun Mar  8 14:13:04 CET 2026
#@# WM Segmentation Sun Mar  8 14:13:05 CET 2026
#@# Fill Sun Mar  8 14:15:10 CET 2026
recon-all -s sub-v1s12x0050117_ses-1 finished without error at Sun Mar  8 14:16:21 CET 2026



#New# invocation of recon-all 



status file for recon-all
Sun Mar  8 14:54:40 CET 2026
#@# white curv lh Sun Mar  8 14:54:40 CET 2026
#@# white area lh Sun Mar  8 14:54:40 CET 2026
#@# pial curv lh Sun Mar  8 14:54:40 CET 2026
#@# pial area lh Sun Mar  8 14:54:40 CET 2026
#@# thickness lh Sun Mar  8 14:54:40 CET 2026
#@# area and vertex vol lh Sun Mar  8 14:54:40 CET 2026
#@# white curv rh Sun Mar  8 14:54:40 CET 2026
#@# white area rh Sun Mar  8 14:54:40 CET 2026
#@# pial curv rh Sun Mar  8 14:54:40 CET 2026
#@# pial area rh Sun Mar  8 14:54:40 CET 2026
#@# thickness rh Sun Mar  8 14:54:40 CET 2026
#@# area and vertex vol rh Sun Mar  8 14:54:40 CET 2026
#@# Cortical ribbon mask Sun Mar  8 14:54:40 CET 2026
recon-all -s sub-v1s12x0050117_ses-1 finished without error at Sun Mar  8 14:58:44 CET 2026



#New# invocation of recon-all 



status file for recon-all
Sun Mar  8 15:05:17 CET 2026
#@# white curv lh Sun Mar  8 15:05:17 CET 2026
#@# white area lh Sun Mar  8 15:05:18 CET 2026
#@# pial curv lh Sun Mar  8 15:05:18 CET 2026
#@# pial area lh Sun Mar  8 15:05:18 CET 2026
#@# thickness lh Sun Mar  8 15:05:18 CET 2026
#@# area and vertex vol lh Sun Mar  8 15:05:18 CET 2026
#@# white curv rh Sun Mar  8 15:05:18 CET 2026
#@# white area rh Sun Mar  8 15:05:18 CET 2026
#@# pial curv rh Sun Mar  8 15:05:18 CET 2026
#@# pial area rh Sun Mar  8 15:05:18 CET 2026
#@# thickness rh Sun Mar  8 15:05:18 CET 2026
#@# area and vertex vol rh Sun Mar  8 15:05:18 CET 2026
#@# Curvature Stats lh Sun Mar  8 15:05:18 CET 2026
#@# Curvature Stats rh Sun Mar  8 15:05:20 CET 2026
#@# Relabel Hypointensities Sun Mar  8 15:05:22 CET 2026
#@# APas-to-ASeg Sun Mar  8 15:05:39 CET 2026
#@# AParc-to-ASeg aparc Sun Mar  8 15:05:46 CET 2026
#@# AParc-to-ASeg aparc.a2009s Sun Mar  8 15:06:19 CET 2026
#@# AParc-to-ASeg aparc.DKTatlas Sun Mar  8 15:06:54 CET 2026
#@# WMParc Sun Mar  8 15:07:26 CET 2026
#@# ASeg Stats Sun Mar  8 15:12:11 CET 2026
recon-all -s sub-v1s12x0050117_ses-1 finished without error at Sun Mar  8 15:12:51 CET 2026
