status file for recon-all
Sun Mar  8 14:16:28 CET 2026
#@# Tessellate lh Sun Mar  8 14:16:28 CET 2026
#@# Smooth1 lh Sun Mar  8 14:16:32 CET 2026
#@# Inflation1 lh Sun Mar  8 14:16:34 CET 2026
#@# QSphere lh Sun Mar  8 14:16:46 CET 2026
#@# Fix Topology lh Sun Mar  8 14:17:58 CET 2026
#@# Smooth2 lh Sun Mar  8 14:22:52 CET 2026
#@# Inflation2 lh Sun Mar  8 14:22:55 CET 2026
#@# Curv .H and .K lh Sun Mar  8 14:23:07 CET 2026
#@# Sphere lh Sun Mar  8 14:23:52 CET 2026
#@# Surf Reg lh Sun Mar  8 14:26:01 CET 2026
#@# Jacobian white lh Sun Mar  8 14:28:55 CET 2026
#@# AvgCurv lh Sun Mar  8 14:28:55 CET 2026
#@# Cortical Parc lh Sun Mar  8 14:28:56 CET 2026
#@# white curv lh Sun Mar  8 14:34:21 CET 2026
#@# white area lh Sun Mar  8 14:34:22 CET 2026
#@# pial curv lh Sun Mar  8 14:34:23 CET 2026
#@# pial area lh Sun Mar  8 14:34:25 CET 2026
#@# thickness lh Sun Mar  8 14:34:25 CET 2026
#@# area and vertex vol lh Sun Mar  8 14:34:54 CET 2026
#@# Curvature Stats lh Sun Mar  8 14:34:56 CET 2026
#@# Cortical Parc 2 lh Sun Mar  8 14:34:58 CET 2026
#@# Cortical Parc 3 lh Sun Mar  8 14:35:10 CET 2026
#@# WM/GM Contrast lh Sun Mar  8 14:35:20 CET 2026
recon-all -s sub-v1s12x0050117_ses-1 finished without error at Sun Mar  8 14:35:23 CET 2026



#New# invocation of recon-all 



status file for recon-all
Sun Mar  8 14:58:48 CET 2026
#@# white curv lh Sun Mar  8 14:58:48 CET 2026
#@# white area lh Sun Mar  8 14:58:48 CET 2026
#@# pial curv lh Sun Mar  8 14:58:48 CET 2026
#@# pial area lh Sun Mar  8 14:58:48 CET 2026
#@# thickness lh Sun Mar  8 14:58:48 CET 2026
#@# area and vertex vol lh Sun Mar  8 14:58:48 CET 2026
#@# Parcellation Stats lh Sun Mar  8 14:58:48 CET 2026
#@# Parcellation Stats 2 lh Sun Mar  8 14:59:05 CET 2026
#@# Parcellation Stats 3 lh Sun Mar  8 14:59:15 CET 2026
#@# BA_exvivo Labels lh Sun Mar  8 14:59:23 CET 2026
recon-all -s sub-v1s12x0050117_ses-1 finished without error at Sun Mar  8 15:01:59 CET 2026
