status file for recon-all
Sun Mar  8 14:09:47 CET 2026
#@# Tessellate lh Sun Mar  8 14:09:47 CET 2026
#@# Smooth1 lh Sun Mar  8 14:09:51 CET 2026
#@# Inflation1 lh Sun Mar  8 14:09:53 CET 2026
#@# QSphere lh Sun Mar  8 14:10:02 CET 2026
#@# Fix Topology lh Sun Mar  8 14:10:56 CET 2026
#@# Smooth2 lh Sun Mar  8 14:16:33 CET 2026
#@# Inflation2 lh Sun Mar  8 14:16:36 CET 2026
#@# Curv .H and .K lh Sun Mar  8 14:16:46 CET 2026
#@# Sphere lh Sun Mar  8 14:17:29 CET 2026
#@# Surf Reg lh Sun Mar  8 14:19:01 CET 2026
#@# Jacobian white lh Sun Mar  8 14:21:21 CET 2026
#@# AvgCurv lh Sun Mar  8 14:21:22 CET 2026
#@# Cortical Parc lh Sun Mar  8 14:21:23 CET 2026
#@# white curv lh Sun Mar  8 14:26:30 CET 2026
#@# white area lh Sun Mar  8 14:26:32 CET 2026
#@# pial curv lh Sun Mar  8 14:26:32 CET 2026
#@# pial area lh Sun Mar  8 14:26:34 CET 2026
#@# thickness lh Sun Mar  8 14:26:34 CET 2026
#@# area and vertex vol lh Sun Mar  8 14:27:02 CET 2026
#@# Curvature Stats lh Sun Mar  8 14:27:03 CET 2026
#@# Cortical Parc 2 lh Sun Mar  8 14:27:06 CET 2026
#@# Cortical Parc 3 lh Sun Mar  8 14:27:18 CET 2026
#@# WM/GM Contrast lh Sun Mar  8 14:27:26 CET 2026
recon-all -s sub-v1s12x0050128_ses-1 finished without error at Sun Mar  8 14:27:29 CET 2026



#New# invocation of recon-all 



status file for recon-all
Sun Mar  8 14:50:16 CET 2026
#@# white curv lh Sun Mar  8 14:50:16 CET 2026
#@# white area lh Sun Mar  8 14:50:16 CET 2026
#@# pial curv lh Sun Mar  8 14:50:16 CET 2026
#@# pial area lh Sun Mar  8 14:50:16 CET 2026
#@# thickness lh Sun Mar  8 14:50:16 CET 2026
#@# area and vertex vol lh Sun Mar  8 14:50:16 CET 2026
#@# Parcellation Stats lh Sun Mar  8 14:50:16 CET 2026
#@# Parcellation Stats 2 lh Sun Mar  8 14:50:33 CET 2026
#@# Parcellation Stats 3 lh Sun Mar  8 14:50:41 CET 2026
#@# BA_exvivo Labels lh Sun Mar  8 14:50:49 CET 2026
recon-all -s sub-v1s12x0050128_ses-1 finished without error at Sun Mar  8 14:53:02 CET 2026
