/out/sourcedata/freesurfer/sub-v1s12x0050102_ses-1/mri
/opt/freesurfer/bin/talairach_avi
--i orig_nu.mgz --xfm transforms/talairach.auto.xfm
talairach_avi 7.3.2
Linux dna063 5.14.0-427.37.1.el9_4.x86_64 #1 SMP PREEMPT_DYNAMIC Fri Sep 13 12:41:50 EDT 2024 x86_64 x86_64 x86_64 GNU/Linux
Thu Mar 12 11:08:09 CET 2026
mri_convert orig_nu.mgz talsrcimg.img 
reading from orig_nu.mgz...
TR=0.00, TE=0.00, TI=0.00, flip angle=0.00
i_ras = (-1, 0, 0)
j_ras = (0, 0, -1)
k_ras = (0, 1, 0)
writing to talsrcimg.img...
Analyze Output Matrix
-1.00000   0.00000   0.00000   126.36804;
 0.00000   0.00000   1.00000  -114.19855;
 0.00000  -1.00000   0.00000   155.65012;
 0.00000   0.00000   0.00000   1.00000;
--------------------
INFO: set hdr.hist.orient to -1
mpr2mni305 talsrcimg
Thu Mar 12 11:08:09 CET 2026
/opt/freesurfer/bin/mpr2mni305 talsrcimg
mpr2mni305 7.3.2
target=711-2C_as_mni_average_305

---------------------------------------------------------------------
analyzeto4dfp talsrcimg -O0 -y
---------------------------------------------------------------------

freesurfer ifh2hdr.c
Thu Mar 12 11:08:09 2026
Writing: talsrcimg.4dfp.hdr
freesurfer analyzeto4dfp.c
Reading: talsrcimg.hdr
header size 348 bytes
hdr.dime.datatype	offset=70	value=2
hdr.dime.bitpix		offset=72	value=8
hdr.hist.orient		offset=252	value=-1
dimensionality     4
dimensions       256       256       256         1
Reading: talsrcimg.img
Writing: talsrcimg.4dfp.img
Writing: talsrcimg.4dfp.ifh
ifh2hdr talsrcimg -r0to212
ori=2

---------------------------------------------------------------------
gauss_4dfp talsrcimg 1.1
---------------------------------------------------------------------

freesurfer gauss_4dfp.c
Reading: talsrcimg.4dfp.img
Writing: talsrcimg_g11.4dfp.img
image dimensions 256 256 256 padded to 288 288 288
processing volume 1freesurfer ifh2hdr.c
Thu Mar 12 11:08:11 2026
Writing: talsrcimg_g11.4dfp.hdr

Writing: talsrcimg_g11.4dfp.ifh
including: talsrcimg.4dfp.img.rec in talsrcimg_g11.4dfp.img.rec

---------------------------------------------------------------------
imgreg_4dfp /opt/freesurfer/average/711-2C_as_mni_average_305 none talsrcimg_g11 none talsrcimg_to_711-2C_as_mni_average_305_t4 4355
---------------------------------------------------------------------

freesurfer imgreg_4dfp.c
/opt/freesurfer/average/711-2C_as_mni_average_305.4dfp.img
       256       256       256         1
  1.000000  1.000000  1.000000
orientation T byte_order littleendian
Reading image: /opt/freesurfer/average/711-2C_as_mni_average_305.4dfp.img
dimensions:      256       256       256
mmppix:       1.0000   -1.0000   -1.0000
center:     128.0000 -129.0000 -129.0000
talsrcimg_g11.4dfp.img
       256       256       256         1
  1.000000  1.000000  1.000000
orientation T byte_order littleendian
Reading image: talsrcimg_g11.4dfp.img
dimensions:      256       256       256
mmppix:       1.0000   -1.0000   -1.0000
center:     128.0000 -129.0000 -129.0000
t4_read: open error in t4_sub.f l:  41 t4_file(1:l)talsrcimg_to_711-2C_as_mni_average_305_t4 
t4_read: transform initialized to I4
rotation matrix determinant  1.000000
image alignment mode   4355 decimal     1103 hex
   -7.5000  -45.0000  -45.0000 9750.1045   18.1542
    0.0000  -45.0000  -45.000010177.9248   18.1337
    7.5000  -45.0000  -45.0000 9639.1660   18.1525
   -7.5000  -37.5000  -45.000010333.4365   18.1182
    0.0000  -37.5000  -45.000010790.6260   18.1042
    7.5000  -37.5000  -45.000010206.2998   18.1265
   -7.5000  -30.0000  -45.000011313.5381   18.0657
    0.0000  -30.0000  -45.000011833.2793   18.0584
    7.5000  -30.0000  -45.000011183.9580   18.0815
   -7.5000  -22.5000  -45.000012203.0654   18.0495
    0.0000  -22.5000  -45.000012767.8721   18.0419
    7.5000  -22.5000  -45.000012066.3047   18.0600
   -7.5000  -15.0000  -45.000013023.8262   18.0726
    0.0000  -15.0000  -45.000013638.7637   18.0588
    7.5000  -15.0000  -45.000012905.0000   18.0730
   -7.5000   -7.5000  -45.000013702.1416   18.1136
    0.0000   -7.5000  -45.000014360.1475   18.0937
    7.5000   -7.5000  -45.000013594.5371   18.1094
   -7.5000    0.0000  -45.000014204.0625   18.1430
    0.0000    0.0000  -45.000014878.4033   18.1225
    7.5000    0.0000  -45.000014062.0156   18.1412
   -7.5000    7.5000  -45.000013561.3027   18.1182
    0.0000    7.5000  -45.000014234.4482   18.1042
    7.5000    7.5000  -45.000013423.6338   18.1265
   -7.5000   15.0000  -45.000012791.2676   18.0657
    0.0000   15.0000  -45.000013457.7930   18.0584
    7.5000   15.0000  -45.000012651.8223   18.0815
   -7.5000   22.5000  -45.000011991.0469   18.0470
    0.0000   22.5000  -45.000012625.2910   18.0394
    7.5000   22.5000  -45.000011872.5254   18.0576
   -7.5000   30.0000  -45.000011071.9355   17.8318
    0.0000   30.0000  -45.000011627.8086   17.8181
    7.5000   30.0000  -45.000010954.4590   17.8322
   -7.5000   37.5000  -45.000010451.3936   17.8722
    0.0000   37.5000  -45.000010962.3408   17.8525
    7.5000   37.5000  -45.000010342.5869   17.8681
   -7.5000   45.0000  -45.0000 9415.3154   17.4673
    0.0000   45.0000  -45.0000 9888.8115   17.4474
    7.5000   45.0000  -45.0000 9322.4229   17.4653
   -7.5000  -45.0000  -37.500010105.8311   18.1476
    0.0000  -45.0000  -37.500010543.2568   18.1323
    7.5000  -45.0000  -37.5000 9979.7119   18.1638
   -7.5000  -37.5000  -37.500010687.6357   18.1264
    0.0000  -37.5000  -37.500011162.8467   18.1130
    7.5000  -37.5000  -37.500010558.0449   18.1386
   -7.5000  -30.0000  -37.500011701.0430   18.0828
    0.0000  -30.0000  -37.500012237.8105   18.0747
    7.5000  -30.0000  -37.500011557.2256   18.0940
   -7.5000  -22.5000  -37.500012638.8906   18.0596
    0.0000  -22.5000  -37.500013223.2637   18.0546
    7.5000  -22.5000  -37.500012479.2178   18.0712
   -7.5000  -15.0000  -37.500013441.6719   18.0688
    0.0000  -15.0000  -37.500014097.6455   18.0623
    7.5000  -15.0000  -37.500013319.7559   18.0840
   -7.5000   -7.5000  -37.500014131.1025   18.1020
    0.0000   -7.5000  -37.500014842.8135   18.0906
    7.5000   -7.5000  -37.500014035.5205   18.1209
   -7.5000    0.0000  -37.500014610.3574   18.1363
    0.0000    0.0000  -37.500015369.7520   18.1211
    7.5000    0.0000  -37.500014493.2490   18.1525
   -7.5000    7.5000  -37.500013998.5146   18.1264
    0.0000    7.5000  -37.500014744.9141   18.1130
    7.5000    7.5000  -37.500013875.5352   18.1386
   -7.5000   15.0000  -37.500013221.8564   18.0828
    0.0000   15.0000  -37.500013949.1699   18.0747
    7.5000   15.0000  -37.500013108.9170   18.0940
   -7.5000   22.5000  -37.500012373.6562   18.0572
    0.0000   22.5000  -37.500013050.6094   18.0521
    7.5000   22.5000  -37.500012282.9160   18.0687
   -7.5000   30.0000  -37.500011440.0391   17.8280
    0.0000   30.0000  -37.500012056.5381   17.8215
    7.5000   30.0000  -37.500011358.6709   17.8430
   -7.5000   37.5000  -37.500010810.9072   17.8608
    0.0000   37.5000  -37.500011378.7061   17.8496
    7.5000   37.5000  -37.500010735.4736   17.8794
   -7.5000   45.0000  -37.5000 9731.0107   17.4608
    0.0000   45.0000  -37.500010240.2646   17.4462
    7.5000   45.0000  -37.5000 9655.9346   17.4766
   -7.5000  -45.0000  -30.000010577.0566   18.9130
    0.0000  -45.0000  -30.000011056.0000   18.8968
    7.5000  -45.0000  -30.000010480.2764   18.9255
   -7.5000  -37.5000  -30.000011192.0508   18.9023
    0.0000  -37.5000  -30.000011700.2031   18.8865
    7.5000  -37.5000  -30.000011079.8535   18.9031
   -7.5000  -30.0000  -30.000012230.0127   18.8578
    0.0000  -30.0000  -30.000012785.2529   18.8493
    7.5000  -30.0000  -30.000012098.6309   18.8568
   -7.5000  -22.5000  -30.000013247.2285   18.8214
    0.0000  -22.5000  -30.000013861.1260   18.8196
    7.5000  -22.5000  -30.000013083.6611   18.8281
   -7.5000  -15.0000  -30.000014081.0615   18.8188
    0.0000  -15.0000  -30.000014781.5391   18.8172
    7.5000  -15.0000  -30.000013974.1172   18.8370
   -7.5000   -7.5000  -30.000014772.1357   18.8542
    0.0000   -7.5000  -30.000015560.8633   18.8457
    7.5000   -7.5000  -30.000014711.1436   18.8764
   -7.5000    0.0000  -30.000015258.4307   18.9012
    0.0000    0.0000  -30.000016109.9102   18.8849
    7.5000    0.0000  -30.000015204.5898   18.9137
   -7.5000    7.5000  -30.000014646.7910   18.9023
    0.0000    7.5000  -30.000015513.9346   18.8865
    7.5000    7.5000  -30.000014595.7559   18.9031
   -7.5000   15.0000  -30.000013841.4248   18.8578
    0.0000   15.0000  -30.000014676.2793   18.8493
    7.5000   15.0000  -30.000013819.1230   18.8568
   -7.5000   22.5000  -30.000012933.6504   18.8169
    0.0000   22.5000  -30.000013701.4951   18.8150
    7.5000   22.5000  -30.000012900.8594   18.8236
   -7.5000   30.0000  -30.000011974.1182   18.5698
    0.0000   30.0000  -30.000012684.5420   18.5682
    7.5000   30.0000  -30.000011939.1387   18.5877
   -7.5000   37.5000  -30.000011354.8076   18.6048
    0.0000   37.5000  -30.000011990.0713   18.5964
    7.5000   37.5000  -30.000011280.4277   18.6266
   -7.5000   45.0000  -30.000010239.1846   18.2100
    0.0000   45.0000  -30.000010818.2490   18.1946
    7.5000   45.0000  -30.000010153.4189   18.2227
   -7.5000  -45.0000  -22.500010989.7959   19.6214
    0.0000  -45.0000  -22.500011480.6982   19.5970
    7.5000  -45.0000  -22.500010889.2227   19.6078
   -7.5000  -37.5000  -22.500011642.2676   19.6019
    0.0000  -37.5000  -22.500012152.2402   19.5816
    7.5000  -37.5000  -22.500011509.6826   19.5852
   -7.5000  -30.0000  -22.500012695.3857   19.5433
    0.0000  -30.0000  -22.500013259.5303   19.5337
    7.5000  -30.0000  -22.500012548.2061   19.5339
   -7.5000  -22.5000  -22.500013742.7412   19.5015
    0.0000  -22.5000  -22.500014371.9883   19.4977
    7.5000  -22.5000  -22.500013569.5029   19.4999
   -7.5000  -15.0000  -22.500014695.5713   19.5050
    0.0000  -15.0000  -22.500015440.3682   19.4981
    7.5000  -15.0000  -22.500014582.9531   19.5071
   -7.5000   -7.5000  -22.500015405.6738   19.5540
    0.0000   -7.5000  -22.500016236.1143   19.5373
    7.5000   -7.5000  -22.500015361.5918   19.5515
   -7.5000    0.0000  -22.500015942.5205   19.6091
    0.0000    0.0000  -22.500016833.5020   19.5848
    7.5000    0.0000  -22.500015952.0576   19.5956
   -7.5000    7.5000  -22.500015268.0176   19.6019
    0.0000    7.5000  -22.500016193.0664   19.5816
    7.5000    7.5000  -22.500015285.2871   19.5852
   -7.5000   15.0000  -22.500014439.0742   19.5433
    0.0000   15.0000  -22.500015338.1816   19.5337
    7.5000   15.0000  -22.500014428.3301   19.5339
   -7.5000   22.5000  -22.500013504.1445   19.4955
    0.0000   22.5000  -22.500014350.4443   19.4917
    7.5000   22.5000  -22.500013453.1514   19.4939
   -7.5000   30.0000  -22.500012529.1504   19.2498
    0.0000   30.0000  -22.500013291.2754   19.2430
    7.5000   30.0000  -22.500012456.8486   19.2520
   -7.5000   37.5000  -22.500011920.4336   19.2983
    0.0000   37.5000  -22.500012602.6074   19.2817
    7.5000   37.5000  -22.500011784.5605   19.2958
   -7.5000   45.0000  -22.500010775.9883   18.9058
    0.0000   45.0000  -22.500011385.9961   18.8824
    7.5000   45.0000  -22.500010608.9238   18.8932
   -7.5000  -45.0000  -15.000011328.7725   20.1389
    0.0000  -45.0000  -15.000011818.3691   20.1082
    7.5000  -45.0000  -15.000011211.5781   20.1039
   -7.5000  -37.5000  -15.000011989.8232   20.1009
    0.0000  -37.5000  -15.000012524.5596   20.0792
    7.5000  -37.5000  -15.000011872.6592   20.0780
   -7.5000  -30.0000  -15.000013117.2285   20.0298
    0.0000  -30.0000  -15.000013698.1035   20.0199
    7.5000  -30.0000  -15.000012977.8193   20.0232
   -7.5000  -22.5000  -15.000014229.1533   19.9953
    0.0000  -22.5000  -15.000014891.1885   19.9868
    7.5000  -22.5000  -15.000014064.8994   19.9895
   -7.5000  -15.0000  -15.000015305.0146   20.0156
    0.0000  -15.0000  -15.000016120.8916   19.9988
    7.5000  -15.0000  -15.000015212.5586   19.9986
   -7.5000   -7.5000  -15.000016133.9131   20.0755
    0.0000   -7.5000  -15.000017019.7773   20.0483
    7.5000   -7.5000  -15.000016087.6680   20.0458
   -7.5000    0.0000  -15.000016706.5566   20.1263
    0.0000    0.0000  -15.000017583.8613   20.0956
    7.5000    0.0000  -15.000016659.2168   20.0914
   -7.5000    7.5000  -15.000016007.1914   20.1009
    0.0000    7.5000  -15.000016821.0371   20.0792
    7.5000    7.5000  -15.000015883.3066   20.0780
   -7.5000   15.0000  -15.000015141.0459   20.0298
    0.0000   15.0000  -15.000015903.3545   20.0199
    7.5000   15.0000  -15.000014944.9941   20.0232
   -7.5000   22.5000  -15.000014157.4570   19.9882
    0.0000   22.5000  -15.000014917.0889   19.9798
    7.5000   22.5000  -15.000013948.6396   19.9825
   -7.5000   30.0000  -15.000013081.1934   19.7565
    0.0000   30.0000  -15.000013786.2100   19.7400
    7.5000   30.0000  -15.000012878.3613   19.7398
   -7.5000   37.5000  -15.000012435.4336   19.8157
    0.0000   37.5000  -15.000013093.5859   19.7888
    7.5000   37.5000  -15.000012200.5889   19.7863
   -7.5000   45.0000  -15.000011200.2471   19.4162
    0.0000   45.0000  -15.000011793.6240   19.3864
    7.5000   45.0000  -15.000010964.8799   19.3824
   -7.5000  -45.0000   -7.500011623.1514   20.3499
    0.0000  -45.0000   -7.500012140.7949   20.3207
    7.5000  -45.0000   -7.500011536.8789   20.3215
   -7.5000  -37.5000   -7.500012331.7676   20.3034
    0.0000  -37.5000   -7.500012846.1348   20.2847
    7.5000  -37.5000   -7.500012245.1865   20.2935
   -7.5000  -30.0000   -7.500013531.9209   20.2343
    0.0000  -30.0000   -7.500014073.5801   20.2258
    7.5000  -30.0000   -7.500013413.9453   20.2410
   -7.5000  -22.5000   -7.500014755.7852   20.2118
    0.0000  -22.5000   -7.500015396.2295   20.2021
    7.5000  -22.5000   -7.500014560.1582   20.2128
   -7.5000  -15.0000   -7.500015955.3242   20.2418
    0.0000  -15.0000   -7.500016746.0469   20.2220
    7.5000  -15.0000   -7.500015746.3994   20.2249
   -7.5000   -7.5000   -7.500016852.2383   20.2982
    0.0000   -7.5000   -7.500017599.2676   20.2692
    7.5000   -7.5000   -7.500016603.2305   20.2684
   -7.5000    0.0000   -7.500017495.5430   20.3373
    0.0000    0.0000   -7.500018153.3555   20.3081
    7.5000    0.0000   -7.500017164.6641   20.3089
   -7.5000    7.5000   -7.500016775.8730   20.3034
    0.0000    7.5000   -7.500017420.5527   20.2847
    7.5000    7.5000   -7.500016390.2598   20.2935
   -7.5000   15.0000   -7.500015811.3145   20.2343
    0.0000   15.0000   -7.500016482.4863   20.2258
    7.5000   15.0000   -7.500015439.2949   20.2410
   -7.5000   22.5000   -7.500014726.4014   20.2024
    0.0000   22.5000   -7.500015417.3711   20.1927
    7.5000   22.5000   -7.500014398.3262   20.2035
   -7.5000   30.0000   -7.500013530.2061   19.9793
    0.0000   30.0000   -7.500014189.3809   19.9597
    7.5000   30.0000   -7.500013242.1816   19.9626
   -7.5000   37.5000   -7.500012828.9756   20.0350
    0.0000   37.5000   -7.500013444.3857   20.0064
    7.5000   37.5000   -7.500012549.5029   20.0056
   -7.5000   45.0000   -7.500011545.7041   19.6240
    0.0000   45.0000   -7.500012088.6406   19.5956
    7.5000   45.0000   -7.500011262.0898   19.5962
   -7.5000  -45.0000    0.000011797.1006   20.3150
    0.0000  -45.0000    0.000012303.7383   20.2921
    7.5000  -45.0000    0.000011747.1211   20.3131
   -7.5000  -37.5000    0.000012534.5938   20.2748
    0.0000  -37.5000    0.000013014.8242   20.2590
    7.5000  -37.5000    0.000012474.6084   20.2840
   -7.5000  -30.0000    0.000013753.1113   20.2160
    0.0000  -30.0000    0.000014256.3164   20.2078
    7.5000  -30.0000    0.000013668.2842   20.2337
   -7.5000  -22.5000    0.000015049.1865   20.1978
    0.0000  -22.5000    0.000015687.7178   20.1893
    7.5000  -22.5000    0.000014891.0439   20.2097
   -7.5000  -15.0000    0.000016272.4141   20.2238
    0.0000  -15.0000    0.000016987.0527   20.2083
    7.5000  -15.0000    0.000016052.7432   20.2242
   -7.5000   -7.5000    0.000017181.8262   20.2696
    0.0000   -7.5000    0.000017779.9883   20.2473
    7.5000   -7.5000    0.000016843.9004   20.2650
   -7.5000    0.0000    0.000017821.7324   20.3024
    0.0000    0.0000    0.000018417.8457   20.2795
    7.5000    0.0000    0.000017402.6836   20.3005
   -7.5000    7.5000    0.000017075.4922   20.2748
    0.0000    7.5000    0.000017706.3457   20.2590
    7.5000    7.5000    0.000016685.4824   20.2840
   -7.5000   15.0000    0.000016082.1895   20.2160
    0.0000   15.0000    0.000016751.4609   20.2078
    7.5000   15.0000    0.000015746.9775   20.2337
   -7.5000   22.5000    0.000014941.5654   20.1885
    0.0000   22.5000    0.000015626.4229   20.1800
    7.5000   22.5000    0.000014656.0645   20.2004
   -7.5000   30.0000    0.000013741.4043   19.9620
    0.0000   30.0000    0.000014368.0898   19.9467
    7.5000   30.0000    0.000013473.6035   19.9625
   -7.5000   37.5000    0.000012962.5596   20.0073
    0.0000   37.5000    0.000013557.7764   19.9853
    7.5000   37.5000    0.000012737.5576   20.0027
   -7.5000   45.0000    0.000011634.2549   19.5924
    0.0000   45.0000    0.000012134.1641   19.5701
    7.5000   45.0000    0.000011416.8428   19.5902
   -7.5000  -45.0000    7.500011039.3857   20.3077
    0.0000  -45.0000    7.500011520.6436   20.2906
    7.5000  -45.0000    7.500011021.0693   20.3258
   -7.5000  -37.5000    7.500011744.7988   20.2839
    0.0000  -37.5000    7.500012204.4434   20.2690
    7.5000  -37.5000    7.500011710.6113   20.2976
   -7.5000  -30.0000    7.500012908.7129   20.2351
    0.0000  -30.0000    7.500013408.6982   20.2261
    7.5000  -30.0000    7.500012843.1582   20.2477
   -7.5000  -22.5000    7.500014104.6426   20.2092
    0.0000  -22.5000    7.500014719.8955   20.2035
    7.5000  -22.5000    7.500014009.5723   20.2221
   -7.5000  -15.0000    7.500015182.5791   20.2194
    0.0000  -15.0000    7.500015812.8916   20.2121
    7.5000  -15.0000    7.500015016.5654   20.2364
   -7.5000   -7.5000    7.500015972.4932   20.2567
    0.0000   -7.5000    7.500016507.4629   20.2439
    7.5000   -7.5000    7.500015688.3447   20.2777
   -7.5000    0.0000    7.500016518.2695   20.2951
    0.0000    0.0000    7.500017127.7949   20.2780
    7.5000    0.0000    7.500016257.2393   20.3131
   -7.5000    7.5000    7.500015803.7002   20.2839
    0.0000    7.5000    7.500016445.7285   20.2690
    7.5000    7.5000    7.500015600.3701   20.2976
   -7.5000   15.0000    7.500014967.5664   20.2351
    0.0000   15.0000    7.500015577.9824   20.2261
    7.5000   15.0000    7.500014762.4766   20.2477
   -7.5000   22.5000    7.500013926.8057   20.1999
    0.0000   22.5000    7.500014493.3057   20.1942
    7.5000   22.5000    7.500013731.2451   20.2128
   -7.5000   30.0000    7.500012785.3291   19.9578
    0.0000   30.0000    7.500013331.4854   19.9506
    7.5000   30.0000    7.500012609.4766   19.9745
   -7.5000   37.5000    7.500012050.5176   19.9945
    0.0000   37.5000    7.500012582.5811   19.9819
    7.5000   37.5000    7.500011893.4785   20.0153
   -7.5000   45.0000    7.500010798.7490   19.5852
    0.0000   45.0000    7.500011242.4883   19.5688
    7.5000   45.0000    7.500010643.4824   19.6029
   -7.5000  -45.0000   15.000010307.8496   20.6178
    0.0000  -45.0000   15.000010771.8037   20.5988
    7.5000  -45.0000   15.000010272.6934   20.6294
   -7.5000  -37.5000   15.000010980.0557   20.6060
    0.0000  -37.5000   15.000011445.5820   20.5877
    7.5000  -37.5000   15.000010921.9775   20.6050
   -7.5000  -30.0000   15.000012062.6084   20.5577
    0.0000  -30.0000   15.000012588.2041   20.5475
    7.5000  -30.0000   15.000011994.3184   20.5548
   -7.5000  -22.5000   15.000013110.9561   20.5183
    0.0000  -22.5000   15.000013739.3398   20.5153
    7.5000  -22.5000   15.000013040.3613   20.5237
   -7.5000  -15.0000   15.000014042.5244   20.5154
    0.0000  -15.0000   15.000014614.1035   20.5127
    7.5000  -15.0000   15.000013909.8477   20.5334
   -7.5000   -7.5000   15.000014726.7393   20.5536
    0.0000   -7.5000   15.000015231.0234   20.5433
    7.5000   -7.5000   15.000014533.5723   20.5759
   -7.5000    0.0000   15.000015219.4121   20.6047
    0.0000    0.0000   15.000015769.1309   20.5858
    7.5000    0.0000   15.000015058.8066   20.6163
   -7.5000    7.5000   15.000014578.6016   20.6060
    0.0000    7.5000   15.000015118.9092   20.5877
    7.5000    7.5000   15.000014431.0176   20.6050
   -7.5000   15.0000   15.000013829.2109   20.5577
    0.0000   15.0000   15.000014342.5117   20.5475
    7.5000   15.0000   15.000013675.4932   20.5548
   -7.5000   22.5000   15.000012881.9570   20.5088
    0.0000   22.5000   15.000013370.5615   20.5059
    7.5000   22.5000   15.000012717.1855   20.5143
   -7.5000   30.0000   15.000011810.6426   20.2499
    0.0000   30.0000   15.000012311.5400   20.2472
    7.5000   30.0000   15.000011682.9365   20.2676
   -7.5000   37.5000   15.000011129.1133   20.2876
    0.0000   37.5000   15.000011616.3877   20.2774
    7.5000   37.5000   15.000011024.3359   20.3097
   -7.5000   45.0000   15.0000 9982.6211   19.8837
    0.0000   45.0000   15.000010407.7090   19.8657
    7.5000   45.0000   15.0000 9869.5391   19.8957
   -7.5000  -45.0000   22.5000 9542.9375   21.1441
    0.0000  -45.0000   22.500010014.6357   21.1155
    7.5000  -45.0000   22.5000 9486.0039   21.1263
   -7.5000  -37.5000   22.500010139.2119   21.1195
    0.0000  -37.5000   22.500010647.5459   21.0959
    7.5000  -37.5000   22.500010077.9668   21.0987
   -7.5000  -30.0000   22.500011139.5898   21.0521
    0.0000  -30.0000   22.500011718.8721   21.0405
    7.5000  -30.0000   22.500011087.2578   21.0395
   -7.5000  -22.5000   22.500012068.2246   21.0065
    0.0000  -22.5000   22.500012710.9092   21.0009
    7.5000  -22.5000   22.500012056.8174   21.0022
   -7.5000  -15.0000   22.500012886.3955   21.0131
    0.0000  -15.0000   22.500013438.9707   21.0035
    7.5000  -15.0000   22.500012810.0889   21.0123
   -7.5000   -7.5000   22.500013508.7383   21.0697
    0.0000   -7.5000   22.500014033.5332   21.0492
    7.5000   -7.5000   22.500013388.1367   21.0637
   -7.5000    0.0000   22.500013977.4238   21.1304
    0.0000    0.0000   22.500014513.3350   21.1018
    7.5000    0.0000   22.500013873.2305   21.1126
   -7.5000    7.5000   22.500013394.7705   21.1195
    0.0000    7.5000   22.500013890.1182   21.0959
    7.5000    7.5000   22.500013286.0225   21.0987
   -7.5000   15.0000   22.500012697.3467   21.0521
    0.0000   15.0000   22.500013169.8936   21.0405
    7.5000   15.0000   22.500012590.9336   21.0395
   -7.5000   22.5000   22.500011849.3320   20.9969
    0.0000   22.5000   22.500012311.1885   20.9912
    7.5000   22.5000   22.500011727.2900   20.9925
   -7.5000   30.0000   22.500010859.3340   20.7412
    0.0000   30.0000   22.500011336.6777   20.7317
    7.5000   30.0000   22.500010776.8750   20.7404
   -7.5000   37.5000   22.500010246.0225   20.7970
    0.0000   37.5000   22.500010704.7656   20.7767
    7.5000   37.5000   22.500010165.4502   20.7911
   -7.5000   45.0000   22.5000 9210.0479   20.3910
    0.0000   45.0000   22.5000 9612.2324   20.3636
    7.5000   45.0000   22.5000 9122.9697   20.3744
   -7.5000  -45.0000   30.0000 8712.8057   21.8160
    0.0000  -45.0000   30.0000 9153.4141   21.7752
    7.5000  -45.0000   30.0000 8672.6064   21.7749
   -7.5000  -37.5000   30.0000 9260.4072   21.7693
    0.0000  -37.5000   30.0000 9763.2500   21.7404
    7.5000  -37.5000   30.0000 9237.6592   21.7420
   -7.5000  -30.0000   30.000010190.8193   21.6910
    0.0000  -30.0000   30.000010765.0117   21.6763
    7.5000  -30.0000   30.000010184.5371   21.6810
   -7.5000  -22.5000   30.000011025.0244   21.6587
    0.0000  -22.5000   30.000011639.6973   21.6450
    7.5000  -22.5000   30.000011043.9707   21.6484
   -7.5000  -15.0000   30.000011760.3145   21.6857
    0.0000  -15.0000   30.000012306.3691   21.6611
    7.5000  -15.0000   30.000011708.5410   21.6625
   -7.5000   -7.5000   30.000012325.0186   21.7502
    0.0000   -7.5000   30.000012861.0479   21.7128
    7.5000   -7.5000   30.000012243.6328   21.7136
   -7.5000    0.0000   30.000012752.7852   21.8014
    0.0000    0.0000   30.000013283.3320   21.7607
    7.5000    0.0000   30.000012665.3721   21.7604
   -7.5000    7.5000   30.000012231.7148   21.7693
    0.0000    7.5000   30.000012705.9385   21.7404
    7.5000    7.5000   30.000012161.8867   21.7420
   -7.5000   15.0000   30.000011609.3877   21.6910
    0.0000   15.0000   30.000012056.0439   21.6763
    7.5000   15.0000   30.000011546.7715   21.6810
   -7.5000   22.5000   30.000010827.3770   21.6487
    0.0000   22.5000   30.000011283.9834   21.6350
    7.5000   22.5000   30.000010758.3018   21.6385
   -7.5000   30.0000   30.0000 9935.0195   21.4050
    0.0000   30.0000   30.000010390.7334   21.3807
    7.5000   30.0000   30.0000 9886.7188   21.3821
   -7.5000   37.5000   30.0000 9356.5010   21.4687
    0.0000   37.5000   30.0000 9800.1455   21.4318
    7.5000   37.5000   30.0000 9301.2988   21.4326
   -7.5000   45.0000   30.0000 8421.5908   21.0393
    0.0000   45.0000   30.0000 8810.4502   20.9998
    7.5000   45.0000   30.0000 8348.4189   20.9996
   -7.5000  -45.0000   37.5000 8261.2090   22.6659
    0.0000  -45.0000   37.5000 8655.6582   22.6211
    7.5000  -45.0000   37.5000 8232.3486   22.6226
   -7.5000  -37.5000   37.5000 8796.4531   22.6143
    0.0000  -37.5000   37.5000 9261.2109   22.5826
    7.5000  -37.5000   37.5000 8778.9268   22.5887
   -7.5000  -30.0000   37.5000 9685.2607   22.5306
    0.0000  -30.0000   37.500010218.3984   22.5102
    7.5000  -30.0000   37.5000 9689.9971   22.5217
   -7.5000  -22.5000   37.500010475.1104   22.4986
    0.0000  -22.5000   37.500011039.8164   22.4753
    7.5000  -22.5000   37.500010475.9268   22.4850
   -7.5000  -15.0000   37.500011156.6533   22.5305
    0.0000  -15.0000   37.500011693.2129   22.4946
    7.5000  -15.0000   37.500011116.1699   22.4997
   -7.5000   -7.5000   37.500011701.7061   22.5986
    0.0000   -7.5000   37.500012223.8477   22.5525
    7.5000   -7.5000   37.500011628.3594   22.5549
   -7.5000    0.0000   37.500012103.2334   22.6503
    0.0000    0.0000   37.500012637.2031   22.6055
    7.5000    0.0000   37.500012035.8965   22.6070
   -7.5000    7.5000   37.500011628.6191   22.6143
    0.0000    7.5000   37.500012113.9990   22.5826
    7.5000    7.5000   37.500011559.4248   22.5887
   -7.5000   15.0000   37.500011058.8066   22.5306
    0.0000   15.0000   37.500011517.3701   22.5102
    7.5000   15.0000   37.500011003.6357   22.5217
   -7.5000   22.5000   37.500010338.7676   22.4883
    0.0000   22.5000   37.500010791.3457   22.4649
    7.5000   22.5000   37.500010296.3145   22.4747
   -7.5000   30.0000   37.5000 9486.4238   22.2389
    0.0000   30.0000   37.5000 9918.2559   22.2035
    7.5000   30.0000   37.5000 9447.0000   22.2086
   -7.5000   37.5000   37.5000 8924.1133   22.3061
    0.0000   37.5000   37.5000 9339.2227   22.2607
    7.5000   37.5000   37.5000 8877.1533   22.2630
   -7.5000   45.0000   37.5000 8031.5308   21.8595
    0.0000   45.0000   37.5000 8399.8086   21.8160
    7.5000   45.0000   37.5000 7979.1777   21.8171
   -7.5000  -45.0000   45.0000 7496.1348   23.6013
    0.0000  -45.0000   45.0000 7815.0449   23.5770
    7.5000  -45.0000   45.0000 7481.0283   23.5908
   -7.5000  -37.5000   45.0000 7993.2944   23.5587
    0.0000  -37.5000   45.0000 8379.9424   23.5413
    7.5000  -37.5000   45.0000 7981.2881   23.5528
   -7.5000  -30.0000   45.0000 8792.2627   23.4771
    0.0000  -30.0000   45.0000 9267.0498   23.4670
    7.5000  -30.0000   45.0000 8798.7871   23.4773
   -7.5000  -22.5000   45.0000 9539.3730   23.4376
    0.0000  -22.5000   45.000010044.0986   23.4274
    7.5000  -22.5000   45.0000 9526.6621   23.4361
   -7.5000  -15.0000   45.000010163.7842   23.4615
    0.0000  -15.0000   45.000010667.4795   23.4446
    7.5000  -15.0000   45.000010133.8672   23.4550
   -7.5000   -7.5000   45.000010665.8047   23.5266
    0.0000   -7.5000   45.000011172.0938   23.5030
    7.5000   -7.5000   45.000010628.2871   23.5173
   -7.5000    0.0000   45.000011045.3281   23.5842
    0.0000    0.0000   45.000011550.9355   23.5599
    7.5000    0.0000   45.000011001.7295   23.5738
   -7.5000    7.5000   45.000010608.4824   23.5587
    0.0000    7.5000   45.000011055.2500   23.5413
    7.5000    7.5000   45.000010545.8115   23.5528
   -7.5000   15.0000   45.000010097.4062   23.4771
    0.0000   15.0000   45.000010524.5918   23.4670
    7.5000   15.0000   45.000010054.6494   23.4773
   -7.5000   22.5000   45.0000 9484.0234   23.4268
    0.0000   22.5000   45.0000 9879.7168   23.4166
    7.5000   22.5000   45.0000 9444.7832   23.4252
   -7.5000   30.0000   45.0000 8735.1846   23.1558
    0.0000   30.0000   45.0000 9119.4404   23.1392
    7.5000   30.0000   45.0000 8696.9482   23.1494
   -7.5000   37.5000   45.0000 8205.5957   23.2201
    0.0000   37.5000   45.0000 8571.7480   23.1968
    7.5000   37.5000   45.0000 8169.7695   23.2109
   -7.5000   45.0000   45.0000 7395.7529   22.7703
    0.0000   45.0000   45.0000 7723.5073   22.7467
    7.5000   45.0000   45.0000 7365.6069   22.7599

---------------------------------------------------------------------
imgreg_4dfp /opt/freesurfer/average/711-2C_as_mni_average_305 /opt/freesurfer/average/711-2B_as_mni_average_305_mask talsrcimg_g11 none talsrcimg_to_711-2C_as_mni_average_305_t4 4355
---------------------------------------------------------------------

freesurfer imgreg_4dfp.c
/opt/freesurfer/average/711-2C_as_mni_average_305.4dfp.img
       256       256       256         1
  1.000000  1.000000  1.000000
orientation T byte_order littleendian
Reading image: /opt/freesurfer/average/711-2C_as_mni_average_305.4dfp.img
dimensions:      256       256       256
mmppix:       1.0000   -1.0000   -1.0000
center:     128.0000 -129.0000 -129.0000
/opt/freesurfer/average/711-2B_as_mni_average_305_mask.4dfp.img
       256       256       256         1
  1.000000  1.000000  1.000000
orientation T byte_order littleendian
Reading mask: /opt/freesurfer/average/711-2B_as_mni_average_305_mask.4dfp.img (2306576 pixels)
talsrcimg_g11.4dfp.img
       256       256       256         1
  1.000000  1.000000  1.000000
orientation T byte_order littleendian
Reading image: talsrcimg_g11.4dfp.img
dimensions:      256       256       256
mmppix:       1.0000   -1.0000   -1.0000
center:     128.0000 -129.0000 -129.0000
rotation matrix determinant  1.000000
image alignment mode   4355 decimal     1103 hex
   -7.5000  -45.0000  -45.0000 2451.6680   17.3923
    0.0000  -45.0000  -45.0000 2458.4949   17.4315
    7.5000  -45.0000  -45.0000 2427.7197   17.5669
   -7.5000  -37.5000  -45.0000 2539.0649   16.0995
    0.0000  -37.5000  -45.0000 2548.7510   16.1321
    7.5000  -37.5000  -45.0000 2511.0103   16.2624
   -7.5000  -30.0000  -45.0000 2610.7632   15.2058
    0.0000  -30.0000  -45.0000 2619.3508   15.2350
    7.5000  -30.0000  -45.0000 2580.4514   15.3713
   -7.5000  -22.5000  -45.0000 2654.3438   14.7336
    0.0000  -22.5000  -45.0000 2660.9333   14.7538
    7.5000  -22.5000  -45.0000 2627.5076   14.8997
   -7.5000  -15.0000  -45.0000 2681.4348   14.5849
    0.0000  -15.0000  -45.0000 2689.7158   14.5761
    7.5000  -15.0000  -45.0000 2653.5820   14.7998
   -7.5000   -7.5000  -45.0000 2684.8059   14.6652
    0.0000   -7.5000  -45.0000 2689.1052   14.6673
    7.5000   -7.5000  -45.0000 2662.4285   14.9223
   -7.5000    0.0000  -45.0000 2675.4968   14.9421
    0.0000    0.0000  -45.0000 2680.5896   14.8928
    7.5000    0.0000  -45.0000 2650.2791   15.1617
   -7.5000    7.5000  -45.0000 2653.1357   15.4583
    0.0000    7.5000  -45.0000 2660.2317   15.3944
    7.5000    7.5000  -45.0000 2627.1365   15.6479
   -7.5000   15.0000  -45.0000 2597.8962   16.1547
    0.0000   15.0000  -45.0000 2605.8542   16.0883
    7.5000   15.0000  -45.0000 2574.9976   16.3544
   -7.5000   22.5000  -45.0000 2525.0930   17.1195
    0.0000   22.5000  -45.0000 2534.1111   17.0551
    7.5000   22.5000  -45.0000 2505.7307   17.2961
   -7.5000   30.0000  -45.0000 2428.3928   18.4488
    0.0000   30.0000  -45.0000 2435.1956   18.3896
    7.5000   30.0000  -45.0000 2409.2705   18.6968
   -7.5000   37.5000  -45.0000 2309.9622   20.3284
    0.0000   37.5000  -45.0000 2319.3083   20.2526
    7.5000   37.5000  -45.0000 2295.5857   20.5563
   -7.5000   45.0000  -45.0000 2181.9177   22.8004
    0.0000   45.0000  -45.0000 2193.1011   22.7552
    7.5000   45.0000  -45.0000 2169.7542   23.0541
   -7.5000  -45.0000  -37.5000 2493.4536   16.7125
    0.0000  -45.0000  -37.5000 2499.9885   16.7274
    7.5000  -45.0000  -37.5000 2469.5876   16.9066
   -7.5000  -37.5000  -37.5000 2580.5552   15.4375
    0.0000  -37.5000  -37.5000 2590.7021   15.4150
    7.5000  -37.5000  -37.5000 2557.6975   15.5867
   -7.5000  -30.0000  -37.5000 2659.0515   14.4999
    0.0000  -30.0000  -37.5000 2670.4189   14.4767
    7.5000  -30.0000  -37.5000 2635.8660   14.6303
   -7.5000  -22.5000  -37.5000 2715.3630   13.9021
    0.0000  -22.5000  -37.5000 2722.2156   13.9085
    7.5000  -22.5000  -37.5000 2689.4971   14.0574
   -7.5000  -15.0000  -37.5000 2747.7983   13.6356
    0.0000  -15.0000  -37.5000 2754.6250   13.6447
    7.5000  -15.0000  -37.5000 2722.6023   13.8425
   -7.5000   -7.5000  -37.5000 2754.4146   13.6785
    0.0000   -7.5000  -37.5000 2759.2529   13.6806
    7.5000   -7.5000  -37.5000 2727.8281   13.9369
   -7.5000    0.0000  -37.5000 2747.1221   13.9755
    0.0000    0.0000  -37.5000 2755.3525   13.9456
    7.5000    0.0000  -37.5000 2722.5144   14.2203
   -7.5000    7.5000  -37.5000 2725.1326   14.5116
    0.0000    7.5000  -37.5000 2737.6274   14.4447
    7.5000    7.5000  -37.5000 2705.6763   14.7076
   -7.5000   15.0000  -37.5000 2674.4326   15.1882
    0.0000   15.0000  -37.5000 2687.0334   15.1297
    7.5000   15.0000  -37.5000 2661.1184   15.3886
   -7.5000   22.5000  -37.5000 2600.2854   16.1130
    0.0000   22.5000  -37.5000 2610.5120   16.0402
    7.5000   22.5000  -37.5000 2587.6646   16.3081
   -7.5000   30.0000  -37.5000 2498.7822   17.4073
    0.0000   30.0000  -37.5000 2506.9478   17.3105
    7.5000   30.0000  -37.5000 2485.0518   17.6271
   -7.5000   37.5000  -37.5000 2377.3767   19.1648
    0.0000   37.5000  -37.5000 2390.3845   19.0766
    7.5000   37.5000  -37.5000 2366.7124   19.3981
   -7.5000   45.0000  -37.5000 2239.3530   21.5006
    0.0000   45.0000  -37.5000 2249.0789   21.4267
    7.5000   45.0000  -37.5000 2228.0222   21.7370
   -7.5000  -45.0000  -30.0000 2562.0159   16.7648
    0.0000  -45.0000  -30.0000 2574.8484   16.7464
    7.5000  -45.0000  -30.0000 2546.5625   16.9606
   -7.5000  -37.5000  -30.0000 2657.0574   15.4353
    0.0000  -37.5000  -30.0000 2670.6357   15.3712
    7.5000  -37.5000  -30.0000 2640.0706   15.5941
   -7.5000  -30.0000  -30.0000 2742.7771   14.4089
    0.0000  -30.0000  -30.0000 2753.4463   14.3198
    7.5000  -30.0000  -30.0000 2722.9250   14.5388
   -7.5000  -22.5000  -30.0000 2816.7839   13.7139
    0.0000  -22.5000  -30.0000 2825.6045   13.6547
    7.5000  -22.5000  -30.0000 2793.1506   13.8992
   -7.5000  -15.0000  -30.0000 2854.0588   13.3330
    0.0000  -15.0000  -30.0000 2864.7583   13.3557
    7.5000  -15.0000  -30.0000 2832.5251   13.5855
   -7.5000   -7.5000  -30.0000 2875.6165   13.2629
    0.0000   -7.5000  -30.0000 2887.1035   13.2896
    7.5000   -7.5000  -30.0000 2846.5095   13.5740
   -7.5000    0.0000  -30.0000 2871.6724   13.5561
    0.0000    0.0000  -30.0000 2883.9551   13.5487
    7.5000    0.0000  -30.0000 2847.5422   13.8634
   -7.5000    7.5000  -30.0000 2847.3381   14.1252
    0.0000    7.5000  -30.0000 2866.5967   14.0610
    7.5000    7.5000  -30.0000 2832.9382   14.3941
   -7.5000   15.0000  -30.0000 2795.3081   14.8700
    0.0000   15.0000  -30.0000 2815.9080   14.8164
    7.5000   15.0000  -30.0000 2789.7061   15.1215
   -7.5000   22.5000  -30.0000 2722.2244   15.8193
    0.0000   22.5000  -30.0000 2734.8801   15.7483
    7.5000   22.5000  -30.0000 2714.4695   16.0710
   -7.5000   30.0000  -30.0000 2614.2432   17.1164
    0.0000   30.0000  -30.0000 2625.5100   17.0307
    7.5000   30.0000  -30.0000 2603.4502   17.3621
   -7.5000   37.5000  -30.0000 2485.4094   18.8662
    0.0000   37.5000  -30.0000 2498.7595   18.7840
    7.5000   37.5000  -30.0000 2474.9155   19.1393
   -7.5000   45.0000  -30.0000 2339.7498   21.1885
    0.0000   45.0000  -30.0000 2351.9231   21.1331
    7.5000   45.0000  -30.0000 2327.7534   21.5149
   -7.5000  -45.0000  -22.5000 2591.9148   16.8298
    0.0000  -45.0000  -22.5000 2602.8870   16.7208
    7.5000  -45.0000  -22.5000 2578.3372   17.0073
   -7.5000  -37.5000  -22.5000 2694.0117   15.4408
    0.0000  -37.5000  -22.5000 2703.6562   15.3213
    7.5000  -37.5000  -22.5000 2675.0244   15.5720
   -7.5000  -30.0000  -22.5000 2781.5498   14.3395
    0.0000  -30.0000  -22.5000 2791.7544   14.2207
    7.5000  -30.0000  -22.5000 2765.1521   14.4732
   -7.5000  -22.5000  -22.5000 2857.7375   13.5856
    0.0000  -22.5000  -22.5000 2874.2449   13.4874
    7.5000  -22.5000  -22.5000 2841.7749   13.7415
   -7.5000  -15.0000  -22.5000 2907.4763   13.1648
    0.0000  -15.0000  -22.5000 2928.0449   13.1237
    7.5000  -15.0000  -22.5000 2892.1433   13.3909
   -7.5000   -7.5000  -22.5000 2934.1270   13.0023
    0.0000   -7.5000  -22.5000 2953.6797   12.9871
    7.5000   -7.5000  -22.5000 2916.8501   13.3161
   -7.5000    0.0000  -22.5000 2939.6414   13.2276
    0.0000    0.0000  -22.5000 2953.2493   13.2058
    7.5000    0.0000  -22.5000 2927.7236   13.5782
   -7.5000    7.5000  -22.5000 2918.8206   13.7934
    0.0000    7.5000  -22.5000 2945.8032   13.7650
    7.5000    7.5000  -22.5000 2914.4412   14.1208
   -7.5000   15.0000  -22.5000 2871.9448   14.5519
    0.0000   15.0000  -22.5000 2896.7834   14.5364
    7.5000   15.0000  -22.5000 2865.7825   14.8423
   -7.5000   22.5000  -22.5000 2794.9626   15.5835
    0.0000   22.5000  -22.5000 2815.0029   15.5336
    7.5000   22.5000  -22.5000 2788.1160   15.8417
   -7.5000   30.0000  -22.5000 2686.8164   16.9220
    0.0000   30.0000  -22.5000 2698.8679   16.8487
    7.5000   30.0000  -22.5000 2676.9937   17.1979
   -7.5000   37.5000  -22.5000 2556.8518   18.7225
    0.0000   37.5000  -22.5000 2572.8955   18.6347
    7.5000   37.5000  -22.5000 2546.6018   18.9966
   -7.5000   45.0000  -22.5000 2404.7031   21.0299
    0.0000   45.0000  -22.5000 2420.8674   20.9906
    7.5000   45.0000  -22.5000 2393.4119   21.3560
   -7.5000  -45.0000  -15.0000 2584.0261   16.9432
    0.0000  -45.0000  -15.0000 2591.2810   16.7444
    7.5000  -45.0000  -15.0000 2569.9749   17.0506
   -7.5000  -37.5000  -15.0000 2687.2605   15.4832
    0.0000  -37.5000  -15.0000 2695.2546   15.3198
    7.5000  -37.5000  -15.0000 2671.4397   15.6024
   -7.5000  -30.0000  -15.0000 2781.3821   14.3510
    0.0000  -30.0000  -15.0000 2789.9326   14.2092
    7.5000  -30.0000  -15.0000 2770.1479   14.4932
   -7.5000  -22.5000  -15.0000 2862.5583   13.5803
    0.0000  -22.5000  -15.0000 2876.2551   13.4518
    7.5000  -22.5000  -15.0000 2852.5020   13.7203
   -7.5000  -15.0000  -15.0000 2920.2095   13.1719
    0.0000  -15.0000  -15.0000 2939.9600   13.0744
    7.5000  -15.0000  -15.0000 2915.5903   13.3967
   -7.5000   -7.5000  -15.0000 2950.0400   12.9964
    0.0000   -7.5000  -15.0000 2978.6072   12.9209
    7.5000   -7.5000  -15.0000 2952.2439   13.2849
   -7.5000    0.0000  -15.0000 2956.7820   13.2300
    0.0000    0.0000  -15.0000 2982.5093   13.1586
    7.5000    0.0000  -15.0000 2959.6765   13.4969
   -7.5000    7.5000  -15.0000 2945.6934   13.7282
    0.0000    7.5000  -15.0000 2970.0818   13.6474
    7.5000    7.5000  -15.0000 2941.0947   13.9485
   -7.5000   15.0000  -15.0000 2899.9131   14.4625
    0.0000   15.0000  -15.0000 2921.8567   14.3563
    7.5000   15.0000  -15.0000 2893.2656   14.6689
   -7.5000   22.5000  -15.0000 2820.4656   15.5247
    0.0000   22.5000  -15.0000 2844.3296   15.4033
    7.5000   22.5000  -15.0000 2819.7031   15.7120
   -7.5000   30.0000  -15.0000 2711.9309   16.9086
    0.0000   30.0000  -15.0000 2727.0496   16.8272
    7.5000   30.0000  -15.0000 2704.9766   17.1307
   -7.5000   37.5000  -15.0000 2583.4590   18.7340
    0.0000   37.5000  -15.0000 2597.9211   18.6519
    7.5000   37.5000  -15.0000 2574.1033   18.9558
   -7.5000   45.0000  -15.0000 2426.9172   21.0689
    0.0000   45.0000  -15.0000 2442.5200   21.0185
    7.5000   45.0000  -15.0000 2420.2161   21.3125
   -7.5000  -45.0000   -7.5000 2550.4175   17.0731
    0.0000  -45.0000   -7.5000 2559.8477   16.8315
    7.5000  -45.0000   -7.5000 2543.7754   17.1802
   -7.5000  -37.5000   -7.5000 2660.7881   15.5955
    0.0000  -37.5000   -7.5000 2663.7986   15.3466
    7.5000  -37.5000   -7.5000 2653.6567   15.7180
   -7.5000  -30.0000   -7.5000 2758.5203   14.4705
    0.0000  -30.0000   -7.5000 2760.8601   14.2478
    7.5000  -30.0000   -7.5000 2755.3337   14.5963
   -7.5000  -22.5000   -7.5000 2840.4182   13.7415
    0.0000  -22.5000   -7.5000 2846.6697   13.5239
    7.5000  -22.5000   -7.5000 2839.1445   13.8434
   -7.5000  -15.0000   -7.5000 2906.5945   13.4223
    0.0000  -15.0000   -7.5000 2920.1992   13.2490
    7.5000  -15.0000   -7.5000 2907.3206   13.5125
   -7.5000   -7.5000   -7.5000 2942.0515   13.2088
    0.0000   -7.5000   -7.5000 2966.9888   13.0631
    7.5000   -7.5000   -7.5000 2944.4763   13.3793
   -7.5000    0.0000   -7.5000 2954.3748   13.3258
    0.0000    0.0000   -7.5000 2980.1985   13.1574
    7.5000    0.0000   -7.5000 2951.3477   13.4577
   -7.5000    7.5000   -7.5000 2940.2212   13.7851
    0.0000    7.5000   -7.5000 2966.0879   13.5991
    7.5000    7.5000   -7.5000 2931.5247   13.8884
   -7.5000   15.0000   -7.5000 2893.1379   14.5292
    0.0000   15.0000   -7.5000 2921.4910   14.3952
    7.5000   15.0000   -7.5000 2889.7705   14.6482
   -7.5000   22.5000   -7.5000 2817.7156   15.6244
    0.0000   22.5000   -7.5000 2843.1870   15.5211
    7.5000   22.5000   -7.5000 2816.4729   15.7411
   -7.5000   30.0000   -7.5000 2701.1235   17.0543
    0.0000   30.0000   -7.5000 2717.4780   16.9778
    7.5000   30.0000   -7.5000 2698.5642   17.1981
   -7.5000   37.5000   -7.5000 2576.5659   18.8546
    0.0000   37.5000   -7.5000 2587.5093   18.7603
    7.5000   37.5000   -7.5000 2571.2068   19.0214
   -7.5000   45.0000   -7.5000 2423.7454   21.2044
    0.0000   45.0000   -7.5000 2435.8750   21.1034
    7.5000   45.0000   -7.5000 2415.9473   21.3584
   -7.5000  -45.0000    0.0000 2502.3613   17.4435
    0.0000  -45.0000    0.0000 2510.2952   17.1213
    7.5000  -45.0000    0.0000 2505.2786   17.6084
   -7.5000  -37.5000    0.0000 2615.0664   15.9658
    0.0000  -37.5000    0.0000 2614.7876   15.6577
    7.5000  -37.5000    0.0000 2614.6929   16.1330
   -7.5000  -30.0000    0.0000 2708.3579   14.8788
    0.0000  -30.0000    0.0000 2707.3188   14.5791
    7.5000  -30.0000    0.0000 2711.0779   15.0105
   -7.5000  -22.5000    0.0000 2799.4468   14.2445
    0.0000  -22.5000    0.0000 2802.4878   13.9467
    7.5000  -22.5000    0.0000 2799.3997   14.2871
   -7.5000  -15.0000    0.0000 2870.3752   13.8284
    0.0000  -15.0000    0.0000 2885.0195   13.6231
    7.5000  -15.0000    0.0000 2871.0227   13.8782
   -7.5000   -7.5000    0.0000 2910.8308   13.5601
    0.0000   -7.5000    0.0000 2931.8364   13.3297
    7.5000   -7.5000    0.0000 2904.7068   13.6427
   -7.5000    0.0000    0.0000 2930.7605   13.6153
    0.0000    0.0000    0.0000 2949.5254   13.3563
    7.5000    0.0000    0.0000 2919.0940   13.6704
   -7.5000    7.5000    0.0000 2916.0588   14.0399
    0.0000    7.5000    0.0000 2940.6555   13.8377
    7.5000    7.5000    0.0000 2907.6682   14.0900
   -7.5000   15.0000    0.0000 2865.9072   14.7920
    0.0000   15.0000    0.0000 2894.6201   14.6650
    7.5000   15.0000    0.0000 2862.6370   14.8583
   -7.5000   22.5000    0.0000 2786.2695   15.9197
    0.0000   22.5000    0.0000 2816.0486   15.8048
    7.5000   22.5000    0.0000 2790.6067   15.9938
   -7.5000   30.0000    0.0000 2677.6458   17.3701
    0.0000   30.0000    0.0000 2693.6833   17.2880
    7.5000   30.0000    0.0000 2676.9133   17.4992
   -7.5000   37.5000    0.0000 2548.7461   19.1970
    0.0000   37.5000    0.0000 2563.3279   19.1303
    7.5000   37.5000    0.0000 2545.1021   19.3450
   -7.5000   45.0000    0.0000 2395.5339   21.4853
    0.0000   45.0000    0.0000 2405.7244   21.4235
    7.5000   45.0000    0.0000 2390.2664   21.6431
   -7.5000  -45.0000    7.5000 2441.0107   18.0892
    0.0000  -45.0000    7.5000 2454.2795   17.7638
    7.5000  -45.0000    7.5000 2450.4355   18.3228
   -7.5000  -37.5000    7.5000 2554.9058   16.6605
    0.0000  -37.5000    7.5000 2561.0769   16.2988
    7.5000  -37.5000    7.5000 2560.7056   16.8291
   -7.5000  -30.0000    7.5000 2652.6174   15.6188
    0.0000  -30.0000    7.5000 2658.3074   15.2591
    7.5000  -30.0000    7.5000 2653.8174   15.6958
   -7.5000  -22.5000    7.5000 2745.3320   14.8911
    0.0000  -22.5000    7.5000 2749.5493   14.5869
    7.5000  -22.5000    7.5000 2744.0991   14.9358
   -7.5000  -15.0000    7.5000 2813.2034   14.3606
    0.0000  -15.0000    7.5000 2827.1877   14.1401
    7.5000  -15.0000    7.5000 2814.2925   14.4033
   -7.5000   -7.5000    7.5000 2855.7395   14.0766
    0.0000   -7.5000    7.5000 2868.6133   13.7982
    7.5000   -7.5000    7.5000 2846.7100   14.1226
   -7.5000    0.0000    7.5000 2874.9968   14.1346
    0.0000    0.0000    7.5000 2891.7307   13.8339
    7.5000    0.0000    7.5000 2871.8713   14.1593
   -7.5000    7.5000    7.5000 2862.2932   14.5178
    0.0000    7.5000    7.5000 2890.0474   14.3138
    7.5000    7.5000    7.5000 2865.3652   14.5685
   -7.5000   15.0000    7.5000 2814.0891   15.2690
    0.0000   15.0000    7.5000 2843.5322   15.1265
    7.5000   15.0000    7.5000 2813.2385   15.3520
   -7.5000   22.5000    7.5000 2743.1191   16.3702
    0.0000   22.5000    7.5000 2767.5925   16.2297
    7.5000   22.5000    7.5000 2745.2642   16.4499
   -7.5000   30.0000    7.5000 2634.8672   17.8168
    0.0000   30.0000    7.5000 2654.7288   17.6941
    7.5000   30.0000    7.5000 2637.3601   17.9229
   -7.5000   37.5000    7.5000 2511.2830   19.6672
    0.0000   37.5000    7.5000 2526.3660   19.5765
    7.5000   37.5000    7.5000 2507.0042   19.7913
   -7.5000   45.0000    7.5000 2353.0732   21.9452
    0.0000   45.0000    7.5000 2362.2351   21.8670
    7.5000   45.0000    7.5000 2352.6882   22.0772
   -7.5000  -45.0000   15.0000 2374.3201   19.1965
    0.0000  -45.0000   15.0000 2390.1479   18.8631
    7.5000  -45.0000   15.0000 2384.2092   19.3590
   -7.5000  -37.5000   15.0000 2488.3049   17.6787
    0.0000  -37.5000   15.0000 2500.7717   17.3470
    7.5000  -37.5000   15.0000 2496.9773   17.7903
   -7.5000  -30.0000   15.0000 2586.6643   16.5164
    0.0000  -30.0000   15.0000 2598.3640   16.1984
    7.5000  -30.0000   15.0000 2591.5864   16.6061
   -7.5000  -22.5000   15.0000 2670.9102   15.6999
    0.0000  -22.5000   15.0000 2683.3972   15.4317
    7.5000  -22.5000   15.0000 2676.2971   15.7621
   -7.5000  -15.0000   15.0000 2740.5151   15.1383
    0.0000  -15.0000   15.0000 2755.0308   14.8652
    7.5000  -15.0000   15.0000 2748.4414   15.1647
   -7.5000   -7.5000   15.0000 2779.8555   14.7661
    0.0000   -7.5000   15.0000 2788.8230   14.4630
    7.5000   -7.5000   15.0000 2778.4016   14.8211
   -7.5000    0.0000   15.0000 2794.7834   14.8537
    0.0000    0.0000   15.0000 2804.9578   14.5955
    7.5000    0.0000   15.0000 2794.1660   14.9163
   -7.5000    7.5000   15.0000 2780.7493   15.2718
    0.0000    7.5000   15.0000 2797.1887   15.0425
    7.5000    7.5000   15.0000 2782.8411   15.3313
   -7.5000   15.0000   15.0000 2741.6851   15.9892
    0.0000   15.0000   15.0000 2763.4207   15.7827
    7.5000   15.0000   15.0000 2742.9233   16.0379
   -7.5000   22.5000   15.0000 2674.8650   17.0425
    0.0000   22.5000   15.0000 2698.7520   16.8415
    7.5000   22.5000   15.0000 2677.7996   17.0800
   -7.5000   30.0000   15.0000 2570.1921   18.4552
    0.0000   30.0000   15.0000 2598.6360   18.2695
    7.5000   30.0000   15.0000 2577.8103   18.5069
   -7.5000   37.5000   15.0000 2451.6912   20.2224
    0.0000   37.5000   15.0000 2473.8904   20.0842
    7.5000   37.5000   15.0000 2455.6667   20.3397
   -7.5000   45.0000   15.0000 2298.4697   22.5432
    0.0000   45.0000   15.0000 2312.2881   22.4120
    7.5000   45.0000   15.0000 2300.2073   22.6631
   -7.5000  -45.0000   22.5000 2303.0579   20.5285
    0.0000  -45.0000   22.5000 2320.9871   20.3042
    7.5000  -45.0000   22.5000 2310.5906   20.6326
   -7.5000  -37.5000   22.5000 2415.5630   18.8212
    0.0000  -37.5000   22.5000 2437.8730   18.5902
    7.5000  -37.5000   22.5000 2424.7373   18.9085
   -7.5000  -30.0000   22.5000 2514.5642   17.6058
    0.0000  -30.0000   22.5000 2537.4187   17.3499
    7.5000  -30.0000   22.5000 2523.4836   17.6625
   -7.5000  -22.5000   22.5000 2592.6387   16.7232
    0.0000  -22.5000   22.5000 2616.4075   16.4799
    7.5000  -22.5000   22.5000 2607.5559   16.7914
   -7.5000  -15.0000   22.5000 2656.1724   16.0678
    0.0000  -15.0000   22.5000 2674.1316   15.7862
    7.5000  -15.0000   22.5000 2665.7695   16.1244
   -7.5000   -7.5000   22.5000 2693.3193   15.6469
    0.0000   -7.5000   22.5000 2707.2012   15.3509
    7.5000   -7.5000   22.5000 2693.5823   15.6808
   -7.5000    0.0000   22.5000 2701.9421   15.7803
    0.0000    0.0000   22.5000 2715.3423   15.5257
    7.5000    0.0000   22.5000 2704.9165   15.8119
   -7.5000    7.5000   22.5000 2682.9368   16.2107
    0.0000    7.5000   22.5000 2696.8247   15.9820
    7.5000    7.5000   22.5000 2689.1409   16.2417
   -7.5000   15.0000   22.5000 2644.5488   16.9216
    0.0000   15.0000   22.5000 2664.3340   16.6990
    7.5000   15.0000   22.5000 2649.0007   16.9478
   -7.5000   22.5000   22.5000 2589.5574   17.9389
    0.0000   22.5000   22.5000 2614.3372   17.7044
    7.5000   22.5000   22.5000 2592.0771   17.9424
   -7.5000   30.0000   22.5000 2496.3140   19.2867
    0.0000   30.0000   22.5000 2527.2727   19.0825
    7.5000   30.0000   22.5000 2506.1655   19.3121
   -7.5000   37.5000   22.5000 2379.8291   21.0527
    0.0000   37.5000   22.5000 2400.9404   20.8882
    7.5000   37.5000   22.5000 2384.5166   21.1244
   -7.5000   45.0000   22.5000 2239.6533   23.3411
    0.0000   45.0000   22.5000 2253.1035   23.1973
    7.5000   45.0000   22.5000 2242.4644   23.4481
   -7.5000  -45.0000   30.0000 2224.5112   22.0931
    0.0000  -45.0000   30.0000 2242.8479   21.9318
    7.5000  -45.0000   30.0000 2232.3459   22.1671
   -7.5000  -37.5000   30.0000 2334.1816   20.2478
    0.0000  -37.5000   30.0000 2364.6785   20.0710
    7.5000  -37.5000   30.0000 2346.8142   20.3091
   -7.5000  -30.0000   30.0000 2431.7234   18.9302
    0.0000  -30.0000   30.0000 2464.5208   18.7551
    7.5000  -30.0000   30.0000 2444.6431   19.0068
   -7.5000  -22.5000   30.0000 2507.9768   17.9524
    0.0000  -22.5000   30.0000 2539.7290   17.7458
    7.5000  -22.5000   30.0000 2524.8599   18.0192
   -7.5000  -15.0000   30.0000 2563.6953   17.2321
    0.0000  -15.0000   30.0000 2587.1729   16.9653
    7.5000  -15.0000   30.0000 2574.4207   17.2796
   -7.5000   -7.5000   30.0000 2596.8513   16.7845
    0.0000   -7.5000   30.0000 2614.3479   16.5562
    7.5000   -7.5000   30.0000 2603.1995   16.8134
   -7.5000    0.0000   30.0000 2595.6172   16.8766
    0.0000    0.0000   30.0000 2616.5491   16.6536
    7.5000    0.0000   30.0000 2604.8362   16.8847
   -7.5000    7.5000   30.0000 2576.7351   17.3067
    0.0000    7.5000   30.0000 2592.8674   17.1153
    7.5000    7.5000   30.0000 2589.8181   17.3441
   -7.5000   15.0000   30.0000 2541.9729   17.9996
    0.0000   15.0000   30.0000 2561.3372   17.8081
    7.5000   15.0000   30.0000 2552.6042   18.0288
   -7.5000   22.5000   30.0000 2483.7664   19.0101
    0.0000   22.5000   30.0000 2511.7722   18.8039
    7.5000   22.5000   30.0000 2490.7249   19.0309
   -7.5000   30.0000   30.0000 2408.5908   20.3566
    0.0000   30.0000   30.0000 2442.0115   20.1790
    7.5000   30.0000   30.0000 2419.1572   20.3571
   -7.5000   37.5000   30.0000 2296.5403   22.1051
    0.0000   37.5000   30.0000 2321.0183   21.9426
    7.5000   37.5000   30.0000 2303.8562   22.1354
   -7.5000   45.0000   30.0000 2166.1907   24.4295
    0.0000   45.0000   30.0000 2184.8430   24.2702
    7.5000   45.0000   30.0000 2172.7129   24.4484
   -7.5000  -45.0000   37.5000 2146.8582   23.9283
    0.0000  -45.0000   37.5000 2167.7388   23.8194
    7.5000  -45.0000   37.5000 2155.8752   24.0225
   -7.5000  -37.5000   37.5000 2248.9126   21.9771
    0.0000  -37.5000   37.5000 2284.0132   21.9052
    7.5000  -37.5000   37.5000 2263.8708   22.0796
   -7.5000  -30.0000   37.5000 2346.2310   20.4943
    0.0000  -30.0000   37.5000 2382.5840   20.4142
    7.5000  -30.0000   37.5000 2364.3640   20.6070
   -7.5000  -22.5000   37.5000 2418.9238   19.4617
    0.0000  -22.5000   37.5000 2456.4744   19.3018
    7.5000  -22.5000   37.5000 2438.9158   19.5078
   -7.5000  -15.0000   37.5000 2468.4827   18.6439
    0.0000  -15.0000   37.5000 2498.1865   18.4484
    7.5000  -15.0000   37.5000 2483.4739   18.6854
   -7.5000   -7.5000   37.5000 2494.5566   18.1928
    0.0000   -7.5000   37.5000 2512.6260   18.0300
    7.5000   -7.5000   37.5000 2505.0457   18.2169
   -7.5000    0.0000   37.5000 2491.1729   18.1896
    0.0000    0.0000   37.5000 2513.9443   18.0291
    7.5000    0.0000   37.5000 2506.2988   18.2027
   -7.5000    7.5000   37.5000 2474.0850   18.6065
    0.0000    7.5000   37.5000 2493.7830   18.4783
    7.5000    7.5000   37.5000 2487.2488   18.6635
   -7.5000   15.0000   37.5000 2444.1660   19.2943
    0.0000   15.0000   37.5000 2463.7717   19.1675
    7.5000   15.0000   37.5000 2459.2268   19.3899
   -7.5000   22.5000   37.5000 2390.4443   20.3385
    0.0000   22.5000   37.5000 2415.9907   20.2029
    7.5000   22.5000   37.5000 2403.9988   20.3811
   -7.5000   30.0000   37.5000 2313.2441   21.7223
    0.0000   30.0000   37.5000 2340.4248   21.5619
    7.5000   30.0000   37.5000 2327.8110   21.7098
   -7.5000   37.5000   37.5000 2211.4551   23.4732
    0.0000   37.5000   37.5000 2233.2366   23.3067
    7.5000   37.5000   37.5000 2223.0049   23.4537
   -7.5000   45.0000   37.5000 2097.0469   25.8775
    0.0000   45.0000   37.5000 2113.3374   25.6555
    7.5000   45.0000   37.5000 2105.1626   25.8424
   -7.5000  -45.0000   45.0000 2051.6218   26.1973
    0.0000  -45.0000   45.0000 2069.7576   26.1368
    7.5000  -45.0000   45.0000 2066.0615   26.2902
   -7.5000  -37.5000   45.0000 2152.5742   24.0971
    0.0000  -37.5000   45.0000 2177.9878   24.0630
    7.5000  -37.5000   45.0000 2169.7109   24.1558
   -7.5000  -30.0000   45.0000 2243.9077   22.4333
    0.0000  -30.0000   45.0000 2277.5981   22.4089
    7.5000  -30.0000   45.0000 2265.1792   22.5217
   -7.5000  -22.5000   45.0000 2321.3462   21.2831
    0.0000  -22.5000   45.0000 2356.8225   21.1920
    7.5000  -22.5000   45.0000 2344.3560   21.3086
   -7.5000  -15.0000   45.0000 2374.2227   20.3889
    0.0000  -15.0000   45.0000 2400.3394   20.2578
    7.5000  -15.0000   45.0000 2389.5781   20.4228
   -7.5000   -7.5000   45.0000 2392.0225   19.9163
    0.0000   -7.5000   45.0000 2408.8403   19.7714
    7.5000   -7.5000   45.0000 2404.3342   19.9181
   -7.5000    0.0000   45.0000 2386.5437   19.8208
    0.0000    0.0000   45.0000 2405.0857   19.6873
    7.5000    0.0000   45.0000 2398.6023   19.8415
   -7.5000    7.5000   45.0000 2366.8652   20.1735
    0.0000    7.5000   45.0000 2382.0566   20.0766
    7.5000    7.5000   45.0000 2373.1655   20.2277
   -7.5000   15.0000   45.0000 2335.0300   20.9183
    0.0000   15.0000   45.0000 2355.4084   20.8202
    7.5000   15.0000   45.0000 2350.7449   21.0093
   -7.5000   22.5000   45.0000 2291.8091   22.0046
    0.0000   22.5000   45.0000 2312.0430   21.8755
    7.5000   22.5000   45.0000 2306.8555   22.0405
   -7.5000   30.0000   45.0000 2218.8909   23.4469
    0.0000   30.0000   45.0000 2239.1938   23.3243
    7.5000   30.0000   45.0000 2232.6152   23.4755
   -7.5000   37.5000   45.0000 2123.8662   25.2989
    0.0000   37.5000   45.0000 2140.1208   25.1502
    7.5000   37.5000   45.0000 2135.1116   25.3017
   -7.5000   45.0000   45.0000 2020.4531   27.8397
    0.0000   45.0000   45.0000 2033.1354   27.5591
    7.5000   45.0000   45.0000 2028.0789   27.7759

---------------------------------------------------------------------
imgreg_4dfp /opt/freesurfer/average/711-2C_as_mni_average_305 /opt/freesurfer/average/711-2B_as_mni_average_305_mask talsrcimg_g11 none talsrcimg_to_711-2C_as_mni_average_305_t4 1283
---------------------------------------------------------------------

freesurfer imgreg_4dfp.c
/opt/freesurfer/average/711-2C_as_mni_average_305.4dfp.img
       256       256       256         1
  1.000000  1.000000  1.000000
orientation T byte_order littleendian
Reading image: /opt/freesurfer/average/711-2C_as_mni_average_305.4dfp.img
dimensions:      256       256       256
mmppix:       1.0000   -1.0000   -1.0000
center:     128.0000 -129.0000 -129.0000
/opt/freesurfer/average/711-2B_as_mni_average_305_mask.4dfp.img
       256       256       256         1
  1.000000  1.000000  1.000000
orientation T byte_order littleendian
Reading mask: /opt/freesurfer/average/711-2B_as_mni_average_305_mask.4dfp.img (2306576 pixels)
talsrcimg_g11.4dfp.img
       256       256       256         1
  1.000000  1.000000  1.000000
orientation T byte_order littleendian
Reading image: talsrcimg_g11.4dfp.img
dimensions:      256       256       256
mmppix:       1.0000   -1.0000   -1.0000
center:     128.0000 -129.0000 -129.0000
rotation matrix determinant  1.000000
fimgreg.f
image alignment mode   1283 decimal      503 hex
parameters
    0.0000    0.0000  -15.0000    0.0000    0.0000    0.0000
eta,q 0.93623 13.18584
niter,ni,del,rscale     5    3   12.0000    1.2000
parameter  4  4.366685 ->  0.500000 qaram    1.1500
parameters
    1.3464   -0.1970  -15.6771   -3.4500   -1.6927    1.8284
eta,q 0.93878 13.01968
  0.0749  0.0664  0.0669  0.0601  0.0645  0.0639
  0.0710  0.0663  0.0674  0.0620  0.0626  0.0630
  0.0678  0.0660  0.0645  0.0628  0.0616  0.0622
  0.0656  0.0644  0.0644  0.0639  0.0622  0.0616
  0.0646  0.0641  0.0660  0.0660  0.0642  0.0612
  0.0651  0.0653  0.0679  0.0686  0.0664  0.0616
  0.0701  0.0683  0.0680  0.0693  0.0677  0.0623
niter,ni,del,rscale     5    3   12.0000    1.2000
parameter  3 -0.522557 -> -0.500000 qaram    1.1500
parameter  4-13.891079 ->  0.500000 qaram    1.3225
parameters
    1.6134    1.1732  -12.2271   -7.4175   -2.4961    0.4597
eta,q 0.94306 12.86309
  0.0697  0.0653  0.0635  0.0533  0.0600  0.0583
  0.0674  0.0632  0.0632  0.0563  0.0580  0.0574
  0.0652  0.0615  0.0617  0.0588  0.0572  0.0570
  0.0612  0.0608  0.0611  0.0607  0.0571  0.0570
  0.0605  0.0613  0.0607  0.0637  0.0582  0.0576
  0.0647  0.0613  0.0608  0.0671  0.0597  0.0589
  0.0707  0.0625  0.0612  0.0683  0.0615  0.0604
niter,ni,del,rscale     6    3   12.0000    1.2000
parameter  4  1.177572 ->  0.500000 qaram    1.5209
parameters
    1.3461   -0.3890  -10.2018  -11.9801   -2.7389   -1.5359
eta,q 0.94756 12.75758
  0.0632  0.0584  0.0624  0.0492  0.0534  0.0535
  0.0599  0.0565  0.0603  0.0516  0.0532  0.0528
  0.0588  0.0560  0.0584  0.0533  0.0531  0.0524
  0.0569  0.0571  0.0562  0.0544  0.0522  0.0524
  0.0569  0.0582  0.0543  0.0582  0.0517  0.0534
  0.0602  0.0584  0.0556  0.0640  0.0524  0.0557
  0.0658  0.0597  0.0587  0.0687  0.0549  0.0586
niter,ni,del,rscale     6    3   12.0000    1.2000
parameter  4  1.243432 ->  0.500000 qaram    1.7490
parameters
   -0.1318    0.9567  -10.0709  -17.2272   -2.0779   -3.1945
eta,q 0.95285 12.73513
  0.0546  0.0565  0.0590  0.0465  0.0518  0.0485
  0.0519  0.0536  0.0556  0.0470  0.0490  0.0473
  0.0520  0.0528  0.0529  0.0483  0.0473  0.0471
  0.0524  0.0521  0.0514  0.0514  0.0473  0.0474
  0.0526  0.0512  0.0521  0.0552  0.0477  0.0480
  0.0553  0.0518  0.0546  0.0586  0.0481  0.0493
  0.0612  0.0537  0.0590  0.0632  0.0498  0.0508
niter,ni,del,rscale     6    3   12.0000    1.2000
parameters
   -0.0694    3.1692  -11.1084  -19.7845   -2.6721   -3.1423
eta,q 0.95589 12.76090
  0.0574  0.0555  0.0525  0.0530  0.0481  0.0478
  0.0512  0.0504  0.0486  0.0444  0.0457  0.0455
  0.0479  0.0479  0.0459  0.0439  0.0443  0.0443
  0.0471  0.0471  0.0460  0.0456  0.0441  0.0441
  0.0476  0.0461  0.0478  0.0498  0.0447  0.0444
  0.0504  0.0463  0.0517  0.0557  0.0470  0.0456
  0.0574  0.0477  0.0590  0.0601  0.0504  0.0475
niter,ni,del,rscale     5    3   12.0000    1.2000
parameters
    0.2941    3.4142  -12.2131  -20.3484   -2.6231   -3.1529
eta,q 0.95680 12.74676
  0.0570  0.0497  0.0507  0.0579  0.0481  0.0475
  0.0490  0.0468  0.0464  0.0477  0.0458  0.0449
  0.0446  0.0453  0.0436  0.0429  0.0440  0.0435
  0.0441  0.0442  0.0441  0.0434  0.0432  0.0432
  0.0446  0.0448  0.0463  0.0471  0.0436  0.0436
  0.0470  0.0464  0.0502  0.0526  0.0453  0.0451
  0.0538  0.0489  0.0574  0.0581  0.0483  0.0473
niter,ni,del,rscale     4    3   12.0000    1.2000
parameters
    0.2568    3.6675  -12.3847  -20.5774   -2.6034   -3.1145
eta,q 0.95700 12.74749
  0.0547  0.0491  0.0529  0.0588  0.0479  0.0475
  0.0470  0.0465  0.0478  0.0488  0.0457  0.0448
  0.0435  0.0447  0.0442  0.0429  0.0439  0.0433
  0.0432  0.0432  0.0432  0.0431  0.0430  0.0430
  0.0442  0.0440  0.0452  0.0464  0.0435  0.0434
  0.0475  0.0458  0.0479  0.0520  0.0453  0.0449
  0.0546  0.0484  0.0540  0.0575  0.0482  0.0472
niter,ni,del,rscale     3    3   12.0000    1.2000
parameters
    0.2424    3.7528  -12.4639  -20.6759   -2.5923   -3.1011
eta,q 0.95708 12.74691
  0.0546  0.0487  0.0531  0.0591  0.0478  0.0474
  0.0470  0.0462  0.0479  0.0493  0.0457  0.0448
  0.0434  0.0444  0.0443  0.0429  0.0438  0.0432
  0.0430  0.0430  0.0430  0.0430  0.0429  0.0429
  0.0441  0.0439  0.0450  0.0462  0.0434  0.0433
  0.0474  0.0459  0.0477  0.0518  0.0452  0.0449
  0.0542  0.0486  0.0537  0.0573  0.0482  0.0472
niter,ni,del,rscale     2    3   12.0000    1.2000
parameters
    0.2346    3.7855  -12.4957  -20.7172   -2.5886   -3.0958
eta,q 0.95711 12.74679
  0.0545  0.0486  0.0532  0.0593  0.0478  0.0474
  0.0469  0.0462  0.0480  0.0495  0.0457  0.0448
  0.0433  0.0443  0.0443  0.0429  0.0438  0.0432
  0.0429  0.0429  0.0429  0.0429  0.0429  0.0429
  0.0441  0.0439  0.0449  0.0460  0.0434  0.0433
  0.0474  0.0459  0.0476  0.0516  0.0452  0.0449
  0.0541  0.0487  0.0535  0.0572  0.0482  0.0473
registration optimization eta report
parameter search radius
    6.0000    6.0000    6.9000   10.4940    6.0000    6.0000
100000*second partial in parameter space
       32.       15.       21.       14.       14.       13.
  0.0545  0.0486  0.0532  0.0593  0.0478  0.0474
  0.0469  0.0462  0.0480  0.0495  0.0457  0.0448
  0.0433  0.0443  0.0443  0.0429  0.0438  0.0432
  0.0429  0.0429  0.0429  0.0429  0.0429  0.0429
  0.0441  0.0439  0.0449  0.0460  0.0434  0.0433
  0.0474  0.0459  0.0476  0.0516  0.0452  0.0449
  0.0541  0.0487  0.0535  0.0572  0.0482  0.0473
    0.2346    3.7855  -12.4957  -20.7172   -2.5886   -3.0958
eta,q 0.95711 12.74679

---------------------------------------------------------------------
imgreg_4dfp /opt/freesurfer/average/711-2C_as_mni_average_305 /opt/freesurfer/average/711-2B_as_mni_average_305_mask talsrcimg_g11 none talsrcimg_to_711-2C_as_mni_average_305_t4 3335
---------------------------------------------------------------------

freesurfer imgreg_4dfp.c
/opt/freesurfer/average/711-2C_as_mni_average_305.4dfp.img
       256       256       256         1
  1.000000  1.000000  1.000000
orientation T byte_order littleendian
Reading image: /opt/freesurfer/average/711-2C_as_mni_average_305.4dfp.img
dimensions:      256       256       256
mmppix:       1.0000   -1.0000   -1.0000
center:     128.0000 -129.0000 -129.0000
/opt/freesurfer/average/711-2B_as_mni_average_305_mask.4dfp.img
       256       256       256         1
  1.000000  1.000000  1.000000
orientation T byte_order littleendian
Reading mask: /opt/freesurfer/average/711-2B_as_mni_average_305_mask.4dfp.img (2306576 pixels)
talsrcimg_g11.4dfp.img
       256       256       256         1
  1.000000  1.000000  1.000000
orientation T byte_order littleendian
Reading image: talsrcimg_g11.4dfp.img
dimensions:      256       256       256
mmppix:       1.0000   -1.0000   -1.0000
center:     128.0000 -129.0000 -129.0000
fimgreg.f
image alignment mode   3335 decimal      D07 hex
parameters
    0.2346    3.7855  -12.4957   -0.2478   -6.5165   -6.5617
    3.4560    6.1287   -5.3951   35.0959   -4.5164  -35.3395
eta,q 0.95866 12.90459
niter,ni,del,rscale     5    3    5.0000    1.2000
parameter  4  3.667885 ->  0.500000 qaram    1.1500
parameter  5  5.706882 ->  0.500000 qaram    1.1500
parameter  6  1.029491 ->  0.500000 qaram    1.1500
parameters
    0.3814    4.6213  -12.0979   -4.3878  -10.6565  -10.7017
    0.5755    5.9686   -4.3288   32.5056   -2.8791  -35.4107
eta,q 0.97180 12.90751
  0.0436  0.0433  0.0430  0.0327  0.0295  0.0287  0.0297  0.0339  0.0306  0.0295  0.0306  0.0300
  0.0425  0.0424  0.0422  0.0344  0.0316  0.0289  0.0289  0.0313  0.0297  0.0286  0.0295  0.0290
  0.0417  0.0417  0.0416  0.0373  0.0334  0.0300  0.0287  0.0294  0.0290  0.0283  0.0287  0.0284
  0.0413  0.0413  0.0412  0.0411  0.0351  0.0322  0.0291  0.0287  0.0287  0.0286  0.0282  0.0282
  0.0414  0.0412  0.0411  0.0453  0.0370  0.0354  0.0301  0.0294  0.0287  0.0297  0.0282  0.0285
  0.0420  0.0413  0.0414  0.0493  0.0392  0.0393  0.0317  0.0315  0.0290  0.0317  0.0285  0.0291
  0.0432  0.0417  0.0422  0.0524  0.0418  0.0431  0.0336  0.0346  0.0298  0.0344  0.0291  0.0300
niter,ni,del,rscale     7    3    5.0000    1.2000
parameter  2  1.672009 ->  0.500000 qaram    1.1500
parameter  4  0.574366 ->  0.500000 qaram    1.3225
parameter  5  2.162000 ->  0.500000 qaram    1.3225
parameters
    0.1358    3.2413  -12.7986   -9.1488  -15.4175  -12.6546
    1.3651    5.8301   -3.8876   34.0087   -2.2781  -36.7640
eta,q 0.97953 12.77412
  0.0310  0.0253  0.0269  0.0253  0.0199  0.0225  0.0242  0.0243  0.0228  0.0248  0.0216  0.0217
  0.0293  0.0258  0.0262  0.0246  0.0205  0.0216  0.0226  0.0224  0.0217  0.0231  0.0211  0.0209
  0.0284  0.0268  0.0259  0.0246  0.0222  0.0210  0.0214  0.0213  0.0211  0.0218  0.0207  0.0205
  0.0282  0.0282  0.0261  0.0259  0.0245  0.0209  0.0209  0.0208  0.0208  0.0208  0.0206  0.0206
  0.0288  0.0298  0.0267  0.0290  0.0269  0.0215  0.0210  0.0213  0.0210  0.0206  0.0206  0.0211
  0.0302  0.0316  0.0278  0.0335  0.0294  0.0233  0.0217  0.0225  0.0215  0.0212  0.0209  0.0219
  0.0324  0.0335  0.0294  0.0383  0.0319  0.0268  0.0231  0.0247  0.0223  0.0227  0.0213  0.0229
niter,ni,del,rscale     7    3    5.0000    1.2000
parameter  2  0.633434 ->  0.500000 qaram    1.3225
parameters
    0.1444    1.6543  -13.0443  -10.0107  -19.0725  -12.1480
    1.5207    5.8253   -3.6840   34.3159   -2.7409  -37.7864
eta,q 0.98177 12.69197
  0.0237  0.0197  0.0205  0.0233  0.0209  0.0218  0.0216  0.0222  0.0206  0.0219  0.0192  0.0198
  0.0219  0.0192  0.0197  0.0216  0.0192  0.0203  0.0200  0.0201  0.0194  0.0203  0.0186  0.0188
  0.0208  0.0194  0.0193  0.0201  0.0184  0.0191  0.0188  0.0188  0.0186  0.0190  0.0184  0.0183
  0.0205  0.0205  0.0191  0.0191  0.0193  0.0184  0.0184  0.0184  0.0184  0.0183  0.0183  0.0183
  0.0209  0.0223  0.0194  0.0195  0.0217  0.0183  0.0187  0.0187  0.0186  0.0185  0.0185  0.0188
  0.0219  0.0247  0.0202  0.0219  0.0255  0.0191  0.0197  0.0200  0.0192  0.0195  0.0188  0.0197
  0.0236  0.0277  0.0213  0.0266  0.0295  0.0216  0.0214  0.0223  0.0204  0.0216  0.0194  0.0207
niter,ni,del,rscale     7    3    5.0000    1.2000
parameters
    0.1575    1.7651  -13.1467   -9.5156  -19.7210  -12.2070
    1.3581    5.9011   -3.6711   34.7097   -2.7112  -38.0090
eta,q 0.98192 12.70015
  0.0215  0.0231  0.0197  0.0232  0.0230  0.0213  0.0212  0.0221  0.0203  0.0217  0.0191  0.0200
  0.0197  0.0206  0.0189  0.0212  0.0207  0.0199  0.0196  0.0199  0.0191  0.0201  0.0185  0.0189
  0.0186  0.0189  0.0184  0.0195  0.0189  0.0188  0.0185  0.0186  0.0184  0.0188  0.0182  0.0183
  0.0182  0.0182  0.0182  0.0182  0.0181  0.0181  0.0181  0.0181  0.0181  0.0181  0.0181  0.0181
  0.0186  0.0186  0.0184  0.0179  0.0189  0.0180  0.0185  0.0185  0.0184  0.0182  0.0182  0.0184
  0.0197  0.0201  0.0191  0.0194  0.0213  0.0192  0.0197  0.0197  0.0191  0.0192  0.0185  0.0192
  0.0214  0.0225  0.0201  0.0234  0.0250  0.0222  0.0215  0.0220  0.0203  0.0213  0.0191  0.0202
niter,ni,del,rscale     6    3    5.0000    1.2000
parameters
    0.1607    1.8159  -13.2241   -9.4340  -19.8935  -12.2907
    1.3357    5.9036   -3.6631   34.8232   -2.7003  -38.1310
eta,q 0.98192 12.69938
  0.0213  0.0227  0.0196  0.0230  0.0233  0.0213  0.0212  0.0220  0.0203  0.0214  0.0191  0.0201
  0.0195  0.0203  0.0188  0.0210  0.0211  0.0199  0.0196  0.0198  0.0191  0.0199  0.0185  0.0189
  0.0185  0.0187  0.0183  0.0193  0.0191  0.0187  0.0185  0.0186  0.0183  0.0187  0.0182  0.0183
  0.0181  0.0181  0.0181  0.0181  0.0181  0.0181  0.0181  0.0181  0.0181  0.0181  0.0181  0.0181
  0.0185  0.0185  0.0183  0.0179  0.0186  0.0180  0.0185  0.0185  0.0183  0.0182  0.0182  0.0184
  0.0195  0.0201  0.0189  0.0197  0.0208  0.0192  0.0196  0.0197  0.0191  0.0194  0.0185  0.0191
  0.0213  0.0225  0.0199  0.0240  0.0243  0.0222  0.0213  0.0221  0.0203  0.0216  0.0191  0.0201
niter,ni,del,rscale     5    3    5.0000    1.2000
parameters
    0.1591    1.8306  -13.2601   -9.4088  -19.9459  -12.3204
    1.3255    5.9019   -3.6553   34.8712   -2.6981  -38.1871
eta,q 0.98192 12.69928
  0.0213  0.0226  0.0196  0.0229  0.0234  0.0214  0.0212  0.0220  0.0203  0.0214  0.0191  0.0201
  0.0195  0.0202  0.0188  0.0210  0.0212  0.0199  0.0196  0.0198  0.0191  0.0198  0.0185  0.0190
  0.0184  0.0187  0.0183  0.0193  0.0192  0.0187  0.0185  0.0186  0.0183  0.0187  0.0182  0.0183
  0.0181  0.0181  0.0181  0.0181  0.0181  0.0181  0.0181  0.0181  0.0181  0.0181  0.0181  0.0181
  0.0185  0.0186  0.0182  0.0179  0.0186  0.0179  0.0184  0.0184  0.0183  0.0182  0.0182  0.0184
  0.0195  0.0201  0.0188  0.0198  0.0207  0.0192  0.0195  0.0197  0.0191  0.0194  0.0185  0.0191
  0.0213  0.0226  0.0198  0.0241  0.0242  0.0222  0.0213  0.0221  0.0202  0.0216  0.0191  0.0201
niter,ni,del,rscale     4    3    5.0000    1.2000
parameters
    0.1576    1.8350  -13.2771   -9.4069  -19.9627  -12.3389
    1.3209    5.9044   -3.6525   34.8877   -2.6943  -38.2119
eta,q 0.98192 12.69892
  0.0213  0.0226  0.0197  0.0229  0.0235  0.0214  0.0212  0.0220  0.0203  0.0214  0.0191  0.0201
  0.0195  0.0202  0.0189  0.0210  0.0212  0.0199  0.0196  0.0198  0.0191  0.0198  0.0185  0.0190
  0.0184  0.0187  0.0183  0.0193  0.0192  0.0187  0.0185  0.0186  0.0183  0.0187  0.0182  0.0183
  0.0181  0.0181  0.0181  0.0181  0.0181  0.0181  0.0181  0.0181  0.0181  0.0181  0.0181  0.0181
  0.0185  0.0186  0.0182  0.0179  0.0186  0.0179  0.0184  0.0184  0.0183  0.0183  0.0182  0.0184
  0.0195  0.0201  0.0188  0.0198  0.0206  0.0192  0.0195  0.0197  0.0191  0.0195  0.0185  0.0191
  0.0213  0.0226  0.0198  0.0242  0.0241  0.0222  0.0213  0.0221  0.0203  0.0217  0.0191  0.0200
registration optimization eta report
parameter search radius
    2.4000    3.1740    2.4000    9.5220    9.5220    8.2800
    7.2000    7.2000    7.2000    7.2000    7.2000    7.2000
100000*second partial in parameter space
       56.       45.       28.        6.        6.        6.
        6.        8.        4.        7.        2.        4.
  0.0213  0.0226  0.0197  0.0229  0.0235  0.0214  0.0212  0.0220  0.0203  0.0214  0.0191  0.0201
  0.0195  0.0202  0.0189  0.0210  0.0212  0.0199  0.0196  0.0198  0.0191  0.0198  0.0185  0.0190
  0.0184  0.0187  0.0183  0.0193  0.0192  0.0187  0.0185  0.0186  0.0183  0.0187  0.0182  0.0183
  0.0181  0.0181  0.0181  0.0181  0.0181  0.0181  0.0181  0.0181  0.0181  0.0181  0.0181  0.0181
  0.0185  0.0186  0.0182  0.0179  0.0186  0.0179  0.0184  0.0184  0.0183  0.0183  0.0182  0.0184
  0.0195  0.0201  0.0188  0.0198  0.0206  0.0192  0.0195  0.0197  0.0191  0.0195  0.0185  0.0191
  0.0213  0.0226  0.0198  0.0242  0.0241  0.0222  0.0213  0.0221  0.0203  0.0217  0.0191  0.0200
    0.1576    1.8350  -13.2771   -9.4069  -19.9627  -12.3389
    1.3209    5.9044   -3.6525   34.8877   -2.6943  -38.2119
eta,q 0.98192 12.69892

---------------------------------------------------------------------
imgreg_4dfp /opt/freesurfer/average/711-2C_as_mni_average_305 /opt/freesurfer/average/711-2B_as_mni_average_305_mask talsrcimg_g11 none talsrcimg_to_711-2C_as_mni_average_305_t4 2311
---------------------------------------------------------------------

freesurfer imgreg_4dfp.c
/opt/freesurfer/average/711-2C_as_mni_average_305.4dfp.img
       256       256       256         1
  1.000000  1.000000  1.000000
orientation T byte_order littleendian
Reading image: /opt/freesurfer/average/711-2C_as_mni_average_305.4dfp.img
dimensions:      256       256       256
mmppix:       1.0000   -1.0000   -1.0000
center:     128.0000 -129.0000 -129.0000
/opt/freesurfer/average/711-2B_as_mni_average_305_mask.4dfp.img
       256       256       256         1
  1.000000  1.000000  1.000000
orientation T byte_order littleendian
Reading mask: /opt/freesurfer/average/711-2B_as_mni_average_305_mask.4dfp.img (2306576 pixels)
talsrcimg_g11.4dfp.img
       256       256       256         1
  1.000000  1.000000  1.000000
orientation T byte_order littleendian
Reading image: talsrcimg_g11.4dfp.img
dimensions:      256       256       256
mmppix:       1.0000   -1.0000   -1.0000
center:     128.0000 -129.0000 -129.0000
fimgreg.f
image alignment mode   2311 decimal      907 hex
parameters
    0.1576    1.8350  -13.2771   -9.4069  -19.9627  -12.3389
    1.3209    5.9044   -3.6525   34.8877   -2.6943  -38.2119
eta,q 0.98192 12.69892
niter,ni,del,rscale     5    3    5.0000    0.8000
parameters
    0.1540    1.8644  -13.2273   -7.6632  -19.6588  -11.3852
    1.2271    5.9028   -3.7137   35.1224   -2.4822  -38.0224
eta,q 0.98235 12.77574
  0.0195  0.0193  0.0189  0.0201  0.0198  0.0194  0.0192  0.0199  0.0188  0.0197  0.0183  0.0188
  0.0187  0.0187  0.0185  0.0193  0.0188  0.0187  0.0184  0.0187  0.0182  0.0188  0.0180  0.0182
  0.0182  0.0182  0.0182  0.0186  0.0181  0.0181  0.0178  0.0180  0.0178  0.0181  0.0177  0.0178
  0.0181  0.0181  0.0181  0.0181  0.0178  0.0178  0.0177  0.0177  0.0177  0.0177  0.0177  0.0177
  0.0183  0.0182  0.0181  0.0178  0.0179  0.0176  0.0179  0.0179  0.0178  0.0177  0.0177  0.0178
  0.0187  0.0186  0.0184  0.0179  0.0185  0.0178  0.0185  0.0186  0.0182  0.0184  0.0179  0.0181
  0.0195  0.0192  0.0188  0.0185  0.0194  0.0186  0.0194  0.0200  0.0188  0.0195  0.0182  0.0186
niter,ni,del,rscale     4    3    5.0000    0.7000
parameters
    0.1313    1.8636  -13.1350   -7.9402  -19.7279  -11.3052
    1.3096    5.8949   -3.7159   35.1972   -2.5160  -38.0592
eta,q 0.98235 12.77116
  0.0189  0.0187  0.0184  0.0188  0.0190  0.0187  0.0190  0.0193  0.0185  0.0192  0.0181  0.0185
  0.0182  0.0181  0.0180  0.0183  0.0183  0.0182  0.0183  0.0184  0.0180  0.0184  0.0178  0.0180
  0.0178  0.0178  0.0178  0.0178  0.0179  0.0179  0.0178  0.0179  0.0178  0.0179  0.0177  0.0177
  0.0177  0.0177  0.0177  0.0176  0.0177  0.0177  0.0177  0.0177  0.0177  0.0177  0.0177  0.0177
  0.0178  0.0178  0.0177  0.0178  0.0178  0.0176  0.0178  0.0178  0.0178  0.0177  0.0177  0.0178
  0.0182  0.0181  0.0179  0.0183  0.0184  0.0180  0.0182  0.0184  0.0181  0.0182  0.0179  0.0180
  0.0190  0.0187  0.0182  0.0194  0.0192  0.0188  0.0189  0.0194  0.0185  0.0192  0.0181  0.0185
niter,ni,del,rscale     3    3    5.0000    0.6000
parameters
    0.1302    1.8823  -13.1118   -7.8253  -19.7655  -11.1540
    1.2999    5.9347   -3.7153   35.2805   -2.5306  -38.0940
eta,q 0.98237 12.77682
  0.0186  0.0184  0.0181  0.0187  0.0187  0.0185  0.0186  0.0189  0.0183  0.0188  0.0180  0.0182
  0.0181  0.0180  0.0179  0.0182  0.0182  0.0181  0.0181  0.0182  0.0179  0.0182  0.0178  0.0179
  0.0178  0.0177  0.0177  0.0178  0.0178  0.0178  0.0177  0.0178  0.0177  0.0178  0.0177  0.0177
  0.0177  0.0177  0.0177  0.0177  0.0176  0.0176  0.0176  0.0176  0.0176  0.0176  0.0176  0.0176
  0.0178  0.0177  0.0177  0.0177  0.0178  0.0176  0.0177  0.0177  0.0177  0.0177  0.0177  0.0177
  0.0181  0.0180  0.0178  0.0180  0.0182  0.0178  0.0181  0.0181  0.0179  0.0181  0.0178  0.0179
  0.0186  0.0184  0.0181  0.0187  0.0188  0.0185  0.0186  0.0189  0.0183  0.0188  0.0180  0.0182
niter,ni,del,rscale     2    3    5.0000    0.5000
parameters
    0.1314    1.8981  -13.1029   -7.7364  -19.8149  -11.0186
    1.3001    5.9686   -3.7231   35.3545   -2.5099  -38.1521
eta,q 0.98239 12.78083
  0.0183  0.0182  0.0180  0.0184  0.0184  0.0182  0.0183  0.0185  0.0181  0.0185  0.0179  0.0180
  0.0179  0.0179  0.0178  0.0180  0.0180  0.0179  0.0179  0.0181  0.0178  0.0180  0.0177  0.0178
  0.0177  0.0177  0.0177  0.0178  0.0177  0.0177  0.0177  0.0177  0.0177  0.0178  0.0176  0.0177
  0.0176  0.0176  0.0176  0.0176  0.0176  0.0176  0.0176  0.0176  0.0176  0.0176  0.0176  0.0176
  0.0177  0.0177  0.0177  0.0177  0.0177  0.0176  0.0177  0.0177  0.0177  0.0177  0.0176  0.0177
  0.0179  0.0178  0.0178  0.0179  0.0180  0.0178  0.0179  0.0180  0.0178  0.0179  0.0177  0.0178
  0.0183  0.0181  0.0180  0.0183  0.0184  0.0182  0.0183  0.0185  0.0181  0.0184  0.0179  0.0180
niter,ni,del,rscale     1    3    5.0000    0.4000
parameters
    0.1315    1.9207  -13.0893   -7.6611  -19.8631  -10.8807
    1.2924    6.0013   -3.7237   35.4247   -2.5052  -38.2118
eta,q 0.98240 12.78446
  0.0180  0.0180  0.0178  0.0181  0.0181  0.0180  0.0180  0.0182  0.0179  0.0182  0.0178  0.0179
  0.0178  0.0178  0.0177  0.0179  0.0178  0.0178  0.0178  0.0179  0.0177  0.0179  0.0177  0.0177
  0.0177  0.0177  0.0176  0.0177  0.0177  0.0177  0.0176  0.0177  0.0176  0.0177  0.0176  0.0176
  0.0176  0.0176  0.0176  0.0176  0.0176  0.0176  0.0176  0.0176  0.0176  0.0176  0.0176  0.0176
  0.0176  0.0176  0.0176  0.0176  0.0177  0.0176  0.0176  0.0177  0.0176  0.0176  0.0176  0.0176
  0.0178  0.0177  0.0177  0.0178  0.0179  0.0177  0.0178  0.0178  0.0177  0.0178  0.0177  0.0177
  0.0180  0.0179  0.0178  0.0181  0.0182  0.0180  0.0180  0.0182  0.0179  0.0182  0.0178  0.0179
registration optimization eta report
parameter search radius
    0.8000    0.8000    0.8000    2.4000    2.4000    2.4000
    2.4000    2.4000    2.4000    2.4000    2.4000    2.4000
100000*second partial in parameter space
       65.       53.       34.        8.        9.        6.
        7.       10.        5.       10.        3.        5.
  0.0180  0.0180  0.0178  0.0181  0.0181  0.0180  0.0180  0.0182  0.0179  0.0182  0.0178  0.0179
  0.0178  0.0178  0.0177  0.0179  0.0178  0.0178  0.0178  0.0179  0.0177  0.0179  0.0177  0.0177
  0.0177  0.0177  0.0176  0.0177  0.0177  0.0177  0.0176  0.0177  0.0176  0.0177  0.0176  0.0176
  0.0176  0.0176  0.0176  0.0176  0.0176  0.0176  0.0176  0.0176  0.0176  0.0176  0.0176  0.0176
  0.0176  0.0176  0.0176  0.0176  0.0177  0.0176  0.0176  0.0177  0.0176  0.0176  0.0176  0.0176
  0.0178  0.0177  0.0177  0.0178  0.0179  0.0177  0.0178  0.0178  0.0177  0.0178  0.0177  0.0177
  0.0180  0.0179  0.0178  0.0181  0.0182  0.0180  0.0180  0.0182  0.0179  0.0182  0.0178  0.0179
    0.1315    1.9207  -13.0893   -7.6611  -19.8631  -10.8807
    1.2924    6.0013   -3.7237   35.4247   -2.5052  -38.2118
eta,q 0.98240 12.78446

---------------------------------------------------------------------
imgreg_4dfp /opt/freesurfer/average/711-2C_as_mni_average_305 /opt/freesurfer/average/711-2B_as_mni_average_305_mask talsrcimg_g11 none talsrcimg_to_711-2C_as_mni_average_305_t4 2311
---------------------------------------------------------------------

freesurfer imgreg_4dfp.c
/opt/freesurfer/average/711-2C_as_mni_average_305.4dfp.img
       256       256       256         1
  1.000000  1.000000  1.000000
orientation T byte_order littleendian
Reading image: /opt/freesurfer/average/711-2C_as_mni_average_305.4dfp.img
dimensions:      256       256       256
mmppix:       1.0000   -1.0000   -1.0000
center:     128.0000 -129.0000 -129.0000
/opt/freesurfer/average/711-2B_as_mni_average_305_mask.4dfp.img
       256       256       256         1
  1.000000  1.000000  1.000000
orientation T byte_order littleendian
Reading mask: /opt/freesurfer/average/711-2B_as_mni_average_305_mask.4dfp.img (2306576 pixels)
talsrcimg_g11.4dfp.img
       256       256       256         1
  1.000000  1.000000  1.000000
orientation T byte_order littleendian
Reading image: talsrcimg_g11.4dfp.img
dimensions:      256       256       256
mmppix:       1.0000   -1.0000   -1.0000
center:     128.0000 -129.0000 -129.0000
fimgreg.f
image alignment mode   2311 decimal      907 hex
parameters
    0.1315    1.9207  -13.0893   -7.6611  -19.8631  -10.8807
    1.2924    6.0013   -3.7237   35.4247   -2.5052  -38.2118
eta,q 0.98240 12.78446
niter,ni,del,rscale     5    3    5.0000    0.8000
parameters
    0.1382    1.9236  -13.0997   -8.1624  -19.9534  -11.3823
    1.3213    5.8831   -3.6944   35.2816   -2.5363  -38.0870
eta,q 0.98232 12.76227
  0.0193  0.0189  0.0185  0.0191  0.0194  0.0188  0.0193  0.0197  0.0188  0.0194  0.0183  0.0188
  0.0184  0.0182  0.0180  0.0183  0.0185  0.0182  0.0184  0.0186  0.0182  0.0186  0.0179  0.0182
  0.0178  0.0178  0.0177  0.0178  0.0179  0.0178  0.0179  0.0179  0.0178  0.0180  0.0177  0.0178
  0.0176  0.0176  0.0176  0.0176  0.0176  0.0176  0.0177  0.0177  0.0177  0.0177  0.0177  0.0177
  0.0178  0.0177  0.0177  0.0178  0.0178  0.0177  0.0178  0.0179  0.0178  0.0178  0.0178  0.0178
  0.0183  0.0182  0.0180  0.0186  0.0185  0.0185  0.0184  0.0186  0.0182  0.0186  0.0179  0.0181
  0.0193  0.0189  0.0185  0.0202  0.0196  0.0198  0.0193  0.0200  0.0188  0.0198  0.0183  0.0186
niter,ni,del,rscale     4    3    5.0000    0.7000
parameters
    0.1335    1.8998  -13.1284   -7.9059  -19.8169  -11.3251
    1.2980    5.8995   -3.7159   35.2707   -2.5244  -38.0684
eta,q 0.98235 12.77171
  0.0189  0.0186  0.0183  0.0191  0.0192  0.0187  0.0189  0.0193  0.0185  0.0191  0.0181  0.0185
  0.0182  0.0181  0.0180  0.0185  0.0184  0.0182  0.0182  0.0184  0.0180  0.0184  0.0178  0.0180
  0.0178  0.0178  0.0177  0.0180  0.0179  0.0179  0.0178  0.0179  0.0177  0.0179  0.0177  0.0177
  0.0177  0.0177  0.0177  0.0177  0.0177  0.0177  0.0176  0.0176  0.0176  0.0176  0.0176  0.0176
  0.0178  0.0178  0.0178  0.0177  0.0178  0.0176  0.0178  0.0178  0.0178  0.0178  0.0177  0.0178
  0.0182  0.0181  0.0180  0.0180  0.0182  0.0180  0.0182  0.0183  0.0180  0.0183  0.0178  0.0180
  0.0189  0.0187  0.0183  0.0189  0.0190  0.0189  0.0189  0.0194  0.0185  0.0193  0.0181  0.0184
niter,ni,del,rscale     3    3    5.0000    0.6000
parameters
    0.1325    1.8947  -13.1200   -7.8139  -19.7969  -11.1732
    1.2988    5.9350   -3.7150   35.3018   -2.5290  -38.1009
eta,q 0.98237 12.77664
  0.0186  0.0184  0.0181  0.0187  0.0187  0.0185  0.0186  0.0189  0.0183  0.0188  0.0180  0.0182
  0.0181  0.0180  0.0179  0.0182  0.0182  0.0181  0.0181  0.0182  0.0179  0.0182  0.0178  0.0179
  0.0177  0.0177  0.0177  0.0178  0.0178  0.0178  0.0177  0.0178  0.0177  0.0178  0.0177  0.0177
  0.0176  0.0176  0.0176  0.0176  0.0176  0.0176  0.0176  0.0176  0.0176  0.0176  0.0176  0.0176
  0.0177  0.0177  0.0177  0.0177  0.0178  0.0176  0.0177  0.0177  0.0177  0.0177  0.0177  0.0177
  0.0181  0.0180  0.0178  0.0180  0.0181  0.0178  0.0180  0.0182  0.0179  0.0181  0.0178  0.0179
  0.0186  0.0184  0.0181  0.0187  0.0187  0.0185  0.0186  0.0189  0.0183  0.0188  0.0180  0.0182
niter,ni,del,rscale     2    3    5.0000    0.5000
parameters
    0.1303    1.9049  -13.1052   -7.7274  -19.8207  -11.0256
    1.2944    5.9650   -3.7253   35.3604   -2.5092  -38.1638
eta,q 0.98239 12.78104
  0.0183  0.0182  0.0180  0.0184  0.0184  0.0182  0.0183  0.0185  0.0181  0.0185  0.0179  0.0180
  0.0179  0.0179  0.0178  0.0180  0.0180  0.0179  0.0179  0.0180  0.0178  0.0180  0.0177  0.0178
  0.0177  0.0177  0.0177  0.0178  0.0177  0.0177  0.0177  0.0177  0.0177  0.0177  0.0176  0.0176
  0.0176  0.0176  0.0176  0.0176  0.0176  0.0176  0.0176  0.0176  0.0176  0.0176  0.0176  0.0176
  0.0177  0.0177  0.0177  0.0177  0.0177  0.0176  0.0177  0.0177  0.0177  0.0177  0.0176  0.0177
  0.0179  0.0179  0.0178  0.0179  0.0180  0.0178  0.0179  0.0180  0.0178  0.0179  0.0177  0.0178
  0.0183  0.0181  0.0180  0.0183  0.0184  0.0182  0.0183  0.0185  0.0181  0.0185  0.0179  0.0181
niter,ni,del,rscale     1    3    5.0000    0.4000
parameters
    0.1285    1.9218  -13.0920   -7.6592  -19.8696  -10.8805
    1.2917    5.9957   -3.7174   35.4288   -2.5190  -38.2157
eta,q 0.98240 12.78441
  0.0180  0.0180  0.0178  0.0181  0.0181  0.0180  0.0180  0.0182  0.0179  0.0182  0.0178  0.0179
  0.0178  0.0178  0.0177  0.0178  0.0178  0.0178  0.0178  0.0179  0.0177  0.0179  0.0177  0.0177
  0.0177  0.0177  0.0176  0.0177  0.0177  0.0177  0.0176  0.0177  0.0176  0.0177  0.0176  0.0176
  0.0176  0.0176  0.0176  0.0176  0.0176  0.0176  0.0176  0.0176  0.0176  0.0176  0.0176  0.0176
  0.0177  0.0176  0.0176  0.0176  0.0177  0.0176  0.0176  0.0177  0.0176  0.0176  0.0176  0.0176
  0.0178  0.0178  0.0177  0.0178  0.0178  0.0177  0.0178  0.0178  0.0177  0.0178  0.0177  0.0177
  0.0180  0.0179  0.0178  0.0181  0.0182  0.0180  0.0180  0.0182  0.0179  0.0182  0.0178  0.0179
registration optimization eta report
parameter search radius
    0.8000    0.8000    0.8000    2.4000    2.4000    2.4000
    2.4000    2.4000    2.4000    2.4000    2.4000    2.4000
100000*second partial in parameter space
       65.       53.       34.        8.        9.        6.
        7.       11.        5.       10.        3.        5.
  0.0180  0.0180  0.0178  0.0181  0.0181  0.0180  0.0180  0.0182  0.0179  0.0182  0.0178  0.0179
  0.0178  0.0178  0.0177  0.0178  0.0178  0.0178  0.0178  0.0179  0.0177  0.0179  0.0177  0.0177
  0.0177  0.0177  0.0176  0.0177  0.0177  0.0177  0.0176  0.0177  0.0176  0.0177  0.0176  0.0176
  0.0176  0.0176  0.0176  0.0176  0.0176  0.0176  0.0176  0.0176  0.0176  0.0176  0.0176  0.0176
  0.0177  0.0176  0.0176  0.0176  0.0177  0.0176  0.0176  0.0177  0.0176  0.0176  0.0176  0.0176
  0.0178  0.0178  0.0177  0.0178  0.0178  0.0177  0.0178  0.0178  0.0177  0.0178  0.0177  0.0177
  0.0180  0.0179  0.0178  0.0181  0.0182  0.0180  0.0180  0.0182  0.0179  0.0182  0.0178  0.0179
    0.1285    1.9218  -13.0920   -7.6592  -19.8696  -10.8805
    1.2917    5.9957   -3.7174   35.4288   -2.5190  -38.2157
eta,q 0.98240 12.78441

---------------------------------------------------------------------
compute_vox2vox talsrcimg talsrcimg_to_711-2C_as_mni_average_305_t4 /opt/freesurfer/average/711-2C_as_mni_average_305
---------------------------------------------------------------------

freesurfer compute_vox2vox.c
Reading: talsrcimg.4dfp.ifh
Reading: talsrcimg_to_711-2C_as_mni_average_305_t4
Reading: /opt/freesurfer/average/711-2C_as_mni_average_305.4dfp.ifh
Writing: talsrcimg_to_711-2C_as_mni_average_305_t4_vox2vox.txt

start time Thu Mar 12 11:08:09 CET 2026
end		time Thu Mar 12 11:09:40 CET 2026

mpr2mni305 success

avi2talxfm orig_nu.mgz /opt/freesurfer/average/mni305.cor.mgz talsrcimg_to_711-2C_as_mni_average_305_t4_vox2vox.txt transforms/talairach.auto.xfm
avi2talxfm done
mv -f /out/sourcedata/freesurfer/sub-v1s12x0050102_ses-1/mri/talsrcimg_to_711-2C_as_mni_average_305_t4_vox2vox.txt /out/sourcedata/freesurfer/sub-v1s12x0050102_ses-1/mri/transforms/talsrcimg_to_711-2C_as_mni_average_305_t4_vox2vox.txt
lta_convert --src orig_nu.mgz --trg /opt/freesurfer/average/mni305.cor.mgz --inxfm transforms/talairach.auto.xfm --outlta transforms/talairach.auto.xfm.lta --subject fsaverage
7.3.2

--src: orig_nu.mgz src image (geometry).
--trg: /opt/freesurfer/average/mni305.cor.mgz trg image (geometry).
--inmni: transforms/talairach.auto.xfm input MNI/XFM transform.
--outlta: transforms/talairach.auto.xfm.lta output LTA.
--s: fsaverage subject name
 LTA read, type : 1
 1.07968  -0.05524  -0.04375   3.99213;
 0.04371   0.94102   0.44808  -14.36079;
 0.03076  -0.41862   1.04782  -29.56430;
 0.00000   0.00000   0.00000   1.00000;
setting subject to fsaverage
Writing  LTA to file transforms/talairach.auto.xfm.lta...
lta_convert successful.
 
 
Started at Thu Mar 12 11:08:09 CET 2026
Ended   at Thu Mar 12 11:09:40 CET 2026
talairach_avi done
