/out/sourcedata/freesurfer/sub-v1s12x0050111_ses-1/mri
/opt/freesurfer/bin/talairach_avi
--i orig_nu.mgz --xfm transforms/talairach.auto.xfm
talairach_avi 7.3.2
Linux dna080 5.14.0-427.37.1.el9_4.x86_64 #1 SMP PREEMPT_DYNAMIC Fri Sep 13 12:41:50 EDT 2024 x86_64 x86_64 x86_64 GNU/Linux
Sun Mar  8 12:45:04 CET 2026
mri_convert orig_nu.mgz talsrcimg.img 
reading from orig_nu.mgz...
TR=0.00, TE=0.00, TI=0.00, flip angle=0.00
i_ras = (-1, 0, 0)
j_ras = (0, 0, -1)
k_ras = (0, 1, 0)
writing to talsrcimg.img...
Analyze Output Matrix
-1.00000   0.00000   0.00000   129.28717;
 0.00000   0.00000   1.00000  -133.08475;
 0.00000  -1.00000   0.00000   152.71643;
 0.00000   0.00000   0.00000   1.00000;
--------------------
INFO: set hdr.hist.orient to -1
mpr2mni305 talsrcimg
Sun Mar  8 12:45:04 CET 2026
/opt/freesurfer/bin/mpr2mni305 talsrcimg
mpr2mni305 7.3.2
target=711-2C_as_mni_average_305

---------------------------------------------------------------------
analyzeto4dfp talsrcimg -O0 -y
---------------------------------------------------------------------

freesurfer ifh2hdr.c
Sun Mar  8 12:45:05 2026
Writing: talsrcimg.4dfp.hdr
freesurfer analyzeto4dfp.c
Reading: talsrcimg.hdr
header size 348 bytes
hdr.dime.datatype	offset=70	value=2
hdr.dime.bitpix		offset=72	value=8
hdr.hist.orient		offset=252	value=-1
dimensionality     4
dimensions       256       256       256         1
Reading: talsrcimg.img
Writing: talsrcimg.4dfp.img
Writing: talsrcimg.4dfp.ifh
ifh2hdr talsrcimg -r0to191
ori=2

---------------------------------------------------------------------
gauss_4dfp talsrcimg 1.1
---------------------------------------------------------------------

freesurfer gauss_4dfp.c
Reading: talsrcimg.4dfp.img
Writing: talsrcimg_g11.4dfp.img
image dimensions 256 256 256 padded to 288 288 288
processing volume 1freesurfer ifh2hdr.c
Sun Mar  8 12:45:06 2026
Writing: talsrcimg_g11.4dfp.hdr

Writing: talsrcimg_g11.4dfp.ifh
including: talsrcimg.4dfp.img.rec in talsrcimg_g11.4dfp.img.rec

---------------------------------------------------------------------
imgreg_4dfp /opt/freesurfer/average/711-2C_as_mni_average_305 none talsrcimg_g11 none talsrcimg_to_711-2C_as_mni_average_305_t4 4355
---------------------------------------------------------------------

freesurfer imgreg_4dfp.c
/opt/freesurfer/average/711-2C_as_mni_average_305.4dfp.img
       256       256       256         1
  1.000000  1.000000  1.000000
orientation T byte_order littleendian
Reading image: /opt/freesurfer/average/711-2C_as_mni_average_305.4dfp.img
dimensions:      256       256       256
mmppix:       1.0000   -1.0000   -1.0000
center:     128.0000 -129.0000 -129.0000
talsrcimg_g11.4dfp.img
       256       256       256         1
  1.000000  1.000000  1.000000
orientation T byte_order littleendian
Reading image: talsrcimg_g11.4dfp.img
dimensions:      256       256       256
mmppix:       1.0000   -1.0000   -1.0000
center:     128.0000 -129.0000 -129.0000
t4_read: open error in t4_sub.f l:  41 t4_file(1:l)talsrcimg_to_711-2C_as_mni_average_305_t4 
t4_read: transform initialized to I4
rotation matrix determinant  1.000000
image alignment mode   4355 decimal     1103 hex
   -7.5000  -45.0000  -45.0000 8369.0957   18.0756
    0.0000  -45.0000  -45.0000 8725.5684   18.0948
    7.5000  -45.0000  -45.0000 8292.9570   18.0700
   -7.5000  -37.5000  -45.0000 8929.2490   18.0511
    0.0000  -37.5000  -45.0000 9319.3799   18.0668
    7.5000  -37.5000  -45.0000 8858.8672   18.0446
   -7.5000  -30.0000  -45.0000 9826.8604   18.0466
    0.0000  -30.0000  -45.000010265.0098   18.0679
    7.5000  -30.0000  -45.0000 9758.1348   18.0499
   -7.5000  -22.5000  -45.000010608.0869   18.0596
    0.0000  -22.5000  -45.000011078.3809   18.0910
    7.5000  -22.5000  -45.000010540.2119   18.0740
   -7.5000  -15.0000  -45.000011316.3398   18.0749
    0.0000  -15.0000  -45.000011827.0498   18.1102
    7.5000  -15.0000  -45.000011244.4131   18.0904
   -7.5000   -7.5000  -45.000011955.1592   18.0764
    0.0000   -7.5000  -45.000012498.4795   18.1049
    7.5000   -7.5000  -45.000011885.7461   18.0816
   -7.5000    0.0000  -45.000012504.8887   18.0655
    0.0000    0.0000  -45.000013065.1113   18.0847
    7.5000    0.0000  -45.000012446.6328   18.0599
   -7.5000    7.5000  -45.000012064.6934   18.0511
    0.0000    7.5000  -45.000012615.7266   18.0668
    7.5000    7.5000  -45.000012002.0732   18.0446
   -7.5000   15.0000  -45.000011620.6064   18.0466
    0.0000   15.0000  -45.000012130.9873   18.0679
    7.5000   15.0000  -45.000011500.7695   18.0499
   -7.5000   22.5000  -45.000011031.1387   18.0571
    0.0000   22.5000  -45.000011505.9092   18.0886
    7.5000   22.5000  -45.000010897.8750   18.0715
   -7.5000   30.0000  -45.000010213.2754   17.8340
    0.0000   30.0000  -45.000010639.5303   17.8688
    7.5000   30.0000  -45.000010079.6904   17.8494
   -7.5000   37.5000  -45.0000 9626.7793   17.8355
    0.0000   37.5000  -45.000010020.6836   17.8636
    7.5000   37.5000  -45.0000 9475.6689   17.8407
   -7.5000   45.0000  -45.0000 8756.7939   17.3728
    0.0000   45.0000  -45.0000 9146.3242   17.3912
    7.5000   45.0000  -45.0000 8623.3955   17.3674
   -7.5000  -45.0000  -37.5000 8875.7168   18.0094
    0.0000  -45.0000  -37.5000 9265.9814   18.0291
    7.5000  -45.0000  -37.5000 8804.4229   18.0100
   -7.5000  -37.5000  -37.5000 9455.5596   17.9925
    0.0000  -37.5000  -37.5000 9869.5771   18.0111
    7.5000  -37.5000  -37.5000 9375.5820   17.9935
   -7.5000  -30.0000  -37.500010422.8691   17.9949
    0.0000  -30.0000  -37.500010872.8994   18.0181
    7.5000  -30.0000  -37.500010319.4424   18.0032
   -7.5000  -22.5000  -37.500011269.7627   18.0061
    0.0000  -22.5000  -37.500011752.6045   18.0362
    7.5000  -22.5000  -37.500011156.7246   18.0214
   -7.5000  -15.0000  -37.500012017.6846   18.0132
    0.0000  -15.0000  -37.500012519.8652   18.0444
    7.5000  -15.0000  -37.500011919.2578   18.0277
   -7.5000   -7.5000  -37.500012677.8232   18.0090
    0.0000   -7.5000  -37.500013201.5312   18.0342
    7.5000   -7.5000  -37.500012593.5117   18.0159
   -7.5000    0.0000  -37.500013273.7041   17.9995
    0.0000    0.0000  -37.500013819.4043   18.0191
    7.5000    0.0000  -37.500013183.2646   18.0000
   -7.5000    7.5000  -37.500012788.9482   17.9925
    0.0000    7.5000  -37.500013337.0146   18.0111
    7.5000    7.5000  -37.500012696.2607   17.9935
   -7.5000   15.0000  -37.500012233.2939   17.9949
    0.0000   15.0000  -37.500012748.0859   18.0181
    7.5000   15.0000  -37.500012096.6035   18.0032
   -7.5000   22.5000  -37.500011594.7949   18.0036
    0.0000   22.5000  -37.500012101.2783   18.0338
    7.5000   22.5000  -37.500011475.4102   18.0189
   -7.5000   30.0000  -37.500010756.4014   17.7731
    0.0000   30.0000  -37.500011202.4639   17.8040
    7.5000   30.0000  -37.500010613.8320   17.7875
   -7.5000   37.5000  -37.500010118.0996   17.7690
    0.0000   37.5000  -37.500010537.0801   17.7939
    7.5000   37.5000  -37.5000 9981.2637   17.7758
   -7.5000   45.0000  -37.5000 9173.6680   17.3093
    0.0000   45.0000  -37.5000 9574.8496   17.3282
    7.5000   45.0000  -37.5000 9070.2109   17.3098
   -7.5000  -45.0000  -30.0000 9531.7285   18.7511
    0.0000  -45.0000  -30.0000 9954.0000   18.7688
    7.5000  -45.0000  -30.0000 9464.4951   18.7453
   -7.5000  -37.5000  -30.000010144.8350   18.7396
    0.0000  -37.5000  -30.000010576.6426   18.7579
    7.5000  -37.5000  -30.000010062.3730   18.7339
   -7.5000  -30.0000  -30.000011160.4307   18.7440
    0.0000  -30.0000  -30.000011630.1182   18.7626
    7.5000  -30.0000  -30.000011061.1611   18.7402
   -7.5000  -22.5000  -30.000012070.0342   18.7512
    0.0000  -22.5000  -30.000012578.4141   18.7703
    7.5000  -22.5000  -30.000011960.3545   18.7484
   -7.5000  -15.0000  -30.000012873.5830   18.7521
    0.0000  -15.0000  -30.000013419.0908   18.7698
    7.5000  -15.0000  -30.000012777.0342   18.7474
   -7.5000   -7.5000  -30.000013609.0732   18.7463
    0.0000   -7.5000  -30.000014183.5869   18.7628
    7.5000   -7.5000  -30.000013530.7393   18.7403
   -7.5000    0.0000  -30.000014238.1436   18.7409
    0.0000    0.0000  -30.000014848.8115   18.7586
    7.5000    0.0000  -30.000014155.7979   18.7350
   -7.5000    7.5000  -30.000013701.8135   18.7396
    0.0000    7.5000  -30.000014286.5381   18.7579
    7.5000    7.5000  -30.000013593.4082   18.7339
   -7.5000   15.0000  -30.000013025.4658   18.7440
    0.0000   15.0000  -30.000013589.2002   18.7626
    7.5000   15.0000  -30.000012884.6699   18.7402
   -7.5000   22.5000  -30.000012340.8936   18.7467
    0.0000   22.5000  -30.000012868.9668   18.7658
    7.5000   22.5000  -30.000012188.4785   18.7439
   -7.5000   30.0000  -30.000011470.6260   18.5040
    0.0000   30.0000  -30.000011927.0859   18.5214
    7.5000   30.0000  -30.000011322.5527   18.4994
   -7.5000   37.5000  -30.000010795.0117   18.4982
    0.0000   37.5000  -30.000011219.8223   18.5145
    7.5000   37.5000  -30.000010657.6113   18.4923
   -7.5000   45.0000  -30.0000 9773.7822   18.0355
    0.0000   45.0000  -30.000010175.6973   18.0525
    7.5000   45.0000  -30.0000 9681.8115   18.0298
   -7.5000  -45.0000  -22.500010173.4395   19.4316
    0.0000  -45.0000  -22.500010633.9395   19.4468
    7.5000  -45.0000  -22.500010089.9893   19.4107
   -7.5000  -37.5000  -22.500010820.6143   19.4185
    0.0000  -37.5000  -22.500011283.5127   19.4332
    7.5000  -37.5000  -22.500010722.5625   19.3958
   -7.5000  -30.0000  -22.500011867.0830   19.4181
    0.0000  -30.0000  -22.500012362.9971   19.4290
    7.5000  -30.0000  -22.500011750.7832   19.3932
   -7.5000  -22.5000  -22.500012849.3730   19.4218
    0.0000  -22.5000  -22.500013387.0742   19.4303
    7.5000  -22.5000  -22.500012730.1230   19.3961
   -7.5000  -15.0000  -22.500013709.2314   19.4240
    0.0000  -15.0000  -22.500014305.0449   19.4319
    7.5000  -15.0000  -22.500013574.4014   19.3980
   -7.5000   -7.5000  -22.500014479.9521   19.4227
    0.0000   -7.5000  -22.500015106.7588   19.4335
    7.5000   -7.5000  -22.500014374.6914   19.3994
   -7.5000    0.0000  -22.500015122.4756   19.4210
    0.0000    0.0000  -22.500015827.6709   19.4362
    7.5000    0.0000  -22.500015045.3525   19.4001
   -7.5000    7.5000  -22.500014560.4561   19.4185
    0.0000    7.5000  -22.500015235.8955   19.4332
    7.5000    7.5000  -22.500014456.8945   19.3958
   -7.5000   15.0000  -22.500013823.6660   19.4181
    0.0000   15.0000  -22.500014468.3496   19.4290
    7.5000   15.0000  -22.500013714.4541   19.3932
   -7.5000   22.5000  -22.500013069.4336   19.4158
    0.0000   22.5000  -22.500013635.7773   19.4243
    7.5000   22.5000  -22.500012941.4062   19.3901
   -7.5000   30.0000  -22.500012157.3965   19.1699
    0.0000   30.0000  -22.500012651.8633   19.1777
    7.5000   30.0000  -22.500012034.4443   19.1443
   -7.5000   37.5000  -22.500011458.3252   19.1687
    0.0000   37.5000  -22.500011923.6172   19.1793
    7.5000   37.5000  -22.500011359.6357   19.1456
   -7.5000   45.0000  -22.500010370.8672   18.7040
    0.0000   45.0000  -22.500010784.9502   18.7186
    7.5000   45.0000  -22.500010295.0762   18.6838
   -7.5000  -45.0000  -15.000010800.3174   19.9462
    0.0000  -45.0000  -15.000011262.5469   19.9625
    7.5000  -45.0000  -15.000010723.1221   19.9184
   -7.5000  -37.5000  -15.000011486.1152   19.9262
    0.0000  -37.5000  -15.000011951.8643   19.9391
    7.5000  -37.5000  -15.000011402.0820   19.8948
   -7.5000  -30.0000  -15.000012579.4795   19.9202
    0.0000  -30.0000  -15.000013081.0605   19.9288
    7.5000  -30.0000  -15.000012474.4053   19.8872
   -7.5000  -22.5000  -15.000013616.0928   19.9259
    0.0000  -22.5000  -15.000014179.8896   19.9346
    7.5000  -22.5000  -15.000013508.0039   19.8946
   -7.5000  -15.0000  -15.000014490.4854   19.9356
    0.0000  -15.0000  -15.000015120.7266   19.9469
    7.5000  -15.0000  -15.000014377.1035   19.9063
   -7.5000   -7.5000  -15.000015250.4844   19.9389
    0.0000   -7.5000  -15.000015942.5098   19.9536
    7.5000   -7.5000  -15.000015180.8809   19.9114
   -7.5000    0.0000  -15.000015957.8350   19.9353
    0.0000    0.0000  -15.000016768.6055   19.9516
    7.5000    0.0000  -15.000015920.0508   19.9074
   -7.5000    7.5000  -15.000015390.8691   19.9262
    0.0000    7.5000  -15.000016165.1406   19.9391
    7.5000    7.5000  -15.000015352.4697   19.8948
   -7.5000   15.0000  -15.000014600.4717   19.9202
    0.0000   15.0000  -15.000015342.0156   19.9288
    7.5000   15.0000  -15.000014557.7998   19.8872
   -7.5000   22.5000  -15.000013754.7803   19.9188
    0.0000   22.5000  -15.000014419.0498   19.9276
    7.5000   22.5000  -15.000013680.3662   19.8876
   -7.5000   30.0000  -15.000012803.5264   19.6776
    0.0000   30.0000  -15.000013385.4473   19.6888
    7.5000   30.0000  -15.000012726.3730   19.6487
   -7.5000   37.5000  -15.000012118.2617   19.6809
    0.0000   37.5000  -15.000012654.7266   19.6953
    7.5000   37.5000  -15.000012045.5850   19.6537
   -7.5000   45.0000  -15.000010960.1738   19.2108
    0.0000   45.0000  -15.000011431.6064   19.2265
    7.5000   45.0000  -15.000010913.4346   19.1839
   -7.5000  -45.0000   -7.500011409.9639   20.1884
    0.0000  -45.0000   -7.500011898.2998   20.2076
    7.5000  -45.0000   -7.500011363.0303   20.1691
   -7.5000  -37.5000   -7.500012133.7939   20.1622
    0.0000  -37.5000   -7.500012647.3594   20.1764
    7.5000  -37.5000   -7.500012074.7324   20.1399
   -7.5000  -30.0000   -7.500013272.0225   20.1545
    0.0000  -30.0000   -7.500013820.6543   20.1695
    7.5000  -30.0000   -7.500013203.9951   20.1373
   -7.5000  -22.5000   -7.500014404.3105   20.1655
    0.0000  -22.5000   -7.500015032.0283   20.1873
    7.5000  -22.5000   -7.500014332.9658   20.1566
   -7.5000  -15.0000   -7.500015312.6123   20.1815
    0.0000  -15.0000   -7.500016063.9736   20.2085
    7.5000  -15.0000   -7.500015265.0908   20.1753
   -7.5000   -7.5000   -7.500016076.6113   20.1856
    0.0000   -7.5000   -7.500016920.2148   20.2106
    7.5000   -7.5000   -7.500016081.2588   20.1740
   -7.5000    0.0000   -7.500016834.1543   20.1772
    0.0000    0.0000   -7.500017775.6387   20.1964
    7.5000    0.0000   -7.500016871.2207   20.1578
   -7.5000    7.5000   -7.500016253.9531   20.1622
    0.0000    7.5000   -7.500017190.0195   20.1764
    7.5000    7.5000   -7.500016314.6582   20.1399
   -7.5000   15.0000   -7.500015425.8369   20.1545
    0.0000   15.0000   -7.500016298.3643   20.1695
    7.5000   15.0000   -7.500015469.0752   20.1373
   -7.5000   22.5000   -7.500014489.1982   20.1562
    0.0000   22.5000   -7.500015280.1357   20.1780
    7.5000   22.5000   -7.500014509.0830   20.1472
   -7.5000   30.0000   -7.500013495.4932   19.9198
    0.0000   30.0000   -7.500014178.7158   19.9464
    7.5000   30.0000   -7.500013458.3301   19.9137
   -7.5000   37.5000   -7.500012795.7295   19.9239
    0.0000   37.5000   -7.500013436.5283   19.9485
    7.5000   37.5000   -7.500012786.7217   19.9124
   -7.5000   45.0000   -7.500011568.6270   19.4476
    0.0000   45.0000   -7.500012134.1133   19.4662
    7.5000   45.0000   -7.500011568.8633   19.4290
   -7.5000  -45.0000    0.000011941.8389   20.1978
    0.0000  -45.0000    0.000012479.4834   20.2194
    7.5000  -45.0000    0.000011875.0938   20.1919
   -7.5000  -37.5000    0.000012693.1514   20.1719
    0.0000  -37.5000    0.000013259.8418   20.1895
    7.5000  -37.5000    0.000012630.5869   20.1649
   -7.5000  -30.0000    0.000013898.5176   20.1678
    0.0000  -30.0000    0.000014491.7852   20.1915
    7.5000  -30.0000    0.000013840.8633   20.1716
   -7.5000  -22.5000    0.000015136.6279   20.1815
    0.0000  -22.5000    0.000015847.9922   20.2166
    7.5000  -22.5000    0.000015091.9941   20.1977
   -7.5000  -15.0000    0.000016114.3125   20.1971
    0.0000  -15.0000    0.000017078.7773   20.2366
    7.5000  -15.0000    0.000016173.3633   20.2148
   -7.5000   -7.5000    0.000016881.8574   20.1981
    0.0000   -7.5000    0.000017996.4062   20.2300
    7.5000   -7.5000    0.000017049.4395   20.2043
   -7.5000    0.0000    0.000017652.2539   20.1866
    0.0000    0.0000    0.000018802.1484   20.2081
    7.5000    0.0000    0.000017819.1289   20.1806
   -7.5000    7.5000    0.000017082.0781   20.1719
    0.0000    7.5000    0.000018161.8516   20.1895
    7.5000    7.5000    0.000017197.1309   20.1649
   -7.5000   15.0000    0.000016204.5664   20.1678
    0.0000   15.0000    0.000017189.7754   20.1915
    7.5000   15.0000    0.000016295.0254   20.1716
   -7.5000   22.5000    0.000015221.0225   20.1722
    0.0000   22.5000    0.000016087.7344   20.2073
    7.5000   22.5000    0.000015231.0400   20.1884
   -7.5000   30.0000    0.000014175.8486   19.9357
    0.0000   30.0000    0.000014913.4492   19.9747
    7.5000   30.0000    0.000014071.4512   19.9532
   -7.5000   37.5000    0.000013435.8760   19.9367
    0.0000   37.5000    0.000014147.5430   19.9682
    7.5000   37.5000    0.000013365.5059   19.9428
   -7.5000   45.0000    0.000012164.5449   19.4582
    0.0000   45.0000    0.000012796.3877   19.4790
    7.5000   45.0000    0.000012106.4434   19.4525
   -7.5000  -45.0000    7.500011579.3848   20.1529
    0.0000  -45.0000    7.500012077.2891   20.1749
    7.5000  -45.0000    7.500011502.8027   20.1536
   -7.5000  -37.5000    7.500012288.3945   20.1340
    0.0000  -37.5000    7.500012831.9160   20.1548
    7.5000  -37.5000    7.500012227.9668   20.1351
   -7.5000  -30.0000    7.500013475.5713   20.1366
    0.0000  -30.0000    7.500014061.2295   20.1625
    7.5000  -30.0000    7.500013423.4883   20.1459
   -7.5000  -22.5000    7.500014673.9766   20.1491
    0.0000  -22.5000    7.500015460.6885   20.1828
    7.5000  -22.5000    7.500014692.4756   20.1662
   -7.5000  -15.0000    7.500015672.0420   20.1570
    0.0000  -15.0000    7.500016733.6641   20.1920
    7.5000  -15.0000    7.500015785.7637   20.1733
   -7.5000   -7.5000    7.500016464.1562   20.1523
    0.0000   -7.5000    7.500017557.7637   20.1806
    7.5000   -7.5000    7.500016570.4668   20.1601
   -7.5000    0.0000    7.500017264.0703   20.1418
    0.0000    0.0000    7.500018306.4785   20.1637
    7.5000    0.0000    7.500017304.7656   20.1424
   -7.5000    7.5000    7.500016694.7832   20.1340
    0.0000    7.5000    7.500017617.7129   20.1548
    7.5000    7.5000    7.500016654.9492   20.1351
   -7.5000   15.0000    7.500015854.9473   20.1366
    0.0000   15.0000    7.500016706.5488   20.1625
    7.5000   15.0000    7.500015790.1436   20.1459
   -7.5000   22.5000    7.500014830.8896   20.1398
    0.0000   22.5000    7.500015585.8799   20.1735
    7.5000   22.5000    7.500014704.2773   20.1569
   -7.5000   30.0000    7.500013736.7783   19.8962
    0.0000   30.0000    7.500014385.8066   19.9307
    7.5000   30.0000    7.500013546.4678   19.9122
   -7.5000   37.5000    7.500013027.8184   19.8915
    0.0000   37.5000    7.500013643.2842   19.9194
    7.5000   37.5000    7.500012846.4658   19.8992
   -7.5000   45.0000    7.500011774.1152   19.4151
    0.0000   45.0000    7.500012354.4336   19.4362
    7.5000   45.0000    7.500011608.6338   19.4156
   -7.5000  -45.0000   15.000011037.1982   20.1542
    0.0000  -45.0000   15.000011518.9873   20.1731
    7.5000  -45.0000   15.000011004.5137   20.1475
   -7.5000  -37.5000   15.000011732.6719   20.1415
    0.0000  -37.5000   15.000012222.8633   20.1610
    7.5000  -37.5000   15.000011685.8945   20.1349
   -7.5000  -30.0000   15.000012902.6650   20.1460
    0.0000  -30.0000   15.000013416.8506   20.1657
    7.5000  -30.0000   15.000012858.9561   20.1413
   -7.5000  -22.5000   15.000014064.8496   20.1537
    0.0000  -22.5000   15.000014709.7734   20.1740
    7.5000  -22.5000   15.000014044.6582   20.1502
   -7.5000  -15.0000   15.000015075.2207   20.1550
    0.0000  -15.0000   15.000015811.9463   20.1738
    7.5000  -15.0000   15.000014989.6553   20.1495
   -7.5000   -7.5000   15.000015973.1797   20.1490
    0.0000   -7.5000   15.000016639.5566   20.1666
    7.5000   -7.5000   15.000015731.7676   20.1421
   -7.5000    0.0000   15.000016814.6309   20.1432
    0.0000    0.0000   15.000017507.7129   20.1621
    7.5000    0.0000   15.000016492.5508   20.1364
   -7.5000    7.5000   15.000016240.6279   20.1415
    0.0000    7.5000   15.000016977.9590   20.1610
    7.5000    7.5000   15.000015939.3076   20.1349
   -7.5000   15.0000   15.000015332.9082   20.1460
    0.0000   15.0000   15.000016101.6484   20.1657
    7.5000   15.0000   15.000015108.3525   20.1413
   -7.5000   22.5000   15.000014236.5107   20.1444
    0.0000   22.5000   15.000014946.7246   20.1647
    7.5000   22.5000   15.000014028.2930   20.1409
   -7.5000   30.0000   15.000013105.2793   19.8941
    0.0000   30.0000   15.000013719.6680   19.9127
    7.5000   30.0000   15.000012896.3877   19.8887
   -7.5000   37.5000   15.000012399.3643   19.8882
    0.0000   37.5000   15.000012992.4023   19.9056
    7.5000   37.5000   15.000012236.8379   19.8814
   -7.5000   45.0000   15.000011181.3584   19.4164
    0.0000   45.0000   15.000011729.6211   19.4346
    7.5000   45.0000   15.000011037.2207   19.4099
   -7.5000  -45.0000   22.500010385.8867   20.2428
    0.0000  -45.0000   22.500010821.0752   20.2580
    7.5000  -45.0000   22.500010394.9424   20.2194
   -7.5000  -37.5000   22.500011043.0479   20.2285
    0.0000  -37.5000   22.500011467.2295   20.2430
    7.5000  -37.5000   22.500011034.2891   20.2029
   -7.5000  -30.0000   22.500012192.4229   20.2277
    0.0000  -30.0000   22.500012640.3730   20.2382
    7.5000  -30.0000   22.500012160.8867   20.1997
   -7.5000  -22.5000   22.500013267.6104   20.2322
    0.0000  -22.5000   22.500013844.2988   20.2401
    7.5000  -22.5000   22.500013218.8916   20.2034
   -7.5000  -15.0000   22.500014212.4512   20.2353
    0.0000  -15.0000   22.500014805.7070   20.2427
    7.5000  -15.0000   22.500014031.0176   20.2064
   -7.5000   -7.5000   22.500015079.4229   20.2341
    0.0000   -7.5000   22.500015631.0391   20.2447
    7.5000   -7.5000   22.500014776.2939   20.2082
   -7.5000    0.0000   22.500015868.8408   20.2318
    0.0000    0.0000   22.500016516.7129   20.2469
    7.5000    0.0000   22.500015561.1104   20.2083
   -7.5000    7.5000   22.500015306.0967   20.2285
    0.0000    7.5000   22.500016006.0586   20.2430
    7.5000    7.5000   22.500015060.4199   20.2029
   -7.5000   15.0000   22.500014462.1592   20.2277
    0.0000   15.0000   22.500015170.4648   20.2382
    7.5000   15.0000   22.500014295.1924   20.1997
   -7.5000   22.5000   22.500013424.8760   20.2229
    0.0000   22.5000   22.500014077.9248   20.2308
    7.5000   22.5000   22.500013277.1387   20.1941
   -7.5000   30.0000   22.500012322.3682   19.9734
    0.0000   30.0000   22.500012910.0488   19.9808
    7.5000   30.0000   22.500012183.9521   19.9449
   -7.5000   37.5000   22.500011668.2441   19.9722
    0.0000   37.5000   22.500012221.2510   19.9827
    7.5000   37.5000   22.500011544.0400   19.9466
   -7.5000   45.0000   22.500010523.2949   19.5017
    0.0000   45.0000   22.500010995.5703   19.5163
    7.5000   45.0000   22.500010388.8018   19.4791
   -7.5000  -45.0000   30.0000 9646.3564   20.3773
    0.0000  -45.0000   30.000010047.6475   20.3924
    7.5000  -45.0000   30.0000 9632.4570   20.3463
   -7.5000  -37.5000   30.000010293.8281   20.3562
    0.0000  -37.5000   30.000010697.1543   20.3678
    7.5000  -37.5000   30.000010253.5742   20.3214
   -7.5000  -30.0000   30.000011364.8838   20.3504
    0.0000  -30.0000   30.000011823.4932   20.3577
    7.5000  -30.0000   30.000011323.3555   20.3139
   -7.5000  -22.5000   30.000012347.8848   20.3573
    0.0000  -22.5000   30.000012870.4180   20.3647
    7.5000  -22.5000   30.000012269.5254   20.3226
   -7.5000  -15.0000   30.000013176.4424   20.3680
    0.0000  -15.0000   30.000013673.6377   20.3779
    7.5000  -15.0000   30.000013002.0566   20.3353
   -7.5000   -7.5000   30.000013929.5439   20.3709
    0.0000   -7.5000   30.000014417.8018   20.3843
    7.5000   -7.5000   30.000013723.6855   20.3401
   -7.5000    0.0000   30.000014592.0371   20.3660
    0.0000    0.0000   30.000015133.2148   20.3812
    7.5000    0.0000   30.000014404.6074   20.3350
   -7.5000    7.5000   30.000014077.2412   20.3562
    0.0000    7.5000   30.000014632.7051   20.3678
    7.5000    7.5000   30.000013934.3047   20.3214
   -7.5000   15.0000   30.000013375.3613   20.3504
    0.0000   15.0000   30.000013937.7012   20.3577
    7.5000   15.0000   30.000013264.7588   20.3139
   -7.5000   22.5000   30.000012457.8359   20.3479
    0.0000   22.5000   30.000013007.4326   20.3553
    7.5000   22.5000   30.000012365.4980   20.3132
   -7.5000   30.0000   30.000011437.7324   20.1044
    0.0000   30.0000   30.000011945.7607   20.1142
    7.5000   30.0000   30.000011343.7188   20.0721
   -7.5000   37.5000   30.000010814.7109   20.1072
    0.0000   37.5000   30.000011290.7559   20.1205
    7.5000   37.5000   30.000010719.8896   20.0769
   -7.5000   45.0000   30.0000 9724.6943   19.6311
    0.0000   45.0000   30.000010154.5996   19.6457
    7.5000   45.0000   30.0000 9647.7480   19.6011
   -7.5000  -45.0000   37.5000 9270.5664   20.6970
    0.0000  -45.0000   37.5000 9662.6963   20.7142
    7.5000  -45.0000   37.5000 9220.1953   20.6732
   -7.5000  -37.5000   37.5000 9892.3789   20.6694
    0.0000  -37.5000   37.500010316.4648   20.6814
    7.5000  -37.5000   37.5000 9840.1768   20.6425
   -7.5000  -30.0000   37.500010893.8887   20.6614
    0.0000  -30.0000   37.500011375.1943   20.6740
    7.5000  -30.0000   37.500010868.4951   20.6395
   -7.5000  -22.5000   37.500011812.2012   20.6728
    0.0000  -22.5000   37.500012333.4727   20.6926
    7.5000  -22.5000   37.500011759.8779   20.6596
   -7.5000  -15.0000   37.500012576.0908   20.6899
    0.0000  -15.0000   37.500013068.8799   20.7150
    7.5000  -15.0000   37.500012469.5098   20.6795
   -7.5000   -7.5000   37.500013291.8447   20.6942
    0.0000   -7.5000   37.500013765.5596   20.7173
    7.5000   -7.5000   37.500013181.7793   20.6782
   -7.5000    0.0000   37.500013884.5049   20.6852
    0.0000    0.0000   37.500014384.8516   20.7024
    7.5000    0.0000   37.500013785.5928   20.6613
   -7.5000    7.5000   37.500013410.0596   20.6694
    0.0000    7.5000   37.500013887.0996   20.6814
    7.5000    7.5000   37.500013306.1875   20.6425
   -7.5000   15.0000   37.500012766.4561   20.6614
    0.0000   15.0000   37.500013251.2061   20.6740
    7.5000   15.0000   37.500012673.3389   20.6395
   -7.5000   22.5000   37.500011918.7891   20.6633
    0.0000   22.5000   37.500012411.7822   20.6830
    7.5000   22.5000   37.500011851.8184   20.6501
   -7.5000   30.0000   37.500010939.4307   20.4221
    0.0000   30.0000   37.500011402.4854   20.4469
    7.5000   30.0000   37.500010868.8096   20.4118
   -7.5000   37.5000   37.500010346.0869   20.4264
    0.0000   37.5000   37.500010787.6338   20.4492
    7.5000   37.5000   37.500010274.3232   20.4106
   -7.5000   45.0000   37.5000 9318.2773   19.9388
    0.0000   45.0000   37.5000 9740.5156   19.9554
    7.5000   45.0000   37.5000 9273.8408   19.9158
   -7.5000  -45.0000   45.0000 8451.4238   21.0620
    0.0000  -45.0000   45.0000 8855.2852   21.0831
    7.5000  -45.0000   45.0000 8438.8838   21.0531
   -7.5000  -37.5000   45.0000 9021.9746   21.0339
    0.0000  -37.5000   45.0000 9459.8027   21.0508
    7.5000  -37.5000   45.0000 9026.8682   21.0250
   -7.5000  -30.0000   45.0000 9931.3516   21.0286
    0.0000  -30.0000   45.000010429.2119   21.0513
    7.5000  -30.0000   45.0000 9966.4297   21.0312
   -7.5000  -22.5000   45.000010769.1992   21.0426
    0.0000  -22.5000   45.000011267.8545   21.0767
    7.5000  -22.5000   45.000010771.2725   21.0571
   -7.5000  -15.0000   45.000011470.9102   21.0594
    0.0000  -15.0000   45.000011949.1328   21.0980
    7.5000  -15.0000   45.000011431.7725   21.0741
   -7.5000   -7.5000   45.000012111.7363   21.0613
    0.0000   -7.5000   45.000012592.5674   21.0925
    7.5000   -7.5000   45.000012072.4121   21.0639
   -7.5000    0.0000   45.000012656.5830   21.0497
    0.0000    0.0000   45.000013128.9336   21.0707
    7.5000    0.0000   45.000012602.4385   21.0406
   -7.5000    7.5000   45.000012250.1201   21.0339
    0.0000    7.5000   45.000012705.3535   21.0508
    7.5000    7.5000   45.000012185.0156   21.0250
   -7.5000   15.0000   45.000011689.2637   21.0286
    0.0000   15.0000   45.000012135.5527   21.0513
    7.5000   15.0000   45.000011620.1953   21.0312
   -7.5000   22.5000   45.000010935.2588   21.0328
    0.0000   22.5000   45.000011381.2588   21.0669
    7.5000   22.5000   45.000010891.7842   21.0473
   -7.5000   30.0000   45.000010008.4932   20.7851
    0.0000   30.0000   45.000010438.6484   20.8231
    7.5000   30.0000   45.0000 9972.0342   20.7996
   -7.5000   37.5000   45.0000 9448.4834   20.7869
    0.0000   37.5000   45.0000 9867.8096   20.8177
    7.5000   37.5000   45.0000 9420.8154   20.7895
   -7.5000   45.0000   45.0000 8543.4453   20.2988
    0.0000   45.0000   45.0000 8935.0127   20.3190
    7.5000   45.0000   45.0000 8517.8438   20.2901

---------------------------------------------------------------------
imgreg_4dfp /opt/freesurfer/average/711-2C_as_mni_average_305 /opt/freesurfer/average/711-2B_as_mni_average_305_mask talsrcimg_g11 none talsrcimg_to_711-2C_as_mni_average_305_t4 4355
---------------------------------------------------------------------

freesurfer imgreg_4dfp.c
/opt/freesurfer/average/711-2C_as_mni_average_305.4dfp.img
       256       256       256         1
  1.000000  1.000000  1.000000
orientation T byte_order littleendian
Reading image: /opt/freesurfer/average/711-2C_as_mni_average_305.4dfp.img
dimensions:      256       256       256
mmppix:       1.0000   -1.0000   -1.0000
center:     128.0000 -129.0000 -129.0000
/opt/freesurfer/average/711-2B_as_mni_average_305_mask.4dfp.img
       256       256       256         1
  1.000000  1.000000  1.000000
orientation T byte_order littleendian
Reading mask: /opt/freesurfer/average/711-2B_as_mni_average_305_mask.4dfp.img (2306576 pixels)
talsrcimg_g11.4dfp.img
       256       256       256         1
  1.000000  1.000000  1.000000
orientation T byte_order littleendian
Reading image: talsrcimg_g11.4dfp.img
dimensions:      256       256       256
mmppix:       1.0000   -1.0000   -1.0000
center:     128.0000 -129.0000 -129.0000
rotation matrix determinant  1.000000
image alignment mode   4355 decimal     1103 hex
   -7.5000  -45.0000  -45.0000 2197.4944   20.5916
    0.0000  -45.0000  -45.0000 2194.4778   20.7087
    7.5000  -45.0000  -45.0000 2175.7415   20.8730
   -7.5000  -37.5000  -45.0000 2293.8110   19.0164
    0.0000  -37.5000  -45.0000 2293.2002   19.0829
    7.5000  -37.5000  -45.0000 2272.0784   19.2767
   -7.5000  -30.0000  -45.0000 2364.6465   17.8583
    0.0000  -30.0000  -45.0000 2365.2034   17.9286
    7.5000  -30.0000  -45.0000 2341.8376   18.1407
   -7.5000  -22.5000  -45.0000 2396.9160   17.1941
    0.0000  -22.5000  -45.0000 2400.7717   17.2476
    7.5000  -22.5000  -45.0000 2375.8892   17.5265
   -7.5000  -15.0000  -45.0000 2414.9077   16.8725
    0.0000  -15.0000  -45.0000 2419.7493   16.8954
    7.5000  -15.0000  -45.0000 2393.6418   17.1717
   -7.5000   -7.5000  -45.0000 2418.1951   16.8735
    0.0000   -7.5000  -45.0000 2423.0244   16.8901
    7.5000   -7.5000  -45.0000 2396.8782   17.1554
   -7.5000    0.0000  -45.0000 2407.1113   17.0817
    0.0000    0.0000  -45.0000 2410.9934   17.0866
    7.5000    0.0000  -45.0000 2390.1858   17.3438
   -7.5000    7.5000  -45.0000 2378.2373   17.5824
    0.0000    7.5000  -45.0000 2386.0886   17.5737
    7.5000    7.5000  -45.0000 2362.8921   17.8170
   -7.5000   15.0000  -45.0000 2332.4785   18.4416
    0.0000   15.0000  -45.0000 2341.3411   18.4131
    7.5000   15.0000  -45.0000 2318.1936   18.6584
   -7.5000   22.5000  -45.0000 2269.1794   19.6087
    0.0000   22.5000  -45.0000 2276.0635   19.5875
    7.5000   22.5000  -45.0000 2253.4683   19.8072
   -7.5000   30.0000  -45.0000 2183.0522   21.1851
    0.0000   30.0000  -45.0000 2189.9075   21.1376
    7.5000   30.0000  -45.0000 2169.5007   21.3869
   -7.5000   37.5000  -45.0000 2081.4177   23.3916
    0.0000   37.5000  -45.0000 2085.1499   23.3485
    7.5000   37.5000  -45.0000 2064.8042   23.6181
   -7.5000   45.0000  -45.0000 1965.5527   26.4229
    0.0000   45.0000  -45.0000 1977.0479   26.3200
    7.5000   45.0000  -45.0000 1957.1293   26.5907
   -7.5000  -45.0000  -37.5000 2274.4929   19.3325
    0.0000  -45.0000  -37.5000 2278.2598   19.4030
    7.5000  -45.0000  -37.5000 2260.6626   19.5723
   -7.5000  -37.5000  -37.5000 2373.1646   17.7693
    0.0000  -37.5000  -37.5000 2375.5078   17.8175
    7.5000  -37.5000  -37.5000 2355.7690   17.9915
   -7.5000  -30.0000  -37.5000 2455.4629   16.6450
    0.0000  -30.0000  -37.5000 2456.6753   16.6903
    7.5000  -30.0000  -37.5000 2432.3240   16.8728
   -7.5000  -22.5000  -37.5000 2493.6252   16.0357
    0.0000  -22.5000  -37.5000 2495.4282   16.0388
    7.5000  -22.5000  -37.5000 2468.3445   16.2534
   -7.5000  -15.0000  -37.5000 2516.0334   15.7005
    0.0000  -15.0000  -37.5000 2517.1978   15.6989
    7.5000  -15.0000  -37.5000 2491.9797   15.9449
   -7.5000   -7.5000  -37.5000 2519.7253   15.6402
    0.0000   -7.5000  -37.5000 2522.5984   15.6108
    7.5000   -7.5000  -37.5000 2496.1753   15.8904
   -7.5000    0.0000  -37.5000 2509.6650   15.7934
    0.0000    0.0000  -37.5000 2512.4043   15.7720
    7.5000    0.0000  -37.5000 2489.1497   16.0629
   -7.5000    7.5000  -37.5000 2486.0796   16.2366
    0.0000    7.5000  -37.5000 2491.0142   16.2066
    7.5000    7.5000  -37.5000 2468.5864   16.4744
   -7.5000   15.0000  -37.5000 2438.4158   16.9887
    0.0000   15.0000  -37.5000 2445.5247   16.9392
    7.5000   15.0000  -37.5000 2419.9941   17.1850
   -7.5000   22.5000  -37.5000 2365.0332   18.0821
    0.0000   22.5000  -37.5000 2373.5745   18.0174
    7.5000   22.5000  -37.5000 2352.4338   18.2490
   -7.5000   30.0000  -37.5000 2274.7275   19.4993
    0.0000   30.0000  -37.5000 2281.4207   19.4682
    7.5000   30.0000  -37.5000 2262.1482   19.6748
   -7.5000   37.5000  -37.5000 2170.2913   21.5419
    0.0000   37.5000  -37.5000 2176.5876   21.4873
    7.5000   37.5000  -37.5000 2158.4944   21.7018
   -7.5000   45.0000  -37.5000 2047.1414   24.2898
    0.0000   45.0000  -37.5000 2059.2466   24.2048
    7.5000   45.0000  -37.5000 2040.0359   24.3968
   -7.5000  -45.0000  -30.0000 2389.9199   18.8385
    0.0000  -45.0000  -30.0000 2392.1748   18.8645
    7.5000  -45.0000  -30.0000 2372.2700   19.0842
   -7.5000  -37.5000  -30.0000 2491.3672   17.2581
    0.0000  -37.5000  -30.0000 2493.9485   17.2547
    7.5000  -37.5000  -30.0000 2469.7075   17.4668
   -7.5000  -30.0000  -30.0000 2578.3044   16.1167
    0.0000  -30.0000  -30.0000 2580.4768   16.1029
    7.5000  -30.0000  -30.0000 2551.4221   16.2935
   -7.5000  -22.5000  -30.0000 2626.8523   15.4486
    0.0000  -22.5000  -30.0000 2629.0071   15.3958
    7.5000  -22.5000  -30.0000 2601.6565   15.6131
   -7.5000  -15.0000  -30.0000 2659.4189   15.0998
    0.0000  -15.0000  -30.0000 2658.0015   15.0321
    7.5000  -15.0000  -30.0000 2634.7461   15.2630
   -7.5000   -7.5000  -30.0000 2672.9355   15.0429
    0.0000   -7.5000  -30.0000 2673.2673   14.9746
    7.5000   -7.5000  -30.0000 2650.8394   15.2419
   -7.5000    0.0000  -30.0000 2659.3110   15.2069
    0.0000    0.0000  -30.0000 2664.1125   15.1516
    7.5000    0.0000  -30.0000 2639.0925   15.4287
   -7.5000    7.5000  -30.0000 2637.2117   15.6288
    0.0000    7.5000  -30.0000 2641.0200   15.5364
    7.5000    7.5000  -30.0000 2616.3748   15.8162
   -7.5000   15.0000  -30.0000 2587.2881   16.3418
    0.0000   15.0000  -30.0000 2592.0862   16.2305
    7.5000   15.0000  -30.0000 2564.4558   16.4902
   -7.5000   22.5000  -30.0000 2507.5898   17.3322
    0.0000   22.5000  -30.0000 2514.3350   17.2326
    7.5000   22.5000  -30.0000 2489.7014   17.4777
   -7.5000   30.0000  -30.0000 2408.6411   18.7145
    0.0000   30.0000  -30.0000 2415.4956   18.6121
    7.5000   30.0000  -30.0000 2395.4590   18.8603
   -7.5000   37.5000  -30.0000 2294.0596   20.6387
    0.0000   37.5000  -30.0000 2303.0833   20.5480
    7.5000   37.5000  -30.0000 2282.3809   20.7717
   -7.5000   45.0000  -30.0000 2162.9565   23.2350
    0.0000   45.0000  -30.0000 2177.4087   23.1132
    7.5000   45.0000  -30.0000 2160.7351   23.3361
   -7.5000  -45.0000  -22.5000 2466.7800   18.2578
    0.0000  -45.0000  -22.5000 2469.0142   18.2636
    7.5000  -45.0000  -22.5000 2439.1680   18.4915
   -7.5000  -37.5000  -22.5000 2575.0867   16.6797
    0.0000  -37.5000  -22.5000 2573.9521   16.6644
    7.5000  -37.5000  -22.5000 2544.6748   16.8720
   -7.5000  -30.0000  -22.5000 2662.5122   15.5088
    0.0000  -30.0000  -22.5000 2665.4919   15.4597
    7.5000  -30.0000  -22.5000 2633.8577   15.6408
   -7.5000  -22.5000  -22.5000 2729.0925   14.7503
    0.0000  -22.5000  -22.5000 2729.2725   14.6842
    7.5000  -22.5000  -22.5000 2702.6582   14.8626
   -7.5000  -15.0000  -22.5000 2769.4819   14.3856
    0.0000  -15.0000  -22.5000 2769.8318   14.3042
    7.5000  -15.0000  -22.5000 2744.5691   14.4978
   -7.5000   -7.5000  -22.5000 2789.1768   14.2789
    0.0000   -7.5000  -22.5000 2789.0137   14.2123
    7.5000   -7.5000  -22.5000 2767.0146   14.4350
   -7.5000    0.0000  -22.5000 2780.3022   14.4823
    0.0000    0.0000  -22.5000 2784.5771   14.4129
    7.5000    0.0000  -22.5000 2758.9990   14.6505
   -7.5000    7.5000  -22.5000 2759.3970   14.9269
    0.0000    7.5000  -22.5000 2765.4387   14.8375
    7.5000    7.5000  -22.5000 2739.8960   15.0812
   -7.5000   15.0000  -22.5000 2705.1401   15.5970
    0.0000   15.0000  -22.5000 2711.3896   15.4708
    7.5000   15.0000  -22.5000 2685.4368   15.7272
   -7.5000   22.5000  -22.5000 2625.4021   16.5505
    0.0000   22.5000  -22.5000 2631.4290   16.4178
    7.5000   22.5000  -22.5000 2608.1497   16.6558
   -7.5000   30.0000  -22.5000 2517.0884   17.8671
    0.0000   30.0000  -22.5000 2522.7622   17.7313
    7.5000   30.0000  -22.5000 2502.3997   17.9998
   -7.5000   37.5000  -22.5000 2392.9727   19.7356
    0.0000   37.5000  -22.5000 2403.0420   19.5853
    7.5000   37.5000  -22.5000 2383.9236   19.8307
   -7.5000   45.0000  -22.5000 2249.3721   22.1560
    0.0000   45.0000  -22.5000 2264.1465   22.0006
    7.5000   45.0000  -22.5000 2246.7756   22.2668
   -7.5000  -45.0000  -15.0000 2504.2322   17.7257
    0.0000  -45.0000  -15.0000 2507.6326   17.7126
    7.5000  -45.0000  -15.0000 2476.0439   17.9634
   -7.5000  -37.5000  -15.0000 2621.2058   16.1619
    0.0000  -37.5000  -15.0000 2619.0422   16.1086
    7.5000  -37.5000  -15.0000 2591.0186   16.3561
   -7.5000  -30.0000  -15.0000 2717.1560   14.9784
    0.0000  -30.0000  -15.0000 2716.6243   14.9188
    7.5000  -30.0000  -15.0000 2686.1082   15.1311
   -7.5000  -22.5000  -15.0000 2797.8936   14.1473
    0.0000  -22.5000  -15.0000 2799.0090   14.1028
    7.5000  -22.5000  -15.0000 2773.0610   14.2976
   -7.5000  -15.0000  -15.0000 2847.0737   13.7168
    0.0000  -15.0000  -15.0000 2845.3743   13.6563
    7.5000  -15.0000  -15.0000 2821.4060   13.8360
   -7.5000   -7.5000  -15.0000 2868.9612   13.5292
    0.0000   -7.5000  -15.0000 2872.5100   13.4854
    7.5000   -7.5000  -15.0000 2847.5908   13.6932
   -7.5000    0.0000  -15.0000 2868.7708   13.7388
    0.0000    0.0000  -15.0000 2881.3965   13.6982
    7.5000    0.0000  -15.0000 2851.3789   13.9247
   -7.5000    7.5000  -15.0000 2847.7063   14.2210
    0.0000    7.5000  -15.0000 2861.7827   14.1376
    7.5000    7.5000  -15.0000 2834.7361   14.3583
   -7.5000   15.0000  -15.0000 2789.7273   14.8515
    0.0000   15.0000  -15.0000 2804.1965   14.7515
    7.5000   15.0000  -15.0000 2777.0452   15.0072
   -7.5000   22.5000  -15.0000 2705.5347   15.8030
    0.0000   22.5000  -15.0000 2714.8518   15.6766
    7.5000   22.5000  -15.0000 2691.2617   15.9316
   -7.5000   30.0000  -15.0000 2592.2769   17.1063
    0.0000   30.0000  -15.0000 2599.9116   16.9506
    7.5000   30.0000  -15.0000 2580.6812   17.2320
   -7.5000   37.5000  -15.0000 2461.0664   18.9050
    0.0000   37.5000  -15.0000 2473.6914   18.7415
    7.5000   37.5000  -15.0000 2454.7817   19.0156
   -7.5000   45.0000  -15.0000 2307.2622   21.2391
    0.0000   45.0000  -15.0000 2323.2815   21.0664
    7.5000   45.0000  -15.0000 2308.9866   21.3560
   -7.5000  -45.0000   -7.5000 2515.0940   17.2437
    0.0000  -45.0000   -7.5000 2518.2156   17.2146
    7.5000  -45.0000   -7.5000 2491.0198   17.5501
   -7.5000  -37.5000   -7.5000 2638.8455   15.7017
    0.0000  -37.5000   -7.5000 2641.7573   15.6588
    7.5000  -37.5000   -7.5000 2613.0874   15.9472
   -7.5000  -30.0000   -7.5000 2743.1394   14.4980
    0.0000  -30.0000   -7.5000 2744.9299   14.4670
    7.5000  -30.0000   -7.5000 2712.6907   14.7075
   -7.5000  -22.5000   -7.5000 2837.4333   13.6762
    0.0000  -22.5000   -7.5000 2841.9275   13.6488
    7.5000  -22.5000   -7.5000 2809.5054   13.8800
   -7.5000  -15.0000   -7.5000 2894.0127   13.1560
    0.0000  -15.0000   -7.5000 2905.3025   13.1661
    7.5000  -15.0000   -7.5000 2870.5679   13.3523
   -7.5000   -7.5000   -7.5000 2931.3538   12.8859
    0.0000   -7.5000   -7.5000 2941.1135   12.8771
    7.5000   -7.5000   -7.5000 2907.2400   13.1231
   -7.5000    0.0000   -7.5000 2937.3792   13.0555
    0.0000    0.0000   -7.5000 2952.4426   13.0545
    7.5000    0.0000   -7.5000 2919.3579   13.3000
   -7.5000    7.5000   -7.5000 2908.6152   13.5271
    0.0000    7.5000   -7.5000 2929.9429   13.4863
    7.5000    7.5000   -7.5000 2900.7485   13.7506
   -7.5000   15.0000   -7.5000 2848.0549   14.2086
    0.0000   15.0000   -7.5000 2864.7971   14.1276
    7.5000   15.0000   -7.5000 2840.6831   14.4117
   -7.5000   22.5000   -7.5000 2755.9788   15.1424
    0.0000   22.5000   -7.5000 2772.5569   15.0300
    7.5000   22.5000   -7.5000 2752.2673   15.3255
   -7.5000   30.0000   -7.5000 2638.4163   16.4344
    0.0000   30.0000   -7.5000 2651.5034   16.2935
    7.5000   30.0000   -7.5000 2632.4446   16.6172
   -7.5000   37.5000   -7.5000 2504.2781   18.1892
    0.0000   37.5000   -7.5000 2521.8953   18.0475
    7.5000   37.5000   -7.5000 2503.9380   18.3832
   -7.5000   45.0000   -7.5000 2347.6873   20.4457
    0.0000   45.0000   -7.5000 2365.5337   20.2814
    7.5000   45.0000   -7.5000 2349.9307   20.6155
   -7.5000  -45.0000    0.0000 2507.6846   16.9963
    0.0000  -45.0000    0.0000 2514.2476   16.9738
    7.5000  -45.0000    0.0000 2486.5359   17.3237
   -7.5000  -37.5000    0.0000 2638.0942   15.4413
    0.0000  -37.5000    0.0000 2642.9375   15.4163
    7.5000  -37.5000    0.0000 2611.7595   15.7380
   -7.5000  -30.0000    0.0000 2745.6702   14.2306
    0.0000  -30.0000    0.0000 2750.9468   14.2077
    7.5000  -30.0000    0.0000 2720.6675   14.5063
   -7.5000  -22.5000    0.0000 2851.0361   13.4088
    0.0000  -22.5000    0.0000 2856.2798   13.4099
    7.5000  -22.5000    0.0000 2824.6465   13.6541
   -7.5000  -15.0000    0.0000 2923.9810   12.8124
    0.0000  -15.0000    0.0000 2938.6470   12.8578
    7.5000  -15.0000    0.0000 2901.3206   13.0765
   -7.5000   -7.5000    0.0000 2969.8528   12.4788
    0.0000   -7.5000    0.0000 2990.3713   12.5475
    7.5000   -7.5000    0.0000 2952.0630   12.8032
   -7.5000    0.0000    0.0000 2975.4363   12.5984
    0.0000    0.0000    0.0000 3001.6736   12.6614
    7.5000    0.0000    0.0000 2965.8098   12.9222
   -7.5000    7.5000    0.0000 2944.8196   13.1043
    0.0000    7.5000    0.0000 2971.7698   13.0878
    7.5000    7.5000    0.0000 2939.9666   13.3551
   -7.5000   15.0000    0.0000 2874.4614   13.8304
    0.0000   15.0000    0.0000 2902.9626   13.7281
    7.5000   15.0000    0.0000 2881.3713   14.0104
   -7.5000   22.5000    0.0000 2781.1250   14.7897
    0.0000   22.5000    0.0000 2805.0686   14.6611
    7.5000   22.5000    0.0000 2783.4778   14.9812
   -7.5000   30.0000    0.0000 2663.8757   16.0610
    0.0000   30.0000    0.0000 2679.9766   15.9334
    7.5000   30.0000    0.0000 2660.0459   16.2563
   -7.5000   37.5000    0.0000 2526.2300   17.7798
    0.0000   37.5000    0.0000 2546.6797   17.6475
    7.5000   37.5000    0.0000 2531.4075   17.9691
   -7.5000   45.0000    0.0000 2371.4646   19.9945
    0.0000   45.0000    0.0000 2388.7234   19.8370
    7.5000   45.0000    0.0000 2373.7671   20.1574
   -7.5000  -45.0000    7.5000 2492.9133   17.0930
    0.0000  -45.0000    7.5000 2494.8320   16.9523
    7.5000  -45.0000    7.5000 2473.4409   17.3088
   -7.5000  -37.5000    7.5000 2622.9714   15.4728
    0.0000  -37.5000    7.5000 2623.9214   15.3680
    7.5000  -37.5000    7.5000 2603.1082   15.7148
   -7.5000  -30.0000    7.5000 2732.8193   14.2178
    0.0000  -30.0000    7.5000 2737.7009   14.1614
    7.5000  -30.0000    7.5000 2716.3938   14.4716
   -7.5000  -22.5000    7.5000 2837.6384   13.3453
    0.0000  -22.5000    7.5000 2846.5662   13.3315
    7.5000  -22.5000    7.5000 2825.7378   13.5959
   -7.5000  -15.0000    7.5000 2924.2185   12.7183
    0.0000  -15.0000    7.5000 2946.5144   12.7700
    7.5000  -15.0000    7.5000 2919.2031   12.9848
   -7.5000   -7.5000    7.5000 2969.2139   12.3853
    0.0000   -7.5000    7.5000 3000.9519   12.4511
    7.5000   -7.5000    7.5000 2970.2102   12.6594
   -7.5000    0.0000    7.5000 2983.7385   12.4733
    0.0000    0.0000    7.5000 3020.4077   12.5041
    7.5000    0.0000    7.5000 2983.7268   12.7024
   -7.5000    7.5000    7.5000 2952.3157   12.9626
    0.0000    7.5000    7.5000 2982.6235   12.8754
    7.5000    7.5000    7.5000 2954.0957   13.1036
   -7.5000   15.0000    7.5000 2882.4980   13.6920
    0.0000   15.0000    7.5000 2912.0764   13.5624
    7.5000   15.0000    7.5000 2893.4973   13.8173
   -7.5000   22.5000    7.5000 2785.1255   14.6944
    0.0000   22.5000    7.5000 2808.4634   14.5578
    7.5000   22.5000    7.5000 2789.3589   14.8209
   -7.5000   30.0000    7.5000 2669.9097   16.0096
    0.0000   30.0000    7.5000 2683.8359   15.8596
    7.5000   30.0000    7.5000 2670.3525   16.1021
   -7.5000   37.5000    7.5000 2531.6121   17.6973
    0.0000   37.5000    7.5000 2550.7205   17.5573
    7.5000   37.5000    7.5000 2539.8704   17.7995
   -7.5000   45.0000    7.5000 2375.3408   19.9253
    0.0000   45.0000    7.5000 2392.0569   19.7253
    7.5000   45.0000    7.5000 2379.4602   19.9826
   -7.5000  -45.0000   15.0000 2458.7693   17.3508
    0.0000  -45.0000   15.0000 2463.1648   17.1451
    7.5000  -45.0000   15.0000 2450.9592   17.5451
   -7.5000  -37.5000   15.0000 2584.4824   15.7176
    0.0000  -37.5000   15.0000 2587.9358   15.5183
    7.5000  -37.5000   15.0000 2576.7810   15.8645
   -7.5000  -30.0000   15.0000 2697.3606   14.4673
    0.0000  -30.0000   15.0000 2704.8528   14.3131
    7.5000  -30.0000   15.0000 2695.6628   14.6283
   -7.5000  -22.5000   15.0000 2802.2185   13.6106
    0.0000  -22.5000   15.0000 2812.5339   13.4723
    7.5000  -22.5000   15.0000 2804.3940   13.7299
   -7.5000  -15.0000   15.0000 2890.5713   13.0152
    0.0000  -15.0000   15.0000 2910.1228   12.9396
    7.5000  -15.0000   15.0000 2892.1187   13.1581
   -7.5000   -7.5000   15.0000 2947.7827   12.6896
    0.0000   -7.5000   15.0000 2971.3508   12.6173
    7.5000   -7.5000   15.0000 2943.3228   12.7761
   -7.5000    0.0000   15.0000 2967.4568   12.7322
    0.0000    0.0000   15.0000 2998.4771   12.6280
    7.5000    0.0000   15.0000 2968.0933   12.7610
   -7.5000    7.5000   15.0000 2937.5632   13.1318
    0.0000    7.5000   15.0000 2971.6958   13.0492
    7.5000    7.5000   15.0000 2944.1055   13.1490
   -7.5000   15.0000   15.0000 2863.8538   13.8279
    0.0000   15.0000   15.0000 2897.6133   13.7391
    7.5000   15.0000   15.0000 2878.1235   13.8656
   -7.5000   22.5000   15.0000 2766.3938   14.8682
    0.0000   22.5000   15.0000 2788.9187   14.7504
    7.5000   22.5000   15.0000 2773.9592   14.9051
   -7.5000   30.0000   15.0000 2654.0315   16.1691
    0.0000   30.0000   15.0000 2667.6504   16.0346
    7.5000   30.0000   15.0000 2658.1858   16.2038
   -7.5000   37.5000   15.0000 2515.4077   17.8137
    0.0000   37.5000   15.0000 2533.2744   17.6726
    7.5000   37.5000   15.0000 2524.0867   17.8665
   -7.5000   45.0000   15.0000 2359.0415   19.9838
    0.0000   45.0000   15.0000 2375.1897   19.8258
    7.5000   45.0000   15.0000 2363.8699   20.0185
   -7.5000  -45.0000   22.5000 2414.3071   17.9075
    0.0000  -45.0000   22.5000 2423.4673   17.6147
    7.5000  -45.0000   22.5000 2417.4402   18.0495
   -7.5000  -37.5000   22.5000 2535.3586   16.2353
    0.0000  -37.5000   22.5000 2541.4126   15.9523
    7.5000  -37.5000   22.5000 2540.4045   16.3506
   -7.5000  -30.0000   22.5000 2650.3713   15.0159
    0.0000  -30.0000   22.5000 2656.8840   14.7701
    7.5000  -30.0000   22.5000 2659.4963   15.0789
   -7.5000  -22.5000   22.5000 2755.2288   14.1967
    0.0000  -22.5000   22.5000 2766.0664   13.9934
    7.5000  -22.5000   22.5000 2763.7351   14.2097
   -7.5000  -15.0000   22.5000 2839.1531   13.5510
    0.0000  -15.0000   22.5000 2857.1675   13.4002
    7.5000  -15.0000   22.5000 2843.7444   13.5465
   -7.5000   -7.5000   22.5000 2897.5857   13.2030
    0.0000   -7.5000   22.5000 2917.8496   13.0293
    7.5000   -7.5000   22.5000 2895.5684   13.1537
   -7.5000    0.0000   22.5000 2922.8992   13.2232
    0.0000    0.0000   22.5000 2951.3904   13.1132
    7.5000    0.0000   22.5000 2925.7915   13.2115
   -7.5000    7.5000   22.5000 2890.6541   13.5898
    0.0000    7.5000   22.5000 2925.2183   13.5297
    7.5000    7.5000   22.5000 2901.5322   13.6084
   -7.5000   15.0000   22.5000 2820.5518   14.2582
    0.0000   15.0000   22.5000 2852.9067   14.1732
    7.5000   15.0000   22.5000 2834.8745   14.2952
   -7.5000   22.5000   22.5000 2725.3689   15.2643
    0.0000   22.5000   22.5000 2751.5010   15.1124
    7.5000   22.5000   22.5000 2739.4863   15.2698
   -7.5000   30.0000   22.5000 2615.4167   16.5495
    0.0000   30.0000   22.5000 2630.9153   16.4017
    7.5000   30.0000   22.5000 2623.6060   16.5840
   -7.5000   37.5000   22.5000 2480.4268   18.2165
    0.0000   37.5000   22.5000 2496.6204   18.0357
    7.5000   37.5000   22.5000 2490.7114   18.2098
   -7.5000   45.0000   22.5000 2325.8535   20.3633
    0.0000   45.0000   22.5000 2335.2217   20.1813
    7.5000   45.0000   22.5000 2330.4419   20.3586
   -7.5000  -45.0000   30.0000 2355.2188   18.8418
    0.0000  -45.0000   30.0000 2366.3762   18.4807
    7.5000  -45.0000   30.0000 2361.4829   18.8913
   -7.5000  -37.5000   30.0000 2476.1123   17.1618
    0.0000  -37.5000   30.0000 2487.6816   16.8267
    7.5000  -37.5000   30.0000 2483.9790   17.1525
   -7.5000  -30.0000   30.0000 2589.0415   15.8907
    0.0000  -30.0000   30.0000 2604.4270   15.6069
    7.5000  -30.0000   30.0000 2601.2498   15.8625
   -7.5000  -22.5000   30.0000 2697.5913   14.9647
    0.0000  -22.5000   30.0000 2709.1187   14.7230
    7.5000  -22.5000   30.0000 2704.2236   14.9179
   -7.5000  -15.0000   30.0000 2776.6765   14.2515
    0.0000  -15.0000   30.0000 2792.1057   13.9892
    7.5000  -15.0000   30.0000 2779.4170   14.1617
   -7.5000   -7.5000   30.0000 2826.9016   13.8747
    0.0000   -7.5000   30.0000 2848.2861   13.6293
    7.5000   -7.5000   30.0000 2832.7620   13.8274
   -7.5000    0.0000   30.0000 2843.3057   13.9018
    0.0000    0.0000   30.0000 2865.6328   13.7313
    7.5000    0.0000   30.0000 2848.1934   13.9049
   -7.5000    7.5000   30.0000 2819.0894   14.2590
    0.0000    7.5000   30.0000 2841.0977   14.1492
    7.5000    7.5000   30.0000 2827.2092   14.2654
   -7.5000   15.0000   30.0000 2751.8950   14.9391
    0.0000   15.0000   30.0000 2782.0994   14.8161
    7.5000   15.0000   30.0000 2766.2686   14.9668
   -7.5000   22.5000   30.0000 2663.9290   15.9025
    0.0000   22.5000   30.0000 2695.1426   15.7212
    7.5000   22.5000   30.0000 2681.5706   15.9033
   -7.5000   30.0000   30.0000 2559.0464   17.1564
    0.0000   30.0000   30.0000 2581.8992   16.9687
    7.5000   30.0000   30.0000 2572.8628   17.1654
   -7.5000   37.5000   30.0000 2428.1116   18.8381
    0.0000   37.5000   30.0000 2444.5830   18.5967
    7.5000   37.5000   30.0000 2440.7971   18.7994
   -7.5000   45.0000   30.0000 2272.9087   20.9449
    0.0000   45.0000   30.0000 2282.6187   20.7487
    7.5000   45.0000   30.0000 2279.3069   20.9404
   -7.5000  -45.0000   37.5000 2295.4971   20.1680
    0.0000  -45.0000   37.5000 2303.0503   19.7897
    7.5000  -45.0000   37.5000 2295.0642   20.0368
   -7.5000  -37.5000   37.5000 2413.9683   18.3213
    0.0000  -37.5000   37.5000 2431.2031   17.9895
    7.5000  -37.5000   37.5000 2422.8979   18.2292
   -7.5000  -30.0000   37.5000 2525.2332   16.9237
    0.0000  -30.0000   37.5000 2545.9617   16.6186
    7.5000  -30.0000   37.5000 2538.0542   16.8661
   -7.5000  -22.5000   37.5000 2627.3550   15.9034
    0.0000  -22.5000   37.5000 2644.9934   15.6095
    7.5000  -22.5000   37.5000 2638.4927   15.8391
   -7.5000  -15.0000   37.5000 2702.2388   15.1247
    0.0000  -15.0000   37.5000 2719.1887   14.8117
    7.5000  -15.0000   37.5000 2709.3442   15.0436
   -7.5000   -7.5000   37.5000 2749.9050   14.7608
    0.0000   -7.5000   37.5000 2769.7659   14.4871
    7.5000   -7.5000   37.5000 2757.1133   14.7294
   -7.5000    0.0000   37.5000 2751.7417   14.7558
    0.0000    0.0000   37.5000 2773.0903   14.5191
    7.5000    0.0000   37.5000 2761.0510   14.7433
   -7.5000    7.5000   37.5000 2725.6770   15.1062
    0.0000    7.5000   37.5000 2743.9834   14.9082
    7.5000    7.5000   37.5000 2733.9172   15.0704
   -7.5000   15.0000   37.5000 2669.4041   15.7164
    0.0000   15.0000   37.5000 2694.1501   15.5431
    7.5000   15.0000   37.5000 2680.9604   15.7208
   -7.5000   22.5000   37.5000 2588.8472   16.6929
    0.0000   22.5000   37.5000 2615.7646   16.4709
    7.5000   22.5000   37.5000 2606.6460   16.6634
   -7.5000   30.0000   37.5000 2490.8467   17.9425
    0.0000   30.0000   37.5000 2513.0559   17.7259
    7.5000   30.0000   37.5000 2504.5056   17.9497
   -7.5000   37.5000   37.5000 2366.3599   19.6043
    0.0000   37.5000   37.5000 2383.3904   19.3533
    7.5000   37.5000   37.5000 2376.6663   19.5877
   -7.5000   45.0000   37.5000 2215.1760   21.7118
    0.0000   45.0000   37.5000 2232.5137   21.5373
    7.5000   45.0000   37.5000 2226.5559   21.7540
   -7.5000  -45.0000   45.0000 2229.7568   21.5240
    0.0000  -45.0000   45.0000 2246.7117   21.2120
    7.5000  -45.0000   45.0000 2233.9524   21.4550
   -7.5000  -37.5000   45.0000 2341.5254   19.5856
    0.0000  -37.5000   45.0000 2368.9055   19.2685
    7.5000  -37.5000   45.0000 2356.6780   19.5185
   -7.5000  -30.0000   45.0000 2447.9417   18.1063
    0.0000  -30.0000   45.0000 2477.8159   17.8269
    7.5000  -30.0000   45.0000 2465.9966   18.0800
   -7.5000  -22.5000   45.0000 2543.1873   17.0355
    0.0000  -22.5000   45.0000 2568.2883   16.7355
    7.5000  -22.5000   45.0000 2557.4231   16.9912
   -7.5000  -15.0000   45.0000 2612.5750   16.2179
    0.0000  -15.0000   45.0000 2633.7961   15.9144
    7.5000  -15.0000   45.0000 2622.3914   16.1628
   -7.5000   -7.5000   45.0000 2650.2588   15.8476
    0.0000   -7.5000   45.0000 2671.6960   15.5670
    7.5000   -7.5000   45.0000 2661.5527   15.8106
   -7.5000    0.0000   45.0000 2649.9016   15.7621
    0.0000    0.0000   45.0000 2669.1509   15.5079
    7.5000    0.0000   45.0000 2663.4990   15.7234
   -7.5000    7.5000   45.0000 2623.3599   16.1105
    0.0000    7.5000   45.0000 2644.1521   15.9140
    7.5000    7.5000   45.0000 2637.1741   16.0605
   -7.5000   15.0000   45.0000 2573.3792   16.7385
    0.0000   15.0000   45.0000 2599.2715   16.5469
    7.5000   15.0000   45.0000 2591.3218   16.7081
   -7.5000   22.5000   45.0000 2502.2590   17.6573
    0.0000   22.5000   45.0000 2529.6973   17.3972
    7.5000   22.5000   45.0000 2524.8469   17.5900
   -7.5000   30.0000   45.0000 2411.1438   18.8695
    0.0000   30.0000   45.0000 2433.2896   18.6352
    7.5000   30.0000   45.0000 2426.0266   18.8372
   -7.5000   37.5000   45.0000 2292.1560   20.5630
    0.0000   37.5000   45.0000 2307.2356   20.3443
    7.5000   37.5000   45.0000 2302.5532   20.5316
   -7.5000   45.0000   45.0000 2155.3711   22.6923
    0.0000   45.0000   45.0000 2169.3474   22.5230
    7.5000   45.0000   45.0000 2166.8147   22.7129

---------------------------------------------------------------------
imgreg_4dfp /opt/freesurfer/average/711-2C_as_mni_average_305 /opt/freesurfer/average/711-2B_as_mni_average_305_mask talsrcimg_g11 none talsrcimg_to_711-2C_as_mni_average_305_t4 1283
---------------------------------------------------------------------

freesurfer imgreg_4dfp.c
/opt/freesurfer/average/711-2C_as_mni_average_305.4dfp.img
       256       256       256         1
  1.000000  1.000000  1.000000
orientation T byte_order littleendian
Reading image: /opt/freesurfer/average/711-2C_as_mni_average_305.4dfp.img
dimensions:      256       256       256
mmppix:       1.0000   -1.0000   -1.0000
center:     128.0000 -129.0000 -129.0000
/opt/freesurfer/average/711-2B_as_mni_average_305_mask.4dfp.img
       256       256       256         1
  1.000000  1.000000  1.000000
orientation T byte_order littleendian
Reading mask: /opt/freesurfer/average/711-2B_as_mni_average_305_mask.4dfp.img (2306576 pixels)
talsrcimg_g11.4dfp.img
       256       256       256         1
  1.000000  1.000000  1.000000
orientation T byte_order littleendian
Reading image: talsrcimg_g11.4dfp.img
dimensions:      256       256       256
mmppix:       1.0000   -1.0000   -1.0000
center:     128.0000 -129.0000 -129.0000
rotation matrix determinant  1.000000
fimgreg.f
image alignment mode   1283 decimal      503 hex
parameters
    0.0000    0.0000    7.5000    0.0000    0.0000    0.0000
eta,q 0.94715 12.49504
niter,ni,del,rscale     5    3   12.0000    1.2000
parameter  4  2.377466 ->  0.500000 qaram    1.1500
parameters
   -0.1187   -2.4205    7.6801   -3.4500   -1.2326    0.1449
eta,q 0.95407 12.20700
  0.0623  0.0531  0.0560  0.0441  0.0492  0.0510
  0.0560  0.0500  0.0535  0.0456  0.0475  0.0484
  0.0519  0.0503  0.0509  0.0480  0.0461  0.0465
  0.0518  0.0517  0.0499  0.0499  0.0462  0.0459
  0.0542  0.0538  0.0503  0.0523  0.0475  0.0465
  0.0579  0.0569  0.0524  0.0555  0.0501  0.0482
  0.0614  0.0607  0.0559  0.0589  0.0537  0.0504
niter,ni,del,rscale     5    3   12.0000    1.2000
parameter  4  1.599762 ->  0.500000 qaram    1.3225
parameters
    0.1489   -1.7071    6.7590   -7.4175   -2.0635   -0.1385
eta,q 0.95710 12.20888
  0.0581  0.0573  0.0508  0.0416  0.0462  0.0465
  0.0527  0.0507  0.0473  0.0425  0.0445  0.0446
  0.0479  0.0467  0.0457  0.0439  0.0431  0.0433
  0.0459  0.0459  0.0463  0.0458  0.0429  0.0429
  0.0474  0.0472  0.0482  0.0482  0.0437  0.0436
  0.0515  0.0491  0.0504  0.0506  0.0460  0.0452
  0.0560  0.0518  0.0534  0.0539  0.0492  0.0471
niter,ni,del,rscale     5    3   12.0000    1.2000
parameter  4  0.518599 ->  0.500000 qaram    1.5209
parameters
   -0.0281   -0.4196    6.4892  -11.9801   -2.3997   -0.9614
eta,q 0.96003 12.18894
  0.0524  0.0515  0.0486  0.0433  0.0458  0.0441
  0.0473  0.0463  0.0448  0.0402  0.0434  0.0416
  0.0440  0.0437  0.0432  0.0407  0.0411  0.0402
  0.0429  0.0429  0.0430  0.0430  0.0401  0.0401
  0.0448  0.0432  0.0438  0.0452  0.0414  0.0414
  0.0485  0.0442  0.0461  0.0476  0.0440  0.0438
  0.0531  0.0455  0.0492  0.0506  0.0475  0.0468
niter,ni,del,rscale     5    3   12.0000    1.2000
parameter  2 -0.535931 -> -0.500000 qaram    1.1500
parameters
   -0.1466    3.0304    5.7692  -13.2089   -2.1111   -0.9949
eta,q 0.96250 12.21359
  0.0519  0.0536  0.0454  0.0482  0.0455  0.0421
  0.0462  0.0486  0.0414  0.0402  0.0428  0.0395
  0.0420  0.0429  0.0388  0.0370  0.0396  0.0380
  0.0400  0.0400  0.0390  0.0385  0.0376  0.0375
  0.0421  0.0394  0.0415  0.0425  0.0382  0.0378
  0.0470  0.0389  0.0447  0.0468  0.0411  0.0393
  0.0528  0.0398  0.0478  0.0514  0.0449  0.0424
niter,ni,del,rscale     5    3   12.0000    1.2000
parameters
    0.0443    2.9397    5.3588  -13.4931   -2.1664   -0.9575
eta,q 0.96278 12.21708
  0.0526  0.0483  0.0452  0.0497  0.0446  0.0420
  0.0458  0.0414  0.0409  0.0433  0.0417  0.0392
  0.0398  0.0382  0.0380  0.0369  0.0387  0.0377
  0.0375  0.0376  0.0376  0.0374  0.0372  0.0372
  0.0402  0.0389  0.0400  0.0411  0.0383  0.0375
  0.0450  0.0427  0.0432  0.0452  0.0415  0.0389
  0.0503  0.0481  0.0463  0.0495  0.0453  0.0420
niter,ni,del,rscale     4    3   12.0000    1.2000
parameters
    0.0909    2.9004    5.2414  -13.5930   -2.2137   -0.9434
eta,q 0.96285 12.21716
  0.0517  0.0485  0.0458  0.0499  0.0445  0.0419
  0.0448  0.0414  0.0412  0.0440  0.0416  0.0391
  0.0390  0.0376  0.0381  0.0370  0.0386  0.0376
  0.0372  0.0372  0.0372  0.0372  0.0371  0.0372
  0.0404  0.0387  0.0392  0.0407  0.0382  0.0374
  0.0452  0.0426  0.0424  0.0448  0.0414  0.0389
  0.0503  0.0478  0.0456  0.0490  0.0452  0.0420
niter,ni,del,rscale     3    3   12.0000    1.2000
parameters
    0.1072    2.8965    5.2077  -13.6331   -2.2370   -0.9342
eta,q 0.96287 12.21744
  0.0515  0.0487  0.0459  0.0500  0.0445  0.0418
  0.0446  0.0415  0.0413  0.0442  0.0416  0.0390
  0.0388  0.0375  0.0382  0.0370  0.0386  0.0376
  0.0372  0.0372  0.0372  0.0372  0.0371  0.0371
  0.0405  0.0386  0.0390  0.0406  0.0381  0.0374
  0.0452  0.0425  0.0422  0.0447  0.0413  0.0389
  0.0503  0.0476  0.0454  0.0488  0.0451  0.0420
registration optimization eta report
parameter search radius
    6.0000    6.9000    6.0000    9.1253    6.0000    6.0000
100000*second partial in parameter space
       36.       24.       23.       14.       21.       14.
  0.0515  0.0487  0.0459  0.0500  0.0445  0.0418
  0.0446  0.0415  0.0413  0.0442  0.0416  0.0390
  0.0388  0.0375  0.0382  0.0370  0.0386  0.0376
  0.0372  0.0372  0.0372  0.0372  0.0371  0.0371
  0.0405  0.0386  0.0390  0.0406  0.0381  0.0374
  0.0452  0.0425  0.0422  0.0447  0.0413  0.0389
  0.0503  0.0476  0.0454  0.0488  0.0451  0.0420
    0.1072    2.8965    5.2077  -13.6331   -2.2370   -0.9342
eta,q 0.96287 12.21744

---------------------------------------------------------------------
imgreg_4dfp /opt/freesurfer/average/711-2C_as_mni_average_305 /opt/freesurfer/average/711-2B_as_mni_average_305_mask talsrcimg_g11 none talsrcimg_to_711-2C_as_mni_average_305_t4 3335
---------------------------------------------------------------------

freesurfer imgreg_4dfp.c
/opt/freesurfer/average/711-2C_as_mni_average_305.4dfp.img
       256       256       256         1
  1.000000  1.000000  1.000000
orientation T byte_order littleendian
Reading image: /opt/freesurfer/average/711-2C_as_mni_average_305.4dfp.img
dimensions:      256       256       256
mmppix:       1.0000   -1.0000   -1.0000
center:     128.0000 -129.0000 -129.0000
/opt/freesurfer/average/711-2B_as_mni_average_305_mask.4dfp.img
       256       256       256         1
  1.000000  1.000000  1.000000
orientation T byte_order littleendian
Reading mask: /opt/freesurfer/average/711-2B_as_mni_average_305_mask.4dfp.img (2306576 pixels)
talsrcimg_g11.4dfp.img
       256       256       256         1
  1.000000  1.000000  1.000000
orientation T byte_order littleendian
Reading image: talsrcimg_g11.4dfp.img
dimensions:      256       256       256
mmppix:       1.0000   -1.0000   -1.0000
center:     128.0000 -129.0000 -129.0000
fimgreg.f
image alignment mode   3335 decimal      D07 hex
parameters
    0.1072    2.8965    5.2077   -0.0895   -2.8154   -2.8915
    0.6645    4.1771   -1.6291   23.5053   -3.9033  -23.5524
eta,q 0.96305 12.38110
niter,ni,del,rscale     5    3    5.0000    1.2000
parameter  4  0.734772 ->  0.500000 qaram    1.1500
parameter  5  2.134427 ->  0.500000 qaram    1.1500
parameter  6  1.124414 ->  0.500000 qaram    1.1500
parameter  8 -0.640343 -> -0.500000 qaram    1.1500
parameter 12  0.501436 ->  0.500000 qaram    1.1500
parameters
    0.7186    3.8343    5.0031   -4.2295   -6.9554   -7.0315
   -0.9404    8.3171   -0.8221   22.2117   -2.8627  -27.6924
eta,q 0.97227 12.12669
  0.0402  0.0388  0.0379  0.0351  0.0302  0.0285  0.0306  0.0354  0.0305  0.0301  0.0297  0.0281
  0.0387  0.0380  0.0371  0.0349  0.0317  0.0293  0.0299  0.0332  0.0293  0.0289  0.0289  0.0278
  0.0376  0.0373  0.0366  0.0353  0.0331  0.0305  0.0296  0.0312  0.0285  0.0282  0.0284  0.0277
  0.0370  0.0368  0.0365  0.0365  0.0350  0.0321  0.0296  0.0295  0.0281  0.0281  0.0281  0.0281
  0.0368  0.0365  0.0368  0.0383  0.0373  0.0346  0.0301  0.0284  0.0282  0.0288  0.0281  0.0286
  0.0372  0.0366  0.0374  0.0407  0.0399  0.0378  0.0309  0.0281  0.0287  0.0304  0.0284  0.0293
  0.0380  0.0372  0.0384  0.0438  0.0427  0.0416  0.0320  0.0290  0.0297  0.0325  0.0290  0.0301
niter,ni,del,rscale     7    3    5.0000    1.2000
parameter  2  0.529292 ->  0.500000 qaram    1.1500
parameter  5  4.600581 ->  0.500000 qaram    1.3225
parameters
    0.7605    2.4543    4.3562   -5.6613  -11.7164  -10.0640
   -0.9701    7.5829   -0.5608   22.2546   -3.4423  -26.8280
eta,q 0.97688 11.89406
  0.0307  0.0277  0.0280  0.0295  0.0209  0.0240  0.0253  0.0270  0.0254  0.0259  0.0240  0.0251
  0.0291  0.0272  0.0273  0.0283  0.0228  0.0234  0.0242  0.0248  0.0242  0.0245  0.0235  0.0241
  0.0281  0.0272  0.0270  0.0274  0.0249  0.0232  0.0235  0.0234  0.0234  0.0236  0.0232  0.0234
  0.0277  0.0277  0.0271  0.0270  0.0271  0.0234  0.0232  0.0232  0.0232  0.0232  0.0232  0.0231
  0.0280  0.0287  0.0277  0.0278  0.0299  0.0242  0.0235  0.0240  0.0233  0.0233  0.0233  0.0232
  0.0290  0.0299  0.0286  0.0298  0.0325  0.0267  0.0242  0.0258  0.0240  0.0242  0.0237  0.0237
  0.0305  0.0313  0.0298  0.0327  0.0351  0.0307  0.0253  0.0286  0.0251  0.0261  0.0243  0.0244
niter,ni,del,rscale     7    3    5.0000    1.2000
parameter  5  1.036429 ->  0.500000 qaram    1.5209
parameters
    0.9637    1.2532    4.5177   -4.9207  -17.1916  -10.3865
   -1.0022    7.7915   -0.2327   22.5050   -3.5867  -26.3158
eta,q 0.98112 11.78917
  0.0262  0.0235  0.0243  0.0258  0.0193  0.0214  0.0214  0.0237  0.0213  0.0222  0.0199  0.0213
  0.0247  0.0226  0.0234  0.0245  0.0188  0.0200  0.0200  0.0213  0.0200  0.0205  0.0193  0.0201
  0.0236  0.0225  0.0228  0.0234  0.0199  0.0192  0.0192  0.0195  0.0192  0.0193  0.0190  0.0192
  0.0231  0.0231  0.0225  0.0225  0.0223  0.0189  0.0189  0.0189  0.0189  0.0189  0.0189  0.0189
  0.0232  0.0242  0.0226  0.0222  0.0254  0.0192  0.0192  0.0194  0.0191  0.0191  0.0190  0.0191
  0.0240  0.0257  0.0231  0.0232  0.0290  0.0200  0.0201  0.0208  0.0198  0.0201  0.0194  0.0198
  0.0254  0.0277  0.0239  0.0254  0.0319  0.0222  0.0214  0.0234  0.0209  0.0218  0.0199  0.0208
niter,ni,del,rscale     7    3    5.0000    1.2000
parameters
    0.9613    1.4206    4.9296   -4.0082  -19.4742   -9.8388
   -1.1327    7.8155   -0.2230   23.1491   -3.6484  -26.4214
eta,q 0.98161 11.76839
  0.0217  0.0229  0.0210  0.0223  0.0226  0.0215  0.0209  0.0232  0.0205  0.0217  0.0195  0.0205
  0.0202  0.0209  0.0200  0.0210  0.0204  0.0200  0.0195  0.0208  0.0194  0.0201  0.0189  0.0193
  0.0192  0.0195  0.0192  0.0198  0.0188  0.0189  0.0187  0.0191  0.0187  0.0189  0.0185  0.0186
  0.0189  0.0189  0.0189  0.0188  0.0186  0.0185  0.0184  0.0184  0.0184  0.0184  0.0184  0.0184
  0.0192  0.0191  0.0189  0.0185  0.0207  0.0186  0.0188  0.0190  0.0187  0.0185  0.0185  0.0187
  0.0201  0.0203  0.0192  0.0194  0.0239  0.0192  0.0197  0.0206  0.0194  0.0192  0.0189  0.0195
  0.0217  0.0221  0.0199  0.0216  0.0280  0.0210  0.0210  0.0233  0.0205  0.0208  0.0195  0.0205
niter,ni,del,rscale     6    3    5.0000    1.2000
parameters
    0.9175    1.5898    5.2052   -3.8561  -19.9532   -9.5626
   -1.1714    7.7780   -0.2200   23.3450   -3.7645  -26.3737
eta,q 0.98164 11.76873
  0.0212  0.0223  0.0203  0.0216  0.0241  0.0214  0.0209  0.0232  0.0204  0.0213  0.0195  0.0206
  0.0197  0.0203  0.0194  0.0203  0.0215  0.0199  0.0195  0.0207  0.0193  0.0197  0.0188  0.0194
  0.0187  0.0190  0.0187  0.0192  0.0194  0.0188  0.0186  0.0190  0.0186  0.0187  0.0185  0.0186
  0.0184  0.0184  0.0184  0.0184  0.0183  0.0184  0.0184  0.0184  0.0184  0.0184  0.0184  0.0184
  0.0188  0.0186  0.0184  0.0183  0.0192  0.0186  0.0187  0.0189  0.0186  0.0185  0.0185  0.0187
  0.0198  0.0197  0.0188  0.0196  0.0219  0.0193  0.0196  0.0206  0.0193  0.0194  0.0189  0.0194
  0.0215  0.0215  0.0196  0.0220  0.0256  0.0213  0.0209  0.0234  0.0204  0.0211  0.0195  0.0205
niter,ni,del,rscale     5    3    5.0000    1.2000
parameters
    0.9128    1.6248    5.2994   -3.8490  -20.0623   -9.5167
   -1.1882    7.7760   -0.2119   23.3701   -3.8191  -26.3185
eta,q 0.98163 11.76751
  0.0213  0.0219  0.0201  0.0216  0.0244  0.0213  0.0209  0.0232  0.0204  0.0211  0.0195  0.0206
  0.0197  0.0200  0.0192  0.0203  0.0217  0.0198  0.0195  0.0207  0.0193  0.0196  0.0189  0.0194
  0.0187  0.0188  0.0186  0.0192  0.0196  0.0188  0.0187  0.0190  0.0186  0.0187  0.0185  0.0186
  0.0184  0.0184  0.0184  0.0184  0.0184  0.0184  0.0184  0.0184  0.0184  0.0184  0.0184  0.0184
  0.0187  0.0187  0.0185  0.0184  0.0190  0.0186  0.0187  0.0189  0.0186  0.0186  0.0185  0.0187
  0.0197  0.0199  0.0190  0.0198  0.0216  0.0194  0.0196  0.0206  0.0193  0.0195  0.0189  0.0194
  0.0214  0.0218  0.0199  0.0222  0.0251  0.0216  0.0209  0.0233  0.0204  0.0212  0.0195  0.0205
niter,ni,del,rscale     4    3    5.0000    1.2000
parameters
    0.9170    1.6303    5.3272   -3.8443  -20.0852   -9.5097
   -1.1923    7.7804   -0.2096   23.3660   -3.8345  -26.2856
eta,q 0.98163 11.76719
  0.0214  0.0219  0.0200  0.0216  0.0245  0.0213  0.0209  0.0232  0.0204  0.0211  0.0195  0.0206
  0.0198  0.0200  0.0192  0.0203  0.0218  0.0198  0.0195  0.0208  0.0193  0.0196  0.0189  0.0194
  0.0187  0.0188  0.0186  0.0192  0.0197  0.0188  0.0187  0.0190  0.0186  0.0187  0.0185  0.0186
  0.0184  0.0184  0.0184  0.0184  0.0184  0.0184  0.0184  0.0184  0.0184  0.0184  0.0184  0.0184
  0.0187  0.0188  0.0185  0.0184  0.0189  0.0186  0.0187  0.0189  0.0186  0.0186  0.0185  0.0187
  0.0197  0.0200  0.0191  0.0198  0.0215  0.0194  0.0196  0.0206  0.0193  0.0195  0.0189  0.0194
  0.0214  0.0218  0.0200  0.0222  0.0250  0.0216  0.0209  0.0233  0.0204  0.0213  0.0195  0.0205
niter,ni,del,rscale     3    3    5.0000    1.2000
parameters
    0.9194    1.6294    5.3362   -3.8472  -20.0858   -9.5084
   -1.1925    7.7810   -0.2089   23.3586   -3.8332  -26.2795
eta,q 0.98163 11.76707
  0.0214  0.0218  0.0200  0.0216  0.0245  0.0213  0.0209  0.0232  0.0204  0.0211  0.0195  0.0206
  0.0198  0.0200  0.0191  0.0203  0.0218  0.0198  0.0195  0.0207  0.0193  0.0196  0.0189  0.0194
  0.0187  0.0188  0.0186  0.0192  0.0197  0.0188  0.0187  0.0190  0.0186  0.0187  0.0185  0.0186
  0.0184  0.0184  0.0184  0.0184  0.0184  0.0184  0.0184  0.0184  0.0184  0.0184  0.0184  0.0184
  0.0187  0.0188  0.0185  0.0184  0.0189  0.0186  0.0187  0.0189  0.0186  0.0186  0.0185  0.0187
  0.0197  0.0200  0.0191  0.0198  0.0215  0.0194  0.0196  0.0206  0.0193  0.0195  0.0189  0.0194
  0.0214  0.0219  0.0200  0.0222  0.0250  0.0217  0.0209  0.0233  0.0204  0.0213  0.0195  0.0205
registration optimization eta report
parameter search radius
    2.4000    2.7600    2.4000    8.2800   10.9503    8.2800
    7.2000    8.2800    7.2000    7.2000    7.2000    8.2800
100000*second partial in parameter space
       52.       45.       28.        5.        5.        5.
        5.        7.        4.        5.        2.        3.
  0.0214  0.0218  0.0200  0.0216  0.0245  0.0213  0.0209  0.0232  0.0204  0.0211  0.0195  0.0206
  0.0198  0.0200  0.0191  0.0203  0.0218  0.0198  0.0195  0.0207  0.0193  0.0196  0.0189  0.0194
  0.0187  0.0188  0.0186  0.0192  0.0197  0.0188  0.0187  0.0190  0.0186  0.0187  0.0185  0.0186
  0.0184  0.0184  0.0184  0.0184  0.0184  0.0184  0.0184  0.0184  0.0184  0.0184  0.0184  0.0184
  0.0187  0.0188  0.0185  0.0184  0.0189  0.0186  0.0187  0.0189  0.0186  0.0186  0.0185  0.0187
  0.0197  0.0200  0.0191  0.0198  0.0215  0.0194  0.0196  0.0206  0.0193  0.0195  0.0189  0.0194
  0.0214  0.0219  0.0200  0.0222  0.0250  0.0217  0.0209  0.0233  0.0204  0.0213  0.0195  0.0205
    0.9194    1.6294    5.3362   -3.8472  -20.0858   -9.5084
   -1.1925    7.7810   -0.2089   23.3586   -3.8332  -26.2795
eta,q 0.98163 11.76707

---------------------------------------------------------------------
imgreg_4dfp /opt/freesurfer/average/711-2C_as_mni_average_305 /opt/freesurfer/average/711-2B_as_mni_average_305_mask talsrcimg_g11 none talsrcimg_to_711-2C_as_mni_average_305_t4 2311
---------------------------------------------------------------------

freesurfer imgreg_4dfp.c
/opt/freesurfer/average/711-2C_as_mni_average_305.4dfp.img
       256       256       256         1
  1.000000  1.000000  1.000000
orientation T byte_order littleendian
Reading image: /opt/freesurfer/average/711-2C_as_mni_average_305.4dfp.img
dimensions:      256       256       256
mmppix:       1.0000   -1.0000   -1.0000
center:     128.0000 -129.0000 -129.0000
/opt/freesurfer/average/711-2B_as_mni_average_305_mask.4dfp.img
       256       256       256         1
  1.000000  1.000000  1.000000
orientation T byte_order littleendian
Reading mask: /opt/freesurfer/average/711-2B_as_mni_average_305_mask.4dfp.img (2306576 pixels)
talsrcimg_g11.4dfp.img
       256       256       256         1
  1.000000  1.000000  1.000000
orientation T byte_order littleendian
Reading image: talsrcimg_g11.4dfp.img
dimensions:      256       256       256
mmppix:       1.0000   -1.0000   -1.0000
center:     128.0000 -129.0000 -129.0000
fimgreg.f
image alignment mode   2311 decimal      907 hex
parameters
    0.9194    1.6294    5.3362   -3.8472  -20.0858   -9.5084
   -1.1925    7.7810   -0.2089   23.3586   -3.8332  -26.2795
eta,q 0.98163 11.76706
niter,ni,del,rscale     5    3    5.0000    0.8000
parameters
    0.9340    1.6334    5.3527   -3.0046  -19.4745   -9.2003
   -1.1221    7.9139   -0.1698   23.2262   -3.7004  -26.3606
eta,q 0.98180 11.81529
  0.0198  0.0196  0.0191  0.0200  0.0202  0.0193  0.0195  0.0202  0.0192  0.0194  0.0188  0.0190
  0.0190  0.0189  0.0187  0.0194  0.0193  0.0187  0.0188  0.0192  0.0186  0.0187  0.0185  0.0185
  0.0185  0.0185  0.0185  0.0188  0.0187  0.0183  0.0183  0.0185  0.0183  0.0183  0.0183  0.0183
  0.0184  0.0184  0.0184  0.0184  0.0183  0.0182  0.0182  0.0182  0.0182  0.0182  0.0182  0.0182
  0.0185  0.0185  0.0185  0.0182  0.0182  0.0183  0.0183  0.0184  0.0183  0.0183  0.0183  0.0183
  0.0190  0.0189  0.0187  0.0185  0.0186  0.0186  0.0188  0.0190  0.0186  0.0188  0.0184  0.0186
  0.0197  0.0196  0.0191  0.0193  0.0195  0.0191  0.0194  0.0201  0.0192  0.0196  0.0188  0.0190
niter,ni,del,rscale     4    3    5.0000    0.7000
parameters
    0.9154    1.6047    5.3076   -2.9945  -19.3611   -9.1878
   -1.1239    7.9176   -0.1933   23.2428   -3.6576  -26.4056
eta,q 0.98182 11.81927
  0.0193  0.0191  0.0188  0.0193  0.0195  0.0190  0.0192  0.0197  0.0189  0.0192  0.0187  0.0188
  0.0187  0.0186  0.0184  0.0188  0.0189  0.0185  0.0186  0.0189  0.0185  0.0186  0.0184  0.0185
  0.0183  0.0183  0.0183  0.0184  0.0184  0.0183  0.0183  0.0184  0.0183  0.0183  0.0182  0.0182
  0.0182  0.0182  0.0182  0.0182  0.0182  0.0182  0.0182  0.0182  0.0182  0.0182  0.0182  0.0182
  0.0183  0.0183  0.0183  0.0183  0.0183  0.0183  0.0183  0.0184  0.0183  0.0183  0.0182  0.0183
  0.0187  0.0187  0.0185  0.0187  0.0187  0.0185  0.0186  0.0189  0.0185  0.0186  0.0184  0.0185
  0.0194  0.0192  0.0188  0.0195  0.0195  0.0189  0.0192  0.0197  0.0190  0.0192  0.0186  0.0188
niter,ni,del,rscale     3    3    5.0000    0.6000
parameters
    0.9115    1.6025    5.2903   -2.8936  -19.2953   -9.2387
   -1.1263    7.9294   -0.1964   23.2528   -3.6549  -26.4135
eta,q 0.98182 11.82297
  0.0190  0.0189  0.0186  0.0191  0.0192  0.0187  0.0189  0.0193  0.0187  0.0189  0.0185  0.0186
  0.0186  0.0185  0.0184  0.0187  0.0187  0.0184  0.0185  0.0187  0.0184  0.0185  0.0183  0.0184
  0.0183  0.0183  0.0182  0.0184  0.0183  0.0182  0.0183  0.0183  0.0182  0.0183  0.0182  0.0182
  0.0182  0.0182  0.0182  0.0182  0.0182  0.0182  0.0182  0.0182  0.0182  0.0182  0.0182  0.0182
  0.0183  0.0183  0.0182  0.0182  0.0182  0.0183  0.0183  0.0183  0.0182  0.0182  0.0182  0.0182
  0.0186  0.0185  0.0184  0.0185  0.0186  0.0185  0.0185  0.0187  0.0184  0.0185  0.0183  0.0184
  0.0190  0.0189  0.0186  0.0191  0.0192  0.0187  0.0189  0.0193  0.0187  0.0189  0.0185  0.0186
niter,ni,del,rscale     2    3    5.0000    0.5000
parameters
    0.9128    1.6014    5.2706   -2.8037  -19.2389   -9.3042
   -1.1240    7.9341   -0.2005   23.2547   -3.6594  -26.4129
eta,q 0.98183 11.82562
  0.0188  0.0187  0.0185  0.0188  0.0189  0.0185  0.0187  0.0190  0.0186  0.0187  0.0184  0.0185
  0.0184  0.0184  0.0183  0.0185  0.0185  0.0183  0.0184  0.0185  0.0183  0.0184  0.0183  0.0183
  0.0182  0.0182  0.0182  0.0183  0.0183  0.0182  0.0182  0.0183  0.0182  0.0182  0.0182  0.0182
  0.0182  0.0182  0.0182  0.0182  0.0182  0.0182  0.0182  0.0182  0.0182  0.0182  0.0182  0.0182
  0.0182  0.0182  0.0182  0.0182  0.0182  0.0182  0.0182  0.0183  0.0182  0.0182  0.0182  0.0182
  0.0184  0.0184  0.0183  0.0184  0.0185  0.0184  0.0184  0.0185  0.0184  0.0184  0.0183  0.0183
  0.0188  0.0187  0.0185  0.0188  0.0189  0.0186  0.0187  0.0190  0.0186  0.0187  0.0184  0.0185
niter,ni,del,rscale     1    3    5.0000    0.4000
parameters
    0.9134    1.5984    5.2529   -2.7186  -19.1831   -9.3734
   -1.1256    7.9427   -0.1920   23.2445   -3.6472  -26.4176
eta,q 0.98184 11.82793
  0.0186  0.0185  0.0184  0.0186  0.0186  0.0184  0.0185  0.0187  0.0184  0.0185  0.0183  0.0184
  0.0183  0.0183  0.0183  0.0184  0.0184  0.0183  0.0183  0.0184  0.0183  0.0183  0.0182  0.0183
  0.0182  0.0182  0.0182  0.0182  0.0182  0.0182  0.0182  0.0182  0.0182  0.0182  0.0182  0.0182
  0.0182  0.0182  0.0182  0.0182  0.0182  0.0182  0.0182  0.0182  0.0182  0.0182  0.0182  0.0182
  0.0182  0.0182  0.0182  0.0182  0.0182  0.0182  0.0182  0.0182  0.0182  0.0182  0.0182  0.0182
  0.0183  0.0183  0.0183  0.0183  0.0184  0.0183  0.0183  0.0184  0.0183  0.0183  0.0182  0.0183
  0.0185  0.0185  0.0184  0.0186  0.0186  0.0184  0.0185  0.0187  0.0184  0.0185  0.0183  0.0184
registration optimization eta report
parameter search radius
    0.8000    0.8000    0.8000    2.4000    2.4000    2.4000
    2.4000    2.4000    2.4000    2.4000    2.4000    2.4000
100000*second partial in parameter space
       59.       52.       31.        8.        8.        4.
        6.        9.        5.        6.        3.        4.
  0.0186  0.0185  0.0184  0.0186  0.0186  0.0184  0.0185  0.0187  0.0184  0.0185  0.0183  0.0184
  0.0183  0.0183  0.0183  0.0184  0.0184  0.0183  0.0183  0.0184  0.0183  0.0183  0.0182  0.0183
  0.0182  0.0182  0.0182  0.0182  0.0182  0.0182  0.0182  0.0182  0.0182  0.0182  0.0182  0.0182
  0.0182  0.0182  0.0182  0.0182  0.0182  0.0182  0.0182  0.0182  0.0182  0.0182  0.0182  0.0182
  0.0182  0.0182  0.0182  0.0182  0.0182  0.0182  0.0182  0.0182  0.0182  0.0182  0.0182  0.0182
  0.0183  0.0183  0.0183  0.0183  0.0184  0.0183  0.0183  0.0184  0.0183  0.0183  0.0182  0.0183
  0.0185  0.0185  0.0184  0.0186  0.0186  0.0184  0.0185  0.0187  0.0184  0.0185  0.0183  0.0184
    0.9134    1.5984    5.2529   -2.7186  -19.1831   -9.3734
   -1.1256    7.9427   -0.1920   23.2445   -3.6472  -26.4176
eta,q 0.98184 11.82793

---------------------------------------------------------------------
imgreg_4dfp /opt/freesurfer/average/711-2C_as_mni_average_305 /opt/freesurfer/average/711-2B_as_mni_average_305_mask talsrcimg_g11 none talsrcimg_to_711-2C_as_mni_average_305_t4 2311
---------------------------------------------------------------------

freesurfer imgreg_4dfp.c
/opt/freesurfer/average/711-2C_as_mni_average_305.4dfp.img
       256       256       256         1
  1.000000  1.000000  1.000000
orientation T byte_order littleendian
Reading image: /opt/freesurfer/average/711-2C_as_mni_average_305.4dfp.img
dimensions:      256       256       256
mmppix:       1.0000   -1.0000   -1.0000
center:     128.0000 -129.0000 -129.0000
/opt/freesurfer/average/711-2B_as_mni_average_305_mask.4dfp.img
       256       256       256         1
  1.000000  1.000000  1.000000
orientation T byte_order littleendian
Reading mask: /opt/freesurfer/average/711-2B_as_mni_average_305_mask.4dfp.img (2306576 pixels)
talsrcimg_g11.4dfp.img
       256       256       256         1
  1.000000  1.000000  1.000000
orientation T byte_order littleendian
Reading image: talsrcimg_g11.4dfp.img
dimensions:      256       256       256
mmppix:       1.0000   -1.0000   -1.0000
center:     128.0000 -129.0000 -129.0000
fimgreg.f
image alignment mode   2311 decimal      907 hex
parameters
    0.9134    1.5984    5.2529   -2.7186  -19.1831   -9.3734
   -1.1256    7.9427   -0.1920   23.2445   -3.6472  -26.4176
eta,q 0.98184 11.82793
niter,ni,del,rscale     5    3    5.0000    0.8000
parameters
    0.9075    1.6010    5.2298   -3.0761  -19.3847   -9.2050
   -1.1317    7.9026   -0.1774   23.2371   -3.6202  -26.4743
eta,q 0.98180 11.81511
  0.0196  0.0195  0.0189  0.0195  0.0197  0.0192  0.0195  0.0201  0.0192  0.0195  0.0188  0.0190
  0.0188  0.0187  0.0185  0.0189  0.0190  0.0187  0.0188  0.0191  0.0186  0.0188  0.0185  0.0185
  0.0183  0.0183  0.0182  0.0184  0.0184  0.0183  0.0183  0.0184  0.0183  0.0183  0.0183  0.0183
  0.0182  0.0182  0.0182  0.0182  0.0182  0.0182  0.0182  0.0182  0.0182  0.0182  0.0182  0.0182
  0.0183  0.0183  0.0183  0.0183  0.0184  0.0183  0.0183  0.0184  0.0183  0.0183  0.0183  0.0183
  0.0188  0.0187  0.0185  0.0190  0.0190  0.0186  0.0188  0.0191  0.0186  0.0187  0.0185  0.0186
  0.0197  0.0195  0.0190  0.0201  0.0201  0.0191  0.0194  0.0202  0.0192  0.0195  0.0188  0.0190
niter,ni,del,rscale     4    3    5.0000    0.7000
parameters
    0.9054    1.6023    5.2753   -2.9941  -19.3571   -9.1822
   -1.1326    7.9126   -0.1977   23.2571   -3.6409  -26.4414
eta,q 0.98181 11.81939
  0.0193  0.0192  0.0188  0.0194  0.0195  0.0189  0.0192  0.0197  0.0190  0.0192  0.0186  0.0188
  0.0187  0.0186  0.0185  0.0188  0.0189  0.0185  0.0186  0.0189  0.0185  0.0186  0.0184  0.0185
  0.0183  0.0183  0.0183  0.0184  0.0184  0.0183  0.0183  0.0184  0.0183  0.0183  0.0182  0.0183
  0.0182  0.0182  0.0182  0.0182  0.0182  0.0182  0.0182  0.0182  0.0182  0.0182  0.0182  0.0182
  0.0183  0.0183  0.0182  0.0182  0.0183  0.0183  0.0183  0.0183  0.0183  0.0183  0.0182  0.0183
  0.0187  0.0186  0.0184  0.0187  0.0187  0.0185  0.0186  0.0189  0.0185  0.0186  0.0184  0.0185
  0.0193  0.0192  0.0188  0.0194  0.0196  0.0189  0.0192  0.0197  0.0190  0.0192  0.0186  0.0188
niter,ni,del,rscale     3    3    5.0000    0.6000
parameters
    0.9077    1.6011    5.2809   -2.8950  -19.2998   -9.2357
   -1.1252    7.9307   -0.2003   23.2567   -3.6414  -26.4176
eta,q 0.98182 11.82274
  0.0190  0.0189  0.0186  0.0191  0.0192  0.0187  0.0189  0.0193  0.0187  0.0189  0.0185  0.0187
  0.0186  0.0185  0.0184  0.0187  0.0187  0.0184  0.0185  0.0187  0.0184  0.0185  0.0183  0.0184
  0.0183  0.0183  0.0182  0.0184  0.0183  0.0182  0.0183  0.0183  0.0182  0.0183  0.0182  0.0182
  0.0182  0.0182  0.0182  0.0182  0.0182  0.0182  0.0182  0.0182  0.0182  0.0182  0.0182  0.0182
  0.0183  0.0183  0.0182  0.0182  0.0183  0.0183  0.0183  0.0183  0.0182  0.0182  0.0182  0.0182
  0.0186  0.0185  0.0184  0.0185  0.0186  0.0185  0.0185  0.0187  0.0184  0.0185  0.0183  0.0184
  0.0190  0.0189  0.0186  0.0191  0.0192  0.0187  0.0189  0.0193  0.0187  0.0189  0.0185  0.0186
niter,ni,del,rscale     2    3    5.0000    0.5000
parameters
    0.9121    1.5997    5.2707   -2.7990  -19.2408   -9.2994
   -1.1187    7.9372   -0.1988   23.2524   -3.6725  -26.4191
eta,q 0.98183 11.82578
  0.0188  0.0187  0.0185  0.0189  0.0189  0.0186  0.0187  0.0190  0.0186  0.0187  0.0184  0.0185
  0.0184  0.0184  0.0183  0.0185  0.0185  0.0183  0.0184  0.0185  0.0183  0.0184  0.0183  0.0183
  0.0182  0.0182  0.0182  0.0183  0.0183  0.0182  0.0182  0.0183  0.0182  0.0182  0.0182  0.0182
  0.0182  0.0182  0.0182  0.0182  0.0182  0.0182  0.0182  0.0182  0.0182  0.0182  0.0182  0.0182
  0.0182  0.0182  0.0182  0.0182  0.0182  0.0182  0.0182  0.0183  0.0182  0.0182  0.0182  0.0182
  0.0184  0.0184  0.0183  0.0184  0.0185  0.0184  0.0184  0.0185  0.0183  0.0184  0.0183  0.0183
  0.0188  0.0187  0.0185  0.0188  0.0189  0.0186  0.0187  0.0190  0.0186  0.0187  0.0184  0.0185
niter,ni,del,rscale     1    3    5.0000    0.4000
parameters
    0.9140    1.6017    5.2532   -2.7204  -19.1830   -9.3734
   -1.1295    7.9440   -0.1960   23.2464   -3.6455  -26.4252
eta,q 0.98184 11.82796
  0.0186  0.0185  0.0184  0.0186  0.0187  0.0184  0.0185  0.0187  0.0184  0.0185  0.0183  0.0184
  0.0183  0.0183  0.0183  0.0184  0.0184  0.0183  0.0183  0.0184  0.0183  0.0183  0.0182  0.0183
  0.0182  0.0182  0.0182  0.0182  0.0182  0.0182  0.0182  0.0182  0.0182  0.0182  0.0182  0.0182
  0.0182  0.0182  0.0182  0.0182  0.0182  0.0182  0.0182  0.0182  0.0182  0.0182  0.0182  0.0182
  0.0182  0.0182  0.0182  0.0182  0.0182  0.0182  0.0182  0.0182  0.0182  0.0182  0.0182  0.0182
  0.0183  0.0183  0.0183  0.0183  0.0184  0.0183  0.0183  0.0184  0.0183  0.0183  0.0182  0.0183
  0.0185  0.0185  0.0184  0.0186  0.0186  0.0184  0.0185  0.0187  0.0184  0.0185  0.0183  0.0184
registration optimization eta report
parameter search radius
    0.8000    0.8000    0.8000    2.4000    2.4000    2.4000
    2.4000    2.4000    2.4000    2.4000    2.4000    2.4000
100000*second partial in parameter space
       60.       52.       31.        8.        8.        4.
        6.        9.        4.        5.        3.        4.
  0.0186  0.0185  0.0184  0.0186  0.0187  0.0184  0.0185  0.0187  0.0184  0.0185  0.0183  0.0184
  0.0183  0.0183  0.0183  0.0184  0.0184  0.0183  0.0183  0.0184  0.0183  0.0183  0.0182  0.0183
  0.0182  0.0182  0.0182  0.0182  0.0182  0.0182  0.0182  0.0182  0.0182  0.0182  0.0182  0.0182
  0.0182  0.0182  0.0182  0.0182  0.0182  0.0182  0.0182  0.0182  0.0182  0.0182  0.0182  0.0182
  0.0182  0.0182  0.0182  0.0182  0.0182  0.0182  0.0182  0.0182  0.0182  0.0182  0.0182  0.0182
  0.0183  0.0183  0.0183  0.0183  0.0184  0.0183  0.0183  0.0184  0.0183  0.0183  0.0182  0.0183
  0.0185  0.0185  0.0184  0.0186  0.0186  0.0184  0.0185  0.0187  0.0184  0.0185  0.0183  0.0184
    0.9140    1.6017    5.2532   -2.7204  -19.1830   -9.3734
   -1.1295    7.9440   -0.1960   23.2464   -3.6455  -26.4252
eta,q 0.98184 11.82796

---------------------------------------------------------------------
compute_vox2vox talsrcimg talsrcimg_to_711-2C_as_mni_average_305_t4 /opt/freesurfer/average/711-2C_as_mni_average_305
---------------------------------------------------------------------

freesurfer compute_vox2vox.c
Reading: talsrcimg.4dfp.ifh
Reading: talsrcimg_to_711-2C_as_mni_average_305_t4
Reading: /opt/freesurfer/average/711-2C_as_mni_average_305.4dfp.ifh
Writing: talsrcimg_to_711-2C_as_mni_average_305_t4_vox2vox.txt

start time Sun Mar 8 12:45:05 CET 2026
end		time Sun Mar 8 12:45:18 CET 2026

mpr2mni305 success

avi2talxfm orig_nu.mgz /opt/freesurfer/average/mni305.cor.mgz talsrcimg_to_711-2C_as_mni_average_305_t4_vox2vox.txt transforms/talairach.auto.xfm
avi2talxfm done
mv -f /out/sourcedata/freesurfer/sub-v1s12x0050111_ses-1/mri/talsrcimg_to_711-2C_as_mni_average_305_t4_vox2vox.txt /out/sourcedata/freesurfer/sub-v1s12x0050111_ses-1/mri/transforms/talsrcimg_to_711-2C_as_mni_average_305_t4_vox2vox.txt
lta_convert --src orig_nu.mgz --trg /opt/freesurfer/average/mni305.cor.mgz --inxfm transforms/talairach.auto.xfm --outlta transforms/talairach.auto.xfm.lta --subject fsaverage
7.3.2

--src: orig_nu.mgz src image (geometry).
--trg: /opt/freesurfer/average/mni305.cor.mgz trg image (geometry).
--inmni: transforms/talairach.auto.xfm input MNI/XFM transform.
--outlta: transforms/talairach.auto.xfm.lta output LTA.
--s: fsaverage subject name
 LTA read, type : 1
 1.02470  -0.08626  -0.01388  -0.86487;
 0.03870   1.01479   0.33235  -9.63191;
-0.00865  -0.29210   1.14173  -28.84698;
 0.00000   0.00000   0.00000   1.00000;
setting subject to fsaverage
Writing  LTA to file transforms/talairach.auto.xfm.lta...
lta_convert successful.
 
 
Started at Sun Mar 8 12:45:04 CET 2026
Ended   at Sun Mar  8 12:45:19 CET 2026
talairach_avi done
