/out/sourcedata/freesurfer/sub-v1s12x0050137_ses-1/mri
/opt/freesurfer/bin/talairach_avi
--i orig_nu.mgz --xfm transforms/talairach.auto.xfm
talairach_avi 7.3.2
Linux dna018 5.14.0-427.37.1.el9_4.x86_64 #1 SMP PREEMPT_DYNAMIC Fri Sep 13 12:41:50 EDT 2024 x86_64 x86_64 x86_64 GNU/Linux
Sun Mar  8 12:45:50 CET 2026
mri_convert orig_nu.mgz talsrcimg.img 
reading from orig_nu.mgz...
TR=0.00, TE=0.00, TI=0.00, flip angle=0.00
i_ras = (-1, 0, 0)
j_ras = (0, 0, -1)
k_ras = (0, 1, 0)
writing to talsrcimg.img...
Analyze Output Matrix
-1.00000   0.00000   0.00000   129.27792;
 0.00000   0.00000   1.00000  -122.18886;
 0.00000  -1.00000   0.00000   144.01910;
 0.00000   0.00000   0.00000   1.00000;
--------------------
INFO: set hdr.hist.orient to -1
mpr2mni305 talsrcimg
Sun Mar  8 12:45:50 CET 2026
/opt/freesurfer/bin/mpr2mni305 talsrcimg
mpr2mni305 7.3.2
target=711-2C_as_mni_average_305

---------------------------------------------------------------------
analyzeto4dfp talsrcimg -O0 -y
---------------------------------------------------------------------

freesurfer ifh2hdr.c
Sun Mar  8 12:45:51 2026
Writing: talsrcimg.4dfp.hdr
freesurfer analyzeto4dfp.c
Reading: talsrcimg.hdr
header size 348 bytes
hdr.dime.datatype	offset=70	value=2
hdr.dime.bitpix		offset=72	value=8
hdr.hist.orient		offset=252	value=-1
dimensionality     4
dimensions       256       256       256         1
Reading: talsrcimg.img
Writing: talsrcimg.4dfp.img
Writing: talsrcimg.4dfp.ifh
ifh2hdr talsrcimg -r0to222
ori=2

---------------------------------------------------------------------
gauss_4dfp talsrcimg 1.1
---------------------------------------------------------------------

freesurfer gauss_4dfp.c
Reading: talsrcimg.4dfp.img
Writing: talsrcimg_g11.4dfp.img
image dimensions 256 256 256 padded to 288 288 288
processing volume 1freesurfer ifh2hdr.c
Sun Mar  8 12:45:52 2026
Writing: talsrcimg_g11.4dfp.hdr

Writing: talsrcimg_g11.4dfp.ifh
including: talsrcimg.4dfp.img.rec in talsrcimg_g11.4dfp.img.rec

---------------------------------------------------------------------
imgreg_4dfp /opt/freesurfer/average/711-2C_as_mni_average_305 none talsrcimg_g11 none talsrcimg_to_711-2C_as_mni_average_305_t4 4355
---------------------------------------------------------------------

freesurfer imgreg_4dfp.c
/opt/freesurfer/average/711-2C_as_mni_average_305.4dfp.img
       256       256       256         1
  1.000000  1.000000  1.000000
orientation T byte_order littleendian
Reading image: /opt/freesurfer/average/711-2C_as_mni_average_305.4dfp.img
dimensions:      256       256       256
mmppix:       1.0000   -1.0000   -1.0000
center:     128.0000 -129.0000 -129.0000
talsrcimg_g11.4dfp.img
       256       256       256         1
  1.000000  1.000000  1.000000
orientation T byte_order littleendian
Reading image: talsrcimg_g11.4dfp.img
dimensions:      256       256       256
mmppix:       1.0000   -1.0000   -1.0000
center:     128.0000 -129.0000 -129.0000
t4_read: open error in t4_sub.f l:  41 t4_file(1:l)talsrcimg_to_711-2C_as_mni_average_305_t4 
t4_read: transform initialized to I4
rotation matrix determinant  1.000000
image alignment mode   4355 decimal     1103 hex
   -7.5000  -45.0000  -45.0000 8604.3320   14.9974
    0.0000  -45.0000  -45.0000 9064.5000   15.0167
    7.5000  -45.0000  -45.0000 8656.1562   15.0299
   -7.5000  -37.5000  -45.0000 9052.7080   14.9468
    0.0000  -37.5000  -45.0000 9545.0146   14.9720
    7.5000  -37.5000  -45.0000 9116.5176   14.9882
   -7.5000  -30.0000  -45.0000 9878.3770   14.9121
    0.0000  -30.0000  -45.000010406.2646   14.9374
    7.5000  -30.0000  -45.0000 9928.6035   14.9538
   -7.5000  -22.5000  -45.000010679.2451   14.9238
    0.0000  -22.5000  -45.000011239.9902   14.9430
    7.5000  -22.5000  -45.000010712.8281   14.9549
   -7.5000  -15.0000  -45.000011431.6172   14.9602
    0.0000  -15.0000  -45.000012012.6436   14.9735
    7.5000  -15.0000  -45.000011430.3584   14.9819
   -7.5000   -7.5000  -45.000011984.8730   14.9925
    0.0000   -7.5000  -45.000012578.4307   15.0062
    7.5000   -7.5000  -45.000011936.8076   15.0162
   -7.5000    0.0000  -45.000012429.2197   14.9910
    0.0000    0.0000  -45.000013020.6602   15.0103
    7.5000    0.0000  -45.000012350.1348   15.0235
   -7.5000    7.5000  -45.000011853.6494   14.9468
    0.0000    7.5000  -45.000012430.5898   14.9720
    7.5000    7.5000  -45.000011767.8096   14.9882
   -7.5000   15.0000  -45.000011199.3643   14.9121
    0.0000   15.0000  -45.000011781.6748   14.9374
    7.5000   15.0000  -45.000011118.5547   14.9538
   -7.5000   22.5000  -45.000010466.3066   14.9218
    0.0000   22.5000  -45.000011009.4062   14.9409
    7.5000   22.5000  -45.000010378.7041   14.9528
   -7.5000   30.0000  -45.0000 9639.5957   14.7608
    0.0000   30.0000  -45.000010147.0850   14.7740
    7.5000   30.0000  -45.0000 9577.0391   14.7823
   -7.5000   37.5000  -45.0000 9146.4229   14.7927
    0.0000   37.5000  -45.0000 9618.2900   14.8063
    7.5000   37.5000  -45.0000 9076.1797   14.8161
   -7.5000   45.0000  -45.0000 8324.8906   14.4638
    0.0000   45.0000  -45.0000 8730.1611   14.4823
    7.5000   45.0000  -45.0000 8224.1270   14.4948
   -7.5000  -45.0000  -37.5000 9069.4395   14.9442
    0.0000  -45.0000  -37.5000 9568.5820   14.9602
    7.5000  -45.0000  -37.5000 9134.7900   14.9655
   -7.5000  -37.5000  -37.5000 9554.3691   14.8946
    0.0000  -37.5000  -37.500010089.4189   14.9148
    7.5000  -37.5000  -37.5000 9625.3828   14.9214
   -7.5000  -30.0000  -37.500010422.9697   14.8594
    0.0000  -30.0000  -37.500010995.4385   14.8798
    7.5000  -30.0000  -37.500010479.0693   14.8868
   -7.5000  -22.5000  -37.500011272.6855   14.8697
    0.0000  -22.5000  -37.500011871.0596   14.8851
    7.5000  -22.5000  -37.500011323.6064   14.8895
   -7.5000  -15.0000  -37.500012067.7910   14.9057
    0.0000  -15.0000  -37.500012686.1211   14.9164
    7.5000  -15.0000  -37.500012095.9346   14.9189
   -7.5000   -7.5000  -37.500012624.0859   14.9387
    0.0000   -7.5000  -37.500013277.8281   14.9501
    7.5000   -7.5000  -37.500012624.3223   14.9540
   -7.5000    0.0000  -37.500013029.9082   14.9379
    0.0000    0.0000  -37.500013700.3047   14.9539
    7.5000    0.0000  -37.500013000.7295   14.9592
   -7.5000    7.5000  -37.500012454.2227   14.8946
    0.0000    7.5000  -37.500013073.2861   14.9148
    7.5000    7.5000  -37.500012398.9717   14.9214
   -7.5000   15.0000  -37.500011777.2490   14.8594
    0.0000   15.0000  -37.500012358.9619   14.8798
    7.5000   15.0000  -37.500011719.3740   14.8868
   -7.5000   22.5000  -37.500011001.4395   14.8677
    0.0000   22.5000  -37.500011519.8047   14.8831
    7.5000   22.5000  -37.500010915.7930   14.8875
   -7.5000   30.0000  -37.500010132.0498   14.7070
    0.0000   30.0000  -37.500010615.5283   14.7176
    7.5000   30.0000  -37.500010065.6172   14.7201
   -7.5000   37.5000  -37.5000 9605.1943   14.7396
    0.0000   37.5000  -37.500010070.0977   14.7509
    7.5000   37.5000  -37.5000 9542.9639   14.7547
   -7.5000   45.0000  -37.5000 8704.7529   14.4125
    0.0000   45.0000  -37.5000 9108.9736   14.4278
    7.5000   45.0000  -37.5000 8626.3281   14.4330
   -7.5000  -45.0000  -30.0000 9709.3506   15.5517
    0.0000  -45.0000  -30.000010212.6631   15.5700
    7.5000  -45.0000  -30.0000 9759.8154   15.5719
   -7.5000  -37.5000  -30.000010232.0605   15.5011
    0.0000  -37.5000  -30.000010777.6348   15.5211
    7.5000  -37.5000  -30.000010303.9717   15.5219
   -7.5000  -30.0000  -30.000011177.2607   15.4637
    0.0000  -30.0000  -30.000011764.0830   15.4823
    7.5000  -30.0000  -30.000011246.3467   15.4829
   -7.5000  -22.5000  -30.000012113.7822   15.4722
    0.0000  -22.5000  -30.000012740.8799   15.4862
    7.5000  -22.5000  -30.000012166.0977   15.4863
   -7.5000  -15.0000  -30.000012948.6123   15.5087
    0.0000  -15.0000  -30.000013628.1514   15.5200
    7.5000  -15.0000  -30.000012982.3574   15.5204
   -7.5000   -7.5000  -30.000013532.8086   15.5443
    0.0000   -7.5000  -30.000014267.6455   15.5584
    7.5000   -7.5000  -30.000013549.4658   15.5604
   -7.5000    0.0000  -30.000013975.3711   15.5452
    0.0000    0.0000  -30.000014701.1445   15.5635
    7.5000    0.0000  -30.000013949.8965   15.5654
   -7.5000    7.5000  -30.000013324.9961   15.5011
    0.0000    7.5000  -30.000013994.7734   15.5211
    7.5000    7.5000  -30.000013306.1270   15.5219
   -7.5000   15.0000  -30.000012619.3408   15.4637
    0.0000   15.0000  -30.000013226.3711   15.4823
    7.5000   15.0000  -30.000012576.5029   15.4829
   -7.5000   22.5000  -30.000011796.7900   15.4685
    0.0000   22.5000  -30.000012328.3174   15.4825
    7.5000   22.5000  -30.000011698.5947   15.4826
   -7.5000   30.0000  -30.000010865.2979   15.3035
    0.0000   30.0000  -30.000011358.4277   15.3146
    7.5000   30.0000  -30.000010788.2275   15.3151
   -7.5000   37.5000  -30.000010285.5654   15.3386
    0.0000   37.5000  -30.000010760.1162   15.3525
    7.5000   37.5000  -30.000010226.0322   15.3545
   -7.5000   45.0000  -30.0000 9273.6299   15.0093
    0.0000   45.0000  -30.0000 9697.2979   15.0267
    7.5000   45.0000  -30.0000 9201.6621   15.0286
   -7.5000  -45.0000  -22.500010342.2275   16.0647
    0.0000  -45.0000  -22.500010868.8506   16.0897
    7.5000  -45.0000  -22.500010402.6064   16.0986
   -7.5000  -37.5000  -22.500010929.4287   16.0133
    0.0000  -37.5000  -22.500011485.5332   16.0387
    7.5000  -37.5000  -22.500010988.5059   16.0451
   -7.5000  -30.0000  -22.500011970.0156   15.9739
    0.0000  -30.0000  -22.500012579.3018   15.9963
    7.5000  -30.0000  -22.500012026.1182   16.0018
   -7.5000  -22.5000  -22.500012996.1582   15.9807
    0.0000  -22.5000  -22.500013665.1602   15.9982
    7.5000  -22.5000  -22.500013045.9863   16.0041
   -7.5000  -15.0000  -22.500013881.5586   16.0174
    0.0000  -15.0000  -22.500014611.8164   16.0327
    7.5000  -15.0000  -22.500013913.8750   16.0402
   -7.5000   -7.5000  -22.500014502.6738   16.0554
    0.0000   -7.5000  -22.500015260.9131   16.0752
    7.5000   -7.5000  -22.500014481.5479   16.0848
   -7.5000    0.0000  -22.500014945.3232   16.0581
    0.0000    0.0000  -22.500015691.5479   16.0831
    7.5000    0.0000  -22.500014903.0898   16.0920
   -7.5000    7.5000  -22.500014230.5703   16.0133
    0.0000    7.5000  -22.500014934.2842   16.0387
    7.5000    7.5000  -22.500014193.7451   16.0451
   -7.5000   15.0000  -22.500013484.5010   15.9739
    0.0000   15.0000  -22.500014114.8652   15.9963
    7.5000   15.0000  -22.500013422.7041   16.0018
   -7.5000   22.5000  -22.500012630.2461   15.9757
    0.0000   22.5000  -22.500013165.1152   15.9932
    7.5000   22.5000  -22.500012531.2490   15.9992
   -7.5000   30.0000  -22.500011629.5254   15.8079
    0.0000   30.0000  -22.500012143.1797   15.8230
    7.5000   30.0000  -22.500011558.4512   15.8304
   -7.5000   37.5000  -22.500011005.2803   15.8454
    0.0000   37.5000  -22.500011493.9912   15.8649
    7.5000   37.5000  -22.500010950.7539   15.8744
   -7.5000   45.0000  -22.5000 9913.7666   15.5160
    0.0000   45.0000  -22.500010347.4893   15.5397
    7.5000   45.0000  -22.5000 9835.1201   15.5480
   -7.5000  -45.0000  -15.000010960.4248   16.4274
    0.0000  -45.0000  -15.000011489.0156   16.4570
    7.5000  -45.0000  -15.000011017.5352   16.4750
   -7.5000  -37.5000  -15.000011584.4746   16.3762
    0.0000  -37.5000  -15.000012151.0693   16.4078
    7.5000  -37.5000  -15.000011642.9014   16.4242
   -7.5000  -30.0000  -15.000012699.7188   16.3358
    0.0000  -30.0000  -15.000013335.1172   16.3643
    7.5000  -30.0000  -15.000012741.0156   16.3799
   -7.5000  -22.5000  -15.000013860.8643   16.3409
    0.0000  -22.5000  -15.000014585.1514   16.3633
    7.5000  -22.5000  -15.000013894.2510   16.3787
   -7.5000  -15.0000  -15.000014837.2637   16.3764
    0.0000  -15.0000  -15.000015619.9854   16.3954
    7.5000  -15.0000  -15.000014839.2832   16.4115
   -7.5000   -7.5000  -15.000015490.9248   16.4156
    0.0000   -7.5000  -15.000016241.1953   16.4388
    7.5000   -7.5000  -15.000015440.9229   16.4568
   -7.5000    0.0000  -15.000015918.7637   16.4206
    0.0000    0.0000  -15.000016655.3770   16.4502
    7.5000    0.0000  -15.000015845.6025   16.4683
   -7.5000    7.5000  -15.000015182.0479   16.3762
    0.0000    7.5000  -15.000015851.4600   16.4078
    7.5000    7.5000  -15.000015090.8154   16.4242
   -7.5000   15.0000  -15.000014398.0166   16.3358
    0.0000   15.0000  -15.000015016.0283   16.3643
    7.5000   15.0000  -15.000014291.9551   16.3799
   -7.5000   22.5000  -15.000013512.4268   16.3351
    0.0000   22.5000  -15.000014070.7725   16.3575
    7.5000   22.5000  -15.000013387.7295   16.3729
   -7.5000   30.0000  -15.000012467.4062   16.1645
    0.0000   30.0000  -15.000012998.5479   16.1833
    7.5000   30.0000  -15.000012365.1611   16.1991
   -7.5000   37.5000  -15.000011797.4717   16.2032
    0.0000   37.5000  -15.000012301.9268   16.2260
    7.5000   37.5000  -15.000011684.2490   16.2439
   -7.5000   45.0000  -15.000010609.5029   15.8758
    0.0000   45.0000  -15.000011064.9883   15.9040
    7.5000   45.0000  -15.000010504.8848   15.9206
   -7.5000  -45.0000   -7.500011598.9141   16.6132
    0.0000  -45.0000   -7.500012158.5703   16.6406
    7.5000  -45.0000   -7.500011642.4580   16.6601
   -7.5000  -37.5000   -7.500012230.6396   16.5605
    0.0000  -37.5000   -7.500012825.6191   16.5928
    7.5000  -37.5000   -7.500012276.7588   16.6140
   -7.5000  -30.0000   -7.500013406.5078   16.5207
    0.0000  -30.0000   -7.500014081.2334   16.5515
    7.5000  -30.0000   -7.500013447.3008   16.5726
   -7.5000  -22.5000   -7.500014700.9453   16.5284
    0.0000  -22.5000   -7.500015464.6611   16.5523
    7.5000  -22.5000   -7.500014730.3662   16.5702
   -7.5000  -15.0000   -7.500015845.3330   16.5651
    0.0000  -15.0000   -7.500016684.3516   16.5836
    7.5000  -15.0000   -7.500015846.9531   16.5992
   -7.5000   -7.5000   -7.500016537.5508   16.6031
    0.0000   -7.5000   -7.500017334.8184   16.6236
    7.5000   -7.5000   -7.500016500.9023   16.6410
   -7.5000    0.0000   -7.500016973.2207   16.6063
    0.0000    0.0000   -7.500017693.7051   16.6336
    7.5000    0.0000   -7.500016893.1250   16.6532
   -7.5000    7.5000   -7.500016218.9277   16.5605
    0.0000    7.5000   -7.500016892.5527   16.5928
    7.5000    7.5000   -7.500016108.4111   16.6140
   -7.5000   15.0000   -7.500015392.7949   16.5207
    0.0000   15.0000   -7.500016049.9434   16.5515
    7.5000   15.0000   -7.500015256.4629   16.5726
   -7.5000   22.5000   -7.500014461.0234   16.5208
    0.0000   22.5000   -7.500015092.4805   16.5447
    7.5000   22.5000   -7.500014300.1475   16.5625
   -7.5000   30.0000   -7.500013368.2939   16.3502
    0.0000   30.0000   -7.500013979.5791   16.3686
    7.5000   30.0000   -7.500013225.4385   16.3840
   -7.5000   37.5000   -7.500012656.4883   16.3878
    0.0000   37.5000   -7.500013247.1104   16.4080
    7.5000   37.5000   -7.500012504.9111   16.4252
   -7.5000   45.0000   -7.500011392.0332   16.0583
    0.0000   45.0000   -7.500011917.7783   16.0844
    7.5000   45.0000   -7.500011237.2363   16.1027
   -7.5000  -45.0000    0.000012074.8135   16.6561
    0.0000  -45.0000    0.000012683.9141   16.6775
    7.5000  -45.0000    0.000012157.7119   16.6917
   -7.5000  -37.5000    0.000012736.1387   16.6013
    0.0000  -37.5000    0.000013376.9043   16.6291
    7.5000  -37.5000    0.000012807.1357   16.6465
   -7.5000  -30.0000    0.000013950.3438   16.5629
    0.0000  -30.0000    0.000014657.7178   16.5910
    7.5000  -30.0000    0.000014019.0771   16.6086
   -7.5000  -22.5000    0.000015352.8281   16.5747
    0.0000  -22.5000    0.000016178.7031   16.5962
    7.5000  -22.5000    0.000015412.9561   16.6092
   -7.5000  -15.0000    0.000016705.2031   16.6139
    0.0000  -15.0000    0.000017732.5684   16.6290
    7.5000  -15.0000    0.000016805.5137   16.6383
   -7.5000   -7.5000    0.000017621.4102   16.6498
    0.0000   -7.5000    0.000018617.3242   16.6651
    7.5000   -7.5000    0.000017664.2031   16.6760
   -7.5000    0.0000    0.000018087.4941   16.6491
    0.0000    0.0000    0.000019026.7930   16.6705
    7.5000    0.0000    0.000018021.5176   16.6847
   -7.5000    7.5000    0.000017266.6172   16.6013
    0.0000    7.5000    0.000018183.9414   16.6291
    7.5000    7.5000    0.000017112.8125   16.6465
   -7.5000   15.0000    0.000016330.9561   16.5629
    0.0000   15.0000    0.000017237.3262   16.5910
    7.5000   15.0000    0.000016106.0635   16.6086
   -7.5000   22.5000    0.000015277.4971   16.5671
    0.0000   22.5000    0.000016143.9277   16.5886
    7.5000   22.5000    0.000015029.5537   16.6015
   -7.5000   30.0000    0.000014117.0039   16.3989
    0.0000   30.0000    0.000014918.1113   16.4138
    7.5000   30.0000    0.000013923.3799   16.4229
   -7.5000   37.5000    0.000013369.9258   16.4343
    0.0000   37.5000    0.000014113.3008   16.4495
    7.5000   37.5000    0.000013216.1943   16.4602
   -7.5000   45.0000    0.000012044.8330   16.1011
    0.0000   45.0000    0.000012686.7666   16.1215
    7.5000   45.0000    0.000011894.4131   16.1351
   -7.5000  -45.0000    7.500011674.1787   16.6968
    0.0000  -45.0000    7.500012236.8623   16.7147
    7.5000  -45.0000    7.500011761.0381   16.7202
   -7.5000  -37.5000    7.500012343.3984   16.6418
    0.0000  -37.5000    7.500012942.9746   16.6645
    7.5000  -37.5000    7.500012389.5420   16.6715
   -7.5000  -30.0000    7.500013497.1396   16.6030
    0.0000  -30.0000    7.500014195.6406   16.6258
    7.5000  -30.0000    7.500013538.4277   16.6331
   -7.5000  -22.5000    7.500014860.9746   16.6144
    0.0000  -22.5000    7.500015771.0381   16.6316
    7.5000  -22.5000    7.500014920.4854   16.6362
   -7.5000  -15.0000    7.500016240.7344   16.6542
    0.0000  -15.0000    7.500017584.3867   16.6661
    7.5000  -15.0000    7.500016361.2139   16.6686
   -7.5000   -7.5000    7.500017282.9473   16.6906
    0.0000   -7.5000    7.500018890.6875   16.7034
    7.5000   -7.5000    7.500017370.4688   16.7073
   -7.5000    0.0000    7.500017826.0254   16.6898
    0.0000    0.0000    7.500019384.2891   16.7077
    7.5000    0.0000    7.500017771.8516   16.7132
   -7.5000    7.5000    7.500016952.7871   16.6418
    0.0000    7.5000    7.500018293.8809   16.6645
    7.5000    7.5000    7.500016765.6016   16.6715
   -7.5000   15.0000    7.500015965.2861   16.6030
    0.0000   15.0000    7.500017138.6113   16.6258
    7.5000   15.0000    7.500015741.3682   16.6331
   -7.5000   22.5000    7.500014913.0098   16.6068
    0.0000   22.5000    7.500015874.4395   16.6240
    7.5000   22.5000    7.500014680.2363   16.6285
   -7.5000   30.0000    7.500013790.2822   16.4387
    0.0000   30.0000    7.500014628.4814   16.4504
    7.5000   30.0000    7.500013626.7666   16.4529
   -7.5000   37.5000    7.500013093.1621   16.4746
    0.0000   37.5000    7.500013847.1289   16.4873
    7.5000   37.5000    7.500012970.1289   16.4911
   -7.5000   45.0000    7.500011808.0283   16.1406
    0.0000   45.0000    7.500012431.4287   16.1577
    7.5000   45.0000    7.500011648.6152   16.1632
   -7.5000  -45.0000   15.000011157.0752   16.7338
    0.0000  -45.0000   15.000011740.6943   16.7534
    7.5000  -45.0000   15.000011182.6211   16.7552
   -7.5000  -37.5000   15.000011828.1426   16.6791
    0.0000  -37.5000   15.000012480.5684   16.7004
    7.5000  -37.5000   15.000011848.3184   16.7010
   -7.5000  -30.0000   15.000012975.5332   16.6386
    0.0000  -30.0000   15.000013775.8906   16.6584
    7.5000  -30.0000   15.000012992.6689   16.6588
   -7.5000  -22.5000   15.000014233.6406   16.6478
    0.0000  -22.5000   15.000015240.8311   16.6626
    7.5000  -22.5000   15.000014252.7246   16.6625
   -7.5000  -15.0000   15.000015537.4395   16.6872
    0.0000  -15.0000   15.000016845.1660   16.6992
    7.5000  -15.0000   15.000015528.3691   16.6995
   -7.5000   -7.5000   15.000016576.7168   16.7258
    0.0000   -7.5000   15.000017990.6777   16.7409
    7.5000   -7.5000   15.000016489.3613   16.7428
   -7.5000    0.0000   15.000017071.3262   16.7268
    0.0000    0.0000   15.000018410.6348   16.7464
    7.5000    0.0000   15.000016959.7070   16.7483
   -7.5000    7.5000   15.000016148.9258   16.6791
    0.0000    7.5000   15.000017365.8164   16.7004
    7.5000    7.5000   15.000016060.5088   16.7010
   -7.5000   15.0000   15.000015175.1348   16.6386
    0.0000   15.0000   15.000016275.2041   16.6584
    7.5000   15.0000   15.000015096.4277   16.6588
   -7.5000   22.5000   15.000014193.6318   16.6401
    0.0000   22.5000   15.000015135.2441   16.6550
    7.5000   22.5000   15.000014075.4580   16.6548
   -7.5000   30.0000   15.000013155.9043   16.4712
    0.0000   30.0000   15.000013967.1846   16.4831
    7.5000   30.0000   15.000013032.2236   16.4834
   -7.5000   37.5000   15.000012484.7588   16.5093
    0.0000   37.5000   15.000013205.0791   16.5242
    7.5000   37.5000   15.000012352.6787   16.5262
   -7.5000   45.0000   15.000011215.0146   16.1764
    0.0000   45.0000   15.000011823.7695   16.1951
    7.5000   45.0000   15.000011061.5254   16.1970
   -7.5000  -45.0000   22.500010590.5615   16.7555
    0.0000  -45.0000   22.500011202.6963   16.7814
    7.5000  -45.0000   22.500010592.9434   16.7904
   -7.5000  -37.5000   22.500011233.7891   16.7018
    0.0000  -37.5000   22.500011906.4092   16.7280
    7.5000  -37.5000   22.500011222.3779   16.7343
   -7.5000  -30.0000   22.500012288.5635   16.6606
    0.0000  -30.0000   22.500013056.7383   16.6836
    7.5000  -30.0000   22.500012272.4824   16.6889
   -7.5000  -22.5000   22.500013432.8076   16.6675
    0.0000  -22.5000   22.500014304.9375   16.6854
    7.5000  -22.5000   22.500013406.7803   16.6913
   -7.5000  -15.0000   22.500014620.4668   16.7058
    0.0000  -15.0000   22.500015678.7646   16.7215
    7.5000  -15.0000   22.500014570.3555   16.7291
   -7.5000   -7.5000   22.500015535.7793   16.7456
    0.0000   -7.5000   22.500016580.5449   16.7660
    7.5000   -7.5000   22.500015434.0312   16.7759
   -7.5000    0.0000   22.500015922.8457   16.7485
    0.0000    0.0000   22.500016877.8828   16.7744
    7.5000    0.0000   22.500015870.6768   16.7835
   -7.5000    7.5000   22.500015094.5342   16.7018
    0.0000    7.5000   22.500015990.9619   16.7280
    7.5000    7.5000   22.500015060.9297   16.7343
   -7.5000   15.0000   22.500014243.8945   16.6606
    0.0000   15.0000   22.500015094.6182   16.6836
    7.5000   15.0000   22.500014165.6875   16.6889
   -7.5000   22.5000   22.500013340.8096   16.6598
    0.0000   22.5000   22.500014116.5889   16.6777
    7.5000   22.5000   22.500013200.3145   16.6836
   -7.5000   30.0000   22.500012359.3398   16.4896
    0.0000   30.0000   22.500013039.0840   16.5051
    7.5000   30.0000   22.500012199.9277   16.5126
   -7.5000   37.5000   22.500011705.8477   16.5288
    0.0000   37.5000   22.500012358.7119   16.5490
    7.5000   37.5000   22.500011565.2451   16.5588
   -7.5000   45.0000   22.500010518.3096   16.1974
    0.0000   45.0000   22.500011067.1084   16.2220
    7.5000   45.0000   22.500010376.9434   16.2304
   -7.5000  -45.0000   30.0000 9940.6807   16.9626
    0.0000  -45.0000   30.000010530.3105   16.9933
    7.5000  -45.0000   30.0000 9924.9473   17.0119
   -7.5000  -37.5000   30.000010529.0996   16.9088
    0.0000  -37.5000   30.000011133.0908   16.9417
    7.5000  -37.5000   30.000010503.3691   16.9585
   -7.5000  -30.0000   30.000011481.3271   16.8663
    0.0000  -30.0000   30.000012102.0469   16.8960
    7.5000  -30.0000   30.000011468.2051   16.9122
   -7.5000  -22.5000   30.000012533.7061   16.8715
    0.0000  -22.5000   30.000013217.5840   16.8948
    7.5000  -22.5000   30.000012519.8535   16.9108
   -7.5000  -15.0000   30.000013641.1816   16.9087
    0.0000  -15.0000   30.000014453.2656   16.9283
    7.5000  -15.0000   30.000013585.7178   16.9450
   -7.5000   -7.5000   30.000014427.7773   16.9500
    0.0000   -7.5000   30.000015226.5000   16.9739
    7.5000   -7.5000   30.000014385.0322   16.9927
   -7.5000    0.0000   30.000014786.6699   16.9555
    0.0000    0.0000   30.000015548.1738   16.9861
    7.5000    0.0000   30.000014797.8828   17.0048
   -7.5000    7.5000   30.000014122.3428   16.9088
    0.0000    7.5000   30.000014871.9355   16.9417
    7.5000    7.5000   30.000014085.1572   16.9585
   -7.5000   15.0000   30.000013339.2686   16.8663
    0.0000   15.0000   30.000014076.4121   16.8960
    7.5000   15.0000   30.000013237.1748   16.9122
   -7.5000   22.5000   30.000012466.5869   16.8637
    0.0000   22.5000   30.000013136.2705   16.8870
    7.5000   22.5000   30.000012310.1875   16.9030
   -7.5000   30.0000   30.000011511.4209   16.6899
    0.0000   30.0000   30.000012102.9424   16.7092
    7.5000   30.0000   30.000011360.4805   16.7257
   -7.5000   37.5000   30.000010908.3955   16.7306
    0.0000   37.5000   30.000011466.2412   16.7542
    7.5000   37.5000   30.000010781.7783   16.7728
   -7.5000   45.0000   30.0000 9821.5146   16.3983
    0.0000   45.0000   30.000010295.0957   16.4274
    7.5000   45.0000   30.0000 9673.3496   16.4446
   -7.5000  -45.0000   37.5000 9596.0039   17.3049
    0.0000  -45.0000   37.500010113.0889   17.3340
    7.5000  -45.0000   37.5000 9583.0088   17.3547
   -7.5000  -37.5000   37.500010158.2373   17.2483
    0.0000  -37.5000   37.500010658.4834   17.2831
    7.5000  -37.5000   37.500010134.9043   17.3055
   -7.5000  -30.0000   37.500011082.3994   17.2054
    0.0000  -30.0000   37.500011580.7031   17.2385
    7.5000  -30.0000   37.500011059.8506   17.2608
   -7.5000  -22.5000   37.500012106.4443   17.2134
    0.0000  -22.5000   37.500012654.0752   17.2386
    7.5000  -22.5000   37.500012077.8330   17.2574
   -7.5000  -15.0000   37.500013151.1270   17.2525
    0.0000  -15.0000   37.500013802.3594   17.2717
    7.5000  -15.0000   37.500013088.2266   17.2880
   -7.5000   -7.5000   37.500013835.0059   17.2935
    0.0000   -7.5000   37.500014499.4365   17.3150
    7.5000   -7.5000   37.500013823.5547   17.3333
   -7.5000    0.0000   37.500014201.3223   17.2974
    0.0000    0.0000   37.500014875.4268   17.3266
    7.5000    0.0000   37.500014217.5811   17.3472
   -7.5000    7.5000   37.500013626.2139   17.2483
    0.0000    7.5000   37.500014293.8555   17.2831
    7.5000    7.5000   37.500013570.3604   17.3055
   -7.5000   15.0000   37.500012904.7471   17.2054
    0.0000   15.0000   37.500013553.3740   17.2385
    7.5000   15.0000   37.500012793.6250   17.2608
   -7.5000   22.5000   37.500012041.7715   17.2055
    0.0000   22.5000   37.500012637.2627   17.2307
    7.5000   22.5000   37.500011903.0127   17.2494
   -7.5000   30.0000   37.500011123.4824   17.0292
    0.0000   30.0000   37.500011660.4170   17.0481
    7.5000   30.0000   37.500010975.7568   17.0643
   -7.5000   37.5000   37.500010574.0537   17.0697
    0.0000   37.5000   37.500011084.4092   17.0909
    7.5000   37.5000   37.500010431.2432   17.1089
   -7.5000   45.0000   37.5000 9515.4990   16.7301
    0.0000   45.0000   37.5000 9961.4854   16.7579
    7.5000   45.0000   37.5000 9377.5908   16.7772
   -7.5000  -45.0000   45.0000 8830.8008   17.6865
    0.0000  -45.0000   45.0000 9263.8936   17.7081
    7.5000  -45.0000   45.0000 8827.9053   17.7210
   -7.5000  -37.5000   45.0000 9332.8311   17.6249
    0.0000  -37.5000   45.0000 9753.2861   17.6533
    7.5000  -37.5000   45.0000 9334.4258   17.6695
   -7.5000  -30.0000   45.000010195.1064   17.5822
    0.0000  -30.0000   45.000010628.1240   17.6109
    7.5000  -30.0000   45.000010181.7998   17.6273
   -7.5000  -22.5000   45.000011165.6846   17.5960
    0.0000  -22.5000   45.000011639.6768   17.6179
    7.5000  -22.5000   45.000011126.1045   17.6290
   -7.5000  -15.0000   45.000012077.1631   17.6399
    0.0000  -15.0000   45.000012600.6768   17.6552
    7.5000  -15.0000   45.000012010.2090   17.6623
   -7.5000   -7.5000   45.000012649.7080   17.6796
    0.0000   -7.5000   45.000013196.5020   17.6952
    7.5000   -7.5000   45.000012640.7529   17.7043
   -7.5000    0.0000   45.000013050.9297   17.6786
    0.0000    0.0000   45.000013598.0664   17.7002
    7.5000    0.0000   45.000013022.6768   17.7131
   -7.5000    7.5000   45.000012544.7168   17.6249
    0.0000    7.5000   45.000013100.0654   17.6533
    7.5000    7.5000   45.000012456.2100   17.6695
   -7.5000   15.0000   45.000011889.7422   17.5822
    0.0000   15.0000   45.000012437.9131   17.6109
    7.5000   15.0000   45.000011793.0986   17.6273
   -7.5000   22.5000   45.000011093.6406   17.5878
    0.0000   22.5000   45.000011613.3711   17.6097
    7.5000   22.5000   45.000010977.8232   17.6208
   -7.5000   30.0000   45.000010250.2002   17.4101
    0.0000   30.0000   45.000010730.1992   17.4252
    7.5000   30.0000   45.000010134.1846   17.4322
   -7.5000   37.5000   45.0000 9752.6162   17.4493
    0.0000   37.5000   45.000010198.9160   17.4646
    7.5000   37.5000   45.0000 9610.4736   17.4736
   -7.5000   45.0000   45.0000 8783.5342   17.1081
    0.0000   45.0000   45.0000 9166.5859   17.1288
    7.5000   45.0000   45.0000 8653.8184   17.1409

---------------------------------------------------------------------
imgreg_4dfp /opt/freesurfer/average/711-2C_as_mni_average_305 /opt/freesurfer/average/711-2B_as_mni_average_305_mask talsrcimg_g11 none talsrcimg_to_711-2C_as_mni_average_305_t4 4355
---------------------------------------------------------------------

freesurfer imgreg_4dfp.c
/opt/freesurfer/average/711-2C_as_mni_average_305.4dfp.img
       256       256       256         1
  1.000000  1.000000  1.000000
orientation T byte_order littleendian
Reading image: /opt/freesurfer/average/711-2C_as_mni_average_305.4dfp.img
dimensions:      256       256       256
mmppix:       1.0000   -1.0000   -1.0000
center:     128.0000 -129.0000 -129.0000
/opt/freesurfer/average/711-2B_as_mni_average_305_mask.4dfp.img
       256       256       256         1
  1.000000  1.000000  1.000000
orientation T byte_order littleendian
Reading mask: /opt/freesurfer/average/711-2B_as_mni_average_305_mask.4dfp.img (2306576 pixels)
talsrcimg_g11.4dfp.img
       256       256       256         1
  1.000000  1.000000  1.000000
orientation T byte_order littleendian
Reading image: talsrcimg_g11.4dfp.img
dimensions:      256       256       256
mmppix:       1.0000   -1.0000   -1.0000
center:     128.0000 -129.0000 -129.0000
rotation matrix determinant  1.000000
image alignment mode   4355 decimal     1103 hex
   -7.5000  -45.0000  -37.5000 2402.1018   16.6455
    0.0000  -45.0000  -37.5000 2422.7756   16.6153
    7.5000  -45.0000  -37.5000 2414.0068   16.6220
   -7.5000  -37.5000  -37.5000 2460.3208   15.7210
    0.0000  -37.5000  -37.5000 2482.2405   15.6730
    7.5000  -37.5000  -37.5000 2473.9019   15.7431
   -7.5000  -30.0000  -37.5000 2503.6938   15.1529
    0.0000  -30.0000  -37.5000 2526.5310   15.0794
    7.5000  -30.0000  -37.5000 2514.5999   15.1386
   -7.5000  -22.5000  -37.5000 2529.9993   14.8956
    0.0000  -22.5000  -37.5000 2551.5759   14.7865
    7.5000  -22.5000  -37.5000 2538.4858   14.8507
   -7.5000  -15.0000  -37.5000 2553.9573   14.7261
    0.0000  -15.0000  -37.5000 2572.0586   14.5797
    7.5000  -15.0000  -37.5000 2555.9358   14.6510
   -7.5000   -7.5000  -37.5000 2562.5073   14.6952
    0.0000   -7.5000  -37.5000 2574.2627   14.5763
    7.5000   -7.5000  -37.5000 2557.2854   14.6664
   -7.5000    0.0000  -37.5000 2544.9253   14.9675
    0.0000    0.0000  -37.5000 2555.3916   14.8399
    7.5000    0.0000  -37.5000 2543.3284   14.9430
   -7.5000    7.5000  -37.5000 2502.8286   15.4212
    0.0000    7.5000  -37.5000 2518.9119   15.3464
    7.5000    7.5000  -37.5000 2503.4282   15.4454
   -7.5000   15.0000  -37.5000 2448.6287   16.0968
    0.0000   15.0000  -37.5000 2468.8875   16.0336
    7.5000   15.0000  -37.5000 2452.3003   16.1411
   -7.5000   22.5000  -37.5000 2385.7341   17.0826
    0.0000   22.5000  -37.5000 2403.4995   17.0194
    7.5000   22.5000  -37.5000 2384.3328   17.1136
   -7.5000   30.0000  -37.5000 2305.8870   18.4660
    0.0000   30.0000  -37.5000 2323.2021   18.3905
    7.5000   30.0000  -37.5000 2304.9514   18.4593
   -7.5000   37.5000  -37.5000 2213.5039   20.1829
    0.0000   37.5000  -37.5000 2229.5547   20.1113
    7.5000   37.5000  -37.5000 2209.2485   20.2330
   -7.5000   45.0000  -37.5000 2100.9448   22.4319
    0.0000   45.0000  -37.5000 2110.0098   22.3404
    7.5000   45.0000  -37.5000 2092.5393   22.4377
   -7.5000  -45.0000  -30.0000 2517.0112   16.2493
    0.0000  -45.0000  -30.0000 2536.4995   16.1552
    7.5000  -45.0000  -30.0000 2524.8083   16.2204
   -7.5000  -37.5000  -30.0000 2583.9758   15.2672
    0.0000  -37.5000  -30.0000 2605.4946   15.1639
    7.5000  -37.5000  -30.0000 2593.6868   15.2560
   -7.5000  -30.0000  -30.0000 2634.9138   14.6878
    0.0000  -30.0000  -30.0000 2652.2671   14.5766
    7.5000  -30.0000  -30.0000 2641.4924   14.6580
   -7.5000  -22.5000  -30.0000 2663.5056   14.3987
    0.0000  -22.5000  -30.0000 2680.1707   14.2364
    7.5000  -22.5000  -30.0000 2670.7227   14.3191
   -7.5000  -15.0000  -30.0000 2686.8184   14.2165
    0.0000  -15.0000  -30.0000 2700.2102   14.0568
    7.5000  -15.0000  -30.0000 2686.2590   14.1448
   -7.5000   -7.5000  -30.0000 2691.4990   14.1595
    0.0000   -7.5000  -30.0000 2705.5601   14.0431
    7.5000   -7.5000  -30.0000 2689.8608   14.1508
   -7.5000    0.0000  -30.0000 2685.9619   14.4007
    0.0000    0.0000  -30.0000 2693.8792   14.2774
    7.5000    0.0000  -30.0000 2677.4802   14.3822
   -7.5000    7.5000  -30.0000 2644.6580   14.7579
    0.0000    7.5000  -30.0000 2659.0227   14.6621
    7.5000    7.5000  -30.0000 2641.6008   14.7910
   -7.5000   15.0000  -30.0000 2589.5061   15.3780
    0.0000   15.0000  -30.0000 2609.4473   15.2845
    7.5000   15.0000  -30.0000 2589.6614   15.4218
   -7.5000   22.5000  -30.0000 2525.2888   16.3368
    0.0000   22.5000  -30.0000 2541.8049   16.2053
    7.5000   22.5000  -30.0000 2519.0452   16.3486
   -7.5000   30.0000  -30.0000 2444.1687   17.6496
    0.0000   30.0000  -30.0000 2457.8135   17.5196
    7.5000   30.0000  -30.0000 2437.3176   17.6131
   -7.5000   37.5000  -30.0000 2347.9656   19.3110
    0.0000   37.5000  -30.0000 2361.0527   19.2134
    7.5000   37.5000  -30.0000 2338.1821   19.3081
   -7.5000   45.0000  -30.0000 2218.4204   21.4424
    0.0000   45.0000  -30.0000 2232.0945   21.3513
    7.5000   45.0000  -30.0000 2206.5078   21.4218
   -7.5000  -45.0000  -22.5000 2597.4695   15.8066
    0.0000  -45.0000  -22.5000 2617.0596   15.6931
    7.5000  -45.0000  -22.5000 2604.2656   15.8240
   -7.5000  -37.5000  -22.5000 2683.1465   14.7714
    0.0000  -37.5000  -22.5000 2700.2102   14.6603
    7.5000  -37.5000  -22.5000 2687.9766   14.7947
   -7.5000  -30.0000  -22.5000 2740.7441   14.1468
    0.0000  -30.0000  -22.5000 2757.1213   13.9960
    7.5000  -30.0000  -22.5000 2745.6389   14.1187
   -7.5000  -22.5000  -22.5000 2774.4160   13.8051
    0.0000  -22.5000  -22.5000 2788.2039   13.6493
    7.5000  -22.5000  -22.5000 2777.0862   13.7267
   -7.5000  -15.0000  -22.5000 2790.6323   13.6056
    0.0000  -15.0000  -22.5000 2804.7954   13.4527
    7.5000  -15.0000  -22.5000 2791.9272   13.5610
   -7.5000   -7.5000  -22.5000 2789.7803   13.5435
    0.0000   -7.5000  -22.5000 2808.0520   13.3928
    7.5000   -7.5000  -22.5000 2788.8257   13.5374
   -7.5000    0.0000  -22.5000 2784.1848   13.7459
    0.0000    0.0000  -22.5000 2798.9653   13.5814
    7.5000    0.0000  -22.5000 2777.4775   13.7402
   -7.5000    7.5000  -22.5000 2752.7915   14.0808
    0.0000    7.5000  -22.5000 2769.4724   13.9235
    7.5000    7.5000  -22.5000 2750.0146   14.0907
   -7.5000   15.0000  -22.5000 2704.8560   14.6456
    0.0000   15.0000  -22.5000 2715.8572   14.4826
    7.5000   15.0000  -22.5000 2699.2864   14.6841
   -7.5000   22.5000  -22.5000 2639.4697   15.5643
    0.0000   22.5000  -22.5000 2646.1372   15.3796
    7.5000   22.5000  -22.5000 2632.0066   15.5443
   -7.5000   30.0000  -22.5000 2548.5312   16.8304
    0.0000   30.0000  -22.5000 2561.7234   16.6546
    7.5000   30.0000  -22.5000 2544.4775   16.7774
   -7.5000   37.5000  -22.5000 2445.8416   18.4406
    0.0000   37.5000  -22.5000 2459.2961   18.3135
    7.5000   37.5000  -22.5000 2441.8408   18.4347
   -7.5000   45.0000  -22.5000 2312.9062   20.4991
    0.0000   45.0000  -22.5000 2324.3574   20.3363
    7.5000   45.0000  -22.5000 2305.8777   20.4828
   -7.5000  -45.0000  -15.0000 2635.3545   15.4652
    0.0000  -45.0000  -15.0000 2653.6062   15.3013
    7.5000  -45.0000  -15.0000 2646.2920   15.4812
   -7.5000  -37.5000  -15.0000 2725.2197   14.3502
    0.0000  -37.5000  -15.0000 2743.6453   14.2186
    7.5000  -37.5000  -15.0000 2735.1313   14.3669
   -7.5000  -30.0000  -15.0000 2793.5415   13.6133
    0.0000  -30.0000  -15.0000 2810.9390   13.4671
    7.5000  -30.0000  -15.0000 2797.5090   13.6007
   -7.5000  -22.5000  -15.0000 2840.6677   13.1932
    0.0000  -22.5000  -15.0000 2855.1348   13.0540
    7.5000  -22.5000  -15.0000 2839.5139   13.1728
   -7.5000  -15.0000  -15.0000 2857.0811   13.0452
    0.0000  -15.0000  -15.0000 2870.9924   12.8819
    7.5000  -15.0000  -15.0000 2855.7568   12.9755
   -7.5000   -7.5000  -15.0000 2861.3333   12.9892
    0.0000   -7.5000  -15.0000 2876.2349   12.7666
    7.5000   -7.5000  -15.0000 2860.4509   12.9209
   -7.5000    0.0000  -15.0000 2854.5056   13.1406
    0.0000    0.0000  -15.0000 2865.5811   12.9138
    7.5000    0.0000  -15.0000 2849.4651   13.1041
   -7.5000    7.5000  -15.0000 2828.1960   13.4575
    0.0000    7.5000  -15.0000 2835.2651   13.2543
    7.5000    7.5000  -15.0000 2820.7524   13.4592
   -7.5000   15.0000  -15.0000 2784.3154   14.0661
    0.0000   15.0000  -15.0000 2787.2795   13.8472
    7.5000   15.0000  -15.0000 2778.5759   14.0492
   -7.5000   22.5000  -15.0000 2719.7637   14.9394
    0.0000   22.5000  -15.0000 2724.3237   14.7105
    7.5000   22.5000  -15.0000 2715.3816   14.9141
   -7.5000   30.0000  -15.0000 2628.2197   16.1531
    0.0000   30.0000  -15.0000 2636.5942   15.9148
    7.5000   30.0000  -15.0000 2625.7725   16.1356
   -7.5000   37.5000  -15.0000 2518.4062   17.6907
    0.0000   37.5000  -15.0000 2530.5247   17.5118
    7.5000   37.5000  -15.0000 2516.3547   17.7184
   -7.5000   45.0000  -15.0000 2386.0146   19.6728
    0.0000   45.0000  -15.0000 2396.7805   19.4764
    7.5000   45.0000  -15.0000 2382.9255   19.7060
   -7.5000  -45.0000   -7.5000 2653.7996   15.1917
    0.0000  -45.0000   -7.5000 2666.5491   15.0120
    7.5000  -45.0000   -7.5000 2665.3513   15.1767
   -7.5000  -37.5000   -7.5000 2741.3008   14.0093
    0.0000  -37.5000   -7.5000 2751.8762   13.8705
    7.5000  -37.5000   -7.5000 2749.8235   13.9965
   -7.5000  -30.0000   -7.5000 2815.5210   13.1841
    0.0000  -30.0000   -7.5000 2829.1169   13.0410
    7.5000  -30.0000   -7.5000 2821.0420   13.1556
   -7.5000  -22.5000   -7.5000 2876.5146   12.7132
    0.0000  -22.5000   -7.5000 2886.7720   12.5534
    7.5000  -22.5000   -7.5000 2875.7839   12.6702
   -7.5000  -15.0000   -7.5000 2900.2952   12.6013
    0.0000  -15.0000   -7.5000 2905.4407   12.4183
    7.5000  -15.0000   -7.5000 2896.8020   12.5161
   -7.5000   -7.5000   -7.5000 2902.9700   12.5618
    0.0000   -7.5000   -7.5000 2911.3411   12.3010
    7.5000   -7.5000   -7.5000 2899.3333   12.4629
   -7.5000    0.0000   -7.5000 2899.6982   12.6665
    0.0000    0.0000   -7.5000 2901.7156   12.4052
    7.5000    0.0000   -7.5000 2895.5271   12.6302
   -7.5000    7.5000   -7.5000 2882.5999   12.9949
    0.0000    7.5000   -7.5000 2885.5376   12.7245
    7.5000    7.5000   -7.5000 2877.6841   12.9741
   -7.5000   15.0000   -7.5000 2846.9080   13.5958
    0.0000   15.0000   -7.5000 2847.8323   13.3411
    7.5000   15.0000   -7.5000 2841.2297   13.5773
   -7.5000   22.5000   -7.5000 2782.7461   14.4807
    0.0000   22.5000   -7.5000 2788.3958   14.2194
    7.5000   22.5000   -7.5000 2777.8384   14.4360
   -7.5000   30.0000   -7.5000 2686.0217   15.6565
    0.0000   30.0000   -7.5000 2691.8926   15.4084
    7.5000   30.0000   -7.5000 2682.8735   15.6295
   -7.5000   37.5000   -7.5000 2572.4089   17.1453
    0.0000   37.5000   -7.5000 2582.4771   16.9091
    7.5000   37.5000   -7.5000 2569.4502   17.1355
   -7.5000   45.0000   -7.5000 2436.7058   19.0077
    0.0000   45.0000   -7.5000 2449.4580   18.7851
    7.5000   45.0000   -7.5000 2434.2109   19.0148
   -7.5000  -45.0000    0.0000 2636.6204   15.0015
    0.0000  -45.0000    0.0000 2656.7458   14.8597
    7.5000  -45.0000    0.0000 2646.4294   14.9781
   -7.5000  -37.5000    0.0000 2728.1213   13.7890
    0.0000  -37.5000    0.0000 2741.9893   13.6634
    7.5000  -37.5000    0.0000 2731.4854   13.7912
   -7.5000  -30.0000    0.0000 2811.2747   12.9279
    0.0000  -30.0000    0.0000 2823.3059   12.8144
    7.5000  -30.0000    0.0000 2810.7954   12.9091
   -7.5000  -22.5000    0.0000 2879.9485   12.4509
    0.0000  -22.5000    0.0000 2888.9170   12.3288
    7.5000  -22.5000    0.0000 2875.5525   12.4155
   -7.5000  -15.0000    0.0000 2919.5586   12.3904
    0.0000  -15.0000    0.0000 2926.5481   12.2651
    7.5000  -15.0000    0.0000 2916.7527   12.3153
   -7.5000   -7.5000    0.0000 2936.6885   12.4276
    0.0000   -7.5000    0.0000 2941.0393   12.3135
    7.5000   -7.5000    0.0000 2933.2732   12.3661
   -7.5000    0.0000    0.0000 2937.0879   12.4333
    0.0000    0.0000    0.0000 2937.9683   12.2789
    7.5000    0.0000    0.0000 2921.8188   12.4253
   -7.5000    7.5000    0.0000 2918.5127   12.6843
    0.0000    7.5000    0.0000 2928.4822   12.5659
    7.5000    7.5000    0.0000 2900.4956   12.6822
   -7.5000   15.0000    0.0000 2876.8252   13.2631
    0.0000   15.0000    0.0000 2893.8130   13.1566
    7.5000   15.0000    0.0000 2862.0940   13.2416
   -7.5000   22.5000    0.0000 2811.5491   14.1427
    0.0000   22.5000    0.0000 2830.4661   14.0102
    7.5000   22.5000    0.0000 2798.0190   14.0739
   -7.5000   30.0000    0.0000 2716.6343   15.2887
    0.0000   30.0000    0.0000 2733.2754   15.1700
    7.5000   30.0000    0.0000 2707.7544   15.2392
   -7.5000   37.5000    0.0000 2605.0054   16.7489
    0.0000   37.5000    0.0000 2624.4360   16.6275
    7.5000   37.5000    0.0000 2597.7468   16.7219
   -7.5000   45.0000    0.0000 2469.0564   18.5746
    0.0000   45.0000    0.0000 2488.6008   18.4794
    7.5000   45.0000    0.0000 2464.8191   18.5871
   -7.5000  -45.0000    7.5000 2613.8232   15.0294
    0.0000  -45.0000    7.5000 2626.2073   14.8322
    7.5000  -45.0000    7.5000 2625.3901   15.0191
   -7.5000  -37.5000    7.5000 2713.9578   13.8265
    0.0000  -37.5000    7.5000 2716.8130   13.6616
    7.5000  -37.5000    7.5000 2711.5012   13.8022
   -7.5000  -30.0000    7.5000 2799.5193   12.9692
    0.0000  -30.0000    7.5000 2806.4580   12.8471
    7.5000  -30.0000    7.5000 2793.5503   12.9426
   -7.5000  -22.5000    7.5000 2877.8481   12.5391
    0.0000  -22.5000    7.5000 2895.6213   12.4956
    7.5000  -22.5000    7.5000 2871.9258   12.5245
   -7.5000  -15.0000    7.5000 2930.1792   12.4205
    0.0000  -15.0000    7.5000 2967.3010   12.4934
    7.5000  -15.0000    7.5000 2933.5972   12.4209
   -7.5000   -7.5000    7.5000 2960.5215   12.4219
    0.0000   -7.5000    7.5000 3010.9658   12.5861
    7.5000   -7.5000    7.5000 2955.5210   12.4289
   -7.5000    0.0000    7.5000 2959.5361   12.4286
    0.0000    0.0000    7.5000 3000.4351   12.5601
    7.5000    0.0000    7.5000 2941.0015   12.4538
   -7.5000    7.5000    7.5000 2938.6021   12.6493
    0.0000    7.5000    7.5000 2965.8992   12.6755
    7.5000    7.5000    7.5000 2914.3254   12.6612
   -7.5000   15.0000    7.5000 2898.1860   13.1796
    0.0000   15.0000    7.5000 2919.3733   13.1371
    7.5000   15.0000    7.5000 2876.4321   13.1638
   -7.5000   22.5000    7.5000 2835.0679   14.0242
    0.0000   22.5000    7.5000 2847.0295   13.8934
    7.5000   22.5000    7.5000 2813.5508   13.9649
   -7.5000   30.0000    7.5000 2737.8850   15.1690
    0.0000   30.0000    7.5000 2748.4849   15.0174
    7.5000   30.0000    7.5000 2725.0283   15.1272
   -7.5000   37.5000    7.5000 2624.2605   16.6330
    0.0000   37.5000    7.5000 2638.6453   16.4849
    7.5000   37.5000    7.5000 2615.2893   16.6305
   -7.5000   45.0000    7.5000 2492.0317   18.4590
    0.0000   45.0000    7.5000 2505.5562   18.3493
    7.5000   45.0000    7.5000 2481.9319   18.4961
   -7.5000  -45.0000   15.0000 2576.9407   15.3985
    0.0000  -45.0000   15.0000 2579.1455   15.2056
    7.5000  -45.0000   15.0000 2578.0559   15.3524
   -7.5000  -37.5000   15.0000 2683.0344   14.1493
    0.0000  -37.5000   15.0000 2684.9524   14.0364
    7.5000  -37.5000   15.0000 2678.9326   14.1631
   -7.5000  -30.0000   15.0000 2777.9873   13.2638
    0.0000  -30.0000   15.0000 2796.2063   13.2748
    7.5000  -30.0000   15.0000 2775.6599   13.3510
   -7.5000  -22.5000   15.0000 2862.5583   12.7730
    0.0000  -22.5000   15.0000 2895.2744   12.8285
    7.5000  -22.5000   15.0000 2864.0923   12.8435
   -7.5000  -15.0000   15.0000 2922.2925   12.5728
    0.0000  -15.0000   15.0000 2965.6887   12.6751
    7.5000  -15.0000   15.0000 2925.2385   12.6208
   -7.5000   -7.5000   15.0000 2964.1086   12.4916
    0.0000   -7.5000   15.0000 3010.8579   12.6309
    7.5000   -7.5000   15.0000 2957.0232   12.5401
   -7.5000    0.0000   15.0000 2966.5474   12.4970
    0.0000    0.0000   15.0000 3001.4653   12.5498
    7.5000    0.0000   15.0000 2948.0151   12.5923
   -7.5000    7.5000   15.0000 2939.3206   12.7495
    0.0000    7.5000   15.0000 2966.9094   12.7202
    7.5000    7.5000   15.0000 2915.3699   12.8319
   -7.5000   15.0000   15.0000 2895.5850   13.2432
    0.0000   15.0000   15.0000 2920.1299   13.2353
    7.5000   15.0000   15.0000 2874.4341   13.3659
   -7.5000   22.5000   15.0000 2833.6477   14.0658
    0.0000   22.5000   15.0000 2848.1978   14.0240
    7.5000   22.5000   15.0000 2811.1812   14.1864
   -7.5000   30.0000   15.0000 2728.6367   15.2436
    0.0000   30.0000   15.0000 2739.3782   15.1465
    7.5000   30.0000   15.0000 2719.7190   15.3073
   -7.5000   37.5000   15.0000 2617.7930   16.6948
    0.0000   37.5000   15.0000 2624.0940   16.5662
    7.5000   37.5000   15.0000 2606.7837   16.7133
   -7.5000   45.0000   15.0000 2484.3489   18.4911
    0.0000   45.0000   15.0000 2494.5513   18.3486
    7.5000   45.0000   15.0000 2471.4563   18.4880
   -7.5000  -45.0000   22.5000 2541.3469   15.9915
    0.0000  -45.0000   22.5000 2547.5125   15.9191
    7.5000  -45.0000   22.5000 2534.1614   16.0017
   -7.5000  -37.5000   22.5000 2645.4866   14.6762
    0.0000  -37.5000   22.5000 2659.9446   14.6355
    7.5000  -37.5000   22.5000 2638.7981   14.7322
   -7.5000  -30.0000   22.5000 2743.3992   13.7200
    0.0000  -30.0000   22.5000 2766.8345   13.6926
    7.5000  -30.0000   22.5000 2742.0732   13.7960
   -7.5000  -22.5000   22.5000 2840.0581   13.1018
    0.0000  -22.5000   22.5000 2864.1565   13.0774
    7.5000  -22.5000   22.5000 2837.0669   13.1569
   -7.5000  -15.0000   22.5000 2905.7949   12.8364
    0.0000  -15.0000   22.5000 2934.6121   12.8416
    7.5000  -15.0000   22.5000 2904.9543   12.8967
   -7.5000   -7.5000   22.5000 2947.8652   12.6803
    0.0000   -7.5000   22.5000 2979.2017   12.6702
    7.5000   -7.5000   22.5000 2941.2275   12.7264
   -7.5000    0.0000   22.5000 2949.8030   12.6381
    0.0000    0.0000   22.5000 2972.9099   12.5374
    7.5000    0.0000   22.5000 2934.5627   12.7268
   -7.5000    7.5000   22.5000 2923.8870   12.8447
    0.0000    7.5000   22.5000 2945.5149   12.7309
    7.5000    7.5000   22.5000 2903.0803   12.9704
   -7.5000   15.0000   22.5000 2885.4585   13.3914
    0.0000   15.0000   22.5000 2901.9375   13.3036
    7.5000   15.0000   22.5000 2860.2500   13.5396
   -7.5000   22.5000   22.5000 2819.7590   14.3383
    0.0000   22.5000   22.5000 2834.7727   14.2248
    7.5000   22.5000   22.5000 2801.2676   14.4336
   -7.5000   30.0000   22.5000 2710.9248   15.5992
    0.0000   30.0000   22.5000 2720.7188   15.4755
    7.5000   30.0000   22.5000 2702.4880   15.6182
   -7.5000   37.5000   22.5000 2593.5679   17.0671
    0.0000   37.5000   22.5000 2602.7666   16.9342
    7.5000   37.5000   22.5000 2587.5376   17.0722
   -7.5000   45.0000   22.5000 2464.4407   18.7984
    0.0000   45.0000   22.5000 2471.8535   18.6988
    7.5000   45.0000   22.5000 2448.2688   18.8179
   -7.5000  -45.0000   30.0000 2500.5220   16.7149
    0.0000  -45.0000   30.0000 2510.2402   16.6181
    7.5000  -45.0000   30.0000 2487.6614   16.7623
   -7.5000  -37.5000   30.0000 2608.4517   15.2989
    0.0000  -37.5000   30.0000 2620.8379   15.1771
    7.5000  -37.5000   30.0000 2594.7686   15.3436
   -7.5000  -30.0000   30.0000 2702.3440   14.2422
    0.0000  -30.0000   30.0000 2714.2883   14.1356
    7.5000  -30.0000   30.0000 2691.9897   14.3207
   -7.5000  -22.5000   30.0000 2796.3350   13.5594
    0.0000  -22.5000   30.0000 2808.0046   13.4513
    7.5000  -22.5000   30.0000 2784.6084   13.6265
   -7.5000  -15.0000   30.0000 2867.5378   13.2286
    0.0000  -15.0000   30.0000 2881.6201   13.1313
    7.5000  -15.0000   30.0000 2856.2969   13.2692
   -7.5000   -7.5000   30.0000 2906.6587   13.0632
    0.0000   -7.5000   30.0000 2922.6104   12.9480
    7.5000   -7.5000   30.0000 2893.1677   13.0976
   -7.5000    0.0000   30.0000 2913.1187   12.9301
    0.0000    0.0000   30.0000 2920.8496   12.7946
    7.5000    0.0000   30.0000 2889.2542   13.0748
   -7.5000    7.5000   30.0000 2892.0117   13.1493
    0.0000    7.5000   30.0000 2904.0635   13.0369
    7.5000    7.5000   30.0000 2862.9482   13.3332
   -7.5000   15.0000   30.0000 2846.2720   13.7831
    0.0000   15.0000   30.0000 2862.8777   13.6670
    7.5000   15.0000   30.0000 2819.3628   13.8849
   -7.5000   22.5000   30.0000 2788.4106   14.7359
    0.0000   22.5000   30.0000 2801.3298   14.5736
    7.5000   22.5000   30.0000 2763.9211   14.7398
   -7.5000   30.0000   30.0000 2683.2019   15.9804
    0.0000   30.0000   30.0000 2690.9590   15.8247
    7.5000   30.0000   30.0000 2668.4199   15.9641
   -7.5000   37.5000   30.0000 2560.0273   17.4960
    0.0000   37.5000   30.0000 2569.8406   17.3403
    7.5000   37.5000   30.0000 2553.2512   17.4780
   -7.5000   45.0000   30.0000 2429.2783   19.2458
    0.0000   45.0000   30.0000 2437.3928   19.0933
    7.5000   45.0000   30.0000 2411.4204   19.2385
   -7.5000  -45.0000   37.5000 2450.1763   17.5092
    0.0000  -45.0000   37.5000 2458.5049   17.3037
    7.5000  -45.0000   37.5000 2438.6338   17.6025
   -7.5000  -37.5000   37.5000 2556.5583   16.0194
    0.0000  -37.5000   37.5000 2560.7258   15.7927
    7.5000  -37.5000   37.5000 2541.9878   16.0971
   -7.5000  -30.0000   37.5000 2646.9917   14.9145
    0.0000  -30.0000   37.5000 2649.9231   14.7064
    7.5000  -30.0000   37.5000 2631.0342   15.0144
   -7.5000  -22.5000   37.5000 2733.7505   14.1904
    0.0000  -22.5000   37.5000 2736.4307   14.0008
    7.5000  -22.5000   37.5000 2715.2983   14.2694
   -7.5000  -15.0000   37.5000 2801.4700   13.8025
    0.0000  -15.0000   37.5000 2804.2441   13.6430
    7.5000  -15.0000   37.5000 2784.9714   13.8439
   -7.5000   -7.5000   37.5000 2840.1052   13.5909
    0.0000   -7.5000   37.5000 2845.8857   13.4440
    7.5000   -7.5000   37.5000 2819.8530   13.6677
   -7.5000    0.0000   37.5000 2846.1636   13.4306
    0.0000    0.0000   37.5000 2843.7334   13.2847
    7.5000    0.0000   37.5000 2823.9385   13.6355
   -7.5000    7.5000   37.5000 2828.2537   13.7031
    0.0000    7.5000   37.5000 2833.2063   13.5735
    7.5000    7.5000   37.5000 2803.2354   13.8574
   -7.5000   15.0000   37.5000 2785.2239   14.3457
    0.0000   15.0000   37.5000 2799.2358   14.2158
    7.5000   15.0000   37.5000 2759.2043   14.4198
   -7.5000   22.5000   37.5000 2730.3652   15.2849
    0.0000   22.5000   37.5000 2740.4578   15.1176
    7.5000   22.5000   37.5000 2705.7451   15.2992
   -7.5000   30.0000   37.5000 2641.3704   16.4939
    0.0000   30.0000   37.5000 2648.4395   16.3242
    7.5000   30.0000   37.5000 2616.3616   16.4916
   -7.5000   37.5000   37.5000 2523.4187   18.0439
    0.0000   37.5000   37.5000 2529.2380   17.8825
    7.5000   37.5000   37.5000 2509.3323   18.0167
   -7.5000   45.0000   37.5000 2385.4258   19.8103
    0.0000   45.0000   37.5000 2396.3979   19.6856
    7.5000   45.0000   37.5000 2372.7153   19.8155
   -7.5000  -45.0000   45.0000 2388.4590   18.5239
    0.0000  -45.0000   45.0000 2388.0645   18.2127
    7.5000  -45.0000   45.0000 2375.3276   18.6228
   -7.5000  -37.5000   45.0000 2486.0674   16.9061
    0.0000  -37.5000   45.0000 2485.2500   16.6101
    7.5000  -37.5000   45.0000 2477.5957   17.0501
   -7.5000  -30.0000   45.0000 2573.7888   15.7618
    0.0000  -30.0000   45.0000 2573.9900   15.4741
    7.5000  -30.0000   45.0000 2561.0696   15.8775
   -7.5000  -22.5000   45.0000 2657.8660   15.0155
    0.0000  -22.5000   45.0000 2655.9956   14.7712
    7.5000  -22.5000   45.0000 2639.2090   15.0986
   -7.5000  -15.0000   45.0000 2721.9543   14.5617
    0.0000  -15.0000   45.0000 2720.3833   14.3449
    7.5000  -15.0000   45.0000 2702.8552   14.6035
   -7.5000   -7.5000   45.0000 2754.1472   14.2511
    0.0000   -7.5000   45.0000 2752.8589   14.0654
    7.5000   -7.5000   45.0000 2730.4026   14.3703
   -7.5000    0.0000   45.0000 2758.7693   14.1651
    0.0000    0.0000   45.0000 2745.4556   14.0056
    7.5000    0.0000   45.0000 2731.2473   14.3451
   -7.5000    7.5000   45.0000 2740.1936   14.4651
    0.0000    7.5000   45.0000 2737.1411   14.3362
    7.5000    7.5000   45.0000 2710.0005   14.5966
   -7.5000   15.0000   45.0000 2703.5364   15.1020
    0.0000   15.0000   45.0000 2710.3027   14.9582
    7.5000   15.0000   45.0000 2679.1843   15.1737
   -7.5000   22.5000   45.0000 2658.5696   16.0198
    0.0000   22.5000   45.0000 2665.9968   15.8289
    7.5000   22.5000   45.0000 2632.4521   16.0245
   -7.5000   30.0000   45.0000 2577.3853   17.2209
    0.0000   30.0000   45.0000 2584.1299   17.0264
    7.5000   30.0000   45.0000 2551.9338   17.2218
   -7.5000   37.5000   45.0000 2467.7656   18.7485
    0.0000   37.5000   45.0000 2474.3059   18.5926
    7.5000   37.5000   45.0000 2444.2310   18.7563
   -7.5000   45.0000   45.0000 2332.7712   20.5280
    0.0000   45.0000   45.0000 2342.2471   20.4367
    7.5000   45.0000   45.0000 2315.6536   20.5879
   -7.5000  -45.0000   52.5000 2316.2561   19.7528
    0.0000  -45.0000   52.5000 2316.5007   19.3398
    7.5000  -45.0000   52.5000 2302.9648   19.7971
   -7.5000  -37.5000   52.5000 2418.0129   18.0448
    0.0000  -37.5000   52.5000 2417.5967   17.6614
    7.5000  -37.5000   52.5000 2406.4539   18.1639
   -7.5000  -30.0000   52.5000 2502.1089   16.8378
    0.0000  -30.0000   52.5000 2500.8804   16.4792
    7.5000  -30.0000   52.5000 2490.2012   16.9485
   -7.5000  -22.5000   52.5000 2576.6074   16.0420
    0.0000  -22.5000   52.5000 2573.3989   15.7390
    7.5000  -22.5000   52.5000 2561.6345   16.1160
   -7.5000  -15.0000   52.5000 2629.0596   15.4753
    0.0000  -15.0000   52.5000 2626.5559   15.2109
    7.5000  -15.0000   52.5000 2614.2324   15.5490
   -7.5000   -7.5000   52.5000 2657.0000   15.0702
    0.0000   -7.5000   52.5000 2657.6733   14.8816
    7.5000   -7.5000   52.5000 2640.0249   15.2557
   -7.5000    0.0000   52.5000 2661.9893   15.0870
    0.0000    0.0000   52.5000 2656.0925   14.9289
    7.5000    0.0000   52.5000 2643.1746   15.2503
   -7.5000    7.5000   52.5000 2649.9683   15.4156
    0.0000    7.5000   52.5000 2651.0913   15.2813
    7.5000    7.5000   52.5000 2630.3945   15.4916
   -7.5000   15.0000   52.5000 2613.7705   16.0807
    0.0000   15.0000   52.5000 2624.0378   15.9261
    7.5000   15.0000   52.5000 2594.8015   16.1199
   -7.5000   22.5000   52.5000 2571.7771   16.9543
    0.0000   22.5000   52.5000 2583.8191   16.7765
    7.5000   22.5000   52.5000 2551.0835   16.9837
   -7.5000   30.0000   52.5000 2498.3306   18.1144
    0.0000   30.0000   52.5000 2512.1465   17.9384
    7.5000   30.0000   52.5000 2475.8823   18.1468
   -7.5000   37.5000   52.5000 2398.1953   19.5991
    0.0000   37.5000   52.5000 2409.3643   19.4459
    7.5000   37.5000   52.5000 2375.4023   19.6611
   -7.5000   45.0000   52.5000 2261.3811   21.4702
    0.0000   45.0000   52.5000 2270.9331   21.3424
    7.5000   45.0000   52.5000 2248.8647   21.5197

---------------------------------------------------------------------
imgreg_4dfp /opt/freesurfer/average/711-2C_as_mni_average_305 /opt/freesurfer/average/711-2B_as_mni_average_305_mask talsrcimg_g11 none talsrcimg_to_711-2C_as_mni_average_305_t4 1283
---------------------------------------------------------------------

freesurfer imgreg_4dfp.c
/opt/freesurfer/average/711-2C_as_mni_average_305.4dfp.img
       256       256       256         1
  1.000000  1.000000  1.000000
orientation T byte_order littleendian
Reading image: /opt/freesurfer/average/711-2C_as_mni_average_305.4dfp.img
dimensions:      256       256       256
mmppix:       1.0000   -1.0000   -1.0000
center:     128.0000 -129.0000 -129.0000
/opt/freesurfer/average/711-2B_as_mni_average_305_mask.4dfp.img
       256       256       256         1
  1.000000  1.000000  1.000000
orientation T byte_order littleendian
Reading mask: /opt/freesurfer/average/711-2B_as_mni_average_305_mask.4dfp.img (2306576 pixels)
talsrcimg_g11.4dfp.img
       256       256       256         1
  1.000000  1.000000  1.000000
orientation T byte_order littleendian
Reading image: talsrcimg_g11.4dfp.img
dimensions:      256       256       256
mmppix:       1.0000   -1.0000   -1.0000
center:     128.0000 -129.0000 -129.0000
rotation matrix determinant  1.000000
fimgreg.f
image alignment mode   1283 decimal      503 hex
parameters
    0.0000   -7.5000    7.5000    0.0000    0.0000    0.0000
eta,q 0.94258 12.68283
niter,ni,del,rscale     5    3   12.0000    1.2000
parameter  2 -0.973969 -> -0.500000 qaram    1.1500
parameter  3 -0.687927 -> -0.500000 qaram    1.1500
parameter  4  9.315496 ->  0.500000 qaram    1.1500
parameter  6 -0.862204 -> -0.500000 qaram    1.1500
parameters
    0.0625   -4.0500   10.9500   -3.4500    0.1952    3.4500
eta,q 0.95000 12.59656
  0.0732  0.0699  0.0741  0.0500  0.0581  0.0580
  0.0688  0.0661  0.0679  0.0511  0.0545  0.0545
  0.0639  0.0632  0.0614  0.0534  0.0520  0.0524
  0.0614  0.0613  0.0589  0.0562  0.0516  0.0515
  0.0636  0.0597  0.0574  0.0583  0.0526  0.0507
  0.0685  0.0584  0.0558  0.0605  0.0546  0.0498
  0.0729  0.0584  0.0562  0.0627  0.0567  0.0494
niter,ni,del,rscale     7    3   12.0000    1.2000
parameter  4  8.068736 ->  0.500000 qaram    1.3225
parameters
   -0.0465   -3.3857   13.0868   -7.4175    0.6922    4.3113
eta,q 0.95614 12.53801
  0.0620  0.0588  0.0578  0.0430  0.0534  0.0500
  0.0574  0.0557  0.0520  0.0438  0.0489  0.0481
  0.0526  0.0521  0.0493  0.0470  0.0456  0.0463
  0.0500  0.0500  0.0496  0.0508  0.0444  0.0443
  0.0522  0.0496  0.0508  0.0536  0.0447  0.0439
  0.0567  0.0520  0.0497  0.0562  0.0469  0.0456
  0.0640  0.0573  0.0503  0.0589  0.0510  0.0487
niter,ni,del,rscale     7    3   12.0000    1.2000
parameter  4  2.451976 ->  0.500000 qaram    1.5209
parameters
   -0.0531   -2.6405   12.6287  -11.9801    0.9013    2.8841
eta,q 0.95936 12.58108
  0.0575  0.0586  0.0467  0.0384  0.0484  0.0441
  0.0518  0.0518  0.0456  0.0399  0.0448  0.0417
  0.0461  0.0465  0.0455  0.0432  0.0423  0.0407
  0.0439  0.0439  0.0439  0.0443  0.0410  0.0410
  0.0471  0.0452  0.0432  0.0481  0.0412  0.0420
  0.0518  0.0486  0.0452  0.0516  0.0439  0.0450
  0.0573  0.0533  0.0494  0.0549  0.0479  0.0487
niter,ni,del,rscale     7    3   12.0000    1.2000
parameter  4  2.018893 ->  0.500000 qaram    1.7490
parameters
   -0.4834   -1.3069   11.5620  -17.2272    1.5511    3.0052
eta,q 0.96613 12.71110
  0.0535  0.0524  0.0447  0.0340  0.0445  0.0411
  0.0477  0.0459  0.0414  0.0338  0.0404  0.0373
  0.0427  0.0426  0.0404  0.0358  0.0370  0.0348
  0.0406  0.0407  0.0400  0.0401  0.0342  0.0339
  0.0437  0.0400  0.0409  0.0449  0.0345  0.0344
  0.0503  0.0422  0.0438  0.0476  0.0374  0.0368
  0.0578  0.0455  0.0501  0.0508  0.0416  0.0408
niter,ni,del,rscale     7    3   12.0000    1.2000
parameter  4  0.553627 ->  0.500000 qaram    2.0114
parameters
   -0.8775    0.9628   10.0714  -23.2612    2.0810    3.5424
eta,q 0.97274 12.77767
  0.0500  0.0507  0.0373  0.0316  0.0393  0.0382
  0.0429  0.0443  0.0331  0.0279  0.0342  0.0334
  0.0370  0.0385  0.0309  0.0280  0.0302  0.0297
  0.0339  0.0340  0.0308  0.0305  0.0277  0.0275
  0.0378  0.0308  0.0342  0.0381  0.0279  0.0276
  0.0462  0.0333  0.0395  0.0444  0.0310  0.0303
  0.0548  0.0384  0.0460  0.0506  0.0366  0.0363
niter,ni,del,rscale     7    3   12.0000    1.2000
parameters
   -1.0078    1.4276    7.9134  -23.2505    2.0513    3.5182
eta,q 0.97553 12.76317
  0.0476  0.0444  0.0324  0.0465  0.0355  0.0355
  0.0380  0.0376  0.0259  0.0359  0.0305  0.0299
  0.0306  0.0314  0.0244  0.0265  0.0264  0.0258
  0.0273  0.0273  0.0270  0.0245  0.0245  0.0245
  0.0309  0.0285  0.0316  0.0284  0.0258  0.0255
  0.0395  0.0332  0.0380  0.0368  0.0302  0.0296
  0.0492  0.0419  0.0446  0.0452  0.0363  0.0361
niter,ni,del,rscale     6    3   12.0000    1.2000
parameters
   -1.0241    1.2562    8.2395  -22.9709    2.0488    3.5049
eta,q 0.97520 12.77188
  0.0474  0.0412  0.0442  0.0476  0.0359  0.0354
  0.0372  0.0338  0.0319  0.0368  0.0309  0.0300
  0.0287  0.0275  0.0257  0.0271  0.0267  0.0261
  0.0245  0.0245  0.0245  0.0248  0.0248  0.0248
  0.0284  0.0274  0.0274  0.0282  0.0260  0.0257
  0.0374  0.0340  0.0321  0.0363  0.0304  0.0295
  0.0477  0.0438  0.0386  0.0445  0.0366  0.0360
niter,ni,del,rscale     5    3   12.0000    1.2000
parameters
   -1.0236    1.2226    8.3052  -22.8637    2.0465    3.4943
eta,q 0.97512 12.77443
  0.0475  0.0416  0.0423  0.0471  0.0361  0.0354
  0.0374  0.0343  0.0311  0.0361  0.0310  0.0300
  0.0290  0.0280  0.0255  0.0268  0.0268  0.0262
  0.0248  0.0248  0.0248  0.0249  0.0249  0.0249
  0.0285  0.0272  0.0280  0.0287  0.0261  0.0257
  0.0374  0.0333  0.0328  0.0368  0.0305  0.0295
  0.0476  0.0430  0.0394  0.0449  0.0367  0.0360
registration optimization eta report
parameter search radius
    6.0000    6.9000    6.9000   12.0681    6.0000    6.9000
100000*second partial in parameter space
       61.       36.       33.       14.       31.       23.
  0.0475  0.0416  0.0423  0.0471  0.0361  0.0354
  0.0374  0.0343  0.0311  0.0361  0.0310  0.0300
  0.0290  0.0280  0.0255  0.0268  0.0268  0.0262
  0.0248  0.0248  0.0248  0.0249  0.0249  0.0249
  0.0285  0.0272  0.0280  0.0287  0.0261  0.0257
  0.0374  0.0333  0.0328  0.0368  0.0305  0.0295
  0.0476  0.0430  0.0394  0.0449  0.0367  0.0360
   -1.0236    1.2226    8.3052  -22.8637    2.0465    3.4943
eta,q 0.97512 12.77443

---------------------------------------------------------------------
imgreg_4dfp /opt/freesurfer/average/711-2C_as_mni_average_305 /opt/freesurfer/average/711-2B_as_mni_average_305_mask talsrcimg_g11 none talsrcimg_to_711-2C_as_mni_average_305_t4 3335
---------------------------------------------------------------------

freesurfer imgreg_4dfp.c
/opt/freesurfer/average/711-2C_as_mni_average_305.4dfp.img
       256       256       256         1
  1.000000  1.000000  1.000000
orientation T byte_order littleendian
Reading image: /opt/freesurfer/average/711-2C_as_mni_average_305.4dfp.img
dimensions:      256       256       256
mmppix:       1.0000   -1.0000   -1.0000
center:     128.0000 -129.0000 -129.0000
/opt/freesurfer/average/711-2B_as_mni_average_305_mask.4dfp.img
       256       256       256         1
  1.000000  1.000000  1.000000
orientation T byte_order littleendian
Reading mask: /opt/freesurfer/average/711-2B_as_mni_average_305_mask.4dfp.img (2306576 pixels)
talsrcimg_g11.4dfp.img
       256       256       256         1
  1.000000  1.000000  1.000000
orientation T byte_order littleendian
Reading image: talsrcimg_g11.4dfp.img
dimensions:      256       256       256
mmppix:       1.0000   -1.0000   -1.0000
center:     128.0000 -129.0000 -129.0000
fimgreg.f
image alignment mode   3335 decimal      D07 hex
parameters
   -1.0236    1.2226    8.3052   -0.2496   -7.9435   -7.9156
   -4.2311   -5.6526    6.0910   38.5812    3.5711  -38.8292
eta,q 0.97566 12.86786
niter,ni,del,rscale     5    3    5.0000    1.2000
parameter  4  0.830320 ->  0.500000 qaram    1.1500
parameter  5  0.647852 ->  0.500000 qaram    1.1500
parameters
   -0.9596    1.7781    7.9707   -4.3896  -12.0835   -9.0440
   -3.3897   -5.1652    6.4690   38.2257    1.0594  -42.1969
eta,q 0.98125 12.62395
  0.0291  0.0285  0.0254  0.0205  0.0199  0.0209  0.0230  0.0251  0.0212  0.0217  0.0196  0.0195
  0.0265  0.0266  0.0246  0.0207  0.0194  0.0200  0.0212  0.0218  0.0203  0.0205  0.0193  0.0189
  0.0249  0.0252  0.0241  0.0216  0.0195  0.0196  0.0200  0.0200  0.0196  0.0197  0.0192  0.0188
  0.0243  0.0243  0.0241  0.0241  0.0208  0.0193  0.0194  0.0194  0.0194  0.0193  0.0194  0.0192
  0.0248  0.0241  0.0245  0.0280  0.0235  0.0192  0.0195  0.0196  0.0195  0.0196  0.0196  0.0201
  0.0262  0.0247  0.0253  0.0333  0.0266  0.0207  0.0203  0.0209  0.0200  0.0207  0.0201  0.0213
  0.0285  0.0260  0.0263  0.0391  0.0300  0.0236  0.0217  0.0237  0.0209  0.0224  0.0207  0.0226
niter,ni,del,rscale     6    3    5.0000    1.2000
parameters
   -0.9061    2.0291    7.2082   -7.7063  -13.6532   -9.8886
   -3.6780   -5.4038    5.9341   38.8986    1.1025  -44.1011
eta,q 0.98190 12.40417
  0.0228  0.0221  0.0194  0.0193  0.0209  0.0201  0.0209  0.0220  0.0199  0.0211  0.0192  0.0193
  0.0207  0.0204  0.0188  0.0185  0.0196  0.0190  0.0195  0.0198  0.0190  0.0196  0.0187  0.0185
  0.0193  0.0193  0.0185  0.0183  0.0186  0.0184  0.0186  0.0186  0.0184  0.0187  0.0184  0.0181
  0.0188  0.0188  0.0187  0.0185  0.0183  0.0184  0.0183  0.0183  0.0183  0.0183  0.0183  0.0183
  0.0191  0.0189  0.0193  0.0201  0.0191  0.0186  0.0188  0.0189  0.0187  0.0184  0.0184  0.0190
  0.0204  0.0196  0.0203  0.0237  0.0214  0.0192  0.0198  0.0203  0.0194  0.0190  0.0187  0.0200
  0.0225  0.0209  0.0215  0.0287  0.0249  0.0218  0.0213  0.0225  0.0204  0.0202  0.0192  0.0213
niter,ni,del,rscale     5    3    5.0000    1.2000
parameters
   -0.8742    2.0637    6.9763   -8.6784  -14.1719  -10.1337
   -3.5585   -5.5088    5.9761   39.3381    1.2633  -44.7203
eta,q 0.98185 12.33607
  0.0217  0.0208  0.0196  0.0204  0.0214  0.0204  0.0212  0.0220  0.0201  0.0207  0.0191  0.0200
  0.0198  0.0193  0.0187  0.0192  0.0199  0.0191  0.0196  0.0198  0.0190  0.0194  0.0187  0.0190
  0.0185  0.0184  0.0182  0.0184  0.0188  0.0183  0.0186  0.0185  0.0184  0.0185  0.0183  0.0183
  0.0181  0.0181  0.0181  0.0181  0.0181  0.0182  0.0182  0.0182  0.0182  0.0182  0.0182  0.0182
  0.0185  0.0184  0.0184  0.0183  0.0184  0.0184  0.0185  0.0187  0.0184  0.0183  0.0183  0.0186
  0.0196  0.0192  0.0192  0.0195  0.0201  0.0188  0.0195  0.0200  0.0190  0.0190  0.0186  0.0195
  0.0215  0.0205  0.0203  0.0228  0.0230  0.0212  0.0210  0.0221  0.0200  0.0202  0.0191  0.0207
niter,ni,del,rscale     4    3    5.0000    1.2000
parameters
   -0.8822    2.0970    6.8677   -8.6794  -14.3910  -10.1865
   -3.5221   -5.5280    6.0185   39.5636    1.3241  -45.0048
eta,q 0.98184 12.33766
  0.0216  0.0207  0.0199  0.0209  0.0216  0.0206  0.0211  0.0220  0.0201  0.0205  0.0191  0.0202
  0.0197  0.0193  0.0189  0.0195  0.0201  0.0192  0.0195  0.0198  0.0190  0.0192  0.0186  0.0191
  0.0186  0.0184  0.0183  0.0186  0.0189  0.0184  0.0185  0.0185  0.0184  0.0185  0.0183  0.0184
  0.0182  0.0182  0.0182  0.0181  0.0181  0.0182  0.0182  0.0182  0.0182  0.0182  0.0182  0.0182
  0.0186  0.0185  0.0184  0.0182  0.0184  0.0183  0.0185  0.0187  0.0184  0.0184  0.0183  0.0185
  0.0198  0.0193  0.0191  0.0189  0.0198  0.0187  0.0196  0.0199  0.0190  0.0191  0.0186  0.0194
  0.0216  0.0205  0.0202  0.0215  0.0226  0.0211  0.0210  0.0220  0.0200  0.0202  0.0191  0.0205
niter,ni,del,rscale     3    3    5.0000    1.2000
parameters
   -0.8843    2.1093    6.8014   -8.6825  -14.4925  -10.2412
   -3.5044   -5.5391    6.0425   39.6622    1.3410  -45.1541
eta,q 0.98182 12.33711
  0.0216  0.0207  0.0199  0.0209  0.0217  0.0206  0.0211  0.0220  0.0201  0.0205  0.0191  0.0203
  0.0198  0.0193  0.0190  0.0196  0.0202  0.0192  0.0195  0.0198  0.0190  0.0192  0.0186  0.0192
  0.0186  0.0184  0.0183  0.0187  0.0189  0.0184  0.0185  0.0185  0.0184  0.0184  0.0183  0.0184
  0.0182  0.0182  0.0182  0.0182  0.0182  0.0182  0.0182  0.0182  0.0182  0.0182  0.0182  0.0182
  0.0186  0.0185  0.0184  0.0182  0.0183  0.0183  0.0185  0.0187  0.0184  0.0184  0.0183  0.0185
  0.0198  0.0193  0.0191  0.0189  0.0197  0.0187  0.0196  0.0199  0.0190  0.0191  0.0186  0.0193
  0.0216  0.0205  0.0201  0.0215  0.0225  0.0211  0.0210  0.0219  0.0200  0.0203  0.0191  0.0204
niter,ni,del,rscale     2    3    5.0000    1.2000
parameters
   -0.8861    2.1142    6.7640   -8.6901  -14.5430  -10.2673
   -3.4953   -5.5452    6.0584   39.7085    1.3498  -45.2325
eta,q 0.98182 12.33662
  0.0216  0.0207  0.0200  0.0209  0.0217  0.0206  0.0211  0.0220  0.0201  0.0204  0.0191  0.0203
  0.0198  0.0193  0.0190  0.0196  0.0202  0.0192  0.0195  0.0198  0.0190  0.0192  0.0186  0.0192
  0.0186  0.0184  0.0184  0.0187  0.0189  0.0184  0.0185  0.0185  0.0184  0.0184  0.0183  0.0185
  0.0182  0.0182  0.0182  0.0182  0.0182  0.0182  0.0182  0.0182  0.0182  0.0182  0.0182  0.0182
  0.0186  0.0185  0.0184  0.0182  0.0183  0.0183  0.0186  0.0187  0.0184  0.0184  0.0183  0.0185
  0.0198  0.0193  0.0191  0.0189  0.0197  0.0187  0.0196  0.0199  0.0191  0.0192  0.0186  0.0193
  0.0216  0.0206  0.0201  0.0215  0.0224  0.0211  0.0210  0.0219  0.0200  0.0203  0.0191  0.0204
niter,ni,del,rscale     1    3    5.0000    1.2000
parameters
   -0.8846    2.1173    6.7434   -8.6924  -14.5685  -10.2870
   -3.4904   -5.5476    6.0588   39.7336    1.3482  -45.2729
eta,q 0.98182 12.33626
  0.0216  0.0207  0.0200  0.0209  0.0217  0.0206  0.0211  0.0220  0.0201  0.0204  0.0191  0.0203
  0.0198  0.0193  0.0190  0.0196  0.0202  0.0192  0.0195  0.0198  0.0190  0.0192  0.0186  0.0193
  0.0186  0.0184  0.0184  0.0187  0.0189  0.0184  0.0185  0.0185  0.0184  0.0184  0.0183  0.0185
  0.0182  0.0182  0.0182  0.0182  0.0182  0.0182  0.0182  0.0182  0.0182  0.0182  0.0182  0.0182
  0.0186  0.0185  0.0184  0.0182  0.0183  0.0183  0.0186  0.0187  0.0185  0.0184  0.0183  0.0185
  0.0198  0.0193  0.0191  0.0189  0.0197  0.0187  0.0196  0.0199  0.0191  0.0192  0.0186  0.0193
  0.0216  0.0206  0.0201  0.0215  0.0224  0.0211  0.0210  0.0219  0.0200  0.0204  0.0191  0.0204
registration optimization eta report
parameter search radius
    2.4000    2.4000    2.4000    8.2800    8.2800    7.2000
    7.2000    7.2000    7.2000    7.2000    7.2000    7.2000
100000*second partial in parameter space
       59.       42.       32.        5.        6.        5.
        5.        7.        4.        4.        2.        4.
  0.0216  0.0207  0.0200  0.0209  0.0217  0.0206  0.0211  0.0220  0.0201  0.0204  0.0191  0.0203
  0.0198  0.0193  0.0190  0.0196  0.0202  0.0192  0.0195  0.0198  0.0190  0.0192  0.0186  0.0193
  0.0186  0.0184  0.0184  0.0187  0.0189  0.0184  0.0185  0.0185  0.0184  0.0184  0.0183  0.0185
  0.0182  0.0182  0.0182  0.0182  0.0182  0.0182  0.0182  0.0182  0.0182  0.0182  0.0182  0.0182
  0.0186  0.0185  0.0184  0.0182  0.0183  0.0183  0.0186  0.0187  0.0185  0.0184  0.0183  0.0185
  0.0198  0.0193  0.0191  0.0189  0.0197  0.0187  0.0196  0.0199  0.0191  0.0192  0.0186  0.0193
  0.0216  0.0206  0.0201  0.0215  0.0224  0.0211  0.0210  0.0219  0.0200  0.0204  0.0191  0.0204
   -0.8846    2.1173    6.7434   -8.6924  -14.5685  -10.2870
   -3.4904   -5.5476    6.0588   39.7336    1.3482  -45.2729
eta,q 0.98182 12.33626

---------------------------------------------------------------------
imgreg_4dfp /opt/freesurfer/average/711-2C_as_mni_average_305 /opt/freesurfer/average/711-2B_as_mni_average_305_mask talsrcimg_g11 none talsrcimg_to_711-2C_as_mni_average_305_t4 2311
---------------------------------------------------------------------

freesurfer imgreg_4dfp.c
/opt/freesurfer/average/711-2C_as_mni_average_305.4dfp.img
       256       256       256         1
  1.000000  1.000000  1.000000
orientation T byte_order littleendian
Reading image: /opt/freesurfer/average/711-2C_as_mni_average_305.4dfp.img
dimensions:      256       256       256
mmppix:       1.0000   -1.0000   -1.0000
center:     128.0000 -129.0000 -129.0000
/opt/freesurfer/average/711-2B_as_mni_average_305_mask.4dfp.img
       256       256       256         1
  1.000000  1.000000  1.000000
orientation T byte_order littleendian
Reading mask: /opt/freesurfer/average/711-2B_as_mni_average_305_mask.4dfp.img (2306576 pixels)
talsrcimg_g11.4dfp.img
       256       256       256         1
  1.000000  1.000000  1.000000
orientation T byte_order littleendian
Reading image: talsrcimg_g11.4dfp.img
dimensions:      256       256       256
mmppix:       1.0000   -1.0000   -1.0000
center:     128.0000 -129.0000 -129.0000
fimgreg.f
image alignment mode   2311 decimal      907 hex
parameters
   -0.8846    2.1173    6.7434   -8.6924  -14.5685  -10.2870
   -3.4904   -5.5476    6.0588   39.7336    1.3482  -45.2729
eta,q 0.98182 12.33625
niter,ni,del,rscale     5    3    5.0000    0.8000
parameters
   -0.8807    2.0786    6.7206   -7.5255  -13.8682   -9.1314
   -3.4407   -5.6313    6.0253   40.3162    0.9582  -44.9840
eta,q 0.98198 12.51645
  0.0198  0.0192  0.0190  0.0193  0.0198  0.0192  0.0194  0.0197  0.0189  0.0192  0.0184  0.0192
  0.0189  0.0186  0.0186  0.0188  0.0191  0.0186  0.0187  0.0187  0.0184  0.0186  0.0182  0.0186
  0.0184  0.0183  0.0183  0.0184  0.0185  0.0182  0.0182  0.0182  0.0181  0.0183  0.0180  0.0182
  0.0182  0.0182  0.0182  0.0182  0.0181  0.0181  0.0181  0.0181  0.0181  0.0181  0.0180  0.0180
  0.0184  0.0183  0.0183  0.0181  0.0181  0.0181  0.0182  0.0183  0.0182  0.0180  0.0181  0.0181
  0.0189  0.0187  0.0186  0.0183  0.0184  0.0181  0.0186  0.0189  0.0185  0.0183  0.0183  0.0184
  0.0198  0.0193  0.0191  0.0186  0.0192  0.0184  0.0194  0.0198  0.0189  0.0188  0.0185  0.0190
niter,ni,del,rscale     4    3    5.0000    0.7000
parameters
   -0.8544    2.0232    6.6259   -7.1220  -13.8228   -9.3485
   -3.4314   -5.6325    6.0330   40.2036    0.9342  -45.0212
eta,q 0.98199 12.52875
  0.0193  0.0189  0.0186  0.0188  0.0192  0.0186  0.0190  0.0194  0.0187  0.0187  0.0183  0.0188
  0.0186  0.0184  0.0182  0.0184  0.0186  0.0182  0.0185  0.0185  0.0183  0.0183  0.0182  0.0184
  0.0182  0.0181  0.0181  0.0181  0.0182  0.0181  0.0181  0.0181  0.0181  0.0181  0.0180  0.0181
  0.0180  0.0180  0.0180  0.0180  0.0180  0.0180  0.0180  0.0180  0.0180  0.0180  0.0180  0.0180
  0.0181  0.0182  0.0181  0.0180  0.0181  0.0179  0.0181  0.0182  0.0181  0.0181  0.0180  0.0181
  0.0185  0.0185  0.0184  0.0181  0.0185  0.0181  0.0185  0.0186  0.0183  0.0184  0.0182  0.0184
  0.0192  0.0190  0.0187  0.0186  0.0192  0.0190  0.0190  0.0193  0.0187  0.0188  0.0183  0.0189
niter,ni,del,rscale     3    3    5.0000    0.6000
parameters
   -0.8577    2.0088    6.5967   -7.0642  -13.7296   -8.9121
   -3.3956   -5.7142    6.0430   40.5014    0.8375  -44.9968
eta,q 0.98204 12.56723
  0.0189  0.0187  0.0185  0.0185  0.0189  0.0184  0.0187  0.0190  0.0185  0.0186  0.0182  0.0186
  0.0184  0.0183  0.0182  0.0183  0.0185  0.0182  0.0183  0.0183  0.0182  0.0183  0.0181  0.0183
  0.0181  0.0181  0.0180  0.0181  0.0182  0.0181  0.0181  0.0180  0.0180  0.0181  0.0180  0.0180
  0.0180  0.0180  0.0180  0.0180  0.0180  0.0180  0.0180  0.0180  0.0180  0.0180  0.0180  0.0180
  0.0181  0.0181  0.0181  0.0180  0.0181  0.0179  0.0181  0.0181  0.0180  0.0180  0.0180  0.0180
  0.0184  0.0183  0.0182  0.0182  0.0184  0.0179  0.0183  0.0185  0.0182  0.0181  0.0181  0.0182
  0.0189  0.0187  0.0185  0.0185  0.0189  0.0184  0.0187  0.0190  0.0185  0.0185  0.0182  0.0186
niter,ni,del,rscale     2    3    5.0000    0.5000
parameters
   -0.8519    1.9974    6.5535   -6.7901  -13.7154   -8.7239
   -3.3306   -5.7317    6.1055   40.6840    0.8642  -45.0330
eta,q 0.98208 12.59905
  0.0186  0.0184  0.0183  0.0184  0.0186  0.0183  0.0185  0.0187  0.0183  0.0184  0.0181  0.0184
  0.0182  0.0182  0.0181  0.0182  0.0183  0.0181  0.0182  0.0182  0.0181  0.0182  0.0180  0.0181
  0.0180  0.0180  0.0180  0.0180  0.0181  0.0180  0.0180  0.0180  0.0180  0.0180  0.0179  0.0180
  0.0180  0.0180  0.0180  0.0180  0.0180  0.0180  0.0179  0.0179  0.0179  0.0179  0.0179  0.0179
  0.0180  0.0180  0.0180  0.0180  0.0180  0.0179  0.0180  0.0180  0.0180  0.0179  0.0180  0.0180
  0.0182  0.0182  0.0181  0.0180  0.0182  0.0179  0.0182  0.0183  0.0181  0.0181  0.0180  0.0181
  0.0186  0.0184  0.0183  0.0183  0.0186  0.0183  0.0184  0.0186  0.0183  0.0183  0.0181  0.0184
niter,ni,del,rscale     1    3    5.0000    0.4000
parameters
   -0.8586    1.9901    6.5123   -6.6381  -13.7074   -8.3461
   -3.2610   -5.7337    6.1909   40.9253    0.9891  -45.0836
eta,q 0.98212 12.63389
  0.0183  0.0182  0.0181  0.0182  0.0184  0.0182  0.0183  0.0184  0.0181  0.0183  0.0180  0.0182
  0.0181  0.0181  0.0180  0.0180  0.0181  0.0181  0.0180  0.0181  0.0180  0.0181  0.0179  0.0180
  0.0180  0.0180  0.0180  0.0180  0.0180  0.0180  0.0179  0.0179  0.0179  0.0180  0.0179  0.0179
  0.0179  0.0179  0.0179  0.0179  0.0179  0.0179  0.0179  0.0179  0.0179  0.0179  0.0179  0.0179
  0.0180  0.0180  0.0180  0.0179  0.0180  0.0179  0.0179  0.0180  0.0179  0.0179  0.0179  0.0179
  0.0181  0.0181  0.0180  0.0180  0.0181  0.0179  0.0180  0.0181  0.0180  0.0180  0.0179  0.0180
  0.0183  0.0182  0.0182  0.0181  0.0184  0.0181  0.0182  0.0184  0.0181  0.0182  0.0180  0.0182
registration optimization eta report
parameter search radius
    0.8000    0.8000    0.8000    2.4000    2.4000    2.4000
    2.4000    2.4000    2.4000    2.4000    2.4000    2.4000
100000*second partial in parameter space
       65.       49.       34.        4.        8.        4.
        6.        9.        4.        6.        2.        5.
  0.0183  0.0182  0.0181  0.0182  0.0184  0.0182  0.0183  0.0184  0.0181  0.0183  0.0180  0.0182
  0.0181  0.0181  0.0180  0.0180  0.0181  0.0181  0.0180  0.0181  0.0180  0.0181  0.0179  0.0180
  0.0180  0.0180  0.0180  0.0180  0.0180  0.0180  0.0179  0.0179  0.0179  0.0180  0.0179  0.0179
  0.0179  0.0179  0.0179  0.0179  0.0179  0.0179  0.0179  0.0179  0.0179  0.0179  0.0179  0.0179
  0.0180  0.0180  0.0180  0.0179  0.0180  0.0179  0.0179  0.0180  0.0179  0.0179  0.0179  0.0179
  0.0181  0.0181  0.0180  0.0180  0.0181  0.0179  0.0180  0.0181  0.0180  0.0180  0.0179  0.0180
  0.0183  0.0182  0.0182  0.0181  0.0184  0.0181  0.0182  0.0184  0.0181  0.0182  0.0180  0.0182
   -0.8586    1.9901    6.5123   -6.6381  -13.7074   -8.3461
   -3.2610   -5.7337    6.1909   40.9253    0.9891  -45.0836
eta,q 0.98212 12.63389

---------------------------------------------------------------------
imgreg_4dfp /opt/freesurfer/average/711-2C_as_mni_average_305 /opt/freesurfer/average/711-2B_as_mni_average_305_mask talsrcimg_g11 none talsrcimg_to_711-2C_as_mni_average_305_t4 2311
---------------------------------------------------------------------

freesurfer imgreg_4dfp.c
/opt/freesurfer/average/711-2C_as_mni_average_305.4dfp.img
       256       256       256         1
  1.000000  1.000000  1.000000
orientation T byte_order littleendian
Reading image: /opt/freesurfer/average/711-2C_as_mni_average_305.4dfp.img
dimensions:      256       256       256
mmppix:       1.0000   -1.0000   -1.0000
center:     128.0000 -129.0000 -129.0000
/opt/freesurfer/average/711-2B_as_mni_average_305_mask.4dfp.img
       256       256       256         1
  1.000000  1.000000  1.000000
orientation T byte_order littleendian
Reading mask: /opt/freesurfer/average/711-2B_as_mni_average_305_mask.4dfp.img (2306576 pixels)
talsrcimg_g11.4dfp.img
       256       256       256         1
  1.000000  1.000000  1.000000
orientation T byte_order littleendian
Reading image: talsrcimg_g11.4dfp.img
dimensions:      256       256       256
mmppix:       1.0000   -1.0000   -1.0000
center:     128.0000 -129.0000 -129.0000
fimgreg.f
image alignment mode   2311 decimal      907 hex
parameters
   -0.8586    1.9901    6.5123   -6.6381  -13.7074   -8.3461
   -3.2610   -5.7337    6.1909   40.9253    0.9891  -45.0836
eta,q 0.98212 12.63389
niter,ni,del,rscale     5    3    5.0000    0.8000
parameters
   -0.8751    2.0111    6.5681   -7.2703  -14.0533   -9.4626
   -3.4357   -5.5763    6.0968   40.2065    1.0260  -45.2066
eta,q 0.98197 12.50790
  0.0195  0.0192  0.0189  0.0187  0.0193  0.0186  0.0193  0.0200  0.0189  0.0187  0.0185  0.0191
  0.0186  0.0184  0.0183  0.0183  0.0186  0.0183  0.0186  0.0188  0.0184  0.0183  0.0182  0.0185
  0.0181  0.0180  0.0180  0.0180  0.0181  0.0181  0.0182  0.0182  0.0181  0.0181  0.0181  0.0182
  0.0179  0.0179  0.0179  0.0179  0.0179  0.0179  0.0180  0.0180  0.0180  0.0180  0.0180  0.0180
  0.0181  0.0180  0.0180  0.0180  0.0181  0.0180  0.0182  0.0182  0.0182  0.0182  0.0181  0.0182
  0.0186  0.0184  0.0183  0.0185  0.0188  0.0190  0.0187  0.0188  0.0185  0.0187  0.0182  0.0186
  0.0196  0.0191  0.0187  0.0197  0.0199  0.0210  0.0195  0.0196  0.0189  0.0194  0.0184  0.0192
niter,ni,del,rscale     4    3    5.0000    0.7000
parameters
   -0.8568    2.0085    6.5852   -7.2390  -13.8516   -9.2872
   -3.4327   -5.6606    6.0211   40.2734    0.8764  -45.0919
eta,q 0.98200 12.52741
  0.0193  0.0189  0.0187  0.0187  0.0193  0.0187  0.0190  0.0193  0.0187  0.0188  0.0183  0.0189
  0.0186  0.0184  0.0183  0.0184  0.0187  0.0183  0.0185  0.0185  0.0183  0.0184  0.0181  0.0184
  0.0182  0.0181  0.0181  0.0181  0.0183  0.0181  0.0181  0.0181  0.0181  0.0181  0.0180  0.0181
  0.0180  0.0180  0.0180  0.0180  0.0180  0.0180  0.0180  0.0180  0.0180  0.0180  0.0180  0.0180
  0.0182  0.0181  0.0181  0.0181  0.0181  0.0179  0.0181  0.0182  0.0181  0.0181  0.0181  0.0181
  0.0186  0.0184  0.0183  0.0182  0.0185  0.0180  0.0185  0.0186  0.0183  0.0183  0.0182  0.0184
  0.0192  0.0189  0.0186  0.0188  0.0191  0.0187  0.0190  0.0193  0.0187  0.0188  0.0184  0.0188
niter,ni,del,rscale     3    3    5.0000    0.6000
parameters
   -0.8533    2.0063    6.5811   -7.0322  -13.7616   -8.9886
   -3.3893   -5.7104    6.0410   40.4808    0.8067  -45.0367
eta,q 0.98203 12.56387
  0.0189  0.0187  0.0185  0.0185  0.0189  0.0184  0.0187  0.0190  0.0185  0.0186  0.0182  0.0186
  0.0184  0.0183  0.0182  0.0183  0.0185  0.0182  0.0183  0.0183  0.0182  0.0183  0.0181  0.0183
  0.0181  0.0181  0.0181  0.0181  0.0182  0.0181  0.0181  0.0180  0.0180  0.0181  0.0180  0.0180
  0.0180  0.0180  0.0180  0.0180  0.0180  0.0180  0.0180  0.0180  0.0180  0.0180  0.0180  0.0180
  0.0181  0.0181  0.0181  0.0180  0.0181  0.0179  0.0180  0.0181  0.0180  0.0180  0.0180  0.0180
  0.0184  0.0183  0.0182  0.0181  0.0184  0.0179  0.0183  0.0184  0.0182  0.0182  0.0181  0.0182
  0.0189  0.0187  0.0185  0.0185  0.0189  0.0184  0.0187  0.0189  0.0185  0.0185  0.0182  0.0186
niter,ni,del,rscale     2    3    5.0000    0.5000
parameters
   -0.8534    2.0009    6.5417   -6.8036  -13.7223   -8.6952
   -3.3263   -5.7394    6.1003   40.7142    0.8483  -45.0491
eta,q 0.98207 12.60064
  0.0186  0.0184  0.0183  0.0183  0.0186  0.0183  0.0185  0.0187  0.0183  0.0184  0.0181  0.0184
  0.0182  0.0182  0.0181  0.0182  0.0183  0.0181  0.0182  0.0182  0.0181  0.0182  0.0180  0.0181
  0.0180  0.0180  0.0180  0.0180  0.0181  0.0180  0.0180  0.0180  0.0180  0.0180  0.0179  0.0180
  0.0180  0.0180  0.0180  0.0180  0.0180  0.0180  0.0179  0.0179  0.0179  0.0179  0.0179  0.0179
  0.0180  0.0180  0.0180  0.0180  0.0180  0.0179  0.0180  0.0180  0.0180  0.0179  0.0180  0.0180
  0.0182  0.0182  0.0181  0.0181  0.0182  0.0179  0.0181  0.0183  0.0181  0.0181  0.0180  0.0181
  0.0186  0.0184  0.0183  0.0183  0.0186  0.0183  0.0184  0.0187  0.0183  0.0183  0.0181  0.0184
niter,ni,del,rscale     1    3    5.0000    0.4000
parameters
   -0.8595    1.9915    6.5103   -6.6146  -13.7200   -8.3707
   -3.2513   -5.7288    6.1972   40.9225    0.9789  -45.0903
eta,q 0.98212 12.63354
  0.0183  0.0182  0.0181  0.0182  0.0183  0.0182  0.0182  0.0184  0.0181  0.0182  0.0180  0.0182
  0.0181  0.0181  0.0180  0.0181  0.0181  0.0181  0.0180  0.0181  0.0180  0.0181  0.0179  0.0180
  0.0180  0.0180  0.0179  0.0180  0.0180  0.0180  0.0179  0.0179  0.0179  0.0180  0.0179  0.0179
  0.0179  0.0179  0.0179  0.0179  0.0179  0.0179  0.0179  0.0179  0.0179  0.0179  0.0179  0.0179
  0.0180  0.0180  0.0180  0.0179  0.0180  0.0179  0.0179  0.0180  0.0179  0.0179  0.0179  0.0179
  0.0181  0.0181  0.0180  0.0180  0.0181  0.0179  0.0180  0.0181  0.0180  0.0180  0.0179  0.0180
  0.0183  0.0182  0.0182  0.0181  0.0184  0.0182  0.0182  0.0184  0.0181  0.0182  0.0180  0.0182
registration optimization eta report
parameter search radius
    0.8000    0.8000    0.8000    2.4000    2.4000    2.4000
    2.4000    2.4000    2.4000    2.4000    2.4000    2.4000
100000*second partial in parameter space
       65.       49.       34.        4.        8.        5.
        6.        9.        4.        6.        2.        5.
  0.0183  0.0182  0.0181  0.0182  0.0183  0.0182  0.0182  0.0184  0.0181  0.0182  0.0180  0.0182
  0.0181  0.0181  0.0180  0.0181  0.0181  0.0181  0.0180  0.0181  0.0180  0.0181  0.0179  0.0180
  0.0180  0.0180  0.0179  0.0180  0.0180  0.0180  0.0179  0.0179  0.0179  0.0180  0.0179  0.0179
  0.0179  0.0179  0.0179  0.0179  0.0179  0.0179  0.0179  0.0179  0.0179  0.0179  0.0179  0.0179
  0.0180  0.0180  0.0180  0.0179  0.0180  0.0179  0.0179  0.0180  0.0179  0.0179  0.0179  0.0179
  0.0181  0.0181  0.0180  0.0180  0.0181  0.0179  0.0180  0.0181  0.0180  0.0180  0.0179  0.0180
  0.0183  0.0182  0.0182  0.0181  0.0184  0.0182  0.0182  0.0184  0.0181  0.0182  0.0180  0.0182
   -0.8595    1.9915    6.5103   -6.6146  -13.7200   -8.3707
   -3.2513   -5.7288    6.1972   40.9225    0.9789  -45.0903
eta,q 0.98212 12.63354

---------------------------------------------------------------------
compute_vox2vox talsrcimg talsrcimg_to_711-2C_as_mni_average_305_t4 /opt/freesurfer/average/711-2C_as_mni_average_305
---------------------------------------------------------------------

freesurfer compute_vox2vox.c
Reading: talsrcimg.4dfp.ifh
Reading: talsrcimg_to_711-2C_as_mni_average_305_t4
Reading: /opt/freesurfer/average/711-2C_as_mni_average_305.4dfp.ifh
Writing: talsrcimg_to_711-2C_as_mni_average_305_t4_vox2vox.txt

start time Sun Mar 8 12:45:50 CET 2026
end		time Sun Mar 8 12:47:18 CET 2026

mpr2mni305 success

avi2talxfm orig_nu.mgz /opt/freesurfer/average/mni305.cor.mgz talsrcimg_to_711-2C_as_mni_average_305_t4_vox2vox.txt transforms/talairach.auto.xfm
avi2talxfm done
mv -f /out/sourcedata/freesurfer/sub-v1s12x0050137_ses-1/mri/talsrcimg_to_711-2C_as_mni_average_305_t4_vox2vox.txt /out/sourcedata/freesurfer/sub-v1s12x0050137_ses-1/mri/transforms/talsrcimg_to_711-2C_as_mni_average_305_t4_vox2vox.txt
lta_convert --src orig_nu.mgz --trg /opt/freesurfer/average/mni305.cor.mgz --inxfm transforms/talairach.auto.xfm --outlta transforms/talairach.auto.xfm.lta --subject fsaverage
7.3.2

--src: orig_nu.mgz src image (geometry).
--trg: /opt/freesurfer/average/mni305.cor.mgz trg image (geometry).
--inmni: transforms/talairach.auto.xfm input MNI/XFM transform.
--outlta: transforms/talairach.auto.xfm.lta output LTA.
--s: fsaverage subject name
 LTA read, type : 1
 1.06638   0.03951   0.06083  -0.90131;
-0.03980   0.88336   0.46015  -19.73478;
-0.05772  -0.42181   0.93640  -10.76491;
 0.00000   0.00000   0.00000   1.00000;
setting subject to fsaverage
Writing  LTA to file transforms/talairach.auto.xfm.lta...
lta_convert successful.
 
 
Started at Sun Mar 8 12:45:50 CET 2026
Ended   at Sun Mar  8 12:47:18 CET 2026
talairach_avi done
