status file for recon-all
Sun Mar  8 15:20:13 CET 2026
#@# Tessellate rh Sun Mar  8 15:20:13 CET 2026
#@# Smooth1 rh Sun Mar  8 15:20:16 CET 2026
#@# Inflation1 rh Sun Mar  8 15:20:18 CET 2026
#@# QSphere rh Sun Mar  8 15:20:32 CET 2026
#@# Fix Topology rh Sun Mar  8 15:21:38 CET 2026
#@# Smooth2 rh Sun Mar  8 15:34:12 CET 2026
#@# Inflation2 rh Sun Mar  8 15:34:15 CET 2026
#@# Curv .H and .K rh Sun Mar  8 15:34:36 CET 2026
#@# Sphere rh Sun Mar  8 15:35:14 CET 2026
#@# Surf Reg rh Sun Mar  8 15:50:38 CET 2026
#@# Jacobian white rh Sun Mar  8 16:15:53 CET 2026
#@# AvgCurv rh Sun Mar  8 16:15:54 CET 2026
#@# Cortical Parc rh Sun Mar  8 16:15:55 CET 2026
#@# white curv rh Sun Mar  8 16:23:17 CET 2026
#@# white area rh Sun Mar  8 16:23:18 CET 2026
#@# pial curv rh Sun Mar  8 16:23:19 CET 2026
#@# pial area rh Sun Mar  8 16:23:21 CET 2026
#@# thickness rh Sun Mar  8 16:23:21 CET 2026
#@# area and vertex vol rh Sun Mar  8 16:23:40 CET 2026
#@# Curvature Stats rh Sun Mar  8 16:23:42 CET 2026
#@# Cortical Parc 2 rh Sun Mar  8 16:23:44 CET 2026
#@# Cortical Parc 3 rh Sun Mar  8 16:23:54 CET 2026
#@# WM/GM Contrast rh Sun Mar  8 16:24:01 CET 2026
recon-all -s sub-v1s12x0050111_ses-1 finished without error at Sun Mar  8 16:24:04 CET 2026



#New# invocation of recon-all 



status file for recon-all
Sun Mar  8 16:30:21 CET 2026
#@# white curv rh Sun Mar  8 16:30:21 CET 2026
#@# white area rh Sun Mar  8 16:30:21 CET 2026
#@# pial curv rh Sun Mar  8 16:30:21 CET 2026
#@# pial area rh Sun Mar  8 16:30:21 CET 2026
#@# thickness rh Sun Mar  8 16:30:21 CET 2026
#@# area and vertex vol rh Sun Mar  8 16:30:21 CET 2026
#@# Parcellation Stats rh Sun Mar  8 16:30:21 CET 2026
#@# Parcellation Stats 2 rh Sun Mar  8 16:30:37 CET 2026
#@# Parcellation Stats 3 rh Sun Mar  8 16:30:45 CET 2026
#@# BA_exvivo Labels rh Sun Mar  8 16:30:53 CET 2026
recon-all -s sub-v1s12x0050111_ses-1 finished without error at Sun Mar  8 16:33:04 CET 2026
