status file for recon-all
Sun Mar  8 12:42:23 CET 2026
#@# MotionCor Sun Mar  8 12:42:25 CET 2026
#@# Talairach Sun Mar  8 12:42:30 CET 2026
#@# Talairach Failure Detection Sun Mar  8 12:45:21 CET 2026
#@# Nu Intensity Correction Sun Mar  8 12:45:21 CET 2026
#@# Intensity Normalization Sun Mar  8 12:48:07 CET 2026
recon-all -s sub-v1s12x0050111_ses-1 finished without error at Sun Mar  8 12:49:03 CET 2026



#New# invocation of recon-all 



status file for recon-all
Sun Mar  8 12:55:20 CET 2026
#@# EM Registration Sun Mar  8 12:55:20 CET 2026
recon-all -s sub-v1s12x0050111_ses-1 finished without error at Sun Mar  8 13:16:28 CET 2026



#New# invocation of recon-all 



status file for recon-all
Sun Mar  8 13:16:30 CET 2026
#@# CA Normalize Sun Mar  8 13:16:30 CET 2026
#@# CA Reg Sun Mar  8 13:17:24 CET 2026
#@# SubCort Seg Sun Mar  8 13:57:46 CET 2026
#@# CC Seg Sun Mar  8 14:18:53 CET 2026
#@# Merge ASeg Sun Mar  8 14:19:25 CET 2026
#@# Intensity Normalization2 Sun Mar  8 14:19:25 CET 2026
#@# Mask BFS Sun Mar  8 14:20:47 CET 2026
#@# WM Segmentation Sun Mar  8 14:20:47 CET 2026
#@# Fill Sun Mar  8 14:22:28 CET 2026
recon-all -s sub-v1s12x0050111_ses-1 finished without error at Sun Mar  8 14:23:05 CET 2026



#New# invocation of recon-all 



status file for recon-all
Sun Mar  8 16:24:07 CET 2026
#@# white curv lh Sun Mar  8 16:24:07 CET 2026
#@# white area lh Sun Mar  8 16:24:07 CET 2026
#@# pial curv lh Sun Mar  8 16:24:07 CET 2026
#@# pial area lh Sun Mar  8 16:24:07 CET 2026
#@# thickness lh Sun Mar  8 16:24:07 CET 2026
#@# area and vertex vol lh Sun Mar  8 16:24:07 CET 2026
#@# white curv rh Sun Mar  8 16:24:07 CET 2026
#@# white area rh Sun Mar  8 16:24:07 CET 2026
#@# pial curv rh Sun Mar  8 16:24:07 CET 2026
#@# pial area rh Sun Mar  8 16:24:07 CET 2026
#@# thickness rh Sun Mar  8 16:24:07 CET 2026
#@# area and vertex vol rh Sun Mar  8 16:24:07 CET 2026
#@# Cortical ribbon mask Sun Mar  8 16:24:07 CET 2026
recon-all -s sub-v1s12x0050111_ses-1 finished without error at Sun Mar  8 16:27:29 CET 2026



#New# invocation of recon-all 



status file for recon-all
Sun Mar  8 16:33:07 CET 2026
#@# white curv lh Sun Mar  8 16:33:07 CET 2026
#@# white area lh Sun Mar  8 16:33:07 CET 2026
#@# pial curv lh Sun Mar  8 16:33:07 CET 2026
#@# pial area lh Sun Mar  8 16:33:07 CET 2026
#@# thickness lh Sun Mar  8 16:33:07 CET 2026
#@# area and vertex vol lh Sun Mar  8 16:33:07 CET 2026
#@# white curv rh Sun Mar  8 16:33:07 CET 2026
#@# white area rh Sun Mar  8 16:33:07 CET 2026
#@# pial curv rh Sun Mar  8 16:33:07 CET 2026
#@# pial area rh Sun Mar  8 16:33:07 CET 2026
#@# thickness rh Sun Mar  8 16:33:07 CET 2026
#@# area and vertex vol rh Sun Mar  8 16:33:07 CET 2026
#@# Curvature Stats lh Sun Mar  8 16:33:07 CET 2026
#@# Curvature Stats rh Sun Mar  8 16:33:09 CET 2026
#@# Relabel Hypointensities Sun Mar  8 16:33:11 CET 2026
#@# APas-to-ASeg Sun Mar  8 16:33:22 CET 2026
#@# AParc-to-ASeg aparc Sun Mar  8 16:33:29 CET 2026
#@# AParc-to-ASeg aparc.a2009s Sun Mar  8 16:33:47 CET 2026
#@# AParc-to-ASeg aparc.DKTatlas Sun Mar  8 16:34:10 CET 2026
#@# WMParc Sun Mar  8 16:34:30 CET 2026
#@# ASeg Stats Sun Mar  8 16:36:42 CET 2026
recon-all -s sub-v1s12x0050111_ses-1 finished without error at Sun Mar  8 16:37:04 CET 2026
