/out/sourcedata/freesurfer/sub-v1s12x0050127_ses-1/mri
/opt/freesurfer/bin/talairach_avi
--i orig_nu.mgz --xfm transforms/talairach.auto.xfm
talairach_avi 7.3.2
Linux dna007 5.14.0-427.37.1.el9_4.x86_64 #1 SMP PREEMPT_DYNAMIC Fri Sep 13 12:41:50 EDT 2024 x86_64 x86_64 x86_64 GNU/Linux
Sun Mar  8 12:45:52 CET 2026
mri_convert orig_nu.mgz talsrcimg.img 
reading from orig_nu.mgz...
TR=0.00, TE=0.00, TI=0.00, flip angle=0.00
i_ras = (-1, 0, 0)
j_ras = (0, 0, -1)
k_ras = (0, 1, 0)
writing to talsrcimg.img...
Analyze Output Matrix
-1.00000   0.00000   0.00000   124.18887;
 0.00000   0.00000   1.00000  -125.09444;
 0.00000  -1.00000   0.00000   99.71792;
 0.00000   0.00000   0.00000   1.00000;
--------------------
INFO: set hdr.hist.orient to -1
mpr2mni305 talsrcimg
Sun Mar  8 12:45:53 CET 2026
/opt/freesurfer/bin/mpr2mni305 talsrcimg
mpr2mni305 7.3.2
target=711-2C_as_mni_average_305

---------------------------------------------------------------------
analyzeto4dfp talsrcimg -O0 -y
---------------------------------------------------------------------

freesurfer ifh2hdr.c
Sun Mar  8 12:45:53 2026
Writing: talsrcimg.4dfp.hdr
freesurfer analyzeto4dfp.c
Reading: talsrcimg.hdr
header size 348 bytes
hdr.dime.datatype	offset=70	value=2
hdr.dime.bitpix		offset=72	value=8
hdr.hist.orient		offset=252	value=-1
dimensionality     4
dimensions       256       256       256         1
Reading: talsrcimg.img
Writing: talsrcimg.4dfp.img
Writing: talsrcimg.4dfp.ifh
ifh2hdr talsrcimg -r0to221
ori=2

---------------------------------------------------------------------
gauss_4dfp talsrcimg 1.1
---------------------------------------------------------------------

freesurfer gauss_4dfp.c
Reading: talsrcimg.4dfp.img
Writing: talsrcimg_g11.4dfp.img
image dimensions 256 256 256 padded to 288 288 288
processing volume 1freesurfer ifh2hdr.c
Sun Mar  8 12:45:55 2026
Writing: talsrcimg_g11.4dfp.hdr

Writing: talsrcimg_g11.4dfp.ifh
including: talsrcimg.4dfp.img.rec in talsrcimg_g11.4dfp.img.rec

---------------------------------------------------------------------
imgreg_4dfp /opt/freesurfer/average/711-2C_as_mni_average_305 none talsrcimg_g11 none talsrcimg_to_711-2C_as_mni_average_305_t4 4355
---------------------------------------------------------------------

freesurfer imgreg_4dfp.c
/opt/freesurfer/average/711-2C_as_mni_average_305.4dfp.img
       256       256       256         1
  1.000000  1.000000  1.000000
orientation T byte_order littleendian
Reading image: /opt/freesurfer/average/711-2C_as_mni_average_305.4dfp.img
dimensions:      256       256       256
mmppix:       1.0000   -1.0000   -1.0000
center:     128.0000 -129.0000 -129.0000
talsrcimg_g11.4dfp.img
       256       256       256         1
  1.000000  1.000000  1.000000
orientation T byte_order littleendian
Reading image: talsrcimg_g11.4dfp.img
dimensions:      256       256       256
mmppix:       1.0000   -1.0000   -1.0000
center:     128.0000 -129.0000 -129.0000
t4_read: open error in t4_sub.f l:  41 t4_file(1:l)talsrcimg_to_711-2C_as_mni_average_305_t4 
t4_read: transform initialized to I4
rotation matrix determinant  1.000000
image alignment mode   4355 decimal     1103 hex
   -7.5000  -45.0000  -45.0000 7837.7124   20.2131
    0.0000  -45.0000  -45.0000 8103.0610   20.2100
    7.5000  -45.0000  -45.0000 7637.9326   20.1610
   -7.5000  -37.5000  -45.0000 8379.3799   20.1826
    0.0000  -37.5000  -45.0000 8655.8740   20.1770
    7.5000  -37.5000  -45.0000 8171.0586   20.1306
   -7.5000  -30.0000  -45.0000 9209.0605   20.1301
    0.0000  -30.0000  -45.0000 9508.8242   20.1275
    7.5000  -30.0000  -45.0000 8985.0518   20.0958
   -7.5000  -22.5000  -45.000010026.2744   20.1083
    0.0000  -22.5000  -45.000010364.4043   20.1123
    7.5000  -22.5000  -45.0000 9826.9609   20.0934
   -7.5000  -15.0000  -45.000010800.3955   20.1315
    0.0000  -15.0000  -45.000011161.4443   20.1379
    7.5000  -15.0000  -45.000010564.8105   20.1192
   -7.5000   -7.5000  -45.000011492.0449   20.1810
    0.0000   -7.5000  -45.000011879.3223   20.1832
    7.5000   -7.5000  -45.000011203.0625   20.1492
   -7.5000    0.0000  -45.000012095.0166   20.2103
    0.0000    0.0000  -45.000012467.0420   20.2072
    7.5000    0.0000  -45.000011766.6660   20.1582
   -7.5000    7.5000  -45.000011702.8711   20.1826
    0.0000    7.5000  -45.000012037.7891   20.1770
    7.5000    7.5000  -45.000011358.0088   20.1306
   -7.5000   15.0000  -45.000011210.3203   20.1301
    0.0000   15.0000  -45.000011523.7686   20.1275
    7.5000   15.0000  -45.000010857.0742   20.0958
   -7.5000   22.5000  -45.000010677.7959   20.1055
    0.0000   22.5000  -45.000010963.4805   20.1095
    7.5000   22.5000  -45.000010323.2939   20.0907
   -7.5000   30.0000  -45.000010066.0049   19.8633
    0.0000   30.0000  -45.000010318.9238   19.8696
    7.5000   30.0000  -45.0000 9699.5322   19.8511
   -7.5000   37.5000  -45.0000 9634.2051   19.9120
    0.0000   37.5000  -45.0000 9883.1768   19.9142
    7.5000   37.5000  -45.0000 9280.9502   19.8807
   -7.5000   45.0000  -45.0000 8850.9580   19.4352
    0.0000   45.0000  -45.0000 9080.3799   19.4322
    7.5000   45.0000  -45.0000 8508.9326   19.3851
   -7.5000  -45.0000  -37.5000 8292.4092   20.1128
    0.0000  -45.0000  -37.5000 8587.9941   20.1271
    7.5000  -45.0000  -37.5000 8089.6426   20.0872
   -7.5000  -37.5000  -37.5000 8849.9795   20.0870
    0.0000  -37.5000  -37.5000 9152.1973   20.0954
    7.5000  -37.5000  -37.5000 8631.9766   20.0511
   -7.5000  -30.0000  -37.5000 9733.8008   20.0486
    0.0000  -30.0000  -37.500010050.9482   20.0582
    7.5000  -30.0000  -37.5000 9496.5947   20.0224
   -7.5000  -22.5000  -37.500010597.0557   20.0365
    0.0000  -22.5000  -37.500010949.7559   20.0550
    7.5000  -22.5000  -37.500010389.0957   20.0336
   -7.5000  -15.0000  -37.500011400.0234   20.0579
    0.0000  -15.0000  -37.500011780.4502   20.0829
    7.5000  -15.0000  -37.500011170.6797   20.0680
   -7.5000   -7.5000  -37.500012143.6592   20.0931
    0.0000   -7.5000  -37.500012513.6924   20.1150
    7.5000   -7.5000  -37.500011822.6436   20.0901
   -7.5000    0.0000  -37.500012766.7910   20.1100
    0.0000    0.0000  -37.500013117.4775   20.1244
    7.5000    0.0000  -37.500012388.1992   20.0845
   -7.5000    7.5000  -37.500012298.1045   20.0870
    0.0000    7.5000  -37.500012653.4023   20.0954
    7.5000    7.5000  -37.500011944.9941   20.0511
   -7.5000   15.0000  -37.500011790.8496   20.0486
    0.0000   15.0000  -37.500012101.3936   20.0582
    7.5000   15.0000  -37.500011382.8975   20.0224
   -7.5000   22.5000  -37.500011234.2021   20.0338
    0.0000   22.5000  -37.500011518.0518   20.0523
    7.5000   22.5000  -37.500010814.5088   20.0308
   -7.5000   30.0000  -37.500010575.4277   19.7906
    0.0000   30.0000  -37.500010837.9424   19.8152
    7.5000   30.0000  -37.500010177.3691   19.8005
   -7.5000   37.5000  -37.500010107.0947   19.8253
    0.0000   37.5000  -37.500010368.3125   19.8470
    7.5000   37.5000  -37.5000 9754.8613   19.8224
   -7.5000   45.0000  -37.5000 9248.8184   19.3388
    0.0000   45.0000  -37.5000 9503.5479   19.3526
    7.5000   45.0000  -37.5000 8933.7783   19.3142
   -7.5000  -45.0000  -30.0000 8894.3076   20.9601
    0.0000  -45.0000  -30.0000 9199.9014   20.9809
    7.5000  -45.0000  -30.0000 8661.7666   20.9474
   -7.5000  -37.5000  -30.0000 9479.1914   20.9317
    0.0000  -37.5000  -30.0000 9797.2764   20.9423
    7.5000  -37.5000  -30.0000 9247.0059   20.8988
   -7.5000  -30.0000  -30.000010403.5215   20.9005
    0.0000  -30.0000  -30.000010747.7148   20.9101
    7.5000  -30.0000  -30.000010175.4424   20.8714
   -7.5000  -22.5000  -30.000011350.8906   20.8997
    0.0000  -22.5000  -30.000011729.5654   20.9204
    7.5000  -22.5000  -30.000011133.9502   20.8981
   -7.5000  -15.0000  -30.000012215.8594   20.9267
    0.0000  -15.0000  -30.000012609.5215   20.9583
    7.5000  -15.0000  -30.000011950.1279   20.9471
   -7.5000   -7.5000  -30.000013018.2461   20.9532
    0.0000   -7.5000  -30.000013398.8193   20.9838
    7.5000   -7.5000  -30.000012660.6328   20.9662
   -7.5000    0.0000  -30.000013674.3340   20.9572
    0.0000    0.0000  -30.000014067.1328   20.9780
    7.5000    0.0000  -30.000013255.5635   20.9445
   -7.5000    7.5000  -30.000013182.9521   20.9317
    0.0000    7.5000  -30.000013576.5479   20.9423
    7.5000    7.5000  -30.000012797.5410   20.8988
   -7.5000   15.0000  -30.000012589.0420   20.9005
    0.0000   15.0000  -30.000012955.0059   20.9101
    7.5000   15.0000  -30.000012176.7061   20.8714
   -7.5000   22.5000  -30.000011970.6768   20.8947
    0.0000   22.5000  -30.000012315.1982   20.9154
    7.5000   22.5000  -30.000011570.3330   20.8931
   -7.5000   30.0000  -30.000011243.0244   20.6498
    0.0000   30.0000  -30.000011560.5576   20.6809
    7.5000   30.0000  -30.000010863.7559   20.6699
   -7.5000   37.5000  -30.000010736.4961   20.6759
    0.0000   37.5000  -30.000011056.0166   20.7061
    7.5000   37.5000  -30.000010405.0332   20.6888
   -7.5000   45.0000  -30.0000 9804.7676   20.1683
    0.0000   45.0000  -30.000010108.3398   20.1883
    7.5000   45.0000  -30.0000 9515.7646   20.1561
   -7.5000  -45.0000  -22.5000 9509.5156   21.7098
    0.0000  -45.0000  -22.5000 9827.5137   21.7152
    7.5000  -45.0000  -22.5000 9259.0293   21.6779
   -7.5000  -37.5000  -22.500010161.5527   21.6741
    0.0000  -37.5000  -22.500010503.7842   21.6690
    7.5000  -37.5000  -22.5000 9907.8145   21.6237
   -7.5000  -30.0000  -22.500011133.7344   21.6352
    0.0000  -30.0000  -22.500011515.7070   21.6286
    7.5000  -30.0000  -22.500010895.2324   21.5908
   -7.5000  -22.5000  -22.500012157.0176   21.6349
    0.0000  -22.5000  -22.500012575.2207   21.6383
    7.5000  -22.5000  -22.500011897.4121   21.6171
   -7.5000  -15.0000  -22.500013047.5625   21.6694
    0.0000  -15.0000  -22.500013485.1592   21.6832
    7.5000  -15.0000  -22.500012730.3291   21.6709
   -7.5000   -7.5000  -22.500013867.7031   21.7023
    0.0000   -7.5000  -22.500014306.8018   21.7167
    7.5000   -7.5000  -22.500013495.2744   21.6960
   -7.5000    0.0000  -22.500014553.4766   21.7069
    0.0000    0.0000  -22.500015040.0186   21.7122
    7.5000    0.0000  -22.500014137.0293   21.6750
   -7.5000    7.5000  -22.500014067.1064   21.6741
    0.0000    7.5000  -22.500014556.1543   21.6690
    7.5000    7.5000  -22.500013659.1279   21.6237
   -7.5000   15.0000  -22.500013400.7432   21.6352
    0.0000   15.0000  -22.500013851.1650   21.6286
    7.5000   15.0000  -22.500013006.7949   21.5908
   -7.5000   22.5000  -22.500012702.8564   21.6282
    0.0000   22.5000  -22.500013123.2607   21.6316
    7.5000   22.5000  -22.500012349.9814   21.6105
   -7.5000   30.0000  -22.500011913.2158   21.3859
    0.0000   30.0000  -22.500012276.3848   21.3995
    7.5000   30.0000  -22.500011567.4385   21.3874
   -7.5000   37.5000  -22.500011437.5986   21.4184
    0.0000   37.5000  -22.500011777.7969   21.4327
    7.5000   37.5000  -22.500011077.3115   21.4122
   -7.5000   45.0000  -22.500010445.0850   20.9054
    0.0000   45.0000  -22.500010752.3027   20.9105
    7.5000   45.0000  -22.500010126.4355   20.8747
   -7.5000  -45.0000  -15.000010085.1367   22.2503
    0.0000  -45.0000  -15.000010428.9443   22.2353
    7.5000  -45.0000  -15.0000 9837.7344   22.1847
   -7.5000  -37.5000  -15.000010797.5645   22.2073
    0.0000  -37.5000  -15.000011168.3662   22.1856
    7.5000  -37.5000  -15.000010540.4736   22.1335
   -7.5000  -30.0000  -15.000011854.8408   22.1507
    0.0000  -30.0000  -15.000012270.5508   22.1296
    7.5000  -30.0000  -15.000011613.9639   22.0921
   -7.5000  -22.5000  -15.000012952.3545   22.1399
    0.0000  -22.5000  -15.000013384.2842   22.1259
    7.5000  -22.5000  -15.000012668.1709   22.1047
   -7.5000  -15.0000  -15.000013842.7773   22.1786
    0.0000  -15.0000  -15.000014304.3672   22.1708
    7.5000  -15.0000  -15.000013508.6016   22.1520
   -7.5000   -7.5000  -15.000014665.0576   22.2293
    0.0000   -7.5000  -15.000015189.1338   22.2211
    7.5000   -7.5000  -15.000014323.4580   22.1878
   -7.5000    0.0000  -15.000015399.6367   22.2473
    0.0000    0.0000  -15.000016010.4746   22.2323
    7.5000    0.0000  -15.000015056.2852   22.1817
   -7.5000    7.5000  -15.000014898.2295   22.2073
    0.0000    7.5000  -15.000015508.8213   22.1856
    7.5000    7.5000  -15.000014570.2266   22.1335
   -7.5000   15.0000  -15.000014172.6406   22.1507
    0.0000   15.0000  -15.000014739.3389   22.1296
    7.5000   15.0000  -15.000013877.2559   22.0921
   -7.5000   22.5000  -15.000013404.4199   22.1321
    0.0000   22.5000  -15.000013928.6299   22.1181
    7.5000   22.5000  -15.000013123.4736   22.0968
   -7.5000   30.0000  -15.000012600.7021   21.8916
    0.0000   30.0000  -15.000013026.6602   21.8839
    7.5000   30.0000  -15.000012291.0088   21.8653
   -7.5000   37.5000  -15.000012116.6113   21.9416
    0.0000   37.5000  -15.000012514.8281   21.9335
    7.5000   37.5000  -15.000011777.2705   21.9006
   -7.5000   45.0000  -15.000011069.8672   21.4388
    0.0000   45.0000  -15.000011432.4912   21.4243
    7.5000   45.0000  -15.000010756.5615   21.3756
   -7.5000  -45.0000   -7.500010676.1221   22.4911
    0.0000  -45.0000   -7.500011013.0459   22.4724
    7.5000  -45.0000   -7.500010407.4883   22.4145
   -7.5000  -37.5000   -7.500011412.2139   22.4483
    0.0000  -37.5000   -7.500011786.2031   22.4270
    7.5000  -37.5000   -7.500011159.0127   22.3730
   -7.5000  -30.0000   -7.500012560.9102   22.3822
    0.0000  -30.0000   -7.500012982.8545   22.3639
    7.5000  -30.0000   -7.500012301.4414   22.3289
   -7.5000  -22.5000   -7.500013780.4209   22.3604
    0.0000  -22.5000   -7.500014256.1533   22.3481
    7.5000  -22.5000   -7.500013438.9199   22.3280
   -7.5000  -15.0000   -7.500014729.6523   22.3953
    0.0000  -15.0000   -7.500015229.5859   22.3852
    7.5000  -15.0000   -7.500014347.0244   22.3634
   -7.5000   -7.5000   -7.500015472.1689   22.4568
    0.0000   -7.5000   -7.500016112.4434   22.4434
    7.5000   -7.5000   -7.500015207.6650   22.4029
   -7.5000    0.0000   -7.500016186.4160   22.4880
    0.0000    0.0000   -7.500016940.9160   22.4694
    7.5000    0.0000   -7.500016031.6943   22.4115
   -7.5000    7.5000   -7.500015700.6318   22.4483
    0.0000    7.5000   -7.500016435.9180   22.4270
    7.5000    7.5000   -7.500015549.9443   22.3730
   -7.5000   15.0000   -7.500014934.3799   22.3822
    0.0000   15.0000   -7.500015652.3301   22.3639
    7.5000   15.0000   -7.500014802.4482   22.3289
   -7.5000   22.5000   -7.500014154.5674   22.3501
    0.0000   22.5000   -7.500014780.6123   22.3378
    7.5000   22.5000   -7.500013987.8096   22.3177
   -7.5000   30.0000   -7.500013332.9980   22.1049
    0.0000   30.0000   -7.500013888.6289   22.0949
    7.5000   30.0000   -7.500013095.7344   22.0734
   -7.5000   37.5000   -7.500012854.8711   22.1656
    0.0000   37.5000   -7.500013365.4814   22.1524
    7.5000   37.5000   -7.500012548.7383   22.1124
   -7.5000   45.0000   -7.500011819.1738   21.6748
    0.0000   45.0000   -7.500012243.1719   21.6569
    7.5000   45.0000   -7.500011489.0117   21.6011
   -7.5000  -45.0000    0.000011125.1006   22.4997
    0.0000  -45.0000    0.000011476.7285   22.4953
    7.5000  -45.0000    0.000010863.3564   22.4414
   -7.5000  -37.5000    0.000011842.8145   22.4651
    0.0000  -37.5000    0.000012218.4541   22.4583
    7.5000  -37.5000    0.000011617.4307   22.4072
   -7.5000  -30.0000    0.000013028.7734   22.4063
    0.0000  -30.0000    0.000013446.9443   22.4030
    7.5000  -30.0000    0.000012804.3408   22.3683
   -7.5000  -22.5000    0.000014434.1641   22.3825
    0.0000  -22.5000    0.000014929.0674   22.3862
    7.5000  -22.5000    0.000014054.6250   22.3659
   -7.5000  -15.0000    0.000015630.0635   22.4090
    0.0000  -15.0000    0.000016253.0244   22.4151
    7.5000  -15.0000    0.000015241.0273   22.3950
   -7.5000   -7.5000    0.000016346.3789   22.4643
    0.0000   -7.5000    0.000017237.4492   22.4657
    7.5000   -7.5000    0.000016299.7441   22.4286
   -7.5000    0.0000    0.000016981.5293   22.4966
    0.0000    0.0000    0.000017956.0645   22.4922
    7.5000    0.0000    0.000017113.5918   22.4384
   -7.5000    7.5000    0.000016449.8262   22.4651
    0.0000    7.5000    0.000017361.5566   22.4583
    7.5000    7.5000    0.000016512.7988   22.4072
   -7.5000   15.0000    0.000015778.1787   22.4063
    0.0000   15.0000    0.000016552.6504   22.4030
    7.5000   15.0000    0.000015683.1338   22.3683
   -7.5000   22.5000    0.000014979.6650   22.3722
    0.0000   22.5000    0.000015666.1113   22.3759
    7.5000   22.5000    0.000014764.0654   22.3556
   -7.5000   30.0000    0.000014123.5947   22.1190
    0.0000   30.0000    0.000014716.9805   22.1251
    7.5000   30.0000    0.000013808.1270   22.1052
   -7.5000   37.5000    0.000013639.5908   22.1736
    0.0000   37.5000    0.000014165.5967   22.1749
    7.5000   37.5000    0.000013252.9951   22.1383
   -7.5000   45.0000    0.000012566.4561   21.6847
    0.0000   45.0000    0.000012975.3799   21.6805
    7.5000   45.0000    0.000012104.9717   21.6286
   -7.5000  -45.0000    7.500010723.9385   22.4975
    0.0000  -45.0000    7.500011097.7031   22.5135
    7.5000  -45.0000    7.500010519.5566   22.4690
   -7.5000  -37.5000    7.500011385.2930   22.4687
    0.0000  -37.5000    7.500011797.6973   22.4781
    7.5000  -37.5000    7.500011242.5684   22.4287
   -7.5000  -30.0000    7.500012436.3096   22.4259
    0.0000  -30.0000    7.500012887.3174   22.4366
    7.5000  -30.0000    7.500012373.2236   22.3966
   -7.5000  -22.5000    7.500013818.6553   22.4124
    0.0000  -22.5000    7.500014328.1240   22.4331
    7.5000  -22.5000    7.500013584.4375   22.4093
   -7.5000  -15.0000    7.500015350.1279   22.4363
    0.0000  -15.0000    7.500016107.7061   22.4642
    7.5000  -15.0000    7.500014893.1572   22.4477
   -7.5000   -7.5000    7.500016401.5137   22.4755
    0.0000   -7.5000    7.500017415.3770   22.5000
    7.5000   -7.5000    7.500016143.4307   22.4723
   -7.5000    0.0000    7.500016930.5098   22.4944
    0.0000    0.0000    7.500017767.6270   22.5104
    7.5000    0.0000    7.500016770.2793   22.4660
   -7.5000    7.5000    7.500016212.2607   22.4687
    0.0000    7.5000    7.500016875.7910   22.4781
    7.5000    7.5000    7.500015976.4229   22.4287
   -7.5000   15.0000    7.500015468.7148   22.4259
    0.0000   15.0000    7.500016027.1045   22.4366
    7.5000   15.0000    7.500015146.0020   22.3966
   -7.5000   22.5000    7.500014679.6064   22.4021
    0.0000   22.5000    7.500015187.0742   22.4228
    7.5000   22.5000    7.500014326.8350   22.3990
   -7.5000   30.0000    7.500013811.3672   22.1459
    0.0000   30.0000    7.500014265.8457   22.1735
    7.5000   30.0000    7.500013418.8174   22.1572
   -7.5000   37.5000    7.500013359.9463   22.1846
    0.0000   37.5000    7.500013734.3809   22.2088
    7.5000   37.5000    7.500012917.9922   22.1815
   -7.5000   45.0000    7.500012262.4199   21.6827
    0.0000   45.0000    7.500012573.1367   21.6981
    7.5000   45.0000    7.500011796.7598   21.6552
   -7.5000  -45.0000   15.000010130.0010   22.5407
    0.0000  -45.0000   15.000010541.4385   22.5631
    7.5000  -45.0000   15.0000 9988.3428   22.5269
   -7.5000  -37.5000   15.000010817.4033   22.5103
    0.0000  -37.5000   15.000011227.5010   22.5218
    7.5000  -37.5000   15.000010699.9404   22.4748
   -7.5000  -30.0000   15.000011886.3301   22.4768
    0.0000  -30.0000   15.000012299.3379   22.4872
    7.5000  -30.0000   15.000011819.6182   22.4454
   -7.5000  -22.5000   15.000013210.6572   22.4760
    0.0000  -22.5000   15.000013702.0635   22.4983
    7.5000  -22.5000   15.000013002.2080   22.4741
   -7.5000  -15.0000   15.000014670.9033   22.5050
    0.0000  -15.0000   15.000015257.8818   22.5389
    7.5000  -15.0000   15.000014196.7852   22.5266
   -7.5000   -7.5000   15.000015716.8896   22.5333
    0.0000   -7.5000   15.000016244.7988   22.5662
    7.5000   -7.5000   15.000015244.0391   22.5471
   -7.5000    0.0000   15.000016254.5332   22.5377
    0.0000    0.0000   15.000016678.8281   22.5601
    7.5000    0.0000   15.000015809.0918   22.5238
   -7.5000    7.5000   15.000015593.4258   22.5103
    0.0000    7.5000   15.000015967.1260   22.5218
    7.5000    7.5000   15.000015160.2803   22.4748
   -7.5000   15.0000   15.000014850.1699   22.4768
    0.0000   15.0000   15.000015251.6387   22.4872
    7.5000   15.0000   15.000014445.0029   22.4454
   -7.5000   22.5000   15.000014036.8877   22.4657
    0.0000   22.5000   15.000014439.5156   22.4879
    7.5000   22.5000   15.000013683.3115   22.4637
   -7.5000   30.0000   15.000013131.9473   22.2138
    0.0000   30.0000   15.000013495.0439   22.2472
    7.5000   30.0000   15.000012789.0117   22.2351
   -7.5000   37.5000   15.000012661.8838   22.2417
    0.0000   37.5000   15.000012991.0674   22.2742
    7.5000   37.5000   15.000012307.4902   22.2553
   -7.5000   45.0000   15.000011613.6465   21.7243
    0.0000   45.0000   15.000011922.3359   21.7460
    7.5000   45.0000   15.000011268.5977   21.7110
   -7.5000  -45.0000   22.5000 9568.1777   22.6136
    0.0000  -45.0000   22.5000 9906.4502   22.6190
    7.5000  -45.0000   22.5000 9435.5244   22.5795
   -7.5000  -37.5000   22.500010243.6328   22.5762
    0.0000  -37.5000   22.500010571.7783   22.5707
    7.5000  -37.5000   22.500010116.0137   22.5229
   -7.5000  -30.0000   22.500011294.1943   22.5353
    0.0000  -30.0000   22.500011653.5430   22.5284
    7.5000  -30.0000   22.500011151.4053   22.4885
   -7.5000  -22.5000   22.500012498.1631   22.5349
    0.0000  -22.5000   22.500012943.2861   22.5383
    7.5000  -22.5000   22.500012270.1602   22.5159
   -7.5000  -15.0000   22.500013698.8340   22.5710
    0.0000  -15.0000   22.500014165.7363   22.5852
    7.5000  -15.0000   22.500013311.3447   22.5721
   -7.5000   -7.5000   22.500014520.2373   22.6057
    0.0000   -7.5000   22.500014887.1631   22.6205
    7.5000   -7.5000   22.500014142.5459   22.5983
   -7.5000    0.0000   22.500015078.4561   22.6105
    0.0000    0.0000   22.500015432.6641   22.6159
    7.5000    0.0000   22.500014670.0635   22.5765
   -7.5000    7.5000   22.500014591.7656   22.5762
    0.0000    7.5000   22.500015052.5488   22.5707
    7.5000    7.5000   22.500014249.7412   22.5229
   -7.5000   15.0000   22.500013944.7656   22.5353
    0.0000   15.0000   22.500014427.7568   22.5284
    7.5000   15.0000   22.500013660.0566   22.4885
   -7.5000   22.5000   22.500013196.9893   22.5245
    0.0000   22.5000   22.500013651.8809   22.5279
    7.5000   22.5000   22.500012966.5430   22.5056
   -7.5000   30.0000   22.500012334.2275   22.2789
    0.0000   30.0000   22.500012718.4658   22.2930
    7.5000   30.0000   22.500012089.8018   22.2799
   -7.5000   37.5000   22.500011860.8564   22.3131
    0.0000   37.5000   22.500012196.4824   22.3277
    7.5000   37.5000   22.500011587.9121   22.3058
   -7.5000   45.0000   22.500010859.7930   21.7945
    0.0000   45.0000   22.500011174.4697   21.7997
    7.5000   45.0000   22.500010607.8750   21.7617
   -7.5000  -45.0000   30.0000 8959.5479   22.8752
    0.0000  -45.0000   30.0000 9268.7803   22.8592
    7.5000  -45.0000   30.0000 8793.4795   22.8055
   -7.5000  -37.5000   30.0000 9590.3369   22.8309
    0.0000  -37.5000   30.0000 9899.6572   22.8079
    7.5000  -37.5000   30.0000 9412.1445   22.7526
   -7.5000  -30.0000   30.000010561.8760   22.7723
    0.0000  -30.0000   30.000010883.9434   22.7500
    7.5000  -30.0000   30.000010369.2080   22.7101
   -7.5000  -22.5000   30.000011647.5820   22.7608
    0.0000  -22.5000   30.000012076.9473   22.7461
    7.5000  -22.5000   30.000011405.9854   22.7233
   -7.5000  -15.0000   30.000012663.8535   22.8007
    0.0000  -15.0000   30.000013065.7725   22.7923
    7.5000  -15.0000   30.000012348.4375   22.7721
   -7.5000   -7.5000   30.000013372.8389   22.8532
    0.0000   -7.5000   30.000013719.1582   22.8443
    7.5000   -7.5000   30.000013059.8984   22.8088
   -7.5000    0.0000   30.000013939.6953   22.8720
    0.0000    0.0000   30.000014347.2480   22.8560
    7.5000    0.0000   30.000013669.9873   22.8023
   -7.5000    7.5000   30.000013521.3584   22.8309
    0.0000    7.5000   30.000013982.7549   22.8079
    7.5000    7.5000   30.000013308.6348   22.7526
   -7.5000   15.0000   30.000012973.7939   22.7723
    0.0000   15.0000   30.000013401.3574   22.7500
    7.5000   15.0000   30.000012759.3564   22.7101
   -7.5000   22.5000   30.000012292.7666   22.7504
    0.0000   22.5000   30.000012691.0820   22.7356
    7.5000   22.5000   30.000012117.0938   22.7128
   -7.5000   30.0000   30.000011469.9551   22.5056
    0.0000   30.0000   30.000011837.6484   22.4974
    7.5000   30.0000   30.000011301.8262   22.4774
   -7.5000   37.5000   30.000011016.2393   22.5574
    0.0000   37.5000   30.000011354.6992   22.5487
    7.5000   37.5000   30.000010798.9766   22.5136
   -7.5000   45.0000   30.000010088.4766   22.0466
    0.0000   45.0000   30.000010394.0752   22.0312
    7.5000   45.0000   30.0000 9885.0938   21.9794
   -7.5000  -45.0000   37.5000 8640.1729   23.2681
    0.0000  -45.0000   37.5000 8955.6670   23.2481
    7.5000  -45.0000   37.5000 8473.4033   23.1869
   -7.5000  -37.5000   37.5000 9235.4062   23.2235
    0.0000  -37.5000   37.5000 9542.0547   23.2007
    7.5000  -37.5000   37.5000 9055.2822   23.1435
   -7.5000  -30.0000   37.500010143.8057   23.1531
    0.0000  -30.0000   37.500010470.4189   23.1337
    7.5000  -30.0000   37.5000 9973.7432   23.0966
   -7.5000  -22.5000   37.500011186.7080   23.1289
    0.0000  -22.5000   37.500011590.2920   23.1157
    7.5000  -22.5000   37.500010973.5303   23.0947
   -7.5000  -15.0000   37.500012087.4365   23.1653
    0.0000  -15.0000   37.500012486.8711   23.1542
    7.5000  -15.0000   37.500011840.3398   23.1314
   -7.5000   -7.5000   37.500012768.1914   23.2308
    0.0000   -7.5000   37.500013159.3467   23.2162
    7.5000   -7.5000   37.500012529.5723   23.1736
   -7.5000    0.0000   37.500013338.8701   23.2648
    0.0000    0.0000   37.500013783.3076   23.2448
    7.5000    0.0000   37.500013144.6064   23.1836
   -7.5000    7.5000   37.500012917.6201   23.2235
    0.0000    7.5000   37.500013377.5703   23.2007
    7.5000    7.5000   37.500012782.3213   23.1435
   -7.5000   15.0000   37.500012409.0479   23.1531
    0.0000   15.0000   37.500012822.4258   23.1337
    7.5000   15.0000   37.500012254.3594   23.0966
   -7.5000   22.5000   37.500011806.5010   23.1183
    0.0000   22.5000   37.500012180.6270   23.1051
    7.5000   22.5000   37.500011635.6787   23.0840
   -7.5000   30.0000   37.500011024.0186   22.8655
    0.0000   30.0000   37.500011383.3564   22.8546
    7.5000   30.0000   37.500010876.3906   22.8321
   -7.5000   37.5000   37.500010584.1553   22.9302
    0.0000   37.5000   37.500010919.0518   22.9157
    7.5000   37.5000   37.500010425.2002   22.8737
   -7.5000   45.0000   37.5000 9681.6436   22.4253
    0.0000   45.0000   37.5000 9975.5605   22.4060
    7.5000   45.0000   37.5000 9528.7129   22.3470
   -7.5000  -45.0000   45.0000 7932.0508   23.7292
    0.0000  -45.0000   45.0000 8238.7100   23.7284
    7.5000  -45.0000   45.0000 7783.0610   23.6663
   -7.5000  -37.5000   45.0000 8482.8682   23.6924
    0.0000  -37.5000   45.0000 8765.6045   23.6888
    7.5000  -37.5000   45.0000 8299.1621   23.6290
   -7.5000  -30.0000   45.0000 9313.4619   23.6262
    0.0000  -30.0000   45.0000 9658.8877   23.6270
    7.5000  -30.0000   45.0000 9152.4766   23.5857
   -7.5000  -22.5000   45.000010232.6504   23.5970
    0.0000  -22.5000   45.000010661.8311   23.6064
    7.5000  -22.5000   45.000010085.1162   23.5820
   -7.5000  -15.0000   45.000011074.8330   23.6247
    0.0000  -15.0000   45.000011474.5156   23.6369
    7.5000  -15.0000   45.000010864.7441   23.6134
   -7.5000   -7.5000   45.000011715.8242   23.6872
    0.0000   -7.5000   45.000012121.9121   23.6936
    7.5000   -7.5000   45.000011504.7705   23.6509
   -7.5000    0.0000   45.000012249.8770   23.7257
    0.0000    0.0000   45.000012686.6992   23.7250
    7.5000    0.0000   45.000012064.3350   23.6628
   -7.5000    7.5000   45.000011859.9277   23.6924
    0.0000    7.5000   45.000012279.2764   23.6888
    7.5000    7.5000   45.000011704.9932   23.6290
   -7.5000   15.0000   45.000011397.6807   23.6262
    0.0000   15.0000   45.000011778.5068   23.6270
    7.5000   15.0000   45.000011256.4189   23.5857
   -7.5000   22.5000   45.000010858.8262   23.5861
    0.0000   22.5000   45.000011230.4473   23.5954
    7.5000   22.5000   45.000010706.3750   23.5711
   -7.5000   30.0000   45.000010133.0537   23.3169
    0.0000   30.0000   45.000010501.2734   23.3289
    7.5000   30.0000   45.000010012.0654   23.3058
   -7.5000   37.5000   45.0000 9725.8145   23.3786
    0.0000   37.5000   45.000010053.3672   23.3849
    7.5000   37.5000   45.0000 9573.0781   23.3428
   -7.5000   45.0000   45.0000 8883.0508   22.8799
    0.0000   45.0000   45.0000 9195.9717   22.8792
    7.5000   45.0000   45.0000 8739.5293   22.8193

---------------------------------------------------------------------
imgreg_4dfp /opt/freesurfer/average/711-2C_as_mni_average_305 /opt/freesurfer/average/711-2B_as_mni_average_305_mask talsrcimg_g11 none talsrcimg_to_711-2C_as_mni_average_305_t4 4355
---------------------------------------------------------------------

freesurfer imgreg_4dfp.c
/opt/freesurfer/average/711-2C_as_mni_average_305.4dfp.img
       256       256       256         1
  1.000000  1.000000  1.000000
orientation T byte_order littleendian
Reading image: /opt/freesurfer/average/711-2C_as_mni_average_305.4dfp.img
dimensions:      256       256       256
mmppix:       1.0000   -1.0000   -1.0000
center:     128.0000 -129.0000 -129.0000
/opt/freesurfer/average/711-2B_as_mni_average_305_mask.4dfp.img
       256       256       256         1
  1.000000  1.000000  1.000000
orientation T byte_order littleendian
Reading mask: /opt/freesurfer/average/711-2B_as_mni_average_305_mask.4dfp.img (2306576 pixels)
talsrcimg_g11.4dfp.img
       256       256       256         1
  1.000000  1.000000  1.000000
orientation T byte_order littleendian
Reading image: talsrcimg_g11.4dfp.img
dimensions:      256       256       256
mmppix:       1.0000   -1.0000   -1.0000
center:     128.0000 -129.0000 -129.0000
rotation matrix determinant  1.000000
image alignment mode   4355 decimal     1103 hex
   -7.5000  -45.0000  -45.0000 2135.7268   23.8029
    0.0000  -45.0000  -45.0000 2124.1284   24.0334
    7.5000  -45.0000  -45.0000 2099.3018   24.4873
   -7.5000  -37.5000  -45.0000 2241.3989   21.7348
    0.0000  -37.5000  -45.0000 2226.4502   21.9025
    7.5000  -37.5000  -45.0000 2202.2175   22.3360
   -7.5000  -30.0000  -45.0000 2314.1401   20.1976
    0.0000  -30.0000  -45.0000 2300.3755   20.3772
    7.5000  -30.0000  -45.0000 2275.7126   20.7659
   -7.5000  -22.5000  -45.0000 2359.6416   19.1500
    0.0000  -22.5000  -45.0000 2347.1721   19.2800
    7.5000  -22.5000  -45.0000 2320.2698   19.6944
   -7.5000  -15.0000  -45.0000 2388.6985   18.5258
    0.0000  -15.0000  -45.0000 2372.6997   18.6057
    7.5000  -15.0000  -45.0000 2343.8123   19.0533
   -7.5000   -7.5000  -45.0000 2397.3154   18.2948
    0.0000   -7.5000  -45.0000 2382.6194   18.3289
    7.5000   -7.5000  -45.0000 2353.4360   18.7793
   -7.5000    0.0000  -45.0000 2395.7544   18.3786
    0.0000    0.0000  -45.0000 2383.7546   18.4044
    7.5000    0.0000  -45.0000 2346.9907   18.7954
   -7.5000    7.5000  -45.0000 2373.8701   18.6863
    0.0000    7.5000  -45.0000 2359.0669   18.7136
    7.5000    7.5000  -45.0000 2325.8892   19.1182
   -7.5000   15.0000  -45.0000 2320.3997   19.3667
    0.0000   15.0000  -45.0000 2310.5115   19.3767
    7.5000   15.0000  -45.0000 2277.0854   19.7901
   -7.5000   22.5000  -45.0000 2255.6960   20.3714
    0.0000   22.5000  -45.0000 2243.1531   20.4044
    7.5000   22.5000  -45.0000 2213.2483   20.8547
   -7.5000   30.0000  -45.0000 2174.6802   21.8412
    0.0000   30.0000  -45.0000 2158.2175   21.8922
    7.5000   30.0000  -45.0000 2128.7654   22.4035
   -7.5000   37.5000  -45.0000 2068.0173   23.8453
    0.0000   37.5000  -45.0000 2054.0710   23.9686
    7.5000   37.5000  -45.0000 2028.1836   24.4952
   -7.5000   45.0000  -45.0000 1951.6730   26.6703
    0.0000   45.0000  -45.0000 1941.5577   26.7279
    7.5000   45.0000  -45.0000 1916.4142   27.2150
   -7.5000  -45.0000  -37.5000 2212.7104   22.4570
    0.0000  -45.0000  -37.5000 2203.4180   22.6655
    7.5000  -45.0000  -37.5000 2176.5889   23.0853
   -7.5000  -37.5000  -37.5000 2318.0479   20.4207
    0.0000  -37.5000  -37.5000 2306.0938   20.5498
    7.5000  -37.5000  -37.5000 2275.5188   20.9566
   -7.5000  -30.0000  -37.5000 2403.9458   18.8923
    0.0000  -30.0000  -37.5000 2389.4792   19.0015
    7.5000  -30.0000  -37.5000 2357.4224   19.4284
   -7.5000  -22.5000  -37.5000 2453.3540   17.8910
    0.0000  -22.5000  -37.5000 2435.9482   18.0005
    7.5000  -22.5000  -37.5000 2408.3203   18.4226
   -7.5000  -15.0000  -37.5000 2484.3181   17.2647
    0.0000  -15.0000  -37.5000 2467.7375   17.3579
    7.5000  -15.0000  -37.5000 2440.0974   17.7668
   -7.5000   -7.5000  -37.5000 2500.1965   16.9870
    0.0000   -7.5000  -37.5000 2484.8962   17.0210
    7.5000   -7.5000  -37.5000 2451.5979   17.4508
   -7.5000    0.0000  -37.5000 2502.9705   17.0163
    0.0000    0.0000  -37.5000 2483.3110   17.0129
    7.5000    0.0000  -37.5000 2445.5569   17.4326
   -7.5000    7.5000  -37.5000 2473.2100   17.3089
    0.0000    7.5000  -37.5000 2455.4292   17.3157
    7.5000    7.5000  -37.5000 2419.3696   17.7006
   -7.5000   15.0000  -37.5000 2420.9714   17.9345
    0.0000   15.0000  -37.5000 2406.9363   17.9102
    7.5000   15.0000  -37.5000 2369.2288   18.3342
   -7.5000   22.5000  -37.5000 2349.1877   18.8201
    0.0000   22.5000  -37.5000 2336.8396   18.8218
    7.5000   22.5000  -37.5000 2304.3186   19.2703
   -7.5000   30.0000  -37.5000 2262.8967   20.1321
    0.0000   30.0000  -37.5000 2250.7876   20.1554
    7.5000   30.0000  -37.5000 2218.2178   20.6308
   -7.5000   37.5000  -37.5000 2157.0129   21.9976
    0.0000   37.5000  -37.5000 2143.8066   22.0768
    7.5000   37.5000  -37.5000 2112.3889   22.5458
   -7.5000   45.0000  -37.5000 2027.9744   24.5435
    0.0000   45.0000  -37.5000 2024.7955   24.5981
    7.5000   45.0000  -37.5000 1993.2513   24.9990
   -7.5000  -45.0000  -30.0000 2321.3914   21.9325
    0.0000  -45.0000  -30.0000 2310.8633   22.0982
    7.5000  -45.0000  -30.0000 2276.9478   22.5877
   -7.5000  -37.5000  -30.0000 2432.0408   19.9335
    0.0000  -37.5000  -30.0000 2422.1704   20.0479
    7.5000  -37.5000  -30.0000 2385.2998   20.5032
   -7.5000  -30.0000  -30.0000 2523.1345   18.4156
    0.0000  -30.0000  -30.0000 2509.6516   18.4425
    7.5000  -30.0000  -30.0000 2470.9229   18.8763
   -7.5000  -22.5000  -30.0000 2582.7754   17.3636
    0.0000  -22.5000  -30.0000 2570.9404   17.3894
    7.5000  -22.5000  -30.0000 2536.5142   17.7995
   -7.5000  -15.0000  -30.0000 2620.1121   16.7325
    0.0000  -15.0000  -30.0000 2610.8586   16.7593
    7.5000  -15.0000  -30.0000 2576.1482   17.1442
   -7.5000   -7.5000  -30.0000 2638.1702   16.4423
    0.0000   -7.5000  -30.0000 2624.2966   16.4521
    7.5000   -7.5000  -30.0000 2591.1223   16.8309
   -7.5000    0.0000  -30.0000 2643.3103   16.4579
    0.0000    0.0000  -30.0000 2625.0764   16.4399
    7.5000    0.0000  -30.0000 2584.4202   16.8195
   -7.5000    7.5000  -30.0000 2613.6162   16.6835
    0.0000    7.5000  -30.0000 2598.4031   16.7166
    7.5000    7.5000  -30.0000 2562.1223   17.0567
   -7.5000   15.0000  -30.0000 2559.4973   17.2382
    0.0000   15.0000  -30.0000 2547.4106   17.2333
    7.5000   15.0000  -30.0000 2508.8474   17.6267
   -7.5000   22.5000  -30.0000 2481.6753   18.0648
    0.0000   22.5000  -30.0000 2477.6692   18.0933
    7.5000   22.5000  -30.0000 2442.8411   18.4995
   -7.5000   30.0000  -30.0000 2388.2561   19.2618
    0.0000   30.0000  -30.0000 2384.6987   19.3187
    7.5000   30.0000  -30.0000 2349.4053   19.7848
   -7.5000   37.5000  -30.0000 2273.5630   21.0232
    0.0000   37.5000  -30.0000 2270.6931   21.0900
    7.5000   37.5000  -30.0000 2236.2583   21.5650
   -7.5000   45.0000  -30.0000 2136.9402   23.4354
    0.0000   45.0000  -30.0000 2138.7085   23.4438
    7.5000   45.0000  -30.0000 2106.1616   23.9263
   -7.5000  -45.0000  -22.5000 2401.7927   21.4208
    0.0000  -45.0000  -22.5000 2392.9348   21.5623
    7.5000  -45.0000  -22.5000 2350.6135   22.1042
   -7.5000  -37.5000  -22.5000 2519.9443   19.4187
    0.0000  -37.5000  -22.5000 2509.9441   19.5227
    7.5000  -37.5000  -22.5000 2464.6975   20.0132
   -7.5000  -30.0000  -22.5000 2613.5137   17.8627
    0.0000  -30.0000  -22.5000 2599.6301   17.9055
    7.5000  -30.0000  -22.5000 2556.3721   18.3364
   -7.5000  -22.5000  -22.5000 2689.0266   16.7687
    0.0000  -22.5000  -22.5000 2676.0347   16.7530
    7.5000  -22.5000  -22.5000 2635.2019   17.1403
   -7.5000  -15.0000  -22.5000 2728.9963   16.0840
    0.0000  -15.0000  -22.5000 2721.1870   16.0674
    7.5000  -15.0000  -22.5000 2679.6763   16.4152
   -7.5000   -7.5000  -22.5000 2750.1135   15.7397
    0.0000   -7.5000  -22.5000 2739.1494   15.7603
    7.5000   -7.5000  -22.5000 2703.2947   16.0807
   -7.5000    0.0000  -22.5000 2750.7737   15.7564
    0.0000    0.0000  -22.5000 2739.5303   15.7774
    7.5000    0.0000  -22.5000 2700.3523   16.0917
   -7.5000    7.5000  -22.5000 2726.5625   15.9724
    0.0000    7.5000  -22.5000 2715.0554   16.0301
    7.5000    7.5000  -22.5000 2676.0925   16.3136
   -7.5000   15.0000  -22.5000 2673.8411   16.4688
    0.0000   15.0000  -22.5000 2660.5234   16.5124
    7.5000   15.0000  -22.5000 2624.7612   16.8695
   -7.5000   22.5000  -22.5000 2591.4475   17.2427
    0.0000   22.5000  -22.5000 2587.5146   17.2790
    7.5000   22.5000  -22.5000 2555.8210   17.6566
   -7.5000   30.0000  -22.5000 2490.4780   18.3967
    0.0000   30.0000  -22.5000 2489.0635   18.4351
    7.5000   30.0000  -22.5000 2456.3899   18.9140
   -7.5000   37.5000  -22.5000 2377.1250   20.1138
    0.0000   37.5000  -22.5000 2374.0237   20.1117
    7.5000   37.5000  -22.5000 2342.0476   20.5840
   -7.5000   45.0000  -22.5000 2231.1589   22.4089
    0.0000   45.0000  -22.5000 2231.1497   22.3345
    7.5000   45.0000  -22.5000 2206.0222   22.8423
   -7.5000  -45.0000  -15.0000 2442.5835   20.9563
    0.0000  -45.0000  -15.0000 2428.8577   21.0103
    7.5000  -45.0000  -15.0000 2385.6443   21.5778
   -7.5000  -37.5000  -15.0000 2563.9722   18.9314
    0.0000  -37.5000  -15.0000 2550.0312   18.9934
    7.5000  -37.5000  -15.0000 2507.7100   19.4972
   -7.5000  -30.0000  -15.0000 2663.0088   17.3195
    0.0000  -30.0000  -15.0000 2649.4238   17.4058
    7.5000  -30.0000  -15.0000 2604.7351   17.8326
   -7.5000  -22.5000  -15.0000 2747.5862   16.1496
    0.0000  -22.5000  -15.0000 2731.8301   16.1834
    7.5000  -22.5000  -15.0000 2690.6023   16.5832
   -7.5000  -15.0000  -15.0000 2797.6001   15.3872
    0.0000  -15.0000  -15.0000 2783.9919   15.4001
    7.5000  -15.0000  -15.0000 2740.9143   15.7591
   -7.5000   -7.5000  -15.0000 2828.6990   14.9619
    0.0000   -7.5000  -15.0000 2815.4792   15.0207
    7.5000   -7.5000  -15.0000 2772.5740   15.3832
   -7.5000    0.0000  -15.0000 2829.3669   14.9699
    0.0000    0.0000  -15.0000 2822.6360   15.0540
    7.5000    0.0000  -15.0000 2779.0713   15.4058
   -7.5000    7.5000  -15.0000 2802.9626   15.2503
    0.0000    7.5000  -15.0000 2798.2883   15.3078
    7.5000    7.5000  -15.0000 2755.7141   15.6263
   -7.5000   15.0000  -15.0000 2746.7573   15.7474
    0.0000   15.0000  -15.0000 2741.6863   15.7920
    7.5000   15.0000  -15.0000 2710.5906   16.1721
   -7.5000   22.5000  -15.0000 2672.0559   16.4858
    0.0000   22.5000  -15.0000 2666.8044   16.5177
    7.5000   22.5000  -15.0000 2635.6636   16.9316
   -7.5000   30.0000  -15.0000 2565.4819   17.6170
    0.0000   30.0000  -15.0000 2561.5994   17.6222
    7.5000   30.0000  -15.0000 2534.2852   18.1176
   -7.5000   37.5000  -15.0000 2448.8137   19.2749
    0.0000   37.5000  -15.0000 2450.6135   19.2199
    7.5000   37.5000  -15.0000 2416.6760   19.7425
   -7.5000   45.0000  -15.0000 2296.3296   21.4820
    0.0000   45.0000  -15.0000 2298.2058   21.4235
    7.5000   45.0000  -15.0000 2271.0225   21.9341
   -7.5000  -45.0000   -7.5000 2453.3948   20.4327
    0.0000  -45.0000   -7.5000 2439.7341   20.5453
    7.5000  -45.0000   -7.5000 2396.8940   21.1325
   -7.5000  -37.5000   -7.5000 2579.6040   18.4093
    0.0000  -37.5000   -7.5000 2565.7830   18.4851
    7.5000  -37.5000   -7.5000 2523.8164   19.0352
   -7.5000  -30.0000   -7.5000 2687.7756   16.8263
    0.0000  -30.0000   -7.5000 2668.0205   16.9030
    7.5000  -30.0000   -7.5000 2627.2998   17.4055
   -7.5000  -22.5000   -7.5000 2779.1567   15.6339
    0.0000  -22.5000   -7.5000 2762.1038   15.7301
    7.5000  -22.5000   -7.5000 2722.4646   16.1553
   -7.5000  -15.0000   -7.5000 2845.0647   14.7853
    0.0000  -15.0000   -7.5000 2828.9270   14.8662
    7.5000  -15.0000   -7.5000 2782.7354   15.2738
   -7.5000   -7.5000   -7.5000 2875.3606   14.2293
    0.0000   -7.5000   -7.5000 2867.3550   14.3667
    7.5000   -7.5000   -7.5000 2812.4741   14.8457
   -7.5000    0.0000   -7.5000 2876.8152   14.1990
    0.0000    0.0000   -7.5000 2871.3059   14.3540
    7.5000    0.0000   -7.5000 2828.3450   14.8569
   -7.5000    7.5000   -7.5000 2849.4504   14.5511
    0.0000    7.5000   -7.5000 2849.2229   14.6523
    7.5000    7.5000   -7.5000 2808.3252   15.1181
   -7.5000   15.0000   -7.5000 2792.3086   15.0601
    0.0000   15.0000   -7.5000 2797.2576   15.1525
    7.5000   15.0000   -7.5000 2765.2468   15.5879
   -7.5000   22.5000   -7.5000 2720.8992   15.8036
    0.0000   22.5000   -7.5000 2721.0190   15.8834
    7.5000   22.5000   -7.5000 2694.0967   16.3485
   -7.5000   30.0000   -7.5000 2615.4863   16.8914
    0.0000   30.0000   -7.5000 2616.2600   16.9421
    7.5000   30.0000   -7.5000 2589.8826   17.4477
   -7.5000   37.5000   -7.5000 2492.4055   18.5141
    0.0000   37.5000   -7.5000 2497.0383   18.5532
    7.5000   37.5000   -7.5000 2464.1587   19.0458
   -7.5000   45.0000   -7.5000 2344.3335   20.6679
    0.0000   45.0000   -7.5000 2346.4734   20.7026
    7.5000   45.0000   -7.5000 2317.8245   21.1788
   -7.5000  -45.0000    0.0000 2436.4829   20.1557
    0.0000  -45.0000    0.0000 2425.0430   20.2232
    7.5000  -45.0000    0.0000 2385.8767   20.9307
   -7.5000  -37.5000    0.0000 2569.5310   18.0951
    0.0000  -37.5000    0.0000 2552.9546   18.1629
    7.5000  -37.5000    0.0000 2512.1260   18.7888
   -7.5000  -30.0000    0.0000 2681.3455   16.4951
    0.0000  -30.0000    0.0000 2665.4084   16.5558
    7.5000  -30.0000    0.0000 2626.0330   17.1532
   -7.5000  -22.5000    0.0000 2783.3118   15.3816
    0.0000  -22.5000    0.0000 2769.7671   15.4539
    7.5000  -22.5000    0.0000 2731.0601   15.9546
   -7.5000  -15.0000    0.0000 2862.7871   14.6143
    0.0000  -15.0000    0.0000 2859.4099   14.7399
    7.5000  -15.0000    0.0000 2814.0466   15.1649
   -7.5000   -7.5000    0.0000 2889.1638   13.9865
    0.0000   -7.5000    0.0000 2893.5339   14.2240
    7.5000   -7.5000    0.0000 2849.6868   14.7513
   -7.5000    0.0000    0.0000 2886.4575   13.7701
    0.0000    0.0000    0.0000 2892.6296   14.0266
    7.5000    0.0000    0.0000 2859.2012   14.6097
   -7.5000    7.5000    0.0000 2858.6226   14.0991
    0.0000    7.5000    0.0000 2876.0083   14.2695
    7.5000    7.5000    0.0000 2836.1897   14.7431
   -7.5000   15.0000    0.0000 2811.7390   14.5852
    0.0000   15.0000    0.0000 2827.9910   14.7205
    7.5000   15.0000    0.0000 2792.8306   15.1341
   -7.5000   22.5000    0.0000 2742.3760   15.3695
    0.0000   22.5000    0.0000 2755.3630   15.4486
    7.5000   22.5000    0.0000 2726.4973   15.8738
   -7.5000   30.0000    0.0000 2640.8669   16.5177
    0.0000   30.0000    0.0000 2648.1382   16.5972
    7.5000   30.0000    0.0000 2616.2571   17.0067
   -7.5000   37.5000    0.0000 2520.3682   18.1413
    0.0000   37.5000    0.0000 2524.5508   18.1726
    7.5000   37.5000    0.0000 2491.3472   18.5733
   -7.5000   45.0000    0.0000 2375.7600   20.2718
    0.0000   45.0000    0.0000 2377.7249   20.2615
    7.5000   45.0000    0.0000 2345.5076   20.6398
   -7.5000  -45.0000    7.5000 2412.1411   20.2251
    0.0000  -45.0000    7.5000 2404.1409   20.2661
    7.5000  -45.0000    7.5000 2364.7944   21.0458
   -7.5000  -37.5000    7.5000 2543.7385   18.0961
    0.0000  -37.5000    7.5000 2531.5981   18.1342
    7.5000  -37.5000    7.5000 2496.2634   18.8531
   -7.5000  -30.0000    7.5000 2659.3167   16.4601
    0.0000  -30.0000    7.5000 2649.9729   16.5236
    7.5000  -30.0000    7.5000 2619.3293   17.1962
   -7.5000  -22.5000    7.5000 2762.5854   15.3860
    0.0000  -22.5000    7.5000 2759.3667   15.4359
    7.5000  -22.5000    7.5000 2732.2554   16.0040
   -7.5000  -15.0000    7.5000 2858.8354   14.7945
    0.0000  -15.0000    7.5000 2864.5647   14.8470
    7.5000  -15.0000    7.5000 2827.9263   15.2676
   -7.5000   -7.5000    7.5000 2907.9771   14.3807
    0.0000   -7.5000    7.5000 2926.5835   14.5388
    7.5000   -7.5000    7.5000 2876.5051   14.8908
   -7.5000    0.0000    7.5000 2903.1909   13.9682
    0.0000    0.0000    7.5000 2917.3062   14.1235
    7.5000    0.0000    7.5000 2878.5396   14.6460
   -7.5000    7.5000    7.5000 2865.9480   14.0087
    0.0000    7.5000    7.5000 2880.3398   14.0196
    7.5000    7.5000    7.5000 2844.5369   14.5163
   -7.5000   15.0000    7.5000 2819.2139   14.4382
    0.0000   15.0000    7.5000 2828.3635   14.3448
    7.5000   15.0000    7.5000 2799.6780   14.8454
   -7.5000   22.5000    7.5000 2750.0566   15.2376
    0.0000   22.5000    7.5000 2762.1052   15.2015
    7.5000   22.5000    7.5000 2735.9875   15.6552
   -7.5000   30.0000    7.5000 2647.7305   16.4363
    0.0000   30.0000    7.5000 2653.1411   16.4263
    7.5000   30.0000    7.5000 2624.4106   16.8506
   -7.5000   37.5000    7.5000 2531.4602   18.0626
    0.0000   37.5000    7.5000 2530.1423   18.0187
    7.5000   37.5000    7.5000 2502.3757   18.4148
   -7.5000   45.0000    7.5000 2386.6165   20.1513
    0.0000   45.0000    7.5000 2386.2256   20.0450
    7.5000   45.0000    7.5000 2357.8745   20.4562
   -7.5000  -45.0000   15.0000 2369.2112   20.6217
    0.0000  -45.0000   15.0000 2361.9329   20.6372
    7.5000  -45.0000   15.0000 2334.6602   21.4431
   -7.5000  -37.5000   15.0000 2500.5137   18.5307
    0.0000  -37.5000   15.0000 2489.9578   18.5271
    7.5000  -37.5000   15.0000 2464.7151   19.2469
   -7.5000  -30.0000   15.0000 2621.1680   16.9561
    0.0000  -30.0000   15.0000 2610.0928   16.9215
    7.5000  -30.0000   15.0000 2591.2605   17.5690
   -7.5000  -22.5000   15.0000 2732.5012   15.8763
    0.0000  -22.5000   15.0000 2724.4502   15.7902
    7.5000  -22.5000   15.0000 2706.4380   16.3674
   -7.5000  -15.0000   15.0000 2834.7090   15.2500
    0.0000  -15.0000   15.0000 2831.1006   15.1666
    7.5000  -15.0000   15.0000 2802.8813   15.6071
   -7.5000   -7.5000   15.0000 2896.1372   14.7800
    0.0000   -7.5000   15.0000 2905.8513   14.7391
    7.5000   -7.5000   15.0000 2862.1689   15.0887
   -7.5000    0.0000   15.0000 2903.1885   14.3617
    0.0000    0.0000   15.0000 2897.7800   14.2234
    7.5000    0.0000   15.0000 2863.4543   14.7460
   -7.5000    7.5000   15.0000 2872.5371   14.3251
    0.0000    7.5000   15.0000 2861.5955   14.1253
    7.5000    7.5000   15.0000 2835.1367   14.6390
   -7.5000   15.0000   15.0000 2818.4980   14.6576
    0.0000   15.0000   15.0000 2818.2937   14.5375
    7.5000   15.0000   15.0000 2789.9258   14.9550
   -7.5000   22.5000   15.0000 2742.1260   15.4145
    0.0000   22.5000   15.0000 2745.1592   15.3196
    7.5000   22.5000   15.0000 2724.4895   15.7346
   -7.5000   30.0000   15.0000 2635.1887   16.6148
    0.0000   30.0000   15.0000 2632.5354   16.5276
    7.5000   30.0000   15.0000 2617.2664   16.9602
   -7.5000   37.5000   15.0000 2515.6746   18.2090
    0.0000   37.5000   15.0000 2510.8984   18.1267
    7.5000   37.5000   15.0000 2490.8540   18.5494
   -7.5000   45.0000   15.0000 2373.7625   20.2410
    0.0000   45.0000   15.0000 2372.8562   20.1293
    7.5000   45.0000   15.0000 2350.8230   20.5276
   -7.5000  -45.0000   22.5000 2323.8120   21.3825
    0.0000  -45.0000   22.5000 2320.4543   21.2542
    7.5000  -45.0000   22.5000 2300.7136   22.1287
   -7.5000  -37.5000   22.5000 2455.6401   19.2425
    0.0000  -37.5000   22.5000 2445.6528   19.0702
    7.5000  -37.5000   22.5000 2433.1479   19.8679
   -7.5000  -30.0000   22.5000 2579.2056   17.6362
    0.0000  -30.0000   22.5000 2574.3318   17.4379
    7.5000  -30.0000   22.5000 2555.8420   18.1138
   -7.5000  -22.5000   22.5000 2693.0903   16.4370
    0.0000  -22.5000   22.5000 2690.1194   16.2796
    7.5000  -22.5000   22.5000 2668.2751   16.8319
   -7.5000  -15.0000   22.5000 2790.7639   15.6737
    0.0000  -15.0000   22.5000 2788.2151   15.5486
    7.5000  -15.0000   22.5000 2757.0769   16.0069
   -7.5000   -7.5000   22.5000 2857.2068   15.0660
    0.0000   -7.5000   22.5000 2854.3596   14.9359
    7.5000   -7.5000   22.5000 2818.6279   15.3734
   -7.5000    0.0000   22.5000 2873.1895   14.6649
    0.0000    0.0000   22.5000 2854.2424   14.4596
    7.5000    0.0000   22.5000 2826.7815   14.9554
   -7.5000    7.5000   22.5000 2851.8704   14.6690
    0.0000    7.5000   22.5000 2856.1057   14.5623
    7.5000    7.5000   22.5000 2822.9602   14.9057
   -7.5000   15.0000   22.5000 2799.4749   15.1031
    0.0000   15.0000   22.5000 2805.0383   15.0182
    7.5000   15.0000   22.5000 2770.5657   15.3599
   -7.5000   22.5000   22.5000 2721.1638   15.8724
    0.0000   22.5000   22.5000 2726.6277   15.7989
    7.5000   22.5000   22.5000 2703.3743   16.1621
   -7.5000   30.0000   22.5000 2613.5076   17.0366
    0.0000   30.0000   22.5000 2611.4255   16.9594
    7.5000   30.0000   22.5000 2592.7534   17.3842
   -7.5000   37.5000   22.5000 2488.9028   18.5978
    0.0000   37.5000   22.5000 2484.8235   18.5399
    7.5000   37.5000   22.5000 2465.7803   18.9575
   -7.5000   45.0000   22.5000 2342.3042   20.5935
    0.0000   45.0000   22.5000 2345.0840   20.4906
    7.5000   45.0000   22.5000 2324.0671   20.8977
   -7.5000  -45.0000   30.0000 2272.7852   22.4191
    0.0000  -45.0000   30.0000 2272.6301   22.1615
    7.5000  -45.0000   30.0000 2254.2556   23.0051
   -7.5000  -37.5000   30.0000 2404.0054   20.1499
    0.0000  -37.5000   30.0000 2401.9946   19.9169
    7.5000  -37.5000   30.0000 2384.7627   20.6252
   -7.5000  -30.0000   30.0000 2529.9290   18.3907
    0.0000  -30.0000   30.0000 2530.4661   18.1961
    7.5000  -30.0000   30.0000 2505.3142   18.8000
   -7.5000  -22.5000   30.0000 2640.6938   17.1210
    0.0000  -22.5000   30.0000 2642.7458   16.9617
    7.5000  -22.5000   30.0000 2613.8728   17.4758
   -7.5000  -15.0000   30.0000 2727.6436   16.2689
    0.0000  -15.0000   30.0000 2728.9504   16.1445
    7.5000  -15.0000   30.0000 2700.4624   16.5796
   -7.5000   -7.5000   30.0000 2790.6865   15.5755
    0.0000   -7.5000   30.0000 2785.1396   15.3687
    7.5000   -7.5000   30.0000 2754.1226   15.8592
   -7.5000    0.0000   30.0000 2813.8569   15.1977
    0.0000    0.0000   30.0000 2807.4285   15.0892
    7.5000    0.0000   30.0000 2779.8303   15.4813
   -7.5000    7.5000   30.0000 2800.1838   15.2615
    0.0000    7.5000   30.0000 2808.0234   15.1845
    7.5000    7.5000   30.0000 2780.1838   15.5330
   -7.5000   15.0000   30.0000 2746.9062   15.6747
    0.0000   15.0000   30.0000 2754.9521   15.5897
    7.5000   15.0000   30.0000 2727.6794   15.9580
   -7.5000   22.5000   30.0000 2670.8879   16.4274
    0.0000   22.5000   30.0000 2678.8567   16.3478
    7.5000   22.5000   30.0000 2654.7192   16.7408
   -7.5000   30.0000   30.0000 2567.7490   17.6341
    0.0000   30.0000   30.0000 2578.1113   17.5439
    7.5000   30.0000   30.0000 2552.6987   17.9183
   -7.5000   37.5000   30.0000 2444.6819   19.2370
    0.0000   37.5000   30.0000 2450.9751   19.1486
    7.5000   37.5000   30.0000 2423.8662   19.5438
   -7.5000   45.0000   30.0000 2300.3384   21.2351
    0.0000   45.0000   30.0000 2303.0908   21.1108
    7.5000   45.0000   30.0000 2282.0239   21.4869
   -7.5000  -45.0000   37.5000 2214.7251   23.6067
    0.0000  -45.0000   37.5000 2221.4292   23.3606
    7.5000  -45.0000   37.5000 2201.7109   24.1011
   -7.5000  -37.5000   37.5000 2347.9734   21.1941
    0.0000  -37.5000   37.5000 2354.5964   20.9756
    7.5000  -37.5000   37.5000 2332.1880   21.5888
   -7.5000  -30.0000   37.5000 2468.7078   19.3261
    0.0000  -30.0000   37.5000 2473.3867   19.1475
    7.5000  -30.0000   37.5000 2450.2729   19.6699
   -7.5000  -22.5000   37.5000 2576.6257   17.9756
    0.0000  -22.5000   37.5000 2580.8167   17.8251
    7.5000  -22.5000   37.5000 2554.9873   18.2944
   -7.5000  -15.0000   37.5000 2652.8657   16.9811
    0.0000  -15.0000   37.5000 2663.1238   16.8418
    7.5000  -15.0000   37.5000 2638.8022   17.3126
   -7.5000   -7.5000   37.5000 2713.7598   16.2469
    0.0000   -7.5000   37.5000 2718.3906   16.1170
    7.5000   -7.5000   37.5000 2687.9297   16.5972
   -7.5000    0.0000   37.5000 2736.1853   15.9489
    0.0000    0.0000   37.5000 2737.8132   15.8711
    7.5000    0.0000   37.5000 2712.2451   16.2666
   -7.5000    7.5000   37.5000 2718.9177   16.0628
    0.0000    7.5000   37.5000 2725.4573   15.9629
    7.5000    7.5000   37.5000 2702.5818   16.3224
   -7.5000   15.0000   37.5000 2674.2949   16.4317
    0.0000   15.0000   37.5000 2680.3301   16.3392
    7.5000   15.0000   37.5000 2656.4563   16.7058
   -7.5000   22.5000   37.5000 2603.6367   17.1680
    0.0000   22.5000   37.5000 2609.2261   17.0880
    7.5000   22.5000   37.5000 2587.2820   17.4877
   -7.5000   30.0000   37.5000 2505.6104   18.3743
    0.0000   30.0000   37.5000 2520.3181   18.2521
    7.5000   30.0000   37.5000 2497.7490   18.6516
   -7.5000   37.5000   37.5000 2392.6184   19.9874
    0.0000   37.5000   37.5000 2401.7874   19.8296
    7.5000   37.5000   37.5000 2381.8569   20.2257
   -7.5000   45.0000   37.5000 2245.5295   22.0241
    0.0000   45.0000   37.5000 2247.3579   21.8643
    7.5000   45.0000   37.5000 2231.5793   22.2280
   -7.5000  -45.0000   45.0000 2152.0469   25.0513
    0.0000  -45.0000   45.0000 2160.0562   24.8615
    7.5000  -45.0000   45.0000 2143.4521   25.4715
   -7.5000  -37.5000   45.0000 2284.1130   22.4580
    0.0000  -37.5000   45.0000 2291.4065   22.3037
    7.5000  -37.5000   45.0000 2267.1248   22.7727
   -7.5000  -30.0000   45.0000 2397.7271   20.4421
    0.0000  -30.0000   45.0000 2410.4285   20.3097
    7.5000  -30.0000   45.0000 2382.4036   20.7476
   -7.5000  -22.5000   45.0000 2495.3389   19.0037
    0.0000  -22.5000   45.0000 2513.1279   18.8848
    7.5000  -22.5000   45.0000 2487.6504   19.3296
   -7.5000  -15.0000   45.0000 2575.3855   17.9568
    0.0000  -15.0000   45.0000 2593.3157   17.8227
    7.5000  -15.0000   45.0000 2566.3801   18.2845
   -7.5000   -7.5000   45.0000 2628.1782   17.2091
    0.0000   -7.5000   45.0000 2639.9270   17.1599
    7.5000   -7.5000   45.0000 2608.5823   17.5969
   -7.5000    0.0000   45.0000 2644.8909   16.9404
    0.0000    0.0000   45.0000 2657.1814   16.8514
    7.5000    0.0000   45.0000 2627.8887   17.2528
   -7.5000    7.5000   45.0000 2626.7239   17.0317
    0.0000    7.5000   45.0000 2634.3955   16.9481
    7.5000    7.5000   45.0000 2610.7437   17.2852
   -7.5000   15.0000   45.0000 2584.5107   17.4027
    0.0000   15.0000   45.0000 2587.3328   17.2968
    7.5000   15.0000   45.0000 2571.2527   17.6775
   -7.5000   22.5000   45.0000 2524.3862   18.1388
    0.0000   22.5000   45.0000 2530.2734   18.0413
    7.5000   22.5000   45.0000 2506.9004   18.4511
   -7.5000   30.0000   45.0000 2434.9675   19.3076
    0.0000   30.0000   45.0000 2447.9133   19.2157
    7.5000   30.0000   45.0000 2424.1179   19.5980
   -7.5000   37.5000   45.0000 2331.4036   20.8995
    0.0000   37.5000   45.0000 2334.4541   20.7886
    7.5000   37.5000   45.0000 2312.7683   21.1593
   -7.5000   45.0000   45.0000 2180.9878   22.9590
    0.0000   45.0000   45.0000 2184.7087   22.8575
    7.5000   45.0000   45.0000 2164.6804   23.2062

---------------------------------------------------------------------
imgreg_4dfp /opt/freesurfer/average/711-2C_as_mni_average_305 /opt/freesurfer/average/711-2B_as_mni_average_305_mask talsrcimg_g11 none talsrcimg_to_711-2C_as_mni_average_305_t4 1283
---------------------------------------------------------------------

freesurfer imgreg_4dfp.c
/opt/freesurfer/average/711-2C_as_mni_average_305.4dfp.img
       256       256       256         1
  1.000000  1.000000  1.000000
orientation T byte_order littleendian
Reading image: /opt/freesurfer/average/711-2C_as_mni_average_305.4dfp.img
dimensions:      256       256       256
mmppix:       1.0000   -1.0000   -1.0000
center:     128.0000 -129.0000 -129.0000
/opt/freesurfer/average/711-2B_as_mni_average_305_mask.4dfp.img
       256       256       256         1
  1.000000  1.000000  1.000000
orientation T byte_order littleendian
Reading mask: /opt/freesurfer/average/711-2B_as_mni_average_305_mask.4dfp.img (2306576 pixels)
talsrcimg_g11.4dfp.img
       256       256       256         1
  1.000000  1.000000  1.000000
orientation T byte_order littleendian
Reading image: talsrcimg_g11.4dfp.img
dimensions:      256       256       256
mmppix:       1.0000   -1.0000   -1.0000
center:     128.0000 -129.0000 -129.0000
rotation matrix determinant  1.000000
fimgreg.f
image alignment mode   1283 decimal      503 hex
parameters
    0.0000   -7.5000    7.5000    0.0000    0.0000    0.0000
eta,q 0.91821 14.62626
niter,ni,del,rscale     5    3   12.0000    1.2000
parameter  4 -7.072152 ->  0.500000 qaram    1.1500
parameters
   -2.5059   -5.5636    9.3016   -3.4500   -1.6456    1.8179
eta,q 0.92204 14.38357
  0.0868  0.0964  0.0924  0.0756  0.0799  0.0810
  0.0837  0.0901  0.0889  0.0771  0.0796  0.0790
  0.0833  0.0851  0.0848  0.0796  0.0778  0.0780
  0.0846  0.0825  0.0824  0.0818  0.0778  0.0777
  0.0882  0.0824  0.0818  0.0840  0.0794  0.0780
  0.0932  0.0836  0.0829  0.0851  0.0825  0.0782
  0.0964  0.0853  0.0855  0.0873  0.0856  0.0781
niter,ni,del,rscale     5    3   12.0000    1.2000
parameter  4  2.820687 ->  0.500000 qaram    1.3225
parameter  5  0.668978 ->  0.500000 qaram    1.1500
parameters
   -1.6193   -2.6641    9.6631   -7.4175   -5.0957    2.7482
eta,q 0.93060 14.27725
  0.0919  0.0896  0.0867  0.0692  0.0689  0.0763
  0.0857  0.0834  0.0815  0.0691  0.0697  0.0733
  0.0813  0.0792  0.0769  0.0716  0.0691  0.0708
  0.0780  0.0771  0.0759  0.0761  0.0695  0.0697
  0.0776  0.0764  0.0781  0.0806  0.0720  0.0696
  0.0815  0.0754  0.0809  0.0832  0.0739  0.0708
  0.0860  0.0771  0.0834  0.0861  0.0764  0.0734
niter,ni,del,rscale     6    3   12.0000    1.2000
parameters
   -0.1550   -1.6998    9.6414  -10.4672   -5.1897    2.4577
eta,q 0.93504 14.37193
  0.0831  0.0849  0.0781  0.0701  0.0738  0.0710
  0.0795  0.0776  0.0718  0.0658  0.0679  0.0678
  0.0733  0.0708  0.0676  0.0652  0.0657  0.0656
  0.0694  0.0671  0.0671  0.0671  0.0650  0.0650
  0.0665  0.0680  0.0687  0.0708  0.0669  0.0663
  0.0694  0.0709  0.0726  0.0769  0.0702  0.0690
  0.0760  0.0770  0.0774  0.0806  0.0725  0.0719
niter,ni,del,rscale     5    3   12.0000    1.2000
parameters
   -0.0999   -1.1718    8.5567  -11.7352   -4.9724    2.5386
eta,q 0.93592 14.41665
  0.0800  0.0823  0.0722  0.0696  0.0745  0.0709
  0.0741  0.0746  0.0662  0.0687  0.0686  0.0675
  0.0685  0.0683  0.0642  0.0646  0.0645  0.0648
  0.0650  0.0649  0.0649  0.0643  0.0638  0.0641
  0.0665  0.0667  0.0675  0.0668  0.0672  0.0652
  0.0737  0.0713  0.0731  0.0704  0.0698  0.0677
  0.0802  0.0772  0.0782  0.0757  0.0712  0.0701
niter,ni,del,rscale     4    3   12.0000    1.2000
parameters
   -0.2215   -0.9227    8.0814  -12.6149   -4.4419    2.4623
eta,q 0.93522 14.44491
  0.0795  0.0795  0.0739  0.0692  0.0746  0.0705
  0.0730  0.0733  0.0677  0.0690  0.0690  0.0676
  0.0662  0.0671  0.0647  0.0661  0.0644  0.0653
  0.0641  0.0641  0.0642  0.0641  0.0642  0.0648
  0.0671  0.0669  0.0661  0.0660  0.0673  0.0660
  0.0738  0.0717  0.0708  0.0693  0.0690  0.0684
  0.0806  0.0772  0.0769  0.0737  0.0700  0.0702
niter,ni,del,rscale     3    3   12.0000    1.2000
parameters
   -0.4954   -0.6904    7.8123  -13.4639   -3.7745    2.2881
eta,q 0.93423 14.45190
  0.0790  0.0791  0.0744  0.0693  0.0740  0.0707
  0.0722  0.0733  0.0683  0.0687  0.0689  0.0681
  0.0654  0.0674  0.0657  0.0670  0.0645  0.0661
  0.0648  0.0646  0.0647  0.0647  0.0650  0.0658
  0.0681  0.0673  0.0660  0.0661  0.0676  0.0671
  0.0740  0.0716  0.0700  0.0692  0.0683  0.0692
  0.0811  0.0772  0.0761  0.0730  0.0694  0.0705
niter,ni,del,rscale     2    3   12.0000    1.2000
parameters
   -0.8983   -0.3958    7.6081  -14.4700   -2.9675    1.9818
eta,q 0.93344 14.43849
  0.0786  0.0793  0.0747  0.0694  0.0739  0.0709
  0.0718  0.0737  0.0681  0.0686  0.0689  0.0685
  0.0657  0.0683  0.0662  0.0674  0.0650  0.0669
  0.0658  0.0654  0.0655  0.0655  0.0658  0.0666
  0.0691  0.0676  0.0664  0.0668  0.0678  0.0679
  0.0745  0.0717  0.0699  0.0698  0.0677  0.0698
  0.0816  0.0771  0.0755  0.0728  0.0695  0.0711
niter,ni,del,rscale     1    3   12.0000    1.2000
parameters
   -1.4264   -0.0512    7.4079  -15.7267   -2.2490    1.4718
eta,q 0.93266 14.44024
  0.0785  0.0796  0.0751  0.0695  0.0745  0.0708
  0.0717  0.0739  0.0681  0.0692  0.0693  0.0686
  0.0664  0.0692  0.0663  0.0680  0.0658  0.0675
  0.0666  0.0662  0.0662  0.0662  0.0668  0.0674
  0.0696  0.0678  0.0672  0.0676  0.0681  0.0682
  0.0752  0.0720  0.0704  0.0705  0.0679  0.0700
  0.0829  0.0771  0.0752  0.0732  0.0707  0.0716
registration optimization eta report
parameter search radius
    6.0000    6.0000    6.0000    7.9350    6.9000    6.0000
100000*second partial in parameter space
       39.       32.       26.        7.       13.       10.
  0.0785  0.0796  0.0751  0.0695  0.0745  0.0708
  0.0717  0.0739  0.0681  0.0692  0.0693  0.0686
  0.0664  0.0692  0.0663  0.0680  0.0658  0.0675
  0.0666  0.0662  0.0662  0.0662  0.0668  0.0674
  0.0696  0.0678  0.0672  0.0676  0.0681  0.0682
  0.0752  0.0720  0.0704  0.0705  0.0679  0.0700
  0.0829  0.0771  0.0752  0.0732  0.0707  0.0716
   -1.4264   -0.0512    7.4079  -15.7267   -2.2490    1.4718
eta,q 0.93266 14.44024

---------------------------------------------------------------------
imgreg_4dfp /opt/freesurfer/average/711-2C_as_mni_average_305 /opt/freesurfer/average/711-2B_as_mni_average_305_mask talsrcimg_g11 none talsrcimg_to_711-2C_as_mni_average_305_t4 3335
---------------------------------------------------------------------

freesurfer imgreg_4dfp.c
/opt/freesurfer/average/711-2C_as_mni_average_305.4dfp.img
       256       256       256         1
  1.000000  1.000000  1.000000
orientation T byte_order littleendian
Reading image: /opt/freesurfer/average/711-2C_as_mni_average_305.4dfp.img
dimensions:      256       256       256
mmppix:       1.0000   -1.0000   -1.0000
center:     128.0000 -129.0000 -129.0000
/opt/freesurfer/average/711-2B_as_mni_average_305_mask.4dfp.img
       256       256       256         1
  1.000000  1.000000  1.000000
orientation T byte_order littleendian
Reading mask: /opt/freesurfer/average/711-2B_as_mni_average_305_mask.4dfp.img (2306576 pixels)
talsrcimg_g11.4dfp.img
       256       256       256         1
  1.000000  1.000000  1.000000
orientation T byte_order littleendian
Reading image: talsrcimg_g11.4dfp.img
dimensions:      256       256       256
mmppix:       1.0000   -1.0000   -1.0000
center:     128.0000 -129.0000 -129.0000
fimgreg.f
image alignment mode   3335 decimal      D07 hex
parameters
   -1.4264   -0.0512    7.4079   -0.1100   -3.8025   -3.8176
   -3.5356    3.0799    2.5664   27.1929   -3.9242  -27.0839
eta,q 0.93280 14.52326
niter,ni,del,rscale     5    3    5.0000    1.2000
parameter  4  3.517925 ->  0.500000 qaram    1.1500
parameter  5  1.751744 ->  0.500000 qaram    1.1500
parameter  6  0.880225 ->  0.500000 qaram    1.1500
parameter  8 -0.627552 -> -0.500000 qaram    1.1500
parameter 10  1.336751 ->  0.500000 qaram    1.1500
parameters
   -1.1644    0.2847    7.3482   -4.2500   -7.9425   -7.9576
   -5.8796    7.2199    2.6574   23.0529   -5.6049  -28.0017
eta,q 0.95263 14.26318
  0.0697  0.0698  0.0686  0.0563  0.0508  0.0504  0.0524  0.0576  0.0515  0.0469  0.0482  0.0485
  0.0686  0.0684  0.0677  0.0591  0.0528  0.0512  0.0514  0.0555  0.0504  0.0473  0.0477  0.0476
  0.0677  0.0675  0.0672  0.0626  0.0557  0.0522  0.0511  0.0532  0.0497  0.0482  0.0475  0.0473
  0.0672  0.0671  0.0671  0.0671  0.0599  0.0534  0.0515  0.0511  0.0495  0.0495  0.0475  0.0474
  0.0672  0.0672  0.0674  0.0722  0.0655  0.0552  0.0523  0.0498  0.0497  0.0511  0.0478  0.0478
  0.0678  0.0677  0.0679  0.0772  0.0715  0.0583  0.0536  0.0496  0.0503  0.0530  0.0486  0.0483
  0.0689  0.0686  0.0687  0.0817  0.0771  0.0631  0.0552  0.0508  0.0514  0.0552  0.0497  0.0489
niter,ni,del,rscale     7    3    5.0000    1.2000
parameter  2 -0.776669 -> -0.500000 qaram    1.1500
parameter  3 -0.674744 -> -0.500000 qaram    1.1500
parameter  4  1.057811 ->  0.500000 qaram    1.3225
parameter  5  1.017179 ->  0.500000 qaram    1.3225
parameter  6  0.728181 ->  0.500000 qaram    1.3225
parameter 12  0.806432 ->  0.500000 qaram    1.1500
parameters
   -1.6395    1.6647    8.7282   -9.0110  -12.7035  -12.7186
   -3.6440    8.2633    3.4598   21.0624   -8.4571  -32.1417
eta,q 0.96552 13.61090
  0.0497  0.0532  0.0489  0.0394  0.0348  0.0355  0.0387  0.0403  0.0372  0.0368  0.0353  0.0346
  0.0480  0.0508  0.0476  0.0403  0.0359  0.0355  0.0373  0.0377  0.0363  0.0358  0.0351  0.0345
  0.0472  0.0487  0.0465  0.0416  0.0378  0.0359  0.0363  0.0362  0.0356  0.0352  0.0351  0.0346
  0.0474  0.0471  0.0458  0.0451  0.0406  0.0364  0.0356  0.0354  0.0353  0.0352  0.0352  0.0351
  0.0484  0.0461  0.0453  0.0514  0.0453  0.0373  0.0354  0.0353  0.0353  0.0361  0.0354  0.0357
  0.0501  0.0457  0.0451  0.0580  0.0517  0.0383  0.0357  0.0362  0.0357  0.0376  0.0357  0.0365
  0.0523  0.0459  0.0453  0.0636  0.0583  0.0406  0.0364  0.0384  0.0365  0.0396  0.0362  0.0374
niter,ni,del,rscale     7    3    5.0000    1.2000
parameter  2 -0.699241 -> -0.500000 qaram    1.3225
parameter  4  0.512993 ->  0.500000 qaram    1.5209
parameter  5  0.659598 ->  0.500000 qaram    1.5209
parameter 12  0.796121 ->  0.500000 qaram    1.3225
parameters
   -1.7839    3.2517    7.7256  -14.4862  -18.1787  -15.2671
   -5.8808    8.2482    2.3037   24.7899   -8.9025  -36.9027
eta,q 0.97241 12.98426
  0.0369  0.0412  0.0335  0.0321  0.0294  0.0309  0.0302  0.0334  0.0303  0.0347  0.0290  0.0277
  0.0355  0.0385  0.0330  0.0317  0.0295  0.0299  0.0295  0.0313  0.0295  0.0324  0.0286  0.0276
  0.0347  0.0362  0.0328  0.0317  0.0302  0.0294  0.0292  0.0298  0.0292  0.0305  0.0284  0.0278
  0.0345  0.0345  0.0331  0.0328  0.0316  0.0296  0.0294  0.0292  0.0292  0.0292  0.0284  0.0284
  0.0349  0.0334  0.0337  0.0351  0.0345  0.0304  0.0301  0.0298  0.0295  0.0285  0.0285  0.0292
  0.0359  0.0330  0.0346  0.0403  0.0396  0.0318  0.0312  0.0313  0.0303  0.0285  0.0288  0.0303
  0.0376  0.0334  0.0358  0.0470  0.0461  0.0337  0.0326  0.0333  0.0313  0.0296  0.0292  0.0314
niter,ni,del,rscale     7    3    5.0000    1.2000
parameters
   -1.4965    4.3466    7.0935  -16.2814  -22.3750  -13.6699
   -6.5126    8.5008    2.0072   26.0669   -9.3285  -40.9183
eta,q 0.97429 12.75448
  0.0313  0.0344  0.0280  0.0298  0.0278  0.0308  0.0283  0.0318  0.0280  0.0315  0.0269  0.0266
  0.0295  0.0312  0.0274  0.0282  0.0269  0.0289  0.0272  0.0292  0.0271  0.0292  0.0265  0.0258
  0.0282  0.0289  0.0270  0.0273  0.0266  0.0274  0.0265  0.0272  0.0265  0.0274  0.0263  0.0257
  0.0276  0.0275  0.0271  0.0270  0.0271  0.0266  0.0264  0.0264  0.0264  0.0264  0.0262  0.0262
  0.0277  0.0271  0.0276  0.0277  0.0286  0.0264  0.0268  0.0269  0.0266  0.0263  0.0263  0.0270
  0.0285  0.0275  0.0284  0.0294  0.0321  0.0272  0.0277  0.0287  0.0273  0.0273  0.0266  0.0281
  0.0300  0.0288  0.0296  0.0338  0.0384  0.0289  0.0291  0.0313  0.0283  0.0293  0.0270  0.0292
niter,ni,del,rscale     6    3    5.0000    1.2000
parameters
   -1.4528    4.5742    6.8303  -15.8756  -24.1069  -13.6419
   -6.7332    8.5172    1.9268   26.8076   -9.0471  -41.1357
eta,q 0.97436 12.69074
  0.0288  0.0302  0.0272  0.0300  0.0287  0.0297  0.0280  0.0310  0.0276  0.0307  0.0266  0.0281
  0.0272  0.0278  0.0263  0.0278  0.0270  0.0278  0.0267  0.0284  0.0265  0.0284  0.0261  0.0264
  0.0261  0.0263  0.0258  0.0263  0.0260  0.0264  0.0260  0.0265  0.0259  0.0267  0.0258  0.0257
  0.0257  0.0257  0.0257  0.0257  0.0257  0.0257  0.0257  0.0257  0.0257  0.0257  0.0257  0.0257
  0.0260  0.0260  0.0260  0.0258  0.0263  0.0260  0.0261  0.0264  0.0260  0.0259  0.0257  0.0261
  0.0270  0.0272  0.0268  0.0269  0.0282  0.0274  0.0270  0.0284  0.0266  0.0272  0.0260  0.0270
  0.0286  0.0290  0.0280  0.0298  0.0329  0.0300  0.0283  0.0310  0.0276  0.0294  0.0265  0.0280
niter,ni,del,rscale     5    3    5.0000    1.2000
parameters
   -1.4439    4.6030    6.8993  -15.9254  -24.2255  -13.4738
   -6.7436    8.5506    1.8995   26.8933   -9.0103  -41.1294
eta,q 0.97436 12.69040
  0.0286  0.0296  0.0276  0.0298  0.0295  0.0297  0.0281  0.0310  0.0276  0.0301  0.0266  0.0283
  0.0270  0.0274  0.0266  0.0276  0.0277  0.0277  0.0267  0.0283  0.0265  0.0279  0.0261  0.0265
  0.0260  0.0260  0.0259  0.0262  0.0264  0.0263  0.0259  0.0264  0.0258  0.0263  0.0258  0.0257
  0.0256  0.0256  0.0256  0.0256  0.0256  0.0257  0.0256  0.0256  0.0256  0.0256  0.0256  0.0256
  0.0260  0.0261  0.0258  0.0259  0.0258  0.0259  0.0259  0.0263  0.0259  0.0261  0.0258  0.0261
  0.0270  0.0274  0.0264  0.0272  0.0271  0.0273  0.0268  0.0283  0.0265  0.0276  0.0261  0.0269
  0.0286  0.0293  0.0274  0.0303  0.0304  0.0297  0.0281  0.0309  0.0276  0.0301  0.0266  0.0279
niter,ni,del,rscale     4    3    5.0000    1.2000
parameters
   -1.4336    4.6154    6.9276  -15.9171  -24.2509  -13.4302
   -6.7317    8.5651    1.8896   26.9068   -9.0205  -41.1205
eta,q 0.97436 12.69186
  0.0286  0.0295  0.0275  0.0298  0.0296  0.0296  0.0281  0.0310  0.0276  0.0300  0.0266  0.0283
  0.0270  0.0273  0.0265  0.0276  0.0277  0.0277  0.0268  0.0283  0.0265  0.0278  0.0261  0.0265
  0.0260  0.0260  0.0259  0.0262  0.0264  0.0263  0.0259  0.0264  0.0259  0.0263  0.0257  0.0257
  0.0256  0.0256  0.0256  0.0256  0.0256  0.0256  0.0256  0.0256  0.0256  0.0256  0.0256  0.0256
  0.0260  0.0262  0.0258  0.0258  0.0258  0.0259  0.0259  0.0263  0.0259  0.0261  0.0258  0.0261
  0.0270  0.0274  0.0265  0.0271  0.0270  0.0273  0.0268  0.0283  0.0265  0.0277  0.0261  0.0269
  0.0286  0.0293  0.0275  0.0302  0.0303  0.0298  0.0281  0.0309  0.0275  0.0301  0.0266  0.0279
niter,ni,del,rscale     3    3    5.0000    1.2000
parameters
   -1.4297    4.6177    6.9354  -15.9216  -24.2548  -13.4188
   -6.7299    8.5686    1.8868   26.9055   -9.0191  -41.1123
eta,q 0.97436 12.69164
  0.0286  0.0295  0.0275  0.0298  0.0296  0.0296  0.0281  0.0310  0.0276  0.0300  0.0266  0.0283
  0.0270  0.0273  0.0265  0.0276  0.0277  0.0276  0.0268  0.0283  0.0265  0.0278  0.0261  0.0265
  0.0260  0.0260  0.0259  0.0262  0.0264  0.0263  0.0259  0.0264  0.0258  0.0263  0.0257  0.0257
  0.0256  0.0256  0.0256  0.0256  0.0256  0.0256  0.0256  0.0256  0.0256  0.0256  0.0256  0.0256
  0.0260  0.0262  0.0258  0.0259  0.0258  0.0259  0.0259  0.0263  0.0259  0.0261  0.0258  0.0261
  0.0270  0.0275  0.0265  0.0271  0.0270  0.0274  0.0268  0.0283  0.0265  0.0277  0.0261  0.0269
  0.0286  0.0293  0.0275  0.0303  0.0302  0.0299  0.0281  0.0310  0.0275  0.0301  0.0266  0.0279
registration optimization eta report
parameter search radius
    2.4000    3.1740    2.7600   10.9503   10.9503    9.5220
    7.2000    8.2800    7.2000    8.2800    7.2000    9.5220
100000*second partial in parameter space
       52.       38.       25.        4.        4.        4.
        5.        8.        4.        6.        2.        3.
  0.0286  0.0295  0.0275  0.0298  0.0296  0.0296  0.0281  0.0310  0.0276  0.0300  0.0266  0.0283
  0.0270  0.0273  0.0265  0.0276  0.0277  0.0276  0.0268  0.0283  0.0265  0.0278  0.0261  0.0265
  0.0260  0.0260  0.0259  0.0262  0.0264  0.0263  0.0259  0.0264  0.0258  0.0263  0.0257  0.0257
  0.0256  0.0256  0.0256  0.0256  0.0256  0.0256  0.0256  0.0256  0.0256  0.0256  0.0256  0.0256
  0.0260  0.0262  0.0258  0.0259  0.0258  0.0259  0.0259  0.0263  0.0259  0.0261  0.0258  0.0261
  0.0270  0.0275  0.0265  0.0271  0.0270  0.0274  0.0268  0.0283  0.0265  0.0277  0.0261  0.0269
  0.0286  0.0293  0.0275  0.0303  0.0302  0.0299  0.0281  0.0310  0.0275  0.0301  0.0266  0.0279
   -1.4297    4.6177    6.9354  -15.9216  -24.2548  -13.4188
   -6.7299    8.5686    1.8868   26.9055   -9.0191  -41.1123
eta,q 0.97436 12.69164

---------------------------------------------------------------------
imgreg_4dfp /opt/freesurfer/average/711-2C_as_mni_average_305 /opt/freesurfer/average/711-2B_as_mni_average_305_mask talsrcimg_g11 none talsrcimg_to_711-2C_as_mni_average_305_t4 2311
---------------------------------------------------------------------

freesurfer imgreg_4dfp.c
/opt/freesurfer/average/711-2C_as_mni_average_305.4dfp.img
       256       256       256         1
  1.000000  1.000000  1.000000
orientation T byte_order littleendian
Reading image: /opt/freesurfer/average/711-2C_as_mni_average_305.4dfp.img
dimensions:      256       256       256
mmppix:       1.0000   -1.0000   -1.0000
center:     128.0000 -129.0000 -129.0000
/opt/freesurfer/average/711-2B_as_mni_average_305_mask.4dfp.img
       256       256       256         1
  1.000000  1.000000  1.000000
orientation T byte_order littleendian
Reading mask: /opt/freesurfer/average/711-2B_as_mni_average_305_mask.4dfp.img (2306576 pixels)
talsrcimg_g11.4dfp.img
       256       256       256         1
  1.000000  1.000000  1.000000
orientation T byte_order littleendian
Reading image: talsrcimg_g11.4dfp.img
dimensions:      256       256       256
mmppix:       1.0000   -1.0000   -1.0000
center:     128.0000 -129.0000 -129.0000
fimgreg.f
image alignment mode   2311 decimal      907 hex
parameters
   -1.4297    4.6177    6.9354  -15.9216  -24.2548  -13.4188
   -6.7299    8.5686    1.8868   26.9055   -9.0191  -41.1123
eta,q 0.97436 12.69164
niter,ni,del,rscale     5    3    5.0000    0.8000
parameters
   -1.4173    4.5297    6.9639  -15.2204  -22.9884  -13.0470
   -6.6276    8.6481    2.0359   27.0321   -9.0679  -41.7349
eta,q 0.97453 12.86242
  0.0270  0.0265  0.0263  0.0266  0.0267  0.0268  0.0267  0.0277  0.0265  0.0272  0.0259  0.0260
  0.0263  0.0260  0.0259  0.0261  0.0262  0.0262  0.0261  0.0265  0.0259  0.0263  0.0257  0.0257
  0.0258  0.0257  0.0257  0.0258  0.0258  0.0257  0.0256  0.0258  0.0256  0.0257  0.0255  0.0255
  0.0256  0.0256  0.0256  0.0256  0.0256  0.0255  0.0255  0.0255  0.0255  0.0255  0.0255  0.0255
  0.0258  0.0258  0.0257  0.0256  0.0255  0.0256  0.0256  0.0257  0.0256  0.0257  0.0256  0.0257
  0.0262  0.0262  0.0259  0.0258  0.0256  0.0259  0.0260  0.0264  0.0259  0.0262  0.0257  0.0260
  0.0270  0.0267  0.0263  0.0262  0.0260  0.0265  0.0266  0.0275  0.0263  0.0271  0.0260  0.0263
niter,ni,del,rscale     4    3    5.0000    0.7000
parameters
   -1.4084    4.5841    6.8639  -15.0065  -22.9965  -13.0441
   -6.6360    8.6439    2.0779   27.1236   -9.1041  -41.9680
eta,q 0.97455 12.88504
  0.0266  0.0264  0.0259  0.0261  0.0261  0.0263  0.0263  0.0271  0.0262  0.0268  0.0258  0.0260
  0.0260  0.0259  0.0257  0.0258  0.0258  0.0259  0.0259  0.0262  0.0258  0.0261  0.0256  0.0256
  0.0256  0.0256  0.0255  0.0256  0.0256  0.0256  0.0256  0.0257  0.0255  0.0256  0.0255  0.0255
  0.0255  0.0255  0.0255  0.0255  0.0255  0.0255  0.0255  0.0255  0.0255  0.0255  0.0255  0.0255
  0.0256  0.0256  0.0256  0.0255  0.0255  0.0255  0.0256  0.0257  0.0255  0.0256  0.0255  0.0256
  0.0259  0.0258  0.0258  0.0256  0.0257  0.0258  0.0259  0.0262  0.0258  0.0260  0.0256  0.0258
  0.0266  0.0262  0.0261  0.0260  0.0261  0.0264  0.0264  0.0271  0.0261  0.0267  0.0258  0.0261
niter,ni,del,rscale     3    3    5.0000    0.6000
parameters
   -1.4089    4.5918    6.8351  -14.9140  -22.9545  -13.0000
   -6.6359    8.6507    2.0920   27.1554   -9.1211  -42.0612
eta,q 0.97455 12.89980
  0.0263  0.0261  0.0258  0.0259  0.0259  0.0261  0.0261  0.0267  0.0260  0.0264  0.0257  0.0259
  0.0258  0.0257  0.0256  0.0257  0.0257  0.0258  0.0257  0.0260  0.0257  0.0259  0.0256  0.0256
  0.0255  0.0255  0.0255  0.0255  0.0255  0.0255  0.0255  0.0256  0.0255  0.0256  0.0255  0.0255
  0.0255  0.0255  0.0255  0.0255  0.0255  0.0254  0.0254  0.0254  0.0254  0.0254  0.0254  0.0254
  0.0255  0.0255  0.0255  0.0255  0.0255  0.0255  0.0255  0.0256  0.0255  0.0255  0.0255  0.0255
  0.0258  0.0257  0.0256  0.0256  0.0257  0.0257  0.0257  0.0260  0.0257  0.0259  0.0256  0.0257
  0.0263  0.0261  0.0259  0.0259  0.0259  0.0261  0.0261  0.0267  0.0260  0.0264  0.0257  0.0259
niter,ni,del,rscale     2    3    5.0000    0.5000
parameters
   -1.4054    4.5979    6.8241  -14.7975  -22.9173  -12.9381
   -6.6265    8.6537    2.1173   27.1746   -9.1719  -42.1524
eta,q 0.97456 12.91622
  0.0260  0.0259  0.0257  0.0257  0.0258  0.0259  0.0259  0.0263  0.0258  0.0261  0.0256  0.0257
  0.0257  0.0256  0.0256  0.0256  0.0256  0.0257  0.0256  0.0258  0.0256  0.0257  0.0255  0.0255
  0.0255  0.0255  0.0255  0.0255  0.0255  0.0255  0.0255  0.0255  0.0255  0.0255  0.0255  0.0255
  0.0254  0.0254  0.0254  0.0254  0.0254  0.0254  0.0254  0.0254  0.0254  0.0254  0.0254  0.0254
  0.0255  0.0255  0.0255  0.0255  0.0255  0.0255  0.0255  0.0255  0.0255  0.0255  0.0255  0.0255
  0.0257  0.0256  0.0256  0.0255  0.0256  0.0256  0.0256  0.0258  0.0256  0.0257  0.0255  0.0256
  0.0260  0.0259  0.0257  0.0257  0.0258  0.0259  0.0259  0.0263  0.0258  0.0261  0.0256  0.0258
niter,ni,del,rscale     1    3    5.0000    0.4000
parameters
   -1.4033    4.6044    6.8211  -14.6887  -22.8610  -12.8923
   -6.6152    8.6555    2.1387   27.1786   -9.1862  -42.2215
eta,q 0.97457 12.93152
  0.0258  0.0257  0.0256  0.0256  0.0257  0.0257  0.0257  0.0260  0.0257  0.0259  0.0256  0.0256
  0.0256  0.0256  0.0255  0.0255  0.0256  0.0256  0.0256  0.0257  0.0255  0.0256  0.0255  0.0255
  0.0255  0.0255  0.0255  0.0255  0.0255  0.0255  0.0255  0.0255  0.0255  0.0255  0.0254  0.0254
  0.0254  0.0254  0.0254  0.0254  0.0254  0.0254  0.0254  0.0254  0.0254  0.0254  0.0254  0.0254
  0.0255  0.0255  0.0255  0.0254  0.0255  0.0255  0.0255  0.0255  0.0255  0.0255  0.0254  0.0255
  0.0256  0.0256  0.0255  0.0255  0.0255  0.0256  0.0256  0.0257  0.0255  0.0256  0.0255  0.0255
  0.0258  0.0257  0.0256  0.0256  0.0257  0.0257  0.0257  0.0260  0.0257  0.0259  0.0256  0.0256
registration optimization eta report
parameter search radius
    0.8000    0.8000    0.8000    2.4000    2.4000    2.4000
    2.4000    2.4000    2.4000    2.4000    2.4000    2.4000
100000*second partial in parameter space
       58.       43.       30.        3.        4.        5.
        5.       10.        4.        8.        2.        3.
  0.0258  0.0257  0.0256  0.0256  0.0257  0.0257  0.0257  0.0260  0.0257  0.0259  0.0256  0.0256
  0.0256  0.0256  0.0255  0.0255  0.0256  0.0256  0.0256  0.0257  0.0255  0.0256  0.0255  0.0255
  0.0255  0.0255  0.0255  0.0255  0.0255  0.0255  0.0255  0.0255  0.0255  0.0255  0.0254  0.0254
  0.0254  0.0254  0.0254  0.0254  0.0254  0.0254  0.0254  0.0254  0.0254  0.0254  0.0254  0.0254
  0.0255  0.0255  0.0255  0.0254  0.0255  0.0255  0.0255  0.0255  0.0255  0.0255  0.0254  0.0255
  0.0256  0.0256  0.0255  0.0255  0.0255  0.0256  0.0256  0.0257  0.0255  0.0256  0.0255  0.0255
  0.0258  0.0257  0.0256  0.0256  0.0257  0.0257  0.0257  0.0260  0.0257  0.0259  0.0256  0.0256
   -1.4033    4.6044    6.8211  -14.6887  -22.8610  -12.8923
   -6.6152    8.6555    2.1387   27.1786   -9.1862  -42.2215
eta,q 0.97457 12.93152

---------------------------------------------------------------------
imgreg_4dfp /opt/freesurfer/average/711-2C_as_mni_average_305 /opt/freesurfer/average/711-2B_as_mni_average_305_mask talsrcimg_g11 none talsrcimg_to_711-2C_as_mni_average_305_t4 2311
---------------------------------------------------------------------

freesurfer imgreg_4dfp.c
/opt/freesurfer/average/711-2C_as_mni_average_305.4dfp.img
       256       256       256         1
  1.000000  1.000000  1.000000
orientation T byte_order littleendian
Reading image: /opt/freesurfer/average/711-2C_as_mni_average_305.4dfp.img
dimensions:      256       256       256
mmppix:       1.0000   -1.0000   -1.0000
center:     128.0000 -129.0000 -129.0000
/opt/freesurfer/average/711-2B_as_mni_average_305_mask.4dfp.img
       256       256       256         1
  1.000000  1.000000  1.000000
orientation T byte_order littleendian
Reading mask: /opt/freesurfer/average/711-2B_as_mni_average_305_mask.4dfp.img (2306576 pixels)
talsrcimg_g11.4dfp.img
       256       256       256         1
  1.000000  1.000000  1.000000
orientation T byte_order littleendian
Reading image: talsrcimg_g11.4dfp.img
dimensions:      256       256       256
mmppix:       1.0000   -1.0000   -1.0000
center:     128.0000 -129.0000 -129.0000
fimgreg.f
image alignment mode   2311 decimal      907 hex
parameters
   -1.4033    4.6044    6.8211  -14.6887  -22.8610  -12.8923
   -6.6152    8.6555    2.1387   27.1786   -9.1862  -42.2215
eta,q 0.97457 12.93153
niter,ni,del,rscale     5    3    5.0000    0.8000
parameters
   -1.4083    4.6241    6.8056  -14.9951  -23.1259  -13.1290
   -6.6525    8.6352    2.0832   27.1712   -9.1398  -41.9800
eta,q 0.97454 12.87524
  0.0269  0.0266  0.0262  0.0261  0.0262  0.0265  0.0266  0.0275  0.0263  0.0271  0.0259  0.0263
  0.0261  0.0259  0.0258  0.0257  0.0258  0.0260  0.0260  0.0264  0.0258  0.0262  0.0257  0.0258
  0.0256  0.0256  0.0255  0.0255  0.0255  0.0256  0.0256  0.0257  0.0255  0.0257  0.0255  0.0255
  0.0254  0.0254  0.0254  0.0254  0.0254  0.0254  0.0255  0.0255  0.0254  0.0255  0.0255  0.0255
  0.0256  0.0256  0.0255  0.0255  0.0255  0.0256  0.0256  0.0257  0.0256  0.0256  0.0255  0.0255
  0.0261  0.0259  0.0258  0.0258  0.0259  0.0260  0.0260  0.0264  0.0259  0.0262  0.0257  0.0258
  0.0269  0.0265  0.0262  0.0264  0.0265  0.0269  0.0266  0.0276  0.0264  0.0271  0.0259  0.0261
niter,ni,del,rscale     4    3    5.0000    0.7000
parameters
   -1.4150    4.5951    6.8325  -15.0038  -23.0131  -13.0491
   -6.6462    8.6452    2.0826   27.1490   -9.1271  -42.0065
eta,q 0.97455 12.88593
  0.0265  0.0263  0.0260  0.0260  0.0261  0.0264  0.0263  0.0271  0.0262  0.0267  0.0258  0.0260
  0.0260  0.0258  0.0257  0.0257  0.0258  0.0259  0.0259  0.0262  0.0258  0.0260  0.0256  0.0257
  0.0256  0.0255  0.0255  0.0256  0.0256  0.0256  0.0255  0.0257  0.0255  0.0256  0.0255  0.0255
  0.0255  0.0255  0.0255  0.0255  0.0255  0.0255  0.0255  0.0255  0.0254  0.0254  0.0255  0.0255
  0.0256  0.0256  0.0255  0.0255  0.0255  0.0255  0.0255  0.0257  0.0255  0.0256  0.0255  0.0255
  0.0260  0.0259  0.0257  0.0257  0.0257  0.0258  0.0259  0.0262  0.0258  0.0260  0.0256  0.0257
  0.0266  0.0263  0.0260  0.0261  0.0261  0.0264  0.0263  0.0271  0.0261  0.0268  0.0258  0.0260
niter,ni,del,rscale     3    3    5.0000    0.6000
parameters
   -1.4106    4.5928    6.8315  -14.9150  -22.9605  -12.9990
   -6.6328    8.6469    2.0946   27.1628   -9.1170  -42.0764
eta,q 0.97456 12.89983
  0.0263  0.0261  0.0259  0.0259  0.0259  0.0261  0.0261  0.0267  0.0260  0.0264  0.0257  0.0259
  0.0258  0.0257  0.0256  0.0257  0.0257  0.0258  0.0257  0.0260  0.0257  0.0259  0.0256  0.0256
  0.0255  0.0255  0.0255  0.0255  0.0255  0.0255  0.0255  0.0256  0.0255  0.0256  0.0255  0.0255
  0.0254  0.0255  0.0255  0.0255  0.0254  0.0254  0.0254  0.0254  0.0254  0.0254  0.0254  0.0254
  0.0255  0.0255  0.0255  0.0255  0.0255  0.0255  0.0255  0.0256  0.0255  0.0256  0.0255  0.0255
  0.0258  0.0257  0.0256  0.0256  0.0257  0.0257  0.0257  0.0260  0.0257  0.0259  0.0256  0.0257
  0.0263  0.0261  0.0259  0.0259  0.0259  0.0261  0.0261  0.0267  0.0260  0.0264  0.0257  0.0259
niter,ni,del,rscale     2    3    5.0000    0.5000
parameters
   -1.4068    4.5975    6.8240  -14.8179  -22.9096  -12.9439
   -6.6197    8.6564    2.1087   27.1764   -9.1514  -42.1567
eta,q 0.97456 12.91510
  0.0260  0.0259  0.0257  0.0257  0.0258  0.0259  0.0259  0.0263  0.0258  0.0261  0.0256  0.0257
  0.0257  0.0256  0.0256  0.0256  0.0256  0.0257  0.0256  0.0258  0.0256  0.0257  0.0255  0.0256
  0.0255  0.0255  0.0255  0.0255  0.0255  0.0255  0.0255  0.0255  0.0255  0.0255  0.0255  0.0255
  0.0254  0.0254  0.0254  0.0254  0.0254  0.0254  0.0254  0.0254  0.0254  0.0254  0.0254  0.0254
  0.0255  0.0255  0.0255  0.0254  0.0255  0.0255  0.0255  0.0255  0.0255  0.0255  0.0255  0.0255
  0.0257  0.0256  0.0256  0.0255  0.0256  0.0256  0.0256  0.0258  0.0256  0.0257  0.0255  0.0256
  0.0260  0.0259  0.0257  0.0257  0.0258  0.0259  0.0259  0.0263  0.0258  0.0261  0.0256  0.0258
niter,ni,del,rscale     1    3    5.0000    0.4000
parameters
   -1.4039    4.6019    6.8122  -14.6902  -22.8637  -12.8951
   -6.6105    8.6481    2.1358   27.1702   -9.1746  -42.2494
eta,q 0.97456 12.93097
  0.0258  0.0257  0.0256  0.0256  0.0257  0.0258  0.0257  0.0260  0.0257  0.0259  0.0256  0.0256
  0.0256  0.0256  0.0255  0.0255  0.0255  0.0256  0.0256  0.0257  0.0255  0.0256  0.0255  0.0255
  0.0255  0.0255  0.0255  0.0255  0.0255  0.0255  0.0255  0.0255  0.0255  0.0255  0.0254  0.0254
  0.0254  0.0254  0.0254  0.0254  0.0254  0.0254  0.0254  0.0254  0.0254  0.0254  0.0254  0.0254
  0.0255  0.0255  0.0255  0.0254  0.0255  0.0255  0.0255  0.0255  0.0255  0.0255  0.0254  0.0255
  0.0256  0.0256  0.0255  0.0255  0.0255  0.0256  0.0256  0.0257  0.0255  0.0256  0.0255  0.0255
  0.0258  0.0257  0.0256  0.0256  0.0257  0.0257  0.0257  0.0260  0.0257  0.0259  0.0256  0.0256
registration optimization eta report
parameter search radius
    0.8000    0.8000    0.8000    2.4000    2.4000    2.4000
    2.4000    2.4000    2.4000    2.4000    2.4000    2.4000
100000*second partial in parameter space
       58.       43.       29.        3.        4.        5.
        5.       10.        4.        8.        2.        3.
  0.0258  0.0257  0.0256  0.0256  0.0257  0.0258  0.0257  0.0260  0.0257  0.0259  0.0256  0.0256
  0.0256  0.0256  0.0255  0.0255  0.0255  0.0256  0.0256  0.0257  0.0255  0.0256  0.0255  0.0255
  0.0255  0.0255  0.0255  0.0255  0.0255  0.0255  0.0255  0.0255  0.0255  0.0255  0.0254  0.0254
  0.0254  0.0254  0.0254  0.0254  0.0254  0.0254  0.0254  0.0254  0.0254  0.0254  0.0254  0.0254
  0.0255  0.0255  0.0255  0.0254  0.0255  0.0255  0.0255  0.0255  0.0255  0.0255  0.0254  0.0255
  0.0256  0.0256  0.0255  0.0255  0.0255  0.0256  0.0256  0.0257  0.0255  0.0256  0.0255  0.0255
  0.0258  0.0257  0.0256  0.0256  0.0257  0.0257  0.0257  0.0260  0.0257  0.0259  0.0256  0.0256
   -1.4039    4.6019    6.8122  -14.6902  -22.8637  -12.8951
   -6.6105    8.6481    2.1358   27.1702   -9.1746  -42.2494
eta,q 0.97456 12.93097

---------------------------------------------------------------------
compute_vox2vox talsrcimg talsrcimg_to_711-2C_as_mni_average_305_t4 /opt/freesurfer/average/711-2C_as_mni_average_305
---------------------------------------------------------------------

freesurfer compute_vox2vox.c
Reading: talsrcimg.4dfp.ifh
Reading: talsrcimg_to_711-2C_as_mni_average_305_t4
Reading: /opt/freesurfer/average/711-2C_as_mni_average_305.4dfp.ifh
Writing: talsrcimg_to_711-2C_as_mni_average_305_t4_vox2vox.txt

start time Sun Mar 8 12:45:53 CET 2026
end		time Sun Mar 8 12:47:19 CET 2026

mpr2mni305 success

avi2talxfm orig_nu.mgz /opt/freesurfer/average/mni305.cor.mgz talsrcimg_to_711-2C_as_mni_average_305_t4_vox2vox.txt transforms/talairach.auto.xfm
avi2talxfm done
mv -f /out/sourcedata/freesurfer/sub-v1s12x0050127_ses-1/mri/talsrcimg_to_711-2C_as_mni_average_305_t4_vox2vox.txt /out/sourcedata/freesurfer/sub-v1s12x0050127_ses-1/mri/transforms/talsrcimg_to_711-2C_as_mni_average_305_t4_vox2vox.txt
lta_convert --src orig_nu.mgz --trg /opt/freesurfer/average/mni305.cor.mgz --inxfm transforms/talairach.auto.xfm --outlta transforms/talairach.auto.xfm.lta --subject fsaverage
7.3.2

--src: orig_nu.mgz src image (geometry).
--trg: /opt/freesurfer/average/mni305.cor.mgz trg image (geometry).
--inmni: transforms/talairach.auto.xfm input MNI/XFM transform.
--outlta: transforms/talairach.auto.xfm.lta output LTA.
--s: fsaverage subject name
 LTA read, type : 1
 1.15802  -0.12464   0.03098   9.17279;
 0.09089   0.97074   0.53949   3.44617;
-0.06408  -0.33848   1.10552   30.17552;
 0.00000   0.00000   0.00000   1.00000;
setting subject to fsaverage
Writing  LTA to file transforms/talairach.auto.xfm.lta...
lta_convert successful.
 
 
Started at Sun Mar 8 12:45:52 CET 2026
Ended   at Sun Mar  8 12:47:19 CET 2026
talairach_avi done
