/out/sourcedata/freesurfer/sub-v1s12x0050104_ses-1/mri
/opt/freesurfer/bin/talairach_avi
--i orig_nu.mgz --xfm transforms/talairach.auto.xfm
talairach_avi 7.3.2
Linux dna078 5.14.0-427.37.1.el9_4.x86_64 #1 SMP PREEMPT_DYNAMIC Fri Sep 13 12:41:50 EDT 2024 x86_64 x86_64 x86_64 GNU/Linux
Sun Mar  8 12:45:24 CET 2026
mri_convert orig_nu.mgz talsrcimg.img 
reading from orig_nu.mgz...
TR=0.00, TE=0.00, TI=0.00, flip angle=0.00
i_ras = (-1, 7.27596e-12, 0)
j_ras = (0, -4.65661e-10, -1)
k_ras = (0, 1, 0)
writing to talsrcimg.img...
Analyze Output Matrix
-1.00000   0.00000   0.00000   121.27171;
 0.00000  -0.00000   1.00000  -126.54926;
 0.00000  -1.00000   0.00000   139.69728;
 0.00000   0.00000   0.00000   1.00000;
--------------------
INFO: set hdr.hist.orient to -1
mpr2mni305 talsrcimg
Sun Mar  8 12:45:24 CET 2026
/opt/freesurfer/bin/mpr2mni305 talsrcimg
mpr2mni305 7.3.2
target=711-2C_as_mni_average_305

---------------------------------------------------------------------
analyzeto4dfp talsrcimg -O0 -y
---------------------------------------------------------------------

freesurfer ifh2hdr.c
Sun Mar  8 12:45:24 2026
Writing: talsrcimg.4dfp.hdr
freesurfer analyzeto4dfp.c
Reading: talsrcimg.hdr
header size 348 bytes
hdr.dime.datatype	offset=70	value=2
hdr.dime.bitpix		offset=72	value=8
hdr.hist.orient		offset=252	value=-1
dimensionality     4
dimensions       256       256       256         1
Reading: talsrcimg.img
Writing: talsrcimg.4dfp.img
Writing: talsrcimg.4dfp.ifh
ifh2hdr talsrcimg -r0to226
ori=2

---------------------------------------------------------------------
gauss_4dfp talsrcimg 1.1
---------------------------------------------------------------------

freesurfer gauss_4dfp.c
Reading: talsrcimg.4dfp.img
Writing: talsrcimg_g11.4dfp.img
image dimensions 256 256 256 padded to 288 288 288
processing volume 1freesurfer ifh2hdr.c
Sun Mar  8 12:45:26 2026
Writing: talsrcimg_g11.4dfp.hdr

Writing: talsrcimg_g11.4dfp.ifh
including: talsrcimg.4dfp.img.rec in talsrcimg_g11.4dfp.img.rec

---------------------------------------------------------------------
imgreg_4dfp /opt/freesurfer/average/711-2C_as_mni_average_305 none talsrcimg_g11 none talsrcimg_to_711-2C_as_mni_average_305_t4 4355
---------------------------------------------------------------------

freesurfer imgreg_4dfp.c
/opt/freesurfer/average/711-2C_as_mni_average_305.4dfp.img
       256       256       256         1
  1.000000  1.000000  1.000000
orientation T byte_order littleendian
Reading image: /opt/freesurfer/average/711-2C_as_mni_average_305.4dfp.img
dimensions:      256       256       256
mmppix:       1.0000   -1.0000   -1.0000
center:     128.0000 -129.0000 -129.0000
talsrcimg_g11.4dfp.img
       256       256       256         1
  1.000000  1.000000  1.000000
orientation T byte_order littleendian
Reading image: talsrcimg_g11.4dfp.img
dimensions:      256       256       256
mmppix:       1.0000   -1.0000   -1.0000
center:     128.0000 -129.0000 -129.0000
t4_read: open error in t4_sub.f l:  41 t4_file(1:l)talsrcimg_to_711-2C_as_mni_average_305_t4 
t4_read: transform initialized to I4
rotation matrix determinant  1.000000
image alignment mode   4355 decimal     1103 hex
   -7.5000  -45.0000  -45.0000 8723.0469   14.9860
    0.0000  -45.0000  -45.0000 9161.8066   14.9942
    7.5000  -45.0000  -45.0000 8809.9648   14.9900
   -7.5000  -37.5000  -45.0000 9264.9453   14.9830
    0.0000  -37.5000  -45.0000 9729.5332   14.9915
    7.5000  -37.5000  -45.0000 9352.5088   14.9855
   -7.5000  -30.0000  -45.000010103.0303   14.9794
    0.0000  -30.0000  -45.000010607.5420   14.9857
    7.5000  -30.0000  -45.000010186.6387   14.9747
   -7.5000  -22.5000  -45.000010873.9102   14.9708
    0.0000  -22.5000  -45.000011439.6875   14.9744
    7.5000  -22.5000  -45.000010978.8184   14.9604
   -7.5000  -15.0000  -45.000011553.0498   14.9656
    0.0000  -15.0000  -45.000012154.8984   14.9686
    7.5000  -15.0000  -45.000011672.1582   14.9562
   -7.5000   -7.5000  -45.000012193.1094   14.9710
    0.0000   -7.5000  -45.000012847.8760   14.9766
    7.5000   -7.5000  -45.000012322.5625   14.9692
   -7.5000    0.0000  -45.000012665.0010   14.9798
    0.0000    0.0000  -45.000013333.6406   14.9881
    7.5000    0.0000  -45.000012792.7998   14.9840
   -7.5000    7.5000  -45.000012252.4053   14.9830
    0.0000    7.5000  -45.000012886.5771   14.9915
    7.5000    7.5000  -45.000012323.4932   14.9855
   -7.5000   15.0000  -45.000011745.1328   14.9794
    0.0000   15.0000  -45.000012368.0078   14.9857
    7.5000   15.0000  -45.000011768.0127   14.9747
   -7.5000   22.5000  -45.000010994.9814   14.9687
    0.0000   22.5000  -45.000011566.0605   14.9724
    7.5000   22.5000  -45.000011007.0117   14.9583
   -7.5000   30.0000  -45.000010098.6357   14.7662
    0.0000   30.0000  -45.000010608.5068   14.7691
    7.5000   30.0000  -45.000010117.8721   14.7569
   -7.5000   37.5000  -45.0000 9551.7598   14.7715
    0.0000   37.5000  -45.000010017.1396   14.7770
    7.5000   37.5000  -45.0000 9544.4502   14.7697
   -7.5000   45.0000  -45.0000 8655.1982   14.4100
    0.0000   45.0000  -45.0000 9078.7617   14.4179
    7.5000   45.0000  -45.0000 8629.1133   14.4139
   -7.5000  -45.0000  -37.5000 9191.5674   14.9060
    0.0000  -45.0000  -37.5000 9655.2471   14.9118
    7.5000  -45.0000  -37.5000 9293.3359   14.9073
   -7.5000  -37.5000  -37.5000 9779.1982   14.8881
    0.0000  -37.5000  -37.500010267.2695   14.8940
    7.5000  -37.5000  -37.5000 9879.4463   14.8906
   -7.5000  -30.0000  -37.500010650.5596   14.8760
    0.0000  -30.0000  -37.500011208.0068   14.8808
    7.5000  -30.0000  -37.500010775.4053   14.8750
   -7.5000  -22.5000  -37.500011452.7412   14.8757
    0.0000  -22.5000  -37.500012061.6543   14.8785
    7.5000  -22.5000  -37.500011581.5078   14.8689
   -7.5000  -15.0000  -37.500012173.6270   14.8864
    0.0000  -15.0000  -37.500012816.1836   14.8882
    7.5000  -15.0000  -37.500012314.5732   14.8775
   -7.5000   -7.5000  -37.500012835.4238   14.8985
    0.0000   -7.5000  -37.500013533.5371   14.9022
    7.5000   -7.5000  -37.500012975.5049   14.8942
   -7.5000    0.0000  -37.500013294.6602   14.8998
    0.0000    0.0000  -37.500014011.4121   14.9056
    7.5000    0.0000  -37.500013434.7549   14.9012
   -7.5000    7.5000  -37.500012803.5459   14.8881
    0.0000    7.5000  -37.500013477.5537   14.8940
    7.5000    7.5000  -37.500012899.2021   14.8906
   -7.5000   15.0000  -37.500012256.3271   14.8760
    0.0000   15.0000  -37.500012928.7617   14.8808
    7.5000   15.0000  -37.500012321.8691   14.8750
   -7.5000   22.5000  -37.500011479.2510   14.8737
    0.0000   22.5000  -37.500012120.3271   14.8765
    7.5000   22.5000  -37.500011551.0820   14.8669
   -7.5000   30.0000  -37.500010527.5146   14.6880
    0.0000   30.0000  -37.500011087.7158   14.6898
    7.5000   30.0000  -37.500010589.9004   14.6793
   -7.5000   37.5000  -37.5000 9929.3252   14.6999
    0.0000   37.5000  -37.500010407.5654   14.7036
    7.5000   37.5000  -37.5000 9944.2480   14.6957
   -7.5000   45.0000  -37.5000 8978.1260   14.3330
    0.0000   45.0000  -37.5000 9408.2324   14.3386
    7.5000   45.0000  -37.5000 8955.5244   14.3343
   -7.5000  -45.0000  -30.0000 9861.7285   15.4905
    0.0000  -45.0000  -30.000010342.4170   15.4978
    7.5000  -45.0000  -30.0000 9959.6035   15.4945
   -7.5000  -37.5000  -30.000010478.7432   15.4672
    0.0000  -37.5000  -30.000010988.7451   15.4724
    7.5000  -37.5000  -30.000010579.3018   15.4710
   -7.5000  -30.0000  -30.000011412.4580   15.4514
    0.0000  -30.0000  -30.000012013.0488   15.4549
    7.5000  -30.0000  -30.000011561.5654   15.4520
   -7.5000  -22.5000  -30.000012283.8438   15.4528
    0.0000  -22.5000  -30.000012935.7188   15.4561
    7.5000  -22.5000  -30.000012426.8643   15.4500
   -7.5000  -15.0000  -30.000013060.0908   15.4688
    0.0000  -15.0000  -30.000013763.3838   15.4734
    7.5000  -15.0000  -30.000013211.8145   15.4656
   -7.5000   -7.5000  -30.000013726.5410   15.4842
    0.0000   -7.5000  -30.000014488.9102   15.4911
    7.5000   -7.5000  -30.000013882.0898   15.4851
   -7.5000    0.0000  -30.000014173.8877   15.4840
    0.0000    0.0000  -30.000014973.1396   15.4914
    7.5000    0.0000  -30.000014367.4043   15.4883
   -7.5000    7.5000  -30.000013599.8408   15.4672
    0.0000    7.5000  -30.000014340.7803   15.4724
    7.5000    7.5000  -30.000013751.5283   15.4710
   -7.5000   15.0000  -30.000012992.6787   15.4514
    0.0000   15.0000  -30.000013707.9365   15.4549
    7.5000   15.0000  -30.000013103.3594   15.4520
   -7.5000   22.5000  -30.000012208.4941   15.4491
    0.0000   22.5000  -30.000012879.8125   15.4524
    7.5000   22.5000  -30.000012298.6475   15.4463
   -7.5000   30.0000  -30.000011208.5312   15.2642
    0.0000   30.0000  -30.000011792.5020   15.2686
    7.5000   30.0000  -30.000011276.5146   15.2610
   -7.5000   37.5000  -30.000010547.8975   15.2793
    0.0000   37.5000  -30.000011055.4443   15.2861
    7.5000   37.5000  -30.000010571.1582   15.2802
   -7.5000   45.0000  -30.0000 9499.0742   14.9060
    0.0000   45.0000  -30.0000 9949.2637   14.9132
    7.5000   45.0000  -30.0000 9498.9756   14.9101
   -7.5000  -45.0000  -22.500010550.0410   16.0175
    0.0000  -45.0000  -22.500011060.2666   16.0285
    7.5000  -45.0000  -22.500010658.2959   16.0264
   -7.5000  -37.5000  -22.500011161.5391   16.0056
    0.0000  -37.5000  -22.500011716.9502   16.0124
    7.5000  -37.5000  -22.500011289.0605   16.0093
   -7.5000  -30.0000  -22.500012171.3662   15.9953
    0.0000  -30.0000  -22.500012840.6406   15.9993
    7.5000  -30.0000  -22.500012350.5908   15.9936
   -7.5000  -22.5000  -22.500013116.4053   15.9894
    0.0000  -22.5000  -22.500013847.1680   15.9943
    7.5000  -22.5000  -22.500013292.6621   15.9872
   -7.5000  -15.0000  -22.500013914.7998   15.9934
    0.0000  -15.0000  -22.500014729.0840   16.0018
    7.5000  -15.0000  -22.500014104.8584   15.9959
   -7.5000   -7.5000  -22.500014593.0391   16.0047
    0.0000   -7.5000  -22.500015443.6299   16.0163
    7.5000   -7.5000  -22.500014784.8486   16.0128
   -7.5000    0.0000  -22.500015086.7578   16.0108
    0.0000    0.0000  -22.500015973.6357   16.0219
    7.5000    0.0000  -22.500015329.6553   16.0199
   -7.5000    7.5000  -22.500014436.7090   16.0056
    0.0000    7.5000  -22.500015281.4785   16.0124
    7.5000    7.5000  -22.500014659.3271   16.0093
   -7.5000   15.0000  -22.500013751.6719   15.9953
    0.0000   15.0000  -22.500014534.2598   15.9993
    7.5000   15.0000  -22.500013920.9150   15.9936
   -7.5000   22.5000  -22.500012948.2715   15.9845
    0.0000   22.5000  -22.500013678.9102   15.9894
    7.5000   22.5000  -22.500013093.4180   15.9823
   -7.5000   30.0000  -22.500011910.5840   15.7842
    0.0000   30.0000  -22.500012554.6152   15.7925
    7.5000   30.0000  -22.500012036.5830   15.7867
   -7.5000   37.5000  -22.500011197.6455   15.7953
    0.0000   37.5000  -22.500011774.5439   15.8068
    7.5000   37.5000  -22.500011272.4629   15.8033
   -7.5000   45.0000  -22.500010061.5107   15.4248
    0.0000   45.0000  -22.500010551.6738   15.4355
    7.5000   45.0000  -22.500010109.2939   15.4335
   -7.5000  -45.0000  -15.000011217.6543   16.4034
    0.0000  -45.0000  -15.000011783.2793   16.4157
    7.5000  -45.0000  -15.000011359.6016   16.4126
   -7.5000  -37.5000  -15.000011825.6025   16.4077
    0.0000  -37.5000  -15.000012454.4287   16.4159
    7.5000  -37.5000  -15.000011999.4990   16.4085
   -7.5000  -30.0000  -15.000012886.0771   16.4054
    0.0000  -30.0000  -15.000013618.2344   16.4103
    7.5000  -30.0000  -15.000013103.6631   16.3978
   -7.5000  -22.5000  -15.000013868.4736   16.3888
    0.0000  -22.5000  -15.000014705.1240   16.3944
    7.5000  -22.5000  -15.000014127.1934   16.3819
   -7.5000  -15.0000  -15.000014741.6182   16.3753
    0.0000  -15.0000  -15.000015660.4609   16.3848
    7.5000  -15.0000  -15.000015021.7412   16.3770
   -7.5000   -7.5000  -15.000015427.8135   16.3809
    0.0000   -7.5000  -15.000016371.8135   16.3938
    7.5000   -7.5000  -15.000015727.7705   16.3904
   -7.5000    0.0000  -15.000016021.5605   16.3966
    0.0000    0.0000  -15.000016978.4688   16.4090
    7.5000    0.0000  -15.000016343.8291   16.4060
   -7.5000    7.5000  -15.000015323.5898   16.4077
    0.0000    7.5000  -15.000016224.4883   16.4159
    7.5000    7.5000  -15.000015627.7373   16.4085
   -7.5000   15.0000  -15.000014580.7490   16.4054
    0.0000   15.0000  -15.000015371.0508   16.4103
    7.5000   15.0000  -15.000014793.0781   16.3978
   -7.5000   22.5000  -15.000013712.2822   16.3830
    0.0000   22.5000  -15.000014462.1113   16.3886
    7.5000   22.5000  -15.000013892.0684   16.3761
   -7.5000   30.0000  -15.000012627.1426   16.1634
    0.0000   30.0000  -15.000013317.1172   16.1727
    7.5000   30.0000  -15.000012778.6250   16.1651
   -7.5000   37.5000  -15.000011875.2871   16.1689
    0.0000   37.5000  -15.000012519.9316   16.1817
    7.5000   37.5000  -15.000011979.4785   16.1783
   -7.5000   45.0000  -15.000010650.6533   15.8060
    0.0000   45.0000  -15.000011205.9971   15.8180
    7.5000   45.0000  -15.000010732.4082   15.8150
   -7.5000  -45.0000   -7.500011851.9688   16.5918
    0.0000  -45.0000   -7.500012483.5918   16.6026
    7.5000  -45.0000   -7.500012012.6191   16.5982
   -7.5000  -37.5000   -7.500012513.9639   16.6003
    0.0000  -37.5000   -7.500013211.8857   16.6093
    7.5000  -37.5000   -7.500012719.4756   16.6003
   -7.5000  -30.0000   -7.500013639.2666   16.6013
    0.0000  -30.0000   -7.500014396.3271   16.6072
    7.5000  -30.0000   -7.500013863.3633   16.5915
   -7.5000  -22.5000   -7.500014687.6045   16.5832
    0.0000  -22.5000   -7.500015546.1846   16.5877
    7.5000  -22.5000   -7.500014957.6289   16.5708
   -7.5000  -15.0000   -7.500015660.6943   16.5652
    0.0000  -15.0000   -7.500016592.3652   16.5712
    7.5000  -15.0000   -7.500015957.3896   16.5592
   -7.5000   -7.5000   -7.500016409.8984   16.5680
    0.0000   -7.5000   -7.500017322.3047   16.5773
    7.5000   -7.5000   -7.500016745.3789   16.5713
   -7.5000    0.0000   -7.500017068.4199   16.5850
    0.0000    0.0000   -7.500017976.0254   16.5959
    7.5000    0.0000   -7.500017415.2832   16.5917
   -7.5000    7.5000   -7.500016307.4668   16.6003
    0.0000    7.5000   -7.500017219.8516   16.6093
    7.5000    7.5000   -7.500016660.9492   16.6003
   -7.5000   15.0000   -7.500015474.2861   16.6013
    0.0000   15.0000   -7.500016336.5322   16.6072
    7.5000   15.0000   -7.500015726.4570   16.5915
   -7.5000   22.5000   -7.500014523.7490   16.5756
    0.0000   22.5000   -7.500015371.8145   16.5801
    7.5000   22.5000   -7.500014715.3799   16.5632
   -7.5000   30.0000   -7.500013358.7715   16.3504
    0.0000   30.0000   -7.500014126.0576   16.3563
    7.5000   30.0000   -7.500013526.7871   16.3445
   -7.5000   37.5000   -7.500012590.3936   16.3531
    0.0000   37.5000   -7.500013273.4248   16.3623
    7.5000   37.5000   -7.500012697.1660   16.3564
   -7.5000   45.0000   -7.500011295.3496   15.9905
    0.0000   45.0000   -7.500011925.2998   16.0010
    7.5000   45.0000   -7.500011401.4834   15.9968
   -7.5000  -45.0000    0.000012375.9512   16.6164
    0.0000  -45.0000    0.000013010.8730   16.6244
    7.5000  -45.0000    0.000012525.3633   16.6197
   -7.5000  -37.5000    0.000013078.8330   16.6134
    0.0000  -37.5000    0.000013779.0781   16.6221
    7.5000  -37.5000    0.000013256.7148   16.6154
   -7.5000  -30.0000    0.000014240.1523   16.6096
    0.0000  -30.0000    0.000015013.2598   16.6161
    7.5000  -30.0000    0.000014447.7031   16.6038
   -7.5000  -22.5000    0.000015327.3408   16.5999
    0.0000  -22.5000    0.000016247.5859   16.6033
    7.5000  -22.5000    0.000015640.5215   16.5876
   -7.5000  -15.0000    0.000016425.9980   16.5939
    0.0000  -15.0000    0.000017487.1406   16.5962
    7.5000  -15.0000    0.000016833.3867   16.5824
   -7.5000   -7.5000    0.000017387.4219   16.5997
    0.0000   -7.5000    0.000018381.0488   16.6047
    7.5000   -7.5000    0.000017768.7324   16.5964
   -7.5000    0.0000    0.000018055.0449   16.6096
    0.0000    0.0000    0.000019009.6797   16.6177
    7.5000    0.0000    0.000018402.6934   16.6131
   -7.5000    7.5000    0.000017198.7812   16.6134
    0.0000    7.5000    0.000018159.3926   16.6221
    7.5000    7.5000    0.000017528.8770   16.6154
   -7.5000   15.0000    0.000016251.3545   16.6096
    0.0000   15.0000    0.000017182.2734   16.6161
    7.5000   15.0000    0.000016487.3867   16.6038
   -7.5000   22.5000    0.000015214.4082   16.5922
    0.0000   22.5000    0.000016131.8604   16.5957
    7.5000   22.5000    0.000015425.6230   16.5799
   -7.5000   30.0000    0.000013975.6904   16.3791
    0.0000   30.0000    0.000014830.9258   16.3815
    7.5000   30.0000    0.000014175.0674   16.3678
   -7.5000   37.5000    0.000013184.6748   16.3849
    0.0000   37.5000    0.000013969.1270   16.3898
    7.5000   37.5000    0.000013347.7578   16.3816
   -7.5000   45.0000    0.000011827.0576   16.0153
    0.0000   45.0000    0.000012538.8691   16.0231
    7.5000   45.0000    0.000011972.8555   16.0185
   -7.5000  -45.0000    7.500011932.1211   16.6398
    0.0000  -45.0000    7.500012527.6074   16.6461
    7.5000  -45.0000    7.500012044.7959   16.6411
   -7.5000  -37.5000    7.500012607.6572   16.6199
    0.0000  -37.5000    7.500013274.9512   16.6264
    7.5000  -37.5000    7.500012749.0869   16.6226
   -7.5000  -30.0000    7.500013735.6797   16.6063
    0.0000  -30.0000    7.500014447.3213   16.6115
    7.5000  -30.0000    7.500013876.3916   16.6050
   -7.5000  -22.5000    7.500014836.4199   16.6057
    0.0000  -22.5000    7.500015687.2754   16.6086
    7.5000  -22.5000    7.500015067.7803   16.5980
   -7.5000  -15.0000    7.500015952.4971   16.6174
    0.0000  -15.0000    7.500017004.0332   16.6194
    7.5000  -15.0000    7.500016282.6455   16.6075
   -7.5000   -7.5000    7.500016940.1602   16.6311
    0.0000   -7.5000    7.500018038.8633   16.6351
    7.5000   -7.5000    7.500017280.6133   16.6263
   -7.5000    0.0000    7.500017597.0898   16.6329
    0.0000    0.0000    7.500018737.9492   16.6392
    7.5000    0.0000    7.500017950.2910   16.6344
   -7.5000    7.5000    7.500016778.8613   16.6199
    0.0000    7.5000    7.500017875.4043   16.6264
    7.5000    7.5000    7.500017123.6641   16.6226
   -7.5000   15.0000    7.500015719.3105   16.6063
    0.0000   15.0000    7.500016757.1992   16.6115
    7.5000   15.0000    7.500016039.2764   16.6050
   -7.5000   22.5000    7.500014710.1924   16.5981
    0.0000   22.5000    7.500015626.1592   16.6010
    7.5000   22.5000    7.500014941.3535   16.5903
   -7.5000   30.0000    7.500013528.4502   16.4024
    0.0000   30.0000    7.500014359.8184   16.4043
    7.5000   30.0000    7.500013723.2764   16.3926
   -7.5000   37.5000    7.500012761.3574   16.4158
    0.0000   37.5000    7.500013513.4990   16.4198
    7.5000   37.5000    7.500012936.8018   16.4111
   -7.5000   45.0000    7.500011445.9404   16.0379
    0.0000   45.0000    7.500012117.3340   16.0439
    7.5000   45.0000    7.500011578.5645   16.0393
   -7.5000  -45.0000   15.000011331.9502   16.6806
    0.0000  -45.0000   15.000011910.9551   16.6880
    7.5000  -45.0000   15.000011454.9951   16.6847
   -7.5000  -37.5000   15.000012012.5771   16.6551
    0.0000  -37.5000   15.000012628.0146   16.6604
    7.5000  -37.5000   15.000012131.9512   16.6590
   -7.5000  -30.0000   15.000013108.5645   16.6380
    0.0000  -30.0000   15.000013769.5908   16.6414
    7.5000  -30.0000   15.000013242.8477   16.6386
   -7.5000  -22.5000   15.000014229.1318   16.6398
    0.0000  -22.5000   15.000015023.4111   16.6430
    7.5000  -22.5000   15.000014420.7998   16.6366
   -7.5000  -15.0000   15.000015280.4697   16.6573
    0.0000  -15.0000   15.000016178.2373   16.6618
    7.5000  -15.0000   15.000015502.1006   16.6536
   -7.5000   -7.5000   15.000016188.5010   16.6739
    0.0000   -7.5000   15.000017057.6094   16.6810
    7.5000   -7.5000   15.000016342.7812   16.6746
   -7.5000    0.0000   15.000016809.4238   16.6735
    0.0000    0.0000   15.000017727.7461   16.6811
    7.5000    0.0000   15.000016978.6270   16.6779
   -7.5000    7.5000   15.000016050.1416   16.6551
    0.0000    7.5000   15.000017042.5586   16.6604
    7.5000    7.5000   15.000016330.1240   16.6590
   -7.5000   15.0000   15.000015041.1279   16.6380
    0.0000   15.0000   15.000015988.1484   16.6414
    7.5000   15.0000   15.000015315.4121   16.6386
   -7.5000   22.5000   15.000014022.8623   16.6321
    0.0000   22.5000   15.000014828.9043   16.6353
    7.5000   22.5000   15.000014202.7256   16.6289
   -7.5000   30.0000   15.000012867.0938   16.4417
    0.0000   30.0000   15.000013615.2480   16.4462
    7.5000   30.0000   15.000013018.4688   16.4381
   -7.5000   37.5000   15.000012098.9141   16.4581
    0.0000   37.5000   15.000012787.4277   16.4651
    7.5000   37.5000   15.000012223.4424   16.4588
   -7.5000   45.0000   15.000010830.3320   16.0772
    0.0000   45.0000   15.000011439.4854   16.0845
    7.5000   45.0000   15.000010932.4746   16.0813
   -7.5000  -45.0000   22.500010709.7607   16.8122
    0.0000  -45.0000   22.500011267.4277   16.8236
    7.5000  -45.0000   22.500010833.4912   16.8221
   -7.5000  -37.5000   22.500011371.5703   16.7993
    0.0000  -37.5000   22.500011938.2207   16.8062
    7.5000  -37.5000   22.500011464.6465   16.8037
   -7.5000  -30.0000   22.500012422.6152   16.7878
    0.0000  -30.0000   22.500012999.1055   16.7917
    7.5000  -30.0000   22.500012491.0049   16.7864
   -7.5000  -22.5000   22.500013451.9609   16.7814
    0.0000  -22.5000   22.500014121.5137   16.7861
    7.5000  -22.5000   22.500013540.7480   16.7794
   -7.5000  -15.0000   22.500014391.6846   16.7858
    0.0000  -15.0000   22.500015046.1016   16.7944
    7.5000  -15.0000   22.500014439.0586   16.7889
   -7.5000   -7.5000   22.500015152.5713   16.7982
    0.0000   -7.5000   22.500015830.1455   16.8103
    7.5000   -7.5000   22.500015177.5703   16.8074
   -7.5000    0.0000   22.500015748.9072   16.8051
    0.0000    0.0000   22.500016516.7715   16.8166
    7.5000    0.0000   22.500015836.4990   16.8152
   -7.5000    7.5000   22.500015114.1270   16.7993
    0.0000    7.5000   22.500015952.6182   16.8062
    7.5000    7.5000   22.500015293.2969   16.8037
   -7.5000   15.0000   22.500014215.7773   16.7878
    0.0000   15.0000   22.500015007.7158   16.7917
    7.5000   15.0000   22.500014385.9951   16.7864
   -7.5000   22.5000   22.500013183.8350   16.7737
    0.0000   22.5000   22.500013882.9531   16.7784
    7.5000   22.5000   22.500013281.8281   16.7717
   -7.5000   30.0000   22.500012113.4971   16.5686
    0.0000   30.0000   22.500012744.3770   16.5770
    7.5000   30.0000   22.500012190.0391   16.5717
   -7.5000   37.5000   22.500011382.6152   16.5808
    0.0000   37.5000   22.500011970.9189   16.5927
    7.5000   37.5000   22.500011446.6309   16.5899
   -7.5000   45.0000   22.500010183.9189   16.2041
    0.0000   45.0000   22.500010711.8467   16.2152
    7.5000   45.0000   22.500010236.6709   16.2138
   -7.5000  -45.0000   30.000010010.5557   17.0599
    0.0000  -45.0000   30.000010534.1982   17.0728
    7.5000  -45.0000   30.000010121.5508   17.0691
   -7.5000  -37.5000   30.000010612.5225   17.0648
    0.0000  -37.5000   30.000011132.5869   17.0732
    7.5000  -37.5000   30.000010680.7363   17.0649
   -7.5000  -30.0000   30.000011581.4258   17.0626
    0.0000  -30.0000   30.000012111.2812   17.0672
    7.5000  -30.0000   30.000011635.8379   17.0534
   -7.5000  -22.5000   30.000012504.4570   17.0449
    0.0000  -22.5000   30.000013088.7969   17.0500
    7.5000  -22.5000   30.000012558.3594   17.0362
   -7.5000  -15.0000   30.000013329.4492   17.0302
    0.0000  -15.0000   30.000013892.2480   17.0396
    7.5000  -15.0000   30.000013344.3799   17.0308
   -7.5000   -7.5000   30.000014029.5723   17.0359
    0.0000   -7.5000   30.000014618.8926   17.0494
    7.5000   -7.5000   30.000014032.3564   17.0453
   -7.5000    0.0000   30.000014624.2588   17.0527
    0.0000    0.0000   30.000015253.9893   17.0656
    7.5000    0.0000   30.000014650.8994   17.0621
   -7.5000    7.5000   30.000014094.1201   17.0648
    0.0000    7.5000   30.000014744.8955   17.0732
    7.5000    7.5000   30.000014148.5000   17.0649
   -7.5000   15.0000   30.000013290.0225   17.0626
    0.0000   15.0000   30.000013924.5029   17.0672
    7.5000   15.0000   30.000013349.0361   17.0534
   -7.5000   22.5000   30.000012284.9268   17.0370
    0.0000   22.5000   30.000012872.9922   17.0421
    7.5000   22.5000   30.000012338.1143   17.0283
   -7.5000   30.0000   30.000011266.1875   16.8098
    0.0000   30.0000   30.000011823.7383   16.8191
    7.5000   30.0000   30.000011311.7725   16.8104
   -7.5000   37.5000   30.000010593.4775   16.8155
    0.0000   37.5000   30.000011111.1436   16.8287
    7.5000   37.5000   30.000010638.7236   16.8247
   -7.5000   45.0000   30.0000 9479.9277   16.4429
    0.0000   45.0000   30.0000 9929.0078   16.4554
    7.5000   45.0000   30.0000 9505.5996   16.4519
   -7.5000  -45.0000   37.5000 9625.2529   17.4398
    0.0000  -45.0000   37.500010137.9590   17.4518
    7.5000  -45.0000   37.5000 9753.7588   17.4474
   -7.5000  -37.5000   37.500010201.3652   17.4471
    0.0000  -37.5000   37.500010719.3936   17.4576
    7.5000  -37.5000   37.500010300.2256   17.4484
   -7.5000  -30.0000   37.500011131.4258   17.4475
    0.0000  -30.0000   37.500011687.9590   17.4544
    7.5000  -30.0000   37.500011226.9893   17.4375
   -7.5000  -22.5000   37.500012008.9160   17.4289
    0.0000  -22.5000   37.500012595.1865   17.4338
    7.5000  -22.5000   37.500012089.2832   17.4149
   -7.5000  -15.0000   37.500012792.9756   17.4109
    0.0000  -15.0000   37.500013331.4102   17.4170
    7.5000  -15.0000   37.500012821.5029   17.4031
   -7.5000   -7.5000   37.500013477.6680   17.4147
    0.0000   -7.5000   37.500014025.5166   17.4245
    7.5000   -7.5000   37.500013470.9697   17.4175
   -7.5000    0.0000   37.500014090.9180   17.4323
    0.0000    0.0000   37.500014626.9502   17.4444
    7.5000    0.0000   37.500014048.0957   17.4402
   -7.5000    7.5000   37.500013601.0723   17.4471
    0.0000    7.5000   37.500014135.9873   17.4576
    7.5000    7.5000   37.500013568.5107   17.4484
   -7.5000   15.0000   37.500012856.9668   17.4475
    0.0000   15.0000   37.500013402.6035   17.4544
    7.5000   15.0000   37.500012852.4912   17.4375
   -7.5000   22.5000   37.500011885.4854   17.4208
    0.0000   22.5000   37.500012411.7959   17.4257
    7.5000   22.5000   37.500011885.1270   17.4068
   -7.5000   30.0000   37.500010869.0908   17.1856
    0.0000   30.0000   37.500011383.8984   17.1916
    7.5000   30.0000   37.500010895.8535   17.1778
   -7.5000   37.5000   37.500010219.6074   17.1893
    0.0000   37.5000   37.500010700.7061   17.1990
    7.5000   37.5000   37.500010251.9873   17.1921
   -7.5000   45.0000   37.5000 9155.8838   16.8079
    0.0000   45.0000   37.5000 9583.4043   16.8195
    7.5000   45.0000   37.5000 9161.2627   16.8153
   -7.5000  -45.0000   45.0000 8841.9854   17.8202
    0.0000  -45.0000   45.0000 9307.9492   17.8286
    7.5000  -45.0000   45.0000 8976.5498   17.8258
   -7.5000  -37.5000   45.0000 9365.6211   17.8152
    0.0000  -37.5000   45.0000 9865.9043   17.8242
    7.5000  -37.5000   45.0000 9499.3711   17.8189
   -7.5000  -30.0000   45.000010231.4365   17.8135
    0.0000  -30.0000   45.000010772.9619   17.8200
    7.5000  -30.0000   45.000010371.7764   17.8069
   -7.5000  -22.5000   45.000011025.6094   17.8068
    0.0000  -22.5000   45.000011594.3789   17.8099
    7.5000  -22.5000   45.000011153.2520   17.7917
   -7.5000  -15.0000   45.000011745.4658   17.8017
    0.0000  -15.0000   45.000012277.5859   17.8036
    7.5000  -15.0000   45.000011818.8467   17.7877
   -7.5000   -7.5000   45.000012359.3008   17.8054
    0.0000   -7.5000   45.000012892.7051   17.8104
    7.5000   -7.5000   45.000012394.5312   17.8023
   -7.5000    0.0000   45.000012913.5430   17.8123
    0.0000    0.0000   45.000013439.2510   17.8208
    7.5000    0.0000   45.000012914.2617   17.8182
   -7.5000    7.5000   45.000012498.9434   17.8152
    0.0000    7.5000   45.000012973.4580   17.8242
    7.5000    7.5000   45.000012471.3975   17.8189
   -7.5000   15.0000   45.000011848.4561   17.8135
    0.0000   15.0000   45.000012314.0879   17.8200
    7.5000   15.0000   45.000011830.0137   17.8069
   -7.5000   22.5000   45.000010960.9043   17.7986
    0.0000   22.5000   45.000011422.0488   17.8016
    7.5000   22.5000   45.000010955.9912   17.7835
   -7.5000   30.0000   45.000010039.2236   17.5697
    0.0000   30.0000   45.000010479.3838   17.5717
    7.5000   30.0000   45.000010046.6104   17.5560
   -7.5000   37.5000   45.0000 9437.2900   17.5734
    0.0000   37.5000   45.0000 9849.8135   17.5784
    7.5000   37.5000   45.0000 9441.9551   17.5704
   -7.5000   45.0000   45.0000 8448.3477   17.1811
    0.0000   45.0000   45.0000 8834.6406   17.1892
    7.5000   45.0000   45.0000 8454.3965   17.1866

---------------------------------------------------------------------
imgreg_4dfp /opt/freesurfer/average/711-2C_as_mni_average_305 /opt/freesurfer/average/711-2B_as_mni_average_305_mask talsrcimg_g11 none talsrcimg_to_711-2C_as_mni_average_305_t4 4355
---------------------------------------------------------------------

freesurfer imgreg_4dfp.c
/opt/freesurfer/average/711-2C_as_mni_average_305.4dfp.img
       256       256       256         1
  1.000000  1.000000  1.000000
orientation T byte_order littleendian
Reading image: /opt/freesurfer/average/711-2C_as_mni_average_305.4dfp.img
dimensions:      256       256       256
mmppix:       1.0000   -1.0000   -1.0000
center:     128.0000 -129.0000 -129.0000
/opt/freesurfer/average/711-2B_as_mni_average_305_mask.4dfp.img
       256       256       256         1
  1.000000  1.000000  1.000000
orientation T byte_order littleendian
Reading mask: /opt/freesurfer/average/711-2B_as_mni_average_305_mask.4dfp.img (2306576 pixels)
talsrcimg_g11.4dfp.img
       256       256       256         1
  1.000000  1.000000  1.000000
orientation T byte_order littleendian
Reading image: talsrcimg_g11.4dfp.img
dimensions:      256       256       256
mmppix:       1.0000   -1.0000   -1.0000
center:     128.0000 -129.0000 -129.0000
rotation matrix determinant  1.000000
image alignment mode   4355 decimal     1103 hex
   -7.5000  -45.0000  -45.0000 2313.3892   16.4568
    0.0000  -45.0000  -45.0000 2325.3147   16.3564
    7.5000  -45.0000  -45.0000 2320.2134   16.4240
   -7.5000  -37.5000  -45.0000 2394.6382   15.3658
    0.0000  -37.5000  -45.0000 2410.7673   15.2842
    7.5000  -37.5000  -45.0000 2405.2163   15.3286
   -7.5000  -30.0000  -45.0000 2438.9399   14.6959
    0.0000  -30.0000  -45.0000 2457.4170   14.5703
    7.5000  -30.0000  -45.0000 2450.3262   14.6383
   -7.5000  -22.5000  -45.0000 2465.8718   14.2525
    0.0000  -22.5000  -45.0000 2490.2571   14.1094
    7.5000  -22.5000  -45.0000 2482.2478   14.1721
   -7.5000  -15.0000  -45.0000 2475.3364   14.0333
    0.0000  -15.0000  -45.0000 2499.7205   13.8909
    7.5000  -15.0000  -45.0000 2491.4768   13.9381
   -7.5000   -7.5000  -45.0000 2483.9932   13.9803
    0.0000   -7.5000  -45.0000 2504.3054   13.8434
    7.5000   -7.5000  -45.0000 2494.1841   13.8976
   -7.5000    0.0000  -45.0000 2468.4429   14.1646
    0.0000    0.0000  -45.0000 2495.6643   14.0616
    7.5000    0.0000  -45.0000 2482.2317   14.1116
   -7.5000    7.5000  -45.0000 2431.6121   14.6602
    0.0000    7.5000  -45.0000 2459.0737   14.5398
    7.5000    7.5000  -45.0000 2444.9746   14.6160
   -7.5000   15.0000  -45.0000 2376.0063   15.4414
    0.0000   15.0000  -45.0000 2406.4958   15.3136
    7.5000   15.0000  -45.0000 2390.1328   15.3700
   -7.5000   22.5000  -45.0000 2305.4875   16.4714
    0.0000   22.5000  -45.0000 2330.4229   16.3274
    7.5000   22.5000  -45.0000 2315.7839   16.3721
   -7.5000   30.0000  -45.0000 2211.8525   17.9138
    0.0000   30.0000  -45.0000 2232.7749   17.7114
    7.5000   30.0000  -45.0000 2223.0115   17.7758
   -7.5000   37.5000  -45.0000 2109.9541   19.8988
    0.0000   37.5000  -45.0000 2130.6216   19.6762
    7.5000   37.5000  -45.0000 2116.6902   19.7680
   -7.5000   45.0000  -45.0000 1985.9340   22.6338
    0.0000   45.0000  -45.0000 2007.8357   22.3856
    7.5000   45.0000  -45.0000 1992.7941   22.4608
   -7.5000  -45.0000  -37.5000 2387.0261   15.4809
    0.0000  -45.0000  -37.5000 2400.8877   15.4141
    7.5000  -45.0000  -37.5000 2392.0295   15.4780
   -7.5000  -37.5000  -37.5000 2476.5305   14.4141
    0.0000  -37.5000  -37.5000 2492.5249   14.3490
    7.5000  -37.5000  -37.5000 2487.8540   14.3973
   -7.5000  -30.0000  -37.5000 2521.5317   13.7130
    0.0000  -30.0000  -37.5000 2544.8696   13.6257
    7.5000  -30.0000  -37.5000 2538.1140   13.6612
   -7.5000  -22.5000  -37.5000 2557.5540   13.2735
    0.0000  -22.5000  -37.5000 2584.5776   13.1331
    7.5000  -22.5000  -37.5000 2574.1252   13.2063
   -7.5000  -15.0000  -37.5000 2571.6980   13.0904
    0.0000  -15.0000  -37.5000 2598.3333   12.9319
    7.5000  -15.0000  -37.5000 2585.5674   13.0066
   -7.5000   -7.5000  -37.5000 2575.9446   13.0134
    0.0000   -7.5000  -37.5000 2600.0474   12.8969
    7.5000   -7.5000  -37.5000 2586.8220   12.9663
   -7.5000    0.0000  -37.5000 2557.9661   13.1953
    0.0000    0.0000  -37.5000 2583.9412   13.0841
    7.5000    0.0000  -37.5000 2572.1479   13.1540
   -7.5000    7.5000  -37.5000 2524.5901   13.6161
    0.0000    7.5000  -37.5000 2548.5703   13.4969
    7.5000    7.5000  -37.5000 2536.0493   13.5876
   -7.5000   15.0000  -37.5000 2466.6226   14.2841
    0.0000   15.0000  -37.5000 2495.8381   14.1894
    7.5000   15.0000  -37.5000 2479.4128   14.2576
   -7.5000   22.5000  -37.5000 2390.4507   15.2618
    0.0000   22.5000  -37.5000 2416.9734   15.1483
    7.5000   22.5000  -37.5000 2402.8354   15.2025
   -7.5000   30.0000  -37.5000 2289.5811   16.6246
    0.0000   30.0000  -37.5000 2312.9651   16.4391
    7.5000   30.0000  -37.5000 2302.7188   16.5314
   -7.5000   37.5000  -37.5000 2178.2625   18.4608
    0.0000   37.5000  -37.5000 2197.7622   18.2796
    7.5000   37.5000  -37.5000 2186.9802   18.3472
   -7.5000   45.0000  -37.5000 2050.7581   20.9100
    0.0000   45.0000  -37.5000 2068.0105   20.7457
    7.5000   45.0000  -37.5000 2054.6204   20.7987
   -7.5000  -45.0000  -30.0000 2494.8196   15.1450
    0.0000  -45.0000  -30.0000 2513.6775   15.0374
    7.5000  -45.0000  -30.0000 2504.0205   15.1141
   -7.5000  -37.5000  -30.0000 2588.2556   14.0190
    0.0000  -37.5000  -30.0000 2610.9507   13.9072
    7.5000  -37.5000  -30.0000 2605.0212   13.9708
   -7.5000  -30.0000  -30.0000 2647.4019   13.2629
    0.0000  -30.0000  -30.0000 2676.5769   13.1584
    7.5000  -30.0000  -30.0000 2671.9988   13.1966
   -7.5000  -22.5000  -30.0000 2696.0781   12.8250
    0.0000  -22.5000  -30.0000 2723.3071   12.7055
    7.5000  -22.5000  -30.0000 2713.4009   12.7581
   -7.5000  -15.0000  -30.0000 2715.4294   12.6220
    0.0000  -15.0000  -30.0000 2743.0940   12.4946
    7.5000  -15.0000  -30.0000 2728.1218   12.5765
   -7.5000   -7.5000  -30.0000 2716.4250   12.5649
    0.0000   -7.5000  -30.0000 2743.5972   12.4626
    7.5000   -7.5000  -30.0000 2726.8899   12.5595
   -7.5000    0.0000  -30.0000 2694.2542   12.7370
    0.0000    0.0000  -30.0000 2724.6062   12.6337
    7.5000    0.0000  -30.0000 2711.1116   12.7316
   -7.5000    7.5000  -30.0000 2659.4028   13.1204
    0.0000    7.5000  -30.0000 2688.0266   13.0050
    7.5000    7.5000  -30.0000 2676.6938   13.1083
   -7.5000   15.0000  -30.0000 2601.4221   13.7384
    0.0000   15.0000  -30.0000 2632.7205   13.6387
    7.5000   15.0000  -30.0000 2615.4653   13.7266
   -7.5000   22.5000  -30.0000 2521.4041   14.6927
    0.0000   22.5000  -30.0000 2548.8481   14.5607
    7.5000   22.5000  -30.0000 2532.8843   14.6412
   -7.5000   30.0000  -30.0000 2412.2412   16.0237
    0.0000   30.0000  -30.0000 2439.1094   15.8622
    7.5000   30.0000  -30.0000 2424.2400   15.9533
   -7.5000   37.5000  -30.0000 2292.7480   17.8209
    0.0000   37.5000  -30.0000 2313.9067   17.6571
    7.5000   37.5000  -30.0000 2299.0996   17.7115
   -7.5000   45.0000  -30.0000 2151.6821   20.1544
    0.0000   45.0000  -30.0000 2170.7478   19.9560
    7.5000   45.0000  -30.0000 2161.5564   20.0166
   -7.5000  -45.0000  -22.5000 2563.8682   14.7330
    0.0000  -45.0000  -22.5000 2585.9109   14.6011
    7.5000  -45.0000  -22.5000 2575.7339   14.7170
   -7.5000  -37.5000  -22.5000 2657.8674   13.5541
    0.0000  -37.5000  -22.5000 2686.0503   13.4185
    7.5000  -37.5000  -22.5000 2679.4138   13.5047
   -7.5000  -30.0000  -22.5000 2734.1130   12.7400
    0.0000  -30.0000  -22.5000 2769.1108   12.6184
    7.5000  -30.0000  -22.5000 2761.2732   12.6706
   -7.5000  -22.5000  -22.5000 2793.7400   12.2807
    0.0000  -22.5000  -22.5000 2824.4580   12.1632
    7.5000  -22.5000  -22.5000 2812.6008   12.2034
   -7.5000  -15.0000  -22.5000 2818.3059   12.0446
    0.0000  -15.0000  -22.5000 2852.7739   11.9375
    7.5000  -15.0000  -22.5000 2833.8564   11.9920
   -7.5000   -7.5000  -22.5000 2823.3486   11.9805
    0.0000   -7.5000  -22.5000 2856.8997   11.8848
    7.5000   -7.5000  -22.5000 2836.8037   11.9688
   -7.5000    0.0000  -22.5000 2803.6392   12.1743
    0.0000    0.0000  -22.5000 2839.8975   12.0646
    7.5000    0.0000  -22.5000 2822.9712   12.1699
   -7.5000    7.5000  -22.5000 2765.2810   12.5765
    0.0000    7.5000  -22.5000 2803.3284   12.4320
    7.5000    7.5000  -22.5000 2787.5330   12.5378
   -7.5000   15.0000  -22.5000 2703.8699   13.1988
    0.0000   15.0000  -22.5000 2732.6128   13.0513
    7.5000   15.0000  -22.5000 2721.0437   13.1578
   -7.5000   22.5000  -22.5000 2618.3689   14.1209
    0.0000   22.5000  -22.5000 2648.1843   13.9743
    7.5000   22.5000  -22.5000 2633.7529   14.0590
   -7.5000   30.0000  -22.5000 2504.6812   15.4139
    0.0000   30.0000  -22.5000 2530.5261   15.2265
    7.5000   30.0000  -22.5000 2518.1882   15.3266
   -7.5000   37.5000  -22.5000 2377.5869   17.1292
    0.0000   37.5000  -22.5000 2403.6262   16.9736
    7.5000   37.5000  -22.5000 2389.0251   17.0544
   -7.5000   45.0000  -22.5000 2226.9829   19.4033
    0.0000   45.0000  -22.5000 2252.2769   19.1990
    7.5000   45.0000  -22.5000 2245.0481   19.2937
   -7.5000  -45.0000  -15.0000 2592.0811   14.3855
    0.0000  -45.0000  -15.0000 2614.1389   14.2330
    7.5000  -45.0000  -15.0000 2606.4895   14.3444
   -7.5000  -37.5000  -15.0000 2690.7341   13.1424
    0.0000  -37.5000  -15.0000 2719.4241   12.9783
    7.5000  -37.5000  -15.0000 2711.7717   13.0766
   -7.5000  -30.0000  -15.0000 2781.7957   12.2756
    0.0000  -30.0000  -15.0000 2816.5857   12.1267
    7.5000  -30.0000  -15.0000 2804.8958   12.1924
   -7.5000  -22.5000  -15.0000 2843.8069   11.7668
    0.0000  -22.5000  -15.0000 2882.1853   11.6242
    7.5000  -22.5000  -15.0000 2868.5439   11.6728
   -7.5000  -15.0000  -15.0000 2877.3286   11.4986
    0.0000  -15.0000  -15.0000 2919.9421   11.3751
    7.5000  -15.0000  -15.0000 2905.2649   11.4220
   -7.5000   -7.5000  -15.0000 2891.5959   11.4292
    0.0000   -7.5000  -15.0000 2937.1389   11.2888
    7.5000   -7.5000  -15.0000 2912.5083   11.3762
   -7.5000    0.0000  -15.0000 2883.5093   11.6481
    0.0000    0.0000  -15.0000 2921.8328   11.4923
    7.5000    0.0000  -15.0000 2905.9148   11.6082
   -7.5000    7.5000  -15.0000 2838.3772   12.1141
    0.0000    7.5000  -15.0000 2878.5588   11.9133
    7.5000    7.5000  -15.0000 2868.2432   12.0436
   -7.5000   15.0000  -15.0000 2768.8110   12.7424
    0.0000   15.0000  -15.0000 2803.3530   12.5406
    7.5000   15.0000  -15.0000 2791.9402   12.6702
   -7.5000   22.5000  -15.0000 2675.5740   13.6620
    0.0000   22.5000  -15.0000 2711.7769   13.4338
    7.5000   22.5000  -15.0000 2697.3220   13.5698
   -7.5000   30.0000  -15.0000 2561.6672   14.9086
    0.0000   30.0000  -15.0000 2589.2708   14.6711
    7.5000   30.0000  -15.0000 2575.5742   14.7880
   -7.5000   37.5000  -15.0000 2430.7686   16.5807
    0.0000   37.5000  -15.0000 2460.1140   16.3617
    7.5000   37.5000  -15.0000 2446.7021   16.4536
   -7.5000   45.0000  -15.0000 2278.2471   18.7359
    0.0000   45.0000  -15.0000 2309.2544   18.5154
    7.5000   45.0000  -15.0000 2298.8167   18.6101
   -7.5000  -45.0000   -7.5000 2587.1997   14.1233
    0.0000  -45.0000   -7.5000 2608.6597   13.9229
    7.5000  -45.0000   -7.5000 2603.6343   14.0052
   -7.5000  -37.5000   -7.5000 2698.5010   12.8559
    0.0000  -37.5000   -7.5000 2724.3245   12.6840
    7.5000  -37.5000   -7.5000 2714.7783   12.7449
   -7.5000  -30.0000   -7.5000 2801.9597   11.9427
    0.0000  -30.0000   -7.5000 2829.5728   11.7827
    7.5000  -30.0000   -7.5000 2815.5483   11.8269
   -7.5000  -22.5000   -7.5000 2871.0129   11.3364
    0.0000  -22.5000   -7.5000 2906.9233   11.1600
    7.5000  -22.5000   -7.5000 2893.7483   11.2358
   -7.5000  -15.0000   -7.5000 2915.0823   11.0639
    0.0000  -15.0000   -7.5000 2958.4690   10.8821
    7.5000  -15.0000   -7.5000 2943.4719   10.9607
   -7.5000   -7.5000   -7.5000 2930.2664   11.0117
    0.0000   -7.5000   -7.5000 2982.3867   10.7755
    7.5000   -7.5000   -7.5000 2959.4556   10.9398
   -7.5000    0.0000   -7.5000 2927.2126   11.2527
    0.0000    0.0000   -7.5000 2972.6096   10.9955
    7.5000    0.0000   -7.5000 2958.2485   11.1845
   -7.5000    7.5000   -7.5000 2882.1462   11.7115
    0.0000    7.5000   -7.5000 2925.4233   11.4895
    7.5000    7.5000   -7.5000 2916.6047   11.6319
   -7.5000   15.0000   -7.5000 2810.1860   12.3339
    0.0000   15.0000   -7.5000 2847.4504   12.1319
    7.5000   15.0000   -7.5000 2837.8762   12.2624
   -7.5000   22.5000   -7.5000 2711.1865   13.2333
    0.0000   22.5000   -7.5000 2749.5244   13.0051
    7.5000   22.5000   -7.5000 2734.7070   13.1217
   -7.5000   30.0000   -7.5000 2592.8140   14.4540
    0.0000   30.0000   -7.5000 2619.5730   14.2179
    7.5000   30.0000   -7.5000 2608.2935   14.3142
   -7.5000   37.5000   -7.5000 2464.2363   16.0969
    0.0000   37.5000   -7.5000 2490.6514   15.8508
    7.5000   37.5000   -7.5000 2476.5786   15.9416
   -7.5000   45.0000   -7.5000 2311.7498   18.2282
    0.0000   45.0000   -7.5000 2340.6177   17.9724
    7.5000   45.0000   -7.5000 2327.0742   18.0431
   -7.5000  -45.0000    0.0000 2575.0706   13.9961
    0.0000  -45.0000    0.0000 2595.5320   13.7392
    7.5000  -45.0000    0.0000 2590.9675   13.8092
   -7.5000  -37.5000    0.0000 2690.3694   12.7163
    0.0000  -37.5000    0.0000 2713.2317   12.4682
    7.5000  -37.5000    0.0000 2706.3625   12.5355
   -7.5000  -30.0000    0.0000 2797.6982   11.7694
    0.0000  -30.0000    0.0000 2819.9077   11.5533
    7.5000  -30.0000    0.0000 2811.0613   11.6009
   -7.5000  -22.5000    0.0000 2876.5896   11.1312
    0.0000  -22.5000    0.0000 2909.4873   10.9371
    7.5000  -22.5000    0.0000 2902.2097   10.9990
   -7.5000  -15.0000    0.0000 2930.5984   10.8584
    0.0000  -15.0000    0.0000 2973.6162   10.6923
    7.5000  -15.0000    0.0000 2965.4768   10.7618
   -7.5000   -7.5000    0.0000 2954.2415   10.8542
    0.0000   -7.5000    0.0000 3005.9692   10.6560
    7.5000   -7.5000    0.0000 2988.5806   10.7695
   -7.5000    0.0000    0.0000 2949.8948   11.0454
    0.0000    0.0000    0.0000 3005.2087   10.7901
    7.5000    0.0000    0.0000 2985.2205   10.9529
   -7.5000    7.5000    0.0000 2906.0959   11.4520
    0.0000    7.5000    0.0000 2958.2651   11.2237
    7.5000    7.5000    0.0000 2942.9265   11.3504
   -7.5000   15.0000    0.0000 2836.1755   12.0811
    0.0000   15.0000    0.0000 2874.8340   11.8436
    7.5000   15.0000    0.0000 2863.8831   11.9551
   -7.5000   22.5000    0.0000 2734.8101   12.9793
    0.0000   22.5000    0.0000 2768.1201   12.7264
    7.5000   22.5000    0.0000 2759.2139   12.8229
   -7.5000   30.0000    0.0000 2606.4468   14.2128
    0.0000   30.0000    0.0000 2635.1328   13.9790
    7.5000   30.0000    0.0000 2624.6091   14.0612
   -7.5000   37.5000    0.0000 2475.3042   15.8303
    0.0000   37.5000    0.0000 2501.5066   15.6135
    7.5000   37.5000    0.0000 2489.6274   15.6757
   -7.5000   45.0000    0.0000 2320.8540   17.9157
    0.0000   45.0000    0.0000 2350.7019   17.6831
    7.5000   45.0000    0.0000 2340.9363   17.7348
   -7.5000  -45.0000    7.5000 2555.0193   14.0646
    0.0000  -45.0000    7.5000 2571.2939   13.7381
    7.5000  -45.0000    7.5000 2568.9473   13.7878
   -7.5000  -37.5000    7.5000 2671.9128   12.7665
    0.0000  -37.5000    7.5000 2692.7822   12.4616
    7.5000  -37.5000    7.5000 2687.3176   12.5022
   -7.5000  -30.0000    7.5000 2778.5520   11.7963
    0.0000  -30.0000    7.5000 2803.1875   11.5285
    7.5000  -30.0000    7.5000 2795.9360   11.5701
   -7.5000  -22.5000    7.5000 2864.0925   11.1901
    0.0000  -22.5000    7.5000 2902.3225   10.9468
    7.5000  -22.5000    7.5000 2898.2693   10.9947
   -7.5000  -15.0000    7.5000 2933.7078   10.9353
    0.0000  -15.0000    7.5000 2980.9451   10.7345
    7.5000  -15.0000    7.5000 2970.5288   10.7837
   -7.5000   -7.5000    7.5000 2968.4209   10.8598
    0.0000   -7.5000    7.5000 3025.9810   10.7057
    7.5000   -7.5000    7.5000 3002.3232   10.7679
   -7.5000    0.0000    7.5000 2957.6941   11.0405
    0.0000    0.0000    7.5000 3022.5564   10.8914
    7.5000    0.0000    7.5000 2995.9558   10.9555
   -7.5000    7.5000    7.5000 2916.6604   11.4273
    0.0000    7.5000    7.5000 2970.0930   11.2624
    7.5000    7.5000    7.5000 2950.9692   11.3330
   -7.5000   15.0000    7.5000 2839.8066   12.0549
    0.0000   15.0000    7.5000 2882.3450   11.8409
    7.5000   15.0000    7.5000 2870.7524   11.9200
   -7.5000   22.5000    7.5000 2741.7166   12.9551
    0.0000   22.5000    7.5000 2769.1370   12.7122
    7.5000   22.5000    7.5000 2761.6675   12.7671
   -7.5000   30.0000    7.5000 2612.5510   14.1827
    0.0000   30.0000    7.5000 2639.2576   13.9440
    7.5000   30.0000    7.5000 2631.2527   13.9973
   -7.5000   37.5000    7.5000 2475.6099   15.8070
    0.0000   37.5000    7.5000 2502.2856   15.5458
    7.5000   37.5000    7.5000 2492.9502   15.5960
   -7.5000   45.0000    7.5000 2317.1267   17.8463
    0.0000   45.0000    7.5000 2342.4939   17.5825
    7.5000   45.0000    7.5000 2333.2744   17.6375
   -7.5000  -45.0000   15.0000 2523.9614   14.3442
    0.0000  -45.0000   15.0000 2543.5767   13.9550
    7.5000  -45.0000   15.0000 2539.2275   13.9939
   -7.5000  -37.5000   15.0000 2638.5007   13.0277
    0.0000  -37.5000   15.0000 2662.2598   12.6690
    7.5000  -37.5000   15.0000 2656.0667   12.7120
   -7.5000  -30.0000   15.0000 2743.4314   12.0680
    0.0000  -30.0000   15.0000 2773.8481   11.7352
    7.5000  -30.0000   15.0000 2770.9443   11.7788
   -7.5000  -22.5000   15.0000 2842.6558   11.4580
    0.0000  -22.5000   15.0000 2886.4231   11.1563
    7.5000  -22.5000   15.0000 2879.5298   11.2179
   -7.5000  -15.0000   15.0000 2915.7468   11.1272
    0.0000  -15.0000   15.0000 2971.9224   10.8864
    7.5000  -15.0000   15.0000 2956.5046   10.9370
   -7.5000   -7.5000   15.0000 2957.8054   10.9950
    0.0000   -7.5000   15.0000 3023.8042   10.7698
    7.5000   -7.5000   15.0000 2997.8669   10.8589
   -7.5000    0.0000   15.0000 2949.9648   11.1755
    0.0000    0.0000   15.0000 3013.0991   10.9102
    7.5000    0.0000   15.0000 2990.7937   11.0146
   -7.5000    7.5000   15.0000 2900.3875   11.6036
    0.0000    7.5000   15.0000 2960.2683   11.3722
    7.5000    7.5000   15.0000 2946.9187   11.4441
   -7.5000   15.0000   15.0000 2820.9319   12.2485
    0.0000   15.0000   15.0000 2862.0986   12.0676
    7.5000   15.0000   15.0000 2850.8235   12.1285
   -7.5000   22.5000   15.0000 2721.2222   13.1301
    0.0000   22.5000   15.0000 2747.7095   12.9416
    7.5000   22.5000   15.0000 2739.6729   12.9908
   -7.5000   30.0000   15.0000 2594.7393   14.3243
    0.0000   30.0000   15.0000 2622.0034   14.1276
    7.5000   30.0000   15.0000 2615.0144   14.1723
   -7.5000   37.5000   15.0000 2460.2917   15.9173
    0.0000   37.5000   15.0000 2486.1077   15.6980
    7.5000   37.5000   15.0000 2476.8235   15.7287
   -7.5000   45.0000   15.0000 2298.3347   17.9165
    0.0000   45.0000   15.0000 2321.2295   17.6933
    7.5000   45.0000   15.0000 2313.9795   17.7191
   -7.5000  -45.0000   22.5000 2490.7039   14.8287
    0.0000  -45.0000   22.5000 2510.6074   14.3803
    7.5000  -45.0000   22.5000 2510.8691   14.4323
   -7.5000  -37.5000   22.5000 2607.2769   13.5168
    0.0000  -37.5000   22.5000 2631.3745   13.1097
    7.5000  -37.5000   22.5000 2627.6265   13.1272
   -7.5000  -30.0000   22.5000 2710.1191   12.5211
    0.0000  -30.0000   22.5000 2741.9072   12.1370
    7.5000  -30.0000   22.5000 2739.1143   12.1752
   -7.5000  -22.5000   22.5000 2809.1379   11.8438
    0.0000  -22.5000   22.5000 2850.4270   11.4811
    7.5000  -22.5000   22.5000 2843.5354   11.5491
   -7.5000  -15.0000   22.5000 2883.8472   11.4365
    0.0000  -15.0000   22.5000 2934.7888   11.1326
    7.5000  -15.0000   22.5000 2923.3533   11.2036
   -7.5000   -7.5000   22.5000 2925.9402   11.2494
    0.0000   -7.5000   22.5000 2986.8276   10.9326
    7.5000   -7.5000   22.5000 2968.2783   11.0457
   -7.5000    0.0000   22.5000 2919.6440   11.4159
    0.0000    0.0000   22.5000 2976.5427   11.1392
    7.5000    0.0000   22.5000 2961.3750   11.2202
   -7.5000    7.5000   22.5000 2872.2007   11.8609
    0.0000    7.5000   22.5000 2931.2542   11.6481
    7.5000    7.5000   22.5000 2915.6135   11.7153
   -7.5000   15.0000   22.5000 2788.4031   12.6029
    0.0000   15.0000   22.5000 2832.4216   12.4074
    7.5000   15.0000   22.5000 2819.6106   12.4524
   -7.5000   22.5000   22.5000 2681.4272   13.5333
    0.0000   22.5000   22.5000 2712.1721   13.3252
    7.5000   22.5000   22.5000 2703.5786   13.3447
   -7.5000   30.0000   22.5000 2560.6562   14.6993
    0.0000   30.0000   22.5000 2587.9023   14.5051
    7.5000   30.0000   22.5000 2580.5198   14.5214
   -7.5000   37.5000   22.5000 2428.2954   16.2185
    0.0000   37.5000   22.5000 2452.8286   16.0288
    7.5000   37.5000   22.5000 2444.0613   16.0652
   -7.5000   45.0000   22.5000 2269.2876   18.1728
    0.0000   45.0000   22.5000 2292.1006   17.9782
    7.5000   45.0000   22.5000 2281.4839   17.9999
   -7.5000  -45.0000   30.0000 2450.3049   15.4901
    0.0000  -45.0000   30.0000 2473.7856   15.0339
    7.5000  -45.0000   30.0000 2472.5291   15.0789
   -7.5000  -37.5000   30.0000 2562.8735   14.0974
    0.0000  -37.5000   30.0000 2592.7754   13.6650
    7.5000  -37.5000   30.0000 2586.7988   13.7038
   -7.5000  -30.0000   30.0000 2664.2002   13.0715
    0.0000  -30.0000   30.0000 2697.2666   12.6529
    7.5000  -30.0000   30.0000 2694.7727   12.7008
   -7.5000  -22.5000   30.0000 2757.8279   12.3684
    0.0000  -22.5000   30.0000 2797.6411   11.9704
    7.5000  -22.5000   30.0000 2791.1074   12.0197
   -7.5000  -15.0000   30.0000 2829.3394   11.9096
    0.0000  -15.0000   30.0000 2876.7681   11.5462
    7.5000  -15.0000   30.0000 2868.3149   11.6220
   -7.5000   -7.5000   30.0000 2871.0750   11.7093
    0.0000   -7.5000   30.0000 2921.5327   11.3859
    7.5000   -7.5000   30.0000 2908.7427   11.4734
   -7.5000    0.0000   30.0000 2860.8328   11.8777
    0.0000    0.0000   30.0000 2905.3901   11.6290
    7.5000    0.0000   30.0000 2895.9431   11.7019
   -7.5000    7.5000   30.0000 2815.1138   12.3439
    0.0000    7.5000   30.0000 2859.6953   12.1205
    7.5000    7.5000   30.0000 2849.6243   12.1848
   -7.5000   15.0000   30.0000 2734.9761   13.0728
    0.0000   15.0000   30.0000 2778.0146   12.8497
    7.5000   15.0000   30.0000 2766.0593   12.8944
   -7.5000   22.5000   30.0000 2629.1731   13.9961
    0.0000   22.5000   30.0000 2662.8057   13.7842
    7.5000   22.5000   30.0000 2656.4395   13.7932
   -7.5000   30.0000   30.0000 2514.3674   15.1393
    0.0000   30.0000   30.0000 2541.0046   14.9357
    7.5000   30.0000   30.0000 2536.0583   14.9550
   -7.5000   37.5000   30.0000 2382.0508   16.6865
    0.0000   37.5000   30.0000 2405.0107   16.4767
    7.5000   37.5000   30.0000 2401.1882   16.5081
   -7.5000   45.0000   30.0000 2226.0232   18.6406
    0.0000   45.0000   30.0000 2245.8125   18.4329
    7.5000   45.0000   30.0000 2236.2825   18.4729
   -7.5000  -45.0000   37.5000 2397.1470   16.2412
    0.0000  -45.0000   37.5000 2428.4731   15.8114
    7.5000  -45.0000   37.5000 2427.6492   15.8536
   -7.5000  -37.5000   37.5000 2512.3440   14.8244
    0.0000  -37.5000   37.5000 2548.8701   14.3790
    7.5000  -37.5000   37.5000 2541.6338   14.4240
   -7.5000  -30.0000   37.5000 2611.6833   13.7774
    0.0000  -30.0000   37.5000 2652.2756   13.3303
    7.5000  -30.0000   37.5000 2645.1826   13.3905
   -7.5000  -22.5000   37.5000 2700.8989   13.0561
    0.0000  -22.5000   37.5000 2744.0574   12.6241
    7.5000  -22.5000   37.5000 2738.6206   12.6866
   -7.5000  -15.0000   37.5000 2763.1658   12.5730
    0.0000  -15.0000   37.5000 2807.0806   12.1680
    7.5000  -15.0000   37.5000 2802.0298   12.2430
   -7.5000   -7.5000   37.5000 2794.0444   12.3566
    0.0000   -7.5000   37.5000 2836.2368   12.0507
    7.5000   -7.5000   37.5000 2827.0481   12.1085
   -7.5000    0.0000   37.5000 2785.8635   12.5258
    0.0000    0.0000   37.5000 2817.6230   12.2745
    7.5000    0.0000   37.5000 2810.8123   12.3107
   -7.5000    7.5000   37.5000 2741.0376   12.9868
    0.0000    7.5000   37.5000 2772.6873   12.7651
    7.5000    7.5000   37.5000 2765.0925   12.7821
   -7.5000   15.0000   37.5000 2669.4612   13.6706
    0.0000   15.0000   37.5000 2708.1604   13.4459
    7.5000   15.0000   37.5000 2697.8481   13.4771
   -7.5000   22.5000   37.5000 2570.6113   14.5969
    0.0000   22.5000   37.5000 2602.4263   14.3745
    7.5000   22.5000   37.5000 2596.1580   14.3753
   -7.5000   30.0000   37.5000 2460.9763   15.7617
    0.0000   30.0000   37.5000 2487.5229   15.5407
    7.5000   30.0000   37.5000 2485.0886   15.5582
   -7.5000   37.5000   37.5000 2328.9331   17.3399
    0.0000   37.5000   37.5000 2353.0510   17.1109
    7.5000   37.5000   37.5000 2353.0388   17.1242
   -7.5000   45.0000   37.5000 2174.6213   19.3127
    0.0000   45.0000   37.5000 2195.8794   19.0743
    7.5000   45.0000   37.5000 2189.5325   19.1035
   -7.5000  -45.0000   45.0000 2341.0701   17.1610
    0.0000  -45.0000   45.0000 2372.3000   16.7239
    7.5000  -45.0000   45.0000 2372.6287   16.7658
   -7.5000  -37.5000   45.0000 2449.2544   15.7150
    0.0000  -37.5000   45.0000 2489.2920   15.2637
    7.5000  -37.5000   45.0000 2487.7524   15.3226
   -7.5000  -30.0000   45.0000 2549.4089   14.6287
    0.0000  -30.0000   45.0000 2591.8877   14.2027
    7.5000  -30.0000   45.0000 2589.0200   14.2564
   -7.5000  -22.5000   45.0000 2630.1709   13.8864
    0.0000  -22.5000   45.0000 2674.6792   13.4628
    7.5000  -22.5000   45.0000 2673.1809   13.5169
   -7.5000  -15.0000   45.0000 2682.5142   13.3975
    0.0000  -15.0000   45.0000 2725.0869   13.0263
    7.5000  -15.0000   45.0000 2723.3716   13.0686
   -7.5000   -7.5000   45.0000 2702.2407   13.1821
    0.0000   -7.5000   45.0000 2741.1704   12.8822
    7.5000   -7.5000   45.0000 2739.3137   12.9202
   -7.5000    0.0000   45.0000 2686.9419   13.3239
    0.0000    0.0000   45.0000 2718.9292   13.0569
    7.5000    0.0000   45.0000 2718.9177   13.0753
   -7.5000    7.5000   45.0000 2651.4800   13.7586
    0.0000    7.5000   45.0000 2676.9402   13.5156
    7.5000    7.5000   45.0000 2675.2170   13.5171
   -7.5000   15.0000   45.0000 2587.2356   14.4292
    0.0000   15.0000   45.0000 2615.8760   14.1833
    7.5000   15.0000   45.0000 2611.0271   14.1606
   -7.5000   22.5000   45.0000 2498.3220   15.3483
    0.0000   22.5000   45.0000 2527.0049   15.0954
    7.5000   22.5000   45.0000 2520.8904   15.0590
   -7.5000   30.0000   45.0000 2397.2393   16.5307
    0.0000   30.0000   45.0000 2424.5366   16.2967
    7.5000   30.0000   45.0000 2418.4192   16.2938
   -7.5000   37.5000   45.0000 2268.8955   18.0965
    0.0000   37.5000   45.0000 2291.2256   17.8949
    7.5000   37.5000   45.0000 2287.9385   17.8928
   -7.5000   45.0000   45.0000 2118.4534   20.1721
    0.0000   45.0000   45.0000 2141.5142   19.9442
    7.5000   45.0000   45.0000 2133.8384   19.9607

---------------------------------------------------------------------
imgreg_4dfp /opt/freesurfer/average/711-2C_as_mni_average_305 /opt/freesurfer/average/711-2B_as_mni_average_305_mask talsrcimg_g11 none talsrcimg_to_711-2C_as_mni_average_305_t4 1283
---------------------------------------------------------------------

freesurfer imgreg_4dfp.c
/opt/freesurfer/average/711-2C_as_mni_average_305.4dfp.img
       256       256       256         1
  1.000000  1.000000  1.000000
orientation T byte_order littleendian
Reading image: /opt/freesurfer/average/711-2C_as_mni_average_305.4dfp.img
dimensions:      256       256       256
mmppix:       1.0000   -1.0000   -1.0000
center:     128.0000 -129.0000 -129.0000
/opt/freesurfer/average/711-2B_as_mni_average_305_mask.4dfp.img
       256       256       256         1
  1.000000  1.000000  1.000000
orientation T byte_order littleendian
Reading mask: /opt/freesurfer/average/711-2B_as_mni_average_305_mask.4dfp.img (2306576 pixels)
talsrcimg_g11.4dfp.img
       256       256       256         1
  1.000000  1.000000  1.000000
orientation T byte_order littleendian
Reading image: talsrcimg_g11.4dfp.img
dimensions:      256       256       256
mmppix:       1.0000   -1.0000   -1.0000
center:     128.0000 -129.0000 -129.0000
rotation matrix determinant  1.000000
fimgreg.f
image alignment mode   1283 decimal      503 hex
parameters
    0.0000   -7.5000    7.5000    0.0000    0.0000    0.0000
eta,q 0.94952 10.72817
niter,ni,del,rscale     5    3   12.0000    1.2000
parameter  2 -0.533289 -> -0.500000 qaram    1.1500
parameter  4  1.676746 ->  0.500000 qaram    1.1500
parameters
    2.4476   -4.0500    9.4052   -3.4500   -1.1684    1.7366
eta,q 0.95905 10.75291
  0.0661  0.0603  0.0523  0.0399  0.0444  0.0460
  0.0612  0.0555  0.0496  0.0411  0.0420  0.0437
  0.0554  0.0507  0.0468  0.0427  0.0411  0.0420
  0.0503  0.0473  0.0453  0.0452  0.0415  0.0412
  0.0476  0.0454  0.0452  0.0481  0.0427  0.0409
  0.0492  0.0452  0.0459  0.0509  0.0449  0.0411
  0.0532  0.0473  0.0470  0.0549  0.0471  0.0425
niter,ni,del,rscale     6    3   12.0000    1.2000
parameter  4  1.736461 ->  0.500000 qaram    1.3225
parameters
    2.9615   -3.1796    8.4435   -7.4175   -1.0915    2.6486
eta,q 0.96272 10.73092
  0.0559  0.0529  0.0438  0.0355  0.0440  0.0405
  0.0480  0.0473  0.0419  0.0370  0.0400  0.0390
  0.0434  0.0432  0.0406  0.0389  0.0380  0.0382
  0.0409  0.0408  0.0402  0.0403  0.0375  0.0375
  0.0419  0.0403  0.0415  0.0425  0.0385  0.0372
  0.0460  0.0432  0.0441  0.0461  0.0403  0.0379
  0.0511  0.0487  0.0471  0.0492  0.0431  0.0393
niter,ni,del,rscale     6    3   12.0000    1.2000
parameter  4  0.735461 ->  0.500000 qaram    1.5209
parameters
    2.9840   -2.0773    7.6504  -11.9801   -1.2086    2.1402
eta,q 0.96681 10.76674
  0.0509  0.0492  0.0405  0.0344  0.0399  0.0359
  0.0441  0.0435  0.0376  0.0332  0.0356  0.0345
  0.0391  0.0396  0.0364  0.0337  0.0334  0.0337
  0.0373  0.0373  0.0367  0.0364  0.0331  0.0331
  0.0398  0.0366  0.0380  0.0392  0.0348  0.0334
  0.0444  0.0385  0.0399  0.0426  0.0367  0.0350
  0.0502  0.0440  0.0423  0.0470  0.0395  0.0377
niter,ni,del,rscale     6    3   12.0000    1.2000
parameters
    2.6936   -1.0267    6.0687  -12.8742   -1.0396    2.6269
eta,q 0.96853 10.74572
  0.0465  0.0503  0.0363  0.0403  0.0401  0.0365
  0.0394  0.0408  0.0330  0.0351  0.0355  0.0344
  0.0345  0.0358  0.0317  0.0319  0.0326  0.0327
  0.0332  0.0331  0.0327  0.0317  0.0315  0.0315
  0.0361  0.0329  0.0356  0.0344  0.0328  0.0316
  0.0416  0.0358  0.0382  0.0381  0.0355  0.0330
  0.0487  0.0421  0.0406  0.0435  0.0387  0.0355
niter,ni,del,rscale     5    3   12.0000    1.2000
parameters
    2.8920   -0.8945    5.7595  -13.2557   -1.2785    2.8991
eta,q 0.96873 10.73435
  0.0488  0.0463  0.0384  0.0410  0.0391  0.0363
  0.0407  0.0378  0.0342  0.0360  0.0345  0.0342
  0.0341  0.0332  0.0320  0.0323  0.0319  0.0324
  0.0315  0.0315  0.0315  0.0315  0.0314  0.0313
  0.0336  0.0335  0.0333  0.0335  0.0331  0.0315
  0.0389  0.0385  0.0363  0.0373  0.0361  0.0332
  0.0469  0.0441  0.0388  0.0424  0.0396  0.0359
niter,ni,del,rscale     4    3   12.0000    1.2000
parameters
    2.9909   -0.7962    5.5762  -13.4031   -1.4083    3.0464
eta,q 0.96880 10.73063
  0.0483  0.0463  0.0385  0.0413  0.0395  0.0362
  0.0404  0.0376  0.0343  0.0363  0.0347  0.0341
  0.0338  0.0328  0.0320  0.0324  0.0319  0.0323
  0.0313  0.0313  0.0313  0.0313  0.0313  0.0312
  0.0334  0.0337  0.0329  0.0331  0.0328  0.0316
  0.0390  0.0387  0.0358  0.0369  0.0358  0.0334
  0.0477  0.0441  0.0385  0.0418  0.0395  0.0362
niter,ni,del,rscale     3    3   12.0000    1.2000
parameters
    3.0414   -0.7690    5.5015  -13.4428   -1.4714    3.1172
eta,q 0.96882 10.72908
  0.0481  0.0460  0.0387  0.0415  0.0397  0.0361
  0.0403  0.0374  0.0345  0.0365  0.0348  0.0341
  0.0337  0.0325  0.0320  0.0324  0.0319  0.0322
  0.0312  0.0312  0.0312  0.0312  0.0312  0.0312
  0.0333  0.0339  0.0326  0.0329  0.0327  0.0316
  0.0391  0.0390  0.0355  0.0367  0.0356  0.0335
  0.0482  0.0442  0.0383  0.0415  0.0394  0.0363
niter,ni,del,rscale     2    3   12.0000    1.2000
parameters
    3.0670   -0.7688    5.4737  -13.4455   -1.5022    3.1506
eta,q 0.96882 10.72824
  0.0480  0.0459  0.0388  0.0416  0.0398  0.0361
  0.0402  0.0374  0.0345  0.0366  0.0348  0.0340
  0.0337  0.0324  0.0320  0.0324  0.0319  0.0322
  0.0312  0.0312  0.0312  0.0312  0.0312  0.0312
  0.0333  0.0340  0.0325  0.0329  0.0326  0.0316
  0.0392  0.0391  0.0354  0.0367  0.0356  0.0335
  0.0484  0.0442  0.0382  0.0414  0.0394  0.0364
registration optimization eta report
parameter search radius
    6.0000    6.9000    6.0000    9.1253    6.0000    6.0000
100000*second partial in parameter space
       46.       29.       20.       12.       23.       14.
  0.0480  0.0459  0.0388  0.0416  0.0398  0.0361
  0.0402  0.0374  0.0345  0.0366  0.0348  0.0340
  0.0337  0.0324  0.0320  0.0324  0.0319  0.0322
  0.0312  0.0312  0.0312  0.0312  0.0312  0.0312
  0.0333  0.0340  0.0325  0.0329  0.0326  0.0316
  0.0392  0.0391  0.0354  0.0367  0.0356  0.0335
  0.0484  0.0442  0.0382  0.0414  0.0394  0.0364
    3.0670   -0.7688    5.4737  -13.4455   -1.5022    3.1506
eta,q 0.96882 10.72824

---------------------------------------------------------------------
imgreg_4dfp /opt/freesurfer/average/711-2C_as_mni_average_305 /opt/freesurfer/average/711-2B_as_mni_average_305_mask talsrcimg_g11 none talsrcimg_to_711-2C_as_mni_average_305_t4 3335
---------------------------------------------------------------------

freesurfer imgreg_4dfp.c
/opt/freesurfer/average/711-2C_as_mni_average_305.4dfp.img
       256       256       256         1
  1.000000  1.000000  1.000000
orientation T byte_order littleendian
Reading image: /opt/freesurfer/average/711-2C_as_mni_average_305.4dfp.img
dimensions:      256       256       256
mmppix:       1.0000   -1.0000   -1.0000
center:     128.0000 -129.0000 -129.0000
/opt/freesurfer/average/711-2B_as_mni_average_305_mask.4dfp.img
       256       256       256         1
  1.000000  1.000000  1.000000
orientation T byte_order littleendian
Reading mask: /opt/freesurfer/average/711-2B_as_mni_average_305_mask.4dfp.img (2306576 pixels)
talsrcimg_g11.4dfp.img
       256       256       256         1
  1.000000  1.000000  1.000000
orientation T byte_order littleendian
Reading image: talsrcimg_g11.4dfp.img
dimensions:      256       256       256
mmppix:       1.0000   -1.0000   -1.0000
center:     128.0000 -129.0000 -129.0000
fimgreg.f
image alignment mode   3335 decimal      D07 hex
parameters
    3.0670   -0.7688    5.4737   -0.1855   -2.9214   -2.7743
   -5.9540    1.2680    5.4941   23.3570   -2.6216  -23.2441
eta,q 0.96886 10.84297
niter,ni,del,rscale     5    3    5.0000    1.2000
parameter  4  0.635472 ->  0.500000 qaram    1.1500
parameter  5  1.305063 ->  0.500000 qaram    1.1500
parameter  6 -0.986603 -> -0.500000 qaram    1.1500
parameter 12  3.488761 ->  0.500000 qaram    1.1500
parameters
    2.6893   -0.2638    6.6206   -4.3255   -7.0614    1.3657
   -3.4641    0.7378    4.5337   20.5694    0.0006  -27.3841
eta,q 0.97607 10.78761
  0.0334  0.0338  0.0323  0.0299  0.0264  0.0296  0.0302  0.0298  0.0274  0.0265  0.0266  0.0230
  0.0319  0.0325  0.0317  0.0293  0.0268  0.0286  0.0285  0.0278  0.0266  0.0259  0.0262  0.0237
  0.0312  0.0316  0.0313  0.0294  0.0278  0.0277  0.0272  0.0265  0.0261  0.0257  0.0259  0.0246
  0.0311  0.0310  0.0310  0.0308  0.0292  0.0271  0.0264  0.0261  0.0261  0.0260  0.0257  0.0257
  0.0319  0.0310  0.0308  0.0332  0.0313  0.0266  0.0261  0.0268  0.0264  0.0268  0.0257  0.0268
  0.0334  0.0314  0.0308  0.0365  0.0337  0.0263  0.0263  0.0286  0.0273  0.0282  0.0257  0.0280
  0.0354  0.0322  0.0310  0.0400  0.0359  0.0262  0.0271  0.0312  0.0285  0.0303  0.0259  0.0292
niter,ni,del,rscale     7    3    5.0000    1.2000
parameter 12  1.044523 ->  0.500000 qaram    1.3225
parameters
    2.4346   -0.4034    7.4657   -5.2722  -10.8098    3.3906
   -2.3995    0.1607    4.2313   21.8662    0.5130  -32.1451
eta,q 0.97829 10.71790
  0.0267  0.0258  0.0256  0.0271  0.0242  0.0261  0.0261  0.0266  0.0245  0.0256  0.0238  0.0215
  0.0250  0.0247  0.0248  0.0258  0.0235  0.0249  0.0246  0.0244  0.0237  0.0243  0.0233  0.0216
  0.0241  0.0241  0.0243  0.0246  0.0233  0.0240  0.0236  0.0232  0.0231  0.0234  0.0230  0.0221
  0.0239  0.0239  0.0239  0.0237  0.0240  0.0233  0.0230  0.0230  0.0229  0.0229  0.0228  0.0228
  0.0246  0.0242  0.0237  0.0241  0.0253  0.0230  0.0230  0.0236  0.0232  0.0228  0.0229  0.0239
  0.0260  0.0251  0.0238  0.0264  0.0272  0.0232  0.0236  0.0253  0.0238  0.0232  0.0231  0.0252
  0.0281  0.0263  0.0242  0.0303  0.0300  0.0245  0.0247  0.0280  0.0248  0.0242  0.0235  0.0267
niter,ni,del,rscale     7    3    5.0000    1.2000
parameters
    2.3887    0.1665    6.9959   -5.1165  -11.9876    2.5494
   -2.2373   -0.0113    4.5011   23.3620   -0.0387  -35.9393
eta,q 0.97900 10.69075
  0.0249  0.0249  0.0224  0.0257  0.0238  0.0237  0.0242  0.0255  0.0233  0.0240  0.0222  0.0219
  0.0232  0.0234  0.0218  0.0242  0.0225  0.0226  0.0228  0.0232  0.0224  0.0227  0.0217  0.0211
  0.0221  0.0223  0.0215  0.0228  0.0217  0.0218  0.0219  0.0219  0.0218  0.0220  0.0215  0.0210
  0.0217  0.0217  0.0216  0.0215  0.0215  0.0215  0.0215  0.0215  0.0215  0.0215  0.0214  0.0214
  0.0221  0.0216  0.0219  0.0213  0.0221  0.0216  0.0218  0.0220  0.0217  0.0215  0.0216  0.0223
  0.0233  0.0220  0.0226  0.0230  0.0236  0.0229  0.0226  0.0234  0.0222  0.0218  0.0219  0.0236
  0.0252  0.0229  0.0236  0.0265  0.0258  0.0257  0.0240  0.0259  0.0231  0.0226  0.0224  0.0252
niter,ni,del,rscale     6    3    5.0000    1.2000
parameters
    2.3500    0.5783    6.4256   -5.1733  -12.8642    1.9423
   -2.2123   -0.0498    4.7971   25.0083   -0.5048  -36.8177
eta,q 0.97919 10.67459
  0.0243  0.0240  0.0217  0.0249  0.0235  0.0234  0.0236  0.0250  0.0227  0.0235  0.0217  0.0229
  0.0225  0.0226  0.0211  0.0234  0.0221  0.0222  0.0222  0.0227  0.0218  0.0222  0.0212  0.0216
  0.0214  0.0216  0.0208  0.0220  0.0212  0.0213  0.0213  0.0214  0.0212  0.0214  0.0209  0.0209
  0.0210  0.0210  0.0209  0.0208  0.0209  0.0209  0.0209  0.0209  0.0209  0.0209  0.0209  0.0209
  0.0214  0.0210  0.0213  0.0207  0.0214  0.0210  0.0212  0.0214  0.0211  0.0209  0.0210  0.0214
  0.0226  0.0215  0.0221  0.0225  0.0229  0.0222  0.0222  0.0227  0.0216  0.0212  0.0214  0.0223
  0.0246  0.0225  0.0231  0.0261  0.0252  0.0250  0.0236  0.0252  0.0225  0.0219  0.0220  0.0237
niter,ni,del,rscale     5    3    5.0000    1.2000
parameters
    2.3239    0.9245    6.0647   -5.2562  -13.5197    1.4490
   -2.1857   -0.0898    5.0124   26.0208   -0.6247  -37.4856
eta,q 0.97924 10.65516
  0.0241  0.0236  0.0218  0.0247  0.0234  0.0233  0.0235  0.0249  0.0225  0.0230  0.0218  0.0230
  0.0223  0.0223  0.0211  0.0232  0.0221  0.0221  0.0221  0.0226  0.0217  0.0219  0.0212  0.0217
  0.0212  0.0213  0.0208  0.0219  0.0212  0.0212  0.0212  0.0212  0.0211  0.0212  0.0209  0.0209
  0.0208  0.0208  0.0207  0.0207  0.0207  0.0208  0.0208  0.0208  0.0208  0.0208  0.0208  0.0208
  0.0212  0.0208  0.0211  0.0206  0.0211  0.0209  0.0211  0.0213  0.0209  0.0208  0.0209  0.0213
  0.0224  0.0213  0.0217  0.0224  0.0226  0.0220  0.0221  0.0226  0.0215  0.0212  0.0213  0.0222
  0.0243  0.0224  0.0227  0.0259  0.0248  0.0248  0.0235  0.0250  0.0224  0.0221  0.0218  0.0236
niter,ni,del,rscale     4    3    5.0000    1.2000
parameters
    2.3127    1.1785    5.7949   -5.3241  -14.0101    1.0494
   -2.1800   -0.1251    5.0461   26.8154   -0.6193  -37.9640
eta,q 0.97923 10.64035
  0.0241  0.0233  0.0219  0.0246  0.0235  0.0233  0.0235  0.0248  0.0224  0.0229  0.0218  0.0231
  0.0223  0.0221  0.0212  0.0231  0.0221  0.0221  0.0221  0.0226  0.0216  0.0218  0.0212  0.0217
  0.0212  0.0212  0.0208  0.0218  0.0212  0.0212  0.0212  0.0212  0.0210  0.0211  0.0209  0.0209
  0.0208  0.0208  0.0207  0.0207  0.0207  0.0208  0.0208  0.0208  0.0208  0.0208  0.0208  0.0208
  0.0211  0.0208  0.0210  0.0206  0.0210  0.0208  0.0211  0.0212  0.0210  0.0208  0.0209  0.0212
  0.0223  0.0214  0.0216  0.0223  0.0224  0.0219  0.0220  0.0226  0.0215  0.0212  0.0212  0.0222
  0.0242  0.0225  0.0225  0.0258  0.0245  0.0246  0.0235  0.0249  0.0225  0.0222  0.0218  0.0235
niter,ni,del,rscale     3    3    5.0000    1.2000
parameters
    2.3104    1.3840    5.5732   -5.3713  -14.4081    0.7084
   -2.1636   -0.1510    4.9748   27.4633   -0.5306  -38.3222
eta,q 0.97922 10.62822
  0.0241  0.0232  0.0219  0.0245  0.0234  0.0233  0.0234  0.0248  0.0224  0.0228  0.0218  0.0231
  0.0223  0.0220  0.0212  0.0231  0.0222  0.0221  0.0221  0.0225  0.0215  0.0218  0.0213  0.0218
  0.0212  0.0212  0.0208  0.0218  0.0212  0.0213  0.0212  0.0212  0.0210  0.0211  0.0209  0.0210
  0.0208  0.0208  0.0207  0.0207  0.0207  0.0208  0.0208  0.0208  0.0208  0.0208  0.0208  0.0208
  0.0211  0.0208  0.0210  0.0206  0.0210  0.0208  0.0211  0.0212  0.0210  0.0209  0.0209  0.0212
  0.0222  0.0214  0.0216  0.0222  0.0223  0.0218  0.0220  0.0225  0.0215  0.0212  0.0212  0.0221
  0.0241  0.0226  0.0225  0.0257  0.0244  0.0245  0.0234  0.0249  0.0225  0.0223  0.0217  0.0234
niter,ni,del,rscale     2    3    5.0000    1.2000
parameters
    2.3126    1.5516    5.3917   -5.4020  -14.7292    0.4270
   -2.1355   -0.1681    4.8796   27.9889   -0.4561  -38.6219
eta,q 0.97920 10.61835
  0.0240  0.0232  0.0220  0.0244  0.0235  0.0233  0.0234  0.0247  0.0224  0.0227  0.0218  0.0232
  0.0223  0.0220  0.0213  0.0231  0.0222  0.0221  0.0221  0.0225  0.0215  0.0218  0.0213  0.0218
  0.0212  0.0212  0.0208  0.0219  0.0213  0.0213  0.0212  0.0212  0.0210  0.0211  0.0209  0.0210
  0.0208  0.0208  0.0208  0.0208  0.0208  0.0208  0.0208  0.0208  0.0208  0.0208  0.0208  0.0208
  0.0211  0.0209  0.0210  0.0206  0.0210  0.0208  0.0211  0.0212  0.0210  0.0209  0.0209  0.0212
  0.0222  0.0215  0.0216  0.0222  0.0222  0.0217  0.0220  0.0225  0.0216  0.0213  0.0212  0.0221
  0.0241  0.0226  0.0224  0.0256  0.0243  0.0244  0.0234  0.0248  0.0225  0.0224  0.0217  0.0234
niter,ni,del,rscale     1    3    5.0000    1.2000
parameters
    2.3159    1.6851    5.2374   -5.4308  -14.9917    0.1906
   -2.1072   -0.1747    4.8071   28.4324   -0.3898  -38.8740
eta,q 0.97918 10.60995
  0.0240  0.0231  0.0220  0.0244  0.0235  0.0233  0.0234  0.0247  0.0225  0.0227  0.0218  0.0232
  0.0223  0.0219  0.0213  0.0231  0.0222  0.0222  0.0221  0.0225  0.0216  0.0218  0.0213  0.0219
  0.0212  0.0212  0.0209  0.0219  0.0213  0.0213  0.0212  0.0213  0.0210  0.0211  0.0209  0.0210
  0.0208  0.0208  0.0208  0.0208  0.0208  0.0208  0.0208  0.0208  0.0208  0.0208  0.0208  0.0208
  0.0211  0.0209  0.0210  0.0206  0.0210  0.0208  0.0211  0.0212  0.0210  0.0209  0.0209  0.0212
  0.0222  0.0216  0.0215  0.0221  0.0222  0.0217  0.0220  0.0225  0.0216  0.0213  0.0213  0.0221
  0.0241  0.0227  0.0224  0.0255  0.0242  0.0244  0.0234  0.0248  0.0225  0.0224  0.0218  0.0234
registration optimization eta report
parameter search radius
    2.4000    2.4000    2.4000    8.2800    8.2800    8.2800
    7.2000    7.2000    7.2000    7.2000    7.2000    9.5220
100000*second partial in parameter space
       56.       37.       25.        6.        4.        5.
        5.        8.        3.        3.        2.        3.
  0.0240  0.0231  0.0220  0.0244  0.0235  0.0233  0.0234  0.0247  0.0225  0.0227  0.0218  0.0232
  0.0223  0.0219  0.0213  0.0231  0.0222  0.0222  0.0221  0.0225  0.0216  0.0218  0.0213  0.0219
  0.0212  0.0212  0.0209  0.0219  0.0213  0.0213  0.0212  0.0213  0.0210  0.0211  0.0209  0.0210
  0.0208  0.0208  0.0208  0.0208  0.0208  0.0208  0.0208  0.0208  0.0208  0.0208  0.0208  0.0208
  0.0211  0.0209  0.0210  0.0206  0.0210  0.0208  0.0211  0.0212  0.0210  0.0209  0.0209  0.0212
  0.0222  0.0216  0.0215  0.0221  0.0222  0.0217  0.0220  0.0225  0.0216  0.0213  0.0213  0.0221
  0.0241  0.0227  0.0224  0.0255  0.0242  0.0244  0.0234  0.0248  0.0225  0.0224  0.0218  0.0234
    2.3159    1.6851    5.2374   -5.4308  -14.9917    0.1906
   -2.1072   -0.1747    4.8071   28.4324   -0.3898  -38.8740
eta,q 0.97918 10.60995

---------------------------------------------------------------------
imgreg_4dfp /opt/freesurfer/average/711-2C_as_mni_average_305 /opt/freesurfer/average/711-2B_as_mni_average_305_mask talsrcimg_g11 none talsrcimg_to_711-2C_as_mni_average_305_t4 2311
---------------------------------------------------------------------

freesurfer imgreg_4dfp.c
/opt/freesurfer/average/711-2C_as_mni_average_305.4dfp.img
       256       256       256         1
  1.000000  1.000000  1.000000
orientation T byte_order littleendian
Reading image: /opt/freesurfer/average/711-2C_as_mni_average_305.4dfp.img
dimensions:      256       256       256
mmppix:       1.0000   -1.0000   -1.0000
center:     128.0000 -129.0000 -129.0000
/opt/freesurfer/average/711-2B_as_mni_average_305_mask.4dfp.img
       256       256       256         1
  1.000000  1.000000  1.000000
orientation T byte_order littleendian
Reading mask: /opt/freesurfer/average/711-2B_as_mni_average_305_mask.4dfp.img (2306576 pixels)
talsrcimg_g11.4dfp.img
       256       256       256         1
  1.000000  1.000000  1.000000
orientation T byte_order littleendian
Reading image: talsrcimg_g11.4dfp.img
dimensions:      256       256       256
mmppix:       1.0000   -1.0000   -1.0000
center:     128.0000 -129.0000 -129.0000
fimgreg.f
image alignment mode   2311 decimal      907 hex
parameters
    2.3159    1.6851    5.2374   -5.4308  -14.9917    0.1906
   -2.1072   -0.1747    4.8071   28.4324   -0.3898  -38.8740
eta,q 0.97918 10.60995
niter,ni,del,rscale     5    3    5.0000    0.8000
parameters
    2.3392    1.8358    5.1231   -4.0635  -14.8004    0.7744
   -2.3460   -0.0532    4.4769   28.9627   -0.2128  -38.9198
eta,q 0.97957 10.68360
  0.0223  0.0219  0.0214  0.0227  0.0216  0.0216  0.0217  0.0228  0.0212  0.0215  0.0211  0.0211
  0.0215  0.0214  0.0210  0.0221  0.0211  0.0211  0.0210  0.0216  0.0208  0.0209  0.0207  0.0207
  0.0210  0.0210  0.0208  0.0214  0.0207  0.0207  0.0206  0.0208  0.0205  0.0206  0.0205  0.0205
  0.0208  0.0208  0.0208  0.0208  0.0205  0.0205  0.0205  0.0205  0.0205  0.0204  0.0204  0.0204
  0.0209  0.0208  0.0209  0.0205  0.0205  0.0205  0.0207  0.0206  0.0206  0.0205  0.0205  0.0205
  0.0214  0.0211  0.0212  0.0207  0.0209  0.0207  0.0212  0.0214  0.0209  0.0206  0.0207  0.0208
  0.0222  0.0216  0.0215  0.0216  0.0216  0.0213  0.0220  0.0226  0.0215  0.0211  0.0210  0.0212
niter,ni,del,rscale     4    3    5.0000    0.7000
parameters
    2.2874    1.8068    5.1841   -4.1515  -14.7635    1.0578
   -2.2180   -0.1112    4.4233   28.9561   -0.1416  -38.8967
eta,q 0.97957 10.68989
  0.0217  0.0212  0.0210  0.0219  0.0213  0.0213  0.0215  0.0222  0.0211  0.0211  0.0209  0.0210
  0.0210  0.0208  0.0207  0.0213  0.0209  0.0209  0.0209  0.0213  0.0207  0.0207  0.0207  0.0207
  0.0206  0.0205  0.0205  0.0207  0.0206  0.0206  0.0206  0.0207  0.0205  0.0205  0.0205  0.0205
  0.0204  0.0204  0.0204  0.0204  0.0204  0.0204  0.0204  0.0204  0.0204  0.0204  0.0204  0.0204
  0.0206  0.0205  0.0205  0.0205  0.0205  0.0204  0.0205  0.0206  0.0205  0.0205  0.0205  0.0205
  0.0211  0.0208  0.0206  0.0212  0.0208  0.0206  0.0208  0.0213  0.0208  0.0207  0.0206  0.0207
  0.0219  0.0213  0.0209  0.0223  0.0213  0.0212  0.0214  0.0223  0.0211  0.0211  0.0209  0.0210
niter,ni,del,rscale     3    3    5.0000    0.6000
parameters
    2.2736    1.7847    5.2335   -4.0806  -14.6617    1.2173
   -2.2012   -0.1083    4.3697   28.8952   -0.1344  -38.8259
eta,q 0.97959 10.69824
  0.0214  0.0210  0.0209  0.0216  0.0211  0.0210  0.0212  0.0218  0.0209  0.0209  0.0208  0.0208
  0.0209  0.0207  0.0206  0.0211  0.0208  0.0207  0.0208  0.0211  0.0206  0.0206  0.0206  0.0206
  0.0205  0.0205  0.0205  0.0207  0.0205  0.0205  0.0205  0.0206  0.0205  0.0205  0.0204  0.0205
  0.0204  0.0204  0.0204  0.0204  0.0204  0.0204  0.0204  0.0204  0.0204  0.0204  0.0204  0.0204
  0.0205  0.0205  0.0205  0.0205  0.0204  0.0204  0.0205  0.0205  0.0205  0.0205  0.0204  0.0205
  0.0209  0.0207  0.0206  0.0209  0.0206  0.0206  0.0207  0.0210  0.0206  0.0206  0.0206  0.0206
  0.0215  0.0210  0.0208  0.0217  0.0211  0.0210  0.0212  0.0218  0.0209  0.0209  0.0208  0.0208
niter,ni,del,rscale     2    3    5.0000    0.5000
parameters
    2.2695    1.7562    5.2855   -3.9866  -14.5279    1.3550
   -2.1928   -0.0814    4.3224   28.7869   -0.1362  -38.7648
eta,q 0.97961 10.70674
  0.0211  0.0208  0.0207  0.0213  0.0209  0.0208  0.0209  0.0214  0.0207  0.0207  0.0207  0.0207
  0.0207  0.0206  0.0206  0.0209  0.0206  0.0206  0.0207  0.0209  0.0205  0.0205  0.0205  0.0205
  0.0205  0.0204  0.0204  0.0206  0.0205  0.0205  0.0205  0.0205  0.0204  0.0204  0.0204  0.0204
  0.0204  0.0204  0.0204  0.0204  0.0204  0.0204  0.0204  0.0204  0.0204  0.0204  0.0204  0.0204
  0.0205  0.0205  0.0204  0.0205  0.0204  0.0204  0.0205  0.0205  0.0204  0.0204  0.0204  0.0204
  0.0207  0.0206  0.0205  0.0208  0.0205  0.0205  0.0206  0.0208  0.0206  0.0205  0.0205  0.0205
  0.0211  0.0208  0.0207  0.0213  0.0208  0.0208  0.0209  0.0214  0.0208  0.0208  0.0207  0.0207
niter,ni,del,rscale     1    3    5.0000    0.4000
parameters
    2.2643    1.7195    5.3348   -3.9048  -14.3878    1.4665
   -2.1818   -0.0467    4.3003   28.6315   -0.1514  -38.6948
eta,q 0.97962 10.71352
  0.0208  0.0206  0.0206  0.0210  0.0207  0.0207  0.0207  0.0211  0.0206  0.0206  0.0206  0.0206
  0.0206  0.0205  0.0205  0.0207  0.0206  0.0205  0.0205  0.0207  0.0205  0.0205  0.0205  0.0205
  0.0204  0.0204  0.0204  0.0205  0.0204  0.0204  0.0204  0.0205  0.0204  0.0204  0.0204  0.0204
  0.0204  0.0204  0.0204  0.0204  0.0204  0.0204  0.0204  0.0204  0.0204  0.0204  0.0204  0.0204
  0.0204  0.0204  0.0204  0.0204  0.0204  0.0204  0.0204  0.0204  0.0204  0.0204  0.0204  0.0204
  0.0206  0.0205  0.0205  0.0206  0.0205  0.0205  0.0205  0.0207  0.0205  0.0205  0.0205  0.0205
  0.0209  0.0207  0.0205  0.0210  0.0207  0.0206  0.0207  0.0210  0.0206  0.0206  0.0206  0.0206
registration optimization eta report
parameter search radius
    0.8000    0.8000    0.8000    2.4000    2.4000    2.4000
    2.4000    2.4000    2.4000    2.4000    2.4000    2.4000
100000*second partial in parameter space
       72.       40.       29.       11.        5.        5.
        6.       12.        4.        4.        3.        3.
  0.0208  0.0206  0.0206  0.0210  0.0207  0.0207  0.0207  0.0211  0.0206  0.0206  0.0206  0.0206
  0.0206  0.0205  0.0205  0.0207  0.0206  0.0205  0.0205  0.0207  0.0205  0.0205  0.0205  0.0205
  0.0204  0.0204  0.0204  0.0205  0.0204  0.0204  0.0204  0.0205  0.0204  0.0204  0.0204  0.0204
  0.0204  0.0204  0.0204  0.0204  0.0204  0.0204  0.0204  0.0204  0.0204  0.0204  0.0204  0.0204
  0.0204  0.0204  0.0204  0.0204  0.0204  0.0204  0.0204  0.0204  0.0204  0.0204  0.0204  0.0204
  0.0206  0.0205  0.0205  0.0206  0.0205  0.0205  0.0205  0.0207  0.0205  0.0205  0.0205  0.0205
  0.0209  0.0207  0.0205  0.0210  0.0207  0.0206  0.0207  0.0210  0.0206  0.0206  0.0206  0.0206
    2.2643    1.7195    5.3348   -3.9048  -14.3878    1.4665
   -2.1818   -0.0467    4.3003   28.6315   -0.1514  -38.6948
eta,q 0.97962 10.71352

---------------------------------------------------------------------
imgreg_4dfp /opt/freesurfer/average/711-2C_as_mni_average_305 /opt/freesurfer/average/711-2B_as_mni_average_305_mask talsrcimg_g11 none talsrcimg_to_711-2C_as_mni_average_305_t4 2311
---------------------------------------------------------------------

freesurfer imgreg_4dfp.c
/opt/freesurfer/average/711-2C_as_mni_average_305.4dfp.img
       256       256       256         1
  1.000000  1.000000  1.000000
orientation T byte_order littleendian
Reading image: /opt/freesurfer/average/711-2C_as_mni_average_305.4dfp.img
dimensions:      256       256       256
mmppix:       1.0000   -1.0000   -1.0000
center:     128.0000 -129.0000 -129.0000
/opt/freesurfer/average/711-2B_as_mni_average_305_mask.4dfp.img
       256       256       256         1
  1.000000  1.000000  1.000000
orientation T byte_order littleendian
Reading mask: /opt/freesurfer/average/711-2B_as_mni_average_305_mask.4dfp.img (2306576 pixels)
talsrcimg_g11.4dfp.img
       256       256       256         1
  1.000000  1.000000  1.000000
orientation T byte_order littleendian
Reading image: talsrcimg_g11.4dfp.img
dimensions:      256       256       256
mmppix:       1.0000   -1.0000   -1.0000
center:     128.0000 -129.0000 -129.0000
fimgreg.f
image alignment mode   2311 decimal      907 hex
parameters
    2.2643    1.7195    5.3348   -3.9048  -14.3878    1.4665
   -2.1818   -0.0467    4.3003   28.6315   -0.1514  -38.6948
eta,q 0.97962 10.71352
niter,ni,del,rscale     5    3    5.0000    0.8000
parameters
    2.2622    1.6498    5.3668   -4.3434  -14.6152    1.2180
   -2.1344   -0.1648    4.5077   28.4498   -0.1419  -38.6524
eta,q 0.97955 10.68451
  0.0222  0.0213  0.0211  0.0221  0.0214  0.0214  0.0218  0.0226  0.0214  0.0212  0.0211  0.0212
  0.0212  0.0208  0.0207  0.0213  0.0209  0.0209  0.0211  0.0215  0.0209  0.0208  0.0207  0.0208
  0.0206  0.0205  0.0205  0.0207  0.0206  0.0206  0.0206  0.0207  0.0206  0.0205  0.0205  0.0205
  0.0204  0.0204  0.0204  0.0204  0.0204  0.0204  0.0204  0.0204  0.0204  0.0204  0.0204  0.0204
  0.0206  0.0205  0.0204  0.0207  0.0205  0.0205  0.0206  0.0207  0.0205  0.0205  0.0205  0.0205
  0.0212  0.0209  0.0207  0.0216  0.0209  0.0209  0.0210  0.0216  0.0208  0.0208  0.0207  0.0208
  0.0222  0.0215  0.0211  0.0232  0.0217  0.0219  0.0218  0.0229  0.0212  0.0214  0.0211  0.0211
niter,ni,del,rscale     4    3    5.0000    0.7000
parameters
    2.2706    1.6791    5.3409   -4.1936  -14.5246    1.2603
   -2.1989   -0.1389    4.4749   28.5231   -0.1422  -38.6688
eta,q 0.97958 10.69446
  0.0218  0.0212  0.0210  0.0220  0.0213  0.0212  0.0214  0.0222  0.0211  0.0211  0.0209  0.0210
  0.0211  0.0208  0.0207  0.0214  0.0209  0.0208  0.0209  0.0213  0.0207  0.0207  0.0206  0.0207
  0.0206  0.0205  0.0205  0.0208  0.0206  0.0206  0.0205  0.0207  0.0205  0.0205  0.0205  0.0205
  0.0204  0.0204  0.0204  0.0204  0.0204  0.0204  0.0204  0.0204  0.0204  0.0204  0.0204  0.0204
  0.0206  0.0205  0.0205  0.0205  0.0204  0.0204  0.0205  0.0206  0.0205  0.0205  0.0205  0.0205
  0.0210  0.0208  0.0207  0.0210  0.0207  0.0207  0.0209  0.0212  0.0207  0.0207  0.0206  0.0207
  0.0218  0.0212  0.0210  0.0220  0.0213  0.0213  0.0215  0.0222  0.0211  0.0211  0.0209  0.0210
niter,ni,del,rscale     3    3    5.0000    0.6000
parameters
    2.2678    1.6817    5.3419   -4.0730  -14.4533    1.3580
   -2.2131   -0.1106    4.4110   28.5466   -0.1271  -38.6476
eta,q 0.97960 10.70293
  0.0214  0.0210  0.0208  0.0217  0.0210  0.0210  0.0212  0.0218  0.0209  0.0209  0.0208  0.0208
  0.0209  0.0207  0.0206  0.0211  0.0207  0.0207  0.0208  0.0211  0.0206  0.0206  0.0206  0.0206
  0.0205  0.0205  0.0205  0.0207  0.0205  0.0205  0.0205  0.0206  0.0204  0.0204  0.0204  0.0204
  0.0204  0.0204  0.0204  0.0204  0.0204  0.0204  0.0204  0.0204  0.0204  0.0204  0.0204  0.0204
  0.0205  0.0205  0.0205  0.0205  0.0204  0.0204  0.0205  0.0205  0.0205  0.0204  0.0204  0.0204
  0.0209  0.0207  0.0206  0.0209  0.0206  0.0206  0.0207  0.0210  0.0206  0.0206  0.0206  0.0206
  0.0214  0.0210  0.0208  0.0217  0.0211  0.0210  0.0212  0.0218  0.0209  0.0209  0.0208  0.0208
niter,ni,del,rscale     2    3    5.0000    0.5000
parameters
    2.2668    1.6769    5.3655   -3.9729  -14.3609    1.4459
   -2.2097   -0.0765    4.3659   28.5071   -0.1428  -38.6325
eta,q 0.97962 10.71010
  0.0211  0.0208  0.0207  0.0213  0.0208  0.0208  0.0209  0.0214  0.0207  0.0207  0.0206  0.0207
  0.0207  0.0206  0.0205  0.0209  0.0206  0.0206  0.0206  0.0209  0.0205  0.0205  0.0205  0.0205
  0.0205  0.0204  0.0204  0.0206  0.0205  0.0204  0.0204  0.0205  0.0204  0.0204  0.0204  0.0204
  0.0204  0.0204  0.0204  0.0204  0.0204  0.0204  0.0204  0.0204  0.0204  0.0204  0.0204  0.0204
  0.0205  0.0204  0.0204  0.0204  0.0204  0.0204  0.0204  0.0205  0.0204  0.0204  0.0204  0.0204
  0.0207  0.0206  0.0205  0.0207  0.0206  0.0205  0.0206  0.0208  0.0205  0.0205  0.0205  0.0205
  0.0211  0.0208  0.0207  0.0213  0.0208  0.0208  0.0209  0.0214  0.0208  0.0207  0.0206  0.0207
niter,ni,del,rscale     1    3    5.0000    0.4000
parameters
    2.2668    1.6553    5.3963   -3.8990  -14.2556    1.5529
   -2.2123   -0.0430    4.3350   28.4321   -0.1614  -38.6085
eta,q 0.97963 10.71691
  0.0208  0.0206  0.0206  0.0210  0.0207  0.0207  0.0207  0.0211  0.0206  0.0206  0.0205  0.0206
  0.0206  0.0205  0.0205  0.0207  0.0205  0.0205  0.0205  0.0207  0.0205  0.0204  0.0205  0.0205
  0.0204  0.0204  0.0204  0.0205  0.0204  0.0204  0.0204  0.0205  0.0204  0.0204  0.0204  0.0204
  0.0204  0.0204  0.0204  0.0204  0.0204  0.0204  0.0204  0.0204  0.0204  0.0204  0.0204  0.0204
  0.0204  0.0204  0.0204  0.0204  0.0204  0.0204  0.0204  0.0204  0.0204  0.0204  0.0204  0.0204
  0.0206  0.0205  0.0205  0.0206  0.0205  0.0205  0.0205  0.0207  0.0205  0.0205  0.0205  0.0205
  0.0208  0.0207  0.0206  0.0210  0.0207  0.0206  0.0207  0.0210  0.0206  0.0206  0.0206  0.0206
registration optimization eta report
parameter search radius
    0.8000    0.8000    0.8000    2.4000    2.4000    2.4000
    2.4000    2.4000    2.4000    2.4000    2.4000    2.4000
100000*second partial in parameter space
       73.       41.       29.       11.        5.        5.
        6.       12.        4.        4.        3.        3.
  0.0208  0.0206  0.0206  0.0210  0.0207  0.0207  0.0207  0.0211  0.0206  0.0206  0.0205  0.0206
  0.0206  0.0205  0.0205  0.0207  0.0205  0.0205  0.0205  0.0207  0.0205  0.0204  0.0205  0.0205
  0.0204  0.0204  0.0204  0.0205  0.0204  0.0204  0.0204  0.0205  0.0204  0.0204  0.0204  0.0204
  0.0204  0.0204  0.0204  0.0204  0.0204  0.0204  0.0204  0.0204  0.0204  0.0204  0.0204  0.0204
  0.0204  0.0204  0.0204  0.0204  0.0204  0.0204  0.0204  0.0204  0.0204  0.0204  0.0204  0.0204
  0.0206  0.0205  0.0205  0.0206  0.0205  0.0205  0.0205  0.0207  0.0205  0.0205  0.0205  0.0205
  0.0208  0.0207  0.0206  0.0210  0.0207  0.0206  0.0207  0.0210  0.0206  0.0206  0.0206  0.0206
    2.2668    1.6553    5.3963   -3.8990  -14.2556    1.5529
   -2.2123   -0.0430    4.3350   28.4321   -0.1614  -38.6085
eta,q 0.97963 10.71691

---------------------------------------------------------------------
compute_vox2vox talsrcimg talsrcimg_to_711-2C_as_mni_average_305_t4 /opt/freesurfer/average/711-2C_as_mni_average_305
---------------------------------------------------------------------

freesurfer compute_vox2vox.c
Reading: talsrcimg.4dfp.ifh
Reading: talsrcimg_to_711-2C_as_mni_average_305_t4
Reading: /opt/freesurfer/average/711-2C_as_mni_average_305.4dfp.ifh
Writing: talsrcimg_to_711-2C_as_mni_average_305_t4_vox2vox.txt

start time Sun Mar 8 12:45:24 CET 2026
end		time Sun Mar 8 12:45:38 CET 2026

mpr2mni305 success

avi2talxfm orig_nu.mgz /opt/freesurfer/average/mni305.cor.mgz talsrcimg_to_711-2C_as_mni_average_305_t4_vox2vox.txt transforms/talairach.auto.xfm
avi2talxfm done
mv -f /out/sourcedata/freesurfer/sub-v1s12x0050104_ses-1/mri/talsrcimg_to_711-2C_as_mni_average_305_t4_vox2vox.txt /out/sourcedata/freesurfer/sub-v1s12x0050104_ses-1/mri/transforms/talsrcimg_to_711-2C_as_mni_average_305_t4_vox2vox.txt
lta_convert --src orig_nu.mgz --trg /opt/freesurfer/average/mni305.cor.mgz --inxfm transforms/talairach.auto.xfm --outlta transforms/talairach.auto.xfm.lta --subject fsaverage
7.3.2

--src: orig_nu.mgz src image (geometry).
--trg: /opt/freesurfer/average/mni305.cor.mgz trg image (geometry).
--inmni: transforms/talairach.auto.xfm input MNI/XFM transform.
--outlta: transforms/talairach.auto.xfm.lta output LTA.
--s: fsaverage subject name
 LTA read, type : 1
 1.03948  -0.00628   0.02399   5.42374;
-0.01628   0.87457   0.39338  -11.93627;
-0.04716  -0.28968   1.03460  -11.05418;
 0.00000   0.00000   0.00000   1.00000;
setting subject to fsaverage
Writing  LTA to file transforms/talairach.auto.xfm.lta...
lta_convert successful.
 
 
Started at Sun Mar 8 12:45:24 CET 2026
Ended   at Sun Mar  8 12:45:38 CET 2026
talairach_avi done
