/out/sourcedata/freesurfer/sub-v1s12x0050107_ses-1/mri
/opt/freesurfer/bin/talairach_avi
--i orig_nu.mgz --xfm transforms/talairach.auto.xfm
talairach_avi 7.3.2
Linux dna078 5.14.0-427.37.1.el9_4.x86_64 #1 SMP PREEMPT_DYNAMIC Fri Sep 13 12:41:50 EDT 2024 x86_64 x86_64 x86_64 GNU/Linux
Sun Mar  8 12:45:01 CET 2026
mri_convert orig_nu.mgz talsrcimg.img 
reading from orig_nu.mgz...
TR=0.00, TE=0.00, TI=0.00, flip angle=0.00
i_ras = (-1, 0, 0)
j_ras = (0, 0, -1)
k_ras = (0, 1, 0)
writing to talsrcimg.img...
Analyze Output Matrix
-1.00000   0.00000   0.00000   124.15549;
 0.00000   0.00000   1.00000  -121.46246;
 0.00000  -1.00000   0.00000   124.47706;
 0.00000   0.00000   0.00000   1.00000;
--------------------
INFO: set hdr.hist.orient to -1
mpr2mni305 talsrcimg
Sun Mar  8 12:45:02 CET 2026
/opt/freesurfer/bin/mpr2mni305 talsrcimg
mpr2mni305 7.3.2
target=711-2C_as_mni_average_305

---------------------------------------------------------------------
analyzeto4dfp talsrcimg -O0 -y
---------------------------------------------------------------------

freesurfer ifh2hdr.c
Sun Mar  8 12:45:02 2026
Writing: talsrcimg.4dfp.hdr
freesurfer analyzeto4dfp.c
Reading: talsrcimg.hdr
header size 348 bytes
hdr.dime.datatype	offset=70	value=2
hdr.dime.bitpix		offset=72	value=8
hdr.hist.orient		offset=252	value=-1
dimensionality     4
dimensions       256       256       256         1
Reading: talsrcimg.img
Writing: talsrcimg.4dfp.img
Writing: talsrcimg.4dfp.ifh
ifh2hdr talsrcimg -r0to231
ori=2

---------------------------------------------------------------------
gauss_4dfp talsrcimg 1.1
---------------------------------------------------------------------

freesurfer gauss_4dfp.c
Reading: talsrcimg.4dfp.img
Writing: talsrcimg_g11.4dfp.img
image dimensions 256 256 256 padded to 288 288 288
processing volume 1freesurfer ifh2hdr.c
Sun Mar  8 12:45:03 2026
Writing: talsrcimg_g11.4dfp.hdr

Writing: talsrcimg_g11.4dfp.ifh
including: talsrcimg.4dfp.img.rec in talsrcimg_g11.4dfp.img.rec

---------------------------------------------------------------------
imgreg_4dfp /opt/freesurfer/average/711-2C_as_mni_average_305 none talsrcimg_g11 none talsrcimg_to_711-2C_as_mni_average_305_t4 4355
---------------------------------------------------------------------

freesurfer imgreg_4dfp.c
/opt/freesurfer/average/711-2C_as_mni_average_305.4dfp.img
       256       256       256         1
  1.000000  1.000000  1.000000
orientation T byte_order littleendian
Reading image: /opt/freesurfer/average/711-2C_as_mni_average_305.4dfp.img
dimensions:      256       256       256
mmppix:       1.0000   -1.0000   -1.0000
center:     128.0000 -129.0000 -129.0000
talsrcimg_g11.4dfp.img
       256       256       256         1
  1.000000  1.000000  1.000000
orientation T byte_order littleendian
Reading image: talsrcimg_g11.4dfp.img
dimensions:      256       256       256
mmppix:       1.0000   -1.0000   -1.0000
center:     128.0000 -129.0000 -129.0000
t4_read: open error in t4_sub.f l:  41 t4_file(1:l)talsrcimg_to_711-2C_as_mni_average_305_t4 
t4_read: transform initialized to I4
rotation matrix determinant  1.000000
image alignment mode   4355 decimal     1103 hex
   -7.5000  -45.0000  -45.0000 9153.7451   14.7279
    0.0000  -45.0000  -45.0000 9514.3252   14.7294
    7.5000  -45.0000  -45.0000 8978.2822   14.7381
   -7.5000  -37.5000  -45.0000 9567.6641   14.7235
    0.0000  -37.5000  -45.0000 9926.6719   14.7254
    7.5000  -37.5000  -45.0000 9386.8789   14.7306
   -7.5000  -30.0000  -45.000010325.6436   14.7173
    0.0000  -30.0000  -45.000010713.6094   14.7268
    7.5000  -30.0000  -45.000010143.7432   14.7354
   -7.5000  -22.5000  -45.000011053.8398   14.7056
    0.0000  -22.5000  -45.000011459.6455   14.7228
    7.5000  -22.5000  -45.000010839.1514   14.7395
   -7.5000  -15.0000  -45.000011747.7422   14.6990
    0.0000  -15.0000  -45.000012135.6338   14.7163
    7.5000  -15.0000  -45.000011473.7363   14.7376
   -7.5000   -7.5000  -45.000012279.7637   14.7069
    0.0000   -7.5000  -45.000012686.6582   14.7161
    7.5000   -7.5000  -45.000011993.4277   14.7327
   -7.5000    0.0000  -45.000012709.6387   14.7197
    0.0000    0.0000  -45.000013134.4307   14.7211
    7.5000    0.0000  -45.000012404.9453   14.7299
   -7.5000    7.5000  -45.000012184.6729   14.7235
    0.0000    7.5000  -45.000012589.4297   14.7254
    7.5000    7.5000  -45.000011896.2998   14.7306
   -7.5000   15.0000  -45.000011412.4053   14.7173
    0.0000   15.0000  -45.000011812.4541   14.7268
    7.5000   15.0000  -45.000011172.2979   14.7354
   -7.5000   22.5000  -45.000010557.3535   14.7036
    0.0000   22.5000  -45.000010913.0332   14.7207
    7.5000   22.5000  -45.000010339.0312   14.7375
   -7.5000   30.0000  -45.0000 9688.8984   14.5031
    0.0000   30.0000  -45.0000 9987.1592   14.5201
    7.5000   30.0000  -45.0000 9439.3779   14.5412
   -7.5000   37.5000  -45.0000 9153.7324   14.5110
    0.0000   37.5000  -45.0000 9442.3047   14.5200
    7.5000   37.5000  -45.0000 8920.5059   14.5365
   -7.5000   45.0000  -45.0000 8278.1338   14.2091
    0.0000   45.0000  -45.0000 8521.3164   14.2104
    7.5000   45.0000  -45.0000 8046.6206   14.2190
   -7.5000  -45.0000  -37.5000 9659.9492   14.6575
    0.0000  -45.0000  -37.500010033.3896   14.6588
    7.5000  -45.0000  -37.5000 9496.5557   14.6666
   -7.5000  -37.5000  -37.500010087.6914   14.6571
    0.0000  -37.5000  -37.500010477.7051   14.6564
    7.5000  -37.5000  -37.5000 9934.9434   14.6609
   -7.5000  -30.0000  -37.500010882.4893   14.6518
    0.0000  -30.0000  -37.500011285.0967   14.6569
    7.5000  -30.0000  -37.500010715.7715   14.6660
   -7.5000  -22.5000  -37.500011627.2793   14.6364
    0.0000  -22.5000  -37.500012060.3574   14.6501
    7.5000  -22.5000  -37.500011420.6650   14.6683
   -7.5000  -15.0000  -37.500012328.3701   14.6260
    0.0000  -15.0000  -37.500012757.8730   14.6423
    7.5000  -15.0000  -37.500012064.9346   14.6647
   -7.5000   -7.5000  -37.500012871.0508   14.6335
    0.0000   -7.5000  -37.500013315.4482   14.6432
    7.5000   -7.5000  -37.500012613.0176   14.6597
   -7.5000    0.0000  -37.500013330.2090   14.6492
    0.0000    0.0000  -37.500013766.2764   14.6506
    7.5000    0.0000  -37.500013034.5537   14.6583
   -7.5000    7.5000  -37.500012761.7109   14.6571
    0.0000    7.5000  -37.500013188.7246   14.6564
    7.5000    7.5000  -37.500012486.1846   14.6609
   -7.5000   15.0000  -37.500011932.2197   14.6518
    0.0000   15.0000  -37.500012363.2500   14.6569
    7.5000   15.0000  -37.500011722.4365   14.6660
   -7.5000   22.5000  -37.500011000.9336   14.6344
    0.0000   22.5000  -37.500011391.1641   14.6481
    7.5000   22.5000  -37.500010826.8408   14.6663
   -7.5000   30.0000  -37.500010083.2236   14.4311
    0.0000   30.0000  -37.500010409.7285   14.4471
    7.5000   30.0000  -37.5000 9883.6504   14.4692
   -7.5000   37.5000  -37.5000 9520.5020   14.4386
    0.0000   37.5000  -37.5000 9814.6680   14.4481
    7.5000   37.5000  -37.5000 9305.2109   14.4645
   -7.5000   45.0000  -37.5000 8568.1689   14.1405
    0.0000   45.0000  -37.5000 8839.5869   14.1417
    7.5000   45.0000  -37.5000 8376.4131   14.1495
   -7.5000  -45.0000  -30.000010346.6016   15.2215
    0.0000  -45.0000  -30.000010720.8535   15.2239
    7.5000  -45.0000  -30.000010166.1104   15.2269
   -7.5000  -37.5000  -30.000010822.9287   15.2178
    0.0000  -37.5000  -30.000011217.4639   15.2200
    7.5000  -37.5000  -30.000010644.7314   15.2223
   -7.5000  -30.0000  -30.000011692.9531   15.2120
    0.0000  -30.0000  -30.000012109.3145   15.2186
    7.5000  -30.0000  -30.000011497.2354   15.2260
   -7.5000  -22.5000  -30.000012466.6768   15.2001
    0.0000  -22.5000  -30.000012920.6602   15.2112
    7.5000  -22.5000  -30.000012245.7852   15.2251
   -7.5000  -15.0000  -30.000013173.4404   15.1937
    0.0000  -15.0000  -30.000013642.9678   15.2049
    7.5000  -15.0000  -30.000012955.6797   15.2201
   -7.5000   -7.5000  -30.000013745.1133   15.2008
    0.0000   -7.5000  -30.000014221.2295   15.2076
    7.5000   -7.5000  -30.000013521.6934   15.2172
   -7.5000    0.0000  -30.000014167.8447   15.2130
    0.0000    0.0000  -30.000014658.0234   15.2154
    7.5000    0.0000  -30.000013926.5898   15.2184
   -7.5000    7.5000  -30.000013580.5596   15.2178
    0.0000    7.5000  -30.000014055.5869   15.2200
    7.5000    7.5000  -30.000013357.0352   15.2223
   -7.5000   15.0000  -30.000012715.7666   15.2120
    0.0000   15.0000  -30.000013188.4141   15.2186
    7.5000   15.0000  -30.000012544.5303   15.2260
   -7.5000   22.5000  -30.000011693.1982   15.1965
    0.0000   22.5000  -30.000012144.5742   15.2076
    7.5000   22.5000  -30.000011556.7275   15.2214
   -7.5000   30.0000  -30.000010702.8408   14.9927
    0.0000   30.0000  -30.000011072.2412   15.0037
    7.5000   30.0000  -30.000010543.3623   15.0187
   -7.5000   37.5000  -30.000010081.3799   14.9997
    0.0000   37.5000  -30.000010410.1250   15.0065
    7.5000   37.5000  -30.0000 9898.2852   15.0159
   -7.5000   45.0000  -30.0000 9064.6621   14.6951
    0.0000   45.0000  -30.0000 9369.8652   14.6975
    7.5000   45.0000  -30.0000 8893.7217   14.7007
   -7.5000  -45.0000  -22.500011057.3486   15.7547
    0.0000  -45.0000  -22.500011446.5889   15.7588
    7.5000  -45.0000  -22.500010875.6406   15.7567
   -7.5000  -37.5000  -22.500011615.4912   15.7416
    0.0000  -37.5000  -22.500012033.4668   15.7507
    7.5000  -37.5000  -22.500011417.4170   15.7508
   -7.5000  -30.0000  -22.500012542.6758   15.7316
    0.0000  -30.0000  -22.500013000.8848   15.7453
    7.5000  -30.0000  -22.500012324.8164   15.7504
   -7.5000  -22.5000  -22.500013359.3408   15.7260
    0.0000  -22.5000  -22.500013869.9512   15.7384
    7.5000  -22.5000  -22.500013133.5596   15.7457
   -7.5000  -15.0000  -22.500014068.6133   15.7291
    0.0000  -15.0000  -22.500014637.2402   15.7361
    7.5000  -15.0000  -22.500013915.3154   15.7411
   -7.5000   -7.5000  -22.500014633.0684   15.7391
    0.0000   -7.5000  -22.500015238.2861   15.7425
    7.5000   -7.5000  -22.500014517.3857   15.7430
   -7.5000    0.0000  -22.500015052.9199   15.7460
    0.0000    0.0000  -22.500015669.9502   15.7501
    7.5000    0.0000  -22.500014919.2168   15.7480
   -7.5000    7.5000  -22.500014416.0547   15.7416
    0.0000    7.5000  -22.500014968.9111   15.7507
    7.5000    7.5000  -22.500014272.2686   15.7508
   -7.5000   15.0000  -22.500013512.4033   15.7316
    0.0000   15.0000  -22.500014058.8604   15.7453
    7.5000   15.0000  -22.500013405.6680   15.7504
   -7.5000   22.5000  -22.500012461.1904   15.7211
    0.0000   22.5000  -22.500012965.2168   15.7336
    7.5000   22.5000  -22.500012319.4590   15.7408
   -7.5000   30.0000  -22.500011383.4863   15.5234
    0.0000   30.0000  -22.500011837.9932   15.5302
    7.5000   30.0000  -22.500011226.8818   15.5352
   -7.5000   37.5000  -22.500010695.3340   15.5333
    0.0000   37.5000  -22.500011095.6973   15.5366
    7.5000   37.5000  -22.500010522.6768   15.5371
   -7.5000   45.0000  -22.5000 9616.0859   15.2218
    0.0000   45.0000  -22.5000 9956.4473   15.2259
    7.5000   45.0000  -22.5000 9435.9316   15.2241
   -7.5000  -45.0000  -15.000011759.4287   16.1416
    0.0000  -45.0000  -15.000012200.0146   16.1462
    7.5000  -45.0000  -15.000011542.6650   16.1439
   -7.5000  -37.5000  -15.000012377.7715   16.1231
    0.0000  -37.5000  -15.000012873.3291   16.1356
    7.5000  -37.5000  -15.000012150.5186   16.1355
   -7.5000  -30.0000  -15.000013391.3682   16.1108
    0.0000  -30.0000  -15.000013940.2510   16.1299
    7.5000  -30.0000  -15.000013130.3418   16.1337
   -7.5000  -22.5000  -15.000014272.4033   16.1090
    0.0000  -22.5000  -15.000014886.0469   16.1254
    7.5000  -22.5000  -15.000014041.9395   16.1300
   -7.5000  -15.0000  -15.000014969.1885   16.1171
    0.0000  -15.0000  -15.000015709.3271   16.1251
    7.5000  -15.0000  -15.000014905.9277   16.1275
   -7.5000   -7.5000  -15.000015545.8477   16.1287
    0.0000   -7.5000  -15.000016332.9580   16.1315
    7.5000   -7.5000  -15.000015522.0879   16.1306
   -7.5000    0.0000  -15.000015963.0176   16.1328
    0.0000    0.0000  -15.000016788.5117   16.1374
    7.5000    0.0000  -15.000015908.4189   16.1351
   -7.5000    7.5000  -15.000015266.9131   16.1231
    0.0000    7.5000  -15.000016020.2305   16.1356
    7.5000    7.5000  -15.000015171.5713   16.1355
   -7.5000   15.0000  -15.000014364.4912   16.1108
    0.0000   15.0000  -15.000015055.3457   16.1299
    7.5000   15.0000  -15.000014237.9268   16.1337
   -7.5000   22.5000  -15.000013307.2773   16.1033
    0.0000   22.5000  -15.000013897.9150   16.1197
    7.5000   22.5000  -15.000013123.6826   16.1243
   -7.5000   30.0000  -15.000012174.6230   15.9085
    0.0000   30.0000  -15.000012684.5713   15.9164
    7.5000   30.0000  -15.000011954.7920   15.9188
   -7.5000   37.5000  -15.000011429.9082   15.9201
    0.0000   37.5000  -15.000011881.2148   15.9228
    7.5000   37.5000  -15.000011219.4512   15.9219
   -7.5000   45.0000  -15.000010223.8115   15.6057
    0.0000   45.0000  -15.000010601.3926   15.6102
    7.5000   45.0000  -15.000010018.2578   15.6082
   -7.5000  -45.0000   -7.500012402.0566   16.3185
    0.0000  -45.0000   -7.500012862.3369   16.3216
    7.5000  -45.0000   -7.500012178.2061   16.3256
   -7.5000  -37.5000   -7.500013117.9814   16.3057
    0.0000  -37.5000   -7.500013637.9766   16.3143
    7.5000  -37.5000   -7.500012835.4668   16.3172
   -7.5000  -30.0000   -7.500014289.7881   16.2962
    0.0000  -30.0000   -7.500014894.8984   16.3131
    7.5000  -30.0000   -7.500013912.5273   16.3188
   -7.5000  -22.5000   -7.500015316.9287   16.2900
    0.0000  -22.5000   -7.500016085.5391   16.3092
    7.5000  -22.5000   -7.500014983.6963   16.3193
   -7.5000  -15.0000   -7.500016003.5664   16.2915
    0.0000  -15.0000   -7.500016978.3359   16.3052
    7.5000  -15.0000   -7.500015948.8408   16.3169
   -7.5000   -7.5000   -7.500016566.0273   16.3015
    0.0000   -7.5000   -7.500017585.1738   16.3074
    7.5000   -7.5000   -7.500016546.0586   16.3157
   -7.5000    0.0000   -7.500017028.2012   16.3096
    0.0000    0.0000   -7.500018021.6484   16.3127
    7.5000    0.0000   -7.500016903.7734   16.3167
   -7.5000    7.5000   -7.500016300.3896   16.3057
    0.0000    7.5000   -7.500017128.9219   16.3143
    7.5000    7.5000   -7.500016075.3994   16.3172
   -7.5000   15.0000   -7.500015363.7861   16.2962
    0.0000   15.0000   -7.500016055.4258   16.3131
    7.5000   15.0000   -7.500015096.4014   16.3188
   -7.5000   22.5000   -7.500014240.8730   16.2825
    0.0000   22.5000   -7.500014851.5098   16.3017
    7.5000   22.5000   -7.500013952.0850   16.3117
   -7.5000   30.0000   -7.500013014.4346   16.0802
    0.0000   30.0000   -7.500013545.5518   16.0937
    7.5000   30.0000   -7.500012713.4023   16.1052
   -7.5000   37.5000   -7.500012193.3086   16.0901
    0.0000   37.5000   -7.500012700.3398   16.0960
    7.5000   37.5000   -7.500011925.7295   16.1042
   -7.5000   45.0000   -7.500010862.9209   15.7797
    0.0000   45.0000   -7.500011301.6211   15.7826
    7.5000   45.0000   -7.500010621.4346   15.7866
   -7.5000  -45.0000    0.000012865.5488   16.3317
    0.0000  -45.0000    0.000013420.2676   16.3331
    7.5000  -45.0000    0.000012707.0273   16.3421
   -7.5000  -37.5000    0.000013616.3057   16.3278
    0.0000  -37.5000    0.000014208.1904   16.3297
    7.5000  -37.5000    0.000013374.1943   16.3351
   -7.5000  -30.0000    0.000015011.8789   16.3206
    0.0000  -30.0000    0.000015649.2656   16.3310
    7.5000  -30.0000    0.000014495.3115   16.3399
   -7.5000  -22.5000    0.000016365.6279   16.3063
    0.0000  -22.5000    0.000017165.3262   16.3252
    7.5000  -22.5000    0.000015654.4062   16.3427
   -7.5000  -15.0000    0.000017231.8008   16.2980
    0.0000  -15.0000    0.000018208.6719   16.3169
    7.5000  -15.0000    0.000016726.4863   16.3391
   -7.5000   -7.5000    0.000017765.3789   16.3072
    0.0000   -7.5000    0.000018766.2148   16.3170
    7.5000   -7.5000    0.000017415.1934   16.3343
   -7.5000    0.0000    0.000018122.1660   16.3227
    0.0000    0.0000    0.000019082.9531   16.3240
    7.5000    0.0000    0.000017779.7891   16.3330
   -7.5000    7.5000    0.000017208.9883   16.3278
    0.0000    7.5000    0.000018045.5293   16.3297
    7.5000    7.5000    0.000016840.5508   16.3351
   -7.5000   15.0000    0.000016198.8691   16.3206
    0.0000   15.0000    0.000016942.0605   16.3310
    7.5000   15.0000    0.000015867.9736   16.3399
   -7.5000   22.5000    0.000015028.8271   16.2988
    0.0000   22.5000    0.000015698.6836   16.3177
    7.5000   22.5000    0.000014702.6982   16.3351
   -7.5000   30.0000    0.000013740.8281   16.0871
    0.0000   30.0000    0.000014357.2705   16.1057
    7.5000   30.0000    0.000013444.5830   16.1276
   -7.5000   37.5000    0.000012892.7012   16.0963
    0.0000   37.5000    0.000013447.2314   16.1060
    7.5000   37.5000    0.000012590.7334   16.1230
   -7.5000   45.0000    0.000011466.4717   15.7931
    0.0000   45.0000    0.000011959.7480   15.7943
    7.5000   45.0000    0.000011180.1807   15.8031
   -7.5000  -45.0000    7.500012427.3506   16.3471
    0.0000  -45.0000    7.500012974.1035   16.3482
    7.5000  -45.0000    7.500012221.4805   16.3563
   -7.5000  -37.5000    7.500013182.4844   16.3469
    0.0000  -37.5000    7.500013704.4805   16.3457
    7.5000  -37.5000    7.500012860.2314   16.3503
   -7.5000  -30.0000    7.500014519.7656   16.3411
    0.0000  -30.0000    7.500015178.8076   16.3465
    7.5000  -30.0000    7.500014031.2266   16.3561
   -7.5000  -22.5000    7.500015852.7070   16.3239
    0.0000  -22.5000    7.500016720.1113   16.3389
    7.5000  -22.5000    7.500015261.2080   16.3585
   -7.5000  -15.0000    7.500016833.8887   16.3122
    0.0000  -15.0000    7.500017751.0781   16.3300
    7.5000  -15.0000    7.500016286.5654   16.3541
   -7.5000   -7.5000    7.500017418.2832   16.3204
    0.0000   -7.5000    7.500018279.1133   16.3309
    7.5000   -7.5000    7.500016930.6992   16.3485
   -7.5000    0.0000    7.500017773.6660   16.3379
    0.0000    0.0000    7.500018604.4355   16.3390
    7.5000    0.0000    7.500017315.6074   16.3471
   -7.5000    7.5000    7.500016787.9902   16.3469
    0.0000    7.5000    7.500017557.2988   16.3457
    7.5000    7.5000    7.500016414.0820   16.3503
   -7.5000   15.0000    7.500015754.6865   16.3411
    0.0000   15.0000    7.500016484.3105   16.3465
    7.5000   15.0000    7.500015441.7969   16.3561
   -7.5000   22.5000    7.500014568.2803   16.3164
    0.0000   22.5000    7.500015259.3350   16.3314
    7.5000   22.5000    7.500014270.1230   16.3510
   -7.5000   30.0000    7.500013306.7080   16.1011
    0.0000   30.0000    7.500013959.9336   16.1187
    7.5000   30.0000    7.500013037.8359   16.1424
   -7.5000   37.5000    7.500012453.9766   16.1093
    0.0000   37.5000    7.500013049.1396   16.1196
    7.5000   37.5000    7.500012193.2930   16.1370
   -7.5000   45.0000    7.500011075.7256   15.8075
    0.0000   45.0000    7.500011583.9639   15.8085
    7.5000   45.0000    7.500010832.2041   15.8165
   -7.5000  -45.0000   15.000011795.8623   16.3872
    0.0000  -45.0000   15.000012294.3887   16.3895
    7.5000  -45.0000   15.000011587.4385   16.3928
   -7.5000  -37.5000   15.000012489.9199   16.3832
    0.0000  -37.5000   15.000013038.2451   16.3854
    7.5000  -37.5000   15.000012231.1152   16.3878
   -7.5000  -30.0000   15.000013725.1338   16.3770
    0.0000  -30.0000   15.000014560.5596   16.3838
    7.5000  -30.0000   15.000013493.1006   16.3919
   -7.5000  -22.5000   15.000014926.3340   16.3641
    0.0000  -22.5000   15.000015929.1357   16.3759
    7.5000  -22.5000   15.000014663.5830   16.3909
   -7.5000  -15.0000   15.000015833.8447   16.3572
    0.0000  -15.0000   15.000016689.4922   16.3690
    7.5000  -15.0000   15.000015524.8252   16.3855
   -7.5000   -7.5000   15.000016422.2559   16.3648
    0.0000   -7.5000   15.000017226.5645   16.3719
    7.5000   -7.5000   15.000016123.3252   16.3823
   -7.5000    0.0000   15.000016845.9746   16.3780
    0.0000    0.0000   15.000017704.6074   16.3803
    7.5000    0.0000   15.000016585.8848   16.3836
   -7.5000    7.5000   15.000015947.0547   16.3832
    0.0000    7.5000   15.000016784.3926   16.3854
    7.5000    7.5000   15.000015752.8037   16.3878
   -7.5000   15.0000   15.000015003.5957   16.3770
    0.0000   15.0000   15.000015740.6572   16.3838
    7.5000   15.0000   15.000014776.5928   16.3919
   -7.5000   22.5000   15.000013865.2236   16.3566
    0.0000   22.5000   15.000014535.9033   16.3684
    7.5000   22.5000   15.000013610.1533   16.3833
   -7.5000   30.0000   15.000012654.5703   16.1455
    0.0000   30.0000   15.000013275.5205   16.1572
    7.5000   30.0000   15.000012407.3633   16.1734
   -7.5000   37.5000   15.000011841.2646   16.1531
    0.0000   37.5000   15.000012424.2129   16.1601
    7.5000   37.5000   15.000011612.3896   16.1703
   -7.5000   45.0000   15.000010525.8008   15.8462
    0.0000   45.0000   15.000011021.1758   15.8486
    7.5000   45.0000   15.000010323.7266   15.8521
   -7.5000  -45.0000   22.500011064.9824   16.5794
    0.0000  -45.0000   22.500011601.5117   16.5837
    7.5000  -45.0000   22.500010970.8125   16.5814
   -7.5000  -37.5000   22.500011671.0781   16.5655
    0.0000  -37.5000   22.500012300.9541   16.5751
    7.5000  -37.5000   22.500011605.7100   16.5751
   -7.5000  -30.0000   22.500012800.9326   16.5550
    0.0000  -30.0000   22.500013634.7461   16.5694
    7.5000  -30.0000   22.500012757.6426   16.5747
   -7.5000  -22.5000   22.500013888.0889   16.5492
    0.0000  -22.5000   22.500014657.2637   16.5623
    7.5000  -22.5000   22.500013725.6631   16.5699
   -7.5000  -15.0000   22.500014740.6680   16.5525
    0.0000  -15.0000   22.500015360.1484   16.5597
    7.5000  -15.0000   22.500014494.2285   16.5651
   -7.5000   -7.5000   22.500015334.9102   16.5629
    0.0000   -7.5000   22.500016020.2031   16.5664
    7.5000   -7.5000   22.500015159.0234   16.5669
   -7.5000    0.0000   22.500015797.2695   16.5701
    0.0000    0.0000   22.500016593.5957   16.5744
    7.5000    0.0000   22.500015707.7646   16.5721
   -7.5000    7.5000   22.500014971.1709   16.5655
    0.0000    7.5000   22.500015757.0371   16.5751
    7.5000    7.5000   22.500014925.6426   16.5751
   -7.5000   15.0000   22.500014056.6895   16.5550
    0.0000   15.0000   22.500014781.2500   16.5694
    7.5000   15.0000   22.500013963.5068   16.5747
   -7.5000   22.5000   22.500013000.0029   16.5415
    0.0000   22.5000   22.500013667.3467   16.5546
    7.5000   22.5000   22.500012862.8623   16.5622
   -7.5000   30.0000   22.500011861.4639   16.3382
    0.0000   30.0000   22.500012482.7871   16.3454
    7.5000   30.0000   22.500011696.8174   16.3507
   -7.5000   37.5000   22.500011106.6465   16.3486
    0.0000   37.5000   22.500011680.9912   16.3521
    7.5000   37.5000   22.500010950.3955   16.3526
   -7.5000   45.0000   22.5000 9866.2139   16.0332
    0.0000   45.0000   22.500010348.6816   16.0375
    7.5000   45.0000   22.5000 9695.8740   16.0356
   -7.5000  -45.0000   30.000010305.1318   16.8880
    0.0000  -45.0000   30.000010763.5430   16.8922
    7.5000  -45.0000   30.000010260.1484   16.8902
   -7.5000  -37.5000   30.000010855.8877   16.8683
    0.0000  -37.5000   30.000011385.3359   16.8807
    7.5000  -37.5000   30.000010840.6748   16.8809
   -7.5000  -30.0000   30.000011881.3486   16.8555
    0.0000  -30.0000   30.000012498.4971   16.8750
    7.5000  -30.0000   30.000011875.5332   16.8791
   -7.5000  -22.5000   30.000012842.8242   16.8538
    0.0000  -22.5000   30.000013354.2051   16.8706
    7.5000  -22.5000   30.000012705.3516   16.8756
   -7.5000  -15.0000   30.000013611.3467   16.8623
    0.0000  -15.0000   30.000014077.7451   16.8703
    7.5000  -15.0000   30.000013432.7744   16.8733
   -7.5000   -7.5000   30.000014246.7295   16.8743
    0.0000   -7.5000   30.000014816.7607   16.8767
    7.5000   -7.5000   30.000014139.0176   16.8764
   -7.5000    0.0000   30.000014698.4551   16.8784
    0.0000    0.0000   30.000015386.4141   16.8826
    7.5000    0.0000   30.000014646.2354   16.8807
   -7.5000    7.5000   30.000013952.4668   16.8683
    0.0000    7.5000   30.000014601.6064   16.8807
    7.5000    7.5000   30.000013912.9209   16.8809
   -7.5000   15.0000   30.000013076.5332   16.8555
    0.0000   15.0000   30.000013693.7373   16.8750
    7.5000   15.0000   30.000013008.9209   16.8791
   -7.5000   22.5000   30.000012072.1982   16.8460
    0.0000   22.5000   30.000012657.9902   16.8628
    7.5000   22.5000   30.000011999.4209   16.8679
   -7.5000   30.0000   30.000011023.8809   16.6440
    0.0000   30.0000   30.000011563.1582   16.6519
    7.5000   30.0000   30.000010908.1777   16.6549
   -7.5000   37.5000   30.000010315.5840   16.6560
    0.0000   37.5000   30.000010799.9043   16.6583
    7.5000   37.5000   30.000010171.0879   16.6581
   -7.5000   45.0000   30.0000 9152.6875   16.3333
    0.0000   45.0000   30.0000 9579.6465   16.3373
    7.5000   45.0000   30.0000 9013.4209   16.3357
   -7.5000  -45.0000   37.5000 9937.4502   17.2953
    0.0000  -45.0000   37.500010340.0742   17.2973
    7.5000  -45.0000   37.5000 9886.5957   17.3026
   -7.5000  -37.5000   37.500010483.9727   17.2796
    0.0000  -37.5000   37.500010931.5391   17.2875
    7.5000  -37.5000   37.500010463.0879   17.2924
   -7.5000  -30.0000   37.500011452.8389   17.2692
    0.0000  -30.0000   37.500011958.7012   17.2862
    7.5000  -30.0000   37.500011420.4170   17.2944
   -7.5000  -22.5000   37.500012328.5547   17.2640
    0.0000  -22.5000   37.500012749.3320   17.2837
    7.5000  -22.5000   37.500012183.1416   17.2962
   -7.5000  -15.0000   37.500013014.8506   17.2671
    0.0000  -15.0000   37.500013436.4688   17.2810
    7.5000  -15.0000   37.500012867.9541   17.2945
   -7.5000   -7.5000   37.500013671.5068   17.2779
    0.0000   -7.5000   37.500014165.8936   17.2833
    7.5000   -7.5000   37.500013556.0557   17.2929
   -7.5000    0.0000   37.500014157.1885   17.2853
    0.0000    0.0000   37.500014722.8750   17.2873
    7.5000    0.0000   37.500014054.2441   17.2926
   -7.5000    7.5000   37.500013450.7217   17.2796
    0.0000    7.5000   37.500014035.0869   17.2875
    7.5000    7.5000   37.500013362.2373   17.2924
   -7.5000   15.0000   37.500012591.0273   17.2692
    0.0000   15.0000   37.500013147.0869   17.2862
    7.5000   15.0000   37.500012485.0195   17.2944
   -7.5000   22.5000   37.500011624.6191   17.2560
    0.0000   22.5000   37.500012146.4785   17.2757
    7.5000   22.5000   37.500011522.6357   17.2882
   -7.5000   30.0000   37.500010610.9160   17.0436
    0.0000   30.0000   37.500011091.5332   17.0573
    7.5000   30.0000   37.500010503.2998   17.0707
   -7.5000   37.5000   37.5000 9920.5352   17.0544
    0.0000   37.5000   37.500010334.4805   17.0597
    7.5000   37.5000   37.5000 9790.1445   17.0692
   -7.5000   45.0000   37.5000 8801.9961   16.7257
    0.0000   45.0000   37.5000 9174.0908   16.7275
    7.5000   45.0000   37.5000 8694.0781   16.7329
   -7.5000  -45.0000   45.0000 9185.5205   17.7006
    0.0000  -45.0000   45.0000 9549.7900   17.7050
    7.5000  -45.0000   45.0000 9120.9111   17.7149
   -7.5000  -37.5000   45.0000 9687.0547   17.6957
    0.0000  -37.5000   45.000010085.9717   17.7014
    7.5000  -37.5000   45.0000 9650.3457   17.7071
   -7.5000  -30.0000   45.000010546.5645   17.6892
    0.0000  -30.0000   45.000010989.4619   17.7048
    7.5000  -30.0000   45.000010501.4746   17.7144
   -7.5000  -22.5000   45.000011314.7881   17.6748
    0.0000  -22.5000   45.000011727.5518   17.6997
    7.5000  -22.5000   45.000011207.7656   17.7188
   -7.5000  -15.0000   45.000011940.0303   17.6658
    0.0000  -15.0000   45.000012366.1084   17.6900
    7.5000  -15.0000   45.000011819.3936   17.7146
   -7.5000   -7.5000   45.000012566.4326   17.6745
    0.0000   -7.5000   45.000013019.2275   17.6881
    7.5000   -7.5000   45.000012452.1729   17.7072
   -7.5000    0.0000   45.000013044.4912   17.6899
    0.0000    0.0000   45.000013506.2256   17.6943
    7.5000    0.0000   45.000012918.1064   17.7042
   -7.5000    7.5000   45.000012407.4697   17.6957
    0.0000    7.5000   45.000012892.3242   17.7014
    7.5000    7.5000   45.000012294.1973   17.7071
   -7.5000   15.0000   45.000011585.9219   17.6892
    0.0000   15.0000   45.000012082.8926   17.7048
    7.5000   15.0000   45.000011486.9814   17.7144
   -7.5000   22.5000   45.000010706.7148   17.6666
    0.0000   22.5000   45.000011173.3750   17.6915
    7.5000   22.5000   45.000010595.4590   17.7106
   -7.5000   30.0000   45.0000 9762.3818   17.4357
    0.0000   30.0000   45.000010189.9414   17.4595
    7.5000   30.0000   45.0000 9640.5664   17.4838
   -7.5000   37.5000   45.0000 9136.6035   17.4443
    0.0000   37.5000   45.0000 9493.1426   17.4578
    7.5000   37.5000   45.0000 9006.1465   17.4767
   -7.5000   45.0000   45.0000 8128.3076   17.1207
    0.0000   45.0000   45.0000 8449.7129   17.1249
    7.5000   45.0000   45.0000 8029.6660   17.1347

---------------------------------------------------------------------
imgreg_4dfp /opt/freesurfer/average/711-2C_as_mni_average_305 /opt/freesurfer/average/711-2B_as_mni_average_305_mask talsrcimg_g11 none talsrcimg_to_711-2C_as_mni_average_305_t4 4355
---------------------------------------------------------------------

freesurfer imgreg_4dfp.c
/opt/freesurfer/average/711-2C_as_mni_average_305.4dfp.img
       256       256       256         1
  1.000000  1.000000  1.000000
orientation T byte_order littleendian
Reading image: /opt/freesurfer/average/711-2C_as_mni_average_305.4dfp.img
dimensions:      256       256       256
mmppix:       1.0000   -1.0000   -1.0000
center:     128.0000 -129.0000 -129.0000
/opt/freesurfer/average/711-2B_as_mni_average_305_mask.4dfp.img
       256       256       256         1
  1.000000  1.000000  1.000000
orientation T byte_order littleendian
Reading mask: /opt/freesurfer/average/711-2B_as_mni_average_305_mask.4dfp.img (2306576 pixels)
talsrcimg_g11.4dfp.img
       256       256       256         1
  1.000000  1.000000  1.000000
orientation T byte_order littleendian
Reading image: talsrcimg_g11.4dfp.img
dimensions:      256       256       256
mmppix:       1.0000   -1.0000   -1.0000
center:     128.0000 -129.0000 -129.0000
rotation matrix determinant  1.000000
image alignment mode   4355 decimal     1103 hex
   -7.5000  -45.0000  -45.0000 2407.4355   15.7740
    0.0000  -45.0000  -45.0000 2400.9624   15.9074
    7.5000  -45.0000  -45.0000 2363.7559   16.1771
   -7.5000  -37.5000  -45.0000 2463.8455   14.9064
    0.0000  -37.5000  -45.0000 2452.8306   15.0076
    7.5000  -37.5000  -45.0000 2422.0815   15.3026
   -7.5000  -30.0000  -45.0000 2507.6182   14.3048
    0.0000  -30.0000  -45.0000 2495.7524   14.3865
    7.5000  -30.0000  -45.0000 2465.0293   14.6662
   -7.5000  -22.5000  -45.0000 2537.4668   13.9489
    0.0000  -22.5000  -45.0000 2523.8318   14.0101
    7.5000  -22.5000  -45.0000 2491.4468   14.3116
   -7.5000  -15.0000  -45.0000 2549.2195   13.8591
    0.0000  -15.0000  -45.0000 2530.6680   13.9329
    7.5000  -15.0000  -45.0000 2495.1035   14.2383
   -7.5000   -7.5000  -45.0000 2535.0774   14.0664
    0.0000   -7.5000  -45.0000 2518.8152   14.1268
    7.5000   -7.5000  -45.0000 2483.2852   14.4182
   -7.5000    0.0000  -45.0000 2495.9390   14.4713
    0.0000    0.0000  -45.0000 2482.1465   14.5331
    7.5000    0.0000  -45.0000 2443.7847   14.8425
   -7.5000    7.5000  -45.0000 2441.7673   15.1153
    0.0000    7.5000  -45.0000 2432.5056   15.1497
    7.5000    7.5000  -45.0000 2390.9771   15.4746
   -7.5000   15.0000  -45.0000 2363.0774   16.0414
    0.0000   15.0000  -45.0000 2354.2827   16.0717
    7.5000   15.0000  -45.0000 2318.1194   16.4001
   -7.5000   22.5000  -45.0000 2270.7898   17.3704
    0.0000   22.5000  -45.0000 2261.5408   17.3881
    7.5000   22.5000  -45.0000 2231.2185   17.7485
   -7.5000   30.0000  -45.0000 2170.2156   19.1388
    0.0000   30.0000  -45.0000 2156.8110   19.1670
    7.5000   30.0000  -45.0000 2122.4226   19.5738
   -7.5000   37.5000  -45.0000 2047.2823   21.4506
    0.0000   37.5000  -45.0000 2043.9536   21.4646
    7.5000   37.5000  -45.0000 2012.2072   21.8379
   -7.5000   45.0000  -45.0000 1919.9022   24.4474
    0.0000   45.0000  -45.0000 1911.2781   24.4719
    7.5000   45.0000  -45.0000 1885.5070   24.9881
   -7.5000  -45.0000  -37.5000 2481.4973   14.8899
    0.0000  -45.0000  -37.5000 2475.3701   14.9750
    7.5000  -45.0000  -37.5000 2442.8372   15.2571
   -7.5000  -37.5000  -37.5000 2540.8232   14.0334
    0.0000  -37.5000  -37.5000 2535.1843   14.1114
    7.5000  -37.5000  -37.5000 2504.2485   14.3868
   -7.5000  -30.0000  -37.5000 2587.3242   13.4241
    0.0000  -30.0000  -37.5000 2579.5906   13.4880
    7.5000  -30.0000  -37.5000 2546.9744   13.7979
   -7.5000  -22.5000  -37.5000 2620.6943   13.0661
    0.0000  -22.5000  -37.5000 2609.4729   13.1328
    7.5000  -22.5000  -37.5000 2572.3020   13.4095
   -7.5000  -15.0000  -37.5000 2633.2231   12.9581
    0.0000  -15.0000  -37.5000 2616.4602   13.0202
    7.5000  -15.0000  -37.5000 2579.8228   13.2941
   -7.5000   -7.5000  -37.5000 2623.4160   13.0998
    0.0000   -7.5000  -37.5000 2607.4368   13.1706
    7.5000   -7.5000  -37.5000 2569.1511   13.4533
   -7.5000    0.0000  -37.5000 2586.7734   13.4409
    0.0000    0.0000  -37.5000 2574.7632   13.5199
    7.5000    0.0000  -37.5000 2535.7744   13.7916
   -7.5000    7.5000  -37.5000 2531.9346   14.0569
    0.0000    7.5000  -37.5000 2522.4207   14.1001
    7.5000    7.5000  -37.5000 2479.7993   14.3823
   -7.5000   15.0000  -37.5000 2447.1145   14.9283
    0.0000   15.0000  -37.5000 2439.4260   14.9617
    7.5000   15.0000  -37.5000 2400.8186   15.2309
   -7.5000   22.5000  -37.5000 2348.6614   16.1454
    0.0000   22.5000  -37.5000 2341.8542   16.1667
    7.5000   22.5000  -37.5000 2307.1672   16.4682
   -7.5000   30.0000  -37.5000 2240.0088   17.7673
    0.0000   30.0000  -37.5000 2231.6099   17.7837
    7.5000   30.0000  -37.5000 2195.8037   18.1544
   -7.5000   37.5000  -37.5000 2115.7915   19.9041
    0.0000   37.5000  -37.5000 2113.0540   19.8963
    7.5000   37.5000  -37.5000 2080.8442   20.2773
   -7.5000   45.0000  -37.5000 1976.5684   22.6809
    0.0000   45.0000  -37.5000 1976.8728   22.7073
    7.5000   45.0000  -37.5000 1947.1014   23.1583
   -7.5000  -45.0000  -30.0000 2592.6292   14.5599
    0.0000  -45.0000  -30.0000 2583.0103   14.6141
    7.5000  -45.0000  -30.0000 2553.1204   14.9192
   -7.5000  -37.5000  -30.0000 2659.2117   13.7033
    0.0000  -37.5000  -30.0000 2650.9937   13.7298
    7.5000  -37.5000  -30.0000 2623.4541   14.0018
   -7.5000  -30.0000  -30.0000 2717.9768   13.0832
    0.0000  -30.0000  -30.0000 2708.0203   13.0963
    7.5000  -30.0000  -30.0000 2675.2959   13.3980
   -7.5000  -22.5000  -30.0000 2758.0435   12.6932
    0.0000  -22.5000  -30.0000 2743.3562   12.7491
    7.5000  -22.5000  -30.0000 2706.1484   13.0208
   -7.5000  -15.0000  -30.0000 2765.4146   12.5593
    0.0000  -15.0000  -30.0000 2750.6167   12.6331
    7.5000  -15.0000  -30.0000 2717.8914   12.9111
   -7.5000   -7.5000  -30.0000 2759.3604   12.6467
    0.0000   -7.5000  -30.0000 2744.9216   12.7265
    7.5000   -7.5000  -30.0000 2708.8889   13.0159
   -7.5000    0.0000  -30.0000 2724.7996   12.9684
    0.0000    0.0000  -30.0000 2713.7947   13.0252
    7.5000    0.0000  -30.0000 2673.7246   13.2978
   -7.5000    7.5000  -30.0000 2670.8940   13.5440
    0.0000    7.5000  -30.0000 2658.4905   13.5899
    7.5000    7.5000  -30.0000 2619.3083   13.8574
   -7.5000   15.0000  -30.0000 2580.9753   14.3885
    0.0000   15.0000  -30.0000 2572.6621   14.4185
    7.5000   15.0000  -30.0000 2537.1711   14.6802
   -7.5000   22.5000  -30.0000 2472.0435   15.5834
    0.0000   22.5000  -30.0000 2470.0955   15.5796
    7.5000   22.5000  -30.0000 2433.8201   15.8785
   -7.5000   30.0000  -30.0000 2354.2729   17.1543
    0.0000   30.0000  -30.0000 2347.5591   17.1422
    7.5000   30.0000  -30.0000 2317.7744   17.4814
   -7.5000   37.5000  -30.0000 2222.2485   19.2275
    0.0000   37.5000  -30.0000 2219.4097   19.1796
    7.5000   37.5000  -30.0000 2197.8708   19.5674
   -7.5000   45.0000  -30.0000 2073.8281   21.9333
    0.0000   45.0000  -30.0000 2074.1104   21.8539
    7.5000   45.0000  -30.0000 2051.8115   22.2919
   -7.5000  -45.0000  -22.5000 2669.4812   14.1497
    0.0000  -45.0000  -22.5000 2656.7368   14.2473
    7.5000  -45.0000  -22.5000 2628.6416   14.5412
   -7.5000  -37.5000  -22.5000 2752.8540   13.2571
    0.0000  -37.5000  -22.5000 2736.7703   13.3031
    7.5000  -37.5000  -22.5000 2708.1689   13.5665
   -7.5000  -30.0000  -22.5000 2815.4690   12.6264
    0.0000  -30.0000  -22.5000 2799.9622   12.6453
    7.5000  -30.0000  -22.5000 2766.9458   12.9297
   -7.5000  -22.5000  -22.5000 2861.6365   12.2199
    0.0000  -22.5000  -22.5000 2846.9006   12.2690
    7.5000  -22.5000  -22.5000 2805.2883   12.5598
   -7.5000  -15.0000  -22.5000 2870.1838   12.0556
    0.0000  -15.0000  -22.5000 2856.9414   12.1407
    7.5000  -15.0000  -22.5000 2824.8372   12.4755
   -7.5000   -7.5000  -22.5000 2860.9700   12.1474
    0.0000   -7.5000  -22.5000 2852.2620   12.2281
    7.5000   -7.5000  -22.5000 2818.7246   12.5517
   -7.5000    0.0000  -22.5000 2825.4199   12.4693
    0.0000    0.0000  -22.5000 2819.7678   12.5134
    7.5000    0.0000  -22.5000 2785.3499   12.8024
   -7.5000    7.5000  -22.5000 2768.9646   13.0077
    0.0000    7.5000  -22.5000 2760.5747   13.0484
    7.5000    7.5000  -22.5000 2728.8982   13.3348
   -7.5000   15.0000  -22.5000 2674.8977   13.8164
    0.0000   15.0000  -22.5000 2670.9912   13.8554
    7.5000   15.0000  -22.5000 2642.9053   14.1410
   -7.5000   22.5000  -22.5000 2564.2812   14.9880
    0.0000   22.5000  -22.5000 2562.8142   15.0079
    7.5000   22.5000  -22.5000 2523.3557   15.3167
   -7.5000   30.0000  -22.5000 2440.8962   16.5097
    0.0000   30.0000  -22.5000 2439.8340   16.5503
    7.5000   30.0000  -22.5000 2399.9583   16.8339
   -7.5000   37.5000  -22.5000 2301.0081   18.5239
    0.0000   37.5000  -22.5000 2302.2456   18.5227
    7.5000   37.5000  -22.5000 2274.4570   18.8400
   -7.5000   45.0000  -22.5000 2144.9709   21.1309
    0.0000   45.0000  -22.5000 2146.0305   21.0672
    7.5000   45.0000  -22.5000 2123.3945   21.4566
   -7.5000  -45.0000  -15.0000 2702.8809   13.8345
    0.0000  -45.0000  -15.0000 2689.9199   13.9247
    7.5000  -45.0000  -15.0000 2661.8569   14.1960
   -7.5000  -37.5000  -15.0000 2794.6321   12.8544
    0.0000  -37.5000  -15.0000 2786.0347   12.9449
    7.5000  -37.5000  -15.0000 2754.7253   13.2002
   -7.5000  -30.0000  -15.0000 2863.9331   12.1856
    0.0000  -30.0000  -15.0000 2853.7368   12.2825
    7.5000  -30.0000  -15.0000 2816.5767   12.5413
   -7.5000  -22.5000  -15.0000 2917.2097   11.7540
    0.0000  -22.5000  -15.0000 2903.6450   11.8596
    7.5000  -22.5000  -15.0000 2859.0903   12.1717
   -7.5000  -15.0000  -15.0000 2928.0308   11.5737
    0.0000  -15.0000  -15.0000 2918.2744   11.6950
    7.5000  -15.0000  -15.0000 2881.2300   12.0935
   -7.5000   -7.5000  -15.0000 2917.0657   11.6698
    0.0000   -7.5000  -15.0000 2919.2000   11.7832
    7.5000   -7.5000  -15.0000 2879.7327   12.1655
   -7.5000    0.0000  -15.0000 2885.3564   11.9798
    0.0000    0.0000  -15.0000 2888.5710   12.0855
    7.5000    0.0000  -15.0000 2846.9941   12.3872
   -7.5000    7.5000  -15.0000 2828.1343   12.5028
    0.0000    7.5000  -15.0000 2830.7246   12.6221
    7.5000    7.5000  -15.0000 2793.4458   12.8764
   -7.5000   15.0000  -15.0000 2735.0376   13.3233
    0.0000   15.0000  -15.0000 2739.8875   13.4395
    7.5000   15.0000  -15.0000 2707.7666   13.6691
   -7.5000   22.5000  -15.0000 2625.4675   14.4776
    0.0000   22.5000  -15.0000 2626.7183   14.5916
    7.5000   22.5000  -15.0000 2591.3945   14.8301
   -7.5000   30.0000  -15.0000 2498.9924   16.0031
    0.0000   30.0000  -15.0000 2501.1846   16.0765
    7.5000   30.0000  -15.0000 2460.0630   16.3349
   -7.5000   37.5000  -15.0000 2357.0107   17.9703
    0.0000   37.5000  -15.0000 2359.0884   17.9901
    7.5000   37.5000  -15.0000 2325.3533   18.2740
   -7.5000   45.0000  -15.0000 2191.5850   20.3902
    0.0000   45.0000  -15.0000 2194.9541   20.3957
    7.5000   45.0000  -15.0000 2162.7959   20.7422
   -7.5000  -45.0000   -7.5000 2702.2161   13.5421
    0.0000  -45.0000   -7.5000 2698.3096   13.6047
    7.5000  -45.0000   -7.5000 2662.9954   13.9174
   -7.5000  -37.5000   -7.5000 2809.9224   12.5627
    0.0000  -37.5000   -7.5000 2804.7305   12.6229
    7.5000  -37.5000   -7.5000 2769.0044   12.8917
   -7.5000  -30.0000   -7.5000 2884.9932   11.9000
    0.0000  -30.0000   -7.5000 2877.7561   11.9897
    7.5000  -30.0000   -7.5000 2840.7747   12.2368
   -7.5000  -22.5000   -7.5000 2938.9910   11.5002
    0.0000  -22.5000   -7.5000 2941.4082   11.6418
    7.5000  -22.5000   -7.5000 2892.9731   11.8759
   -7.5000  -15.0000   -7.5000 2959.1289   11.2390
    0.0000  -15.0000   -7.5000 2962.7905   11.4501
    7.5000  -15.0000   -7.5000 2919.2830   11.7624
   -7.5000   -7.5000   -7.5000 2948.1987   11.2548
    0.0000   -7.5000   -7.5000 2962.2715   11.4339
    7.5000   -7.5000   -7.5000 2920.8035   11.7820
   -7.5000    0.0000   -7.5000 2913.9878   11.5847
    0.0000    0.0000   -7.5000 2927.9387   11.7278
    7.5000    0.0000   -7.5000 2887.4370   12.0001
   -7.5000    7.5000   -7.5000 2860.2549   12.1448
    0.0000    7.5000   -7.5000 2870.2708   12.2574
    7.5000    7.5000   -7.5000 2833.9048   12.4817
   -7.5000   15.0000   -7.5000 2768.1699   12.9770
    0.0000   15.0000   -7.5000 2772.9351   13.0367
    7.5000   15.0000   -7.5000 2744.0271   13.2678
   -7.5000   22.5000   -7.5000 2661.3958   14.1297
    0.0000   22.5000   -7.5000 2665.6785   14.1705
    7.5000   22.5000   -7.5000 2632.5627   14.3973
   -7.5000   30.0000   -7.5000 2531.2764   15.6248
    0.0000   30.0000   -7.5000 2538.1165   15.6373
    7.5000   30.0000   -7.5000 2498.4822   15.8763
   -7.5000   37.5000   -7.5000 2389.5938   17.5251
    0.0000   37.5000   -7.5000 2393.9778   17.5258
    7.5000   37.5000   -7.5000 2360.2200   17.8012
   -7.5000   45.0000   -7.5000 2222.2861   19.8843
    0.0000   45.0000   -7.5000 2224.1404   19.8637
    7.5000   45.0000   -7.5000 2193.4458   20.1862
   -7.5000  -45.0000    0.0000 2688.0298   13.3806
    0.0000  -45.0000    0.0000 2684.7280   13.4725
    7.5000  -45.0000    0.0000 2652.5601   13.7706
   -7.5000  -37.5000    0.0000 2796.1504   12.4351
    0.0000  -37.5000    0.0000 2797.7004   12.5168
    7.5000  -37.5000    0.0000 2766.0208   12.7378
   -7.5000  -30.0000    0.0000 2881.6885   11.8491
    0.0000  -30.0000    0.0000 2886.7327   11.9148
    7.5000  -30.0000    0.0000 2853.9336   12.0528
   -7.5000  -22.5000    0.0000 2951.7708   11.5454
    0.0000  -22.5000    0.0000 2962.7947   11.5999
    7.5000  -22.5000    0.0000 2917.4031   11.6755
   -7.5000  -15.0000    0.0000 2976.6917   11.3000
    0.0000  -15.0000    0.0000 2988.5825   11.4491
    7.5000  -15.0000    0.0000 2939.9812   11.5532
   -7.5000   -7.5000    0.0000 2962.5415   11.1773
    0.0000   -7.5000    0.0000 2980.9297   11.3092
    7.5000   -7.5000    0.0000 2942.1440   11.5629
   -7.5000    0.0000    0.0000 2929.0957   11.4104
    0.0000    0.0000    0.0000 2945.4534   11.5182
    7.5000    0.0000    0.0000 2910.2568   11.7746
   -7.5000    7.5000    0.0000 2875.7068   11.9777
    0.0000    7.5000    0.0000 2887.4407   11.9960
    7.5000    7.5000    0.0000 2857.6726   12.2344
   -7.5000   15.0000    0.0000 2787.2217   12.8026
    0.0000   15.0000    0.0000 2791.9583   12.7760
    7.5000   15.0000    0.0000 2769.2949   12.9978
   -7.5000   22.5000    0.0000 2680.6746   13.9360
    0.0000   22.5000    0.0000 2685.8267   13.9168
    7.5000   22.5000    0.0000 2657.2251   14.1446
   -7.5000   30.0000    0.0000 2550.4043   15.4481
    0.0000   30.0000    0.0000 2554.1951   15.4234
    7.5000   30.0000    0.0000 2523.5090   15.6614
   -7.5000   37.5000    0.0000 2409.5630   17.3383
    0.0000   37.5000    0.0000 2404.9277   17.2705
    7.5000   37.5000    0.0000 2381.1321   17.5185
   -7.5000   45.0000    0.0000 2237.4019   19.6904
    0.0000   45.0000    0.0000 2239.9124   19.5805
    7.5000   45.0000    0.0000 2209.9473   19.8214
   -7.5000  -45.0000    7.5000 2662.7764   13.5829
    0.0000  -45.0000    7.5000 2660.9138   13.6420
    7.5000  -45.0000    7.5000 2638.0107   13.8385
   -7.5000  -37.5000    7.5000 2780.4854   12.6104
    0.0000  -37.5000    7.5000 2781.5334   12.6594
    7.5000  -37.5000    7.5000 2757.3572   12.7655
   -7.5000  -30.0000    7.5000 2880.4568   11.9896
    0.0000  -30.0000    7.5000 2884.6113   12.0194
    7.5000  -30.0000    7.5000 2857.1650   12.0594
   -7.5000  -22.5000    7.5000 2960.2144   11.6445
    0.0000  -22.5000    7.5000 2970.8120   11.6859
    7.5000  -22.5000    7.5000 2930.3887   11.6623
   -7.5000  -15.0000    7.5000 2991.0471   11.4074
    0.0000  -15.0000    7.5000 3003.5034   11.4795
    7.5000  -15.0000    7.5000 2955.3560   11.5148
   -7.5000   -7.5000    7.5000 2974.4714   11.3382
    0.0000   -7.5000    7.5000 2983.7476   11.3681
    7.5000   -7.5000    7.5000 2951.8049   11.5082
   -7.5000    0.0000    7.5000 2942.4009   11.5661
    0.0000    0.0000    7.5000 2946.9541   11.5335
    7.5000    0.0000    7.5000 2915.9602   11.6924
   -7.5000    7.5000    7.5000 2881.5388   12.0866
    0.0000    7.5000    7.5000 2885.8459   12.0197
    7.5000    7.5000    7.5000 2862.9233   12.1916
   -7.5000   15.0000    7.5000 2790.2065   12.8683
    0.0000   15.0000    7.5000 2792.3577   12.8058
    7.5000   15.0000    7.5000 2768.3022   12.9913
   -7.5000   22.5000    7.5000 2681.4575   13.9364
    0.0000   22.5000    7.5000 2687.4221   13.9003
    7.5000   22.5000    7.5000 2661.8398   14.0902
   -7.5000   30.0000    7.5000 2552.1851   15.3685
    0.0000   30.0000    7.5000 2558.6252   15.3544
    7.5000   30.0000    7.5000 2533.1343   15.5557
   -7.5000   37.5000    7.5000 2408.1633   17.1977
    0.0000   37.5000    7.5000 2409.2344   17.1985
    7.5000   37.5000    7.5000 2388.5334   17.3915
   -7.5000   45.0000    7.5000 2239.6436   19.5605
    0.0000   45.0000    7.5000 2243.2571   19.4896
    7.5000   45.0000    7.5000 2219.3188   19.6906
   -7.5000  -45.0000   15.0000 2636.3127   13.9129
    0.0000  -45.0000   15.0000 2635.8364   13.9401
    7.5000  -45.0000   15.0000 2615.2375   14.0816
   -7.5000  -37.5000   15.0000 2758.0481   12.8835
    0.0000  -37.5000   15.0000 2759.3779   12.9178
    7.5000  -37.5000   15.0000 2732.8809   12.9972
   -7.5000  -30.0000   15.0000 2865.8494   12.1945
    0.0000  -30.0000   15.0000 2875.0354   12.2507
    7.5000  -30.0000   15.0000 2841.3418   12.2555
   -7.5000  -22.5000   15.0000 2947.0884   11.7515
    0.0000  -22.5000   15.0000 2965.8259   11.8665
    7.5000  -22.5000   15.0000 2921.8750   11.8230
   -7.5000  -15.0000   15.0000 2980.8833   11.4475
    0.0000  -15.0000   15.0000 3000.5750   11.5345
    7.5000  -15.0000   15.0000 2952.9495   11.5841
   -7.5000   -7.5000   15.0000 2968.1475   11.4437
    0.0000   -7.5000   15.0000 2975.7805   11.3775
    7.5000   -7.5000   15.0000 2942.5281   11.5177
   -7.5000    0.0000   15.0000 2924.5806   11.7301
    0.0000    0.0000   15.0000 2934.4578   11.6463
    7.5000    0.0000   15.0000 2904.0298   11.7748
   -7.5000    7.5000   15.0000 2860.9604   12.2907
    0.0000    7.5000   15.0000 2870.4111   12.2262
    7.5000    7.5000   15.0000 2847.8325   12.3444
   -7.5000   15.0000   15.0000 2772.2776   13.1050
    0.0000   15.0000   15.0000 2768.0935   13.0639
    7.5000   15.0000   15.0000 2750.0530   13.1911
   -7.5000   22.5000   15.0000 2663.8872   14.1752
    0.0000   22.5000   15.0000 2664.1782   14.1307
    7.5000   22.5000   15.0000 2645.7563   14.3118
   -7.5000   30.0000   15.0000 2534.6631   15.5686
    0.0000   30.0000   15.0000 2540.9390   15.5311
    7.5000   30.0000   15.0000 2519.3982   15.7403
   -7.5000   37.5000   15.0000 2385.9126   17.3698
    0.0000   37.5000   15.0000 2398.1487   17.3352
    7.5000   37.5000   15.0000 2376.1506   17.5094
   -7.5000   45.0000   15.0000 2224.0667   19.5924
    0.0000   45.0000   15.0000 2232.4460   19.5856
    7.5000   45.0000   15.0000 2208.4133   19.7958
   -7.5000  -45.0000   22.5000 2610.6370   14.3419
    0.0000  -45.0000   22.5000 2610.6760   14.3015
    7.5000  -45.0000   22.5000 2588.1965   14.4516
   -7.5000  -37.5000   22.5000 2728.6287   13.2593
    0.0000  -37.5000   22.5000 2730.6533   13.2490
    7.5000  -37.5000   22.5000 2706.5869   13.3628
   -7.5000  -30.0000   22.5000 2834.7300   12.5102
    0.0000  -30.0000   22.5000 2843.3960   12.5421
    7.5000  -30.0000   22.5000 2813.4753   12.6100
   -7.5000  -22.5000   22.5000 2912.4458   11.9994
    0.0000  -22.5000   22.5000 2927.5156   12.0457
    7.5000  -22.5000   22.5000 2887.5083   12.1005
   -7.5000  -15.0000   22.5000 2948.8892   11.7216
    0.0000  -15.0000   22.5000 2958.8638   11.5979
    7.5000  -15.0000   22.5000 2919.8379   11.7670
   -7.5000   -7.5000   22.5000 2937.6350   11.7234
    0.0000   -7.5000   22.5000 2943.4121   11.5769
    7.5000   -7.5000   22.5000 2912.5518   11.7246
   -7.5000    0.0000   22.5000 2894.8979   12.0345
    0.0000    0.0000   22.5000 2909.0718   11.9477
    7.5000    0.0000   22.5000 2883.5706   12.0712
   -7.5000    7.5000   22.5000 2829.6064   12.6143
    0.0000    7.5000   22.5000 2842.2283   12.5742
    7.5000    7.5000   22.5000 2824.3840   12.6940
   -7.5000   15.0000   22.5000 2736.5586   13.4673
    0.0000   15.0000   22.5000 2740.2048   13.4579
    7.5000   15.0000   22.5000 2721.9180   13.5712
   -7.5000   22.5000   22.5000 2626.3982   14.5887
    0.0000   22.5000   22.5000 2632.9922   14.5457
    7.5000   22.5000   22.5000 2612.6165   14.6930
   -7.5000   30.0000   22.5000 2498.7002   15.9648
    0.0000   30.0000   22.5000 2512.2908   15.9433
    7.5000   30.0000   22.5000 2489.6477   16.1249
   -7.5000   37.5000   22.5000 2350.4487   17.6909
    0.0000   37.5000   22.5000 2362.3450   17.6872
    7.5000   37.5000   22.5000 2344.4158   17.8718
   -7.5000   45.0000   22.5000 2189.8083   19.9180
    0.0000   45.0000   22.5000 2198.3188   19.9008
    7.5000   45.0000   22.5000 2174.8481   20.1208
   -7.5000  -45.0000   30.0000 2576.9561   14.9041
    0.0000  -45.0000   30.0000 2571.0430   14.7423
    7.5000  -45.0000   30.0000 2552.1179   14.9884
   -7.5000  -37.5000   30.0000 2690.5513   13.7812
    0.0000  -37.5000   30.0000 2688.5479   13.6592
    7.5000  -37.5000   30.0000 2667.2153   13.8604
   -7.5000  -30.0000   30.0000 2791.4937   12.9771
    0.0000  -30.0000   30.0000 2789.3914   12.8895
    7.5000  -30.0000   30.0000 2766.2449   13.0731
   -7.5000  -22.5000   30.0000 2859.9121   12.4685
    0.0000  -22.5000   30.0000 2862.6038   12.3200
    7.5000  -22.5000   30.0000 2835.1868   12.5152
   -7.5000  -15.0000   30.0000 2895.6821   12.1758
    0.0000  -15.0000   30.0000 2899.9480   11.9148
    7.5000  -15.0000   30.0000 2871.0486   12.1534
   -7.5000   -7.5000   30.0000 2887.6384   12.2050
    0.0000   -7.5000   30.0000 2892.9648   12.0533
    7.5000   -7.5000   30.0000 2867.4761   12.2465
   -7.5000    0.0000   30.0000 2839.3840   12.5207
    0.0000    0.0000   30.0000 2854.4897   12.4348
    7.5000    0.0000   30.0000 2832.6299   12.5948
   -7.5000    7.5000   30.0000 2776.4297   13.1234
    0.0000    7.5000   30.0000 2788.2273   13.0242
    7.5000    7.5000   30.0000 2771.8574   13.1858
   -7.5000   15.0000   30.0000 2686.8044   13.9856
    0.0000   15.0000   30.0000 2696.6921   13.9142
    7.5000   15.0000   30.0000 2682.2234   14.0729
   -7.5000   22.5000   30.0000 2577.0615   15.0876
    0.0000   22.5000   30.0000 2588.5786   15.0578
    7.5000   22.5000   30.0000 2571.1489   15.2036
   -7.5000   30.0000   30.0000 2449.5823   16.5105
    0.0000   30.0000   30.0000 2464.0132   16.4757
    7.5000   30.0000   30.0000 2444.8311   16.6082
   -7.5000   37.5000   30.0000 2303.9519   18.2913
    0.0000   37.5000   30.0000 2308.4888   18.2646
    7.5000   37.5000   30.0000 2293.0879   18.4113
   -7.5000   45.0000   30.0000 2141.0264   20.5316
    0.0000   45.0000   30.0000 2152.7510   20.4918
    7.5000   45.0000   30.0000 2133.7639   20.6983
   -7.5000  -45.0000   37.5000 2522.1648   15.5520
    0.0000  -45.0000   37.5000 2524.2388   15.2793
    7.5000  -45.0000   37.5000 2505.4717   15.5678
   -7.5000  -37.5000   37.5000 2638.2363   14.4122
    0.0000  -37.5000   37.5000 2638.8091   14.1918
    7.5000  -37.5000   37.5000 2618.9722   14.4630
   -7.5000  -30.0000   37.5000 2731.4592   13.6051
    0.0000  -30.0000   37.5000 2734.9988   13.3900
    7.5000  -30.0000   37.5000 2713.1819   13.6355
   -7.5000  -22.5000   37.5000 2794.2202   13.0911
    0.0000  -22.5000   37.5000 2797.9075   12.7824
    7.5000  -22.5000   37.5000 2774.2927   13.0217
   -7.5000  -15.0000   37.5000 2821.5728   12.7589
    0.0000  -15.0000   37.5000 2824.1716   12.4697
    7.5000  -15.0000   37.5000 2803.3574   12.7278
   -7.5000   -7.5000   37.5000 2814.7983   12.8238
    0.0000   -7.5000   37.5000 2819.2966   12.6308
    7.5000   -7.5000   37.5000 2799.4624   12.8449
   -7.5000    0.0000   37.5000 2769.9524   13.1691
    0.0000    0.0000   37.5000 2778.5007   13.0326
    7.5000    0.0000   37.5000 2763.7825   13.2186
   -7.5000    7.5000   37.5000 2708.5942   13.7548
    0.0000    7.5000   37.5000 2723.6987   13.6246
    7.5000    7.5000   37.5000 2709.4827   13.7870
   -7.5000   15.0000   37.5000 2627.6133   14.6120
    0.0000   15.0000   37.5000 2642.4351   14.4895
    7.5000   15.0000   37.5000 2629.4053   14.6734
   -7.5000   22.5000   37.5000 2520.1826   15.7647
    0.0000   22.5000   37.5000 2531.9275   15.6791
    7.5000   22.5000   37.5000 2518.7292   15.8541
   -7.5000   30.0000   37.5000 2393.5168   17.2165
    0.0000   30.0000   37.5000 2404.9316   17.1488
    7.5000   30.0000   37.5000 2388.6387   17.2783
   -7.5000   37.5000   37.5000 2246.8018   19.0096
    0.0000   37.5000   37.5000 2251.7346   18.9887
    7.5000   37.5000   37.5000 2237.3203   19.1215
   -7.5000   45.0000   37.5000 2091.7166   21.3400
    0.0000   45.0000   37.5000 2103.6301   21.2835
    7.5000   45.0000   37.5000 2086.5693   21.4670
   -7.5000  -45.0000   45.0000 2462.4697   16.3455
    0.0000  -45.0000   45.0000 2469.8743   15.9849
    7.5000  -45.0000   45.0000 2455.0735   16.2811
   -7.5000  -37.5000   45.0000 2572.3328   15.1890
    0.0000  -37.5000   45.0000 2578.0720   14.8617
    7.5000  -37.5000   45.0000 2562.6265   15.1456
   -7.5000  -30.0000   45.0000 2658.0247   14.3746
    0.0000  -30.0000   45.0000 2666.2192   14.0476
    7.5000  -30.0000   45.0000 2648.8040   14.3243
   -7.5000  -22.5000   45.0000 2713.7275   13.8121
    0.0000  -22.5000   45.0000 2723.2212   13.4751
    7.5000  -22.5000   45.0000 2701.2166   13.7383
   -7.5000  -15.0000   45.0000 2737.5552   13.4831
    0.0000  -15.0000   45.0000 2739.4778   13.2140
    7.5000  -15.0000   45.0000 2720.4724   13.4507
   -7.5000   -7.5000   45.0000 2730.4705   13.5867
    0.0000   -7.5000   45.0000 2731.3772   13.3565
    7.5000   -7.5000   45.0000 2717.3782   13.5582
   -7.5000    0.0000   45.0000 2690.8230   13.9043
    0.0000    0.0000   45.0000 2689.8240   13.7202
    7.5000    0.0000   45.0000 2686.0635   13.9087
   -7.5000    7.5000   45.0000 2634.5889   14.4988
    0.0000    7.5000   45.0000 2641.9167   14.2923
    7.5000    7.5000   45.0000 2633.7429   14.4935
   -7.5000   15.0000   45.0000 2554.3101   15.3448
    0.0000   15.0000   45.0000 2570.3306   15.1860
    7.5000   15.0000   45.0000 2559.8167   15.3731
   -7.5000   22.5000   45.0000 2452.7107   16.5069
    0.0000   22.5000   45.0000 2466.5312   16.3883
    7.5000   22.5000   45.0000 2451.9165   16.5664
   -7.5000   30.0000   45.0000 2325.0220   18.0127
    0.0000   30.0000   45.0000 2341.2170   17.9040
    7.5000   30.0000   45.0000 2319.9983   18.0839
   -7.5000   37.5000   45.0000 2182.8115   19.9137
    0.0000   37.5000   45.0000 2192.8823   19.8635
    7.5000   37.5000   45.0000 2178.4019   19.9907
   -7.5000   45.0000   45.0000 2039.4489   22.3947
    0.0000   45.0000   45.0000 2046.4281   22.3321
    7.5000   45.0000   45.0000 2034.6635   22.4453

---------------------------------------------------------------------
imgreg_4dfp /opt/freesurfer/average/711-2C_as_mni_average_305 /opt/freesurfer/average/711-2B_as_mni_average_305_mask talsrcimg_g11 none talsrcimg_to_711-2C_as_mni_average_305_t4 1283
---------------------------------------------------------------------

freesurfer imgreg_4dfp.c
/opt/freesurfer/average/711-2C_as_mni_average_305.4dfp.img
       256       256       256         1
  1.000000  1.000000  1.000000
orientation T byte_order littleendian
Reading image: /opt/freesurfer/average/711-2C_as_mni_average_305.4dfp.img
dimensions:      256       256       256
mmppix:       1.0000   -1.0000   -1.0000
center:     128.0000 -129.0000 -129.0000
/opt/freesurfer/average/711-2B_as_mni_average_305_mask.4dfp.img
       256       256       256         1
  1.000000  1.000000  1.000000
orientation T byte_order littleendian
Reading mask: /opt/freesurfer/average/711-2B_as_mni_average_305_mask.4dfp.img (2306576 pixels)
talsrcimg_g11.4dfp.img
       256       256       256         1
  1.000000  1.000000  1.000000
orientation T byte_order littleendian
Reading image: talsrcimg_g11.4dfp.img
dimensions:      256       256       256
mmppix:       1.0000   -1.0000   -1.0000
center:     128.0000 -129.0000 -129.0000
rotation matrix determinant  1.000000
fimgreg.f
image alignment mode   1283 decimal      503 hex
parameters
    0.0000  -15.0000    7.5000    0.0000    0.0000    0.0000
eta,q 0.94380 11.53909
niter,ni,del,rscale     5    3   12.0000    1.2000
parameter  4  3.169030 ->  0.500000 qaram    1.1500
parameter  5  1.655892 ->  0.500000 qaram    1.1500
parameters
   -1.5450  -14.9532    9.8518   -3.4500   -3.4500    2.7480
eta,q 0.95190 11.46277
  0.0624  0.0624  0.0611  0.0492  0.0465  0.0554
  0.0582  0.0585  0.0589  0.0518  0.0482  0.0519
  0.0549  0.0555  0.0563  0.0531  0.0509  0.0500
  0.0573  0.0546  0.0546  0.0545  0.0523  0.0490
  0.0623  0.0563  0.0543  0.0561  0.0539  0.0482
  0.0644  0.0585  0.0548  0.0586  0.0578  0.0482
  0.0680  0.0618  0.0557  0.0616  0.0624  0.0489
niter,ni,del,rscale     6    3   12.0000    1.2000
parameter  4  1.534832 ->  0.500000 qaram    1.3225
parameters
   -0.2435  -14.4101    8.7315   -7.4175   -5.6144    3.7163
eta,q 0.95691 11.63919
  0.0652  0.0590  0.0503  0.0438  0.0463  0.0485
  0.0571  0.0541  0.0485  0.0439  0.0435  0.0460
  0.0505  0.0499  0.0474  0.0449  0.0430  0.0441
  0.0481  0.0478  0.0479  0.0474  0.0440  0.0431
  0.0477  0.0493  0.0493  0.0506  0.0453  0.0431
  0.0492  0.0522  0.0503  0.0531  0.0499  0.0439
  0.0550  0.0554  0.0522  0.0553  0.0554  0.0461
niter,ni,del,rscale     6    3   12.0000    1.2000
parameter  4  0.981832 ->  0.500000 qaram    1.5209
parameters
   -0.0505  -13.1762    7.3430  -11.9801   -5.7246    3.3421
eta,q 0.96154 11.65817
  0.0567  0.0578  0.0456  0.0400  0.0481  0.0435
  0.0501  0.0497  0.0439  0.0381  0.0428  0.0407
  0.0444  0.0445  0.0428  0.0404  0.0391  0.0390
  0.0431  0.0431  0.0432  0.0428  0.0385  0.0385
  0.0438  0.0434  0.0442  0.0454  0.0394  0.0393
  0.0475  0.0453  0.0466  0.0477  0.0432  0.0416
  0.0559  0.0482  0.0506  0.0518  0.0488  0.0451
niter,ni,del,rscale     6    3   12.0000    1.2000
parameters
   -0.2752  -11.4589    6.7689  -13.4193   -5.6430    3.3808
eta,q 0.96461 11.63391
  0.0544  0.0596  0.0417  0.0460  0.0471  0.0425
  0.0462  0.0521  0.0379  0.0397  0.0409  0.0384
  0.0400  0.0442  0.0362  0.0357  0.0367  0.0361
  0.0385  0.0385  0.0366  0.0363  0.0354  0.0354
  0.0400  0.0366  0.0380  0.0414  0.0363  0.0360
  0.0471  0.0397  0.0397  0.0466  0.0405  0.0382
  0.0579  0.0456  0.0436  0.0508  0.0467  0.0424
niter,ni,del,rscale     5    3   12.0000    1.2000
parameters
   -0.3749  -10.9180    6.7720  -13.8455   -5.6086    3.3570
eta,q 0.96452 11.61595
  0.0539  0.0550  0.0430  0.0492  0.0470  0.0422
  0.0450  0.0458  0.0388  0.0415  0.0407  0.0382
  0.0378  0.0383  0.0360  0.0365  0.0367  0.0361
  0.0354  0.0354  0.0356  0.0356  0.0355  0.0355
  0.0369  0.0378  0.0372  0.0388  0.0364  0.0360
  0.0445  0.0430  0.0390  0.0451  0.0405  0.0382
  0.0566  0.0482  0.0425  0.0500  0.0469  0.0425
niter,ni,del,rscale     4    3   12.0000    1.2000
parameters
   -0.4170  -10.7062    6.7650  -14.0464   -5.6040    3.3489
eta,q 0.96441 11.60643
  0.0540  0.0530  0.0431  0.0501  0.0470  0.0422
  0.0451  0.0439  0.0389  0.0420  0.0406  0.0383
  0.0380  0.0372  0.0362  0.0367  0.0367  0.0361
  0.0355  0.0355  0.0356  0.0356  0.0356  0.0356
  0.0368  0.0387  0.0372  0.0383  0.0365  0.0361
  0.0440  0.0439  0.0391  0.0446  0.0406  0.0381
  0.0560  0.0492  0.0427  0.0498  0.0470  0.0424
niter,ni,del,rscale     3    3   12.0000    1.2000
parameters
   -0.4396  -10.6227    6.7489  -14.1324   -5.5996    3.3514
eta,q 0.96436 11.60317
  0.0540  0.0522  0.0431  0.0506  0.0470  0.0422
  0.0452  0.0432  0.0389  0.0423  0.0407  0.0383
  0.0381  0.0368  0.0362  0.0369  0.0367  0.0362
  0.0356  0.0356  0.0357  0.0357  0.0356  0.0356
  0.0368  0.0390  0.0371  0.0382  0.0366  0.0361
  0.0439  0.0442  0.0391  0.0443  0.0407  0.0381
  0.0558  0.0496  0.0428  0.0497  0.0470  0.0424
niter,ni,del,rscale     2    3   12.0000    1.2000
parameters
   -0.4506  -10.5917    6.7372  -14.1693   -5.5959    3.3539
eta,q 0.96434 11.60206
  0.0540  0.0519  0.0432  0.0508  0.0470  0.0422
  0.0453  0.0429  0.0389  0.0424  0.0407  0.0383
  0.0382  0.0367  0.0363  0.0370  0.0368  0.0362
  0.0356  0.0357  0.0357  0.0357  0.0357  0.0357
  0.0368  0.0392  0.0371  0.0381  0.0366  0.0362
  0.0438  0.0443  0.0391  0.0442  0.0407  0.0381
  0.0557  0.0497  0.0428  0.0496  0.0470  0.0424
registration optimization eta report
parameter search radius
    6.0000    6.0000    6.0000    9.1253    6.9000    6.0000
100000*second partial in parameter space
       54.       41.       20.       17.       24.       19.
  0.0540  0.0519  0.0432  0.0508  0.0470  0.0422
  0.0453  0.0429  0.0389  0.0424  0.0407  0.0383
  0.0382  0.0367  0.0363  0.0370  0.0368  0.0362
  0.0356  0.0357  0.0357  0.0357  0.0357  0.0357
  0.0368  0.0392  0.0371  0.0381  0.0366  0.0362
  0.0438  0.0443  0.0391  0.0442  0.0407  0.0381
  0.0557  0.0497  0.0428  0.0496  0.0470  0.0424
   -0.4506  -10.5917    6.7372  -14.1693   -5.5959    3.3539
eta,q 0.96434 11.60206

---------------------------------------------------------------------
imgreg_4dfp /opt/freesurfer/average/711-2C_as_mni_average_305 /opt/freesurfer/average/711-2B_as_mni_average_305_mask talsrcimg_g11 none talsrcimg_to_711-2C_as_mni_average_305_t4 3335
---------------------------------------------------------------------

freesurfer imgreg_4dfp.c
/opt/freesurfer/average/711-2C_as_mni_average_305.4dfp.img
       256       256       256         1
  1.000000  1.000000  1.000000
orientation T byte_order littleendian
Reading image: /opt/freesurfer/average/711-2C_as_mni_average_305.4dfp.img
dimensions:      256       256       256
mmppix:       1.0000   -1.0000   -1.0000
center:     128.0000 -129.0000 -129.0000
/opt/freesurfer/average/711-2B_as_mni_average_305_mask.4dfp.img
       256       256       256         1
  1.000000  1.000000  1.000000
orientation T byte_order littleendian
Reading mask: /opt/freesurfer/average/711-2B_as_mni_average_305_mask.4dfp.img (2306576 pixels)
talsrcimg_g11.4dfp.img
       256       256       256         1
  1.000000  1.000000  1.000000
orientation T byte_order littleendian
Reading image: talsrcimg_g11.4dfp.img
dimensions:      256       256       256
mmppix:       1.0000   -1.0000   -1.0000
center:     128.0000 -129.0000 -129.0000
fimgreg.f
image alignment mode   3335 decimal      D07 hex
parameters
   -0.4506  -10.5917    6.7372   -0.6470   -3.3481   -3.5044
   -8.0553    8.0062    5.8225   24.9900   -9.7511  -24.3622
eta,q 0.96360 11.76590
niter,ni,del,rscale     5    3    5.0000    1.2000
parameter  4  1.207528 ->  0.500000 qaram    1.1500
parameter  5  1.381821 ->  0.500000 qaram    1.1500
parameter 10  0.574669 ->  0.500000 qaram    1.1500
parameter 11 -0.861912 -> -0.500000 qaram    1.1500
parameter 12  2.614945 ->  0.500000 qaram    1.1500
parameters
   -0.6159  -10.4955    6.6229   -4.7870   -7.4881   -2.2602
   -7.2043    9.4537    7.0267   20.8500   -5.6111  -28.5022
eta,q 0.97451 11.47711
  0.0393  0.0387  0.0373  0.0317  0.0280  0.0311  0.0325  0.0357  0.0313  0.0281  0.0303  0.0247
  0.0376  0.0374  0.0368  0.0322  0.0288  0.0303  0.0308  0.0328  0.0300  0.0278  0.0292  0.0253
  0.0366  0.0366  0.0365  0.0338  0.0302  0.0296  0.0296  0.0304  0.0292  0.0279  0.0284  0.0261
  0.0364  0.0364  0.0364  0.0364  0.0325  0.0292  0.0291  0.0290  0.0287  0.0286  0.0277  0.0271
  0.0369  0.0366  0.0365  0.0400  0.0355  0.0290  0.0292  0.0287  0.0286  0.0299  0.0273  0.0283
  0.0383  0.0372  0.0369  0.0442  0.0388  0.0293  0.0299  0.0298  0.0291  0.0321  0.0271  0.0295
  0.0403  0.0383  0.0376  0.0483  0.0424  0.0303  0.0312  0.0321  0.0300  0.0350  0.0271  0.0308
niter,ni,del,rscale     7    3    5.0000    1.2000
parameter  5  0.620917 ->  0.500000 qaram    1.3225
parameter  6 -0.552370 -> -0.500000 qaram    1.1500
parameter 12  1.191659 ->  0.500000 qaram    1.3225
parameters
   -0.6712  -10.0473    6.3674   -8.6106  -12.2491    1.8798
   -7.4901    9.0415    7.2424   22.3734   -2.6079  -33.2632
eta,q 0.97819 11.27125
  0.0293  0.0288  0.0264  0.0256  0.0243  0.0264  0.0257  0.0280  0.0253  0.0281  0.0252  0.0217
  0.0271  0.0272  0.0258  0.0255  0.0240  0.0254  0.0244  0.0253  0.0243  0.0260  0.0243  0.0217
  0.0259  0.0261  0.0254  0.0252  0.0243  0.0246  0.0237  0.0238  0.0237  0.0244  0.0237  0.0223
  0.0255  0.0255  0.0254  0.0254  0.0253  0.0240  0.0235  0.0235  0.0235  0.0235  0.0234  0.0232
  0.0261  0.0255  0.0256  0.0274  0.0271  0.0236  0.0239  0.0242  0.0237  0.0234  0.0232  0.0244
  0.0275  0.0260  0.0261  0.0311  0.0299  0.0236  0.0247  0.0260  0.0242  0.0242  0.0233  0.0258
  0.0295  0.0270  0.0269  0.0356  0.0338  0.0239  0.0260  0.0293  0.0251  0.0258  0.0236  0.0272
niter,ni,del,rscale     7    3    5.0000    1.2000
parameters
   -0.6455   -9.8696    6.0430   -9.8969  -14.0963    0.3095
   -8.0100    8.5586    6.6301   22.9941   -3.2172  -36.7412
eta,q 0.97852 11.08956
  0.0253  0.0248  0.0230  0.0239  0.0246  0.0239  0.0242  0.0258  0.0233  0.0265  0.0226  0.0227
  0.0234  0.0232  0.0223  0.0230  0.0230  0.0229  0.0228  0.0235  0.0225  0.0243  0.0222  0.0217
  0.0222  0.0222  0.0218  0.0223  0.0221  0.0222  0.0221  0.0223  0.0221  0.0228  0.0220  0.0215
  0.0218  0.0218  0.0218  0.0218  0.0220  0.0219  0.0220  0.0220  0.0220  0.0220  0.0219  0.0219
  0.0222  0.0220  0.0222  0.0219  0.0229  0.0223  0.0225  0.0225  0.0223  0.0222  0.0220  0.0229
  0.0233  0.0227  0.0229  0.0238  0.0249  0.0240  0.0234  0.0242  0.0229  0.0234  0.0223  0.0241
  0.0251  0.0240  0.0239  0.0272  0.0287  0.0277  0.0247  0.0273  0.0239  0.0255  0.0229  0.0256
niter,ni,del,rscale     6    3    5.0000    1.2000
parameters
   -0.7885   -9.8248    5.5076  -10.1135  -14.1649   -0.4823
   -8.0260    8.4733    6.7078   23.4523   -3.8885  -37.2136
eta,q 0.97862 11.06464
  0.0242  0.0241  0.0223  0.0236  0.0256  0.0239  0.0242  0.0260  0.0233  0.0261  0.0223  0.0241
  0.0225  0.0226  0.0217  0.0225  0.0236  0.0227  0.0227  0.0235  0.0223  0.0239  0.0217  0.0223
  0.0216  0.0217  0.0214  0.0219  0.0221  0.0219  0.0218  0.0219  0.0217  0.0222  0.0215  0.0215
  0.0215  0.0215  0.0215  0.0214  0.0214  0.0214  0.0215  0.0215  0.0215  0.0215  0.0214  0.0214
  0.0220  0.0217  0.0219  0.0211  0.0217  0.0217  0.0218  0.0219  0.0217  0.0217  0.0216  0.0220
  0.0231  0.0225  0.0226  0.0220  0.0232  0.0229  0.0228  0.0235  0.0222  0.0231  0.0220  0.0230
  0.0248  0.0238  0.0236  0.0247  0.0262  0.0259  0.0242  0.0264  0.0232  0.0253  0.0226  0.0243
niter,ni,del,rscale     5    3    5.0000    1.2000
parameters
   -0.8464   -9.8364    5.3440  -10.0701  -14.0198   -0.6744
   -8.0682    8.4703    6.7573   23.5176   -3.9513  -37.3916
eta,q 0.97865 11.06986
  0.0243  0.0239  0.0227  0.0236  0.0257  0.0241  0.0242  0.0262  0.0232  0.0258  0.0225  0.0243
  0.0226  0.0225  0.0219  0.0225  0.0236  0.0229  0.0226  0.0235  0.0222  0.0235  0.0218  0.0225
  0.0216  0.0216  0.0215  0.0218  0.0221  0.0219  0.0217  0.0219  0.0216  0.0220  0.0215  0.0215
  0.0214  0.0214  0.0214  0.0214  0.0214  0.0213  0.0214  0.0214  0.0214  0.0214  0.0214  0.0214
  0.0218  0.0217  0.0216  0.0211  0.0216  0.0215  0.0218  0.0218  0.0216  0.0218  0.0215  0.0219
  0.0229  0.0225  0.0222  0.0218  0.0229  0.0224  0.0227  0.0234  0.0222  0.0234  0.0219  0.0229
  0.0246  0.0239  0.0231  0.0243  0.0260  0.0251  0.0242  0.0263  0.0231  0.0257  0.0224  0.0242
niter,ni,del,rscale     4    3    5.0000    1.2000
parameters
   -0.8570   -9.8409    5.2996  -10.0875  -14.0029   -0.7212
   -8.0803    8.4575    6.7663   23.5438   -3.9795  -37.4442
eta,q 0.97865 11.06903
  0.0245  0.0239  0.0228  0.0236  0.0256  0.0242  0.0242  0.0262  0.0232  0.0257  0.0225  0.0244
  0.0227  0.0224  0.0220  0.0225  0.0236  0.0230  0.0226  0.0235  0.0222  0.0235  0.0218  0.0225
  0.0216  0.0216  0.0215  0.0218  0.0221  0.0220  0.0217  0.0219  0.0215  0.0219  0.0215  0.0215
  0.0214  0.0213  0.0213  0.0213  0.0213  0.0214  0.0214  0.0214  0.0214  0.0214  0.0213  0.0214
  0.0217  0.0217  0.0215  0.0211  0.0216  0.0215  0.0217  0.0218  0.0216  0.0218  0.0215  0.0219
  0.0228  0.0225  0.0221  0.0218  0.0230  0.0223  0.0227  0.0234  0.0222  0.0234  0.0219  0.0228
  0.0244  0.0239  0.0229  0.0243  0.0261  0.0249  0.0242  0.0263  0.0232  0.0257  0.0224  0.0242
niter,ni,del,rscale     3    3    5.0000    1.2000
parameters
   -0.8616   -9.8408    5.2854  -10.0887  -14.0026   -0.7358
   -8.0843    8.4559    6.7688   23.5527   -3.9978  -37.4655
eta,q 0.97865 11.06886
  0.0245  0.0239  0.0228  0.0236  0.0256  0.0242  0.0242  0.0262  0.0232  0.0257  0.0225  0.0244
  0.0227  0.0224  0.0220  0.0225  0.0236  0.0230  0.0226  0.0235  0.0222  0.0235  0.0218  0.0225
  0.0217  0.0216  0.0215  0.0218  0.0221  0.0220  0.0217  0.0219  0.0215  0.0219  0.0214  0.0215
  0.0213  0.0213  0.0213  0.0213  0.0213  0.0213  0.0213  0.0214  0.0213  0.0213  0.0213  0.0214
  0.0217  0.0217  0.0215  0.0211  0.0216  0.0215  0.0217  0.0218  0.0216  0.0218  0.0215  0.0218
  0.0228  0.0225  0.0221  0.0218  0.0230  0.0223  0.0227  0.0234  0.0222  0.0234  0.0219  0.0228
  0.0244  0.0239  0.0229  0.0243  0.0262  0.0249  0.0242  0.0263  0.0232  0.0257  0.0224  0.0242
registration optimization eta report
parameter search radius
    2.4000    2.4000    2.4000    8.2800    9.5220    8.2800
    7.2000    7.2000    7.2000    8.2800    8.2800    9.5220
100000*second partial in parameter space
       54.       44.       26.        4.        5.        5.
        5.        9.        4.        6.        2.        3.
  0.0245  0.0239  0.0228  0.0236  0.0256  0.0242  0.0242  0.0262  0.0232  0.0257  0.0225  0.0244
  0.0227  0.0224  0.0220  0.0225  0.0236  0.0230  0.0226  0.0235  0.0222  0.0235  0.0218  0.0225
  0.0217  0.0216  0.0215  0.0218  0.0221  0.0220  0.0217  0.0219  0.0215  0.0219  0.0214  0.0215
  0.0213  0.0213  0.0213  0.0213  0.0213  0.0213  0.0213  0.0214  0.0213  0.0213  0.0213  0.0214
  0.0217  0.0217  0.0215  0.0211  0.0216  0.0215  0.0217  0.0218  0.0216  0.0218  0.0215  0.0218
  0.0228  0.0225  0.0221  0.0218  0.0230  0.0223  0.0227  0.0234  0.0222  0.0234  0.0219  0.0228
  0.0244  0.0239  0.0229  0.0243  0.0262  0.0249  0.0242  0.0263  0.0232  0.0257  0.0224  0.0242
   -0.8616   -9.8408    5.2854  -10.0887  -14.0026   -0.7358
   -8.0843    8.4559    6.7688   23.5527   -3.9978  -37.4655
eta,q 0.97865 11.06886

---------------------------------------------------------------------
imgreg_4dfp /opt/freesurfer/average/711-2C_as_mni_average_305 /opt/freesurfer/average/711-2B_as_mni_average_305_mask talsrcimg_g11 none talsrcimg_to_711-2C_as_mni_average_305_t4 2311
---------------------------------------------------------------------

freesurfer imgreg_4dfp.c
/opt/freesurfer/average/711-2C_as_mni_average_305.4dfp.img
       256       256       256         1
  1.000000  1.000000  1.000000
orientation T byte_order littleendian
Reading image: /opt/freesurfer/average/711-2C_as_mni_average_305.4dfp.img
dimensions:      256       256       256
mmppix:       1.0000   -1.0000   -1.0000
center:     128.0000 -129.0000 -129.0000
/opt/freesurfer/average/711-2B_as_mni_average_305_mask.4dfp.img
       256       256       256         1
  1.000000  1.000000  1.000000
orientation T byte_order littleendian
Reading mask: /opt/freesurfer/average/711-2B_as_mni_average_305_mask.4dfp.img (2306576 pixels)
talsrcimg_g11.4dfp.img
       256       256       256         1
  1.000000  1.000000  1.000000
orientation T byte_order littleendian
Reading image: talsrcimg_g11.4dfp.img
dimensions:      256       256       256
mmppix:       1.0000   -1.0000   -1.0000
center:     128.0000 -129.0000 -129.0000
fimgreg.f
image alignment mode   2311 decimal      907 hex
parameters
   -0.8616   -9.8408    5.2854  -10.0887  -14.0026   -0.7358
   -8.0843    8.4559    6.7688   23.5527   -3.9978  -37.4655
eta,q 0.97865 11.06886
niter,ni,del,rscale     5    3    5.0000    0.8000
parameters
   -0.8890   -9.8679    5.2708   -7.9970  -13.4129   -0.3590
   -7.9488    8.4897    6.9942   23.9079   -3.8666  -37.5890
eta,q 0.97897 11.22579
  0.0227  0.0224  0.0220  0.0223  0.0226  0.0225  0.0227  0.0238  0.0221  0.0229  0.0217  0.0219
  0.0219  0.0218  0.0216  0.0219  0.0219  0.0218  0.0218  0.0223  0.0215  0.0220  0.0214  0.0214
  0.0215  0.0215  0.0214  0.0216  0.0214  0.0213  0.0212  0.0214  0.0212  0.0213  0.0211  0.0211
  0.0213  0.0213  0.0213  0.0213  0.0211  0.0211  0.0211  0.0211  0.0210  0.0211  0.0210  0.0210
  0.0215  0.0215  0.0214  0.0211  0.0211  0.0211  0.0212  0.0213  0.0211  0.0211  0.0211  0.0212
  0.0220  0.0219  0.0217  0.0211  0.0214  0.0215  0.0217  0.0222  0.0214  0.0216  0.0213  0.0215
  0.0228  0.0225  0.0220  0.0215  0.0220  0.0222  0.0225  0.0238  0.0219  0.0225  0.0216  0.0220
niter,ni,del,rscale     4    3    5.0000    0.7000
parameters
   -0.8367   -9.8932    5.5024   -8.4009  -13.4124    0.1669
   -7.9955    8.5714    7.0316   24.0474   -3.9471  -37.4897
eta,q 0.97898 11.23247
  0.0224  0.0219  0.0219  0.0217  0.0220  0.0222  0.0222  0.0232  0.0218  0.0224  0.0215  0.0218
  0.0217  0.0214  0.0215  0.0214  0.0215  0.0217  0.0215  0.0220  0.0214  0.0217  0.0212  0.0213
  0.0212  0.0211  0.0212  0.0212  0.0212  0.0213  0.0211  0.0213  0.0211  0.0212  0.0211  0.0211
  0.0210  0.0210  0.0210  0.0210  0.0211  0.0211  0.0210  0.0210  0.0210  0.0210  0.0210  0.0210
  0.0211  0.0212  0.0210  0.0210  0.0211  0.0211  0.0212  0.0212  0.0211  0.0211  0.0211  0.0211
  0.0215  0.0215  0.0212  0.0214  0.0215  0.0213  0.0216  0.0219  0.0213  0.0215  0.0213  0.0213
  0.0222  0.0220  0.0215  0.0223  0.0220  0.0218  0.0222  0.0231  0.0217  0.0222  0.0215  0.0217
niter,ni,del,rscale     3    3    5.0000    0.6000
parameters
   -0.8364   -9.8777    5.5599   -8.2454  -13.5150    0.3139
   -7.9849    8.6066    7.0252   24.1018   -3.9646  -37.4395
eta,q 0.97899 11.24130
  0.0219  0.0217  0.0215  0.0216  0.0217  0.0218  0.0219  0.0226  0.0215  0.0220  0.0214  0.0215
  0.0214  0.0213  0.0213  0.0214  0.0213  0.0214  0.0214  0.0217  0.0212  0.0215  0.0212  0.0212
  0.0211  0.0211  0.0211  0.0212  0.0211  0.0211  0.0211  0.0212  0.0211  0.0211  0.0210  0.0211
  0.0210  0.0210  0.0210  0.0210  0.0210  0.0210  0.0210  0.0210  0.0210  0.0210  0.0210  0.0210
  0.0211  0.0211  0.0211  0.0210  0.0211  0.0211  0.0211  0.0211  0.0211  0.0211  0.0211  0.0211
  0.0214  0.0213  0.0212  0.0212  0.0213  0.0213  0.0214  0.0217  0.0212  0.0214  0.0212  0.0212
  0.0219  0.0217  0.0214  0.0217  0.0218  0.0217  0.0219  0.0226  0.0215  0.0219  0.0214  0.0215
niter,ni,del,rscale     2    3    5.0000    0.5000
parameters
   -0.8278   -9.8767    5.6105   -8.0194  -13.5418    0.3487
   -7.9621    8.6312    7.0147   24.1286   -3.9814  -37.3930
eta,q 0.97902 11.25244
  0.0217  0.0215  0.0214  0.0215  0.0215  0.0216  0.0216  0.0221  0.0214  0.0216  0.0213  0.0214
  0.0213  0.0212  0.0212  0.0213  0.0212  0.0213  0.0213  0.0215  0.0212  0.0213  0.0211  0.0212
  0.0211  0.0211  0.0211  0.0211  0.0210  0.0211  0.0211  0.0211  0.0210  0.0211  0.0210  0.0210
  0.0210  0.0210  0.0210  0.0210  0.0210  0.0210  0.0210  0.0210  0.0210  0.0210  0.0210  0.0210
  0.0211  0.0211  0.0210  0.0210  0.0210  0.0211  0.0211  0.0211  0.0210  0.0210  0.0210  0.0210
  0.0213  0.0212  0.0211  0.0211  0.0212  0.0212  0.0213  0.0215  0.0212  0.0213  0.0211  0.0211
  0.0216  0.0215  0.0213  0.0214  0.0215  0.0215  0.0216  0.0221  0.0214  0.0216  0.0213  0.0213
niter,ni,del,rscale     1    3    5.0000    0.4000
parameters
   -0.8167   -9.8795    5.6504   -7.8024  -13.5512    0.3247
   -7.9508    8.6534    7.0104   24.1441   -4.0166  -37.3627
eta,q 0.97903 11.26176
  0.0214  0.0213  0.0212  0.0213  0.0213  0.0214  0.0214  0.0217  0.0212  0.0214  0.0212  0.0212
  0.0212  0.0211  0.0211  0.0212  0.0211  0.0211  0.0212  0.0213  0.0211  0.0212  0.0210  0.0211
  0.0210  0.0210  0.0210  0.0211  0.0210  0.0210  0.0210  0.0211  0.0210  0.0210  0.0210  0.0210
  0.0210  0.0210  0.0210  0.0210  0.0210  0.0210  0.0210  0.0210  0.0210  0.0210  0.0210  0.0210
  0.0210  0.0210  0.0210  0.0210  0.0210  0.0210  0.0210  0.0210  0.0210  0.0210  0.0210  0.0210
  0.0212  0.0211  0.0211  0.0211  0.0211  0.0212  0.0211  0.0213  0.0211  0.0212  0.0211  0.0211
  0.0214  0.0213  0.0212  0.0213  0.0213  0.0214  0.0214  0.0217  0.0212  0.0214  0.0212  0.0212
registration optimization eta report
parameter search radius
    0.8000    0.8000    0.8000    2.4000    2.4000    2.4000
    2.4000    2.4000    2.4000    2.4000    2.4000    2.4000
100000*second partial in parameter space
       67.       49.       34.        6.        6.        7.
        7.       13.        4.        7.        3.        4.
  0.0214  0.0213  0.0212  0.0213  0.0213  0.0214  0.0214  0.0217  0.0212  0.0214  0.0212  0.0212
  0.0212  0.0211  0.0211  0.0212  0.0211  0.0211  0.0212  0.0213  0.0211  0.0212  0.0210  0.0211
  0.0210  0.0210  0.0210  0.0211  0.0210  0.0210  0.0210  0.0211  0.0210  0.0210  0.0210  0.0210
  0.0210  0.0210  0.0210  0.0210  0.0210  0.0210  0.0210  0.0210  0.0210  0.0210  0.0210  0.0210
  0.0210  0.0210  0.0210  0.0210  0.0210  0.0210  0.0210  0.0210  0.0210  0.0210  0.0210  0.0210
  0.0212  0.0211  0.0211  0.0211  0.0211  0.0212  0.0211  0.0213  0.0211  0.0212  0.0211  0.0211
  0.0214  0.0213  0.0212  0.0213  0.0213  0.0214  0.0214  0.0217  0.0212  0.0214  0.0212  0.0212
   -0.8167   -9.8795    5.6504   -7.8024  -13.5512    0.3247
   -7.9508    8.6534    7.0104   24.1441   -4.0166  -37.3627
eta,q 0.97903 11.26176

---------------------------------------------------------------------
imgreg_4dfp /opt/freesurfer/average/711-2C_as_mni_average_305 /opt/freesurfer/average/711-2B_as_mni_average_305_mask talsrcimg_g11 none talsrcimg_to_711-2C_as_mni_average_305_t4 2311
---------------------------------------------------------------------

freesurfer imgreg_4dfp.c
/opt/freesurfer/average/711-2C_as_mni_average_305.4dfp.img
       256       256       256         1
  1.000000  1.000000  1.000000
orientation T byte_order littleendian
Reading image: /opt/freesurfer/average/711-2C_as_mni_average_305.4dfp.img
dimensions:      256       256       256
mmppix:       1.0000   -1.0000   -1.0000
center:     128.0000 -129.0000 -129.0000
/opt/freesurfer/average/711-2B_as_mni_average_305_mask.4dfp.img
       256       256       256         1
  1.000000  1.000000  1.000000
orientation T byte_order littleendian
Reading mask: /opt/freesurfer/average/711-2B_as_mni_average_305_mask.4dfp.img (2306576 pixels)
talsrcimg_g11.4dfp.img
       256       256       256         1
  1.000000  1.000000  1.000000
orientation T byte_order littleendian
Reading image: talsrcimg_g11.4dfp.img
dimensions:      256       256       256
mmppix:       1.0000   -1.0000   -1.0000
center:     128.0000 -129.0000 -129.0000
fimgreg.f
image alignment mode   2311 decimal      907 hex
parameters
   -0.8167   -9.8795    5.6504   -7.8024  -13.5512    0.3247
   -7.9508    8.6534    7.0104   24.1441   -4.0166  -37.3627
eta,q 0.97903 11.26176
niter,ni,del,rscale     5    3    5.0000    0.8000
parameters
   -0.8001   -9.8599    5.6750   -8.5900  -13.5703    0.4478
   -7.9517    8.6374    6.9940   24.0351   -3.9672  -37.3184
eta,q 0.97896 11.22532
  0.0227  0.0222  0.0218  0.0218  0.0223  0.0224  0.0225  0.0237  0.0220  0.0226  0.0217  0.0220
  0.0218  0.0215  0.0214  0.0214  0.0216  0.0217  0.0217  0.0222  0.0214  0.0218  0.0213  0.0214
  0.0212  0.0211  0.0211  0.0212  0.0212  0.0213  0.0212  0.0214  0.0211  0.0212  0.0211  0.0211
  0.0210  0.0210  0.0210  0.0210  0.0210  0.0210  0.0210  0.0210  0.0210  0.0210  0.0210  0.0210
  0.0212  0.0211  0.0211  0.0211  0.0212  0.0212  0.0212  0.0213  0.0211  0.0212  0.0211  0.0212
  0.0217  0.0215  0.0213  0.0218  0.0216  0.0215  0.0217  0.0222  0.0215  0.0218  0.0213  0.0215
  0.0226  0.0222  0.0218  0.0231  0.0223  0.0223  0.0225  0.0238  0.0220  0.0228  0.0217  0.0219
niter,ni,del,rscale     4    3    5.0000    0.7000
parameters
   -0.8249   -9.8656    5.5987   -8.5013  -13.5822    0.4400
   -7.9579    8.6292    7.0001   24.0571   -3.9369  -37.3784
eta,q 0.97897 11.22843
  0.0222  0.0220  0.0216  0.0218  0.0220  0.0220  0.0222  0.0231  0.0217  0.0223  0.0215  0.0217
  0.0215  0.0214  0.0213  0.0215  0.0215  0.0215  0.0215  0.0220  0.0213  0.0216  0.0213  0.0213
  0.0211  0.0211  0.0211  0.0212  0.0211  0.0212  0.0212  0.0213  0.0211  0.0212  0.0211  0.0211
  0.0210  0.0210  0.0210  0.0210  0.0210  0.0210  0.0210  0.0210  0.0210  0.0210  0.0210  0.0210
  0.0212  0.0212  0.0211  0.0210  0.0211  0.0212  0.0212  0.0212  0.0211  0.0212  0.0211  0.0211
  0.0216  0.0215  0.0214  0.0212  0.0214  0.0215  0.0216  0.0219  0.0214  0.0216  0.0213  0.0214
  0.0223  0.0220  0.0217  0.0220  0.0220  0.0221  0.0222  0.0232  0.0217  0.0223  0.0215  0.0217
niter,ni,del,rscale     3    3    5.0000    0.6000
parameters
   -0.8281   -9.8759    5.6039   -8.2521  -13.5763    0.4154
   -7.9505    8.6255    7.0081   24.0998   -3.9619  -37.3822
eta,q 0.97899 11.24118
  0.0219  0.0217  0.0215  0.0217  0.0217  0.0218  0.0219  0.0226  0.0215  0.0220  0.0214  0.0215
  0.0214  0.0213  0.0212  0.0214  0.0213  0.0214  0.0214  0.0217  0.0212  0.0215  0.0212  0.0212
  0.0211  0.0211  0.0211  0.0212  0.0211  0.0211  0.0211  0.0212  0.0211  0.0211  0.0210  0.0210
  0.0210  0.0210  0.0210  0.0210  0.0210  0.0210  0.0210  0.0210  0.0210  0.0210  0.0210  0.0210
  0.0211  0.0211  0.0211  0.0210  0.0211  0.0211  0.0211  0.0212  0.0211  0.0211  0.0211  0.0211
  0.0214  0.0213  0.0212  0.0211  0.0213  0.0214  0.0214  0.0217  0.0212  0.0214  0.0212  0.0212
  0.0219  0.0217  0.0215  0.0216  0.0217  0.0218  0.0219  0.0226  0.0215  0.0219  0.0214  0.0215
niter,ni,del,rscale     2    3    5.0000    0.5000
parameters
   -0.8245   -9.8796    5.6309   -8.0234  -13.5637    0.3882
   -7.9520    8.6430    7.0159   24.1228   -3.9800  -37.3720
eta,q 0.97901 11.25231
  0.0217  0.0215  0.0213  0.0215  0.0215  0.0215  0.0216  0.0221  0.0214  0.0216  0.0213  0.0214
  0.0213  0.0212  0.0212  0.0213  0.0212  0.0212  0.0213  0.0215  0.0212  0.0213  0.0211  0.0211
  0.0211  0.0211  0.0210  0.0211  0.0210  0.0211  0.0210  0.0211  0.0210  0.0211  0.0210  0.0210
  0.0210  0.0210  0.0210  0.0210  0.0210  0.0210  0.0210  0.0210  0.0210  0.0210  0.0210  0.0210
  0.0211  0.0211  0.0210  0.0210  0.0210  0.0211  0.0211  0.0211  0.0210  0.0210  0.0210  0.0210
  0.0213  0.0212  0.0211  0.0211  0.0212  0.0213  0.0213  0.0215  0.0212  0.0213  0.0211  0.0212
  0.0216  0.0215  0.0213  0.0215  0.0215  0.0216  0.0216  0.0221  0.0214  0.0216  0.0213  0.0213
niter,ni,del,rscale     1    3    5.0000    0.4000
parameters
   -0.8157   -9.8815    5.6572   -7.8083  -13.5510    0.3430
   -7.9463    8.6544    7.0143   24.1470   -4.0167  -37.3490
eta,q 0.97903 11.26224
  0.0214  0.0213  0.0212  0.0213  0.0213  0.0213  0.0214  0.0217  0.0212  0.0214  0.0212  0.0212
  0.0212  0.0211  0.0211  0.0212  0.0211  0.0211  0.0211  0.0213  0.0211  0.0212  0.0211  0.0211
  0.0210  0.0210  0.0210  0.0211  0.0210  0.0210  0.0210  0.0211  0.0210  0.0210  0.0210  0.0210
  0.0210  0.0210  0.0210  0.0210  0.0210  0.0210  0.0210  0.0210  0.0210  0.0210  0.0210  0.0210
  0.0210  0.0210  0.0210  0.0210  0.0210  0.0210  0.0210  0.0210  0.0210  0.0210  0.0210  0.0210
  0.0212  0.0211  0.0211  0.0211  0.0211  0.0212  0.0211  0.0213  0.0211  0.0212  0.0211  0.0211
  0.0214  0.0213  0.0212  0.0213  0.0213  0.0214  0.0214  0.0217  0.0212  0.0214  0.0212  0.0212
registration optimization eta report
parameter search radius
    0.8000    0.8000    0.8000    2.4000    2.4000    2.4000
    2.4000    2.4000    2.4000    2.4000    2.4000    2.4000
100000*second partial in parameter space
       66.       48.       34.        6.        6.        7.
        7.       13.        4.        7.        3.        4.
  0.0214  0.0213  0.0212  0.0213  0.0213  0.0213  0.0214  0.0217  0.0212  0.0214  0.0212  0.0212
  0.0212  0.0211  0.0211  0.0212  0.0211  0.0211  0.0211  0.0213  0.0211  0.0212  0.0211  0.0211
  0.0210  0.0210  0.0210  0.0211  0.0210  0.0210  0.0210  0.0211  0.0210  0.0210  0.0210  0.0210
  0.0210  0.0210  0.0210  0.0210  0.0210  0.0210  0.0210  0.0210  0.0210  0.0210  0.0210  0.0210
  0.0210  0.0210  0.0210  0.0210  0.0210  0.0210  0.0210  0.0210  0.0210  0.0210  0.0210  0.0210
  0.0212  0.0211  0.0211  0.0211  0.0211  0.0212  0.0211  0.0213  0.0211  0.0212  0.0211  0.0211
  0.0214  0.0213  0.0212  0.0213  0.0213  0.0214  0.0214  0.0217  0.0212  0.0214  0.0212  0.0212
   -0.8157   -9.8815    5.6572   -7.8083  -13.5510    0.3430
   -7.9463    8.6544    7.0143   24.1470   -4.0167  -37.3490
eta,q 0.97903 11.26224

---------------------------------------------------------------------
compute_vox2vox talsrcimg talsrcimg_to_711-2C_as_mni_average_305_t4 /opt/freesurfer/average/711-2C_as_mni_average_305
---------------------------------------------------------------------

freesurfer compute_vox2vox.c
Reading: talsrcimg.4dfp.ifh
Reading: talsrcimg_to_711-2C_as_mni_average_305_t4
Reading: /opt/freesurfer/average/711-2C_as_mni_average_305.4dfp.ifh
Writing: talsrcimg_to_711-2C_as_mni_average_305_t4_vox2vox.txt

start time Sun Mar 8 12:45:02 CET 2026
end		time Sun Mar 8 12:45:16 CET 2026

mpr2mni305 success

avi2talxfm orig_nu.mgz /opt/freesurfer/average/mni305.cor.mgz talsrcimg_to_711-2C_as_mni_average_305_t4_vox2vox.txt transforms/talairach.auto.xfm
avi2talxfm done
mv -f /out/sourcedata/freesurfer/sub-v1s12x0050107_ses-1/mri/talsrcimg_to_711-2C_as_mni_average_305_t4_vox2vox.txt /out/sourcedata/freesurfer/sub-v1s12x0050107_ses-1/mri/transforms/talsrcimg_to_711-2C_as_mni_average_305_t4_vox2vox.txt
lta_convert --src orig_nu.mgz --trg /opt/freesurfer/average/mni305.cor.mgz --inxfm transforms/talairach.auto.xfm --outlta transforms/talairach.auto.xfm.lta --subject fsaverage
7.3.2

--src: orig_nu.mgz src image (geometry).
--trg: /opt/freesurfer/average/mni305.cor.mgz trg image (geometry).
--inmni: transforms/talairach.auto.xfm input MNI/XFM transform.
--outlta: transforms/talairach.auto.xfm.lta output LTA.
--s: fsaverage subject name
 LTA read, type : 1
 1.07604  -0.10563   0.05327   8.14613;
 0.00958   0.90179   0.39048  -6.31813;
-0.08998  -0.24332   1.04336   17.48689;
 0.00000   0.00000   0.00000   1.00000;
setting subject to fsaverage
Writing  LTA to file transforms/talairach.auto.xfm.lta...
lta_convert successful.
 
 
Started at Sun Mar 8 12:45:01 CET 2026
Ended   at Sun Mar  8 12:45:16 CET 2026
talairach_avi done
