status file for recon-all
Sun Mar  8 14:07:39 CET 2026
#@# Tessellate lh Sun Mar  8 14:07:39 CET 2026
#@# Smooth1 lh Sun Mar  8 14:07:41 CET 2026
#@# Inflation1 lh Sun Mar  8 14:07:43 CET 2026
#@# QSphere lh Sun Mar  8 14:07:55 CET 2026
#@# Fix Topology lh Sun Mar  8 14:08:51 CET 2026
#@# Smooth2 lh Sun Mar  8 14:16:15 CET 2026
#@# Inflation2 lh Sun Mar  8 14:16:17 CET 2026
#@# Curv .H and .K lh Sun Mar  8 14:16:27 CET 2026
#@# Sphere lh Sun Mar  8 14:17:00 CET 2026
#@# Surf Reg lh Sun Mar  8 14:20:53 CET 2026
#@# Jacobian white lh Sun Mar  8 14:23:52 CET 2026
#@# AvgCurv lh Sun Mar  8 14:23:52 CET 2026
#@# Cortical Parc lh Sun Mar  8 14:23:53 CET 2026
#@# white curv lh Sun Mar  8 14:29:11 CET 2026
#@# white area lh Sun Mar  8 14:29:12 CET 2026
#@# pial curv lh Sun Mar  8 14:29:13 CET 2026
#@# pial area lh Sun Mar  8 14:29:14 CET 2026
#@# thickness lh Sun Mar  8 14:29:15 CET 2026
#@# area and vertex vol lh Sun Mar  8 14:29:30 CET 2026
#@# Curvature Stats lh Sun Mar  8 14:29:31 CET 2026
#@# Cortical Parc 2 lh Sun Mar  8 14:29:33 CET 2026
#@# Cortical Parc 3 lh Sun Mar  8 14:29:41 CET 2026
#@# WM/GM Contrast lh Sun Mar  8 14:29:48 CET 2026
recon-all -s sub-v1s12x0050110_ses-1 finished without error at Sun Mar  8 14:29:50 CET 2026



#New# invocation of recon-all 



status file for recon-all
Sun Mar  8 14:58:17 CET 2026
#@# white curv lh Sun Mar  8 14:58:17 CET 2026
#@# white area lh Sun Mar  8 14:58:17 CET 2026
#@# pial curv lh Sun Mar  8 14:58:17 CET 2026
#@# pial area lh Sun Mar  8 14:58:17 CET 2026
#@# thickness lh Sun Mar  8 14:58:17 CET 2026
#@# area and vertex vol lh Sun Mar  8 14:58:17 CET 2026
#@# Parcellation Stats lh Sun Mar  8 14:58:17 CET 2026
#@# Parcellation Stats 2 lh Sun Mar  8 14:58:28 CET 2026
#@# Parcellation Stats 3 lh Sun Mar  8 14:58:34 CET 2026
#@# BA_exvivo Labels lh Sun Mar  8 14:58:40 CET 2026
recon-all -s sub-v1s12x0050110_ses-1 finished without error at Sun Mar  8 15:00:25 CET 2026
