status file for recon-all
Sun Mar  8 14:43:10 CET 2026
#@# Tessellate rh Sun Mar  8 14:43:10 CET 2026
#@# Smooth1 rh Sun Mar  8 14:43:14 CET 2026
#@# Inflation1 rh Sun Mar  8 14:43:16 CET 2026
#@# QSphere rh Sun Mar  8 14:43:26 CET 2026
#@# Fix Topology rh Sun Mar  8 14:44:22 CET 2026
#@# Smooth2 rh Sun Mar  8 14:53:18 CET 2026
#@# Inflation2 rh Sun Mar  8 14:53:21 CET 2026
#@# Curv .H and .K rh Sun Mar  8 14:53:32 CET 2026
#@# Sphere rh Sun Mar  8 14:54:18 CET 2026
#@# Surf Reg rh Sun Mar  8 14:56:51 CET 2026
#@# Jacobian white rh Sun Mar  8 15:00:17 CET 2026
#@# AvgCurv rh Sun Mar  8 15:00:18 CET 2026
#@# Cortical Parc rh Sun Mar  8 15:00:19 CET 2026
#@# white curv rh Sun Mar  8 15:05:53 CET 2026
#@# white area rh Sun Mar  8 15:05:54 CET 2026
#@# pial curv rh Sun Mar  8 15:05:55 CET 2026
#@# pial area rh Sun Mar  8 15:05:56 CET 2026
#@# thickness rh Sun Mar  8 15:05:57 CET 2026
#@# area and vertex vol rh Sun Mar  8 15:06:26 CET 2026
#@# Curvature Stats rh Sun Mar  8 15:06:27 CET 2026
#@# Cortical Parc 2 rh Sun Mar  8 15:06:30 CET 2026
#@# Cortical Parc 3 rh Sun Mar  8 15:06:43 CET 2026
#@# WM/GM Contrast rh Sun Mar  8 15:06:53 CET 2026
recon-all -s sub-v1s12x0050135_ses-1 finished without error at Sun Mar  8 15:06:55 CET 2026



#New# invocation of recon-all 



status file for recon-all
Sun Mar  8 15:16:14 CET 2026
#@# white curv rh Sun Mar  8 15:16:14 CET 2026
#@# white area rh Sun Mar  8 15:16:14 CET 2026
#@# pial curv rh Sun Mar  8 15:16:14 CET 2026
#@# pial area rh Sun Mar  8 15:16:14 CET 2026
#@# thickness rh Sun Mar  8 15:16:14 CET 2026
#@# area and vertex vol rh Sun Mar  8 15:16:14 CET 2026
#@# Parcellation Stats rh Sun Mar  8 15:16:14 CET 2026
#@# Parcellation Stats 2 rh Sun Mar  8 15:16:32 CET 2026
#@# Parcellation Stats 3 rh Sun Mar  8 15:16:41 CET 2026
#@# BA_exvivo Labels rh Sun Mar  8 15:16:50 CET 2026
recon-all -s sub-v1s12x0050135_ses-1 finished without error at Sun Mar  8 15:19:08 CET 2026
