/out/sourcedata/freesurfer/sub-v1s12x0050129_ses-1/mri
/opt/freesurfer/bin/talairach_avi
--i orig_nu.mgz --xfm transforms/talairach.auto.xfm
talairach_avi 7.3.2
Linux dna009 5.14.0-427.37.1.el9_4.x86_64 #1 SMP PREEMPT_DYNAMIC Fri Sep 13 12:41:50 EDT 2024 x86_64 x86_64 x86_64 GNU/Linux
Sun Mar  8 12:46:03 CET 2026
mri_convert orig_nu.mgz talsrcimg.img 
reading from orig_nu.mgz...
TR=0.00, TE=0.00, TI=0.00, flip angle=0.00
i_ras = (-1, 0, 0)
j_ras = (0, 0, -1)
k_ras = (0, 1, 0)
writing to talsrcimg.img...
Analyze Output Matrix
-1.00000   0.00000   0.00000   129.98935;
 0.00000   0.00000   1.00000  -133.08473;
 0.00000  -1.00000   0.00000   134.60556;
 0.00000   0.00000   0.00000   1.00000;
--------------------
INFO: set hdr.hist.orient to -1
mpr2mni305 talsrcimg
Sun Mar  8 12:46:04 CET 2026
/opt/freesurfer/bin/mpr2mni305 talsrcimg
mpr2mni305 7.3.2
target=711-2C_as_mni_average_305

---------------------------------------------------------------------
analyzeto4dfp talsrcimg -O0 -y
---------------------------------------------------------------------

freesurfer ifh2hdr.c
Sun Mar  8 12:46:04 2026
Writing: talsrcimg.4dfp.hdr
freesurfer analyzeto4dfp.c
Reading: talsrcimg.hdr
header size 348 bytes
hdr.dime.datatype	offset=70	value=2
hdr.dime.bitpix		offset=72	value=8
hdr.hist.orient		offset=252	value=-1
dimensionality     4
dimensions       256       256       256         1
Reading: talsrcimg.img
Writing: talsrcimg.4dfp.img
Writing: talsrcimg.4dfp.ifh
ifh2hdr talsrcimg -r0to203
ori=2

---------------------------------------------------------------------
gauss_4dfp talsrcimg 1.1
---------------------------------------------------------------------

freesurfer gauss_4dfp.c
Reading: talsrcimg.4dfp.img
Writing: talsrcimg_g11.4dfp.img
image dimensions 256 256 256 padded to 288 288 288
processing volume 1freesurfer ifh2hdr.c
Sun Mar  8 12:46:06 2026
Writing: talsrcimg_g11.4dfp.hdr

Writing: talsrcimg_g11.4dfp.ifh
including: talsrcimg.4dfp.img.rec in talsrcimg_g11.4dfp.img.rec

---------------------------------------------------------------------
imgreg_4dfp /opt/freesurfer/average/711-2C_as_mni_average_305 none talsrcimg_g11 none talsrcimg_to_711-2C_as_mni_average_305_t4 4355
---------------------------------------------------------------------

freesurfer imgreg_4dfp.c
/opt/freesurfer/average/711-2C_as_mni_average_305.4dfp.img
       256       256       256         1
  1.000000  1.000000  1.000000
orientation T byte_order littleendian
Reading image: /opt/freesurfer/average/711-2C_as_mni_average_305.4dfp.img
dimensions:      256       256       256
mmppix:       1.0000   -1.0000   -1.0000
center:     128.0000 -129.0000 -129.0000
talsrcimg_g11.4dfp.img
       256       256       256         1
  1.000000  1.000000  1.000000
orientation T byte_order littleendian
Reading image: talsrcimg_g11.4dfp.img
dimensions:      256       256       256
mmppix:       1.0000   -1.0000   -1.0000
center:     128.0000 -129.0000 -129.0000
t4_read: open error in t4_sub.f l:  41 t4_file(1:l)talsrcimg_to_711-2C_as_mni_average_305_t4 
t4_read: transform initialized to I4
rotation matrix determinant  1.000000
image alignment mode   4355 decimal     1103 hex
   -7.5000  -45.0000  -45.0000 6948.9917   23.2039
    0.0000  -45.0000  -45.0000 7205.1938   23.2064
    7.5000  -45.0000  -45.0000 6875.4702   23.2699
   -7.5000  -37.5000  -45.0000 7429.8296   23.2017
    0.0000  -37.5000  -45.0000 7702.7808   23.2126
    7.5000  -37.5000  -45.0000 7338.9507   23.2850
   -7.5000  -30.0000  -45.0000 8193.8584   23.2061
    0.0000  -30.0000  -45.0000 8479.1543   23.2239
    7.5000  -30.0000  -45.0000 8083.5361   23.2989
   -7.5000  -22.5000  -45.0000 8883.7490   23.2064
    0.0000  -22.5000  -45.0000 9191.2236   23.2217
    7.5000  -22.5000  -45.0000 8755.3232   23.2909
   -7.5000  -15.0000  -45.0000 9480.6904   23.2016
    0.0000  -15.0000  -45.0000 9813.6182   23.2080
    7.5000  -15.0000  -45.0000 9348.7432   23.2697
   -7.5000   -7.5000  -45.000010045.7139   23.1973
    0.0000   -7.5000  -45.000010394.1162   23.1980
    7.5000   -7.5000  -45.0000 9887.9482   23.2564
   -7.5000    0.0000  -45.000010499.9893   23.1976
    0.0000    0.0000  -45.000010870.6396   23.2002
    7.5000    0.0000  -45.000010332.9014   23.2636
   -7.5000    7.5000  -45.000010147.3320   23.2017
    0.0000    7.5000  -45.000010491.6816   23.2126
    7.5000    7.5000  -45.0000 9990.6250   23.2850
   -7.5000   15.0000  -45.0000 9766.1602   23.2061
    0.0000   15.0000  -45.000010084.4707   23.2239
    7.5000   15.0000  -45.0000 9600.6816   23.2989
   -7.5000   22.5000  -45.0000 9353.3369   23.2033
    0.0000   22.5000  -45.0000 9646.6475   23.2185
    7.5000   22.5000  -45.0000 9171.8633   23.2877
   -7.5000   30.0000  -45.0000 8782.0547   22.8924
    0.0000   30.0000  -45.0000 9063.0225   22.8987
    7.5000   30.0000  -45.0000 8600.7773   22.9596
   -7.5000   37.5000  -45.0000 8354.5566   22.8882
    0.0000   37.5000  -45.0000 8633.0977   22.8889
    7.5000   37.5000  -45.0000 8203.4941   22.9465
   -7.5000   45.0000  -45.0000 7652.9634   22.3073
    0.0000   45.0000  -45.0000 7899.6157   22.3098
    7.5000   45.0000  -45.0000 7466.6426   22.3707
   -7.5000  -45.0000  -37.5000 7480.3911   23.0157
    0.0000  -45.0000  -37.5000 7739.3447   23.0223
    7.5000  -45.0000  -37.5000 7384.7124   23.0693
   -7.5000  -37.5000  -37.5000 7998.1226   23.0038
    0.0000  -37.5000  -37.5000 8281.2646   23.0214
    7.5000  -37.5000  -37.5000 7885.3213   23.0798
   -7.5000  -30.0000  -37.5000 8819.7803   22.9977
    0.0000  -30.0000  -37.5000 9112.2949   23.0233
    7.5000  -30.0000  -37.5000 8670.5898   23.0874
   -7.5000  -22.5000  -37.5000 9547.2061   22.9985
    0.0000  -22.5000  -37.5000 9845.5566   23.0197
    7.5000  -22.5000  -37.5000 9372.4316   23.0780
   -7.5000  -15.0000  -37.500010162.1543   23.0008
    0.0000  -15.0000  -37.500010477.7334   23.0109
    7.5000  -15.0000  -37.5000 9983.6504   23.0598
   -7.5000   -7.5000  -37.500010711.6611   23.0059
    0.0000   -7.5000  -37.500011067.1211   23.0093
    7.5000   -7.5000  -37.500010537.0908   23.0524
   -7.5000    0.0000  -37.500011193.8232   23.0096
    0.0000    0.0000  -37.500011577.0078   23.0162
    7.5000    0.0000  -37.500011022.2998   23.0630
   -7.5000    7.5000  -37.500010820.7148   23.0038
    0.0000    7.5000  -37.500011189.2705   23.0214
    7.5000    7.5000  -37.500010656.1104   23.0798
   -7.5000   15.0000  -37.500010405.1309   22.9977
    0.0000   15.0000  -37.500010744.0000   23.0233
    7.5000   15.0000  -37.500010237.1777   23.0874
   -7.5000   22.5000  -37.5000 9973.2754   22.9954
    0.0000   22.5000  -37.500010274.3291   23.0165
    7.5000   22.5000  -37.5000 9783.4424   23.0749
   -7.5000   30.0000  -37.5000 9369.1748   22.6943
    0.0000   30.0000  -37.5000 9639.4893   22.7042
    7.5000   30.0000  -37.5000 9166.0439   22.7525
   -7.5000   37.5000  -37.5000 8898.7109   22.6993
    0.0000   37.5000  -37.5000 9172.0693   22.7027
    7.5000   37.5000  -37.5000 8723.1807   22.7452
   -7.5000   45.0000  -37.5000 8125.5146   22.1265
    0.0000   45.0000  -37.5000 8361.3867   22.1328
    7.5000   45.0000  -37.5000 7920.2617   22.1778
   -7.5000  -45.0000  -30.0000 8183.9570   23.9880
    0.0000  -45.0000  -30.0000 8445.0762   23.9963
    7.5000  -45.0000  -30.0000 8079.2573   24.0340
   -7.5000  -37.5000  -30.0000 8737.5381   23.9714
    0.0000  -37.5000  -30.0000 9036.5664   23.9884
    7.5000  -37.5000  -30.0000 8618.1689   24.0336
   -7.5000  -30.0000  -30.0000 9612.1465   23.9655
    0.0000  -30.0000  -30.0000 9924.6406   23.9863
    7.5000  -30.0000  -30.0000 9465.5859   24.0317
   -7.5000  -22.5000  -30.000010399.5498   23.9718
    0.0000  -22.5000  -30.000010711.8066   23.9861
    7.5000  -22.5000  -30.000010224.4258   24.0243
   -7.5000  -15.0000  -30.000011052.9502   23.9767
    0.0000  -15.0000  -30.000011398.2256   23.9819
    7.5000  -15.0000  -30.000010882.6689   24.0151
   -7.5000   -7.5000  -30.000011671.8193   23.9809
    0.0000   -7.5000  -30.000012063.1631   23.9837
    7.5000   -7.5000  -30.000011470.9893   24.0163
   -7.5000    0.0000  -30.000012211.5264   23.9817
    0.0000    0.0000  -30.000012622.0420   23.9899
    7.5000    0.0000  -30.000011987.7305   24.0275
   -7.5000    7.5000  -30.000011782.4648   23.9714
    0.0000    7.5000  -30.000012175.3965   23.9884
    7.5000    7.5000  -30.000011579.4893   24.0336
   -7.5000   15.0000  -30.000011290.4375   23.9655
    0.0000   15.0000  -30.000011642.1260   23.9863
    7.5000   15.0000  -30.000011076.2510   24.0317
   -7.5000   22.5000  -30.000010807.4639   23.9660
    0.0000   22.5000  -30.000011112.2217   23.9803
    7.5000   22.5000  -30.000010562.1826   24.0186
   -7.5000   30.0000  -30.000010160.4727   23.6595
    0.0000   30.0000  -30.000010435.9092   23.6646
    7.5000   30.0000  -30.0000 9883.1094   23.6973
   -7.5000   37.5000  -30.0000 9644.6816   23.6636
    0.0000   37.5000  -30.0000 9919.2305   23.6664
    7.5000   37.5000  -30.0000 9387.3564   23.6986
   -7.5000   45.0000  -30.0000 8773.1904   23.0782
    0.0000   45.0000  -30.0000 9029.5234   23.0861
    7.5000   45.0000  -30.0000 8513.2051   23.1223
   -7.5000  -45.0000  -22.5000 8917.4238   24.8261
    0.0000  -45.0000  -22.5000 9236.3115   24.8321
    7.5000  -45.0000  -22.5000 8793.3682   24.8766
   -7.5000  -37.5000  -22.5000 9513.6348   24.8143
    0.0000  -37.5000  -22.5000 9842.8643   24.8246
    7.5000  -37.5000  -22.5000 9364.8262   24.8704
   -7.5000  -30.0000  -22.500010437.6855   24.8174
    0.0000  -30.0000  -22.500010777.5342   24.8262
    7.5000  -30.0000  -22.500010248.4492   24.8657
   -7.5000  -22.5000  -22.500011294.5518   24.8267
    0.0000  -22.5000  -22.500011663.5615   24.8286
    7.5000  -22.5000  -22.500011073.2764   24.8610
   -7.5000  -15.0000  -22.500012014.2354   24.8274
    0.0000  -15.0000  -22.500012423.1494   24.8241
    7.5000  -15.0000  -22.500011781.2627   24.8571
   -7.5000   -7.5000  -22.500012684.5605   24.8234
    0.0000   -7.5000  -22.500013137.5137   24.8227
    7.5000   -7.5000  -22.500012397.3457   24.8614
   -7.5000    0.0000  -22.500013239.4873   24.8196
    0.0000    0.0000  -22.500013695.5107   24.8255
    7.5000    0.0000  -22.500012929.0645   24.8700
   -7.5000    7.5000  -22.500012788.0449   24.8143
    0.0000    7.5000  -22.500013204.3359   24.8246
    7.5000    7.5000  -22.500012507.5908   24.8704
   -7.5000   15.0000  -22.500012215.3916   24.8174
    0.0000   15.0000  -22.500012580.5771   24.8262
    7.5000   15.0000  -22.500011952.3506   24.8657
   -7.5000   22.5000  -22.500011642.8633   24.8191
    0.0000   22.5000  -22.500011986.7695   24.8210
    7.5000   22.5000  -22.500011343.8691   24.8533
   -7.5000   30.0000  -22.500010942.9678   24.5026
    0.0000   30.0000  -22.500011234.1494   24.4994
    7.5000   30.0000  -22.500010626.4697   24.5320
   -7.5000   37.5000  -22.500010410.2461   24.4987
    0.0000   37.5000  -22.500010693.3086   24.4980
    7.5000   37.5000  -22.500010096.6426   24.5362
   -7.5000   45.0000  -22.5000 9425.1543   23.9025
    0.0000   45.0000  -22.5000 9702.3711   23.9082
    7.5000   45.0000  -22.5000 9152.2295   23.9510
   -7.5000  -45.0000  -15.0000 9672.0234   25.4095
    0.0000  -45.0000  -15.000010011.7197   25.4115
    7.5000  -45.0000  -15.0000 9522.5117   25.4722
   -7.5000  -37.5000  -15.000010294.8115   25.4061
    0.0000  -37.5000  -15.000010647.0830   25.4107
    7.5000  -37.5000  -15.000010115.3320   25.4706
   -7.5000  -30.0000  -15.000011253.6270   25.4185
    0.0000  -30.0000  -15.000011642.7178   25.4206
    7.5000  -30.0000  -15.000011035.2158   25.4718
   -7.5000  -22.5000  -15.000012167.8379   25.4271
    0.0000  -22.5000  -15.000012578.2715   25.4232
    7.5000  -22.5000  -15.000011902.4961   25.4677
   -7.5000  -15.0000  -15.000012952.1426   25.4217
    0.0000  -15.0000  -15.000013413.2061   25.4138
    7.5000  -15.0000  -15.000012648.3203   25.4604
   -7.5000   -7.5000  -15.000013664.6621   25.4099
    0.0000   -7.5000  -15.000014155.0615   25.4052
    7.5000   -7.5000  -15.000013316.2441   25.4593
   -7.5000    0.0000  -15.000014263.3076   25.4029
    0.0000    0.0000  -15.000014758.8525   25.4048
    7.5000    0.0000  -15.000013891.3242   25.4654
   -7.5000    7.5000  -15.000013781.2314   25.4061
    0.0000    7.5000  -15.000014239.5479   25.4107
    7.5000    7.5000  -15.000013431.3428   25.4706
   -7.5000   15.0000  -15.000013135.9824   25.4185
    0.0000   15.0000  -15.000013564.9746   25.4206
    7.5000   15.0000  -15.000012802.0879   25.4718
   -7.5000   22.5000  -15.000012466.5352   25.4181
    0.0000   22.5000  -15.000012842.1934   25.4142
    7.5000   22.5000  -15.000012101.5596   25.4587
   -7.5000   30.0000  -15.000011722.2627   25.0927
    0.0000   30.0000  -15.000012051.8271   25.0849
    7.5000   30.0000  -15.000011365.5420   25.1309
   -7.5000   37.5000  -15.000011150.3145   25.0810
    0.0000   37.5000  -15.000011475.2568   25.0764
    7.5000   37.5000  -15.000010806.2773   25.1298
   -7.5000   45.0000  -15.000010068.6055   24.4790
    0.0000   45.0000  -15.000010378.7305   24.4809
    7.5000   45.0000  -15.0000 9758.3242   24.5392
   -7.5000  -45.0000   -7.500010492.7500   25.6819
    0.0000  -45.0000   -7.500010859.2891   25.6815
    7.5000  -45.0000   -7.500010323.0918   25.7527
   -7.5000  -37.5000   -7.500011117.0410   25.6823
    0.0000  -37.5000   -7.500011513.8447   25.6867
    7.5000  -37.5000   -7.500010930.7236   25.7609
   -7.5000  -30.0000   -7.500012107.5293   25.6933
    0.0000  -30.0000   -7.500012567.5381   25.6997
    7.5000  -30.0000   -7.500011872.4863   25.7696
   -7.5000  -22.5000   -7.500013061.7090   25.6962
    0.0000  -22.5000   -7.500013535.6689   25.6991
    7.5000  -22.5000   -7.500012764.1729   25.7626
   -7.5000  -15.0000   -7.500013895.0166   25.6889
    0.0000  -15.0000   -7.500014415.7393   25.6857
    7.5000  -15.0000   -7.500013566.5742   25.7471
   -7.5000   -7.5000   -7.500014627.3174   25.6789
    0.0000   -7.5000   -7.500015169.1973   25.6745
    7.5000   -7.5000   -7.500014276.0303   25.7390
   -7.5000    0.0000   -7.500015274.8174   25.6751
    0.0000    0.0000   -7.500015847.8203   25.6748
    7.5000    0.0000   -7.500014900.4648   25.7458
   -7.5000    7.5000   -7.500014794.2090   25.6823
    0.0000    7.5000   -7.500015341.5703   25.6867
    7.5000    7.5000   -7.500014410.7393   25.7609
   -7.5000   15.0000   -7.500014078.8574   25.6933
    0.0000   15.0000   -7.500014594.2148   25.6997
    7.5000   15.0000   -7.500013716.5879   25.7696
   -7.5000   22.5000   -7.500013313.6094   25.6844
    0.0000   22.5000   -7.500013754.8740   25.6873
    7.5000   22.5000   -7.500012914.9521   25.7507
   -7.5000   30.0000   -7.500012487.8545   25.3558
    0.0000   30.0000   -7.500012870.3574   25.3526
    7.5000   30.0000   -7.500012116.9814   25.4132
   -7.5000   37.5000   -7.500011896.7910   25.3459
    0.0000   37.5000   -7.500012272.8398   25.3416
    7.5000   37.5000   -7.500011526.3379   25.4052
   -7.5000   45.0000   -7.500010724.9111   24.7460
    0.0000   45.0000   -7.500011056.1455   24.7456
    7.5000   45.0000   -7.500010407.5469   24.8141
   -7.5000  -45.0000    0.000011210.7109   25.7167
    0.0000  -45.0000    0.000011629.4443   25.7192
    7.5000  -45.0000    0.000011042.5469   25.7872
   -7.5000  -37.5000    0.000011860.4443   25.7128
    0.0000  -37.5000    0.000012317.3037   25.7247
    7.5000  -37.5000    0.000011669.6924   25.8029
   -7.5000  -30.0000    0.000012894.7881   25.7141
    0.0000  -30.0000    0.000013391.5898   25.7340
    7.5000  -30.0000    0.000012646.5098   25.8159
   -7.5000  -22.5000    0.000013873.8535   25.7126
    0.0000  -22.5000    0.000014401.9072   25.7297
    7.5000  -22.5000    0.000013581.0244   25.8058
   -7.5000  -15.0000    0.000014713.4062   25.7086
    0.0000  -15.0000    0.000015278.2266   25.7158
    7.5000  -15.0000    0.000014415.9336   25.7834
   -7.5000   -7.5000    0.000015440.2158   25.7074
    0.0000   -7.5000    0.000016041.1016   25.7080
    7.5000   -7.5000    0.000015169.1670   25.7710
   -7.5000    0.0000    0.000016175.2676   25.7099
    0.0000    0.0000    0.000016814.8652   25.7124
    7.5000    0.0000    0.000015854.0410   25.7803
   -7.5000    7.5000    0.000015680.5615   25.7128
    0.0000    7.5000    0.000016303.5537   25.7247
    7.5000    7.5000    0.000015314.8740   25.8029
   -7.5000   15.0000    0.000014898.4316   25.7141
    0.0000   15.0000    0.000015486.3916   25.7340
    7.5000   15.0000    0.000014559.0850   25.8159
   -7.5000   22.5000    0.000014033.1133   25.7007
    0.0000   22.5000    0.000014550.5078   25.7179
    7.5000   22.5000    0.000013658.7588   25.7939
   -7.5000   30.0000    0.000013148.3115   25.3759
    0.0000   30.0000    0.000013609.0820   25.3830
    7.5000   30.0000    0.000012804.2666   25.4497
   -7.5000   37.5000    0.000012552.4307   25.3747
    0.0000   37.5000    0.000012975.6162   25.3753
    7.5000   37.5000    0.000012203.3086   25.4375
   -7.5000   45.0000    0.000011335.5391   24.7813
    0.0000   45.0000    0.000011699.7852   24.7837
    7.5000   45.0000    0.000011029.0684   24.8492
   -7.5000  -45.0000    7.500011063.0615   25.7272
    0.0000  -45.0000    7.500011511.2598   25.7347
    7.5000  -45.0000    7.500010914.2314   25.7872
   -7.5000  -37.5000    7.500011681.2119   25.7140
    0.0000  -37.5000    7.500012159.6748   25.7339
    7.5000  -37.5000    7.500011510.6865   25.7992
   -7.5000  -30.0000    7.500012687.6953   25.7076
    0.0000  -30.0000    7.500013171.2695   25.7364
    7.5000  -30.0000    7.500012476.1816   25.8080
   -7.5000  -22.5000    7.500013667.1484   25.7088
    0.0000  -22.5000    7.500014167.1875   25.7327
    7.5000  -22.5000    7.500013399.6484   25.7978
   -7.5000  -15.0000    7.500014515.7920   25.7113
    0.0000  -15.0000    7.500015069.8193   25.7227
    7.5000  -15.0000    7.500014248.6934   25.7774
   -7.5000   -7.5000    7.500015219.0303   25.7165
    0.0000   -7.5000    7.500015807.8184   25.7205
    7.5000   -7.5000    7.500014999.4844   25.7687
   -7.5000    0.0000    7.500015908.9961   25.7203
    0.0000    0.0000    7.500016534.3828   25.7279
    7.5000    0.0000    7.500015671.9072   25.7802
   -7.5000    7.5000    7.500015399.3975   25.7140
    0.0000    7.5000    7.500015984.0205   25.7339
    7.5000    7.5000    7.500015132.2021   25.7992
   -7.5000   15.0000    7.500014641.3105   25.7076
    0.0000   15.0000    7.500015184.0352   25.7364
    7.5000   15.0000    7.500014376.5762   25.8080
   -7.5000   22.5000    7.500013746.9658   25.6970
    0.0000   22.5000    7.500014243.1191   25.7208
    7.5000   22.5000    7.500013475.1924   25.7859
   -7.5000   30.0000    7.500012855.9434   25.3785
    0.0000   30.0000    7.500013300.2070   25.3898
    7.5000   30.0000    7.500012588.6465   25.4438
   -7.5000   37.5000    7.500012288.4229   25.3837
    0.0000   37.5000    7.500012695.7734   25.3876
    7.5000   37.5000    7.500012025.2529   25.4352
   -7.5000   45.0000    7.500011109.6514   24.7914
    0.0000   45.0000    7.500011474.1943   24.7987
    7.5000   45.0000    7.500010864.9229   24.8491
   -7.5000  -45.0000   15.000010799.0820   25.7575
    0.0000  -45.0000   15.000011212.7031   25.7664
    7.5000  -45.0000   15.000010649.7559   25.8069
   -7.5000  -37.5000   15.000011379.4600   25.7398
    0.0000  -37.5000   15.000011794.4746   25.7582
    7.5000  -37.5000   15.000011223.4404   25.8067
   -7.5000  -30.0000   15.000012334.2471   25.7338
    0.0000  -30.0000   15.000012758.8496   25.7562
    7.5000  -30.0000   15.000012167.1904   25.8049
   -7.5000  -22.5000   15.000013305.4033   25.7406
    0.0000  -22.5000   15.000013755.8721   25.7560
    7.5000  -22.5000   15.000013082.7275   25.7970
   -7.5000  -15.0000   15.000014153.4912   25.7457
    0.0000  -15.0000   15.000014664.0693   25.7513
    7.5000  -15.0000   15.000013943.0430   25.7869
   -7.5000   -7.5000   15.000014680.9727   25.7500
    0.0000   -7.5000   15.000015246.4727   25.7530
    7.5000   -7.5000   15.000014636.3867   25.7880
   -7.5000    0.0000   15.000015246.4629   25.7507
    0.0000    0.0000   15.000015827.7422   25.7595
    7.5000    0.0000   15.000015217.0322   25.7999
   -7.5000    7.5000   15.000014713.9893   25.7398
    0.0000    7.5000   15.000015244.4688   25.7582
    7.5000    7.5000   15.000014641.4873   25.8067
   -7.5000   15.0000   15.000014054.7275   25.7338
    0.0000   15.0000   15.000014561.3154   25.7562
    7.5000   15.0000   15.000013950.2646   25.8049
   -7.5000   22.5000   15.000013238.9824   25.7287
    0.0000   22.5000   15.000013706.6504   25.7441
    7.5000   22.5000   15.000013098.4834   25.7851
   -7.5000   30.0000   15.000012354.5820   25.4125
    0.0000   30.0000   15.000012775.2803   25.4180
    7.5000   30.0000   15.000012209.0537   25.4531
   -7.5000   37.5000   15.000011822.9219   25.4167
    0.0000   37.5000   15.000012210.9814   25.4197
    7.5000   37.5000   15.000011639.7256   25.4543
   -7.5000   45.0000   15.000010706.8740   24.8207
    0.0000   45.0000   15.000011064.5566   24.8292
    7.5000   45.0000   15.000010522.4512   24.8681
   -7.5000  -45.0000   22.500010400.0303   25.7715
    0.0000  -45.0000   22.500010767.1338   25.7777
    7.5000  -45.0000   22.500010242.1113   25.8239
   -7.5000  -37.5000   22.500010953.8945   25.7592
    0.0000  -37.5000   22.500011310.6104   25.7699
    7.5000  -37.5000   22.500010791.0801   25.8175
   -7.5000  -30.0000   22.500011853.8750   25.7624
    0.0000  -30.0000   22.500012228.8320   25.7715
    7.5000  -30.0000   22.500011715.7334   25.8126
   -7.5000  -22.5000   22.500012802.4004   25.7721
    0.0000  -22.5000   22.500013211.3926   25.7741
    7.5000  -22.5000   22.500012615.1641   25.8077
   -7.5000  -15.0000   22.500013627.8691   25.7728
    0.0000  -15.0000   22.500014104.3633   25.7694
    7.5000  -15.0000   22.500013482.8311   25.8037
   -7.5000   -7.5000   22.500014087.7520   25.7687
    0.0000   -7.5000   22.500014606.0088   25.7679
    7.5000   -7.5000   22.500014169.3838   25.8081
   -7.5000    0.0000   22.500014654.2432   25.7648
    0.0000    0.0000   22.500015168.4404   25.7709
    7.5000    0.0000   22.500014756.9561   25.8170
   -7.5000    7.5000   22.500014172.3633   25.7592
    0.0000    7.5000   22.500014674.2266   25.7699
    7.5000    7.5000   22.500014214.5557   25.8175
   -7.5000   15.0000   22.500013570.5596   25.7624
    0.0000   15.0000   22.500014046.8691   25.7715
    7.5000   15.0000   22.500013535.7627   25.8126
   -7.5000   22.5000   22.500012784.3691   25.7602
    0.0000   22.5000   22.500013229.8535   25.7622
    7.5000   22.5000   22.500012696.0830   25.7958
   -7.5000   30.0000   22.500011855.9512   25.4393
    0.0000   30.0000   22.500012247.3574   25.4359
    7.5000   30.0000   22.500011739.0107   25.4697
   -7.5000   37.5000   22.500011330.0342   25.4352
    0.0000   37.5000   22.500011678.0938   25.4344
    7.5000   37.5000   22.500011156.1533   25.4741
   -7.5000   45.0000   22.500010208.4346   24.8343
    0.0000   45.0000   22.500010532.6143   24.8402
    7.5000   45.0000   22.500010037.3887   24.8846
   -7.5000  -45.0000   30.0000 9891.2393   25.7607
    0.0000  -45.0000   30.000010224.3730   25.7628
    7.5000  -45.0000   30.0000 9744.3828   25.8244
   -7.5000  -37.5000   30.000010397.2646   25.7573
    0.0000  -37.5000   30.000010724.9248   25.7620
    7.5000  -37.5000   30.000010261.5469   25.8228
   -7.5000  -30.0000   30.000011244.1670   25.7699
    0.0000  -30.0000   30.000011589.0020   25.7720
    7.5000  -30.0000   30.000011119.3965   25.8241
   -7.5000  -22.5000   30.000012124.6436   25.7786
    0.0000  -22.5000   30.000012519.2422   25.7747
    7.5000  -22.5000   30.000011983.2783   25.8199
   -7.5000  -15.0000   30.000012931.6035   25.7732
    0.0000  -15.0000   30.000013379.6846   25.7651
    7.5000  -15.0000   30.000012826.4922   25.8125
   -7.5000   -7.5000   30.000013573.2930   25.7611
    0.0000   -7.5000   30.000014060.2266   25.7564
    7.5000   -7.5000   30.000013533.2686   25.8114
   -7.5000    0.0000   30.000014216.0254   25.7540
    0.0000    0.0000   30.000014702.9883   25.7560
    7.5000    0.0000   30.000014145.0713   25.8175
   -7.5000    7.5000   30.000013728.4053   25.7573
    0.0000    7.5000   30.000014214.9756   25.7620
    7.5000    7.5000   30.000013625.5771   25.8228
   -7.5000   15.0000   30.000013062.6416   25.7699
    0.0000   15.0000   30.000013535.7500   25.7720
    7.5000   15.0000   30.000012956.2842   25.8241
   -7.5000   22.5000   30.000012234.5459   25.7667
    0.0000   22.5000   30.000012676.7021   25.7628
    7.5000   22.5000   30.000012125.5303   25.8080
   -7.5000   30.0000   30.000011259.9463   25.4396
    0.0000   30.0000   30.000011647.1719   25.4317
    7.5000   30.0000   30.000011161.6074   25.4785
   -7.5000   37.5000   30.000010743.5020   25.4277
    0.0000   37.5000   30.000011108.9922   25.4231
    7.5000   37.5000   30.000010588.1582   25.4774
   -7.5000   45.0000   30.0000 9681.0078   24.8239
    0.0000   45.0000   30.0000 9985.1152   24.8258
    7.5000   45.0000   30.0000 9532.2373   24.8851
   -7.5000  -45.0000   37.5000 9681.4648   25.7930
    0.0000  -45.0000   37.500010012.6562   25.7927
    7.5000  -45.0000   37.5000 9543.1484   25.8652
   -7.5000  -37.5000   37.500010200.1641   25.7936
    0.0000  -37.5000   37.500010533.5947   25.7980
    7.5000  -37.5000   37.500010051.9805   25.8736
   -7.5000  -30.0000   37.500011057.6309   25.8046
    0.0000  -30.0000   37.500011417.5449   25.8112
    7.5000  -30.0000   37.500010892.9043   25.8822
   -7.5000  -22.5000   37.500011923.6875   25.8074
    0.0000  -22.5000   37.500012309.0215   25.8104
    7.5000  -22.5000   37.500011726.4629   25.8750
   -7.5000  -15.0000   37.500012677.7891   25.7999
    0.0000  -15.0000   37.500013102.5430   25.7968
    7.5000  -15.0000   37.500012524.9238   25.8593
   -7.5000   -7.5000   37.500013358.3594   25.7898
    0.0000   -7.5000   37.500013804.8896   25.7855
    7.5000   -7.5000   37.500013171.5723   25.8512
   -7.5000    0.0000   37.500014004.5791   25.7862
    0.0000    0.0000   37.500014473.9775   25.7858
    7.5000    0.0000   37.500013725.0576   25.8582
   -7.5000    7.5000   37.500013551.1240   25.7936
    0.0000    7.5000   37.500014026.1846   25.7980
    7.5000    7.5000   37.500013249.4033   25.8736
   -7.5000   15.0000   37.500012916.6455   25.8046
    0.0000   15.0000   37.500013384.1768   25.8112
    7.5000   15.0000   37.500012658.8193   25.8822
   -7.5000   22.5000   37.500012082.3096   25.7955
    0.0000   22.5000   37.500012523.6250   25.7985
    7.5000   22.5000   37.500011877.9043   25.8630
   -7.5000   30.0000   37.500011101.8232   25.4660
    0.0000   30.0000   37.500011499.0918   25.4629
    7.5000   30.0000   37.500010934.7305   25.5246
   -7.5000   37.5000   37.500010545.3662   25.4561
    0.0000   37.5000   37.500010911.5723   25.4518
    7.5000   37.5000   37.500010364.6377   25.5166
   -7.5000   45.0000   37.5000 9465.8730   24.8550
    0.0000   45.0000   37.5000 9774.5820   24.8546
    7.5000   45.0000   37.5000 9305.0947   24.9243
   -7.5000  -45.0000   45.0000 8971.9814   25.6890
    0.0000  -45.0000   45.0000 9295.7334   25.6918
    7.5000  -45.0000   45.0000 8866.0645   25.7613
   -7.5000  -37.5000   45.0000 9487.7988   25.6856
    0.0000  -37.5000   45.0000 9826.7695   25.6977
    7.5000  -37.5000   45.0000 9340.0586   25.7774
   -7.5000  -30.0000   45.000010313.2295   25.6867
    0.0000  -30.0000   45.000010699.4229   25.7069
    7.5000  -30.0000   45.000010136.4375   25.7902
   -7.5000  -22.5000   45.000011106.4102   25.6845
    0.0000  -22.5000   45.000011520.0625   25.7020
    7.5000  -22.5000   45.000010896.1064   25.7793
   -7.5000  -15.0000   45.000011776.6836   25.6801
    0.0000  -15.0000   45.000012218.3926   25.6876
    7.5000  -15.0000   45.000011604.4854   25.7565
   -7.5000   -7.5000   45.000012382.7627   25.6791
    0.0000   -7.5000   45.000012829.2334   25.6800
    7.5000   -7.5000   45.000012182.8008   25.7443
   -7.5000    0.0000   45.000012909.2529   25.6822
    0.0000    0.0000   45.000013357.4141   25.6849
    7.5000    0.0000   45.000012678.2744   25.7543
   -7.5000    7.5000   45.000012481.6807   25.6856
    0.0000    7.5000   45.000012921.9912   25.6977
    7.5000    7.5000   45.000012254.1621   25.7774
   -7.5000   15.0000   45.000011939.8311   25.6867
    0.0000   15.0000   45.000012372.9395   25.7069
    7.5000   15.0000   45.000011721.2207   25.7902
   -7.5000   22.5000   45.000011240.5586   25.6726
    0.0000   22.5000   45.000011633.8037   25.6901
    7.5000   22.5000   45.000011034.8428   25.7674
   -7.5000   30.0000   45.000010351.4336   25.3455
    0.0000   30.0000   45.000010739.4307   25.3530
    7.5000   30.0000   45.000010180.1211   25.4209
   -7.5000   37.5000   45.0000 9805.8848   25.3446
    0.0000   37.5000   45.000010165.9795   25.3454
    7.5000   37.5000   45.0000 9632.2695   25.4089
   -7.5000   45.0000   45.0000 8819.6387   24.7659
    0.0000   45.0000   45.0000 9112.6201   24.7685
    7.5000   45.0000   45.0000 8633.7139   24.8354

---------------------------------------------------------------------
imgreg_4dfp /opt/freesurfer/average/711-2C_as_mni_average_305 /opt/freesurfer/average/711-2B_as_mni_average_305_mask talsrcimg_g11 none talsrcimg_to_711-2C_as_mni_average_305_t4 4355
---------------------------------------------------------------------

freesurfer imgreg_4dfp.c
/opt/freesurfer/average/711-2C_as_mni_average_305.4dfp.img
       256       256       256         1
  1.000000  1.000000  1.000000
orientation T byte_order littleendian
Reading image: /opt/freesurfer/average/711-2C_as_mni_average_305.4dfp.img
dimensions:      256       256       256
mmppix:       1.0000   -1.0000   -1.0000
center:     128.0000 -129.0000 -129.0000
/opt/freesurfer/average/711-2B_as_mni_average_305_mask.4dfp.img
       256       256       256         1
  1.000000  1.000000  1.000000
orientation T byte_order littleendian
Reading mask: /opt/freesurfer/average/711-2B_as_mni_average_305_mask.4dfp.img (2306576 pixels)
talsrcimg_g11.4dfp.img
       256       256       256         1
  1.000000  1.000000  1.000000
orientation T byte_order littleendian
Reading image: talsrcimg_g11.4dfp.img
dimensions:      256       256       256
mmppix:       1.0000   -1.0000   -1.0000
center:     128.0000 -129.0000 -129.0000
rotation matrix determinant  1.000000
image alignment mode   4355 decimal     1103 hex
   -7.5000  -45.0000  -45.0000 1845.4460   29.0839
    0.0000  -45.0000  -45.0000 1843.6952   28.9438
    7.5000  -45.0000  -45.0000 1830.9921   29.4158
   -7.5000  -37.5000  -45.0000 1934.9948   26.4395
    0.0000  -37.5000  -45.0000 1933.5083   26.2931
    7.5000  -37.5000  -45.0000 1919.0931   26.7066
   -7.5000  -30.0000  -45.0000 2007.0658   24.5689
    0.0000  -30.0000  -45.0000 2003.1110   24.4230
    7.5000  -30.0000  -45.0000 1988.2426   24.8254
   -7.5000  -22.5000  -45.0000 2059.9963   23.2933
    0.0000  -22.5000  -45.0000 2056.0872   23.1870
    7.5000  -22.5000  -45.0000 2035.0576   23.5635
   -7.5000  -15.0000  -45.0000 2096.0632   22.5443
    0.0000  -15.0000  -45.0000 2093.5127   22.4541
    7.5000  -15.0000  -45.0000 2067.4788   22.8322
   -7.5000   -7.5000  -45.0000 2109.1379   22.2847
    0.0000   -7.5000  -45.0000 2106.2258   22.1564
    7.5000   -7.5000  -45.0000 2076.6624   22.6136
   -7.5000    0.0000  -45.0000 2094.6858   22.5434
    0.0000    0.0000  -45.0000 2088.1851   22.4492
    7.5000    0.0000  -45.0000 2061.2778   22.9581
   -7.5000    7.5000  -45.0000 2061.7271   23.3697
    0.0000    7.5000  -45.0000 2056.1238   23.3179
    7.5000    7.5000  -45.0000 2029.7919   23.8254
   -7.5000   15.0000  -45.0000 2010.9552   24.7228
    0.0000   15.0000  -45.0000 2001.8125   24.7402
    7.5000   15.0000  -45.0000 1976.9752   25.2111
   -7.5000   22.5000  -45.0000 1945.8246   26.5765
    0.0000   22.5000  -45.0000 1938.2576   26.5900
    7.5000   22.5000  -45.0000 1908.9380   27.0836
   -7.5000   30.0000  -45.0000 1862.3214   29.0596
    0.0000   30.0000  -45.0000 1857.4169   29.0086
    7.5000   30.0000  -45.0000 1826.2201   29.5943
   -7.5000   37.5000  -45.0000 1769.6663   32.5415
    0.0000   37.5000  -45.0000 1764.7605   32.5078
    7.5000   37.5000  -45.0000 1738.7563   33.1914
   -7.5000   45.0000  -45.0000 1669.8054   37.4412
    0.0000   45.0000  -45.0000 1665.1261   37.3396
    7.5000   45.0000  -45.0000 1630.7682   38.3165
   -7.5000  -45.0000  -37.5000 1931.9905   26.6202
    0.0000  -45.0000  -37.5000 1932.3982   26.4482
    7.5000  -45.0000  -37.5000 1911.9750   26.9415
   -7.5000  -37.5000  -37.5000 2033.0050   24.1816
    0.0000  -37.5000  -37.5000 2032.3307   24.0470
    7.5000  -37.5000  -37.5000 2008.1334   24.4404
   -7.5000  -30.0000  -37.5000 2114.6033   22.4305
    0.0000  -30.0000  -37.5000 2112.5723   22.3430
    7.5000  -30.0000  -37.5000 2088.6787   22.6943
   -7.5000  -22.5000  -37.5000 2166.2859   21.2691
    0.0000  -22.5000  -37.5000 2165.2148   21.1940
    7.5000  -22.5000  -37.5000 2137.4934   21.5462
   -7.5000  -15.0000  -37.5000 2200.9153   20.6105
    0.0000  -15.0000  -37.5000 2197.0005   20.5121
    7.5000  -15.0000  -37.5000 2168.6746   20.8891
   -7.5000   -7.5000  -37.5000 2206.6565   20.3959
    0.0000   -7.5000  -37.5000 2202.8606   20.3067
    7.5000   -7.5000  -37.5000 2178.9529   20.6637
   -7.5000    0.0000  -37.5000 2195.2524   20.6081
    0.0000    0.0000  -37.5000 2187.0024   20.5090
    7.5000    0.0000  -37.5000 2166.3730   20.9173
   -7.5000    7.5000  -37.5000 2163.9072   21.3228
    0.0000    7.5000  -37.5000 2158.7249   21.2567
    7.5000    7.5000  -37.5000 2131.0977   21.6974
   -7.5000   15.0000  -37.5000 2108.9622   22.4884
    0.0000   15.0000  -37.5000 2105.1946   22.4714
    7.5000   15.0000  -37.5000 2076.9407   22.9024
   -7.5000   22.5000  -37.5000 2041.3385   24.1584
    0.0000   22.5000  -37.5000 2037.5946   24.1122
    7.5000   22.5000  -37.5000 2007.6567   24.5177
   -7.5000   30.0000  -37.5000 1955.2977   26.3536
    0.0000   30.0000  -37.5000 1950.7242   26.3399
    7.5000   30.0000  -37.5000 1919.7351   26.7863
   -7.5000   37.5000  -37.5000 1852.5315   29.4853
    0.0000   37.5000  -37.5000 1848.9147   29.4550
    7.5000   37.5000  -37.5000 1827.1871   29.9769
   -7.5000   45.0000  -37.5000 1745.1470   33.7829
    0.0000   45.0000  -37.5000 1739.5259   33.7285
    7.5000   45.0000  -37.5000 1711.6852   34.4161
   -7.5000  -45.0000  -30.0000 2059.8210   25.2646
    0.0000  -45.0000  -30.0000 2055.5535   25.1079
    7.5000  -45.0000  -30.0000 2036.0986   25.6161
   -7.5000  -37.5000  -30.0000 2166.1526   22.9627
    0.0000  -37.5000  -30.0000 2165.4902   22.8575
    7.5000  -37.5000  -30.0000 2141.1543   23.2274
   -7.5000  -30.0000  -30.0000 2253.4985   21.2869
    0.0000  -30.0000  -30.0000 2252.4290   21.2202
    7.5000  -30.0000  -30.0000 2230.0950   21.5354
   -7.5000  -22.5000  -30.0000 2313.3999   20.2464
    0.0000  -22.5000  -30.0000 2309.5540   20.1713
    7.5000  -22.5000  -30.0000 2287.0496   20.4361
   -7.5000  -15.0000  -30.0000 2344.5032   19.6414
    0.0000  -15.0000  -30.0000 2340.4688   19.6110
    7.5000  -15.0000  -30.0000 2320.5518   19.8924
   -7.5000   -7.5000  -30.0000 2350.2297   19.4914
    0.0000   -7.5000  -30.0000 2351.8152   19.4264
    7.5000   -7.5000  -30.0000 2328.4036   19.7254
   -7.5000    0.0000  -30.0000 2342.9155   19.6344
    0.0000    0.0000  -30.0000 2340.5330   19.5757
    7.5000    0.0000  -30.0000 2315.6145   19.8885
   -7.5000    7.5000  -30.0000 2309.8584   20.2470
    0.0000    7.5000  -30.0000 2306.4038   20.1770
    7.5000    7.5000  -30.0000 2279.1082   20.5215
   -7.5000   15.0000  -30.0000 2253.6187   21.2984
    0.0000   15.0000  -30.0000 2251.3816   21.2524
    7.5000   15.0000  -30.0000 2218.7048   21.5999
   -7.5000   22.5000  -30.0000 2177.7048   22.7948
    0.0000   22.5000  -30.0000 2172.0581   22.7408
    7.5000   22.5000  -30.0000 2143.8154   23.0882
   -7.5000   30.0000  -30.0000 2087.4106   24.8709
    0.0000   30.0000  -30.0000 2080.3501   24.8571
    7.5000   30.0000  -30.0000 2048.6165   25.2231
   -7.5000   37.5000  -30.0000 1981.5684   27.8290
    0.0000   37.5000  -30.0000 1974.8428   27.7758
    7.5000   37.5000  -30.0000 1945.3973   28.2290
   -7.5000   45.0000  -30.0000 1867.6869   31.7578
    0.0000   45.0000  -30.0000 1861.6173   31.7307
    7.5000   45.0000  -30.0000 1823.4084   32.2250
   -7.5000  -45.0000  -22.5000 2168.2607   23.8338
    0.0000  -45.0000  -22.5000 2170.2917   23.7305
    7.5000  -45.0000  -22.5000 2139.3262   24.1516
   -7.5000  -37.5000  -22.5000 2283.1624   21.6461
    0.0000  -37.5000  -22.5000 2283.1143   21.5557
    7.5000  -37.5000  -22.5000 2252.8691   21.8831
   -7.5000  -30.0000  -22.5000 2379.6855   20.0411
    0.0000  -30.0000  -22.5000 2373.6423   19.9622
    7.5000  -30.0000  -22.5000 2344.5439   20.2354
   -7.5000  -22.5000  -22.5000 2444.3896   19.0929
    0.0000  -22.5000  -22.5000 2438.5806   19.0148
    7.5000  -22.5000  -22.5000 2408.8066   19.2150
   -7.5000  -15.0000  -22.5000 2473.2212   18.5564
    0.0000  -15.0000  -22.5000 2470.4050   18.5246
    7.5000  -15.0000  -22.5000 2441.7893   18.7015
   -7.5000   -7.5000  -22.5000 2483.8784   18.4039
    0.0000   -7.5000  -22.5000 2486.0955   18.3551
    7.5000   -7.5000  -22.5000 2449.2688   18.5685
   -7.5000    0.0000  -22.5000 2469.1108   18.5351
    0.0000    0.0000  -22.5000 2467.2556   18.5136
    7.5000    0.0000  -22.5000 2432.6489   18.7721
   -7.5000    7.5000  -22.5000 2437.0713   19.0915
    0.0000    7.5000  -22.5000 2432.5129   19.0462
    7.5000    7.5000  -22.5000 2402.4680   19.3295
   -7.5000   15.0000  -22.5000 2378.4297   20.0078
    0.0000   15.0000  -22.5000 2372.8474   19.9964
    7.5000   15.0000  -22.5000 2343.0876   20.3109
   -7.5000   22.5000  -22.5000 2294.4314   21.3624
    0.0000   22.5000  -22.5000 2291.9893   21.3313
    7.5000   22.5000  -22.5000 2257.1057   21.6898
   -7.5000   30.0000  -22.5000 2196.4614   23.2727
    0.0000   30.0000  -22.5000 2188.1550   23.2448
    7.5000   30.0000  -22.5000 2158.6926   23.6482
   -7.5000   37.5000  -22.5000 2085.8291   25.9785
    0.0000   37.5000  -22.5000 2078.7310   25.8794
    7.5000   37.5000  -22.5000 2045.5321   26.3212
   -7.5000   45.0000  -22.5000 1961.2695   29.5744
    0.0000   45.0000  -22.5000 1957.3732   29.5100
    7.5000   45.0000  -22.5000 1923.3876   29.9731
   -7.5000  -45.0000  -15.0000 2246.9709   22.5057
    0.0000  -45.0000  -15.0000 2246.5098   22.4428
    7.5000  -45.0000  -15.0000 2214.8892   22.8146
   -7.5000  -37.5000  -15.0000 2367.6450   20.4079
    0.0000  -37.5000  -15.0000 2363.9216   20.3594
    7.5000  -37.5000  -15.0000 2332.4429   20.6600
   -7.5000  -30.0000  -15.0000 2466.1204   18.8398
    0.0000  -30.0000  -15.0000 2460.8767   18.8216
    7.5000  -30.0000  -15.0000 2427.4163   19.0367
   -7.5000  -22.5000  -15.0000 2543.7034   17.8759
    0.0000  -22.5000  -15.0000 2538.9414   17.8607
    7.5000  -22.5000  -15.0000 2503.5598   18.0139
   -7.5000  -15.0000  -15.0000 2579.6179   17.3919
    0.0000  -15.0000  -15.0000 2578.5654   17.3529
    7.5000  -15.0000  -15.0000 2539.4614   17.4952
   -7.5000   -7.5000  -15.0000 2594.4910   17.2386
    0.0000   -7.5000  -15.0000 2594.4133   17.1877
    7.5000   -7.5000  -15.0000 2552.5869   17.3603
   -7.5000    0.0000  -15.0000 2582.0288   17.4313
    0.0000    0.0000  -15.0000 2578.3840   17.4015
    7.5000    0.0000  -15.0000 2535.0002   17.6086
   -7.5000    7.5000  -15.0000 2547.2461   17.9899
    0.0000    7.5000  -15.0000 2541.9807   17.9521
    7.5000    7.5000  -15.0000 2503.1577   18.2158
   -7.5000   15.0000  -15.0000 2481.8962   18.8105
    0.0000   15.0000  -15.0000 2477.6272   18.7837
    7.5000   15.0000  -15.0000 2438.8967   19.1060
   -7.5000   22.5000  -15.0000 2395.8352   20.0178
    0.0000   22.5000  -15.0000 2389.9060   20.0060
    7.5000   22.5000  -15.0000 2350.8101   20.3935
   -7.5000   30.0000  -15.0000 2288.0691   21.7463
    0.0000   30.0000  -15.0000 2284.2622   21.6831
    7.5000   30.0000  -15.0000 2247.9480   22.1185
   -7.5000   37.5000  -15.0000 2171.0920   24.1973
    0.0000   37.5000  -15.0000 2165.0825   24.1225
    7.5000   37.5000  -15.0000 2128.5520   24.5951
   -7.5000   45.0000  -15.0000 2030.9747   27.5339
    0.0000   45.0000  -15.0000 2027.1549   27.4521
    7.5000   45.0000  -15.0000 1994.4390   27.9960
   -7.5000  -45.0000   -7.5000 2306.3477   21.2709
    0.0000  -45.0000   -7.5000 2303.0623   21.2366
    7.5000  -45.0000   -7.5000 2270.7888   21.5452
   -7.5000  -37.5000   -7.5000 2427.3948   19.2349
    0.0000  -37.5000   -7.5000 2423.2556   19.2082
    7.5000  -37.5000   -7.5000 2392.1777   19.4965
   -7.5000  -30.0000   -7.5000 2530.1245   17.7699
    0.0000  -30.0000   -7.5000 2531.6084   17.7510
    7.5000  -30.0000   -7.5000 2492.7363   17.9736
   -7.5000  -22.5000   -7.5000 2619.8877   16.7948
    0.0000  -22.5000   -7.5000 2617.4983   16.7811
    7.5000  -22.5000   -7.5000 2576.5012   16.9832
   -7.5000  -15.0000   -7.5000 2670.8081   16.2692
    0.0000  -15.0000   -7.5000 2669.4421   16.2421
    7.5000  -15.0000   -7.5000 2627.1292   16.3903
   -7.5000   -7.5000   -7.5000 2695.8718   16.1009
    0.0000   -7.5000   -7.5000 2691.2664   16.0701
    7.5000   -7.5000   -7.5000 2645.8555   16.2496
   -7.5000    0.0000   -7.5000 2680.1602   16.3377
    0.0000    0.0000   -7.5000 2679.4946   16.3112
    7.5000    0.0000   -7.5000 2631.1890   16.5104
   -7.5000    7.5000   -7.5000 2644.1201   16.9050
    0.0000    7.5000   -7.5000 2645.3706   16.8619
    7.5000    7.5000   -7.5000 2593.8323   17.1009
   -7.5000   15.0000   -7.5000 2575.4429   17.6939
    0.0000   15.0000   -7.5000 2573.9861   17.6692
    7.5000   15.0000   -7.5000 2525.3867   17.9632
   -7.5000   22.5000   -7.5000 2485.3315   18.8056
    0.0000   22.5000   -7.5000 2480.7456   18.7819
    7.5000   22.5000   -7.5000 2431.3411   19.1536
   -7.5000   30.0000   -7.5000 2368.0376   20.3873
    0.0000   30.0000   -7.5000 2363.5691   20.3346
    7.5000   30.0000   -7.5000 2324.1411   20.7314
   -7.5000   37.5000   -7.5000 2240.8892   22.6451
    0.0000   37.5000   -7.5000 2238.8721   22.5840
    7.5000   37.5000   -7.5000 2196.1116   23.0134
   -7.5000   45.0000   -7.5000 2090.0405   25.7735
    0.0000   45.0000   -7.5000 2083.4890   25.7106
    7.5000   45.0000   -7.5000 2050.6709   26.1817
   -7.5000  -45.0000    0.0000 2341.0444   20.2738
    0.0000  -45.0000    0.0000 2338.9209   20.2550
    7.5000  -45.0000    0.0000 2309.0637   20.6073
   -7.5000  -37.5000    0.0000 2468.5291   18.2956
    0.0000  -37.5000    0.0000 2469.1191   18.3205
    7.5000  -37.5000    0.0000 2434.3584   18.6215
   -7.5000  -30.0000    0.0000 2582.4519   16.9012
    0.0000  -30.0000    0.0000 2582.1077   16.9154
    7.5000  -30.0000    0.0000 2542.9368   17.1541
   -7.5000  -22.5000    0.0000 2682.0933   15.9674
    0.0000  -22.5000    0.0000 2678.8562   15.9691
    7.5000  -22.5000    0.0000 2638.7168   16.2135
   -7.5000  -15.0000    0.0000 2744.2659   15.4145
    0.0000  -15.0000    0.0000 2740.8115   15.3981
    7.5000  -15.0000    0.0000 2701.3877   15.6150
   -7.5000   -7.5000    0.0000 2773.8296   15.2109
    0.0000   -7.5000    0.0000 2769.3862   15.1967
    7.5000   -7.5000    0.0000 2729.4412   15.4430
   -7.5000    0.0000    0.0000 2764.3071   15.4473
    0.0000    0.0000    0.0000 2768.1008   15.4108
    7.5000    0.0000    0.0000 2716.3413   15.6597
   -7.5000    7.5000    0.0000 2728.3411   16.0016
    0.0000    7.5000    0.0000 2735.5032   15.9440
    7.5000    7.5000    0.0000 2672.8413   16.2038
   -7.5000   15.0000    0.0000 2650.8069   16.7632
    0.0000   15.0000    0.0000 2653.9460   16.7546
    7.5000   15.0000    0.0000 2598.2515   17.0355
   -7.5000   22.5000    0.0000 2554.3198   17.8219
    0.0000   22.5000    0.0000 2550.3088   17.8182
    7.5000   22.5000    0.0000 2500.5164   18.1520
   -7.5000   30.0000    0.0000 2428.1494   19.3387
    0.0000   30.0000    0.0000 2426.0293   19.3130
    7.5000   30.0000    0.0000 2386.8176   19.7060
   -7.5000   37.5000    0.0000 2294.2100   21.5363
    0.0000   37.5000    0.0000 2292.7766   21.4776
    7.5000   37.5000    0.0000 2250.4978   21.8810
   -7.5000   45.0000    0.0000 2138.3147   24.5354
    0.0000   45.0000    0.0000 2135.4282   24.4695
    7.5000   45.0000    0.0000 2101.5017   24.9144
   -7.5000  -45.0000    7.5000 2361.8958   19.6007
    0.0000  -45.0000    7.5000 2365.2168   19.5973
    7.5000  -45.0000    7.5000 2336.9956   19.9704
   -7.5000  -37.5000    7.5000 2497.7769   17.6965
    0.0000  -37.5000    7.5000 2502.2229   17.6990
    7.5000  -37.5000    7.5000 2468.3875   18.0512
   -7.5000  -30.0000    7.5000 2620.3767   16.3069
    0.0000  -30.0000    7.5000 2620.8945   16.3232
    7.5000  -30.0000    7.5000 2584.8110   16.6534
   -7.5000  -22.5000    7.5000 2732.1418   15.4040
    0.0000  -22.5000    7.5000 2728.9663   15.3946
    7.5000  -22.5000    7.5000 2688.7437   15.7220
   -7.5000  -15.0000    7.5000 2813.5061   14.8619
    0.0000  -15.0000    7.5000 2810.4734   14.8234
    7.5000  -15.0000    7.5000 2765.5537   15.1384
   -7.5000   -7.5000    7.5000 2855.8010   14.5854
    0.0000   -7.5000    7.5000 2851.9639   14.5683
    7.5000   -7.5000    7.5000 2802.7593   14.9037
   -7.5000    0.0000    7.5000 2849.5178   14.7971
    0.0000    0.0000    7.5000 2854.3425   14.7503
    7.5000    0.0000    7.5000 2795.4307   15.0475
   -7.5000    7.5000    7.5000 2808.3938   15.2977
    0.0000    7.5000    7.5000 2811.1030   15.2582
    7.5000    7.5000    7.5000 2748.3071   15.5479
   -7.5000   15.0000    7.5000 2717.0786   16.0341
    0.0000   15.0000    7.5000 2714.7107   16.0314
    7.5000   15.0000    7.5000 2662.2493   16.3662
   -7.5000   22.5000    7.5000 2602.3010   17.1263
    0.0000   22.5000    7.5000 2599.9045   17.1266
    7.5000   22.5000    7.5000 2552.5112   17.4902
   -7.5000   30.0000    7.5000 2469.7268   18.6430
    0.0000   30.0000    7.5000 2467.0579   18.6182
    7.5000   30.0000    7.5000 2428.1155   19.0002
   -7.5000   37.5000    7.5000 2334.1494   20.7908
    0.0000   37.5000    7.5000 2331.9507   20.7153
    7.5000   37.5000    7.5000 2293.2200   21.1316
   -7.5000   45.0000    7.5000 2173.7148   23.6390
    0.0000   45.0000    7.5000 2172.5134   23.5841
    7.5000   45.0000    7.5000 2140.4414   23.9959
   -7.5000  -45.0000   15.0000 2368.9844   19.2931
    0.0000  -45.0000   15.0000 2372.1780   19.2478
    7.5000  -45.0000   15.0000 2342.7712   19.6865
   -7.5000  -37.5000   15.0000 2509.7861   17.3694
    0.0000  -37.5000   15.0000 2512.7095   17.3240
    7.5000  -37.5000   15.0000 2478.9661   17.7788
   -7.5000  -30.0000   15.0000 2639.0098   16.0058
    0.0000  -30.0000   15.0000 2638.2456   15.9507
    7.5000  -30.0000   15.0000 2602.3210   16.4026
   -7.5000  -22.5000   15.0000 2756.4399   15.0999
    0.0000  -22.5000   15.0000 2753.9316   15.0582
    7.5000  -22.5000   15.0000 2714.4700   15.4812
   -7.5000  -15.0000   15.0000 2850.3401   14.5533
    0.0000  -15.0000   15.0000 2853.0850   14.5115
    7.5000  -15.0000   15.0000 2800.2900   14.8966
   -7.5000   -7.5000   15.0000 2908.6550   14.1432
    0.0000   -7.5000   15.0000 2906.8315   14.1461
    7.5000   -7.5000   15.0000 2843.2668   14.5838
   -7.5000    0.0000   15.0000 2904.8367   14.2134
    0.0000    0.0000   15.0000 2907.7673   14.1717
    7.5000    0.0000   15.0000 2839.0503   14.6417
   -7.5000    7.5000   15.0000 2842.9944   14.7024
    0.0000    7.5000   15.0000 2844.7844   14.6526
    7.5000    7.5000   15.0000 2784.6604   15.1077
   -7.5000   15.0000   15.0000 2745.4036   15.5426
    0.0000   15.0000   15.0000 2745.7185   15.4989
    7.5000   15.0000   15.0000 2696.6343   15.9115
   -7.5000   22.5000   15.0000 2626.4880   16.6620
    0.0000   22.5000   15.0000 2626.9397   16.6313
    7.5000   22.5000   15.0000 2583.7317   17.0328
   -7.5000   30.0000   15.0000 2487.5918   18.1723
    0.0000   30.0000   15.0000 2485.6052   18.1401
    7.5000   30.0000   15.0000 2449.4878   18.5516
   -7.5000   37.5000   15.0000 2352.0295   20.2472
    0.0000   37.5000   15.0000 2347.1904   20.2112
    7.5000   37.5000   15.0000 2307.9429   20.6462
   -7.5000   45.0000   15.0000 2191.1169   23.0039
    0.0000   45.0000   15.0000 2187.4895   22.9884
    7.5000   45.0000   15.0000 2155.9429   23.4379
   -7.5000  -45.0000   22.5000 2354.9438   19.2518
    0.0000  -45.0000   22.5000 2360.5808   19.0944
    7.5000  -45.0000   22.5000 2331.3582   19.6729
   -7.5000  -37.5000   22.5000 2502.8550   17.3400
    0.0000  -37.5000   22.5000 2503.8079   17.1931
    7.5000  -37.5000   22.5000 2470.7092   17.7571
   -7.5000  -30.0000   22.5000 2639.7036   15.9664
    0.0000  -30.0000   22.5000 2641.3567   15.8449
    7.5000  -30.0000   22.5000 2600.7070   16.3929
   -7.5000  -22.5000   22.5000 2760.2334   15.0444
    0.0000  -22.5000   22.5000 2762.9583   14.9509
    7.5000  -22.5000   22.5000 2715.8281   15.4838
   -7.5000  -15.0000   22.5000 2857.2791   14.4966
    0.0000  -15.0000   22.5000 2862.8113   14.4176
    7.5000  -15.0000   22.5000 2803.3218   14.8963
   -7.5000   -7.5000   22.5000 2914.0701   14.0390
    0.0000   -7.5000   22.5000 2917.6533   14.0158
    7.5000   -7.5000   22.5000 2856.8362   14.5642
   -7.5000    0.0000   22.5000 2920.3962   14.0208
    0.0000    0.0000   22.5000 2921.4128   13.9715
    7.5000    0.0000   22.5000 2860.5493   14.6014
   -7.5000    7.5000   22.5000 2859.5037   14.5227
    0.0000    7.5000   22.5000 2861.7966   14.4621
    7.5000    7.5000   22.5000 2803.5183   14.9873
   -7.5000   15.0000   22.5000 2757.5378   15.3341
    0.0000   15.0000   22.5000 2759.2776   15.2943
    7.5000   15.0000   22.5000 2705.7417   15.7577
   -7.5000   22.5000   22.5000 2633.1321   16.4869
    0.0000   22.5000   22.5000 2633.3850   16.4473
    7.5000   22.5000   22.5000 2587.4272   16.8680
   -7.5000   30.0000   22.5000 2488.1477   18.0330
    0.0000   30.0000   22.5000 2486.5723   17.9856
    7.5000   30.0000   22.5000 2454.4321   18.3919
   -7.5000   37.5000   22.5000 2351.0095   20.0552
    0.0000   37.5000   22.5000 2347.3435   20.0053
    7.5000   37.5000   22.5000 2307.9192   20.4442
   -7.5000   45.0000   22.5000 2188.9299   22.7430
    0.0000   45.0000   22.5000 2189.1533   22.6925
    7.5000   45.0000   22.5000 2154.9463   23.1578
   -7.5000  -45.0000   30.0000 2335.4641   19.4487
    0.0000  -45.0000   30.0000 2344.7097   19.2313
    7.5000  -45.0000   30.0000 2312.2227   19.8881
   -7.5000  -37.5000   30.0000 2480.6377   17.5091
    0.0000  -37.5000   30.0000 2487.3162   17.3238
    7.5000  -37.5000   30.0000 2450.8210   17.9687
   -7.5000  -30.0000   30.0000 2612.5383   16.1557
    0.0000  -30.0000   30.0000 2618.2266   15.9997
    7.5000  -30.0000   30.0000 2575.4868   16.6119
   -7.5000  -22.5000   30.0000 2726.5503   15.2832
    0.0000  -22.5000   30.0000 2735.4429   15.1455
    7.5000  -22.5000   30.0000 2687.2400   15.7217
   -7.5000  -15.0000   30.0000 2818.2854   14.7730
    0.0000  -15.0000   30.0000 2830.6506   14.6468
    7.5000  -15.0000   30.0000 2772.5706   15.1768
   -7.5000   -7.5000   30.0000 2877.7456   14.3930
    0.0000   -7.5000   30.0000 2887.7842   14.2969
    7.5000   -7.5000   30.0000 2826.6208   14.8553
   -7.5000    0.0000   30.0000 2895.0627   14.4121
    0.0000    0.0000   30.0000 2901.9924   14.3159
    7.5000    0.0000   30.0000 2840.7986   14.8238
   -7.5000    7.5000   30.0000 2838.6277   14.7547
    0.0000    7.5000   30.0000 2848.4216   14.6707
    7.5000    7.5000   30.0000 2786.6997   15.1240
   -7.5000   15.0000   30.0000 2730.9453   15.4402
    0.0000   15.0000   30.0000 2742.0264   15.3768
    7.5000   15.0000   30.0000 2686.5161   15.8302
   -7.5000   22.5000   30.0000 2609.4492   16.5445
    0.0000   22.5000   30.0000 2617.1792   16.4652
    7.5000   22.5000   30.0000 2568.2612   16.8963
   -7.5000   30.0000   30.0000 2465.5039   18.0912
    0.0000   30.0000   30.0000 2467.7725   18.0108
    7.5000   30.0000   30.0000 2436.1763   18.4265
   -7.5000   37.5000   30.0000 2325.9673   20.1240
    0.0000   37.5000   30.0000 2324.9832   20.0603
    7.5000   37.5000   30.0000 2295.1897   20.5259
   -7.5000   45.0000   30.0000 2169.1721   22.8588
    0.0000   45.0000   30.0000 2166.2620   22.7593
    7.5000   45.0000   30.0000 2143.8323   23.2225
   -7.5000  -45.0000   37.5000 2309.8972   20.0435
    0.0000  -45.0000   37.5000 2321.8918   19.8086
    7.5000  -45.0000   37.5000 2285.9893   20.4386
   -7.5000  -37.5000   37.5000 2449.5586   18.0992
    0.0000  -37.5000   37.5000 2459.2622   17.9053
    7.5000  -37.5000   37.5000 2418.8621   18.5001
   -7.5000  -30.0000   37.5000 2570.9065   16.7267
    0.0000  -30.0000   37.5000 2579.1758   16.5877
    7.5000  -30.0000   37.5000 2533.9946   17.1629
   -7.5000  -22.5000   37.5000 2676.4873   15.8745
    0.0000  -22.5000   37.5000 2684.2805   15.7498
    7.5000  -22.5000   37.5000 2635.9092   16.2560
   -7.5000  -15.0000   37.5000 2761.2510   15.3073
    0.0000  -15.0000   37.5000 2769.1108   15.2018
    7.5000  -15.0000   37.5000 2717.4946   15.6793
   -7.5000   -7.5000   37.5000 2817.0088   14.9546
    0.0000   -7.5000   37.5000 2823.1560   14.8437
    7.5000   -7.5000   37.5000 2769.6375   15.3217
   -7.5000    0.0000   37.5000 2823.0686   15.0186
    0.0000    0.0000   37.5000 2828.8154   14.9219
    7.5000    0.0000   37.5000 2775.5208   15.2863
   -7.5000    7.5000   37.5000 2767.5520   15.3784
    0.0000    7.5000   37.5000 2776.7881   15.2986
    7.5000    7.5000   37.5000 2722.0757   15.6193
   -7.5000   15.0000   37.5000 2670.2925   16.0345
    0.0000   15.0000   37.5000 2682.1426   15.9853
    7.5000   15.0000   37.5000 2629.6580   16.3258
   -7.5000   22.5000   37.5000 2554.9812   17.0363
    0.0000   22.5000   37.5000 2565.3401   16.9755
    7.5000   22.5000   37.5000 2522.2395   17.3342
   -7.5000   30.0000   37.5000 2424.3154   18.4760
    0.0000   30.0000   37.5000 2429.8809   18.4106
    7.5000   30.0000   37.5000 2399.2373   18.7929
   -7.5000   37.5000   37.5000 2289.7529   20.4745
    0.0000   37.5000   37.5000 2292.1243   20.4104
    7.5000   37.5000   37.5000 2264.6970   20.8383
   -7.5000   45.0000   37.5000 2130.7446   23.1740
    0.0000   45.0000   37.5000 2130.3792   23.0367
    7.5000   45.0000   37.5000 2111.4858   23.4874
   -7.5000  -45.0000   45.0000 2272.8318   20.9895
    0.0000  -45.0000   45.0000 2279.0190   20.8071
    7.5000  -45.0000   45.0000 2247.6113   21.3941
   -7.5000  -37.5000   45.0000 2406.5142   19.0007
    0.0000  -37.5000   45.0000 2413.7163   18.8709
    7.5000  -37.5000   45.0000 2371.6846   19.3828
   -7.5000  -30.0000   45.0000 2513.9307   17.6245
    0.0000  -30.0000   45.0000 2526.8870   17.5350
    7.5000  -30.0000   45.0000 2478.9326   17.9905
   -7.5000  -22.5000   45.0000 2609.3604   16.6985
    0.0000  -22.5000   45.0000 2625.8477   16.6145
    7.5000  -22.5000   45.0000 2569.5823   17.0396
   -7.5000  -15.0000   45.0000 2684.2219   16.0405
    0.0000  -15.0000   45.0000 2700.9312   15.9668
    7.5000  -15.0000   45.0000 2644.8904   16.3908
   -7.5000   -7.5000   45.0000 2727.1592   15.6988
    0.0000   -7.5000   45.0000 2738.2847   15.6236
    7.5000   -7.5000   45.0000 2688.1145   15.9903
   -7.5000    0.0000   45.0000 2722.8074   15.7274
    0.0000    0.0000   45.0000 2730.5667   15.6510
    7.5000    0.0000   45.0000 2683.4463   15.9554
   -7.5000    7.5000   45.0000 2676.2178   16.0742
    0.0000    7.5000   45.0000 2684.1484   16.0023
    7.5000    7.5000   45.0000 2640.7849   16.2942
   -7.5000   15.0000   45.0000 2587.2273   16.7319
    0.0000   15.0000   45.0000 2598.7029   16.6786
    7.5000   15.0000   45.0000 2554.5957   16.9898
   -7.5000   22.5000   45.0000 2483.3267   17.7895
    0.0000   22.5000   45.0000 2489.1028   17.7228
    7.5000   22.5000   45.0000 2451.1641   18.0619
   -7.5000   30.0000   45.0000 2363.9346   19.2560
    0.0000   30.0000   45.0000 2370.5457   19.1946
    7.5000   30.0000   45.0000 2334.9124   19.5442
   -7.5000   37.5000   45.0000 2235.6997   21.2175
    0.0000   37.5000   45.0000 2238.3560   21.1304
    7.5000   37.5000   45.0000 2212.0383   21.5326
   -7.5000   45.0000   45.0000 2085.2388   23.8542
    0.0000   45.0000   45.0000 2080.6187   23.7835
    7.5000   45.0000   45.0000 2060.4866   24.1959

---------------------------------------------------------------------
imgreg_4dfp /opt/freesurfer/average/711-2C_as_mni_average_305 /opt/freesurfer/average/711-2B_as_mni_average_305_mask talsrcimg_g11 none talsrcimg_to_711-2C_as_mni_average_305_t4 1283
---------------------------------------------------------------------

freesurfer imgreg_4dfp.c
/opt/freesurfer/average/711-2C_as_mni_average_305.4dfp.img
       256       256       256         1
  1.000000  1.000000  1.000000
orientation T byte_order littleendian
Reading image: /opt/freesurfer/average/711-2C_as_mni_average_305.4dfp.img
dimensions:      256       256       256
mmppix:       1.0000   -1.0000   -1.0000
center:     128.0000 -129.0000 -129.0000
/opt/freesurfer/average/711-2B_as_mni_average_305_mask.4dfp.img
       256       256       256         1
  1.000000  1.000000  1.000000
orientation T byte_order littleendian
Reading mask: /opt/freesurfer/average/711-2B_as_mni_average_305_mask.4dfp.img (2306576 pixels)
talsrcimg_g11.4dfp.img
       256       256       256         1
  1.000000  1.000000  1.000000
orientation T byte_order littleendian
Reading image: talsrcimg_g11.4dfp.img
dimensions:      256       256       256
mmppix:       1.0000   -1.0000   -1.0000
center:     128.0000 -129.0000 -129.0000
rotation matrix determinant  1.000000
fimgreg.f
image alignment mode   1283 decimal      503 hex
parameters
    0.0000    0.0000   22.5000    0.0000    0.0000    0.0000
eta,q 0.91595 13.92460
niter,ni,del,rscale     5    3   12.0000    1.2000
parameter  1  0.554102 ->  0.500000 qaram    1.1500
parameter  2  0.587922 ->  0.500000 qaram    1.1500
parameter  4  2.396670 ->  0.500000 qaram    1.1500
parameters
   -3.4500   -3.4500   19.7700   -3.4500   -2.3613    1.5395
eta,q 0.92488 13.84605
  0.0814  0.0829  0.0801  0.0755  0.0770  0.0806
  0.0842  0.0808  0.0801  0.0755  0.0755  0.0779
  0.0839  0.0817  0.0811  0.0777  0.0751  0.0759
  0.0830  0.0839  0.0805  0.0810  0.0759  0.0751
  0.0851  0.0873  0.0804  0.0847  0.0777  0.0752
  0.0885  0.0922  0.0834  0.0876  0.0787  0.0756
  0.0960  0.0985  0.0872  0.0898  0.0799  0.0767
niter,ni,del,rscale     7    3   12.0000    1.2000
parameters
   -1.8783   -2.6411   19.3293   -5.2525   -2.2267    2.5001
eta,q 0.92535 13.85878
  0.0889  0.0908  0.0815  0.0796  0.0785  0.0780
  0.0797  0.0833  0.0762  0.0772  0.0766  0.0761
  0.0750  0.0783  0.0751  0.0748  0.0751  0.0751
  0.0751  0.0760  0.0759  0.0757  0.0747  0.0747
  0.0764  0.0769  0.0768  0.0789  0.0752  0.0747
  0.0765  0.0801  0.0792  0.0823  0.0764  0.0752
  0.0782  0.0849  0.0817  0.0862  0.0781  0.0762
niter,ni,del,rscale     6    3   12.0000    1.2000
parameters
   -2.4693   -2.2848   18.9856   -5.6345   -2.0144    2.5387
eta,q 0.92576 13.82565
  0.0803  0.0880  0.0809  0.0803  0.0789  0.0767
  0.0747  0.0823  0.0754  0.0788  0.0765  0.0751
  0.0738  0.0773  0.0739  0.0758  0.0749  0.0745
  0.0747  0.0744  0.0743  0.0742  0.0743  0.0742
  0.0753  0.0758  0.0751  0.0759  0.0746  0.0746
  0.0762  0.0803  0.0785  0.0790  0.0762  0.0753
  0.0828  0.0860  0.0810  0.0825  0.0782  0.0764
niter,ni,del,rscale     5    3   12.0000    1.2000
parameters
   -2.4185   -2.2122   18.8400   -5.7687   -2.0349    2.6108
eta,q 0.92571 13.82387
  0.0821  0.0871  0.0815  0.0804  0.0786  0.0767
  0.0756  0.0817  0.0758  0.0792  0.0763  0.0751
  0.0738  0.0769  0.0739  0.0761  0.0748  0.0745
  0.0742  0.0743  0.0743  0.0742  0.0743  0.0743
  0.0753  0.0762  0.0748  0.0755  0.0748  0.0746
  0.0758  0.0810  0.0781  0.0785  0.0765  0.0753
  0.0810  0.0870  0.0808  0.0819  0.0786  0.0764
niter,ni,del,rscale     4    3   12.0000    1.2000
parameters
   -2.4481   -2.1937   18.7948   -5.7964   -2.0257    2.6169
eta,q 0.92574 13.82277
  0.0820  0.0869  0.0818  0.0805  0.0787  0.0766
  0.0755  0.0816  0.0760  0.0793  0.0763  0.0751
  0.0738  0.0768  0.0739  0.0763  0.0748  0.0745
  0.0743  0.0743  0.0743  0.0743  0.0743  0.0743
  0.0754  0.0762  0.0746  0.0753  0.0747  0.0746
  0.0760  0.0811  0.0778  0.0783  0.0764  0.0753
  0.0814  0.0873  0.0807  0.0816  0.0786  0.0764
registration optimization eta report
parameter search radius
    6.9000    6.9000    6.0000    6.9000    6.0000    6.0000
100000*second partial in parameter space
       16.       26.       21.       13.       12.        6.
  0.0820  0.0869  0.0818  0.0805  0.0787  0.0766
  0.0755  0.0816  0.0760  0.0793  0.0763  0.0751
  0.0738  0.0768  0.0739  0.0763  0.0748  0.0745
  0.0743  0.0743  0.0743  0.0743  0.0743  0.0743
  0.0754  0.0762  0.0746  0.0753  0.0747  0.0746
  0.0760  0.0811  0.0778  0.0783  0.0764  0.0753
  0.0814  0.0873  0.0807  0.0816  0.0786  0.0764
   -2.4481   -2.1937   18.7948   -5.7964   -2.0257    2.6169
eta,q 0.92574 13.82277

---------------------------------------------------------------------
imgreg_4dfp /opt/freesurfer/average/711-2C_as_mni_average_305 /opt/freesurfer/average/711-2B_as_mni_average_305_mask talsrcimg_g11 none talsrcimg_to_711-2C_as_mni_average_305_t4 3335
---------------------------------------------------------------------

freesurfer imgreg_4dfp.c
/opt/freesurfer/average/711-2C_as_mni_average_305.4dfp.img
       256       256       256         1
  1.000000  1.000000  1.000000
orientation T byte_order littleendian
Reading image: /opt/freesurfer/average/711-2C_as_mni_average_305.4dfp.img
dimensions:      256       256       256
mmppix:       1.0000   -1.0000   -1.0000
center:     128.0000 -129.0000 -129.0000
/opt/freesurfer/average/711-2B_as_mni_average_305_mask.4dfp.img
       256       256       256         1
  1.000000  1.000000  1.000000
orientation T byte_order littleendian
Reading mask: /opt/freesurfer/average/711-2B_as_mni_average_305_mask.4dfp.img (2306576 pixels)
talsrcimg_g11.4dfp.img
       256       256       256         1
  1.000000  1.000000  1.000000
orientation T byte_order littleendian
Reading image: talsrcimg_g11.4dfp.img
dimensions:      256       256       256
mmppix:       1.0000   -1.0000   -1.0000
center:     128.0000 -129.0000 -129.0000
fimgreg.f
image alignment mode   3335 decimal      D07 hex
parameters
   -2.4481   -2.1937   18.7948   -0.1667   -0.6314   -0.5735
   -4.8990    3.0519    4.5629   10.2495   -3.5348  -10.0931
eta,q 0.92670 13.84179
niter,ni,del,rscale     5    3    5.0000    1.2000
parameter  4  5.045703 ->  0.500000 qaram    1.1500
parameter  5  4.229482 ->  0.500000 qaram    1.1500
parameter  6  2.752355 ->  0.500000 qaram    1.1500
parameters
   -2.5775   -2.3674   19.7566   -4.3067   -4.7714   -4.7135
   -5.5140    0.9328    1.7260    7.5185   -6.8133  -12.6097
eta,q 0.94547 12.92698
  0.0747  0.0743  0.0752  0.0639  0.0570  0.0521  0.0571  0.0562  0.0557  0.0556  0.0549  0.0549
  0.0740  0.0738  0.0743  0.0668  0.0599  0.0547  0.0561  0.0556  0.0552  0.0550  0.0547  0.0546
  0.0735  0.0734  0.0737  0.0698  0.0635  0.0576  0.0556  0.0554  0.0551  0.0548  0.0547  0.0545
  0.0733  0.0733  0.0733  0.0732  0.0676  0.0608  0.0555  0.0555  0.0554  0.0551  0.0548  0.0546
  0.0735  0.0735  0.0732  0.0772  0.0719  0.0644  0.0558  0.0560  0.0559  0.0559  0.0550  0.0550
  0.0741  0.0739  0.0733  0.0809  0.0764  0.0683  0.0566  0.0569  0.0567  0.0571  0.0554  0.0556
  0.0752  0.0747  0.0735  0.0848  0.0810  0.0733  0.0577  0.0581  0.0578  0.0586  0.0559  0.0563
niter,ni,del,rscale     7    3    5.0000    1.2000
parameter  4  2.026373 ->  0.500000 qaram    1.3225
parameter  5  1.801640 ->  0.500000 qaram    1.3225
parameter  6  1.121604 ->  0.500000 qaram    1.3225
parameters
   -2.3724   -1.8860   20.2187   -9.0677   -9.5324   -9.4745
   -3.7749    2.5674    2.7951    7.9811   -4.1896  -15.8111
eta,q 0.96162 12.44564
  0.0562  0.0569  0.0558  0.0465  0.0405  0.0386  0.0421  0.0447  0.0403  0.0411  0.0408  0.0387
  0.0552  0.0558  0.0552  0.0477  0.0425  0.0392  0.0409  0.0426  0.0395  0.0399  0.0400  0.0384
  0.0547  0.0550  0.0548  0.0506  0.0449  0.0404  0.0399  0.0407  0.0391  0.0391  0.0393  0.0384
  0.0545  0.0545  0.0545  0.0544  0.0483  0.0431  0.0394  0.0393  0.0388  0.0388  0.0388  0.0386
  0.0546  0.0545  0.0544  0.0579  0.0525  0.0467  0.0393  0.0388  0.0388  0.0389  0.0386  0.0389
  0.0549  0.0549  0.0546  0.0624  0.0572  0.0510  0.0397  0.0397  0.0391  0.0395  0.0387  0.0394
  0.0556  0.0555  0.0551  0.0670  0.0623  0.0553  0.0404  0.0417  0.0396  0.0406  0.0392  0.0400
niter,ni,del,rscale     7    3    5.0000    1.2000
parameter  2 -0.694114 -> -0.500000 qaram    1.1500
parameter  4  0.660433 ->  0.500000 qaram    1.5209
parameter  5  1.311170 ->  0.500000 qaram    1.5209
parameter 10 -0.903510 -> -0.500000 qaram    1.1500
parameters
   -2.5150   -0.5060   19.6172  -14.5429  -15.0075  -13.4299
   -4.8326    2.6167    3.2886   12.1211   -2.1795  -16.0797
eta,q 0.96947 11.83035
  0.0410  0.0419  0.0386  0.0362  0.0302  0.0327  0.0330  0.0350  0.0331  0.0367  0.0316  0.0315
  0.0396  0.0404  0.0379  0.0356  0.0314  0.0321  0.0323  0.0331  0.0324  0.0348  0.0311  0.0309
  0.0387  0.0393  0.0375  0.0357  0.0332  0.0319  0.0319  0.0321  0.0320  0.0332  0.0308  0.0306
  0.0384  0.0384  0.0376  0.0375  0.0356  0.0319  0.0319  0.0319  0.0319  0.0319  0.0306  0.0305
  0.0388  0.0378  0.0382  0.0412  0.0388  0.0339  0.0323  0.0321  0.0320  0.0310  0.0305  0.0307
  0.0400  0.0376  0.0391  0.0454  0.0428  0.0375  0.0330  0.0331  0.0323  0.0305  0.0306  0.0311
  0.0418  0.0378  0.0404  0.0502  0.0477  0.0422  0.0338  0.0349  0.0328  0.0305  0.0309  0.0316
niter,ni,del,rscale     7    3    5.0000    1.2000
parameter  2 -0.595572 -> -0.500000 qaram    1.3225
parameter  5  0.863421 ->  0.500000 qaram    1.7490
parameter 10 -0.774480 -> -0.500000 qaram    1.3225
parameter 12  0.627129 ->  0.500000 qaram    1.1500
parameters
   -2.6616    1.0810   18.5539  -16.7886  -21.3040  -16.0506
   -4.6428    1.8718    2.2318   16.8821   -1.2206  -20.2197
eta,q 0.97546 11.26815
  0.0326  0.0345  0.0300  0.0320  0.0268  0.0277  0.0289  0.0290  0.0277  0.0333  0.0255  0.0248
  0.0314  0.0328  0.0297  0.0308  0.0266  0.0270  0.0278  0.0276  0.0270  0.0307  0.0253  0.0245
  0.0307  0.0315  0.0296  0.0300  0.0276  0.0267  0.0270  0.0269  0.0267  0.0284  0.0251  0.0246
  0.0305  0.0305  0.0298  0.0296  0.0298  0.0268  0.0267  0.0267  0.0267  0.0267  0.0250  0.0250
  0.0309  0.0300  0.0303  0.0301  0.0327  0.0270  0.0270  0.0272  0.0270  0.0254  0.0250  0.0255
  0.0318  0.0299  0.0310  0.0327  0.0364  0.0287  0.0277  0.0284  0.0276  0.0249  0.0251  0.0263
  0.0332  0.0302  0.0320  0.0370  0.0411  0.0327  0.0287  0.0302  0.0284  0.0253  0.0253  0.0272
niter,ni,del,rscale     7    3    5.0000    1.2000
parameter 12  0.508228 ->  0.500000 qaram    1.3225
parameters
   -2.8822    2.4790   17.6347  -17.6101  -24.7144  -15.5726
   -3.8850    1.2442    2.5671   20.0528   -0.7293  -24.9807
eta,q 0.97805 11.16252
  0.0266  0.0310  0.0240  0.0266  0.0270  0.0263  0.0258  0.0257  0.0249  0.0307  0.0228  0.0224
  0.0253  0.0283  0.0237  0.0250  0.0245  0.0246  0.0244  0.0242  0.0239  0.0275  0.0226  0.0220
  0.0247  0.0261  0.0236  0.0240  0.0232  0.0235  0.0235  0.0233  0.0233  0.0249  0.0224  0.0220
  0.0245  0.0245  0.0237  0.0236  0.0236  0.0231  0.0231  0.0231  0.0231  0.0231  0.0224  0.0224
  0.0250  0.0238  0.0242  0.0237  0.0260  0.0230  0.0232  0.0235  0.0232  0.0224  0.0224  0.0231
  0.0260  0.0239  0.0248  0.0251  0.0297  0.0234  0.0238  0.0248  0.0237  0.0230  0.0225  0.0240
  0.0274  0.0250  0.0258  0.0285  0.0344  0.0262  0.0249  0.0270  0.0246  0.0248  0.0227  0.0251
niter,ni,del,rscale     7    3    5.0000    1.2000
parameters
   -3.1252    2.8872   17.4214  -17.5509  -25.4744  -14.9135
   -3.6903    0.8777    2.8680   21.3347   -1.2035  -25.7892
eta,q 0.97839 11.20255
  0.0242  0.0271  0.0228  0.0255  0.0283  0.0258  0.0243  0.0251  0.0237  0.0283  0.0220  0.0232
  0.0228  0.0245  0.0222  0.0236  0.0250  0.0239  0.0229  0.0232  0.0226  0.0253  0.0218  0.0223
  0.0220  0.0228  0.0219  0.0224  0.0227  0.0226  0.0220  0.0221  0.0220  0.0230  0.0216  0.0218
  0.0220  0.0219  0.0218  0.0218  0.0218  0.0218  0.0217  0.0217  0.0218  0.0218  0.0216  0.0216
  0.0225  0.0220  0.0220  0.0217  0.0229  0.0214  0.0220  0.0221  0.0219  0.0218  0.0216  0.0219
  0.0236  0.0231  0.0225  0.0229  0.0260  0.0222  0.0228  0.0236  0.0225  0.0232  0.0218  0.0227
  0.0252  0.0250  0.0233  0.0261  0.0303  0.0256  0.0240  0.0261  0.0234  0.0257  0.0222  0.0238
niter,ni,del,rscale     6    3    5.0000    1.2000
parameters
   -3.1731    2.9970   17.4615  -17.4342  -25.7126  -14.7102
   -3.7591    0.8089    2.9180   21.6327   -1.3716  -26.1084
eta,q 0.97845 11.21820
  0.0243  0.0260  0.0228  0.0255  0.0286  0.0256  0.0240  0.0253  0.0234  0.0272  0.0220  0.0232
  0.0228  0.0237  0.0221  0.0236  0.0252  0.0237  0.0226  0.0233  0.0224  0.0244  0.0217  0.0223
  0.0219  0.0222  0.0217  0.0223  0.0227  0.0224  0.0218  0.0220  0.0218  0.0224  0.0216  0.0218
  0.0216  0.0216  0.0216  0.0216  0.0216  0.0216  0.0216  0.0216  0.0216  0.0216  0.0215  0.0215
  0.0220  0.0220  0.0217  0.0214  0.0224  0.0210  0.0219  0.0218  0.0218  0.0221  0.0216  0.0218
  0.0230  0.0233  0.0221  0.0227  0.0253  0.0224  0.0227  0.0232  0.0224  0.0239  0.0217  0.0225
  0.0245  0.0255  0.0227  0.0261  0.0295  0.0263  0.0240  0.0257  0.0233  0.0267  0.0221  0.0235
niter,ni,del,rscale     5    3    5.0000    1.2000
parameters
   -3.1806    3.0340   17.4599  -17.4262  -25.7773  -14.6692
   -3.7713    0.8050    2.9254   21.7280   -1.4315  -26.2021
eta,q 0.97846 11.22114
  0.0244  0.0258  0.0227  0.0254  0.0287  0.0255  0.0240  0.0254  0.0234  0.0270  0.0220  0.0233
  0.0228  0.0235  0.0221  0.0235  0.0253  0.0237  0.0227  0.0233  0.0223  0.0242  0.0217  0.0224
  0.0218  0.0221  0.0217  0.0223  0.0227  0.0224  0.0218  0.0220  0.0217  0.0223  0.0216  0.0218
  0.0215  0.0215  0.0215  0.0215  0.0215  0.0216  0.0215  0.0215  0.0215  0.0215  0.0215  0.0215
  0.0219  0.0220  0.0217  0.0214  0.0223  0.0210  0.0219  0.0218  0.0218  0.0222  0.0216  0.0217
  0.0229  0.0234  0.0221  0.0227  0.0251  0.0226  0.0227  0.0232  0.0224  0.0240  0.0217  0.0224
  0.0244  0.0256  0.0227  0.0262  0.0292  0.0265  0.0240  0.0256  0.0233  0.0269  0.0221  0.0234
niter,ni,del,rscale     4    3    5.0000    1.2000
parameters
   -3.1821    3.0461   17.4552  -17.4212  -25.7975  -14.6614
   -3.7744    0.8065    2.9334   21.7567   -1.4479  -26.2446
eta,q 0.97846 11.22211
  0.0244  0.0257  0.0227  0.0254  0.0287  0.0255  0.0240  0.0254  0.0234  0.0270  0.0220  0.0233
  0.0228  0.0235  0.0221  0.0235  0.0253  0.0237  0.0227  0.0233  0.0223  0.0242  0.0217  0.0224
  0.0218  0.0220  0.0217  0.0223  0.0228  0.0224  0.0218  0.0220  0.0217  0.0223  0.0216  0.0218
  0.0215  0.0215  0.0215  0.0215  0.0215  0.0215  0.0215  0.0215  0.0215  0.0215  0.0215  0.0215
  0.0219  0.0220  0.0217  0.0214  0.0223  0.0210  0.0219  0.0218  0.0218  0.0222  0.0216  0.0217
  0.0229  0.0234  0.0221  0.0227  0.0251  0.0227  0.0227  0.0232  0.0224  0.0241  0.0217  0.0224
  0.0244  0.0256  0.0227  0.0263  0.0292  0.0266  0.0240  0.0256  0.0233  0.0270  0.0221  0.0234
registration optimization eta report
parameter search radius
    2.4000    3.1740    2.4000   10.9503   12.5928    9.5220
    7.2000    7.2000    7.2000    9.5220    7.2000    9.5220
100000*second partial in parameter space
       49.       41.       20.        4.        5.        5.
        5.        8.        3.        6.        1.        2.
  0.0244  0.0257  0.0227  0.0254  0.0287  0.0255  0.0240  0.0254  0.0234  0.0270  0.0220  0.0233
  0.0228  0.0235  0.0221  0.0235  0.0253  0.0237  0.0227  0.0233  0.0223  0.0242  0.0217  0.0224
  0.0218  0.0220  0.0217  0.0223  0.0228  0.0224  0.0218  0.0220  0.0217  0.0223  0.0216  0.0218
  0.0215  0.0215  0.0215  0.0215  0.0215  0.0215  0.0215  0.0215  0.0215  0.0215  0.0215  0.0215
  0.0219  0.0220  0.0217  0.0214  0.0223  0.0210  0.0219  0.0218  0.0218  0.0222  0.0216  0.0217
  0.0229  0.0234  0.0221  0.0227  0.0251  0.0227  0.0227  0.0232  0.0224  0.0241  0.0217  0.0224
  0.0244  0.0256  0.0227  0.0263  0.0292  0.0266  0.0240  0.0256  0.0233  0.0270  0.0221  0.0234
   -3.1821    3.0461   17.4552  -17.4212  -25.7975  -14.6614
   -3.7744    0.8065    2.9334   21.7567   -1.4479  -26.2446
eta,q 0.97846 11.22211

---------------------------------------------------------------------
imgreg_4dfp /opt/freesurfer/average/711-2C_as_mni_average_305 /opt/freesurfer/average/711-2B_as_mni_average_305_mask talsrcimg_g11 none talsrcimg_to_711-2C_as_mni_average_305_t4 2311
---------------------------------------------------------------------

freesurfer imgreg_4dfp.c
/opt/freesurfer/average/711-2C_as_mni_average_305.4dfp.img
       256       256       256         1
  1.000000  1.000000  1.000000
orientation T byte_order littleendian
Reading image: /opt/freesurfer/average/711-2C_as_mni_average_305.4dfp.img
dimensions:      256       256       256
mmppix:       1.0000   -1.0000   -1.0000
center:     128.0000 -129.0000 -129.0000
/opt/freesurfer/average/711-2B_as_mni_average_305_mask.4dfp.img
       256       256       256         1
  1.000000  1.000000  1.000000
orientation T byte_order littleendian
Reading mask: /opt/freesurfer/average/711-2B_as_mni_average_305_mask.4dfp.img (2306576 pixels)
talsrcimg_g11.4dfp.img
       256       256       256         1
  1.000000  1.000000  1.000000
orientation T byte_order littleendian
Reading image: talsrcimg_g11.4dfp.img
dimensions:      256       256       256
mmppix:       1.0000   -1.0000   -1.0000
center:     128.0000 -129.0000 -129.0000
fimgreg.f
image alignment mode   2311 decimal      907 hex
parameters
   -3.1821    3.0461   17.4552  -17.4212  -25.7975  -14.6614
   -3.7744    0.8065    2.9334   21.7567   -1.4479  -26.2446
eta,q 0.97846 11.22211
niter,ni,del,rscale     5    3    5.0000    0.8000
parameters
   -3.1996    3.0451   17.4528  -15.0492  -25.3137  -12.7341
   -3.6877    0.6858    2.8558   22.3675   -2.1118  -25.9326
eta,q 0.97913 11.47904
  0.0228  0.0226  0.0220  0.0226  0.0228  0.0230  0.0221  0.0234  0.0218  0.0229  0.0213  0.0215
  0.0221  0.0220  0.0218  0.0222  0.0221  0.0223  0.0215  0.0221  0.0213  0.0219  0.0210  0.0212
  0.0217  0.0217  0.0216  0.0218  0.0216  0.0218  0.0211  0.0212  0.0210  0.0212  0.0209  0.0209
  0.0215  0.0215  0.0215  0.0215  0.0213  0.0213  0.0209  0.0209  0.0209  0.0209  0.0209  0.0209
  0.0217  0.0217  0.0216  0.0214  0.0213  0.0210  0.0210  0.0213  0.0210  0.0209  0.0210  0.0209
  0.0221  0.0220  0.0218  0.0213  0.0217  0.0209  0.0214  0.0222  0.0213  0.0213  0.0213  0.0211
  0.0229  0.0226  0.0221  0.0216  0.0224  0.0216  0.0220  0.0237  0.0218  0.0221  0.0217  0.0213
niter,ni,del,rscale     4    3    5.0000    0.7000
parameters
   -3.2015    3.0029   17.6351  -15.7145  -25.3171  -12.7260
   -3.8034    0.8162    2.9073   22.2946   -2.1826  -25.8646
eta,q 0.97915 11.44228
  0.0221  0.0217  0.0217  0.0215  0.0219  0.0221  0.0217  0.0229  0.0215  0.0221  0.0213  0.0213
  0.0214  0.0212  0.0213  0.0211  0.0213  0.0216  0.0212  0.0219  0.0212  0.0214  0.0210  0.0211
  0.0210  0.0209  0.0210  0.0209  0.0210  0.0212  0.0209  0.0212  0.0209  0.0210  0.0209  0.0209
  0.0209  0.0209  0.0209  0.0209  0.0209  0.0209  0.0209  0.0209  0.0209  0.0209  0.0209  0.0209
  0.0210  0.0210  0.0209  0.0210  0.0210  0.0208  0.0210  0.0210  0.0209  0.0210  0.0209  0.0209
  0.0214  0.0213  0.0210  0.0214  0.0213  0.0213  0.0213  0.0217  0.0211  0.0214  0.0211  0.0210
  0.0221  0.0218  0.0213  0.0222  0.0219  0.0225  0.0218  0.0227  0.0215  0.0222  0.0213  0.0213
niter,ni,del,rscale     3    3    5.0000    0.6000
parameters
   -3.2072    3.0180   17.6223  -15.6516  -25.2646  -12.5330
   -3.7899    0.8444    2.8782   22.3449   -2.2622  -25.8508
eta,q 0.97918 11.45736
  0.0217  0.0215  0.0213  0.0215  0.0216  0.0219  0.0215  0.0223  0.0213  0.0218  0.0211  0.0211
  0.0212  0.0212  0.0210  0.0212  0.0212  0.0215  0.0211  0.0215  0.0210  0.0213  0.0210  0.0210
  0.0209  0.0209  0.0209  0.0210  0.0210  0.0211  0.0209  0.0210  0.0209  0.0209  0.0209  0.0208
  0.0209  0.0209  0.0209  0.0209  0.0209  0.0208  0.0208  0.0208  0.0208  0.0208  0.0208  0.0208
  0.0210  0.0209  0.0209  0.0209  0.0209  0.0208  0.0209  0.0210  0.0209  0.0209  0.0209  0.0209
  0.0213  0.0211  0.0211  0.0211  0.0212  0.0211  0.0211  0.0215  0.0210  0.0212  0.0210  0.0210
  0.0217  0.0215  0.0213  0.0215  0.0216  0.0219  0.0215  0.0223  0.0213  0.0217  0.0212  0.0211
niter,ni,del,rscale     2    3    5.0000    0.5000
parameters
   -3.2075    3.0167   17.6388  -15.6223  -25.2468  -12.3206
   -3.7983    0.8633    2.8699   22.3887   -2.3216  -25.7918
eta,q 0.97921 11.46763
  0.0214  0.0213  0.0212  0.0213  0.0213  0.0216  0.0213  0.0219  0.0211  0.0215  0.0210  0.0210
  0.0211  0.0210  0.0210  0.0210  0.0211  0.0213  0.0210  0.0213  0.0209  0.0211  0.0209  0.0209
  0.0209  0.0209  0.0208  0.0209  0.0209  0.0210  0.0208  0.0209  0.0208  0.0209  0.0208  0.0208
  0.0208  0.0208  0.0208  0.0208  0.0208  0.0208  0.0208  0.0208  0.0208  0.0208  0.0208  0.0208
  0.0209  0.0209  0.0209  0.0208  0.0209  0.0208  0.0208  0.0209  0.0208  0.0209  0.0208  0.0208
  0.0211  0.0210  0.0210  0.0210  0.0210  0.0210  0.0210  0.0213  0.0210  0.0211  0.0209  0.0209
  0.0214  0.0213  0.0211  0.0213  0.0213  0.0216  0.0213  0.0219  0.0211  0.0214  0.0210  0.0210
niter,ni,del,rscale     1    3    5.0000    0.4000
parameters
   -3.2041    3.0112   17.6651  -15.6305  -25.2294  -12.1125
   -3.8081    0.8814    2.8650   22.4159   -2.3522  -25.7330
eta,q 0.97923 11.47489
  0.0212  0.0211  0.0210  0.0211  0.0211  0.0214  0.0211  0.0215  0.0210  0.0212  0.0209  0.0209
  0.0210  0.0209  0.0209  0.0209  0.0209  0.0211  0.0209  0.0211  0.0209  0.0210  0.0208  0.0208
  0.0208  0.0208  0.0208  0.0208  0.0208  0.0209  0.0208  0.0209  0.0208  0.0208  0.0208  0.0208
  0.0208  0.0208  0.0208  0.0208  0.0208  0.0208  0.0208  0.0208  0.0208  0.0208  0.0208  0.0208
  0.0208  0.0208  0.0208  0.0208  0.0208  0.0208  0.0208  0.0208  0.0208  0.0208  0.0208  0.0208
  0.0210  0.0209  0.0209  0.0209  0.0209  0.0209  0.0209  0.0211  0.0209  0.0209  0.0208  0.0208
  0.0212  0.0211  0.0210  0.0211  0.0211  0.0213  0.0211  0.0215  0.0210  0.0212  0.0209  0.0209
registration optimization eta report
parameter search radius
    0.8000    0.8000    0.8000    2.4000    2.4000    2.4000
    2.4000    2.4000    2.4000    2.4000    2.4000    2.4000
100000*second partial in parameter space
       62.       45.       33.        5.        6.        9.
        5.       13.        4.        7.        3.        3.
  0.0212  0.0211  0.0210  0.0211  0.0211  0.0214  0.0211  0.0215  0.0210  0.0212  0.0209  0.0209
  0.0210  0.0209  0.0209  0.0209  0.0209  0.0211  0.0209  0.0211  0.0209  0.0210  0.0208  0.0208
  0.0208  0.0208  0.0208  0.0208  0.0208  0.0209  0.0208  0.0209  0.0208  0.0208  0.0208  0.0208
  0.0208  0.0208  0.0208  0.0208  0.0208  0.0208  0.0208  0.0208  0.0208  0.0208  0.0208  0.0208
  0.0208  0.0208  0.0208  0.0208  0.0208  0.0208  0.0208  0.0208  0.0208  0.0208  0.0208  0.0208
  0.0210  0.0209  0.0209  0.0209  0.0209  0.0209  0.0209  0.0211  0.0209  0.0209  0.0208  0.0208
  0.0212  0.0211  0.0210  0.0211  0.0211  0.0213  0.0211  0.0215  0.0210  0.0212  0.0209  0.0209
   -3.2041    3.0112   17.6651  -15.6305  -25.2294  -12.1125
   -3.8081    0.8814    2.8650   22.4159   -2.3522  -25.7330
eta,q 0.97923 11.47489

---------------------------------------------------------------------
imgreg_4dfp /opt/freesurfer/average/711-2C_as_mni_average_305 /opt/freesurfer/average/711-2B_as_mni_average_305_mask talsrcimg_g11 none talsrcimg_to_711-2C_as_mni_average_305_t4 2311
---------------------------------------------------------------------

freesurfer imgreg_4dfp.c
/opt/freesurfer/average/711-2C_as_mni_average_305.4dfp.img
       256       256       256         1
  1.000000  1.000000  1.000000
orientation T byte_order littleendian
Reading image: /opt/freesurfer/average/711-2C_as_mni_average_305.4dfp.img
dimensions:      256       256       256
mmppix:       1.0000   -1.0000   -1.0000
center:     128.0000 -129.0000 -129.0000
/opt/freesurfer/average/711-2B_as_mni_average_305_mask.4dfp.img
       256       256       256         1
  1.000000  1.000000  1.000000
orientation T byte_order littleendian
Reading mask: /opt/freesurfer/average/711-2B_as_mni_average_305_mask.4dfp.img (2306576 pixels)
talsrcimg_g11.4dfp.img
       256       256       256         1
  1.000000  1.000000  1.000000
orientation T byte_order littleendian
Reading image: talsrcimg_g11.4dfp.img
dimensions:      256       256       256
mmppix:       1.0000   -1.0000   -1.0000
center:     128.0000 -129.0000 -129.0000
fimgreg.f
image alignment mode   2311 decimal      907 hex
parameters
   -3.2041    3.0112   17.6651  -15.6305  -25.2294  -12.1125
   -3.8081    0.8814    2.8650   22.4159   -2.3522  -25.7330
eta,q 0.97923 11.47489
niter,ni,del,rscale     5    3    5.0000    0.8000
parameters
   -3.1945    3.0049   17.7298  -16.0866  -25.3535  -12.7378
   -3.7726    0.8554    2.9052   22.2286   -2.1523  -25.8044
eta,q 0.97912 11.41694
  0.0224  0.0219  0.0217  0.0217  0.0220  0.0222  0.0221  0.0233  0.0218  0.0224  0.0214  0.0214
  0.0215  0.0213  0.0212  0.0212  0.0214  0.0216  0.0214  0.0220  0.0213  0.0215  0.0211  0.0211
  0.0209  0.0209  0.0209  0.0209  0.0209  0.0211  0.0210  0.0212  0.0210  0.0210  0.0209  0.0209
  0.0208  0.0208  0.0208  0.0208  0.0208  0.0208  0.0209  0.0209  0.0209  0.0209  0.0209  0.0209
  0.0209  0.0209  0.0209  0.0209  0.0209  0.0209  0.0210  0.0211  0.0210  0.0211  0.0209  0.0210
  0.0215  0.0213  0.0211  0.0214  0.0214  0.0220  0.0214  0.0220  0.0213  0.0217  0.0211  0.0211
  0.0223  0.0219  0.0216  0.0223  0.0222  0.0238  0.0220  0.0234  0.0217  0.0226  0.0214  0.0214
niter,ni,del,rscale     4    3    5.0000    0.7000
parameters
   -3.2087    3.0232   17.6269  -15.7430  -25.2857  -12.7477
   -3.7723    0.8413    2.8871   22.2821   -2.1716  -25.8745
eta,q 0.97914 11.44225
  0.0220  0.0218  0.0214  0.0217  0.0219  0.0221  0.0218  0.0228  0.0215  0.0221  0.0213  0.0213
  0.0214  0.0213  0.0211  0.0214  0.0214  0.0216  0.0213  0.0218  0.0212  0.0214  0.0210  0.0210
  0.0210  0.0210  0.0209  0.0211  0.0210  0.0212  0.0210  0.0211  0.0209  0.0210  0.0209  0.0209
  0.0209  0.0209  0.0209  0.0209  0.0209  0.0209  0.0209  0.0209  0.0209  0.0209  0.0209  0.0209
  0.0210  0.0210  0.0210  0.0209  0.0209  0.0208  0.0210  0.0211  0.0209  0.0210  0.0209  0.0209
  0.0214  0.0213  0.0212  0.0211  0.0213  0.0213  0.0213  0.0217  0.0212  0.0214  0.0211  0.0211
  0.0221  0.0217  0.0215  0.0216  0.0219  0.0225  0.0218  0.0229  0.0215  0.0221  0.0213  0.0213
niter,ni,del,rscale     3    3    5.0000    0.6000
parameters
   -3.2066    3.0156   17.6165  -15.6494  -25.2669  -12.5389
   -3.7823    0.8465    2.8705   22.3461   -2.2523  -25.8511
eta,q 0.97918 11.45698
  0.0217  0.0215  0.0213  0.0215  0.0216  0.0219  0.0215  0.0223  0.0213  0.0218  0.0211  0.0211
  0.0212  0.0211  0.0210  0.0212  0.0212  0.0215  0.0211  0.0215  0.0210  0.0213  0.0210  0.0210
  0.0210  0.0209  0.0209  0.0210  0.0210  0.0211  0.0209  0.0210  0.0209  0.0209  0.0209  0.0208
  0.0209  0.0209  0.0209  0.0209  0.0209  0.0209  0.0208  0.0208  0.0208  0.0208  0.0208  0.0208
  0.0210  0.0209  0.0209  0.0209  0.0209  0.0208  0.0209  0.0210  0.0209  0.0209  0.0209  0.0209
  0.0212  0.0211  0.0211  0.0211  0.0212  0.0211  0.0211  0.0215  0.0210  0.0212  0.0210  0.0210
  0.0217  0.0215  0.0213  0.0215  0.0216  0.0219  0.0215  0.0224  0.0213  0.0217  0.0212  0.0211
niter,ni,del,rscale     2    3    5.0000    0.5000
parameters
   -3.2078    3.0154   17.6373  -15.6233  -25.2418  -12.3224
   -3.7953    0.8650    2.8679   22.3840   -2.3199  -25.7879
eta,q 0.97921 11.46760
  0.0214  0.0213  0.0212  0.0213  0.0213  0.0216  0.0213  0.0219  0.0211  0.0215  0.0210  0.0210
  0.0211  0.0210  0.0210  0.0210  0.0211  0.0213  0.0210  0.0213  0.0209  0.0211  0.0209  0.0209
  0.0209  0.0209  0.0209  0.0209  0.0209  0.0210  0.0208  0.0209  0.0208  0.0209  0.0208  0.0208
  0.0208  0.0208  0.0208  0.0208  0.0208  0.0208  0.0208  0.0208  0.0208  0.0208  0.0208  0.0208
  0.0209  0.0209  0.0209  0.0208  0.0209  0.0208  0.0208  0.0209  0.0208  0.0208  0.0208  0.0208
  0.0211  0.0210  0.0210  0.0210  0.0210  0.0210  0.0210  0.0213  0.0210  0.0211  0.0209  0.0209
  0.0214  0.0213  0.0211  0.0213  0.0213  0.0216  0.0213  0.0219  0.0211  0.0214  0.0210  0.0210
niter,ni,del,rscale     1    3    5.0000    0.4000
parameters
   -3.2039    3.0135   17.6671  -15.6271  -25.2262  -12.1157
   -3.8057    0.8858    2.8684   22.4181   -2.3639  -25.7265
eta,q 0.97923 11.47528
  0.0212  0.0211  0.0210  0.0211  0.0211  0.0214  0.0211  0.0215  0.0210  0.0212  0.0209  0.0209
  0.0210  0.0209  0.0209  0.0209  0.0209  0.0211  0.0209  0.0211  0.0209  0.0210  0.0208  0.0208
  0.0208  0.0208  0.0208  0.0208  0.0208  0.0209  0.0208  0.0209  0.0208  0.0208  0.0208  0.0208
  0.0208  0.0208  0.0208  0.0208  0.0208  0.0208  0.0208  0.0208  0.0208  0.0208  0.0208  0.0208
  0.0208  0.0208  0.0208  0.0208  0.0208  0.0208  0.0208  0.0208  0.0208  0.0208  0.0208  0.0208
  0.0210  0.0209  0.0209  0.0209  0.0209  0.0209  0.0209  0.0211  0.0209  0.0209  0.0208  0.0208
  0.0212  0.0211  0.0210  0.0211  0.0211  0.0213  0.0211  0.0215  0.0210  0.0212  0.0209  0.0209
registration optimization eta report
parameter search radius
    0.8000    0.8000    0.8000    2.4000    2.4000    2.4000
    2.4000    2.4000    2.4000    2.4000    2.4000    2.4000
100000*second partial in parameter space
       62.       45.       33.        5.        6.        9.
        5.       13.        4.        7.        3.        3.
  0.0212  0.0211  0.0210  0.0211  0.0211  0.0214  0.0211  0.0215  0.0210  0.0212  0.0209  0.0209
  0.0210  0.0209  0.0209  0.0209  0.0209  0.0211  0.0209  0.0211  0.0209  0.0210  0.0208  0.0208
  0.0208  0.0208  0.0208  0.0208  0.0208  0.0209  0.0208  0.0209  0.0208  0.0208  0.0208  0.0208
  0.0208  0.0208  0.0208  0.0208  0.0208  0.0208  0.0208  0.0208  0.0208  0.0208  0.0208  0.0208
  0.0208  0.0208  0.0208  0.0208  0.0208  0.0208  0.0208  0.0208  0.0208  0.0208  0.0208  0.0208
  0.0210  0.0209  0.0209  0.0209  0.0209  0.0209  0.0209  0.0211  0.0209  0.0209  0.0208  0.0208
  0.0212  0.0211  0.0210  0.0211  0.0211  0.0213  0.0211  0.0215  0.0210  0.0212  0.0209  0.0209
   -3.2039    3.0135   17.6671  -15.6271  -25.2262  -12.1157
   -3.8057    0.8858    2.8684   22.4181   -2.3639  -25.7265
eta,q 0.97923 11.47528

---------------------------------------------------------------------
compute_vox2vox talsrcimg talsrcimg_to_711-2C_as_mni_average_305_t4 /opt/freesurfer/average/711-2C_as_mni_average_305
---------------------------------------------------------------------

freesurfer compute_vox2vox.c
Reading: talsrcimg.4dfp.ifh
Reading: talsrcimg_to_711-2C_as_mni_average_305_t4
Reading: /opt/freesurfer/average/711-2C_as_mni_average_305.4dfp.ifh
Writing: talsrcimg_to_711-2C_as_mni_average_305_t4_vox2vox.txt

start time Sun Mar 8 12:46:04 CET 2026
end		time Sun Mar 8 12:47:30 CET 2026

mpr2mni305 success

avi2talxfm orig_nu.mgz /opt/freesurfer/average/mni305.cor.mgz talsrcimg_to_711-2C_as_mni_average_305_t4_vox2vox.txt transforms/talairach.auto.xfm
avi2talxfm done
mv -f /out/sourcedata/freesurfer/sub-v1s12x0050129_ses-1/mri/talsrcimg_to_711-2C_as_mni_average_305_t4_vox2vox.txt /out/sourcedata/freesurfer/sub-v1s12x0050129_ses-1/mri/transforms/talsrcimg_to_711-2C_as_mni_average_305_t4_vox2vox.txt
lta_convert --src orig_nu.mgz --trg /opt/freesurfer/average/mni305.cor.mgz --inxfm transforms/talairach.auto.xfm --outlta transforms/talairach.auto.xfm.lta --subject fsaverage
7.3.2

--src: orig_nu.mgz src image (geometry).
--trg: /opt/freesurfer/average/mni305.cor.mgz trg image (geometry).
--inmni: transforms/talairach.auto.xfm input MNI/XFM transform.
--outlta: transforms/talairach.auto.xfm.lta output LTA.
--s: fsaverage subject name
 LTA read, type : 1
 1.18276  -0.02508   0.05157   2.49039;
 0.01704   1.04569   0.36065  -17.22796;
-0.05048  -0.31255   1.22726  -6.75700;
 0.00000   0.00000   0.00000   1.00000;
setting subject to fsaverage
Writing  LTA to file transforms/talairach.auto.xfm.lta...
lta_convert successful.
 
 
Started at Sun Mar 8 12:46:03 CET 2026
Ended   at Sun Mar  8 12:47:30 CET 2026
talairach_avi done
