status file for recon-all
Thu Mar 12 11:05:06 CET 2026
#@# MotionCor Thu Mar 12 11:05:07 CET 2026
#@# Talairach Thu Mar 12 11:05:14 CET 2026
#@# Talairach Failure Detection Thu Mar 12 11:09:42 CET 2026
#@# Nu Intensity Correction Thu Mar 12 11:09:42 CET 2026
#@# Intensity Normalization Thu Mar 12 11:12:58 CET 2026
recon-all -s sub-v1s12x0050102_ses-1 finished without error at Thu Mar 12 11:14:32 CET 2026



#New# invocation of recon-all 



status file for recon-all
Thu Mar 12 11:20:43 CET 2026
#@# EM Registration Thu Mar 12 11:20:43 CET 2026
recon-all -s sub-v1s12x0050102_ses-1 finished without error at Thu Mar 12 11:22:39 CET 2026



#New# invocation of recon-all 



status file for recon-all
Thu Mar 12 11:22:42 CET 2026
#@# CA Normalize Thu Mar 12 11:22:42 CET 2026
#@# CA Reg Thu Mar 12 11:24:06 CET 2026
#@# SubCort Seg Thu Mar 12 12:10:46 CET 2026
#@# CC Seg Thu Mar 12 12:43:25 CET 2026
#@# Merge ASeg Thu Mar 12 12:44:09 CET 2026
#@# Intensity Normalization2 Thu Mar 12 12:44:09 CET 2026
#@# Mask BFS Thu Mar 12 12:46:22 CET 2026
#@# WM Segmentation Thu Mar 12 12:46:23 CET 2026
#@# Fill Thu Mar 12 12:48:36 CET 2026
recon-all -s sub-v1s12x0050102_ses-1 finished without error at Thu Mar 12 12:49:39 CET 2026



#New# invocation of recon-all 



status file for recon-all
Thu Mar 12 13:56:27 CET 2026
#@# white curv lh Thu Mar 12 13:56:27 CET 2026
#@# white area lh Thu Mar 12 13:56:27 CET 2026
#@# pial curv lh Thu Mar 12 13:56:27 CET 2026
#@# pial area lh Thu Mar 12 13:56:27 CET 2026
#@# thickness lh Thu Mar 12 13:56:27 CET 2026
#@# area and vertex vol lh Thu Mar 12 13:56:27 CET 2026
#@# white curv rh Thu Mar 12 13:56:27 CET 2026
#@# white area rh Thu Mar 12 13:56:27 CET 2026
#@# pial curv rh Thu Mar 12 13:56:27 CET 2026
#@# pial area rh Thu Mar 12 13:56:27 CET 2026
#@# thickness rh Thu Mar 12 13:56:27 CET 2026
#@# area and vertex vol rh Thu Mar 12 13:56:27 CET 2026
#@# Cortical ribbon mask Thu Mar 12 13:56:27 CET 2026
recon-all -s sub-v1s12x0050102_ses-1 finished without error at Thu Mar 12 14:00:58 CET 2026



#New# invocation of recon-all 



status file for recon-all
Thu Mar 12 14:07:37 CET 2026
#@# white curv lh Thu Mar 12 14:07:37 CET 2026
#@# white area lh Thu Mar 12 14:07:37 CET 2026
#@# pial curv lh Thu Mar 12 14:07:37 CET 2026
#@# pial area lh Thu Mar 12 14:07:37 CET 2026
#@# thickness lh Thu Mar 12 14:07:37 CET 2026
#@# area and vertex vol lh Thu Mar 12 14:07:37 CET 2026
#@# white curv rh Thu Mar 12 14:07:37 CET 2026
#@# white area rh Thu Mar 12 14:07:37 CET 2026
#@# pial curv rh Thu Mar 12 14:07:37 CET 2026
#@# pial area rh Thu Mar 12 14:07:37 CET 2026
#@# thickness rh Thu Mar 12 14:07:37 CET 2026
#@# area and vertex vol rh Thu Mar 12 14:07:37 CET 2026
#@# Curvature Stats lh Thu Mar 12 14:07:37 CET 2026
#@# Curvature Stats rh Thu Mar 12 14:07:40 CET 2026
#@# Relabel Hypointensities Thu Mar 12 14:07:42 CET 2026
#@# APas-to-ASeg Thu Mar 12 14:07:57 CET 2026
#@# AParc-to-ASeg aparc Thu Mar 12 14:08:05 CET 2026
#@# AParc-to-ASeg aparc.a2009s Thu Mar 12 14:08:51 CET 2026
#@# AParc-to-ASeg aparc.DKTatlas Thu Mar 12 14:09:35 CET 2026
#@# WMParc Thu Mar 12 14:10:21 CET 2026
#@# ASeg Stats Thu Mar 12 14:14:16 CET 2026
recon-all -s sub-v1s12x0050102_ses-1 finished without error at Thu Mar 12 14:14:55 CET 2026
