status file for recon-all
Thu Mar 12 12:49:43 CET 2026
#@# Tessellate lh Thu Mar 12 12:49:43 CET 2026
#@# Smooth1 lh Thu Mar 12 12:49:47 CET 2026
#@# Inflation1 lh Thu Mar 12 12:49:50 CET 2026
#@# QSphere lh Thu Mar 12 12:50:03 CET 2026
#@# Fix Topology lh Thu Mar 12 12:51:13 CET 2026
#@# Smooth2 lh Thu Mar 12 13:01:47 CET 2026
#@# Inflation2 lh Thu Mar 12 13:01:50 CET 2026
#@# Curv .H and .K lh Thu Mar 12 13:02:03 CET 2026
#@# Sphere lh Thu Mar 12 13:02:51 CET 2026
#@# Surf Reg lh Thu Mar 12 13:09:33 CET 2026
#@# Jacobian white lh Thu Mar 12 13:15:47 CET 2026
#@# AvgCurv lh Thu Mar 12 13:15:47 CET 2026
#@# Cortical Parc lh Thu Mar 12 13:15:48 CET 2026
#@# white curv lh Thu Mar 12 13:25:13 CET 2026
#@# white area lh Thu Mar 12 13:25:15 CET 2026
#@# pial curv lh Thu Mar 12 13:25:16 CET 2026
#@# pial area lh Thu Mar 12 13:25:17 CET 2026
#@# thickness lh Thu Mar 12 13:25:18 CET 2026
#@# area and vertex vol lh Thu Mar 12 13:25:48 CET 2026
#@# Curvature Stats lh Thu Mar 12 13:25:49 CET 2026
#@# Cortical Parc 2 lh Thu Mar 12 13:25:52 CET 2026
#@# Cortical Parc 3 lh Thu Mar 12 13:26:06 CET 2026
#@# WM/GM Contrast lh Thu Mar 12 13:26:16 CET 2026
recon-all -s sub-v1s12x0050102_ses-1 finished without error at Thu Mar 12 13:26:19 CET 2026



#New# invocation of recon-all 



status file for recon-all
Thu Mar 12 14:01:01 CET 2026
#@# white curv lh Thu Mar 12 14:01:01 CET 2026
#@# white area lh Thu Mar 12 14:01:01 CET 2026
#@# pial curv lh Thu Mar 12 14:01:01 CET 2026
#@# pial area lh Thu Mar 12 14:01:01 CET 2026
#@# thickness lh Thu Mar 12 14:01:01 CET 2026
#@# area and vertex vol lh Thu Mar 12 14:01:01 CET 2026
#@# Parcellation Stats lh Thu Mar 12 14:01:01 CET 2026
#@# Parcellation Stats 2 lh Thu Mar 12 14:01:20 CET 2026
#@# Parcellation Stats 3 lh Thu Mar 12 14:01:29 CET 2026
#@# BA_exvivo Labels lh Thu Mar 12 14:01:39 CET 2026
recon-all -s sub-v1s12x0050102_ses-1 finished without error at Thu Mar 12 14:04:17 CET 2026
