/out/sourcedata/freesurfer/sub-v1s12x0050132_ses-1/mri
/opt/freesurfer/bin/talairach_avi
--i orig_nu.mgz --xfm transforms/talairach.auto.xfm
talairach_avi 7.3.2
Linux dna012 5.14.0-427.37.1.el9_4.x86_64 #1 SMP PREEMPT_DYNAMIC Fri Sep 13 12:41:50 EDT 2024 x86_64 x86_64 x86_64 GNU/Linux
Sun Mar  8 12:45:51 CET 2026
mri_convert orig_nu.mgz talsrcimg.img 
reading from orig_nu.mgz...
TR=0.00, TE=0.00, TI=0.00, flip angle=0.00
i_ras = (-1, 0, 0)
j_ras = (0, 0, -1)
k_ras = (0, 1, 0)
writing to talsrcimg.img...
Analyze Output Matrix
-1.00000   0.00000   0.00000   138.70511;
 0.00000   0.00000   1.00000  -131.63194;
 0.00000  -1.00000   0.00000   146.95596;
 0.00000   0.00000   0.00000   1.00000;
--------------------
INFO: set hdr.hist.orient to -1
mpr2mni305 talsrcimg
Sun Mar  8 12:45:52 CET 2026
/opt/freesurfer/bin/mpr2mni305 talsrcimg
mpr2mni305 7.3.2
target=711-2C_as_mni_average_305

---------------------------------------------------------------------
analyzeto4dfp talsrcimg -O0 -y
---------------------------------------------------------------------

freesurfer ifh2hdr.c
Sun Mar  8 12:45:52 2026
Writing: talsrcimg.4dfp.hdr
freesurfer analyzeto4dfp.c
Reading: talsrcimg.hdr
header size 348 bytes
hdr.dime.datatype	offset=70	value=2
hdr.dime.bitpix		offset=72	value=8
hdr.hist.orient		offset=252	value=-1
dimensionality     4
dimensions       256       256       256         1
Reading: talsrcimg.img
Writing: talsrcimg.4dfp.img
Writing: talsrcimg.4dfp.ifh
ifh2hdr talsrcimg -r0to223
ori=2

---------------------------------------------------------------------
gauss_4dfp talsrcimg 1.1
---------------------------------------------------------------------

freesurfer gauss_4dfp.c
Reading: talsrcimg.4dfp.img
Writing: talsrcimg_g11.4dfp.img
image dimensions 256 256 256 padded to 288 288 288
processing volume 1freesurfer ifh2hdr.c
Sun Mar  8 12:45:54 2026
Writing: talsrcimg_g11.4dfp.hdr

Writing: talsrcimg_g11.4dfp.ifh
including: talsrcimg.4dfp.img.rec in talsrcimg_g11.4dfp.img.rec

---------------------------------------------------------------------
imgreg_4dfp /opt/freesurfer/average/711-2C_as_mni_average_305 none talsrcimg_g11 none talsrcimg_to_711-2C_as_mni_average_305_t4 4355
---------------------------------------------------------------------

freesurfer imgreg_4dfp.c
/opt/freesurfer/average/711-2C_as_mni_average_305.4dfp.img
       256       256       256         1
  1.000000  1.000000  1.000000
orientation T byte_order littleendian
Reading image: /opt/freesurfer/average/711-2C_as_mni_average_305.4dfp.img
dimensions:      256       256       256
mmppix:       1.0000   -1.0000   -1.0000
center:     128.0000 -129.0000 -129.0000
talsrcimg_g11.4dfp.img
       256       256       256         1
  1.000000  1.000000  1.000000
orientation T byte_order littleendian
Reading image: talsrcimg_g11.4dfp.img
dimensions:      256       256       256
mmppix:       1.0000   -1.0000   -1.0000
center:     128.0000 -129.0000 -129.0000
t4_read: open error in t4_sub.f l:  41 t4_file(1:l)talsrcimg_to_711-2C_as_mni_average_305_t4 
t4_read: transform initialized to I4
rotation matrix determinant  1.000000
image alignment mode   4355 decimal     1103 hex
   -7.5000  -45.0000  -45.0000 8685.0527   14.8479
    0.0000  -45.0000  -45.0000 8998.2314   14.8571
    7.5000  -45.0000  -45.0000 8569.8516   14.8743
   -7.5000  -37.5000  -45.0000 9177.2012   14.8411
    0.0000  -37.5000  -45.0000 9504.8018   14.8534
    7.5000  -37.5000  -45.0000 9034.1055   14.8739
   -7.5000  -30.0000  -45.0000 9998.1104   14.8351
    0.0000  -30.0000  -45.000010360.6123   14.8504
    7.5000  -30.0000  -45.0000 9819.0527   14.8732
   -7.5000  -22.5000  -45.000010806.0742   14.8227
    0.0000  -22.5000  -45.000011181.8936   14.8376
    7.5000  -22.5000  -45.000010597.7822   14.8594
   -7.5000  -15.0000  -45.000011516.9336   14.8163
    0.0000  -15.0000  -45.000011930.7744   14.8283
    7.5000  -15.0000  -45.000011307.0791   14.8467
   -7.5000   -7.5000  -45.000012081.9199   14.8285
    0.0000   -7.5000  -45.000012495.5186   14.8379
    7.5000   -7.5000  -45.000011873.2109   14.8540
   -7.5000    0.0000  -45.000012589.7861   14.8408
    0.0000    0.0000  -45.000012986.8945   14.8502
    7.5000    0.0000  -45.000012331.4629   14.8675
   -7.5000    7.5000  -45.000012084.4512   14.8411
    0.0000    7.5000  -45.000012482.5322   14.8534
    7.5000    7.5000  -45.000011827.4111   14.8739
   -7.5000   15.0000  -45.000011455.9883   14.8351
    0.0000   15.0000  -45.000011834.1533   14.8504
    7.5000   15.0000  -45.000011197.4004   14.8732
   -7.5000   22.5000  -45.000010708.6943   14.8206
    0.0000   22.5000  -45.000011060.2129   14.8355
    7.5000   22.5000  -45.000010434.6475   14.8574
   -7.5000   30.0000  -45.0000 9840.2451   14.6189
    0.0000   30.0000  -45.000010158.4834   14.6307
    7.5000   30.0000  -45.0000 9592.9307   14.6489
   -7.5000   37.5000  -45.0000 9341.1230   14.6308
    0.0000   37.5000  -45.0000 9629.2764   14.6402
    7.5000   37.5000  -45.0000 9081.4238   14.6561
   -7.5000   45.0000  -45.0000 8515.1348   14.3170
    0.0000   45.0000  -45.0000 8773.7314   14.3260
    7.5000   45.0000  -45.0000 8263.1895   14.3426
   -7.5000  -45.0000  -37.5000 9141.4590   14.7753
    0.0000  -45.0000  -37.5000 9461.0742   14.7829
    7.5000  -45.0000  -37.5000 8981.3359   14.7919
   -7.5000  -37.5000  -37.5000 9641.4668   14.7724
    0.0000  -37.5000  -37.5000 9983.8008   14.7822
    7.5000  -37.5000  -37.5000 9456.3545   14.7931
   -7.5000  -30.0000  -37.500010503.9854   14.7707
    0.0000  -30.0000  -37.500010875.7539   14.7827
    7.5000  -30.0000  -37.500010295.6104   14.7971
   -7.5000  -22.5000  -37.500011342.7715   14.7595
    0.0000  -22.5000  -37.500011738.3682   14.7707
    7.5000  -22.5000  -37.500011142.6211   14.7870
   -7.5000  -15.0000  -37.500012091.6650   14.7489
    0.0000  -15.0000  -37.500012512.9980   14.7580
    7.5000  -15.0000  -37.500011883.0664   14.7725
   -7.5000   -7.5000  -37.500012675.1504   14.7561
    0.0000   -7.5000  -37.500013093.3223   14.7639
    7.5000   -7.5000  -37.500012441.3857   14.7747
   -7.5000    0.0000  -37.500013176.2627   14.7684
    0.0000    0.0000  -37.500013600.7529   14.7761
    7.5000    0.0000  -37.500012894.3887   14.7852
   -7.5000    7.5000  -37.500012647.4727   14.7724
    0.0000    7.5000  -37.500013072.1553   14.7822
    7.5000    7.5000  -37.500012398.0195   14.7931
   -7.5000   15.0000  -37.500011993.0225   14.7707
    0.0000   15.0000  -37.500012418.0811   14.7827
    7.5000   15.0000  -37.500011761.2324   14.7971
   -7.5000   22.5000  -37.500011216.2773   14.7575
    0.0000   22.5000  -37.500011604.9023   14.7686
    7.5000   22.5000  -37.500010981.8408   14.7849
   -7.5000   30.0000  -37.500010323.6045   14.5523
    0.0000   30.0000  -37.500010667.6084   14.5614
    7.5000   30.0000  -37.500010095.6660   14.5757
   -7.5000   37.5000  -37.5000 9800.3096   14.5595
    0.0000   37.5000  -37.500010113.9932   14.5672
    7.5000   37.5000  -37.5000 9566.8262   14.5778
   -7.5000   45.0000  -37.5000 8917.0293   14.2473
    0.0000   45.0000  -37.5000 9176.3359   14.2545
    7.5000   45.0000  -37.5000 8678.0986   14.2631
   -7.5000  -45.0000  -30.0000 9792.1768   15.3149
    0.0000  -45.0000  -30.000010138.1738   15.3163
    7.5000  -45.0000  -30.0000 9579.1523   15.3241
   -7.5000  -37.5000  -30.000010325.7139   15.3178
    0.0000  -37.5000  -30.000010691.7666   15.3192
    7.5000  -37.5000  -30.000010093.9619   15.3272
   -7.5000  -30.0000  -30.000011262.1553   15.3202
    0.0000  -30.0000  -30.000011644.8896   15.3217
    7.5000  -30.0000  -30.000011007.2783   15.3322
   -7.5000  -22.5000  -30.000012183.5176   15.3086
    0.0000  -22.5000  -30.000012600.7949   15.3101
    7.5000  -22.5000  -30.000011943.1133   15.3227
   -7.5000  -15.0000  -30.000012996.5225   15.2931
    0.0000  -15.0000  -30.000013424.8154   15.2949
    7.5000  -15.0000  -30.000012716.6543   15.3072
   -7.5000   -7.5000  -30.000013627.1055   15.2946
    0.0000   -7.5000  -30.000014048.9658   15.2967
    7.5000   -7.5000  -30.000013286.6689   15.3066
   -7.5000    0.0000  -30.000014100.5234   15.3078
    0.0000    0.0000  -30.000014546.6191   15.3093
    7.5000    0.0000  -30.000013740.2285   15.3173
   -7.5000    7.5000  -30.000013518.8291   15.3178
    0.0000    7.5000  -30.000013953.8662   15.3192
    7.5000    7.5000  -30.000013204.4941   15.3272
   -7.5000   15.0000  -30.000012819.8154   15.3202
    0.0000   15.0000  -30.000013268.4609   15.3217
    7.5000   15.0000  -30.000012564.4160   15.3322
   -7.5000   22.5000  -30.000011958.2568   15.3049
    0.0000   22.5000  -30.000012361.7832   15.3065
    7.5000   22.5000  -30.000011740.3770   15.3191
   -7.5000   30.0000  -30.000011001.2432   15.0908
    0.0000   30.0000  -30.000011368.8408   15.0925
    7.5000   30.0000  -30.000010817.7705   15.1047
   -7.5000   37.5000  -30.000010432.0264   15.0923
    0.0000   37.5000  -30.000010777.8516   15.0943
    7.5000   37.5000  -30.000010242.4932   15.1040
   -7.5000   45.0000  -30.0000 9483.2402   14.7784
    0.0000   45.0000  -30.0000 9774.4951   14.7794
    7.5000   45.0000  -30.0000 9266.8008   14.7868
   -7.5000  -45.0000  -22.500010456.1045   15.7898
    0.0000  -45.0000  -22.500010824.5625   15.7864
    7.5000  -45.0000  -22.500010234.2129   15.8025
   -7.5000  -37.5000  -22.500011040.7773   15.7956
    0.0000  -37.5000  -22.500011424.0557   15.7905
    7.5000  -37.5000  -22.500010799.6143   15.8062
   -7.5000  -30.0000  -22.500012067.3154   15.7977
    0.0000  -30.0000  -22.500012474.7148   15.7921
    7.5000  -30.0000  -22.500011804.3301   15.8068
   -7.5000  -22.5000  -22.500013093.4521   15.7843
    0.0000  -22.5000  -22.500013541.5908   15.7799
    7.5000  -22.5000  -22.500012812.2832   15.7943
   -7.5000  -15.0000  -22.500013967.1836   15.7679
    0.0000  -15.0000  -22.500014442.2490   15.7652
    7.5000  -15.0000  -22.500013642.0791   15.7797
   -7.5000   -7.5000  -22.500014639.0830   15.7681
    0.0000   -7.5000  -22.500015106.7861   15.7661
    7.5000   -7.5000  -22.500014240.0615   15.7815
   -7.5000    0.0000  -22.500015111.7520   15.7825
    0.0000    0.0000  -22.500015615.7197   15.7792
    7.5000    0.0000  -22.500014700.9980   15.7954
   -7.5000    7.5000  -22.500014416.8096   15.7956
    0.0000    7.5000  -22.500014904.1455   15.7905
    7.5000    7.5000  -22.500014088.5322   15.8062
   -7.5000   15.0000  -22.500013674.9072   15.7977
    0.0000   15.0000  -22.500014145.6982   15.7921
    7.5000   15.0000  -22.500013389.0889   15.8068
   -7.5000   22.5000  -22.500012771.3320   15.7795
    0.0000   22.5000  -22.500013195.4023   15.7751
    7.5000   22.5000  -22.500012529.3164   15.7894
   -7.5000   30.0000  -22.500011747.5947   15.5617
    0.0000   30.0000  -22.500012130.7295   15.5589
    7.5000   30.0000  -22.500011543.3994   15.5733
   -7.5000   37.5000  -22.500011123.1982   15.5619
    0.0000   37.5000  -22.500011479.8672   15.5599
    7.5000   37.5000  -22.500010938.4033   15.5751
   -7.5000   45.0000  -22.500010095.7490   15.2476
    0.0000   45.0000  -22.500010395.3076   15.2440
    7.5000   45.0000  -22.5000 9886.8926   15.2595
   -7.5000  -45.0000  -15.000011077.9482   16.1606
    0.0000  -45.0000  -15.000011457.1523   16.1585
    7.5000  -45.0000  -15.000010866.8877   16.1844
   -7.5000  -37.5000  -15.000011712.5410   16.1622
    0.0000  -37.5000  -15.000012102.9268   16.1594
    7.5000  -37.5000  -15.000011468.6680   16.1862
   -7.5000  -30.0000  -15.000012839.2939   16.1601
    0.0000  -30.0000  -15.000013268.5791   16.1579
    7.5000  -30.0000  -15.000012550.6475   16.1817
   -7.5000  -22.5000  -15.000013996.9629   16.1467
    0.0000  -22.5000  -15.000014478.8838   16.1456
    7.5000  -22.5000  -15.000013674.8232   16.1656
   -7.5000  -15.0000  -15.000015009.5791   16.1353
    0.0000  -15.0000  -15.000015521.4473   16.1345
    7.5000  -15.0000  -15.000014607.2520   16.1532
   -7.5000   -7.5000  -15.000015695.1904   16.1396
    0.0000   -7.5000  -15.000016231.7441   16.1385
    7.5000   -7.5000  -15.000015238.2354   16.1600
   -7.5000    0.0000  -15.000016152.0928   16.1531
    0.0000    0.0000  -15.000016713.8398   16.1511
    7.5000    0.0000  -15.000015740.0820   16.1770
   -7.5000    7.5000  -15.000015403.2314   16.1622
    0.0000    7.5000  -15.000015940.7568   16.1594
    7.5000    7.5000  -15.000015024.1670   16.1862
   -7.5000   15.0000  -15.000014580.9229   16.1601
    0.0000   15.0000  -15.000015085.8232   16.1579
    7.5000   15.0000  -15.000014256.3594   16.1817
   -7.5000   22.5000  -15.000013654.3633   16.1410
    0.0000   22.5000  -15.000014125.1416   16.1399
    7.5000   22.5000  -15.000013377.1260   16.1599
   -7.5000   30.0000  -15.000012583.2324   15.9265
    0.0000   30.0000  -15.000012995.3613   15.9257
    7.5000   30.0000  -15.000012328.9092   15.9441
   -7.5000   37.5000  -15.000011894.3594   15.9307
    0.0000   37.5000  -15.000012264.0645   15.9297
    7.5000   37.5000  -15.000011666.8984   15.9509
   -7.5000   45.0000  -15.000010789.3965   15.6146
    0.0000   45.0000  -15.000011105.6826   15.6125
    7.5000   45.0000  -15.000010540.0771   15.6376
   -7.5000  -45.0000   -7.500011766.0684   16.3680
    0.0000  -45.0000   -7.500012164.6758   16.3720
    7.5000  -45.0000   -7.500011510.4707   16.3986
   -7.5000  -37.5000   -7.500012423.0049   16.3620
    0.0000  -37.5000   -7.500012844.8945   16.3684
    7.5000  -37.5000   -7.500012124.1230   16.3988
   -7.5000  -30.0000   -7.500013650.7129   16.3564
    0.0000  -30.0000   -7.500014110.2588   16.3654
    7.5000  -30.0000   -7.500013261.1553   16.3949
   -7.5000  -22.5000   -7.500014936.3379   16.3448
    0.0000  -22.5000   -7.500015441.0312   16.3535
    7.5000  -22.5000   -7.500014476.8164   16.3784
   -7.5000  -15.0000   -7.500016106.1865   16.3391
    0.0000  -15.0000   -7.500016688.1211   16.3454
    7.5000  -15.0000   -7.500015547.0098   16.3661
   -7.5000   -7.5000   -7.500016810.0234   16.3491
    0.0000   -7.5000   -7.500017451.9043   16.3533
    7.5000   -7.5000   -7.500016261.0986   16.3748
   -7.5000    0.0000   -7.500017269.9121   16.3603
    0.0000    0.0000   -7.500017926.8086   16.3644
    7.5000    0.0000   -7.500016762.3691   16.3911
   -7.5000    7.5000   -7.500016510.3086   16.3620
    0.0000    7.5000   -7.500017103.6152   16.3684
    7.5000    7.5000   -7.500016002.3652   16.3988
   -7.5000   15.0000   -7.500015646.4375   16.3564
    0.0000   15.0000   -7.500016177.6797   16.3654
    7.5000   15.0000   -7.500015157.1611   16.3949
   -7.5000   22.5000   -7.500014713.3057   16.3372
    0.0000   22.5000   -7.500015206.7598   16.3460
    7.5000   22.5000   -7.500014237.3691   16.3708
   -7.5000   30.0000   -7.500013594.5830   16.1272
    0.0000   30.0000   -7.500014028.7324   16.1334
    7.5000   30.0000   -7.500013181.2764   16.1538
   -7.5000   37.5000   -7.500012824.9756   16.1370
    0.0000   37.5000   -7.500013223.2568   16.1412
    7.5000   37.5000   -7.500012491.5859   16.1625
   -7.5000   45.0000   -7.500011585.8877   15.8179
    0.0000   45.0000   -7.500011931.7822   15.8219
    7.5000   45.0000   -7.500011268.7959   15.8477
   -7.5000  -45.0000    0.000012355.1709   16.4212
    0.0000  -45.0000    0.000012819.6729   16.4308
    7.5000  -45.0000    0.000012103.8311   16.4490
   -7.5000  -37.5000    0.000013051.8916   16.4129
    0.0000  -37.5000    0.000013524.9502   16.4263
    7.5000  -37.5000    0.000012734.8252   16.4487
   -7.5000  -30.0000    0.000014302.0703   16.4075
    0.0000  -30.0000    0.000014795.0186   16.4242
    7.5000  -30.0000    0.000013907.1953   16.4494
   -7.5000  -22.5000    0.000015687.9434   16.3962
    0.0000  -22.5000    0.000016217.5459   16.4122
    7.5000  -22.5000    0.000015172.7363   16.4357
   -7.5000  -15.0000    0.000017065.1699   16.3903
    0.0000  -15.0000    0.000017690.6992   16.4027
    7.5000  -15.0000    0.000016377.5713   16.4218
   -7.5000   -7.5000    0.000018031.4785   16.4021
    0.0000   -7.5000    0.000018757.5117   16.4118
    7.5000   -7.5000    0.000017234.2500   16.4283
   -7.5000    0.0000    0.000018545.6836   16.4135
    0.0000    0.0000    0.000019239.8828   16.4233
    7.5000    0.0000    0.000017705.9082   16.4415
   -7.5000    7.5000    0.000017720.1074   16.4129
    0.0000    7.5000    0.000018317.9277   16.4263
    7.5000    7.5000    0.000016896.1016   16.4487
   -7.5000   15.0000    0.000016733.4746   16.4075
    0.0000   15.0000    0.000017266.1992   16.4242
    7.5000   15.0000    0.000015992.8740   16.4494
   -7.5000   22.5000    0.000015641.2451   16.3886
    0.0000   22.5000    0.000016125.1094   16.4046
    7.5000   22.5000    0.000015003.2266   16.4281
   -7.5000   30.0000    0.000014431.5000   16.1782
    0.0000   30.0000    0.000014873.5479   16.1904
    7.5000   30.0000    0.000013914.9014   16.2093
   -7.5000   37.5000    0.000013645.6494   16.1898
    0.0000   37.5000    0.000014063.2617   16.1994
    7.5000   37.5000    0.000013203.6035   16.2156
   -7.5000   45.0000    0.000012331.2305   15.8708
    0.0000   45.0000    0.000012694.0703   15.8803
    7.5000   45.0000    0.000011919.0488   15.8979
   -7.5000  -45.0000    7.500011957.5469   16.4469
    0.0000  -45.0000    7.500012413.8799   16.4551
    7.5000  -45.0000    7.500011764.2832   16.4644
   -7.5000  -37.5000    7.500012637.2900   16.4440
    0.0000  -37.5000    7.500013130.7637   16.4547
    7.5000  -37.5000    7.500012377.1895   16.4661
   -7.5000  -30.0000    7.500013795.5020   16.4430
    0.0000  -30.0000    7.500014327.2822   16.4561
    7.5000  -30.0000    7.500013467.3604   16.4716
   -7.5000  -22.5000    7.500015193.3936   16.4312
    0.0000  -22.5000    7.500015748.6445   16.4433
    7.5000  -22.5000    7.500014684.0234   16.4609
   -7.5000  -15.0000    7.500016736.1699   16.4192
    0.0000  -15.0000    7.500017333.3750   16.4290
    7.5000  -15.0000    7.500015892.8770   16.4446
   -7.5000   -7.5000    7.500017864.0195   16.4262
    0.0000   -7.5000    7.500018571.5918   16.4346
    7.5000   -7.5000    7.500016796.7227   16.4460
   -7.5000    0.0000    7.500018452.4395   16.4392
    0.0000    0.0000    7.500019137.0664   16.4476
    7.5000    0.0000    7.500017311.7246   16.4569
   -7.5000    7.5000    7.500017562.9043   16.4440
    0.0000    7.5000    7.500018163.8320   16.4547
    7.5000    7.5000    7.500016528.3730   16.4661
   -7.5000   15.0000    7.500016488.7441   16.4430
    0.0000   15.0000    7.500017055.6504   16.4561
    7.5000   15.0000    7.500015651.4268   16.4716
   -7.5000   22.5000    7.500015298.2422   16.4237
    0.0000   22.5000    7.500015827.7744   16.4357
    7.5000   22.5000    7.500014635.1328   16.4533
   -7.5000   30.0000    7.500014126.1523   16.2067
    0.0000   30.0000    7.500014592.6963   16.2164
    7.5000   30.0000    7.500013568.4883   16.2317
   -7.5000   37.5000    7.500013431.8584   16.2136
    0.0000   37.5000    7.500013875.9189   16.2219
    7.5000   37.5000    7.500012918.6504   16.2331
   -7.5000   45.0000    7.500012147.5957   15.8963
    0.0000   45.0000    7.500012546.6689   15.9041
    7.5000   45.0000    7.500011683.8311   15.9129
   -7.5000  -45.0000   15.000011432.1689   16.4609
    0.0000  -45.0000   15.000011867.9111   16.4620
    7.5000  -45.0000   15.000011229.1172   16.4704
   -7.5000  -37.5000   15.000012139.7119   16.4650
    0.0000  -37.5000   15.000012597.3340   16.4660
    7.5000  -37.5000   15.000011855.6377   16.4746
   -7.5000  -30.0000   15.000013282.2666   16.4678
    0.0000  -30.0000   15.000013772.3008   16.4691
    7.5000  -30.0000   15.000012914.3350   16.4803
   -7.5000  -22.5000   15.000014560.9727   16.4547
    0.0000  -22.5000   15.000015065.7061   16.4559
    7.5000  -22.5000   15.000014065.2588   16.4696
   -7.5000  -15.0000   15.000015962.0781   16.4370
    0.0000  -15.0000   15.000016532.9316   16.4386
    7.5000  -15.0000   15.000015256.4639   16.4520
   -7.5000   -7.5000   15.000017090.0586   16.4384
    0.0000   -7.5000   15.000017783.9805   16.4403
    7.5000   -7.5000   15.000016182.5830   16.4510
   -7.5000    0.0000   15.000017749.2422   16.4533
    0.0000    0.0000   15.000018443.4316   16.4545
    7.5000    0.0000   15.000016719.1387   16.4630
   -7.5000    7.5000   15.000016927.7832   16.4650
    0.0000    7.5000   15.000017552.1855   16.4660
    7.5000    7.5000   15.000015980.7598   16.4746
   -7.5000   15.0000   15.000015924.2988   16.4678
    0.0000   15.0000   15.000016505.8477   16.4691
    7.5000   15.0000   15.000015100.7305   16.4803
   -7.5000   22.5000   15.000014776.9395   16.4471
    0.0000   22.5000   15.000015308.6523   16.4484
    7.5000   22.5000   15.000014070.6982   16.4620
   -7.5000   30.0000   15.000013630.4453   16.2243
    0.0000   30.0000   15.000014124.7100   16.2259
    7.5000   30.0000   15.000013023.2178   16.2391
   -7.5000   37.5000   15.000012984.2334   16.2257
    0.0000   37.5000   15.000013462.3887   16.2275
    7.5000   37.5000   15.000012455.6729   16.2381
   -7.5000   45.0000   15.000011723.9902   15.9101
    0.0000   45.0000   15.000012146.3340   15.9107
    7.5000   45.0000   15.000011265.2686   15.9186
   -7.5000  -45.0000   22.500010856.4873   16.4783
    0.0000  -45.0000   22.500011261.3936   16.4743
    7.5000  -45.0000   22.500010633.3594   16.4913
   -7.5000  -37.5000   22.500011556.3682   16.4845
    0.0000  -37.5000   22.500011964.9609   16.4788
    7.5000  -37.5000   22.500011239.5342   16.4952
   -7.5000  -30.0000   22.500012666.6855   16.4869
    0.0000  -30.0000   22.500013089.3145   16.4805
    7.5000  -30.0000   22.500012247.7012   16.4959
   -7.5000  -22.5000   22.500013861.3037   16.4727
    0.0000  -22.5000   22.500014285.7070   16.4676
    7.5000  -22.5000   22.500013310.8799   16.4827
   -7.5000  -15.0000   22.500015156.7393   16.4553
    0.0000  -15.0000   22.500015664.1406   16.4519
    7.5000  -15.0000   22.500014441.4287   16.4673
   -7.5000   -7.5000   22.500016181.2881   16.4554
    0.0000   -7.5000   22.500016831.9531   16.4529
    7.5000   -7.5000   22.500015362.3379   16.4691
   -7.5000    0.0000   22.500016740.9082   16.4706
    0.0000    0.0000   22.500017377.3281   16.4668
    7.5000    0.0000   22.500015913.1973   16.4838
   -7.5000    7.5000   22.500015891.3037   16.4845
    0.0000    7.5000   22.500016452.0566   16.4788
    7.5000    7.5000   22.500015192.5684   16.4952
   -7.5000   15.0000   22.500014948.2168   16.4869
    0.0000   15.0000   22.500015482.1758   16.4805
    7.5000   15.0000   22.500014343.3174   16.4959
   -7.5000   22.5000   22.500013944.0781   16.4651
    0.0000   22.5000   22.500014437.0352   16.4600
    7.5000   22.5000   22.500013371.8535   16.4751
   -7.5000   30.0000   22.500012893.2861   16.2423
    0.0000   30.0000   22.500013354.0527   16.2390
    7.5000   30.0000   22.500012372.9150   16.2541
   -7.5000   37.5000   22.500012303.2422   16.2424
    0.0000   37.5000   22.500012747.5674   16.2399
    7.5000   37.5000   22.500011821.3848   16.2560
   -7.5000   45.0000   22.500011092.7783   15.9265
    0.0000   45.0000   22.500011494.9287   15.9223
    7.5000   45.0000   22.500010678.5654   15.9387
   -7.5000  -45.0000   30.000010203.6650   16.6362
    0.0000  -45.0000   30.000010575.8018   16.6338
    7.5000  -45.0000   30.0000 9939.4980   16.6611
   -7.5000  -37.5000   30.000010856.7998   16.6384
    0.0000  -37.5000   30.000011223.8506   16.6351
    7.5000  -37.5000   30.000010525.7256   16.6631
   -7.5000  -30.0000   30.000011916.8857   16.6362
    0.0000  -30.0000   30.000012291.9121   16.6335
    7.5000  -30.0000   30.000011506.4150   16.6584
   -7.5000  -22.5000   30.000013043.8037   16.6220
    0.0000  -22.5000   30.000013426.8574   16.6203
    7.5000  -22.5000   30.000012513.9424   16.6412
   -7.5000  -15.0000   30.000014186.0020   16.6097
    0.0000  -15.0000   30.000014677.1387   16.6085
    7.5000  -15.0000   30.000013552.2949   16.6280
   -7.5000   -7.5000   30.000015054.1963   16.6140
    0.0000   -7.5000   30.000015662.0889   16.6126
    7.5000   -7.5000   30.000014405.8223   16.6353
   -7.5000    0.0000   30.000015476.2461   16.6284
    0.0000    0.0000   30.000016047.6133   16.6261
    7.5000    0.0000   30.000014922.4062   16.6533
   -7.5000    7.5000   30.000014753.5332   16.6384
    0.0000    7.5000   30.000015274.6348   16.6351
    7.5000    7.5000   30.000014275.4766   16.6631
   -7.5000   15.0000   30.000013926.4971   16.6362
    0.0000   15.0000   30.000014408.3154   16.6335
    7.5000   15.0000   30.000013439.9639   16.6584
   -7.5000   22.5000   30.000013011.3721   16.6143
    0.0000   22.5000   30.000013447.8701   16.6127
    7.5000   22.5000   30.000012520.1982   16.6336
   -7.5000   30.0000   30.000012056.0342   16.3947
    0.0000   30.0000   30.000012440.3320   16.3935
    7.5000   30.0000   30.000011567.2803   16.4128
   -7.5000   37.5000   30.000011477.7988   16.3990
    0.0000   37.5000   30.000011839.8828   16.3976
    7.5000   37.5000   30.000011028.3730   16.4200
   -7.5000   45.0000   30.000010341.7314   16.0791
    0.0000   45.0000   30.000010679.5273   16.0766
    7.5000   45.0000   30.0000 9964.3301   16.1031
   -7.5000  -45.0000   37.5000 9896.2344   16.9599
    0.0000  -45.0000   37.500010227.0312   16.9636
    7.5000  -45.0000   37.5000 9605.7832   16.9920
   -7.5000  -37.5000   37.500010491.0127   16.9526
    0.0000  -37.5000   37.500010826.7217   16.9589
    7.5000  -37.5000   37.500010193.4561   16.9914
   -7.5000  -30.0000   37.500011493.5479   16.9462
    0.0000  -30.0000   37.500011859.6201   16.9551
    7.5000  -30.0000   37.500011159.6494   16.9867
   -7.5000  -22.5000   37.500012552.4531   16.9343
    0.0000  -22.5000   37.500012950.4521   16.9429
    7.5000  -22.5000   37.500012154.2100   16.9695
   -7.5000  -15.0000   37.500013621.8311   16.9293
    0.0000  -15.0000   37.500014140.6357   16.9352
    7.5000  -15.0000   37.500013161.0977   16.9571
   -7.5000   -7.5000   37.500014397.5635   16.9402
    0.0000   -7.5000   37.500014966.2881   16.9440
    7.5000   -7.5000   37.500013965.4297   16.9668
   -7.5000    0.0000   37.500014842.3418   16.9517
    0.0000    0.0000   37.500015362.7861   16.9555
    7.5000    0.0000   37.500014456.1445   16.9839
   -7.5000    7.5000   37.500014265.3848   16.9526
    0.0000    7.5000   37.500014752.4316   16.9589
    7.5000    7.5000   37.500013862.7129   16.9914
   -7.5000   15.0000   37.500013515.3818   16.9462
    0.0000   15.0000   37.500013985.5664   16.9551
    7.5000   15.0000   37.500013067.5127   16.9867
   -7.5000   22.5000   37.500012610.5459   16.9265
    0.0000   22.5000   37.500013039.8887   16.9351
    7.5000   22.5000   37.500012164.7998   16.9616
   -7.5000   30.0000   37.500011681.8926   16.7102
    0.0000   30.0000   37.500012053.3066   16.7160
    7.5000   30.0000   37.500011247.2402   16.7377
   -7.5000   37.5000   37.500011111.3457   16.7210
    0.0000   37.5000   37.500011473.7480   16.7247
    7.5000   37.5000   37.500010695.7588   16.7473
   -7.5000   45.0000   37.5000 9992.0703   16.3927
    0.0000   45.0000   37.500010335.4648   16.3963
    7.5000   45.0000   37.5000 9646.2910   16.4239
   -7.5000  -45.0000   45.0000 9100.5088   17.3049
    0.0000  -45.0000   45.0000 9409.9209   17.3149
    7.5000  -45.0000   45.0000 8841.3672   17.3363
   -7.5000  -37.5000   45.0000 9636.6758   17.2957
    0.0000  -37.5000   45.0000 9956.4717   17.3101
    7.5000  -37.5000   45.0000 9391.8594   17.3358
   -7.5000  -30.0000   45.000010535.2051   17.2891
    0.0000  -30.0000   45.000010876.9736   17.3072
    7.5000  -30.0000   45.000010283.7461   17.3357
   -7.5000  -22.5000   45.000011488.0176   17.2758
    0.0000  -22.5000   45.000011876.3506   17.2929
    7.5000  -22.5000   45.000011230.5400   17.3197
   -7.5000  -15.0000   45.000012460.3652   17.2691
    0.0000  -15.0000   45.000012935.2178   17.2822
    7.5000  -15.0000   45.000012164.0400   17.3044
   -7.5000   -7.5000   45.000013177.3379   17.2829
    0.0000   -7.5000   45.000013642.6279   17.2929
    7.5000   -7.5000   45.000012878.8584   17.3125
   -7.5000    0.0000   45.000013625.7148   17.2963
    0.0000    0.0000   45.000014067.2881   17.3065
    7.5000    0.0000   45.000013319.0107   17.3279
   -7.5000    7.5000   45.000013119.4102   17.2957
    0.0000    7.5000   45.000013558.6934   17.3101
    7.5000    7.5000   45.000012788.0635   17.3358
   -7.5000   15.0000   45.000012432.0078   17.2891
    0.0000   15.0000   45.000012861.0977   17.3072
    7.5000   15.0000   45.000012082.5908   17.3357
   -7.5000   22.5000   45.000011620.2158   17.2678
    0.0000   22.5000   45.000012002.2549   17.2849
    7.5000   22.5000   45.000011241.8066   17.3117
   -7.5000   30.0000   45.000010764.4102   17.0441
    0.0000   30.0000   45.000011106.6963   17.0570
    7.5000   30.0000   45.000010392.7822   17.0790
   -7.5000   37.5000   45.000010269.9902   17.0578
    0.0000   37.5000   45.000010606.1191   17.0676
    7.5000   37.5000   45.0000 9903.1328   17.0870
   -7.5000   45.0000   45.0000 9277.2842   16.7346
    0.0000   45.0000   45.0000 9585.5303   16.7445
    7.5000   45.0000   45.0000 8956.3301   16.7652

---------------------------------------------------------------------
imgreg_4dfp /opt/freesurfer/average/711-2C_as_mni_average_305 /opt/freesurfer/average/711-2B_as_mni_average_305_mask talsrcimg_g11 none talsrcimg_to_711-2C_as_mni_average_305_t4 4355
---------------------------------------------------------------------

freesurfer imgreg_4dfp.c
/opt/freesurfer/average/711-2C_as_mni_average_305.4dfp.img
       256       256       256         1
  1.000000  1.000000  1.000000
orientation T byte_order littleendian
Reading image: /opt/freesurfer/average/711-2C_as_mni_average_305.4dfp.img
dimensions:      256       256       256
mmppix:       1.0000   -1.0000   -1.0000
center:     128.0000 -129.0000 -129.0000
/opt/freesurfer/average/711-2B_as_mni_average_305_mask.4dfp.img
       256       256       256         1
  1.000000  1.000000  1.000000
orientation T byte_order littleendian
Reading mask: /opt/freesurfer/average/711-2B_as_mni_average_305_mask.4dfp.img (2306576 pixels)
talsrcimg_g11.4dfp.img
       256       256       256         1
  1.000000  1.000000  1.000000
orientation T byte_order littleendian
Reading image: talsrcimg_g11.4dfp.img
dimensions:      256       256       256
mmppix:       1.0000   -1.0000   -1.0000
center:     128.0000 -129.0000 -129.0000
rotation matrix determinant  1.000000
image alignment mode   4355 decimal     1103 hex
   -7.5000  -45.0000  -45.0000 2360.2825   18.0817
    0.0000  -45.0000  -45.0000 2364.7878   18.1249
    7.5000  -45.0000  -45.0000 2344.6750   18.3809
   -7.5000  -37.5000  -45.0000 2416.8516   17.0748
    0.0000  -37.5000  -45.0000 2419.6619   17.1113
    7.5000  -37.5000  -45.0000 2399.3313   17.3934
   -7.5000  -30.0000  -45.0000 2458.0129   16.4305
    0.0000  -30.0000  -45.0000 2462.9634   16.4605
    7.5000  -30.0000  -45.0000 2433.0029   16.7648
   -7.5000  -22.5000  -45.0000 2490.5881   16.1081
    0.0000  -22.5000  -45.0000 2493.4570   16.1449
    7.5000  -22.5000  -45.0000 2454.8696   16.4248
   -7.5000  -15.0000  -45.0000 2496.6064   15.9499
    0.0000  -15.0000  -45.0000 2504.0046   15.9467
    7.5000  -15.0000  -45.0000 2469.2285   16.2509
   -7.5000   -7.5000  -45.0000 2491.0435   16.0472
    0.0000   -7.5000  -45.0000 2497.3535   16.0875
    7.5000   -7.5000  -45.0000 2468.6667   16.3366
   -7.5000    0.0000  -45.0000 2475.6179   16.4146
    0.0000    0.0000  -45.0000 2475.2668   16.4330
    7.5000    0.0000  -45.0000 2446.9468   16.7109
   -7.5000    7.5000  -45.0000 2432.2268   16.9510
    0.0000    7.5000  -45.0000 2435.0293   16.9690
    7.5000    7.5000  -45.0000 2401.5591   17.2735
   -7.5000   15.0000  -45.0000 2379.4341   17.7727
    0.0000   15.0000  -45.0000 2380.1450   17.7785
    7.5000   15.0000  -45.0000 2346.3611   18.0490
   -7.5000   22.5000  -45.0000 2313.7131   18.9712
    0.0000   22.5000  -45.0000 2314.6240   19.0170
    7.5000   22.5000  -45.0000 2280.0898   19.3052
   -7.5000   30.0000  -45.0000 2230.7649   20.5884
    0.0000   30.0000  -45.0000 2233.0037   20.6567
    7.5000   30.0000  -45.0000 2202.9939   20.9654
   -7.5000   37.5000  -45.0000 2133.4553   22.5960
    0.0000   37.5000  -45.0000 2132.2083   22.6530
    7.5000   37.5000  -45.0000 2105.3215   22.9740
   -7.5000   45.0000  -45.0000 2014.9049   25.1672
    0.0000   45.0000  -45.0000 2016.0488   25.2597
    7.5000   45.0000  -45.0000 1988.0220   25.6609
   -7.5000  -45.0000  -37.5000 2440.9382   16.9799
    0.0000  -45.0000  -37.5000 2441.9399   16.9844
    7.5000  -45.0000  -37.5000 2414.7571   17.2298
   -7.5000  -37.5000  -37.5000 2501.3738   15.9999
    0.0000  -37.5000  -37.5000 2502.5278   16.0263
    7.5000  -37.5000  -37.5000 2475.0432   16.3169
   -7.5000  -30.0000  -37.5000 2543.6255   15.3597
    0.0000  -30.0000  -37.5000 2548.4934   15.3833
    7.5000  -30.0000  -37.5000 2518.0720   15.6583
   -7.5000  -22.5000  -37.5000 2572.2583   14.9449
    0.0000  -22.5000  -37.5000 2575.1887   14.9546
    7.5000  -22.5000  -37.5000 2548.4106   15.2452
   -7.5000  -15.0000  -37.5000 2588.9368   14.7429
    0.0000  -15.0000  -37.5000 2589.0422   14.7348
    7.5000  -15.0000  -37.5000 2561.3171   15.0444
   -7.5000   -7.5000  -37.5000 2589.3733   14.7976
    0.0000   -7.5000  -37.5000 2590.9551   14.8188
    7.5000   -7.5000  -37.5000 2564.3828   15.1124
   -7.5000    0.0000  -37.5000 2570.7410   15.1259
    0.0000    0.0000  -37.5000 2572.8315   15.1463
    7.5000    0.0000  -37.5000 2542.0608   15.4017
   -7.5000    7.5000  -37.5000 2527.0186   15.6062
    0.0000    7.5000  -37.5000 2530.6755   15.6398
    7.5000    7.5000  -37.5000 2499.6741   15.9012
   -7.5000   15.0000  -37.5000 2471.4026   16.3430
    0.0000   15.0000  -37.5000 2475.7363   16.3650
    7.5000   15.0000  -37.5000 2443.3613   16.6472
   -7.5000   22.5000  -37.5000 2407.8137   17.4337
    0.0000   22.5000  -37.5000 2408.3069   17.4383
    7.5000   22.5000  -37.5000 2375.7827   17.7627
   -7.5000   30.0000  -37.5000 2320.1689   18.8672
    0.0000   30.0000  -37.5000 2324.0823   18.9402
    7.5000   30.0000  -37.5000 2291.0269   19.2752
   -7.5000   37.5000  -37.5000 2224.7500   20.7327
    0.0000   37.5000  -37.5000 2226.0691   20.7760
    7.5000   37.5000  -37.5000 2193.9736   21.1094
   -7.5000   45.0000  -37.5000 2103.0535   23.0489
    0.0000   45.0000  -37.5000 2101.6223   23.1177
    7.5000   45.0000  -37.5000 2072.2156   23.5147
   -7.5000  -45.0000  -30.0000 2562.8206   16.5484
    0.0000  -45.0000  -30.0000 2566.0999   16.5334
    7.5000  -45.0000  -30.0000 2529.2517   16.7733
   -7.5000  -37.5000  -30.0000 2629.0159   15.5599
    0.0000  -37.5000  -30.0000 2629.0322   15.5722
    7.5000  -37.5000  -30.0000 2598.0435   15.8148
   -7.5000  -30.0000  -30.0000 2677.7463   14.8538
    0.0000  -30.0000  -30.0000 2680.1965   14.8563
    7.5000  -30.0000  -30.0000 2651.0127   15.1307
   -7.5000  -22.5000  -30.0000 2705.8601   14.4487
    0.0000  -22.5000  -30.0000 2707.8979   14.4364
    7.5000  -22.5000  -30.0000 2685.7070   14.7178
   -7.5000  -15.0000  -30.0000 2732.9407   14.2024
    0.0000  -15.0000  -30.0000 2730.1313   14.1874
    7.5000  -15.0000  -30.0000 2701.3738   14.4930
   -7.5000   -7.5000  -30.0000 2734.4106   14.2242
    0.0000   -7.5000  -30.0000 2733.7732   14.2171
    7.5000   -7.5000  -30.0000 2699.0295   14.4982
   -7.5000    0.0000  -30.0000 2717.3799   14.4437
    0.0000    0.0000  -30.0000 2719.3928   14.4659
    7.5000    0.0000  -30.0000 2685.7922   14.7460
   -7.5000    7.5000  -30.0000 2673.0137   14.8467
    0.0000    7.5000  -30.0000 2672.1567   14.8507
    7.5000    7.5000  -30.0000 2646.7356   15.1567
   -7.5000   15.0000  -30.0000 2614.4082   15.5504
    0.0000   15.0000  -30.0000 2618.0476   15.5753
    7.5000   15.0000  -30.0000 2588.8242   15.8629
   -7.5000   22.5000  -30.0000 2544.0520   16.5829
    0.0000   22.5000  -30.0000 2542.6123   16.5984
    7.5000   22.5000  -30.0000 2513.8691   16.9403
   -7.5000   30.0000  -30.0000 2456.2246   17.9174
    0.0000   30.0000  -30.0000 2457.9849   17.9840
    7.5000   30.0000  -30.0000 2423.8555   18.3406
   -7.5000   37.5000  -30.0000 2353.5432   19.6428
    0.0000   37.5000  -30.0000 2355.7356   19.7244
    7.5000   37.5000  -30.0000 2324.7502   20.0820
   -7.5000   45.0000  -30.0000 2227.8130   21.8620
    0.0000   45.0000  -30.0000 2228.4128   21.9510
    7.5000   45.0000  -30.0000 2193.1357   22.3387
   -7.5000  -45.0000  -22.5000 2647.6829   16.0417
    0.0000  -45.0000  -22.5000 2647.6440   16.0661
    7.5000  -45.0000  -22.5000 2618.3521   16.2918
   -7.5000  -37.5000  -22.5000 2725.8308   15.0175
    0.0000  -37.5000  -22.5000 2724.5735   15.0182
    7.5000  -37.5000  -22.5000 2699.6211   15.2543
   -7.5000  -30.0000  -22.5000 2780.1316   14.3183
    0.0000  -30.0000  -22.5000 2779.6487   14.2985
    7.5000  -30.0000  -22.5000 2756.8823   14.5610
   -7.5000  -22.5000  -22.5000 2815.2542   13.9072
    0.0000  -22.5000  -22.5000 2815.4155   13.8843
    7.5000  -22.5000  -22.5000 2788.2708   14.1452
   -7.5000  -15.0000  -22.5000 2833.7878   13.6831
    0.0000  -15.0000  -22.5000 2836.7356   13.6713
    7.5000  -15.0000  -22.5000 2800.5500   13.9400
   -7.5000   -7.5000  -22.5000 2841.4187   13.6419
    0.0000   -7.5000  -22.5000 2844.7727   13.6412
    7.5000   -7.5000  -22.5000 2804.4602   13.9439
   -7.5000    0.0000  -22.5000 2826.3423   13.7879
    0.0000    0.0000  -22.5000 2828.2502   13.7850
    7.5000    0.0000  -22.5000 2790.9690   14.1049
   -7.5000    7.5000  -22.5000 2783.5952   14.1275
    0.0000    7.5000  -22.5000 2785.2520   14.1300
    7.5000    7.5000  -22.5000 2757.3000   14.4408
   -7.5000   15.0000  -22.5000 2727.8140   14.7540
    0.0000   15.0000  -22.5000 2726.2131   14.7656
    7.5000   15.0000  -22.5000 2699.7178   15.0908
   -7.5000   22.5000  -22.5000 2654.2927   15.7340
    0.0000   22.5000  -22.5000 2652.8018   15.7532
    7.5000   22.5000  -22.5000 2623.9910   16.0992
   -7.5000   30.0000  -22.5000 2561.3928   16.9829
    0.0000   30.0000  -22.5000 2561.5923   17.0498
    7.5000   30.0000  -22.5000 2529.7112   17.4084
   -7.5000   37.5000  -22.5000 2456.5791   18.6276
    0.0000   37.5000  -22.5000 2454.3193   18.7069
    7.5000   37.5000  -22.5000 2426.0981   19.1075
   -7.5000   45.0000  -22.5000 2328.5903   20.7504
    0.0000   45.0000  -22.5000 2323.2322   20.8188
    7.5000   45.0000  -22.5000 2297.4541   21.2400
   -7.5000  -45.0000  -15.0000 2683.9316   15.6308
    0.0000  -45.0000  -15.0000 2684.5818   15.6171
    7.5000  -45.0000  -15.0000 2661.7278   15.8679
   -7.5000  -37.5000  -15.0000 2776.0107   14.5237
    0.0000  -37.5000  -15.0000 2774.1460   14.5092
    7.5000  -37.5000  -15.0000 2752.0281   14.7677
   -7.5000  -30.0000  -15.0000 2840.1321   13.7980
    0.0000  -30.0000  -15.0000 2841.1504   13.7658
    7.5000  -30.0000  -15.0000 2815.4126   14.0058
   -7.5000  -22.5000  -15.0000 2881.0759   13.3874
    0.0000  -22.5000  -15.0000 2885.1506   13.3725
    7.5000  -22.5000  -15.0000 2852.9932   13.5869
   -7.5000  -15.0000  -15.0000 2900.3789   13.1977
    0.0000  -15.0000  -15.0000 2904.7458   13.2102
    7.5000  -15.0000  -15.0000 2864.6162   13.4338
   -7.5000   -7.5000  -15.0000 2906.8176   13.1219
    0.0000   -7.5000  -15.0000 2912.6785   13.1196
    7.5000   -7.5000  -15.0000 2870.6748   13.4183
   -7.5000    0.0000  -15.0000 2892.4443   13.1856
    0.0000    0.0000  -15.0000 2897.2627   13.1999
    7.5000    0.0000  -15.0000 2861.1165   13.5420
   -7.5000    7.5000  -15.0000 2857.6912   13.5131
    0.0000    7.5000  -15.0000 2860.7678   13.5146
    7.5000    7.5000  -15.0000 2824.6489   13.8459
   -7.5000   15.0000  -15.0000 2807.0720   14.1377
    0.0000   15.0000  -15.0000 2806.6399   14.1403
    7.5000   15.0000  -15.0000 2776.0706   14.4499
   -7.5000   22.5000  -15.0000 2734.9946   15.0246
    0.0000   22.5000  -15.0000 2735.9343   15.0580
    7.5000   22.5000  -15.0000 2703.8105   15.4109
   -7.5000   30.0000  -15.0000 2643.1187   16.2166
    0.0000   30.0000  -15.0000 2641.3462   16.2819
    7.5000   30.0000  -15.0000 2606.4619   16.6226
   -7.5000   37.5000  -15.0000 2533.1101   17.7635
    0.0000   37.5000  -15.0000 2531.5393   17.8450
    7.5000   37.5000  -15.0000 2500.8296   18.2411
   -7.5000   45.0000  -15.0000 2401.1099   19.7963
    0.0000   45.0000  -15.0000 2397.2754   19.8394
    7.5000   45.0000  -15.0000 2366.6814   20.3052
   -7.5000  -45.0000   -7.5000 2699.6902   15.3836
    0.0000  -45.0000   -7.5000 2699.6365   15.3598
    7.5000  -45.0000   -7.5000 2676.8618   15.5413
   -7.5000  -37.5000   -7.5000 2792.6296   14.2153
    0.0000  -37.5000   -7.5000 2790.6409   14.2154
    7.5000  -37.5000   -7.5000 2766.7500   14.3660
   -7.5000  -30.0000   -7.5000 2871.2556   13.3772
    0.0000  -30.0000   -7.5000 2870.1133   13.3887
    7.5000  -30.0000   -7.5000 2835.9548   13.4883
   -7.5000  -22.5000   -7.5000 2919.2808   12.9069
    0.0000  -22.5000   -7.5000 2918.0708   12.9209
    7.5000  -22.5000   -7.5000 2883.2092   13.0209
   -7.5000  -15.0000   -7.5000 2935.8806   12.7348
    0.0000  -15.0000   -7.5000 2937.7490   12.7424
    7.5000  -15.0000   -7.5000 2900.1184   12.8858
   -7.5000   -7.5000   -7.5000 2940.5635   12.6573
    0.0000   -7.5000   -7.5000 2948.0427   12.6801
    7.5000   -7.5000   -7.5000 2909.0376   12.8780
   -7.5000    0.0000   -7.5000 2934.5645   12.6902
    0.0000    0.0000   -7.5000 2939.0232   12.7392
    7.5000    0.0000   -7.5000 2898.8689   12.9882
   -7.5000    7.5000   -7.5000 2910.0972   13.0232
    0.0000    7.5000   -7.5000 2909.5942   13.0682
    7.5000    7.5000   -7.5000 2865.6099   13.3217
   -7.5000   15.0000   -7.5000 2863.3044   13.6364
    0.0000   15.0000   -7.5000 2860.4028   13.6642
    7.5000   15.0000   -7.5000 2819.8269   13.9148
   -7.5000   22.5000   -7.5000 2799.1882   14.5077
    0.0000   22.5000   -7.5000 2797.9072   14.5281
    7.5000   22.5000   -7.5000 2758.1143   14.7902
   -7.5000   30.0000   -7.5000 2700.6130   15.6474
    0.0000   30.0000   -7.5000 2699.4243   15.6659
    7.5000   30.0000   -7.5000 2664.4932   15.9622
   -7.5000   37.5000   -7.5000 2586.9209   17.1164
    0.0000   37.5000   -7.5000 2587.9360   17.1509
    7.5000   37.5000   -7.5000 2555.8123   17.4886
   -7.5000   45.0000   -7.5000 2450.1565   19.0188
    0.0000   45.0000   -7.5000 2451.6855   19.0276
    7.5000   45.0000   -7.5000 2420.5786   19.4601
   -7.5000  -45.0000    0.0000 2690.1306   15.2732
    0.0000  -45.0000    0.0000 2695.4382   15.2851
    7.5000  -45.0000    0.0000 2670.4326   15.4112
   -7.5000  -37.5000    0.0000 2780.6521   14.0757
    0.0000  -37.5000    0.0000 2783.1919   14.0943
    7.5000  -37.5000    0.0000 2759.9292   14.1623
   -7.5000  -30.0000    0.0000 2866.0793   13.1476
    0.0000  -30.0000    0.0000 2864.8838   13.1697
    7.5000  -30.0000    0.0000 2840.4004   13.2279
   -7.5000  -22.5000    0.0000 2924.0513   12.6022
    0.0000  -22.5000    0.0000 2922.3398   12.6122
    7.5000  -22.5000    0.0000 2894.5925   12.6770
   -7.5000  -15.0000    0.0000 2946.6362   12.4777
    0.0000  -15.0000    0.0000 2948.5786   12.5005
    7.5000  -15.0000    0.0000 2921.2231   12.5437
   -7.5000   -7.5000    0.0000 2967.1292   12.5307
    0.0000   -7.5000    0.0000 2969.3743   12.5670
    7.5000   -7.5000    0.0000 2933.8445   12.5512
   -7.5000    0.0000    0.0000 2967.9678   12.5057
    0.0000    0.0000    0.0000 2965.6968   12.5665
    7.5000    0.0000    0.0000 2923.0959   12.5967
   -7.5000    7.5000    0.0000 2945.1467   12.7291
    0.0000    7.5000    0.0000 2939.2627   12.7862
    7.5000    7.5000    0.0000 2888.5427   12.8976
   -7.5000   15.0000    0.0000 2899.7642   13.2928
    0.0000   15.0000    0.0000 2893.8608   13.3409
    7.5000   15.0000    0.0000 2846.3972   13.4926
   -7.5000   22.5000    0.0000 2835.9585   14.1432
    0.0000   22.5000    0.0000 2833.1331   14.1695
    7.5000   22.5000    0.0000 2787.8330   14.3605
   -7.5000   30.0000    0.0000 2738.8772   15.2705
    0.0000   30.0000    0.0000 2736.0151   15.2634
    7.5000   30.0000    0.0000 2699.5718   15.5009
   -7.5000   37.5000    0.0000 2625.6987   16.7309
    0.0000   37.5000    0.0000 2624.5127   16.6915
    7.5000   37.5000    0.0000 2590.3755   16.9668
   -7.5000   45.0000    0.0000 2488.5818   18.6044
    0.0000   45.0000    0.0000 2488.8406   18.5469
    7.5000   45.0000    0.0000 2456.8403   18.8554
   -7.5000  -45.0000    7.5000 2665.5298   15.2641
    0.0000  -45.0000    7.5000 2666.8940   15.2935
    7.5000  -45.0000    7.5000 2647.8679   15.4139
   -7.5000  -37.5000    7.5000 2760.6985   14.0168
    0.0000  -37.5000    7.5000 2761.4875   14.0561
    7.5000  -37.5000    7.5000 2741.1704   14.1222
   -7.5000  -30.0000    7.5000 2835.1501   13.0989
    0.0000  -30.0000    7.5000 2835.4561   13.1437
    7.5000  -30.0000    7.5000 2818.0159   13.1849
   -7.5000  -22.5000    7.5000 2909.6062   12.5596
    0.0000  -22.5000    7.5000 2910.3906   12.6109
    7.5000  -22.5000    7.5000 2880.3835   12.6032
   -7.5000  -15.0000    7.5000 2960.7300   12.4645
    0.0000  -15.0000    7.5000 2964.0588   12.5163
    7.5000  -15.0000    7.5000 2918.7302   12.3999
   -7.5000   -7.5000    7.5000 2988.8308   12.5119
    0.0000   -7.5000    7.5000 2994.2910   12.5702
    7.5000   -7.5000    7.5000 2938.4609   12.3643
   -7.5000    0.0000    7.5000 2983.8125   12.5017
    0.0000    0.0000    7.5000 2986.2539   12.5801
    7.5000    0.0000    7.5000 2932.0229   12.4531
   -7.5000    7.5000    7.5000 2957.2139   12.6847
    0.0000    7.5000    7.5000 2952.2749   12.7268
    7.5000    7.5000    7.5000 2902.3323   12.7589
   -7.5000   15.0000    7.5000 2913.6338   13.1556
    0.0000   15.0000    7.5000 2906.4216   13.1985
    7.5000   15.0000    7.5000 2863.2998   13.3175
   -7.5000   22.5000    7.5000 2852.0901   13.9664
    0.0000   22.5000    7.5000 2848.0969   13.9912
    7.5000   22.5000    7.5000 2807.4065   14.1702
   -7.5000   30.0000    7.5000 2757.1841   15.0910
    0.0000   30.0000    7.5000 2756.5984   15.0913
    7.5000   30.0000    7.5000 2719.6733   15.3174
   -7.5000   37.5000    7.5000 2646.1707   16.5587
    0.0000   37.5000    7.5000 2647.8689   16.5390
    7.5000   37.5000    7.5000 2614.4292   16.7910
   -7.5000   45.0000    7.5000 2510.2305   18.3911
    0.0000   45.0000    7.5000 2512.1707   18.3832
    7.5000   45.0000    7.5000 2478.2791   18.6140
   -7.5000  -45.0000   15.0000 2622.5718   15.4653
    0.0000  -45.0000   15.0000 2622.8577   15.4671
    7.5000  -45.0000   15.0000 2606.0925   15.6029
   -7.5000  -37.5000   15.0000 2723.6184   14.2439
    0.0000  -37.5000   15.0000 2720.8342   14.2733
    7.5000  -37.5000   15.0000 2702.3425   14.3385
   -7.5000  -30.0000   15.0000 2806.6257   13.3288
    0.0000  -30.0000   15.0000 2803.9412   13.3516
    7.5000  -30.0000   15.0000 2781.2031   13.3750
   -7.5000  -22.5000   15.0000 2884.8350   12.7624
    0.0000  -22.5000   15.0000 2885.6216   12.8000
    7.5000  -22.5000   15.0000 2851.6970   12.7799
   -7.5000  -15.0000   15.0000 2949.4790   12.5387
    0.0000  -15.0000   15.0000 2951.5295   12.5770
    7.5000  -15.0000   15.0000 2902.4729   12.4978
   -7.5000   -7.5000   15.0000 2993.4153   12.5061
    0.0000   -7.5000   15.0000 2998.7095   12.5737
    7.5000   -7.5000   15.0000 2940.9280   12.4436
   -7.5000    0.0000   15.0000 2986.5400   12.5567
    0.0000    0.0000   15.0000 2992.5181   12.6121
    7.5000    0.0000   15.0000 2929.9070   12.5615
   -7.5000    7.5000   15.0000 2958.4722   12.8234
    0.0000    7.5000   15.0000 2952.5154   12.8597
    7.5000    7.5000   15.0000 2899.5671   12.9099
   -7.5000   15.0000   15.0000 2914.0459   13.3366
    0.0000   15.0000   15.0000 2907.6365   13.3407
    7.5000   15.0000   15.0000 2858.5352   13.4550
   -7.5000   22.5000   15.0000 2850.3198   14.1212
    0.0000   22.5000   15.0000 2847.6636   14.1282
    7.5000   22.5000   15.0000 2801.8862   14.2873
   -7.5000   30.0000   15.0000 2755.4966   15.2005
    0.0000   30.0000   15.0000 2753.9558   15.2052
    7.5000   30.0000   15.0000 2715.2354   15.3937
   -7.5000   37.5000   15.0000 2641.9043   16.6197
    0.0000   37.5000   15.0000 2642.4202   16.6094
    7.5000   37.5000   15.0000 2613.3843   16.8456
   -7.5000   45.0000   15.0000 2507.7104   18.3955
    0.0000   45.0000   15.0000 2510.0364   18.3735
    7.5000   45.0000   15.0000 2483.1016   18.6056
   -7.5000  -45.0000   22.5000 2573.3430   15.9448
    0.0000  -45.0000   22.5000 2568.6223   15.9043
    7.5000  -45.0000   22.5000 2558.9666   16.0574
   -7.5000  -37.5000   22.5000 2680.5808   14.6799
    0.0000  -37.5000   22.5000 2676.0334   14.6380
    7.5000  -37.5000   22.5000 2660.1958   14.7351
   -7.5000  -30.0000   22.5000 2775.4438   13.7084
    0.0000  -30.0000   22.5000 2772.3271   13.6650
    7.5000  -30.0000   22.5000 2750.1313   13.7262
   -7.5000  -22.5000   22.5000 2857.9343   13.0726
    0.0000  -22.5000   22.5000 2855.5925   13.0483
    7.5000  -22.5000   22.5000 2822.9072   13.0571
   -7.5000  -15.0000   22.5000 2930.9807   12.7335
    0.0000  -15.0000   22.5000 2932.2407   12.7303
    7.5000  -15.0000   22.5000 2885.1543   12.7376
   -7.5000   -7.5000   22.5000 2976.4224   12.6143
    0.0000   -7.5000   22.5000 2982.2739   12.6496
    7.5000   -7.5000   22.5000 2927.1680   12.6418
   -7.5000    0.0000   22.5000 2976.0447   12.6055
    0.0000    0.0000   22.5000 2983.6416   12.6448
    7.5000    0.0000   22.5000 2919.7053   12.7334
   -7.5000    7.5000   22.5000 2947.0098   12.9115
    0.0000    7.5000   22.5000 2941.0417   12.9182
    7.5000    7.5000   22.5000 2889.6133   13.1013
   -7.5000   15.0000   22.5000 2906.0730   13.4209
    0.0000   15.0000   22.5000 2898.3831   13.4439
    7.5000   15.0000   22.5000 2851.3364   13.6746
   -7.5000   22.5000   22.5000 2843.5923   14.2478
    0.0000   22.5000   22.5000 2838.3870   14.2751
    7.5000   22.5000   22.5000 2790.8220   14.5362
   -7.5000   30.0000   22.5000 2736.8462   15.4278
    0.0000   30.0000   22.5000 2736.1870   15.4431
    7.5000   30.0000   22.5000 2704.1638   15.7036
   -7.5000   37.5000   22.5000 2620.7837   16.8903
    0.0000   37.5000   22.5000 2617.6279   16.8705
    7.5000   37.5000   22.5000 2596.7883   17.1230
   -7.5000   45.0000   22.5000 2486.8438   18.6400
    0.0000   45.0000   22.5000 2485.8643   18.6020
    7.5000   45.0000   22.5000 2463.0198   18.8483
   -7.5000  -45.0000   30.0000 2517.1707   16.5943
    0.0000  -45.0000   30.0000 2512.4045   16.5517
    7.5000  -45.0000   30.0000 2505.2598   16.6908
   -7.5000  -37.5000   30.0000 2626.6082   15.2495
    0.0000  -37.5000   30.0000 2620.4597   15.1898
    7.5000  -37.5000   30.0000 2606.3682   15.3070
   -7.5000  -30.0000   30.0000 2727.2231   14.2074
    0.0000  -30.0000   30.0000 2720.2808   14.1466
    7.5000  -30.0000   30.0000 2703.6404   14.2641
   -7.5000  -22.5000   30.0000 2819.8694   13.4709
    0.0000  -22.5000   30.0000 2811.4431   13.4198
    7.5000  -22.5000   30.0000 2782.4590   13.5220
   -7.5000  -15.0000   30.0000 2892.2429   13.0800
    0.0000  -15.0000   30.0000 2887.3291   13.0479
    7.5000  -15.0000   30.0000 2846.3545   13.1451
   -7.5000   -7.5000   30.0000 2939.2185   12.8510
    0.0000   -7.5000   30.0000 2939.8928   12.8824
    7.5000   -7.5000   30.0000 2890.4868   12.9638
   -7.5000    0.0000   30.0000 2939.5339   12.7360
    0.0000    0.0000   30.0000 2940.0703   12.7795
    7.5000    0.0000   30.0000 2887.0193   12.9827
   -7.5000    7.5000   30.0000 2918.0303   13.0096
    0.0000    7.5000   30.0000 2911.1692   13.0382
    7.5000    7.5000   30.0000 2864.6475   13.3277
   -7.5000   15.0000   30.0000 2880.7498   13.6071
    0.0000   15.0000   30.0000 2872.3845   13.6412
    7.5000   15.0000   30.0000 2827.2554   13.9501
   -7.5000   22.5000   30.0000 2816.7249   14.4931
    0.0000   22.5000   30.0000 2810.9136   14.5194
    7.5000   22.5000   30.0000 2768.9094   14.8446
   -7.5000   30.0000   30.0000 2715.5620   15.7204
    0.0000   30.0000   30.0000 2711.1470   15.7299
    7.5000   30.0000   30.0000 2679.7407   16.0159
   -7.5000   37.5000   30.0000 2590.0254   17.2556
    0.0000   37.5000   30.0000 2582.9915   17.2394
    7.5000   37.5000   30.0000 2564.9133   17.5008
   -7.5000   45.0000   30.0000 2451.8250   19.0485
    0.0000   45.0000   30.0000 2448.7000   19.0059
    7.5000   45.0000   30.0000 2428.2478   19.2711
   -7.5000  -45.0000   37.5000 2465.3887   17.4427
    0.0000  -45.0000   37.5000 2456.7717   17.3945
    7.5000  -45.0000   37.5000 2448.3508   17.5711
   -7.5000  -37.5000   37.5000 2573.2876   15.9381
    0.0000  -37.5000   37.5000 2564.3118   15.8892
    7.5000  -37.5000   37.5000 2557.5771   16.1125
   -7.5000  -30.0000   37.5000 2669.1577   14.8102
    0.0000  -30.0000   37.5000 2661.7544   14.7780
    7.5000  -30.0000   37.5000 2648.2661   15.0029
   -7.5000  -22.5000   37.5000 2763.0410   14.0097
    0.0000  -22.5000   37.5000 2753.7786   13.9815
    7.5000  -22.5000   37.5000 2730.3892   14.2122
   -7.5000  -15.0000   37.5000 2835.8831   13.5706
    0.0000  -15.0000   37.5000 2829.8748   13.5674
    7.5000  -15.0000   37.5000 2794.6282   13.7485
   -7.5000   -7.5000   37.5000 2878.4453   13.3049
    0.0000   -7.5000   37.5000 2877.3533   13.3486
    7.5000   -7.5000   37.5000 2839.7244   13.5083
   -7.5000    0.0000   37.5000 2882.4719   13.1499
    0.0000    0.0000   37.5000 2880.7600   13.1582
    7.5000    0.0000   37.5000 2838.6978   13.4633
   -7.5000    7.5000   37.5000 2876.0903   13.4280
    0.0000    7.5000   37.5000 2870.5664   13.4256
    7.5000    7.5000   37.5000 2824.1353   13.7821
   -7.5000   15.0000   37.5000 2836.7236   14.0679
    0.0000   15.0000   37.5000 2833.8853   14.0879
    7.5000   15.0000   37.5000 2786.7192   14.4041
   -7.5000   22.5000   37.5000 2769.6282   14.9827
    0.0000   22.5000   37.5000 2768.0320   14.9950
    7.5000   22.5000   37.5000 2728.9104   15.3000
   -7.5000   30.0000   37.5000 2680.5005   16.1354
    0.0000   30.0000   37.5000 2673.4595   16.1595
    7.5000   30.0000   37.5000 2645.8838   16.4543
   -7.5000   37.5000   37.5000 2562.0510   17.6707
    0.0000   37.5000   37.5000 2554.7000   17.6751
    7.5000   37.5000   37.5000 2532.7498   17.9568
   -7.5000   45.0000   37.5000 2413.9209   19.5403
    0.0000   45.0000   37.5000 2414.3569   19.5433
    7.5000   45.0000   37.5000 2392.4971   19.7848
   -7.5000  -45.0000   45.0000 2405.7458   18.4070
    0.0000  -45.0000   45.0000 2395.1553   18.3383
    7.5000  -45.0000   45.0000 2387.3264   18.6702
   -7.5000  -37.5000   45.0000 2506.3735   16.7888
    0.0000  -37.5000   45.0000 2499.0146   16.7330
    7.5000  -37.5000   45.0000 2495.2551   17.1134
   -7.5000  -30.0000   45.0000 2599.6375   15.6116
    0.0000  -30.0000   45.0000 2592.9802   15.5603
    7.5000  -30.0000   45.0000 2582.8398   15.9003
   -7.5000  -22.5000   45.0000 2687.1177   14.7618
    0.0000  -22.5000   45.0000 2680.4619   14.7328
    7.5000  -22.5000   45.0000 2664.6394   15.0502
   -7.5000  -15.0000   45.0000 2759.3420   14.2353
    0.0000  -15.0000   45.0000 2751.4702   14.2453
    7.5000  -15.0000   45.0000 2732.6777   14.5176
   -7.5000   -7.5000   45.0000 2803.4924   13.9636
    0.0000   -7.5000   45.0000 2799.5576   13.9970
    7.5000   -7.5000   45.0000 2771.4951   14.2705
   -7.5000    0.0000   45.0000 2808.6814   13.7999
    0.0000    0.0000   45.0000 2802.8394   13.7876
    7.5000    0.0000   45.0000 2775.3706   14.1663
   -7.5000    7.5000   45.0000 2797.3142   14.1304
    0.0000    7.5000   45.0000 2794.7263   14.1234
    7.5000    7.5000   45.0000 2761.7578   14.4635
   -7.5000   15.0000   45.0000 2754.6675   14.7709
    0.0000   15.0000   45.0000 2757.8301   14.7868
    7.5000   15.0000   45.0000 2723.3091   15.0725
   -7.5000   22.5000   45.0000 2703.8267   15.6489
    0.0000   22.5000   45.0000 2703.0386   15.6370
    7.5000   22.5000   45.0000 2665.5291   15.9098
   -7.5000   30.0000   45.0000 2624.0398   16.7670
    0.0000   30.0000   45.0000 2618.5303   16.7845
    7.5000   30.0000   45.0000 2586.3472   17.0744
   -7.5000   37.5000   45.0000 2518.4661   18.2772
    0.0000   37.5000   45.0000 2516.7324   18.2936
    7.5000   37.5000   45.0000 2482.1782   18.5632
   -7.5000   45.0000   45.0000 2371.9136   20.1791
    0.0000   45.0000   45.0000 2374.9121   20.2017
    7.5000   45.0000   45.0000 2347.8159   20.4530

---------------------------------------------------------------------
imgreg_4dfp /opt/freesurfer/average/711-2C_as_mni_average_305 /opt/freesurfer/average/711-2B_as_mni_average_305_mask talsrcimg_g11 none talsrcimg_to_711-2C_as_mni_average_305_t4 1283
---------------------------------------------------------------------

freesurfer imgreg_4dfp.c
/opt/freesurfer/average/711-2C_as_mni_average_305.4dfp.img
       256       256       256         1
  1.000000  1.000000  1.000000
orientation T byte_order littleendian
Reading image: /opt/freesurfer/average/711-2C_as_mni_average_305.4dfp.img
dimensions:      256       256       256
mmppix:       1.0000   -1.0000   -1.0000
center:     128.0000 -129.0000 -129.0000
/opt/freesurfer/average/711-2B_as_mni_average_305_mask.4dfp.img
       256       256       256         1
  1.000000  1.000000  1.000000
orientation T byte_order littleendian
Reading mask: /opt/freesurfer/average/711-2B_as_mni_average_305_mask.4dfp.img (2306576 pixels)
talsrcimg_g11.4dfp.img
       256       256       256         1
  1.000000  1.000000  1.000000
orientation T byte_order littleendian
Reading image: talsrcimg_g11.4dfp.img
dimensions:      256       256       256
mmppix:       1.0000   -1.0000   -1.0000
center:     128.0000 -129.0000 -129.0000
rotation matrix determinant  1.000000
fimgreg.f
image alignment mode   1283 decimal      503 hex
parameters
    0.0000   -7.5000   15.0000    0.0000    0.0000    0.0000
eta,q 0.93936 12.62907
niter,ni,del,rscale     5    3   12.0000    1.2000
parameter  1  0.553600 ->  0.500000 qaram    1.1500
parameter  3  1.687444 ->  0.500000 qaram    1.1500
parameter  4  5.494930 ->  0.500000 qaram    1.1500
parameter  5  3.950698 -> -0.500000 qaram    1.1500
parameters
   -3.4500   -6.0284   11.5500   -3.4500    3.4500    1.1409
eta,q 0.94250 12.55690
  0.0614  0.0722  0.0583  0.0560  0.0599  0.0600
  0.0590  0.0665  0.0599  0.0585  0.0586  0.0594
  0.0594  0.0609  0.0604  0.0599  0.0593  0.0586
  0.0613  0.0586  0.0598  0.0599  0.0590  0.0578
  0.0658  0.0602  0.0588  0.0593  0.0584  0.0574
  0.0703  0.0621  0.0588  0.0609  0.0576  0.0580
  0.0757  0.0628  0.0614  0.0639  0.0577  0.0592
niter,ni,del,rscale     7    3   12.0000    1.2000
parameter  3  0.086872 -> -0.500000 qaram    1.3225
parameter  4 -1.497482 ->  0.500000 qaram    1.3225
parameters
   -3.7982   -3.3973   15.5175   -7.4175    1.6860    0.0198
eta,q 0.95197 12.63976
  0.0693  0.0621  0.0577  0.0444  0.0518  0.0509
  0.0632  0.0588  0.0560  0.0472  0.0496  0.0493
  0.0587  0.0579  0.0568  0.0525  0.0483  0.0482
  0.0575  0.0575  0.0575  0.0574  0.0486  0.0482
  0.0594  0.0575  0.0576  0.0604  0.0504  0.0495
  0.0648  0.0576  0.0571  0.0620  0.0541  0.0515
  0.0721  0.0572  0.0565  0.0630  0.0582  0.0535
niter,ni,del,rscale     7    3   12.0000    1.2000
parameter  4  1.568428 ->  0.500000 qaram    1.5209
parameters
   -3.2511   -2.6455   15.6190  -11.9801    0.2247   -0.1074
eta,q 0.95736 12.55217
  0.0640  0.0582  0.0541  0.0407  0.0458  0.0449
  0.0559  0.0539  0.0518  0.0428  0.0437  0.0437
  0.0504  0.0501  0.0489  0.0442  0.0425  0.0431
  0.0480  0.0478  0.0476  0.0477  0.0431  0.0426
  0.0488  0.0482  0.0499  0.0537  0.0441  0.0425
  0.0537  0.0510  0.0524  0.0589  0.0462  0.0434
  0.0593  0.0543  0.0530  0.0631  0.0507  0.0456
niter,ni,del,rscale     7    3   12.0000    1.2000
parameter  4  1.045323 ->  0.500000 qaram    1.7490
parameters
   -2.9266   -1.8909   15.2278  -17.2272    0.5900   -0.4238
eta,q 0.96188 12.64730
  0.0582  0.0546  0.0464  0.0365  0.0427  0.0429
  0.0501  0.0476  0.0430  0.0375  0.0400  0.0400
  0.0447  0.0436  0.0414  0.0398  0.0387  0.0384
  0.0426  0.0425  0.0424  0.0422  0.0383  0.0382
  0.0432  0.0424  0.0433  0.0454  0.0385  0.0390
  0.0482  0.0444  0.0433  0.0515  0.0391  0.0411
  0.0557  0.0494  0.0470  0.0576  0.0420  0.0437
niter,ni,del,rscale     7    3   12.0000    1.2000
parameter  4  1.058015 ->  0.500000 qaram    2.0114
parameters
   -3.0869    0.0093   13.6012  -23.2612    0.9669   -1.0571
eta,q 0.97032 12.62380
  0.0506  0.0479  0.0406  0.0305  0.0381  0.0345
  0.0430  0.0427  0.0372  0.0295  0.0338  0.0309
  0.0392  0.0399  0.0359  0.0316  0.0312  0.0295
  0.0381  0.0381  0.0367  0.0361  0.0300  0.0299
  0.0390  0.0367  0.0378  0.0408  0.0300  0.0311
  0.0442  0.0373  0.0406  0.0445  0.0327  0.0331
  0.0518  0.0402  0.0477  0.0514  0.0367  0.0362
niter,ni,del,rscale     7    3   12.0000    1.2000
parameters
   -3.3648    2.0620   12.2706  -25.0681    1.1327   -0.5443
eta,q 0.97415 12.68362
  0.0481  0.0455  0.0359  0.0406  0.0350  0.0342
  0.0378  0.0400  0.0308  0.0326  0.0304  0.0299
  0.0314  0.0348  0.0270  0.0263  0.0273  0.0269
  0.0297  0.0297  0.0269  0.0265  0.0259  0.0259
  0.0318  0.0269  0.0304  0.0339  0.0262  0.0261
  0.0405  0.0291  0.0363  0.0415  0.0300  0.0281
  0.0513  0.0340  0.0452  0.0477  0.0343  0.0318
niter,ni,del,rscale     6    3   12.0000    1.2000
parameters
   -3.6112    1.8760   11.3205  -25.7285    1.3848   -0.4093
eta,q 0.97461 12.68978
  0.0461  0.0383  0.0351  0.0425  0.0347  0.0328
  0.0348  0.0324  0.0308  0.0344  0.0298  0.0289
  0.0274  0.0276  0.0264  0.0270  0.0267  0.0263
  0.0258  0.0258  0.0258  0.0256  0.0254  0.0254
  0.0290  0.0289  0.0282  0.0299  0.0259  0.0260
  0.0377  0.0337  0.0339  0.0383  0.0293  0.0284
  0.0484  0.0394  0.0418  0.0449  0.0333  0.0322
niter,ni,del,rscale     5    3   12.0000    1.2000
parameters
   -3.7319    1.6402   10.8216  -25.9839    1.5262   -0.3477
eta,q 0.97478 12.69523
  0.0463  0.0376  0.0356  0.0433  0.0341  0.0325
  0.0349  0.0317  0.0313  0.0349  0.0293  0.0286
  0.0273  0.0270  0.0268  0.0275  0.0265  0.0260
  0.0254  0.0254  0.0253  0.0253  0.0252  0.0252
  0.0282  0.0285  0.0272  0.0289  0.0260  0.0259
  0.0365  0.0334  0.0323  0.0371  0.0293  0.0284
  0.0472  0.0389  0.0395  0.0436  0.0332  0.0322
niter,ni,del,rscale     4    3   12.0000    1.2000
parameters
   -3.7936    1.5105   10.6156  -26.0788    1.5886   -0.3228
eta,q 0.97484 12.69799
  0.0463  0.0378  0.0362  0.0436  0.0338  0.0323
  0.0350  0.0318  0.0317  0.0352  0.0291  0.0285
  0.0273  0.0270  0.0272  0.0277  0.0264  0.0260
  0.0252  0.0252  0.0252  0.0252  0.0252  0.0252
  0.0279  0.0281  0.0267  0.0286  0.0261  0.0259
  0.0359  0.0330  0.0315  0.0366  0.0293  0.0284
  0.0467  0.0383  0.0384  0.0432  0.0333  0.0322
niter,ni,del,rscale     3    3   12.0000    1.2000
parameters
   -3.8197    1.4530   10.5401  -26.1081    1.6120   -0.3127
eta,q 0.97484 12.69930
  0.0463  0.0380  0.0365  0.0437  0.0337  0.0323
  0.0352  0.0320  0.0318  0.0353  0.0290  0.0285
  0.0274  0.0271  0.0274  0.0278  0.0263  0.0259
  0.0252  0.0252  0.0252  0.0252  0.0252  0.0252
  0.0277  0.0279  0.0265  0.0284  0.0262  0.0259
  0.0357  0.0328  0.0311  0.0364  0.0293  0.0284
  0.0464  0.0380  0.0380  0.0430  0.0334  0.0323
registration optimization eta report
parameter search radius
    6.9000    6.0000    7.9350   12.0681    6.9000    6.0000
100000*second partial in parameter space
       44.       34.       19.       12.       17.       20.
  0.0463  0.0380  0.0365  0.0437  0.0337  0.0323
  0.0352  0.0320  0.0318  0.0353  0.0290  0.0285
  0.0274  0.0271  0.0274  0.0278  0.0263  0.0259
  0.0252  0.0252  0.0252  0.0252  0.0252  0.0252
  0.0277  0.0279  0.0265  0.0284  0.0262  0.0259
  0.0357  0.0328  0.0311  0.0364  0.0293  0.0284
  0.0464  0.0380  0.0380  0.0430  0.0334  0.0323
   -3.8197    1.4530   10.5401  -26.1081    1.6120   -0.3127
eta,q 0.97484 12.69930

---------------------------------------------------------------------
imgreg_4dfp /opt/freesurfer/average/711-2C_as_mni_average_305 /opt/freesurfer/average/711-2B_as_mni_average_305_mask talsrcimg_g11 none talsrcimg_to_711-2C_as_mni_average_305_t4 3335
---------------------------------------------------------------------

freesurfer imgreg_4dfp.c
/opt/freesurfer/average/711-2C_as_mni_average_305.4dfp.img
       256       256       256         1
  1.000000  1.000000  1.000000
orientation T byte_order littleendian
Reading image: /opt/freesurfer/average/711-2C_as_mni_average_305.4dfp.img
dimensions:      256       256       256
mmppix:       1.0000   -1.0000   -1.0000
center:     128.0000 -129.0000 -129.0000
/opt/freesurfer/average/711-2B_as_mni_average_305_mask.4dfp.img
       256       256       256         1
  1.000000  1.000000  1.000000
orientation T byte_order littleendian
Reading mask: /opt/freesurfer/average/711-2B_as_mni_average_305_mask.4dfp.img (2306576 pixels)
talsrcimg_g11.4dfp.img
       256       256       256         1
  1.000000  1.000000  1.000000
orientation T byte_order littleendian
Reading image: talsrcimg_g11.4dfp.img
dimensions:      256       256       256
mmppix:       1.0000   -1.0000   -1.0000
center:     128.0000 -129.0000 -129.0000
fimgreg.f
image alignment mode   3335 decimal      D07 hex
parameters
   -3.8197    1.4530   10.5401   -0.0411  -10.2116  -10.2390
    1.7281   -2.2859   -0.5456   44.0197    2.8132  -43.9892
eta,q 0.97438 12.76478
niter,ni,del,rscale     5    3    5.0000    1.2000
parameter  5  0.775241 ->  0.500000 qaram    1.1500
parameter 12  1.503116 ->  0.500000 qaram    1.1500
parameters
   -3.7014    2.2052   10.6278   -2.0411  -14.3516   -7.4765
    2.5490   -1.3200    0.5717   42.7888    3.3173  -48.1292
eta,q 0.97791 12.59239
  0.0287  0.0292  0.0266  0.0262  0.0237  0.0264  0.0265  0.0274  0.0256  0.0250  0.0239  0.0218
  0.0271  0.0276  0.0260  0.0257  0.0236  0.0252  0.0251  0.0255  0.0246  0.0240  0.0236  0.0220
  0.0261  0.0264  0.0255  0.0253  0.0241  0.0243  0.0241  0.0243  0.0239  0.0235  0.0235  0.0225
  0.0256  0.0256  0.0253  0.0253  0.0252  0.0237  0.0236  0.0236  0.0235  0.0235  0.0234  0.0234
  0.0258  0.0253  0.0254  0.0259  0.0272  0.0236  0.0237  0.0236  0.0235  0.0240  0.0235  0.0244
  0.0267  0.0256  0.0258  0.0270  0.0298  0.0238  0.0243  0.0244  0.0239  0.0250  0.0236  0.0255
  0.0282  0.0265  0.0265  0.0294  0.0328  0.0240  0.0255  0.0258  0.0246  0.0264  0.0237  0.0267
niter,ni,del,rscale     6    3    5.0000    1.2000
parameter 12  0.532567 ->  0.500000 qaram    1.3225
parameters
   -3.6375    2.4101   10.8406   -1.9574  -17.1110   -6.9939
    2.1027   -1.3861    0.6332   44.1074    3.5946  -52.8902
eta,q 0.97880 12.59541
  0.0254  0.0249  0.0238  0.0242  0.0231  0.0240  0.0243  0.0252  0.0237  0.0250  0.0225  0.0218
  0.0237  0.0234  0.0229  0.0232  0.0223  0.0229  0.0229  0.0235  0.0227  0.0235  0.0221  0.0213
  0.0225  0.0225  0.0223  0.0225  0.0219  0.0221  0.0221  0.0223  0.0221  0.0224  0.0219  0.0213
  0.0221  0.0221  0.0221  0.0221  0.0221  0.0219  0.0219  0.0219  0.0219  0.0219  0.0218  0.0218
  0.0224  0.0222  0.0221  0.0222  0.0231  0.0221  0.0223  0.0224  0.0221  0.0219  0.0219  0.0228
  0.0234  0.0229  0.0225  0.0229  0.0251  0.0225  0.0234  0.0236  0.0227  0.0224  0.0221  0.0239
  0.0251  0.0241  0.0233  0.0244  0.0281  0.0235  0.0250  0.0253  0.0236  0.0233  0.0224  0.0252
niter,ni,del,rscale     6    3    5.0000    1.2000
parameters
   -3.6598    2.5373   10.1838   -1.9241  -18.5607   -7.2287
    2.0529   -1.3457    0.8459   45.2376    4.0470  -53.5137
eta,q 0.97897 12.57582
  0.0244  0.0239  0.0219  0.0234  0.0231  0.0232  0.0239  0.0246  0.0231  0.0241  0.0220  0.0236
  0.0227  0.0225  0.0214  0.0223  0.0220  0.0220  0.0224  0.0227  0.0221  0.0226  0.0215  0.0220
  0.0216  0.0216  0.0211  0.0215  0.0213  0.0213  0.0215  0.0215  0.0214  0.0216  0.0212  0.0212
  0.0212  0.0212  0.0212  0.0211  0.0211  0.0211  0.0211  0.0211  0.0211  0.0211  0.0211  0.0211
  0.0216  0.0214  0.0216  0.0212  0.0217  0.0214  0.0214  0.0216  0.0213  0.0212  0.0211  0.0216
  0.0228  0.0222  0.0225  0.0220  0.0232  0.0220  0.0224  0.0227  0.0219  0.0217  0.0214  0.0227
  0.0246  0.0234  0.0236  0.0237  0.0256  0.0236  0.0240  0.0245  0.0229  0.0227  0.0218  0.0241
niter,ni,del,rscale     5    3    5.0000    1.2000
parameters
   -3.7204    2.4194    9.9436   -1.7137  -18.9070   -7.1875
    2.1398   -1.3439    0.9630   45.5607    4.4213  -53.8483
eta,q 0.97899 12.58877
  0.0241  0.0231  0.0222  0.0233  0.0236  0.0233  0.0238  0.0244  0.0229  0.0234  0.0219  0.0238
  0.0224  0.0219  0.0215  0.0223  0.0223  0.0221  0.0224  0.0225  0.0219  0.0222  0.0214  0.0221
  0.0214  0.0212  0.0211  0.0215  0.0214  0.0213  0.0214  0.0214  0.0212  0.0213  0.0211  0.0212
  0.0210  0.0210  0.0210  0.0210  0.0210  0.0210  0.0210  0.0210  0.0210  0.0210  0.0210  0.0210
  0.0215  0.0214  0.0212  0.0211  0.0213  0.0211  0.0213  0.0214  0.0212  0.0212  0.0211  0.0215
  0.0226  0.0223  0.0218  0.0217  0.0224  0.0217  0.0222  0.0225  0.0218  0.0219  0.0213  0.0226
  0.0244  0.0235  0.0228  0.0234  0.0244  0.0235  0.0238  0.0244  0.0227  0.0230  0.0217  0.0240
niter,ni,del,rscale     4    3    5.0000    1.2000
parameters
   -3.7540    2.3712    9.8339   -1.6514  -19.0122   -7.2383
    2.1867   -1.3654    1.0319   45.6376    4.5877  -53.9721
eta,q 0.97901 12.59000
  0.0241  0.0232  0.0223  0.0233  0.0237  0.0232  0.0238  0.0243  0.0228  0.0233  0.0218  0.0239
  0.0224  0.0220  0.0215  0.0222  0.0224  0.0220  0.0223  0.0225  0.0218  0.0221  0.0214  0.0222
  0.0214  0.0212  0.0211  0.0214  0.0215  0.0213  0.0214  0.0214  0.0212  0.0213  0.0211  0.0212
  0.0210  0.0210  0.0210  0.0210  0.0210  0.0210  0.0210  0.0210  0.0210  0.0210  0.0210  0.0210
  0.0214  0.0213  0.0212  0.0210  0.0212  0.0210  0.0213  0.0214  0.0212  0.0213  0.0211  0.0215
  0.0225  0.0221  0.0217  0.0218  0.0223  0.0218  0.0222  0.0224  0.0218  0.0220  0.0213  0.0225
  0.0243  0.0233  0.0226  0.0236  0.0241  0.0236  0.0238  0.0244  0.0227  0.0232  0.0217  0.0239
niter,ni,del,rscale     3    3    5.0000    1.2000
parameters
   -3.7694    2.3529    9.7859   -1.6335  -19.0422   -7.2733
    2.2019   -1.3741    1.0645   45.6579    4.6446  -54.0248
eta,q 0.97901 12.58984
  0.0241  0.0232  0.0223  0.0232  0.0238  0.0233  0.0237  0.0243  0.0228  0.0232  0.0218  0.0240
  0.0224  0.0220  0.0216  0.0222  0.0224  0.0221  0.0223  0.0225  0.0218  0.0220  0.0213  0.0222
  0.0214  0.0212  0.0211  0.0214  0.0215  0.0213  0.0214  0.0214  0.0212  0.0213  0.0211  0.0212
  0.0210  0.0210  0.0210  0.0210  0.0210  0.0210  0.0210  0.0210  0.0210  0.0210  0.0210  0.0210
  0.0214  0.0213  0.0211  0.0211  0.0212  0.0210  0.0213  0.0213  0.0212  0.0213  0.0211  0.0215
  0.0225  0.0221  0.0216  0.0218  0.0222  0.0218  0.0222  0.0224  0.0218  0.0220  0.0213  0.0225
  0.0242  0.0233  0.0225  0.0236  0.0241  0.0236  0.0238  0.0244  0.0227  0.0232  0.0217  0.0238
niter,ni,del,rscale     2    3    5.0000    1.2000
parameters
   -3.7740    2.3477    9.7667   -1.6310  -19.0537   -7.2872
    2.2058   -1.3798    1.0746   45.6726    4.6607  -54.0476
eta,q 0.97900 12.58997
  0.0241  0.0232  0.0224  0.0232  0.0238  0.0233  0.0237  0.0243  0.0227  0.0232  0.0218  0.0240
  0.0224  0.0220  0.0216  0.0222  0.0224  0.0221  0.0223  0.0225  0.0218  0.0220  0.0213  0.0222
  0.0214  0.0212  0.0212  0.0214  0.0215  0.0213  0.0214  0.0214  0.0212  0.0213  0.0211  0.0212
  0.0210  0.0210  0.0210  0.0210  0.0210  0.0210  0.0210  0.0210  0.0210  0.0210  0.0210  0.0210
  0.0214  0.0213  0.0211  0.0211  0.0212  0.0210  0.0213  0.0213  0.0212  0.0213  0.0211  0.0214
  0.0224  0.0220  0.0216  0.0218  0.0222  0.0218  0.0222  0.0224  0.0218  0.0220  0.0213  0.0224
  0.0242  0.0232  0.0224  0.0236  0.0240  0.0236  0.0238  0.0244  0.0227  0.0232  0.0218  0.0238
registration optimization eta report
parameter search radius
    2.4000    2.4000    2.4000    7.2000    8.2800    7.2000
    7.2000    7.2000    7.2000    7.2000    7.2000    9.5220
100000*second partial in parameter space
       55.       39.       24.        5.        4.        5.
        5.        7.        3.        4.        1.        3.
  0.0241  0.0232  0.0224  0.0232  0.0238  0.0233  0.0237  0.0243  0.0227  0.0232  0.0218  0.0240
  0.0224  0.0220  0.0216  0.0222  0.0224  0.0221  0.0223  0.0225  0.0218  0.0220  0.0213  0.0222
  0.0214  0.0212  0.0212  0.0214  0.0215  0.0213  0.0214  0.0214  0.0212  0.0213  0.0211  0.0212
  0.0210  0.0210  0.0210  0.0210  0.0210  0.0210  0.0210  0.0210  0.0210  0.0210  0.0210  0.0210
  0.0214  0.0213  0.0211  0.0211  0.0212  0.0210  0.0213  0.0213  0.0212  0.0213  0.0211  0.0214
  0.0224  0.0220  0.0216  0.0218  0.0222  0.0218  0.0222  0.0224  0.0218  0.0220  0.0213  0.0224
  0.0242  0.0232  0.0224  0.0236  0.0240  0.0236  0.0238  0.0244  0.0227  0.0232  0.0218  0.0238
   -3.7740    2.3477    9.7667   -1.6310  -19.0537   -7.2872
    2.2058   -1.3798    1.0746   45.6726    4.6607  -54.0476
eta,q 0.97900 12.58997

---------------------------------------------------------------------
imgreg_4dfp /opt/freesurfer/average/711-2C_as_mni_average_305 /opt/freesurfer/average/711-2B_as_mni_average_305_mask talsrcimg_g11 none talsrcimg_to_711-2C_as_mni_average_305_t4 2311
---------------------------------------------------------------------

freesurfer imgreg_4dfp.c
/opt/freesurfer/average/711-2C_as_mni_average_305.4dfp.img
       256       256       256         1
  1.000000  1.000000  1.000000
orientation T byte_order littleendian
Reading image: /opt/freesurfer/average/711-2C_as_mni_average_305.4dfp.img
dimensions:      256       256       256
mmppix:       1.0000   -1.0000   -1.0000
center:     128.0000 -129.0000 -129.0000
/opt/freesurfer/average/711-2B_as_mni_average_305_mask.4dfp.img
       256       256       256         1
  1.000000  1.000000  1.000000
orientation T byte_order littleendian
Reading mask: /opt/freesurfer/average/711-2B_as_mni_average_305_mask.4dfp.img (2306576 pixels)
talsrcimg_g11.4dfp.img
       256       256       256         1
  1.000000  1.000000  1.000000
orientation T byte_order littleendian
Reading image: talsrcimg_g11.4dfp.img
dimensions:      256       256       256
mmppix:       1.0000   -1.0000   -1.0000
center:     128.0000 -129.0000 -129.0000
fimgreg.f
image alignment mode   2311 decimal      907 hex
parameters
   -3.7740    2.3477    9.7667   -1.6310  -19.0537   -7.2872
    2.2058   -1.3798    1.0746   45.6726    4.6607  -54.0476
eta,q 0.97900 12.58997
niter,ni,del,rscale     5    3    5.0000    0.8000
parameters
   -3.7705    2.3264    9.7819   -1.0369  -18.6823   -6.7060
    2.2347   -1.1922    1.0777   45.9085    5.0501  -54.2083
eta,q 0.97911 12.66916
  0.0224  0.0220  0.0216  0.0222  0.0221  0.0221  0.0222  0.0225  0.0217  0.0221  0.0213  0.0217
  0.0216  0.0214  0.0213  0.0217  0.0216  0.0215  0.0215  0.0216  0.0213  0.0215  0.0211  0.0212
  0.0212  0.0211  0.0211  0.0212  0.0212  0.0211  0.0211  0.0211  0.0210  0.0211  0.0210  0.0209
  0.0210  0.0210  0.0210  0.0210  0.0210  0.0209  0.0209  0.0209  0.0209  0.0209  0.0209  0.0209
  0.0212  0.0211  0.0210  0.0210  0.0210  0.0209  0.0210  0.0210  0.0210  0.0210  0.0209  0.0210
  0.0216  0.0215  0.0212  0.0212  0.0213  0.0211  0.0215  0.0214  0.0213  0.0213  0.0210  0.0213
  0.0224  0.0220  0.0216  0.0218  0.0219  0.0217  0.0222  0.0223  0.0217  0.0219  0.0212  0.0217
niter,ni,del,rscale     4    3    5.0000    0.7000
parameters
   -3.8165    2.2984    9.6699   -0.7652  -18.6404   -6.6855
    2.3137   -1.1403    1.1613   46.0243    5.3573  -54.2684
eta,q 0.97914 12.69011
  0.0219  0.0217  0.0213  0.0218  0.0217  0.0216  0.0219  0.0220  0.0215  0.0217  0.0212  0.0215
  0.0213  0.0212  0.0210  0.0214  0.0213  0.0212  0.0213  0.0214  0.0212  0.0213  0.0210  0.0211
  0.0210  0.0210  0.0209  0.0211  0.0210  0.0210  0.0210  0.0210  0.0209  0.0210  0.0209  0.0209
  0.0209  0.0209  0.0209  0.0209  0.0209  0.0209  0.0209  0.0209  0.0209  0.0209  0.0209  0.0209
  0.0210  0.0210  0.0210  0.0209  0.0209  0.0209  0.0210  0.0209  0.0209  0.0209  0.0209  0.0209
  0.0214  0.0213  0.0212  0.0211  0.0212  0.0211  0.0213  0.0213  0.0211  0.0212  0.0209  0.0212
  0.0221  0.0217  0.0215  0.0217  0.0217  0.0217  0.0218  0.0220  0.0214  0.0217  0.0211  0.0215
niter,ni,del,rscale     3    3    5.0000    0.6000
parameters
   -3.8486    2.2748    9.5871   -0.5916  -18.5952   -6.6040
    2.3570   -1.0736    1.2259   46.1307    5.4884  -54.3140
eta,q 0.97918 12.70712
  0.0216  0.0214  0.0212  0.0215  0.0215  0.0214  0.0216  0.0217  0.0213  0.0215  0.0211  0.0213
  0.0212  0.0211  0.0210  0.0212  0.0212  0.0212  0.0212  0.0213  0.0210  0.0212  0.0209  0.0210
  0.0209  0.0209  0.0209  0.0210  0.0209  0.0210  0.0209  0.0210  0.0209  0.0209  0.0209  0.0209
  0.0209  0.0209  0.0209  0.0209  0.0208  0.0208  0.0208  0.0208  0.0208  0.0208  0.0208  0.0208
  0.0210  0.0209  0.0209  0.0209  0.0209  0.0208  0.0209  0.0209  0.0209  0.0209  0.0208  0.0209
  0.0213  0.0211  0.0210  0.0211  0.0211  0.0210  0.0211  0.0212  0.0210  0.0211  0.0209  0.0210
  0.0217  0.0215  0.0213  0.0215  0.0215  0.0215  0.0215  0.0217  0.0213  0.0214  0.0210  0.0213
niter,ni,del,rscale     2    3    5.0000    0.5000
parameters
   -3.8669    2.2544    9.5491   -0.4519  -18.5604   -6.4720
    2.3954   -1.0092    1.2450   46.1944    5.5840  -54.3002
eta,q 0.97919 12.72057
  0.0214  0.0212  0.0211  0.0213  0.0213  0.0213  0.0213  0.0214  0.0211  0.0213  0.0210  0.0211
  0.0211  0.0210  0.0209  0.0211  0.0210  0.0211  0.0211  0.0211  0.0210  0.0210  0.0209  0.0209
  0.0209  0.0209  0.0208  0.0209  0.0209  0.0209  0.0209  0.0209  0.0208  0.0209  0.0208  0.0208
  0.0208  0.0208  0.0208  0.0208  0.0208  0.0208  0.0208  0.0208  0.0208  0.0208  0.0208  0.0208
  0.0209  0.0209  0.0209  0.0208  0.0209  0.0208  0.0209  0.0208  0.0208  0.0209  0.0208  0.0208
  0.0211  0.0210  0.0210  0.0210  0.0210  0.0210  0.0210  0.0210  0.0210  0.0210  0.0209  0.0210
  0.0214  0.0213  0.0211  0.0213  0.0213  0.0213  0.0213  0.0214  0.0211  0.0213  0.0210  0.0211
niter,ni,del,rscale     1    3    5.0000    0.4000
parameters
   -3.8755    2.2396    9.5440   -0.3446  -18.5129   -6.3381
    2.4312   -0.9494    1.2402   46.2429    5.5724  -54.2537
eta,q 0.97920 12.73198
  0.0212  0.0211  0.0210  0.0211  0.0211  0.0211  0.0211  0.0212  0.0210  0.0211  0.0209  0.0210
  0.0210  0.0209  0.0209  0.0210  0.0210  0.0210  0.0210  0.0210  0.0209  0.0210  0.0208  0.0209
  0.0209  0.0208  0.0208  0.0209  0.0209  0.0209  0.0208  0.0209  0.0208  0.0208  0.0208  0.0208
  0.0208  0.0208  0.0208  0.0208  0.0208  0.0208  0.0208  0.0208  0.0208  0.0208  0.0208  0.0208
  0.0209  0.0208  0.0208  0.0208  0.0208  0.0208  0.0208  0.0208  0.0208  0.0208  0.0208  0.0208
  0.0210  0.0209  0.0209  0.0209  0.0209  0.0209  0.0209  0.0210  0.0209  0.0209  0.0208  0.0209
  0.0212  0.0211  0.0210  0.0211  0.0211  0.0211  0.0211  0.0212  0.0210  0.0211  0.0209  0.0210
registration optimization eta report
parameter search radius
    0.8000    0.8000    0.8000    2.4000    2.4000    2.4000
    2.4000    2.4000    2.4000    2.4000    2.4000    2.4000
100000*second partial in parameter space
       60.       43.       27.        6.        5.        5.
        6.        7.        4.        5.        2.        4.
  0.0212  0.0211  0.0210  0.0211  0.0211  0.0211  0.0211  0.0212  0.0210  0.0211  0.0209  0.0210
  0.0210  0.0209  0.0209  0.0210  0.0210  0.0210  0.0210  0.0210  0.0209  0.0210  0.0208  0.0209
  0.0209  0.0208  0.0208  0.0209  0.0209  0.0209  0.0208  0.0209  0.0208  0.0208  0.0208  0.0208
  0.0208  0.0208  0.0208  0.0208  0.0208  0.0208  0.0208  0.0208  0.0208  0.0208  0.0208  0.0208
  0.0209  0.0208  0.0208  0.0208  0.0208  0.0208  0.0208  0.0208  0.0208  0.0208  0.0208  0.0208
  0.0210  0.0209  0.0209  0.0209  0.0209  0.0209  0.0209  0.0210  0.0209  0.0209  0.0208  0.0209
  0.0212  0.0211  0.0210  0.0211  0.0211  0.0211  0.0211  0.0212  0.0210  0.0211  0.0209  0.0210
   -3.8755    2.2396    9.5440   -0.3446  -18.5129   -6.3381
    2.4312   -0.9494    1.2402   46.2429    5.5724  -54.2537
eta,q 0.97920 12.73198

---------------------------------------------------------------------
imgreg_4dfp /opt/freesurfer/average/711-2C_as_mni_average_305 /opt/freesurfer/average/711-2B_as_mni_average_305_mask talsrcimg_g11 none talsrcimg_to_711-2C_as_mni_average_305_t4 2311
---------------------------------------------------------------------

freesurfer imgreg_4dfp.c
/opt/freesurfer/average/711-2C_as_mni_average_305.4dfp.img
       256       256       256         1
  1.000000  1.000000  1.000000
orientation T byte_order littleendian
Reading image: /opt/freesurfer/average/711-2C_as_mni_average_305.4dfp.img
dimensions:      256       256       256
mmppix:       1.0000   -1.0000   -1.0000
center:     128.0000 -129.0000 -129.0000
/opt/freesurfer/average/711-2B_as_mni_average_305_mask.4dfp.img
       256       256       256         1
  1.000000  1.000000  1.000000
orientation T byte_order littleendian
Reading mask: /opt/freesurfer/average/711-2B_as_mni_average_305_mask.4dfp.img (2306576 pixels)
talsrcimg_g11.4dfp.img
       256       256       256         1
  1.000000  1.000000  1.000000
orientation T byte_order littleendian
Reading image: talsrcimg_g11.4dfp.img
dimensions:      256       256       256
mmppix:       1.0000   -1.0000   -1.0000
center:     128.0000 -129.0000 -129.0000
fimgreg.f
image alignment mode   2311 decimal      907 hex
parameters
   -3.8755    2.2396    9.5440   -0.3446  -18.5129   -6.3381
    2.4312   -0.9494    1.2402   46.2429    5.5724  -54.2538
eta,q 0.97920 12.73199
niter,ni,del,rscale     5    3    5.0000    0.8000
parameters
   -3.8513    2.2465    9.5852   -0.8346  -18.6964   -6.8227
    2.4156   -1.2390    1.2632   45.9885    5.4305  -54.3193
eta,q 0.97913 12.67874
  0.0224  0.0219  0.0216  0.0218  0.0218  0.0218  0.0221  0.0222  0.0217  0.0219  0.0212  0.0217
  0.0215  0.0213  0.0211  0.0213  0.0213  0.0213  0.0214  0.0215  0.0212  0.0213  0.0210  0.0212
  0.0210  0.0209  0.0209  0.0210  0.0210  0.0210  0.0210  0.0210  0.0210  0.0210  0.0209  0.0209
  0.0208  0.0208  0.0208  0.0208  0.0208  0.0208  0.0209  0.0209  0.0209  0.0209  0.0209  0.0209
  0.0210  0.0209  0.0209  0.0209  0.0210  0.0209  0.0210  0.0210  0.0210  0.0210  0.0209  0.0210
  0.0215  0.0213  0.0211  0.0215  0.0214  0.0215  0.0214  0.0216  0.0212  0.0214  0.0210  0.0213
  0.0223  0.0219  0.0215  0.0226  0.0220  0.0225  0.0221  0.0227  0.0216  0.0221  0.0213  0.0217
niter,ni,del,rscale     4    3    5.0000    0.7000
parameters
   -3.8466    2.2692    9.5776   -0.7378  -18.6799   -6.7852
    2.3549   -1.1414    1.2381   46.0414    5.4610  -54.3600
eta,q 0.97915 12.68794
  0.0220  0.0217  0.0214  0.0218  0.0217  0.0217  0.0218  0.0220  0.0215  0.0217  0.0211  0.0215
  0.0214  0.0213  0.0211  0.0213  0.0213  0.0213  0.0213  0.0214  0.0211  0.0213  0.0210  0.0211
  0.0210  0.0210  0.0209  0.0210  0.0210  0.0210  0.0210  0.0210  0.0209  0.0210  0.0209  0.0209
  0.0209  0.0209  0.0209  0.0209  0.0209  0.0209  0.0209  0.0209  0.0209  0.0209  0.0209  0.0209
  0.0210  0.0210  0.0209  0.0209  0.0209  0.0209  0.0210  0.0209  0.0209  0.0209  0.0209  0.0209
  0.0214  0.0212  0.0211  0.0212  0.0212  0.0211  0.0213  0.0213  0.0211  0.0212  0.0210  0.0212
  0.0220  0.0216  0.0214  0.0218  0.0217  0.0218  0.0219  0.0220  0.0215  0.0217  0.0212  0.0215
niter,ni,del,rscale     3    3    5.0000    0.6000
parameters
   -3.8568    2.2619    9.5527   -0.5865  -18.6199   -6.6486
    2.3764   -1.0722    1.2515   46.1329    5.5420  -54.3501
eta,q 0.97917 12.70508
  0.0217  0.0214  0.0212  0.0215  0.0215  0.0215  0.0216  0.0217  0.0213  0.0215  0.0211  0.0213
  0.0212  0.0211  0.0210  0.0212  0.0212  0.0212  0.0212  0.0213  0.0210  0.0212  0.0209  0.0210
  0.0209  0.0209  0.0209  0.0210  0.0210  0.0210  0.0209  0.0210  0.0209  0.0209  0.0209  0.0209
  0.0209  0.0209  0.0209  0.0209  0.0208  0.0208  0.0208  0.0208  0.0208  0.0208  0.0208  0.0208
  0.0210  0.0209  0.0209  0.0209  0.0209  0.0208  0.0209  0.0209  0.0209  0.0209  0.0208  0.0209
  0.0212  0.0211  0.0210  0.0211  0.0211  0.0210  0.0211  0.0212  0.0210  0.0211  0.0209  0.0210
  0.0217  0.0215  0.0212  0.0215  0.0215  0.0215  0.0215  0.0217  0.0213  0.0215  0.0211  0.0213
niter,ni,del,rscale     2    3    5.0000    0.5000
parameters
   -3.8702    2.2505    9.5355   -0.4526  -18.5723   -6.5001
    2.4076   -1.0133    1.2501   46.1954    5.5744  -54.3160
eta,q 0.97919 12.71928
  0.0214  0.0212  0.0211  0.0213  0.0213  0.0213  0.0213  0.0214  0.0211  0.0213  0.0210  0.0212
  0.0211  0.0210  0.0209  0.0211  0.0211  0.0211  0.0211  0.0211  0.0210  0.0210  0.0209  0.0209
  0.0209  0.0209  0.0209  0.0209  0.0209  0.0209  0.0209  0.0209  0.0208  0.0209  0.0208  0.0208
  0.0208  0.0208  0.0208  0.0208  0.0208  0.0208  0.0208  0.0208  0.0208  0.0208  0.0208  0.0208
  0.0209  0.0209  0.0209  0.0208  0.0209  0.0208  0.0209  0.0208  0.0209  0.0209  0.0208  0.0209
  0.0211  0.0210  0.0210  0.0210  0.0210  0.0210  0.0210  0.0210  0.0210  0.0210  0.0209  0.0210
  0.0214  0.0213  0.0211  0.0213  0.0213  0.0213  0.0213  0.0214  0.0211  0.0213  0.0210  0.0211
niter,ni,del,rscale     1    3    5.0000    0.4000
parameters
   -3.8767    2.2364    9.5332   -0.3473  -18.5198   -6.3483
    2.4251   -0.9606    1.2404   46.2529    5.5349  -54.2678
eta,q 0.97920 12.73175
  0.0212  0.0211  0.0210  0.0211  0.0211  0.0211  0.0211  0.0212  0.0210  0.0211  0.0209  0.0210
  0.0210  0.0209  0.0209  0.0210  0.0210  0.0210  0.0210  0.0210  0.0209  0.0210  0.0208  0.0209
  0.0209  0.0208  0.0208  0.0209  0.0209  0.0209  0.0208  0.0209  0.0208  0.0208  0.0208  0.0208
  0.0208  0.0208  0.0208  0.0208  0.0208  0.0208  0.0208  0.0208  0.0208  0.0208  0.0208  0.0208
  0.0209  0.0208  0.0208  0.0208  0.0208  0.0208  0.0208  0.0208  0.0208  0.0208  0.0208  0.0208
  0.0210  0.0209  0.0209  0.0209  0.0209  0.0209  0.0209  0.0210  0.0209  0.0209  0.0208  0.0209
  0.0212  0.0211  0.0210  0.0211  0.0211  0.0211  0.0211  0.0212  0.0210  0.0211  0.0209  0.0210
registration optimization eta report
parameter search radius
    0.8000    0.8000    0.8000    2.4000    2.4000    2.4000
    2.4000    2.4000    2.4000    2.4000    2.4000    2.4000
100000*second partial in parameter space
       60.       42.       27.        6.        5.        5.
        6.        7.        4.        6.        2.        4.
  0.0212  0.0211  0.0210  0.0211  0.0211  0.0211  0.0211  0.0212  0.0210  0.0211  0.0209  0.0210
  0.0210  0.0209  0.0209  0.0210  0.0210  0.0210  0.0210  0.0210  0.0209  0.0210  0.0208  0.0209
  0.0209  0.0208  0.0208  0.0209  0.0209  0.0209  0.0208  0.0209  0.0208  0.0208  0.0208  0.0208
  0.0208  0.0208  0.0208  0.0208  0.0208  0.0208  0.0208  0.0208  0.0208  0.0208  0.0208  0.0208
  0.0209  0.0208  0.0208  0.0208  0.0208  0.0208  0.0208  0.0208  0.0208  0.0208  0.0208  0.0208
  0.0210  0.0209  0.0209  0.0209  0.0209  0.0209  0.0209  0.0210  0.0209  0.0209  0.0208  0.0209
  0.0212  0.0211  0.0210  0.0211  0.0211  0.0211  0.0211  0.0212  0.0210  0.0211  0.0209  0.0210
   -3.8767    2.2364    9.5332   -0.3473  -18.5198   -6.3483
    2.4251   -0.9606    1.2404   46.2529    5.5349  -54.2678
eta,q 0.97920 12.73175

---------------------------------------------------------------------
compute_vox2vox talsrcimg talsrcimg_to_711-2C_as_mni_average_305_t4 /opt/freesurfer/average/711-2C_as_mni_average_305
---------------------------------------------------------------------

freesurfer compute_vox2vox.c
Reading: talsrcimg.4dfp.ifh
Reading: talsrcimg_to_711-2C_as_mni_average_305_t4
Reading: /opt/freesurfer/average/711-2C_as_mni_average_305.4dfp.ifh
Writing: talsrcimg_to_711-2C_as_mni_average_305_t4_vox2vox.txt

start time Sun Mar 8 12:45:52 CET 2026
end		time Sun Mar 8 12:47:17 CET 2026

mpr2mni305 success

avi2talxfm orig_nu.mgz /opt/freesurfer/average/mni305.cor.mgz talsrcimg_to_711-2C_as_mni_average_305_t4_vox2vox.txt transforms/talairach.auto.xfm
avi2talxfm done
mv -f /out/sourcedata/freesurfer/sub-v1s12x0050132_ses-1/mri/talsrcimg_to_711-2C_as_mni_average_305_t4_vox2vox.txt /out/sourcedata/freesurfer/sub-v1s12x0050132_ses-1/mri/transforms/talsrcimg_to_711-2C_as_mni_average_305_t4_vox2vox.txt
lta_convert --src orig_nu.mgz --trg /opt/freesurfer/average/mni305.cor.mgz --inxfm transforms/talairach.auto.xfm --outlta transforms/talairach.auto.xfm.lta --subject fsaverage
7.3.2

--src: orig_nu.mgz src image (geometry).
--trg: /opt/freesurfer/average/mni305.cor.mgz trg image (geometry).
--inmni: transforms/talairach.auto.xfm input MNI/XFM transform.
--outlta: transforms/talairach.auto.xfm.lta output LTA.
--s: fsaverage subject name
 LTA read, type : 1
 1.00266   0.01883  -0.01730  -5.60557;
-0.05125   0.80253   0.53603  -16.26089;
 0.01383  -0.45585   0.92327  -16.03365;
 0.00000   0.00000   0.00000   1.00000;
setting subject to fsaverage
Writing  LTA to file transforms/talairach.auto.xfm.lta...
lta_convert successful.
 
 
Started at Sun Mar 8 12:45:51 CET 2026
Ended   at Sun Mar  8 12:47:17 CET 2026
talairach_avi done
