status file for recon-all
Sun Mar  8 14:37:55 CET 2026
#@# Tessellate rh Sun Mar  8 14:37:55 CET 2026
#@# Smooth1 rh Sun Mar  8 14:37:58 CET 2026
#@# Inflation1 rh Sun Mar  8 14:38:01 CET 2026
#@# QSphere rh Sun Mar  8 14:38:10 CET 2026
#@# Fix Topology rh Sun Mar  8 14:39:03 CET 2026
#@# Smooth2 rh Sun Mar  8 14:46:11 CET 2026
#@# Inflation2 rh Sun Mar  8 14:46:13 CET 2026
#@# Curv .H and .K rh Sun Mar  8 14:46:24 CET 2026
#@# Sphere rh Sun Mar  8 14:47:07 CET 2026
#@# Surf Reg rh Sun Mar  8 14:49:45 CET 2026
#@# Jacobian white rh Sun Mar  8 14:53:12 CET 2026
#@# AvgCurv rh Sun Mar  8 14:53:13 CET 2026
#@# Cortical Parc rh Sun Mar  8 14:53:14 CET 2026
#@# white curv rh Sun Mar  8 14:58:08 CET 2026
#@# white area rh Sun Mar  8 14:58:09 CET 2026
#@# pial curv rh Sun Mar  8 14:58:10 CET 2026
#@# pial area rh Sun Mar  8 14:58:11 CET 2026
#@# thickness rh Sun Mar  8 14:58:12 CET 2026
#@# area and vertex vol rh Sun Mar  8 14:58:40 CET 2026
#@# Curvature Stats rh Sun Mar  8 14:58:41 CET 2026
#@# Cortical Parc 2 rh Sun Mar  8 14:58:43 CET 2026
#@# Cortical Parc 3 rh Sun Mar  8 14:58:55 CET 2026
#@# WM/GM Contrast rh Sun Mar  8 14:59:05 CET 2026
recon-all -s sub-v1s12x0050120_ses-1 finished without error at Sun Mar  8 14:59:07 CET 2026



#New# invocation of recon-all 



status file for recon-all
Sun Mar  8 15:07:33 CET 2026
#@# white curv rh Sun Mar  8 15:07:33 CET 2026
#@# white area rh Sun Mar  8 15:07:33 CET 2026
#@# pial curv rh Sun Mar  8 15:07:33 CET 2026
#@# pial area rh Sun Mar  8 15:07:33 CET 2026
#@# thickness rh Sun Mar  8 15:07:33 CET 2026
#@# area and vertex vol rh Sun Mar  8 15:07:33 CET 2026
#@# Parcellation Stats rh Sun Mar  8 15:07:33 CET 2026
#@# Parcellation Stats 2 rh Sun Mar  8 15:07:49 CET 2026
#@# Parcellation Stats 3 rh Sun Mar  8 15:07:57 CET 2026
#@# BA_exvivo Labels rh Sun Mar  8 15:08:05 CET 2026
recon-all -s sub-v1s12x0050120_ses-1 finished without error at Sun Mar  8 15:10:22 CET 2026
