status file for recon-all
Sun Mar  8 12:42:53 CET 2026
#@# MotionCor Sun Mar  8 12:42:55 CET 2026
#@# Talairach Sun Mar  8 12:43:02 CET 2026
#@# Talairach Failure Detection Sun Mar  8 12:47:32 CET 2026
#@# Nu Intensity Correction Sun Mar  8 12:47:32 CET 2026
#@# Intensity Normalization Sun Mar  8 12:50:47 CET 2026
recon-all -s sub-v1s12x0050120_ses-1 finished without error at Sun Mar  8 12:52:14 CET 2026



#New# invocation of recon-all 



status file for recon-all
Sun Mar  8 12:58:29 CET 2026
#@# EM Registration Sun Mar  8 12:58:29 CET 2026
recon-all -s sub-v1s12x0050120_ses-1 finished without error at Sun Mar  8 13:00:23 CET 2026



#New# invocation of recon-all 



status file for recon-all
Sun Mar  8 13:00:26 CET 2026
#@# CA Normalize Sun Mar  8 13:00:26 CET 2026
#@# CA Reg Sun Mar  8 13:01:51 CET 2026
#@# SubCort Seg Sun Mar  8 13:43:23 CET 2026
#@# CC Seg Sun Mar  8 14:11:45 CET 2026
#@# Merge ASeg Sun Mar  8 14:12:25 CET 2026
#@# Intensity Normalization2 Sun Mar  8 14:12:25 CET 2026
#@# Mask BFS Sun Mar  8 14:14:38 CET 2026
#@# WM Segmentation Sun Mar  8 14:14:38 CET 2026
#@# Fill Sun Mar  8 14:16:32 CET 2026
recon-all -s sub-v1s12x0050120_ses-1 finished without error at Sun Mar  8 14:17:38 CET 2026



#New# invocation of recon-all 



status file for recon-all
Sun Mar  8 14:59:10 CET 2026
#@# white curv lh Sun Mar  8 14:59:10 CET 2026
#@# white area lh Sun Mar  8 14:59:10 CET 2026
#@# pial curv lh Sun Mar  8 14:59:10 CET 2026
#@# pial area lh Sun Mar  8 14:59:10 CET 2026
#@# thickness lh Sun Mar  8 14:59:10 CET 2026
#@# area and vertex vol lh Sun Mar  8 14:59:10 CET 2026
#@# white curv rh Sun Mar  8 14:59:11 CET 2026
#@# white area rh Sun Mar  8 14:59:11 CET 2026
#@# pial curv rh Sun Mar  8 14:59:11 CET 2026
#@# pial area rh Sun Mar  8 14:59:11 CET 2026
#@# thickness rh Sun Mar  8 14:59:11 CET 2026
#@# area and vertex vol rh Sun Mar  8 14:59:11 CET 2026
#@# Cortical ribbon mask Sun Mar  8 14:59:11 CET 2026
recon-all -s sub-v1s12x0050120_ses-1 finished without error at Sun Mar  8 15:04:38 CET 2026



#New# invocation of recon-all 



status file for recon-all
Sun Mar  8 15:10:28 CET 2026
#@# white curv lh Sun Mar  8 15:10:28 CET 2026
#@# white area lh Sun Mar  8 15:10:28 CET 2026
#@# pial curv lh Sun Mar  8 15:10:28 CET 2026
#@# pial area lh Sun Mar  8 15:10:28 CET 2026
#@# thickness lh Sun Mar  8 15:10:28 CET 2026
#@# area and vertex vol lh Sun Mar  8 15:10:28 CET 2026
#@# white curv rh Sun Mar  8 15:10:28 CET 2026
#@# white area rh Sun Mar  8 15:10:28 CET 2026
#@# pial curv rh Sun Mar  8 15:10:28 CET 2026
#@# pial area rh Sun Mar  8 15:10:28 CET 2026
#@# thickness rh Sun Mar  8 15:10:28 CET 2026
#@# area and vertex vol rh Sun Mar  8 15:10:28 CET 2026
#@# Curvature Stats lh Sun Mar  8 15:10:28 CET 2026
#@# Curvature Stats rh Sun Mar  8 15:10:30 CET 2026
#@# Relabel Hypointensities Sun Mar  8 15:10:32 CET 2026
#@# APas-to-ASeg Sun Mar  8 15:10:48 CET 2026
#@# AParc-to-ASeg aparc Sun Mar  8 15:10:54 CET 2026
#@# AParc-to-ASeg aparc.a2009s Sun Mar  8 15:11:21 CET 2026
#@# AParc-to-ASeg aparc.DKTatlas Sun Mar  8 15:11:47 CET 2026
#@# WMParc Sun Mar  8 15:12:14 CET 2026
#@# ASeg Stats Sun Mar  8 15:16:03 CET 2026
recon-all -s sub-v1s12x0050120_ses-1 finished without error at Sun Mar  8 15:16:35 CET 2026
