status file for recon-all
Sun Mar  8 14:15:31 CET 2026
#@# Tessellate lh Sun Mar  8 14:15:31 CET 2026
#@# Smooth1 lh Sun Mar  8 14:15:35 CET 2026
#@# Inflation1 lh Sun Mar  8 14:15:37 CET 2026
#@# QSphere lh Sun Mar  8 14:15:45 CET 2026
#@# Fix Topology lh Sun Mar  8 14:16:32 CET 2026
#@# Smooth2 lh Sun Mar  8 14:22:13 CET 2026
#@# Inflation2 lh Sun Mar  8 14:22:16 CET 2026
#@# Curv .H and .K lh Sun Mar  8 14:22:25 CET 2026
#@# Sphere lh Sun Mar  8 14:23:05 CET 2026
#@# Surf Reg lh Sun Mar  8 14:26:20 CET 2026
#@# Jacobian white lh Sun Mar  8 14:29:50 CET 2026
#@# AvgCurv lh Sun Mar  8 14:29:50 CET 2026
#@# Cortical Parc lh Sun Mar  8 14:29:51 CET 2026
#@# white curv lh Sun Mar  8 14:34:39 CET 2026
#@# white area lh Sun Mar  8 14:34:40 CET 2026
#@# pial curv lh Sun Mar  8 14:34:40 CET 2026
#@# pial area lh Sun Mar  8 14:34:42 CET 2026
#@# thickness lh Sun Mar  8 14:34:42 CET 2026
#@# area and vertex vol lh Sun Mar  8 14:35:07 CET 2026
#@# Curvature Stats lh Sun Mar  8 14:35:08 CET 2026
#@# Cortical Parc 2 lh Sun Mar  8 14:35:10 CET 2026
#@# Cortical Parc 3 lh Sun Mar  8 14:35:21 CET 2026
#@# WM/GM Contrast lh Sun Mar  8 14:35:30 CET 2026
recon-all -s sub-v1s12x0050126_ses-1 finished without error at Sun Mar  8 14:35:32 CET 2026



#New# invocation of recon-all 



status file for recon-all
Sun Mar  8 15:03:54 CET 2026
#@# white curv lh Sun Mar  8 15:03:54 CET 2026
#@# white area lh Sun Mar  8 15:03:54 CET 2026
#@# pial curv lh Sun Mar  8 15:03:54 CET 2026
#@# pial area lh Sun Mar  8 15:03:54 CET 2026
#@# thickness lh Sun Mar  8 15:03:54 CET 2026
#@# area and vertex vol lh Sun Mar  8 15:03:54 CET 2026
#@# Parcellation Stats lh Sun Mar  8 15:03:54 CET 2026
#@# Parcellation Stats 2 lh Sun Mar  8 15:04:08 CET 2026
#@# Parcellation Stats 3 lh Sun Mar  8 15:04:15 CET 2026
#@# BA_exvivo Labels lh Sun Mar  8 15:04:22 CET 2026
recon-all -s sub-v1s12x0050126_ses-1 finished without error at Sun Mar  8 15:06:25 CET 2026
