status file for recon-all
Sun Mar  8 14:33:23 CET 2026
#@# Tessellate lh Sun Mar  8 14:33:23 CET 2026
#@# Smooth1 lh Sun Mar  8 14:33:27 CET 2026
#@# Inflation1 lh Sun Mar  8 14:33:31 CET 2026
#@# QSphere lh Sun Mar  8 14:33:46 CET 2026
#@# Fix Topology lh Sun Mar  8 14:35:20 CET 2026
#@# Smooth2 lh Sun Mar  8 14:45:29 CET 2026
#@# Inflation2 lh Sun Mar  8 14:45:33 CET 2026
#@# Curv .H and .K lh Sun Mar  8 14:45:48 CET 2026
#@# Sphere lh Sun Mar  8 14:46:36 CET 2026
#@# Surf Reg lh Sun Mar  8 14:49:17 CET 2026
#@# Jacobian white lh Sun Mar  8 14:53:45 CET 2026
#@# AvgCurv lh Sun Mar  8 14:53:46 CET 2026
#@# Cortical Parc lh Sun Mar  8 14:53:47 CET 2026
#@# white curv lh Sun Mar  8 15:00:09 CET 2026
#@# white area lh Sun Mar  8 15:00:11 CET 2026
#@# pial curv lh Sun Mar  8 15:00:12 CET 2026
#@# pial area lh Sun Mar  8 15:00:14 CET 2026
#@# thickness lh Sun Mar  8 15:00:15 CET 2026
#@# area and vertex vol lh Sun Mar  8 15:00:48 CET 2026
#@# Curvature Stats lh Sun Mar  8 15:00:50 CET 2026
#@# Cortical Parc 2 lh Sun Mar  8 15:00:53 CET 2026
#@# Cortical Parc 3 lh Sun Mar  8 15:01:08 CET 2026
#@# WM/GM Contrast lh Sun Mar  8 15:01:18 CET 2026
recon-all -s sub-v1s12x0050134_ses-1 finished without error at Sun Mar  8 15:01:22 CET 2026



#New# invocation of recon-all 



status file for recon-all
Sun Mar  8 15:33:14 CET 2026
#@# white curv lh Sun Mar  8 15:33:14 CET 2026
#@# white area lh Sun Mar  8 15:33:14 CET 2026
#@# pial curv lh Sun Mar  8 15:33:14 CET 2026
#@# pial area lh Sun Mar  8 15:33:14 CET 2026
#@# thickness lh Sun Mar  8 15:33:14 CET 2026
#@# area and vertex vol lh Sun Mar  8 15:33:14 CET 2026
#@# Parcellation Stats lh Sun Mar  8 15:33:14 CET 2026
#@# Parcellation Stats 2 lh Sun Mar  8 15:33:34 CET 2026
#@# Parcellation Stats 3 lh Sun Mar  8 15:33:45 CET 2026
#@# BA_exvivo Labels lh Sun Mar  8 15:33:54 CET 2026
recon-all -s sub-v1s12x0050134_ses-1 finished without error at Sun Mar  8 15:36:57 CET 2026
