status file for recon-all
Sun Mar  8 12:42:54 CET 2026
#@# MotionCor Sun Mar  8 12:42:56 CET 2026
#@# Talairach Sun Mar  8 12:43:03 CET 2026
#@# Talairach Failure Detection Sun Mar  8 12:47:26 CET 2026
#@# Nu Intensity Correction Sun Mar  8 12:47:26 CET 2026
#@# Intensity Normalization Sun Mar  8 12:50:42 CET 2026
recon-all -s sub-v1s12x0050134_ses-1 finished without error at Sun Mar  8 12:52:14 CET 2026



#New# invocation of recon-all 



status file for recon-all
Sun Mar  8 12:58:48 CET 2026
#@# EM Registration Sun Mar  8 12:58:48 CET 2026
recon-all -s sub-v1s12x0050134_ses-1 finished without error at Sun Mar  8 13:01:04 CET 2026



#New# invocation of recon-all 



status file for recon-all
Sun Mar  8 13:01:07 CET 2026
#@# CA Normalize Sun Mar  8 13:01:07 CET 2026
#@# CA Reg Sun Mar  8 13:02:27 CET 2026
#@# SubCort Seg Sun Mar  8 13:58:05 CET 2026
#@# CC Seg Sun Mar  8 14:27:25 CET 2026
#@# Merge ASeg Sun Mar  8 14:28:08 CET 2026
#@# Intensity Normalization2 Sun Mar  8 14:28:08 CET 2026
#@# Mask BFS Sun Mar  8 14:30:16 CET 2026
#@# WM Segmentation Sun Mar  8 14:30:17 CET 2026
#@# Fill Sun Mar  8 14:32:17 CET 2026
recon-all -s sub-v1s12x0050134_ses-1 finished without error at Sun Mar  8 14:33:17 CET 2026



#New# invocation of recon-all 



status file for recon-all
Sun Mar  8 15:27:24 CET 2026
#@# white curv lh Sun Mar  8 15:27:24 CET 2026
#@# white area lh Sun Mar  8 15:27:24 CET 2026
#@# pial curv lh Sun Mar  8 15:27:24 CET 2026
#@# pial area lh Sun Mar  8 15:27:24 CET 2026
#@# thickness lh Sun Mar  8 15:27:24 CET 2026
#@# area and vertex vol lh Sun Mar  8 15:27:24 CET 2026
#@# white curv rh Sun Mar  8 15:27:24 CET 2026
#@# white area rh Sun Mar  8 15:27:24 CET 2026
#@# pial curv rh Sun Mar  8 15:27:24 CET 2026
#@# pial area rh Sun Mar  8 15:27:24 CET 2026
#@# thickness rh Sun Mar  8 15:27:24 CET 2026
#@# area and vertex vol rh Sun Mar  8 15:27:24 CET 2026
#@# Cortical ribbon mask Sun Mar  8 15:27:24 CET 2026
recon-all -s sub-v1s12x0050134_ses-1 finished without error at Sun Mar  8 15:33:10 CET 2026



#New# invocation of recon-all 



status file for recon-all
Sun Mar  8 15:40:55 CET 2026
#@# white curv lh Sun Mar  8 15:40:55 CET 2026
#@# white area lh Sun Mar  8 15:40:55 CET 2026
#@# pial curv lh Sun Mar  8 15:40:55 CET 2026
#@# pial area lh Sun Mar  8 15:40:55 CET 2026
#@# thickness lh Sun Mar  8 15:40:55 CET 2026
#@# area and vertex vol lh Sun Mar  8 15:40:55 CET 2026
#@# white curv rh Sun Mar  8 15:40:55 CET 2026
#@# white area rh Sun Mar  8 15:40:55 CET 2026
#@# pial curv rh Sun Mar  8 15:40:55 CET 2026
#@# pial area rh Sun Mar  8 15:40:55 CET 2026
#@# thickness rh Sun Mar  8 15:40:55 CET 2026
#@# area and vertex vol rh Sun Mar  8 15:40:55 CET 2026
#@# Curvature Stats lh Sun Mar  8 15:40:55 CET 2026
#@# Curvature Stats rh Sun Mar  8 15:40:58 CET 2026
#@# Relabel Hypointensities Sun Mar  8 15:41:01 CET 2026
#@# APas-to-ASeg Sun Mar  8 15:41:18 CET 2026
#@# AParc-to-ASeg aparc Sun Mar  8 15:41:27 CET 2026
#@# AParc-to-ASeg aparc.a2009s Sun Mar  8 15:42:12 CET 2026
#@# AParc-to-ASeg aparc.DKTatlas Sun Mar  8 15:42:56 CET 2026
#@# WMParc Sun Mar  8 15:43:40 CET 2026
#@# ASeg Stats Sun Mar  8 15:48:48 CET 2026
recon-all -s sub-v1s12x0050134_ses-1 finished without error at Sun Mar  8 15:49:34 CET 2026
