status file for recon-all
Sun Mar  8 15:01:24 CET 2026
#@# Tessellate rh Sun Mar  8 15:01:24 CET 2026
#@# Smooth1 rh Sun Mar  8 15:01:28 CET 2026
#@# Inflation1 rh Sun Mar  8 15:01:31 CET 2026
#@# QSphere rh Sun Mar  8 15:01:50 CET 2026
#@# Fix Topology rh Sun Mar  8 15:03:25 CET 2026
#@# Smooth2 rh Sun Mar  8 15:10:07 CET 2026
#@# Inflation2 rh Sun Mar  8 15:10:10 CET 2026
#@# Curv .H and .K rh Sun Mar  8 15:10:29 CET 2026
#@# Sphere rh Sun Mar  8 15:11:17 CET 2026
#@# Surf Reg rh Sun Mar  8 15:14:15 CET 2026
#@# Jacobian white rh Sun Mar  8 15:19:21 CET 2026
#@# AvgCurv rh Sun Mar  8 15:19:22 CET 2026
#@# Cortical Parc rh Sun Mar  8 15:19:23 CET 2026
#@# white curv rh Sun Mar  8 15:26:06 CET 2026
#@# white area rh Sun Mar  8 15:26:08 CET 2026
#@# pial curv rh Sun Mar  8 15:26:09 CET 2026
#@# pial area rh Sun Mar  8 15:26:11 CET 2026
#@# thickness rh Sun Mar  8 15:26:12 CET 2026
#@# area and vertex vol rh Sun Mar  8 15:26:46 CET 2026
#@# Curvature Stats rh Sun Mar  8 15:26:48 CET 2026
#@# Cortical Parc 2 rh Sun Mar  8 15:26:51 CET 2026
#@# Cortical Parc 3 rh Sun Mar  8 15:27:06 CET 2026
#@# WM/GM Contrast rh Sun Mar  8 15:27:17 CET 2026
recon-all -s sub-v1s12x0050134_ses-1 finished without error at Sun Mar  8 15:27:20 CET 2026



#New# invocation of recon-all 



status file for recon-all
Sun Mar  8 15:37:01 CET 2026
#@# white curv rh Sun Mar  8 15:37:01 CET 2026
#@# white area rh Sun Mar  8 15:37:01 CET 2026
#@# pial curv rh Sun Mar  8 15:37:01 CET 2026
#@# pial area rh Sun Mar  8 15:37:01 CET 2026
#@# thickness rh Sun Mar  8 15:37:01 CET 2026
#@# area and vertex vol rh Sun Mar  8 15:37:01 CET 2026
#@# Parcellation Stats rh Sun Mar  8 15:37:01 CET 2026
#@# Parcellation Stats 2 rh Sun Mar  8 15:37:21 CET 2026
#@# Parcellation Stats 3 rh Sun Mar  8 15:37:32 CET 2026
#@# BA_exvivo Labels rh Sun Mar  8 15:37:42 CET 2026
recon-all -s sub-v1s12x0050134_ses-1 finished without error at Sun Mar  8 15:40:50 CET 2026
