status file for recon-all
Sun Mar  8 12:42:50 CET 2026
#@# MotionCor Sun Mar  8 12:42:52 CET 2026
#@# Talairach Sun Mar  8 12:42:59 CET 2026
#@# Talairach Failure Detection Sun Mar  8 12:47:24 CET 2026
#@# Nu Intensity Correction Sun Mar  8 12:47:24 CET 2026
#@# Intensity Normalization Sun Mar  8 12:50:41 CET 2026
recon-all -s sub-v1s12x0050123_ses-1 finished without error at Sun Mar  8 12:52:10 CET 2026



#New# invocation of recon-all 



status file for recon-all
Sun Mar  8 12:58:39 CET 2026
#@# EM Registration Sun Mar  8 12:58:39 CET 2026
recon-all -s sub-v1s12x0050123_ses-1 finished without error at Sun Mar  8 13:00:25 CET 2026



#New# invocation of recon-all 



status file for recon-all
Sun Mar  8 13:00:28 CET 2026
#@# CA Normalize Sun Mar  8 13:00:28 CET 2026
#@# CA Reg Sun Mar  8 13:01:48 CET 2026
#@# SubCort Seg Sun Mar  8 13:57:17 CET 2026
#@# CC Seg Sun Mar  8 14:28:10 CET 2026
#@# Merge ASeg Sun Mar  8 14:28:52 CET 2026
#@# Intensity Normalization2 Sun Mar  8 14:28:52 CET 2026
#@# Mask BFS Sun Mar  8 14:31:02 CET 2026
#@# WM Segmentation Sun Mar  8 14:31:02 CET 2026
#@# Fill Sun Mar  8 14:33:02 CET 2026
recon-all -s sub-v1s12x0050123_ses-1 finished without error at Sun Mar  8 14:34:07 CET 2026



#New# invocation of recon-all 



status file for recon-all
Sun Mar  8 15:25:41 CET 2026
#@# white curv lh Sun Mar  8 15:25:41 CET 2026
#@# white area lh Sun Mar  8 15:25:41 CET 2026
#@# pial curv lh Sun Mar  8 15:25:41 CET 2026
#@# pial area lh Sun Mar  8 15:25:41 CET 2026
#@# thickness lh Sun Mar  8 15:25:41 CET 2026
#@# area and vertex vol lh Sun Mar  8 15:25:41 CET 2026
#@# white curv rh Sun Mar  8 15:25:41 CET 2026
#@# white area rh Sun Mar  8 15:25:41 CET 2026
#@# pial curv rh Sun Mar  8 15:25:41 CET 2026
#@# pial area rh Sun Mar  8 15:25:41 CET 2026
#@# thickness rh Sun Mar  8 15:25:41 CET 2026
#@# area and vertex vol rh Sun Mar  8 15:25:41 CET 2026
#@# Cortical ribbon mask Sun Mar  8 15:25:41 CET 2026
recon-all -s sub-v1s12x0050123_ses-1 finished without error at Sun Mar  8 15:30:04 CET 2026



#New# invocation of recon-all 



status file for recon-all
Sun Mar  8 15:37:43 CET 2026
#@# white curv lh Sun Mar  8 15:37:43 CET 2026
#@# white area lh Sun Mar  8 15:37:43 CET 2026
#@# pial curv lh Sun Mar  8 15:37:43 CET 2026
#@# pial area lh Sun Mar  8 15:37:43 CET 2026
#@# thickness lh Sun Mar  8 15:37:43 CET 2026
#@# area and vertex vol lh Sun Mar  8 15:37:43 CET 2026
#@# white curv rh Sun Mar  8 15:37:43 CET 2026
#@# white area rh Sun Mar  8 15:37:43 CET 2026
#@# pial curv rh Sun Mar  8 15:37:43 CET 2026
#@# pial area rh Sun Mar  8 15:37:43 CET 2026
#@# thickness rh Sun Mar  8 15:37:43 CET 2026
#@# area and vertex vol rh Sun Mar  8 15:37:43 CET 2026
#@# Curvature Stats lh Sun Mar  8 15:37:43 CET 2026
#@# Curvature Stats rh Sun Mar  8 15:37:46 CET 2026
#@# Relabel Hypointensities Sun Mar  8 15:37:48 CET 2026
#@# APas-to-ASeg Sun Mar  8 15:38:04 CET 2026
#@# AParc-to-ASeg aparc Sun Mar  8 15:38:13 CET 2026
#@# AParc-to-ASeg aparc.a2009s Sun Mar  8 15:38:50 CET 2026
#@# AParc-to-ASeg aparc.DKTatlas Sun Mar  8 15:39:32 CET 2026
#@# WMParc Sun Mar  8 15:40:16 CET 2026
#@# ASeg Stats Sun Mar  8 15:45:14 CET 2026
recon-all -s sub-v1s12x0050123_ses-1 finished without error at Sun Mar  8 15:45:57 CET 2026
