status file for recon-all
Sun Mar  8 14:34:13 CET 2026
#@# Tessellate lh Sun Mar  8 14:34:13 CET 2026
#@# Smooth1 lh Sun Mar  8 14:34:17 CET 2026
#@# Inflation1 lh Sun Mar  8 14:34:20 CET 2026
#@# QSphere lh Sun Mar  8 14:34:36 CET 2026
#@# Fix Topology lh Sun Mar  8 14:36:13 CET 2026
#@# Smooth2 lh Sun Mar  8 14:42:29 CET 2026
#@# Inflation2 lh Sun Mar  8 14:42:33 CET 2026
#@# Curv .H and .K lh Sun Mar  8 14:42:49 CET 2026
#@# Sphere lh Sun Mar  8 14:43:39 CET 2026
#@# Surf Reg lh Sun Mar  8 14:47:29 CET 2026
#@# Jacobian white lh Sun Mar  8 14:52:28 CET 2026
#@# AvgCurv lh Sun Mar  8 14:52:30 CET 2026
#@# Cortical Parc lh Sun Mar  8 14:52:31 CET 2026
#@# white curv lh Sun Mar  8 14:59:05 CET 2026
#@# white area lh Sun Mar  8 14:59:08 CET 2026
#@# pial curv lh Sun Mar  8 14:59:09 CET 2026
#@# pial area lh Sun Mar  8 14:59:11 CET 2026
#@# thickness lh Sun Mar  8 14:59:12 CET 2026
#@# area and vertex vol lh Sun Mar  8 14:59:43 CET 2026
#@# Curvature Stats lh Sun Mar  8 14:59:45 CET 2026
#@# Cortical Parc 2 lh Sun Mar  8 14:59:48 CET 2026
#@# Cortical Parc 3 lh Sun Mar  8 15:00:02 CET 2026
#@# WM/GM Contrast lh Sun Mar  8 15:00:13 CET 2026
recon-all -s sub-v1s12x0050123_ses-1 finished without error at Sun Mar  8 15:00:17 CET 2026



#New# invocation of recon-all 



status file for recon-all
Sun Mar  8 15:30:09 CET 2026
#@# white curv lh Sun Mar  8 15:30:09 CET 2026
#@# white area lh Sun Mar  8 15:30:09 CET 2026
#@# pial curv lh Sun Mar  8 15:30:09 CET 2026
#@# pial area lh Sun Mar  8 15:30:09 CET 2026
#@# thickness lh Sun Mar  8 15:30:09 CET 2026
#@# area and vertex vol lh Sun Mar  8 15:30:09 CET 2026
#@# Parcellation Stats lh Sun Mar  8 15:30:09 CET 2026
#@# Parcellation Stats 2 lh Sun Mar  8 15:30:30 CET 2026
#@# Parcellation Stats 3 lh Sun Mar  8 15:30:41 CET 2026
#@# BA_exvivo Labels lh Sun Mar  8 15:30:52 CET 2026
recon-all -s sub-v1s12x0050123_ses-1 finished without error at Sun Mar  8 15:33:56 CET 2026
