status file for recon-all
Sun Mar  8 15:00:19 CET 2026
#@# Tessellate rh Sun Mar  8 15:00:19 CET 2026
#@# Smooth1 rh Sun Mar  8 15:00:23 CET 2026
#@# Inflation1 rh Sun Mar  8 15:00:26 CET 2026
#@# QSphere rh Sun Mar  8 15:00:42 CET 2026
#@# Fix Topology rh Sun Mar  8 15:02:15 CET 2026
#@# Smooth2 rh Sun Mar  8 15:08:09 CET 2026
#@# Inflation2 rh Sun Mar  8 15:08:12 CET 2026
#@# Curv .H and .K rh Sun Mar  8 15:08:28 CET 2026
#@# Sphere rh Sun Mar  8 15:09:19 CET 2026
#@# Surf Reg rh Sun Mar  8 15:12:47 CET 2026
#@# Jacobian white rh Sun Mar  8 15:17:26 CET 2026
#@# AvgCurv rh Sun Mar  8 15:17:27 CET 2026
#@# Cortical Parc rh Sun Mar  8 15:17:28 CET 2026
#@# white curv rh Sun Mar  8 15:24:23 CET 2026
#@# white area rh Sun Mar  8 15:24:26 CET 2026
#@# pial curv rh Sun Mar  8 15:24:27 CET 2026
#@# pial area rh Sun Mar  8 15:24:29 CET 2026
#@# thickness rh Sun Mar  8 15:24:30 CET 2026
#@# area and vertex vol rh Sun Mar  8 15:25:02 CET 2026
#@# Curvature Stats rh Sun Mar  8 15:25:04 CET 2026
#@# Cortical Parc 2 rh Sun Mar  8 15:25:07 CET 2026
#@# Cortical Parc 3 rh Sun Mar  8 15:25:23 CET 2026
#@# WM/GM Contrast rh Sun Mar  8 15:25:33 CET 2026
recon-all -s sub-v1s12x0050123_ses-1 finished without error at Sun Mar  8 15:25:37 CET 2026



#New# invocation of recon-all 



status file for recon-all
Sun Mar  8 15:33:57 CET 2026
#@# white curv rh Sun Mar  8 15:33:57 CET 2026
#@# white area rh Sun Mar  8 15:33:57 CET 2026
#@# pial curv rh Sun Mar  8 15:33:57 CET 2026
#@# pial area rh Sun Mar  8 15:33:58 CET 2026
#@# thickness rh Sun Mar  8 15:33:58 CET 2026
#@# area and vertex vol rh Sun Mar  8 15:33:58 CET 2026
#@# Parcellation Stats rh Sun Mar  8 15:33:58 CET 2026
#@# Parcellation Stats 2 rh Sun Mar  8 15:34:19 CET 2026
#@# Parcellation Stats 3 rh Sun Mar  8 15:34:29 CET 2026
#@# BA_exvivo Labels rh Sun Mar  8 15:34:40 CET 2026
recon-all -s sub-v1s12x0050123_ses-1 finished without error at Sun Mar  8 15:37:38 CET 2026
