/out/sourcedata/freesurfer/sub-v1s12x0050122_ses-1/mri
/opt/freesurfer/bin/talairach_avi
--i orig_nu.mgz --xfm transforms/talairach.auto.xfm
talairach_avi 7.3.2
Linux dna063 5.14.0-427.37.1.el9_4.x86_64 #1 SMP PREEMPT_DYNAMIC Fri Sep 13 12:41:50 EDT 2024 x86_64 x86_64 x86_64 GNU/Linux
Sun Mar  8 12:45:50 CET 2026
mri_convert orig_nu.mgz talsrcimg.img 
reading from orig_nu.mgz...
TR=0.00, TE=0.00, TI=0.00, flip angle=0.00
i_ras = (-1, 0, 0)
j_ras = (0, 0, -1)
k_ras = (0, 1, 0)
writing to talsrcimg.img...
Analyze Output Matrix
-1.00000   0.00000   0.00000   126.28869;
 0.00000   0.00000   1.00000  -123.64165;
 0.00000  -1.00000   0.00000   123.09683;
 0.00000   0.00000   0.00000   1.00000;
--------------------
INFO: set hdr.hist.orient to -1
mpr2mni305 talsrcimg
Sun Mar  8 12:45:51 CET 2026
/opt/freesurfer/bin/mpr2mni305 talsrcimg
mpr2mni305 7.3.2
target=711-2C_as_mni_average_305

---------------------------------------------------------------------
analyzeto4dfp talsrcimg -O0 -y
---------------------------------------------------------------------

freesurfer ifh2hdr.c
Sun Mar  8 12:45:51 2026
Writing: talsrcimg.4dfp.hdr
freesurfer analyzeto4dfp.c
Reading: talsrcimg.hdr
header size 348 bytes
hdr.dime.datatype	offset=70	value=2
hdr.dime.bitpix		offset=72	value=8
hdr.hist.orient		offset=252	value=-1
dimensionality     4
dimensions       256       256       256         1
Reading: talsrcimg.img
Writing: talsrcimg.4dfp.img
Writing: talsrcimg.4dfp.ifh
ifh2hdr talsrcimg -r0to198
ori=2

---------------------------------------------------------------------
gauss_4dfp talsrcimg 1.1
---------------------------------------------------------------------

freesurfer gauss_4dfp.c
Reading: talsrcimg.4dfp.img
Writing: talsrcimg_g11.4dfp.img
image dimensions 256 256 256 padded to 288 288 288
processing volume 1freesurfer ifh2hdr.c
Sun Mar  8 12:45:52 2026
Writing: talsrcimg_g11.4dfp.hdr

Writing: talsrcimg_g11.4dfp.ifh
including: talsrcimg.4dfp.img.rec in talsrcimg_g11.4dfp.img.rec

---------------------------------------------------------------------
imgreg_4dfp /opt/freesurfer/average/711-2C_as_mni_average_305 none talsrcimg_g11 none talsrcimg_to_711-2C_as_mni_average_305_t4 4355
---------------------------------------------------------------------

freesurfer imgreg_4dfp.c
/opt/freesurfer/average/711-2C_as_mni_average_305.4dfp.img
       256       256       256         1
  1.000000  1.000000  1.000000
orientation T byte_order littleendian
Reading image: /opt/freesurfer/average/711-2C_as_mni_average_305.4dfp.img
dimensions:      256       256       256
mmppix:       1.0000   -1.0000   -1.0000
center:     128.0000 -129.0000 -129.0000
talsrcimg_g11.4dfp.img
       256       256       256         1
  1.000000  1.000000  1.000000
orientation T byte_order littleendian
Reading image: talsrcimg_g11.4dfp.img
dimensions:      256       256       256
mmppix:       1.0000   -1.0000   -1.0000
center:     128.0000 -129.0000 -129.0000
t4_read: open error in t4_sub.f l:  41 t4_file(1:l)talsrcimg_to_711-2C_as_mni_average_305_t4 
t4_read: transform initialized to I4
rotation matrix determinant  1.000000
image alignment mode   4355 decimal     1103 hex
   -7.5000  -45.0000  -45.0000 9276.7285   25.1270
    0.0000  -45.0000  -45.0000 9562.5889   25.0500
    7.5000  -45.0000  -45.0000 9019.0947   25.0119
   -7.5000  -37.5000  -45.0000 9623.7539   25.1502
    0.0000  -37.5000  -45.0000 9930.3301   25.0839
    7.5000  -37.5000  -45.0000 9359.6914   25.0346
   -7.5000  -30.0000  -45.000010311.0029   25.1926
    0.0000  -30.0000  -45.000010628.2275   25.1424
    7.5000  -30.0000  -45.000010002.1504   25.0770
   -7.5000  -22.5000  -45.000010955.6572   25.1935
    0.0000  -22.5000  -45.000011272.3320   25.1465
    7.5000  -22.5000  -45.000010633.3389   25.0771
   -7.5000  -15.0000  -45.000011483.9707   25.1583
    0.0000  -15.0000  -45.000011820.9873   25.1021
    7.5000  -15.0000  -45.000011161.2900   25.0424
   -7.5000   -7.5000  -45.000011897.1982   25.1242
    0.0000   -7.5000  -45.000012222.3887   25.0539
    7.5000   -7.5000  -45.000011558.8994   25.0093
   -7.5000    0.0000  -45.000012212.6504   25.1170
    0.0000    0.0000  -45.000012540.4463   25.0397
    7.5000    0.0000  -45.000011825.0488   25.0015
   -7.5000    7.5000  -45.000011638.1572   25.1502
    0.0000    7.5000  -45.000011990.4033   25.0839
    7.5000    7.5000  -45.000011248.1846   25.0346
   -7.5000   15.0000  -45.000010871.4600   25.1926
    0.0000   15.0000  -45.000011201.3418   25.1424
    7.5000   15.0000  -45.000010503.1299   25.0770
   -7.5000   22.5000  -45.0000 9944.1768   25.1900
    0.0000   22.5000  -45.000010265.5732   25.1430
    7.5000   22.5000  -45.0000 9644.6045   25.0736
   -7.5000   30.0000  -45.0000 9038.7012   24.8230
    0.0000   30.0000  -45.0000 9313.9434   24.7675
    7.5000   30.0000  -45.0000 8743.5000   24.7087
   -7.5000   37.5000  -45.0000 8385.7871   24.7957
    0.0000   37.5000  -45.0000 8653.5967   24.7266
    7.5000   37.5000  -45.0000 8124.1323   24.6827
   -7.5000   45.0000  -45.0000 7434.9219   24.2568
    0.0000   45.0000  -45.0000 7676.4331   24.1828
    7.5000   45.0000  -45.0000 7186.9546   24.1465
   -7.5000  -45.0000  -37.5000 9820.8242   25.1404
    0.0000  -45.0000  -37.500010103.5215   25.0851
    7.5000  -45.0000  -37.5000 9513.0938   25.0424
   -7.5000  -37.5000  -37.500010169.8740   25.1547
    0.0000  -37.5000  -37.500010489.0186   25.1114
    7.5000  -37.5000  -37.5000 9886.6855   25.0677
   -7.5000  -30.0000  -37.500010910.0889   25.1881
    0.0000  -30.0000  -37.500011243.6543   25.1590
    7.5000  -30.0000  -37.500010567.4385   25.1093
   -7.5000  -22.5000  -37.500011588.7031   25.1888
    0.0000  -22.5000  -37.500011942.4424   25.1590
    7.5000  -22.5000  -37.500011218.2295   25.1048
   -7.5000  -15.0000  -37.500012150.8740   25.1608
    0.0000  -15.0000  -37.500012504.9238   25.1199
    7.5000  -15.0000  -37.500011780.8320   25.0668
   -7.5000   -7.5000  -37.500012578.7256   25.1357
    0.0000   -7.5000  -37.500012913.9600   25.0832
    7.5000   -7.5000  -37.500012186.5000   25.0355
   -7.5000    0.0000  -37.500012875.0684   25.1303
    0.0000    0.0000  -37.500013205.8750   25.0746
    7.5000    0.0000  -37.500012428.9648   25.0319
   -7.5000    7.5000  -37.500012255.9180   25.1547
    0.0000    7.5000  -37.500012578.3389   25.1114
    7.5000    7.5000  -37.500011799.2969   25.0676
   -7.5000   15.0000  -37.500011441.4336   25.1881
    0.0000   15.0000  -37.500011743.1279   25.1590
    7.5000   15.0000  -37.500011013.9072   25.1093
   -7.5000   22.5000  -37.500010456.8633   25.1853
    0.0000   22.5000  -37.500010766.2939   25.1555
    7.5000   22.5000  -37.500010113.7559   25.1014
   -7.5000   30.0000  -37.5000 9466.7842   24.8255
    0.0000   30.0000  -37.5000 9743.3760   24.7851
    7.5000   30.0000  -37.5000 9138.2520   24.7327
   -7.5000   37.5000  -37.5000 8788.1094   24.8071
    0.0000   37.5000  -37.5000 9047.7988   24.7556
    7.5000   37.5000  -37.5000 8486.7217   24.7086
   -7.5000   45.0000  -37.5000 7752.4731   24.2703
    0.0000   45.0000  -37.5000 7981.0664   24.2174
    7.5000   45.0000  -37.5000 7482.5825   24.1769
   -7.5000  -45.0000  -30.000010522.2861   26.1647
    0.0000  -45.0000  -30.000010848.5205   26.1264
    7.5000  -45.0000  -30.000010206.2871   26.0866
   -7.5000  -37.5000  -30.000010923.4727   26.1660
    0.0000  -37.5000  -30.000011269.5693   26.1418
    7.5000  -37.5000  -30.000010588.4541   26.1058
   -7.5000  -30.0000  -30.000011701.5947   26.1817
    0.0000  -30.0000  -30.000012058.5312   26.1711
    7.5000  -30.0000  -30.000011345.2529   26.1331
   -7.5000  -22.5000  -30.000012405.7393   26.1785
    0.0000  -22.5000  -30.000012809.9600   26.1639
    7.5000  -22.5000  -30.000012028.4600   26.1201
   -7.5000  -15.0000  -30.000013024.7939   26.1621
    0.0000  -15.0000  -30.000013421.3535   26.1339
    7.5000  -15.0000  -30.000012615.4980   26.0870
   -7.5000   -7.5000  -30.000013518.5879   26.1536
    0.0000   -7.5000  -30.000013893.5830   26.1148
    7.5000   -7.5000  -30.000013059.9043   26.0696
   -7.5000    0.0000  -30.000013806.1172   26.1542
    0.0000    0.0000  -30.000014177.3945   26.1154
    7.5000    0.0000  -30.000013287.2891   26.0756
   -7.5000    7.5000  -30.000013090.1865   26.1660
    0.0000    7.5000  -30.000013439.2422   26.1418
    7.5000    7.5000  -30.000012576.0215   26.1058
   -7.5000   15.0000  -30.000012215.8398   26.1817
    0.0000   15.0000  -30.000012549.9473   26.1711
    7.5000   15.0000  -30.000011778.3008   26.1331
   -7.5000   22.5000  -30.000011205.5830   26.1722
    0.0000   22.5000  -30.000011504.9014   26.1576
    7.5000   22.5000  -30.000010804.1064   26.1138
   -7.5000   30.0000  -30.000010090.5479   25.8159
    0.0000   30.0000  -30.000010383.9658   25.7881
    7.5000   30.0000  -30.0000 9736.3535   25.7418
   -7.5000   37.5000  -30.0000 9347.1250   25.8141
    0.0000   37.5000  -30.0000 9627.7471   25.7761
    7.5000   37.5000  -30.0000 9026.6699   25.7316
   -7.5000   45.0000  -30.0000 8228.6104   25.2802
    0.0000   45.0000  -30.0000 8470.6328   25.2438
    7.5000   45.0000  -30.0000 7966.9058   25.2061
   -7.5000  -45.0000  -22.500011235.0098   27.0525
    0.0000  -45.0000  -22.500011590.5742   27.0074
    7.5000  -45.0000  -22.500010880.2939   26.9778
   -7.5000  -37.5000  -22.500011632.9541   27.0480
    0.0000  -37.5000  -22.500012015.9795   27.0175
    7.5000  -37.5000  -22.500011284.1299   26.9861
   -7.5000  -30.0000  -22.500012419.0098   27.0541
    0.0000  -30.0000  -22.500012810.1914   27.0384
    7.5000  -30.0000  -22.500012078.9307   26.9965
   -7.5000  -22.5000  -22.500013175.4482   27.0489
    0.0000  -22.5000  -22.500013615.3096   27.0299
    7.5000  -22.5000  -22.500012772.6436   26.9797
   -7.5000  -15.0000  -22.500013862.7783   27.0388
    0.0000  -15.0000  -22.500014310.5566   27.0059
    7.5000  -15.0000  -22.500013421.1709   26.9572
   -7.5000   -7.5000  -22.500014448.1641   27.0379
    0.0000   -7.5000  -22.500014854.5107   26.9932
    7.5000   -7.5000  -22.500013885.2227   26.9546
   -7.5000    0.0000  -22.500014721.2031   27.0417
    0.0000    0.0000  -22.500015157.6035   26.9961
    7.5000    0.0000  -22.500014135.2715   26.9665
   -7.5000    7.5000  -22.500013944.7500   27.0480
    0.0000    7.5000  -22.500014335.2295   27.0175
    7.5000    7.5000  -22.500013388.8975   26.9861
   -7.5000   15.0000  -22.500013019.3193   27.0541
    0.0000   15.0000  -22.500013378.7617   27.0384
    7.5000   15.0000  -22.500012524.3955   26.9965
   -7.5000   22.5000  -22.500011950.8691   27.0405
    0.0000   22.5000  -22.500012275.7109   27.0216
    7.5000   22.5000  -22.500011506.4102   26.9713
   -7.5000   30.0000  -22.500010753.8516   26.6851
    0.0000   30.0000  -22.500011078.7959   26.6527
    7.5000   30.0000  -22.500010372.0791   26.6046
   -7.5000   37.5000  -22.5000 9933.4072   26.6909
    0.0000   37.5000  -22.500010241.5508   26.6471
    7.5000   37.5000  -22.5000 9613.2686   26.6091
   -7.5000   45.0000  -22.5000 8741.6406   26.1600
    0.0000   45.0000  -22.5000 8998.8867   26.1166
    7.5000   45.0000  -22.5000 8464.0605   26.0889
   -7.5000  -45.0000  -15.000011908.8506   27.7100
    0.0000  -45.0000  -15.000012316.7256   27.6417
    7.5000  -45.0000  -15.000011552.4170   27.6196
   -7.5000  -37.5000  -15.000012328.2129   27.7144
    0.0000  -37.5000  -15.000012768.0098   27.6599
    7.5000  -37.5000  -15.000011973.0762   27.6260
   -7.5000  -30.0000  -15.000013098.4678   27.7281
    0.0000  -30.0000  -15.000013555.2578   27.6903
    7.5000  -30.0000  -15.000012773.9092   27.6347
   -7.5000  -22.5000  -15.000013885.6357   27.7218
    0.0000  -22.5000  -15.000014361.7910   27.6834
    7.5000  -22.5000  -15.000013479.4160   27.6189
   -7.5000  -15.0000  -15.000014682.4492   27.7041
    0.0000  -15.0000  -15.000015161.9092   27.6527
    7.5000  -15.0000  -15.000014203.9170   27.5983
   -7.5000   -7.5000  -15.000015316.3184   27.6952
    0.0000   -7.5000  -15.000015785.5293   27.6300
    7.5000   -7.5000  -15.000014749.3750   27.5963
   -7.5000    0.0000  -15.000015583.1396   27.6991
    0.0000    0.0000  -15.000016074.8145   27.6304
    7.5000    0.0000  -15.000015037.1416   27.6081
   -7.5000    7.5000  -15.000014730.9766   27.7144
    0.0000    7.5000  -15.000015182.2852   27.6599
    7.5000    7.5000  -15.000014181.3730   27.6260
   -7.5000   15.0000  -15.000013784.5615   27.7281
    0.0000   15.0000  -15.000014215.4775   27.6903
    7.5000   15.0000  -15.000013302.2852   27.6347
   -7.5000   22.5000  -15.000012689.3027   27.7120
    0.0000   22.5000  -15.000013084.9463   27.6736
    7.5000   22.5000  -15.000012236.8711   27.6091
   -7.5000   30.0000  -15.000011421.6152   27.3456
    0.0000   30.0000  -15.000011807.4463   27.2948
    7.5000   30.0000  -15.000011024.1709   27.2411
   -7.5000   37.5000  -15.000010542.7920   27.3434
    0.0000   37.5000  -15.000010896.9756   27.2794
    7.5000   37.5000  -15.000010198.7227   27.2463
   -7.5000   45.0000  -15.0000 9293.7188   26.8118
    0.0000   45.0000  -15.0000 9582.7168   26.7458
    7.5000   45.0000  -15.0000 8986.0684   26.7252
   -7.5000  -45.0000   -7.500012584.5850   28.0472
    0.0000  -45.0000   -7.500013023.1152   27.9598
    7.5000  -45.0000   -7.500012221.6953   27.9307
   -7.5000  -37.5000   -7.500013086.0166   28.0679
    0.0000  -37.5000   -7.500013553.5615   27.9933
    7.5000  -37.5000   -7.500012716.2695   27.9469
   -7.5000  -30.0000   -7.500013888.1025   28.1026
    0.0000  -30.0000   -7.500014372.4150   28.0462
    7.5000  -30.0000   -7.500013578.7178   27.9753
   -7.5000  -22.5000   -7.500014664.0205   28.0985
    0.0000  -22.5000   -7.500015162.4092   28.0449
    7.5000  -22.5000   -7.500014321.1885   27.9678
   -7.5000  -15.0000   -7.500015521.9697   28.0651
    0.0000  -15.0000   -7.500016029.2051   28.0000
    7.5000  -15.0000   -7.500015115.6523   27.9381
   -7.5000   -7.5000   -7.500016206.5625   28.0376
    0.0000   -7.5000   -7.500016721.3652   27.9567
    7.5000   -7.5000   -7.500015749.8955   27.9179
   -7.5000    0.0000   -7.500016537.8301   28.0362
    0.0000    0.0000   -7.500017098.1855   27.9484
    7.5000    0.0000   -7.500016095.4453   27.9192
   -7.5000    7.5000   -7.500015638.8789   28.0679
    0.0000    7.5000   -7.500016156.7822   27.9933
    7.5000    7.5000   -7.500015141.0127   27.9469
   -7.5000   15.0000   -7.500014637.7998   28.1026
    0.0000   15.0000   -7.500015126.7422   28.0462
    7.5000   15.0000   -7.500014154.4414   27.9753
   -7.5000   22.5000   -7.500013490.9414   28.0855
    0.0000   22.5000   -7.500013942.2744   28.0319
    7.5000   22.5000   -7.500013043.2676   27.9549
   -7.5000   30.0000   -7.500012131.9785   27.7011
    0.0000   30.0000   -7.500012542.2119   27.6369
    7.5000   30.0000   -7.500011750.6729   27.5758
   -7.5000   37.5000   -7.500011186.5723   27.6808
    0.0000   37.5000   -7.500011534.5361   27.6012
    7.5000   37.5000   -7.500010822.5850   27.5632
   -7.5000   45.0000   -7.5000 9834.8047   27.1403
    0.0000   45.0000   -7.500010129.7891   27.0558
    7.5000   45.0000   -7.5000 9486.2451   27.0283
   -7.5000  -45.0000    0.000013086.6592   28.0958
    0.0000  -45.0000    0.000013496.2324   28.0101
    7.5000  -45.0000    0.000012728.1055   27.9679
   -7.5000  -37.5000    0.000013710.6748   28.1219
    0.0000  -37.5000    0.000014195.1846   28.0481
    7.5000  -37.5000    0.000013298.5518   27.9933
   -7.5000  -30.0000    0.000014660.6719   28.1692
    0.0000  -30.0000    0.000015238.5654   28.1136
    7.5000  -30.0000    0.000014391.2930   28.0408
   -7.5000  -22.5000    0.000015338.1006   28.1702
    0.0000  -22.5000    0.000015974.1309   28.1180
    7.5000  -22.5000    0.000015259.6025   28.0408
   -7.5000  -15.0000    0.000016047.3760   28.1308
    0.0000  -15.0000    0.000016725.0977   28.0683
    7.5000  -15.0000    0.000016033.7617   28.0020
   -7.5000   -7.5000    0.000016706.0586   28.0926
    0.0000   -7.5000    0.000017397.1113   28.0144
    7.5000   -7.5000    0.000016626.3320   27.9650
   -7.5000    0.0000    0.000017160.2578   28.0847
    0.0000    0.0000    0.000017856.1445   27.9986
    7.5000    0.0000    0.000016935.2988   27.9563
   -7.5000    7.5000    0.000016277.4170   28.1219
    0.0000    7.5000    0.000016882.6348   28.0481
    7.5000    7.5000    0.000015868.8447   27.9933
   -7.5000   15.0000    0.000015270.0684   28.1692
    0.0000   15.0000    0.000015790.1904   28.1136
    7.5000   15.0000    0.000014789.2031   28.0408
   -7.5000   22.5000    0.000014064.3975   28.1572
    0.0000   22.5000    0.000014533.5059   28.1051
    7.5000   22.5000    0.000013564.4307   28.0279
   -7.5000   30.0000    0.000012632.3115   27.7667
    0.0000   30.0000    0.000013057.1406   27.7051
    7.5000   30.0000    0.000012193.4941   27.6396
   -7.5000   37.5000    0.000011665.3330   27.7361
    0.0000   37.5000    0.000011994.5469   27.6592
    7.5000   37.5000    0.000011212.9648   27.6105
   -7.5000   45.0000    0.000010254.0322   27.1867
    0.0000   45.0000    0.000010548.1924   27.1040
    7.5000   45.0000    0.0000 9855.6543   27.0638
   -7.5000  -45.0000    7.500012542.3271   28.1316
    0.0000  -45.0000    7.500012938.2031   28.0698
    7.5000  -45.0000    7.500012289.7158   28.0220
   -7.5000  -37.5000    7.500013148.8340   28.1477
    0.0000  -37.5000    7.500013601.3389   28.0993
    7.5000  -37.5000    7.500012838.1123   28.0504
   -7.5000  -30.0000    7.500014121.0723   28.1851
    0.0000  -30.0000    7.500014714.2295   28.1526
    7.5000  -30.0000    7.500013904.6943   28.0970
   -7.5000  -22.5000    7.500014804.5947   28.1857
    0.0000  -22.5000    7.500015496.6426   28.1524
    7.5000  -22.5000    7.500014816.7236   28.0918
   -7.5000  -15.0000    7.500015518.2734   28.1543
    0.0000  -15.0000    7.500016238.8916   28.1086
    7.5000  -15.0000    7.500015550.5420   28.0492
   -7.5000   -7.5000    7.500016138.8994   28.1263
    0.0000   -7.5000    7.500016857.9492   28.0676
    7.5000   -7.5000    7.500016036.3252   28.0142
   -7.5000    0.0000    7.500016563.6523   28.1203
    0.0000    0.0000    7.500017250.1270   28.0581
    7.5000    0.0000    7.500016311.4629   28.0102
   -7.5000    7.5000    7.500015658.6611   28.1477
    0.0000    7.5000    7.500016244.8271   28.0993
    7.5000    7.5000    7.500015281.5811   28.0503
   -7.5000   15.0000    7.500014657.9619   28.1851
    0.0000   15.0000    7.500015110.8027   28.1526
    7.5000   15.0000    7.500014205.2432   28.0970
   -7.5000   22.5000    7.500013501.7041   28.1727
    0.0000   22.5000    7.500013883.5332   28.1394
    7.5000   22.5000    7.500013023.5928   28.0788
   -7.5000   30.0000    7.500012157.1025   27.7899
    0.0000   30.0000    7.500012507.0488   27.7448
    7.5000   30.0000    7.500011760.6885   27.6862
   -7.5000   37.5000    7.500011254.8828   27.7694
    0.0000   37.5000    7.500011524.7197   27.7118
    7.5000   37.5000    7.500010818.9336   27.6591
   -7.5000   45.0000    7.5000 9884.1348   27.2219
    0.0000   45.0000    7.500010132.5762   27.1627
    7.5000   45.0000    7.5000 9485.1104   27.1172
   -7.5000  -45.0000   15.000011878.1709   28.1945
    0.0000  -45.0000   15.000012249.6240   28.1531
    7.5000  -45.0000   15.000011664.1162   28.1100
   -7.5000  -37.5000   15.000012445.0625   28.1958
    0.0000  -37.5000   15.000012850.3701   28.1697
    7.5000  -37.5000   15.000012182.7373   28.1307
   -7.5000  -30.0000   15.000013278.7568   28.2129
    0.0000  -30.0000   15.000013762.0801   28.2014
    7.5000  -30.0000   15.000013165.2393   28.1603
   -7.5000  -22.5000   15.000014042.6270   28.2093
    0.0000  -22.5000   15.000014560.2168   28.1936
    7.5000  -22.5000   15.000013970.9951   28.1462
   -7.5000  -15.0000   15.000014919.1670   28.1916
    0.0000  -15.0000   15.000015404.3916   28.1612
    7.5000  -15.0000   15.000014677.3252   28.1104
   -7.5000   -7.5000   15.000015601.6943   28.1825
    0.0000   -7.5000   15.000016108.2900   28.1407
    7.5000   -7.5000   15.000015238.2832   28.0916
   -7.5000    0.0000   15.000015977.9678   28.1831
    0.0000    0.0000   15.000016464.9219   28.1412
    7.5000    0.0000   15.000015557.2891   28.0980
   -7.5000    7.5000   15.000015020.0928   28.1958
    0.0000    7.5000   15.000015439.9268   28.1697
    7.5000    7.5000   15.000014573.4219   28.1307
   -7.5000   15.0000   15.000013936.8174   28.2129
    0.0000   15.0000   15.000014284.9551   28.2014
    7.5000   15.0000   15.000013474.5371   28.1603
   -7.5000   22.5000   15.000012771.4805   28.1963
    0.0000   22.5000   15.000013114.4746   28.1806
    7.5000   22.5000   15.000012324.6992   28.1332
   -7.5000   30.0000   15.000011465.3809   27.8268
    0.0000   30.0000   15.000011811.7627   27.7968
    7.5000   30.0000   15.000011132.1270   27.7466
   -7.5000   37.5000   15.000010566.7471   27.8248
    0.0000   37.5000   15.000010847.6689   27.7839
    7.5000   37.5000   15.000010243.6309   27.7356
   -7.5000   45.0000   15.0000 9294.5420   27.2859
    0.0000   45.0000   15.0000 9527.0801   27.2465
    7.5000   45.0000   15.0000 8995.2900   27.2056
   -7.5000  -45.0000   22.500011124.4502   28.3048
    0.0000  -45.0000   22.500011455.3389   28.2576
    7.5000  -45.0000   22.500010878.4834   28.2259
   -7.5000  -37.5000   22.500011616.5186   28.3002
    0.0000  -37.5000   22.500011982.0029   28.2685
    7.5000  -37.5000   22.500011357.5830   28.2350
   -7.5000  -30.0000   22.500012377.2422   28.3069
    0.0000  -30.0000   22.500012780.7529   28.2906
    7.5000  -30.0000   22.500012238.2168   28.2462
   -7.5000  -22.5000   22.500013101.9590   28.3011
    0.0000  -22.5000   22.500013539.0312   28.2815
    7.5000  -22.5000   22.500012946.6719   28.2282
   -7.5000  -15.0000   22.500013903.6113   28.2903
    0.0000  -15.0000   22.500014354.6396   28.2560
    7.5000  -15.0000   22.500013590.3750   28.2041
   -7.5000   -7.5000   22.500014554.1846   28.2893
    0.0000   -7.5000   22.500015033.0391   28.2426
    7.5000   -7.5000   22.500014172.2832   28.2013
   -7.5000    0.0000   22.500014943.0039   28.2934
    0.0000    0.0000   22.500015403.3867   28.2458
    7.5000    0.0000   22.500014515.7764   28.2140
   -7.5000    7.5000   22.500014073.7402   28.3002
    0.0000    7.5000   22.500014498.6016   28.2685
    7.5000    7.5000   22.500013665.6602   28.2350
   -7.5000   15.0000   22.500013050.1680   28.3069
    0.0000   15.0000   22.500013375.3340   28.2906
    7.5000   15.0000   22.500012625.5410   28.2462
   -7.5000   22.5000   22.500011938.0918   28.2881
    0.0000   22.5000   22.500012255.8398   28.2685
    7.5000   22.5000   22.500011549.2295   28.2152
   -7.5000   30.0000   22.500010723.8750   27.9241
    0.0000   30.0000   22.500011031.4082   27.8903
    7.5000   30.0000   22.500010422.1064   27.8391
   -7.5000   37.5000   22.5000 9853.3555   27.9301
    0.0000   37.5000   22.500010118.8906   27.8843
    7.5000   37.5000   22.5000 9555.3721   27.8437
   -7.5000   45.0000   22.5000 8660.6426   27.3955
    0.0000   45.0000   22.5000 8873.9346   27.3502
    7.5000   45.0000   22.5000 8379.7305   27.3204
   -7.5000  -45.0000   30.000010375.7783   28.7630
    0.0000  -45.0000   30.000010674.3789   28.6920
    7.5000  -45.0000   30.000010081.6016   28.6683
   -7.5000  -37.5000   30.000010804.2080   28.7682
    0.0000  -37.5000   30.000011127.3555   28.7119
    7.5000  -37.5000   30.000010508.2490   28.6760
   -7.5000  -30.0000   30.000011511.0273   28.7831
    0.0000  -30.0000   30.000011863.5869   28.7443
    7.5000  -30.0000   30.000011281.8369   28.6859
   -7.5000  -22.5000   30.000012199.5957   28.7761
    0.0000  -22.5000   30.000012566.8184   28.7366
    7.5000  -22.5000   30.000011949.4912   28.6687
   -7.5000  -15.0000   30.000012862.3066   28.7567
    0.0000  -15.0000   30.000013242.1777   28.7035
    7.5000  -15.0000   30.000012555.4805   28.6459
   -7.5000   -7.5000   30.000013425.7266   28.7470
    0.0000   -7.5000   30.000013828.2666   28.6793
    7.5000   -7.5000   30.000013097.8105   28.6433
   -7.5000    0.0000   30.000013820.7070   28.7513
    0.0000    0.0000   30.000014232.0283   28.6800
    7.5000    0.0000   30.000013469.8076   28.6561
   -7.5000    7.5000   30.000013041.9658   28.7682
    0.0000    7.5000   30.000013438.7227   28.7119
    7.5000    7.5000   30.000012710.9707   28.6760
   -7.5000   15.0000   30.000012045.8496   28.7831
    0.0000   15.0000   30.000012418.7236   28.7443
    7.5000   15.0000   30.000011732.4756   28.6859
   -7.5000   22.5000   30.000011027.9072   28.7628
    0.0000   22.5000   30.000011366.1592   28.7234
    7.5000   22.5000   30.000010706.6562   28.6555
   -7.5000   30.0000   30.0000 9936.4980   28.3846
    0.0000   30.0000   30.000010227.4492   28.3321
    7.5000   30.0000   30.0000 9645.2510   28.2752
   -7.5000   37.5000   30.0000 9123.9990   28.3820
    0.0000   37.5000   30.0000 9376.4707   28.3155
    7.5000   37.5000   30.0000 8834.2412   28.2802
   -7.5000   45.0000   30.0000 8029.5259   27.8407
    0.0000   45.0000   30.0000 8231.1445   27.7721
    7.5000   45.0000   30.0000 7751.7969   27.7500
   -7.5000  -45.0000   37.5000 9981.8271   29.3953
    0.0000  -45.0000   37.500010304.9229   29.3050
    7.5000  -45.0000   37.5000 9673.9619   29.2717
   -7.5000  -37.5000   37.500010382.8965   29.4177
    0.0000  -37.5000   37.500010725.1436   29.3417
    7.5000  -37.5000   37.500010072.0996   29.2902
   -7.5000  -30.0000   37.500011087.4326   29.4565
    0.0000  -30.0000   37.500011446.8125   29.4008
    7.5000  -30.0000   37.500010817.1602   29.3225
   -7.5000  -22.5000   37.500011754.4443   29.4532
    0.0000  -22.5000   37.500012135.0439   29.4003
    7.5000  -22.5000   37.500011447.5938   29.3147
   -7.5000  -15.0000   37.500012350.6191   29.4169
    0.0000  -15.0000   37.500012716.4990   29.3512
    7.5000  -15.0000   37.500012009.6387   29.2815
   -7.5000   -7.5000   37.500012848.4404   29.3859
    0.0000   -7.5000   37.500013226.6660   29.3026
    7.5000   -7.5000   37.500012542.1553   29.2583
   -7.5000    0.0000   37.500013227.5342   29.3832
    0.0000    0.0000   37.500013603.4023   29.2924
    7.5000    0.0000   37.500012916.3486   29.2590
   -7.5000    7.5000   37.500012508.4717   29.4177
    0.0000    7.5000   37.500012892.2334   29.3417
    7.5000    7.5000   37.500012208.3311   29.2902
   -7.5000   15.0000   37.500011559.6641   29.4565
    0.0000   15.0000   37.500011960.1787   29.4008
    7.5000   15.0000   37.500011287.7275   29.3225
   -7.5000   22.5000   37.500010547.0068   29.4396
    0.0000   22.5000   37.500010896.2598   29.3868
    7.5000   22.5000   37.500010284.8770   29.3012
   -7.5000   30.0000   37.5000 9514.2969   29.0362
    0.0000   30.0000   37.5000 9816.5518   28.9713
    7.5000   30.0000   37.5000 9247.3320   28.9026
   -7.5000   37.5000   37.5000 8735.6406   29.0130
    0.0000   37.5000   37.5000 8999.7266   28.9311
    7.5000   37.5000   37.5000 8483.4287   28.8875
   -7.5000   45.0000   37.5000 7689.5728   28.4495
    0.0000   45.0000   37.5000 7906.0498   28.3621
    7.5000   45.0000   37.5000 7465.6548   28.3306
   -7.5000  -45.0000   45.0000 9206.0879   30.0909
    0.0000  -45.0000   45.0000 9510.7129   30.0088
    7.5000  -45.0000   45.0000 8903.6504   29.9621
   -7.5000  -37.5000   45.0000 9566.8672   30.1160
    0.0000  -37.5000   45.0000 9883.0527   30.0484
    7.5000  -37.5000   45.0000 9257.5547   29.9893
   -7.5000  -30.0000   45.000010238.2803   30.1633
    0.0000  -30.0000   45.000010571.0127   30.1170
    7.5000  -30.0000   45.0000 9947.5576   30.0377
   -7.5000  -22.5000   45.000010820.8936   30.1626
    0.0000  -22.5000   45.000011176.6885   30.1198
    7.5000  -22.5000   45.000010517.3516   30.0335
   -7.5000  -15.0000   45.000011350.0889   30.1217
    0.0000  -15.0000   45.000011696.9717   30.0660
    7.5000  -15.0000   45.000011028.2578   29.9902
   -7.5000   -7.5000   45.000011820.3154   30.0844
    0.0000   -7.5000   45.000012167.8857   30.0105
    7.5000   -7.5000   45.000011518.7129   29.9538
   -7.5000    0.0000   45.000012161.5254   30.0781
    0.0000    0.0000   45.000012532.8516   29.9955
    7.5000    0.0000   45.000011883.1006   29.9487
   -7.5000    7.5000   45.000011492.9023   30.1160
    0.0000    7.5000   45.000011852.6299   30.0484
    7.5000    7.5000   45.000011233.5322   29.9892
   -7.5000   15.0000   45.000010648.1445   30.1633
    0.0000   15.0000   45.000011010.9775   30.1170
    7.5000   15.0000   45.000010396.6484   30.0377
   -7.5000   22.5000   45.0000 9678.6533   30.1487
    0.0000   22.5000   45.000010020.3174   30.1058
    7.5000   22.5000   45.0000 9444.3701   30.0195
   -7.5000   30.0000   45.0000 8750.7314   29.7293
    0.0000   30.0000   45.0000 9046.2920   29.6743
    7.5000   30.0000   45.0000 8501.7588   29.5995
   -7.5000   37.5000   45.0000 8035.0366   29.6993
    0.0000   37.5000   45.0000 8292.2637   29.6266
    7.5000   37.5000   45.0000 7798.7231   29.5708
   -7.5000   45.0000   45.0000 7102.8276   29.1319
    0.0000   45.0000   45.0000 7302.3643   29.0526
    7.5000   45.0000   45.0000 6870.8896   29.0080

---------------------------------------------------------------------
imgreg_4dfp /opt/freesurfer/average/711-2C_as_mni_average_305 /opt/freesurfer/average/711-2B_as_mni_average_305_mask talsrcimg_g11 none talsrcimg_to_711-2C_as_mni_average_305_t4 4355
---------------------------------------------------------------------

freesurfer imgreg_4dfp.c
/opt/freesurfer/average/711-2C_as_mni_average_305.4dfp.img
       256       256       256         1
  1.000000  1.000000  1.000000
orientation T byte_order littleendian
Reading image: /opt/freesurfer/average/711-2C_as_mni_average_305.4dfp.img
dimensions:      256       256       256
mmppix:       1.0000   -1.0000   -1.0000
center:     128.0000 -129.0000 -129.0000
/opt/freesurfer/average/711-2B_as_mni_average_305_mask.4dfp.img
       256       256       256         1
  1.000000  1.000000  1.000000
orientation T byte_order littleendian
Reading mask: /opt/freesurfer/average/711-2B_as_mni_average_305_mask.4dfp.img (2306576 pixels)
talsrcimg_g11.4dfp.img
       256       256       256         1
  1.000000  1.000000  1.000000
orientation T byte_order littleendian
Reading image: talsrcimg_g11.4dfp.img
dimensions:      256       256       256
mmppix:       1.0000   -1.0000   -1.0000
center:     128.0000 -129.0000 -129.0000
rotation matrix determinant  1.000000
image alignment mode   4355 decimal     1103 hex
   -7.5000  -45.0000  -45.0000 2361.2610   23.8776
    0.0000  -45.0000  -45.0000 2348.5657   24.1093
    7.5000  -45.0000  -45.0000 2304.3135   24.5018
   -7.5000  -37.5000  -45.0000 2408.3262   22.7446
    0.0000  -37.5000  -45.0000 2398.0383   22.9418
    7.5000  -37.5000  -45.0000 2355.6050   23.2760
   -7.5000  -30.0000  -45.0000 2442.4976   22.1477
    0.0000  -30.0000  -45.0000 2429.7512   22.3330
    7.5000  -30.0000  -45.0000 2384.5903   22.7161
   -7.5000  -22.5000  -45.0000 2461.4065   22.0292
    0.0000  -22.5000  -45.0000 2445.6069   22.1674
    7.5000  -22.5000  -45.0000 2399.2253   22.5742
   -7.5000  -15.0000  -45.0000 2453.1187   22.1263
    0.0000  -15.0000  -45.0000 2433.0303   22.2572
    7.5000  -15.0000  -45.0000 2389.8928   22.6796
   -7.5000   -7.5000  -45.0000 2426.2363   22.7070
    0.0000   -7.5000  -45.0000 2404.4849   22.8471
    7.5000   -7.5000  -45.0000 2362.8843   23.3279
   -7.5000    0.0000  -45.0000 2369.9182   23.7051
    0.0000    0.0000  -45.0000 2349.8086   23.8939
    7.5000    0.0000  -45.0000 2309.5095   24.3610
   -7.5000    7.5000  -45.0000 2295.7705   25.1820
    0.0000    7.5000  -45.0000 2283.8447   25.4220
    7.5000    7.5000  -45.0000 2238.2966   25.9834
   -7.5000   15.0000  -45.0000 2203.5840   27.1596
    0.0000   15.0000  -45.0000 2188.9236   27.4674
    7.5000   15.0000  -45.0000 2150.8242   28.0680
   -7.5000   22.5000  -45.0000 2100.2034   29.8803
    0.0000   22.5000  -45.0000 2081.7656   30.1456
    7.5000   22.5000  -45.0000 2047.8499   30.8457
   -7.5000   30.0000  -45.0000 1992.9714   33.5279
    0.0000   30.0000  -45.0000 1971.3787   33.7102
    7.5000   30.0000  -45.0000 1936.4095   34.4857
   -7.5000   37.5000  -45.0000 1851.1969   38.2977
    0.0000   37.5000  -45.0000 1834.0980   38.3417
    7.5000   37.5000  -45.0000 1812.7026   39.2297
   -7.5000   45.0000  -45.0000 1709.4280   44.6552
    0.0000   45.0000  -45.0000 1696.0109   44.8328
    7.5000   45.0000  -45.0000 1668.5645   46.1139
   -7.5000  -45.0000  -37.5000 2444.7573   22.3582
    0.0000  -45.0000  -37.5000 2423.5945   22.5810
    7.5000  -45.0000  -37.5000 2377.7585   22.8964
   -7.5000  -37.5000  -37.5000 2492.5015   21.3194
    0.0000  -37.5000  -37.5000 2478.6243   21.4361
    7.5000  -37.5000  -37.5000 2438.9463   21.7107
   -7.5000  -30.0000  -37.5000 2530.4043   20.7405
    0.0000  -30.0000  -37.5000 2516.0378   20.8380
    7.5000  -30.0000  -37.5000 2471.2573   21.1808
   -7.5000  -22.5000  -37.5000 2550.7920   20.5867
    0.0000  -22.5000  -37.5000 2535.1377   20.6774
    7.5000  -22.5000  -37.5000 2484.0066   21.0678
   -7.5000  -15.0000  -37.5000 2548.3760   20.6961
    0.0000  -15.0000  -37.5000 2526.5203   20.7998
    7.5000  -15.0000  -37.5000 2479.3279   21.1793
   -7.5000   -7.5000  -37.5000 2520.8796   21.2300
    0.0000   -7.5000  -37.5000 2495.7590   21.3095
    7.5000   -7.5000  -37.5000 2450.5671   21.7353
   -7.5000    0.0000  -37.5000 2460.3909   22.1170
    0.0000    0.0000  -37.5000 2439.2612   22.2801
    7.5000    0.0000  -37.5000 2394.4341   22.7628
   -7.5000    7.5000  -37.5000 2383.6880   23.4429
    0.0000    7.5000  -37.5000 2363.3464   23.6131
    7.5000    7.5000  -37.5000 2318.6506   24.2098
   -7.5000   15.0000  -37.5000 2284.0056   25.2640
    0.0000   15.0000  -37.5000 2265.8462   25.5006
    7.5000   15.0000  -37.5000 2226.4919   26.1250
   -7.5000   22.5000  -37.5000 2165.5906   27.7517
    0.0000   22.5000  -37.5000 2154.0747   28.0165
    7.5000   22.5000  -37.5000 2118.7327   28.6571
   -7.5000   30.0000  -37.5000 2052.1873   31.0029
    0.0000   30.0000  -37.5000 2039.0513   31.3089
    7.5000   30.0000  -37.5000 2002.7601   32.0108
   -7.5000   37.5000  -37.5000 1920.8257   35.4244
    0.0000   37.5000  -37.5000 1904.6621   35.6813
    7.5000   37.5000  -37.5000 1874.8463   36.5506
   -7.5000   45.0000  -37.5000 1768.8234   41.3337
    0.0000   45.0000  -37.5000 1752.4829   41.5887
    7.5000   45.0000  -37.5000 1724.0925   42.7627
   -7.5000  -45.0000  -30.0000 2556.7988   21.7215
    0.0000  -45.0000  -30.0000 2534.9624   21.9192
    7.5000  -45.0000  -30.0000 2488.5974   22.2237
   -7.5000  -37.5000  -30.0000 2622.2610   20.5548
    0.0000  -37.5000  -30.0000 2602.0176   20.6726
    7.5000  -37.5000  -30.0000 2554.1760   20.9601
   -7.5000  -30.0000  -30.0000 2666.6541   19.9749
    0.0000  -30.0000  -30.0000 2641.7383   20.0067
    7.5000  -30.0000  -30.0000 2598.5466   20.3445
   -7.5000  -22.5000  -30.0000 2689.2913   19.8336
    0.0000  -22.5000  -30.0000 2669.6421   19.8681
    7.5000  -22.5000  -30.0000 2620.6252   20.2193
   -7.5000  -15.0000  -30.0000 2690.9031   19.9840
    0.0000  -15.0000  -30.0000 2665.4768   20.0471
    7.5000  -15.0000  -30.0000 2614.2214   20.3895
   -7.5000   -7.5000  -30.0000 2665.3545   20.5558
    0.0000   -7.5000  -30.0000 2637.6890   20.6025
    7.5000   -7.5000  -30.0000 2586.9976   20.9917
   -7.5000    0.0000  -30.0000 2601.5686   21.3864
    0.0000    0.0000  -30.0000 2577.6084   21.4804
    7.5000    0.0000  -30.0000 2529.0813   21.9613
   -7.5000    7.5000  -30.0000 2513.8000   22.5859
    0.0000    7.5000  -30.0000 2496.9597   22.7676
    7.5000    7.5000  -30.0000 2448.1855   23.2980
   -7.5000   15.0000  -30.0000 2406.7278   24.3020
    0.0000   15.0000  -30.0000 2396.3953   24.5544
    7.5000   15.0000  -30.0000 2353.3813   25.1398
   -7.5000   22.5000  -30.0000 2284.1587   26.6262
    0.0000   22.5000  -30.0000 2274.2051   26.9140
    7.5000   22.5000  -30.0000 2236.6194   27.4961
   -7.5000   30.0000  -30.0000 2151.1055   29.6928
    0.0000   30.0000  -30.0000 2146.9436   30.0716
    7.5000   30.0000  -30.0000 2110.7305   30.6972
   -7.5000   37.5000  -30.0000 2012.6278   33.9213
    0.0000   37.5000  -30.0000 2004.9865   34.3708
    7.5000   37.5000  -30.0000 1970.4131   35.0830
   -7.5000   45.0000  -30.0000 1857.3453   39.5125
    0.0000   45.0000  -30.0000 1848.7365   39.9565
    7.5000   45.0000  -30.0000 1817.3450   40.8416
   -7.5000  -45.0000  -22.5000 2634.1138   20.9062
    0.0000  -45.0000  -22.5000 2610.6545   21.0147
    7.5000  -45.0000  -22.5000 2560.7554   21.3985
   -7.5000  -37.5000  -22.5000 2717.0610   19.6819
    0.0000  -37.5000  -22.5000 2690.6318   19.7401
    7.5000  -37.5000  -22.5000 2641.0073   20.0929
   -7.5000  -30.0000  -22.5000 2769.1294   19.0101
    0.0000  -30.0000  -22.5000 2738.5669   19.0489
    7.5000  -30.0000  -22.5000 2694.6638   19.3750
   -7.5000  -22.5000  -22.5000 2796.2783   18.8709
    0.0000  -22.5000  -22.5000 2772.5107   18.8944
    7.5000  -22.5000  -22.5000 2719.6152   19.1814
   -7.5000  -15.0000  -22.5000 2799.1890   19.1035
    0.0000  -15.0000  -22.5000 2774.2683   19.1267
    7.5000  -15.0000  -22.5000 2719.1914   19.3828
   -7.5000   -7.5000  -22.5000 2776.6746   19.7108
    0.0000   -7.5000  -22.5000 2748.1860   19.7276
    7.5000   -7.5000  -22.5000 2689.9514   20.0702
   -7.5000    0.0000  -22.5000 2712.3801   20.5526
    0.0000    0.0000  -22.5000 2688.6050   20.5985
    7.5000    0.0000  -22.5000 2633.4036   21.0408
   -7.5000    7.5000  -22.5000 2620.0964   21.6808
    0.0000    7.5000  -22.5000 2601.6111   21.8335
    7.5000    7.5000  -22.5000 2549.0798   22.3189
   -7.5000   15.0000  -22.5000 2504.0295   23.3752
    0.0000   15.0000  -22.5000 2491.4023   23.5280
    7.5000   15.0000  -22.5000 2447.6304   24.0370
   -7.5000   22.5000  -22.5000 2378.9971   25.6146
    0.0000   22.5000  -22.5000 2364.2778   25.7890
    7.5000   22.5000  -22.5000 2326.4663   26.3014
   -7.5000   30.0000  -22.5000 2233.8896   28.6104
    0.0000   30.0000  -22.5000 2225.9824   28.8088
    7.5000   30.0000  -22.5000 2186.2522   29.4280
   -7.5000   37.5000  -22.5000 2081.4897   32.5717
    0.0000   37.5000  -22.5000 2069.4836   32.8032
    7.5000   37.5000  -22.5000 2038.7545   33.6116
   -7.5000   45.0000  -22.5000 1928.0486   37.8926
    0.0000   45.0000  -22.5000 1912.0640   38.1122
    7.5000   45.0000  -22.5000 1881.9681   39.1111
   -7.5000  -45.0000  -15.0000 2675.7043   20.1964
    0.0000  -45.0000  -15.0000 2653.3508   20.3273
    7.5000  -45.0000  -15.0000 2600.5667   20.7194
   -7.5000  -37.5000  -15.0000 2772.5330   18.9086
    0.0000  -37.5000  -15.0000 2750.2114   19.0008
    7.5000  -37.5000  -15.0000 2691.5737   19.4022
   -7.5000  -30.0000  -15.0000 2838.2556   18.1540
    0.0000  -30.0000  -15.0000 2807.9941   18.2101
    7.5000  -30.0000  -15.0000 2754.1606   18.6252
   -7.5000  -22.5000  -15.0000 2870.0520   17.9739
    0.0000  -22.5000  -15.0000 2841.3865   17.9922
    7.5000  -22.5000  -15.0000 2786.4221   18.3469
   -7.5000  -15.0000  -15.0000 2880.6624   18.2411
    0.0000  -15.0000  -15.0000 2848.8425   18.2298
    7.5000  -15.0000  -15.0000 2794.6316   18.5205
   -7.5000   -7.5000  -15.0000 2852.2278   18.8527
    0.0000   -7.5000  -15.0000 2822.2405   18.8319
    7.5000   -7.5000  -15.0000 2762.4055   19.1913
   -7.5000    0.0000  -15.0000 2780.8411   19.6993
    0.0000    0.0000  -15.0000 2756.5100   19.7550
    7.5000    0.0000  -15.0000 2702.2295   20.1766
   -7.5000    7.5000  -15.0000 2683.7256   20.9185
    0.0000    7.5000  -15.0000 2663.0457   20.9916
    7.5000    7.5000  -15.0000 2611.0261   21.4896
   -7.5000   15.0000  -15.0000 2567.5986   22.5486
    0.0000   15.0000  -15.0000 2551.3975   22.6447
    7.5000   15.0000  -15.0000 2508.3875   23.2137
   -7.5000   22.5000  -15.0000 2437.7090   24.7562
    0.0000   22.5000  -15.0000 2422.2942   24.8918
    7.5000   22.5000  -15.0000 2379.4421   25.4774
   -7.5000   30.0000  -15.0000 2286.1448   27.6872
    0.0000   30.0000  -15.0000 2278.7688   27.8403
    7.5000   30.0000  -15.0000 2232.7493   28.4363
   -7.5000   37.5000  -15.0000 2128.7368   31.4337
    0.0000   37.5000  -15.0000 2114.9255   31.6933
    7.5000   37.5000  -15.0000 2080.0671   32.4148
   -7.5000   45.0000  -15.0000 1970.8022   36.4726
    0.0000   45.0000  -15.0000 1954.3008   36.7552
    7.5000   45.0000  -15.0000 1924.6589   37.6943
   -7.5000  -45.0000   -7.5000 2691.3577   19.6961
    0.0000  -45.0000   -7.5000 2670.0476   19.8310
    7.5000  -45.0000   -7.5000 2625.3887   20.3194
   -7.5000  -37.5000   -7.5000 2805.9338   18.4000
    0.0000  -37.5000   -7.5000 2780.9370   18.5113
    7.5000  -37.5000   -7.5000 2724.7454   19.0295
   -7.5000  -30.0000   -7.5000 2893.0884   17.5366
    0.0000  -30.0000   -7.5000 2859.3674   17.6681
    7.5000  -30.0000   -7.5000 2795.1799   18.2247
   -7.5000  -22.5000   -7.5000 2930.6760   17.1788
    0.0000  -22.5000   -7.5000 2895.5044   17.2623
    7.5000  -22.5000   -7.5000 2831.7927   17.8599
   -7.5000  -15.0000   -7.5000 2931.7019   17.4690
    0.0000  -15.0000   -7.5000 2897.4529   17.4629
    7.5000  -15.0000   -7.5000 2843.2231   18.0033
   -7.5000   -7.5000   -7.5000 2896.3989   18.0726
    0.0000   -7.5000   -7.5000 2868.9744   18.0741
    7.5000   -7.5000   -7.5000 2814.4829   18.6053
   -7.5000    0.0000   -7.5000 2822.0100   18.9405
    0.0000    0.0000   -7.5000 2802.8662   19.0208
    7.5000    0.0000   -7.5000 2750.9495   19.5596
   -7.5000    7.5000   -7.5000 2728.7075   20.2189
    0.0000    7.5000   -7.5000 2711.1240   20.2797
    7.5000    7.5000   -7.5000 2659.9385   20.8893
   -7.5000   15.0000   -7.5000 2605.5952   21.9065
    0.0000   15.0000   -7.5000 2591.9905   22.0352
    7.5000   15.0000   -7.5000 2548.3745   22.6771
   -7.5000   22.5000   -7.5000 2475.6479   24.1022
    0.0000   22.5000   -7.5000 2463.6233   24.3063
    7.5000   22.5000   -7.5000 2419.8462   24.9509
   -7.5000   30.0000   -7.5000 2318.5107   26.9085
    0.0000   30.0000   -7.5000 2309.0422   27.1592
    7.5000   30.0000   -7.5000 2269.1951   27.8286
   -7.5000   37.5000   -7.5000 2154.5068   30.5235
    0.0000   37.5000   -7.5000 2140.7791   30.9028
    7.5000   37.5000   -7.5000 2108.0918   31.6088
   -7.5000   45.0000   -7.5000 1988.0439   35.3508
    0.0000   45.0000   -7.5000 1977.1639   35.6848
    7.5000   45.0000   -7.5000 1939.3364   36.6000
   -7.5000  -45.0000    0.0000 2692.4146   19.3944
    0.0000  -45.0000    0.0000 2666.7302   19.5230
    7.5000  -45.0000    0.0000 2625.5908   20.1799
   -7.5000  -37.5000    0.0000 2808.6458   18.1301
    0.0000  -37.5000    0.0000 2787.3945   18.2256
    7.5000  -37.5000    0.0000 2733.6243   18.9073
   -7.5000  -30.0000    0.0000 2907.2759   17.2988
    0.0000  -30.0000    0.0000 2885.7195   17.4711
    7.5000  -30.0000    0.0000 2816.4055   18.1169
   -7.5000  -22.5000    0.0000 2951.8940   16.7407
    0.0000  -22.5000    0.0000 2931.9939   16.9720
    7.5000  -22.5000    0.0000 2862.1631   17.7351
   -7.5000  -15.0000    0.0000 2948.7908   16.8628
    0.0000  -15.0000    0.0000 2931.0542   17.0322
    7.5000  -15.0000    0.0000 2865.9924   17.7347
   -7.5000   -7.5000    0.0000 2906.2761   17.4198
    0.0000   -7.5000    0.0000 2892.9167   17.5654
    7.5000   -7.5000    0.0000 2833.8213   18.2356
   -7.5000    0.0000    0.0000 2833.9468   18.3893
    0.0000    0.0000    0.0000 2824.0129   18.5168
    7.5000    0.0000    0.0000 2767.0632   19.1329
   -7.5000    7.5000    0.0000 2738.8035   19.7586
    0.0000    7.5000    0.0000 2730.8918   19.8935
    7.5000    7.5000    0.0000 2676.4482   20.4698
   -7.5000   15.0000    0.0000 2616.4614   21.5235
    0.0000   15.0000    0.0000 2608.4004   21.6986
    7.5000   15.0000    0.0000 2564.6697   22.2496
   -7.5000   22.5000    0.0000 2485.3977   23.7089
    0.0000   22.5000    0.0000 2481.2505   23.9453
    7.5000   22.5000    0.0000 2433.9246   24.4832
   -7.5000   30.0000    0.0000 2329.3313   26.4859
    0.0000   30.0000    0.0000 2325.7283   26.7750
    7.5000   30.0000    0.0000 2287.6143   27.2993
   -7.5000   37.5000    0.0000 2164.8530   30.0823
    0.0000   37.5000    0.0000 2153.8577   30.4399
    7.5000   37.5000    0.0000 2122.5164   31.1365
   -7.5000   45.0000    0.0000 1994.5422   34.7692
    0.0000   45.0000    0.0000 1988.3787   35.1404
    7.5000   45.0000    0.0000 1955.6448   36.0222
   -7.5000  -45.0000    7.5000 2675.7007   19.3404
    0.0000  -45.0000    7.5000 2659.0774   19.4338
    7.5000  -45.0000    7.5000 2619.5566   20.2805
   -7.5000  -37.5000    7.5000 2791.6375   18.0959
    0.0000  -37.5000    7.5000 2780.5046   18.1930
    7.5000  -37.5000    7.5000 2731.1560   19.0228
   -7.5000  -30.0000    7.5000 2885.8479   17.3034
    0.0000  -30.0000    7.5000 2876.5181   17.4555
    7.5000  -30.0000    7.5000 2820.2078   18.2018
   -7.5000  -22.5000    7.5000 2938.2158   16.7999
    0.0000  -22.5000    7.5000 2929.8022   17.0095
    7.5000  -22.5000    7.5000 2869.9766   17.7822
   -7.5000  -15.0000    7.5000 2941.3572   16.7904
    0.0000  -15.0000    7.5000 2935.8323   16.9500
    7.5000  -15.0000    7.5000 2875.1206   17.7621
   -7.5000   -7.5000    7.5000 2899.6455   17.2822
    0.0000   -7.5000    7.5000 2895.7786   17.4081
    7.5000   -7.5000    7.5000 2839.6221   18.1008
   -7.5000    0.0000    7.5000 2827.4241   18.2135
    0.0000    0.0000    7.5000 2822.2378   18.3528
    7.5000    0.0000    7.5000 2769.9561   18.9222
   -7.5000    7.5000    7.5000 2733.8582   19.6071
    0.0000    7.5000    7.5000 2728.6116   19.7547
    7.5000    7.5000    7.5000 2677.2451   20.2464
   -7.5000   15.0000    7.5000 2614.5071   21.4543
    0.0000   15.0000    7.5000 2607.2532   21.6190
    7.5000   15.0000    7.5000 2569.5266   22.0851
   -7.5000   22.5000    7.5000 2488.7717   23.6706
    0.0000   22.5000    7.5000 2482.5542   23.8404
    7.5000   22.5000    7.5000 2437.3333   24.3662
   -7.5000   30.0000    7.5000 2332.2666   26.5251
    0.0000   30.0000    7.5000 2326.3550   26.6974
    7.5000   30.0000    7.5000 2292.0764   27.2501
   -7.5000   37.5000    7.5000 2166.6943   30.1341
    0.0000   37.5000    7.5000 2158.4497   30.3393
    7.5000   37.5000    7.5000 2129.6941   30.9455
   -7.5000   45.0000    7.5000 1991.7922   34.6553
    0.0000   45.0000    7.5000 1986.1003   34.9352
    7.5000   45.0000    7.5000 1957.2793   35.6665
   -7.5000  -45.0000   15.0000 2639.9529   19.7214
    0.0000  -45.0000   15.0000 2627.1782   19.7799
    7.5000  -45.0000   15.0000 2589.3440   20.7317
   -7.5000  -37.5000   15.0000 2752.1760   18.4434
    0.0000  -37.5000   15.0000 2746.3528   18.5256
    7.5000  -37.5000   15.0000 2703.6775   19.4145
   -7.5000  -30.0000   15.0000 2846.0278   17.6698
    0.0000  -30.0000   15.0000 2838.2810   17.7825
    7.5000  -30.0000   15.0000 2791.5374   18.6085
   -7.5000  -22.5000   15.0000 2900.6697   17.1596
    0.0000  -22.5000   15.0000 2895.2273   17.2907
    7.5000  -22.5000   15.0000 2844.9194   18.1601
   -7.5000  -15.0000   15.0000 2921.5376   17.2947
    0.0000  -15.0000   15.0000 2909.8923   17.2724
    7.5000  -15.0000   15.0000 2857.3545   18.0370
   -7.5000   -7.5000   15.0000 2891.4009   17.8250
    0.0000   -7.5000   15.0000 2881.1697   17.7933
    7.5000   -7.5000   15.0000 2820.5405   18.3191
   -7.5000    0.0000   15.0000 2818.1606   18.7214
    0.0000    0.0000   15.0000 2806.2217   18.7028
    7.5000    0.0000   15.0000 2749.6597   19.1844
   -7.5000    7.5000   15.0000 2722.5801   19.9852
    0.0000    7.5000   15.0000 2707.7456   20.0038
    7.5000    7.5000   15.0000 2656.3865   20.4746
   -7.5000   15.0000   15.0000 2599.0935   21.7280
    0.0000   15.0000   15.0000 2588.2224   21.7747
    7.5000   15.0000   15.0000 2545.1089   22.2172
   -7.5000   22.5000   15.0000 2464.9341   23.8857
    0.0000   22.5000   15.0000 2453.8259   24.0087
    7.5000   22.5000   15.0000 2416.0386   24.4617
   -7.5000   30.0000   15.0000 2307.4045   26.6393
    0.0000   30.0000   15.0000 2302.7080   26.8045
    7.5000   30.0000   15.0000 2277.6846   27.2655
   -7.5000   37.5000   15.0000 2142.8464   30.2778
    0.0000   37.5000   15.0000 2139.1899   30.5096
    7.5000   37.5000   15.0000 2115.3433   30.9923
   -7.5000   45.0000   15.0000 1980.0088   35.0013
    0.0000   45.0000   15.0000 1972.9202   35.1801
    7.5000   45.0000   15.0000 1948.8127   35.8668
   -7.5000  -45.0000   22.5000 2593.2788   20.4649
    0.0000  -45.0000   22.5000 2585.1367   20.5070
    7.5000  -45.0000   22.5000 2545.1328   21.4454
   -7.5000  -37.5000   22.5000 2703.1008   19.2059
    0.0000  -37.5000   22.5000 2697.3977   19.2618
    7.5000  -37.5000   22.5000 2656.6750   20.1133
   -7.5000  -30.0000   22.5000 2800.0076   18.3377
    0.0000  -30.0000   22.5000 2786.4153   18.4335
    7.5000  -30.0000   22.5000 2740.5129   19.2682
   -7.5000  -22.5000   22.5000 2847.0461   17.8263
    0.0000  -22.5000   22.5000 2836.1079   17.9005
    7.5000  -22.5000   22.5000 2795.6882   18.7504
   -7.5000  -15.0000   22.5000 2864.4368   17.9700
    0.0000  -15.0000   22.5000 2856.9490   17.9656
    7.5000  -15.0000   22.5000 2807.4138   18.5396
   -7.5000   -7.5000   22.5000 2835.8081   18.4540
    0.0000   -7.5000   22.5000 2832.2466   18.4323
    7.5000   -7.5000   22.5000 2782.3652   18.9119
   -7.5000    0.0000   22.5000 2769.1252   19.3623
    0.0000    0.0000   22.5000 2757.5078   19.3211
    7.5000    0.0000   22.5000 2707.1658   19.7539
   -7.5000    7.5000   22.5000 2681.5605   20.6428
    0.0000    7.5000   22.5000 2669.9133   20.6504
    7.5000    7.5000   22.5000 2619.2827   21.0363
   -7.5000   15.0000   22.5000 2569.0645   22.3044
    0.0000   15.0000   22.5000 2554.8635   22.3394
    7.5000   15.0000   22.5000 2515.9285   22.7312
   -7.5000   22.5000   22.5000 2432.3342   24.4383
    0.0000   22.5000   22.5000 2423.5789   24.5050
    7.5000   22.5000   22.5000 2391.8240   24.9432
   -7.5000   30.0000   22.5000 2276.7883   27.1869
    0.0000   30.0000   22.5000 2272.3955   27.2578
    7.5000   30.0000   22.5000 2251.0078   27.8005
   -7.5000   37.5000   22.5000 2112.4170   30.7999
    0.0000   37.5000   22.5000 2115.0657   30.9024
    7.5000   37.5000   22.5000 2087.1360   31.4933
   -7.5000   45.0000   22.5000 1954.6158   35.4692
    0.0000   45.0000   22.5000 1954.6067   35.6447
    7.5000   45.0000   22.5000 1926.5322   36.4237
   -7.5000  -45.0000   30.0000 2538.7842   21.5317
    0.0000  -45.0000   30.0000 2533.5168   21.5313
    7.5000  -45.0000   30.0000 2488.4695   22.3662
   -7.5000  -37.5000   30.0000 2645.0962   20.2092
    0.0000  -37.5000   30.0000 2638.4614   20.2001
    7.5000  -37.5000   30.0000 2587.1636   21.0019
   -7.5000  -30.0000   30.0000 2729.1626   19.2139
    0.0000  -30.0000   30.0000 2719.3438   19.2838
    7.5000  -30.0000   30.0000 2668.8711   20.1149
   -7.5000  -22.5000   30.0000 2773.6003   18.8246
    0.0000  -22.5000   30.0000 2762.0789   18.8777
    7.5000  -22.5000   30.0000 2716.0044   19.5526
   -7.5000  -15.0000   30.0000 2780.7332   18.8818
    0.0000  -15.0000   30.0000 2770.9336   18.8881
    7.5000  -15.0000   30.0000 2726.3662   19.4263
   -7.5000   -7.5000   30.0000 2751.3418   19.3086
    0.0000   -7.5000   30.0000 2743.1616   19.3025
    7.5000   -7.5000   30.0000 2704.4158   19.8225
   -7.5000    0.0000   30.0000 2693.0591   20.1502
    0.0000    0.0000   30.0000 2682.7253   20.1393
    7.5000    0.0000   30.0000 2642.6919   20.6037
   -7.5000    7.5000   30.0000 2613.4358   21.4306
    0.0000    7.5000   30.0000 2603.7595   21.4404
    7.5000    7.5000   30.0000 2563.7224   21.8915
   -7.5000   15.0000   30.0000 2504.3645   23.1616
    0.0000   15.0000   30.0000 2497.2212   23.1982
    7.5000   15.0000   30.0000 2460.2534   23.6577
   -7.5000   22.5000   30.0000 2381.5920   25.3239
    0.0000   22.5000   30.0000 2374.6912   25.4144
    7.5000   22.5000   30.0000 2345.0437   25.8765
   -7.5000   30.0000   30.0000 2233.6663   28.0658
    0.0000   30.0000   30.0000 2224.5720   28.2105
    7.5000   30.0000   30.0000 2200.7710   28.6810
   -7.5000   37.5000   30.0000 2072.8259   31.6853
    0.0000   37.5000   30.0000 2069.7905   31.7990
    7.5000   37.5000   30.0000 2045.0007   32.4527
   -7.5000   45.0000   30.0000 1917.4912   36.4538
    0.0000   45.0000   30.0000 1920.3063   36.6325
    7.5000   45.0000   30.0000 1895.2081   37.5577
   -7.5000  -45.0000   37.5000 2479.5686   22.7744
    0.0000  -45.0000   37.5000 2481.6013   22.7993
    7.5000  -45.0000   37.5000 2423.2314   23.5277
   -7.5000  -37.5000   37.5000 2582.1912   21.3654
    0.0000  -37.5000   37.5000 2581.0374   21.3902
    7.5000  -37.5000   37.5000 2520.5627   22.0962
   -7.5000  -30.0000   37.5000 2655.2141   20.3927
    0.0000  -30.0000   37.5000 2649.8867   20.4580
    7.5000  -30.0000   37.5000 2598.2671   21.1687
   -7.5000  -22.5000   37.5000 2692.9597   19.9742
    0.0000  -22.5000   37.5000 2689.6353   20.0311
    7.5000  -22.5000   37.5000 2637.7883   20.5975
   -7.5000  -15.0000   37.5000 2695.9619   19.9472
    0.0000  -15.0000   37.5000 2687.4258   19.9835
    7.5000  -15.0000   37.5000 2642.0149   20.4701
   -7.5000   -7.5000   37.5000 2660.5767   20.3530
    0.0000   -7.5000   37.5000 2653.2563   20.3697
    7.5000   -7.5000   37.5000 2620.6604   20.8226
   -7.5000    0.0000   37.5000 2607.3884   21.1342
    0.0000    0.0000   37.5000 2596.1753   21.1320
    7.5000    0.0000   37.5000 2569.3000   21.6216
   -7.5000    7.5000   37.5000 2538.4341   22.4515
    0.0000    7.5000   37.5000 2526.5725   22.4245
    7.5000    7.5000   37.5000 2495.8503   22.9296
   -7.5000   15.0000   37.5000 2434.9875   24.1391
    0.0000   15.0000   37.5000 2432.6033   24.2409
    7.5000   15.0000   37.5000 2398.5942   24.7172
   -7.5000   22.5000   37.5000 2314.7771   26.3670
    0.0000   22.5000   37.5000 2307.5310   26.4777
    7.5000   22.5000   37.5000 2287.2292   26.9274
   -7.5000   30.0000   37.5000 2176.3872   29.3065
    0.0000   30.0000   37.5000 2168.4224   29.4139
    7.5000   30.0000   37.5000 2145.6316   29.8602
   -7.5000   37.5000   37.5000 2032.0874   32.9997
    0.0000   37.5000   37.5000 2027.0325   33.1321
    7.5000   37.5000   37.5000 2003.0205   33.7214
   -7.5000   45.0000   37.5000 1880.9015   37.8845
    0.0000   45.0000   37.5000 1881.1478   38.0585
    7.5000   45.0000   37.5000 1859.5659   38.8710
   -7.5000  -45.0000   45.0000 2416.9578   24.2171
    0.0000  -45.0000   45.0000 2415.0442   24.3471
    7.5000  -45.0000   45.0000 2355.5317   24.9311
   -7.5000  -37.5000   45.0000 2509.3381   22.7622
    0.0000  -37.5000   45.0000 2504.5664   22.8380
    7.5000  -37.5000   45.0000 2447.2554   23.4463
   -7.5000  -30.0000   45.0000 2575.2007   21.8303
    0.0000  -30.0000   45.0000 2569.1130   21.9164
    7.5000  -30.0000   45.0000 2518.0811   22.4714
   -7.5000  -22.5000   45.0000 2602.2566   21.3546
    0.0000  -22.5000   45.0000 2597.7747   21.4406
    7.5000  -22.5000   45.0000 2549.1711   21.9227
   -7.5000  -15.0000   45.0000 2600.2227   21.2659
    0.0000  -15.0000   45.0000 2594.5789   21.3396
    7.5000  -15.0000   45.0000 2551.7961   21.7626
   -7.5000   -7.5000   45.0000 2569.9016   21.6181
    0.0000   -7.5000   45.0000 2561.8779   21.6842
    7.5000   -7.5000   45.0000 2531.1072   22.0860
   -7.5000    0.0000   45.0000 2514.6504   22.4141
    0.0000    0.0000   45.0000 2508.0095   22.4709
    7.5000    0.0000   45.0000 2484.6108   22.9035
   -7.5000    7.5000   45.0000 2444.2693   23.6674
    0.0000    7.5000   45.0000 2435.5354   23.7094
    7.5000    7.5000   45.0000 2414.4207   24.1346
   -7.5000   15.0000   45.0000 2355.8376   25.3794
    0.0000   15.0000   45.0000 2346.7708   25.4448
    7.5000   15.0000   45.0000 2320.9177   25.8736
   -7.5000   22.5000   45.0000 2237.4888   27.6661
    0.0000   22.5000   45.0000 2231.9492   27.7484
    7.5000   22.5000   45.0000 2209.0444   28.1329
   -7.5000   30.0000   45.0000 2115.7024   30.5811
    0.0000   30.0000   45.0000 2107.8696   30.6707
    7.5000   30.0000   45.0000 2079.7898   31.1981
   -7.5000   37.5000   45.0000 1980.4138   34.4392
    0.0000   37.5000   45.0000 1977.9764   34.6207
    7.5000   37.5000   45.0000 1946.3640   35.2399
   -7.5000   45.0000   45.0000 1839.5847   39.5482
    0.0000   45.0000   45.0000 1835.8113   39.7329
    7.5000   45.0000   45.0000 1805.6945   40.5411

---------------------------------------------------------------------
imgreg_4dfp /opt/freesurfer/average/711-2C_as_mni_average_305 /opt/freesurfer/average/711-2B_as_mni_average_305_mask talsrcimg_g11 none talsrcimg_to_711-2C_as_mni_average_305_t4 1283
---------------------------------------------------------------------

freesurfer imgreg_4dfp.c
/opt/freesurfer/average/711-2C_as_mni_average_305.4dfp.img
       256       256       256         1
  1.000000  1.000000  1.000000
orientation T byte_order littleendian
Reading image: /opt/freesurfer/average/711-2C_as_mni_average_305.4dfp.img
dimensions:      256       256       256
mmppix:       1.0000   -1.0000   -1.0000
center:     128.0000 -129.0000 -129.0000
/opt/freesurfer/average/711-2B_as_mni_average_305_mask.4dfp.img
       256       256       256         1
  1.000000  1.000000  1.000000
orientation T byte_order littleendian
Reading mask: /opt/freesurfer/average/711-2B_as_mni_average_305_mask.4dfp.img (2306576 pixels)
talsrcimg_g11.4dfp.img
       256       256       256         1
  1.000000  1.000000  1.000000
orientation T byte_order littleendian
Reading image: talsrcimg_g11.4dfp.img
dimensions:      256       256       256
mmppix:       1.0000   -1.0000   -1.0000
center:     128.0000 -129.0000 -129.0000
rotation matrix determinant  1.000000
fimgreg.f
image alignment mode   1283 decimal      503 hex
parameters
   -7.5000  -22.5000    0.0000    0.0000    0.0000    0.0000
eta,q 0.92614 16.62798
niter,ni,del,rscale     5    3   12.0000    1.2000
parameter  2 -0.719514 -> -0.500000 qaram    1.1500
parameter  3 -1.037197 -> -0.500000 qaram    1.1500
parameter  4 -3.920536 ->  0.500000 qaram    1.1500
parameter  5 -2.360030 -> -0.500000 qaram    1.1500
parameter  6 -1.395416 -> -0.500000 qaram    1.1500
parameters
   -7.1518  -19.0500    3.4500   -3.4500    3.4500    3.4500
eta,q 0.92984 16.44006
  0.0849  0.0887  0.0820  0.0695  0.0737  0.0796
  0.0809  0.0836  0.0819  0.0723  0.0732  0.0773
  0.0791  0.0810  0.0803  0.0754  0.0727  0.0750
  0.0792  0.0797  0.0792  0.0775  0.0732  0.0728
  0.0798  0.0790  0.0783  0.0789  0.0730  0.0710
  0.0803  0.0786  0.0779  0.0810  0.0727  0.0700
  0.0832  0.0773  0.0785  0.0835  0.0725  0.0697
niter,ni,del,rscale     7    3   12.0000    1.2000
parameter  4  0.652496 ->  0.500000 qaram    1.3225
parameters
   -6.1964  -18.4961    4.8602   -7.4175    0.1981    3.7836
eta,q 0.93225 16.51960
  0.0752  0.0845  0.0782  0.0693  0.0682  0.0739
  0.0723  0.0779  0.0747  0.0687  0.0676  0.0703
  0.0713  0.0718  0.0726  0.0685  0.0679  0.0680
  0.0702  0.0698  0.0700  0.0702  0.0685  0.0676
  0.0694  0.0719  0.0712  0.0731  0.0690  0.0691
  0.0704  0.0757  0.0727  0.0773  0.0708  0.0704
  0.0730  0.0800  0.0735  0.0803  0.0738  0.0719
niter,ni,del,rscale     7    3   12.0000    1.2000
parameters
   -4.0186  -17.0265    2.0367  -10.4334   -1.0665    5.6860
eta,q 0.93686 16.62533
  0.0733  0.0845  0.0699  0.0664  0.0661  0.0725
  0.0699  0.0777  0.0656  0.0642  0.0655  0.0690
  0.0679  0.0730  0.0635  0.0629  0.0650  0.0660
  0.0678  0.0686  0.0671  0.0636  0.0630  0.0639
  0.0686  0.0672  0.0724  0.0678  0.0645  0.0632
  0.0681  0.0710  0.0747  0.0713  0.0674  0.0647
  0.0680  0.0758  0.0774  0.0740  0.0696  0.0666
niter,ni,del,rscale     6    3   12.0000    1.2000
parameters
   -5.0050  -16.9788    0.7194  -13.0066   -0.1070    4.9189
eta,q 0.93570 16.74467
  0.0675  0.0766  0.0699  0.0654  0.0690  0.0676
  0.0656  0.0734  0.0661  0.0656  0.0654  0.0659
  0.0644  0.0681  0.0636  0.0644  0.0651  0.0648
  0.0631  0.0638  0.0638  0.0634  0.0644  0.0642
  0.0641  0.0667  0.0659  0.0653  0.0642  0.0651
  0.0677  0.0726  0.0716  0.0696  0.0646  0.0674
  0.0737  0.0771  0.0770  0.0724  0.0667  0.0693
niter,ni,del,rscale     5    3   12.0000    1.2000
parameters
   -5.4670  -16.5390   -0.4504  -16.6260   -0.8419    4.5606
eta,q 0.93543 16.93110
  0.0691  0.0760  0.0708  0.0642  0.0673  0.0677
  0.0672  0.0721  0.0666  0.0644  0.0648  0.0659
  0.0672  0.0685  0.0646  0.0645  0.0644  0.0648
  0.0643  0.0653  0.0649  0.0645  0.0646  0.0645
  0.0630  0.0651  0.0673  0.0649  0.0643  0.0650
  0.0681  0.0703  0.0705  0.0683  0.0658  0.0666
  0.0731  0.0745  0.0765  0.0720  0.0695  0.0682
niter,ni,del,rscale     4    3   12.0000    1.2000
parameters
   -5.4201  -15.4347   -1.8544  -17.1196   -1.2610    4.4827
eta,q 0.93631 16.99689
  0.0707  0.0774  0.0688  0.0669  0.0678  0.0678
  0.0678  0.0711  0.0675  0.0648  0.0651  0.0651
  0.0666  0.0667  0.0648  0.0641  0.0637  0.0637
  0.0646  0.0645  0.0640  0.0639  0.0638  0.0637
  0.0633  0.0640  0.0669  0.0639  0.0648  0.0644
  0.0670  0.0674  0.0704  0.0646  0.0659  0.0656
  0.0720  0.0710  0.0763  0.0687  0.0685  0.0675
niter,ni,del,rscale     3    3   12.0000    1.2000
parameters
   -5.5390  -15.5186   -1.9557  -16.6595   -1.1879    4.4225
eta,q 0.93622 16.99984
  0.0691  0.0732  0.0715  0.0679  0.0685  0.0680
  0.0665  0.0679  0.0679  0.0651  0.0654  0.0653
  0.0651  0.0644  0.0661  0.0643  0.0639  0.0638
  0.0637  0.0637  0.0637  0.0637  0.0637  0.0638
  0.0635  0.0653  0.0650  0.0636  0.0648  0.0645
  0.0661  0.0696  0.0681  0.0638  0.0657  0.0658
  0.0707  0.0724  0.0725  0.0675  0.0677  0.0677
niter,ni,del,rscale     2    3   12.0000    1.2000
parameters
   -5.6249  -15.7037   -1.8923  -16.7277   -1.1932    4.4822
eta,q 0.93621 17.00361
  0.0692  0.0724  0.0723  0.0671  0.0684  0.0683
  0.0666  0.0675  0.0682  0.0649  0.0654  0.0654
  0.0651  0.0646  0.0663  0.0641  0.0640  0.0639
  0.0638  0.0638  0.0638  0.0638  0.0638  0.0638
  0.0635  0.0651  0.0651  0.0636  0.0648  0.0645
  0.0660  0.0694  0.0683  0.0641  0.0658  0.0658
  0.0707  0.0724  0.0722  0.0680  0.0679  0.0676
niter,ni,del,rscale     1    3   12.0000    1.2000
parameters
   -5.6144  -15.6889   -1.9046  -16.7322   -1.1945    4.4842
eta,q 0.93621 17.00407
  0.0695  0.0731  0.0720  0.0672  0.0684  0.0682
  0.0668  0.0680  0.0681  0.0649  0.0654  0.0653
  0.0653  0.0647  0.0663  0.0642  0.0639  0.0639
  0.0638  0.0638  0.0638  0.0638  0.0638  0.0638
  0.0634  0.0648  0.0652  0.0636  0.0648  0.0645
  0.0660  0.0691  0.0683  0.0641  0.0658  0.0658
  0.0706  0.0722  0.0724  0.0680  0.0679  0.0677
registration optimization eta report
parameter search radius
    6.0000    6.9000    6.9000    7.9350    6.9000    6.9000
100000*second partial in parameter space
       18.       19.       16.        6.        9.        9.
  0.0695  0.0731  0.0720  0.0672  0.0684  0.0682
  0.0668  0.0680  0.0681  0.0649  0.0654  0.0653
  0.0653  0.0647  0.0663  0.0642  0.0639  0.0639
  0.0638  0.0638  0.0638  0.0638  0.0638  0.0638
  0.0634  0.0648  0.0652  0.0636  0.0648  0.0645
  0.0660  0.0691  0.0683  0.0641  0.0658  0.0658
  0.0706  0.0722  0.0724  0.0680  0.0679  0.0677
   -5.6144  -15.6889   -1.9046  -16.7322   -1.1945    4.4842
eta,q 0.93621 17.00407

---------------------------------------------------------------------
imgreg_4dfp /opt/freesurfer/average/711-2C_as_mni_average_305 /opt/freesurfer/average/711-2B_as_mni_average_305_mask talsrcimg_g11 none talsrcimg_to_711-2C_as_mni_average_305_t4 3335
---------------------------------------------------------------------

freesurfer imgreg_4dfp.c
/opt/freesurfer/average/711-2C_as_mni_average_305.4dfp.img
       256       256       256         1
  1.000000  1.000000  1.000000
orientation T byte_order littleendian
Reading image: /opt/freesurfer/average/711-2C_as_mni_average_305.4dfp.img
dimensions:      256       256       256
mmppix:       1.0000   -1.0000   -1.0000
center:     128.0000 -129.0000 -129.0000
/opt/freesurfer/average/711-2B_as_mni_average_305_mask.4dfp.img
       256       256       256         1
  1.000000  1.000000  1.000000
orientation T byte_order littleendian
Reading mask: /opt/freesurfer/average/711-2B_as_mni_average_305_mask.4dfp.img (2306576 pixels)
talsrcimg_g11.4dfp.img
       256       256       256         1
  1.000000  1.000000  1.000000
orientation T byte_order littleendian
Reading image: talsrcimg_g11.4dfp.img
dimensions:      256       256       256
mmppix:       1.0000   -1.0000   -1.0000
center:     128.0000 -129.0000 -129.0000
fimgreg.f
image alignment mode   3335 decimal      D07 hex
parameters
   -5.6144  -15.6889   -1.9046   -0.3278   -4.5740   -4.2547
   -8.0858   -0.2607    7.8168   28.8578   -2.0846  -28.7835
eta,q 0.93953 16.80620
niter,ni,del,rscale     5    3    5.0000    1.2000
parameter  3 -0.983385 -> -0.500000 qaram    1.1500
parameter  4 -9.606463 ->  0.500000 qaram    1.1500
parameter  5-41.877117 ->  0.500000 qaram    1.1500
parameter  6  1.165099 ->  0.500000 qaram    1.1500
parameters
   -5.6458  -14.5142   -0.5246   -4.4678   -8.7140   -8.3947
   -7.7376   -0.7369    6.6793   25.4050   -3.0453  -26.0617
eta,q 0.95926 16.14332
  0.0628  0.0626  0.0635  0.0469  0.0412  0.0408  0.0440  0.0437  0.0429  0.0418  0.0418  0.0442
  0.0618  0.0616  0.0623  0.0515  0.0446  0.0414  0.0428  0.0422  0.0421  0.0412  0.0413  0.0429
  0.0609  0.0609  0.0612  0.0556  0.0487  0.0430  0.0420  0.0417  0.0417  0.0411  0.0411  0.0418
  0.0605  0.0605  0.0603  0.0594  0.0528  0.0457  0.0418  0.0417  0.0417  0.0417  0.0411  0.0410
  0.0608  0.0603  0.0596  0.0643  0.0564  0.0495  0.0419  0.0420  0.0421  0.0432  0.0412  0.0407
  0.0618  0.0603  0.0593  0.0683  0.0600  0.0539  0.0425  0.0427  0.0429  0.0454  0.0417  0.0410
  0.0630  0.0604  0.0593  0.0713  0.0639  0.0585  0.0436  0.0442  0.0440  0.0482  0.0424  0.0416
niter,ni,del,rscale     7    3    5.0000    1.2000
parameter  1 -0.615245 -> -0.500000 qaram    1.1500
parameter  4  2.513037 ->  0.500000 qaram    1.3225
parameter  5  1.282528 ->  0.500000 qaram    1.3225
parameter 12  0.844907 ->  0.500000 qaram    1.1500
parameters
   -4.2658  -14.2192    0.7263   -9.2288  -13.4750  -10.5810
   -7.6997    1.0622    8.4656   22.7860   -3.1331  -30.2017
eta,q 0.97484 15.87338
  0.0437  0.0427  0.0446  0.0289  0.0264  0.0286  0.0300  0.0333  0.0301  0.0273  0.0273  0.0254
  0.0421  0.0413  0.0426  0.0306  0.0267  0.0277  0.0285  0.0309  0.0286  0.0265  0.0267  0.0251
  0.0412  0.0405  0.0410  0.0343  0.0284  0.0272  0.0275  0.0288  0.0275  0.0261  0.0263  0.0254
  0.0407  0.0401  0.0401  0.0396  0.0313  0.0270  0.0272  0.0272  0.0267  0.0265  0.0261  0.0261
  0.0403  0.0402  0.0396  0.0448  0.0350  0.0275  0.0275  0.0267  0.0265  0.0277  0.0263  0.0271
  0.0400  0.0407  0.0397  0.0499  0.0391  0.0300  0.0284  0.0275  0.0269  0.0295  0.0267  0.0282
  0.0403  0.0416  0.0403  0.0553  0.0431  0.0347  0.0299  0.0297  0.0280  0.0322  0.0274  0.0295
niter,ni,del,rscale     7    3    5.0000    1.2000
parameter  4  0.780750 ->  0.500000 qaram    1.5209
parameter 12  0.784347 ->  0.500000 qaram    1.3225
parameters
   -4.9895  -13.3000    1.0134  -14.7040  -17.7931   -9.4194
   -8.3914    0.8763    9.6333   25.4189   -1.5090  -34.9627
eta,q 0.98101 15.66116
  0.0281  0.0301  0.0274  0.0214  0.0223  0.0244  0.0225  0.0251  0.0226  0.0250  0.0210  0.0194
  0.0258  0.0278  0.0257  0.0214  0.0212  0.0228  0.0212  0.0224  0.0216  0.0230  0.0205  0.0190
  0.0248  0.0260  0.0246  0.0218  0.0208  0.0217  0.0206  0.0209  0.0209  0.0215  0.0203  0.0193
  0.0252  0.0247  0.0242  0.0242  0.0214  0.0209  0.0206  0.0206  0.0205  0.0205  0.0201  0.0201
  0.0270  0.0242  0.0244  0.0299  0.0241  0.0203  0.0211  0.0211  0.0205  0.0201  0.0201  0.0211
  0.0301  0.0245  0.0251  0.0361  0.0280  0.0206  0.0220  0.0227  0.0209  0.0203  0.0202  0.0224
  0.0337  0.0256  0.0262  0.0417  0.0318  0.0235  0.0232  0.0256  0.0216  0.0213  0.0205  0.0237
niter,ni,del,rscale     7    3    5.0000    1.2000
parameters
   -5.0350  -12.7177    0.7956  -17.7511  -19.2531   -9.5492
   -8.7162    0.3262    8.7287   25.9740   -3.6474  -35.4666
eta,q 0.98090 15.39748
  0.0240  0.0233  0.0210  0.0216  0.0229  0.0232  0.0217  0.0231  0.0206  0.0231  0.0194  0.0224
  0.0212  0.0212  0.0196  0.0200  0.0209  0.0215  0.0203  0.0207  0.0197  0.0210  0.0192  0.0201
  0.0195  0.0198  0.0189  0.0192  0.0196  0.0201  0.0194  0.0196  0.0193  0.0197  0.0192  0.0190
  0.0190  0.0190  0.0188  0.0188  0.0191  0.0193  0.0193  0.0193  0.0193  0.0192  0.0192  0.0192
  0.0196  0.0188  0.0193  0.0201  0.0200  0.0191  0.0198  0.0199  0.0196  0.0195  0.0193  0.0199
  0.0215  0.0193  0.0203  0.0247  0.0230  0.0208  0.0207  0.0216  0.0204  0.0204  0.0195  0.0211
  0.0243  0.0205  0.0217  0.0322  0.0269  0.0244  0.0220  0.0246  0.0214  0.0220  0.0200  0.0225
niter,ni,del,rscale     6    3    5.0000    1.2000
parameters
   -5.0172  -12.6511    0.7397  -18.0378  -19.5068   -9.5702
   -8.7202    0.4345    8.6384   26.0199   -3.5083  -35.6137
eta,q 0.98084 15.36209
  0.0235  0.0219  0.0211  0.0236  0.0239  0.0232  0.0218  0.0240  0.0210  0.0226  0.0197  0.0227
  0.0211  0.0203  0.0199  0.0212  0.0216  0.0214  0.0203  0.0211  0.0200  0.0207  0.0193  0.0204
  0.0196  0.0194  0.0193  0.0197  0.0200  0.0200  0.0194  0.0196  0.0193  0.0195  0.0192  0.0191
  0.0191  0.0191  0.0191  0.0191  0.0191  0.0192  0.0192  0.0192  0.0192  0.0192  0.0192  0.0192
  0.0196  0.0194  0.0194  0.0188  0.0192  0.0189  0.0195  0.0197  0.0194  0.0196  0.0192  0.0199
  0.0210  0.0202  0.0201  0.0205  0.0214  0.0205  0.0204  0.0210  0.0201  0.0207  0.0193  0.0210
  0.0234  0.0215  0.0212  0.0253  0.0251  0.0243  0.0217  0.0235  0.0210  0.0224  0.0196  0.0224
niter,ni,del,rscale     5    3    5.0000    1.2000
parameters
   -5.0157  -12.6557    0.7363  -17.9843  -19.5496   -9.5728
   -8.6709    0.4218    8.6296   26.0639   -3.5449  -35.6591
eta,q 0.98084 15.36492
  0.0235  0.0217  0.0212  0.0238  0.0240  0.0232  0.0218  0.0238  0.0210  0.0226  0.0196  0.0228
  0.0212  0.0203  0.0200  0.0214  0.0218  0.0214  0.0203  0.0210  0.0200  0.0207  0.0193  0.0204
  0.0197  0.0194  0.0193  0.0198  0.0201  0.0200  0.0194  0.0195  0.0193  0.0195  0.0192  0.0191
  0.0192  0.0192  0.0192  0.0192  0.0192  0.0192  0.0192  0.0192  0.0192  0.0192  0.0192  0.0192
  0.0197  0.0195  0.0194  0.0188  0.0192  0.0189  0.0195  0.0197  0.0194  0.0196  0.0192  0.0198
  0.0211  0.0203  0.0201  0.0203  0.0212  0.0205  0.0204  0.0211  0.0200  0.0207  0.0193  0.0209
  0.0235  0.0217  0.0212  0.0248  0.0248  0.0243  0.0217  0.0237  0.0210  0.0224  0.0196  0.0223
registration optimization eta report
parameter search radius
    2.7600    2.4000    2.7600   10.9503    9.5220    8.2800
    7.2000    7.2000    7.2000    7.2000    7.2000    9.5220
100000*second partial in parameter space
       57.       45.       27.        4.        6.        7.
        5.        9.        3.        6.        1.        4.
  0.0235  0.0217  0.0212  0.0238  0.0240  0.0232  0.0218  0.0238  0.0210  0.0226  0.0196  0.0228
  0.0212  0.0203  0.0200  0.0214  0.0218  0.0214  0.0203  0.0210  0.0200  0.0207  0.0193  0.0204
  0.0197  0.0194  0.0193  0.0198  0.0201  0.0200  0.0194  0.0195  0.0193  0.0195  0.0192  0.0191
  0.0192  0.0192  0.0192  0.0192  0.0192  0.0192  0.0192  0.0192  0.0192  0.0192  0.0192  0.0192
  0.0197  0.0195  0.0194  0.0188  0.0192  0.0189  0.0195  0.0197  0.0194  0.0196  0.0192  0.0198
  0.0211  0.0203  0.0201  0.0203  0.0212  0.0205  0.0204  0.0211  0.0200  0.0207  0.0193  0.0209
  0.0235  0.0217  0.0212  0.0248  0.0248  0.0243  0.0217  0.0237  0.0210  0.0224  0.0196  0.0223
   -5.0157  -12.6557    0.7363  -17.9843  -19.5496   -9.5728
   -8.6709    0.4218    8.6296   26.0639   -3.5449  -35.6591
eta,q 0.98084 15.36492

---------------------------------------------------------------------
imgreg_4dfp /opt/freesurfer/average/711-2C_as_mni_average_305 /opt/freesurfer/average/711-2B_as_mni_average_305_mask talsrcimg_g11 none talsrcimg_to_711-2C_as_mni_average_305_t4 2311
---------------------------------------------------------------------

freesurfer imgreg_4dfp.c
/opt/freesurfer/average/711-2C_as_mni_average_305.4dfp.img
       256       256       256         1
  1.000000  1.000000  1.000000
orientation T byte_order littleendian
Reading image: /opt/freesurfer/average/711-2C_as_mni_average_305.4dfp.img
dimensions:      256       256       256
mmppix:       1.0000   -1.0000   -1.0000
center:     128.0000 -129.0000 -129.0000
/opt/freesurfer/average/711-2B_as_mni_average_305_mask.4dfp.img
       256       256       256         1
  1.000000  1.000000  1.000000
orientation T byte_order littleendian
Reading mask: /opt/freesurfer/average/711-2B_as_mni_average_305_mask.4dfp.img (2306576 pixels)
talsrcimg_g11.4dfp.img
       256       256       256         1
  1.000000  1.000000  1.000000
orientation T byte_order littleendian
Reading image: talsrcimg_g11.4dfp.img
dimensions:      256       256       256
mmppix:       1.0000   -1.0000   -1.0000
center:     128.0000 -129.0000 -129.0000
fimgreg.f
image alignment mode   2311 decimal      907 hex
parameters
   -5.0157  -12.6557    0.7363  -17.9843  -19.5496   -9.5728
   -8.6709    0.4218    8.6296   26.0639   -3.5449  -35.6591
eta,q 0.98084 15.36492
niter,ni,del,rscale     5    3    5.0000    0.8000
parameter  4 -0.654550 -> -0.500000 qaram    1.1500
parameters
   -5.0088  -12.6775    0.6796  -15.2243  -18.5759   -8.7443
   -8.2602    0.5336    9.2509   26.7275   -3.0460  -36.0781
eta,q 0.98157 15.67521
  0.0207  0.0203  0.0198  0.0202  0.0206  0.0209  0.0202  0.0214  0.0196  0.0207  0.0191  0.0196
  0.0198  0.0196  0.0194  0.0197  0.0198  0.0200  0.0193  0.0197  0.0190  0.0196  0.0187  0.0188
  0.0193  0.0193  0.0192  0.0194  0.0193  0.0193  0.0187  0.0188  0.0187  0.0188  0.0185  0.0184
  0.0192  0.0192  0.0192  0.0192  0.0189  0.0187  0.0185  0.0185  0.0185  0.0185  0.0185  0.0185
  0.0193  0.0193  0.0192  0.0190  0.0187  0.0184  0.0186  0.0188  0.0185  0.0185  0.0185  0.0188
  0.0198  0.0197  0.0195  0.0188  0.0189  0.0187  0.0190  0.0196  0.0187  0.0190  0.0186  0.0192
  0.0206  0.0203  0.0199  0.0190  0.0197  0.0201  0.0197  0.0211  0.0192  0.0197  0.0188  0.0198
niter,ni,del,rscale     5    3    5.0000    0.8000
parameters
   -5.0312  -12.7087    0.6991  -16.0944  -18.8882   -8.5534
   -8.4188    0.3488    9.0574   26.8040   -3.3489  -36.2305
eta,q 0.98149 15.61347
  0.0202  0.0197  0.0194  0.0194  0.0199  0.0205  0.0198  0.0209  0.0193  0.0203  0.0189  0.0197
  0.0192  0.0190  0.0189  0.0190  0.0192  0.0197  0.0190  0.0194  0.0189  0.0193  0.0186  0.0189
  0.0186  0.0186  0.0185  0.0187  0.0188  0.0191  0.0186  0.0187  0.0186  0.0187  0.0185  0.0185
  0.0184  0.0184  0.0184  0.0184  0.0186  0.0186  0.0185  0.0185  0.0185  0.0185  0.0185  0.0185
  0.0186  0.0186  0.0185  0.0185  0.0186  0.0184  0.0188  0.0189  0.0187  0.0187  0.0186  0.0188
  0.0192  0.0190  0.0189  0.0194  0.0193  0.0191  0.0192  0.0197  0.0190  0.0193  0.0187  0.0192
  0.0203  0.0198  0.0194  0.0211  0.0205  0.0207  0.0199  0.0212  0.0195  0.0201  0.0190  0.0197
niter,ni,del,rscale     4    3    5.0000    0.7000
parameters
   -5.0057  -12.7044    0.7202  -15.9970  -18.8781   -8.4105
   -8.4629    0.3718    9.0702   26.8771   -3.4067  -36.2792
eta,q 0.98154 15.62778
  0.0198  0.0195  0.0193  0.0194  0.0196  0.0201  0.0195  0.0205  0.0192  0.0199  0.0188  0.0195
  0.0191  0.0190  0.0188  0.0191  0.0191  0.0194  0.0189  0.0193  0.0188  0.0191  0.0186  0.0188
  0.0187  0.0186  0.0186  0.0188  0.0187  0.0189  0.0186  0.0186  0.0185  0.0186  0.0185  0.0185
  0.0185  0.0185  0.0185  0.0185  0.0185  0.0185  0.0185  0.0185  0.0185  0.0185  0.0185  0.0185
  0.0186  0.0186  0.0186  0.0184  0.0185  0.0184  0.0186  0.0187  0.0185  0.0186  0.0185  0.0187
  0.0190  0.0189  0.0188  0.0187  0.0189  0.0189  0.0190  0.0193  0.0188  0.0190  0.0186  0.0190
  0.0197  0.0195  0.0192  0.0197  0.0198  0.0203  0.0195  0.0204  0.0191  0.0197  0.0188  0.0194
niter,ni,del,rscale     3    3    5.0000    0.6000
parameters
   -5.0065  -12.7067    0.7369  -15.7153  -18.7920   -8.2467
   -8.4031    0.3823    9.1433   26.9833   -3.3562  -36.2660
eta,q 0.98161 15.65979
  0.0194  0.0192  0.0190  0.0192  0.0193  0.0197  0.0192  0.0200  0.0189  0.0195  0.0187  0.0192
  0.0189  0.0188  0.0187  0.0189  0.0189  0.0192  0.0188  0.0190  0.0186  0.0189  0.0185  0.0187
  0.0186  0.0185  0.0185  0.0187  0.0186  0.0188  0.0185  0.0185  0.0185  0.0185  0.0184  0.0184
  0.0185  0.0185  0.0185  0.0185  0.0184  0.0184  0.0184  0.0184  0.0184  0.0184  0.0184  0.0184
  0.0186  0.0186  0.0185  0.0183  0.0184  0.0184  0.0185  0.0186  0.0184  0.0185  0.0184  0.0185
  0.0189  0.0188  0.0187  0.0185  0.0187  0.0188  0.0187  0.0191  0.0186  0.0188  0.0185  0.0188
  0.0194  0.0192  0.0190  0.0193  0.0193  0.0198  0.0191  0.0199  0.0189  0.0193  0.0187  0.0191
niter,ni,del,rscale     2    3    5.0000    0.5000
parameters
   -5.0172  -12.7129    0.7550  -15.4081  -18.6853   -8.0603
   -8.3294    0.3991    9.2357   27.1039   -3.2692  -36.1989
eta,q 0.98168 15.69484
  0.0191  0.0189  0.0188  0.0190  0.0190  0.0194  0.0189  0.0195  0.0187  0.0191  0.0186  0.0189
  0.0187  0.0186  0.0186  0.0188  0.0187  0.0190  0.0186  0.0188  0.0185  0.0187  0.0184  0.0185
  0.0185  0.0184  0.0184  0.0186  0.0185  0.0186  0.0184  0.0184  0.0184  0.0184  0.0183  0.0183
  0.0184  0.0184  0.0184  0.0184  0.0183  0.0183  0.0183  0.0183  0.0183  0.0183  0.0183  0.0183
  0.0185  0.0185  0.0184  0.0183  0.0183  0.0183  0.0184  0.0184  0.0184  0.0184  0.0183  0.0184
  0.0187  0.0186  0.0186  0.0185  0.0185  0.0186  0.0186  0.0188  0.0185  0.0186  0.0184  0.0186
  0.0191  0.0189  0.0188  0.0190  0.0190  0.0193  0.0189  0.0194  0.0187  0.0190  0.0185  0.0188
niter,ni,del,rscale     1    3    5.0000    0.4000
parameters
   -5.0333  -12.7207    0.7807  -15.1129  -18.5411   -7.8946
   -8.2576    0.4147    9.3095   27.2031   -3.1977  -36.1038
eta,q 0.98174 15.72852
  0.0188  0.0186  0.0186  0.0188  0.0187  0.0190  0.0187  0.0191  0.0185  0.0188  0.0185  0.0187
  0.0185  0.0185  0.0184  0.0186  0.0185  0.0187  0.0184  0.0186  0.0184  0.0185  0.0183  0.0184
  0.0184  0.0183  0.0183  0.0185  0.0184  0.0184  0.0183  0.0183  0.0183  0.0183  0.0183  0.0183
  0.0183  0.0183  0.0183  0.0183  0.0183  0.0183  0.0183  0.0183  0.0183  0.0183  0.0183  0.0183
  0.0184  0.0184  0.0183  0.0183  0.0183  0.0183  0.0183  0.0183  0.0183  0.0183  0.0183  0.0183
  0.0185  0.0185  0.0184  0.0184  0.0184  0.0185  0.0184  0.0186  0.0184  0.0184  0.0183  0.0184
  0.0188  0.0187  0.0186  0.0187  0.0187  0.0189  0.0186  0.0190  0.0185  0.0187  0.0184  0.0186
registration optimization eta report
parameter search radius
    0.8000    0.8000    0.8000    2.7600    2.4000    2.4000
    2.4000    2.4000    2.4000    2.4000    2.4000    2.4000
100000*second partial in parameter space
       73.       51.       43.        6.        7.       12.
        7.       14.        4.        8.        3.        6.
  0.0188  0.0186  0.0186  0.0188  0.0187  0.0190  0.0187  0.0191  0.0185  0.0188  0.0185  0.0187
  0.0185  0.0185  0.0184  0.0186  0.0185  0.0187  0.0184  0.0186  0.0184  0.0185  0.0183  0.0184
  0.0184  0.0183  0.0183  0.0185  0.0184  0.0184  0.0183  0.0183  0.0183  0.0183  0.0183  0.0183
  0.0183  0.0183  0.0183  0.0183  0.0183  0.0183  0.0183  0.0183  0.0183  0.0183  0.0183  0.0183
  0.0184  0.0184  0.0183  0.0183  0.0183  0.0183  0.0183  0.0183  0.0183  0.0183  0.0183  0.0183
  0.0185  0.0185  0.0184  0.0184  0.0184  0.0185  0.0184  0.0186  0.0184  0.0184  0.0183  0.0184
  0.0188  0.0187  0.0186  0.0187  0.0187  0.0189  0.0186  0.0190  0.0185  0.0187  0.0184  0.0186
   -5.0333  -12.7207    0.7807  -15.1129  -18.5411   -7.8946
   -8.2576    0.4147    9.3095   27.2031   -3.1977  -36.1038
eta,q 0.98174 15.72852

---------------------------------------------------------------------
imgreg_4dfp /opt/freesurfer/average/711-2C_as_mni_average_305 /opt/freesurfer/average/711-2B_as_mni_average_305_mask talsrcimg_g11 none talsrcimg_to_711-2C_as_mni_average_305_t4 2311
---------------------------------------------------------------------

freesurfer imgreg_4dfp.c
/opt/freesurfer/average/711-2C_as_mni_average_305.4dfp.img
       256       256       256         1
  1.000000  1.000000  1.000000
orientation T byte_order littleendian
Reading image: /opt/freesurfer/average/711-2C_as_mni_average_305.4dfp.img
dimensions:      256       256       256
mmppix:       1.0000   -1.0000   -1.0000
center:     128.0000 -129.0000 -129.0000
/opt/freesurfer/average/711-2B_as_mni_average_305_mask.4dfp.img
       256       256       256         1
  1.000000  1.000000  1.000000
orientation T byte_order littleendian
Reading mask: /opt/freesurfer/average/711-2B_as_mni_average_305_mask.4dfp.img (2306576 pixels)
talsrcimg_g11.4dfp.img
       256       256       256         1
  1.000000  1.000000  1.000000
orientation T byte_order littleendian
Reading image: talsrcimg_g11.4dfp.img
dimensions:      256       256       256
mmppix:       1.0000   -1.0000   -1.0000
center:     128.0000 -129.0000 -129.0000
fimgreg.f
image alignment mode   2311 decimal      907 hex
parameters
   -5.0333  -12.7207    0.7807  -15.1129  -18.5411   -7.8946
   -8.2576    0.4147    9.3095   27.2031   -3.1977  -36.1038
eta,q 0.98174 15.72852
niter,ni,del,rscale     5    3    5.0000    0.8000
parameters
   -5.0666  -12.7190    0.8538  -15.8641  -19.0248   -8.2950
   -8.4057    0.3655    9.1150   26.8710   -3.3436  -36.1266
eta,q 0.98154 15.63205
  0.0201  0.0196  0.0195  0.0192  0.0196  0.0203  0.0197  0.0211  0.0193  0.0199  0.0189  0.0197
  0.0191  0.0189  0.0188  0.0188  0.0190  0.0195  0.0190  0.0195  0.0188  0.0190  0.0186  0.0189
  0.0185  0.0184  0.0184  0.0185  0.0186  0.0189  0.0186  0.0187  0.0185  0.0186  0.0185  0.0185
  0.0183  0.0183  0.0183  0.0183  0.0184  0.0184  0.0185  0.0185  0.0185  0.0185  0.0185  0.0185
  0.0185  0.0184  0.0184  0.0184  0.0185  0.0185  0.0187  0.0188  0.0186  0.0188  0.0185  0.0187
  0.0192  0.0189  0.0187  0.0192  0.0192  0.0196  0.0191  0.0196  0.0189  0.0194  0.0187  0.0191
  0.0203  0.0196  0.0193  0.0206  0.0205  0.0217  0.0198  0.0211  0.0194  0.0203  0.0189  0.0196
niter,ni,del,rscale     4    3    5.0000    0.7000
parameters
   -5.0188  -12.6829    0.7685  -15.7286  -18.8967   -8.3494
   -8.4092    0.3965    9.1450   26.8911   -3.3348  -36.2210
eta,q 0.98158 15.64628
  0.0198  0.0195  0.0191  0.0192  0.0196  0.0200  0.0195  0.0205  0.0191  0.0198  0.0188  0.0194
  0.0191  0.0189  0.0187  0.0189  0.0190  0.0194  0.0189  0.0193  0.0187  0.0190  0.0186  0.0188
  0.0186  0.0186  0.0185  0.0187  0.0187  0.0188  0.0185  0.0186  0.0185  0.0186  0.0185  0.0184
  0.0185  0.0185  0.0185  0.0185  0.0184  0.0184  0.0184  0.0184  0.0184  0.0184  0.0184  0.0184
  0.0186  0.0185  0.0186  0.0183  0.0184  0.0184  0.0186  0.0187  0.0185  0.0186  0.0185  0.0186
  0.0190  0.0189  0.0189  0.0186  0.0188  0.0190  0.0189  0.0193  0.0187  0.0190  0.0186  0.0189
  0.0197  0.0194  0.0193  0.0194  0.0196  0.0205  0.0195  0.0204  0.0191  0.0197  0.0188  0.0194
niter,ni,del,rscale     3    3    5.0000    0.6000
parameters
   -5.0143  -12.6999    0.7461  -15.4519  -18.7924   -8.2417
   -8.3399    0.4088    9.2149   26.9984   -3.2853  -36.2469
eta,q 0.98165 15.67626
  0.0194  0.0191  0.0190  0.0191  0.0192  0.0197  0.0192  0.0200  0.0189  0.0194  0.0187  0.0192
  0.0189  0.0187  0.0187  0.0188  0.0189  0.0192  0.0187  0.0190  0.0186  0.0188  0.0185  0.0186
  0.0185  0.0185  0.0185  0.0186  0.0186  0.0187  0.0184  0.0185  0.0184  0.0185  0.0184  0.0184
  0.0184  0.0184  0.0184  0.0184  0.0184  0.0184  0.0184  0.0184  0.0184  0.0184  0.0184  0.0184
  0.0185  0.0185  0.0185  0.0183  0.0184  0.0183  0.0185  0.0185  0.0184  0.0185  0.0184  0.0185
  0.0188  0.0188  0.0187  0.0185  0.0186  0.0188  0.0187  0.0191  0.0186  0.0188  0.0185  0.0187
  0.0194  0.0192  0.0190  0.0191  0.0193  0.0198  0.0191  0.0199  0.0188  0.0193  0.0187  0.0191
niter,ni,del,rscale     2    3    5.0000    0.5000
parameters
   -5.0275  -12.7110    0.7533  -15.1877  -18.6679   -8.0830
   -8.2692    0.4174    9.2891   27.1193   -3.2044  -36.1863
eta,q 0.98171 15.70842
  0.0190  0.0189  0.0188  0.0189  0.0190  0.0194  0.0189  0.0195  0.0187  0.0191  0.0186  0.0189
  0.0187  0.0186  0.0185  0.0187  0.0187  0.0189  0.0186  0.0188  0.0185  0.0186  0.0184  0.0185
  0.0184  0.0184  0.0184  0.0185  0.0185  0.0186  0.0184  0.0184  0.0183  0.0184  0.0183  0.0183
  0.0184  0.0184  0.0184  0.0184  0.0183  0.0183  0.0183  0.0183  0.0183  0.0183  0.0183  0.0183
  0.0184  0.0184  0.0184  0.0183  0.0183  0.0183  0.0184  0.0184  0.0183  0.0184  0.0183  0.0184
  0.0187  0.0186  0.0185  0.0184  0.0185  0.0186  0.0185  0.0188  0.0184  0.0186  0.0184  0.0186
  0.0191  0.0189  0.0188  0.0189  0.0189  0.0193  0.0188  0.0195  0.0186  0.0189  0.0185  0.0188
niter,ni,del,rscale     1    3    5.0000    0.4000
parameters
   -5.0424  -12.7143    0.7773  -14.9601  -18.5248   -7.9169
   -8.2045    0.4232    9.3379   27.2061   -3.1589  -36.0877
eta,q 0.98175 15.73715
  0.0188  0.0186  0.0186  0.0187  0.0187  0.0190  0.0187  0.0191  0.0185  0.0187  0.0184  0.0187
  0.0185  0.0184  0.0184  0.0186  0.0185  0.0187  0.0184  0.0186  0.0184  0.0185  0.0183  0.0184
  0.0183  0.0183  0.0183  0.0184  0.0184  0.0184  0.0183  0.0183  0.0183  0.0183  0.0183  0.0183
  0.0183  0.0183  0.0183  0.0183  0.0183  0.0183  0.0182  0.0182  0.0182  0.0182  0.0182  0.0182
  0.0184  0.0183  0.0183  0.0183  0.0183  0.0183  0.0183  0.0183  0.0183  0.0183  0.0183  0.0183
  0.0185  0.0184  0.0184  0.0184  0.0184  0.0185  0.0184  0.0186  0.0183  0.0184  0.0183  0.0184
  0.0188  0.0186  0.0186  0.0187  0.0187  0.0189  0.0186  0.0191  0.0185  0.0187  0.0184  0.0186
registration optimization eta report
parameter search radius
    0.8000    0.8000    0.8000    2.4000    2.4000    2.4000
    2.4000    2.4000    2.4000    2.4000    2.4000    2.4000
100000*second partial in parameter space
       74.       52.       44.        7.        7.       12.
        7.       14.        4.        8.        3.        6.
  0.0188  0.0186  0.0186  0.0187  0.0187  0.0190  0.0187  0.0191  0.0185  0.0187  0.0184  0.0187
  0.0185  0.0184  0.0184  0.0186  0.0185  0.0187  0.0184  0.0186  0.0184  0.0185  0.0183  0.0184
  0.0183  0.0183  0.0183  0.0184  0.0184  0.0184  0.0183  0.0183  0.0183  0.0183  0.0183  0.0183
  0.0183  0.0183  0.0183  0.0183  0.0183  0.0183  0.0182  0.0182  0.0182  0.0182  0.0182  0.0182
  0.0184  0.0183  0.0183  0.0183  0.0183  0.0183  0.0183  0.0183  0.0183  0.0183  0.0183  0.0183
  0.0185  0.0184  0.0184  0.0184  0.0184  0.0185  0.0184  0.0186  0.0183  0.0184  0.0183  0.0184
  0.0188  0.0186  0.0186  0.0187  0.0187  0.0189  0.0186  0.0191  0.0185  0.0187  0.0184  0.0186
   -5.0424  -12.7143    0.7773  -14.9601  -18.5248   -7.9169
   -8.2045    0.4232    9.3379   27.2061   -3.1589  -36.0877
eta,q 0.98175 15.73715

---------------------------------------------------------------------
compute_vox2vox talsrcimg talsrcimg_to_711-2C_as_mni_average_305_t4 /opt/freesurfer/average/711-2C_as_mni_average_305
---------------------------------------------------------------------

freesurfer compute_vox2vox.c
Reading: talsrcimg.4dfp.ifh
Reading: talsrcimg_to_711-2C_as_mni_average_305_t4
Reading: /opt/freesurfer/average/711-2C_as_mni_average_305.4dfp.ifh
Writing: talsrcimg_to_711-2C_as_mni_average_305_t4_vox2vox.txt

start time Sun Mar 8 12:45:51 CET 2026
end		time Sun Mar 8 12:47:16 CET 2026

mpr2mni305 success

avi2talxfm orig_nu.mgz /opt/freesurfer/average/mni305.cor.mgz talsrcimg_to_711-2C_as_mni_average_305_t4_vox2vox.txt transforms/talairach.auto.xfm
avi2talxfm done
mv -f /out/sourcedata/freesurfer/sub-v1s12x0050122_ses-1/mri/talsrcimg_to_711-2C_as_mni_average_305_t4_vox2vox.txt /out/sourcedata/freesurfer/sub-v1s12x0050122_ses-1/mri/transforms/talsrcimg_to_711-2C_as_mni_average_305_t4_vox2vox.txt
lta_convert --src orig_nu.mgz --trg /opt/freesurfer/average/mni305.cor.mgz --inxfm transforms/talairach.auto.xfm --outlta transforms/talairach.auto.xfm.lta --subject fsaverage
7.3.2

--src: orig_nu.mgz src image (geometry).
--trg: /opt/freesurfer/average/mni305.cor.mgz trg image (geometry).
--inmni: transforms/talairach.auto.xfm input MNI/XFM transform.
--outlta: transforms/talairach.auto.xfm.lta output LTA.
--s: fsaverage subject name
 LTA read, type : 1
 1.16346  -0.03534   0.10151   11.09236;
-0.01092   0.96064   0.42439   1.88303;
-0.12970  -0.31672   1.07402   20.61649;
 0.00000   0.00000   0.00000   1.00000;
setting subject to fsaverage
Writing  LTA to file transforms/talairach.auto.xfm.lta...
lta_convert successful.
 
 
Started at Sun Mar 8 12:45:50 CET 2026
Ended   at Sun Mar  8 12:47:17 CET 2026
talairach_avi done
